38.0 APEX_CODE,FINEST;APEX_PROFILING,INFO;CALLOUT,INFO;DB,INFO;SYSTEM,DEBUG;VALIDATION,INFO;VISUALFORCE,INFO;WORKFLOW,INFO
12:47:58.0 (487570)|USER_INFO|[EXTERNAL]|00524000001e3Uj|bedrijfsbureau@gsa.nl.sandbox|Midden-Europese standaardtijd|GMT+01:00
12:47:58.0 (520852)|EXECUTION_STARTED
12:47:58.0 (524502)|CODE_UNIT_STARTED|[EXTERNAL]|VisualForce View State
12:47:58.0 (10815375)|HEAP_ALLOCATE|[72]|Bytes:3
12:47:58.0 (10860397)|HEAP_ALLOCATE|[77]|Bytes:152
12:47:58.0 (10875715)|HEAP_ALLOCATE|[342]|Bytes:408
12:47:58.0 (10896685)|HEAP_ALLOCATE|[355]|Bytes:408
12:47:58.0 (10911964)|HEAP_ALLOCATE|[467]|Bytes:48
12:47:58.0 (10938807)|HEAP_ALLOCATE|[139]|Bytes:6
12:47:58.0 (15251975)|CODE_UNIT_FINISHED|VisualForce View State
12:47:58.0 (16882942)|EXECUTION_FINISHED
12:47:59.219 (1219156327)|USER_INFO|[EXTERNAL]|00524000001e3Uj|bedrijfsbureau@gsa.nl.sandbox|Midden-Europese standaardtijd|GMT+01:00
12:47:59.266 (1266090617)|CUMULATIVE_LIMIT_USAGE
12:47:59.266 (1266090617)|LIMIT_USAGE_FOR_NS|(default)|
  Number of SOQL queries: 0 out of 100
  Number of query rows: 0 out of 50000
  Number of SOSL queries: 0 out of 20
  Number of DML statements: 0 out of 150
  Number of DML rows: 0 out of 10000
  Maximum CPU time: 0 out of 10000
  Maximum heap size: 0 out of 6000000
  Number of callouts: 0 out of 100
  Number of Email Invocations: 0 out of 10
  Number of future calls: 0 out of 50
  Number of queueable jobs added to the queue: 0 out of 50
  Number of Mobile Apex push calls: 0 out of 10

12:47:59.266 (1266090617)|CUMULATIVE_LIMIT_USAGE_END

