36.0 APEX_CODE,FINEST;APEX_PROFILING,INFO;CALLOUT,INFO;DB,INFO;SYSTEM,DEBUG;VALIDATION,INFO;VISUALFORCE,INFO;WORKFLOW,INFO
12:47:04.1 (1283268)|USER_INFO|[EXTERNAL]|00524000001e3Uj|bedrijfsbureau@gsa.nl.sandbox|Midden-Europese standaardtijd|GMT+01:00
12:47:04.1 (1320930)|EXECUTION_STARTED
12:47:04.1 (1324370)|CODE_UNIT_STARTED|[EXTERNAL]|01p2400000Cr5V8|MyProfilePageControllerTest.testSave
12:47:04.1 (2720736)|HEAP_ALLOCATE|[72]|Bytes:3
12:47:04.1 (2814681)|HEAP_ALLOCATE|[77]|Bytes:152
12:47:04.1 (2839898)|HEAP_ALLOCATE|[342]|Bytes:408
12:47:04.1 (2866859)|HEAP_ALLOCATE|[355]|Bytes:408
12:47:04.1 (2892881)|HEAP_ALLOCATE|[467]|Bytes:48
12:47:04.1 (2935345)|HEAP_ALLOCATE|[139]|Bytes:6
12:47:04.1 (2963435)|HEAP_ALLOCATE|[EXTERNAL]|Bytes:147
12:47:04.1 (3044439)|METHOD_ENTRY|[5]|01p2400000Cr5V8|MyProfilePageControllerTest.MyProfilePageControllerTest()
12:47:04.1 (3050710)|STATEMENT_EXECUTE|[5]
12:47:04.1 (3057468)|STATEMENT_EXECUTE|[5]
12:47:04.1 (3100080)|HEAP_ALLOCATE|[50]|Bytes:5
12:47:04.1 (3133489)|HEAP_ALLOCATE|[56]|Bytes:5
12:47:04.1 (3150478)|HEAP_ALLOCATE|[64]|Bytes:7
12:47:04.1 (4130672)|SYSTEM_MODE_ENTER|false
12:47:04.1 (4149570)|HEAP_ALLOCATE|[EXTERNAL]|Bytes:5
12:47:04.1 (4161317)|SYSTEM_MODE_EXIT|false
12:47:04.1 (4201695)|METHOD_EXIT|[5]|MyProfilePageControllerTest
12:47:04.1 (4265299)|SYSTEM_MODE_ENTER|false
12:47:04.1 (4272871)|HEAP_ALLOCATE|[19]|Bytes:5
12:47:04.1 (4277986)|STATEMENT_EXECUTE|[17]
12:47:04.1 (4280088)|STATEMENT_EXECUTE|[19]
12:47:04.1 (4285960)|HEAP_ALLOCATE|[19]|Bytes:102
12:47:04.1 (4300692)|HEAP_ALLOCATE|[19]|Bytes:4
12:47:04.1 (8014239)|SOQL_EXECUTE_BEGIN|[19]|Aggregations:0|SELECT id, profileId, userRoleId FROM User WHERE (UserRoleId != NULL AND UserType = 'CustomerSuccess')
12:47:04.1 (12586933)|SOQL_EXECUTE_END|[19]|Rows:0
12:47:04.1 (12627374)|HEAP_ALLOCATE|[19]|Bytes:4
12:47:04.1 (12645023)|HEAP_ALLOCATE|[19]|Bytes:0
12:47:04.1 (12802237)|HEAP_ALLOCATE|[19]|Bytes:4
12:47:04.1 (12828115)|VARIABLE_SCOPE_BEGIN|[19]|existingPortalUsers|List<User>|true|false
12:47:04.1 (12873453)|VARIABLE_ASSIGNMENT|[19]|existingPortalUsers|{"s":1,"v":[]}|0x79a99aee
12:47:04.1 (12984617)|STATEMENT_EXECUTE|[21]
12:47:04.1 (12988267)|STATEMENT_EXECUTE|[22]
12:47:04.1 (12996472)|HEAP_ALLOCATE|[22]|Bytes:141
12:47:04.1 (13010150)|HEAP_ALLOCATE|[22]|Bytes:4
12:47:04.1 (13024247)|HEAP_ALLOCATE|[22]|Bytes:7
12:47:04.1 (13075280)|HEAP_ALLOCATE|[23]|Bytes:85
12:47:04.1 (13094568)|SYSTEM_METHOD_ENTRY|[1]|UserInfo.UserInfo()
12:47:04.1 (13098232)|STATEMENT_EXECUTE|[1]
12:47:04.1 (13112591)|SYSTEM_METHOD_EXIT|[1]|UserInfo
12:47:04.1 (13130085)|METHOD_ENTRY|[23]||System.UserInfo.getUserId()
12:47:04.1 (13197543)|METHOD_EXIT|[23]||System.UserInfo.getUserId()
12:47:04.1 (13826530)|SOQL_EXECUTE_BEGIN|[22]|Aggregations:0|SELECT id, title, firstname, lastname, email, phone, mobilephone, fax, street, city, state, postalcode, country FROM User WHERE id = :tmpVar1
12:47:04.1 (18597451)|SOQL_EXECUTE_END|[22]|Rows:1
12:47:04.1 (18619295)|HEAP_ALLOCATE|[22]|Bytes:8
12:47:04.1 (18638274)|HEAP_ALLOCATE|[22]|Bytes:117
12:47:04.1 (18663847)|HEAP_ALLOCATE|[22]|Bytes:8
12:47:04.1 (18690154)|HEAP_ALLOCATE|[22]|Bytes:30
12:47:04.1 (18733727)|HEAP_ALLOCATE|[22]|Bytes:24
12:47:04.1 (18744363)|VARIABLE_SCOPE_BEGIN|[22]|currentUser|User|true|false
12:47:04.1 (18783187)|VARIABLE_ASSIGNMENT|[22]|currentUser|{"s":1,"v":{"Id":"00524000001e3UjAAI","FirstName":"Bedrijfs","LastName":"Bureau","Email":"gerwin.tromp@growtiv (7 more) ...","Country":"NL"}}|0x16c5ebdd
12:47:04.1 (18787613)|STATEMENT_EXECUTE|[24]
12:47:04.1 (22953401)|HEAP_ALLOCATE|[24]|Bytes:23
12:47:04.1 (22991956)|METHOD_ENTRY|[5]|01p2400000Cr5V7|MyProfilePageController.MyProfilePageController()
12:47:04.1 (22998843)|STATEMENT_EXECUTE|[5]
12:47:04.1 (23006664)|STATEMENT_EXECUTE|[5]
12:47:04.1 (23017826)|HEAP_ALLOCATE|[24]|Bytes:5
12:47:04.1 (23033158)|METHOD_EXIT|[5]|MyProfilePageController
12:47:04.1 (23055151)|HEAP_ALLOCATE|[24]|Bytes:12
12:47:04.1 (23076678)|CONSTRUCTOR_ENTRY|[24]|01p2400000Cr5V7|<init>()
12:47:04.1 (23129202)|VARIABLE_SCOPE_BEGIN|[14]|this|MyProfilePageController|true|false
12:47:04.1 (23187739)|VARIABLE_ASSIGNMENT|[14]|this|{}|0x8c5444f
12:47:04.1 (23203606)|HEAP_ALLOCATE|[8]|Bytes:5
12:47:04.1 (23209550)|STATEMENT_EXECUTE|[5]
12:47:04.1 (23214228)|HEAP_ALLOCATE|[8]|Bytes:5
12:47:04.1 (23217273)|STATEMENT_EXECUTE|[7]
12:47:04.1 (23219306)|STATEMENT_EXECUTE|[8]
12:47:04.1 (23224322)|HEAP_ALLOCATE|[8]|Bytes:5
12:47:04.1 (23269361)|VARIABLE_ASSIGNMENT|[8]|this.isEdit|false|0x8c5444f
12:47:04.1 (23288047)|HEAP_ALLOCATE|[8]|Bytes:6
12:47:04.1 (23324628)|STATEMENT_EXECUTE|[14]
12:47:04.1 (23327504)|STATEMENT_EXECUTE|[15]
12:47:04.1 (23332728)|HEAP_ALLOCATE|[15]|Bytes:255
12:47:04.1 (23344706)|HEAP_ALLOCATE|[15]|Bytes:4
12:47:04.1 (23368456)|METHOD_ENTRY|[18]||System.UserInfo.getUserId()
12:47:04.1 (23479220)|METHOD_EXIT|[18]||System.UserInfo.getUserId()
12:47:04.1 (26932280)|SOQL_EXECUTE_BEGIN|[15]|Aggregations:0|SELECT id, email, username, usertype, communitynickname, timezonesidkey, languagelocalekey, firstname, lastname, phone, title, street, city, country, postalcode, state, localesidkey, mobilephone, extension, fax, contact.email FROM User WHERE id = :tmpVar1
12:47:04.1 (35117073)|SOQL_EXECUTE_END|[15]|Rows:1
12:47:04.1 (35151482)|HEAP_ALLOCATE|[15]|Bytes:8
12:47:04.1 (35182310)|HEAP_ALLOCATE|[15]|Bytes:298
12:47:04.1 (35213875)|HEAP_ALLOCATE|[15]|Bytes:8
12:47:04.1 (35268590)|HEAP_ALLOCATE|[15]|Bytes:48
12:47:04.1 (35338617)|VARIABLE_ASSIGNMENT|[15]|this.user|{"s":1,"v":{"Id":"00524000001e3UjAAI","Email":"gerwin.tromp@growtiv (7 more) ...","Username":"bedrijfsbureau@gsa.n (9 more) ...","UserType":"Standard","CommunityNickname":"GSA Bedrijfsbureau","TimeZoneSidKey":"Europe/Amsterdam","LanguageLocaleKey":"en_US","FirstName":"Bedrijfs","LastName":"Bureau","Country":"NL","LocaleSidKey":"nl_NL"}}|0x8c5444f
12:47:04.1 (35387235)|HEAP_ALLOCATE|[20]|Bytes:5
12:47:04.1 (35426313)|STATEMENT_EXECUTE|[20]
12:47:04.1 (35444325)|CONSTRUCTOR_EXIT|[24]|01p2400000Cr5V7|<init>()
12:47:04.1 (35450884)|VARIABLE_SCOPE_BEGIN|[24]|controller|MyProfilePageController|true|false
12:47:04.1 (35481173)|VARIABLE_ASSIGNMENT|[24]|controller|{"isEdit":false,"user":"0x26cf8c4d"}|0x8c5444f
12:47:04.1 (35484833)|STATEMENT_EXECUTE|[25]
12:47:04.1 (35541920)|METHOD_ENTRY|[25]|01p2400000Cr5V7|MyProfilePageController.getUser()
12:47:04.1 (35580247)|VARIABLE_SCOPE_BEGIN|[10]|this|MyProfilePageController|true|false
12:47:04.1 (35598502)|VARIABLE_ASSIGNMENT|[10]|this|{"isEdit":false,"user":"0x26cf8c4d"}|0x8c5444f
12:47:04.1 (35623705)|HEAP_ALLOCATE|[11]|Bytes:5
12:47:04.1 (35627742)|STATEMENT_EXECUTE|[10]
12:47:04.1 (35629057)|STATEMENT_EXECUTE|[11]
12:47:04.1 (35639207)|METHOD_EXIT|[25]|01p2400000Cr5V7|MyProfilePageController.getUser()
12:47:04.1 (35649789)|HEAP_ALLOCATE|[25]|Bytes:42
12:47:04.1 (35682106)|STATEMENT_EXECUTE|[26]
12:47:04.1 (35691492)|METHOD_ENTRY|[26]|01p2400000Cr5V7|MyProfilePageController.getIsEdit()
12:47:04.1 (35707831)|VARIABLE_SCOPE_BEGIN|[25]|this|MyProfilePageController|true|false
12:47:04.1 (35725547)|VARIABLE_ASSIGNMENT|[25]|this|{"isEdit":false,"user":"0x26cf8c4d"}|0x8c5444f
12:47:04.1 (35739327)|HEAP_ALLOCATE|[26]|Bytes:5
12:47:04.1 (35743614)|STATEMENT_EXECUTE|[25]
12:47:04.1 (35745047)|STATEMENT_EXECUTE|[26]
12:47:04.1 (35754135)|METHOD_EXIT|[26]|01p2400000Cr5V7|MyProfilePageController.getIsEdit()
12:47:04.1 (35762614)|HEAP_ALLOCATE|[26]|Bytes:30
12:47:04.1 (35784510)|STATEMENT_EXECUTE|[27]
12:47:04.1 (35792252)|METHOD_ENTRY|[27]|01p2400000Cr5V7|MyProfilePageController.edit()
12:47:04.1 (35817937)|VARIABLE_SCOPE_BEGIN|[29]|this|MyProfilePageController|true|false
12:47:04.1 (35837310)|VARIABLE_ASSIGNMENT|[29]|this|{"isEdit":false,"user":"0x26cf8c4d"}|0x8c5444f
12:47:04.1 (35856128)|HEAP_ALLOCATE|[30]|Bytes:5
12:47:04.1 (35862202)|STATEMENT_EXECUTE|[29]
12:47:04.1 (35864332)|STATEMENT_EXECUTE|[30]
12:47:04.1 (35870592)|HEAP_ALLOCATE|[30]|Bytes:5
12:47:04.1 (35882432)|VARIABLE_ASSIGNMENT|[30]|this.isEdit|true|0x8c5444f
12:47:04.1 (35895448)|METHOD_EXIT|[27]|01p2400000Cr5V7|MyProfilePageController.edit()
12:47:04.1 (35899541)|STATEMENT_EXECUTE|[28]
12:47:04.1 (35907108)|METHOD_ENTRY|[28]|01p2400000Cr5V7|MyProfilePageController.getIsEdit()
12:47:04.1 (35922375)|VARIABLE_SCOPE_BEGIN|[25]|this|MyProfilePageController|true|false
12:47:04.1 (35940289)|VARIABLE_ASSIGNMENT|[25]|this|{"isEdit":true,"user":"0x26cf8c4d"}|0x8c5444f
12:47:04.1 (35952552)|HEAP_ALLOCATE|[26]|Bytes:5
12:47:04.1 (35955863)|STATEMENT_EXECUTE|[25]
12:47:04.1 (35956987)|STATEMENT_EXECUTE|[26]
12:47:04.1 (35964148)|METHOD_EXIT|[28]|01p2400000Cr5V7|MyProfilePageController.getIsEdit()
12:47:04.1 (35984124)|STATEMENT_EXECUTE|[29]
12:47:04.1 (35991662)|METHOD_ENTRY|[29]|01p2400000Cr5V7|MyProfilePageController.cancel()
12:47:04.1 (36012052)|VARIABLE_SCOPE_BEGIN|[53]|this|MyProfilePageController|true|false
12:47:04.1 (36029673)|VARIABLE_ASSIGNMENT|[53]|this|{"isEdit":true,"user":"0x26cf8c4d"}|0x8c5444f
12:47:04.1 (36042950)|HEAP_ALLOCATE|[54]|Bytes:5
12:47:04.1 (36046413)|STATEMENT_EXECUTE|[53]
12:47:04.1 (36047486)|STATEMENT_EXECUTE|[54]
12:47:04.1 (36050793)|HEAP_ALLOCATE|[54]|Bytes:5
12:47:04.1 (36057551)|VARIABLE_ASSIGNMENT|[54]|this.isEdit|false|0x8c5444f
12:47:04.1 (36059737)|STATEMENT_EXECUTE|[55]
12:47:04.1 (36062583)|HEAP_ALLOCATE|[55]|Bytes:245
12:47:04.1 (36071177)|HEAP_ALLOCATE|[55]|Bytes:4
12:47:04.1 (36086078)|METHOD_ENTRY|[58]||System.UserInfo.getUserId()
12:47:04.1 (36127102)|METHOD_EXIT|[58]||System.UserInfo.getUserId()
12:47:04.1 (36764885)|SOQL_EXECUTE_BEGIN|[55]|Aggregations:0|SELECT id, email, username, communitynickname, timezonesidkey, languagelocalekey, firstname, lastname, phone, title, street, city, country, postalcode, state, localesidkey, mobilephone, extension, fax, contact.email FROM User WHERE id = :tmpVar1
12:47:04.1 (45577415)|SOQL_EXECUTE_END|[55]|Rows:1
12:47:04.1 (45614760)|HEAP_ALLOCATE|[55]|Bytes:8
12:47:04.1 (45646415)|HEAP_ALLOCATE|[55]|Bytes:278
12:47:04.1 (45687090)|HEAP_ALLOCATE|[55]|Bytes:8
12:47:04.1 (45755571)|HEAP_ALLOCATE|[55]|Bytes:44
12:47:04.1 (45828742)|VARIABLE_ASSIGNMENT|[55]|this.user|{"s":1,"v":{"Id":"00524000001e3UjAAI","Email":"gerwin.tromp@growtiv (7 more) ...","Username":"bedrijfsbureau@gsa.n (9 more) ...","CommunityNickname":"GSA Bedrijfsbureau","TimeZoneSidKey":"Europe/Amsterdam","LanguageLocaleKey":"en_US","FirstName":"Bedrijfs","LastName":"Bureau","Country":"NL","LocaleSidKey":"nl_NL"}}|0x8c5444f
12:47:04.1 (45863155)|METHOD_EXIT|[29]|01p2400000Cr5V7|MyProfilePageController.cancel()
12:47:04.1 (45872315)|STATEMENT_EXECUTE|[30]
12:47:04.1 (45894783)|METHOD_ENTRY|[30]|01p2400000Cr5V7|MyProfilePageController.getIsEdit()
12:47:04.1 (45929526)|VARIABLE_SCOPE_BEGIN|[25]|this|MyProfilePageController|true|false
12:47:04.1 (45971137)|VARIABLE_ASSIGNMENT|[25]|this|{"isEdit":false,"user":"0x74580e08"}|0x8c5444f
12:47:04.1 (46002100)|HEAP_ALLOCATE|[26]|Bytes:5
12:47:04.1 (46009450)|STATEMENT_EXECUTE|[25]
12:47:04.1 (46011956)|STATEMENT_EXECUTE|[26]
12:47:04.1 (46024407)|METHOD_EXIT|[30]|01p2400000Cr5V7|MyProfilePageController.getIsEdit()
12:47:04.1 (46065381)|STATEMENT_EXECUTE|[32]
12:47:04.1 (46115889)|HEAP_ALLOCATE|[32]|Bytes:4
12:47:04.1 (46282391)|VARIABLE_SCOPE_BEGIN|[32]|c|Contact|true|false
12:47:04.1 (46302259)|VARIABLE_ASSIGNMENT|[32]|c|{}|0x2ada6695
12:47:04.1 (46306526)|STATEMENT_EXECUTE|[33]
12:47:04.1 (46313954)|HEAP_ALLOCATE|[33]|Bytes:11
12:47:04.1 (46420792)|VARIABLE_ASSIGNMENT|[33]|this.LastName|"TestContact"|0x2ada6695
12:47:04.1 (46425619)|STATEMENT_EXECUTE|[34]
12:47:04.1 (46468712)|HEAP_ALLOCATE|[34]|Bytes:8
12:47:04.1 (46477191)|DML_BEGIN|[34]|Op:Insert|Type:Contact|Rows:1
12:47:04.1 (46499545)|HEAP_ALLOCATE|[EXTERNAL]|Bytes:8
12:47:04.1 (117920815)|DML_END|[34]
12:47:04.1 (117950766)|STATEMENT_EXECUTE|[36]
12:47:04.1 (118024675)|VARIABLE_ASSIGNMENT|[36]|this.Title|null|0x2ada6695
12:47:04.1 (118029108)|STATEMENT_EXECUTE|[37]
12:47:04.1 (118078733)|VARIABLE_ASSIGNMENT|[37]|this.FirstName|"Bedrijfs"|0x2ada6695
12:47:04.1 (118081924)|STATEMENT_EXECUTE|[38]
12:47:04.1 (118137236)|VARIABLE_ASSIGNMENT|[38]|this.LastName|"Bureau"|0x2ada6695
12:47:04.1 (118142116)|STATEMENT_EXECUTE|[39]
12:47:04.1 (118212051)|VARIABLE_ASSIGNMENT|[39]|this.Email|"gerwin.tromp@growtiv (7 more) ..."|0x2ada6695
12:47:04.1 (118218098)|STATEMENT_EXECUTE|[40]
12:47:04.1 (118264337)|VARIABLE_ASSIGNMENT|[40]|this.Phone|null|0x2ada6695
12:47:04.1 (118268136)|STATEMENT_EXECUTE|[41]
12:47:04.1 (118311915)|VARIABLE_ASSIGNMENT|[41]|this.MobilePhone|null|0x2ada6695
12:47:04.1 (118316417)|STATEMENT_EXECUTE|[42]
12:47:04.1 (118360157)|VARIABLE_ASSIGNMENT|[42]|this.Fax|null|0x2ada6695
12:47:04.1 (118364212)|STATEMENT_EXECUTE|[43]
12:47:04.1 (118412338)|VARIABLE_ASSIGNMENT|[43]|this.MailingStreet|null|0x2ada6695
12:47:04.1 (118416438)|STATEMENT_EXECUTE|[44]
12:47:04.1 (118474644)|VARIABLE_ASSIGNMENT|[44]|this.MailingCity|null|0x2ada6695
12:47:04.1 (118479416)|STATEMENT_EXECUTE|[45]
12:47:04.1 (118525721)|VARIABLE_ASSIGNMENT|[45]|this.MailingState|null|0x2ada6695
12:47:04.1 (118529836)|STATEMENT_EXECUTE|[46]
12:47:04.1 (118575300)|VARIABLE_ASSIGNMENT|[46]|this.MailingPostalCode|null|0x2ada6695
12:47:04.1 (118579438)|STATEMENT_EXECUTE|[47]
12:47:04.1 (118646029)|VARIABLE_ASSIGNMENT|[47]|this.MailingCountry|"NL"|0x2ada6695
12:47:04.1 (118650491)|STATEMENT_EXECUTE|[48]
12:47:04.1 (118683544)|METHOD_ENTRY|[48]|01p2400000Cr5V7|MyProfilePageController.save()
12:47:04.1 (118739992)|VARIABLE_SCOPE_BEGIN|[33]|this|MyProfilePageController|true|false
12:47:04.1 (118782709)|VARIABLE_ASSIGNMENT|[33]|this|{"isEdit":false,"user":"0x74580e08"}|0x8c5444f
12:47:04.1 (118813879)|HEAP_ALLOCATE|[34]|Bytes:5
12:47:04.1 (118822277)|STATEMENT_EXECUTE|[33]
12:47:04.1 (118866846)|STATEMENT_EXECUTE|[34]
12:47:04.1 (118870326)|STATEMENT_EXECUTE|[38]
12:47:04.1 (118871805)|STATEMENT_EXECUTE|[38]
12:47:04.1 (118873168)|STATEMENT_EXECUTE|[39]
12:47:04.1 (118914546)|HEAP_ALLOCATE|[39]|Bytes:8
12:47:04.1 (118923216)|DML_BEGIN|[39]|Op:Update|Type:User|Rows:1
12:47:04.1 (118952154)|HEAP_ALLOCATE|[EXTERNAL]|Bytes:8
12:47:04.1 (220732635)|CODE_UNIT_STARTED|[EXTERNAL]|01q24000000PhJT|UserTrigger on User trigger event BeforeUpdate for [00524000001e3Uj]
12:47:04.1 (220815320)|HEAP_ALLOCATE|[EXTERNAL]|Bytes:8
12:47:04.1 (220847512)|HEAP_ALLOCATE|[EXTERNAL]|Bytes:8
12:47:04.1 (220984927)|HEAP_ALLOCATE|[EXTERNAL]|Bytes:4
12:47:04.1 (221004156)|VARIABLE_SCOPE_BEGIN|[1]|this|UserTrigger|true|false
12:47:04.1 (221051690)|VARIABLE_ASSIGNMENT|[1]|this|{}|0x4864d0e4
12:47:04.1 (221109970)|HEAP_ALLOCATE|[EXTERNAL]|Bytes:4
12:47:04.1 (221121774)|VARIABLE_SCOPE_BEGIN|[1]|this|UserTrigger|true|false
12:47:04.1 (221136508)|VARIABLE_ASSIGNMENT|[1]|this|{}|0x4864d0e4
12:47:04.1 (221143408)|STATEMENT_EXECUTE|[1]
12:47:04.1 (221145490)|STATEMENT_EXECUTE|[3]
12:47:04.1 (223504117)|HEAP_ALLOCATE|[3]|Bytes:2
12:47:04.1 (223550134)|METHOD_ENTRY|[1]|01p2400000Cr9rX|TriggerParams.TriggerParams()
12:47:04.1 (223555819)|STATEMENT_EXECUTE|[1]
12:47:04.1 (223561826)|STATEMENT_EXECUTE|[1]
12:47:04.1 (223580337)|HEAP_ALLOCATE|[3]|Bytes:5
12:47:04.1 (223598972)|METHOD_EXIT|[1]|TriggerParams
12:47:04.1 (223609754)|HEAP_ALLOCATE|[3]|Bytes:44
12:47:04.1 (223807158)|CONSTRUCTOR_ENTRY|[3]|01p2400000Cr9rX|<init>(Boolean,Boolean,Boolean,Boolean,Boolean,Boolean,List<SObject>,List<SObject>,Map<Id,SObject>,Map<Id,SObject>)
12:47:04.1 (223848426)|VARIABLE_SCOPE_BEGIN|[13]|this|TriggerParams|true|false
12:47:04.1 (223887490)|VARIABLE_ASSIGNMENT|[13]|this|{}|0x1006f172
12:47:04.1 (223896186)|VARIABLE_SCOPE_BEGIN|[13]|isBefore|Boolean|false|false
12:47:04.1 (223904060)|VARIABLE_ASSIGNMENT|[13]|isBefore|true
12:47:04.1 (223908903)|VARIABLE_SCOPE_BEGIN|[13]|isAfter|Boolean|false|false
12:47:04.1 (223913873)|VARIABLE_ASSIGNMENT|[13]|isAfter|false
12:47:04.1 (223918487)|VARIABLE_SCOPE_BEGIN|[13]|isInsert|Boolean|false|false
12:47:04.1 (223923385)|VARIABLE_ASSIGNMENT|[13]|isInsert|false
12:47:04.1 (223927877)|VARIABLE_SCOPE_BEGIN|[13]|isUpdate|Boolean|false|false
12:47:04.1 (223932552)|VARIABLE_ASSIGNMENT|[13]|isUpdate|true
12:47:04.1 (223936689)|VARIABLE_SCOPE_BEGIN|[13]|isDelete|Boolean|false|false
12:47:04.1 (223940703)|VARIABLE_ASSIGNMENT|[13]|isDelete|false
12:47:04.1 (223944286)|VARIABLE_SCOPE_BEGIN|[13]|isUndelete|Boolean|false|false
12:47:04.1 (223948880)|VARIABLE_ASSIGNMENT|[13]|isUndelete|false
12:47:04.1 (223951732)|VARIABLE_SCOPE_BEGIN|[13]|triggerNew|List<SObject>|true|false
12:47:04.1 (226775492)|VARIABLE_ASSIGNMENT|[13]|triggerNew|{"s":1,"v":[{"ProfileId":"00e240000016RjAAAU","LastModifiedDate":"2016-12-07T11:34:08.000Z","ReceivesAdminInfoEma (3 more) ...":true,"Email":"gerwin.tromp@growtiv (7 more) ...","IsBadged":false,"TimeZoneSidKey":"Europe/Amsterdam","LanguageLocaleKey":"en_US","UserRoleId":"00E24000000MLU5EAO","IsActive":true,"LastLoginDate":"2016-12-07T08:40:34.000Z","ForecastEnabled":false,"DigestFrequency":"D","CompanyName":"GSA","CommunityNickname":"GSA Bedrijfsbureau","CreatedById":"00524000001e3T5AAI","LastPasswordChangeDa (2 more) ...":"2016-11-17T08:32:25.000Z","LocaleSidKey":"nl_NL","FirstName":"Bedrijfs","EmailEncodingKey":"ISO-8859-1","ReceivesInfoEmails":false,"SystemModstamp":"2016-12-07T11:34:08.000Z","IsPortalEnabled":false,"Username":"bedrijfsbureau@gsa.n (9 more) ...","Alias":"BBGSA","DefaultGroupNotifica (13 more) ...":"N","CreatedDate":"2015-10-12T08:15:46.000Z","Country":"NL","LastName":"Bureau","TIMBASURVEYS__remind (15 more) ...":0,"Id":"00524000001e3UjAAI","UserType":"Standard","LastModifiedById":"00524000001e3UjAAI"}]}|0x7e0be066
12:47:04.1 (226790037)|VARIABLE_SCOPE_BEGIN|[13]|triggerOld|List<SObject>|true|false
12:47:04.1 (227410636)|VARIABLE_ASSIGNMENT|[13]|triggerOld|{"s":1,"v":[{"ProfileId":"00e240000016RjAAAU","LastModifiedDate":"2016-12-07T11:34:08.000Z","ReceivesAdminInfoEma (3 more) ...":true,"Email":"gerwin.tromp@growtiv (7 more) ...","IsBadged":false,"TimeZoneSidKey":"Europe/Amsterdam","LanguageLocaleKey":"en_US","UserRoleId":"00E24000000MLU5EAO","IsActive":true,"LastLoginDate":"2016-12-07T08:40:34.000Z","ForecastEnabled":false,"DigestFrequency":"D","CompanyName":"GSA","CommunityNickname":"GSA Bedrijfsbureau","CreatedById":"00524000001e3T5AAI","LastPasswordChangeDa (2 more) ...":"2016-11-17T08:32:25.000Z","LocaleSidKey":"nl_NL","FirstName":"Bedrijfs","EmailEncodingKey":"ISO-8859-1","ReceivesInfoEmails":false,"SystemModstamp":"2016-12-07T11:34:08.000Z","IsPortalEnabled":false,"Username":"bedrijfsbureau@gsa.n (9 more) ...","Alias":"BBGSA","DefaultGroupNotifica (13 more) ...":"N","CreatedDate":"2015-10-12T08:15:46.000Z","Country":"NL","LastName":"Bureau","TIMBASURVEYS__remind (15 more) ...":0,"Id":"00524000001e3UjAAI","UserType":"Standard","LastModifiedById":"00524000001e3UjAAI"}]}|0x4500632b
12:47:04.1 (227420734)|VARIABLE_SCOPE_BEGIN|[13]|newMap|Map<Id,SObject>|true|false
12:47:04.1 (227878236)|VARIABLE_ASSIGNMENT|[13]|newMap|{"s":1,"v":{"00524000001e3UjAAI":{"ProfileId":"00e240000016RjAAAU","LastModifiedDate":"2016-12-07T11:34:08.000Z","ReceivesAdminInfoEma (3 more) ...":true,"Email":"gerwin.tromp@growtiv (7 more) ...","IsBadged":false,"TimeZoneSidKey":"Europe/Amsterdam","LanguageLocaleKey":"en_US","UserRoleId":"00E24000000MLU5EAO","IsActive":true,"LastLoginDate":"2016-12-07T08:40:34.000Z","ForecastEnabled":false,"DigestFrequency":"D","CompanyName":"GSA","CommunityNickname":"GSA Bedrijfsbureau","CreatedById":"00524000001e3T5AAI","LastPasswordChangeDa (2 more) ...":"2016-11-17T08:32:25.000Z","LocaleSidKey":"nl_NL","FirstName":"Bedrijfs","EmailEncodingKey":"ISO-8859-1","ReceivesInfoEmails":false,"SystemModstamp":"2016-12-07T11:34:08.000Z","IsPortalEnabled":false,"Username":"bedrijfsbureau@gsa.n (9 more) ...","Alias":"BBGSA","DefaultGroupNotifica (13 more) ...":"N","CreatedDate":"2015-10-12T08:15:46.000Z","Country":"NL","LastName":"Bureau","TIMBASURVEYS__remind (15 more) ...":0,"Id":"00524000001e3UjAAI","UserType":"Standard","LastModifiedById":"00524000001e3UjAAI"}}}|0x64a9a33d
12:47:04.1 (227887548)|VARIABLE_SCOPE_BEGIN|[13]|oldMap|Map<Id,SObject>|true|false
12:47:04.1 (228372195)|VARIABLE_ASSIGNMENT|[13]|oldMap|{"s":1,"v":{"00524000001e3UjAAI":{"ProfileId":"00e240000016RjAAAU","LastModifiedDate":"2016-12-07T11:34:08.000Z","ReceivesAdminInfoEma (3 more) ...":true,"Email":"gerwin.tromp@growtiv (7 more) ...","IsBadged":false,"TimeZoneSidKey":"Europe/Amsterdam","LanguageLocaleKey":"en_US","UserRoleId":"00E24000000MLU5EAO","IsActive":true,"LastLoginDate":"2016-12-07T08:40:34.000Z","ForecastEnabled":false,"DigestFrequency":"D","CompanyName":"GSA","CommunityNickname":"GSA Bedrijfsbureau","CreatedById":"00524000001e3T5AAI","LastPasswordChangeDa (2 more) ...":"2016-11-17T08:32:25.000Z","LocaleSidKey":"nl_NL","FirstName":"Bedrijfs","EmailEncodingKey":"ISO-8859-1","ReceivesInfoEmails":false,"SystemModstamp":"2016-12-07T11:34:08.000Z","IsPortalEnabled":false,"Username":"bedrijfsbureau@gsa.n (9 more) ...","Alias":"BBGSA","DefaultGroupNotifica (13 more) ...":"N","CreatedDate":"2015-10-12T08:15:46.000Z","Country":"NL","LastName":"Bureau","TIMBASURVEYS__remind (15 more) ...":0,"Id":"00524000001e3UjAAI","UserType":"Standard","LastModifiedById":"00524000001e3UjAAI"}}}|0x236678f4
12:47:04.1 (228394278)|HEAP_ALLOCATE|[16]|Bytes:5
12:47:04.1 (228401636)|STATEMENT_EXECUTE|[1]
12:47:04.1 (228404415)|HEAP_ALLOCATE|[16]|Bytes:5
12:47:04.1 (228406257)|STATEMENT_EXECUTE|[2]
12:47:04.1 (228407941)|STATEMENT_EXECUTE|[3]
12:47:04.1 (228409049)|STATEMENT_EXECUTE|[4]
12:47:04.1 (228409908)|STATEMENT_EXECUTE|[5]
12:47:04.1 (228410862)|STATEMENT_EXECUTE|[6]
12:47:04.1 (228412145)|STATEMENT_EXECUTE|[7]
12:47:04.1 (228413232)|STATEMENT_EXECUTE|[8]
12:47:04.1 (228414199)|STATEMENT_EXECUTE|[9]
12:47:04.1 (228415176)|STATEMENT_EXECUTE|[10]
12:47:04.1 (228416189)|STATEMENT_EXECUTE|[11]
12:47:04.1 (228445556)|STATEMENT_EXECUTE|[15]
12:47:04.1 (228447355)|STATEMENT_EXECUTE|[16]
12:47:04.1 (228452158)|HEAP_ALLOCATE|[16]|Bytes:5
12:47:04.1 (228463817)|VARIABLE_ASSIGNMENT|[16]|this.isBefore|true|0x1006f172
12:47:04.1 (228465761)|STATEMENT_EXECUTE|[17]
12:47:04.1 (228468307)|HEAP_ALLOCATE|[17]|Bytes:5
12:47:04.1 (228472656)|VARIABLE_ASSIGNMENT|[17]|this.isAfter|false|0x1006f172
12:47:04.1 (228474370)|STATEMENT_EXECUTE|[18]
12:47:04.1 (228476781)|HEAP_ALLOCATE|[18]|Bytes:5
12:47:04.1 (228481160)|VARIABLE_ASSIGNMENT|[18]|this.isInsert|false|0x1006f172
12:47:04.1 (228482775)|STATEMENT_EXECUTE|[19]
12:47:04.1 (228485066)|HEAP_ALLOCATE|[19]|Bytes:5
12:47:04.1 (228489720)|VARIABLE_ASSIGNMENT|[19]|this.isUpdate|true|0x1006f172
12:47:04.1 (228491170)|STATEMENT_EXECUTE|[20]
12:47:04.1 (228494099)|HEAP_ALLOCATE|[20]|Bytes:5
12:47:04.1 (228498235)|VARIABLE_ASSIGNMENT|[20]|this.isDelete|false|0x1006f172
12:47:04.1 (228499758)|STATEMENT_EXECUTE|[21]
12:47:04.1 (228502176)|HEAP_ALLOCATE|[21]|Bytes:5
12:47:04.1 (228506347)|VARIABLE_ASSIGNMENT|[21]|this.isUndelete|false|0x1006f172
12:47:04.1 (228508000)|STATEMENT_EXECUTE|[22]
12:47:04.1 (228965441)|VARIABLE_ASSIGNMENT|[22]|this.triggerNew|{"s":1,"v":[{"ProfileId":"00e240000016RjAAAU","LastModifiedDate":"2016-12-07T11:34:08.000Z","ReceivesAdminInfoEma (3 more) ...":true,"Email":"gerwin.tromp@growtiv (7 more) ...","IsBadged":false,"TimeZoneSidKey":"Europe/Amsterdam","LanguageLocaleKey":"en_US","UserRoleId":"00E24000000MLU5EAO","IsActive":true,"LastLoginDate":"2016-12-07T08:40:34.000Z","ForecastEnabled":false,"DigestFrequency":"D","CompanyName":"GSA","CommunityNickname":"GSA Bedrijfsbureau","CreatedById":"00524000001e3T5AAI","LastPasswordChangeDa (2 more) ...":"2016-11-17T08:32:25.000Z","LocaleSidKey":"nl_NL","FirstName":"Bedrijfs","EmailEncodingKey":"ISO-8859-1","ReceivesInfoEmails":false,"SystemModstamp":"2016-12-07T11:34:08.000Z","IsPortalEnabled":false,"Username":"bedrijfsbureau@gsa.n (9 more) ...","Alias":"BBGSA","DefaultGroupNotifica (13 more) ...":"N","CreatedDate":"2015-10-12T08:15:46.000Z","Country":"NL","LastName":"Bureau","TIMBASURVEYS__remind (15 more) ...":0,"Id":"00524000001e3UjAAI","UserType":"Standard","LastModifiedById":"00524000001e3UjAAI"}]}|0x1006f172
12:47:04.1 (228973956)|STATEMENT_EXECUTE|[23]
12:47:04.1 (229416032)|VARIABLE_ASSIGNMENT|[23]|this.triggerOld|{"s":1,"v":[{"ProfileId":"00e240000016RjAAAU","LastModifiedDate":"2016-12-07T11:34:08.000Z","ReceivesAdminInfoEma (3 more) ...":true,"Email":"gerwin.tromp@growtiv (7 more) ...","IsBadged":false,"TimeZoneSidKey":"Europe/Amsterdam","LanguageLocaleKey":"en_US","UserRoleId":"00E24000000MLU5EAO","IsActive":true,"LastLoginDate":"2016-12-07T08:40:34.000Z","ForecastEnabled":false,"DigestFrequency":"D","CompanyName":"GSA","CommunityNickname":"GSA Bedrijfsbureau","CreatedById":"00524000001e3T5AAI","LastPasswordChangeDa (2 more) ...":"2016-11-17T08:32:25.000Z","LocaleSidKey":"nl_NL","FirstName":"Bedrijfs","EmailEncodingKey":"ISO-8859-1","ReceivesInfoEmails":false,"SystemModstamp":"2016-12-07T11:34:08.000Z","IsPortalEnabled":false,"Username":"bedrijfsbureau@gsa.n (9 more) ...","Alias":"BBGSA","DefaultGroupNotifica (13 more) ...":"N","CreatedDate":"2015-10-12T08:15:46.000Z","Country":"NL","LastName":"Bureau","TIMBASURVEYS__remind (15 more) ...":0,"Id":"00524000001e3UjAAI","UserType":"Standard","LastModifiedById":"00524000001e3UjAAI"}]}|0x1006f172
12:47:04.1 (229437809)|STATEMENT_EXECUTE|[24]
12:47:04.1 (229902789)|VARIABLE_ASSIGNMENT|[24]|this.newMap|{"s":1,"v":{"00524000001e3UjAAI":{"ProfileId":"00e240000016RjAAAU","LastModifiedDate":"2016-12-07T11:34:08.000Z","ReceivesAdminInfoEma (3 more) ...":true,"Email":"gerwin.tromp@growtiv (7 more) ...","IsBadged":false,"TimeZoneSidKey":"Europe/Amsterdam","LanguageLocaleKey":"en_US","UserRoleId":"00E24000000MLU5EAO","IsActive":true,"LastLoginDate":"2016-12-07T08:40:34.000Z","ForecastEnabled":false,"DigestFrequency":"D","CompanyName":"GSA","CommunityNickname":"GSA Bedrijfsbureau","CreatedById":"00524000001e3T5AAI","LastPasswordChangeDa (2 more) ...":"2016-11-17T08:32:25.000Z","LocaleSidKey":"nl_NL","FirstName":"Bedrijfs","EmailEncodingKey":"ISO-8859-1","ReceivesInfoEmails":false,"SystemModstamp":"2016-12-07T11:34:08.000Z","IsPortalEnabled":false,"Username":"bedrijfsbureau@gsa.n (9 more) ...","Alias":"BBGSA","DefaultGroupNotifica (13 more) ...":"N","CreatedDate":"2015-10-12T08:15:46.000Z","Country":"NL","LastName":"Bureau","TIMBASURVEYS__remind (15 more) ...":0,"Id":"00524000001e3UjAAI","UserType":"Standard","LastModifiedById":"00524000001e3UjAAI"}}}|0x1006f172
12:47:04.1 (229911294)|STATEMENT_EXECUTE|[25]
12:47:04.1 (230350684)|VARIABLE_ASSIGNMENT|[25]|this.oldMap|{"s":1,"v":{"00524000001e3UjAAI":{"ProfileId":"00e240000016RjAAAU","LastModifiedDate":"2016-12-07T11:34:08.000Z","ReceivesAdminInfoEma (3 more) ...":true,"Email":"gerwin.tromp@growtiv (7 more) ...","IsBadged":false,"TimeZoneSidKey":"Europe/Amsterdam","LanguageLocaleKey":"en_US","UserRoleId":"00E24000000MLU5EAO","IsActive":true,"LastLoginDate":"2016-12-07T08:40:34.000Z","ForecastEnabled":false,"DigestFrequency":"D","CompanyName":"GSA","CommunityNickname":"GSA Bedrijfsbureau","CreatedById":"00524000001e3T5AAI","LastPasswordChangeDa (2 more) ...":"2016-11-17T08:32:25.000Z","LocaleSidKey":"nl_NL","FirstName":"Bedrijfs","EmailEncodingKey":"ISO-8859-1","ReceivesInfoEmails":false,"SystemModstamp":"2016-12-07T11:34:08.000Z","IsPortalEnabled":false,"Username":"bedrijfsbureau@gsa.n (9 more) ...","Alias":"BBGSA","DefaultGroupNotifica (13 more) ...":"N","CreatedDate":"2015-10-12T08:15:46.000Z","Country":"NL","LastName":"Bureau","TIMBASURVEYS__remind (15 more) ...":0,"Id":"00524000001e3UjAAI","UserType":"Standard","LastModifiedById":"00524000001e3UjAAI"}}}|0x1006f172
12:47:04.1 (230386199)|CONSTRUCTOR_EXIT|[3]|01p2400000Cr9rX|<init>(Boolean,Boolean,Boolean,Boolean,Boolean,Boolean,List<SObject>,List<SObject>,Map<Id,SObject>,Map<Id,SObject>)
12:47:04.1 (234371598)|HEAP_ALLOCATE|[3]|Bytes:4
12:47:04.1 (234386976)|HEAP_ALLOCATE|[3]|Bytes:69
12:47:04.1 (234410561)|METHOD_ENTRY|[1]|01p2400000DMxSj|UserUtil.UserUtil()
12:47:04.1 (234413721)|STATEMENT_EXECUTE|[1]
12:47:04.1 (234419798)|STATEMENT_EXECUTE|[1]
12:47:04.1 (235608827)|SYSTEM_MODE_ENTER|false
12:47:04.1 (235622020)|HEAP_ALLOCATE|[3]|Bytes:5
12:47:04.1 (235629820)|SYSTEM_MODE_EXIT|false
12:47:04.1 (235641063)|METHOD_EXIT|[1]|UserUtil
12:47:04.1 (235680027)|METHOD_ENTRY|[3]|01p2400000DMxSj|UserUtil.entry(TriggerParams)
12:47:04.1 (235691805)|VARIABLE_SCOPE_BEGIN|[2]|triggerParams|TriggerParams|true|false
12:47:04.1 (235743156)|VARIABLE_ASSIGNMENT|[2]|triggerParams|{"isAfter":false,"isBefore":true,"isDelete":false,"isInsert":false,"isUndelete":false,"isUpdate":true,"newMap":"0x64a9a33d","oldMap":"0x236678f4","triggerNew":"0x7e0be066","triggerOld":"0x4500632b"}|0x1006f172
12:47:04.1 (235770789)|SYSTEM_MODE_ENTER|false
12:47:04.1 (235776050)|HEAP_ALLOCATE|[3]|Bytes:5
12:47:04.1 (235781654)|STATEMENT_EXECUTE|[2]
12:47:04.1 (235782879)|STATEMENT_EXECUTE|[3]
12:47:04.1 (235794454)|VARIABLE_SCOPE_BEGIN|[3]|triggerNew|List<User>|true|false
12:47:04.1 (237113760)|VARIABLE_ASSIGNMENT|[3]|triggerNew|{"s":1,"v":[{"ProfileId":"00e240000016RjAAAU","LastModifiedDate":"2016-12-07T11:34:08.000Z","ReceivesAdminInfoEma (3 more) ...":true,"Email":"gerwin.tromp@growtiv (7 more) ...","IsBadged":false,"TimeZoneSidKey":"Europe/Amsterdam","LanguageLocaleKey":"en_US","UserRoleId":"00E24000000MLU5EAO","IsActive":true,"LastLoginDate":"2016-12-07T08:40:34.000Z","ForecastEnabled":false,"DigestFrequency":"D","CompanyName":"GSA","CommunityNickname":"GSA Bedrijfsbureau","CreatedById":"00524000001e3T5AAI","LastPasswordChangeDa (2 more) ...":"2016-11-17T08:32:25.000Z","LocaleSidKey":"nl_NL","FirstName":"Bedrijfs","EmailEncodingKey":"ISO-8859-1","ReceivesInfoEmails":false,"SystemModstamp":"2016-12-07T11:34:08.000Z","IsPortalEnabled":false,"Username":"bedrijfsbureau@gsa.n (9 more) ...","Alias":"BBGSA","DefaultGroupNotifica (13 more) ...":"N","CreatedDate":"2015-10-12T08:15:46.000Z","Country":"NL","LastName":"Bureau","TIMBASURVEYS__remind (15 more) ...":0,"Id":"00524000001e3UjAAI","UserType":"Standard","LastModifiedById":"00524000001e3UjAAI"}]}|0x7e0be066
12:47:04.1 (237123646)|STATEMENT_EXECUTE|[4]
12:47:04.1 (237134160)|VARIABLE_SCOPE_BEGIN|[4]|triggerOld|List<User>|true|false
12:47:04.1 (237615593)|VARIABLE_ASSIGNMENT|[4]|triggerOld|{"s":1,"v":[{"ProfileId":"00e240000016RjAAAU","LastModifiedDate":"2016-12-07T11:34:08.000Z","ReceivesAdminInfoEma (3 more) ...":true,"Email":"gerwin.tromp@growtiv (7 more) ...","IsBadged":false,"TimeZoneSidKey":"Europe/Amsterdam","LanguageLocaleKey":"en_US","UserRoleId":"00E24000000MLU5EAO","IsActive":true,"LastLoginDate":"2016-12-07T08:40:34.000Z","ForecastEnabled":false,"DigestFrequency":"D","CompanyName":"GSA","CommunityNickname":"GSA Bedrijfsbureau","CreatedById":"00524000001e3T5AAI","LastPasswordChangeDa (2 more) ...":"2016-11-17T08:32:25.000Z","LocaleSidKey":"nl_NL","FirstName":"Bedrijfs","EmailEncodingKey":"ISO-8859-1","ReceivesInfoEmails":false,"SystemModstamp":"2016-12-07T11:34:08.000Z","IsPortalEnabled":false,"Username":"bedrijfsbureau@gsa.n (9 more) ...","Alias":"BBGSA","DefaultGroupNotifica (13 more) ...":"N","CreatedDate":"2015-10-12T08:15:46.000Z","Country":"NL","LastName":"Bureau","TIMBASURVEYS__remind (15 more) ...":0,"Id":"00524000001e3UjAAI","UserType":"Standard","LastModifiedById":"00524000001e3UjAAI"}]}|0x4500632b
12:47:04.1 (237626632)|STATEMENT_EXECUTE|[5]
12:47:04.1 (237643964)|VARIABLE_SCOPE_BEGIN|[5]|oldMap|Map<Id,User>|true|false
12:47:04.1 (238122804)|VARIABLE_ASSIGNMENT|[5]|oldMap|{"s":1,"v":{"00524000001e3UjAAI":{"ProfileId":"00e240000016RjAAAU","LastModifiedDate":"2016-12-07T11:34:08.000Z","ReceivesAdminInfoEma (3 more) ...":true,"Email":"gerwin.tromp@growtiv (7 more) ...","IsBadged":false,"TimeZoneSidKey":"Europe/Amsterdam","LanguageLocaleKey":"en_US","UserRoleId":"00E24000000MLU5EAO","IsActive":true,"LastLoginDate":"2016-12-07T08:40:34.000Z","ForecastEnabled":false,"DigestFrequency":"D","CompanyName":"GSA","CommunityNickname":"GSA Bedrijfsbureau","CreatedById":"00524000001e3T5AAI","LastPasswordChangeDa (2 more) ...":"2016-11-17T08:32:25.000Z","LocaleSidKey":"nl_NL","FirstName":"Bedrijfs","EmailEncodingKey":"ISO-8859-1","ReceivesInfoEmails":false,"SystemModstamp":"2016-12-07T11:34:08.000Z","IsPortalEnabled":false,"Username":"bedrijfsbureau@gsa.n (9 more) ...","Alias":"BBGSA","DefaultGroupNotifica (13 more) ...":"N","CreatedDate":"2015-10-12T08:15:46.000Z","Country":"NL","LastName":"Bureau","TIMBASURVEYS__remind (15 more) ...":0,"Id":"00524000001e3UjAAI","UserType":"Standard","LastModifiedById":"00524000001e3UjAAI"}}}|0x236678f4
12:47:04.1 (238131703)|STATEMENT_EXECUTE|[6]
12:47:04.1 (238141121)|VARIABLE_SCOPE_BEGIN|[6]|newMap|Map<Id,User>|true|false
12:47:04.1 (238656019)|VARIABLE_ASSIGNMENT|[6]|newMap|{"s":1,"v":{"00524000001e3UjAAI":{"ProfileId":"00e240000016RjAAAU","LastModifiedDate":"2016-12-07T11:34:08.000Z","ReceivesAdminInfoEma (3 more) ...":true,"Email":"gerwin.tromp@growtiv (7 more) ...","IsBadged":false,"TimeZoneSidKey":"Europe/Amsterdam","LanguageLocaleKey":"en_US","UserRoleId":"00E24000000MLU5EAO","IsActive":true,"LastLoginDate":"2016-12-07T08:40:34.000Z","ForecastEnabled":false,"DigestFrequency":"D","CompanyName":"GSA","CommunityNickname":"GSA Bedrijfsbureau","CreatedById":"00524000001e3T5AAI","LastPasswordChangeDa (2 more) ...":"2016-11-17T08:32:25.000Z","LocaleSidKey":"nl_NL","FirstName":"Bedrijfs","EmailEncodingKey":"ISO-8859-1","ReceivesInfoEmails":false,"SystemModstamp":"2016-12-07T11:34:08.000Z","IsPortalEnabled":false,"Username":"bedrijfsbureau@gsa.n (9 more) ...","Alias":"BBGSA","DefaultGroupNotifica (13 more) ...":"N","CreatedDate":"2015-10-12T08:15:46.000Z","Country":"NL","LastName":"Bureau","TIMBASURVEYS__remind (15 more) ...":0,"Id":"00524000001e3UjAAI","UserType":"Standard","LastModifiedById":"00524000001e3UjAAI"}}}|0x64a9a33d
12:47:04.1 (238671872)|STATEMENT_EXECUTE|[9]
12:47:04.1 (238677175)|SYSTEM_MODE_EXIT|false
12:47:04.1 (238691977)|METHOD_EXIT|[3]|01p2400000DMxSj|UserUtil.entry(TriggerParams)
12:47:04.238 (238706815)|CUMULATIVE_LIMIT_USAGE
12:47:04.238 (238706815)|LIMIT_USAGE_FOR_NS|(default)|
  Number of SOQL queries: 4 out of 100
  Number of query rows: 3 out of 50000
  Number of SOSL queries: 0 out of 20
  Number of DML statements: 2 out of 150
  Number of DML rows: 2 out of 10000
  Maximum CPU time: 0 out of 10000
  Maximum heap size: 0 out of 6000000
  Number of callouts: 0 out of 100
  Number of Email Invocations: 0 out of 10
  Number of future calls: 0 out of 50
  Number of queueable jobs added to the queue: 0 out of 50
  Number of Mobile Apex push calls: 0 out of 10

12:47:04.238 (238706815)|CUMULATIVE_LIMIT_USAGE_END

12:47:04.1 (240923507)|CODE_UNIT_FINISHED|UserTrigger on User trigger event BeforeUpdate for [00524000001e3Uj]
12:47:04.1 (320737903)|CODE_UNIT_STARTED|[EXTERNAL]|01q24000000PhJT|UserTrigger on User trigger event AfterUpdate for [00524000001e3Uj]
12:47:04.1 (320776414)|HEAP_ALLOCATE|[EXTERNAL]|Bytes:8
12:47:04.1 (320806989)|HEAP_ALLOCATE|[EXTERNAL]|Bytes:8
12:47:04.1 (320872307)|HEAP_ALLOCATE|[EXTERNAL]|Bytes:4
12:47:04.1 (320884444)|VARIABLE_SCOPE_BEGIN|[1]|this|UserTrigger|true|false
12:47:04.1 (320920642)|VARIABLE_ASSIGNMENT|[1]|this|{}|0x38b66d7c
12:47:04.1 (320950758)|HEAP_ALLOCATE|[EXTERNAL]|Bytes:4
12:47:04.1 (320960243)|VARIABLE_SCOPE_BEGIN|[1]|this|UserTrigger|true|false
12:47:04.1 (320975416)|VARIABLE_ASSIGNMENT|[1]|this|{}|0x38b66d7c
12:47:04.1 (320982084)|STATEMENT_EXECUTE|[1]
12:47:04.1 (320984704)|STATEMENT_EXECUTE|[3]
12:47:04.1 (320993435)|HEAP_ALLOCATE|[3]|Bytes:44
12:47:04.1 (321090869)|CONSTRUCTOR_ENTRY|[3]|01p2400000Cr9rX|<init>(Boolean,Boolean,Boolean,Boolean,Boolean,Boolean,List<SObject>,List<SObject>,Map<Id,SObject>,Map<Id,SObject>)
12:47:04.1 (321103019)|VARIABLE_SCOPE_BEGIN|[13]|this|TriggerParams|true|false
12:47:04.1 (321134597)|VARIABLE_ASSIGNMENT|[13]|this|{}|0x50bc117b
12:47:04.1 (321143466)|VARIABLE_SCOPE_BEGIN|[13]|isBefore|Boolean|false|false
12:47:04.1 (321150943)|VARIABLE_ASSIGNMENT|[13]|isBefore|false
12:47:04.1 (321155963)|VARIABLE_SCOPE_BEGIN|[13]|isAfter|Boolean|false|false
12:47:04.1 (321160321)|VARIABLE_ASSIGNMENT|[13]|isAfter|true
12:47:04.1 (321163829)|VARIABLE_SCOPE_BEGIN|[13]|isInsert|Boolean|false|false
12:47:04.1 (321168189)|VARIABLE_ASSIGNMENT|[13]|isInsert|false
12:47:04.1 (321171844)|VARIABLE_SCOPE_BEGIN|[13]|isUpdate|Boolean|false|false
12:47:04.1 (321175421)|VARIABLE_ASSIGNMENT|[13]|isUpdate|true
12:47:04.1 (321178920)|VARIABLE_SCOPE_BEGIN|[13]|isDelete|Boolean|false|false
12:47:04.1 (321183189)|VARIABLE_ASSIGNMENT|[13]|isDelete|false
12:47:04.1 (321186993)|VARIABLE_SCOPE_BEGIN|[13]|isUndelete|Boolean|false|false
12:47:04.1 (321191319)|VARIABLE_ASSIGNMENT|[13]|isUndelete|false
12:47:04.1 (321193721)|VARIABLE_SCOPE_BEGIN|[13]|triggerNew|List<SObject>|true|false
12:47:04.1 (322745802)|VARIABLE_ASSIGNMENT|[13]|triggerNew|{"s":1,"v":[{"ProfileId":"00e240000016RjAAAU","LastModifiedDate":"2016-12-07T11:47:04.000Z","ReceivesAdminInfoEma (3 more) ...":true,"Email":"gerwin.tromp@growtiv (7 more) ...","IsBadged":false,"TimeZoneSidKey":"Europe/Amsterdam","LanguageLocaleKey":"en_US","UserRoleId":"00E24000000MLU5EAO","IsActive":true,"LastLoginDate":"2016-12-07T08:40:34.000Z","ForecastEnabled":false,"DigestFrequency":"D","CompanyName":"GSA","CommunityNickname":"GSA Bedrijfsbureau","CreatedById":"00524000001e3T5AAI","LastPasswordChangeDa (2 more) ...":"2016-11-17T08:32:25.000Z","LocaleSidKey":"nl_NL","FirstName":"Bedrijfs","EmailEncodingKey":"ISO-8859-1","ReceivesInfoEmails":false,"SystemModstamp":"2016-12-07T11:47:04.000Z","IsPortalEnabled":false,"Username":"bedrijfsbureau@gsa.n (9 more) ...","Alias":"BBGSA","DefaultGroupNotifica (13 more) ...":"N","CreatedDate":"2015-10-12T08:15:46.000Z","Country":"NL","LastName":"Bureau","TIMBASURVEYS__remind (15 more) ...":0,"Id":"00524000001e3UjAAI","UserType":"Standard","LastModifiedById":"00524000001e3UjAAI"}]}|0x42ec8ad5
12:47:04.1 (322764991)|VARIABLE_SCOPE_BEGIN|[13]|triggerOld|List<SObject>|true|false
12:47:04.1 (323418616)|VARIABLE_ASSIGNMENT|[13]|triggerOld|{"s":1,"v":[{"ProfileId":"00e240000016RjAAAU","LastModifiedDate":"2016-12-07T11:34:08.000Z","ReceivesAdminInfoEma (3 more) ...":true,"Email":"gerwin.tromp@growtiv (7 more) ...","IsBadged":false,"TimeZoneSidKey":"Europe/Amsterdam","LanguageLocaleKey":"en_US","UserRoleId":"00E24000000MLU5EAO","IsActive":true,"LastLoginDate":"2016-12-07T08:40:34.000Z","ForecastEnabled":false,"DigestFrequency":"D","CompanyName":"GSA","CommunityNickname":"GSA Bedrijfsbureau","CreatedById":"00524000001e3T5AAI","LastPasswordChangeDa (2 more) ...":"2016-11-17T08:32:25.000Z","LocaleSidKey":"nl_NL","FirstName":"Bedrijfs","EmailEncodingKey":"ISO-8859-1","ReceivesInfoEmails":false,"SystemModstamp":"2016-12-07T11:34:08.000Z","IsPortalEnabled":false,"Username":"bedrijfsbureau@gsa.n (9 more) ...","Alias":"BBGSA","DefaultGroupNotifica (13 more) ...":"N","CreatedDate":"2015-10-12T08:15:46.000Z","Country":"NL","LastName":"Bureau","TIMBASURVEYS__remind (15 more) ...":0,"Id":"00524000001e3UjAAI","UserType":"Standard","LastModifiedById":"00524000001e3UjAAI"}]}|0x73e4466f
12:47:04.1 (323432367)|VARIABLE_SCOPE_BEGIN|[13]|newMap|Map<Id,SObject>|true|false
12:47:04.1 (323934994)|VARIABLE_ASSIGNMENT|[13]|newMap|{"s":1,"v":{"00524000001e3UjAAI":{"ProfileId":"00e240000016RjAAAU","LastModifiedDate":"2016-12-07T11:47:04.000Z","ReceivesAdminInfoEma (3 more) ...":true,"Email":"gerwin.tromp@growtiv (7 more) ...","IsBadged":false,"TimeZoneSidKey":"Europe/Amsterdam","LanguageLocaleKey":"en_US","UserRoleId":"00E24000000MLU5EAO","IsActive":true,"LastLoginDate":"2016-12-07T08:40:34.000Z","ForecastEnabled":false,"DigestFrequency":"D","CompanyName":"GSA","CommunityNickname":"GSA Bedrijfsbureau","CreatedById":"00524000001e3T5AAI","LastPasswordChangeDa (2 more) ...":"2016-11-17T08:32:25.000Z","LocaleSidKey":"nl_NL","FirstName":"Bedrijfs","EmailEncodingKey":"ISO-8859-1","ReceivesInfoEmails":false,"SystemModstamp":"2016-12-07T11:47:04.000Z","IsPortalEnabled":false,"Username":"bedrijfsbureau@gsa.n (9 more) ...","Alias":"BBGSA","DefaultGroupNotifica (13 more) ...":"N","CreatedDate":"2015-10-12T08:15:46.000Z","Country":"NL","LastName":"Bureau","TIMBASURVEYS__remind (15 more) ...":0,"Id":"00524000001e3UjAAI","UserType":"Standard","LastModifiedById":"00524000001e3UjAAI"}}}|0x78b208e2
12:47:04.1 (323945291)|VARIABLE_SCOPE_BEGIN|[13]|oldMap|Map<Id,SObject>|true|false
12:47:04.1 (324399243)|VARIABLE_ASSIGNMENT|[13]|oldMap|{"s":1,"v":{"00524000001e3UjAAI":{"ProfileId":"00e240000016RjAAAU","LastModifiedDate":"2016-12-07T11:34:08.000Z","ReceivesAdminInfoEma (3 more) ...":true,"Email":"gerwin.tromp@growtiv (7 more) ...","IsBadged":false,"TimeZoneSidKey":"Europe/Amsterdam","LanguageLocaleKey":"en_US","UserRoleId":"00E24000000MLU5EAO","IsActive":true,"LastLoginDate":"2016-12-07T08:40:34.000Z","ForecastEnabled":false,"DigestFrequency":"D","CompanyName":"GSA","CommunityNickname":"GSA Bedrijfsbureau","CreatedById":"00524000001e3T5AAI","LastPasswordChangeDa (2 more) ...":"2016-11-17T08:32:25.000Z","LocaleSidKey":"nl_NL","FirstName":"Bedrijfs","EmailEncodingKey":"ISO-8859-1","ReceivesInfoEmails":false,"SystemModstamp":"2016-12-07T11:34:08.000Z","IsPortalEnabled":false,"Username":"bedrijfsbureau@gsa.n (9 more) ...","Alias":"BBGSA","DefaultGroupNotifica (13 more) ...":"N","CreatedDate":"2015-10-12T08:15:46.000Z","Country":"NL","LastName":"Bureau","TIMBASURVEYS__remind (15 more) ...":0,"Id":"00524000001e3UjAAI","UserType":"Standard","LastModifiedById":"00524000001e3UjAAI"}}}|0x4835f946
12:47:04.1 (324417512)|HEAP_ALLOCATE|[16]|Bytes:5
12:47:04.1 (324424582)|STATEMENT_EXECUTE|[1]
12:47:04.1 (324427395)|HEAP_ALLOCATE|[16]|Bytes:5
12:47:04.1 (324429393)|STATEMENT_EXECUTE|[2]
12:47:04.1 (324431086)|STATEMENT_EXECUTE|[3]
12:47:04.1 (324432142)|STATEMENT_EXECUTE|[4]
12:47:04.1 (324433354)|STATEMENT_EXECUTE|[5]
12:47:04.1 (324434305)|STATEMENT_EXECUTE|[6]
12:47:04.1 (324435237)|STATEMENT_EXECUTE|[7]
12:47:04.1 (324436304)|STATEMENT_EXECUTE|[8]
12:47:04.1 (324437212)|STATEMENT_EXECUTE|[9]
12:47:04.1 (324438158)|STATEMENT_EXECUTE|[10]
12:47:04.1 (324439143)|STATEMENT_EXECUTE|[11]
12:47:04.1 (324459926)|STATEMENT_EXECUTE|[15]
12:47:04.1 (324461633)|STATEMENT_EXECUTE|[16]
12:47:04.1 (324464886)|HEAP_ALLOCATE|[16]|Bytes:5
12:47:04.1 (324475161)|VARIABLE_ASSIGNMENT|[16]|this.isBefore|false|0x50bc117b
12:47:04.1 (324477229)|STATEMENT_EXECUTE|[17]
12:47:04.1 (324479520)|HEAP_ALLOCATE|[17]|Bytes:5
12:47:04.1 (324483923)|VARIABLE_ASSIGNMENT|[17]|this.isAfter|true|0x50bc117b
12:47:04.1 (324485781)|STATEMENT_EXECUTE|[18]
12:47:04.1 (324487963)|HEAP_ALLOCATE|[18]|Bytes:5
12:47:04.1 (324493103)|VARIABLE_ASSIGNMENT|[18]|this.isInsert|false|0x50bc117b
12:47:04.1 (324494524)|STATEMENT_EXECUTE|[19]
12:47:04.1 (324496561)|HEAP_ALLOCATE|[19]|Bytes:5
12:47:04.1 (324501024)|VARIABLE_ASSIGNMENT|[19]|this.isUpdate|true|0x50bc117b
12:47:04.1 (324502552)|STATEMENT_EXECUTE|[20]
12:47:04.1 (324504610)|HEAP_ALLOCATE|[20]|Bytes:5
12:47:04.1 (324508547)|VARIABLE_ASSIGNMENT|[20]|this.isDelete|false|0x50bc117b
12:47:04.1 (324510025)|STATEMENT_EXECUTE|[21]
12:47:04.1 (324512131)|HEAP_ALLOCATE|[21]|Bytes:5
12:47:04.1 (324516516)|VARIABLE_ASSIGNMENT|[21]|this.isUndelete|false|0x50bc117b
12:47:04.1 (324518061)|STATEMENT_EXECUTE|[22]
12:47:04.1 (324995382)|VARIABLE_ASSIGNMENT|[22]|this.triggerNew|{"s":1,"v":[{"ProfileId":"00e240000016RjAAAU","LastModifiedDate":"2016-12-07T11:47:04.000Z","ReceivesAdminInfoEma (3 more) ...":true,"Email":"gerwin.tromp@growtiv (7 more) ...","IsBadged":false,"TimeZoneSidKey":"Europe/Amsterdam","LanguageLocaleKey":"en_US","UserRoleId":"00E24000000MLU5EAO","IsActive":true,"LastLoginDate":"2016-12-07T08:40:34.000Z","ForecastEnabled":false,"DigestFrequency":"D","CompanyName":"GSA","CommunityNickname":"GSA Bedrijfsbureau","CreatedById":"00524000001e3T5AAI","LastPasswordChangeDa (2 more) ...":"2016-11-17T08:32:25.000Z","LocaleSidKey":"nl_NL","FirstName":"Bedrijfs","EmailEncodingKey":"ISO-8859-1","ReceivesInfoEmails":false,"SystemModstamp":"2016-12-07T11:47:04.000Z","IsPortalEnabled":false,"Username":"bedrijfsbureau@gsa.n (9 more) ...","Alias":"BBGSA","DefaultGroupNotifica (13 more) ...":"N","CreatedDate":"2015-10-12T08:15:46.000Z","Country":"NL","LastName":"Bureau","TIMBASURVEYS__remind (15 more) ...":0,"Id":"00524000001e3UjAAI","UserType":"Standard","LastModifiedById":"00524000001e3UjAAI"}]}|0x50bc117b
12:47:04.1 (325003921)|STATEMENT_EXECUTE|[23]
12:47:04.1 (325473577)|VARIABLE_ASSIGNMENT|[23]|this.triggerOld|{"s":1,"v":[{"ProfileId":"00e240000016RjAAAU","LastModifiedDate":"2016-12-07T11:34:08.000Z","ReceivesAdminInfoEma (3 more) ...":true,"Email":"gerwin.tromp@growtiv (7 more) ...","IsBadged":false,"TimeZoneSidKey":"Europe/Amsterdam","LanguageLocaleKey":"en_US","UserRoleId":"00E24000000MLU5EAO","IsActive":true,"LastLoginDate":"2016-12-07T08:40:34.000Z","ForecastEnabled":false,"DigestFrequency":"D","CompanyName":"GSA","CommunityNickname":"GSA Bedrijfsbureau","CreatedById":"00524000001e3T5AAI","LastPasswordChangeDa (2 more) ...":"2016-11-17T08:32:25.000Z","LocaleSidKey":"nl_NL","FirstName":"Bedrijfs","EmailEncodingKey":"ISO-8859-1","ReceivesInfoEmails":false,"SystemModstamp":"2016-12-07T11:34:08.000Z","IsPortalEnabled":false,"Username":"bedrijfsbureau@gsa.n (9 more) ...","Alias":"BBGSA","DefaultGroupNotifica (13 more) ...":"N","CreatedDate":"2015-10-12T08:15:46.000Z","Country":"NL","LastName":"Bureau","TIMBASURVEYS__remind (15 more) ...":0,"Id":"00524000001e3UjAAI","UserType":"Standard","LastModifiedById":"00524000001e3UjAAI"}]}|0x50bc117b
12:47:04.1 (325482253)|STATEMENT_EXECUTE|[24]
12:47:04.1 (325960698)|VARIABLE_ASSIGNMENT|[24]|this.newMap|{"s":1,"v":{"00524000001e3UjAAI":{"ProfileId":"00e240000016RjAAAU","LastModifiedDate":"2016-12-07T11:47:04.000Z","ReceivesAdminInfoEma (3 more) ...":true,"Email":"gerwin.tromp@growtiv (7 more) ...","IsBadged":false,"TimeZoneSidKey":"Europe/Amsterdam","LanguageLocaleKey":"en_US","UserRoleId":"00E24000000MLU5EAO","IsActive":true,"LastLoginDate":"2016-12-07T08:40:34.000Z","ForecastEnabled":false,"DigestFrequency":"D","CompanyName":"GSA","CommunityNickname":"GSA Bedrijfsbureau","CreatedById":"00524000001e3T5AAI","LastPasswordChangeDa (2 more) ...":"2016-11-17T08:32:25.000Z","LocaleSidKey":"nl_NL","FirstName":"Bedrijfs","EmailEncodingKey":"ISO-8859-1","ReceivesInfoEmails":false,"SystemModstamp":"2016-12-07T11:47:04.000Z","IsPortalEnabled":false,"Username":"bedrijfsbureau@gsa.n (9 more) ...","Alias":"BBGSA","DefaultGroupNotifica (13 more) ...":"N","CreatedDate":"2015-10-12T08:15:46.000Z","Country":"NL","LastName":"Bureau","TIMBASURVEYS__remind (15 more) ...":0,"Id":"00524000001e3UjAAI","UserType":"Standard","LastModifiedById":"00524000001e3UjAAI"}}}|0x50bc117b
12:47:04.1 (325969056)|STATEMENT_EXECUTE|[25]
12:47:04.1 (326419648)|VARIABLE_ASSIGNMENT|[25]|this.oldMap|{"s":1,"v":{"00524000001e3UjAAI":{"ProfileId":"00e240000016RjAAAU","LastModifiedDate":"2016-12-07T11:34:08.000Z","ReceivesAdminInfoEma (3 more) ...":true,"Email":"gerwin.tromp@growtiv (7 more) ...","IsBadged":false,"TimeZoneSidKey":"Europe/Amsterdam","LanguageLocaleKey":"en_US","UserRoleId":"00E24000000MLU5EAO","IsActive":true,"LastLoginDate":"2016-12-07T08:40:34.000Z","ForecastEnabled":false,"DigestFrequency":"D","CompanyName":"GSA","CommunityNickname":"GSA Bedrijfsbureau","CreatedById":"00524000001e3T5AAI","LastPasswordChangeDa (2 more) ...":"2016-11-17T08:32:25.000Z","LocaleSidKey":"nl_NL","FirstName":"Bedrijfs","EmailEncodingKey":"ISO-8859-1","ReceivesInfoEmails":false,"SystemModstamp":"2016-12-07T11:34:08.000Z","IsPortalEnabled":false,"Username":"bedrijfsbureau@gsa.n (9 more) ...","Alias":"BBGSA","DefaultGroupNotifica (13 more) ...":"N","CreatedDate":"2015-10-12T08:15:46.000Z","Country":"NL","LastName":"Bureau","TIMBASURVEYS__remind (15 more) ...":0,"Id":"00524000001e3UjAAI","UserType":"Standard","LastModifiedById":"00524000001e3UjAAI"}}}|0x50bc117b
12:47:04.1 (326458187)|CONSTRUCTOR_EXIT|[3]|01p2400000Cr9rX|<init>(Boolean,Boolean,Boolean,Boolean,Boolean,Boolean,List<SObject>,List<SObject>,Map<Id,SObject>,Map<Id,SObject>)
12:47:04.1 (326477959)|METHOD_ENTRY|[3]|01p2400000DMxSj|UserUtil.entry(TriggerParams)
12:47:04.1 (326485554)|VARIABLE_SCOPE_BEGIN|[2]|triggerParams|TriggerParams|true|false
12:47:04.1 (326519702)|VARIABLE_ASSIGNMENT|[2]|triggerParams|{"isAfter":true,"isBefore":false,"isDelete":false,"isInsert":false,"isUndelete":false,"isUpdate":true,"newMap":"0x78b208e2","oldMap":"0x4835f946","triggerNew":"0x42ec8ad5","triggerOld":"0x73e4466f"}|0x50bc117b
12:47:04.1 (327588129)|SYSTEM_MODE_ENTER|false
12:47:04.1 (327599971)|HEAP_ALLOCATE|[3]|Bytes:5
12:47:04.1 (327607235)|STATEMENT_EXECUTE|[2]
12:47:04.1 (327609062)|STATEMENT_EXECUTE|[3]
12:47:04.1 (327618546)|VARIABLE_SCOPE_BEGIN|[3]|triggerNew|List<User>|true|false
12:47:04.1 (328616209)|VARIABLE_ASSIGNMENT|[3]|triggerNew|{"s":1,"v":[{"ProfileId":"00e240000016RjAAAU","LastModifiedDate":"2016-12-07T11:47:04.000Z","ReceivesAdminInfoEma (3 more) ...":true,"Email":"gerwin.tromp@growtiv (7 more) ...","IsBadged":false,"TimeZoneSidKey":"Europe/Amsterdam","LanguageLocaleKey":"en_US","UserRoleId":"00E24000000MLU5EAO","IsActive":true,"LastLoginDate":"2016-12-07T08:40:34.000Z","ForecastEnabled":false,"DigestFrequency":"D","CompanyName":"GSA","CommunityNickname":"GSA Bedrijfsbureau","CreatedById":"00524000001e3T5AAI","LastPasswordChangeDa (2 more) ...":"2016-11-17T08:32:25.000Z","LocaleSidKey":"nl_NL","FirstName":"Bedrijfs","EmailEncodingKey":"ISO-8859-1","ReceivesInfoEmails":false,"SystemModstamp":"2016-12-07T11:47:04.000Z","IsPortalEnabled":false,"Username":"bedrijfsbureau@gsa.n (9 more) ...","Alias":"BBGSA","DefaultGroupNotifica (13 more) ...":"N","CreatedDate":"2015-10-12T08:15:46.000Z","Country":"NL","LastName":"Bureau","TIMBASURVEYS__remind (15 more) ...":0,"Id":"00524000001e3UjAAI","UserType":"Standard","LastModifiedById":"00524000001e3UjAAI"}]}|0x42ec8ad5
12:47:04.1 (328628486)|STATEMENT_EXECUTE|[4]
12:47:04.1 (328641021)|VARIABLE_SCOPE_BEGIN|[4]|triggerOld|List<User>|true|false
12:47:04.1 (329675720)|VARIABLE_ASSIGNMENT|[4]|triggerOld|{"s":1,"v":[{"ProfileId":"00e240000016RjAAAU","LastModifiedDate":"2016-12-07T11:34:08.000Z","ReceivesAdminInfoEma (3 more) ...":true,"Email":"gerwin.tromp@growtiv (7 more) ...","IsBadged":false,"TimeZoneSidKey":"Europe/Amsterdam","LanguageLocaleKey":"en_US","UserRoleId":"00E24000000MLU5EAO","IsActive":true,"LastLoginDate":"2016-12-07T08:40:34.000Z","ForecastEnabled":false,"DigestFrequency":"D","CompanyName":"GSA","CommunityNickname":"GSA Bedrijfsbureau","CreatedById":"00524000001e3T5AAI","LastPasswordChangeDa (2 more) ...":"2016-11-17T08:32:25.000Z","LocaleSidKey":"nl_NL","FirstName":"Bedrijfs","EmailEncodingKey":"ISO-8859-1","ReceivesInfoEmails":false,"SystemModstamp":"2016-12-07T11:34:08.000Z","IsPortalEnabled":false,"Username":"bedrijfsbureau@gsa.n (9 more) ...","Alias":"BBGSA","DefaultGroupNotifica (13 more) ...":"N","CreatedDate":"2015-10-12T08:15:46.000Z","Country":"NL","LastName":"Bureau","TIMBASURVEYS__remind (15 more) ...":0,"Id":"00524000001e3UjAAI","UserType":"Standard","LastModifiedById":"00524000001e3UjAAI"}]}|0x73e4466f
12:47:04.1 (329687967)|STATEMENT_EXECUTE|[5]
12:47:04.1 (329701045)|VARIABLE_SCOPE_BEGIN|[5]|oldMap|Map<Id,User>|true|false
12:47:04.1 (330686777)|VARIABLE_ASSIGNMENT|[5]|oldMap|{"s":1,"v":{"00524000001e3UjAAI":{"ProfileId":"00e240000016RjAAAU","LastModifiedDate":"2016-12-07T11:34:08.000Z","ReceivesAdminInfoEma (3 more) ...":true,"Email":"gerwin.tromp@growtiv (7 more) ...","IsBadged":false,"TimeZoneSidKey":"Europe/Amsterdam","LanguageLocaleKey":"en_US","UserRoleId":"00E24000000MLU5EAO","IsActive":true,"LastLoginDate":"2016-12-07T08:40:34.000Z","ForecastEnabled":false,"DigestFrequency":"D","CompanyName":"GSA","CommunityNickname":"GSA Bedrijfsbureau","CreatedById":"00524000001e3T5AAI","LastPasswordChangeDa (2 more) ...":"2016-11-17T08:32:25.000Z","LocaleSidKey":"nl_NL","FirstName":"Bedrijfs","EmailEncodingKey":"ISO-8859-1","ReceivesInfoEmails":false,"SystemModstamp":"2016-12-07T11:34:08.000Z","IsPortalEnabled":false,"Username":"bedrijfsbureau@gsa.n (9 more) ...","Alias":"BBGSA","DefaultGroupNotifica (13 more) ...":"N","CreatedDate":"2015-10-12T08:15:46.000Z","Country":"NL","LastName":"Bureau","TIMBASURVEYS__remind (15 more) ...":0,"Id":"00524000001e3UjAAI","UserType":"Standard","LastModifiedById":"00524000001e3UjAAI"}}}|0x4835f946
12:47:04.1 (330699819)|STATEMENT_EXECUTE|[6]
12:47:04.1 (330712947)|VARIABLE_SCOPE_BEGIN|[6]|newMap|Map<Id,User>|true|false
12:47:04.1 (331717908)|VARIABLE_ASSIGNMENT|[6]|newMap|{"s":1,"v":{"00524000001e3UjAAI":{"ProfileId":"00e240000016RjAAAU","LastModifiedDate":"2016-12-07T11:47:04.000Z","ReceivesAdminInfoEma (3 more) ...":true,"Email":"gerwin.tromp@growtiv (7 more) ...","IsBadged":false,"TimeZoneSidKey":"Europe/Amsterdam","LanguageLocaleKey":"en_US","UserRoleId":"00E24000000MLU5EAO","IsActive":true,"LastLoginDate":"2016-12-07T08:40:34.000Z","ForecastEnabled":false,"DigestFrequency":"D","CompanyName":"GSA","CommunityNickname":"GSA Bedrijfsbureau","CreatedById":"00524000001e3T5AAI","LastPasswordChangeDa (2 more) ...":"2016-11-17T08:32:25.000Z","LocaleSidKey":"nl_NL","FirstName":"Bedrijfs","EmailEncodingKey":"ISO-8859-1","ReceivesInfoEmails":false,"SystemModstamp":"2016-12-07T11:47:04.000Z","IsPortalEnabled":false,"Username":"bedrijfsbureau@gsa.n (9 more) ...","Alias":"BBGSA","DefaultGroupNotifica (13 more) ...":"N","CreatedDate":"2015-10-12T08:15:46.000Z","Country":"NL","LastName":"Bureau","TIMBASURVEYS__remind (15 more) ...":0,"Id":"00524000001e3UjAAI","UserType":"Standard","LastModifiedById":"00524000001e3UjAAI"}}}|0x78b208e2
12:47:04.1 (331730518)|STATEMENT_EXECUTE|[9]
12:47:04.1 (331736954)|STATEMENT_EXECUTE|[10]
12:47:04.1 (331738239)|STATEMENT_EXECUTE|[11]
12:47:04.1 (331808285)|HEAP_ALLOCATE|[11]|Bytes:4
12:47:04.1 (331818235)|HEAP_ALLOCATE|[11]|Bytes:82
12:47:04.1 (331822568)|HEAP_ALLOCATE|[11]|Bytes:4
12:47:04.1 (333595655)|SOQL_EXECUTE_BEGIN|[11]|Aggregations:0|SELECT Id FROM Profile WHERE (Name = 'Bouwticket account' OR Name = 'Bouwmanager')
12:47:04.1 (336707629)|SOQL_EXECUTE_END|[11]|Rows:2
12:47:04.1 (336744479)|HEAP_ALLOCATE|[11]|Bytes:12
12:47:04.1 (336765476)|HEAP_ALLOCATE|[11]|Bytes:58
12:47:04.1 (336858555)|HEAP_ALLOCATE|[11]|Bytes:12
12:47:04.1 (336952408)|HEAP_ALLOCATE|[11]|Bytes:8
12:47:04.1 (336970125)|HEAP_ALLOCATE|[11]|Bytes:4
12:47:04.1 (336990195)|HEAP_ALLOCATE|[11]|Bytes:8
12:47:04.1 (337003888)|HEAP_ALLOCATE|[11]|Bytes:4
12:47:04.1 (337021477)|VARIABLE_SCOPE_BEGIN|[11]|profilesById|Map<Id,Profile>|true|false
12:47:04.1 (337078133)|VARIABLE_ASSIGNMENT|[11]|profilesById|{"s":1,"v":{"00e24000000YX5iAAG":{"s":2,"v":{"Id":"00e24000000YX5iAAG"}},"00e24000000YX5jAAG":{"s":3,"v":{"Id":"00e24000000YX5jAAG"}}}}|0x44b2cd60
12:47:04.1 (337085640)|STATEMENT_EXECUTE|[13]
12:47:04.1 (337093234)|HEAP_ALLOCATE|[13]|Bytes:13
12:47:04.1 (337226838)|HEAP_ALLOCATE|[13]|Bytes:104
12:47:04.1 (337258616)|HEAP_ALLOCATE|[13]|Bytes:117
12:47:04.1 (337291546)|USER_DEBUG|[13]|DEBUG|profilesById {00e24000000YX5iAAG=Profile:{Id=00e24000000YX5iAAG}, 00e24000000YX5jAAG=Profile:{Id=00e24000000YX5jAAG}}
12:47:04.1 (337520109)|HEAP_ALLOCATE|[14]|Bytes:5
12:47:04.1 (337586771)|VARIABLE_SCOPE_BEGIN|[14]|user|User|true|false
12:47:04.1 (338693244)|VARIABLE_ASSIGNMENT|[14]|user|{"ProfileId":"00e240000016RjAAAU","LastModifiedDate":"2016-12-07T11:47:04.000Z","ReceivesAdminInfoEma (3 more) ...":true,"Email":"gerwin.tromp@growtiv (7 more) ...","IsBadged":false,"TimeZoneSidKey":"Europe/Amsterdam","LanguageLocaleKey":"en_US","UserRoleId":"00E24000000MLU5EAO","IsActive":true,"LastLoginDate":"2016-12-07T08:40:34.000Z","ForecastEnabled":false,"DigestFrequency":"D","CompanyName":"GSA","CommunityNickname":"GSA Bedrijfsbureau","CreatedById":"00524000001e3T5AAI","LastPasswordChangeDa (2 more) ...":"2016-11-17T08:32:25.000Z","LocaleSidKey":"nl_NL","FirstName":"Bedrijfs","EmailEncodingKey":"ISO-8859-1","ReceivesInfoEmails":false,"SystemModstamp":"2016-12-07T11:47:04.000Z","IsPortalEnabled":false,"Username":"bedrijfsbureau@gsa.n (9 more) ...","Alias":"BBGSA","DefaultGroupNotifica (13 more) ...":"N","CreatedDate":"2015-10-12T08:15:46.000Z","Country":"NL","LastName":"Bureau","TIMBASURVEYS__remind (15 more) ...":0,"Id":"00524000001e3UjAAI","UserType":"Standard","LastModifiedById":"00524000001e3UjAAI"}|0x46c1a508
12:47:04.1 (338707496)|STATEMENT_EXECUTE|[14]
12:47:04.1 (338709856)|STATEMENT_EXECUTE|[15]
12:47:04.1 (338778486)|USER_DEBUG|[15]|DEBUG|00e240000016RjAAAU
12:47:04.1 (338786563)|STATEMENT_EXECUTE|[16]
12:47:04.1 (338879834)|USER_DEBUG|[16]|DEBUG|true
12:47:04.1 (338885598)|STATEMENT_EXECUTE|[17]
12:47:04.1 (339008379)|USER_DEBUG|[17]|DEBUG|false
12:47:04.1 (339125872)|STATEMENT_EXECUTE|[18]
12:47:04.1 (339143843)|HEAP_ALLOCATE|[14]|Bytes:5
12:47:04.1 (339165605)|VARIABLE_ASSIGNMENT|[14]|user|null|
12:47:04.1 (339177066)|SYSTEM_MODE_EXIT|false
12:47:04.1 (339194617)|METHOD_EXIT|[3]|01p2400000DMxSj|UserUtil.entry(TriggerParams)
12:47:04.339 (339210625)|CUMULATIVE_LIMIT_USAGE
12:47:04.339 (339210625)|LIMIT_USAGE_FOR_NS|(default)|
  Number of SOQL queries: 5 out of 100
  Number of query rows: 5 out of 50000
  Number of SOSL queries: 0 out of 20
  Number of DML statements: 2 out of 150
  Number of DML rows: 2 out of 10000
  Maximum CPU time: 0 out of 10000
  Maximum heap size: 0 out of 6000000
  Number of callouts: 0 out of 100
  Number of Email Invocations: 0 out of 10
  Number of future calls: 0 out of 50
  Number of queueable jobs added to the queue: 0 out of 50
  Number of Mobile Apex push calls: 0 out of 10

12:47:04.339 (339210625)|CUMULATIVE_LIMIT_USAGE_END

12:47:04.1 (342983038)|CODE_UNIT_FINISHED|UserTrigger on User trigger event AfterUpdate for [00524000001e3Uj]
12:47:04.1 (344849151)|DML_END|[39]
12:47:04.1 (344892420)|STATEMENT_EXECUTE|[40]
12:47:04.1 (344896202)|STATEMENT_EXECUTE|[43]
12:47:04.1 (344911141)|HEAP_ALLOCATE|[43]|Bytes:5
12:47:04.1 (344942299)|VARIABLE_ASSIGNMENT|[43]|this.isEdit|false|0x8c5444f
12:47:04.1 (344970445)|METHOD_EXIT|[48]|01p2400000Cr5V7|MyProfilePageController.save()
12:47:04.1 (344977205)|STATEMENT_EXECUTE|[49]
12:47:04.1 (344997987)|HEAP_ALLOCATE|[49]|Bytes:20
12:47:04.1 (345109374)|HEAP_ALLOCATE|[49]|Bytes:20
12:47:04.1 (345137473)|METHOD_ENTRY|[49]|01p2400000Cr5V7|MyProfilePageController.changePassword()
12:47:04.1 (345155697)|VARIABLE_SCOPE_BEGIN|[49]|this|MyProfilePageController|true|false
12:47:04.1 (345205148)|VARIABLE_ASSIGNMENT|[49]|this|{"isEdit":false,"user":"0x74580e08"}|0x8c5444f
12:47:04.1 (345228884)|HEAP_ALLOCATE|[50]|Bytes:5
12:47:04.1 (345233316)|STATEMENT_EXECUTE|[49]
12:47:04.1 (345234579)|STATEMENT_EXECUTE|[50]
12:47:04.1 (345264977)|METHOD_EXIT|[49]|01p2400000Cr5V7|MyProfilePageController.changePassword()
12:47:04.1 (345281190)|HEAP_ALLOCATE|[49]|Bytes:20
12:47:04.1 (345341564)|SYSTEM_MODE_EXIT|false
12:47:04.345 (345356201)|CUMULATIVE_LIMIT_USAGE
12:47:04.345 (345356201)|LIMIT_USAGE_FOR_NS|(default)|
  Number of SOQL queries: 5 out of 100
  Number of query rows: 5 out of 50000
  Number of SOSL queries: 0 out of 20
  Number of DML statements: 2 out of 150
  Number of DML rows: 2 out of 10000
  Maximum CPU time: 0 out of 10000
  Maximum heap size: 0 out of 6000000
  Number of callouts: 0 out of 100
  Number of Email Invocations: 0 out of 10
  Number of future calls: 0 out of 50
  Number of queueable jobs added to the queue: 0 out of 50
  Number of Mobile Apex push calls: 0 out of 10

12:47:04.345 (345356201)|CUMULATIVE_LIMIT_USAGE_END

12:47:04.1 (345392892)|CODE_UNIT_FINISHED|MyProfilePageControllerTest.testSave
12:47:04.1 (347978549)|EXECUTION_FINISHED
12:47:05.52 (1052580391)|USER_INFO|[EXTERNAL]|00524000001e3Uj|bedrijfsbureau@gsa.nl.sandbox|Midden-Europese standaardtijd|GMT+01:00
12:47:05.52 (1052598600)|EXECUTION_STARTED
12:47:05.52 (1052603892)|CODE_UNIT_STARTED|[EXTERNAL]|01p2400000Cr5V8|MyProfilePageControllerTest.testSetContactFields
12:47:05.52 (1052755432)|HEAP_ALLOCATE|[72]|Bytes:3
12:47:05.52 (1052794843)|HEAP_ALLOCATE|[77]|Bytes:152
12:47:05.52 (1052810478)|HEAP_ALLOCATE|[342]|Bytes:408
12:47:05.52 (1052826230)|HEAP_ALLOCATE|[355]|Bytes:408
12:47:05.52 (1052841711)|HEAP_ALLOCATE|[467]|Bytes:48
12:47:05.52 (1052868266)|HEAP_ALLOCATE|[139]|Bytes:6
12:47:05.52 (1052883275)|HEAP_ALLOCATE|[EXTERNAL]|Bytes:147
12:47:05.52 (1052892586)|METHOD_ENTRY|[5]|01p2400000Cr5V8|MyProfilePageControllerTest.MyProfilePageControllerTest()
12:47:05.52 (1052896605)|STATEMENT_EXECUTE|[5]
12:47:05.52 (1052901466)|STATEMENT_EXECUTE|[5]
12:47:05.52 (1053946013)|SYSTEM_MODE_ENTER|false
12:47:05.52 (1053982573)|HEAP_ALLOCATE|[50]|Bytes:5
12:47:05.52 (1054006243)|HEAP_ALLOCATE|[56]|Bytes:5
12:47:05.52 (1054014563)|HEAP_ALLOCATE|[64]|Bytes:7
12:47:05.52 (1054026844)|HEAP_ALLOCATE|[EXTERNAL]|Bytes:5
12:47:05.52 (1054034485)|SYSTEM_MODE_EXIT|false
12:47:05.52 (1054042831)|METHOD_EXIT|[5]|MyProfilePageControllerTest
12:47:05.52 (1054087076)|SYSTEM_MODE_ENTER|false
12:47:05.52 (1054092552)|HEAP_ALLOCATE|[7]|Bytes:5
12:47:05.52 (1054096147)|STATEMENT_EXECUTE|[6]
12:47:05.52 (1054097579)|STATEMENT_EXECUTE|[7]
12:47:05.52 (1054101377)|HEAP_ALLOCATE|[7]|Bytes:137
12:47:05.52 (1054112181)|HEAP_ALLOCATE|[7]|Bytes:4
12:47:05.52 (1054122565)|HEAP_ALLOCATE|[7]|Bytes:7
12:47:05.52 (1054137054)|HEAP_ALLOCATE|[8]|Bytes:85
12:47:05.52 (1054143976)|SYSTEM_METHOD_ENTRY|[1]|UserInfo.UserInfo()
12:47:05.52 (1054146149)|STATEMENT_EXECUTE|[1]
12:47:05.52 (1054153538)|SYSTEM_METHOD_EXIT|[1]|UserInfo
12:47:05.52 (1054161833)|METHOD_ENTRY|[8]||System.UserInfo.getUserId()
12:47:05.52 (1054205737)|METHOD_EXIT|[8]||System.UserInfo.getUserId()
12:47:05.52 (1054540018)|SOQL_EXECUTE_BEGIN|[7]|Aggregations:0|SELECT title, firstname, lastname, email, phone, mobilephone, fax, street, city, state, postalcode, country FROM User WHERE id = :tmpVar1
12:47:05.52 (1059062766)|SOQL_EXECUTE_END|[7]|Rows:1
12:47:05.52 (1059088630)|HEAP_ALLOCATE|[7]|Bytes:8
12:47:05.52 (1059109286)|HEAP_ALLOCATE|[7]|Bytes:117
12:47:05.52 (1059141367)|HEAP_ALLOCATE|[7]|Bytes:8
12:47:05.52 (1059160780)|HEAP_ALLOCATE|[7]|Bytes:30
12:47:05.52 (1059202444)|HEAP_ALLOCATE|[7]|Bytes:24
12:47:05.52 (1059216481)|VARIABLE_SCOPE_BEGIN|[7]|u|User|true|false
12:47:05.52 (1059270707)|VARIABLE_ASSIGNMENT|[7]|u|{"s":1,"v":{"FirstName":"Bedrijfs","LastName":"Bureau","Email":"gerwin.tromp@growtiv (7 more) ...","Country":"NL","Id":"00524000001e3UjAAI"}}|0x7d8fc04c
12:47:05.52 (1059277590)|STATEMENT_EXECUTE|[10]
12:47:05.52 (1059302809)|HEAP_ALLOCATE|[10]|Bytes:4
12:47:05.52 (1059347008)|VARIABLE_SCOPE_BEGIN|[10]|c|Contact|true|false
12:47:05.52 (1059363872)|VARIABLE_ASSIGNMENT|[10]|c|{}|0x6bd66763
12:47:05.52 (1059368366)|STATEMENT_EXECUTE|[12]
12:47:05.52 (1059389600)|HEAP_ALLOCATE|[12]|Bytes:23
12:47:05.52 (1059406718)|METHOD_ENTRY|[5]|01p2400000Cr5V7|MyProfilePageController.MyProfilePageController()
12:47:05.52 (1059410646)|STATEMENT_EXECUTE|[5]
12:47:05.52 (1059414934)|STATEMENT_EXECUTE|[5]
12:47:05.52 (1059424743)|HEAP_ALLOCATE|[12]|Bytes:5
12:47:05.52 (1059438545)|METHOD_EXIT|[5]|MyProfilePageController
12:47:05.52 (1059467195)|METHOD_ENTRY|[12]|01p2400000Cr5V7|MyProfilePageController.setContactFields(Contact, User)
12:47:05.52 (1059518748)|VARIABLE_SCOPE_BEGIN|[61]|c|Contact|true|false
12:47:05.52 (1059530613)|VARIABLE_ASSIGNMENT|[61]|c|{}|0x6bd66763
12:47:05.52 (1059535104)|VARIABLE_SCOPE_BEGIN|[61]|u|User|true|false
12:47:05.52 (1059552361)|VARIABLE_ASSIGNMENT|[61]|u|{"s":1,"v":{"FirstName":"Bedrijfs","LastName":"Bureau","Email":"gerwin.tromp@growtiv (7 more) ...","Country":"NL","Id":"00524000001e3UjAAI"}}|0x7d8fc04c
12:47:05.52 (1059583122)|HEAP_ALLOCATE|[62]|Bytes:5
12:47:05.52 (1059588873)|STATEMENT_EXECUTE|[61]
12:47:05.52 (1059590807)|STATEMENT_EXECUTE|[62]
12:47:05.52 (1059664850)|VARIABLE_ASSIGNMENT|[62]|this.Title|null|0x6bd66763
12:47:05.52 (1059669269)|STATEMENT_EXECUTE|[63]
12:47:05.52 (1059727371)|VARIABLE_ASSIGNMENT|[63]|this.FirstName|"Bedrijfs"|0x6bd66763
12:47:05.52 (1059731589)|STATEMENT_EXECUTE|[64]
12:47:05.52 (1059783393)|VARIABLE_ASSIGNMENT|[64]|this.LastName|"Bureau"|0x6bd66763
12:47:05.52 (1059787738)|STATEMENT_EXECUTE|[65]
12:47:05.52 (1059838496)|VARIABLE_ASSIGNMENT|[65]|this.Email|"gerwin.tromp@growtiv (7 more) ..."|0x6bd66763
12:47:05.52 (1059842441)|STATEMENT_EXECUTE|[66]
12:47:05.52 (1059885901)|VARIABLE_ASSIGNMENT|[66]|this.Phone|null|0x6bd66763
12:47:05.52 (1059889843)|STATEMENT_EXECUTE|[67]
12:47:05.52 (1059936340)|VARIABLE_ASSIGNMENT|[67]|this.MobilePhone|null|0x6bd66763
12:47:05.52 (1059940366)|STATEMENT_EXECUTE|[68]
12:47:05.52 (1059985456)|VARIABLE_ASSIGNMENT|[68]|this.Fax|null|0x6bd66763
12:47:05.52 (1059989283)|STATEMENT_EXECUTE|[69]
12:47:05.52 (1060035329)|VARIABLE_ASSIGNMENT|[69]|this.MailingStreet|null|0x6bd66763
12:47:05.52 (1060040203)|STATEMENT_EXECUTE|[70]
12:47:05.52 (1060083190)|VARIABLE_ASSIGNMENT|[70]|this.MailingCity|null|0x6bd66763
12:47:05.52 (1060086889)|STATEMENT_EXECUTE|[71]
12:47:05.52 (1060129077)|VARIABLE_ASSIGNMENT|[71]|this.MailingState|null|0x6bd66763
12:47:05.52 (1060132711)|STATEMENT_EXECUTE|[72]
12:47:05.52 (1060175092)|VARIABLE_ASSIGNMENT|[72]|this.MailingPostalCode|null|0x6bd66763
12:47:05.52 (1060178984)|STATEMENT_EXECUTE|[73]
12:47:05.52 (1060227584)|VARIABLE_ASSIGNMENT|[73]|this.MailingCountry|"NL"|0x6bd66763
12:47:05.52 (1060244043)|METHOD_EXIT|[12]|01p2400000Cr5V7|MyProfilePageController.setContactFields(Contact, User)
12:47:05.52 (1060249251)|STATEMENT_EXECUTE|[13]
12:47:05.52 (1060301823)|HEAP_ALLOCATE|[13]|Bytes:75
12:47:05.52 (1060364050)|STATEMENT_EXECUTE|[14]
12:47:05.52 (1060410566)|HEAP_ALLOCATE|[14]|Bytes:73
12:47:05.52 (1060454050)|SYSTEM_MODE_EXIT|false
12:47:05.60 (1060472624)|CUMULATIVE_LIMIT_USAGE
12:47:05.60 (1060472624)|LIMIT_USAGE_FOR_NS|(default)|
  Number of SOQL queries: 1 out of 100
  Number of query rows: 1 out of 50000
  Number of SOSL queries: 0 out of 20
  Number of DML statements: 0 out of 150
  Number of DML rows: 0 out of 10000
  Maximum CPU time: 0 out of 10000
  Maximum heap size: 0 out of 6000000
  Number of callouts: 0 out of 100
  Number of Email Invocations: 0 out of 10
  Number of future calls: 0 out of 50
  Number of queueable jobs added to the queue: 0 out of 50
  Number of Mobile Apex push calls: 0 out of 10

12:47:05.60 (1060472624)|CUMULATIVE_LIMIT_USAGE_END

12:47:05.52 (1060513316)|CODE_UNIT_FINISHED|MyProfilePageControllerTest.testSetContactFields
12:47:05.52 (1063084871)|EXECUTION_FINISHED
