36.0 APEX_CODE,FINEST;APEX_PROFILING,INFO;CALLOUT,INFO;DB,INFO;SYSTEM,DEBUG;VALIDATION,INFO;VISUALFORCE,INFO;WORKFLOW,INFO
12:36:53.1 (1158595)|USER_INFO|[EXTERNAL]|00524000001e3Uj|bedrijfsbureau@gsa.nl.sandbox|Midden-Europese standaardtijd|GMT+01:00
12:36:53.1 (1213475)|EXECUTION_STARTED
12:36:53.1 (1218718)|CODE_UNIT_STARTED|[EXTERNAL]|01p2400000Cr5VC|CommunitiesLandingControllerTest.testCommunitiesLandingController
12:36:53.1 (2447648)|HEAP_ALLOCATE|[72]|Bytes:3
12:36:53.1 (2505293)|HEAP_ALLOCATE|[77]|Bytes:152
12:36:53.1 (2526753)|HEAP_ALLOCATE|[342]|Bytes:408
12:36:53.1 (2562580)|HEAP_ALLOCATE|[355]|Bytes:408
12:36:53.1 (2582737)|HEAP_ALLOCATE|[467]|Bytes:48
12:36:53.1 (2617500)|HEAP_ALLOCATE|[139]|Bytes:6
12:36:53.1 (2635177)|HEAP_ALLOCATE|[EXTERNAL]|Bytes:1
12:36:53.1 (2646975)|METHOD_ENTRY|[4]|01p2400000Cr5VC|CommunitiesLandingControllerTest.CommunitiesLandingControllerTest()
12:36:53.1 (2650793)|STATEMENT_EXECUTE|[4]
12:36:53.1 (2657069)|STATEMENT_EXECUTE|[4]
12:36:53.1 (2710344)|HEAP_ALLOCATE|[50]|Bytes:5
12:36:53.1 (2752375)|HEAP_ALLOCATE|[56]|Bytes:5
12:36:53.1 (2761868)|HEAP_ALLOCATE|[64]|Bytes:7
12:36:53.1 (3799964)|SYSTEM_MODE_ENTER|false
12:36:53.1 (3825797)|HEAP_ALLOCATE|[EXTERNAL]|Bytes:5
12:36:53.1 (3838541)|SYSTEM_MODE_EXIT|false
12:36:53.1 (3850464)|METHOD_EXIT|[4]|CommunitiesLandingControllerTest
12:36:53.1 (3914862)|SYSTEM_MODE_ENTER|false
12:36:53.1 (3920300)|HEAP_ALLOCATE|[7]|Bytes:5
12:36:53.1 (3925527)|STATEMENT_EXECUTE|[5]
12:36:53.1 (3927102)|STATEMENT_EXECUTE|[7]
12:36:53.1 (23188846)|HEAP_ALLOCATE|[7]|Bytes:4
12:36:53.1 (23239963)|METHOD_ENTRY|[4]|01p2400000Cr5VB|CommunitiesLandingController.CommunitiesLandingController()
12:36:53.1 (23246765)|STATEMENT_EXECUTE|[4]
12:36:53.1 (23258940)|STATEMENT_EXECUTE|[4]
12:36:53.1 (23278551)|HEAP_ALLOCATE|[7]|Bytes:5
12:36:53.1 (23298897)|METHOD_EXIT|[4]|CommunitiesLandingController
12:36:53.1 (23327947)|HEAP_ALLOCATE|[7]|Bytes:4
12:36:53.1 (23351248)|CONSTRUCTOR_ENTRY|[7]|01p2400000Cr5VB|<init>()
12:36:53.1 (23409451)|VARIABLE_SCOPE_BEGIN|[11]|this|CommunitiesLandingController|true|false
12:36:53.1 (23473687)|VARIABLE_ASSIGNMENT|[11]|this|{}|0x1a6c4841
12:36:53.1 (23488828)|HEAP_ALLOCATE|[EXTERNAL]|Bytes:5
12:36:53.1 (23495235)|STATEMENT_EXECUTE|[4]
12:36:53.1 (23499578)|HEAP_ALLOCATE|[EXTERNAL]|Bytes:5
12:36:53.1 (23513233)|HEAP_ALLOCATE|[EXTERNAL]|Bytes:6
12:36:53.1 (23551132)|STATEMENT_EXECUTE|[11]
12:36:53.1 (23563738)|CONSTRUCTOR_EXIT|[7]|01p2400000Cr5VB|<init>()
12:36:53.1 (23573022)|VARIABLE_SCOPE_BEGIN|[7]|controller|CommunitiesLandingController|true|false
12:36:53.1 (23603674)|VARIABLE_ASSIGNMENT|[7]|controller|{}|0x1a6c4841
12:36:53.1 (23616908)|SYSTEM_MODE_EXIT|false
12:36:53.23 (23637933)|CUMULATIVE_LIMIT_USAGE
12:36:53.23 (23637933)|LIMIT_USAGE_FOR_NS|(default)|
  Number of SOQL queries: 0 out of 100
  Number of query rows: 0 out of 50000
  Number of SOSL queries: 0 out of 20
  Number of DML statements: 0 out of 150
  Number of DML rows: 0 out of 10000
  Maximum CPU time: 0 out of 10000
  Maximum heap size: 0 out of 6000000
  Number of callouts: 0 out of 100
  Number of Email Invocations: 0 out of 10
  Number of future calls: 0 out of 50
  Number of queueable jobs added to the queue: 0 out of 50
  Number of Mobile Apex push calls: 0 out of 10

12:36:53.23 (23637933)|CUMULATIVE_LIMIT_USAGE_END

12:36:53.1 (23701994)|CODE_UNIT_FINISHED|CommunitiesLandingControllerTest.testCommunitiesLandingController
12:36:53.1 (26238552)|EXECUTION_FINISHED
