38.0 APEX_CODE,FINEST;APEX_PROFILING,INFO;CALLOUT,INFO;DB,INFO;SYSTEM,DEBUG;VALIDATION,INFO;VISUALFORCE,INFO;WAVE,INFO;WORKFLOW,INFO
12:24:43.0 (91182)|USER_INFO|[EXTERNAL]|00524000001e3Uj|bedrijfsbureau@gsa.nl.sandbox|Midden-Europese standaardtijd|GMT+01:00
12:24:43.0 (145729)|EXECUTION_STARTED
12:24:43.0 (150479)|CODE_UNIT_STARTED|[EXTERNAL]|06624000003h0Dg|VF: /apex/New_delivered_detail
12:24:43.0 (11097274)|SYSTEM_MODE_ENTER|true
12:24:43.0 (11358468)|HEAP_ALLOCATE|[72]|Bytes:3
12:24:43.0 (11397625)|HEAP_ALLOCATE|[77]|Bytes:152
12:24:43.0 (11411889)|HEAP_ALLOCATE|[342]|Bytes:408
12:24:43.0 (11426017)|HEAP_ALLOCATE|[355]|Bytes:408
12:24:43.0 (11438605)|HEAP_ALLOCATE|[467]|Bytes:48
12:24:43.0 (11464281)|HEAP_ALLOCATE|[139]|Bytes:6
12:24:43.0 (11527946)|HEAP_ALLOCATE|[EXTERNAL]|Bytes:11
12:24:43.0 (11532300)|HEAP_ALLOCATE|[EXTERNAL]|Bytes:408
12:24:43.0 (11534742)|HEAP_ALLOCATE|[EXTERNAL]|Bytes:120
12:24:43.0 (11537744)|HEAP_ALLOCATE|[EXTERNAL]|Bytes:108
12:24:43.0 (11545956)|METHOD_ENTRY|[1]|01p2400000DUtXT|NewDeliveredExtension.NewDeliveredExtension()
12:24:43.0 (11549372)|STATEMENT_EXECUTE|[1]
12:24:43.0 (11553434)|STATEMENT_EXECUTE|[1]
12:24:43.0 (11554825)|STATEMENT_EXECUTE|[527]
12:24:43.0 (11559281)|METHOD_EXIT|[1]|NewDeliveredExtension
12:24:43.0 (11566635)|HEAP_ALLOCATE|[EXTERNAL]|Bytes:80
12:24:43.0 (11584350)|VARIABLE_SCOPE_BEGIN|[163]|this|NewDeliveredExtension|true|false
12:24:43.0 (11768887)|VARIABLE_ASSIGNMENT|[163]|this|{}|0x4ee6d5c9
12:24:43.0 (11772371)|VARIABLE_SCOPE_BEGIN|[163]|controller|ApexPages.StandardController|true|false
12:24:43.0 (11926512)|VARIABLE_ASSIGNMENT|[163]|controller|"StandardController [null]"|0xdb34fc0
12:24:43.0 (11935982)|STATEMENT_EXECUTE|[1]
12:24:43.0 (11937403)|STATEMENT_EXECUTE|[2]
12:24:43.0 (11938818)|STATEMENT_EXECUTE|[20]
12:24:43.0 (11940077)|STATEMENT_EXECUTE|[61]
12:24:43.0 (11941344)|STATEMENT_EXECUTE|[69]
12:24:43.0 (11942492)|STATEMENT_EXECUTE|[77]
12:24:43.0 (11943508)|STATEMENT_EXECUTE|[85]
12:24:43.0 (11944610)|STATEMENT_EXECUTE|[93]
12:24:43.0 (11945773)|STATEMENT_EXECUTE|[101]
12:24:43.0 (11946896)|STATEMENT_EXECUTE|[123]
12:24:43.0 (12046747)|HEAP_ALLOCATE|[123]|Bytes:4
12:24:43.0 (12053053)|HEAP_ALLOCATE|[123]|Bytes:258
12:24:43.0 (12056839)|HEAP_ALLOCATE|[123]|Bytes:4
12:24:43.0 (12098660)|HEAP_ALLOCATE|[50]|Bytes:5
12:24:43.0 (12119373)|HEAP_ALLOCATE|[56]|Bytes:5
12:24:43.0 (12125108)|HEAP_ALLOCATE|[64]|Bytes:7
12:24:43.0 (12677535)|SOQL_EXECUTE_BEGIN|[123]|Aggregations:0|SELECT Id, Project__c, Item__c, Actueel_aantal_palletplaatsenworkflow__c, Ticket_Number_ILIPS__c, Filecardnumber__c, Projectmember__c, Hub_Building_Site__c, Actueel_aantal_palletplaatsen__c, Supplier__c, Name FROM WWW__c ORDER BY CreatedDate DESC NULLS FIRST
12:24:43.0 (20910655)|SOQL_EXECUTE_END|[123]|Rows:4
12:24:43.0 (20927972)|HEAP_ALLOCATE|[123]|Bytes:20
12:24:43.0 (20969457)|HEAP_ALLOCATE|[123]|Bytes:884
12:24:43.0 (21045005)|HEAP_ALLOCATE|[123]|Bytes:20
12:24:43.0 (21106238)|HEAP_ALLOCATE|[123]|Bytes:28
12:24:43.0 (21115960)|HEAP_ALLOCATE|[123]|Bytes:4
12:24:43.0 (21123940)|HEAP_ALLOCATE|[123]|Bytes:28
12:24:43.0 (21127042)|HEAP_ALLOCATE|[123]|Bytes:4
12:24:43.0 (21131813)|HEAP_ALLOCATE|[123]|Bytes:28
12:24:43.0 (21134717)|HEAP_ALLOCATE|[123]|Bytes:4
12:24:43.0 (21138938)|HEAP_ALLOCATE|[123]|Bytes:28
12:24:43.0 (21141863)|HEAP_ALLOCATE|[123]|Bytes:4
12:24:43.0 (21192807)|VARIABLE_ASSIGNMENT|[123]|this.wwwById|{"a0t0E0000004UTUQA2":{"Id":"a0t0E0000004UTUQA2","Project__c":"a0q0E0000008S3WQAU","Item__c":"a0A0E0000001PiqUAE","Hub_Building_Site__c":"a020E000000zFeUQAU","Actueel_aantal_palle (12 more) ...":0,"Name":"WWW-13532"},"a0t0E0000004NFcQAM":{"Id":"a0t0E0000004NFcQAM","Project__c":"a0q0E0000008S3bQAE","Item__c":"a0A0E0000001Pj0UAE","Hub_Building_Site__c":"a020E000000zEM2QAM","Actueel_aantal_palle (12 more) ...":0,"Name":"WWW-13490"},"a0t0E0000004NFXQA2":{"Id":"a0t0E0000004NFXQA2","Project__c":"a0q0E0000008S3WQAU","Item__c":"a0A0E0000001PiqUAE","Hub_Building_Site__c":"a020E000000zEM2QAM","Actueel_aantal_palle (12 more) ...":0,"Name":"WWW-13489"},"a0t0E0000004NFNQA2":{"Id":"a0t0E0000004NFNQA2","Project__c":"a0q0E0000008S3WQAU","Item__c":"a0A0E0000001PilUAE","Hub_Building_Site__c":"a020E000000zEM2QAM","Actueel_aantal_palle (12 more) ...":0,"Name":"WWW-13487"}}|0x4ee6d5c9
12:24:43.0 (21200728)|STATEMENT_EXECUTE|[155]
12:24:43.0 (21202255)|STATEMENT_EXECUTE|[156]
12:24:43.0 (21203434)|STATEMENT_EXECUTE|[184]
12:24:43.0 (21204519)|STATEMENT_EXECUTE|[185]
12:24:43.0 (21205519)|STATEMENT_EXECUTE|[195]
12:24:43.0 (21206669)|STATEMENT_EXECUTE|[203]
12:24:43.0 (21207698)|STATEMENT_EXECUTE|[211]
12:24:43.0 (21208681)|STATEMENT_EXECUTE|[219]
12:24:43.0 (21209682)|STATEMENT_EXECUTE|[228]
12:24:43.0 (21210719)|STATEMENT_EXECUTE|[236]
12:24:43.0 (21218034)|HEAP_ALLOCATE|[123]|Bytes:6
12:24:43.0 (21239440)|STATEMENT_EXECUTE|[163]
12:24:43.0 (21240708)|STATEMENT_EXECUTE|[164]
12:24:43.0 (21284578)|HEAP_ALLOCATE|[164]|Bytes:58
12:24:43.0 (21331431)|HEAP_ALLOCATE|[164]|Bytes:28
12:24:43.0 (21345363)|HEAP_ALLOCATE|[164]|Bytes:10
12:24:43.0 (21376075)|HEAP_ALLOCATE|[164]|Bytes:4
12:24:43.0 (21423040)|VARIABLE_ASSIGNMENT|[EXTERNAL]|this|{"wwwById":"0x69e2da7e"}|0x4ee6d5c9
12:24:43.0 (21427525)|STATEMENT_EXECUTE|[3]
12:24:43.0 (21432268)|STATEMENT_EXECUTE|[4]
12:24:43.0 (21433464)|STATEMENT_EXECUTE|[5]
12:24:43.0 (21463956)|HEAP_ALLOCATE|[5]|Bytes:4
12:24:43.0 (21559944)|VARIABLE_ASSIGNMENT|[5]|this.detail|{}|0x4ee6d5c9
12:24:43.0 (21562971)|STATEMENT_EXECUTE|[6]
12:24:43.0 (21613288)|VARIABLE_ASSIGNMENT|[EXTERNAL]|this|{"detail":"0x5cda3f40","wwwById":"0x69e2da7e"}|0x4ee6d5c9
12:24:43.0 (21616980)|STATEMENT_EXECUTE|[21]
12:24:43.0 (21619738)|STATEMENT_EXECUTE|[22]
12:24:43.0 (21620812)|STATEMENT_EXECUTE|[23]
12:24:43.0 (21630374)|HEAP_ALLOCATE|[23]|Bytes:4
12:24:43.0 (21675127)|VARIABLE_ASSIGNMENT|[23]|this.www|{}|0x4ee6d5c9
12:24:43.0 (21678584)|STATEMENT_EXECUTE|[26]
12:24:43.0 (21914107)|VARIABLE_ASSIGNMENT|[6]|this.WWW__c|null|0x5cda3f40
12:24:43.0 (21917584)|STATEMENT_EXECUTE|[7]
12:24:43.0 (21972422)|VARIABLE_ASSIGNMENT|[EXTERNAL]|this|{"detail":"0x5cda3f40","www":"0x74292b0c","wwwById":"0x69e2da7e"}|0x4ee6d5c9
12:24:43.0 (22022692)|VARIABLE_ASSIGNMENT|[7]|this.Project__c|null|0x5cda3f40
12:24:43.0 (22026452)|STATEMENT_EXECUTE|[9]
12:24:43.0 (22101689)|VARIABLE_ASSIGNMENT|[164]|this.RecordTypeId|"01224000000Sn4MAAS"|0x5cda3f40
12:24:43.0 (22104740)|STATEMENT_EXECUTE|[165]
12:24:43.0 (22149682)|VARIABLE_ASSIGNMENT|[EXTERNAL]|this|{"detail":"0x5cda3f40","www":"0x74292b0c","wwwById":"0x69e2da7e"}|0x4ee6d5c9
12:24:43.0 (22152796)|STATEMENT_EXECUTE|[3]
12:24:43.0 (22154791)|STATEMENT_EXECUTE|[4]
12:24:43.0 (22155749)|STATEMENT_EXECUTE|[9]
12:24:43.0 (22197394)|USER_DEBUG|[165]|DEBUG|01224000000Sn4MAAS
12:24:43.0 (22202766)|STATEMENT_EXECUTE|[166]
12:24:43.0 (22246064)|HEAP_ALLOCATE|[166]|Bytes:4
12:24:43.0 (22251420)|HEAP_ALLOCATE|[166]|Bytes:82
12:24:43.0 (22254351)|HEAP_ALLOCATE|[166]|Bytes:4
12:24:43.0 (22435193)|SOQL_EXECUTE_BEGIN|[166]|Aggregations:0|SELECT Id, Name, DeveloperName FROM RecordType WHERE sobjectType = 'WWW_detail__c'
12:24:43.0 (29555494)|SOQL_EXECUTE_END|[166]|Rows:5
12:24:43.0 (29570242)|HEAP_ALLOCATE|[166]|Bytes:24
12:24:43.0 (29590175)|HEAP_ALLOCATE|[166]|Bytes:371
12:24:43.0 (29625542)|HEAP_ALLOCATE|[166]|Bytes:24
12:24:43.0 (29665177)|HEAP_ALLOCATE|[166]|Bytes:16
12:24:43.0 (29672579)|HEAP_ALLOCATE|[166]|Bytes:4
12:24:43.0 (29678614)|HEAP_ALLOCATE|[166]|Bytes:16
12:24:43.0 (29681788)|HEAP_ALLOCATE|[166]|Bytes:4
12:24:43.0 (29685610)|HEAP_ALLOCATE|[166]|Bytes:16
12:24:43.0 (29688472)|HEAP_ALLOCATE|[166]|Bytes:4
12:24:43.0 (29692067)|HEAP_ALLOCATE|[166]|Bytes:16
12:24:43.0 (29694925)|HEAP_ALLOCATE|[166]|Bytes:4
12:24:43.0 (29698383)|HEAP_ALLOCATE|[166]|Bytes:16
12:24:43.0 (29701227)|HEAP_ALLOCATE|[166]|Bytes:4
12:24:43.0 (29708337)|VARIABLE_SCOPE_BEGIN|[166]|recByNames|Map<Id,RecordType>|true|false
12:24:43.0 (29738432)|VARIABLE_ASSIGNMENT|[166]|recByNames|{"01224000000Sn4NAAS":{"Id":"01224000000Sn4NAAS","Name":"Afleveren","DeveloperName":"Delivered_2_Project"},"01224000000Sn4OAAS":{"Id":"01224000000Sn4OAAS","Name":"Afroepen","DeveloperName":"Invoked"},"01224000000Sn4PAAS":{"Id":"01224000000Sn4PAAS","Name":"Afwijzen","DeveloperName":"Rejected"},"01224000000Sn4MAAS":{"Id":"01224000000Sn4MAAS","Name":"Ontvangen","DeveloperName":"Delivered_2_Hub"},"01224000000Sn4QAAS":{"Id":"01224000000Sn4QAAS","Name":"Verwachten","DeveloperName":"Reserved"}}|0x74c1c58f
12:24:43.0 (29793766)|VARIABLE_ASSIGNMENT|[EXTERNAL]|this|{"detail":"0x5cda3f40","www":"0x74292b0c","wwwById":"0x69e2da7e"}|0x4ee6d5c9
12:24:43.0 (29797987)|STATEMENT_EXECUTE|[3]
12:24:43.0 (29800366)|STATEMENT_EXECUTE|[4]
12:24:43.0 (29801620)|STATEMENT_EXECUTE|[9]
12:24:43.0 (29812155)|STATEMENT_EXECUTE|[168]
12:24:43.0 (29846394)|VARIABLE_ASSIGNMENT|[EXTERNAL]|this|{"detail":"0x5cda3f40","www":"0x74292b0c","wwwById":"0x69e2da7e"}|0x4ee6d5c9
12:24:43.0 (29849311)|STATEMENT_EXECUTE|[3]
12:24:43.0 (29850833)|STATEMENT_EXECUTE|[4]
12:24:43.0 (29851844)|STATEMENT_EXECUTE|[9]
12:24:43.0 (29896908)|HEAP_ALLOCATE|[169]|Bytes:7
12:24:43.0 (29954772)|VARIABLE_ASSIGNMENT|[EXTERNAL]|this|{"detail":"0x5cda3f40","www":"0x74292b0c","wwwById":"0x69e2da7e"}|0x4ee6d5c9
12:24:43.0 (29958224)|STATEMENT_EXECUTE|[3]
12:24:43.0 (29959982)|STATEMENT_EXECUTE|[4]
12:24:43.0 (29961006)|STATEMENT_EXECUTE|[9]
12:24:43.0 (29980389)|HEAP_ALLOCATE|[171]|Bytes:8
12:24:43.0 (30019778)|VARIABLE_ASSIGNMENT|[EXTERNAL]|this|{"detail":"0x5cda3f40","www":"0x74292b0c","wwwById":"0x69e2da7e"}|0x4ee6d5c9
12:24:43.0 (30023488)|STATEMENT_EXECUTE|[3]
12:24:43.0 (30025015)|STATEMENT_EXECUTE|[4]
12:24:43.0 (30026023)|STATEMENT_EXECUTE|[9]
12:24:43.0 (30040955)|HEAP_ALLOCATE|[173]|Bytes:15
12:24:43.0 (30051345)|STATEMENT_EXECUTE|[173]
12:24:43.0 (30052514)|STATEMENT_EXECUTE|[174]
12:24:43.0 (30093158)|VARIABLE_ASSIGNMENT|[EXTERNAL]|this|{"detail":"0x5cda3f40","www":"0x74292b0c","wwwById":"0x69e2da7e"}|0x4ee6d5c9
12:24:43.0 (30106337)|VARIABLE_ASSIGNMENT|[EXTERNAL]|value|true
12:24:43.0 (30110934)|HEAP_ALLOCATE|[228]|Bytes:5
12:24:43.0 (30116484)|VARIABLE_ASSIGNMENT|[228]|this.delToHub|true|0x4ee6d5c9
12:24:43.0 (30121970)|STATEMENT_EXECUTE|[181]
12:24:43.0 (30135119)|METHOD_ENTRY|[181]|01p2400000DUtXT|NewDeliveredExtension.getProjects()
12:24:43.0 (30144730)|VARIABLE_SCOPE_BEGIN|[139]|this|NewDeliveredExtension|true|false
12:24:43.0 (30171690)|VARIABLE_ASSIGNMENT|[139]|this|{"delToHub":true,"detail":"0x5cda3f40","www":"0x74292b0c","wwwById":"0x69e2da7e"}|0x4ee6d5c9
12:24:43.0 (30178555)|STATEMENT_EXECUTE|[139]
12:24:43.0 (30179770)|STATEMENT_EXECUTE|[141]
12:24:43.0 (30187859)|HEAP_ALLOCATE|[141]|Bytes:4
12:24:43.0 (30212519)|VARIABLE_SCOPE_BEGIN|[141]|options|List<System.SelectOption>|true|false
12:24:43.0 (30239609)|HEAP_ALLOCATE|[EXTERNAL]|Bytes:4
12:24:43.0 (30248734)|VARIABLE_ASSIGNMENT|[141]|options|[]|0x1b91ea31
12:24:43.0 (30251177)|STATEMENT_EXECUTE|[142]
12:24:43.0 (30290153)|HEAP_ALLOCATE|[142]|Bytes:4
12:24:43.0 (30294307)|HEAP_ALLOCATE|[142]|Bytes:71
12:24:43.0 (30296955)|HEAP_ALLOCATE|[142]|Bytes:4
12:24:43.0 (30491454)|SOQL_EXECUTE_BEGIN|[142]|Aggregations:0|SELECT Id, Name FROM Projecten__c ORDER BY CreatedDate DESC NULLS FIRST
12:24:43.0 (31544626)|SOQL_EXECUTE_END|[142]|Rows:2
12:24:43.0 (31558671)|HEAP_ALLOCATE|[142]|Bytes:12
12:24:43.0 (31569556)|HEAP_ALLOCATE|[142]|Bytes:85
12:24:43.0 (31601798)|HEAP_ALLOCATE|[142]|Bytes:12
12:24:43.0 (31636245)|HEAP_ALLOCATE|[142]|Bytes:12
12:24:43.0 (31643657)|HEAP_ALLOCATE|[142]|Bytes:4
12:24:43.0 (31650037)|HEAP_ALLOCATE|[142]|Bytes:12
12:24:43.0 (31653071)|HEAP_ALLOCATE|[142]|Bytes:4
12:24:43.0 (31659333)|VARIABLE_SCOPE_BEGIN|[142]|prById|Map<Id,Projecten__c>|true|false
12:24:43.0 (31678921)|VARIABLE_ASSIGNMENT|[142]|prById|{"a0q0E0000008S3bQAE":{"Id":"a0q0E0000008S3bQAE","Name":"2165103"},"a0q0E0000008S3WQAU":{"Id":"a0q0E0000008S3WQAU","Name":"5700"}}|0x5c5a6b2a
12:24:43.0 (31682675)|STATEMENT_EXECUTE|[143]
12:24:43.0 (31685660)|HEAP_ALLOCATE|[143]|Bytes:6
12:24:43.0 (31765818)|HEAP_ALLOCATE|[143]|Bytes:139
12:24:43.0 (31783520)|HEAP_ALLOCATE|[143]|Bytes:145
12:24:43.0 (31793966)|USER_DEBUG|[143]|DEBUG|prById{a0q0E0000008S3WQAU=Projecten__c:{Id=a0q0E0000008S3WQAU, Name=5700}, a0q0E0000008S3bQAE=Projecten__c:{Id=a0q0E0000008S3bQAE, Name=2165103}}
12:24:43.0 (31799399)|STATEMENT_EXECUTE|[144]
12:24:43.0 (31824319)|HEAP_ALLOCATE|[EXTERNAL]|Bytes:12
12:24:43.0 (31831490)|HEAP_ALLOCATE|[144]|Bytes:95
12:24:43.0 (31871563)|HEAP_ALLOCATE|[144]|Bytes:12
12:24:43.0 (31942315)|VARIABLE_ASSIGNMENT|[EXTERNAL]|this|{"delToHub":true,"detail":"0x5cda3f40","www":"0x74292b0c","wwwById":"0x69e2da7e"}|0x4ee6d5c9
12:24:43.0 (31946836)|STATEMENT_EXECUTE|[3]
12:24:43.0 (31949463)|STATEMENT_EXECUTE|[4]
12:24:43.0 (31950715)|STATEMENT_EXECUTE|[9]
12:24:43.0 (31988637)|VARIABLE_ASSIGNMENT|[144]|this.Project__c|"a0q0E0000008S3bQAE"|0x5cda3f40
12:24:43.0 (32010800)|HEAP_ALLOCATE|[EXTERNAL]|Bytes:12
12:24:43.0 (32017728)|HEAP_ALLOCATE|[145]|Bytes:95
12:24:43.0 (32159504)|HEAP_ALLOCATE|[145]|Bytes:5
12:24:43.0 (32189087)|HEAP_ALLOCATE|[145]|Bytes:12
12:24:43.0 (32196649)|VARIABLE_SCOPE_BEGIN|[145]|rec|Projecten__c|true|false
12:24:43.0 (32208279)|VARIABLE_ASSIGNMENT|[145]|rec|{"Id":"a0q0E0000008S3bQAE","Name":"2165103"}|0x2b13cf39
12:24:43.0 (32211480)|STATEMENT_EXECUTE|[145]
12:24:43.0 (32259289)|VARIABLE_ASSIGNMENT|[EXTERNAL]|this|{"delToHub":true,"detail":"0x5cda3f40","www":"0x74292b0c","wwwById":"0x69e2da7e"}|0x4ee6d5c9
12:24:43.0 (32263119)|STATEMENT_EXECUTE|[21]
12:24:43.0 (32265250)|STATEMENT_EXECUTE|[22]
12:24:43.0 (32266369)|STATEMENT_EXECUTE|[26]
12:24:43.0 (32272694)|STATEMENT_EXECUTE|[146]
12:24:43.0 (32273924)|STATEMENT_EXECUTE|[147]
12:24:43.0 (32310281)|VARIABLE_ASSIGNMENT|[EXTERNAL]|this|{"delToHub":true,"detail":"0x5cda3f40","www":"0x74292b0c","wwwById":"0x69e2da7e"}|0x4ee6d5c9
12:24:43.0 (32313268)|STATEMENT_EXECUTE|[21]
12:24:43.0 (32314686)|STATEMENT_EXECUTE|[22]
12:24:43.0 (32315938)|STATEMENT_EXECUTE|[26]
12:24:43.0 (32360369)|VARIABLE_ASSIGNMENT|[147]|this.Project__c|"a0q0E0000008S3bQAE"|0x74292b0c
12:24:43.0 (32363553)|STATEMENT_EXECUTE|[150]
12:24:43.0 (32381002)|HEAP_ALLOCATE|[150]|Bytes:18
12:24:43.0 (32467448)|HEAP_ALLOCATE|[EXTERNAL]|Bytes:4
12:24:43.0 (32480694)|HEAP_ALLOCATE|[145]|Bytes:5
12:24:43.0 (32489066)|HEAP_ALLOCATE|[145]|Bytes:12
12:24:43.0 (32494105)|VARIABLE_SCOPE_BEGIN|[145]|rec|Projecten__c|true|false
12:24:43.0 (32504024)|VARIABLE_ASSIGNMENT|[145]|rec|{"Id":"a0q0E0000008S3WQAU","Name":"5700"}|0x51a3f6e0
12:24:43.0 (32506840)|STATEMENT_EXECUTE|[145]
12:24:43.0 (32540941)|VARIABLE_ASSIGNMENT|[EXTERNAL]|this|{"delToHub":true,"detail":"0x5cda3f40","www":"0x74292b0c","wwwById":"0x69e2da7e"}|0x4ee6d5c9
12:24:43.0 (32543739)|STATEMENT_EXECUTE|[21]
12:24:43.0 (32545851)|STATEMENT_EXECUTE|[22]
12:24:43.0 (32547116)|STATEMENT_EXECUTE|[26]
12:24:43.0 (32568071)|STATEMENT_EXECUTE|[146]
12:24:43.0 (32569518)|STATEMENT_EXECUTE|[150]
12:24:43.0 (32577462)|HEAP_ALLOCATE|[150]|Bytes:18
12:24:43.0 (32589002)|HEAP_ALLOCATE|[EXTERNAL]|Bytes:4
12:24:43.0 (32598303)|HEAP_ALLOCATE|[145]|Bytes:5
12:24:43.0 (32607480)|VARIABLE_ASSIGNMENT|[145]|rec|null|
12:24:43.0 (32610200)|STATEMENT_EXECUTE|[152]
12:24:43.0 (32613944)|METHOD_EXIT|[181]|01p2400000DUtXT|NewDeliveredExtension.getProjects()
12:24:43.35 (35456412)|SYSTEM_MODE_ENTER|true
12:24:43.35 (35484958)|HEAP_ALLOCATE|[EXTERNAL]|Bytes:38
12:24:43.35 (35489850)|HEAP_ALLOCATE|[EXTERNAL]|Bytes:7
12:24:43.35 (35496790)|SYSTEM_METHOD_ENTRY|[1]|PageMessagesComponentController.PageMessagesComponentController()
12:24:43.35 (35499356)|STATEMENT_EXECUTE|[1]
12:24:43.35 (35623840)|SYSTEM_MODE_ENTER|true
12:24:43.35 (35674191)|HEAP_ALLOCATE|[EXTERNAL]|Bytes:8
12:24:43.35 (35680328)|VARIABLE_SCOPE_BEGIN|[88]|this|ApexPage.PageMessagesComponentController|true|false
12:24:43.35 (35717327)|VARIABLE_ASSIGNMENT|[88]|this|{}|0x432d4739
12:24:43.35 (35720775)|VARIABLE_SCOPE_BEGIN|[88]|escape|Boolean|false|false
12:24:43.35 (35724332)|VARIABLE_ASSIGNMENT|[88]|escape|null
12:24:43.35 (35863979)|SYSTEM_MODE_ENTER|true
12:24:43.35 (35896471)|HEAP_ALLOCATE|[EXTERNAL]|Bytes:8
12:24:43.35 (35901336)|VARIABLE_SCOPE_BEGIN|[2]|this|ApexPage.PageMessagesComponentController|true|false
12:24:43.35 (35916765)|VARIABLE_ASSIGNMENT|[2]|this|{}|0x432d4739
12:24:43.0 (36602571)|SYSTEM_MODE_ENTER|true
12:24:43.0 (36625116)|HEAP_ALLOCATE|[EXTERNAL]|Bytes:80
12:24:43.0 (36668292)|VARIABLE_ASSIGNMENT|[EXTERNAL]|this|{"delToHub":true,"detail":"0x5cda3f40","www":"0x74292b0c","wwwById":"0x69e2da7e"}|0x4ee6d5c9
12:24:43.0 (36674642)|STATEMENT_EXECUTE|[196]
12:24:43.0 (36677533)|STATEMENT_EXECUTE|[197]
12:24:43.0 (36678755)|STATEMENT_EXECUTE|[198]
12:24:43.0 (36684034)|HEAP_ALLOCATE|[198]|Bytes:5
12:24:43.0 (36690845)|VARIABLE_ASSIGNMENT|[198]|this.invoked|false|0x4ee6d5c9
12:24:43.0 (36692992)|STATEMENT_EXECUTE|[200]
12:24:43.0 (36749836)|SYSTEM_MODE_ENTER|true
12:24:43.0 (36768171)|HEAP_ALLOCATE|[EXTERNAL]|Bytes:80
12:24:43.0 (36803792)|VARIABLE_ASSIGNMENT|[EXTERNAL]|this|{"delToHub":true,"detail":"0x5cda3f40","invoked":false,"www":"0x74292b0c","wwwById":"0x69e2da7e"}|0x4ee6d5c9
12:24:43.0 (36809588)|STATEMENT_EXECUTE|[229]
12:24:43.0 (36811722)|STATEMENT_EXECUTE|[230]
12:24:43.0 (36812988)|STATEMENT_EXECUTE|[233]
12:24:43.0 (36903293)|SYSTEM_MODE_ENTER|true
12:24:43.0 (36920992)|HEAP_ALLOCATE|[EXTERNAL]|Bytes:80
12:24:43.0 (36955362)|VARIABLE_ASSIGNMENT|[EXTERNAL]|this|{"delToHub":true,"detail":"0x5cda3f40","invoked":false,"www":"0x74292b0c","wwwById":"0x69e2da7e"}|0x4ee6d5c9
12:24:43.0 (36960222)|STATEMENT_EXECUTE|[3]
12:24:43.0 (36962361)|STATEMENT_EXECUTE|[4]
12:24:43.0 (36963447)|STATEMENT_EXECUTE|[9]
12:24:43.0 (39639141)|SYSTEM_MODE_ENTER|true
12:24:43.0 (39663037)|HEAP_ALLOCATE|[EXTERNAL]|Bytes:80
12:24:43.0 (39704681)|VARIABLE_ASSIGNMENT|[EXTERNAL]|this|{"delToHub":true,"detail":"0x5cda3f40","invoked":false,"www":"0x74292b0c","wwwById":"0x69e2da7e"}|0x4ee6d5c9
12:24:43.0 (39712468)|STATEMENT_EXECUTE|[186]
12:24:43.0 (39715921)|STATEMENT_EXECUTE|[187]
12:24:43.0 (39717185)|STATEMENT_EXECUTE|[188]
12:24:43.0 (39781390)|HEAP_ALLOCATE|[188]|Bytes:4
12:24:43.0 (39837014)|HEAP_ALLOCATE|[EXTERNAL]|Bytes:4
12:24:43.0 (39845159)|VARIABLE_ASSIGNMENT|[188]|this.sublocations1|[]|0x4ee6d5c9
12:24:43.0 (39848371)|STATEMENT_EXECUTE|[190]
12:24:43.0 (40311778)|SYSTEM_MODE_ENTER|true
12:24:43.0 (40334107)|HEAP_ALLOCATE|[EXTERNAL]|Bytes:80
12:24:43.0 (40377137)|VARIABLE_ASSIGNMENT|[EXTERNAL]|this|{"delToHub":true,"detail":"0x5cda3f40","invoked":false,"sublocations1":"0x2ef4912","www":"0x74292b0c","wwwById":"0x69e2da7e"}|0x4ee6d5c9
12:24:43.0 (40383666)|STATEMENT_EXECUTE|[204]
12:24:43.0 (40386431)|STATEMENT_EXECUTE|[205]
12:24:43.0 (40387594)|STATEMENT_EXECUTE|[206]
12:24:43.0 (40393236)|HEAP_ALLOCATE|[206]|Bytes:5
12:24:43.0 (40400178)|VARIABLE_ASSIGNMENT|[206]|this.rejected|false|0x4ee6d5c9
12:24:43.0 (40402358)|STATEMENT_EXECUTE|[208]
12:24:43.0 (40452784)|SYSTEM_MODE_ENTER|true
12:24:43.0 (40470070)|HEAP_ALLOCATE|[EXTERNAL]|Bytes:80
12:24:43.0 (40506117)|VARIABLE_ASSIGNMENT|[EXTERNAL]|this|{"delToHub":true,"detail":"0x5cda3f40","invoked":false,"rejected":false,"sublocations1":"0x2ef4912","www":"0x74292b0c","wwwById":"0x69e2da7e"}|0x4ee6d5c9
12:24:43.0 (40511242)|STATEMENT_EXECUTE|[220]
12:24:43.0 (40513339)|STATEMENT_EXECUTE|[221]
12:24:43.0 (40514415)|STATEMENT_EXECUTE|[222]
12:24:43.0 (40518983)|HEAP_ALLOCATE|[222]|Bytes:5
12:24:43.0 (40524486)|VARIABLE_ASSIGNMENT|[222]|this.delToProj|false|0x4ee6d5c9
12:24:43.0 (40526402)|STATEMENT_EXECUTE|[224]
12:24:43.0 (40570176)|SYSTEM_MODE_ENTER|true
12:24:43.0 (40585399)|HEAP_ALLOCATE|[EXTERNAL]|Bytes:80
12:24:43.0 (40619352)|VARIABLE_ASSIGNMENT|[EXTERNAL]|this|{"delToHub":true,"delToProj":false,"detail":"0x5cda3f40","invoked":false,"rejected":false,"sublocations1":"0x2ef4912","www":"0x74292b0c","wwwById":"0x69e2da7e"}|0x4ee6d5c9
12:24:43.0 (40624114)|STATEMENT_EXECUTE|[212]
12:24:43.0 (40625979)|STATEMENT_EXECUTE|[213]
12:24:43.0 (40627285)|STATEMENT_EXECUTE|[214]
12:24:43.0 (40631071)|HEAP_ALLOCATE|[214]|Bytes:5
12:24:43.0 (40636228)|VARIABLE_ASSIGNMENT|[214]|this.reserved|false|0x4ee6d5c9
12:24:43.0 (40637855)|STATEMENT_EXECUTE|[216]
12:24:43.0 (40714195)|SYSTEM_MODE_ENTER|true
12:24:43.0 (40730536)|HEAP_ALLOCATE|[EXTERNAL]|Bytes:80
12:24:43.0 (40766678)|VARIABLE_ASSIGNMENT|[EXTERNAL]|this|{"delToHub":true,"delToProj":false,"detail":"0x5cda3f40","invoked":false,"rejected":false,"reserved":false,"sublocations1":"0x2ef4912","www":"0x74292b0c","wwwById":"0x69e2da7e"}|0x4ee6d5c9
12:24:43.0 (40772068)|STATEMENT_EXECUTE|[21]
12:24:43.0 (40774204)|STATEMENT_EXECUTE|[22]
12:24:43.0 (40775225)|STATEMENT_EXECUTE|[26]
12:24:43.54 (54740144)|SYSTEM_MODE_ENTER|true
12:24:43.54 (54786910)|HEAP_ALLOCATE|[EXTERNAL]|Bytes:8
12:24:43.54 (54792820)|VARIABLE_SCOPE_BEGIN|[88]|this|ApexPage.PageMessagesComponentController|true|false
12:24:43.54 (54811410)|VARIABLE_ASSIGNMENT|[88]|this|{}|0x432d4739
12:24:43.54 (54814271)|VARIABLE_SCOPE_BEGIN|[88]|escape|Boolean|false|false
12:24:43.54 (54818062)|VARIABLE_ASSIGNMENT|[88]|escape|null
12:24:43.54 (54921430)|SYSTEM_MODE_ENTER|true
12:24:43.54 (54946122)|HEAP_ALLOCATE|[EXTERNAL]|Bytes:8
12:24:43.54 (54950607)|VARIABLE_SCOPE_BEGIN|[2]|this|ApexPage.PageMessagesComponentController|true|false
12:24:43.54 (54964906)|VARIABLE_ASSIGNMENT|[2]|this|{}|0x432d4739
12:24:43.0 (57588450)|SYSTEM_MODE_ENTER|true
12:24:43.0 (57617226)|HEAP_ALLOCATE|[EXTERNAL]|Bytes:80
12:24:43.0 (57622946)|VARIABLE_SCOPE_BEGIN|[48]|this|NewDeliveredExtension|true|false
12:24:43.0 (57684530)|VARIABLE_ASSIGNMENT|[48]|this|{"delToHub":true,"delToProj":false,"detail":"0x5cda3f40","invoked":false,"rejected":false,"reserved":false,"sublocations1":"0x2ef4912","www":"0x74292b0c","wwwById":"0x69e2da7e"}|0x4ee6d5c9
12:24:43.0 (57693060)|STATEMENT_EXECUTE|[48]
12:24:43.0 (57694766)|STATEMENT_EXECUTE|[49]
12:24:43.0 (57699248)|HEAP_ALLOCATE|[49]|Bytes:4
12:24:43.0 (57721367)|VARIABLE_SCOPE_BEGIN|[49]|options|List<System.SelectOption>|true|false
12:24:43.0 (57734693)|HEAP_ALLOCATE|[EXTERNAL]|Bytes:4
12:24:43.0 (57740669)|VARIABLE_ASSIGNMENT|[49]|options|[]|0x1e1b5d95
12:24:43.0 (57743668)|STATEMENT_EXECUTE|[50]
12:24:43.0 (57746768)|VARIABLE_SCOPE_BEGIN|[50]|i|Integer|false|false
12:24:43.0 (57749953)|HEAP_ALLOCATE|[50]|Bytes:4
12:24:43.0 (57754254)|VARIABLE_ASSIGNMENT|[50]|i|0
12:24:43.0 (57758687)|STATEMENT_EXECUTE|[50]
12:24:43.0 (57760006)|STATEMENT_EXECUTE|[51]
12:24:43.0 (57761641)|VARIABLE_SCOPE_BEGIN|[51]|j|Integer|false|false
12:24:43.0 (57773197)|HEAP_ALLOCATE|[51]|Bytes:4
12:24:43.0 (57777840)|VARIABLE_ASSIGNMENT|[51]|j|0
12:24:43.0 (57781332)|STATEMENT_EXECUTE|[51]
12:24:43.0 (57784220)|STATEMENT_EXECUTE|[52]
12:24:43.0 (57785802)|STATEMENT_EXECUTE|[53]
12:24:43.0 (57831920)|HEAP_ALLOCATE|[53]|Bytes:1
12:24:43.0 (57846808)|HEAP_ALLOCATE|[53]|Bytes:2
12:24:43.0 (57858535)|HEAP_ALLOCATE|[53]|Bytes:1
12:24:43.0 (57875097)|HEAP_ALLOCATE|[53]|Bytes:4
12:24:43.0 (57891273)|HEAP_ALLOCATE|[53]|Bytes:1
12:24:43.0 (57904852)|HEAP_ALLOCATE|[53]|Bytes:1
12:24:43.0 (57910991)|HEAP_ALLOCATE|[53]|Bytes:4
12:24:43.0 (57933144)|HEAP_ALLOCATE|[EXTERNAL]|Bytes:4
12:24:43.0 (57939933)|HEAP_ALLOCATE|[51]|Bytes:4
12:24:43.0 (57945592)|VARIABLE_ASSIGNMENT|[51]|j|30
12:24:43.0 (57948885)|STATEMENT_EXECUTE|[51]
12:24:43.0 (57950678)|STATEMENT_EXECUTE|[54]
12:24:43.0 (57951793)|STATEMENT_EXECUTE|[55]
12:24:43.0 (57971896)|HEAP_ALLOCATE|[55]|Bytes:1
12:24:43.0 (57978355)|HEAP_ALLOCATE|[55]|Bytes:1
12:24:43.0 (57983794)|HEAP_ALLOCATE|[55]|Bytes:2
12:24:43.0 (57989504)|HEAP_ALLOCATE|[55]|Bytes:4
12:24:43.0 (57994250)|HEAP_ALLOCATE|[55]|Bytes:1
12:24:43.0 (58001386)|HEAP_ALLOCATE|[55]|Bytes:2
12:24:43.0 (58007026)|HEAP_ALLOCATE|[55]|Bytes:4
12:24:43.0 (58018955)|HEAP_ALLOCATE|[EXTERNAL]|Bytes:4
12:24:43.0 (58023652)|HEAP_ALLOCATE|[51]|Bytes:4
12:24:43.0 (58027500)|VARIABLE_ASSIGNMENT|[51]|j|60
12:24:43.0 (58031590)|HEAP_ALLOCATE|[50]|Bytes:4
12:24:43.0 (58034442)|VARIABLE_ASSIGNMENT|[50]|i|1
12:24:43.0 (58036804)|STATEMENT_EXECUTE|[50]
12:24:43.0 (58038362)|STATEMENT_EXECUTE|[51]
12:24:43.0 (58040640)|VARIABLE_SCOPE_BEGIN|[51]|j|Integer|false|false
12:24:43.0 (58042826)|HEAP_ALLOCATE|[51]|Bytes:4
12:24:43.0 (58045120)|VARIABLE_ASSIGNMENT|[51]|j|0
12:24:43.0 (58046632)|STATEMENT_EXECUTE|[51]
12:24:43.0 (58047972)|STATEMENT_EXECUTE|[52]
12:24:43.0 (58048920)|STATEMENT_EXECUTE|[53]
12:24:43.0 (58056009)|HEAP_ALLOCATE|[53]|Bytes:1
12:24:43.0 (58063642)|HEAP_ALLOCATE|[53]|Bytes:1
12:24:43.0 (58068818)|HEAP_ALLOCATE|[53]|Bytes:4
12:24:43.0 (58073632)|HEAP_ALLOCATE|[53]|Bytes:1
12:24:43.0 (58080414)|HEAP_ALLOCATE|[53]|Bytes:1
12:24:43.0 (58085060)|HEAP_ALLOCATE|[53]|Bytes:4
12:24:43.0 (58091346)|HEAP_ALLOCATE|[EXTERNAL]|Bytes:4
12:24:43.0 (58095011)|HEAP_ALLOCATE|[51]|Bytes:4
12:24:43.0 (58097758)|VARIABLE_ASSIGNMENT|[51]|j|30
12:24:43.0 (58099622)|STATEMENT_EXECUTE|[51]
12:24:43.0 (58100898)|STATEMENT_EXECUTE|[54]
12:24:43.0 (58101894)|STATEMENT_EXECUTE|[55]
12:24:43.0 (58107458)|HEAP_ALLOCATE|[55]|Bytes:1
12:24:43.0 (58114675)|HEAP_ALLOCATE|[55]|Bytes:2
12:24:43.0 (58119672)|HEAP_ALLOCATE|[55]|Bytes:4
12:24:43.0 (58124330)|HEAP_ALLOCATE|[55]|Bytes:1
12:24:43.0 (58131328)|HEAP_ALLOCATE|[55]|Bytes:2
12:24:43.0 (58135981)|HEAP_ALLOCATE|[55]|Bytes:4
12:24:43.0 (58140676)|HEAP_ALLOCATE|[EXTERNAL]|Bytes:4
12:24:43.0 (58143979)|HEAP_ALLOCATE|[51]|Bytes:4
12:24:43.0 (58146541)|VARIABLE_ASSIGNMENT|[51]|j|60
12:24:43.0 (58148487)|HEAP_ALLOCATE|[50]|Bytes:4
12:24:43.0 (58150812)|VARIABLE_ASSIGNMENT|[50]|i|2
12:24:43.0 (58152488)|STATEMENT_EXECUTE|[50]
12:24:43.0 (58153617)|STATEMENT_EXECUTE|[51]
12:24:43.0 (58155139)|VARIABLE_SCOPE_BEGIN|[51]|j|Integer|false|false
12:24:43.0 (58156614)|HEAP_ALLOCATE|[51]|Bytes:4
12:24:43.0 (58158784)|VARIABLE_ASSIGNMENT|[51]|j|0
12:24:43.0 (58160265)|STATEMENT_EXECUTE|[51]
12:24:43.0 (58161553)|STATEMENT_EXECUTE|[52]
12:24:43.0 (58162501)|STATEMENT_EXECUTE|[53]
12:24:43.0 (58167896)|HEAP_ALLOCATE|[53]|Bytes:1
12:24:43.0 (58175190)|HEAP_ALLOCATE|[53]|Bytes:1
12:24:43.0 (58180071)|HEAP_ALLOCATE|[53]|Bytes:4
12:24:43.0 (58184713)|HEAP_ALLOCATE|[53]|Bytes:1
12:24:43.0 (58191946)|HEAP_ALLOCATE|[53]|Bytes:1
12:24:43.0 (58196706)|HEAP_ALLOCATE|[53]|Bytes:4
12:24:43.0 (58201110)|HEAP_ALLOCATE|[EXTERNAL]|Bytes:4
12:24:43.0 (58204535)|HEAP_ALLOCATE|[51]|Bytes:4
12:24:43.0 (58207016)|VARIABLE_ASSIGNMENT|[51]|j|30
12:24:43.0 (58208712)|STATEMENT_EXECUTE|[51]
12:24:43.0 (58209954)|STATEMENT_EXECUTE|[54]
12:24:43.0 (58210928)|STATEMENT_EXECUTE|[55]
12:24:43.0 (58216071)|HEAP_ALLOCATE|[55]|Bytes:1
12:24:43.0 (58223189)|HEAP_ALLOCATE|[55]|Bytes:2
12:24:43.0 (58227977)|HEAP_ALLOCATE|[55]|Bytes:4
12:24:43.0 (58232573)|HEAP_ALLOCATE|[55]|Bytes:1
12:24:43.0 (58239342)|HEAP_ALLOCATE|[55]|Bytes:2
12:24:43.0 (58244029)|HEAP_ALLOCATE|[55]|Bytes:4
12:24:43.0 (58248485)|HEAP_ALLOCATE|[EXTERNAL]|Bytes:4
12:24:43.0 (58251608)|HEAP_ALLOCATE|[51]|Bytes:4
12:24:43.0 (58254019)|VARIABLE_ASSIGNMENT|[51]|j|60
12:24:43.0 (58255821)|HEAP_ALLOCATE|[50]|Bytes:4
12:24:43.0 (58258029)|VARIABLE_ASSIGNMENT|[50]|i|3
12:24:43.0 (58259676)|STATEMENT_EXECUTE|[50]
12:24:43.0 (58260819)|STATEMENT_EXECUTE|[51]
12:24:43.0 (58262527)|VARIABLE_SCOPE_BEGIN|[51]|j|Integer|false|false
12:24:43.0 (58263850)|HEAP_ALLOCATE|[51]|Bytes:4
12:24:43.0 (58265961)|VARIABLE_ASSIGNMENT|[51]|j|0
12:24:43.0 (58267410)|STATEMENT_EXECUTE|[51]
12:24:43.0 (58268721)|STATEMENT_EXECUTE|[52]
12:24:43.0 (58269675)|STATEMENT_EXECUTE|[53]
12:24:43.0 (58274930)|HEAP_ALLOCATE|[53]|Bytes:1
12:24:43.0 (58282241)|HEAP_ALLOCATE|[53]|Bytes:1
12:24:43.0 (58287518)|HEAP_ALLOCATE|[53]|Bytes:4
12:24:43.0 (58292055)|HEAP_ALLOCATE|[53]|Bytes:1
12:24:43.0 (58299092)|HEAP_ALLOCATE|[53]|Bytes:1
12:24:43.0 (58303676)|HEAP_ALLOCATE|[53]|Bytes:4
12:24:43.0 (58308227)|HEAP_ALLOCATE|[EXTERNAL]|Bytes:4
12:24:43.0 (58311621)|HEAP_ALLOCATE|[51]|Bytes:4
12:24:43.0 (58314226)|VARIABLE_ASSIGNMENT|[51]|j|30
12:24:43.0 (58315963)|STATEMENT_EXECUTE|[51]
12:24:43.0 (58317192)|STATEMENT_EXECUTE|[54]
12:24:43.0 (58318138)|STATEMENT_EXECUTE|[55]
12:24:43.0 (58323272)|HEAP_ALLOCATE|[55]|Bytes:1
12:24:43.0 (58330608)|HEAP_ALLOCATE|[55]|Bytes:2
12:24:43.0 (58335503)|HEAP_ALLOCATE|[55]|Bytes:4
12:24:43.0 (58340347)|HEAP_ALLOCATE|[55]|Bytes:1
12:24:43.0 (58347155)|HEAP_ALLOCATE|[55]|Bytes:2
12:24:43.0 (58351747)|HEAP_ALLOCATE|[55]|Bytes:4
12:24:43.0 (58356076)|HEAP_ALLOCATE|[EXTERNAL]|Bytes:4
12:24:43.0 (58359325)|HEAP_ALLOCATE|[51]|Bytes:4
12:24:43.0 (58361876)|VARIABLE_ASSIGNMENT|[51]|j|60
12:24:43.0 (58363725)|HEAP_ALLOCATE|[50]|Bytes:4
12:24:43.0 (58365903)|VARIABLE_ASSIGNMENT|[50]|i|4
12:24:43.0 (58367562)|STATEMENT_EXECUTE|[50]
12:24:43.0 (58368686)|STATEMENT_EXECUTE|[51]
12:24:43.0 (58370223)|VARIABLE_SCOPE_BEGIN|[51]|j|Integer|false|false
12:24:43.0 (58371548)|HEAP_ALLOCATE|[51]|Bytes:4
12:24:43.0 (58373664)|VARIABLE_ASSIGNMENT|[51]|j|0
12:24:43.0 (58375159)|STATEMENT_EXECUTE|[51]
12:24:43.0 (58376386)|STATEMENT_EXECUTE|[52]
12:24:43.0 (58377321)|STATEMENT_EXECUTE|[53]
12:24:43.0 (58382418)|HEAP_ALLOCATE|[53]|Bytes:1
12:24:43.0 (58389882)|HEAP_ALLOCATE|[53]|Bytes:1
12:24:43.0 (58394695)|HEAP_ALLOCATE|[53]|Bytes:4
12:24:43.0 (58399319)|HEAP_ALLOCATE|[53]|Bytes:1
12:24:43.0 (58406650)|HEAP_ALLOCATE|[53]|Bytes:1
12:24:43.0 (58411345)|HEAP_ALLOCATE|[53]|Bytes:4
12:24:43.0 (58415619)|HEAP_ALLOCATE|[EXTERNAL]|Bytes:4
12:24:43.0 (58418863)|HEAP_ALLOCATE|[51]|Bytes:4
12:24:43.0 (58421398)|VARIABLE_ASSIGNMENT|[51]|j|30
12:24:43.0 (58423058)|STATEMENT_EXECUTE|[51]
12:24:43.0 (58424294)|STATEMENT_EXECUTE|[54]
12:24:43.0 (58425234)|STATEMENT_EXECUTE|[55]
12:24:43.0 (58430322)|HEAP_ALLOCATE|[55]|Bytes:1
12:24:43.0 (58437408)|HEAP_ALLOCATE|[55]|Bytes:2
12:24:43.0 (58442200)|HEAP_ALLOCATE|[55]|Bytes:4
12:24:43.0 (58446712)|HEAP_ALLOCATE|[55]|Bytes:1
12:24:43.0 (58453501)|HEAP_ALLOCATE|[55]|Bytes:2
12:24:43.0 (58458106)|HEAP_ALLOCATE|[55]|Bytes:4
12:24:43.0 (58462449)|HEAP_ALLOCATE|[EXTERNAL]|Bytes:4
12:24:43.0 (58465581)|HEAP_ALLOCATE|[51]|Bytes:4
12:24:43.0 (58468042)|VARIABLE_ASSIGNMENT|[51]|j|60
12:24:43.0 (58469895)|HEAP_ALLOCATE|[50]|Bytes:4
12:24:43.0 (58472024)|VARIABLE_ASSIGNMENT|[50]|i|5
12:24:43.0 (58473652)|STATEMENT_EXECUTE|[50]
12:24:43.0 (58474768)|STATEMENT_EXECUTE|[51]
12:24:43.0 (58476427)|VARIABLE_SCOPE_BEGIN|[51]|j|Integer|false|false
12:24:43.0 (58477728)|HEAP_ALLOCATE|[51]|Bytes:4
12:24:43.0 (58479890)|VARIABLE_ASSIGNMENT|[51]|j|0
12:24:43.0 (58481341)|STATEMENT_EXECUTE|[51]
12:24:43.0 (58482618)|STATEMENT_EXECUTE|[52]
12:24:43.0 (58483553)|STATEMENT_EXECUTE|[53]
12:24:43.0 (58488803)|HEAP_ALLOCATE|[53]|Bytes:1
12:24:43.0 (58495951)|HEAP_ALLOCATE|[53]|Bytes:1
12:24:43.0 (58500711)|HEAP_ALLOCATE|[53]|Bytes:4
12:24:43.0 (58505295)|HEAP_ALLOCATE|[53]|Bytes:1
12:24:43.0 (58512215)|HEAP_ALLOCATE|[53]|Bytes:1
12:24:43.0 (58516836)|HEAP_ALLOCATE|[53]|Bytes:4
12:24:43.0 (58521173)|HEAP_ALLOCATE|[EXTERNAL]|Bytes:4
12:24:43.0 (58524696)|HEAP_ALLOCATE|[51]|Bytes:4
12:24:43.0 (58527167)|VARIABLE_ASSIGNMENT|[51]|j|30
12:24:43.0 (58528853)|STATEMENT_EXECUTE|[51]
12:24:43.0 (58530114)|STATEMENT_EXECUTE|[54]
12:24:43.0 (58531051)|STATEMENT_EXECUTE|[55]
12:24:43.0 (58536224)|HEAP_ALLOCATE|[55]|Bytes:1
12:24:43.0 (58543285)|HEAP_ALLOCATE|[55]|Bytes:2
12:24:43.0 (58548131)|HEAP_ALLOCATE|[55]|Bytes:4
12:24:43.0 (58553229)|HEAP_ALLOCATE|[55]|Bytes:1
12:24:43.0 (58560031)|HEAP_ALLOCATE|[55]|Bytes:2
12:24:43.0 (58564651)|HEAP_ALLOCATE|[55]|Bytes:4
12:24:43.0 (58568911)|HEAP_ALLOCATE|[EXTERNAL]|Bytes:4
12:24:43.0 (58572082)|HEAP_ALLOCATE|[51]|Bytes:4
12:24:43.0 (58574573)|VARIABLE_ASSIGNMENT|[51]|j|60
12:24:43.0 (58576436)|HEAP_ALLOCATE|[50]|Bytes:4
12:24:43.0 (58578639)|VARIABLE_ASSIGNMENT|[50]|i|6
12:24:43.0 (58580299)|STATEMENT_EXECUTE|[50]
12:24:43.0 (58581444)|STATEMENT_EXECUTE|[51]
12:24:43.0 (58582927)|VARIABLE_SCOPE_BEGIN|[51]|j|Integer|false|false
12:24:43.0 (58584254)|HEAP_ALLOCATE|[51]|Bytes:4
12:24:43.0 (58586361)|VARIABLE_ASSIGNMENT|[51]|j|0
12:24:43.0 (58587838)|STATEMENT_EXECUTE|[51]
12:24:43.0 (58589095)|STATEMENT_EXECUTE|[52]
12:24:43.0 (58590036)|STATEMENT_EXECUTE|[53]
12:24:43.0 (58595211)|HEAP_ALLOCATE|[53]|Bytes:1
12:24:43.0 (58602432)|HEAP_ALLOCATE|[53]|Bytes:1
12:24:43.0 (58607153)|HEAP_ALLOCATE|[53]|Bytes:4
12:24:43.0 (58611725)|HEAP_ALLOCATE|[53]|Bytes:1
12:24:43.0 (58618593)|HEAP_ALLOCATE|[53]|Bytes:1
12:24:43.0 (58623402)|HEAP_ALLOCATE|[53]|Bytes:4
12:24:43.0 (58627702)|HEAP_ALLOCATE|[EXTERNAL]|Bytes:4
12:24:43.0 (58631117)|HEAP_ALLOCATE|[51]|Bytes:4
12:24:43.0 (58633593)|VARIABLE_ASSIGNMENT|[51]|j|30
12:24:43.0 (58635326)|STATEMENT_EXECUTE|[51]
12:24:43.0 (58636583)|STATEMENT_EXECUTE|[54]
12:24:43.0 (58637547)|STATEMENT_EXECUTE|[55]
12:24:43.0 (58642777)|HEAP_ALLOCATE|[55]|Bytes:1
12:24:43.0 (58649985)|HEAP_ALLOCATE|[55]|Bytes:2
12:24:43.0 (58654773)|HEAP_ALLOCATE|[55]|Bytes:4
12:24:43.0 (58659359)|HEAP_ALLOCATE|[55]|Bytes:1
12:24:43.0 (58666284)|HEAP_ALLOCATE|[55]|Bytes:2
12:24:43.0 (58670933)|HEAP_ALLOCATE|[55]|Bytes:4
12:24:43.0 (58675141)|HEAP_ALLOCATE|[EXTERNAL]|Bytes:4
12:24:43.0 (58678272)|HEAP_ALLOCATE|[51]|Bytes:4
12:24:43.0 (58680763)|VARIABLE_ASSIGNMENT|[51]|j|60
12:24:43.0 (58682549)|HEAP_ALLOCATE|[50]|Bytes:4
12:24:43.0 (58684764)|VARIABLE_ASSIGNMENT|[50]|i|7
12:24:43.0 (58686386)|STATEMENT_EXECUTE|[50]
12:24:43.0 (58687476)|STATEMENT_EXECUTE|[51]
12:24:43.0 (58688986)|VARIABLE_SCOPE_BEGIN|[51]|j|Integer|false|false
12:24:43.0 (58690791)|HEAP_ALLOCATE|[51]|Bytes:4
12:24:43.0 (58692941)|VARIABLE_ASSIGNMENT|[51]|j|0
12:24:43.0 (58694384)|STATEMENT_EXECUTE|[51]
12:24:43.0 (58695720)|STATEMENT_EXECUTE|[52]
12:24:43.0 (58696664)|STATEMENT_EXECUTE|[53]
12:24:43.0 (58701962)|HEAP_ALLOCATE|[53]|Bytes:1
12:24:43.0 (58709173)|HEAP_ALLOCATE|[53]|Bytes:1
12:24:43.0 (58713980)|HEAP_ALLOCATE|[53]|Bytes:4
12:24:43.0 (58718586)|HEAP_ALLOCATE|[53]|Bytes:1
12:24:43.0 (58725399)|HEAP_ALLOCATE|[53]|Bytes:1
12:24:43.0 (58730045)|HEAP_ALLOCATE|[53]|Bytes:4
12:24:43.0 (58734279)|HEAP_ALLOCATE|[EXTERNAL]|Bytes:4
12:24:43.0 (58737506)|HEAP_ALLOCATE|[51]|Bytes:4
12:24:43.0 (58740048)|VARIABLE_ASSIGNMENT|[51]|j|30
12:24:43.0 (58741720)|STATEMENT_EXECUTE|[51]
12:24:43.0 (58742936)|STATEMENT_EXECUTE|[54]
12:24:43.0 (58743961)|STATEMENT_EXECUTE|[55]
12:24:43.0 (58749032)|HEAP_ALLOCATE|[55]|Bytes:1
12:24:43.0 (58756146)|HEAP_ALLOCATE|[55]|Bytes:2
12:24:43.0 (58760890)|HEAP_ALLOCATE|[55]|Bytes:4
12:24:43.0 (58765763)|HEAP_ALLOCATE|[55]|Bytes:1
12:24:43.0 (58772610)|HEAP_ALLOCATE|[55]|Bytes:2
12:24:43.0 (58777227)|HEAP_ALLOCATE|[55]|Bytes:4
12:24:43.0 (58781465)|HEAP_ALLOCATE|[EXTERNAL]|Bytes:4
12:24:43.0 (58784748)|HEAP_ALLOCATE|[51]|Bytes:4
12:24:43.0 (58787180)|VARIABLE_ASSIGNMENT|[51]|j|60
12:24:43.0 (58788970)|HEAP_ALLOCATE|[50]|Bytes:4
12:24:43.0 (58791174)|VARIABLE_ASSIGNMENT|[50]|i|8
12:24:43.0 (58792797)|STATEMENT_EXECUTE|[50]
12:24:43.0 (58793953)|STATEMENT_EXECUTE|[51]
12:24:43.0 (58795460)|VARIABLE_SCOPE_BEGIN|[51]|j|Integer|false|false
12:24:43.0 (58796768)|HEAP_ALLOCATE|[51]|Bytes:4
12:24:43.0 (58798903)|VARIABLE_ASSIGNMENT|[51]|j|0
12:24:43.0 (58800359)|STATEMENT_EXECUTE|[51]
12:24:43.0 (58801616)|STATEMENT_EXECUTE|[52]
12:24:43.0 (58802556)|STATEMENT_EXECUTE|[53]
12:24:43.0 (58808023)|HEAP_ALLOCATE|[53]|Bytes:1
12:24:43.0 (58815233)|HEAP_ALLOCATE|[53]|Bytes:1
12:24:43.0 (58819974)|HEAP_ALLOCATE|[53]|Bytes:4
12:24:43.0 (58824614)|HEAP_ALLOCATE|[53]|Bytes:1
12:24:43.0 (58831419)|HEAP_ALLOCATE|[53]|Bytes:1
12:24:43.0 (58836321)|HEAP_ALLOCATE|[53]|Bytes:4
12:24:43.0 (58840586)|HEAP_ALLOCATE|[EXTERNAL]|Bytes:4
12:24:43.0 (58843895)|HEAP_ALLOCATE|[51]|Bytes:4
12:24:43.0 (58846359)|VARIABLE_ASSIGNMENT|[51]|j|30
12:24:43.0 (58847992)|STATEMENT_EXECUTE|[51]
12:24:43.0 (58849212)|STATEMENT_EXECUTE|[54]
12:24:43.0 (58850142)|STATEMENT_EXECUTE|[55]
12:24:43.0 (58855135)|HEAP_ALLOCATE|[55]|Bytes:1
12:24:43.0 (58862245)|HEAP_ALLOCATE|[55]|Bytes:2
12:24:43.0 (58867112)|HEAP_ALLOCATE|[55]|Bytes:4
12:24:43.0 (58871729)|HEAP_ALLOCATE|[55]|Bytes:1
12:24:43.0 (58878627)|HEAP_ALLOCATE|[55]|Bytes:2
12:24:43.0 (58887538)|HEAP_ALLOCATE|[55]|Bytes:4
12:24:43.0 (58892459)|HEAP_ALLOCATE|[EXTERNAL]|Bytes:4
12:24:43.0 (58895848)|HEAP_ALLOCATE|[51]|Bytes:4
12:24:43.0 (58898629)|VARIABLE_ASSIGNMENT|[51]|j|60
12:24:43.0 (58900589)|HEAP_ALLOCATE|[50]|Bytes:4
12:24:43.0 (58902791)|VARIABLE_ASSIGNMENT|[50]|i|9
12:24:43.0 (58904462)|STATEMENT_EXECUTE|[50]
12:24:43.0 (58905587)|STATEMENT_EXECUTE|[51]
12:24:43.0 (58907083)|VARIABLE_SCOPE_BEGIN|[51]|j|Integer|false|false
12:24:43.0 (58908971)|HEAP_ALLOCATE|[51]|Bytes:4
12:24:43.0 (58911108)|VARIABLE_ASSIGNMENT|[51]|j|0
12:24:43.0 (58912547)|STATEMENT_EXECUTE|[51]
12:24:43.0 (58913889)|STATEMENT_EXECUTE|[52]
12:24:43.0 (58914826)|STATEMENT_EXECUTE|[53]
12:24:43.0 (58920392)|HEAP_ALLOCATE|[53]|Bytes:1
12:24:43.0 (58927678)|HEAP_ALLOCATE|[53]|Bytes:1
12:24:43.0 (58932431)|HEAP_ALLOCATE|[53]|Bytes:4
12:24:43.0 (58936996)|HEAP_ALLOCATE|[53]|Bytes:1
12:24:43.0 (58943927)|HEAP_ALLOCATE|[53]|Bytes:1
12:24:43.0 (58948471)|HEAP_ALLOCATE|[53]|Bytes:4
12:24:43.0 (58952773)|HEAP_ALLOCATE|[EXTERNAL]|Bytes:4
12:24:43.0 (58956071)|HEAP_ALLOCATE|[51]|Bytes:4
12:24:43.0 (58958516)|VARIABLE_ASSIGNMENT|[51]|j|30
12:24:43.0 (58960246)|STATEMENT_EXECUTE|[51]
12:24:43.0 (58961472)|STATEMENT_EXECUTE|[54]
12:24:43.0 (58962420)|STATEMENT_EXECUTE|[55]
12:24:43.0 (58967475)|HEAP_ALLOCATE|[55]|Bytes:1
12:24:43.0 (58974541)|HEAP_ALLOCATE|[55]|Bytes:2
12:24:43.0 (58979392)|HEAP_ALLOCATE|[55]|Bytes:4
12:24:43.0 (58983953)|HEAP_ALLOCATE|[55]|Bytes:1
12:24:43.0 (58991006)|HEAP_ALLOCATE|[55]|Bytes:2
12:24:43.0 (58995719)|HEAP_ALLOCATE|[55]|Bytes:4
12:24:43.0 (58999967)|HEAP_ALLOCATE|[EXTERNAL]|Bytes:4
12:24:43.0 (59003172)|HEAP_ALLOCATE|[51]|Bytes:4
12:24:43.0 (59006084)|VARIABLE_ASSIGNMENT|[51]|j|60
12:24:43.0 (59007978)|HEAP_ALLOCATE|[50]|Bytes:4
12:24:43.0 (59010154)|VARIABLE_ASSIGNMENT|[50]|i|10
12:24:43.0 (59011842)|STATEMENT_EXECUTE|[50]
12:24:43.0 (59013002)|STATEMENT_EXECUTE|[51]
12:24:43.0 (59014472)|VARIABLE_SCOPE_BEGIN|[51]|j|Integer|false|false
12:24:43.0 (59015880)|HEAP_ALLOCATE|[51]|Bytes:4
12:24:43.0 (59018047)|VARIABLE_ASSIGNMENT|[51]|j|0
12:24:43.0 (59019543)|STATEMENT_EXECUTE|[51]
12:24:43.0 (59020859)|STATEMENT_EXECUTE|[52]
12:24:43.0 (59021815)|STATEMENT_EXECUTE|[53]
12:24:43.0 (59027113)|HEAP_ALLOCATE|[53]|Bytes:2
12:24:43.0 (59034184)|HEAP_ALLOCATE|[53]|Bytes:1
12:24:43.0 (59038960)|HEAP_ALLOCATE|[53]|Bytes:5
12:24:43.0 (59043503)|HEAP_ALLOCATE|[53]|Bytes:2
12:24:43.0 (59050423)|HEAP_ALLOCATE|[53]|Bytes:1
12:24:43.0 (59055508)|HEAP_ALLOCATE|[53]|Bytes:5
12:24:43.0 (59059880)|HEAP_ALLOCATE|[EXTERNAL]|Bytes:4
12:24:43.0 (59063173)|HEAP_ALLOCATE|[51]|Bytes:4
12:24:43.0 (59065716)|VARIABLE_ASSIGNMENT|[51]|j|30
12:24:43.0 (59067464)|STATEMENT_EXECUTE|[51]
12:24:43.0 (59068705)|STATEMENT_EXECUTE|[54]
12:24:43.0 (59069654)|STATEMENT_EXECUTE|[55]
12:24:43.0 (59075019)|HEAP_ALLOCATE|[55]|Bytes:2
12:24:43.0 (59082126)|HEAP_ALLOCATE|[55]|Bytes:2
12:24:43.0 (59086936)|HEAP_ALLOCATE|[55]|Bytes:5
12:24:43.0 (59091441)|HEAP_ALLOCATE|[55]|Bytes:2
12:24:43.0 (59098260)|HEAP_ALLOCATE|[55]|Bytes:2
12:24:43.0 (59102942)|HEAP_ALLOCATE|[55]|Bytes:5
12:24:43.0 (59107351)|HEAP_ALLOCATE|[EXTERNAL]|Bytes:4
12:24:43.0 (59110581)|HEAP_ALLOCATE|[51]|Bytes:4
12:24:43.0 (59113124)|VARIABLE_ASSIGNMENT|[51]|j|60
12:24:43.0 (59114938)|HEAP_ALLOCATE|[50]|Bytes:4
12:24:43.0 (59117164)|VARIABLE_ASSIGNMENT|[50]|i|11
12:24:43.0 (59118758)|STATEMENT_EXECUTE|[50]
12:24:43.0 (59119891)|STATEMENT_EXECUTE|[51]
12:24:43.0 (59121424)|VARIABLE_SCOPE_BEGIN|[51]|j|Integer|false|false
12:24:43.0 (59123082)|HEAP_ALLOCATE|[51]|Bytes:4
12:24:43.0 (59125191)|VARIABLE_ASSIGNMENT|[51]|j|0
12:24:43.0 (59126717)|STATEMENT_EXECUTE|[51]
12:24:43.0 (59127961)|STATEMENT_EXECUTE|[52]
12:24:43.0 (59128894)|STATEMENT_EXECUTE|[53]
12:24:43.0 (59134068)|HEAP_ALLOCATE|[53]|Bytes:2
12:24:43.0 (59141252)|HEAP_ALLOCATE|[53]|Bytes:1
12:24:43.0 (59145961)|HEAP_ALLOCATE|[53]|Bytes:5
12:24:43.0 (59150525)|HEAP_ALLOCATE|[53]|Bytes:2
12:24:43.0 (59157467)|HEAP_ALLOCATE|[53]|Bytes:1
12:24:43.0 (59162032)|HEAP_ALLOCATE|[53]|Bytes:5
12:24:43.0 (59166277)|HEAP_ALLOCATE|[EXTERNAL]|Bytes:4
12:24:43.0 (59169630)|HEAP_ALLOCATE|[51]|Bytes:4
12:24:43.0 (59172133)|VARIABLE_ASSIGNMENT|[51]|j|30
12:24:43.0 (59173843)|STATEMENT_EXECUTE|[51]
12:24:43.0 (59175092)|STATEMENT_EXECUTE|[54]
12:24:43.0 (59176131)|STATEMENT_EXECUTE|[55]
12:24:43.0 (59181234)|HEAP_ALLOCATE|[55]|Bytes:2
12:24:43.0 (59188263)|HEAP_ALLOCATE|[55]|Bytes:2
12:24:43.0 (59193004)|HEAP_ALLOCATE|[55]|Bytes:5
12:24:43.0 (59197501)|HEAP_ALLOCATE|[55]|Bytes:2
12:24:43.0 (59204879)|HEAP_ALLOCATE|[55]|Bytes:2
12:24:43.0 (59209553)|HEAP_ALLOCATE|[55]|Bytes:5
12:24:43.0 (59213751)|HEAP_ALLOCATE|[EXTERNAL]|Bytes:4
12:24:43.0 (59216879)|HEAP_ALLOCATE|[51]|Bytes:4
12:24:43.0 (59219312)|VARIABLE_ASSIGNMENT|[51]|j|60
12:24:43.0 (59221128)|HEAP_ALLOCATE|[50]|Bytes:4
12:24:43.0 (59223382)|VARIABLE_ASSIGNMENT|[50]|i|12
12:24:43.0 (59224983)|STATEMENT_EXECUTE|[50]
12:24:43.0 (59226104)|STATEMENT_EXECUTE|[51]
12:24:43.0 (59227757)|VARIABLE_SCOPE_BEGIN|[51]|j|Integer|false|false
12:24:43.0 (59229072)|HEAP_ALLOCATE|[51]|Bytes:4
12:24:43.0 (59231247)|VARIABLE_ASSIGNMENT|[51]|j|0
12:24:43.0 (59232716)|STATEMENT_EXECUTE|[51]
12:24:43.0 (59233977)|STATEMENT_EXECUTE|[52]
12:24:43.0 (59234914)|STATEMENT_EXECUTE|[53]
12:24:43.0 (59240100)|HEAP_ALLOCATE|[53]|Bytes:2
12:24:43.0 (59247234)|HEAP_ALLOCATE|[53]|Bytes:1
12:24:43.0 (59252039)|HEAP_ALLOCATE|[53]|Bytes:5
12:24:43.0 (59256626)|HEAP_ALLOCATE|[53]|Bytes:2
12:24:43.0 (59263543)|HEAP_ALLOCATE|[53]|Bytes:1
12:24:43.0 (59268581)|HEAP_ALLOCATE|[53]|Bytes:5
12:24:43.0 (59272921)|HEAP_ALLOCATE|[EXTERNAL]|Bytes:4
12:24:43.0 (59276208)|HEAP_ALLOCATE|[51]|Bytes:4
12:24:43.0 (59278663)|VARIABLE_ASSIGNMENT|[51]|j|30
12:24:43.0 (59280353)|STATEMENT_EXECUTE|[51]
12:24:43.0 (59281570)|STATEMENT_EXECUTE|[54]
12:24:43.0 (59282512)|STATEMENT_EXECUTE|[55]
12:24:43.0 (59287505)|HEAP_ALLOCATE|[55]|Bytes:2
12:24:43.0 (59294591)|HEAP_ALLOCATE|[55]|Bytes:2
12:24:43.0 (59299320)|HEAP_ALLOCATE|[55]|Bytes:5
12:24:43.0 (59303784)|HEAP_ALLOCATE|[55]|Bytes:2
12:24:43.0 (59310642)|HEAP_ALLOCATE|[55]|Bytes:2
12:24:43.0 (59315397)|HEAP_ALLOCATE|[55]|Bytes:5
12:24:43.0 (59319670)|HEAP_ALLOCATE|[EXTERNAL]|Bytes:4
12:24:43.0 (59322914)|HEAP_ALLOCATE|[51]|Bytes:4
12:24:43.0 (59325385)|VARIABLE_ASSIGNMENT|[51]|j|60
12:24:43.0 (59327149)|HEAP_ALLOCATE|[50]|Bytes:4
12:24:43.0 (59329348)|VARIABLE_ASSIGNMENT|[50]|i|13
12:24:43.0 (59331006)|STATEMENT_EXECUTE|[50]
12:24:43.0 (59332128)|STATEMENT_EXECUTE|[51]
12:24:43.0 (59333814)|VARIABLE_SCOPE_BEGIN|[51]|j|Integer|false|false
12:24:43.0 (59335293)|HEAP_ALLOCATE|[51]|Bytes:4
12:24:43.0 (59337552)|VARIABLE_ASSIGNMENT|[51]|j|0
12:24:43.0 (59338996)|STATEMENT_EXECUTE|[51]
12:24:43.0 (59340231)|STATEMENT_EXECUTE|[52]
12:24:43.0 (59341207)|STATEMENT_EXECUTE|[53]
12:24:43.0 (59346570)|HEAP_ALLOCATE|[53]|Bytes:2
12:24:43.0 (59353662)|HEAP_ALLOCATE|[53]|Bytes:1
12:24:43.0 (59358500)|HEAP_ALLOCATE|[53]|Bytes:5
12:24:43.0 (59363107)|HEAP_ALLOCATE|[53]|Bytes:2
12:24:43.0 (59369973)|HEAP_ALLOCATE|[53]|Bytes:1
12:24:43.0 (59374584)|HEAP_ALLOCATE|[53]|Bytes:5
12:24:43.0 (59379038)|HEAP_ALLOCATE|[EXTERNAL]|Bytes:4
12:24:43.0 (59382252)|HEAP_ALLOCATE|[51]|Bytes:4
12:24:43.0 (59384771)|VARIABLE_ASSIGNMENT|[51]|j|30
12:24:43.0 (59386444)|STATEMENT_EXECUTE|[51]
12:24:43.0 (59387668)|STATEMENT_EXECUTE|[54]
12:24:43.0 (59388612)|STATEMENT_EXECUTE|[55]
12:24:43.0 (59393699)|HEAP_ALLOCATE|[55]|Bytes:2
12:24:43.0 (59400655)|HEAP_ALLOCATE|[55]|Bytes:2
12:24:43.0 (59405470)|HEAP_ALLOCATE|[55]|Bytes:5
12:24:43.0 (59409954)|HEAP_ALLOCATE|[55]|Bytes:2
12:24:43.0 (59417255)|HEAP_ALLOCATE|[55]|Bytes:2
12:24:43.0 (59421886)|HEAP_ALLOCATE|[55]|Bytes:5
12:24:43.0 (59426143)|HEAP_ALLOCATE|[EXTERNAL]|Bytes:4
12:24:43.0 (59429242)|HEAP_ALLOCATE|[51]|Bytes:4
12:24:43.0 (59431783)|VARIABLE_ASSIGNMENT|[51]|j|60
12:24:43.0 (59433644)|HEAP_ALLOCATE|[50]|Bytes:4
12:24:43.0 (59435821)|VARIABLE_ASSIGNMENT|[50]|i|14
12:24:43.0 (59437417)|STATEMENT_EXECUTE|[50]
12:24:43.0 (59438667)|STATEMENT_EXECUTE|[51]
12:24:43.0 (59440179)|VARIABLE_SCOPE_BEGIN|[51]|j|Integer|false|false
12:24:43.0 (59441628)|HEAP_ALLOCATE|[51]|Bytes:4
12:24:43.0 (59443713)|VARIABLE_ASSIGNMENT|[51]|j|0
12:24:43.0 (59445174)|STATEMENT_EXECUTE|[51]
12:24:43.0 (59446405)|STATEMENT_EXECUTE|[52]
12:24:43.0 (59447338)|STATEMENT_EXECUTE|[53]
12:24:43.0 (59452544)|HEAP_ALLOCATE|[53]|Bytes:2
12:24:43.0 (59459681)|HEAP_ALLOCATE|[53]|Bytes:1
12:24:43.0 (59464423)|HEAP_ALLOCATE|[53]|Bytes:5
12:24:43.0 (59468960)|HEAP_ALLOCATE|[53]|Bytes:2
12:24:43.0 (59475887)|HEAP_ALLOCATE|[53]|Bytes:1
12:24:43.0 (59480484)|HEAP_ALLOCATE|[53]|Bytes:5
12:24:43.0 (59484980)|HEAP_ALLOCATE|[EXTERNAL]|Bytes:4
12:24:43.0 (59488230)|HEAP_ALLOCATE|[51]|Bytes:4
12:24:43.0 (59490933)|VARIABLE_ASSIGNMENT|[51]|j|30
12:24:43.0 (59492511)|STATEMENT_EXECUTE|[51]
12:24:43.0 (59493738)|STATEMENT_EXECUTE|[54]
12:24:43.0 (59494716)|STATEMENT_EXECUTE|[55]
12:24:43.0 (59499909)|HEAP_ALLOCATE|[55]|Bytes:2
12:24:43.0 (59507233)|HEAP_ALLOCATE|[55]|Bytes:2
12:24:43.0 (59512010)|HEAP_ALLOCATE|[55]|Bytes:5
12:24:43.0 (59516546)|HEAP_ALLOCATE|[55]|Bytes:2
12:24:43.0 (59523383)|HEAP_ALLOCATE|[55]|Bytes:2
12:24:43.0 (59527950)|HEAP_ALLOCATE|[55]|Bytes:5
12:24:43.0 (59532120)|HEAP_ALLOCATE|[EXTERNAL]|Bytes:4
12:24:43.0 (59535396)|HEAP_ALLOCATE|[51]|Bytes:4
12:24:43.0 (59537846)|VARIABLE_ASSIGNMENT|[51]|j|60
12:24:43.0 (59539661)|HEAP_ALLOCATE|[50]|Bytes:4
12:24:43.0 (59541876)|VARIABLE_ASSIGNMENT|[50]|i|15
12:24:43.0 (59543530)|STATEMENT_EXECUTE|[50]
12:24:43.0 (59544617)|STATEMENT_EXECUTE|[51]
12:24:43.0 (59546109)|VARIABLE_SCOPE_BEGIN|[51]|j|Integer|false|false
12:24:43.0 (59547622)|HEAP_ALLOCATE|[51]|Bytes:4
12:24:43.0 (59549772)|VARIABLE_ASSIGNMENT|[51]|j|0
12:24:43.0 (59551221)|STATEMENT_EXECUTE|[51]
12:24:43.0 (59552619)|STATEMENT_EXECUTE|[52]
12:24:43.0 (59553564)|STATEMENT_EXECUTE|[53]
12:24:43.0 (59558684)|HEAP_ALLOCATE|[53]|Bytes:2
12:24:43.0 (59565919)|HEAP_ALLOCATE|[53]|Bytes:1
12:24:43.0 (59570637)|HEAP_ALLOCATE|[53]|Bytes:5
12:24:43.0 (59575190)|HEAP_ALLOCATE|[53]|Bytes:2
12:24:43.0 (59582098)|HEAP_ALLOCATE|[53]|Bytes:1
12:24:43.0 (59586654)|HEAP_ALLOCATE|[53]|Bytes:5
12:24:43.0 (59591071)|HEAP_ALLOCATE|[EXTERNAL]|Bytes:4
12:24:43.0 (59594276)|HEAP_ALLOCATE|[51]|Bytes:4
12:24:43.0 (59596877)|VARIABLE_ASSIGNMENT|[51]|j|30
12:24:43.0 (59598535)|STATEMENT_EXECUTE|[51]
12:24:43.0 (59599792)|STATEMENT_EXECUTE|[54]
12:24:43.0 (59600751)|STATEMENT_EXECUTE|[55]
12:24:43.0 (59605864)|HEAP_ALLOCATE|[55]|Bytes:2
12:24:43.0 (59612884)|HEAP_ALLOCATE|[55]|Bytes:2
12:24:43.0 (59617605)|HEAP_ALLOCATE|[55]|Bytes:5
12:24:43.0 (59622186)|HEAP_ALLOCATE|[55]|Bytes:2
12:24:43.0 (59629323)|HEAP_ALLOCATE|[55]|Bytes:2
12:24:43.0 (59633955)|HEAP_ALLOCATE|[55]|Bytes:5
12:24:43.0 (59638326)|HEAP_ALLOCATE|[EXTERNAL]|Bytes:4
12:24:43.0 (59641549)|HEAP_ALLOCATE|[51]|Bytes:4
12:24:43.0 (59644050)|VARIABLE_ASSIGNMENT|[51]|j|60
12:24:43.0 (59645807)|HEAP_ALLOCATE|[50]|Bytes:4
12:24:43.0 (59648132)|VARIABLE_ASSIGNMENT|[50]|i|16
12:24:43.0 (59649735)|STATEMENT_EXECUTE|[50]
12:24:43.0 (59650837)|STATEMENT_EXECUTE|[51]
12:24:43.0 (59652385)|VARIABLE_SCOPE_BEGIN|[51]|j|Integer|false|false
12:24:43.0 (59653717)|HEAP_ALLOCATE|[51]|Bytes:4
12:24:43.0 (59655840)|VARIABLE_ASSIGNMENT|[51]|j|0
12:24:43.0 (59657279)|STATEMENT_EXECUTE|[51]
12:24:43.0 (59658580)|STATEMENT_EXECUTE|[52]
12:24:43.0 (59659517)|STATEMENT_EXECUTE|[53]
12:24:43.0 (59664619)|HEAP_ALLOCATE|[53]|Bytes:2
12:24:43.0 (59671695)|HEAP_ALLOCATE|[53]|Bytes:1
12:24:43.0 (59676378)|HEAP_ALLOCATE|[53]|Bytes:5
12:24:43.0 (59680906)|HEAP_ALLOCATE|[53]|Bytes:2
12:24:43.0 (59687844)|HEAP_ALLOCATE|[53]|Bytes:1
12:24:43.0 (59692379)|HEAP_ALLOCATE|[53]|Bytes:5
12:24:43.0 (59697374)|HEAP_ALLOCATE|[EXTERNAL]|Bytes:4
12:24:43.0 (59700638)|HEAP_ALLOCATE|[51]|Bytes:4
12:24:43.0 (59703139)|VARIABLE_ASSIGNMENT|[51]|j|30
12:24:43.0 (59704861)|STATEMENT_EXECUTE|[51]
12:24:43.0 (59706083)|STATEMENT_EXECUTE|[54]
12:24:43.0 (59707062)|STATEMENT_EXECUTE|[55]
12:24:43.0 (59712106)|HEAP_ALLOCATE|[55]|Bytes:2
12:24:43.0 (59719094)|HEAP_ALLOCATE|[55]|Bytes:2
12:24:43.0 (59723856)|HEAP_ALLOCATE|[55]|Bytes:5
12:24:43.0 (59728342)|HEAP_ALLOCATE|[55]|Bytes:2
12:24:43.0 (59735092)|HEAP_ALLOCATE|[55]|Bytes:2
12:24:43.0 (59740004)|HEAP_ALLOCATE|[55]|Bytes:5
12:24:43.0 (59744180)|HEAP_ALLOCATE|[EXTERNAL]|Bytes:4
12:24:43.0 (59747529)|HEAP_ALLOCATE|[51]|Bytes:4
12:24:43.0 (59749956)|VARIABLE_ASSIGNMENT|[51]|j|60
12:24:43.0 (59751747)|HEAP_ALLOCATE|[50]|Bytes:4
12:24:43.0 (59754002)|VARIABLE_ASSIGNMENT|[50]|i|17
12:24:43.0 (59755579)|STATEMENT_EXECUTE|[50]
12:24:43.0 (59756679)|STATEMENT_EXECUTE|[51]
12:24:43.0 (59758155)|VARIABLE_SCOPE_BEGIN|[51]|j|Integer|false|false
12:24:43.0 (59760039)|HEAP_ALLOCATE|[51]|Bytes:4
12:24:43.0 (59762171)|VARIABLE_ASSIGNMENT|[51]|j|0
12:24:43.0 (59763687)|STATEMENT_EXECUTE|[51]
12:24:43.0 (59764969)|STATEMENT_EXECUTE|[52]
12:24:43.0 (59765903)|STATEMENT_EXECUTE|[53]
12:24:43.0 (59771167)|HEAP_ALLOCATE|[53]|Bytes:2
12:24:43.0 (59778386)|HEAP_ALLOCATE|[53]|Bytes:1
12:24:43.0 (59783134)|HEAP_ALLOCATE|[53]|Bytes:5
12:24:43.0 (59787831)|HEAP_ALLOCATE|[53]|Bytes:2
12:24:43.0 (59794716)|HEAP_ALLOCATE|[53]|Bytes:1
12:24:43.0 (59799592)|HEAP_ALLOCATE|[53]|Bytes:5
12:24:43.0 (59804064)|HEAP_ALLOCATE|[EXTERNAL]|Bytes:4
12:24:43.0 (59807278)|HEAP_ALLOCATE|[51]|Bytes:4
12:24:43.0 (59809712)|VARIABLE_ASSIGNMENT|[51]|j|30
12:24:43.0 (59811308)|STATEMENT_EXECUTE|[51]
12:24:43.0 (59812523)|STATEMENT_EXECUTE|[54]
12:24:43.0 (59813475)|STATEMENT_EXECUTE|[55]
12:24:43.0 (59818561)|HEAP_ALLOCATE|[55]|Bytes:2
12:24:43.0 (59825725)|HEAP_ALLOCATE|[55]|Bytes:2
12:24:43.0 (59830440)|HEAP_ALLOCATE|[55]|Bytes:5
12:24:43.0 (59834940)|HEAP_ALLOCATE|[55]|Bytes:2
12:24:43.0 (59841898)|HEAP_ALLOCATE|[55]|Bytes:2
12:24:43.0 (59846553)|HEAP_ALLOCATE|[55]|Bytes:5
12:24:43.0 (59850864)|HEAP_ALLOCATE|[EXTERNAL]|Bytes:4
12:24:43.0 (59854048)|HEAP_ALLOCATE|[51]|Bytes:4
12:24:43.0 (59856586)|VARIABLE_ASSIGNMENT|[51]|j|60
12:24:43.0 (59858321)|HEAP_ALLOCATE|[50]|Bytes:4
12:24:43.0 (59860545)|VARIABLE_ASSIGNMENT|[50]|i|18
12:24:43.0 (59862199)|STATEMENT_EXECUTE|[50]
12:24:43.0 (59863317)|STATEMENT_EXECUTE|[51]
12:24:43.0 (59864854)|VARIABLE_SCOPE_BEGIN|[51]|j|Integer|false|false
12:24:43.0 (59866228)|HEAP_ALLOCATE|[51]|Bytes:4
12:24:43.0 (59868479)|VARIABLE_ASSIGNMENT|[51]|j|0
12:24:43.0 (59869915)|STATEMENT_EXECUTE|[51]
12:24:43.0 (59871192)|STATEMENT_EXECUTE|[52]
12:24:43.0 (59872129)|STATEMENT_EXECUTE|[53]
12:24:43.0 (59877356)|HEAP_ALLOCATE|[53]|Bytes:2
12:24:43.0 (59887708)|HEAP_ALLOCATE|[53]|Bytes:1
12:24:43.0 (59892692)|HEAP_ALLOCATE|[53]|Bytes:5
12:24:43.0 (59897291)|HEAP_ALLOCATE|[53]|Bytes:2
12:24:43.0 (59904193)|HEAP_ALLOCATE|[53]|Bytes:1
12:24:43.0 (59908756)|HEAP_ALLOCATE|[53]|Bytes:5
12:24:43.0 (59913640)|HEAP_ALLOCATE|[EXTERNAL]|Bytes:4
12:24:43.0 (59916868)|HEAP_ALLOCATE|[51]|Bytes:4
12:24:43.0 (59919424)|VARIABLE_ASSIGNMENT|[51]|j|30
12:24:43.0 (59921414)|STATEMENT_EXECUTE|[51]
12:24:43.0 (59922693)|STATEMENT_EXECUTE|[54]
12:24:43.0 (59923649)|STATEMENT_EXECUTE|[55]
12:24:43.0 (59928628)|HEAP_ALLOCATE|[55]|Bytes:2
12:24:43.0 (59935651)|HEAP_ALLOCATE|[55]|Bytes:2
12:24:43.0 (59940390)|HEAP_ALLOCATE|[55]|Bytes:5
12:24:43.0 (59944946)|HEAP_ALLOCATE|[55]|Bytes:2
12:24:43.0 (59951801)|HEAP_ALLOCATE|[55]|Bytes:2
12:24:43.0 (59956451)|HEAP_ALLOCATE|[55]|Bytes:5
12:24:43.0 (59960586)|HEAP_ALLOCATE|[EXTERNAL]|Bytes:4
12:24:43.0 (59963814)|HEAP_ALLOCATE|[51]|Bytes:4
12:24:43.0 (59966282)|VARIABLE_ASSIGNMENT|[51]|j|60
12:24:43.0 (59968068)|HEAP_ALLOCATE|[50]|Bytes:4
12:24:43.0 (59970228)|VARIABLE_ASSIGNMENT|[50]|i|19
12:24:43.0 (59971886)|STATEMENT_EXECUTE|[50]
12:24:43.0 (59973079)|STATEMENT_EXECUTE|[51]
12:24:43.0 (59974629)|VARIABLE_SCOPE_BEGIN|[51]|j|Integer|false|false
12:24:43.0 (59976347)|HEAP_ALLOCATE|[51]|Bytes:4
12:24:43.0 (59978472)|VARIABLE_ASSIGNMENT|[51]|j|0
12:24:43.0 (59979939)|STATEMENT_EXECUTE|[51]
12:24:43.0 (59981175)|STATEMENT_EXECUTE|[52]
12:24:43.0 (59982112)|STATEMENT_EXECUTE|[53]
12:24:43.0 (59987318)|HEAP_ALLOCATE|[53]|Bytes:2
12:24:43.0 (59994474)|HEAP_ALLOCATE|[53]|Bytes:1
12:24:43.0 (59999181)|HEAP_ALLOCATE|[53]|Bytes:5
12:24:43.0 (60003774)|HEAP_ALLOCATE|[53]|Bytes:2
12:24:43.0 (60011031)|HEAP_ALLOCATE|[53]|Bytes:1
12:24:43.0 (60015791)|HEAP_ALLOCATE|[53]|Bytes:5
12:24:43.0 (60020253)|HEAP_ALLOCATE|[EXTERNAL]|Bytes:4
12:24:43.0 (60023639)|HEAP_ALLOCATE|[51]|Bytes:4
12:24:43.0 (60026183)|VARIABLE_ASSIGNMENT|[51]|j|30
12:24:43.0 (60027896)|STATEMENT_EXECUTE|[51]
12:24:43.0 (60029135)|STATEMENT_EXECUTE|[54]
12:24:43.0 (60030135)|STATEMENT_EXECUTE|[55]
12:24:43.0 (60035264)|HEAP_ALLOCATE|[55]|Bytes:2
12:24:43.0 (60042339)|HEAP_ALLOCATE|[55]|Bytes:2
12:24:43.0 (60047175)|HEAP_ALLOCATE|[55]|Bytes:5
12:24:43.0 (60051668)|HEAP_ALLOCATE|[55]|Bytes:2
12:24:43.0 (60058508)|HEAP_ALLOCATE|[55]|Bytes:2
12:24:43.0 (60063467)|HEAP_ALLOCATE|[55]|Bytes:5
12:24:43.0 (60067678)|HEAP_ALLOCATE|[EXTERNAL]|Bytes:4
12:24:43.0 (60071022)|HEAP_ALLOCATE|[51]|Bytes:4
12:24:43.0 (60073541)|VARIABLE_ASSIGNMENT|[51]|j|60
12:24:43.0 (60075368)|HEAP_ALLOCATE|[50]|Bytes:4
12:24:43.0 (60077647)|VARIABLE_ASSIGNMENT|[50]|i|20
12:24:43.0 (60079344)|STATEMENT_EXECUTE|[50]
12:24:43.0 (60080545)|STATEMENT_EXECUTE|[51]
12:24:43.0 (60082068)|VARIABLE_SCOPE_BEGIN|[51]|j|Integer|false|false
12:24:43.0 (60083428)|HEAP_ALLOCATE|[51]|Bytes:4
12:24:43.0 (60086003)|VARIABLE_ASSIGNMENT|[51]|j|0
12:24:43.0 (60087919)|STATEMENT_EXECUTE|[51]
12:24:43.0 (60089327)|STATEMENT_EXECUTE|[52]
12:24:43.0 (60090354)|STATEMENT_EXECUTE|[53]
12:24:43.0 (60095955)|HEAP_ALLOCATE|[53]|Bytes:2
12:24:43.0 (60103280)|HEAP_ALLOCATE|[53]|Bytes:1
12:24:43.0 (60107966)|HEAP_ALLOCATE|[53]|Bytes:5
12:24:43.0 (60112503)|HEAP_ALLOCATE|[53]|Bytes:2
12:24:43.0 (60119295)|HEAP_ALLOCATE|[53]|Bytes:1
12:24:43.0 (60124011)|HEAP_ALLOCATE|[53]|Bytes:5
12:24:43.0 (60128309)|HEAP_ALLOCATE|[EXTERNAL]|Bytes:4
12:24:43.0 (60131584)|HEAP_ALLOCATE|[51]|Bytes:4
12:24:43.0 (60134192)|VARIABLE_ASSIGNMENT|[51]|j|30
12:24:43.0 (60135839)|STATEMENT_EXECUTE|[51]
12:24:43.0 (60137050)|STATEMENT_EXECUTE|[54]
12:24:43.0 (60138001)|STATEMENT_EXECUTE|[55]
12:24:43.0 (60143005)|HEAP_ALLOCATE|[55]|Bytes:2
12:24:43.0 (60150033)|HEAP_ALLOCATE|[55]|Bytes:2
12:24:43.0 (60154849)|HEAP_ALLOCATE|[55]|Bytes:5
12:24:43.0 (60159317)|HEAP_ALLOCATE|[55]|Bytes:2
12:24:43.0 (60166114)|HEAP_ALLOCATE|[55]|Bytes:2
12:24:43.0 (60170694)|HEAP_ALLOCATE|[55]|Bytes:5
12:24:43.0 (60175003)|HEAP_ALLOCATE|[EXTERNAL]|Bytes:4
12:24:43.0 (60178244)|HEAP_ALLOCATE|[51]|Bytes:4
12:24:43.0 (60180727)|VARIABLE_ASSIGNMENT|[51]|j|60
12:24:43.0 (60182486)|HEAP_ALLOCATE|[50]|Bytes:4
12:24:43.0 (60184670)|VARIABLE_ASSIGNMENT|[50]|i|21
12:24:43.0 (60186353)|STATEMENT_EXECUTE|[50]
12:24:43.0 (60187605)|STATEMENT_EXECUTE|[51]
12:24:43.0 (60189111)|VARIABLE_SCOPE_BEGIN|[51]|j|Integer|false|false
12:24:43.0 (60190460)|HEAP_ALLOCATE|[51]|Bytes:4
12:24:43.0 (60192750)|VARIABLE_ASSIGNMENT|[51]|j|0
12:24:43.0 (60194302)|STATEMENT_EXECUTE|[51]
12:24:43.0 (60195526)|STATEMENT_EXECUTE|[52]
12:24:43.0 (60196489)|STATEMENT_EXECUTE|[53]
12:24:43.0 (60201751)|HEAP_ALLOCATE|[53]|Bytes:2
12:24:43.0 (60208899)|HEAP_ALLOCATE|[53]|Bytes:1
12:24:43.0 (60213584)|HEAP_ALLOCATE|[53]|Bytes:5
12:24:43.0 (60218100)|HEAP_ALLOCATE|[53]|Bytes:2
12:24:43.0 (60224897)|HEAP_ALLOCATE|[53]|Bytes:1
12:24:43.0 (60229556)|HEAP_ALLOCATE|[53]|Bytes:5
12:24:43.0 (60233877)|HEAP_ALLOCATE|[EXTERNAL]|Bytes:4
12:24:43.0 (60237041)|HEAP_ALLOCATE|[51]|Bytes:4
12:24:43.0 (60239624)|VARIABLE_ASSIGNMENT|[51]|j|30
12:24:43.0 (60241229)|STATEMENT_EXECUTE|[51]
12:24:43.0 (60242480)|STATEMENT_EXECUTE|[54]
12:24:43.0 (60243449)|STATEMENT_EXECUTE|[55]
12:24:43.0 (60248362)|HEAP_ALLOCATE|[55]|Bytes:2
12:24:43.0 (60255417)|HEAP_ALLOCATE|[55]|Bytes:2
12:24:43.0 (60260216)|HEAP_ALLOCATE|[55]|Bytes:5
12:24:43.0 (60264728)|HEAP_ALLOCATE|[55]|Bytes:2
12:24:43.0 (60271575)|HEAP_ALLOCATE|[55]|Bytes:2
12:24:43.0 (60276294)|HEAP_ALLOCATE|[55]|Bytes:5
12:24:43.0 (60280619)|HEAP_ALLOCATE|[EXTERNAL]|Bytes:4
12:24:43.0 (60283776)|HEAP_ALLOCATE|[51]|Bytes:4
12:24:43.0 (60286200)|VARIABLE_ASSIGNMENT|[51]|j|60
12:24:43.0 (60287970)|HEAP_ALLOCATE|[50]|Bytes:4
12:24:43.0 (60290248)|VARIABLE_ASSIGNMENT|[50]|i|22
12:24:43.0 (60291966)|STATEMENT_EXECUTE|[50]
12:24:43.0 (60293105)|STATEMENT_EXECUTE|[51]
12:24:43.0 (60294649)|VARIABLE_SCOPE_BEGIN|[51]|j|Integer|false|false
12:24:43.0 (60295952)|HEAP_ALLOCATE|[51]|Bytes:4
12:24:43.0 (60298076)|VARIABLE_ASSIGNMENT|[51]|j|0
12:24:43.0 (60299494)|STATEMENT_EXECUTE|[51]
12:24:43.0 (60300734)|STATEMENT_EXECUTE|[52]
12:24:43.0 (60301680)|STATEMENT_EXECUTE|[53]
12:24:43.0 (60306875)|HEAP_ALLOCATE|[53]|Bytes:2
12:24:43.0 (60314038)|HEAP_ALLOCATE|[53]|Bytes:1
12:24:43.0 (60318745)|HEAP_ALLOCATE|[53]|Bytes:5
12:24:43.0 (60323300)|HEAP_ALLOCATE|[53]|Bytes:2
12:24:43.0 (60330237)|HEAP_ALLOCATE|[53]|Bytes:1
12:24:43.0 (60334902)|HEAP_ALLOCATE|[53]|Bytes:5
12:24:43.0 (60339412)|HEAP_ALLOCATE|[EXTERNAL]|Bytes:4
12:24:43.0 (60342672)|HEAP_ALLOCATE|[51]|Bytes:4
12:24:43.0 (60345194)|VARIABLE_ASSIGNMENT|[51]|j|30
12:24:43.0 (60346837)|STATEMENT_EXECUTE|[51]
12:24:43.0 (60348056)|STATEMENT_EXECUTE|[54]
12:24:43.0 (60348997)|STATEMENT_EXECUTE|[55]
12:24:43.0 (60354162)|HEAP_ALLOCATE|[55]|Bytes:2
12:24:43.0 (60361258)|HEAP_ALLOCATE|[55]|Bytes:2
12:24:43.0 (60365989)|HEAP_ALLOCATE|[55]|Bytes:5
12:24:43.0 (60370515)|HEAP_ALLOCATE|[55]|Bytes:2
12:24:43.0 (60377273)|HEAP_ALLOCATE|[55]|Bytes:2
12:24:43.0 (60381903)|HEAP_ALLOCATE|[55]|Bytes:5
12:24:43.0 (60386126)|HEAP_ALLOCATE|[EXTERNAL]|Bytes:4
12:24:43.0 (60389268)|HEAP_ALLOCATE|[51]|Bytes:4
12:24:43.0 (60391727)|VARIABLE_ASSIGNMENT|[51]|j|60
12:24:43.0 (60393509)|HEAP_ALLOCATE|[50]|Bytes:4
12:24:43.0 (60395692)|VARIABLE_ASSIGNMENT|[50]|i|23
12:24:43.0 (60397425)|STATEMENT_EXECUTE|[50]
12:24:43.0 (60398558)|STATEMENT_EXECUTE|[51]
12:24:43.0 (60400069)|VARIABLE_SCOPE_BEGIN|[51]|j|Integer|false|false
12:24:43.0 (60401401)|HEAP_ALLOCATE|[51]|Bytes:4
12:24:43.0 (60403864)|VARIABLE_ASSIGNMENT|[51]|j|0
12:24:43.0 (60405300)|STATEMENT_EXECUTE|[51]
12:24:43.0 (60406558)|STATEMENT_EXECUTE|[52]
12:24:43.0 (60407516)|STATEMENT_EXECUTE|[53]
12:24:43.0 (60412742)|HEAP_ALLOCATE|[53]|Bytes:2
12:24:43.0 (60419944)|HEAP_ALLOCATE|[53]|Bytes:1
12:24:43.0 (60424660)|HEAP_ALLOCATE|[53]|Bytes:5
12:24:43.0 (60429215)|HEAP_ALLOCATE|[53]|Bytes:2
12:24:43.0 (60436213)|HEAP_ALLOCATE|[53]|Bytes:1
12:24:43.0 (60440784)|HEAP_ALLOCATE|[53]|Bytes:5
12:24:43.0 (60445179)|HEAP_ALLOCATE|[EXTERNAL]|Bytes:4
12:24:43.0 (60448430)|HEAP_ALLOCATE|[51]|Bytes:4
12:24:43.0 (60450960)|VARIABLE_ASSIGNMENT|[51]|j|30
12:24:43.0 (60452700)|STATEMENT_EXECUTE|[51]
12:24:43.0 (60453965)|STATEMENT_EXECUTE|[54]
12:24:43.0 (60454946)|STATEMENT_EXECUTE|[55]
12:24:43.0 (60460099)|HEAP_ALLOCATE|[55]|Bytes:2
12:24:43.0 (60467167)|HEAP_ALLOCATE|[55]|Bytes:2
12:24:43.0 (60471977)|HEAP_ALLOCATE|[55]|Bytes:5
12:24:43.0 (60476525)|HEAP_ALLOCATE|[55]|Bytes:2
12:24:43.0 (60483406)|HEAP_ALLOCATE|[55]|Bytes:2
12:24:43.0 (60488293)|HEAP_ALLOCATE|[55]|Bytes:5
12:24:43.0 (60492419)|HEAP_ALLOCATE|[EXTERNAL]|Bytes:4
12:24:43.0 (60495584)|HEAP_ALLOCATE|[51]|Bytes:4
12:24:43.0 (60498000)|VARIABLE_ASSIGNMENT|[51]|j|60
12:24:43.0 (60499814)|HEAP_ALLOCATE|[50]|Bytes:4
12:24:43.0 (60502054)|VARIABLE_ASSIGNMENT|[50]|i|24
12:24:43.0 (60503917)|STATEMENT_EXECUTE|[59]
12:24:43.0 (60741685)|SYSTEM_MODE_ENTER|true
12:24:43.0 (60764277)|HEAP_ALLOCATE|[EXTERNAL]|Bytes:80
12:24:43.0 (60807878)|VARIABLE_ASSIGNMENT|[EXTERNAL]|this|{"delToHub":true,"delToProj":false,"detail":"0x5cda3f40","invoked":false,"rejected":false,"reserved":false,"sublocations1":"0x2ef4912","www":"0x74292b0c","wwwById":"0x69e2da7e"}|0x4ee6d5c9
12:24:43.0 (60814390)|STATEMENT_EXECUTE|[78]
12:24:43.0 (60817240)|STATEMENT_EXECUTE|[80]
12:24:43.0 (60818358)|STATEMENT_EXECUTE|[81]
12:24:43.0 (60821416)|HEAP_ALLOCATE|[81]|Bytes:4
12:24:43.0 (60829703)|VARIABLE_ASSIGNMENT|[81]|this.selectedTime3|"8:00"|0x4ee6d5c9
12:24:43.0 (60831924)|STATEMENT_EXECUTE|[83]
12:24:43.0 (72243466)|VF_SERIALIZE_VIEWSTATE_BEGIN|06624000003h0Dg
12:24:43.0 (76408049)|VF_SERIALIZE_VIEWSTATE_END
12:24:43.78 (78808404)|CUMULATIVE_LIMIT_USAGE
12:24:43.78 (78808404)|LIMIT_USAGE_FOR_NS|(default)|
  Number of SOQL queries: 3 out of 100
  Number of query rows: 11 out of 50000
  Number of SOSL queries: 0 out of 20
  Number of DML statements: 0 out of 150
  Number of DML rows: 0 out of 10000
  Maximum CPU time: 0 out of 10000
  Maximum heap size: 0 out of 6000000
  Number of callouts: 0 out of 100
  Number of Email Invocations: 0 out of 10
  Number of future calls: 0 out of 50
  Number of queueable jobs added to the queue: 0 out of 50
  Number of Mobile Apex push calls: 0 out of 10

12:24:43.78 (78808404)|CUMULATIVE_LIMIT_USAGE_END

12:24:43.0 (78838222)|CODE_UNIT_FINISHED|VF: /apex/New_delivered_detail
12:24:43.0 (79606458)|EXECUTION_FINISHED
