38.0 APEX_CODE,FINEST;APEX_PROFILING,INFO;CALLOUT,INFO;DB,INFO;SYSTEM,DEBUG;VALIDATION,INFO;VISUALFORCE,INFO;WAVE,INFO;WORKFLOW,INFO
14:03:58.0 (288184)|USER_INFO|[EXTERNAL]|00524000001e3Uj|bedrijfsbureau@gsa.nl.sandbox|Midden-Europese standaardtijd|GMT+01:00
14:03:58.0 (316223)|EXECUTION_STARTED
14:03:58.0 (319377)|CODE_UNIT_STARTED|[EXTERNAL]|06624000003h0Dq|VF: /apex/ChoseRecordType
14:03:58.0 (452235)|VF_DESERIALIZE_VIEWSTATE_BEGIN|06624000003h0Dq
14:03:58.0 (10698693)|HEAP_ALLOCATE|[72]|Bytes:3
14:03:58.0 (10757176)|HEAP_ALLOCATE|[77]|Bytes:152
14:03:58.0 (10769474)|HEAP_ALLOCATE|[342]|Bytes:408
14:03:58.0 (10783003)|HEAP_ALLOCATE|[355]|Bytes:408
14:03:58.0 (10796838)|HEAP_ALLOCATE|[467]|Bytes:48
14:03:58.0 (10824511)|HEAP_ALLOCATE|[139]|Bytes:6
14:03:58.0 (12726186)|VF_DESERIALIZE_VIEWSTATE_END
14:03:58.13 (13561730)|SYSTEM_MODE_ENTER|true
14:03:58.13 (13618852)|HEAP_ALLOCATE|[EXTERNAL]|Bytes:38
14:03:58.13 (13649966)|HEAP_ALLOCATE|[EXTERNAL]|Bytes:7
14:03:58.13 (13657223)|SYSTEM_METHOD_ENTRY|[1]|PageMessagesComponentController.PageMessagesComponentController()
14:03:58.13 (13660913)|STATEMENT_EXECUTE|[1]
14:03:58.14 (14444969)|SYSTEM_MODE_ENTER|true
14:03:58.14 (14489442)|HEAP_ALLOCATE|[EXTERNAL]|Bytes:8
14:03:58.14 (14496041)|VARIABLE_SCOPE_BEGIN|[88]|this|ApexPage.PageMessagesComponentController|true|false
14:03:58.14 (14642116)|VARIABLE_ASSIGNMENT|[88]|this|{}|0x7b0e3ffa
14:03:58.14 (14645400)|VARIABLE_SCOPE_BEGIN|[88]|escape|Boolean|false|false
14:03:58.14 (14650829)|VARIABLE_ASSIGNMENT|[88]|escape|null
14:03:58.0 (15104101)|SYSTEM_MODE_ENTER|true
14:03:58.0 (15307902)|HEAP_ALLOCATE|[EXTERNAL]|Bytes:11
14:03:58.0 (15315480)|HEAP_ALLOCATE|[EXTERNAL]|Bytes:408
14:03:58.0 (15318221)|HEAP_ALLOCATE|[EXTERNAL]|Bytes:120
14:03:58.0 (15320171)|HEAP_ALLOCATE|[EXTERNAL]|Bytes:108
14:03:58.0 (15327044)|METHOD_ENTRY|[1]|01p2400000DUtXT|NewDeliveredExtension.NewDeliveredExtension()
14:03:58.0 (15329840)|STATEMENT_EXECUTE|[1]
14:03:58.0 (15333122)|STATEMENT_EXECUTE|[1]
14:03:58.0 (15334298)|STATEMENT_EXECUTE|[537]
14:03:58.0 (15337848)|METHOD_EXIT|[1]|NewDeliveredExtension
14:03:58.0 (15347718)|HEAP_ALLOCATE|[EXTERNAL]|Bytes:80
14:03:58.0 (15352350)|VARIABLE_SCOPE_BEGIN|[109]|this|NewDeliveredExtension|true|false
14:03:58.0 (15456664)|VARIABLE_ASSIGNMENT|[109]|this|{"detail":"0x4bac870a","www":"0x108c2e70","wwwById":"0xbef27a7"}|0x1b9ed471
14:03:58.0 (15462498)|STATEMENT_EXECUTE|[109]
14:03:58.0 (15463777)|STATEMENT_EXECUTE|[111]
14:03:58.0 (15468082)|HEAP_ALLOCATE|[111]|Bytes:4
14:03:58.0 (15490742)|VARIABLE_SCOPE_BEGIN|[111]|options|List<System.SelectOption>|true|false
14:03:58.0 (15511988)|HEAP_ALLOCATE|[EXTERNAL]|Bytes:4
14:03:58.0 (15520766)|VARIABLE_ASSIGNMENT|[111]|options|[]|0x4ac57f10
14:03:58.0 (15523091)|STATEMENT_EXECUTE|[112]
14:03:58.0 (15569014)|HEAP_ALLOCATE|[112]|Bytes:4
14:03:58.0 (15573804)|HEAP_ALLOCATE|[112]|Bytes:82
14:03:58.0 (15577479)|HEAP_ALLOCATE|[112]|Bytes:4
14:03:58.0 (15819750)|SOQL_EXECUTE_BEGIN|[112]|Aggregations:0|SELECT Id, Name, DeveloperName FROM RecordType WHERE sobjectType = 'WWW_detail__c'
14:03:58.0 (23289110)|SOQL_EXECUTE_END|[112]|Rows:5
14:03:58.0 (23305659)|HEAP_ALLOCATE|[112]|Bytes:24
14:03:58.0 (23328310)|HEAP_ALLOCATE|[112]|Bytes:371
14:03:58.0 (23365670)|HEAP_ALLOCATE|[112]|Bytes:24
14:03:58.0 (23408246)|HEAP_ALLOCATE|[112]|Bytes:16
14:03:58.0 (23415900)|HEAP_ALLOCATE|[112]|Bytes:4
14:03:58.0 (23422065)|HEAP_ALLOCATE|[112]|Bytes:16
14:03:58.0 (23425361)|HEAP_ALLOCATE|[112]|Bytes:4
14:03:58.0 (23429335)|HEAP_ALLOCATE|[112]|Bytes:16
14:03:58.0 (23432350)|HEAP_ALLOCATE|[112]|Bytes:4
14:03:58.0 (23435951)|HEAP_ALLOCATE|[112]|Bytes:16
14:03:58.0 (23438884)|HEAP_ALLOCATE|[112]|Bytes:4
14:03:58.0 (23442439)|HEAP_ALLOCATE|[112]|Bytes:16
14:03:58.0 (23445426)|HEAP_ALLOCATE|[112]|Bytes:4
14:03:58.0 (23451733)|VARIABLE_SCOPE_BEGIN|[112]|recByNames|Map<Id,RecordType>|true|false
14:03:58.0 (23485211)|VARIABLE_ASSIGNMENT|[112]|recByNames|{"01224000000Sn4NAAS":{"Id":"01224000000Sn4NAAS","Name":"Afleveren","DeveloperName":"Delivered_2_Project"},"01224000000Sn4OAAS":{"Id":"01224000000Sn4OAAS","Name":"Afroepen","DeveloperName":"Invoked"},"01224000000Sn4PAAS":{"Id":"01224000000Sn4PAAS","Name":"Afwijzen","DeveloperName":"Rejected"},"01224000000Sn4MAAS":{"Id":"01224000000Sn4MAAS","Name":"Ontvangen","DeveloperName":"Delivered_2_Hub"},"01224000000Sn4QAAS":{"Id":"01224000000Sn4QAAS","Name":"Verwachten","DeveloperName":"Reserved"}}|0x4dc7bfe7
14:03:58.0 (23517910)|HEAP_ALLOCATE|[EXTERNAL]|Bytes:24
14:03:58.0 (23529665)|HEAP_ALLOCATE|[114]|Bytes:390
14:03:58.0 (23654203)|HEAP_ALLOCATE|[114]|Bytes:5
14:03:58.0 (23680389)|HEAP_ALLOCATE|[114]|Bytes:16
14:03:58.0 (23687103)|VARIABLE_SCOPE_BEGIN|[114]|rec|RecordType|true|false
14:03:58.0 (23699189)|VARIABLE_ASSIGNMENT|[114]|rec|{"Id":"01224000000Sn4NAAS","Name":"Afleveren","DeveloperName":"Delivered_2_Project"}|0x1591d52d
14:03:58.0 (23703022)|STATEMENT_EXECUTE|[114]
14:03:58.0 (23704490)|STATEMENT_EXECUTE|[116]
14:03:58.0 (23747185)|HEAP_ALLOCATE|[116]|Bytes:18
14:03:58.0 (23804219)|HEAP_ALLOCATE|[EXTERNAL]|Bytes:4
14:03:58.0 (23817576)|HEAP_ALLOCATE|[114]|Bytes:5
14:03:58.0 (23824912)|HEAP_ALLOCATE|[114]|Bytes:16
14:03:58.0 (23829814)|VARIABLE_SCOPE_BEGIN|[114]|rec|RecordType|true|false
14:03:58.0 (23839844)|VARIABLE_ASSIGNMENT|[114]|rec|{"Id":"01224000000Sn4OAAS","Name":"Afroepen","DeveloperName":"Invoked"}|0x39e067a4
14:03:58.0 (23842635)|STATEMENT_EXECUTE|[114]
14:03:58.0 (23844014)|STATEMENT_EXECUTE|[116]
14:03:58.0 (23852505)|HEAP_ALLOCATE|[116]|Bytes:18
14:03:58.0 (23862480)|HEAP_ALLOCATE|[EXTERNAL]|Bytes:4
14:03:58.0 (23870004)|HEAP_ALLOCATE|[114]|Bytes:5
14:03:58.0 (23875200)|HEAP_ALLOCATE|[114]|Bytes:16
14:03:58.0 (23878417)|VARIABLE_SCOPE_BEGIN|[114]|rec|RecordType|true|false
14:03:58.0 (23885404)|VARIABLE_ASSIGNMENT|[114]|rec|{"Id":"01224000000Sn4PAAS","Name":"Afwijzen","DeveloperName":"Rejected"}|0x47c43aeb
14:03:58.0 (23887607)|STATEMENT_EXECUTE|[114]
14:03:58.0 (23888714)|STATEMENT_EXECUTE|[116]
14:03:58.0 (23893724)|HEAP_ALLOCATE|[116]|Bytes:18
14:03:58.0 (23900461)|HEAP_ALLOCATE|[EXTERNAL]|Bytes:4
14:03:58.0 (23906867)|HEAP_ALLOCATE|[114]|Bytes:5
14:03:58.0 (23911562)|HEAP_ALLOCATE|[114]|Bytes:16
14:03:58.0 (23914457)|VARIABLE_SCOPE_BEGIN|[114]|rec|RecordType|true|false
14:03:58.0 (23920602)|VARIABLE_ASSIGNMENT|[114]|rec|{"Id":"01224000000Sn4MAAS","Name":"Ontvangen","DeveloperName":"Delivered_2_Hub"}|0x243141c7
14:03:58.0 (23922664)|STATEMENT_EXECUTE|[114]
14:03:58.0 (23923651)|STATEMENT_EXECUTE|[116]
14:03:58.0 (23928355)|HEAP_ALLOCATE|[116]|Bytes:18
14:03:58.0 (23934759)|HEAP_ALLOCATE|[EXTERNAL]|Bytes:4
14:03:58.0 (23940456)|HEAP_ALLOCATE|[114]|Bytes:5
14:03:58.0 (23944829)|HEAP_ALLOCATE|[114]|Bytes:16
14:03:58.0 (23947444)|VARIABLE_SCOPE_BEGIN|[114]|rec|RecordType|true|false
14:03:58.0 (23953081)|VARIABLE_ASSIGNMENT|[114]|rec|{"Id":"01224000000Sn4QAAS","Name":"Verwachten","DeveloperName":"Reserved"}|0x3f12c0d1
14:03:58.0 (23955093)|STATEMENT_EXECUTE|[114]
14:03:58.0 (23956144)|STATEMENT_EXECUTE|[116]
14:03:58.0 (23960598)|HEAP_ALLOCATE|[116]|Bytes:18
14:03:58.0 (23966715)|HEAP_ALLOCATE|[EXTERNAL]|Bytes:4
14:03:58.0 (23972463)|HEAP_ALLOCATE|[114]|Bytes:5
14:03:58.0 (23978594)|VARIABLE_ASSIGNMENT|[114]|rec|null|
14:03:58.0 (23980956)|STATEMENT_EXECUTE|[120]
14:03:58.0 (24362219)|SYSTEM_MODE_ENTER|true
14:03:58.24 (24593483)|SYSTEM_MODE_ENTER|true
14:03:58.24 (24634431)|HEAP_ALLOCATE|[EXTERNAL]|Bytes:8
14:03:58.24 (24639976)|VARIABLE_SCOPE_BEGIN|[88]|this|ApexPage.PageMessagesComponentController|true|false
14:03:58.24 (24657591)|VARIABLE_ASSIGNMENT|[88]|this|{}|0x7b0e3ffa
14:03:58.24 (24659962)|VARIABLE_SCOPE_BEGIN|[88]|escape|Boolean|false|false
14:03:58.24 (24663087)|VARIABLE_ASSIGNMENT|[88]|escape|null
14:03:58.0 (24713931)|SYSTEM_MODE_ENTER|true
14:03:58.0 (24730386)|HEAP_ALLOCATE|[EXTERNAL]|Bytes:4
14:03:58.0 (24733296)|HEAP_ALLOCATE|[EXTERNAL]|Bytes:80
14:03:58.0 (24870088)|VARIABLE_ASSIGNMENT|[EXTERNAL]|this.isChecked|"01224000000Sn4PAAS"|0x1b9ed471
14:03:58.0 (25037107)|HEAP_ALLOCATE|[EXTERNAL]|Bytes:80
14:03:58.0 (25044442)|VARIABLE_SCOPE_BEGIN|[157]|this|NewDeliveredExtension|true|false
14:03:58.0 (25210137)|VARIABLE_ASSIGNMENT|[157]|this|{"detail":"0x4bac870a","isChecked":"01224000000Sn4PAAS","www":"0x108c2e70","wwwById":"0xbef27a7"}|0x1b9ed471
14:03:58.0 (25218165)|STATEMENT_EXECUTE|[157]
14:03:58.0 (25219612)|STATEMENT_EXECUTE|[158]
14:03:58.0 (25355681)|VARIABLE_ASSIGNMENT|[EXTERNAL]|this|{"detail":"0x4bac870a","isChecked":"01224000000Sn4PAAS","www":"0x108c2e70","wwwById":"0xbef27a7"}|0x1b9ed471
14:03:58.0 (25385393)|USER_DEBUG|[158]|DEBUG|01224000000Sn4PAAS
14:03:58.0 (25390747)|STATEMENT_EXECUTE|[159]
14:03:58.0 (25395923)|HEAP_ALLOCATE|[159]|Bytes:38
14:03:58.0 (25516377)|VARIABLE_ASSIGNMENT|[EXTERNAL]|this|{"detail":"0x4bac870a","isChecked":"01224000000Sn4PAAS","www":"0x108c2e70","wwwById":"0xbef27a7"}|0x1b9ed471
14:03:58.0 (25545559)|HEAP_ALLOCATE|[159]|Bytes:18
14:03:58.0 (25557959)|HEAP_ALLOCATE|[159]|Bytes:56
14:03:58.0 (25591698)|VARIABLE_SCOPE_BEGIN|[159]|pr|System.PageReference|true|false
14:03:58.0 (25665095)|VARIABLE_ASSIGNMENT|[159]|pr|"/apex/New_delivered_detail?RecordType=01224000000Sn4PAAS"|0x7d12121f
14:03:58.0 (25669449)|STATEMENT_EXECUTE|[160]
14:03:58.0 (25714637)|STATEMENT_EXECUTE|[161]
14:03:58.27 (27478703)|CUMULATIVE_LIMIT_USAGE
14:03:58.27 (27478703)|LIMIT_USAGE_FOR_NS|(default)|
  Number of SOQL queries: 1 out of 100
  Number of query rows: 5 out of 50000
  Number of SOSL queries: 0 out of 20
  Number of DML statements: 0 out of 150
  Number of DML rows: 0 out of 10000
  Maximum CPU time: 0 out of 10000
  Maximum heap size: 0 out of 6000000
  Number of callouts: 0 out of 100
  Number of Email Invocations: 0 out of 10
  Number of future calls: 0 out of 50
  Number of queueable jobs added to the queue: 0 out of 50
  Number of Mobile Apex push calls: 0 out of 10

14:03:58.27 (27478703)|CUMULATIVE_LIMIT_USAGE_END

14:03:58.0 (27510236)|CODE_UNIT_FINISHED|VF: /apex/ChoseRecordType
14:03:58.0 (28257533)|EXECUTION_FINISHED
