38.0 APEX_CODE,FINEST;APEX_PROFILING,INFO;CALLOUT,INFO;DB,INFO;SYSTEM,DEBUG;VALIDATION,INFO;VISUALFORCE,INFO;WAVE,INFO;WORKFLOW,INFO
15:04:39.0 (55441)|USER_INFO|[EXTERNAL]|00524000001e3Uj|bedrijfsbureau@gsa.nl.sandbox|Midden-Europese standaardtijd|GMT+01:00
15:04:39.0 (77383)|EXECUTION_STARTED
15:04:39.0 (95501)|CODE_UNIT_STARTED|[EXTERNAL]|06624000003h0Dg|VF: /apex/New_delivered_detail
15:04:39.0 (249085)|VF_DESERIALIZE_VIEWSTATE_BEGIN|06624000003h0Dg
15:04:39.0 (5655509)|HEAP_ALLOCATE|[72]|Bytes:3
15:04:39.0 (5696913)|HEAP_ALLOCATE|[77]|Bytes:152
15:04:39.0 (5711330)|HEAP_ALLOCATE|[342]|Bytes:408
15:04:39.0 (5724987)|HEAP_ALLOCATE|[355]|Bytes:408
15:04:39.0 (5737910)|HEAP_ALLOCATE|[467]|Bytes:48
15:04:39.0 (5764269)|HEAP_ALLOCATE|[139]|Bytes:6
15:04:39.0 (5801117)|HEAP_ALLOCATE|[50]|Bytes:5
15:04:39.0 (5822435)|HEAP_ALLOCATE|[56]|Bytes:5
15:04:39.0 (5828513)|HEAP_ALLOCATE|[64]|Bytes:7
15:04:39.0 (10538142)|VF_DESERIALIZE_VIEWSTATE_END
15:04:39.11 (11799057)|SYSTEM_MODE_ENTER|true
15:04:39.11 (11859245)|HEAP_ALLOCATE|[EXTERNAL]|Bytes:38
15:04:39.11 (11865276)|HEAP_ALLOCATE|[EXTERNAL]|Bytes:7
15:04:39.11 (11873596)|SYSTEM_METHOD_ENTRY|[1]|PageMessagesComponentController.PageMessagesComponentController()
15:04:39.11 (11877278)|STATEMENT_EXECUTE|[1]
15:04:39.12 (12612186)|SYSTEM_MODE_ENTER|true
15:04:39.12 (12656565)|HEAP_ALLOCATE|[EXTERNAL]|Bytes:8
15:04:39.12 (12662590)|VARIABLE_SCOPE_BEGIN|[88]|this|ApexPage.PageMessagesComponentController|true|false
15:04:39.12 (12698106)|VARIABLE_ASSIGNMENT|[88]|this|{}|0xe5b97ae
15:04:39.12 (12701263)|VARIABLE_SCOPE_BEGIN|[88]|escape|Boolean|false|false
15:04:39.12 (12705914)|VARIABLE_ASSIGNMENT|[88]|escape|null
15:04:39.0 (12943404)|SYSTEM_MODE_ENTER|true
15:04:39.0 (13157670)|HEAP_ALLOCATE|[EXTERNAL]|Bytes:11
15:04:39.0 (13166022)|HEAP_ALLOCATE|[EXTERNAL]|Bytes:408
15:04:39.0 (13169103)|HEAP_ALLOCATE|[EXTERNAL]|Bytes:120
15:04:39.0 (13171451)|HEAP_ALLOCATE|[EXTERNAL]|Bytes:108
15:04:39.0 (13177596)|METHOD_ENTRY|[1]|01p2400000DUtXT|NewDeliveredExtension.NewDeliveredExtension()
15:04:39.0 (13180064)|STATEMENT_EXECUTE|[1]
15:04:39.0 (13183620)|STATEMENT_EXECUTE|[1]
15:04:39.0 (13184685)|STATEMENT_EXECUTE|[537]
15:04:39.0 (13188415)|METHOD_EXIT|[1]|NewDeliveredExtension
15:04:39.0 (13192390)|HEAP_ALLOCATE|[EXTERNAL]|Bytes:80
15:04:39.0 (13252277)|VARIABLE_ASSIGNMENT|[EXTERNAL]|this|{"delToHub":true,"delToProj":false,"detail":"0x4db24e3e","invoked":false,"rejected":false,"reserved":false,"selectedTime3":"8:00","sublocations1":"0x6012aeb","www":"0x60f212f3","wwwById":"0x74db6d48"}|0x448a16eb
15:04:39.0 (13258738)|STATEMENT_EXECUTE|[196]
15:04:39.0 (13262573)|STATEMENT_EXECUTE|[197]
15:04:39.0 (13264171)|STATEMENT_EXECUTE|[200]
15:04:39.0 (13323325)|SYSTEM_MODE_ENTER|true
15:04:39.0 (13342163)|HEAP_ALLOCATE|[EXTERNAL]|Bytes:80
15:04:39.0 (13381865)|VARIABLE_ASSIGNMENT|[EXTERNAL]|this|{"delToHub":true,"delToProj":false,"detail":"0x4db24e3e","invoked":false,"rejected":false,"reserved":false,"selectedTime3":"8:00","sublocations1":"0x6012aeb","www":"0x60f212f3","wwwById":"0x74db6d48"}|0x448a16eb
15:04:39.0 (13387843)|STATEMENT_EXECUTE|[229]
15:04:39.0 (13390205)|STATEMENT_EXECUTE|[230]
15:04:39.0 (13391331)|STATEMENT_EXECUTE|[233]
15:04:39.0 (13475116)|SYSTEM_MODE_ENTER|true
15:04:39.0 (13494346)|HEAP_ALLOCATE|[EXTERNAL]|Bytes:80
15:04:39.0 (13536008)|VARIABLE_ASSIGNMENT|[EXTERNAL]|this|{"delToHub":true,"delToProj":false,"detail":"0x4db24e3e","invoked":false,"rejected":false,"reserved":false,"selectedTime3":"8:00","sublocations1":"0x6012aeb","www":"0x60f212f3","wwwById":"0x74db6d48"}|0x448a16eb
15:04:39.0 (13541911)|STATEMENT_EXECUTE|[3]
15:04:39.0 (13545145)|STATEMENT_EXECUTE|[4]
15:04:39.0 (13546567)|STATEMENT_EXECUTE|[9]
15:04:39.0 (23375002)|SYSTEM_MODE_ENTER|true
15:04:39.0 (23400235)|HEAP_ALLOCATE|[EXTERNAL]|Bytes:80
15:04:39.0 (23447499)|VARIABLE_ASSIGNMENT|[EXTERNAL]|this|{"delToHub":true,"delToProj":false,"detail":"0x4db24e3e","invoked":false,"rejected":false,"reserved":false,"selectedTime3":"8:00","sublocations1":"0x6012aeb","www":"0x60f212f3","wwwById":"0x74db6d48"}|0x448a16eb
15:04:39.0 (23454629)|STATEMENT_EXECUTE|[186]
15:04:39.0 (23457959)|STATEMENT_EXECUTE|[187]
15:04:39.0 (23459136)|STATEMENT_EXECUTE|[190]
15:04:39.0 (23973945)|SYSTEM_MODE_ENTER|true
15:04:39.0 (23996004)|HEAP_ALLOCATE|[EXTERNAL]|Bytes:80
15:04:39.0 (24041385)|VARIABLE_ASSIGNMENT|[EXTERNAL]|this|{"delToHub":true,"delToProj":false,"detail":"0x4db24e3e","invoked":false,"rejected":false,"reserved":false,"selectedTime3":"8:00","sublocations1":"0x6012aeb","www":"0x60f212f3","wwwById":"0x74db6d48"}|0x448a16eb
15:04:39.0 (24048297)|STATEMENT_EXECUTE|[204]
15:04:39.0 (24050913)|STATEMENT_EXECUTE|[205]
15:04:39.0 (24052499)|STATEMENT_EXECUTE|[208]
15:04:39.0 (24103913)|SYSTEM_MODE_ENTER|true
15:04:39.0 (24121046)|HEAP_ALLOCATE|[EXTERNAL]|Bytes:80
15:04:39.0 (24159317)|VARIABLE_ASSIGNMENT|[EXTERNAL]|this|{"delToHub":true,"delToProj":false,"detail":"0x4db24e3e","invoked":false,"rejected":false,"reserved":false,"selectedTime3":"8:00","sublocations1":"0x6012aeb","www":"0x60f212f3","wwwById":"0x74db6d48"}|0x448a16eb
15:04:39.0 (24164871)|STATEMENT_EXECUTE|[220]
15:04:39.0 (24167362)|STATEMENT_EXECUTE|[221]
15:04:39.0 (24168483)|STATEMENT_EXECUTE|[224]
15:04:39.0 (24210414)|SYSTEM_MODE_ENTER|true
15:04:39.0 (24226002)|HEAP_ALLOCATE|[EXTERNAL]|Bytes:80
15:04:39.0 (24263759)|VARIABLE_ASSIGNMENT|[EXTERNAL]|this|{"delToHub":true,"delToProj":false,"detail":"0x4db24e3e","invoked":false,"rejected":false,"reserved":false,"selectedTime3":"8:00","sublocations1":"0x6012aeb","www":"0x60f212f3","wwwById":"0x74db6d48"}|0x448a16eb
15:04:39.0 (24268667)|STATEMENT_EXECUTE|[212]
15:04:39.0 (24270659)|STATEMENT_EXECUTE|[213]
15:04:39.0 (24272227)|STATEMENT_EXECUTE|[216]
15:04:39.0 (24339120)|SYSTEM_MODE_ENTER|true
15:04:39.0 (24357281)|HEAP_ALLOCATE|[EXTERNAL]|Bytes:80
15:04:39.0 (24393953)|VARIABLE_ASSIGNMENT|[EXTERNAL]|this|{"delToHub":true,"delToProj":false,"detail":"0x4db24e3e","invoked":false,"rejected":false,"reserved":false,"selectedTime3":"8:00","sublocations1":"0x6012aeb","www":"0x60f212f3","wwwById":"0x74db6d48"}|0x448a16eb
15:04:39.0 (24399357)|STATEMENT_EXECUTE|[21]
15:04:39.0 (24401813)|STATEMENT_EXECUTE|[22]
15:04:39.0 (24402965)|STATEMENT_EXECUTE|[26]
15:04:39.0 (29227030)|SYSTEM_MODE_ENTER|true
15:04:39.0 (29253094)|HEAP_ALLOCATE|[EXTERNAL]|Bytes:80
15:04:39.0 (29258722)|VARIABLE_SCOPE_BEGIN|[48]|this|NewDeliveredExtension|true|false
15:04:39.0 (29306371)|VARIABLE_ASSIGNMENT|[48]|this|{"delToHub":true,"delToProj":false,"detail":"0x4db24e3e","invoked":false,"rejected":false,"reserved":false,"selectedTime3":"8:00","sublocations1":"0x6012aeb","www":"0x60f212f3","wwwById":"0x74db6d48"}|0x448a16eb
15:04:39.0 (29314446)|STATEMENT_EXECUTE|[48]
15:04:39.0 (29316012)|STATEMENT_EXECUTE|[49]
15:04:39.0 (29324562)|HEAP_ALLOCATE|[49]|Bytes:4
15:04:39.0 (29355945)|VARIABLE_SCOPE_BEGIN|[49]|options|List<System.SelectOption>|true|false
15:04:39.0 (29383365)|HEAP_ALLOCATE|[EXTERNAL]|Bytes:4
15:04:39.0 (29391777)|VARIABLE_ASSIGNMENT|[49]|options|[]|0x7737e891
15:04:39.0 (29395732)|STATEMENT_EXECUTE|[50]
15:04:39.0 (29400964)|VARIABLE_SCOPE_BEGIN|[50]|i|Integer|false|false
15:04:39.0 (29404354)|HEAP_ALLOCATE|[50]|Bytes:4
15:04:39.0 (29409088)|VARIABLE_ASSIGNMENT|[50]|i|0
15:04:39.0 (29415590)|STATEMENT_EXECUTE|[50]
15:04:39.0 (29416973)|STATEMENT_EXECUTE|[51]
15:04:39.0 (29418619)|VARIABLE_SCOPE_BEGIN|[51]|j|Integer|false|false
15:04:39.0 (29420458)|HEAP_ALLOCATE|[51]|Bytes:4
15:04:39.0 (29422874)|VARIABLE_ASSIGNMENT|[51]|j|0
15:04:39.0 (29424957)|STATEMENT_EXECUTE|[51]
15:04:39.0 (29427319)|STATEMENT_EXECUTE|[52]
15:04:39.0 (29428257)|STATEMENT_EXECUTE|[53]
15:04:39.0 (29474734)|HEAP_ALLOCATE|[53]|Bytes:1
15:04:39.0 (29484513)|HEAP_ALLOCATE|[53]|Bytes:2
15:04:39.0 (29491470)|HEAP_ALLOCATE|[53]|Bytes:1
15:04:39.0 (29503141)|HEAP_ALLOCATE|[53]|Bytes:4
15:04:39.0 (29508688)|HEAP_ALLOCATE|[53]|Bytes:1
15:04:39.0 (29516362)|HEAP_ALLOCATE|[53]|Bytes:1
15:04:39.0 (29521609)|HEAP_ALLOCATE|[53]|Bytes:4
15:04:39.0 (29553851)|HEAP_ALLOCATE|[EXTERNAL]|Bytes:4
15:04:39.0 (29560652)|HEAP_ALLOCATE|[51]|Bytes:4
15:04:39.0 (29565457)|VARIABLE_ASSIGNMENT|[51]|j|30
15:04:39.0 (29568545)|STATEMENT_EXECUTE|[51]
15:04:39.0 (29570241)|STATEMENT_EXECUTE|[54]
15:04:39.0 (29571491)|STATEMENT_EXECUTE|[55]
15:04:39.0 (29587059)|HEAP_ALLOCATE|[55]|Bytes:1
15:04:39.0 (29593531)|HEAP_ALLOCATE|[55]|Bytes:1
15:04:39.0 (29599154)|HEAP_ALLOCATE|[55]|Bytes:2
15:04:39.0 (29604842)|HEAP_ALLOCATE|[55]|Bytes:4
15:04:39.0 (29609696)|HEAP_ALLOCATE|[55]|Bytes:1
15:04:39.0 (29617080)|HEAP_ALLOCATE|[55]|Bytes:2
15:04:39.0 (29622084)|HEAP_ALLOCATE|[55]|Bytes:4
15:04:39.0 (29633619)|HEAP_ALLOCATE|[EXTERNAL]|Bytes:4
15:04:39.0 (29637711)|HEAP_ALLOCATE|[51]|Bytes:4
15:04:39.0 (29642020)|VARIABLE_ASSIGNMENT|[51]|j|60
15:04:39.0 (29646396)|HEAP_ALLOCATE|[50]|Bytes:4
15:04:39.0 (29649160)|VARIABLE_ASSIGNMENT|[50]|i|1
15:04:39.0 (29651454)|STATEMENT_EXECUTE|[50]
15:04:39.0 (29652707)|STATEMENT_EXECUTE|[51]
15:04:39.0 (29654567)|VARIABLE_SCOPE_BEGIN|[51]|j|Integer|false|false
15:04:39.0 (29656590)|HEAP_ALLOCATE|[51]|Bytes:4
15:04:39.0 (29658804)|VARIABLE_ASSIGNMENT|[51]|j|0
15:04:39.0 (29660311)|STATEMENT_EXECUTE|[51]
15:04:39.0 (29661651)|STATEMENT_EXECUTE|[52]
15:04:39.0 (29662775)|STATEMENT_EXECUTE|[53]
15:04:39.0 (29669944)|HEAP_ALLOCATE|[53]|Bytes:1
15:04:39.0 (29677883)|HEAP_ALLOCATE|[53]|Bytes:1
15:04:39.0 (29683109)|HEAP_ALLOCATE|[53]|Bytes:4
15:04:39.0 (29687817)|HEAP_ALLOCATE|[53]|Bytes:1
15:04:39.0 (29694906)|HEAP_ALLOCATE|[53]|Bytes:1
15:04:39.0 (29699682)|HEAP_ALLOCATE|[53]|Bytes:4
15:04:39.0 (29705227)|HEAP_ALLOCATE|[EXTERNAL]|Bytes:4
15:04:39.0 (29708669)|HEAP_ALLOCATE|[51]|Bytes:4
15:04:39.0 (29711507)|VARIABLE_ASSIGNMENT|[51]|j|30
15:04:39.0 (29713309)|STATEMENT_EXECUTE|[51]
15:04:39.0 (29714872)|STATEMENT_EXECUTE|[54]
15:04:39.0 (29715914)|STATEMENT_EXECUTE|[55]
15:04:39.0 (29721235)|HEAP_ALLOCATE|[55]|Bytes:1
15:04:39.0 (29728829)|HEAP_ALLOCATE|[55]|Bytes:2
15:04:39.0 (29733700)|HEAP_ALLOCATE|[55]|Bytes:4
15:04:39.0 (29738339)|HEAP_ALLOCATE|[55]|Bytes:1
15:04:39.0 (29745352)|HEAP_ALLOCATE|[55]|Bytes:2
15:04:39.0 (29749975)|HEAP_ALLOCATE|[55]|Bytes:4
15:04:39.0 (29754563)|HEAP_ALLOCATE|[EXTERNAL]|Bytes:4
15:04:39.0 (29757686)|HEAP_ALLOCATE|[51]|Bytes:4
15:04:39.0 (29760244)|VARIABLE_ASSIGNMENT|[51]|j|60
15:04:39.0 (29762058)|HEAP_ALLOCATE|[50]|Bytes:4
15:04:39.0 (29764461)|VARIABLE_ASSIGNMENT|[50]|i|2
15:04:39.0 (29766094)|STATEMENT_EXECUTE|[50]
15:04:39.0 (29767268)|STATEMENT_EXECUTE|[51]
15:04:39.0 (29768990)|VARIABLE_SCOPE_BEGIN|[51]|j|Integer|false|false
15:04:39.0 (29770399)|HEAP_ALLOCATE|[51]|Bytes:4
15:04:39.0 (29772686)|VARIABLE_ASSIGNMENT|[51]|j|0
15:04:39.0 (29774152)|STATEMENT_EXECUTE|[51]
15:04:39.0 (29775594)|STATEMENT_EXECUTE|[52]
15:04:39.0 (29776835)|STATEMENT_EXECUTE|[53]
15:04:39.0 (29782153)|HEAP_ALLOCATE|[53]|Bytes:1
15:04:39.0 (29789476)|HEAP_ALLOCATE|[53]|Bytes:1
15:04:39.0 (29794309)|HEAP_ALLOCATE|[53]|Bytes:4
15:04:39.0 (29799036)|HEAP_ALLOCATE|[53]|Bytes:1
15:04:39.0 (29805996)|HEAP_ALLOCATE|[53]|Bytes:1
15:04:39.0 (29810626)|HEAP_ALLOCATE|[53]|Bytes:4
15:04:39.0 (29818318)|HEAP_ALLOCATE|[EXTERNAL]|Bytes:4
15:04:39.0 (29821932)|HEAP_ALLOCATE|[51]|Bytes:4
15:04:39.0 (29824683)|VARIABLE_ASSIGNMENT|[51]|j|30
15:04:39.0 (29826784)|STATEMENT_EXECUTE|[51]
15:04:39.0 (29828099)|STATEMENT_EXECUTE|[54]
15:04:39.0 (29829124)|STATEMENT_EXECUTE|[55]
15:04:39.0 (29839694)|HEAP_ALLOCATE|[55]|Bytes:1
15:04:39.0 (29847848)|HEAP_ALLOCATE|[55]|Bytes:2
15:04:39.0 (29852957)|HEAP_ALLOCATE|[55]|Bytes:4
15:04:39.0 (29857636)|HEAP_ALLOCATE|[55]|Bytes:1
15:04:39.0 (29864704)|HEAP_ALLOCATE|[55]|Bytes:2
15:04:39.0 (29869314)|HEAP_ALLOCATE|[55]|Bytes:4
15:04:39.0 (29873937)|HEAP_ALLOCATE|[EXTERNAL]|Bytes:4
15:04:39.0 (29877238)|HEAP_ALLOCATE|[51]|Bytes:4
15:04:39.0 (29880100)|VARIABLE_ASSIGNMENT|[51]|j|60
15:04:39.0 (29882037)|HEAP_ALLOCATE|[50]|Bytes:4
15:04:39.0 (29884290)|VARIABLE_ASSIGNMENT|[50]|i|3
15:04:39.0 (29886064)|STATEMENT_EXECUTE|[50]
15:04:39.0 (29887304)|STATEMENT_EXECUTE|[51]
15:04:39.0 (29888859)|VARIABLE_SCOPE_BEGIN|[51]|j|Integer|false|false
15:04:39.0 (29890413)|HEAP_ALLOCATE|[51]|Bytes:4
15:04:39.0 (29892636)|VARIABLE_ASSIGNMENT|[51]|j|0
15:04:39.0 (29894119)|STATEMENT_EXECUTE|[51]
15:04:39.0 (29895364)|STATEMENT_EXECUTE|[52]
15:04:39.0 (29896296)|STATEMENT_EXECUTE|[53]
15:04:39.0 (29901941)|HEAP_ALLOCATE|[53]|Bytes:1
15:04:39.0 (29909422)|HEAP_ALLOCATE|[53]|Bytes:1
15:04:39.0 (29914297)|HEAP_ALLOCATE|[53]|Bytes:4
15:04:39.0 (29918927)|HEAP_ALLOCATE|[53]|Bytes:1
15:04:39.0 (29926041)|HEAP_ALLOCATE|[53]|Bytes:1
15:04:39.0 (29930638)|HEAP_ALLOCATE|[53]|Bytes:4
15:04:39.0 (29935111)|HEAP_ALLOCATE|[EXTERNAL]|Bytes:4
15:04:39.0 (29938371)|HEAP_ALLOCATE|[51]|Bytes:4
15:04:39.0 (29941055)|VARIABLE_ASSIGNMENT|[51]|j|30
15:04:39.0 (29942696)|STATEMENT_EXECUTE|[51]
15:04:39.0 (29944275)|STATEMENT_EXECUTE|[54]
15:04:39.0 (29945388)|STATEMENT_EXECUTE|[55]
15:04:39.0 (29950577)|HEAP_ALLOCATE|[55]|Bytes:1
15:04:39.0 (29957947)|HEAP_ALLOCATE|[55]|Bytes:2
15:04:39.0 (29962784)|HEAP_ALLOCATE|[55]|Bytes:4
15:04:39.0 (29967448)|HEAP_ALLOCATE|[55]|Bytes:1
15:04:39.0 (29974382)|HEAP_ALLOCATE|[55]|Bytes:2
15:04:39.0 (29979023)|HEAP_ALLOCATE|[55]|Bytes:4
15:04:39.0 (29983272)|HEAP_ALLOCATE|[EXTERNAL]|Bytes:4
15:04:39.0 (29986590)|HEAP_ALLOCATE|[51]|Bytes:4
15:04:39.0 (29989022)|VARIABLE_ASSIGNMENT|[51]|j|60
15:04:39.0 (29990703)|HEAP_ALLOCATE|[50]|Bytes:4
15:04:39.0 (29993039)|VARIABLE_ASSIGNMENT|[50]|i|4
15:04:39.0 (29994631)|STATEMENT_EXECUTE|[50]
15:04:39.0 (29995749)|STATEMENT_EXECUTE|[51]
15:04:39.0 (29997296)|VARIABLE_SCOPE_BEGIN|[51]|j|Integer|false|false
15:04:39.0 (29998621)|HEAP_ALLOCATE|[51]|Bytes:4
15:04:39.0 (30000860)|VARIABLE_ASSIGNMENT|[51]|j|0
15:04:39.0 (30003068)|STATEMENT_EXECUTE|[51]
15:04:39.0 (30004339)|STATEMENT_EXECUTE|[52]
15:04:39.0 (30005305)|STATEMENT_EXECUTE|[53]
15:04:39.0 (30010988)|HEAP_ALLOCATE|[53]|Bytes:1
15:04:39.0 (30018461)|HEAP_ALLOCATE|[53]|Bytes:1
15:04:39.0 (30023390)|HEAP_ALLOCATE|[53]|Bytes:4
15:04:39.0 (30028070)|HEAP_ALLOCATE|[53]|Bytes:1
15:04:39.0 (30035004)|HEAP_ALLOCATE|[53]|Bytes:1
15:04:39.0 (30039782)|HEAP_ALLOCATE|[53]|Bytes:4
15:04:39.0 (30044187)|HEAP_ALLOCATE|[EXTERNAL]|Bytes:4
15:04:39.0 (30047371)|HEAP_ALLOCATE|[51]|Bytes:4
15:04:39.0 (30049994)|VARIABLE_ASSIGNMENT|[51]|j|30
15:04:39.0 (30051713)|STATEMENT_EXECUTE|[51]
15:04:39.0 (30052940)|STATEMENT_EXECUTE|[54]
15:04:39.0 (30054046)|STATEMENT_EXECUTE|[55]
15:04:39.0 (30059139)|HEAP_ALLOCATE|[55]|Bytes:1
15:04:39.0 (30066483)|HEAP_ALLOCATE|[55]|Bytes:2
15:04:39.0 (30071313)|HEAP_ALLOCATE|[55]|Bytes:4
15:04:39.0 (30075898)|HEAP_ALLOCATE|[55]|Bytes:1
15:04:39.0 (30082898)|HEAP_ALLOCATE|[55]|Bytes:2
15:04:39.0 (30087538)|HEAP_ALLOCATE|[55]|Bytes:4
15:04:39.0 (30091907)|HEAP_ALLOCATE|[EXTERNAL]|Bytes:4
15:04:39.0 (30094948)|HEAP_ALLOCATE|[51]|Bytes:4
15:04:39.0 (30097472)|VARIABLE_ASSIGNMENT|[51]|j|60
15:04:39.0 (30099720)|HEAP_ALLOCATE|[50]|Bytes:4
15:04:39.0 (30101955)|VARIABLE_ASSIGNMENT|[50]|i|5
15:04:39.0 (30103534)|STATEMENT_EXECUTE|[50]
15:04:39.0 (30104644)|STATEMENT_EXECUTE|[51]
15:04:39.0 (30106194)|VARIABLE_SCOPE_BEGIN|[51]|j|Integer|false|false
15:04:39.0 (30107481)|HEAP_ALLOCATE|[51]|Bytes:4
15:04:39.0 (30109679)|VARIABLE_ASSIGNMENT|[51]|j|0
15:04:39.0 (30111133)|STATEMENT_EXECUTE|[51]
15:04:39.0 (30112401)|STATEMENT_EXECUTE|[52]
15:04:39.0 (30113409)|STATEMENT_EXECUTE|[53]
15:04:39.0 (30118511)|HEAP_ALLOCATE|[53]|Bytes:1
15:04:39.0 (30125775)|HEAP_ALLOCATE|[53]|Bytes:1
15:04:39.0 (30130506)|HEAP_ALLOCATE|[53]|Bytes:4
15:04:39.0 (30135100)|HEAP_ALLOCATE|[53]|Bytes:1
15:04:39.0 (30142063)|HEAP_ALLOCATE|[53]|Bytes:1
15:04:39.0 (30146675)|HEAP_ALLOCATE|[53]|Bytes:4
15:04:39.0 (30151039)|HEAP_ALLOCATE|[EXTERNAL]|Bytes:4
15:04:39.0 (30154550)|HEAP_ALLOCATE|[51]|Bytes:4
15:04:39.0 (30157022)|VARIABLE_ASSIGNMENT|[51]|j|30
15:04:39.0 (30158645)|STATEMENT_EXECUTE|[51]
15:04:39.0 (30160209)|STATEMENT_EXECUTE|[54]
15:04:39.0 (30161281)|STATEMENT_EXECUTE|[55]
15:04:39.0 (30166418)|HEAP_ALLOCATE|[55]|Bytes:1
15:04:39.0 (30173732)|HEAP_ALLOCATE|[55]|Bytes:2
15:04:39.0 (30178556)|HEAP_ALLOCATE|[55]|Bytes:4
15:04:39.0 (30183237)|HEAP_ALLOCATE|[55]|Bytes:1
15:04:39.0 (30190254)|HEAP_ALLOCATE|[55]|Bytes:2
15:04:39.0 (30194956)|HEAP_ALLOCATE|[55]|Bytes:4
15:04:39.0 (30199262)|HEAP_ALLOCATE|[EXTERNAL]|Bytes:4
15:04:39.0 (30202443)|HEAP_ALLOCATE|[51]|Bytes:4
15:04:39.0 (30204851)|VARIABLE_ASSIGNMENT|[51]|j|60
15:04:39.0 (30206524)|HEAP_ALLOCATE|[50]|Bytes:4
15:04:39.0 (30208702)|VARIABLE_ASSIGNMENT|[50]|i|6
15:04:39.0 (30210264)|STATEMENT_EXECUTE|[50]
15:04:39.0 (30211375)|STATEMENT_EXECUTE|[51]
15:04:39.0 (30212871)|VARIABLE_SCOPE_BEGIN|[51]|j|Integer|false|false
15:04:39.0 (30214150)|HEAP_ALLOCATE|[51]|Bytes:4
15:04:39.0 (30216362)|VARIABLE_ASSIGNMENT|[51]|j|0
15:04:39.0 (30217826)|STATEMENT_EXECUTE|[51]
15:04:39.0 (30219153)|STATEMENT_EXECUTE|[52]
15:04:39.0 (30220091)|STATEMENT_EXECUTE|[53]
15:04:39.0 (30225538)|HEAP_ALLOCATE|[53]|Bytes:1
15:04:39.0 (30232807)|HEAP_ALLOCATE|[53]|Bytes:1
15:04:39.0 (30237686)|HEAP_ALLOCATE|[53]|Bytes:4
15:04:39.0 (30242290)|HEAP_ALLOCATE|[53]|Bytes:1
15:04:39.0 (30249353)|HEAP_ALLOCATE|[53]|Bytes:1
15:04:39.0 (30253985)|HEAP_ALLOCATE|[53]|Bytes:4
15:04:39.0 (30258209)|HEAP_ALLOCATE|[EXTERNAL]|Bytes:4
15:04:39.0 (30261320)|HEAP_ALLOCATE|[51]|Bytes:4
15:04:39.0 (30263867)|VARIABLE_ASSIGNMENT|[51]|j|30
15:04:39.0 (30265469)|STATEMENT_EXECUTE|[51]
15:04:39.0 (30266707)|STATEMENT_EXECUTE|[54]
15:04:39.0 (30267686)|STATEMENT_EXECUTE|[55]
15:04:39.0 (30272777)|HEAP_ALLOCATE|[55]|Bytes:1
15:04:39.0 (30280045)|HEAP_ALLOCATE|[55]|Bytes:2
15:04:39.0 (30284908)|HEAP_ALLOCATE|[55]|Bytes:4
15:04:39.0 (30289606)|HEAP_ALLOCATE|[55]|Bytes:1
15:04:39.0 (30296535)|HEAP_ALLOCATE|[55]|Bytes:2
15:04:39.0 (30301346)|HEAP_ALLOCATE|[55]|Bytes:4
15:04:39.0 (30305592)|HEAP_ALLOCATE|[EXTERNAL]|Bytes:4
15:04:39.0 (30308681)|HEAP_ALLOCATE|[51]|Bytes:4
15:04:39.0 (30311164)|VARIABLE_ASSIGNMENT|[51]|j|60
15:04:39.0 (30313341)|HEAP_ALLOCATE|[50]|Bytes:4
15:04:39.0 (30315605)|VARIABLE_ASSIGNMENT|[50]|i|7
15:04:39.0 (30317240)|STATEMENT_EXECUTE|[50]
15:04:39.0 (30318345)|STATEMENT_EXECUTE|[51]
15:04:39.0 (30319871)|VARIABLE_SCOPE_BEGIN|[51]|j|Integer|false|false
15:04:39.0 (30321210)|HEAP_ALLOCATE|[51]|Bytes:4
15:04:39.0 (30323394)|VARIABLE_ASSIGNMENT|[51]|j|0
15:04:39.0 (30324938)|STATEMENT_EXECUTE|[51]
15:04:39.0 (30326210)|STATEMENT_EXECUTE|[52]
15:04:39.0 (30327141)|STATEMENT_EXECUTE|[53]
15:04:39.0 (30332225)|HEAP_ALLOCATE|[53]|Bytes:1
15:04:39.0 (30339422)|HEAP_ALLOCATE|[53]|Bytes:1
15:04:39.0 (30344201)|HEAP_ALLOCATE|[53]|Bytes:4
15:04:39.0 (30348791)|HEAP_ALLOCATE|[53]|Bytes:1
15:04:39.0 (30355820)|HEAP_ALLOCATE|[53]|Bytes:1
15:04:39.0 (30360494)|HEAP_ALLOCATE|[53]|Bytes:4
15:04:39.0 (30364856)|HEAP_ALLOCATE|[EXTERNAL]|Bytes:4
15:04:39.0 (30368041)|HEAP_ALLOCATE|[51]|Bytes:4
15:04:39.0 (30370497)|VARIABLE_ASSIGNMENT|[51]|j|30
15:04:39.0 (30372099)|STATEMENT_EXECUTE|[51]
15:04:39.0 (30373307)|STATEMENT_EXECUTE|[54]
15:04:39.0 (30374454)|STATEMENT_EXECUTE|[55]
15:04:39.0 (30379428)|HEAP_ALLOCATE|[55]|Bytes:1
15:04:39.0 (30386580)|HEAP_ALLOCATE|[55]|Bytes:2
15:04:39.0 (30391374)|HEAP_ALLOCATE|[55]|Bytes:4
15:04:39.0 (30395977)|HEAP_ALLOCATE|[55]|Bytes:1
15:04:39.0 (30402928)|HEAP_ALLOCATE|[55]|Bytes:2
15:04:39.0 (30407681)|HEAP_ALLOCATE|[55]|Bytes:4
15:04:39.0 (30412099)|HEAP_ALLOCATE|[EXTERNAL]|Bytes:4
15:04:39.0 (30415253)|HEAP_ALLOCATE|[51]|Bytes:4
15:04:39.0 (30417675)|VARIABLE_ASSIGNMENT|[51]|j|60
15:04:39.0 (30419397)|HEAP_ALLOCATE|[50]|Bytes:4
15:04:39.0 (30421808)|VARIABLE_ASSIGNMENT|[50]|i|8
15:04:39.0 (30423392)|STATEMENT_EXECUTE|[50]
15:04:39.0 (30424494)|STATEMENT_EXECUTE|[51]
15:04:39.0 (30426015)|VARIABLE_SCOPE_BEGIN|[51]|j|Integer|false|false
15:04:39.0 (30427348)|HEAP_ALLOCATE|[51]|Bytes:4
15:04:39.0 (30429518)|VARIABLE_ASSIGNMENT|[51]|j|0
15:04:39.0 (30430968)|STATEMENT_EXECUTE|[51]
15:04:39.0 (30432178)|STATEMENT_EXECUTE|[52]
15:04:39.0 (30433142)|STATEMENT_EXECUTE|[53]
15:04:39.0 (30438559)|HEAP_ALLOCATE|[53]|Bytes:1
15:04:39.0 (30445709)|HEAP_ALLOCATE|[53]|Bytes:1
15:04:39.0 (30450374)|HEAP_ALLOCATE|[53]|Bytes:4
15:04:39.0 (30454941)|HEAP_ALLOCATE|[53]|Bytes:1
15:04:39.0 (30462033)|HEAP_ALLOCATE|[53]|Bytes:1
15:04:39.0 (30466850)|HEAP_ALLOCATE|[53]|Bytes:4
15:04:39.0 (30471066)|HEAP_ALLOCATE|[EXTERNAL]|Bytes:4
15:04:39.0 (30474298)|HEAP_ALLOCATE|[51]|Bytes:4
15:04:39.0 (30476931)|VARIABLE_ASSIGNMENT|[51]|j|30
15:04:39.0 (30478561)|STATEMENT_EXECUTE|[51]
15:04:39.0 (30479783)|STATEMENT_EXECUTE|[54]
15:04:39.0 (30480722)|STATEMENT_EXECUTE|[55]
15:04:39.0 (30485857)|HEAP_ALLOCATE|[55]|Bytes:1
15:04:39.0 (30492926)|HEAP_ALLOCATE|[55]|Bytes:2
15:04:39.0 (30497735)|HEAP_ALLOCATE|[55]|Bytes:4
15:04:39.0 (30502296)|HEAP_ALLOCATE|[55]|Bytes:1
15:04:39.0 (30509256)|HEAP_ALLOCATE|[55]|Bytes:2
15:04:39.0 (30513906)|HEAP_ALLOCATE|[55]|Bytes:4
15:04:39.0 (30518087)|HEAP_ALLOCATE|[EXTERNAL]|Bytes:4
15:04:39.0 (30521070)|HEAP_ALLOCATE|[51]|Bytes:4
15:04:39.0 (30523661)|VARIABLE_ASSIGNMENT|[51]|j|60
15:04:39.0 (30525522)|HEAP_ALLOCATE|[50]|Bytes:4
15:04:39.0 (30527704)|VARIABLE_ASSIGNMENT|[50]|i|9
15:04:39.0 (30529265)|STATEMENT_EXECUTE|[50]
15:04:39.0 (30530375)|STATEMENT_EXECUTE|[51]
15:04:39.0 (30531869)|VARIABLE_SCOPE_BEGIN|[51]|j|Integer|false|false
15:04:39.0 (30533144)|HEAP_ALLOCATE|[51]|Bytes:4
15:04:39.0 (30535345)|VARIABLE_ASSIGNMENT|[51]|j|0
15:04:39.0 (30536936)|STATEMENT_EXECUTE|[51]
15:04:39.0 (30538191)|STATEMENT_EXECUTE|[52]
15:04:39.0 (30539145)|STATEMENT_EXECUTE|[53]
15:04:39.0 (30544385)|HEAP_ALLOCATE|[53]|Bytes:1
15:04:39.0 (30551738)|HEAP_ALLOCATE|[53]|Bytes:1
15:04:39.0 (30556498)|HEAP_ALLOCATE|[53]|Bytes:4
15:04:39.0 (30561216)|HEAP_ALLOCATE|[53]|Bytes:1
15:04:39.0 (30568284)|HEAP_ALLOCATE|[53]|Bytes:1
15:04:39.0 (30572824)|HEAP_ALLOCATE|[53]|Bytes:4
15:04:39.0 (30577054)|HEAP_ALLOCATE|[EXTERNAL]|Bytes:4
15:04:39.0 (30580247)|HEAP_ALLOCATE|[51]|Bytes:4
15:04:39.0 (30582712)|VARIABLE_ASSIGNMENT|[51]|j|30
15:04:39.0 (30584297)|STATEMENT_EXECUTE|[51]
15:04:39.0 (30585509)|STATEMENT_EXECUTE|[54]
15:04:39.0 (30586629)|STATEMENT_EXECUTE|[55]
15:04:39.0 (30591711)|HEAP_ALLOCATE|[55]|Bytes:1
15:04:39.0 (30598759)|HEAP_ALLOCATE|[55]|Bytes:2
15:04:39.0 (30603494)|HEAP_ALLOCATE|[55]|Bytes:4
15:04:39.0 (30608099)|HEAP_ALLOCATE|[55]|Bytes:1
15:04:39.0 (30615122)|HEAP_ALLOCATE|[55]|Bytes:2
15:04:39.0 (30619914)|HEAP_ALLOCATE|[55]|Bytes:4
15:04:39.0 (30624221)|HEAP_ALLOCATE|[EXTERNAL]|Bytes:4
15:04:39.0 (30627252)|HEAP_ALLOCATE|[51]|Bytes:4
15:04:39.0 (30629601)|VARIABLE_ASSIGNMENT|[51]|j|60
15:04:39.0 (30631308)|HEAP_ALLOCATE|[50]|Bytes:4
15:04:39.0 (30633526)|VARIABLE_ASSIGNMENT|[50]|i|10
15:04:39.0 (30635081)|STATEMENT_EXECUTE|[50]
15:04:39.0 (30636181)|STATEMENT_EXECUTE|[51]
15:04:39.0 (30637717)|VARIABLE_SCOPE_BEGIN|[51]|j|Integer|false|false
15:04:39.0 (30639089)|HEAP_ALLOCATE|[51]|Bytes:4
15:04:39.0 (30641248)|VARIABLE_ASSIGNMENT|[51]|j|0
15:04:39.0 (30642730)|STATEMENT_EXECUTE|[51]
15:04:39.0 (30643992)|STATEMENT_EXECUTE|[52]
15:04:39.0 (30644936)|STATEMENT_EXECUTE|[53]
15:04:39.0 (30650023)|HEAP_ALLOCATE|[53]|Bytes:2
15:04:39.0 (30657358)|HEAP_ALLOCATE|[53]|Bytes:1
15:04:39.0 (30662114)|HEAP_ALLOCATE|[53]|Bytes:5
15:04:39.0 (30666802)|HEAP_ALLOCATE|[53]|Bytes:2
15:04:39.0 (30673884)|HEAP_ALLOCATE|[53]|Bytes:1
15:04:39.0 (30678457)|HEAP_ALLOCATE|[53]|Bytes:5
15:04:39.0 (30682681)|HEAP_ALLOCATE|[EXTERNAL]|Bytes:4
15:04:39.0 (30685884)|HEAP_ALLOCATE|[51]|Bytes:4
15:04:39.0 (30688364)|VARIABLE_ASSIGNMENT|[51]|j|30
15:04:39.0 (30689894)|STATEMENT_EXECUTE|[51]
15:04:39.0 (30691088)|STATEMENT_EXECUTE|[54]
15:04:39.0 (30692049)|STATEMENT_EXECUTE|[55]
15:04:39.0 (30697155)|HEAP_ALLOCATE|[55]|Bytes:2
15:04:39.0 (30704289)|HEAP_ALLOCATE|[55]|Bytes:2
15:04:39.0 (30709050)|HEAP_ALLOCATE|[55]|Bytes:5
15:04:39.0 (30713670)|HEAP_ALLOCATE|[55]|Bytes:2
15:04:39.0 (30720649)|HEAP_ALLOCATE|[55]|Bytes:2
15:04:39.0 (30725384)|HEAP_ALLOCATE|[55]|Bytes:5
15:04:39.0 (30729574)|HEAP_ALLOCATE|[EXTERNAL]|Bytes:4
15:04:39.0 (30732653)|HEAP_ALLOCATE|[51]|Bytes:4
15:04:39.0 (30735125)|VARIABLE_ASSIGNMENT|[51]|j|60
15:04:39.0 (30736987)|HEAP_ALLOCATE|[50]|Bytes:4
15:04:39.0 (30739249)|VARIABLE_ASSIGNMENT|[50]|i|11
15:04:39.0 (30740735)|STATEMENT_EXECUTE|[50]
15:04:39.0 (30741843)|STATEMENT_EXECUTE|[51]
15:04:39.0 (30743358)|VARIABLE_SCOPE_BEGIN|[51]|j|Integer|false|false
15:04:39.0 (30744649)|HEAP_ALLOCATE|[51]|Bytes:4
15:04:39.0 (30746795)|VARIABLE_ASSIGNMENT|[51]|j|0
15:04:39.0 (30748296)|STATEMENT_EXECUTE|[51]
15:04:39.0 (30749553)|STATEMENT_EXECUTE|[52]
15:04:39.0 (30750508)|STATEMENT_EXECUTE|[53]
15:04:39.0 (30755632)|HEAP_ALLOCATE|[53]|Bytes:2
15:04:39.0 (30762870)|HEAP_ALLOCATE|[53]|Bytes:1
15:04:39.0 (30767765)|HEAP_ALLOCATE|[53]|Bytes:5
15:04:39.0 (30772311)|HEAP_ALLOCATE|[53]|Bytes:2
15:04:39.0 (30779299)|HEAP_ALLOCATE|[53]|Bytes:1
15:04:39.0 (30783855)|HEAP_ALLOCATE|[53]|Bytes:5
15:04:39.0 (30788108)|HEAP_ALLOCATE|[EXTERNAL]|Bytes:4
15:04:39.0 (30791448)|HEAP_ALLOCATE|[51]|Bytes:4
15:04:39.0 (30793952)|VARIABLE_ASSIGNMENT|[51]|j|30
15:04:39.0 (30795669)|STATEMENT_EXECUTE|[51]
15:04:39.0 (30796881)|STATEMENT_EXECUTE|[54]
15:04:39.0 (30797989)|STATEMENT_EXECUTE|[55]
15:04:39.0 (30803160)|HEAP_ALLOCATE|[55]|Bytes:2
15:04:39.0 (30810351)|HEAP_ALLOCATE|[55]|Bytes:2
15:04:39.0 (30815290)|HEAP_ALLOCATE|[55]|Bytes:5
15:04:39.0 (30819994)|HEAP_ALLOCATE|[55]|Bytes:2
15:04:39.0 (30826965)|HEAP_ALLOCATE|[55]|Bytes:2
15:04:39.0 (30831672)|HEAP_ALLOCATE|[55]|Bytes:5
15:04:39.0 (30838805)|HEAP_ALLOCATE|[EXTERNAL]|Bytes:4
15:04:39.0 (30842131)|HEAP_ALLOCATE|[51]|Bytes:4
15:04:39.0 (30844707)|VARIABLE_ASSIGNMENT|[51]|j|60
15:04:39.0 (30846585)|HEAP_ALLOCATE|[50]|Bytes:4
15:04:39.0 (30848898)|VARIABLE_ASSIGNMENT|[50]|i|12
15:04:39.0 (30850549)|STATEMENT_EXECUTE|[50]
15:04:39.0 (30851692)|STATEMENT_EXECUTE|[51]
15:04:39.0 (30853324)|VARIABLE_SCOPE_BEGIN|[51]|j|Integer|false|false
15:04:39.0 (30854900)|HEAP_ALLOCATE|[51]|Bytes:4
15:04:39.0 (30857094)|VARIABLE_ASSIGNMENT|[51]|j|0
15:04:39.0 (30858636)|STATEMENT_EXECUTE|[51]
15:04:39.0 (30859959)|STATEMENT_EXECUTE|[52]
15:04:39.0 (30860881)|STATEMENT_EXECUTE|[53]
15:04:39.0 (30866609)|HEAP_ALLOCATE|[53]|Bytes:2
15:04:39.0 (30874844)|HEAP_ALLOCATE|[53]|Bytes:1
15:04:39.0 (30879707)|HEAP_ALLOCATE|[53]|Bytes:5
15:04:39.0 (30884439)|HEAP_ALLOCATE|[53]|Bytes:2
15:04:39.0 (30891368)|HEAP_ALLOCATE|[53]|Bytes:1
15:04:39.0 (30896085)|HEAP_ALLOCATE|[53]|Bytes:5
15:04:39.0 (30900430)|HEAP_ALLOCATE|[EXTERNAL]|Bytes:4
15:04:39.0 (30903714)|HEAP_ALLOCATE|[51]|Bytes:4
15:04:39.0 (30906305)|VARIABLE_ASSIGNMENT|[51]|j|30
15:04:39.0 (30907933)|STATEMENT_EXECUTE|[51]
15:04:39.0 (30909282)|STATEMENT_EXECUTE|[54]
15:04:39.0 (30910244)|STATEMENT_EXECUTE|[55]
15:04:39.0 (30915464)|HEAP_ALLOCATE|[55]|Bytes:2
15:04:39.0 (30922637)|HEAP_ALLOCATE|[55]|Bytes:2
15:04:39.0 (30927407)|HEAP_ALLOCATE|[55]|Bytes:5
15:04:39.0 (30932180)|HEAP_ALLOCATE|[55]|Bytes:2
15:04:39.0 (30939223)|HEAP_ALLOCATE|[55]|Bytes:2
15:04:39.0 (30943859)|HEAP_ALLOCATE|[55]|Bytes:5
15:04:39.0 (30948050)|HEAP_ALLOCATE|[EXTERNAL]|Bytes:4
15:04:39.0 (30951086)|HEAP_ALLOCATE|[51]|Bytes:4
15:04:39.0 (30953506)|VARIABLE_ASSIGNMENT|[51]|j|60
15:04:39.0 (30955556)|HEAP_ALLOCATE|[50]|Bytes:4
15:04:39.0 (30957763)|VARIABLE_ASSIGNMENT|[50]|i|13
15:04:39.0 (30959321)|STATEMENT_EXECUTE|[50]
15:04:39.0 (30960463)|STATEMENT_EXECUTE|[51]
15:04:39.0 (30962020)|VARIABLE_SCOPE_BEGIN|[51]|j|Integer|false|false
15:04:39.0 (30963306)|HEAP_ALLOCATE|[51]|Bytes:4
15:04:39.0 (30965650)|VARIABLE_ASSIGNMENT|[51]|j|0
15:04:39.0 (30967116)|STATEMENT_EXECUTE|[51]
15:04:39.0 (30968358)|STATEMENT_EXECUTE|[52]
15:04:39.0 (30969293)|STATEMENT_EXECUTE|[53]
15:04:39.0 (30974438)|HEAP_ALLOCATE|[53]|Bytes:2
15:04:39.0 (30981645)|HEAP_ALLOCATE|[53]|Bytes:1
15:04:39.0 (30986815)|HEAP_ALLOCATE|[53]|Bytes:5
15:04:39.0 (30991610)|HEAP_ALLOCATE|[53]|Bytes:2
15:04:39.0 (30998750)|HEAP_ALLOCATE|[53]|Bytes:1
15:04:39.0 (31003351)|HEAP_ALLOCATE|[53]|Bytes:5
15:04:39.0 (31008079)|HEAP_ALLOCATE|[EXTERNAL]|Bytes:4
15:04:39.0 (31011411)|HEAP_ALLOCATE|[51]|Bytes:4
15:04:39.0 (31014061)|VARIABLE_ASSIGNMENT|[51]|j|30
15:04:39.0 (31015740)|STATEMENT_EXECUTE|[51]
15:04:39.0 (31017013)|STATEMENT_EXECUTE|[54]
15:04:39.0 (31018351)|STATEMENT_EXECUTE|[55]
15:04:39.0 (31023741)|HEAP_ALLOCATE|[55]|Bytes:2
15:04:39.0 (31030954)|HEAP_ALLOCATE|[55]|Bytes:2
15:04:39.0 (31035874)|HEAP_ALLOCATE|[55]|Bytes:5
15:04:39.0 (31040519)|HEAP_ALLOCATE|[55]|Bytes:2
15:04:39.0 (31047434)|HEAP_ALLOCATE|[55]|Bytes:2
15:04:39.0 (31052024)|HEAP_ALLOCATE|[55]|Bytes:5
15:04:39.0 (31056263)|HEAP_ALLOCATE|[EXTERNAL]|Bytes:4
15:04:39.0 (31059308)|HEAP_ALLOCATE|[51]|Bytes:4
15:04:39.0 (31061733)|VARIABLE_ASSIGNMENT|[51]|j|60
15:04:39.0 (31063447)|HEAP_ALLOCATE|[50]|Bytes:4
15:04:39.0 (31065668)|VARIABLE_ASSIGNMENT|[50]|i|14
15:04:39.0 (31067241)|STATEMENT_EXECUTE|[50]
15:04:39.0 (31068399)|STATEMENT_EXECUTE|[51]
15:04:39.0 (31069940)|VARIABLE_SCOPE_BEGIN|[51]|j|Integer|false|false
15:04:39.0 (31071321)|HEAP_ALLOCATE|[51]|Bytes:4
15:04:39.0 (31073478)|VARIABLE_ASSIGNMENT|[51]|j|0
15:04:39.0 (31074924)|STATEMENT_EXECUTE|[51]
15:04:39.0 (31076181)|STATEMENT_EXECUTE|[52]
15:04:39.0 (31077111)|STATEMENT_EXECUTE|[53]
15:04:39.0 (31082172)|HEAP_ALLOCATE|[53]|Bytes:2
15:04:39.0 (31090116)|HEAP_ALLOCATE|[53]|Bytes:1
15:04:39.0 (31095007)|HEAP_ALLOCATE|[53]|Bytes:5
15:04:39.0 (31099612)|HEAP_ALLOCATE|[53]|Bytes:2
15:04:39.0 (31106513)|HEAP_ALLOCATE|[53]|Bytes:1
15:04:39.0 (31111151)|HEAP_ALLOCATE|[53]|Bytes:5
15:04:39.0 (31115283)|HEAP_ALLOCATE|[EXTERNAL]|Bytes:4
15:04:39.0 (31118579)|HEAP_ALLOCATE|[51]|Bytes:4
15:04:39.0 (31121138)|VARIABLE_ASSIGNMENT|[51]|j|30
15:04:39.0 (31122688)|STATEMENT_EXECUTE|[51]
15:04:39.0 (31124000)|STATEMENT_EXECUTE|[54]
15:04:39.0 (31124951)|STATEMENT_EXECUTE|[55]
15:04:39.0 (31130077)|HEAP_ALLOCATE|[55]|Bytes:2
15:04:39.0 (31137300)|HEAP_ALLOCATE|[55]|Bytes:2
15:04:39.0 (31142225)|HEAP_ALLOCATE|[55]|Bytes:5
15:04:39.0 (31146901)|HEAP_ALLOCATE|[55]|Bytes:2
15:04:39.0 (31153896)|HEAP_ALLOCATE|[55]|Bytes:2
15:04:39.0 (31158504)|HEAP_ALLOCATE|[55]|Bytes:5
15:04:39.0 (31162717)|HEAP_ALLOCATE|[EXTERNAL]|Bytes:4
15:04:39.0 (31165776)|HEAP_ALLOCATE|[51]|Bytes:4
15:04:39.0 (31168187)|VARIABLE_ASSIGNMENT|[51]|j|60
15:04:39.0 (31169936)|HEAP_ALLOCATE|[50]|Bytes:4
15:04:39.0 (31172385)|VARIABLE_ASSIGNMENT|[50]|i|15
15:04:39.0 (31174010)|STATEMENT_EXECUTE|[50]
15:04:39.0 (31175109)|STATEMENT_EXECUTE|[51]
15:04:39.0 (31176695)|VARIABLE_SCOPE_BEGIN|[51]|j|Integer|false|false
15:04:39.0 (31178046)|HEAP_ALLOCATE|[51]|Bytes:4
15:04:39.0 (31180214)|VARIABLE_ASSIGNMENT|[51]|j|0
15:04:39.0 (31181648)|STATEMENT_EXECUTE|[51]
15:04:39.0 (31182891)|STATEMENT_EXECUTE|[52]
15:04:39.0 (31183849)|STATEMENT_EXECUTE|[53]
15:04:39.0 (31188976)|HEAP_ALLOCATE|[53]|Bytes:2
15:04:39.0 (31196485)|HEAP_ALLOCATE|[53]|Bytes:1
15:04:39.0 (31201364)|HEAP_ALLOCATE|[53]|Bytes:5
15:04:39.0 (31205940)|HEAP_ALLOCATE|[53]|Bytes:2
15:04:39.0 (31212808)|HEAP_ALLOCATE|[53]|Bytes:1
15:04:39.0 (31217377)|HEAP_ALLOCATE|[53]|Bytes:5
15:04:39.0 (31221535)|HEAP_ALLOCATE|[EXTERNAL]|Bytes:4
15:04:39.0 (31224786)|HEAP_ALLOCATE|[51]|Bytes:4
15:04:39.0 (31227253)|VARIABLE_ASSIGNMENT|[51]|j|30
15:04:39.0 (31228796)|STATEMENT_EXECUTE|[51]
15:04:39.0 (31230067)|STATEMENT_EXECUTE|[54]
15:04:39.0 (31231331)|STATEMENT_EXECUTE|[55]
15:04:39.0 (31236624)|HEAP_ALLOCATE|[55]|Bytes:2
15:04:39.0 (31243879)|HEAP_ALLOCATE|[55]|Bytes:2
15:04:39.0 (31248785)|HEAP_ALLOCATE|[55]|Bytes:5
15:04:39.0 (31253529)|HEAP_ALLOCATE|[55]|Bytes:2
15:04:39.0 (31260489)|HEAP_ALLOCATE|[55]|Bytes:2
15:04:39.0 (31265084)|HEAP_ALLOCATE|[55]|Bytes:5
15:04:39.0 (31269237)|HEAP_ALLOCATE|[EXTERNAL]|Bytes:4
15:04:39.0 (31272284)|HEAP_ALLOCATE|[51]|Bytes:4
15:04:39.0 (31274739)|VARIABLE_ASSIGNMENT|[51]|j|60
15:04:39.0 (31276464)|HEAP_ALLOCATE|[50]|Bytes:4
15:04:39.0 (31278682)|VARIABLE_ASSIGNMENT|[50]|i|16
15:04:39.0 (31280281)|STATEMENT_EXECUTE|[50]
15:04:39.0 (31281369)|STATEMENT_EXECUTE|[51]
15:04:39.0 (31282949)|VARIABLE_SCOPE_BEGIN|[51]|j|Integer|false|false
15:04:39.0 (31284279)|HEAP_ALLOCATE|[51]|Bytes:4
15:04:39.0 (31286512)|VARIABLE_ASSIGNMENT|[51]|j|0
15:04:39.0 (31287971)|STATEMENT_EXECUTE|[51]
15:04:39.0 (31289195)|STATEMENT_EXECUTE|[52]
15:04:39.0 (31290119)|STATEMENT_EXECUTE|[53]
15:04:39.0 (31295283)|HEAP_ALLOCATE|[53]|Bytes:2
15:04:39.0 (31302996)|HEAP_ALLOCATE|[53]|Bytes:1
15:04:39.0 (31307822)|HEAP_ALLOCATE|[53]|Bytes:5
15:04:39.0 (31312591)|HEAP_ALLOCATE|[53]|Bytes:2
15:04:39.0 (31319460)|HEAP_ALLOCATE|[53]|Bytes:1
15:04:39.0 (31324095)|HEAP_ALLOCATE|[53]|Bytes:5
15:04:39.0 (31328383)|HEAP_ALLOCATE|[EXTERNAL]|Bytes:4
15:04:39.0 (31331593)|HEAP_ALLOCATE|[51]|Bytes:4
15:04:39.0 (31334052)|VARIABLE_ASSIGNMENT|[51]|j|30
15:04:39.0 (31335570)|STATEMENT_EXECUTE|[51]
15:04:39.0 (31336955)|STATEMENT_EXECUTE|[54]
15:04:39.0 (31337951)|STATEMENT_EXECUTE|[55]
15:04:39.0 (31343168)|HEAP_ALLOCATE|[55]|Bytes:2
15:04:39.0 (31350367)|HEAP_ALLOCATE|[55]|Bytes:2
15:04:39.0 (31355208)|HEAP_ALLOCATE|[55]|Bytes:5
15:04:39.0 (31359972)|HEAP_ALLOCATE|[55]|Bytes:2
15:04:39.0 (31367132)|HEAP_ALLOCATE|[55]|Bytes:2
15:04:39.0 (31371805)|HEAP_ALLOCATE|[55]|Bytes:5
15:04:39.0 (31376079)|HEAP_ALLOCATE|[EXTERNAL]|Bytes:4
15:04:39.0 (31379353)|HEAP_ALLOCATE|[51]|Bytes:4
15:04:39.0 (31381756)|VARIABLE_ASSIGNMENT|[51]|j|60
15:04:39.0 (31383486)|HEAP_ALLOCATE|[50]|Bytes:4
15:04:39.0 (31385874)|VARIABLE_ASSIGNMENT|[50]|i|17
15:04:39.0 (31387414)|STATEMENT_EXECUTE|[50]
15:04:39.0 (31388513)|STATEMENT_EXECUTE|[51]
15:04:39.0 (31390092)|VARIABLE_SCOPE_BEGIN|[51]|j|Integer|false|false
15:04:39.0 (31391416)|HEAP_ALLOCATE|[51]|Bytes:4
15:04:39.0 (31393656)|VARIABLE_ASSIGNMENT|[51]|j|0
15:04:39.0 (31395121)|STATEMENT_EXECUTE|[51]
15:04:39.0 (31396354)|STATEMENT_EXECUTE|[52]
15:04:39.0 (31397264)|STATEMENT_EXECUTE|[53]
15:04:39.0 (31402548)|HEAP_ALLOCATE|[53]|Bytes:2
15:04:39.0 (31409815)|HEAP_ALLOCATE|[53]|Bytes:1
15:04:39.0 (31414540)|HEAP_ALLOCATE|[53]|Bytes:5
15:04:39.0 (31419224)|HEAP_ALLOCATE|[53]|Bytes:2
15:04:39.0 (31426063)|HEAP_ALLOCATE|[53]|Bytes:1
15:04:39.0 (31430687)|HEAP_ALLOCATE|[53]|Bytes:5
15:04:39.0 (31434958)|HEAP_ALLOCATE|[EXTERNAL]|Bytes:4
15:04:39.0 (31438133)|HEAP_ALLOCATE|[51]|Bytes:4
15:04:39.0 (31440719)|VARIABLE_ASSIGNMENT|[51]|j|30
15:04:39.0 (31442370)|STATEMENT_EXECUTE|[51]
15:04:39.0 (31443682)|STATEMENT_EXECUTE|[54]
15:04:39.0 (31444657)|STATEMENT_EXECUTE|[55]
15:04:39.0 (31449923)|HEAP_ALLOCATE|[55]|Bytes:2
15:04:39.0 (31457167)|HEAP_ALLOCATE|[55]|Bytes:2
15:04:39.0 (31462200)|HEAP_ALLOCATE|[55]|Bytes:5
15:04:39.0 (31466854)|HEAP_ALLOCATE|[55]|Bytes:2
15:04:39.0 (31473706)|HEAP_ALLOCATE|[55]|Bytes:2
15:04:39.0 (31478273)|HEAP_ALLOCATE|[55]|Bytes:5
15:04:39.0 (31482514)|HEAP_ALLOCATE|[EXTERNAL]|Bytes:4
15:04:39.0 (31485603)|HEAP_ALLOCATE|[51]|Bytes:4
15:04:39.0 (31488047)|VARIABLE_ASSIGNMENT|[51]|j|60
15:04:39.0 (31489809)|HEAP_ALLOCATE|[50]|Bytes:4
15:04:39.0 (31492065)|VARIABLE_ASSIGNMENT|[50]|i|18
15:04:39.0 (31493665)|STATEMENT_EXECUTE|[50]
15:04:39.0 (31494786)|STATEMENT_EXECUTE|[51]
15:04:39.0 (31496383)|VARIABLE_SCOPE_BEGIN|[51]|j|Integer|false|false
15:04:39.0 (31497670)|HEAP_ALLOCATE|[51]|Bytes:4
15:04:39.0 (31499812)|VARIABLE_ASSIGNMENT|[51]|j|0
15:04:39.0 (31501241)|STATEMENT_EXECUTE|[51]
15:04:39.0 (31502481)|STATEMENT_EXECUTE|[52]
15:04:39.0 (31503437)|STATEMENT_EXECUTE|[53]
15:04:39.0 (31508664)|HEAP_ALLOCATE|[53]|Bytes:2
15:04:39.0 (31516292)|HEAP_ALLOCATE|[53]|Bytes:1
15:04:39.0 (31521079)|HEAP_ALLOCATE|[53]|Bytes:5
15:04:39.0 (31525809)|HEAP_ALLOCATE|[53]|Bytes:2
15:04:39.0 (31532842)|HEAP_ALLOCATE|[53]|Bytes:1
15:04:39.0 (31537468)|HEAP_ALLOCATE|[53]|Bytes:5
15:04:39.0 (31541666)|HEAP_ALLOCATE|[EXTERNAL]|Bytes:4
15:04:39.0 (31545027)|HEAP_ALLOCATE|[51]|Bytes:4
15:04:39.0 (31547552)|VARIABLE_ASSIGNMENT|[51]|j|30
15:04:39.0 (31549135)|STATEMENT_EXECUTE|[51]
15:04:39.0 (31550456)|STATEMENT_EXECUTE|[54]
15:04:39.0 (31551417)|STATEMENT_EXECUTE|[55]
15:04:39.0 (31556711)|HEAP_ALLOCATE|[55]|Bytes:2
15:04:39.0 (31563912)|HEAP_ALLOCATE|[55]|Bytes:2
15:04:39.0 (31568796)|HEAP_ALLOCATE|[55]|Bytes:5
15:04:39.0 (31573490)|HEAP_ALLOCATE|[55]|Bytes:2
15:04:39.0 (31580548)|HEAP_ALLOCATE|[55]|Bytes:2
15:04:39.0 (31585152)|HEAP_ALLOCATE|[55]|Bytes:5
15:04:39.0 (31589376)|HEAP_ALLOCATE|[EXTERNAL]|Bytes:4
15:04:39.0 (31592474)|HEAP_ALLOCATE|[51]|Bytes:4
15:04:39.0 (31594896)|VARIABLE_ASSIGNMENT|[51]|j|60
15:04:39.0 (31596665)|HEAP_ALLOCATE|[50]|Bytes:4
15:04:39.0 (31599276)|VARIABLE_ASSIGNMENT|[50]|i|19
15:04:39.0 (31600898)|STATEMENT_EXECUTE|[50]
15:04:39.0 (31602071)|STATEMENT_EXECUTE|[51]
15:04:39.0 (31603542)|VARIABLE_SCOPE_BEGIN|[51]|j|Integer|false|false
15:04:39.0 (31604805)|HEAP_ALLOCATE|[51]|Bytes:4
15:04:39.0 (31606969)|VARIABLE_ASSIGNMENT|[51]|j|0
15:04:39.0 (31608439)|STATEMENT_EXECUTE|[51]
15:04:39.0 (31609723)|STATEMENT_EXECUTE|[52]
15:04:39.0 (31610650)|STATEMENT_EXECUTE|[53]
15:04:39.0 (31615954)|HEAP_ALLOCATE|[53]|Bytes:2
15:04:39.0 (31623468)|HEAP_ALLOCATE|[53]|Bytes:1
15:04:39.0 (31628160)|HEAP_ALLOCATE|[53]|Bytes:5
15:04:39.0 (31632773)|HEAP_ALLOCATE|[53]|Bytes:2
15:04:39.0 (31639803)|HEAP_ALLOCATE|[53]|Bytes:1
15:04:39.0 (31644429)|HEAP_ALLOCATE|[53]|Bytes:5
15:04:39.0 (31648590)|HEAP_ALLOCATE|[EXTERNAL]|Bytes:4
15:04:39.0 (31651794)|HEAP_ALLOCATE|[51]|Bytes:4
15:04:39.0 (31654319)|VARIABLE_ASSIGNMENT|[51]|j|30
15:04:39.0 (31655941)|STATEMENT_EXECUTE|[51]
15:04:39.0 (31657159)|STATEMENT_EXECUTE|[54]
15:04:39.0 (31658121)|STATEMENT_EXECUTE|[55]
15:04:39.0 (31663292)|HEAP_ALLOCATE|[55]|Bytes:2
15:04:39.0 (31670717)|HEAP_ALLOCATE|[55]|Bytes:2
15:04:39.0 (31675556)|HEAP_ALLOCATE|[55]|Bytes:5
15:04:39.0 (31680212)|HEAP_ALLOCATE|[55]|Bytes:2
15:04:39.0 (31687180)|HEAP_ALLOCATE|[55]|Bytes:2
15:04:39.0 (31691797)|HEAP_ALLOCATE|[55]|Bytes:5
15:04:39.0 (31695972)|HEAP_ALLOCATE|[EXTERNAL]|Bytes:4
15:04:39.0 (31699001)|HEAP_ALLOCATE|[51]|Bytes:4
15:04:39.0 (31701427)|VARIABLE_ASSIGNMENT|[51]|j|60
15:04:39.0 (31703117)|HEAP_ALLOCATE|[50]|Bytes:4
15:04:39.0 (31705293)|VARIABLE_ASSIGNMENT|[50]|i|20
15:04:39.0 (31706813)|STATEMENT_EXECUTE|[50]
15:04:39.0 (31707902)|STATEMENT_EXECUTE|[51]
15:04:39.0 (31709445)|VARIABLE_SCOPE_BEGIN|[51]|j|Integer|false|false
15:04:39.0 (31710816)|HEAP_ALLOCATE|[51]|Bytes:4
15:04:39.0 (31713023)|VARIABLE_ASSIGNMENT|[51]|j|0
15:04:39.0 (31714428)|STATEMENT_EXECUTE|[51]
15:04:39.0 (31715651)|STATEMENT_EXECUTE|[52]
15:04:39.0 (31716842)|STATEMENT_EXECUTE|[53]
15:04:39.0 (31722147)|HEAP_ALLOCATE|[53]|Bytes:2
15:04:39.0 (31729375)|HEAP_ALLOCATE|[53]|Bytes:1
15:04:39.0 (31734351)|HEAP_ALLOCATE|[53]|Bytes:5
15:04:39.0 (31738949)|HEAP_ALLOCATE|[53]|Bytes:2
15:04:39.0 (31745820)|HEAP_ALLOCATE|[53]|Bytes:1
15:04:39.0 (31750508)|HEAP_ALLOCATE|[53]|Bytes:5
15:04:39.0 (31754776)|HEAP_ALLOCATE|[EXTERNAL]|Bytes:4
15:04:39.0 (31757973)|HEAP_ALLOCATE|[51]|Bytes:4
15:04:39.0 (31760486)|VARIABLE_ASSIGNMENT|[51]|j|30
15:04:39.0 (31762025)|STATEMENT_EXECUTE|[51]
15:04:39.0 (31763358)|STATEMENT_EXECUTE|[54]
15:04:39.0 (31764300)|STATEMENT_EXECUTE|[55]
15:04:39.0 (31769496)|HEAP_ALLOCATE|[55]|Bytes:2
15:04:39.0 (31776704)|HEAP_ALLOCATE|[55]|Bytes:2
15:04:39.0 (31781556)|HEAP_ALLOCATE|[55]|Bytes:5
15:04:39.0 (31786185)|HEAP_ALLOCATE|[55]|Bytes:2
15:04:39.0 (31793145)|HEAP_ALLOCATE|[55]|Bytes:2
15:04:39.0 (31797783)|HEAP_ALLOCATE|[55]|Bytes:5
15:04:39.0 (31802047)|HEAP_ALLOCATE|[EXTERNAL]|Bytes:4
15:04:39.0 (31805207)|HEAP_ALLOCATE|[51]|Bytes:4
15:04:39.0 (31807616)|VARIABLE_ASSIGNMENT|[51]|j|60
15:04:39.0 (31809358)|HEAP_ALLOCATE|[50]|Bytes:4
15:04:39.0 (31812091)|VARIABLE_ASSIGNMENT|[50]|i|21
15:04:39.0 (31813664)|STATEMENT_EXECUTE|[50]
15:04:39.0 (31814727)|STATEMENT_EXECUTE|[51]
15:04:39.0 (31816248)|VARIABLE_SCOPE_BEGIN|[51]|j|Integer|false|false
15:04:39.0 (31817562)|HEAP_ALLOCATE|[51]|Bytes:4
15:04:39.0 (31819763)|VARIABLE_ASSIGNMENT|[51]|j|0
15:04:39.0 (31821281)|STATEMENT_EXECUTE|[51]
15:04:39.0 (31822523)|STATEMENT_EXECUTE|[52]
15:04:39.0 (31823530)|STATEMENT_EXECUTE|[53]
15:04:39.0 (31828677)|HEAP_ALLOCATE|[53]|Bytes:2
15:04:39.0 (31839414)|HEAP_ALLOCATE|[53]|Bytes:1
15:04:39.0 (31844561)|HEAP_ALLOCATE|[53]|Bytes:5
15:04:39.0 (31849233)|HEAP_ALLOCATE|[53]|Bytes:2
15:04:39.0 (31856664)|HEAP_ALLOCATE|[53]|Bytes:1
15:04:39.0 (31861530)|HEAP_ALLOCATE|[53]|Bytes:5
15:04:39.0 (31866074)|HEAP_ALLOCATE|[EXTERNAL]|Bytes:4
15:04:39.0 (31869358)|HEAP_ALLOCATE|[51]|Bytes:4
15:04:39.0 (31872008)|VARIABLE_ASSIGNMENT|[51]|j|30
15:04:39.0 (31873893)|STATEMENT_EXECUTE|[51]
15:04:39.0 (31875149)|STATEMENT_EXECUTE|[54]
15:04:39.0 (31876147)|STATEMENT_EXECUTE|[55]
15:04:39.0 (31881777)|HEAP_ALLOCATE|[55]|Bytes:2
15:04:39.0 (31888930)|HEAP_ALLOCATE|[55]|Bytes:2
15:04:39.0 (31893886)|HEAP_ALLOCATE|[55]|Bytes:5
15:04:39.0 (31898592)|HEAP_ALLOCATE|[55]|Bytes:2
15:04:39.0 (31905603)|HEAP_ALLOCATE|[55]|Bytes:2
15:04:39.0 (31910263)|HEAP_ALLOCATE|[55]|Bytes:5
15:04:39.0 (31914381)|HEAP_ALLOCATE|[EXTERNAL]|Bytes:4
15:04:39.0 (31917495)|HEAP_ALLOCATE|[51]|Bytes:4
15:04:39.0 (31920066)|VARIABLE_ASSIGNMENT|[51]|j|60
15:04:39.0 (31921780)|HEAP_ALLOCATE|[50]|Bytes:4
15:04:39.0 (31924039)|VARIABLE_ASSIGNMENT|[50]|i|22
15:04:39.0 (31925607)|STATEMENT_EXECUTE|[50]
15:04:39.0 (31926742)|STATEMENT_EXECUTE|[51]
15:04:39.0 (31928360)|VARIABLE_SCOPE_BEGIN|[51]|j|Integer|false|false
15:04:39.0 (31929696)|HEAP_ALLOCATE|[51]|Bytes:4
15:04:39.0 (31931933)|VARIABLE_ASSIGNMENT|[51]|j|0
15:04:39.0 (31933392)|STATEMENT_EXECUTE|[51]
15:04:39.0 (31934640)|STATEMENT_EXECUTE|[52]
15:04:39.0 (31935608)|STATEMENT_EXECUTE|[53]
15:04:39.0 (31940862)|HEAP_ALLOCATE|[53]|Bytes:2
15:04:39.0 (31948072)|HEAP_ALLOCATE|[53]|Bytes:1
15:04:39.0 (31952925)|HEAP_ALLOCATE|[53]|Bytes:5
15:04:39.0 (31957544)|HEAP_ALLOCATE|[53]|Bytes:2
15:04:39.0 (31964448)|HEAP_ALLOCATE|[53]|Bytes:1
15:04:39.0 (31969038)|HEAP_ALLOCATE|[53]|Bytes:5
15:04:39.0 (31973279)|HEAP_ALLOCATE|[EXTERNAL]|Bytes:4
15:04:39.0 (31976572)|HEAP_ALLOCATE|[51]|Bytes:4
15:04:39.0 (31979063)|VARIABLE_ASSIGNMENT|[51]|j|30
15:04:39.0 (31980740)|STATEMENT_EXECUTE|[51]
15:04:39.0 (31982011)|STATEMENT_EXECUTE|[54]
15:04:39.0 (31982995)|STATEMENT_EXECUTE|[55]
15:04:39.0 (31988173)|HEAP_ALLOCATE|[55]|Bytes:2
15:04:39.0 (31995363)|HEAP_ALLOCATE|[55]|Bytes:2
15:04:39.0 (32000209)|HEAP_ALLOCATE|[55]|Bytes:5
15:04:39.0 (32005454)|HEAP_ALLOCATE|[55]|Bytes:2
15:04:39.0 (32012809)|HEAP_ALLOCATE|[55]|Bytes:2
15:04:39.0 (32017431)|HEAP_ALLOCATE|[55]|Bytes:5
15:04:39.0 (32021766)|HEAP_ALLOCATE|[EXTERNAL]|Bytes:4
15:04:39.0 (32024944)|HEAP_ALLOCATE|[51]|Bytes:4
15:04:39.0 (32027409)|VARIABLE_ASSIGNMENT|[51]|j|60
15:04:39.0 (32029194)|HEAP_ALLOCATE|[50]|Bytes:4
15:04:39.0 (32031377)|VARIABLE_ASSIGNMENT|[50]|i|23
15:04:39.0 (32033177)|STATEMENT_EXECUTE|[50]
15:04:39.0 (32034291)|STATEMENT_EXECUTE|[51]
15:04:39.0 (32035813)|VARIABLE_SCOPE_BEGIN|[51]|j|Integer|false|false
15:04:39.0 (32037239)|HEAP_ALLOCATE|[51]|Bytes:4
15:04:39.0 (32039437)|VARIABLE_ASSIGNMENT|[51]|j|0
15:04:39.0 (32040905)|STATEMENT_EXECUTE|[51]
15:04:39.0 (32042148)|STATEMENT_EXECUTE|[52]
15:04:39.0 (32043070)|STATEMENT_EXECUTE|[53]
15:04:39.0 (32048308)|HEAP_ALLOCATE|[53]|Bytes:2
15:04:39.0 (32055520)|HEAP_ALLOCATE|[53]|Bytes:1
15:04:39.0 (32060228)|HEAP_ALLOCATE|[53]|Bytes:5
15:04:39.0 (32064836)|HEAP_ALLOCATE|[53]|Bytes:2
15:04:39.0 (32071860)|HEAP_ALLOCATE|[53]|Bytes:1
15:04:39.0 (32076407)|HEAP_ALLOCATE|[53]|Bytes:5
15:04:39.0 (32080673)|HEAP_ALLOCATE|[EXTERNAL]|Bytes:4
15:04:39.0 (32083929)|HEAP_ALLOCATE|[51]|Bytes:4
15:04:39.0 (32086619)|VARIABLE_ASSIGNMENT|[51]|j|30
15:04:39.0 (32088178)|STATEMENT_EXECUTE|[51]
15:04:39.0 (32089483)|STATEMENT_EXECUTE|[54]
15:04:39.0 (32090426)|STATEMENT_EXECUTE|[55]
15:04:39.0 (32095789)|HEAP_ALLOCATE|[55]|Bytes:2
15:04:39.0 (32102972)|HEAP_ALLOCATE|[55]|Bytes:2
15:04:39.0 (32107751)|HEAP_ALLOCATE|[55]|Bytes:5
15:04:39.0 (32112415)|HEAP_ALLOCATE|[55]|Bytes:2
15:04:39.0 (32119386)|HEAP_ALLOCATE|[55]|Bytes:2
15:04:39.0 (32124029)|HEAP_ALLOCATE|[55]|Bytes:5
15:04:39.0 (32128162)|HEAP_ALLOCATE|[EXTERNAL]|Bytes:4
15:04:39.0 (32131297)|HEAP_ALLOCATE|[51]|Bytes:4
15:04:39.0 (32133681)|VARIABLE_ASSIGNMENT|[51]|j|60
15:04:39.0 (32135455)|HEAP_ALLOCATE|[50]|Bytes:4
15:04:39.0 (32137769)|VARIABLE_ASSIGNMENT|[50]|i|24
15:04:39.0 (32139586)|STATEMENT_EXECUTE|[59]
15:04:39.38 (38464910)|SYSTEM_MODE_ENTER|true
15:04:39.38 (38507333)|HEAP_ALLOCATE|[EXTERNAL]|Bytes:8
15:04:39.38 (38513028)|VARIABLE_SCOPE_BEGIN|[88]|this|ApexPage.PageMessagesComponentController|true|false
15:04:39.38 (38533177)|VARIABLE_ASSIGNMENT|[88]|this|{}|0xe5b97ae
15:04:39.38 (38535789)|VARIABLE_SCOPE_BEGIN|[88]|escape|Boolean|false|false
15:04:39.38 (38539699)|VARIABLE_ASSIGNMENT|[88]|escape|null
15:04:39.0 (38846755)|SYSTEM_MODE_ENTER|true
15:04:39.0 (38870323)|HEAP_ALLOCATE|[EXTERNAL]|Bytes:4
15:04:39.0 (38873695)|HEAP_ALLOCATE|[EXTERNAL]|Bytes:80
15:04:39.0 (38884294)|VARIABLE_ASSIGNMENT|[EXTERNAL]|this.selectedTime3|"8:00"|0x448a16eb
15:04:39.0 (38914422)|SYSTEM_MODE_ENTER|true
15:04:39.0 (38934129)|HEAP_ALLOCATE|[EXTERNAL]|Bytes:80
15:04:39.0 (38977476)|VARIABLE_ASSIGNMENT|[EXTERNAL]|this|{"delToHub":true,"delToProj":false,"detail":"0x4db24e3e","invoked":false,"rejected":false,"reserved":false,"selectedTime3":"8:00","sublocations1":"0x6012aeb","www":"0x60f212f3","wwwById":"0x74db6d48"}|0x448a16eb
15:04:39.0 (38984424)|STATEMENT_EXECUTE|[3]
15:04:39.0 (38987055)|STATEMENT_EXECUTE|[4]
15:04:39.0 (38988335)|STATEMENT_EXECUTE|[9]
15:04:39.0 (39309829)|SYSTEM_MODE_ENTER|true
15:04:39.0 (39330217)|HEAP_ALLOCATE|[EXTERNAL]|Bytes:80
15:04:39.0 (39372700)|VARIABLE_ASSIGNMENT|[EXTERNAL]|this|{"delToHub":true,"delToProj":false,"detail":"0x4db24e3e","invoked":false,"rejected":false,"reserved":false,"selectedTime3":"8:00","sublocations1":"0x6012aeb","www":"0x60f212f3","wwwById":"0x74db6d48"}|0x448a16eb
15:04:39.0 (39378522)|STATEMENT_EXECUTE|[204]
15:04:39.0 (39381085)|STATEMENT_EXECUTE|[205]
15:04:39.0 (39382126)|STATEMENT_EXECUTE|[208]
15:04:39.0 (39418725)|SYSTEM_MODE_ENTER|true
15:04:39.0 (39433706)|HEAP_ALLOCATE|[EXTERNAL]|Bytes:80
15:04:39.0 (39468920)|VARIABLE_ASSIGNMENT|[EXTERNAL]|this|{"delToHub":true,"delToProj":false,"detail":"0x4db24e3e","invoked":false,"rejected":false,"reserved":false,"selectedTime3":"8:00","sublocations1":"0x6012aeb","www":"0x60f212f3","wwwById":"0x74db6d48"}|0x448a16eb
15:04:39.0 (39473611)|STATEMENT_EXECUTE|[220]
15:04:39.0 (39475464)|STATEMENT_EXECUTE|[221]
15:04:39.0 (39476604)|STATEMENT_EXECUTE|[224]
15:04:39.0 (39508773)|SYSTEM_MODE_ENTER|true
15:04:39.0 (39522732)|HEAP_ALLOCATE|[EXTERNAL]|Bytes:80
15:04:39.0 (39556806)|VARIABLE_ASSIGNMENT|[EXTERNAL]|this|{"delToHub":true,"delToProj":false,"detail":"0x4db24e3e","invoked":false,"rejected":false,"reserved":false,"selectedTime3":"8:00","sublocations1":"0x6012aeb","www":"0x60f212f3","wwwById":"0x74db6d48"}|0x448a16eb
15:04:39.0 (39561197)|STATEMENT_EXECUTE|[212]
15:04:39.0 (39562896)|STATEMENT_EXECUTE|[213]
15:04:39.0 (39563887)|STATEMENT_EXECUTE|[216]
15:04:39.0 (39596293)|SYSTEM_MODE_ENTER|true
15:04:39.0 (39610854)|HEAP_ALLOCATE|[EXTERNAL]|Bytes:80
15:04:39.0 (39643422)|VARIABLE_ASSIGNMENT|[EXTERNAL]|this|{"delToHub":true,"delToProj":false,"detail":"0x4db24e3e","invoked":false,"rejected":false,"reserved":false,"selectedTime3":"8:00","sublocations1":"0x6012aeb","www":"0x60f212f3","wwwById":"0x74db6d48"}|0x448a16eb
15:04:39.0 (39647363)|STATEMENT_EXECUTE|[21]
15:04:39.0 (39649185)|STATEMENT_EXECUTE|[22]
15:04:39.0 (39650315)|STATEMENT_EXECUTE|[26]
15:04:39.0 (40282609)|HEAP_ALLOCATE|[EXTERNAL]|Bytes:80
15:04:39.0 (40290945)|VARIABLE_SCOPE_BEGIN|[304]|this|NewDeliveredExtension|true|false
15:04:39.0 (40332267)|VARIABLE_ASSIGNMENT|[304]|this|{"delToHub":true,"delToProj":false,"detail":"0x4db24e3e","invoked":false,"rejected":false,"reserved":false,"selectedTime3":"8:00","sublocations1":"0x6012aeb","www":"0x60f212f3","wwwById":"0x74db6d48"}|0x448a16eb
15:04:39.0 (40339467)|STATEMENT_EXECUTE|[304]
15:04:39.0 (40340929)|STATEMENT_EXECUTE|[305]
15:04:39.0 (40403036)|VARIABLE_ASSIGNMENT|[EXTERNAL]|this|{"delToHub":true,"delToProj":false,"detail":"0x4db24e3e","invoked":false,"rejected":false,"reserved":false,"selectedTime3":"8:00","sublocations1":"0x6012aeb","www":"0x60f212f3","wwwById":"0x74db6d48"}|0x448a16eb
15:04:39.0 (40407061)|STATEMENT_EXECUTE|[3]
15:04:39.0 (40409265)|STATEMENT_EXECUTE|[4]
15:04:39.0 (40410215)|STATEMENT_EXECUTE|[9]
15:04:39.0 (40474975)|VARIABLE_ASSIGNMENT|[305]|this.Location__c|null|0x4db24e3e
15:04:39.0 (40477768)|STATEMENT_EXECUTE|[306]
15:04:39.0 (40481709)|HEAP_ALLOCATE|[306]|Bytes:7
15:04:39.0 (40532880)|VARIABLE_ASSIGNMENT|[EXTERNAL]|this|{"delToHub":true,"delToProj":false,"detail":"0x4db24e3e","invoked":false,"rejected":false,"reserved":false,"selectedTime3":"8:00","sublocations1":"0x6012aeb","www":"0x60f212f3","wwwById":"0x74db6d48"}|0x448a16eb
15:04:39.0 (40537346)|STATEMENT_EXECUTE|[21]
15:04:39.0 (40539459)|STATEMENT_EXECUTE|[22]
15:04:39.0 (40540546)|STATEMENT_EXECUTE|[26]
15:04:39.0 (40587069)|HEAP_ALLOCATE|[306]|Bytes:38
15:04:39.0 (40602063)|HEAP_ALLOCATE|[306]|Bytes:45
15:04:39.0 (40625238)|USER_DEBUG|[306]|DEBUG|set wwwWWW__c:{Project__c=a0q0E0000008ahlQAA}
15:04:39.0 (40631084)|STATEMENT_EXECUTE|[307]
15:04:39.0 (40676509)|VARIABLE_ASSIGNMENT|[EXTERNAL]|this|{"delToHub":true,"delToProj":false,"detail":"0x4db24e3e","invoked":false,"rejected":false,"reserved":false,"selectedTime3":"8:00","sublocations1":"0x6012aeb","www":"0x60f212f3","wwwById":"0x74db6d48"}|0x448a16eb
15:04:39.0 (40680137)|STATEMENT_EXECUTE|[3]
15:04:39.0 (40681777)|STATEMENT_EXECUTE|[4]
15:04:39.0 (40682822)|STATEMENT_EXECUTE|[9]
15:04:39.0 (40807318)|VARIABLE_ASSIGNMENT|[EXTERNAL]|this|{"delToHub":true,"delToProj":false,"detail":"0x4db24e3e","invoked":false,"rejected":false,"reserved":false,"selectedTime3":"8:00","sublocations1":"0x6012aeb","www":"0x60f212f3","wwwById":"0x74db6d48"}|0x448a16eb
15:04:39.0 (40824354)|VARIABLE_ASSIGNMENT|[EXTERNAL]|value|{"Id":"a0t0E0000004UUNQA2","Project__c":"a0q0E0000008S3WQAU","Item__c":"a0A0E0000001PiqUAE","Hub_Building_Site__c":"a020E000000zFeUQAU","Actueel_aantal_palle (12 more) ...":0,"Name":"WWW-13540"}|0x63d3e39
15:04:39.0 (40842776)|VARIABLE_ASSIGNMENT|[20]|this.www|{"Id":"a0t0E0000004UUNQA2","Project__c":"a0q0E0000008S3WQAU","Item__c":"a0A0E0000001PiqUAE","Hub_Building_Site__c":"a020E000000zFeUQAU","Actueel_aantal_palle (12 more) ...":0,"Name":"WWW-13540"}|0x448a16eb
15:04:39.0 (40848862)|STATEMENT_EXECUTE|[308]
15:04:39.0 (40889854)|VARIABLE_ASSIGNMENT|[EXTERNAL]|this|{"delToHub":true,"delToProj":false,"detail":"0x4db24e3e","invoked":false,"rejected":false,"reserved":false,"selectedTime3":"8:00","sublocations1":"0x6012aeb","www":"0x63d3e39","wwwById":"0x74db6d48"}|0x448a16eb
15:04:39.0 (40893361)|STATEMENT_EXECUTE|[21]
15:04:39.0 (40895112)|STATEMENT_EXECUTE|[22]
15:04:39.0 (40896114)|STATEMENT_EXECUTE|[26]
15:04:39.0 (40967199)|HEAP_ALLOCATE|[308]|Bytes:182
15:04:39.0 (40979561)|HEAP_ALLOCATE|[308]|Bytes:189
15:04:39.0 (40988411)|USER_DEBUG|[308]|DEBUG|set wwwWWW__c:{Id=a0t0E0000004UUNQA2, Project__c=a0q0E0000008S3WQAU, Item__c=a0A0E0000001PiqUAE, Hub_Building_Site__c=a020E000000zFeUQAU, Actueel_aantal_palletplaatsen__c=0, Name=WWW-13540}
15:04:39.52 (52010935)|SYSTEM_MODE_ENTER|true
15:04:39.52 (52057105)|HEAP_ALLOCATE|[EXTERNAL]|Bytes:8
15:04:39.52 (52063253)|VARIABLE_SCOPE_BEGIN|[88]|this|ApexPage.PageMessagesComponentController|true|false
15:04:39.52 (52084839)|VARIABLE_ASSIGNMENT|[88]|this|{}|0xe5b97ae
15:04:39.52 (52087717)|VARIABLE_SCOPE_BEGIN|[88]|escape|Boolean|false|false
15:04:39.52 (52091360)|VARIABLE_ASSIGNMENT|[88]|escape|null
15:04:39.52 (52169414)|SYSTEM_MODE_ENTER|true
15:04:39.52 (52192444)|HEAP_ALLOCATE|[EXTERNAL]|Bytes:8
15:04:39.52 (52197313)|VARIABLE_SCOPE_BEGIN|[2]|this|ApexPage.PageMessagesComponentController|true|false
15:04:39.52 (52210709)|VARIABLE_ASSIGNMENT|[2]|this|{}|0xe5b97ae
15:04:39.0 (52508132)|SYSTEM_MODE_ENTER|true
15:04:39.0 (52530176)|HEAP_ALLOCATE|[EXTERNAL]|Bytes:80
15:04:39.0 (52576356)|VARIABLE_ASSIGNMENT|[EXTERNAL]|this|{"delToHub":true,"delToProj":false,"detail":"0x4db24e3e","invoked":false,"rejected":false,"reserved":false,"selectedTime3":"8:00","sublocations1":"0x6012aeb","www":"0x63d3e39","wwwById":"0x74db6d48"}|0x448a16eb
15:04:39.0 (52582446)|STATEMENT_EXECUTE|[196]
15:04:39.0 (52585179)|STATEMENT_EXECUTE|[197]
15:04:39.0 (52586468)|STATEMENT_EXECUTE|[200]
15:04:39.0 (52627269)|SYSTEM_MODE_ENTER|true
15:04:39.0 (52643346)|HEAP_ALLOCATE|[EXTERNAL]|Bytes:80
15:04:39.0 (52680349)|VARIABLE_ASSIGNMENT|[EXTERNAL]|this|{"delToHub":true,"delToProj":false,"detail":"0x4db24e3e","invoked":false,"rejected":false,"reserved":false,"selectedTime3":"8:00","sublocations1":"0x6012aeb","www":"0x63d3e39","wwwById":"0x74db6d48"}|0x448a16eb
15:04:39.0 (52685394)|STATEMENT_EXECUTE|[229]
15:04:39.0 (52687592)|STATEMENT_EXECUTE|[230]
15:04:39.0 (52688626)|STATEMENT_EXECUTE|[233]
15:04:39.0 (52740069)|SYSTEM_MODE_ENTER|true
15:04:39.0 (52755706)|HEAP_ALLOCATE|[EXTERNAL]|Bytes:80
15:04:39.0 (52790784)|VARIABLE_ASSIGNMENT|[EXTERNAL]|this|{"delToHub":true,"delToProj":false,"detail":"0x4db24e3e","invoked":false,"rejected":false,"reserved":false,"selectedTime3":"8:00","sublocations1":"0x6012aeb","www":"0x63d3e39","wwwById":"0x74db6d48"}|0x448a16eb
15:04:39.0 (52795292)|STATEMENT_EXECUTE|[3]
15:04:39.0 (52797324)|STATEMENT_EXECUTE|[4]
15:04:39.0 (52798391)|STATEMENT_EXECUTE|[9]
15:04:39.0 (59889797)|SYSTEM_MODE_ENTER|true
15:04:39.0 (59914941)|HEAP_ALLOCATE|[EXTERNAL]|Bytes:80
15:04:39.0 (59962556)|VARIABLE_ASSIGNMENT|[EXTERNAL]|this|{"delToHub":true,"delToProj":false,"detail":"0x4db24e3e","invoked":false,"rejected":false,"reserved":false,"selectedTime3":"8:00","sublocations1":"0x6012aeb","www":"0x63d3e39","wwwById":"0x74db6d48"}|0x448a16eb
15:04:39.0 (59969325)|STATEMENT_EXECUTE|[186]
15:04:39.0 (59972216)|STATEMENT_EXECUTE|[187]
15:04:39.0 (59973535)|STATEMENT_EXECUTE|[190]
15:04:39.0 (60391835)|SYSTEM_MODE_ENTER|true
15:04:39.0 (60414788)|HEAP_ALLOCATE|[EXTERNAL]|Bytes:80
15:04:39.0 (60458810)|VARIABLE_ASSIGNMENT|[EXTERNAL]|this|{"delToHub":true,"delToProj":false,"detail":"0x4db24e3e","invoked":false,"rejected":false,"reserved":false,"selectedTime3":"8:00","sublocations1":"0x6012aeb","www":"0x63d3e39","wwwById":"0x74db6d48"}|0x448a16eb
15:04:39.0 (60465281)|STATEMENT_EXECUTE|[204]
15:04:39.0 (60467514)|STATEMENT_EXECUTE|[205]
15:04:39.0 (60468692)|STATEMENT_EXECUTE|[208]
15:04:39.0 (60510064)|SYSTEM_MODE_ENTER|true
15:04:39.0 (60526079)|HEAP_ALLOCATE|[EXTERNAL]|Bytes:80
15:04:39.0 (60562823)|VARIABLE_ASSIGNMENT|[EXTERNAL]|this|{"delToHub":true,"delToProj":false,"detail":"0x4db24e3e","invoked":false,"rejected":false,"reserved":false,"selectedTime3":"8:00","sublocations1":"0x6012aeb","www":"0x63d3e39","wwwById":"0x74db6d48"}|0x448a16eb
15:04:39.0 (60567984)|STATEMENT_EXECUTE|[220]
15:04:39.0 (60569740)|STATEMENT_EXECUTE|[221]
15:04:39.0 (60570859)|STATEMENT_EXECUTE|[224]
15:04:39.0 (60604572)|SYSTEM_MODE_ENTER|true
15:04:39.0 (60619446)|HEAP_ALLOCATE|[EXTERNAL]|Bytes:80
15:04:39.0 (60654177)|VARIABLE_ASSIGNMENT|[EXTERNAL]|this|{"delToHub":true,"delToProj":false,"detail":"0x4db24e3e","invoked":false,"rejected":false,"reserved":false,"selectedTime3":"8:00","sublocations1":"0x6012aeb","www":"0x63d3e39","wwwById":"0x74db6d48"}|0x448a16eb
15:04:39.0 (60658754)|STATEMENT_EXECUTE|[212]
15:04:39.0 (60660510)|STATEMENT_EXECUTE|[213]
15:04:39.0 (60661607)|STATEMENT_EXECUTE|[216]
15:04:39.0 (60712562)|SYSTEM_MODE_ENTER|true
15:04:39.0 (60728642)|HEAP_ALLOCATE|[EXTERNAL]|Bytes:80
15:04:39.0 (60763020)|VARIABLE_ASSIGNMENT|[EXTERNAL]|this|{"delToHub":true,"delToProj":false,"detail":"0x4db24e3e","invoked":false,"rejected":false,"reserved":false,"selectedTime3":"8:00","sublocations1":"0x6012aeb","www":"0x63d3e39","wwwById":"0x74db6d48"}|0x448a16eb
15:04:39.0 (60767834)|STATEMENT_EXECUTE|[21]
15:04:39.0 (60769879)|STATEMENT_EXECUTE|[22]
15:04:39.0 (60770858)|STATEMENT_EXECUTE|[26]
15:04:39.0 (71303192)|VF_SERIALIZE_VIEWSTATE_BEGIN|06624000003h0Dg
15:04:39.0 (75449807)|VF_SERIALIZE_VIEWSTATE_END
15:04:39.77 (77771615)|CUMULATIVE_LIMIT_USAGE
15:04:39.77 (77771615)|LIMIT_USAGE_FOR_NS|(default)|
  Number of SOQL queries: 0 out of 100
  Number of query rows: 0 out of 50000
  Number of SOSL queries: 0 out of 20
  Number of DML statements: 0 out of 150
  Number of DML rows: 0 out of 10000
  Maximum CPU time: 0 out of 10000
  Maximum heap size: 0 out of 6000000
  Number of callouts: 0 out of 100
  Number of Email Invocations: 0 out of 10
  Number of future calls: 0 out of 50
  Number of queueable jobs added to the queue: 0 out of 50
  Number of Mobile Apex push calls: 0 out of 10

15:04:39.77 (77771615)|CUMULATIVE_LIMIT_USAGE_END

15:04:39.0 (77804661)|CODE_UNIT_FINISHED|VF: /apex/New_delivered_detail
15:04:39.0 (78607051)|EXECUTION_FINISHED
