38.0 APEX_CODE,DEBUG;APEX_PROFILING,INFO;CALLOUT,INFO;DB,INFO;SYSTEM,DEBUG;VALIDATION,INFO;VISUALFORCE,INFO;WAVE,INFO;WORKFLOW,INFO
10:47:09.0 (307666)|USER_INFO|[EXTERNAL]|00524000001e3Uj|bedrijfsbureau@gsa.nl.sandbox|Midden-Europese standaardtijd|GMT+02:00
10:47:09.0 (356161)|EXECUTION_STARTED
10:47:09.0 (361487)|CODE_UNIT_STARTED|[EXTERNAL]|06624000003h0Dg|VF: /apex/New_delivered_detail
10:47:09.0 (994149)|VF_DESERIALIZE_VIEWSTATE_BEGIN|06624000003h0Dg
10:47:09.0 (15266610)|VF_DESERIALIZE_VIEWSTATE_END
10:47:09.16 (16464270)|SYSTEM_MODE_ENTER|true
10:47:09.17 (17295958)|SYSTEM_MODE_ENTER|true
10:47:09.0 (17642385)|SYSTEM_MODE_ENTER|true
10:47:09.0 (18054057)|SYSTEM_MODE_ENTER|true
10:47:09.0 (18145742)|SYSTEM_MODE_ENTER|true
10:47:09.0 (18214054)|SYSTEM_MODE_ENTER|true
10:47:09.0 (18344147)|SYSTEM_MODE_ENTER|true
10:47:09.0 (18506328)|SYSTEM_MODE_ENTER|true
10:47:09.0 (25341423)|SYSTEM_MODE_ENTER|true
10:47:09.0 (31564977)|SYSTEM_MODE_ENTER|true
10:47:09.0 (37247464)|SYSTEM_MODE_ENTER|false
10:47:09.0 (37254696)|SYSTEM_MODE_EXIT|false
10:47:09.0 (37303886)|SYSTEM_MODE_ENTER|false
10:47:09.0 (39240667)|SOQL_EXECUTE_BEGIN|[35]|Aggregations:0|SELECT Id, Name FROM Projecten__c ORDER BY CreatedDate DESC NULLS FIRST
10:47:09.0 (41290301)|SOQL_EXECUTE_END|[35]|Rows:2
10:47:09.0 (41717758)|SYSTEM_MODE_EXIT|false
10:47:09.0 (42870255)|SYSTEM_MODE_ENTER|true
10:47:09.0 (42927509)|SYSTEM_MODE_ENTER|false
10:47:09.0 (44064059)|SYSTEM_MODE_EXIT|false
10:47:09.0 (44179471)|SYSTEM_MODE_ENTER|true
10:47:09.0 (44302341)|SYSTEM_MODE_ENTER|true
10:47:09.0 (45684712)|VF_PAGE_MESSAGE|You must enter a value
10:47:09.0 (45734850)|VF_PAGE_MESSAGE|Project: You must enter a value
10:47:09.56 (56648179)|SYSTEM_MODE_ENTER|true
10:47:09.56 (56812773)|SYSTEM_MODE_ENTER|true
10:47:09.57 (57786101)|SYSTEM_MODE_ENTER|true
10:47:09.57 (57913026)|SYSTEM_MODE_ENTER|true
10:47:09.57 (57991888)|SYSTEM_MODE_ENTER|true
10:47:09.58 (58136108)|SYSTEM_MODE_ENTER|true
10:47:09.58 (58202057)|SYSTEM_MODE_ENTER|true
10:47:09.0 (58459247)|SYSTEM_MODE_ENTER|true
10:47:09.0 (58523656)|SYSTEM_MODE_ENTER|true
10:47:09.0 (58571384)|SYSTEM_MODE_ENTER|true
10:47:09.0 (58614920)|SYSTEM_MODE_ENTER|true
10:47:09.0 (58656925)|SYSTEM_MODE_ENTER|true
10:47:09.0 (58720153)|SYSTEM_MODE_ENTER|true
10:47:09.73 (73802755)|SYSTEM_MODE_ENTER|true
10:47:09.74 (74030606)|SYSTEM_MODE_ENTER|true
10:47:09.74 (74733680)|SYSTEM_MODE_ENTER|true
10:47:09.74 (74829764)|SYSTEM_MODE_ENTER|true
10:47:09.74 (74968943)|SYSTEM_MODE_ENTER|true
10:47:09.75 (75032186)|SYSTEM_MODE_ENTER|true
10:47:09.75 (75149825)|SYSTEM_MODE_ENTER|true
10:47:09.75 (75802813)|SYSTEM_MODE_ENTER|true
10:47:09.0 (76882133)|SYSTEM_MODE_ENTER|true
10:47:09.0 (76927749)|SYSTEM_MODE_ENTER|false
10:47:09.0 (77127403)|SOQL_EXECUTE_BEGIN|[35]|Aggregations:0|SELECT Id, Name FROM Projecten__c ORDER BY CreatedDate DESC NULLS FIRST
10:47:09.0 (79296186)|SOQL_EXECUTE_END|[35]|Rows:2
10:47:09.0 (79462029)|SYSTEM_MODE_EXIT|false
10:47:09.0 (81510789)|SYSTEM_MODE_ENTER|true
10:47:09.0 (81551513)|SYSTEM_MODE_ENTER|false
10:47:09.0 (82728418)|SYSTEM_MODE_EXIT|false
10:47:09.0 (85885287)|SYSTEM_MODE_ENTER|true
10:47:09.0 (92859145)|VF_SERIALIZE_VIEWSTATE_BEGIN|06624000003h0Dg
10:47:09.0 (96654809)|VF_SERIALIZE_VIEWSTATE_END
10:47:09.99 (99985839)|CUMULATIVE_LIMIT_USAGE
10:47:09.99 (99985839)|LIMIT_USAGE_FOR_NS|(default)|
  Number of SOQL queries: 2 out of 100
  Number of query rows: 4 out of 50000
  Number of SOSL queries: 0 out of 20
  Number of DML statements: 0 out of 150
  Number of DML rows: 0 out of 10000
  Maximum CPU time: 0 out of 10000
  Maximum heap size: 0 out of 6000000
  Number of callouts: 0 out of 100
  Number of Email Invocations: 0 out of 10
  Number of future calls: 0 out of 50
  Number of queueable jobs added to the queue: 0 out of 50
  Number of Mobile Apex push calls: 0 out of 10

10:47:09.99 (99985839)|CUMULATIVE_LIMIT_USAGE_END

10:47:09.0 (100021122)|CODE_UNIT_FINISHED|VF: /apex/New_delivered_detail
10:47:09.0 (100833942)|EXECUTION_FINISHED
