36.0 APEX_CODE,DEBUG;APEX_PROFILING,INFO;CALLOUT,INFO;DB,INFO;SYSTEM,DEBUG;VALIDATION,INFO;VISUALFORCE,INFO;WAVE,INFO;WORKFLOW,INFO
15:17:34.0 (307055)|USER_INFO|[EXTERNAL]|00524000001e3Uj|bedrijfsbureau@gsa.nl.sandbox|Midden-Europese standaardtijd|GMT+02:00
15:17:34.0 (352035)|EXECUTION_STARTED
15:17:34.0 (355695)|CODE_UNIT_STARTED|[EXTERNAL]|01p9E0000005jM5|ProjectItemsAfroepenControllerTest.setup
15:17:34.0 (989946)|SYSTEM_MODE_ENTER|false
15:17:34.0 (999805)|SYSTEM_MODE_EXIT|false
15:17:34.0 (1051101)|SYSTEM_MODE_ENTER|false
15:17:34.0 (1940615)|DML_BEGIN|[28]|Op:Insert|Type:ActiveTrigger__c|Rows:9
15:17:34.0 (57139065)|DML_END|[28]
15:17:34.0 (57239897)|SYSTEM_MODE_EXIT|false
15:17:34.0 (57363429)|SYSTEM_MODE_ENTER|false
15:17:34.0 (57573200)|SOQL_EXECUTE_BEGIN|[81]|Aggregations:0|SELECT Id, Name FROM RecordType WHERE Name = 'Client'
15:17:34.0 (60495156)|SOQL_EXECUTE_END|[81]|Rows:1
15:17:34.0 (60821088)|DML_BEGIN|[84]|Op:Insert|Type:Account|Rows:1
15:17:34.0 (112749963)|DML_END|[84]
15:17:34.0 (112784718)|SYSTEM_MODE_EXIT|false
15:17:34.0 (112911226)|SYSTEM_MODE_ENTER|false
15:17:34.0 (113116108)|DML_BEGIN|[102]|Op:Insert|Type:Contact|Rows:1
15:17:34.0 (155134879)|DML_END|[102]
15:17:34.0 (155173113)|SYSTEM_MODE_EXIT|false
15:17:34.0 (155294764)|SYSTEM_MODE_ENTER|false
15:17:34.0 (155476695)|DML_BEGIN|[109]|Op:Insert|Type:Projecten__c|Rows:1
15:17:34.0 (159709801)|CODE_UNIT_STARTED|[EXTERNAL]|01q24000000qIfI|ProjectTrigger on Projecten trigger event BeforeInsert for [new]
15:17:34.0 (160718250)|SOQL_EXECUTE_BEGIN|[89]|Aggregations:0|SELECT Name FROM Projecten__c WHERE Name = :tmpVar1
15:17:34.0 (162089384)|SOQL_EXECUTE_END|[89]|Rows:0
15:17:34.162 (162261997)|CUMULATIVE_LIMIT_USAGE
15:17:34.162 (162261997)|LIMIT_USAGE_FOR_NS|(default)|
  Number of SOQL queries: 2 out of 100
  Number of query rows: 1 out of 50000
  Number of SOSL queries: 0 out of 20
  Number of DML statements: 4 out of 150
  Number of DML rows: 12 out of 10000
  Maximum CPU time: 0 out of 10000
  Maximum heap size: 0 out of 6000000
  Number of callouts: 0 out of 100
  Number of Email Invocations: 0 out of 10
  Number of future calls: 0 out of 50
  Number of queueable jobs added to the queue: 0 out of 50
  Number of Mobile Apex push calls: 0 out of 10

15:17:34.162 (162261997)|CUMULATIVE_LIMIT_USAGE_END

15:17:34.0 (163023823)|CODE_UNIT_FINISHED|ProjectTrigger on Projecten trigger event BeforeInsert for [new]
15:17:34.0 (186666897)|CODE_UNIT_STARTED|[EXTERNAL]|01q24000000qIfI|ProjectTrigger on Projecten trigger event AfterInsert for [a0q9E0000002c7O]
15:17:34.0 (187471747)|USER_DEBUG|[45]|DEBUG|(Projecten__c:{Id=a0q9E0000002c7OQAQ, OwnerId=00524000001e3UjAAI, IsDeleted=false, Name=testestest, CreatedDate=2017-06-21 13:17:34, CreatedById=00524000001e3UjAAI, LastModifiedDate=2017-06-21 13:17:34, LastModifiedById=00524000001e3UjAAI, SystemModstamp=2017-06-21 13:17:34, LastActivityDate=null, LastViewedDate=null, LastReferencedDate=null, Account__c=0019E00000FVy6CQAT, Project_omschrijving__c=null, SF_ID__c=null, Actueel_aantal_palletplaatsen__c=0, Aantal_palletplaatsen__c=null, Projectleider__c=null, Project_amscheyving__c=null})
15:17:34.0 (187837802)|SOQL_EXECUTE_BEGIN|[57]|Aggregations:0|SELECT Id, Actueel_aantal_palletplaatsen1__c FROM Account WHERE id = :tmpVar1
15:17:34.0 (194122063)|SOQL_EXECUTE_END|[57]|Rows:1
15:17:34.0 (194623813)|USER_DEBUG|[80]|DEBUG|(Account:{Id=0019E00000FVy6CQAT, Actueel_aantal_palletplaatsen1__c=0})
15:17:34.0 (194690329)|DML_BEGIN|[81]|Op:Update|Type:Account|Rows:1
15:17:34.0 (213633039)|DML_END|[81]
15:17:34.213 (213695318)|CUMULATIVE_LIMIT_USAGE
15:17:34.213 (213695318)|LIMIT_USAGE_FOR_NS|(default)|
  Number of SOQL queries: 3 out of 100
  Number of query rows: 2 out of 50000
  Number of SOSL queries: 0 out of 20
  Number of DML statements: 5 out of 150
  Number of DML rows: 13 out of 10000
  Maximum CPU time: 0 out of 10000
  Maximum heap size: 0 out of 6000000
  Number of callouts: 0 out of 100
  Number of Email Invocations: 0 out of 10
  Number of future calls: 1 out of 50
  Number of queueable jobs added to the queue: 0 out of 50
  Number of Mobile Apex push calls: 0 out of 10

15:17:34.213 (213695318)|CUMULATIVE_LIMIT_USAGE_END

15:17:34.0 (214743242)|CODE_UNIT_FINISHED|ProjectTrigger on Projecten trigger event AfterInsert for [a0q9E0000002c7O]
15:17:34.0 (215973474)|DML_END|[109]
15:17:34.0 (215994939)|SYSTEM_MODE_EXIT|false
15:17:34.0 (216092678)|SYSTEM_MODE_ENTER|false
15:17:34.0 (216302880)|DML_BEGIN|[116]|Op:Insert|Type:Projectmember__c|Rows:1
15:17:34.0 (236051384)|CODE_UNIT_STARTED|[EXTERNAL]|Workflow:01I24000001DBlV
15:17:34.0 (247975601)|WF_RULE_EVAL_BEGIN|Workflow
15:17:34.0 (248011353)|WF_CRITERIA_BEGIN|[Projectmember: a0r9E000001c4Zk a0r9E000001c4Zk]|Projectmember and company name|01Q24000000Uct1|ON_CREATE_ONLY|0
15:17:34.0 (248115115)|WF_FORMULA|Formula:ENCODED:[treatNullAsNull]1=1|Values:
15:17:34.0 (248126247)|WF_CRITERIA_END|true
15:17:34.0 (248624931)|WF_SPOOL_ACTION_BEGIN|Workflow
15:17:34.0 (251911607)|WF_FIELD_UPDATE|[Projectmember: a0r9E000001c4Zk a0r9E000001c4Zk]|Field:Projectmember: Projectmember Name|Value: Test testAccount|Id=04Y24000000UD6r|CurrentRule:Projectmember and company name (Id=01Q24000000Uct1)
15:17:34.0 (251940720)|WF_ACTION| Field Update: 1;
15:17:34.0 (251945200)|WF_RULE_EVAL_END
15:17:34.0 (261737460)|WF_ACTIONS_END| Field Update: 1;
15:17:34.0 (261754001)|CODE_UNIT_FINISHED|Workflow:01I24000001DBlV
15:17:34.0 (262282648)|DML_END|[116]
15:17:34.0 (262323792)|SYSTEM_MODE_EXIT|false
15:17:34.0 (262482364)|SYSTEM_MODE_ENTER|false
15:17:34.0 (262721844)|SOQL_EXECUTE_BEGIN|[122]|Aggregations:0|SELECT Id, Name FROM RecordType WHERE Name = 'Hub'
15:17:34.0 (266185634)|SOQL_EXECUTE_END|[122]|Rows:1
15:17:34.0 (266461904)|DML_BEGIN|[131]|Op:Insert|Type:Hub_Building_Site__c|Rows:1
15:17:34.0 (269452474)|CODE_UNIT_STARTED|[EXTERNAL]|01q24000000PhJR|HubTrigger on Hub_Building_Site trigger event BeforeInsert for [new]
15:17:34.269 (269949329)|CUMULATIVE_LIMIT_USAGE
15:17:34.269 (269949329)|LIMIT_USAGE_FOR_NS|(default)|
  Number of SOQL queries: 4 out of 100
  Number of query rows: 3 out of 50000
  Number of SOSL queries: 0 out of 20
  Number of DML statements: 7 out of 150
  Number of DML rows: 15 out of 10000
  Maximum CPU time: 0 out of 10000
  Maximum heap size: 0 out of 6000000
  Number of callouts: 0 out of 100
  Number of Email Invocations: 0 out of 10
  Number of future calls: 1 out of 50
  Number of queueable jobs added to the queue: 0 out of 50
  Number of Mobile Apex push calls: 0 out of 10

15:17:34.269 (269949329)|CUMULATIVE_LIMIT_USAGE_END

15:17:34.0 (270699143)|CODE_UNIT_FINISHED|HubTrigger on Hub_Building_Site trigger event BeforeInsert for [new]
15:17:34.0 (300734426)|CODE_UNIT_STARTED|[EXTERNAL]|01q24000000PhJR|HubTrigger on Hub_Building_Site trigger event AfterInsert for [a029E000003AewG]
15:17:34.0 (301770226)|SOQL_EXECUTE_BEGIN|[14]|Aggregations:0|SELECT Id, Project__r.Account__c, OwnerId FROM Hub_building_site__c WHERE id = :tmpVar1
15:17:34.0 (306755243)|SOQL_EXECUTE_END|[14]|Rows:1
15:17:34.0 (307152615)|USER_DEBUG|[22]|DEBUG|accs {0019E00000FVy6CQAT}
15:17:34.0 (307382390)|SOQL_EXECUTE_BEGIN|[23]|Aggregations:0|SELECT Id, isActive FROM User WHERE (AccountId__c = :tmpVar1 AND isActive = TRUE)
15:17:34.0 (312008327)|SOQL_EXECUTE_END|[23]|Rows:0
15:17:34.0 (312217186)|USER_DEBUG|[25]|DEBUG|users0 ()
15:17:34.0 (312531251)|SOQL_EXECUTE_BEGIN|[26]|Aggregations:0|SELECT ParentId, Id, UserOrGroupId FROM Hub_building_site__Share WHERE ParentId = :tmpVar1
15:17:34.0 (316519332)|SOQL_EXECUTE_END|[26]|Rows:1
15:17:34.0 (316728606)|USER_DEBUG|[28]|DEBUG|1 (Hub_Building_Site__Share:{ParentId=a029E000003AewGQAS, Id=02c9E00000cme5EQAQ, UserOrGroupId=00524000001e3UjAAI})
15:17:34.0 (317078726)|USER_DEBUG|[38]|DEBUG|shareByUserByTicket1 {a029E000003AewGQAS={}}
15:17:34.0 (317233356)|USER_DEBUG|[48]|DEBUG|add sharings 0 ()
15:17:34.317 (317300358)|CUMULATIVE_LIMIT_USAGE
15:17:34.317 (317300358)|LIMIT_USAGE_FOR_NS|(default)|
  Number of SOQL queries: 7 out of 100
  Number of query rows: 5 out of 50000
  Number of SOSL queries: 0 out of 20
  Number of DML statements: 7 out of 150
  Number of DML rows: 15 out of 10000
  Maximum CPU time: 0 out of 10000
  Maximum heap size: 0 out of 6000000
  Number of callouts: 0 out of 100
  Number of Email Invocations: 0 out of 10
  Number of future calls: 1 out of 50
  Number of queueable jobs added to the queue: 0 out of 50
  Number of Mobile Apex push calls: 0 out of 10

15:17:34.317 (317300358)|CUMULATIVE_LIMIT_USAGE_END

15:17:34.0 (318170609)|CODE_UNIT_FINISHED|HubTrigger on Hub_Building_Site trigger event AfterInsert for [a029E000003AewG]
15:17:34.0 (319340662)|DML_END|[131]
15:17:34.0 (319360219)|SYSTEM_MODE_EXIT|false
15:17:34.0 (319459139)|SYSTEM_MODE_ENTER|false
15:17:34.0 (319683134)|DML_BEGIN|[95]|Op:Insert|Type:Item__c|Rows:1
15:17:34.0 (342242859)|DML_END|[95]
15:17:34.0 (342273696)|SYSTEM_MODE_EXIT|false
15:17:34.0 (342400540)|SYSTEM_MODE_ENTER|false
15:17:34.0 (342628918)|SOQL_EXECUTE_BEGIN|[173]|Aggregations:0|SELECT Id, Name FROM RecordType WHERE Name = 'Hublocation'
15:17:34.0 (345598230)|SOQL_EXECUTE_END|[173]|Rows:1
15:17:34.0 (345882365)|DML_BEGIN|[176]|Op:Insert|Type:Location__c|Rows:1
15:17:34.0 (348734002)|CODE_UNIT_STARTED|[EXTERNAL]|01q24000000PhJS|LocationTrigger on Location trigger event BeforeInsert for [new]
15:17:34.0 (349648634)|SYSTEM_MODE_ENTER|false
15:17:34.0 (349664436)|SYSTEM_MODE_EXIT|false
15:17:34.0 (349710468)|SYSTEM_MODE_ENTER|false
15:17:34.0 (349769720)|SYSTEM_MODE_EXIT|false
15:17:34.349 (349786731)|CUMULATIVE_LIMIT_USAGE
15:17:34.349 (349786731)|LIMIT_USAGE_FOR_NS|(default)|
  Number of SOQL queries: 8 out of 100
  Number of query rows: 6 out of 50000
  Number of SOSL queries: 0 out of 20
  Number of DML statements: 9 out of 150
  Number of DML rows: 17 out of 10000
  Maximum CPU time: 0 out of 10000
  Maximum heap size: 0 out of 6000000
  Number of callouts: 0 out of 100
  Number of Email Invocations: 0 out of 10
  Number of future calls: 1 out of 50
  Number of queueable jobs added to the queue: 0 out of 50
  Number of Mobile Apex push calls: 0 out of 10

15:17:34.349 (349786731)|CUMULATIVE_LIMIT_USAGE_END

15:17:34.0 (350877845)|CODE_UNIT_FINISHED|LocationTrigger on Location trigger event BeforeInsert for [new]
15:17:34.0 (354213748)|CODE_UNIT_STARTED|[EXTERNAL]|Validation:Location:new
15:17:34.0 (354228945)|VALIDATION_RULE|03d24000000aMAV|Amount_can_t_be_less_then_0
15:17:34.0 (354434462)|VALIDATION_FORMULA|OR( Available_amount__c <0,  Current_amount__c <0)|Current_amount__c=null , Available_amount__c=null
15:17:34.0 (354449072)|VALIDATION_PASS
15:17:34.0 (354498877)|CODE_UNIT_FINISHED|Validation:Location:new
15:17:34.0 (369581420)|CODE_UNIT_STARTED|[EXTERNAL]|01q24000000PhJS|LocationTrigger on Location trigger event AfterInsert for [a0B9E000000yryP]
15:17:34.0 (370501235)|SYSTEM_MODE_ENTER|false
15:17:34.0 (371265917)|SOQL_EXECUTE_BEGIN|[88]|Aggregations:0|SELECT Id FROM Location__c WHERE id = :tmpVar1
15:17:34.0 (372667110)|SOQL_EXECUTE_END|[88]|Rows:0
15:17:34.0 (373405750)|SOQL_EXECUTE_BEGIN|[89]|Aggregations:0|SELECT Id, RecordType.DeveloperName, Location__c, Number_Of_Items__c FROM WWW_Detail__c WHERE ((RecordType.DeveloperName = 'Delivered_2_Hub' OR RecordType.DeveloperName = 'Delivered_2_Project') AND Location__c = :tmpVar1 AND IsDeleted = FALSE)
15:17:34.0 (375018546)|SOQL_EXECUTE_END|[89]|Rows:0
15:17:34.0 (375372040)|USER_DEBUG|[129]|DEBUG|parentLocations 0 {}
15:17:34.0 (376043464)|SOQL_EXECUTE_BEGIN|[33]|Aggregations:0|SELECT Id, Hub_Building_Site__r.Project__r.Account__c, OwnerId, Hub_Building_Site__c FROM Location__c WHERE id = :tmpVar1
15:17:34.0 (406527558)|SOQL_EXECUTE_END|[33]|Rows:1
15:17:34.0 (407042248)|SOQL_EXECUTE_BEGIN|[39]|Aggregations:0|SELECT Id, Account__c FROM AccountHub__c WHERE Hub_Building_Site__c = :tmpVar1
15:17:34.0 (410050836)|SOQL_EXECUTE_END|[39]|Rows:0
15:17:34.0 (410614170)|USER_DEBUG|[51]|DEBUG|accs {0019E00000FVy6CQAT}
15:17:34.0 (410931843)|SOQL_EXECUTE_BEGIN|[52]|Aggregations:0|SELECT isActive, Id FROM User WHERE (AccountId__c = :tmpVar1 AND isActive = TRUE)
15:17:34.0 (416914178)|SOQL_EXECUTE_END|[52]|Rows:0
15:17:34.0 (417098741)|USER_DEBUG|[54]|DEBUG|users0 ()
15:17:34.0 (417570741)|SOQL_EXECUTE_BEGIN|[55]|Aggregations:0|SELECT ParentId, Id, UserOrGroupId FROM Location__Share WHERE ParentId = :tmpVar1
15:17:34.0 (421361264)|SOQL_EXECUTE_END|[55]|Rows:1
15:17:34.0 (421717789)|USER_DEBUG|[57]|DEBUG|1 (Location__Share:{ParentId=a0B9E000000yryPUAQ, Id=02c9E00000cme5FQAQ, UserOrGroupId=00524000001e3UjAAI})
15:17:34.0 (422277644)|USER_DEBUG|[67]|DEBUG|shareByUserByTicket1 {a0B9E000000yryPUAQ={}}
15:17:34.0 (422450657)|USER_DEBUG|[77]|DEBUG|add sharings 0 ()
15:17:34.0 (422548952)|SYSTEM_MODE_EXIT|false
15:17:34.422 (422568202)|CUMULATIVE_LIMIT_USAGE
15:17:34.422 (422568202)|LIMIT_USAGE_FOR_NS|(default)|
  Number of SOQL queries: 14 out of 100
  Number of query rows: 8 out of 50000
  Number of SOSL queries: 0 out of 20
  Number of DML statements: 9 out of 150
  Number of DML rows: 17 out of 10000
  Maximum CPU time: 0 out of 10000
  Maximum heap size: 0 out of 6000000
  Number of callouts: 0 out of 100
  Number of Email Invocations: 0 out of 10
  Number of future calls: 1 out of 50
  Number of queueable jobs added to the queue: 0 out of 50
  Number of Mobile Apex push calls: 0 out of 10

15:17:34.422 (422568202)|CUMULATIVE_LIMIT_USAGE_END

15:17:34.0 (423999630)|CODE_UNIT_FINISHED|LocationTrigger on Location trigger event AfterInsert for [a0B9E000000yryP]
15:17:34.0 (425435296)|DML_END|[176]
15:17:34.0 (425454780)|SYSTEM_MODE_EXIT|false
15:17:34.0 (425554725)|SYSTEM_MODE_ENTER|false
15:17:34.0 (425806574)|SOQL_EXECUTE_BEGIN|[183]|Aggregations:0|SELECT Id, Name FROM RecordType WHERE Name = 'Hublocation'
15:17:34.0 (428774175)|SOQL_EXECUTE_END|[183]|Rows:1
15:17:34.0 (429935235)|DML_BEGIN|[196]|Op:Insert|Type:Location__c|Rows:4
15:17:34.0 (433600677)|CODE_UNIT_STARTED|[EXTERNAL]|01q24000000PhJS|LocationTrigger on Location trigger event BeforeInsert for [new, new, new, new]
15:17:34.0 (434346432)|SYSTEM_MODE_ENTER|false
15:17:34.0 (434374707)|SYSTEM_MODE_EXIT|false
15:17:34.434 (434396211)|CUMULATIVE_LIMIT_USAGE
15:17:34.434 (434396211)|LIMIT_USAGE_FOR_NS|(default)|
  Number of SOQL queries: 15 out of 100
  Number of query rows: 9 out of 50000
  Number of SOSL queries: 0 out of 20
  Number of DML statements: 10 out of 150
  Number of DML rows: 21 out of 10000
  Maximum CPU time: 21 out of 10000
  Maximum heap size: 0 out of 6000000
  Number of callouts: 0 out of 100
  Number of Email Invocations: 0 out of 10
  Number of future calls: 1 out of 50
  Number of queueable jobs added to the queue: 0 out of 50
  Number of Mobile Apex push calls: 0 out of 10

15:17:34.434 (434396211)|CUMULATIVE_LIMIT_USAGE_END

15:17:34.0 (435527666)|CODE_UNIT_FINISHED|LocationTrigger on Location trigger event BeforeInsert for [new, new, new, new]
15:17:34.0 (439412196)|CODE_UNIT_STARTED|[EXTERNAL]|Validation:Location:new
15:17:34.0 (439428929)|VALIDATION_RULE|03d24000000aMAV|Amount_can_t_be_less_then_0
15:17:34.0 (439637366)|VALIDATION_FORMULA|OR( Available_amount__c <0,  Current_amount__c <0)|Current_amount__c=null , Available_amount__c=null
15:17:34.0 (439655212)|VALIDATION_PASS
15:17:34.0 (439704855)|CODE_UNIT_FINISHED|Validation:Location:new
15:17:34.0 (440429204)|CODE_UNIT_STARTED|[EXTERNAL]|Validation:Location:new
15:17:34.0 (440443709)|VALIDATION_RULE|03d24000000aMAV|Amount_can_t_be_less_then_0
15:17:34.0 (440619568)|VALIDATION_FORMULA|OR( Available_amount__c <0,  Current_amount__c <0)|Current_amount__c=null , Available_amount__c=null
15:17:34.0 (440628669)|VALIDATION_PASS
15:17:34.0 (440663936)|CODE_UNIT_FINISHED|Validation:Location:new
15:17:34.0 (441326784)|CODE_UNIT_STARTED|[EXTERNAL]|Validation:Location:new
15:17:34.0 (441337045)|VALIDATION_RULE|03d24000000aMAV|Amount_can_t_be_less_then_0
15:17:34.0 (441457111)|VALIDATION_FORMULA|OR( Available_amount__c <0,  Current_amount__c <0)|Current_amount__c=null , Available_amount__c=null
15:17:34.0 (441464086)|VALIDATION_PASS
15:17:34.0 (441492888)|CODE_UNIT_FINISHED|Validation:Location:new
15:17:34.0 (442144399)|CODE_UNIT_STARTED|[EXTERNAL]|Validation:Location:new
15:17:34.0 (442152436)|VALIDATION_RULE|03d24000000aMAV|Amount_can_t_be_less_then_0
15:17:34.0 (442259699)|VALIDATION_FORMULA|OR( Available_amount__c <0,  Current_amount__c <0)|Current_amount__c=null , Available_amount__c=null
15:17:34.0 (442266977)|VALIDATION_PASS
15:17:34.0 (442293866)|CODE_UNIT_FINISHED|Validation:Location:new
15:17:34.0 (475169077)|CODE_UNIT_STARTED|[EXTERNAL]|01q24000000PhJS|LocationTrigger on Location trigger event AfterInsert for [a0B9E000000yryQ, a0B9E000000yryR, a0B9E000000yryS, a0B9E000000yryT]
15:17:34.0 (475984958)|SYSTEM_MODE_ENTER|false
15:17:34.0 (476617185)|SOQL_EXECUTE_BEGIN|[88]|Aggregations:0|SELECT Id FROM Location__c WHERE id = :tmpVar1
15:17:34.0 (478104716)|SOQL_EXECUTE_END|[88]|Rows:1
15:17:34.0 (478551601)|SOQL_EXECUTE_BEGIN|[89]|Aggregations:0|SELECT Id, RecordType.DeveloperName, Location__c, Number_Of_Items__c FROM WWW_Detail__c WHERE ((RecordType.DeveloperName = 'Delivered_2_Hub' OR RecordType.DeveloperName = 'Delivered_2_Project') AND Location__c = :tmpVar1 AND IsDeleted = FALSE)
15:17:34.0 (479645436)|SOQL_EXECUTE_END|[89]|Rows:0
15:17:34.0 (480011295)|USER_DEBUG|[129]|DEBUG|parentLocations 1 {a0B9E000000yryPUAQ=Location__c:{Id=a0B9E000000yryPUAQ, Current_amount__c=0, Available_amount__c=0}}
15:17:34.0 (480070457)|DML_BEGIN|[130]|Op:Update|Type:Location__c|Rows:1
15:17:34.0 (485003102)|CODE_UNIT_STARTED|[EXTERNAL]|01q24000000PhJS|LocationTrigger on Location trigger event BeforeUpdate for [a0B9E000000yryP]
15:17:34.0 (485283192)|SYSTEM_MODE_ENTER|true
15:17:34.0 (485315472)|SYSTEM_MODE_EXIT|true
15:17:34.485 (485351781)|CUMULATIVE_LIMIT_USAGE
15:17:34.485 (485351781)|LIMIT_USAGE_FOR_NS|(default)|
  Number of SOQL queries: 17 out of 100
  Number of query rows: 10 out of 50000
  Number of SOSL queries: 0 out of 20
  Number of DML statements: 11 out of 150
  Number of DML rows: 22 out of 10000
  Maximum CPU time: 21 out of 10000
  Maximum heap size: 0 out of 6000000
  Number of callouts: 0 out of 100
  Number of Email Invocations: 0 out of 10
  Number of future calls: 1 out of 50
  Number of queueable jobs added to the queue: 0 out of 50
  Number of Mobile Apex push calls: 0 out of 10

15:17:34.485 (485351781)|CUMULATIVE_LIMIT_USAGE_END

15:17:34.0 (486143241)|CODE_UNIT_FINISHED|LocationTrigger on Location trigger event BeforeUpdate for [a0B9E000000yryP]
15:17:34.0 (487207556)|CODE_UNIT_STARTED|[EXTERNAL]|Validation:Location:a0B9E000000yryP
15:17:34.0 (487218318)|VALIDATION_RULE|03d24000000aMAV|Amount_can_t_be_less_then_0
15:17:34.0 (487346962)|VALIDATION_FORMULA|OR( Available_amount__c <0,  Current_amount__c <0)|Current_amount__c=0 , Available_amount__c=0
15:17:34.0 (487353836)|VALIDATION_PASS
15:17:34.0 (487387847)|CODE_UNIT_FINISHED|Validation:Location:a0B9E000000yryP
15:17:34.0 (498689029)|CODE_UNIT_STARTED|[EXTERNAL]|01q24000000PhJS|LocationTrigger on Location trigger event AfterUpdate for [a0B9E000000yryP]
15:17:34.0 (499093662)|SYSTEM_MODE_ENTER|true
15:17:34.0 (499137901)|SYSTEM_MODE_EXIT|true
15:17:34.0 (499520693)|SOQL_EXECUTE_BEGIN|[88]|Aggregations:0|SELECT Id FROM Location__c WHERE id = :tmpVar1
15:17:34.0 (500574669)|SOQL_EXECUTE_END|[88]|Rows:0
15:17:34.0 (500995397)|SOQL_EXECUTE_BEGIN|[89]|Aggregations:0|SELECT Id, RecordType.DeveloperName, Location__c, Number_Of_Items__c FROM WWW_Detail__c WHERE ((RecordType.DeveloperName = 'Delivered_2_Hub' OR RecordType.DeveloperName = 'Delivered_2_Project') AND Location__c = :tmpVar1 AND IsDeleted = FALSE)
15:17:34.0 (502050682)|SOQL_EXECUTE_END|[89]|Rows:0
15:17:34.0 (502188337)|USER_DEBUG|[129]|DEBUG|parentLocations 0 {}
15:17:34.0 (502593044)|SOQL_EXECUTE_BEGIN|[33]|Aggregations:0|SELECT Id, Hub_Building_Site__r.Project__r.Account__c, OwnerId, Hub_Building_Site__c FROM Location__c WHERE id = :tmpVar1
15:17:34.0 (506765469)|SOQL_EXECUTE_END|[33]|Rows:1
15:17:34.0 (507082703)|SOQL_EXECUTE_BEGIN|[39]|Aggregations:0|SELECT Id, Account__c FROM AccountHub__c WHERE Hub_Building_Site__c = :tmpVar1
15:17:34.0 (508902965)|SOQL_EXECUTE_END|[39]|Rows:0
15:17:34.0 (509133209)|USER_DEBUG|[51]|DEBUG|accs {0019E00000FVy6CQAT}
15:17:34.0 (509341597)|SOQL_EXECUTE_BEGIN|[52]|Aggregations:0|SELECT isActive, Id FROM User WHERE (AccountId__c = :tmpVar1 AND isActive = TRUE)
15:17:34.0 (514135251)|SOQL_EXECUTE_END|[52]|Rows:0
15:17:34.0 (514245249)|USER_DEBUG|[54]|DEBUG|users0 ()
15:17:34.0 (514530451)|SOQL_EXECUTE_BEGIN|[55]|Aggregations:0|SELECT ParentId, Id, UserOrGroupId FROM Location__Share WHERE ParentId = :tmpVar1
15:17:34.0 (516885389)|SOQL_EXECUTE_END|[55]|Rows:1
15:17:34.0 (517034852)|USER_DEBUG|[57]|DEBUG|1 (Location__Share:{ParentId=a0B9E000000yryPUAQ, Id=02c9E00000cme5FQAQ, UserOrGroupId=00524000001e3UjAAI})
15:17:34.0 (517229415)|USER_DEBUG|[67]|DEBUG|shareByUserByTicket1 {a0B9E000000yryPUAQ={}}
15:17:34.0 (517311492)|USER_DEBUG|[77]|DEBUG|add sharings 0 ()
15:17:34.0 (518591115)|SOQL_EXECUTE_BEGIN|[187]|Aggregations:0|SELECT Id, Name, Location__c, Location__r.Occupied__c, Location__r.Parent_Location__c, WWW_Detail__c FROM SublocationDetail__c WHERE Location__c = :tmpVar1
15:17:34.0 (520013585)|SOQL_EXECUTE_END|[187]|Rows:0
15:17:34.0 (520690926)|SOQL_EXECUTE_BEGIN|[141]|Aggregations:0|SELECT Id, Name, Project__c FROM WWW_Detail__c WHERE Id = :tmpVar1
15:17:34.0 (521984223)|SOQL_EXECUTE_END|[141]|Rows:0
15:17:34.522 (522144450)|CUMULATIVE_LIMIT_USAGE
15:17:34.522 (522144450)|LIMIT_USAGE_FOR_NS|(default)|
  Number of SOQL queries: 25 out of 100
  Number of query rows: 12 out of 50000
  Number of SOSL queries: 0 out of 20
  Number of DML statements: 11 out of 150
  Number of DML rows: 22 out of 10000
  Maximum CPU time: 21 out of 10000
  Maximum heap size: 0 out of 6000000
  Number of callouts: 0 out of 100
  Number of Email Invocations: 0 out of 10
  Number of future calls: 1 out of 50
  Number of queueable jobs added to the queue: 0 out of 50
  Number of Mobile Apex push calls: 0 out of 10

15:17:34.522 (522144450)|CUMULATIVE_LIMIT_USAGE_END

15:17:34.0 (522983077)|CODE_UNIT_FINISHED|LocationTrigger on Location trigger event AfterUpdate for [a0B9E000000yryP]
15:17:34.0 (523142792)|DML_END|[130]
15:17:34.0 (523587448)|SOQL_EXECUTE_BEGIN|[33]|Aggregations:0|SELECT Id, Hub_Building_Site__r.Project__r.Account__c, OwnerId, Hub_Building_Site__c FROM Location__c WHERE id = :tmpVar1
15:17:34.0 (528230528)|SOQL_EXECUTE_END|[33]|Rows:4
15:17:34.0 (528591662)|SOQL_EXECUTE_BEGIN|[39]|Aggregations:0|SELECT Id, Account__c FROM AccountHub__c WHERE Hub_Building_Site__c = :tmpVar1
15:17:34.0 (530535405)|SOQL_EXECUTE_END|[39]|Rows:0
15:17:34.0 (530748818)|USER_DEBUG|[51]|DEBUG|accs {0019E00000FVy6CQAT}
15:17:34.0 (530959065)|SOQL_EXECUTE_BEGIN|[52]|Aggregations:0|SELECT isActive, Id FROM User WHERE (AccountId__c = :tmpVar1 AND isActive = TRUE)
15:17:34.0 (535856979)|SOQL_EXECUTE_END|[52]|Rows:0
15:17:34.0 (535947452)|USER_DEBUG|[54]|DEBUG|users0 ()
15:17:34.0 (536247632)|SOQL_EXECUTE_BEGIN|[55]|Aggregations:0|SELECT ParentId, Id, UserOrGroupId FROM Location__Share WHERE ParentId = :tmpVar1
15:17:34.0 (538978994)|SOQL_EXECUTE_END|[55]|Rows:4
15:17:34.0 (539125597)|USER_DEBUG|[57]|DEBUG|4 (Location__Share:{ParentId=a0B9E000000yryQUAQ, Id=02c9E00000cme5GQAQ, UserOrGroupId=00524000001e3UjAAI}, Location__Share:{ParentId=a0B9E000000yryRUAQ, Id=02c9E00000cme5HQAQ, UserOrGroupId=00524000001e3UjAAI}, Location__Share:{ParentId=a0B9E000000yrySUAQ, Id=02c9E00000cme5IQAQ, UserOrGroupId=00524000001e3UjAAI}, Location__Share:{ParentId=a0B9E000000yryTUAQ, Id=02c9E00000cme5JQAQ, UserOrGroupId=00524000001e3UjAAI})
15:17:34.0 (539351493)|USER_DEBUG|[67]|DEBUG|shareByUserByTicket4 {a0B9E000000yryQUAQ={}, a0B9E000000yryRUAQ={}, a0B9E000000yrySUAQ={}, a0B9E000000yryTUAQ={}}
15:17:34.0 (539445777)|USER_DEBUG|[77]|DEBUG|add sharings 0 ()
15:17:34.0 (539498996)|SYSTEM_MODE_EXIT|false
15:17:34.539 (539516650)|CUMULATIVE_LIMIT_USAGE
15:17:34.539 (539516650)|LIMIT_USAGE_FOR_NS|(default)|
  Number of SOQL queries: 29 out of 100
  Number of query rows: 20 out of 50000
  Number of SOSL queries: 0 out of 20
  Number of DML statements: 11 out of 150
  Number of DML rows: 22 out of 10000
  Maximum CPU time: 21 out of 10000
  Maximum heap size: 0 out of 6000000
  Number of callouts: 0 out of 100
  Number of Email Invocations: 0 out of 10
  Number of future calls: 1 out of 50
  Number of queueable jobs added to the queue: 0 out of 50
  Number of Mobile Apex push calls: 0 out of 10

15:17:34.539 (539516650)|CUMULATIVE_LIMIT_USAGE_END

15:17:34.0 (540664208)|CODE_UNIT_FINISHED|LocationTrigger on Location trigger event AfterInsert for [a0B9E000000yryQ, a0B9E000000yryR, a0B9E000000yryS, a0B9E000000yryT]
15:17:34.0 (541341582)|DML_END|[196]
15:17:34.0 (541370081)|SYSTEM_MODE_EXIT|false
15:17:34.0 (541466802)|SYSTEM_MODE_ENTER|false
15:17:34.0 (541727202)|DML_BEGIN|[158]|Op:Insert|Type:WWW__c|Rows:1
15:17:34.0 (560241523)|CODE_UNIT_STARTED|[EXTERNAL]|Workflow:01I24000001DBlX
15:17:34.0 (565376612)|WF_RULE_EVAL_BEGIN|Workflow
15:17:34.0 (565407776)|WF_CRITERIA_BEGIN|[WWW: WWW-14084 a0t9E0000006ASL]|Set unique field|01Q24000000bj9y|ON_ALL_CHANGES|0
15:17:34.0 (566879324)|WF_RULE_FILTER|[WWW : Created By not equal to ]
15:17:34.0 (566903542)|WF_RULE_EVAL_VALUE|00524000001e3Uj
15:17:34.0 (566909169)|WF_CRITERIA_END|true
15:17:34.0 (567365474)|WF_SPOOL_ACTION_BEGIN|Workflow
15:17:34.0 (567704066)|WF_FIELD_UPDATE|[WWW: WWW-14084 a0t9E0000006ASL]|Field:WWW: Unique field|Value:a0A9E000001fovBa029E000003AewGa0q9E0000002c7O|Id=04Y24000000KRGc|CurrentRule:Set unique field (Id=01Q24000000bj9y)
15:17:34.0 (567729998)|WF_ACTION| Field Update: 1;
15:17:34.0 (567733813)|WF_RULE_EVAL_END
15:17:34.0 (578474009)|WF_ACTIONS_END| Field Update: 1;
15:17:34.0 (578485599)|CODE_UNIT_FINISHED|Workflow:01I24000001DBlX
15:17:34.0 (595492494)|CODE_UNIT_STARTED|[EXTERNAL]|01q24000000qIfI|ProjectTrigger on Projecten trigger event BeforeUpdate for [a0q9E0000002c7O]
15:17:34.0 (596200617)|SOQL_EXECUTE_BEGIN|[89]|Aggregations:0|SELECT Name FROM Projecten__c WHERE Name = :tmpVar1
15:17:34.0 (601230138)|SOQL_EXECUTE_END|[89]|Rows:1
15:17:34.601 (601466360)|CUMULATIVE_LIMIT_USAGE
15:17:34.601 (601466360)|LIMIT_USAGE_FOR_NS|(default)|
  Number of SOQL queries: 30 out of 100
  Number of query rows: 21 out of 50000
  Number of SOSL queries: 0 out of 20
  Number of DML statements: 12 out of 150
  Number of DML rows: 23 out of 10000
  Maximum CPU time: 21 out of 10000
  Maximum heap size: 0 out of 6000000
  Number of callouts: 0 out of 100
  Number of Email Invocations: 0 out of 10
  Number of future calls: 1 out of 50
  Number of queueable jobs added to the queue: 0 out of 50
  Number of Mobile Apex push calls: 0 out of 10

15:17:34.601 (601466360)|CUMULATIVE_LIMIT_USAGE_END

15:17:34.0 (602277454)|CODE_UNIT_FINISHED|ProjectTrigger on Projecten trigger event BeforeUpdate for [a0q9E0000002c7O]
15:17:34.0 (609775347)|CODE_UNIT_STARTED|[EXTERNAL]|01q24000000qIfI|ProjectTrigger on Projecten trigger event AfterUpdate for [a0q9E0000002c7O]
15:17:34.0 (610640168)|USER_DEBUG|[45]|DEBUG|(Projecten__c:{Id=a0q9E0000002c7OQAQ, OwnerId=00524000001e3UjAAI, IsDeleted=false, Name=testestest, CreatedDate=2017-06-21 13:17:34, CreatedById=00524000001e3UjAAI, LastModifiedDate=2017-06-21 13:17:35, LastModifiedById=00524000001e3UjAAI, SystemModstamp=2017-06-21 13:17:35, LastActivityDate=null, LastViewedDate=null, LastReferencedDate=null, Account__c=0019E00000FVy6CQAT, Project_omschrijving__c=null, SF_ID__c=null, Actueel_aantal_palletplaatsen__c=0, Aantal_palletplaatsen__c=null, Projectleider__c=null, Project_amscheyving__c=null})
15:17:34.0 (610974658)|SOQL_EXECUTE_BEGIN|[57]|Aggregations:0|SELECT Id, Actueel_aantal_palletplaatsen1__c FROM Account WHERE id = :tmpVar1
15:17:34.0 (615092265)|SOQL_EXECUTE_END|[57]|Rows:1
15:17:34.0 (615362276)|USER_DEBUG|[80]|DEBUG|(Account:{Id=0019E00000FVy6CQAT, Actueel_aantal_palletplaatsen1__c=0})
15:17:34.0 (615406470)|DML_BEGIN|[81]|Op:Update|Type:Account|Rows:1
15:17:34.0 (626880261)|DML_END|[81]
15:17:34.626 (626931298)|CUMULATIVE_LIMIT_USAGE
15:17:34.626 (626931298)|LIMIT_USAGE_FOR_NS|(default)|
  Number of SOQL queries: 31 out of 100
  Number of query rows: 22 out of 50000
  Number of SOSL queries: 0 out of 20
  Number of DML statements: 13 out of 150
  Number of DML rows: 24 out of 10000
  Maximum CPU time: 21 out of 10000
  Maximum heap size: 0 out of 6000000
  Number of callouts: 0 out of 100
  Number of Email Invocations: 0 out of 10
  Number of future calls: 2 out of 50
  Number of queueable jobs added to the queue: 0 out of 50
  Number of Mobile Apex push calls: 0 out of 10

15:17:34.626 (626931298)|CUMULATIVE_LIMIT_USAGE_END

15:17:34.0 (627747349)|CODE_UNIT_FINISHED|ProjectTrigger on Projecten trigger event AfterUpdate for [a0q9E0000002c7O]
15:17:34.0 (628461693)|DML_END|[158]
15:17:34.0 (628481278)|SYSTEM_MODE_EXIT|false
15:17:34.0 (628580453)|SYSTEM_MODE_ENTER|false
15:17:34.0 (628791597)|SOQL_EXECUTE_BEGIN|[32]|Aggregations:0|SELECT Id FROM RecordType WHERE (sObjectType = 'WWW_Detail__c' AND DeveloperName = 'Delivered_2_Hub') LIMIT 1
15:17:34.0 (635614829)|SOQL_EXECUTE_END|[32]|Rows:1
15:17:34.0 (636242940)|DML_BEGIN|[44]|Op:Insert|Type:WWW_Detail__c|Rows:1
15:17:34.0 (643709534)|CODE_UNIT_STARTED|[EXTERNAL]|01q2400000133Bx|WWWDetailTrigger on WWW_Detail trigger event BeforeInsert for [new]
15:17:34.0 (644757369)|SOQL_EXECUTE_BEGIN|[358]|Aggregations:0|SELECT Id FROM RecordType WHERE (DeveloperName = 'Invoked' AND SobjectType = 'WWW_detail__c')
15:17:34.0 (648255694)|SOQL_EXECUTE_END|[358]|Rows:1
15:17:34.0 (648477694)|SOQL_EXECUTE_BEGIN|[359]|Aggregations:0|SELECT Id FROM RecordType WHERE (DeveloperName = 'Delivered_2_Project' AND SobjectType = 'WWW_detail__c')
15:17:34.0 (651512168)|SOQL_EXECUTE_END|[359]|Rows:1
15:17:34.0 (651895356)|SOQL_EXECUTE_BEGIN|[361]|Aggregations:0|SELECT Id, Curr_Items_To_Be_Delivered_On_Hub__c, Curr_Items_To_Be_Delivered_On_Project__c, Curr_Items_To_Invoke__c, Curr_Items_To_Invoke_Incl_Rejected__c, Can_be_delivered__c FROM WWW__c WHERE id = :tmpVar1
15:17:34.0 (657353120)|SOQL_EXECUTE_END|[361]|Rows:1
15:17:34.657 (657656553)|CUMULATIVE_LIMIT_USAGE
15:17:34.657 (657656553)|LIMIT_USAGE_FOR_NS|(default)|
  Number of SOQL queries: 35 out of 100
  Number of query rows: 26 out of 50000
  Number of SOSL queries: 0 out of 20
  Number of DML statements: 14 out of 150
  Number of DML rows: 25 out of 10000
  Maximum CPU time: 21 out of 10000
  Maximum heap size: 0 out of 6000000
  Number of callouts: 0 out of 100
  Number of Email Invocations: 0 out of 10
  Number of future calls: 2 out of 50
  Number of queueable jobs added to the queue: 0 out of 50
  Number of Mobile Apex push calls: 0 out of 10

15:17:34.657 (657656553)|CUMULATIVE_LIMIT_USAGE_END

15:17:34.0 (658950987)|CODE_UNIT_FINISHED|WWWDetailTrigger on WWW_Detail trigger event BeforeInsert for [new]
15:17:34.0 (675615685)|CODE_UNIT_STARTED|[EXTERNAL]|Validation:WWW_Detail:new
15:17:34.0 (675632141)|VALIDATION_RULE|03d24000000aMzu|Afleveren_if_Compleet_Nee_set_mandatory
15:17:34.0 (675981525)|VALIDATION_FORMULA|IF( AND(RecordType.Name = '5 Delivered to Project',   ISPICKVAL(Compleet_klaargezet__c , 'Nee'),  ISBLANK(TEXT( Reden_niet_compleet_uigevoerd__c ))),true,false)|Reden_niet_compleet_uigevoerd__c=null , RecordType.Name=Ontvangen , Compleet_klaargezet__c=null
15:17:34.0 (675993058)|VALIDATION_PASS
15:17:34.0 (675994734)|VALIDATION_RULE|03d9E0000008jMe|Set_WWW_required
15:17:34.0 (676138562)|VALIDATION_FORMULA|AND(RecordType.DeveloperName <> "Reserved", OR(ISNULL(WWW__c),  ISBLANK(WWW__c) ) )|RecordType.DeveloperName=Delivered_2_Hub , WWW__c=a0t9E0000006ASL
15:17:34.0 (676148229)|VALIDATION_PASS
15:17:34.0 (676186265)|CODE_UNIT_FINISHED|Validation:WWW_Detail:new
15:17:34.0 (689953422)|CODE_UNIT_STARTED|[EXTERNAL]|01q2400000133Bx|WWWDetailTrigger on WWW_Detail trigger event AfterInsert for [a0s9E0000006Vf8]
15:17:34.0 (690729592)|SYSTEM_MODE_ENTER|false
15:17:34.0 (690756905)|SYSTEM_MODE_EXIT|false
15:17:34.0 (691147332)|SOQL_EXECUTE_BEGIN|[112]|Aggregations:0|SELECT Id, developerName FROM RecordType WHERE sObjectType = 'WWW_detail__c'
15:17:34.0 (695626101)|SOQL_EXECUTE_END|[112]|Rows:5
15:17:34.0 (696190014)|SOQL_EXECUTE_BEGIN|[125]|Aggregations:0|SELECT Id, Toename_Aantal_palletplaatsen1__c, Total_Items_Invoked__c, Total_Items_Delivered_Hub__c, Total_Items_Delivered_Project__c, Total_Items_Rejected_Hub__c, Total_Items_Rejected_Project__c, Total_Items_Reserved__c, Totale_afname_aantal_palletplaatsen1__c, Total1__c FROM WWW__c WHERE id = :tmpVar1
15:17:34.0 (699019746)|SOQL_EXECUTE_END|[125]|Rows:1
15:17:34.0 (700263384)|DML_BEGIN|[329]|Op:Update|Type:WWW__c|Rows:1
15:17:34.0 (712687054)|CODE_UNIT_STARTED|[EXTERNAL]|Workflow:01I24000001DBlX
15:17:34.0 (718032509)|WF_RULE_EVAL_BEGIN|Workflow
15:17:34.0 (718066603)|WF_CRITERIA_BEGIN|[WWW: WWW-14084 a0t9E0000006ASL]|Set unique field|01Q24000000bj9y|ON_ALL_CHANGES|0
15:17:34.0 (718106634)|WF_RULE_FILTER|[WWW : Created By not equal to ]
15:17:34.0 (718122940)|WF_RULE_EVAL_VALUE|00524000001e3Uj
15:17:34.0 (718127544)|WF_CRITERIA_END|true
15:17:34.0 (718143687)|WF_SPOOL_ACTION_BEGIN|Workflow
15:17:34.0 (718308297)|WF_ACTION| Field Update: 1;
15:17:34.0 (718314609)|WF_RULE_EVAL_END
15:17:34.0 (718361170)|WF_ACTIONS_END| Field Update: 1;
15:17:34.0 (718369624)|CODE_UNIT_FINISHED|Workflow:01I24000001DBlX
15:17:34.0 (720816955)|DML_END|[329]
15:17:34.0 (721272876)|SYSTEM_MODE_ENTER|false
15:17:34.0 (721301236)|SYSTEM_MODE_EXIT|false
15:17:34.721 (721333177)|CUMULATIVE_LIMIT_USAGE
15:17:34.721 (721333177)|LIMIT_USAGE_FOR_NS|(default)|
  Number of SOQL queries: 37 out of 100
  Number of query rows: 32 out of 50000
  Number of SOSL queries: 0 out of 20
  Number of DML statements: 15 out of 150
  Number of DML rows: 26 out of 10000
  Maximum CPU time: 8 out of 10000
  Maximum heap size: 0 out of 6000000
  Number of callouts: 0 out of 100
  Number of Email Invocations: 0 out of 10
  Number of future calls: 2 out of 50
  Number of queueable jobs added to the queue: 0 out of 50
  Number of Mobile Apex push calls: 0 out of 10

15:17:34.721 (721333177)|CUMULATIVE_LIMIT_USAGE_END

15:17:34.0 (722368145)|CODE_UNIT_FINISHED|WWWDetailTrigger on WWW_Detail trigger event AfterInsert for [a0s9E0000006Vf8]
15:17:34.0 (723799813)|CODE_UNIT_STARTED|[EXTERNAL]|Workflow:01I24000001DBlW
15:17:34.0 (727496923)|WF_RULE_EVAL_BEGIN|Workflow
15:17:34.0 (727521010)|WF_CRITERIA_BEGIN|[WWW-Detail: WWW-D-12813 a0s9E0000006Vf8]|Change_number_of_items3012400000029op|01Q24000000bis9|ON_ALL_CHANGES|0
15:17:34.0 (727621785)|WF_FORMULA|Formula:ENCODED:[treatNullAsNull]true|Values:
15:17:34.0 (727628530)|WF_CRITERIA_END|true
15:17:34.0 (728154925)|WF_CRITERIA_BEGIN|[WWW-Detail: WWW-D-12813 a0s9E0000006Vf8]|Update_WWW_detail_13019E0000009OqY|01Q9E000000DASj|ON_CREATE_ONLY|0
15:17:34.0 (728197215)|WF_FORMULA|Formula:ENCODED:[treatNullAsNull]true|Values:
15:17:34.0 (728202351)|WF_CRITERIA_END|true
15:17:34.0 (728214540)|WF_SPOOL_ACTION_BEGIN|Workflow
15:17:34.0 (728232253)|WF_ACTION| Flow Trigger: 2;
15:17:34.0 (728235875)|WF_RULE_EVAL_END
15:17:34.0 (728756058)|WF_FLOW_ACTION_BEGIN|09L9E0000008cz8
15:17:34.729 (729504538)|FLOW_CREATE_INTERVIEW_BEGIN|00D9E000000D6H4|300240000004gz9|3019E0000009OqY
15:17:34.729 (731550528)|FLOW_CREATE_INTERVIEW_END|53174ad8c719c2dbc45b1cb2b79515ccabaa6a3-514c|Update WWW detail 1
15:17:34.732 (732525630)|FLOW_START_INTERVIEWS_BEGIN|1
15:17:34.732 (732550255)|FLOW_START_INTERVIEW_BEGIN|53174ad8c719c2dbc45b1cb2b79515ccabaa6a3-514c|Update WWW detail 1
15:17:34.732 (740668428)|FLOW_START_INTERVIEW_END|53174ad8c719c2dbc45b1cb2b79515ccabaa6a3-514c|Update WWW detail 1
15:17:34.775 (775965619)|CODE_UNIT_STARTED|[EXTERNAL]|01q2400000133Bx|WWWDetailTrigger on WWW_Detail trigger event BeforeUpdate for [a0s9E0000006Vf8]
15:17:34.776 (776614325)|CUMULATIVE_LIMIT_USAGE
15:17:34.776 (776614325)|LIMIT_USAGE_FOR_NS|(default)|
  Number of SOQL queries: 38 out of 100
  Number of query rows: 33 out of 50000
  Number of SOSL queries: 0 out of 20
  Number of DML statements: 16 out of 150
  Number of DML rows: 27 out of 10000
  Maximum CPU time: 8 out of 10000
  Maximum heap size: 0 out of 6000000
  Number of callouts: 0 out of 100
  Number of Email Invocations: 0 out of 10
  Number of future calls: 2 out of 50
  Number of queueable jobs added to the queue: 0 out of 50
  Number of Mobile Apex push calls: 0 out of 10

15:17:34.776 (776614325)|CUMULATIVE_LIMIT_USAGE_END

15:17:34.775 (777371892)|CODE_UNIT_FINISHED|WWWDetailTrigger on WWW_Detail trigger event BeforeUpdate for [a0s9E0000006Vf8]
15:17:34.780 (780381419)|CODE_UNIT_STARTED|[EXTERNAL]|Validation:WWW_Detail:a0s9E0000006Vf8
15:17:34.780 (780399612)|VALIDATION_RULE|03d24000000aMzu|Afleveren_if_Compleet_Nee_set_mandatory
15:17:34.780 (780773410)|VALIDATION_FORMULA|IF( AND(RecordType.Name = '5 Delivered to Project',   ISPICKVAL(Compleet_klaargezet__c , 'Nee'),  ISBLANK(TEXT( Reden_niet_compleet_uigevoerd__c ))),true,false)|Reden_niet_compleet_uigevoerd__c=null , RecordType.Name=Ontvangen , Compleet_klaargezet__c=null
15:17:34.780 (780786035)|VALIDATION_PASS
15:17:34.780 (780787964)|VALIDATION_RULE|03d9E0000008jMe|Set_WWW_required
15:17:34.780 (780920945)|VALIDATION_FORMULA|AND(RecordType.DeveloperName <> "Reserved", OR(ISNULL(WWW__c),  ISBLANK(WWW__c) ) )|RecordType.DeveloperName=Delivered_2_Hub , WWW__c=a0t9E0000006ASL
15:17:34.780 (780928237)|VALIDATION_PASS
15:17:34.780 (780964914)|CODE_UNIT_FINISHED|Validation:WWW_Detail:a0s9E0000006Vf8
15:17:34.792 (792174366)|CODE_UNIT_STARTED|[EXTERNAL]|01q2400000133Bx|WWWDetailTrigger on WWW_Detail trigger event AfterUpdate for [a0s9E0000006Vf8]
15:17:34.792 (792622982)|CUMULATIVE_LIMIT_USAGE
15:17:34.792 (792622982)|LIMIT_USAGE_FOR_NS|(default)|
  Number of SOQL queries: 38 out of 100
  Number of query rows: 33 out of 50000
  Number of SOSL queries: 0 out of 20
  Number of DML statements: 16 out of 150
  Number of DML rows: 27 out of 10000
  Maximum CPU time: 8 out of 10000
  Maximum heap size: 0 out of 6000000
  Number of callouts: 0 out of 100
  Number of Email Invocations: 0 out of 10
  Number of future calls: 2 out of 50
  Number of queueable jobs added to the queue: 0 out of 50
  Number of Mobile Apex push calls: 0 out of 10

15:17:34.792 (792622982)|CUMULATIVE_LIMIT_USAGE_END

15:17:34.792 (793370514)|CODE_UNIT_FINISHED|WWWDetailTrigger on WWW_Detail trigger event AfterUpdate for [a0s9E0000006Vf8]
15:17:34.817 (817997543)|CODE_UNIT_STARTED|[EXTERNAL]|01q2400000133Bx|WWWDetailTrigger on WWW_Detail trigger event BeforeUpdate for [a0s9E0000006Vf8]
15:17:34.818 (818606454)|CUMULATIVE_LIMIT_USAGE
15:17:34.818 (818606454)|LIMIT_USAGE_FOR_NS|(default)|
  Number of SOQL queries: 39 out of 100
  Number of query rows: 34 out of 50000
  Number of SOSL queries: 0 out of 20
  Number of DML statements: 17 out of 150
  Number of DML rows: 28 out of 10000
  Maximum CPU time: 8 out of 10000
  Maximum heap size: 0 out of 6000000
  Number of callouts: 0 out of 100
  Number of Email Invocations: 0 out of 10
  Number of future calls: 2 out of 50
  Number of queueable jobs added to the queue: 0 out of 50
  Number of Mobile Apex push calls: 0 out of 10

15:17:34.818 (818606454)|CUMULATIVE_LIMIT_USAGE_END

15:17:34.817 (819722899)|CODE_UNIT_FINISHED|WWWDetailTrigger on WWW_Detail trigger event BeforeUpdate for [a0s9E0000006Vf8]
15:17:34.821 (821424563)|CODE_UNIT_STARTED|[EXTERNAL]|Validation:WWW_Detail:a0s9E0000006Vf8
15:17:34.821 (821440352)|VALIDATION_RULE|03d24000000aMzu|Afleveren_if_Compleet_Nee_set_mandatory
15:17:34.821 (821762749)|VALIDATION_FORMULA|IF( AND(RecordType.Name = '5 Delivered to Project',   ISPICKVAL(Compleet_klaargezet__c , 'Nee'),  ISBLANK(TEXT( Reden_niet_compleet_uigevoerd__c ))),true,false)|Reden_niet_compleet_uigevoerd__c=null , RecordType.Name=Ontvangen , Compleet_klaargezet__c=null
15:17:34.821 (821776127)|VALIDATION_PASS
15:17:34.821 (821778020)|VALIDATION_RULE|03d9E0000008jMe|Set_WWW_required
15:17:34.821 (821910723)|VALIDATION_FORMULA|AND(RecordType.DeveloperName <> "Reserved", OR(ISNULL(WWW__c),  ISBLANK(WWW__c) ) )|RecordType.DeveloperName=Delivered_2_Hub , WWW__c=a0t9E0000006ASL
15:17:34.821 (821918276)|VALIDATION_PASS
15:17:34.821 (821952370)|CODE_UNIT_FINISHED|Validation:WWW_Detail:a0s9E0000006Vf8
15:17:34.828 (828966355)|CODE_UNIT_STARTED|[EXTERNAL]|01q2400000133Bx|WWWDetailTrigger on WWW_Detail trigger event AfterUpdate for [a0s9E0000006Vf8]
15:17:34.829 (829310933)|CUMULATIVE_LIMIT_USAGE
15:17:34.829 (829310933)|LIMIT_USAGE_FOR_NS|(default)|
  Number of SOQL queries: 39 out of 100
  Number of query rows: 34 out of 50000
  Number of SOSL queries: 0 out of 20
  Number of DML statements: 17 out of 150
  Number of DML rows: 28 out of 10000
  Maximum CPU time: 8 out of 10000
  Maximum heap size: 0 out of 6000000
  Number of callouts: 0 out of 100
  Number of Email Invocations: 0 out of 10
  Number of future calls: 2 out of 50
  Number of queueable jobs added to the queue: 0 out of 50
  Number of Mobile Apex push calls: 0 out of 10

15:17:34.829 (829310933)|CUMULATIVE_LIMIT_USAGE_END

15:17:34.828 (830049935)|CODE_UNIT_FINISHED|WWWDetailTrigger on WWW_Detail trigger event AfterUpdate for [a0s9E0000006Vf8]
15:17:34.854 (854874807)|CODE_UNIT_STARTED|[EXTERNAL]|01q2400000133Bx|WWWDetailTrigger on WWW_Detail trigger event BeforeUpdate for [a0s9E0000006Vf8]
15:17:34.855 (855472835)|CUMULATIVE_LIMIT_USAGE
15:17:34.855 (855472835)|LIMIT_USAGE_FOR_NS|(default)|
  Number of SOQL queries: 40 out of 100
  Number of query rows: 35 out of 50000
  Number of SOSL queries: 0 out of 20
  Number of DML statements: 18 out of 150
  Number of DML rows: 29 out of 10000
  Maximum CPU time: 8 out of 10000
  Maximum heap size: 0 out of 6000000
  Number of callouts: 0 out of 100
  Number of Email Invocations: 0 out of 10
  Number of future calls: 2 out of 50
  Number of queueable jobs added to the queue: 0 out of 50
  Number of Mobile Apex push calls: 0 out of 10

15:17:34.855 (855472835)|CUMULATIVE_LIMIT_USAGE_END

15:17:34.854 (856197867)|CODE_UNIT_FINISHED|WWWDetailTrigger on WWW_Detail trigger event BeforeUpdate for [a0s9E0000006Vf8]
15:17:34.857 (857753154)|CODE_UNIT_STARTED|[EXTERNAL]|Validation:WWW_Detail:a0s9E0000006Vf8
15:17:34.857 (857768372)|VALIDATION_RULE|03d24000000aMzu|Afleveren_if_Compleet_Nee_set_mandatory
15:17:34.857 (858087646)|VALIDATION_FORMULA|IF( AND(RecordType.Name = '5 Delivered to Project',   ISPICKVAL(Compleet_klaargezet__c , 'Nee'),  ISBLANK(TEXT( Reden_niet_compleet_uigevoerd__c ))),true,false)|Reden_niet_compleet_uigevoerd__c=null , RecordType.Name=Ontvangen , Compleet_klaargezet__c=null
15:17:34.857 (858099812)|VALIDATION_PASS
15:17:34.857 (858101598)|VALIDATION_RULE|03d9E0000008jMe|Set_WWW_required
15:17:34.857 (858233245)|VALIDATION_FORMULA|AND(RecordType.DeveloperName <> "Reserved", OR(ISNULL(WWW__c),  ISBLANK(WWW__c) ) )|RecordType.DeveloperName=Delivered_2_Hub , WWW__c=a0t9E0000006ASL
15:17:34.857 (858241156)|VALIDATION_PASS
15:17:34.857 (858275034)|CODE_UNIT_FINISHED|Validation:WWW_Detail:a0s9E0000006Vf8
15:17:34.865 (865861502)|CODE_UNIT_STARTED|[EXTERNAL]|01q2400000133Bx|WWWDetailTrigger on WWW_Detail trigger event AfterUpdate for [a0s9E0000006Vf8]
15:17:34.866 (866380226)|CUMULATIVE_LIMIT_USAGE
15:17:34.866 (866380226)|LIMIT_USAGE_FOR_NS|(default)|
  Number of SOQL queries: 40 out of 100
  Number of query rows: 35 out of 50000
  Number of SOSL queries: 0 out of 20
  Number of DML statements: 18 out of 150
  Number of DML rows: 29 out of 10000
  Maximum CPU time: 8 out of 10000
  Maximum heap size: 0 out of 6000000
  Number of callouts: 0 out of 100
  Number of Email Invocations: 0 out of 10
  Number of future calls: 2 out of 50
  Number of queueable jobs added to the queue: 0 out of 50
  Number of Mobile Apex push calls: 0 out of 10

15:17:34.866 (866380226)|CUMULATIVE_LIMIT_USAGE_END

15:17:34.865 (867143354)|CODE_UNIT_FINISHED|WWWDetailTrigger on WWW_Detail trigger event AfterUpdate for [a0s9E0000006Vf8]
15:17:34.732 (867633465)|FLOW_START_INTERVIEWS_END|1
15:17:34.0 (868434638)|WF_FLOW_ACTION_END|09L9E0000008cz8
15:17:34.0 (868461741)|WF_FLOW_ACTION_BEGIN|09L24000000TtyK
15:17:34.869 (869245822)|FLOW_CREATE_INTERVIEW_BEGIN|00D9E000000D6H4|300240000004gW2|3012400000029op
15:17:34.869 (871614722)|FLOW_CREATE_INTERVIEW_END|53184ad8c719c2dbc45b1cb2b79515ccabaa6a3-514d|Change number of items
15:17:34.872 (872713214)|FLOW_START_INTERVIEWS_BEGIN|1
15:17:34.872 (872735916)|FLOW_START_INTERVIEW_BEGIN|53184ad8c719c2dbc45b1cb2b79515ccabaa6a3-514d|Change number of items
15:17:34.872 (875544262)|FLOW_START_INTERVIEW_END|53184ad8c719c2dbc45b1cb2b79515ccabaa6a3-514d|Change number of items
15:17:34.872 (875558533)|FLOW_START_INTERVIEWS_END|1
15:17:34.0 (876024261)|WF_FLOW_ACTION_END|09L24000000TtyK
15:17:34.0 (876060736)|WF_RULE_EVAL_BEGIN|Workflow
15:17:34.0 (876069205)|WF_SPOOL_ACTION_BEGIN|Workflow
15:17:34.0 (876075858)|WF_ACTION| None
15:17:34.0 (876080867)|WF_RULE_EVAL_END
15:17:34.0 (876133090)|WF_ACTIONS_END| Flow Trigger: 2;
15:17:34.0 (876139966)|CODE_UNIT_FINISHED|Workflow:01I24000001DBlW
15:17:34.0 (876567991)|DML_END|[44]
15:17:34.0 (876821055)|SOQL_EXECUTE_BEGIN|[46]|Aggregations:0|SELECT Id, Name FROM Location__c WHERE Parent_Location__c = :tmpVar1
15:17:34.0 (879280126)|SOQL_EXECUTE_END|[46]|Rows:4
15:17:34.0 (880054695)|DML_BEGIN|[53]|Op:Insert|Type:SublocationDetail__c|Rows:4
15:17:34.0 (882881863)|CODE_UNIT_STARTED|[EXTERNAL]|01q2400000131KI|SubLocationDetailTrigger on SublocationDetail trigger event BeforeInsert for [new, new, new, new]
15:17:34.0 (883579696)|SYSTEM_MODE_ENTER|false
15:17:34.0 (883662618)|SYSTEM_MODE_EXIT|false
15:17:34.883 (883678596)|CUMULATIVE_LIMIT_USAGE
15:17:34.883 (883678596)|LIMIT_USAGE_FOR_NS|(default)|
  Number of SOQL queries: 41 out of 100
  Number of query rows: 39 out of 50000
  Number of SOSL queries: 0 out of 20
  Number of DML statements: 19 out of 150
  Number of DML rows: 33 out of 10000
  Maximum CPU time: 8 out of 10000
  Maximum heap size: 0 out of 6000000
  Number of callouts: 0 out of 100
  Number of Email Invocations: 0 out of 10
  Number of future calls: 2 out of 50
  Number of queueable jobs added to the queue: 0 out of 50
  Number of Mobile Apex push calls: 0 out of 10

15:17:34.883 (883678596)|CUMULATIVE_LIMIT_USAGE_END

15:17:34.0 (884659674)|CODE_UNIT_FINISHED|SubLocationDetailTrigger on SublocationDetail trigger event BeforeInsert for [new, new, new, new]
15:17:34.0 (905045008)|CODE_UNIT_STARTED|[EXTERNAL]|01q2400000131KI|SubLocationDetailTrigger on SublocationDetail trigger event AfterInsert for [a089E000001dWlw, a089E000001dWlx, a089E000001dWly, a089E000001dWlz]
15:17:34.0 (905745316)|SYSTEM_MODE_ENTER|false
15:17:34.0 (905846981)|USER_DEBUG|[38]|DEBUG|[****] upateSubLocation
15:17:34.0 (906362611)|SOQL_EXECUTE_BEGIN|[50]|Aggregations:0|SELECT Id FROM Location__c WHERE id = :tmpVar1
15:17:34.0 (908110639)|SOQL_EXECUTE_END|[50]|Rows:4
15:17:34.0 (908445810)|SOQL_EXECUTE_BEGIN|[51]|Aggregations:0|SELECT Id, Name, Location__c, Reserved__c, To_Sum__c, Number_of_items__c FROM SubLocationDetail__c WHERE Location__c = :tmpVar1
15:17:34.0 (916662957)|SOQL_EXECUTE_END|[51]|Rows:4
15:17:34.0 (917738975)|USER_DEBUG|[122]|DEBUG|upateSubLocation locationsToUpdate(Location__c:{Id=a0B9E000000yryQUAQ, Current_amount__c=50, Available_amount__c=null}, Location__c:{Id=a0B9E000000yryRUAQ, Current_amount__c=50, Available_amount__c=null}, Location__c:{Id=a0B9E000000yrySUAQ, Current_amount__c=50, Available_amount__c=null}, Location__c:{Id=a0B9E000000yryTUAQ, Current_amount__c=50, Available_amount__c=null})
15:17:34.0 (917789414)|DML_BEGIN|[123]|Op:Update|Type:Location__c|Rows:4
15:17:34.0 (929612000)|CODE_UNIT_STARTED|[EXTERNAL]|01q24000000PhJS|LocationTrigger on Location trigger event BeforeUpdate for [a0B9E000000yryQ, a0B9E000000yryR, a0B9E000000yryS, a0B9E000000yryT]
15:17:34.0 (929938272)|SYSTEM_MODE_ENTER|true
15:17:34.0 (929971853)|SYSTEM_MODE_EXIT|true
15:17:34.930 (930009668)|CUMULATIVE_LIMIT_USAGE
15:17:34.930 (930009668)|LIMIT_USAGE_FOR_NS|(default)|
  Number of SOQL queries: 43 out of 100
  Number of query rows: 47 out of 50000
  Number of SOSL queries: 0 out of 20
  Number of DML statements: 20 out of 150
  Number of DML rows: 37 out of 10000
  Maximum CPU time: 8 out of 10000
  Maximum heap size: 0 out of 6000000
  Number of callouts: 0 out of 100
  Number of Email Invocations: 0 out of 10
  Number of future calls: 2 out of 50
  Number of queueable jobs added to the queue: 0 out of 50
  Number of Mobile Apex push calls: 0 out of 10

15:17:34.930 (930009668)|CUMULATIVE_LIMIT_USAGE_END

15:17:34.0 (931056750)|CODE_UNIT_FINISHED|LocationTrigger on Location trigger event BeforeUpdate for [a0B9E000000yryQ, a0B9E000000yryR, a0B9E000000yryS, a0B9E000000yryT]
15:17:34.0 (932442139)|CODE_UNIT_STARTED|[EXTERNAL]|Validation:Location:a0B9E000000yryQ
15:17:34.0 (932454113)|VALIDATION_RULE|03d24000000aMAV|Amount_can_t_be_less_then_0
15:17:34.0 (932589707)|VALIDATION_FORMULA|OR( Available_amount__c <0,  Current_amount__c <0)|Current_amount__c=50 , Available_amount__c=null
15:17:34.0 (932598023)|VALIDATION_PASS
15:17:34.0 (932637990)|CODE_UNIT_FINISHED|Validation:Location:a0B9E000000yryQ
15:17:34.0 (933321049)|CODE_UNIT_STARTED|[EXTERNAL]|Validation:Location:a0B9E000000yryR
15:17:34.0 (933330633)|VALIDATION_RULE|03d24000000aMAV|Amount_can_t_be_less_then_0
15:17:34.0 (933442929)|VALIDATION_FORMULA|OR( Available_amount__c <0,  Current_amount__c <0)|Current_amount__c=50 , Available_amount__c=null
15:17:34.0 (933450185)|VALIDATION_PASS
15:17:34.0 (933478954)|CODE_UNIT_FINISHED|Validation:Location:a0B9E000000yryR
15:17:34.0 (934134405)|CODE_UNIT_STARTED|[EXTERNAL]|Validation:Location:a0B9E000000yryS
15:17:34.0 (934142873)|VALIDATION_RULE|03d24000000aMAV|Amount_can_t_be_less_then_0
15:17:34.0 (934248655)|VALIDATION_FORMULA|OR( Available_amount__c <0,  Current_amount__c <0)|Current_amount__c=50 , Available_amount__c=null
15:17:34.0 (934255404)|VALIDATION_PASS
15:17:34.0 (934282984)|CODE_UNIT_FINISHED|Validation:Location:a0B9E000000yryS
15:17:34.0 (934944282)|CODE_UNIT_STARTED|[EXTERNAL]|Validation:Location:a0B9E000000yryT
15:17:34.0 (934951538)|VALIDATION_RULE|03d24000000aMAV|Amount_can_t_be_less_then_0
15:17:34.0 (935054680)|VALIDATION_FORMULA|OR( Available_amount__c <0,  Current_amount__c <0)|Current_amount__c=50 , Available_amount__c=null
15:17:34.0 (935061858)|VALIDATION_PASS
15:17:34.0 (935088901)|CODE_UNIT_FINISHED|Validation:Location:a0B9E000000yryT
15:17:34.0 (949308259)|CODE_UNIT_STARTED|[EXTERNAL]|01q24000000PhJS|LocationTrigger on Location trigger event AfterUpdate for [a0B9E000000yryQ, a0B9E000000yryR, a0B9E000000yryS, a0B9E000000yryT]
15:17:34.0 (949720615)|SYSTEM_MODE_ENTER|true
15:17:34.0 (949751610)|SYSTEM_MODE_EXIT|true
15:17:34.0 (950119202)|SOQL_EXECUTE_BEGIN|[88]|Aggregations:0|SELECT Id FROM Location__c WHERE id = :tmpVar1
15:17:34.0 (952248233)|SOQL_EXECUTE_END|[88]|Rows:1
15:17:34.0 (952685339)|SOQL_EXECUTE_BEGIN|[89]|Aggregations:0|SELECT Id, RecordType.DeveloperName, Location__c, Number_Of_Items__c FROM WWW_Detail__c WHERE ((RecordType.DeveloperName = 'Delivered_2_Hub' OR RecordType.DeveloperName = 'Delivered_2_Project') AND Location__c = :tmpVar1 AND IsDeleted = FALSE)
15:17:34.0 (956915542)|SOQL_EXECUTE_END|[89]|Rows:1
15:17:34.0 (957599573)|USER_DEBUG|[129]|DEBUG|parentLocations 1 {a0B9E000000yryPUAQ=Location__c:{Id=a0B9E000000yryPUAQ, Current_amount__c=50, Available_amount__c=0}}
15:17:34.0 (957660704)|DML_BEGIN|[130]|Op:Update|Type:Location__c|Rows:1
15:17:34.0 (962371708)|CODE_UNIT_STARTED|[EXTERNAL]|01q24000000PhJS|LocationTrigger on Location trigger event BeforeUpdate for [a0B9E000000yryP]
15:17:34.0 (962667280)|SYSTEM_MODE_ENTER|true
15:17:34.0 (962699735)|SYSTEM_MODE_EXIT|true
15:17:34.962 (962737360)|CUMULATIVE_LIMIT_USAGE
15:17:34.962 (962737360)|LIMIT_USAGE_FOR_NS|(default)|
  Number of SOQL queries: 45 out of 100
  Number of query rows: 49 out of 50000
  Number of SOSL queries: 0 out of 20
  Number of DML statements: 21 out of 150
  Number of DML rows: 38 out of 10000
  Maximum CPU time: 6 out of 10000
  Maximum heap size: 0 out of 6000000
  Number of callouts: 0 out of 100
  Number of Email Invocations: 0 out of 10
  Number of future calls: 2 out of 50
  Number of queueable jobs added to the queue: 0 out of 50
  Number of Mobile Apex push calls: 0 out of 10

15:17:34.962 (962737360)|CUMULATIVE_LIMIT_USAGE_END

15:17:34.0 (963499861)|CODE_UNIT_FINISHED|LocationTrigger on Location trigger event BeforeUpdate for [a0B9E000000yryP]
15:17:34.0 (964490566)|CODE_UNIT_STARTED|[EXTERNAL]|Validation:Location:a0B9E000000yryP
15:17:34.0 (964501728)|VALIDATION_RULE|03d24000000aMAV|Amount_can_t_be_less_then_0
15:17:34.0 (964630760)|VALIDATION_FORMULA|OR( Available_amount__c <0,  Current_amount__c <0)|Current_amount__c=50 , Available_amount__c=0
15:17:34.0 (964638162)|VALIDATION_PASS
15:17:34.0 (964683748)|CODE_UNIT_FINISHED|Validation:Location:a0B9E000000yryP
15:17:34.0 (972737990)|CODE_UNIT_STARTED|[EXTERNAL]|01q24000000PhJS|LocationTrigger on Location trigger event AfterUpdate for [a0B9E000000yryP]
15:17:34.0 (973031629)|SYSTEM_MODE_ENTER|true
15:17:34.0 (973060942)|SYSTEM_MODE_EXIT|true
15:17:34.0 (973355432)|SOQL_EXECUTE_BEGIN|[88]|Aggregations:0|SELECT Id FROM Location__c WHERE id = :tmpVar1
15:17:34.0 (974365313)|SOQL_EXECUTE_END|[88]|Rows:0
15:17:34.0 (974800542)|SOQL_EXECUTE_BEGIN|[89]|Aggregations:0|SELECT Id, RecordType.DeveloperName, Location__c, Number_Of_Items__c FROM WWW_Detail__c WHERE ((RecordType.DeveloperName = 'Delivered_2_Hub' OR RecordType.DeveloperName = 'Delivered_2_Project') AND Location__c = :tmpVar1 AND IsDeleted = FALSE)
15:17:34.0 (976122528)|SOQL_EXECUTE_END|[89]|Rows:0
15:17:34.0 (976258715)|USER_DEBUG|[129]|DEBUG|parentLocations 0 {}
15:17:34.0 (976680440)|SOQL_EXECUTE_BEGIN|[33]|Aggregations:0|SELECT Id, Hub_Building_Site__r.Project__r.Account__c, OwnerId, Hub_Building_Site__c FROM Location__c WHERE id = :tmpVar1
15:17:34.0 (980975252)|SOQL_EXECUTE_END|[33]|Rows:1
15:17:34.0 (981286824)|SOQL_EXECUTE_BEGIN|[39]|Aggregations:0|SELECT Id, Account__c FROM AccountHub__c WHERE Hub_Building_Site__c = :tmpVar1
15:17:34.0 (983393875)|SOQL_EXECUTE_END|[39]|Rows:0
15:17:34.0 (983564805)|USER_DEBUG|[51]|DEBUG|accs {0019E00000FVy6CQAT}
15:17:34.0 (983778235)|SOQL_EXECUTE_BEGIN|[52]|Aggregations:0|SELECT isActive, Id FROM User WHERE (AccountId__c = :tmpVar1 AND isActive = TRUE)
15:17:34.0 (988213377)|SOQL_EXECUTE_END|[52]|Rows:0
15:17:34.0 (988309135)|USER_DEBUG|[54]|DEBUG|users0 ()
15:17:34.0 (988565663)|SOQL_EXECUTE_BEGIN|[55]|Aggregations:0|SELECT ParentId, Id, UserOrGroupId FROM Location__Share WHERE ParentId = :tmpVar1
15:17:34.0 (990833600)|SOQL_EXECUTE_END|[55]|Rows:1
15:17:34.0 (990953302)|USER_DEBUG|[57]|DEBUG|1 (Location__Share:{ParentId=a0B9E000000yryPUAQ, Id=02c9E00000cme5FQAQ, UserOrGroupId=00524000001e3UjAAI})
15:17:34.0 (991077352)|USER_DEBUG|[67]|DEBUG|shareByUserByTicket1 {a0B9E000000yryPUAQ={}}
15:17:34.0 (991149099)|USER_DEBUG|[77]|DEBUG|add sharings 0 ()
15:17:34.0 (991787576)|SOQL_EXECUTE_BEGIN|[187]|Aggregations:0|SELECT Id, Name, Location__c, Location__r.Occupied__c, Location__r.Parent_Location__c, WWW_Detail__c FROM SublocationDetail__c WHERE Location__c = :tmpVar1
15:17:34.0 (994221932)|SOQL_EXECUTE_END|[187]|Rows:0
15:17:34.0 (994511543)|SOQL_EXECUTE_BEGIN|[141]|Aggregations:0|SELECT Id, Name, Project__c FROM WWW_Detail__c WHERE Id = :tmpVar1
15:17:34.0 (996600696)|SOQL_EXECUTE_END|[141]|Rows:0
15:17:34.996 (996723564)|CUMULATIVE_LIMIT_USAGE
15:17:34.996 (996723564)|LIMIT_USAGE_FOR_NS|(default)|
  Number of SOQL queries: 53 out of 100 ******* CLOSE TO LIMIT
  Number of query rows: 51 out of 50000
  Number of SOSL queries: 0 out of 20
  Number of DML statements: 21 out of 150
  Number of DML rows: 38 out of 10000
  Maximum CPU time: 6 out of 10000
  Maximum heap size: 0 out of 6000000
  Number of callouts: 0 out of 100
  Number of Email Invocations: 0 out of 10
  Number of future calls: 2 out of 50
  Number of queueable jobs added to the queue: 0 out of 50
  Number of Mobile Apex push calls: 0 out of 10

15:17:34.996 (996723564)|CUMULATIVE_LIMIT_USAGE_END

15:17:34.0 (997508154)|CODE_UNIT_FINISHED|LocationTrigger on Location trigger event AfterUpdate for [a0B9E000000yryP]
15:17:34.0 (997678425)|DML_END|[130]
15:17:34.0 (998048966)|SOQL_EXECUTE_BEGIN|[33]|Aggregations:0|SELECT Id, Hub_Building_Site__r.Project__r.Account__c, OwnerId, Hub_Building_Site__c FROM Location__c WHERE id = :tmpVar1
15:17:35.2 (1002070774)|SOQL_EXECUTE_END|[33]|Rows:4
15:17:35.2 (1002431295)|SOQL_EXECUTE_BEGIN|[39]|Aggregations:0|SELECT Id, Account__c FROM AccountHub__c WHERE Hub_Building_Site__c = :tmpVar1
15:17:35.2 (1004175721)|SOQL_EXECUTE_END|[39]|Rows:0
15:17:35.2 (1004409177)|USER_DEBUG|[51]|DEBUG|accs {0019E00000FVy6CQAT}
15:17:35.2 (1004614380)|SOQL_EXECUTE_BEGIN|[52]|Aggregations:0|SELECT isActive, Id FROM User WHERE (AccountId__c = :tmpVar1 AND isActive = TRUE)
15:17:35.2 (1009110923)|SOQL_EXECUTE_END|[52]|Rows:0
15:17:35.2 (1009201517)|USER_DEBUG|[54]|DEBUG|users0 ()
15:17:35.2 (1009453509)|SOQL_EXECUTE_BEGIN|[55]|Aggregations:0|SELECT ParentId, Id, UserOrGroupId FROM Location__Share WHERE ParentId = :tmpVar1
15:17:35.2 (1011615329)|SOQL_EXECUTE_END|[55]|Rows:4
15:17:35.2 (1011766919)|USER_DEBUG|[57]|DEBUG|4 (Location__Share:{ParentId=a0B9E000000yryQUAQ, Id=02c9E00000cme5GQAQ, UserOrGroupId=00524000001e3UjAAI}, Location__Share:{ParentId=a0B9E000000yryRUAQ, Id=02c9E00000cme5HQAQ, UserOrGroupId=00524000001e3UjAAI}, Location__Share:{ParentId=a0B9E000000yrySUAQ, Id=02c9E00000cme5IQAQ, UserOrGroupId=00524000001e3UjAAI}, Location__Share:{ParentId=a0B9E000000yryTUAQ, Id=02c9E00000cme5JQAQ, UserOrGroupId=00524000001e3UjAAI})
15:17:35.2 (1011983122)|USER_DEBUG|[67]|DEBUG|shareByUserByTicket4 {a0B9E000000yryQUAQ={}, a0B9E000000yryRUAQ={}, a0B9E000000yrySUAQ={}, a0B9E000000yryTUAQ={}}
15:17:35.2 (1012075979)|USER_DEBUG|[77]|DEBUG|add sharings 0 ()
15:17:35.2 (1012916348)|SOQL_EXECUTE_BEGIN|[187]|Aggregations:0|SELECT Id, Name, Location__c, Location__r.Occupied__c, Location__r.Parent_Location__c, WWW_Detail__c FROM SublocationDetail__c WHERE Location__c = :tmpVar1
15:17:35.2 (1018297951)|SOQL_EXECUTE_END|[187]|Rows:4
15:17:35.2 (1019007361)|SOQL_EXECUTE_BEGIN|[141]|Aggregations:0|SELECT Id, Name, Project__c FROM WWW_Detail__c WHERE Id = :tmpVar1
15:17:35.2 (1021065278)|SOQL_EXECUTE_END|[141]|Rows:1
15:17:35.2 (1021428568)|SOQL_EXECUTE_BEGIN|[148]|Aggregations:0|SELECT Id, Name FROM Projecten__c WHERE Id = :tmpVar1
15:17:35.2 (1023945484)|SOQL_EXECUTE_END|[148]|Rows:1
15:17:35.2 (1024185535)|SOQL_EXECUTE_BEGIN|[149]|Aggregations:0|SELECT Id, Name, Project__c FROM WWW_Detail__c WHERE Project__c = :tmpVar1
15:17:35.2 (1026346044)|SOQL_EXECUTE_END|[149]|Rows:1
15:17:35.2 (1026961480)|SOQL_EXECUTE_BEGIN|[164]|Aggregations:0|SELECT Id, Name, Location__r.Occupied__c, Location__r.Parent_Location__c, WWW_Detail__c FROM SublocationDetail__c WHERE (Location__r.Occupied__c = TRUE AND Location__r.Parent_Location__c = NULL AND WWW_Detail__c = :tmpVar1)
15:17:35.2 (1032728562)|SOQL_EXECUTE_END|[164]|Rows:0
15:17:35.2 (1033030129)|USER_DEBUG|[191]|DEBUG|OBdeb subLocCount -->> 0
15:17:35.2 (1033082122)|DML_BEGIN|[194]|Op:Update|Type:Projecten__c|Rows:1
15:17:35.2 (1037493312)|CODE_UNIT_STARTED|[EXTERNAL]|01q24000000qIfI|ProjectTrigger on Projecten trigger event BeforeUpdate for [a0q9E0000002c7O]
15:17:35.2 (1037782463)|SYSTEM_MODE_ENTER|true
15:17:35.2 (1037815171)|SYSTEM_MODE_EXIT|true
15:17:35.2 (1038066217)|SOQL_EXECUTE_BEGIN|[89]|Aggregations:0|SELECT Name FROM Projecten__c WHERE Name = :tmpVar1
15:17:35.2 (1041832898)|SOQL_EXECUTE_END|[89]|Rows:1
15:17:35.41 (1041998225)|CUMULATIVE_LIMIT_USAGE
15:17:35.41 (1041998225)|LIMIT_USAGE_FOR_NS|(default)|
  Number of SOQL queries: 63 out of 100 ******* CLOSE TO LIMIT
  Number of query rows: 67 out of 50000
  Number of SOSL queries: 0 out of 20
  Number of DML statements: 22 out of 150
  Number of DML rows: 39 out of 10000
  Maximum CPU time: 6 out of 10000
  Maximum heap size: 0 out of 6000000
  Number of callouts: 0 out of 100
  Number of Email Invocations: 0 out of 10
  Number of future calls: 2 out of 50
  Number of queueable jobs added to the queue: 0 out of 50
  Number of Mobile Apex push calls: 0 out of 10

15:17:35.41 (1041998225)|CUMULATIVE_LIMIT_USAGE_END

15:17:35.2 (1042773863)|CODE_UNIT_FINISHED|ProjectTrigger on Projecten trigger event BeforeUpdate for [a0q9E0000002c7O]
15:17:35.2 (1051170069)|CODE_UNIT_STARTED|[EXTERNAL]|01q24000000qIfI|ProjectTrigger on Projecten trigger event AfterUpdate for [a0q9E0000002c7O]
15:17:35.2 (1051440782)|SYSTEM_MODE_ENTER|true
15:17:35.2 (1051471843)|SYSTEM_MODE_EXIT|true
15:17:35.2 (1051868844)|USER_DEBUG|[45]|DEBUG|(Projecten__c:{Id=a0q9E0000002c7OQAQ, OwnerId=00524000001e3UjAAI, IsDeleted=false, Name=testestest, CreatedDate=2017-06-21 13:17:34, CreatedById=00524000001e3UjAAI, LastModifiedDate=2017-06-21 13:17:35, LastModifiedById=00524000001e3UjAAI, SystemModstamp=2017-06-21 13:17:35, LastActivityDate=null, LastViewedDate=null, LastReferencedDate=null, Account__c=0019E00000FVy6CQAT, Project_omschrijving__c=null, SF_ID__c=null, Actueel_aantal_palletplaatsen__c=0, Aantal_palletplaatsen__c=0, Projectleider__c=null, Project_amscheyving__c=null})
15:17:35.2 (1052148074)|SOQL_EXECUTE_BEGIN|[57]|Aggregations:0|SELECT Id, Actueel_aantal_palletplaatsen1__c FROM Account WHERE id = :tmpVar1
15:17:35.2 (1056068747)|SOQL_EXECUTE_END|[57]|Rows:1
15:17:35.2 (1056341093)|USER_DEBUG|[80]|DEBUG|(Account:{Id=0019E00000FVy6CQAT, Actueel_aantal_palletplaatsen1__c=0})
15:17:35.2 (1056383318)|DML_BEGIN|[81]|Op:Update|Type:Account|Rows:1
15:17:35.2 (1068062876)|DML_END|[81]
15:17:35.68 (1068107976)|CUMULATIVE_LIMIT_USAGE
15:17:35.68 (1068107976)|LIMIT_USAGE_FOR_NS|(default)|
  Number of SOQL queries: 64 out of 100 ******* CLOSE TO LIMIT
  Number of query rows: 68 out of 50000
  Number of SOSL queries: 0 out of 20
  Number of DML statements: 23 out of 150
  Number of DML rows: 40 out of 10000
  Maximum CPU time: 6 out of 10000
  Maximum heap size: 0 out of 6000000
  Number of callouts: 0 out of 100
  Number of Email Invocations: 0 out of 10
  Number of future calls: 3 out of 50
  Number of queueable jobs added to the queue: 0 out of 50
  Number of Mobile Apex push calls: 0 out of 10

15:17:35.68 (1068107976)|CUMULATIVE_LIMIT_USAGE_END

15:17:35.2 (1068906425)|CODE_UNIT_FINISHED|ProjectTrigger on Projecten trigger event AfterUpdate for [a0q9E0000002c7O]
15:17:35.2 (1069012583)|DML_END|[194]
15:17:35.69 (1069051511)|CUMULATIVE_LIMIT_USAGE
15:17:35.69 (1069051511)|LIMIT_USAGE_FOR_NS|(default)|
  Number of SOQL queries: 64 out of 100 ******* CLOSE TO LIMIT
  Number of query rows: 68 out of 50000
  Number of SOSL queries: 0 out of 20
  Number of DML statements: 23 out of 150
  Number of DML rows: 40 out of 10000
  Maximum CPU time: 6 out of 10000
  Maximum heap size: 0 out of 6000000
  Number of callouts: 0 out of 100
  Number of Email Invocations: 0 out of 10
  Number of future calls: 3 out of 50
  Number of queueable jobs added to the queue: 0 out of 50
  Number of Mobile Apex push calls: 0 out of 10

15:17:35.69 (1069051511)|CUMULATIVE_LIMIT_USAGE_END

15:17:35.2 (1069770905)|CODE_UNIT_FINISHED|LocationTrigger on Location trigger event AfterUpdate for [a0B9E000000yryQ, a0B9E000000yryR, a0B9E000000yryS, a0B9E000000yryT]
15:17:35.2 (1069892783)|DML_END|[123]
15:17:35.2 (1070320797)|SOQL_EXECUTE_BEGIN|[141]|Aggregations:0|SELECT Id, Name, Project__c FROM WWW_Detail__c WHERE Id = :tmpVar1
15:17:35.2 (1071930712)|SOQL_EXECUTE_END|[141]|Rows:1
15:17:35.2 (1072194937)|SOQL_EXECUTE_BEGIN|[148]|Aggregations:0|SELECT Id, Name FROM Projecten__c WHERE Id = :tmpVar1
15:17:35.2 (1074609072)|SOQL_EXECUTE_END|[148]|Rows:1
15:17:35.2 (1074847299)|SOQL_EXECUTE_BEGIN|[149]|Aggregations:0|SELECT Id, Name, Project__c FROM WWW_Detail__c WHERE Project__c = :tmpVar1
15:17:35.2 (1076988602)|SOQL_EXECUTE_END|[149]|Rows:1
15:17:35.2 (1077502211)|SOQL_EXECUTE_BEGIN|[164]|Aggregations:0|SELECT Id, Name, Location__r.Occupied__c, Location__r.Parent_Location__c, WWW_Detail__c FROM SublocationDetail__c WHERE (Location__r.Occupied__c = TRUE AND Location__r.Parent_Location__c = NULL AND WWW_Detail__c = :tmpVar1)
15:17:35.2 (1083358780)|SOQL_EXECUTE_END|[164]|Rows:0
15:17:35.2 (1083599167)|USER_DEBUG|[191]|DEBUG|OBdeb subLocCount -->> 0
15:17:35.2 (1083667790)|DML_BEGIN|[194]|Op:Update|Type:Projecten__c|Rows:1
15:17:35.2 (1088112097)|CODE_UNIT_STARTED|[EXTERNAL]|01q24000000qIfI|ProjectTrigger on Projecten trigger event BeforeUpdate for [a0q9E0000002c7O]
15:17:35.2 (1088392028)|SYSTEM_MODE_ENTER|true
15:17:35.2 (1088427306)|SYSTEM_MODE_EXIT|true
15:17:35.2 (1088682947)|SOQL_EXECUTE_BEGIN|[89]|Aggregations:0|SELECT Name FROM Projecten__c WHERE Name = :tmpVar1
15:17:35.2 (1092512717)|SOQL_EXECUTE_END|[89]|Rows:1
15:17:35.92 (1092678214)|CUMULATIVE_LIMIT_USAGE
15:17:35.92 (1092678214)|LIMIT_USAGE_FOR_NS|(default)|
  Number of SOQL queries: 69 out of 100 ******* CLOSE TO LIMIT
  Number of query rows: 72 out of 50000
  Number of SOSL queries: 0 out of 20
  Number of DML statements: 24 out of 150
  Number of DML rows: 41 out of 10000
  Maximum CPU time: 6 out of 10000
  Maximum heap size: 0 out of 6000000
  Number of callouts: 0 out of 100
  Number of Email Invocations: 0 out of 10
  Number of future calls: 3 out of 50
  Number of queueable jobs added to the queue: 0 out of 50
  Number of Mobile Apex push calls: 0 out of 10

15:17:35.92 (1092678214)|CUMULATIVE_LIMIT_USAGE_END

15:17:35.2 (1093989115)|CODE_UNIT_FINISHED|ProjectTrigger on Projecten trigger event BeforeUpdate for [a0q9E0000002c7O]
15:17:35.2 (1103161705)|CODE_UNIT_STARTED|[EXTERNAL]|01q24000000qIfI|ProjectTrigger on Projecten trigger event AfterUpdate for [a0q9E0000002c7O]
15:17:35.2 (1103421979)|SYSTEM_MODE_ENTER|true
15:17:35.2 (1103452682)|SYSTEM_MODE_EXIT|true
15:17:35.2 (1103808504)|USER_DEBUG|[45]|DEBUG|(Projecten__c:{Id=a0q9E0000002c7OQAQ, OwnerId=00524000001e3UjAAI, IsDeleted=false, Name=testestest, CreatedDate=2017-06-21 13:17:34, CreatedById=00524000001e3UjAAI, LastModifiedDate=2017-06-21 13:17:35, LastModifiedById=00524000001e3UjAAI, SystemModstamp=2017-06-21 13:17:35, LastActivityDate=null, LastViewedDate=null, LastReferencedDate=null, Account__c=0019E00000FVy6CQAT, Project_omschrijving__c=null, SF_ID__c=null, Actueel_aantal_palletplaatsen__c=0, Aantal_palletplaatsen__c=0, Projectleider__c=null, Project_amscheyving__c=null})
15:17:35.2 (1104134262)|SOQL_EXECUTE_BEGIN|[57]|Aggregations:0|SELECT Id, Actueel_aantal_palletplaatsen1__c FROM Account WHERE id = :tmpVar1
15:17:35.2 (1107923305)|SOQL_EXECUTE_END|[57]|Rows:1
15:17:35.2 (1108206427)|USER_DEBUG|[80]|DEBUG|(Account:{Id=0019E00000FVy6CQAT, Actueel_aantal_palletplaatsen1__c=0})
15:17:35.2 (1108272930)|DML_BEGIN|[81]|Op:Update|Type:Account|Rows:1
15:17:35.2 (1117538228)|DML_END|[81]
15:17:35.117 (1117580867)|CUMULATIVE_LIMIT_USAGE
15:17:35.117 (1117580867)|LIMIT_USAGE_FOR_NS|(default)|
  Number of SOQL queries: 70 out of 100 ******* CLOSE TO LIMIT
  Number of query rows: 73 out of 50000
  Number of SOSL queries: 0 out of 20
  Number of DML statements: 25 out of 150
  Number of DML rows: 42 out of 10000
  Maximum CPU time: 6 out of 10000
  Maximum heap size: 0 out of 6000000
  Number of callouts: 0 out of 100
  Number of Email Invocations: 0 out of 10
  Number of future calls: 4 out of 50
  Number of queueable jobs added to the queue: 0 out of 50
  Number of Mobile Apex push calls: 0 out of 10

15:17:35.117 (1117580867)|CUMULATIVE_LIMIT_USAGE_END

15:17:35.2 (1118360331)|CODE_UNIT_FINISHED|ProjectTrigger on Projecten trigger event AfterUpdate for [a0q9E0000002c7O]
15:17:35.2 (1118467036)|DML_END|[194]
15:17:35.2 (1118644393)|USER_DEBUG|[272]|DEBUG|RUN manageRecordsForReport
15:17:35.2 (1121167698)|USER_DEBUG|[295]|DEBUG|OBDEB sublocDetailByWwwDetailId -->> {a0s9E0000006Vf8QAE=(SublocationDetail__c:{Id=a089E000001dWlwQAE, IsDeleted=false, Name=SD-9751, CreatedDate=2017-06-21 13:17:35, CreatedById=00524000001e3UjAAI, LastModifiedDate=2017-06-21 13:17:35, LastModifiedById=00524000001e3UjAAI, SystemModstamp=2017-06-21 13:17:35, Location__c=a0B9E000000yryQUAQ, Number_of_items__c=50, Number_of_items_work__c=null, Reserved__c=false, To_sum__c=true, WWW_Detail__c=a0s9E0000006Vf8QAE, WWW_Detail_r_RecordType_DeveloperName__c=Delivered_2_Hub, ProjectId__c=a0q9E0000002c7O, ProjectCode__c=testestest, WWWid__c=a0t9E0000006ASL}, SublocationDetail__c:{Id=a089E000001dWlxQAE, IsDeleted=false, Name=SD-9752, CreatedDate=2017-06-21 13:17:35, CreatedById=00524000001e3UjAAI, LastModifiedDate=2017-06-21 13:17:35, LastModifiedById=00524000001e3UjAAI, SystemModstamp=2017-06-21 13:17:35, Location__c=a0B9E000000yryRUAQ, Number_of_items__c=50, Number_of_items_work__c=null, Reserved__c=false, To_sum__c=true, WWW_Detail__c=a0s9E0000006Vf8QAE, WWW_Detail_r_RecordType_DeveloperName__c=Delivered_2_Hub, ProjectId__c=a0q9E0000002c7O, ProjectCode__c=testestest, WWWid__c=a0t9E0000006ASL}, SublocationDetail__c:{Id=a089E000001dWlyQAE, IsDeleted=false, Name=SD-9753, CreatedDate=2017-06-21 13:17:35, CreatedById=00524000001e3UjAAI, LastModifiedDate=2017-06-21 13:17:35, LastModifiedById=00524000001e3UjAAI, SystemModstamp=2017-06-21 13:17:35, Location__c=a0B9E000000yrySUAQ, Number_of_items__c=50, Number_of_items_work__c=null, Reserved__c=false, To_sum__c=true, WWW_Detail__c=a0s9E0000006Vf8QAE, WWW_Detail_r_RecordType_DeveloperName__c=Delivered_2_Hub, ProjectId__c=a0q9E0000002c7O, ProjectCode__c=testestest, WWWid__c=a0t9E0000006ASL}, SublocationDetail__c:{Id=a089E000001dWlzQAE, IsDeleted=false, Name=SD-9754, CreatedDate=2017-06-21 13:17:35, CreatedById=00524000001e3UjAAI, LastModifiedDate=2017-06-21 13:17:35, LastModifiedById=00524000001e3UjAAI, SystemModstamp=2017-06-21 13:17:35, Location__c=a0B9E000000yryTUAQ, Number_of_items__c=50, Number_of_items_work__c=null, Reserved__c=false, To_sum__c=true, WWW_Detail__c=a0s9E0000006Vf8QAE, WWW_Detail_r_RecordType_DeveloperName__c=Delivered_2_Hub, ProjectId__c=a0q9E0000002c7O, ProjectCode__c=testestest, WWWid__c=a0t9E0000006ASL})}
15:17:35.2 (1121435837)|SOQL_EXECUTE_BEGIN|[297]|Aggregations:0|SELECT Id, Name, Project__c FROM WWW_Detail__c WHERE Id = :tmpVar1
15:17:35.2 (1123380002)|SOQL_EXECUTE_END|[297]|Rows:1
15:17:35.2 (1123673950)|USER_DEBUG|[310]|DEBUG|OBDEB wwwDetailsByProjectId -->> {a0q9E0000002c7OQAQ=(WWW_Detail__c:{Id=a0s9E0000006Vf8QAE, Name=WWW-D-12813, Project__c=a0q9E0000002c7OQAQ})}
15:17:35.2 (1124009288)|USER_DEBUG|[327]|DEBUG|OBDEB locationIdsByProjectId -->> {a0q9E0000002c7OQAQ={a0B9E000000yryQUAQ, a0B9E000000yryRUAQ, a0B9E000000yrySUAQ, a0B9E000000yryTUAQ}}
15:17:35.2 (1124326462)|SOQL_EXECUTE_BEGIN|[332]|Aggregations:0|SELECT Project__c, Location__c FROM ProjectLocation__c WHERE Project__c = :tmpVar1
15:17:35.2 (1125518352)|SOQL_EXECUTE_END|[332]|Rows:0
15:17:35.2 (1126190502)|USER_DEBUG|[370]|DEBUG|OBDEB plToCreate -->> (ProjectLocation__c:{Project__c=a0q9E0000002c7OQAQ, Location__c=a0B9E000000yryQUAQ}, ProjectLocation__c:{Project__c=a0q9E0000002c7OQAQ, Location__c=a0B9E000000yryRUAQ}, ProjectLocation__c:{Project__c=a0q9E0000002c7OQAQ, Location__c=a0B9E000000yrySUAQ}, ProjectLocation__c:{Project__c=a0q9E0000002c7OQAQ, Location__c=a0B9E000000yryTUAQ})
15:17:35.2 (1126258458)|DML_BEGIN|[202]|Op:Insert|Type:ProjectLocation__c|Rows:4
15:17:35.2 (1143597971)|DML_END|[202]
15:17:35.2 (1143654256)|SYSTEM_MODE_EXIT|false
15:17:35.143 (1143674813)|CUMULATIVE_LIMIT_USAGE
15:17:35.143 (1143674813)|LIMIT_USAGE_FOR_NS|(default)|
  Number of SOQL queries: 72 out of 100 ******* CLOSE TO LIMIT
  Number of query rows: 74 out of 50000
  Number of SOSL queries: 0 out of 20
  Number of DML statements: 26 out of 150
  Number of DML rows: 46 out of 10000
  Maximum CPU time: 6 out of 10000
  Maximum heap size: 0 out of 6000000
  Number of callouts: 0 out of 100
  Number of Email Invocations: 0 out of 10
  Number of future calls: 4 out of 50
  Number of queueable jobs added to the queue: 0 out of 50
  Number of Mobile Apex push calls: 0 out of 10

15:17:35.143 (1143674813)|CUMULATIVE_LIMIT_USAGE_END

15:17:35.2 (1144801245)|CODE_UNIT_FINISHED|SubLocationDetailTrigger on SublocationDetail trigger event AfterInsert for [a089E000001dWlw, a089E000001dWlx, a089E000001dWly, a089E000001dWlz]
15:17:35.2 (1145790809)|DML_END|[53]
15:17:35.2 (1145818796)|SYSTEM_MODE_EXIT|false
15:17:35.145 (1145836497)|CUMULATIVE_LIMIT_USAGE
15:17:35.145 (1145836497)|LIMIT_USAGE_FOR_NS|(default)|
  Number of SOQL queries: 72 out of 100 ******* CLOSE TO LIMIT
  Number of query rows: 74 out of 50000
  Number of SOSL queries: 0 out of 20
  Number of DML statements: 26 out of 150
  Number of DML rows: 46 out of 10000
  Maximum CPU time: 6 out of 10000
  Maximum heap size: 0 out of 6000000
  Number of callouts: 0 out of 100
  Number of Email Invocations: 0 out of 10
  Number of future calls: 4 out of 50
  Number of queueable jobs added to the queue: 0 out of 50
  Number of Mobile Apex push calls: 0 out of 10

15:17:35.145 (1145836497)|CUMULATIVE_LIMIT_USAGE_END

15:17:35.2 (1145862210)|CODE_UNIT_FINISHED|ProjectItemsAfroepenControllerTest.setup
15:17:35.2 (1146949909)|EXECUTION_FINISHED
15:17:35.148 (1148523598)|USER_INFO|[EXTERNAL]|00524000001e3Uj|bedrijfsbureau@gsa.nl.sandbox|Midden-Europese standaardtijd|GMT+02:00
15:17:35.148 (1148540399)|EXECUTION_STARTED
15:17:35.148 (1148544441)|CODE_UNIT_STARTED|[EXTERNAL]|01p2400000DcTyQ|ProjectUtil.addShares
15:17:35.148 (1148850978)|SOQL_EXECUTE_BEGIN|[105]|Aggregations:0|SELECT Id, Account__c FROM Projecten__c WHERE id = :tmpVar1
15:17:35.148 (1151828210)|SOQL_EXECUTE_END|[105]|Rows:1
15:17:35.148 (1152240681)|SOQL_EXECUTE_BEGIN|[112]|Aggregations:0|SELECT Id, AccountId__c FROM User WHERE (AccountId__c = :tmpVar1 AND isActive = TRUE)
15:17:35.148 (1156729866)|SOQL_EXECUTE_END|[112]|Rows:0
15:17:35.148 (1157121840)|SOQL_EXECUTE_BEGIN|[123]|Aggregations:0|SELECT Id FROM Projecten__Share WHERE ParentId = :tmpVar1
15:17:35.148 (1160560583)|SOQL_EXECUTE_END|[123]|Rows:1
15:17:35.148 (1160714207)|DML_BEGIN|[125]|Op:Delete|Type:Projecten__Share|Rows:1
15:17:35.148 (1168958381)|DML_END|[125]
15:17:35.148 (1169156516)|USER_DEBUG|[132]|DEBUG|null
15:17:35.148 (1169295213)|USER_DEBUG|[143]|DEBUG|toInsert ()
15:17:35.169 (1169309456)|CUMULATIVE_LIMIT_USAGE
15:17:35.169 (1169309456)|LIMIT_USAGE_FOR_NS|(default)|
  Number of SOQL queries: 3 out of 200
  Number of query rows: 2 out of 50000
  Number of SOSL queries: 0 out of 20
  Number of DML statements: 1 out of 150
  Number of DML rows: 1 out of 10000
  Maximum CPU time: 0 out of 60000
  Maximum heap size: 0 out of 12000000
  Number of callouts: 0 out of 100
  Number of Email Invocations: 0 out of 10
  Number of future calls: 0 out of 50
  Number of queueable jobs added to the queue: 0 out of 1
  Number of Mobile Apex push calls: 0 out of 10

15:17:35.169 (1169309456)|CUMULATIVE_LIMIT_USAGE_END

15:17:35.148 (1169341023)|CODE_UNIT_FINISHED|ProjectUtil.addShares
15:17:35.148 (1170118262)|EXECUTION_FINISHED
15:17:35.171 (1171701203)|USER_INFO|[EXTERNAL]|00524000001e3Uj|bedrijfsbureau@gsa.nl.sandbox|Midden-Europese standaardtijd|GMT+02:00
15:17:35.171 (1171717093)|EXECUTION_STARTED
15:17:35.171 (1171719809)|CODE_UNIT_STARTED|[EXTERNAL]|01p2400000DcTyQ|ProjectUtil.addShares
15:17:35.171 (1171949744)|SOQL_EXECUTE_BEGIN|[105]|Aggregations:0|SELECT Id, Account__c FROM Projecten__c WHERE id = :tmpVar1
15:17:35.171 (1174360737)|SOQL_EXECUTE_END|[105]|Rows:1
15:17:35.171 (1174679850)|SOQL_EXECUTE_BEGIN|[112]|Aggregations:0|SELECT Id, AccountId__c FROM User WHERE (AccountId__c = :tmpVar1 AND isActive = TRUE)
15:17:35.171 (1178915846)|SOQL_EXECUTE_END|[112]|Rows:0
15:17:35.171 (1179198002)|SOQL_EXECUTE_BEGIN|[123]|Aggregations:0|SELECT Id FROM Projecten__Share WHERE ParentId = :tmpVar1
15:17:35.171 (1182226934)|SOQL_EXECUTE_END|[123]|Rows:1
15:17:35.171 (1182300370)|DML_BEGIN|[125]|Op:Delete|Type:Projecten__Share|Rows:1
15:17:35.171 (1188728720)|DML_END|[125]
15:17:35.171 (1188803927)|USER_DEBUG|[132]|DEBUG|null
15:17:35.171 (1188887074)|USER_DEBUG|[143]|DEBUG|toInsert ()
15:17:35.188 (1188899762)|CUMULATIVE_LIMIT_USAGE
15:17:35.188 (1188899762)|LIMIT_USAGE_FOR_NS|(default)|
  Number of SOQL queries: 3 out of 200
  Number of query rows: 2 out of 50000
  Number of SOSL queries: 0 out of 20
  Number of DML statements: 1 out of 150
  Number of DML rows: 1 out of 10000
  Maximum CPU time: 0 out of 60000
  Maximum heap size: 0 out of 12000000
  Number of callouts: 0 out of 100
  Number of Email Invocations: 0 out of 10
  Number of future calls: 0 out of 50
  Number of queueable jobs added to the queue: 0 out of 1
  Number of Mobile Apex push calls: 0 out of 10

15:17:35.188 (1188899762)|CUMULATIVE_LIMIT_USAGE_END

15:17:35.171 (1188931816)|CODE_UNIT_FINISHED|ProjectUtil.addShares
15:17:35.171 (1189860437)|EXECUTION_FINISHED
15:17:35.192 (1192057820)|USER_INFO|[EXTERNAL]|00524000001e3Uj|bedrijfsbureau@gsa.nl.sandbox|Midden-Europese standaardtijd|GMT+02:00
15:17:35.192 (1192075079)|EXECUTION_STARTED
15:17:35.192 (1192077764)|CODE_UNIT_STARTED|[EXTERNAL]|01p2400000DcTyQ|ProjectUtil.addShares
15:17:35.192 (1192301430)|SOQL_EXECUTE_BEGIN|[105]|Aggregations:0|SELECT Id, Account__c FROM Projecten__c WHERE id = :tmpVar1
15:17:35.192 (1194659946)|SOQL_EXECUTE_END|[105]|Rows:1
15:17:35.192 (1194971488)|SOQL_EXECUTE_BEGIN|[112]|Aggregations:0|SELECT Id, AccountId__c FROM User WHERE (AccountId__c = :tmpVar1 AND isActive = TRUE)
15:17:35.192 (1199366731)|SOQL_EXECUTE_END|[112]|Rows:0
15:17:35.192 (1199637098)|SOQL_EXECUTE_BEGIN|[123]|Aggregations:0|SELECT Id FROM Projecten__Share WHERE ParentId = :tmpVar1
15:17:35.192 (1202727277)|SOQL_EXECUTE_END|[123]|Rows:1
15:17:35.192 (1202806292)|DML_BEGIN|[125]|Op:Delete|Type:Projecten__Share|Rows:1
15:17:35.192 (1208424280)|DML_END|[125]
15:17:35.192 (1208523138)|USER_DEBUG|[132]|DEBUG|null
15:17:35.192 (1208618912)|USER_DEBUG|[143]|DEBUG|toInsert ()
15:17:35.208 (1208635864)|CUMULATIVE_LIMIT_USAGE
15:17:35.208 (1208635864)|LIMIT_USAGE_FOR_NS|(default)|
  Number of SOQL queries: 3 out of 200
  Number of query rows: 2 out of 50000
  Number of SOSL queries: 0 out of 20
  Number of DML statements: 1 out of 150
  Number of DML rows: 1 out of 10000
  Maximum CPU time: 0 out of 60000
  Maximum heap size: 0 out of 12000000
  Number of callouts: 0 out of 100
  Number of Email Invocations: 0 out of 10
  Number of future calls: 0 out of 50
  Number of queueable jobs added to the queue: 0 out of 1
  Number of Mobile Apex push calls: 0 out of 10

15:17:35.208 (1208635864)|CUMULATIVE_LIMIT_USAGE_END

15:17:35.192 (1208678205)|CODE_UNIT_FINISHED|ProjectUtil.addShares
15:17:35.192 (1209584069)|EXECUTION_FINISHED
15:17:35.211 (1211317002)|USER_INFO|[EXTERNAL]|00524000001e3Uj|bedrijfsbureau@gsa.nl.sandbox|Midden-Europese standaardtijd|GMT+02:00
15:17:35.211 (1211333658)|EXECUTION_STARTED
15:17:35.211 (1211337157)|CODE_UNIT_STARTED|[EXTERNAL]|01p2400000DcTyQ|ProjectUtil.addShares
15:17:35.211 (1211579315)|SOQL_EXECUTE_BEGIN|[105]|Aggregations:0|SELECT Id, Account__c FROM Projecten__c WHERE id = :tmpVar1
15:17:35.211 (1214050702)|SOQL_EXECUTE_END|[105]|Rows:1
15:17:35.211 (1214368041)|SOQL_EXECUTE_BEGIN|[112]|Aggregations:0|SELECT Id, AccountId__c FROM User WHERE (AccountId__c = :tmpVar1 AND isActive = TRUE)
15:17:35.211 (1220045052)|SOQL_EXECUTE_END|[112]|Rows:0
15:17:35.211 (1220329243)|SOQL_EXECUTE_BEGIN|[123]|Aggregations:0|SELECT Id FROM Projecten__Share WHERE ParentId = :tmpVar1
15:17:35.211 (1223373672)|SOQL_EXECUTE_END|[123]|Rows:1
15:17:35.211 (1223452175)|DML_BEGIN|[125]|Op:Delete|Type:Projecten__Share|Rows:1
15:17:35.211 (1229817763)|DML_END|[125]
15:17:35.211 (1229963738)|USER_DEBUG|[132]|DEBUG|null
15:17:35.211 (1230116896)|USER_DEBUG|[143]|DEBUG|toInsert ()
15:17:35.230 (1230140128)|CUMULATIVE_LIMIT_USAGE
15:17:35.230 (1230140128)|LIMIT_USAGE_FOR_NS|(default)|
  Number of SOQL queries: 3 out of 200
  Number of query rows: 2 out of 50000
  Number of SOSL queries: 0 out of 20
  Number of DML statements: 1 out of 150
  Number of DML rows: 1 out of 10000
  Maximum CPU time: 0 out of 60000
  Maximum heap size: 0 out of 12000000
  Number of callouts: 0 out of 100
  Number of Email Invocations: 0 out of 10
  Number of future calls: 0 out of 50
  Number of queueable jobs added to the queue: 0 out of 1
  Number of Mobile Apex push calls: 0 out of 10

15:17:35.230 (1230140128)|CUMULATIVE_LIMIT_USAGE_END

15:17:35.211 (1230188781)|CODE_UNIT_FINISHED|ProjectUtil.addShares
15:17:35.211 (1231039591)|EXECUTION_FINISHED
15:17:35.235 (1235825614)|USER_INFO|[EXTERNAL]|00524000001e3Uj|bedrijfsbureau@gsa.nl.sandbox|Midden-Europese standaardtijd|GMT+02:00
15:17:35.235 (1235845468)|EXECUTION_STARTED
15:17:35.235 (1235849273)|CODE_UNIT_STARTED|[EXTERNAL]|01p9E0000005jM5|ProjectItemsAfroepenControllerTest.test_AfroepenItemsCycle
15:17:35.235 (1237839600)|SYSTEM_MODE_ENTER|false
15:17:35.235 (1237857184)|SYSTEM_MODE_EXIT|false
15:17:35.235 (1237973720)|SYSTEM_MODE_ENTER|false
15:17:35.235 (1238146951)|SYSTEM_MODE_EXIT|false
15:17:35.235 (1238192732)|SYSTEM_MODE_ENTER|false
15:17:35.235 (1238228166)|SYSTEM_MODE_EXIT|false
15:17:35.235 (1238249355)|SYSTEM_MODE_ENTER|false
15:17:35.235 (1238261612)|SYSTEM_MODE_EXIT|false
15:17:35.235 (1238279635)|SYSTEM_MODE_ENTER|false
15:17:35.235 (1238294320)|SYSTEM_MODE_EXIT|false
15:17:35.235 (1238376502)|SYSTEM_MODE_ENTER|false
15:17:35.235 (1240217773)|SYSTEM_MODE_EXIT|false
15:17:35.235 (1240288318)|SYSTEM_MODE_ENTER|false
15:17:35.235 (1240598493)|SOQL_EXECUTE_BEGIN|[82]|Aggregations:0|SELECT Id, Name FROM Projecten__c WHERE Name LIKE :tmpVar1 LIMIT 5
15:17:35.235 (1247730745)|SOQL_EXECUTE_END|[82]|Rows:1
15:17:35.235 (1247891827)|SYSTEM_MODE_EXIT|false
15:17:35.235 (1247914377)|SYSTEM_MODE_ENTER|false
15:17:35.235 (1247921785)|SYSTEM_MODE_EXIT|false
15:17:35.235 (1247969559)|SYSTEM_MODE_ENTER|false
15:17:35.235 (1247975666)|SYSTEM_MODE_EXIT|false
15:17:35.235 (1248039628)|SYSTEM_MODE_ENTER|false
15:17:35.235 (1248712628)|SOQL_EXECUTE_BEGIN|[97]|Aggregations:0|SELECT Id, Name, Project__c, Hub_Building_Site__c, Hub_Building_Site__r.Name, Curr_Items_To_Invoke__c, Item__c, Item__r.Name, Item__r.Staat__c, Item__r.Sizes__c, Item__r.Diameter__c, Item__r.Merk__c, Item__r.Materiaal__c, Item__r.Kleur__c, Item__r.Kind_Of_Packages__c FROM WWW__c WHERE Project__c = :tmpVar1
15:17:35.235 (1257652812)|SOQL_EXECUTE_END|[97]|Rows:1
15:17:35.235 (1258407518)|USER_DEBUG|[110]|DEBUG|(ItemsList:[ASCENDING=ASCENDING, SortDirection=null, SortField=null, isSelected=false, itemsToInvoke=null, show=true, wwwRecord=WWW__c:{Id=a0t9E0000006ASLQA2, Name=WWW-14084, Project__c=a0q9E0000002c7OQAQ, Hub_Building_Site__c=a029E000003AewGQAS, Curr_Items_To_Invoke__c=50, Item__c=a0A9E000001fovBUAQ}])
15:17:35.235 (1258426127)|SYSTEM_MODE_EXIT|false
15:17:35.235 (1258520525)|SYSTEM_MODE_ENTER|false
15:17:35.235 (1258678747)|SYSTEM_MODE_EXIT|false
15:17:35.235 (1258821189)|SYSTEM_MODE_ENTER|false
15:17:35.235 (1258881058)|USER_DEBUG|[126]|DEBUG|deliveryDate -->> 2017-06-24 00:00:00
15:17:35.235 (1259243961)|SOQL_EXECUTE_BEGIN|[145]|Aggregations:0|SELECT Id, Name FROM RecordType WHERE (sObjectType = 'WWW_Detail__c' AND DeveloperName = 'Invoked') LIMIT 1
15:17:35.235 (1263127592)|SOQL_EXECUTE_END|[145]|Rows:1
15:17:35.235 (1263487369)|USER_DEBUG|[148]|DEBUG|dateOfDelivery -->> 2017-06-24 06:00:00
15:17:35.235 (1264031108)|DML_BEGIN|[163]|Op:Insert|Type:WWW_Detail__c|Rows:1
15:17:35.235 (1267737322)|CODE_UNIT_STARTED|[EXTERNAL]|01q2400000133Bx|WWWDetailTrigger on WWW_Detail trigger event BeforeInsert for [new]
15:17:35.235 (1268372691)|SOQL_EXECUTE_BEGIN|[358]|Aggregations:0|SELECT Id FROM RecordType WHERE (DeveloperName = 'Invoked' AND SobjectType = 'WWW_detail__c')
15:17:35.235 (1271073343)|SOQL_EXECUTE_END|[358]|Rows:1
15:17:35.235 (1271276832)|SOQL_EXECUTE_BEGIN|[359]|Aggregations:0|SELECT Id FROM RecordType WHERE (DeveloperName = 'Delivered_2_Project' AND SobjectType = 'WWW_detail__c')
15:17:35.235 (1273872268)|SOQL_EXECUTE_END|[359]|Rows:1
15:17:35.235 (1274170696)|SOQL_EXECUTE_BEGIN|[361]|Aggregations:0|SELECT Id, Curr_Items_To_Be_Delivered_On_Hub__c, Curr_Items_To_Be_Delivered_On_Project__c, Curr_Items_To_Invoke__c, Curr_Items_To_Invoke_Incl_Rejected__c, Can_be_delivered__c FROM WWW__c WHERE id = :tmpVar1
15:17:35.235 (1278060394)|SOQL_EXECUTE_END|[361]|Rows:1
15:17:35.235 (1278382839)|FATAL_ERROR|System.NullPointerException: Attempt to de-reference a null object

Class.WWWDetailUtil.checkAvailability: line 380, column 1
Class.WWWDetailUtil.entry: line 13, column 1
Trigger.WWWDetailTrigger: line 8, column 1
15:17:35.235 (1278397025)|FATAL_ERROR|System.NullPointerException: Attempt to de-reference a null object

Class.WWWDetailUtil.checkAvailability: line 380, column 1
Class.WWWDetailUtil.entry: line 13, column 1
Trigger.WWWDetailTrigger: line 8, column 1
15:17:35.278 (1278446168)|CUMULATIVE_LIMIT_USAGE
15:17:35.278 (1278446168)|LIMIT_USAGE_FOR_NS|(default)|
  Number of SOQL queries: 72 out of 100 ******* CLOSE TO LIMIT
  Number of query rows: 74 out of 50000
  Number of SOSL queries: 0 out of 20
  Number of DML statements: 26 out of 150
  Number of DML rows: 46 out of 10000
  Maximum CPU time: 6 out of 10000
  Maximum heap size: 0 out of 6000000
  Number of callouts: 0 out of 100
  Number of Email Invocations: 0 out of 10
  Number of future calls: 4 out of 50
  Number of queueable jobs added to the queue: 0 out of 50
  Number of Mobile Apex push calls: 0 out of 10

15:17:35.278 (1278446168)|TESTING_LIMITS
15:17:35.278 (1278446168)|LIMIT_USAGE_FOR_NS|(default)|
  Number of SOQL queries: 6 out of 100
  Number of query rows: 6 out of 50000
  Number of SOSL queries: 0 out of 20
  Number of DML statements: 1 out of 150
  Number of DML rows: 1 out of 10000
  Maximum CPU time: 0 out of 10000
  Maximum heap size: 0 out of 6000000
  Number of callouts: 0 out of 100
  Number of Email Invocations: 0 out of 10
  Number of future calls: 0 out of 50
  Number of queueable jobs added to the queue: 0 out of 50
  Number of Mobile Apex push calls: 0 out of 10

15:17:35.278 (1278446168)|CUMULATIVE_LIMIT_USAGE_END

15:17:35.235 (1279248091)|CODE_UNIT_FINISHED|WWWDetailTrigger on WWW_Detail trigger event BeforeInsert for [new]
15:17:35.235 (1280530060)|DML_END|[163]
15:17:35.235 (1280696863)|EXCEPTION_THROWN|[163]|System.DmlException: Insert failed. First exception on row 0; first error: CANNOT_INSERT_UPDATE_ACTIVATE_ENTITY, WWWDetailTrigger: execution of BeforeInsert

caused by: System.NullPointerException: Attempt to de-reference a null object

Class.WWWDetailUtil.checkAvailability: line 380, column 1
Class.WWWDetailUtil.entry: line 13, column 1
Trigger.WWWDetailTrigger: line 8, column 1: []
15:17:35.235 (1281101248)|SYSTEM_MODE_EXIT|false
15:17:35.235 (1281276539)|FATAL_ERROR|System.DmlException: Insert failed. First exception on row 0; first error: CANNOT_INSERT_UPDATE_ACTIVATE_ENTITY, WWWDetailTrigger: execution of BeforeInsert

caused by: System.NullPointerException: Attempt to de-reference a null object

Class.WWWDetailUtil.checkAvailability: line 380, column 1
Class.WWWDetailUtil.entry: line 13, column 1
Trigger.WWWDetailTrigger: line 8, column 1: []

Class.ProjectItemsAfroepenController.finishAfroepenItems: line 163, column 1
Class.ProjectItemsAfroepenControllerTest.test_AfroepenItemsCycle: line 51, column 1
15:17:35.235 (1281297894)|FATAL_ERROR|System.DmlException: Insert failed. First exception on row 0; first error: CANNOT_INSERT_UPDATE_ACTIVATE_ENTITY, WWWDetailTrigger: execution of BeforeInsert

caused by: System.NullPointerException: Attempt to de-reference a null object

Class.WWWDetailUtil.checkAvailability: line 380, column 1
Class.WWWDetailUtil.entry: line 13, column 1
Trigger.WWWDetailTrigger: line 8, column 1: []

Class.ProjectItemsAfroepenController.finishAfroepenItems: line 163, column 1
Class.ProjectItemsAfroepenControllerTest.test_AfroepenItemsCycle: line 51, column 1
15:17:35.281 (1281310835)|CUMULATIVE_LIMIT_USAGE
15:17:35.281 (1281310835)|LIMIT_USAGE_FOR_NS|(default)|
  Number of SOQL queries: 72 out of 100 ******* CLOSE TO LIMIT
  Number of query rows: 74 out of 50000
  Number of SOSL queries: 0 out of 20
  Number of DML statements: 26 out of 150
  Number of DML rows: 46 out of 10000
  Maximum CPU time: 6 out of 10000
  Maximum heap size: 0 out of 6000000
  Number of callouts: 0 out of 100
  Number of Email Invocations: 0 out of 10
  Number of future calls: 4 out of 50
  Number of queueable jobs added to the queue: 0 out of 50
  Number of Mobile Apex push calls: 0 out of 10

15:17:35.281 (1281310835)|TESTING_LIMITS
15:17:35.281 (1281310835)|LIMIT_USAGE_FOR_NS|(default)|
  Number of SOQL queries: 3 out of 100
  Number of query rows: 3 out of 50000
  Number of SOSL queries: 0 out of 20
  Number of DML statements: 1 out of 150
  Number of DML rows: 1 out of 10000
  Maximum CPU time: 0 out of 10000
  Maximum heap size: 0 out of 6000000
  Number of callouts: 0 out of 100
  Number of Email Invocations: 0 out of 10
  Number of future calls: 0 out of 50
  Number of queueable jobs added to the queue: 0 out of 50
  Number of Mobile Apex push calls: 0 out of 10

15:17:35.281 (1281310835)|CUMULATIVE_LIMIT_USAGE_END

15:17:35.235 (1281341785)|CODE_UNIT_FINISHED|ProjectItemsAfroepenControllerTest.test_AfroepenItemsCycle
15:17:35.235 (1282837009)|EXECUTION_FINISHED
15:17:35.323 (1323947871)|USER_INFO|[EXTERNAL]|00524000001e3Uj|bedrijfsbureau@gsa.nl.sandbox|Midden-Europese standaardtijd|GMT+02:00
15:17:35.323 (1323972709)|EXECUTION_STARTED
15:17:35.323 (1323977245)|CODE_UNIT_STARTED|[EXTERNAL]|01p9E0000005jM5|ProjectItemsAfroepenControllerTest.test_deliveryDateNotSet
15:17:35.323 (1325900158)|SYSTEM_MODE_ENTER|false
15:17:35.323 (1325913060)|SYSTEM_MODE_EXIT|false
15:17:35.323 (1325951386)|SYSTEM_MODE_ENTER|false
15:17:35.323 (1325998256)|SYSTEM_MODE_EXIT|false
15:17:35.323 (1326039539)|SYSTEM_MODE_ENTER|false
15:17:35.323 (1327394170)|SYSTEM_MODE_EXIT|false
15:17:35.323 (1327440575)|SYSTEM_MODE_ENTER|false
15:17:35.323 (1327698223)|SOQL_EXECUTE_BEGIN|[82]|Aggregations:0|SELECT Id, Name FROM Projecten__c WHERE Name LIKE :tmpVar1 LIMIT 5
15:17:35.323 (1334723892)|SOQL_EXECUTE_END|[82]|Rows:1
15:17:35.323 (1334876779)|SYSTEM_MODE_EXIT|false
15:17:35.323 (1334905484)|SYSTEM_MODE_ENTER|false
15:17:35.323 (1334911312)|SYSTEM_MODE_EXIT|false
15:17:35.323 (1334958223)|SYSTEM_MODE_ENTER|false
15:17:35.323 (1334963760)|SYSTEM_MODE_EXIT|false
15:17:35.323 (1335017782)|SYSTEM_MODE_ENTER|false
15:17:35.323 (1335566511)|SOQL_EXECUTE_BEGIN|[97]|Aggregations:0|SELECT Id, Name, Project__c, Hub_Building_Site__c, Hub_Building_Site__r.Name, Curr_Items_To_Invoke__c, Item__c, Item__r.Name, Item__r.Staat__c, Item__r.Sizes__c, Item__r.Diameter__c, Item__r.Merk__c, Item__r.Materiaal__c, Item__r.Kleur__c, Item__r.Kind_Of_Packages__c FROM WWW__c WHERE Project__c = :tmpVar1
15:17:35.323 (1342911429)|SOQL_EXECUTE_END|[97]|Rows:1
15:17:35.323 (1343456777)|USER_DEBUG|[110]|DEBUG|(ItemsList:[ASCENDING=ASCENDING, SortDirection=null, SortField=null, isSelected=false, itemsToInvoke=null, show=true, wwwRecord=WWW__c:{Id=a0t9E0000006ASLQA2, Name=WWW-14084, Project__c=a0q9E0000002c7OQAQ, Hub_Building_Site__c=a029E000003AewGQAS, Curr_Items_To_Invoke__c=50, Item__c=a0A9E000001fovBUAQ}])
15:17:35.323 (1343479825)|SYSTEM_MODE_EXIT|false
15:17:35.323 (1343581135)|SYSTEM_MODE_ENTER|false
15:17:35.323 (1343656740)|SYSTEM_MODE_EXIT|false
15:17:35.323 (1343743864)|SYSTEM_MODE_ENTER|false
15:17:35.323 (1343785438)|USER_DEBUG|[126]|DEBUG|deliveryDate -->> null
15:17:35.323 (1347675883)|USER_DEBUG|[138]|DEBUG|ERROR -->> Preferred Delivery Time is required field <br/>
15:17:35.323 (1347860783)|VF_PAGE_MESSAGE|Preferred Delivery Time is required field <br/>
15:17:35.323 (1347873747)|SYSTEM_MODE_EXIT|false
15:17:35.349 (1349181128)|CUMULATIVE_LIMIT_USAGE
15:17:35.349 (1349181128)|LIMIT_USAGE_FOR_NS|(default)|
  Number of SOQL queries: 72 out of 100 ******* CLOSE TO LIMIT
  Number of query rows: 74 out of 50000
  Number of SOSL queries: 0 out of 20
  Number of DML statements: 26 out of 150
  Number of DML rows: 46 out of 10000
  Maximum CPU time: 6 out of 10000
  Maximum heap size: 0 out of 6000000
  Number of callouts: 0 out of 100
  Number of Email Invocations: 0 out of 10
  Number of future calls: 4 out of 50
  Number of queueable jobs added to the queue: 0 out of 50
  Number of Mobile Apex push calls: 0 out of 10

15:17:35.349 (1349181128)|TESTING_LIMITS
15:17:35.349 (1349181128)|LIMIT_USAGE_FOR_NS|(default)|
  Number of SOQL queries: 2 out of 100
  Number of query rows: 2 out of 50000
  Number of SOSL queries: 0 out of 20
  Number of DML statements: 0 out of 150
  Number of DML rows: 0 out of 10000
  Maximum CPU time: 0 out of 10000
  Maximum heap size: 0 out of 6000000
  Number of callouts: 0 out of 100
  Number of Email Invocations: 0 out of 10
  Number of future calls: 0 out of 50
  Number of queueable jobs added to the queue: 0 out of 50
  Number of Mobile Apex push calls: 0 out of 10

15:17:35.349 (1349181128)|CUMULATIVE_LIMIT_USAGE_END

15:17:35.323 (1349227710)|CODE_UNIT_FINISHED|ProjectItemsAfroepenControllerTest.test_deliveryDateNotSet
15:17:35.323 (1350075382)|EXECUTION_FINISHED
15:17:35.375 (1375985710)|USER_INFO|[EXTERNAL]|00524000001e3Uj|bedrijfsbureau@gsa.nl.sandbox|Midden-Europese standaardtijd|GMT+02:00
15:17:35.375 (1376006876)|EXECUTION_STARTED
15:17:35.375 (1376011094)|CODE_UNIT_STARTED|[EXTERNAL]|01p9E0000005jM5|ProjectItemsAfroepenControllerTest.test_numberOfItemsAfroepenBad
15:17:35.375 (1377715226)|SYSTEM_MODE_ENTER|false
15:17:35.375 (1377727313)|SYSTEM_MODE_EXIT|false
15:17:35.375 (1377766197)|SYSTEM_MODE_ENTER|false
15:17:35.375 (1377815071)|SYSTEM_MODE_EXIT|false
15:17:35.375 (1377854390)|SYSTEM_MODE_ENTER|false
15:17:35.375 (1379389659)|SYSTEM_MODE_EXIT|false
15:17:35.375 (1379440760)|SYSTEM_MODE_ENTER|false
15:17:35.375 (1379714851)|SOQL_EXECUTE_BEGIN|[82]|Aggregations:0|SELECT Id, Name FROM Projecten__c WHERE Name LIKE :tmpVar1 LIMIT 5
15:17:35.375 (1386560495)|SOQL_EXECUTE_END|[82]|Rows:1
15:17:35.375 (1386716666)|SYSTEM_MODE_EXIT|false
15:17:35.375 (1386743208)|SYSTEM_MODE_ENTER|false
15:17:35.375 (1386749314)|SYSTEM_MODE_EXIT|false
15:17:35.375 (1386798691)|SYSTEM_MODE_ENTER|false
15:17:35.375 (1386804877)|SYSTEM_MODE_EXIT|false
15:17:35.375 (1386856732)|SYSTEM_MODE_ENTER|false
15:17:35.375 (1387485095)|SOQL_EXECUTE_BEGIN|[97]|Aggregations:0|SELECT Id, Name, Project__c, Hub_Building_Site__c, Hub_Building_Site__r.Name, Curr_Items_To_Invoke__c, Item__c, Item__r.Name, Item__r.Staat__c, Item__r.Sizes__c, Item__r.Diameter__c, Item__r.Merk__c, Item__r.Materiaal__c, Item__r.Kleur__c, Item__r.Kind_Of_Packages__c FROM WWW__c WHERE Project__c = :tmpVar1
15:17:35.375 (1394679820)|SOQL_EXECUTE_END|[97]|Rows:1
15:17:35.375 (1395114626)|USER_DEBUG|[110]|DEBUG|(ItemsList:[ASCENDING=ASCENDING, SortDirection=null, SortField=null, isSelected=false, itemsToInvoke=null, show=true, wwwRecord=WWW__c:{Id=a0t9E0000006ASLQA2, Name=WWW-14084, Project__c=a0q9E0000002c7OQAQ, Hub_Building_Site__c=a029E000003AewGQAS, Curr_Items_To_Invoke__c=50, Item__c=a0A9E000001fovBUAQ}])
15:17:35.375 (1395133914)|SYSTEM_MODE_EXIT|false
15:17:35.375 (1395228528)|SYSTEM_MODE_ENTER|false
15:17:35.375 (1395294426)|SYSTEM_MODE_EXIT|false
15:17:35.375 (1395412675)|SYSTEM_MODE_ENTER|false
15:17:35.375 (1395462173)|USER_DEBUG|[126]|DEBUG|deliveryDate -->> 2017-06-24 00:00:00
15:17:35.375 (1395672132)|USER_DEBUG|[138]|DEBUG|ERROR -->> Aantal items for TestItem item should be > 0 <br/>
15:17:35.375 (1395799913)|VF_PAGE_MESSAGE|Aantal items for TestItem item should be > 0 <br/>
15:17:35.375 (1395810024)|SYSTEM_MODE_EXIT|false
15:17:35.375 (1395922168)|SYSTEM_MODE_ENTER|false
15:17:35.375 (1395952186)|USER_DEBUG|[126]|DEBUG|deliveryDate -->> 2017-06-24 00:00:00
15:17:35.375 (1396085730)|USER_DEBUG|[138]|DEBUG|ERROR -->> Max aantal items for TestItem item is 50 <br/>
15:17:35.375 (1396122776)|VF_PAGE_MESSAGE|Max aantal items for TestItem item is 50 <br/>
15:17:35.375 (1396130906)|SYSTEM_MODE_EXIT|false
15:17:35.397 (1397371529)|CUMULATIVE_LIMIT_USAGE
15:17:35.397 (1397371529)|LIMIT_USAGE_FOR_NS|(default)|
  Number of SOQL queries: 72 out of 100 ******* CLOSE TO LIMIT
  Number of query rows: 74 out of 50000
  Number of SOSL queries: 0 out of 20
  Number of DML statements: 26 out of 150
  Number of DML rows: 46 out of 10000
  Maximum CPU time: 6 out of 10000
  Maximum heap size: 0 out of 6000000
  Number of callouts: 0 out of 100
  Number of Email Invocations: 0 out of 10
  Number of future calls: 4 out of 50
  Number of queueable jobs added to the queue: 0 out of 50
  Number of Mobile Apex push calls: 0 out of 10

15:17:35.397 (1397371529)|TESTING_LIMITS
15:17:35.397 (1397371529)|LIMIT_USAGE_FOR_NS|(default)|
  Number of SOQL queries: 2 out of 100
  Number of query rows: 2 out of 50000
  Number of SOSL queries: 0 out of 20
  Number of DML statements: 0 out of 150
  Number of DML rows: 0 out of 10000
  Maximum CPU time: 0 out of 10000
  Maximum heap size: 0 out of 6000000
  Number of callouts: 0 out of 100
  Number of Email Invocations: 0 out of 10
  Number of future calls: 0 out of 50
  Number of queueable jobs added to the queue: 0 out of 50
  Number of Mobile Apex push calls: 0 out of 10

15:17:35.397 (1397371529)|CUMULATIVE_LIMIT_USAGE_END

15:17:35.375 (1397414820)|CODE_UNIT_FINISHED|ProjectItemsAfroepenControllerTest.test_numberOfItemsAfroepenBad
15:17:35.375 (1398142905)|EXECUTION_FINISHED
