38.0 APEX_CODE,FINEST;APEX_PROFILING,INFO;CALLOUT,INFO;DB,INFO;SYSTEM,DEBUG;VALIDATION,INFO;VISUALFORCE,INFO;WAVE,INFO;WORKFLOW,INFO
16:24:11.0 (289913)|USER_INFO|[EXTERNAL]|00524000001e3Uj|bedrijfsbureau@gsa.nl.sandbox|Midden-Europese standaardtijd|GMT+01:00
16:24:11.0 (313731)|EXECUTION_STARTED
16:24:11.0 (317394)|CODE_UNIT_STARTED|[EXTERNAL]|06624000003h0Dg|VF: /apex/New_delivered_detail
16:24:11.0 (446699)|VF_DESERIALIZE_VIEWSTATE_BEGIN|06624000003h0Dg
16:24:11.0 (5980883)|HEAP_ALLOCATE|[72]|Bytes:3
16:24:11.0 (6019147)|HEAP_ALLOCATE|[77]|Bytes:152
16:24:11.0 (6032800)|HEAP_ALLOCATE|[342]|Bytes:408
16:24:11.0 (6046807)|HEAP_ALLOCATE|[355]|Bytes:408
16:24:11.0 (6059544)|HEAP_ALLOCATE|[467]|Bytes:48
16:24:11.0 (6086254)|HEAP_ALLOCATE|[139]|Bytes:6
16:24:11.0 (6124470)|HEAP_ALLOCATE|[50]|Bytes:5
16:24:11.0 (6150106)|HEAP_ALLOCATE|[56]|Bytes:5
16:24:11.0 (6157041)|HEAP_ALLOCATE|[64]|Bytes:7
16:24:11.0 (10608541)|VF_DESERIALIZE_VIEWSTATE_END
16:24:11.11 (11649353)|SYSTEM_MODE_ENTER|true
16:24:11.11 (11707821)|HEAP_ALLOCATE|[EXTERNAL]|Bytes:38
16:24:11.11 (11713904)|HEAP_ALLOCATE|[EXTERNAL]|Bytes:7
16:24:11.11 (11724153)|SYSTEM_METHOD_ENTRY|[1]|PageMessagesComponentController.PageMessagesComponentController()
16:24:11.11 (11728266)|STATEMENT_EXECUTE|[1]
16:24:11.12 (12514604)|SYSTEM_MODE_ENTER|true
16:24:11.12 (12558025)|HEAP_ALLOCATE|[EXTERNAL]|Bytes:8
16:24:11.12 (12564167)|VARIABLE_SCOPE_BEGIN|[88]|this|ApexPage.PageMessagesComponentController|true|false
16:24:11.12 (12595352)|VARIABLE_ASSIGNMENT|[88]|this|{}|0x578b91e3
16:24:11.12 (12598213)|VARIABLE_SCOPE_BEGIN|[88]|escape|Boolean|false|false
16:24:11.12 (12602841)|VARIABLE_ASSIGNMENT|[88]|escape|null
16:24:11.0 (12817736)|SYSTEM_MODE_ENTER|true
16:24:11.0 (12994749)|HEAP_ALLOCATE|[EXTERNAL]|Bytes:11
16:24:11.0 (13001965)|HEAP_ALLOCATE|[EXTERNAL]|Bytes:408
16:24:11.0 (13005541)|HEAP_ALLOCATE|[EXTERNAL]|Bytes:120
16:24:11.0 (13007989)|HEAP_ALLOCATE|[EXTERNAL]|Bytes:116
16:24:11.0 (13014676)|METHOD_ENTRY|[1]|01p2400000DUtXT|NewDeliveredExtension.NewDeliveredExtension()
16:24:11.0 (13017749)|STATEMENT_EXECUTE|[1]
16:24:11.0 (13021417)|STATEMENT_EXECUTE|[1]
16:24:11.0 (13022894)|STATEMENT_EXECUTE|[542]
16:24:11.0 (13026794)|METHOD_EXIT|[1]|NewDeliveredExtension
16:24:11.0 (13030461)|HEAP_ALLOCATE|[EXTERNAL]|Bytes:80
16:24:11.0 (13091164)|VARIABLE_ASSIGNMENT|[EXTERNAL]|this|{"delToHub":false,"delToProj":true,"detail":"0xa2b22b5","invoked":false,"rejected":false,"reserved":false,"selectedTime4":"8:00","sublocations1":"0x2a312b1f","www":"0x7dda9938","wwwById":"0x2371df92"}|0x69e7cb7a
16:24:11.0 (13098335)|STATEMENT_EXECUTE|[196]
16:24:11.0 (13103047)|STATEMENT_EXECUTE|[197]
16:24:11.0 (13105225)|STATEMENT_EXECUTE|[200]
16:24:11.0 (13166191)|SYSTEM_MODE_ENTER|true
16:24:11.0 (13187736)|HEAP_ALLOCATE|[EXTERNAL]|Bytes:80
16:24:11.0 (13227705)|VARIABLE_ASSIGNMENT|[EXTERNAL]|this|{"delToHub":false,"delToProj":true,"detail":"0xa2b22b5","invoked":false,"rejected":false,"reserved":false,"selectedTime4":"8:00","sublocations1":"0x2a312b1f","www":"0x7dda9938","wwwById":"0x2371df92"}|0x69e7cb7a
16:24:11.0 (13233915)|STATEMENT_EXECUTE|[229]
16:24:11.0 (13237834)|STATEMENT_EXECUTE|[230]
16:24:11.0 (13239191)|STATEMENT_EXECUTE|[233]
16:24:11.0 (13286531)|SYSTEM_MODE_ENTER|true
16:24:11.0 (13306291)|HEAP_ALLOCATE|[EXTERNAL]|Bytes:80
16:24:11.0 (13342294)|VARIABLE_ASSIGNMENT|[EXTERNAL]|this|{"delToHub":false,"delToProj":true,"detail":"0xa2b22b5","invoked":false,"rejected":false,"reserved":false,"selectedTime4":"8:00","sublocations1":"0x2a312b1f","www":"0x7dda9938","wwwById":"0x2371df92"}|0x69e7cb7a
16:24:11.0 (13347795)|STATEMENT_EXECUTE|[204]
16:24:11.0 (13351509)|STATEMENT_EXECUTE|[205]
16:24:11.0 (13352952)|STATEMENT_EXECUTE|[208]
16:24:11.0 (13396533)|SYSTEM_MODE_ENTER|true
16:24:11.0 (13414115)|HEAP_ALLOCATE|[EXTERNAL]|Bytes:80
16:24:11.0 (13448015)|VARIABLE_ASSIGNMENT|[EXTERNAL]|this|{"delToHub":false,"delToProj":true,"detail":"0xa2b22b5","invoked":false,"rejected":false,"reserved":false,"selectedTime4":"8:00","sublocations1":"0x2a312b1f","www":"0x7dda9938","wwwById":"0x2371df92"}|0x69e7cb7a
16:24:11.0 (13453202)|STATEMENT_EXECUTE|[220]
16:24:11.0 (13455856)|STATEMENT_EXECUTE|[221]
16:24:11.0 (13457398)|STATEMENT_EXECUTE|[224]
16:24:11.0 (13538229)|SYSTEM_MODE_ENTER|true
16:24:11.0 (13579526)|HEAP_ALLOCATE|[EXTERNAL]|Bytes:80
16:24:11.0 (13619882)|VARIABLE_ASSIGNMENT|[EXTERNAL]|this|{"delToHub":false,"delToProj":true,"detail":"0xa2b22b5","invoked":false,"rejected":false,"reserved":false,"selectedTime4":"8:00","sublocations1":"0x2a312b1f","www":"0x7dda9938","wwwById":"0x2371df92"}|0x69e7cb7a
16:24:11.0 (13625362)|STATEMENT_EXECUTE|[3]
16:24:11.0 (13629396)|STATEMENT_EXECUTE|[4]
16:24:11.0 (13630946)|STATEMENT_EXECUTE|[9]
16:24:11.0 (15365705)|SYSTEM_MODE_ENTER|true
16:24:11.0 (15397006)|HEAP_ALLOCATE|[EXTERNAL]|Bytes:80
16:24:11.0 (15443487)|VARIABLE_ASSIGNMENT|[EXTERNAL]|this|{"delToHub":false,"delToProj":true,"detail":"0xa2b22b5","invoked":false,"rejected":false,"reserved":false,"selectedTime4":"8:00","sublocations1":"0x2a312b1f","www":"0x7dda9938","wwwById":"0x2371df92"}|0x69e7cb7a
16:24:11.0 (15450535)|STATEMENT_EXECUTE|[186]
16:24:11.0 (15454972)|STATEMENT_EXECUTE|[187]
16:24:11.0 (15456342)|STATEMENT_EXECUTE|[190]
16:24:11.0 (18150127)|SYSTEM_MODE_ENTER|true
16:24:11.0 (18177060)|HEAP_ALLOCATE|[EXTERNAL]|Bytes:80
16:24:11.0 (18223774)|VARIABLE_ASSIGNMENT|[EXTERNAL]|this|{"delToHub":false,"delToProj":true,"detail":"0xa2b22b5","invoked":false,"rejected":false,"reserved":false,"selectedTime4":"8:00","sublocations1":"0x2a312b1f","www":"0x7dda9938","wwwById":"0x2371df92"}|0x69e7cb7a
16:24:11.0 (18231238)|STATEMENT_EXECUTE|[212]
16:24:11.0 (18235467)|STATEMENT_EXECUTE|[213]
16:24:11.0 (18237261)|STATEMENT_EXECUTE|[216]
16:24:11.0 (18314319)|SYSTEM_MODE_ENTER|true
16:24:11.0 (18339853)|HEAP_ALLOCATE|[EXTERNAL]|Bytes:80
16:24:11.0 (18382671)|VARIABLE_ASSIGNMENT|[EXTERNAL]|this|{"delToHub":false,"delToProj":true,"detail":"0xa2b22b5","invoked":false,"rejected":false,"reserved":false,"selectedTime4":"8:00","sublocations1":"0x2a312b1f","www":"0x7dda9938","wwwById":"0x2371df92"}|0x69e7cb7a
16:24:11.0 (18389139)|STATEMENT_EXECUTE|[21]
16:24:11.0 (18393129)|STATEMENT_EXECUTE|[22]
16:24:11.0 (18394635)|STATEMENT_EXECUTE|[26]
16:24:11.0 (23901893)|SYSTEM_MODE_ENTER|true
16:24:11.0 (23930111)|HEAP_ALLOCATE|[EXTERNAL]|Bytes:80
16:24:11.0 (23936574)|VARIABLE_SCOPE_BEGIN|[48]|this|NewDeliveredExtension|true|false
16:24:11.0 (23979335)|VARIABLE_ASSIGNMENT|[48]|this|{"delToHub":false,"delToProj":true,"detail":"0xa2b22b5","invoked":false,"rejected":false,"reserved":false,"selectedTime4":"8:00","sublocations1":"0x2a312b1f","www":"0x7dda9938","wwwById":"0x2371df92"}|0x69e7cb7a
16:24:11.0 (23986984)|STATEMENT_EXECUTE|[48]
16:24:11.0 (23988701)|STATEMENT_EXECUTE|[49]
16:24:11.0 (23993004)|HEAP_ALLOCATE|[49]|Bytes:4
16:24:11.0 (24019050)|VARIABLE_SCOPE_BEGIN|[49]|options|List<System.SelectOption>|true|false
16:24:11.0 (24041508)|HEAP_ALLOCATE|[EXTERNAL]|Bytes:4
16:24:11.0 (24049686)|VARIABLE_ASSIGNMENT|[49]|options|[]|0x5a1fca9c
16:24:11.0 (24052708)|STATEMENT_EXECUTE|[50]
16:24:11.0 (24057307)|VARIABLE_SCOPE_BEGIN|[50]|i|Integer|false|false
16:24:11.0 (24061497)|HEAP_ALLOCATE|[50]|Bytes:4
16:24:11.0 (24066322)|VARIABLE_ASSIGNMENT|[50]|i|0
16:24:11.0 (24071357)|STATEMENT_EXECUTE|[50]
16:24:11.0 (24072683)|STATEMENT_EXECUTE|[51]
16:24:11.0 (24074521)|VARIABLE_SCOPE_BEGIN|[51]|j|Integer|false|false
16:24:11.0 (24076583)|HEAP_ALLOCATE|[51]|Bytes:4
16:24:11.0 (24079205)|VARIABLE_ASSIGNMENT|[51]|j|0
16:24:11.0 (24081220)|STATEMENT_EXECUTE|[51]
16:24:11.0 (24083649)|STATEMENT_EXECUTE|[52]
16:24:11.0 (24084822)|STATEMENT_EXECUTE|[53]
16:24:11.0 (24129882)|HEAP_ALLOCATE|[53]|Bytes:1
16:24:11.0 (24145151)|HEAP_ALLOCATE|[53]|Bytes:2
16:24:11.0 (24152151)|HEAP_ALLOCATE|[53]|Bytes:1
16:24:11.0 (24164089)|HEAP_ALLOCATE|[53]|Bytes:4
16:24:11.0 (24169865)|HEAP_ALLOCATE|[53]|Bytes:1
16:24:11.0 (24177374)|HEAP_ALLOCATE|[53]|Bytes:1
16:24:11.0 (24182685)|HEAP_ALLOCATE|[53]|Bytes:4
16:24:11.0 (24213753)|HEAP_ALLOCATE|[EXTERNAL]|Bytes:4
16:24:11.0 (24220796)|HEAP_ALLOCATE|[51]|Bytes:4
16:24:11.0 (24225987)|VARIABLE_ASSIGNMENT|[51]|j|30
16:24:11.0 (24228888)|STATEMENT_EXECUTE|[51]
16:24:11.0 (24230622)|STATEMENT_EXECUTE|[54]
16:24:11.0 (24231909)|STATEMENT_EXECUTE|[55]
16:24:11.0 (24248958)|HEAP_ALLOCATE|[55]|Bytes:1
16:24:11.0 (24255780)|HEAP_ALLOCATE|[55]|Bytes:1
16:24:11.0 (24261175)|HEAP_ALLOCATE|[55]|Bytes:2
16:24:11.0 (24266991)|HEAP_ALLOCATE|[55]|Bytes:4
16:24:11.0 (24272170)|HEAP_ALLOCATE|[55]|Bytes:1
16:24:11.0 (24279549)|HEAP_ALLOCATE|[55]|Bytes:2
16:24:11.0 (24284450)|HEAP_ALLOCATE|[55]|Bytes:4
16:24:11.0 (24297096)|HEAP_ALLOCATE|[EXTERNAL]|Bytes:4
16:24:11.0 (24301540)|HEAP_ALLOCATE|[51]|Bytes:4
16:24:11.0 (24306016)|VARIABLE_ASSIGNMENT|[51]|j|60
16:24:11.0 (24310047)|HEAP_ALLOCATE|[50]|Bytes:4
16:24:11.0 (24313093)|VARIABLE_ASSIGNMENT|[50]|i|1
16:24:11.0 (24315605)|STATEMENT_EXECUTE|[50]
16:24:11.0 (24317108)|STATEMENT_EXECUTE|[51]
16:24:11.0 (24319042)|VARIABLE_SCOPE_BEGIN|[51]|j|Integer|false|false
16:24:11.0 (24321114)|HEAP_ALLOCATE|[51]|Bytes:4
16:24:11.0 (24323706)|VARIABLE_ASSIGNMENT|[51]|j|0
16:24:11.0 (24325276)|STATEMENT_EXECUTE|[51]
16:24:11.0 (24326703)|STATEMENT_EXECUTE|[52]
16:24:11.0 (24327726)|STATEMENT_EXECUTE|[53]
16:24:11.0 (24335149)|HEAP_ALLOCATE|[53]|Bytes:1
16:24:11.0 (24343089)|HEAP_ALLOCATE|[53]|Bytes:1
16:24:11.0 (24348434)|HEAP_ALLOCATE|[53]|Bytes:4
16:24:11.0 (24353182)|HEAP_ALLOCATE|[53]|Bytes:1
16:24:11.0 (24360289)|HEAP_ALLOCATE|[53]|Bytes:1
16:24:11.0 (24365154)|HEAP_ALLOCATE|[53]|Bytes:4
16:24:11.0 (24370954)|HEAP_ALLOCATE|[EXTERNAL]|Bytes:4
16:24:11.0 (24374796)|HEAP_ALLOCATE|[51]|Bytes:4
16:24:11.0 (24378029)|VARIABLE_ASSIGNMENT|[51]|j|30
16:24:11.0 (24380106)|STATEMENT_EXECUTE|[51]
16:24:11.0 (24382227)|STATEMENT_EXECUTE|[54]
16:24:11.0 (24383455)|STATEMENT_EXECUTE|[55]
16:24:11.0 (24389539)|HEAP_ALLOCATE|[55]|Bytes:1
16:24:11.0 (24397162)|HEAP_ALLOCATE|[55]|Bytes:2
16:24:11.0 (24402438)|HEAP_ALLOCATE|[55]|Bytes:4
16:24:11.0 (24407336)|HEAP_ALLOCATE|[55]|Bytes:1
16:24:11.0 (24414541)|HEAP_ALLOCATE|[55]|Bytes:2
16:24:11.0 (24419359)|HEAP_ALLOCATE|[55]|Bytes:4
16:24:11.0 (24424230)|HEAP_ALLOCATE|[EXTERNAL]|Bytes:4
16:24:11.0 (24427720)|HEAP_ALLOCATE|[51]|Bytes:4
16:24:11.0 (24430792)|VARIABLE_ASSIGNMENT|[51]|j|60
16:24:11.0 (24432942)|HEAP_ALLOCATE|[50]|Bytes:4
16:24:11.0 (24435538)|VARIABLE_ASSIGNMENT|[50]|i|2
16:24:11.0 (24437331)|STATEMENT_EXECUTE|[50]
16:24:11.0 (24438591)|STATEMENT_EXECUTE|[51]
16:24:11.0 (24440242)|VARIABLE_SCOPE_BEGIN|[51]|j|Integer|false|false
16:24:11.0 (24441871)|HEAP_ALLOCATE|[51]|Bytes:4
16:24:11.0 (24444340)|VARIABLE_ASSIGNMENT|[51]|j|0
16:24:11.0 (24445817)|STATEMENT_EXECUTE|[51]
16:24:11.0 (24447142)|STATEMENT_EXECUTE|[52]
16:24:11.0 (24448505)|STATEMENT_EXECUTE|[53]
16:24:11.0 (24454819)|HEAP_ALLOCATE|[53]|Bytes:1
16:24:11.0 (24462568)|HEAP_ALLOCATE|[53]|Bytes:1
16:24:11.0 (24467543)|HEAP_ALLOCATE|[53]|Bytes:4
16:24:11.0 (24472302)|HEAP_ALLOCATE|[53]|Bytes:1
16:24:11.0 (24479406)|HEAP_ALLOCATE|[53]|Bytes:1
16:24:11.0 (24484250)|HEAP_ALLOCATE|[53]|Bytes:4
16:24:11.0 (24489067)|HEAP_ALLOCATE|[EXTERNAL]|Bytes:4
16:24:11.0 (24492559)|HEAP_ALLOCATE|[51]|Bytes:4
16:24:11.0 (24495536)|VARIABLE_ASSIGNMENT|[51]|j|30
16:24:11.0 (24497568)|STATEMENT_EXECUTE|[51]
16:24:11.0 (24498937)|STATEMENT_EXECUTE|[54]
16:24:11.0 (24499986)|STATEMENT_EXECUTE|[55]
16:24:11.0 (24505527)|HEAP_ALLOCATE|[55]|Bytes:1
16:24:11.0 (24513188)|HEAP_ALLOCATE|[55]|Bytes:2
16:24:11.0 (24518147)|HEAP_ALLOCATE|[55]|Bytes:4
16:24:11.0 (24522977)|HEAP_ALLOCATE|[55]|Bytes:1
16:24:11.0 (24530093)|HEAP_ALLOCATE|[55]|Bytes:2
16:24:11.0 (24534945)|HEAP_ALLOCATE|[55]|Bytes:4
16:24:11.0 (24539498)|HEAP_ALLOCATE|[EXTERNAL]|Bytes:4
16:24:11.0 (24542902)|HEAP_ALLOCATE|[51]|Bytes:4
16:24:11.0 (24546153)|VARIABLE_ASSIGNMENT|[51]|j|60
16:24:11.0 (24548147)|HEAP_ALLOCATE|[50]|Bytes:4
16:24:11.0 (24550663)|VARIABLE_ASSIGNMENT|[50]|i|3
16:24:11.0 (24552463)|STATEMENT_EXECUTE|[50]
16:24:11.0 (24553741)|STATEMENT_EXECUTE|[51]
16:24:11.0 (24555393)|VARIABLE_SCOPE_BEGIN|[51]|j|Integer|false|false
16:24:11.0 (24556864)|HEAP_ALLOCATE|[51]|Bytes:4
16:24:11.0 (24559176)|VARIABLE_ASSIGNMENT|[51]|j|0
16:24:11.0 (24560691)|STATEMENT_EXECUTE|[51]
16:24:11.0 (24562010)|STATEMENT_EXECUTE|[52]
16:24:11.0 (24563020)|STATEMENT_EXECUTE|[53]
16:24:11.0 (24568858)|HEAP_ALLOCATE|[53]|Bytes:1
16:24:11.0 (24576480)|HEAP_ALLOCATE|[53]|Bytes:1
16:24:11.0 (24581395)|HEAP_ALLOCATE|[53]|Bytes:4
16:24:11.0 (24586318)|HEAP_ALLOCATE|[53]|Bytes:1
16:24:11.0 (24593580)|HEAP_ALLOCATE|[53]|Bytes:1
16:24:11.0 (24598482)|HEAP_ALLOCATE|[53]|Bytes:4
16:24:11.0 (24603345)|HEAP_ALLOCATE|[EXTERNAL]|Bytes:4
16:24:11.0 (24606789)|HEAP_ALLOCATE|[51]|Bytes:4
16:24:11.0 (24609637)|VARIABLE_ASSIGNMENT|[51]|j|30
16:24:11.0 (24611403)|STATEMENT_EXECUTE|[51]
16:24:11.0 (24613089)|STATEMENT_EXECUTE|[54]
16:24:11.0 (24614193)|STATEMENT_EXECUTE|[55]
16:24:11.0 (24619901)|HEAP_ALLOCATE|[55]|Bytes:1
16:24:11.0 (24627450)|HEAP_ALLOCATE|[55]|Bytes:2
16:24:11.0 (24632382)|HEAP_ALLOCATE|[55]|Bytes:4
16:24:11.0 (24637439)|HEAP_ALLOCATE|[55]|Bytes:1
16:24:11.0 (24644606)|HEAP_ALLOCATE|[55]|Bytes:2
16:24:11.0 (24649475)|HEAP_ALLOCATE|[55]|Bytes:4
16:24:11.0 (24654065)|HEAP_ALLOCATE|[EXTERNAL]|Bytes:4
16:24:11.0 (24657362)|HEAP_ALLOCATE|[51]|Bytes:4
16:24:11.0 (24660213)|VARIABLE_ASSIGNMENT|[51]|j|60
16:24:11.0 (24662228)|HEAP_ALLOCATE|[50]|Bytes:4
16:24:11.0 (24664753)|VARIABLE_ASSIGNMENT|[50]|i|4
16:24:11.0 (24666474)|STATEMENT_EXECUTE|[50]
16:24:11.0 (24667699)|STATEMENT_EXECUTE|[51]
16:24:11.0 (24669368)|VARIABLE_SCOPE_BEGIN|[51]|j|Integer|false|false
16:24:11.0 (24670828)|HEAP_ALLOCATE|[51]|Bytes:4
16:24:11.0 (24673147)|VARIABLE_ASSIGNMENT|[51]|j|0
16:24:11.0 (24674627)|STATEMENT_EXECUTE|[51]
16:24:11.0 (24675951)|STATEMENT_EXECUTE|[52]
16:24:11.0 (24676978)|STATEMENT_EXECUTE|[53]
16:24:11.0 (24682905)|HEAP_ALLOCATE|[53]|Bytes:1
16:24:11.0 (24690587)|HEAP_ALLOCATE|[53]|Bytes:1
16:24:11.0 (24695659)|HEAP_ALLOCATE|[53]|Bytes:4
16:24:11.0 (24700533)|HEAP_ALLOCATE|[53]|Bytes:1
16:24:11.0 (24707583)|HEAP_ALLOCATE|[53]|Bytes:1
16:24:11.0 (24712355)|HEAP_ALLOCATE|[53]|Bytes:4
16:24:11.0 (24716959)|HEAP_ALLOCATE|[EXTERNAL]|Bytes:4
16:24:11.0 (24720369)|HEAP_ALLOCATE|[51]|Bytes:4
16:24:11.0 (24723302)|VARIABLE_ASSIGNMENT|[51]|j|30
16:24:11.0 (24725066)|STATEMENT_EXECUTE|[51]
16:24:11.0 (24726446)|STATEMENT_EXECUTE|[54]
16:24:11.0 (24727483)|STATEMENT_EXECUTE|[55]
16:24:11.0 (24732871)|HEAP_ALLOCATE|[55]|Bytes:1
16:24:11.0 (24740366)|HEAP_ALLOCATE|[55]|Bytes:2
16:24:11.0 (24745390)|HEAP_ALLOCATE|[55]|Bytes:4
16:24:11.0 (24750213)|HEAP_ALLOCATE|[55]|Bytes:1
16:24:11.0 (24757490)|HEAP_ALLOCATE|[55]|Bytes:2
16:24:11.0 (24762275)|HEAP_ALLOCATE|[55]|Bytes:4
16:24:11.0 (24766795)|HEAP_ALLOCATE|[EXTERNAL]|Bytes:4
16:24:11.0 (24770038)|HEAP_ALLOCATE|[51]|Bytes:4
16:24:11.0 (24772924)|VARIABLE_ASSIGNMENT|[51]|j|60
16:24:11.0 (24775080)|HEAP_ALLOCATE|[50]|Bytes:4
16:24:11.0 (24777640)|VARIABLE_ASSIGNMENT|[50]|i|5
16:24:11.0 (24779327)|STATEMENT_EXECUTE|[50]
16:24:11.0 (24780554)|STATEMENT_EXECUTE|[51]
16:24:11.0 (24782170)|VARIABLE_SCOPE_BEGIN|[51]|j|Integer|false|false
16:24:11.0 (24783619)|HEAP_ALLOCATE|[51]|Bytes:4
16:24:11.0 (24786044)|VARIABLE_ASSIGNMENT|[51]|j|0
16:24:11.0 (24787595)|STATEMENT_EXECUTE|[51]
16:24:11.0 (24788913)|STATEMENT_EXECUTE|[52]
16:24:11.0 (24789938)|STATEMENT_EXECUTE|[53]
16:24:11.0 (24795785)|HEAP_ALLOCATE|[53]|Bytes:1
16:24:11.0 (24803451)|HEAP_ALLOCATE|[53]|Bytes:1
16:24:11.0 (24808425)|HEAP_ALLOCATE|[53]|Bytes:4
16:24:11.0 (24813185)|HEAP_ALLOCATE|[53]|Bytes:1
16:24:11.0 (24820129)|HEAP_ALLOCATE|[53]|Bytes:1
16:24:11.0 (24824849)|HEAP_ALLOCATE|[53]|Bytes:4
16:24:11.0 (24829369)|HEAP_ALLOCATE|[EXTERNAL]|Bytes:4
16:24:11.0 (24832934)|HEAP_ALLOCATE|[51]|Bytes:4
16:24:11.0 (24835782)|VARIABLE_ASSIGNMENT|[51]|j|30
16:24:11.0 (24837513)|STATEMENT_EXECUTE|[51]
16:24:11.0 (24839200)|STATEMENT_EXECUTE|[54]
16:24:11.0 (24840488)|STATEMENT_EXECUTE|[55]
16:24:11.0 (24845975)|HEAP_ALLOCATE|[55]|Bytes:1
16:24:11.0 (24853473)|HEAP_ALLOCATE|[55]|Bytes:2
16:24:11.0 (24858408)|HEAP_ALLOCATE|[55]|Bytes:4
16:24:11.0 (24863167)|HEAP_ALLOCATE|[55]|Bytes:1
16:24:11.0 (24870200)|HEAP_ALLOCATE|[55]|Bytes:2
16:24:11.0 (24874964)|HEAP_ALLOCATE|[55]|Bytes:4
16:24:11.0 (24879559)|HEAP_ALLOCATE|[EXTERNAL]|Bytes:4
16:24:11.0 (24882854)|HEAP_ALLOCATE|[51]|Bytes:4
16:24:11.0 (24885716)|VARIABLE_ASSIGNMENT|[51]|j|60
16:24:11.0 (24888000)|HEAP_ALLOCATE|[50]|Bytes:4
16:24:11.0 (24890426)|VARIABLE_ASSIGNMENT|[50]|i|6
16:24:11.0 (24892103)|STATEMENT_EXECUTE|[50]
16:24:11.0 (24893308)|STATEMENT_EXECUTE|[51]
16:24:11.0 (24894892)|VARIABLE_SCOPE_BEGIN|[51]|j|Integer|false|false
16:24:11.0 (24896341)|HEAP_ALLOCATE|[51]|Bytes:4
16:24:11.0 (24898653)|VARIABLE_ASSIGNMENT|[51]|j|0
16:24:11.0 (24900185)|STATEMENT_EXECUTE|[51]
16:24:11.0 (24901493)|STATEMENT_EXECUTE|[52]
16:24:11.0 (24902810)|STATEMENT_EXECUTE|[53]
16:24:11.0 (24908761)|HEAP_ALLOCATE|[53]|Bytes:1
16:24:11.0 (24916274)|HEAP_ALLOCATE|[53]|Bytes:1
16:24:11.0 (24921257)|HEAP_ALLOCATE|[53]|Bytes:4
16:24:11.0 (24926124)|HEAP_ALLOCATE|[53]|Bytes:1
16:24:11.0 (24933229)|HEAP_ALLOCATE|[53]|Bytes:1
16:24:11.0 (24938021)|HEAP_ALLOCATE|[53]|Bytes:4
16:24:11.0 (24942678)|HEAP_ALLOCATE|[EXTERNAL]|Bytes:4
16:24:11.0 (24946108)|HEAP_ALLOCATE|[51]|Bytes:4
16:24:11.0 (24948840)|VARIABLE_ASSIGNMENT|[51]|j|30
16:24:11.0 (24950592)|STATEMENT_EXECUTE|[51]
16:24:11.0 (24951932)|STATEMENT_EXECUTE|[54]
16:24:11.0 (24952954)|STATEMENT_EXECUTE|[55]
16:24:11.0 (24958594)|HEAP_ALLOCATE|[55]|Bytes:1
16:24:11.0 (24966022)|HEAP_ALLOCATE|[55]|Bytes:2
16:24:11.0 (24971008)|HEAP_ALLOCATE|[55]|Bytes:4
16:24:11.0 (24975755)|HEAP_ALLOCATE|[55]|Bytes:1
16:24:11.0 (24983173)|HEAP_ALLOCATE|[55]|Bytes:2
16:24:11.0 (24988053)|HEAP_ALLOCATE|[55]|Bytes:4
16:24:11.0 (24992557)|HEAP_ALLOCATE|[EXTERNAL]|Bytes:4
16:24:11.0 (24995704)|HEAP_ALLOCATE|[51]|Bytes:4
16:24:11.0 (24998499)|VARIABLE_ASSIGNMENT|[51]|j|60
16:24:11.0 (25000739)|HEAP_ALLOCATE|[50]|Bytes:4
16:24:11.0 (25004011)|VARIABLE_ASSIGNMENT|[50]|i|7
16:24:11.0 (25005695)|STATEMENT_EXECUTE|[50]
16:24:11.0 (25006918)|STATEMENT_EXECUTE|[51]
16:24:11.0 (25008524)|VARIABLE_SCOPE_BEGIN|[51]|j|Integer|false|false
16:24:11.0 (25009919)|HEAP_ALLOCATE|[51]|Bytes:4
16:24:11.0 (25012307)|VARIABLE_ASSIGNMENT|[51]|j|0
16:24:11.0 (25013842)|STATEMENT_EXECUTE|[51]
16:24:11.0 (25015162)|STATEMENT_EXECUTE|[52]
16:24:11.0 (25016181)|STATEMENT_EXECUTE|[53]
16:24:11.0 (25021919)|HEAP_ALLOCATE|[53]|Bytes:1
16:24:11.0 (25029474)|HEAP_ALLOCATE|[53]|Bytes:1
16:24:11.0 (25034371)|HEAP_ALLOCATE|[53]|Bytes:4
16:24:11.0 (25039146)|HEAP_ALLOCATE|[53]|Bytes:1
16:24:11.0 (25046159)|HEAP_ALLOCATE|[53]|Bytes:1
16:24:11.0 (25050925)|HEAP_ALLOCATE|[53]|Bytes:4
16:24:11.0 (25055597)|HEAP_ALLOCATE|[EXTERNAL]|Bytes:4
16:24:11.0 (25058890)|HEAP_ALLOCATE|[51]|Bytes:4
16:24:11.0 (25061905)|VARIABLE_ASSIGNMENT|[51]|j|30
16:24:11.0 (25063602)|STATEMENT_EXECUTE|[51]
16:24:11.0 (25065254)|STATEMENT_EXECUTE|[54]
16:24:11.0 (25066387)|STATEMENT_EXECUTE|[55]
16:24:11.0 (25072093)|HEAP_ALLOCATE|[55]|Bytes:1
16:24:11.0 (25079717)|HEAP_ALLOCATE|[55]|Bytes:2
16:24:11.0 (25084636)|HEAP_ALLOCATE|[55]|Bytes:4
16:24:11.0 (25089422)|HEAP_ALLOCATE|[55]|Bytes:1
16:24:11.0 (25096499)|HEAP_ALLOCATE|[55]|Bytes:2
16:24:11.0 (25101318)|HEAP_ALLOCATE|[55]|Bytes:4
16:24:11.0 (25106305)|HEAP_ALLOCATE|[EXTERNAL]|Bytes:4
16:24:11.0 (25109729)|HEAP_ALLOCATE|[51]|Bytes:4
16:24:11.0 (25112544)|VARIABLE_ASSIGNMENT|[51]|j|60
16:24:11.0 (25114572)|HEAP_ALLOCATE|[50]|Bytes:4
16:24:11.0 (25116869)|VARIABLE_ASSIGNMENT|[50]|i|8
16:24:11.0 (25118665)|STATEMENT_EXECUTE|[50]
16:24:11.0 (25119882)|STATEMENT_EXECUTE|[51]
16:24:11.0 (25121523)|VARIABLE_SCOPE_BEGIN|[51]|j|Integer|false|false
16:24:11.0 (25122954)|HEAP_ALLOCATE|[51]|Bytes:4
16:24:11.0 (25125294)|VARIABLE_ASSIGNMENT|[51]|j|0
16:24:11.0 (25126819)|STATEMENT_EXECUTE|[51]
16:24:11.0 (25128237)|STATEMENT_EXECUTE|[52]
16:24:11.0 (25129336)|STATEMENT_EXECUTE|[53]
16:24:11.0 (25139453)|HEAP_ALLOCATE|[53]|Bytes:1
16:24:11.0 (25147389)|HEAP_ALLOCATE|[53]|Bytes:1
16:24:11.0 (25152404)|HEAP_ALLOCATE|[53]|Bytes:4
16:24:11.0 (25157311)|HEAP_ALLOCATE|[53]|Bytes:1
16:24:11.0 (25164340)|HEAP_ALLOCATE|[53]|Bytes:1
16:24:11.0 (25169297)|HEAP_ALLOCATE|[53]|Bytes:4
16:24:11.0 (25174142)|HEAP_ALLOCATE|[EXTERNAL]|Bytes:4
16:24:11.0 (25177625)|HEAP_ALLOCATE|[51]|Bytes:4
16:24:11.0 (25180559)|VARIABLE_ASSIGNMENT|[51]|j|30
16:24:11.0 (25182312)|STATEMENT_EXECUTE|[51]
16:24:11.0 (25183699)|STATEMENT_EXECUTE|[54]
16:24:11.0 (25184728)|STATEMENT_EXECUTE|[55]
16:24:11.0 (25190480)|HEAP_ALLOCATE|[55]|Bytes:1
16:24:11.0 (25197890)|HEAP_ALLOCATE|[55]|Bytes:2
16:24:11.0 (25202821)|HEAP_ALLOCATE|[55]|Bytes:4
16:24:11.0 (25207565)|HEAP_ALLOCATE|[55]|Bytes:1
16:24:11.0 (25214571)|HEAP_ALLOCATE|[55]|Bytes:2
16:24:11.0 (25219376)|HEAP_ALLOCATE|[55]|Bytes:4
16:24:11.0 (25224051)|HEAP_ALLOCATE|[EXTERNAL]|Bytes:4
16:24:11.0 (25227497)|HEAP_ALLOCATE|[51]|Bytes:4
16:24:11.0 (25230206)|VARIABLE_ASSIGNMENT|[51]|j|60
16:24:11.0 (25232553)|HEAP_ALLOCATE|[50]|Bytes:4
16:24:11.0 (25234978)|VARIABLE_ASSIGNMENT|[50]|i|9
16:24:11.0 (25236647)|STATEMENT_EXECUTE|[50]
16:24:11.0 (25237905)|STATEMENT_EXECUTE|[51]
16:24:11.0 (25239510)|VARIABLE_SCOPE_BEGIN|[51]|j|Integer|false|false
16:24:11.0 (25240984)|HEAP_ALLOCATE|[51]|Bytes:4
16:24:11.0 (25243256)|VARIABLE_ASSIGNMENT|[51]|j|0
16:24:11.0 (25244782)|STATEMENT_EXECUTE|[51]
16:24:11.0 (25246092)|STATEMENT_EXECUTE|[52]
16:24:11.0 (25247139)|STATEMENT_EXECUTE|[53]
16:24:11.0 (25252865)|HEAP_ALLOCATE|[53]|Bytes:1
16:24:11.0 (25260409)|HEAP_ALLOCATE|[53]|Bytes:1
16:24:11.0 (25265671)|HEAP_ALLOCATE|[53]|Bytes:4
16:24:11.0 (25270417)|HEAP_ALLOCATE|[53]|Bytes:1
16:24:11.0 (25277581)|HEAP_ALLOCATE|[53]|Bytes:1
16:24:11.0 (25282336)|HEAP_ALLOCATE|[53]|Bytes:4
16:24:11.0 (25287026)|HEAP_ALLOCATE|[EXTERNAL]|Bytes:4
16:24:11.0 (25290405)|HEAP_ALLOCATE|[51]|Bytes:4
16:24:11.0 (25293212)|VARIABLE_ASSIGNMENT|[51]|j|30
16:24:11.0 (25294890)|STATEMENT_EXECUTE|[51]
16:24:11.0 (25296244)|STATEMENT_EXECUTE|[54]
16:24:11.0 (25297625)|STATEMENT_EXECUTE|[55]
16:24:11.0 (25303161)|HEAP_ALLOCATE|[55]|Bytes:1
16:24:11.0 (25310603)|HEAP_ALLOCATE|[55]|Bytes:2
16:24:11.0 (25315491)|HEAP_ALLOCATE|[55]|Bytes:4
16:24:11.0 (25320245)|HEAP_ALLOCATE|[55]|Bytes:1
16:24:11.0 (25327390)|HEAP_ALLOCATE|[55]|Bytes:2
16:24:11.0 (25336343)|HEAP_ALLOCATE|[55]|Bytes:4
16:24:11.0 (25341418)|HEAP_ALLOCATE|[EXTERNAL]|Bytes:4
16:24:11.0 (25344704)|HEAP_ALLOCATE|[51]|Bytes:4
16:24:11.0 (25347701)|VARIABLE_ASSIGNMENT|[51]|j|60
16:24:11.0 (25349688)|HEAP_ALLOCATE|[50]|Bytes:4
16:24:11.0 (25352129)|VARIABLE_ASSIGNMENT|[50]|i|10
16:24:11.0 (25353904)|STATEMENT_EXECUTE|[50]
16:24:11.0 (25355179)|STATEMENT_EXECUTE|[51]
16:24:11.0 (25356863)|VARIABLE_SCOPE_BEGIN|[51]|j|Integer|false|false
16:24:11.0 (25358365)|HEAP_ALLOCATE|[51]|Bytes:4
16:24:11.0 (25360749)|VARIABLE_ASSIGNMENT|[51]|j|0
16:24:11.0 (25362311)|STATEMENT_EXECUTE|[51]
16:24:11.0 (25363630)|STATEMENT_EXECUTE|[52]
16:24:11.0 (25364650)|STATEMENT_EXECUTE|[53]
16:24:11.0 (25370912)|HEAP_ALLOCATE|[53]|Bytes:2
16:24:11.0 (25378523)|HEAP_ALLOCATE|[53]|Bytes:1
16:24:11.0 (25383712)|HEAP_ALLOCATE|[53]|Bytes:5
16:24:11.0 (25388535)|HEAP_ALLOCATE|[53]|Bytes:2
16:24:11.0 (25395807)|HEAP_ALLOCATE|[53]|Bytes:1
16:24:11.0 (25400606)|HEAP_ALLOCATE|[53]|Bytes:5
16:24:11.0 (25405211)|HEAP_ALLOCATE|[EXTERNAL]|Bytes:4
16:24:11.0 (25408618)|HEAP_ALLOCATE|[51]|Bytes:4
16:24:11.0 (25411401)|VARIABLE_ASSIGNMENT|[51]|j|30
16:24:11.0 (25413130)|STATEMENT_EXECUTE|[51]
16:24:11.0 (25414483)|STATEMENT_EXECUTE|[54]
16:24:11.0 (25415553)|STATEMENT_EXECUTE|[55]
16:24:11.0 (25420990)|HEAP_ALLOCATE|[55]|Bytes:2
16:24:11.0 (25428528)|HEAP_ALLOCATE|[55]|Bytes:2
16:24:11.0 (25433582)|HEAP_ALLOCATE|[55]|Bytes:5
16:24:11.0 (25438433)|HEAP_ALLOCATE|[55]|Bytes:2
16:24:11.0 (25445483)|HEAP_ALLOCATE|[55]|Bytes:2
16:24:11.0 (25450280)|HEAP_ALLOCATE|[55]|Bytes:5
16:24:11.0 (25454727)|HEAP_ALLOCATE|[EXTERNAL]|Bytes:4
16:24:11.0 (25457976)|HEAP_ALLOCATE|[51]|Bytes:4
16:24:11.0 (25460706)|VARIABLE_ASSIGNMENT|[51]|j|60
16:24:11.0 (25463224)|HEAP_ALLOCATE|[50]|Bytes:4
16:24:11.0 (25465643)|VARIABLE_ASSIGNMENT|[50]|i|11
16:24:11.0 (25467383)|STATEMENT_EXECUTE|[50]
16:24:11.0 (25468606)|STATEMENT_EXECUTE|[51]
16:24:11.0 (25470168)|VARIABLE_SCOPE_BEGIN|[51]|j|Integer|false|false
16:24:11.0 (25471537)|HEAP_ALLOCATE|[51]|Bytes:4
16:24:11.0 (25473752)|VARIABLE_ASSIGNMENT|[51]|j|0
16:24:11.0 (25475320)|STATEMENT_EXECUTE|[51]
16:24:11.0 (25476641)|STATEMENT_EXECUTE|[52]
16:24:11.0 (25477687)|STATEMENT_EXECUTE|[53]
16:24:11.0 (25483234)|HEAP_ALLOCATE|[53]|Bytes:2
16:24:11.0 (25490860)|HEAP_ALLOCATE|[53]|Bytes:1
16:24:11.0 (25495756)|HEAP_ALLOCATE|[53]|Bytes:5
16:24:11.0 (25500626)|HEAP_ALLOCATE|[53]|Bytes:2
16:24:11.0 (25507669)|HEAP_ALLOCATE|[53]|Bytes:1
16:24:11.0 (25512373)|HEAP_ALLOCATE|[53]|Bytes:5
16:24:11.0 (25517010)|HEAP_ALLOCATE|[EXTERNAL]|Bytes:4
16:24:11.0 (25520474)|HEAP_ALLOCATE|[51]|Bytes:4
16:24:11.0 (25525698)|VARIABLE_ASSIGNMENT|[51]|j|30
16:24:11.0 (25527549)|STATEMENT_EXECUTE|[51]
16:24:11.0 (25528953)|STATEMENT_EXECUTE|[54]
16:24:11.0 (25530287)|STATEMENT_EXECUTE|[55]
16:24:11.0 (25536312)|HEAP_ALLOCATE|[55]|Bytes:2
16:24:11.0 (25543959)|HEAP_ALLOCATE|[55]|Bytes:2
16:24:11.0 (25548950)|HEAP_ALLOCATE|[55]|Bytes:5
16:24:11.0 (25553782)|HEAP_ALLOCATE|[55]|Bytes:2
16:24:11.0 (25560890)|HEAP_ALLOCATE|[55]|Bytes:2
16:24:11.0 (25565740)|HEAP_ALLOCATE|[55]|Bytes:5
16:24:11.0 (25570449)|HEAP_ALLOCATE|[EXTERNAL]|Bytes:4
16:24:11.0 (25573738)|HEAP_ALLOCATE|[51]|Bytes:4
16:24:11.0 (25576559)|VARIABLE_ASSIGNMENT|[51]|j|60
16:24:11.0 (25578590)|HEAP_ALLOCATE|[50]|Bytes:4
16:24:11.0 (25580932)|VARIABLE_ASSIGNMENT|[50]|i|12
16:24:11.0 (25582673)|STATEMENT_EXECUTE|[50]
16:24:11.0 (25583862)|STATEMENT_EXECUTE|[51]
16:24:11.0 (25585428)|VARIABLE_SCOPE_BEGIN|[51]|j|Integer|false|false
16:24:11.0 (25586886)|HEAP_ALLOCATE|[51]|Bytes:4
16:24:11.0 (25589152)|VARIABLE_ASSIGNMENT|[51]|j|0
16:24:11.0 (25590688)|STATEMENT_EXECUTE|[51]
16:24:11.0 (25592073)|STATEMENT_EXECUTE|[52]
16:24:11.0 (25593098)|STATEMENT_EXECUTE|[53]
16:24:11.0 (25598841)|HEAP_ALLOCATE|[53]|Bytes:2
16:24:11.0 (25606551)|HEAP_ALLOCATE|[53]|Bytes:1
16:24:11.0 (25611616)|HEAP_ALLOCATE|[53]|Bytes:5
16:24:11.0 (25616441)|HEAP_ALLOCATE|[53]|Bytes:2
16:24:11.0 (25623483)|HEAP_ALLOCATE|[53]|Bytes:1
16:24:11.0 (25628299)|HEAP_ALLOCATE|[53]|Bytes:5
16:24:11.0 (25632855)|HEAP_ALLOCATE|[EXTERNAL]|Bytes:4
16:24:11.0 (25636247)|HEAP_ALLOCATE|[51]|Bytes:4
16:24:11.0 (25639010)|VARIABLE_ASSIGNMENT|[51]|j|30
16:24:11.0 (25640726)|STATEMENT_EXECUTE|[51]
16:24:11.0 (25642103)|STATEMENT_EXECUTE|[54]
16:24:11.0 (25643130)|STATEMENT_EXECUTE|[55]
16:24:11.0 (25648776)|HEAP_ALLOCATE|[55]|Bytes:2
16:24:11.0 (25656441)|HEAP_ALLOCATE|[55]|Bytes:2
16:24:11.0 (25661352)|HEAP_ALLOCATE|[55]|Bytes:5
16:24:11.0 (25666204)|HEAP_ALLOCATE|[55]|Bytes:2
16:24:11.0 (25673387)|HEAP_ALLOCATE|[55]|Bytes:2
16:24:11.0 (25678290)|HEAP_ALLOCATE|[55]|Bytes:5
16:24:11.0 (25682874)|HEAP_ALLOCATE|[EXTERNAL]|Bytes:4
16:24:11.0 (25686138)|HEAP_ALLOCATE|[51]|Bytes:4
16:24:11.0 (25689040)|VARIABLE_ASSIGNMENT|[51]|j|60
16:24:11.0 (25691227)|HEAP_ALLOCATE|[50]|Bytes:4
16:24:11.0 (25693716)|VARIABLE_ASSIGNMENT|[50]|i|13
16:24:11.0 (25695439)|STATEMENT_EXECUTE|[50]
16:24:11.0 (25696701)|STATEMENT_EXECUTE|[51]
16:24:11.0 (25698294)|VARIABLE_SCOPE_BEGIN|[51]|j|Integer|false|false
16:24:11.0 (25699680)|HEAP_ALLOCATE|[51]|Bytes:4
16:24:11.0 (25702064)|VARIABLE_ASSIGNMENT|[51]|j|0
16:24:11.0 (25703596)|STATEMENT_EXECUTE|[51]
16:24:11.0 (25704921)|STATEMENT_EXECUTE|[52]
16:24:11.0 (25705957)|STATEMENT_EXECUTE|[53]
16:24:11.0 (25711668)|HEAP_ALLOCATE|[53]|Bytes:2
16:24:11.0 (25719255)|HEAP_ALLOCATE|[53]|Bytes:1
16:24:11.0 (25724289)|HEAP_ALLOCATE|[53]|Bytes:5
16:24:11.0 (25729153)|HEAP_ALLOCATE|[53]|Bytes:2
16:24:11.0 (25736245)|HEAP_ALLOCATE|[53]|Bytes:1
16:24:11.0 (25741003)|HEAP_ALLOCATE|[53]|Bytes:5
16:24:11.0 (25745571)|HEAP_ALLOCATE|[EXTERNAL]|Bytes:4
16:24:11.0 (25748907)|HEAP_ALLOCATE|[51]|Bytes:4
16:24:11.0 (25751802)|VARIABLE_ASSIGNMENT|[51]|j|30
16:24:11.0 (25753618)|STATEMENT_EXECUTE|[51]
16:24:11.0 (25755001)|STATEMENT_EXECUTE|[54]
16:24:11.0 (25756250)|STATEMENT_EXECUTE|[55]
16:24:11.0 (25761881)|HEAP_ALLOCATE|[55]|Bytes:2
16:24:11.0 (25769385)|HEAP_ALLOCATE|[55]|Bytes:2
16:24:11.0 (25774382)|HEAP_ALLOCATE|[55]|Bytes:5
16:24:11.0 (25779230)|HEAP_ALLOCATE|[55]|Bytes:2
16:24:11.0 (25786262)|HEAP_ALLOCATE|[55]|Bytes:2
16:24:11.0 (25791095)|HEAP_ALLOCATE|[55]|Bytes:5
16:24:11.0 (25795584)|HEAP_ALLOCATE|[EXTERNAL]|Bytes:4
16:24:11.0 (25798799)|HEAP_ALLOCATE|[51]|Bytes:4
16:24:11.0 (25801468)|VARIABLE_ASSIGNMENT|[51]|j|60
16:24:11.0 (25803535)|HEAP_ALLOCATE|[50]|Bytes:4
16:24:11.0 (25805905)|VARIABLE_ASSIGNMENT|[50]|i|14
16:24:11.0 (25807598)|STATEMENT_EXECUTE|[50]
16:24:11.0 (25808836)|STATEMENT_EXECUTE|[51]
16:24:11.0 (25810398)|VARIABLE_SCOPE_BEGIN|[51]|j|Integer|false|false
16:24:11.0 (25811944)|HEAP_ALLOCATE|[51]|Bytes:4
16:24:11.0 (25814291)|VARIABLE_ASSIGNMENT|[51]|j|0
16:24:11.0 (25815835)|STATEMENT_EXECUTE|[51]
16:24:11.0 (25817159)|STATEMENT_EXECUTE|[52]
16:24:11.0 (25818179)|STATEMENT_EXECUTE|[53]
16:24:11.0 (25823898)|HEAP_ALLOCATE|[53]|Bytes:2
16:24:11.0 (25831595)|HEAP_ALLOCATE|[53]|Bytes:1
16:24:11.0 (25836558)|HEAP_ALLOCATE|[53]|Bytes:5
16:24:11.0 (25841383)|HEAP_ALLOCATE|[53]|Bytes:2
16:24:11.0 (25848584)|HEAP_ALLOCATE|[53]|Bytes:1
16:24:11.0 (25853523)|HEAP_ALLOCATE|[53]|Bytes:5
16:24:11.0 (25858154)|HEAP_ALLOCATE|[EXTERNAL]|Bytes:4
16:24:11.0 (25861581)|HEAP_ALLOCATE|[51]|Bytes:4
16:24:11.0 (25864390)|VARIABLE_ASSIGNMENT|[51]|j|30
16:24:11.0 (25866072)|STATEMENT_EXECUTE|[51]
16:24:11.0 (25867416)|STATEMENT_EXECUTE|[54]
16:24:11.0 (25868471)|STATEMENT_EXECUTE|[55]
16:24:11.0 (25873936)|HEAP_ALLOCATE|[55]|Bytes:2
16:24:11.0 (25881332)|HEAP_ALLOCATE|[55]|Bytes:2
16:24:11.0 (25886173)|HEAP_ALLOCATE|[55]|Bytes:5
16:24:11.0 (25890966)|HEAP_ALLOCATE|[55]|Bytes:2
16:24:11.0 (25898050)|HEAP_ALLOCATE|[55]|Bytes:2
16:24:11.0 (25902889)|HEAP_ALLOCATE|[55]|Bytes:5
16:24:11.0 (25907360)|HEAP_ALLOCATE|[EXTERNAL]|Bytes:4
16:24:11.0 (25910618)|HEAP_ALLOCATE|[51]|Bytes:4
16:24:11.0 (25913810)|VARIABLE_ASSIGNMENT|[51]|j|60
16:24:11.0 (25915711)|HEAP_ALLOCATE|[50]|Bytes:4
16:24:11.0 (25918365)|VARIABLE_ASSIGNMENT|[50]|i|15
16:24:11.0 (25920065)|STATEMENT_EXECUTE|[50]
16:24:11.0 (25921328)|STATEMENT_EXECUTE|[51]
16:24:11.0 (25922883)|VARIABLE_SCOPE_BEGIN|[51]|j|Integer|false|false
16:24:11.0 (25924319)|HEAP_ALLOCATE|[51]|Bytes:4
16:24:11.0 (25926626)|VARIABLE_ASSIGNMENT|[51]|j|0
16:24:11.0 (25928166)|STATEMENT_EXECUTE|[51]
16:24:11.0 (25929489)|STATEMENT_EXECUTE|[52]
16:24:11.0 (25930508)|STATEMENT_EXECUTE|[53]
16:24:11.0 (25936028)|HEAP_ALLOCATE|[53]|Bytes:2
16:24:11.0 (25943439)|HEAP_ALLOCATE|[53]|Bytes:1
16:24:11.0 (25948302)|HEAP_ALLOCATE|[53]|Bytes:5
16:24:11.0 (25953062)|HEAP_ALLOCATE|[53]|Bytes:2
16:24:11.0 (25960066)|HEAP_ALLOCATE|[53]|Bytes:1
16:24:11.0 (25965045)|HEAP_ALLOCATE|[53]|Bytes:5
16:24:11.0 (25969753)|HEAP_ALLOCATE|[EXTERNAL]|Bytes:4
16:24:11.0 (25973145)|HEAP_ALLOCATE|[51]|Bytes:4
16:24:11.0 (25975985)|VARIABLE_ASSIGNMENT|[51]|j|30
16:24:11.0 (25977765)|STATEMENT_EXECUTE|[51]
16:24:11.0 (25979164)|STATEMENT_EXECUTE|[54]
16:24:11.0 (25980567)|STATEMENT_EXECUTE|[55]
16:24:11.0 (25986096)|HEAP_ALLOCATE|[55]|Bytes:2
16:24:11.0 (25993421)|HEAP_ALLOCATE|[55]|Bytes:2
16:24:11.0 (25998239)|HEAP_ALLOCATE|[55]|Bytes:5
16:24:11.0 (26002970)|HEAP_ALLOCATE|[55]|Bytes:2
16:24:11.0 (26010420)|HEAP_ALLOCATE|[55]|Bytes:2
16:24:11.0 (26015303)|HEAP_ALLOCATE|[55]|Bytes:5
16:24:11.0 (26019994)|HEAP_ALLOCATE|[EXTERNAL]|Bytes:4
16:24:11.0 (26023264)|HEAP_ALLOCATE|[51]|Bytes:4
16:24:11.0 (26026075)|VARIABLE_ASSIGNMENT|[51]|j|60
16:24:11.0 (26028131)|HEAP_ALLOCATE|[50]|Bytes:4
16:24:11.0 (26030480)|VARIABLE_ASSIGNMENT|[50]|i|16
16:24:11.0 (26032160)|STATEMENT_EXECUTE|[50]
16:24:11.0 (26033443)|STATEMENT_EXECUTE|[51]
16:24:11.0 (26035074)|VARIABLE_SCOPE_BEGIN|[51]|j|Integer|false|false
16:24:11.0 (26036600)|HEAP_ALLOCATE|[51]|Bytes:4
16:24:11.0 (26038888)|VARIABLE_ASSIGNMENT|[51]|j|0
16:24:11.0 (26040392)|STATEMENT_EXECUTE|[51]
16:24:11.0 (26041693)|STATEMENT_EXECUTE|[52]
16:24:11.0 (26042733)|STATEMENT_EXECUTE|[53]
16:24:11.0 (26048204)|HEAP_ALLOCATE|[53]|Bytes:2
16:24:11.0 (26055963)|HEAP_ALLOCATE|[53]|Bytes:1
16:24:11.0 (26060814)|HEAP_ALLOCATE|[53]|Bytes:5
16:24:11.0 (26065620)|HEAP_ALLOCATE|[53]|Bytes:2
16:24:11.0 (26072990)|HEAP_ALLOCATE|[53]|Bytes:1
16:24:11.0 (26077854)|HEAP_ALLOCATE|[53]|Bytes:5
16:24:11.0 (26082613)|HEAP_ALLOCATE|[EXTERNAL]|Bytes:4
16:24:11.0 (26085969)|HEAP_ALLOCATE|[51]|Bytes:4
16:24:11.0 (26088688)|VARIABLE_ASSIGNMENT|[51]|j|30
16:24:11.0 (26090407)|STATEMENT_EXECUTE|[51]
16:24:11.0 (26091784)|STATEMENT_EXECUTE|[54]
16:24:11.0 (26092817)|STATEMENT_EXECUTE|[55]
16:24:11.0 (26098259)|HEAP_ALLOCATE|[55]|Bytes:2
16:24:11.0 (26105693)|HEAP_ALLOCATE|[55]|Bytes:2
16:24:11.0 (26110531)|HEAP_ALLOCATE|[55]|Bytes:5
16:24:11.0 (26115354)|HEAP_ALLOCATE|[55]|Bytes:2
16:24:11.0 (26122639)|HEAP_ALLOCATE|[55]|Bytes:2
16:24:11.0 (26127399)|HEAP_ALLOCATE|[55]|Bytes:5
16:24:11.0 (26134898)|HEAP_ALLOCATE|[EXTERNAL]|Bytes:4
16:24:11.0 (26138448)|HEAP_ALLOCATE|[51]|Bytes:4
16:24:11.0 (26141370)|VARIABLE_ASSIGNMENT|[51]|j|60
16:24:11.0 (26143265)|HEAP_ALLOCATE|[50]|Bytes:4
16:24:11.0 (26146052)|VARIABLE_ASSIGNMENT|[50]|i|17
16:24:11.0 (26147802)|STATEMENT_EXECUTE|[50]
16:24:11.0 (26149033)|STATEMENT_EXECUTE|[51]
16:24:11.0 (26150705)|VARIABLE_SCOPE_BEGIN|[51]|j|Integer|false|false
16:24:11.0 (26152183)|HEAP_ALLOCATE|[51]|Bytes:4
16:24:11.0 (26154447)|VARIABLE_ASSIGNMENT|[51]|j|0
16:24:11.0 (26156026)|STATEMENT_EXECUTE|[51]
16:24:11.0 (26157386)|STATEMENT_EXECUTE|[52]
16:24:11.0 (26158410)|STATEMENT_EXECUTE|[53]
16:24:11.0 (26164528)|HEAP_ALLOCATE|[53]|Bytes:2
16:24:11.0 (26172042)|HEAP_ALLOCATE|[53]|Bytes:1
16:24:11.0 (26177249)|HEAP_ALLOCATE|[53]|Bytes:5
16:24:11.0 (26182171)|HEAP_ALLOCATE|[53]|Bytes:2
16:24:11.0 (26189399)|HEAP_ALLOCATE|[53]|Bytes:1
16:24:11.0 (26194206)|HEAP_ALLOCATE|[53]|Bytes:5
16:24:11.0 (26199093)|HEAP_ALLOCATE|[EXTERNAL]|Bytes:4
16:24:11.0 (26202525)|HEAP_ALLOCATE|[51]|Bytes:4
16:24:11.0 (26205282)|VARIABLE_ASSIGNMENT|[51]|j|30
16:24:11.0 (26206962)|STATEMENT_EXECUTE|[51]
16:24:11.0 (26208321)|STATEMENT_EXECUTE|[54]
16:24:11.0 (26209345)|STATEMENT_EXECUTE|[55]
16:24:11.0 (26215335)|HEAP_ALLOCATE|[55]|Bytes:2
16:24:11.0 (26222687)|HEAP_ALLOCATE|[55]|Bytes:2
16:24:11.0 (26227715)|HEAP_ALLOCATE|[55]|Bytes:5
16:24:11.0 (26232651)|HEAP_ALLOCATE|[55]|Bytes:2
16:24:11.0 (26239742)|HEAP_ALLOCATE|[55]|Bytes:2
16:24:11.0 (26244504)|HEAP_ALLOCATE|[55]|Bytes:5
16:24:11.0 (26248921)|HEAP_ALLOCATE|[EXTERNAL]|Bytes:4
16:24:11.0 (26252101)|HEAP_ALLOCATE|[51]|Bytes:4
16:24:11.0 (26254839)|VARIABLE_ASSIGNMENT|[51]|j|60
16:24:11.0 (26256704)|HEAP_ALLOCATE|[50]|Bytes:4
16:24:11.0 (26259032)|VARIABLE_ASSIGNMENT|[50]|i|18
16:24:11.0 (26260679)|STATEMENT_EXECUTE|[50]
16:24:11.0 (26261907)|STATEMENT_EXECUTE|[51]
16:24:11.0 (26263472)|VARIABLE_SCOPE_BEGIN|[51]|j|Integer|false|false
16:24:11.0 (26264888)|HEAP_ALLOCATE|[51]|Bytes:4
16:24:11.0 (26267177)|VARIABLE_ASSIGNMENT|[51]|j|0
16:24:11.0 (26268724)|STATEMENT_EXECUTE|[51]
16:24:11.0 (26270026)|STATEMENT_EXECUTE|[52]
16:24:11.0 (26271042)|STATEMENT_EXECUTE|[53]
16:24:11.0 (26276708)|HEAP_ALLOCATE|[53]|Bytes:2
16:24:11.0 (26284891)|HEAP_ALLOCATE|[53]|Bytes:1
16:24:11.0 (26289817)|HEAP_ALLOCATE|[53]|Bytes:5
16:24:11.0 (26294684)|HEAP_ALLOCATE|[53]|Bytes:2
16:24:11.0 (26301719)|HEAP_ALLOCATE|[53]|Bytes:1
16:24:11.0 (26306580)|HEAP_ALLOCATE|[53]|Bytes:5
16:24:11.0 (26311178)|HEAP_ALLOCATE|[EXTERNAL]|Bytes:4
16:24:11.0 (26314716)|HEAP_ALLOCATE|[51]|Bytes:4
16:24:11.0 (26317418)|VARIABLE_ASSIGNMENT|[51]|j|30
16:24:11.0 (26319040)|STATEMENT_EXECUTE|[51]
16:24:11.0 (26320388)|STATEMENT_EXECUTE|[54]
16:24:11.0 (26321412)|STATEMENT_EXECUTE|[55]
16:24:11.0 (26326808)|HEAP_ALLOCATE|[55]|Bytes:2
16:24:11.0 (26334375)|HEAP_ALLOCATE|[55]|Bytes:2
16:24:11.0 (26339356)|HEAP_ALLOCATE|[55]|Bytes:5
16:24:11.0 (26344269)|HEAP_ALLOCATE|[55]|Bytes:2
16:24:11.0 (26351304)|HEAP_ALLOCATE|[55]|Bytes:2
16:24:11.0 (26356055)|HEAP_ALLOCATE|[55]|Bytes:5
16:24:11.0 (26360461)|HEAP_ALLOCATE|[EXTERNAL]|Bytes:4
16:24:11.0 (26363674)|HEAP_ALLOCATE|[51]|Bytes:4
16:24:11.0 (26366446)|VARIABLE_ASSIGNMENT|[51]|j|60
16:24:11.0 (26368365)|HEAP_ALLOCATE|[50]|Bytes:4
16:24:11.0 (26371301)|VARIABLE_ASSIGNMENT|[50]|i|19
16:24:11.0 (26373020)|STATEMENT_EXECUTE|[50]
16:24:11.0 (26374236)|STATEMENT_EXECUTE|[51]
16:24:11.0 (26375864)|VARIABLE_SCOPE_BEGIN|[51]|j|Integer|false|false
16:24:11.0 (26377266)|HEAP_ALLOCATE|[51]|Bytes:4
16:24:11.0 (26379551)|VARIABLE_ASSIGNMENT|[51]|j|0
16:24:11.0 (26381069)|STATEMENT_EXECUTE|[51]
16:24:11.0 (26382382)|STATEMENT_EXECUTE|[52]
16:24:11.0 (26383445)|STATEMENT_EXECUTE|[53]
16:24:11.0 (26389463)|HEAP_ALLOCATE|[53]|Bytes:2
16:24:11.0 (26397044)|HEAP_ALLOCATE|[53]|Bytes:1
16:24:11.0 (26402131)|HEAP_ALLOCATE|[53]|Bytes:5
16:24:11.0 (26407070)|HEAP_ALLOCATE|[53]|Bytes:2
16:24:11.0 (26414091)|HEAP_ALLOCATE|[53]|Bytes:1
16:24:11.0 (26418804)|HEAP_ALLOCATE|[53]|Bytes:5
16:24:11.0 (26423401)|HEAP_ALLOCATE|[EXTERNAL]|Bytes:4
16:24:11.0 (26426762)|HEAP_ALLOCATE|[51]|Bytes:4
16:24:11.0 (26429509)|VARIABLE_ASSIGNMENT|[51]|j|30
16:24:11.0 (26431211)|STATEMENT_EXECUTE|[51]
16:24:11.0 (26432570)|STATEMENT_EXECUTE|[54]
16:24:11.0 (26433611)|STATEMENT_EXECUTE|[55]
16:24:11.0 (26439499)|HEAP_ALLOCATE|[55]|Bytes:2
16:24:11.0 (26447147)|HEAP_ALLOCATE|[55]|Bytes:2
16:24:11.0 (26452095)|HEAP_ALLOCATE|[55]|Bytes:5
16:24:11.0 (26456896)|HEAP_ALLOCATE|[55]|Bytes:2
16:24:11.0 (26463906)|HEAP_ALLOCATE|[55]|Bytes:2
16:24:11.0 (26468620)|HEAP_ALLOCATE|[55]|Bytes:5
16:24:11.0 (26473072)|HEAP_ALLOCATE|[EXTERNAL]|Bytes:4
16:24:11.0 (26476274)|HEAP_ALLOCATE|[51]|Bytes:4
16:24:11.0 (26478995)|VARIABLE_ASSIGNMENT|[51]|j|60
16:24:11.0 (26483505)|HEAP_ALLOCATE|[50]|Bytes:4
16:24:11.0 (26486033)|VARIABLE_ASSIGNMENT|[50]|i|20
16:24:11.0 (26487854)|STATEMENT_EXECUTE|[50]
16:24:11.0 (26489104)|STATEMENT_EXECUTE|[51]
16:24:11.0 (26490811)|VARIABLE_SCOPE_BEGIN|[51]|j|Integer|false|false
16:24:11.0 (26492241)|HEAP_ALLOCATE|[51]|Bytes:4
16:24:11.0 (26494837)|VARIABLE_ASSIGNMENT|[51]|j|0
16:24:11.0 (26496372)|STATEMENT_EXECUTE|[51]
16:24:11.0 (26497710)|STATEMENT_EXECUTE|[52]
16:24:11.0 (26498820)|STATEMENT_EXECUTE|[53]
16:24:11.0 (26504712)|HEAP_ALLOCATE|[53]|Bytes:2
16:24:11.0 (26512383)|HEAP_ALLOCATE|[53]|Bytes:1
16:24:11.0 (26517577)|HEAP_ALLOCATE|[53]|Bytes:5
16:24:11.0 (26522513)|HEAP_ALLOCATE|[53]|Bytes:2
16:24:11.0 (26529559)|HEAP_ALLOCATE|[53]|Bytes:1
16:24:11.0 (26534387)|HEAP_ALLOCATE|[53]|Bytes:5
16:24:11.0 (26538990)|HEAP_ALLOCATE|[EXTERNAL]|Bytes:4
16:24:11.0 (26542500)|HEAP_ALLOCATE|[51]|Bytes:4
16:24:11.0 (26545401)|VARIABLE_ASSIGNMENT|[51]|j|30
16:24:11.0 (26547256)|STATEMENT_EXECUTE|[51]
16:24:11.0 (26548619)|STATEMENT_EXECUTE|[54]
16:24:11.0 (26549643)|STATEMENT_EXECUTE|[55]
16:24:11.0 (26554996)|HEAP_ALLOCATE|[55]|Bytes:2
16:24:11.0 (26562620)|HEAP_ALLOCATE|[55]|Bytes:2
16:24:11.0 (26569726)|HEAP_ALLOCATE|[55]|Bytes:5
16:24:11.0 (26574876)|HEAP_ALLOCATE|[55]|Bytes:2
16:24:11.0 (26581938)|HEAP_ALLOCATE|[55]|Bytes:2
16:24:11.0 (26586706)|HEAP_ALLOCATE|[55]|Bytes:5
16:24:11.0 (26591425)|HEAP_ALLOCATE|[EXTERNAL]|Bytes:4
16:24:11.0 (26594726)|HEAP_ALLOCATE|[51]|Bytes:4
16:24:11.0 (26597734)|VARIABLE_ASSIGNMENT|[51]|j|60
16:24:11.0 (26599897)|HEAP_ALLOCATE|[50]|Bytes:4
16:24:11.0 (26602510)|VARIABLE_ASSIGNMENT|[50]|i|21
16:24:11.0 (26604306)|STATEMENT_EXECUTE|[50]
16:24:11.0 (26605563)|STATEMENT_EXECUTE|[51]
16:24:11.0 (26607143)|VARIABLE_SCOPE_BEGIN|[51]|j|Integer|false|false
16:24:11.0 (26608534)|HEAP_ALLOCATE|[51]|Bytes:4
16:24:11.0 (26610881)|VARIABLE_ASSIGNMENT|[51]|j|0
16:24:11.0 (26612413)|STATEMENT_EXECUTE|[51]
16:24:11.0 (26613716)|STATEMENT_EXECUTE|[52]
16:24:11.0 (26614742)|STATEMENT_EXECUTE|[53]
16:24:11.0 (26620416)|HEAP_ALLOCATE|[53]|Bytes:2
16:24:11.0 (26627856)|HEAP_ALLOCATE|[53]|Bytes:1
16:24:11.0 (26632765)|HEAP_ALLOCATE|[53]|Bytes:5
16:24:11.0 (26637604)|HEAP_ALLOCATE|[53]|Bytes:2
16:24:11.0 (26644836)|HEAP_ALLOCATE|[53]|Bytes:1
16:24:11.0 (26649615)|HEAP_ALLOCATE|[53]|Bytes:5
16:24:11.0 (26654315)|HEAP_ALLOCATE|[EXTERNAL]|Bytes:4
16:24:11.0 (26657787)|HEAP_ALLOCATE|[51]|Bytes:4
16:24:11.0 (26660593)|VARIABLE_ASSIGNMENT|[51]|j|30
16:24:11.0 (26662349)|STATEMENT_EXECUTE|[51]
16:24:11.0 (26663730)|STATEMENT_EXECUTE|[54]
16:24:11.0 (26664754)|STATEMENT_EXECUTE|[55]
16:24:11.0 (26670397)|HEAP_ALLOCATE|[55]|Bytes:2
16:24:11.0 (26677993)|HEAP_ALLOCATE|[55]|Bytes:2
16:24:11.0 (26682872)|HEAP_ALLOCATE|[55]|Bytes:5
16:24:11.0 (26687828)|HEAP_ALLOCATE|[55]|Bytes:2
16:24:11.0 (26694945)|HEAP_ALLOCATE|[55]|Bytes:2
16:24:11.0 (26699660)|HEAP_ALLOCATE|[55]|Bytes:5
16:24:11.0 (26704205)|HEAP_ALLOCATE|[EXTERNAL]|Bytes:4
16:24:11.0 (26707451)|HEAP_ALLOCATE|[51]|Bytes:4
16:24:11.0 (26710274)|VARIABLE_ASSIGNMENT|[51]|j|60
16:24:11.0 (26712154)|HEAP_ALLOCATE|[50]|Bytes:4
16:24:11.0 (26714494)|VARIABLE_ASSIGNMENT|[50]|i|22
16:24:11.0 (26716208)|STATEMENT_EXECUTE|[50]
16:24:11.0 (26717415)|STATEMENT_EXECUTE|[51]
16:24:11.0 (26719019)|VARIABLE_SCOPE_BEGIN|[51]|j|Integer|false|false
16:24:11.0 (26720425)|HEAP_ALLOCATE|[51]|Bytes:4
16:24:11.0 (26722764)|VARIABLE_ASSIGNMENT|[51]|j|0
16:24:11.0 (26724300)|STATEMENT_EXECUTE|[51]
16:24:11.0 (26725594)|STATEMENT_EXECUTE|[52]
16:24:11.0 (26726613)|STATEMENT_EXECUTE|[53]
16:24:11.0 (26732207)|HEAP_ALLOCATE|[53]|Bytes:2
16:24:11.0 (26739940)|HEAP_ALLOCATE|[53]|Bytes:1
16:24:11.0 (26745268)|HEAP_ALLOCATE|[53]|Bytes:5
16:24:11.0 (26750138)|HEAP_ALLOCATE|[53]|Bytes:2
16:24:11.0 (26757257)|HEAP_ALLOCATE|[53]|Bytes:1
16:24:11.0 (26762123)|HEAP_ALLOCATE|[53]|Bytes:5
16:24:11.0 (26766741)|HEAP_ALLOCATE|[EXTERNAL]|Bytes:4
16:24:11.0 (26770097)|HEAP_ALLOCATE|[51]|Bytes:4
16:24:11.0 (26772900)|VARIABLE_ASSIGNMENT|[51]|j|30
16:24:11.0 (26774605)|STATEMENT_EXECUTE|[51]
16:24:11.0 (26775956)|STATEMENT_EXECUTE|[54]
16:24:11.0 (26776987)|STATEMENT_EXECUTE|[55]
16:24:11.0 (26782493)|HEAP_ALLOCATE|[55]|Bytes:2
16:24:11.0 (26789963)|HEAP_ALLOCATE|[55]|Bytes:2
16:24:11.0 (26794892)|HEAP_ALLOCATE|[55]|Bytes:5
16:24:11.0 (26799677)|HEAP_ALLOCATE|[55]|Bytes:2
16:24:11.0 (26806762)|HEAP_ALLOCATE|[55]|Bytes:2
16:24:11.0 (26811703)|HEAP_ALLOCATE|[55]|Bytes:5
16:24:11.0 (26816197)|HEAP_ALLOCATE|[EXTERNAL]|Bytes:4
16:24:11.0 (26819396)|HEAP_ALLOCATE|[51]|Bytes:4
16:24:11.0 (26822174)|VARIABLE_ASSIGNMENT|[51]|j|60
16:24:11.0 (26824012)|HEAP_ALLOCATE|[50]|Bytes:4
16:24:11.0 (26826659)|VARIABLE_ASSIGNMENT|[50]|i|23
16:24:11.0 (26828373)|STATEMENT_EXECUTE|[50]
16:24:11.0 (26829569)|STATEMENT_EXECUTE|[51]
16:24:11.0 (26831092)|VARIABLE_SCOPE_BEGIN|[51]|j|Integer|false|false
16:24:11.0 (26832528)|HEAP_ALLOCATE|[51]|Bytes:4
16:24:11.0 (26834867)|VARIABLE_ASSIGNMENT|[51]|j|0
16:24:11.0 (26836374)|STATEMENT_EXECUTE|[51]
16:24:11.0 (26837697)|STATEMENT_EXECUTE|[52]
16:24:11.0 (26838709)|STATEMENT_EXECUTE|[53]
16:24:11.0 (26844119)|HEAP_ALLOCATE|[53]|Bytes:2
16:24:11.0 (26851610)|HEAP_ALLOCATE|[53]|Bytes:1
16:24:11.0 (26856580)|HEAP_ALLOCATE|[53]|Bytes:5
16:24:11.0 (26861502)|HEAP_ALLOCATE|[53]|Bytes:2
16:24:11.0 (26868709)|HEAP_ALLOCATE|[53]|Bytes:1
16:24:11.0 (26873601)|HEAP_ALLOCATE|[53]|Bytes:5
16:24:11.0 (26878117)|HEAP_ALLOCATE|[EXTERNAL]|Bytes:4
16:24:11.0 (26881445)|HEAP_ALLOCATE|[51]|Bytes:4
16:24:11.0 (26884128)|VARIABLE_ASSIGNMENT|[51]|j|30
16:24:11.0 (26885816)|STATEMENT_EXECUTE|[51]
16:24:11.0 (26887138)|STATEMENT_EXECUTE|[54]
16:24:11.0 (26888158)|STATEMENT_EXECUTE|[55]
16:24:11.0 (26893925)|HEAP_ALLOCATE|[55]|Bytes:2
16:24:11.0 (26901429)|HEAP_ALLOCATE|[55]|Bytes:2
16:24:11.0 (26906358)|HEAP_ALLOCATE|[55]|Bytes:5
16:24:11.0 (26911325)|HEAP_ALLOCATE|[55]|Bytes:2
16:24:11.0 (26918561)|HEAP_ALLOCATE|[55]|Bytes:2
16:24:11.0 (26923634)|HEAP_ALLOCATE|[55]|Bytes:5
16:24:11.0 (26928208)|HEAP_ALLOCATE|[EXTERNAL]|Bytes:4
16:24:11.0 (26931440)|HEAP_ALLOCATE|[51]|Bytes:4
16:24:11.0 (26934150)|VARIABLE_ASSIGNMENT|[51]|j|60
16:24:11.0 (26936043)|HEAP_ALLOCATE|[50]|Bytes:4
16:24:11.0 (26938395)|VARIABLE_ASSIGNMENT|[50]|i|24
16:24:11.0 (26940427)|STATEMENT_EXECUTE|[59]
16:24:11.0 (27037560)|SYSTEM_MODE_ENTER|true
16:24:11.0 (27062453)|HEAP_ALLOCATE|[EXTERNAL]|Bytes:80
16:24:11.0 (27108323)|VARIABLE_ASSIGNMENT|[EXTERNAL]|this|{"delToHub":false,"delToProj":true,"detail":"0xa2b22b5","invoked":false,"rejected":false,"reserved":false,"selectedTime4":"8:00","sublocations1":"0x2a312b1f","www":"0x7dda9938","wwwById":"0x2371df92"}|0x69e7cb7a
16:24:11.0 (27114750)|STATEMENT_EXECUTE|[86]
16:24:11.0 (27118850)|STATEMENT_EXECUTE|[87]
16:24:11.0 (27120425)|STATEMENT_EXECUTE|[91]
16:24:11.29 (29960770)|SYSTEM_MODE_ENTER|true
16:24:11.29 (30001857)|HEAP_ALLOCATE|[EXTERNAL]|Bytes:8
16:24:11.29 (30007631)|VARIABLE_SCOPE_BEGIN|[88]|this|ApexPage.PageMessagesComponentController|true|false
16:24:11.29 (30024345)|VARIABLE_ASSIGNMENT|[88]|this|{}|0x578b91e3
16:24:11.29 (30026774)|VARIABLE_SCOPE_BEGIN|[88]|escape|Boolean|false|false
16:24:11.29 (30030174)|VARIABLE_ASSIGNMENT|[88]|escape|null
16:24:11.0 (30568901)|SYSTEM_MODE_ENTER|true
16:24:11.0 (30592959)|HEAP_ALLOCATE|[EXTERNAL]|Bytes:4
16:24:11.0 (30596472)|HEAP_ALLOCATE|[EXTERNAL]|Bytes:80
16:24:11.0 (30605516)|VARIABLE_ASSIGNMENT|[EXTERNAL]|this.selectedTime4|"8:00"|0x69e7cb7a
16:24:11.0 (30642562)|SYSTEM_MODE_ENTER|true
16:24:11.0 (30661371)|HEAP_ALLOCATE|[EXTERNAL]|Bytes:80
16:24:11.0 (30703728)|VARIABLE_ASSIGNMENT|[EXTERNAL]|this|{"delToHub":false,"delToProj":true,"detail":"0xa2b22b5","invoked":false,"rejected":false,"reserved":false,"selectedTime4":"8:00","sublocations1":"0x2a312b1f","www":"0x7dda9938","wwwById":"0x2371df92"}|0x69e7cb7a
16:24:11.0 (30709667)|STATEMENT_EXECUTE|[3]
16:24:11.0 (30712401)|STATEMENT_EXECUTE|[4]
16:24:11.0 (30713660)|STATEMENT_EXECUTE|[9]
16:24:11.0 (30992654)|SYSTEM_MODE_ENTER|true
16:24:11.0 (31011359)|HEAP_ALLOCATE|[EXTERNAL]|Bytes:80
16:24:11.0 (31052122)|VARIABLE_ASSIGNMENT|[EXTERNAL]|this|{"delToHub":false,"delToProj":true,"detail":"0xa2b22b5","invoked":false,"rejected":false,"reserved":false,"selectedTime4":"8:00","sublocations1":"0x2a312b1f","www":"0x7dda9938","wwwById":"0x2371df92"}|0x69e7cb7a
16:24:11.0 (31058205)|STATEMENT_EXECUTE|[212]
16:24:11.0 (31060681)|STATEMENT_EXECUTE|[213]
16:24:11.0 (31062172)|STATEMENT_EXECUTE|[216]
16:24:11.0 (31097544)|SYSTEM_MODE_ENTER|true
16:24:11.0 (31111741)|HEAP_ALLOCATE|[EXTERNAL]|Bytes:80
16:24:11.0 (31151492)|VARIABLE_ASSIGNMENT|[EXTERNAL]|this|{"delToHub":false,"delToProj":true,"detail":"0xa2b22b5","invoked":false,"rejected":false,"reserved":false,"selectedTime4":"8:00","sublocations1":"0x2a312b1f","www":"0x7dda9938","wwwById":"0x2371df92"}|0x69e7cb7a
16:24:11.0 (31156909)|STATEMENT_EXECUTE|[21]
16:24:11.0 (31159082)|STATEMENT_EXECUTE|[22]
16:24:11.0 (31160387)|STATEMENT_EXECUTE|[26]
16:24:11.0 (31794740)|HEAP_ALLOCATE|[EXTERNAL]|Bytes:80
16:24:11.0 (31801750)|VARIABLE_SCOPE_BEGIN|[309]|this|NewDeliveredExtension|true|false
16:24:11.0 (31841941)|VARIABLE_ASSIGNMENT|[309]|this|{"delToHub":false,"delToProj":true,"detail":"0xa2b22b5","invoked":false,"rejected":false,"reserved":false,"selectedTime4":"8:00","sublocations1":"0x2a312b1f","www":"0x7dda9938","wwwById":"0x2371df92"}|0x69e7cb7a
16:24:11.0 (31848856)|STATEMENT_EXECUTE|[309]
16:24:11.0 (31850379)|STATEMENT_EXECUTE|[310]
16:24:11.0 (31910217)|VARIABLE_ASSIGNMENT|[EXTERNAL]|this|{"delToHub":false,"delToProj":true,"detail":"0xa2b22b5","invoked":false,"rejected":false,"reserved":false,"selectedTime4":"8:00","sublocations1":"0x2a312b1f","www":"0x7dda9938","wwwById":"0x2371df92"}|0x69e7cb7a
16:24:11.0 (31914611)|STATEMENT_EXECUTE|[3]
16:24:11.0 (31917338)|STATEMENT_EXECUTE|[4]
16:24:11.0 (31918901)|STATEMENT_EXECUTE|[9]
16:24:11.0 (31982604)|VARIABLE_ASSIGNMENT|[310]|this.Location__c|null|0xa2b22b5
16:24:11.0 (31985858)|STATEMENT_EXECUTE|[311]
16:24:11.0 (31989698)|HEAP_ALLOCATE|[311]|Bytes:7
16:24:11.0 (32041157)|VARIABLE_ASSIGNMENT|[EXTERNAL]|this|{"delToHub":false,"delToProj":true,"detail":"0xa2b22b5","invoked":false,"rejected":false,"reserved":false,"selectedTime4":"8:00","sublocations1":"0x2a312b1f","www":"0x7dda9938","wwwById":"0x2371df92"}|0x69e7cb7a
16:24:11.0 (32046148)|STATEMENT_EXECUTE|[21]
16:24:11.0 (32048176)|STATEMENT_EXECUTE|[22]
16:24:11.0 (32049376)|STATEMENT_EXECUTE|[26]
16:24:11.0 (32094053)|HEAP_ALLOCATE|[311]|Bytes:38
16:24:11.0 (32108582)|HEAP_ALLOCATE|[311]|Bytes:45
16:24:11.0 (32129764)|USER_DEBUG|[311]|DEBUG|set wwwWWW__c:{Project__c=a0q0E0000008ahlQAA}
16:24:11.0 (32139973)|STATEMENT_EXECUTE|[312]
16:24:11.0 (32187417)|VARIABLE_ASSIGNMENT|[EXTERNAL]|this|{"delToHub":false,"delToProj":true,"detail":"0xa2b22b5","invoked":false,"rejected":false,"reserved":false,"selectedTime4":"8:00","sublocations1":"0x2a312b1f","www":"0x7dda9938","wwwById":"0x2371df92"}|0x69e7cb7a
16:24:11.0 (32191459)|STATEMENT_EXECUTE|[3]
16:24:11.0 (32193443)|STATEMENT_EXECUTE|[4]
16:24:11.0 (32194678)|STATEMENT_EXECUTE|[9]
16:24:11.0 (32307136)|VARIABLE_ASSIGNMENT|[EXTERNAL]|this|{"delToHub":false,"delToProj":true,"detail":"0xa2b22b5","invoked":false,"rejected":false,"reserved":false,"selectedTime4":"8:00","sublocations1":"0x2a312b1f","www":"0x7dda9938","wwwById":"0x2371df92"}|0x69e7cb7a
16:24:11.0 (32324557)|VARIABLE_ASSIGNMENT|[EXTERNAL]|value|{"Id":"a0t0E0000004UUSQA2","Project__c":"a0q0E0000008ahlQAA","Item__c":"a0A0E0000001PilUAE","Hub_Building_Site__c":"a020E000000zEM2QAM","Actueel_aantal_palle (12 more) ...":0,"Name":"WWW-13541"}|0x365a07c9
16:24:11.0 (32342693)|VARIABLE_ASSIGNMENT|[20]|this.www|{"Id":"a0t0E0000004UUSQA2","Project__c":"a0q0E0000008ahlQAA","Item__c":"a0A0E0000001PilUAE","Hub_Building_Site__c":"a020E000000zEM2QAM","Actueel_aantal_palle (12 more) ...":0,"Name":"WWW-13541"}|0x69e7cb7a
16:24:11.0 (32349118)|STATEMENT_EXECUTE|[313]
16:24:11.0 (32388984)|VARIABLE_ASSIGNMENT|[EXTERNAL]|this|{"delToHub":false,"delToProj":true,"detail":"0xa2b22b5","invoked":false,"rejected":false,"reserved":false,"selectedTime4":"8:00","sublocations1":"0x2a312b1f","www":"0x365a07c9","wwwById":"0x2371df92"}|0x69e7cb7a
16:24:11.0 (32392544)|STATEMENT_EXECUTE|[21]
16:24:11.0 (32394502)|STATEMENT_EXECUTE|[22]
16:24:11.0 (32395671)|STATEMENT_EXECUTE|[26]
16:24:11.0 (32464051)|HEAP_ALLOCATE|[313]|Bytes:182
16:24:11.0 (32476473)|HEAP_ALLOCATE|[313]|Bytes:189
16:24:11.0 (32486042)|USER_DEBUG|[313]|DEBUG|set wwwWWW__c:{Id=a0t0E0000004UUSQA2, Project__c=a0q0E0000008ahlQAA, Item__c=a0A0E0000001PilUAE, Hub_Building_Site__c=a020E000000zEM2QAM, Actueel_aantal_palletplaatsen__c=0, Name=WWW-13541}
16:24:11.43 (43170648)|SYSTEM_MODE_ENTER|true
16:24:11.43 (43215251)|HEAP_ALLOCATE|[EXTERNAL]|Bytes:8
16:24:11.43 (43220625)|VARIABLE_SCOPE_BEGIN|[88]|this|ApexPage.PageMessagesComponentController|true|false
16:24:11.43 (43238374)|VARIABLE_ASSIGNMENT|[88]|this|{}|0x578b91e3
16:24:11.43 (43241186)|VARIABLE_SCOPE_BEGIN|[88]|escape|Boolean|false|false
16:24:11.43 (43244631)|VARIABLE_ASSIGNMENT|[88]|escape|null
16:24:11.43 (43319633)|SYSTEM_MODE_ENTER|true
16:24:11.43 (43345769)|HEAP_ALLOCATE|[EXTERNAL]|Bytes:8
16:24:11.43 (43350334)|VARIABLE_SCOPE_BEGIN|[2]|this|ApexPage.PageMessagesComponentController|true|false
16:24:11.43 (43364206)|VARIABLE_ASSIGNMENT|[2]|this|{}|0x578b91e3
16:24:11.0 (43655039)|SYSTEM_MODE_ENTER|true
16:24:11.0 (43690713)|HEAP_ALLOCATE|[EXTERNAL]|Bytes:80
16:24:11.0 (43740324)|VARIABLE_ASSIGNMENT|[EXTERNAL]|this|{"delToHub":false,"delToProj":true,"detail":"0xa2b22b5","invoked":false,"rejected":false,"reserved":false,"selectedTime4":"8:00","sublocations1":"0x2a312b1f","www":"0x365a07c9","wwwById":"0x2371df92"}|0x69e7cb7a
16:24:11.0 (43747356)|STATEMENT_EXECUTE|[196]
16:24:11.0 (43750281)|STATEMENT_EXECUTE|[197]
16:24:11.0 (43751701)|STATEMENT_EXECUTE|[200]
16:24:11.0 (43798630)|SYSTEM_MODE_ENTER|true
16:24:11.0 (43816548)|HEAP_ALLOCATE|[EXTERNAL]|Bytes:80
16:24:11.0 (43853411)|VARIABLE_ASSIGNMENT|[EXTERNAL]|this|{"delToHub":false,"delToProj":true,"detail":"0xa2b22b5","invoked":false,"rejected":false,"reserved":false,"selectedTime4":"8:00","sublocations1":"0x2a312b1f","www":"0x365a07c9","wwwById":"0x2371df92"}|0x69e7cb7a
16:24:11.0 (43858988)|STATEMENT_EXECUTE|[229]
16:24:11.0 (43860984)|STATEMENT_EXECUTE|[230]
16:24:11.0 (43862152)|STATEMENT_EXECUTE|[233]
16:24:11.0 (43897410)|SYSTEM_MODE_ENTER|true
16:24:11.0 (43911508)|HEAP_ALLOCATE|[EXTERNAL]|Bytes:80
16:24:11.0 (43945024)|VARIABLE_ASSIGNMENT|[EXTERNAL]|this|{"delToHub":false,"delToProj":true,"detail":"0xa2b22b5","invoked":false,"rejected":false,"reserved":false,"selectedTime4":"8:00","sublocations1":"0x2a312b1f","www":"0x365a07c9","wwwById":"0x2371df92"}|0x69e7cb7a
16:24:11.0 (43949568)|STATEMENT_EXECUTE|[204]
16:24:11.0 (43951391)|STATEMENT_EXECUTE|[205]
16:24:11.0 (43952665)|STATEMENT_EXECUTE|[208]
16:24:11.0 (43985150)|SYSTEM_MODE_ENTER|true
16:24:11.0 (43998856)|HEAP_ALLOCATE|[EXTERNAL]|Bytes:80
16:24:11.0 (44030760)|VARIABLE_ASSIGNMENT|[EXTERNAL]|this|{"delToHub":false,"delToProj":true,"detail":"0xa2b22b5","invoked":false,"rejected":false,"reserved":false,"selectedTime4":"8:00","sublocations1":"0x2a312b1f","www":"0x365a07c9","wwwById":"0x2371df92"}|0x69e7cb7a
16:24:11.0 (44035464)|STATEMENT_EXECUTE|[220]
16:24:11.0 (44037415)|STATEMENT_EXECUTE|[221]
16:24:11.0 (44038641)|STATEMENT_EXECUTE|[224]
16:24:11.0 (44090552)|SYSTEM_MODE_ENTER|true
16:24:11.0 (44105508)|HEAP_ALLOCATE|[EXTERNAL]|Bytes:80
16:24:11.0 (44143605)|VARIABLE_ASSIGNMENT|[EXTERNAL]|this|{"delToHub":false,"delToProj":true,"detail":"0xa2b22b5","invoked":false,"rejected":false,"reserved":false,"selectedTime4":"8:00","sublocations1":"0x2a312b1f","www":"0x365a07c9","wwwById":"0x2371df92"}|0x69e7cb7a
16:24:11.0 (44148503)|STATEMENT_EXECUTE|[3]
16:24:11.0 (44171991)|STATEMENT_EXECUTE|[4]
16:24:11.0 (44174650)|STATEMENT_EXECUTE|[9]
16:24:11.0 (45437985)|SYSTEM_MODE_ENTER|true
16:24:11.0 (45462018)|HEAP_ALLOCATE|[EXTERNAL]|Bytes:80
16:24:11.0 (45508274)|VARIABLE_ASSIGNMENT|[EXTERNAL]|this|{"delToHub":false,"delToProj":true,"detail":"0xa2b22b5","invoked":false,"rejected":false,"reserved":false,"selectedTime4":"8:00","sublocations1":"0x2a312b1f","www":"0x365a07c9","wwwById":"0x2371df92"}|0x69e7cb7a
16:24:11.0 (45514735)|STATEMENT_EXECUTE|[186]
16:24:11.0 (45517522)|STATEMENT_EXECUTE|[187]
16:24:11.0 (45518924)|STATEMENT_EXECUTE|[190]
16:24:11.0 (47270794)|SYSTEM_MODE_ENTER|true
16:24:11.0 (47293386)|HEAP_ALLOCATE|[EXTERNAL]|Bytes:80
16:24:11.0 (47338931)|VARIABLE_ASSIGNMENT|[EXTERNAL]|this|{"delToHub":false,"delToProj":true,"detail":"0xa2b22b5","invoked":false,"rejected":false,"reserved":false,"selectedTime4":"8:00","sublocations1":"0x2a312b1f","www":"0x365a07c9","wwwById":"0x2371df92"}|0x69e7cb7a
16:24:11.0 (47344954)|STATEMENT_EXECUTE|[212]
16:24:11.0 (47347618)|STATEMENT_EXECUTE|[213]
16:24:11.0 (47348937)|STATEMENT_EXECUTE|[216]
16:24:11.0 (47410600)|SYSTEM_MODE_ENTER|true
16:24:11.0 (47428998)|HEAP_ALLOCATE|[EXTERNAL]|Bytes:80
16:24:11.0 (47466524)|VARIABLE_ASSIGNMENT|[EXTERNAL]|this|{"delToHub":false,"delToProj":true,"detail":"0xa2b22b5","invoked":false,"rejected":false,"reserved":false,"selectedTime4":"8:00","sublocations1":"0x2a312b1f","www":"0x365a07c9","wwwById":"0x2371df92"}|0x69e7cb7a
16:24:11.0 (47471203)|STATEMENT_EXECUTE|[21]
16:24:11.0 (47473412)|STATEMENT_EXECUTE|[22]
16:24:11.0 (47474737)|STATEMENT_EXECUTE|[26]
16:24:11.0 (51112986)|SYSTEM_MODE_ENTER|true
16:24:11.0 (51152908)|HEAP_ALLOCATE|[EXTERNAL]|Bytes:80
16:24:11.0 (51160023)|VARIABLE_SCOPE_BEGIN|[284]|this|NewDeliveredExtension|true|false
16:24:11.0 (51204055)|VARIABLE_ASSIGNMENT|[284]|this|{"delToHub":false,"delToProj":true,"detail":"0xa2b22b5","invoked":false,"rejected":false,"reserved":false,"selectedTime4":"8:00","sublocations1":"0x2a312b1f","www":"0x365a07c9","wwwById":"0x2371df92"}|0x69e7cb7a
16:24:11.0 (51211688)|STATEMENT_EXECUTE|[284]
16:24:11.0 (51213357)|STATEMENT_EXECUTE|[285]
16:24:11.0 (51259196)|VARIABLE_ASSIGNMENT|[EXTERNAL]|this|{"delToHub":false,"delToProj":true,"detail":"0xa2b22b5","invoked":false,"rejected":false,"reserved":false,"selectedTime4":"8:00","sublocations1":"0x2a312b1f","www":"0x365a07c9","wwwById":"0x2371df92"}|0x69e7cb7a
16:24:11.0 (51263477)|STATEMENT_EXECUTE|[21]
16:24:11.0 (51265837)|STATEMENT_EXECUTE|[22]
16:24:11.0 (51267021)|STATEMENT_EXECUTE|[26]
16:24:11.0 (51309536)|HEAP_ALLOCATE|[285]|Bytes:18
16:24:11.0 (51318119)|HEAP_ALLOCATE|[285]|Bytes:16
16:24:11.0 (51322715)|HEAP_ALLOCATE|[285]|Bytes:34
16:24:11.0 (51333083)|USER_DEBUG|[285]|DEBUG|a0t0E0000004UUSQA2 Delivered_2_Hub
16:24:11.0 (51337830)|STATEMENT_EXECUTE|[286]
16:24:11.0 (51342526)|HEAP_ALLOCATE|[286]|Bytes:4
16:24:11.0 (51361329)|VARIABLE_SCOPE_BEGIN|[286]|options|List<System.SelectOption>|true|false
16:24:11.0 (51374513)|HEAP_ALLOCATE|[EXTERNAL]|Bytes:4
16:24:11.0 (51382679)|VARIABLE_ASSIGNMENT|[286]|options|[]|0x62916f95
16:24:11.0 (51384942)|STATEMENT_EXECUTE|[287]
16:24:11.0 (51388521)|HEAP_ALLOCATE|[287]|Bytes:4
16:24:11.0 (51476545)|VARIABLE_ASSIGNMENT|[EXTERNAL]|this|{"delToHub":false,"delToProj":true,"detail":"0xa2b22b5","invoked":false,"rejected":false,"reserved":false,"selectedTime4":"8:00","sublocations1":"0x2a312b1f","www":"0x365a07c9","wwwById":"0x2371df92"}|0x69e7cb7a
16:24:11.0 (51493251)|HEAP_ALLOCATE|[EXTERNAL]|Bytes:4
16:24:11.0 (51497831)|VARIABLE_ASSIGNMENT|[EXTERNAL]|value|[]|0x6c0e3602
16:24:11.0 (51507611)|VARIABLE_ASSIGNMENT|[185]|this.sublocations1|[]|0x69e7cb7a
16:24:11.0 (51551435)|VARIABLE_ASSIGNMENT|[EXTERNAL]|this|{"delToHub":false,"delToProj":true,"detail":"0xa2b22b5","invoked":false,"rejected":false,"reserved":false,"selectedTime4":"8:00","sublocations1":"0x6c0e3602","www":"0x365a07c9","wwwById":"0x2371df92"}|0x69e7cb7a
16:24:11.0 (51555076)|STATEMENT_EXECUTE|[21]
16:24:11.0 (51557037)|STATEMENT_EXECUTE|[22]
16:24:11.0 (51558303)|STATEMENT_EXECUTE|[26]
16:24:11.0 (51589032)|VARIABLE_ASSIGNMENT|[EXTERNAL]|this|{"delToHub":false,"delToProj":true,"detail":"0xa2b22b5","invoked":false,"rejected":false,"reserved":false,"selectedTime4":"8:00","sublocations1":"0x6c0e3602","www":"0x365a07c9","wwwById":"0x2371df92"}|0x69e7cb7a
16:24:11.0 (51592377)|STATEMENT_EXECUTE|[21]
16:24:11.0 (51594063)|STATEMENT_EXECUTE|[22]
16:24:11.0 (51595112)|STATEMENT_EXECUTE|[26]
16:24:11.0 (51605719)|STATEMENT_EXECUTE|[289]
16:24:11.0 (51606959)|STATEMENT_EXECUTE|[290]
16:24:11.0 (51609837)|HEAP_ALLOCATE|[290]|Bytes:134
16:24:11.0 (51620698)|HEAP_ALLOCATE|[290]|Bytes:4
16:24:11.0 (51628818)|HEAP_ALLOCATE|[290]|Bytes:7
16:24:11.0 (51667832)|VARIABLE_ASSIGNMENT|[EXTERNAL]|this|{"delToHub":false,"delToProj":true,"detail":"0xa2b22b5","invoked":false,"rejected":false,"reserved":false,"selectedTime4":"8:00","sublocations1":"0x6c0e3602","www":"0x365a07c9","wwwById":"0x2371df92"}|0x69e7cb7a
16:24:11.0 (51671399)|STATEMENT_EXECUTE|[21]
16:24:11.0 (51673115)|STATEMENT_EXECUTE|[22]
16:24:11.0 (51674269)|STATEMENT_EXECUTE|[26]
16:24:11.0 (54117288)|SOQL_EXECUTE_BEGIN|[290]|Aggregations:0|SELECT Id, Location__c, Location__r.Name FROM WWW_detail__c WHERE (WWW__c = :tmpVar1 AND RecordType.DeveloperName = 'Delivered_2_Hub')
16:24:11.0 (58447187)|SOQL_EXECUTE_END|[290]|Rows:1
16:24:11.0 (58465633)|HEAP_ALLOCATE|[290]|Bytes:8
16:24:11.0 (58488252)|HEAP_ALLOCATE|[290]|Bytes:185
16:24:11.0 (58537030)|HEAP_ALLOCATE|[290]|Bytes:8
16:24:11.0 (58547339)|VARIABLE_SCOPE_BEGIN|[290]|detailsDelToHub|List<WWW_Detail__c>|true|false
16:24:11.0 (58570571)|VARIABLE_ASSIGNMENT|[290]|detailsDelToHub|[{"Id":"a0s0E0000004KPGQA2","Location__c":"a0B0E0000009YBFUA2","RecordTypeId":"01224000000Sn4MAAS","Location__r":{"Name":"1Q2W","Id":"a0B0E0000009YBFUA2","RecordTypeId":"01224000000B1zdAAC"}}]|0x3b55d8c2
16:24:11.0 (58574605)|STATEMENT_EXECUTE|[293]
16:24:11.0 (58582416)|HEAP_ALLOCATE|[293]|Bytes:4
16:24:11.0 (58593323)|VARIABLE_SCOPE_BEGIN|[293]|locationsMap|Map<String,String>|true|false
16:24:11.0 (58604110)|VARIABLE_ASSIGNMENT|[293]|locationsMap|{}|0x5d56d235
16:24:11.0 (58752194)|HEAP_ALLOCATE|[294]|Bytes:5
16:24:11.0 (58783458)|HEAP_ALLOCATE|[294]|Bytes:20
16:24:11.0 (58792009)|VARIABLE_SCOPE_BEGIN|[294]|det|WWW_Detail__c|true|false
16:24:11.0 (58805980)|VARIABLE_ASSIGNMENT|[294]|det|{"Id":"a0s0E0000004KPGQA2","Location__c":"a0B0E0000009YBFUA2","RecordTypeId":"01224000000Sn4MAAS","Location__r":{"Name":"1Q2W","Id":"a0B0E0000009YBFUA2","RecordTypeId":"01224000000B1zdAAC"}}|0xed89be3
16:24:11.0 (58810445)|STATEMENT_EXECUTE|[294]
16:24:11.0 (58833588)|STATEMENT_EXECUTE|[295]
16:24:11.0 (58835252)|STATEMENT_EXECUTE|[297]
16:24:11.0 (58938089)|HEAP_ALLOCATE|[EXTERNAL]|Bytes:-4
16:24:11.0 (58952878)|HEAP_ALLOCATE|[294]|Bytes:5
16:24:11.0 (58963251)|VARIABLE_ASSIGNMENT|[294]|det|null|
16:24:11.0 (58966621)|STATEMENT_EXECUTE|[301]
16:24:11.0 (59017859)|HEAP_ALLOCATE|[EXTERNAL]|Bytes:4
16:24:11.0 (59028678)|HEAP_ALLOCATE|[302]|Bytes:4
16:24:11.0 (59071485)|HEAP_ALLOCATE|[302]|Bytes:26
16:24:11.0 (59084939)|HEAP_ALLOCATE|[302]|Bytes:4
16:24:11.0 (59102501)|HEAP_ALLOCATE|[302]|Bytes:5
16:24:11.0 (59112994)|VARIABLE_SCOPE_BEGIN|[302]|lcId|String|false|false
16:24:11.0 (59119707)|VARIABLE_ASSIGNMENT|[302]|lcId|"a0B0E0000009YBFUA2"
16:24:11.0 (59122288)|STATEMENT_EXECUTE|[303]
16:24:11.0 (59123588)|STATEMENT_EXECUTE|[304]
16:24:11.0 (59163457)|HEAP_ALLOCATE|[EXTERNAL]|Bytes:4
16:24:11.0 (59172860)|HEAP_ALLOCATE|[302]|Bytes:5
16:24:11.0 (59181374)|VARIABLE_ASSIGNMENT|[302]|lcId|null
16:24:11.0 (59184193)|STATEMENT_EXECUTE|[307]
16:24:11.0 (66930445)|VF_SERIALIZE_VIEWSTATE_BEGIN|06624000003h0Dg
16:24:11.0 (71002700)|VF_SERIALIZE_VIEWSTATE_END
16:24:11.73 (73681936)|CUMULATIVE_LIMIT_USAGE
16:24:11.73 (73681936)|LIMIT_USAGE_FOR_NS|(default)|
  Number of SOQL queries: 1 out of 100
  Number of query rows: 1 out of 50000
  Number of SOSL queries: 0 out of 20
  Number of DML statements: 0 out of 150
  Number of DML rows: 0 out of 10000
  Maximum CPU time: 0 out of 10000
  Maximum heap size: 0 out of 6000000
  Number of callouts: 0 out of 100
  Number of Email Invocations: 0 out of 10
  Number of future calls: 0 out of 50
  Number of queueable jobs added to the queue: 0 out of 50
  Number of Mobile Apex push calls: 0 out of 10

16:24:11.73 (73681936)|CUMULATIVE_LIMIT_USAGE_END

16:24:11.0 (73715455)|CODE_UNIT_FINISHED|VF: /apex/New_delivered_detail
16:24:11.0 (74563505)|EXECUTION_FINISHED
