38.0 APEX_CODE,DEBUG;APEX_PROFILING,INFO;CALLOUT,INFO;DB,INFO;SYSTEM,DEBUG;VALIDATION,INFO;VISUALFORCE,INFO;WAVE,INFO;WORKFLOW,INFO
11:05:52.0 (301235)|USER_INFO|[EXTERNAL]|00524000001e3Uj|bedrijfsbureau@gsa.nl.sandbox|Midden-Europese standaardtijd|GMT+02:00
11:05:52.0 (325069)|EXECUTION_STARTED
11:05:52.0 (328251)|CODE_UNIT_STARTED|[EXTERNAL]|06624000003h0Dg|VF: /apex/New_delivered_detail
11:05:52.0 (11372625)|SYSTEM_MODE_ENTER|true
11:05:52.0 (14184531)|SOQL_EXECUTE_BEGIN|[175]|Aggregations:0|SELECT Id, Name, DeveloperName FROM RecordType WHERE sObjectType = 'WWW_detail__c'
11:05:52.0 (25527391)|SOQL_EXECUTE_END|[175]|Rows:5
11:05:52.0 (28730564)|SYSTEM_MODE_ENTER|true
11:05:52.29 (29812169)|SYSTEM_MODE_ENTER|true
11:05:52.29 (29958510)|SYSTEM_MODE_ENTER|true
11:05:52.30 (30123897)|SYSTEM_MODE_ENTER|true
11:05:52.0 (30771647)|SYSTEM_MODE_ENTER|true
11:05:52.0 (30860147)|SYSTEM_MODE_ENTER|true
11:05:52.0 (30927121)|SYSTEM_MODE_ENTER|true
11:05:52.0 (30985915)|SYSTEM_MODE_ENTER|true
11:05:52.0 (31057136)|SYSTEM_MODE_ENTER|true
11:05:52.0 (31189706)|SYSTEM_MODE_ENTER|true
11:05:52.51 (51189512)|SYSTEM_MODE_ENTER|true
11:05:52.51 (51378926)|SYSTEM_MODE_ENTER|true
11:05:52.0 (60899788)|VF_SERIALIZE_VIEWSTATE_BEGIN|06624000003h0Dg
11:05:52.0 (64699560)|VF_SERIALIZE_VIEWSTATE_END
11:05:52.67 (67329567)|CUMULATIVE_LIMIT_USAGE
11:05:52.67 (67329567)|LIMIT_USAGE_FOR_NS|(default)|
  Number of SOQL queries: 1 out of 100
  Number of query rows: 5 out of 50000
  Number of SOSL queries: 0 out of 20
  Number of DML statements: 0 out of 150
  Number of DML rows: 0 out of 10000
  Maximum CPU time: 0 out of 10000
  Maximum heap size: 0 out of 6000000
  Number of callouts: 0 out of 100
  Number of Email Invocations: 0 out of 10
  Number of future calls: 0 out of 50
  Number of queueable jobs added to the queue: 0 out of 50
  Number of Mobile Apex push calls: 0 out of 10

11:05:52.67 (67329567)|CUMULATIVE_LIMIT_USAGE_END

11:05:52.0 (67358614)|CODE_UNIT_FINISHED|VF: /apex/New_delivered_detail
11:05:52.0 (68322267)|EXECUTION_FINISHED
