38.0 APEX_CODE,FINEST;APEX_PROFILING,INFO;CALLOUT,INFO;DB,INFO;SYSTEM,DEBUG;VALIDATION,INFO;VISUALFORCE,INFO;WAVE,INFO;WORKFLOW,INFO
13:28:10.0 (74222)|USER_INFO|[EXTERNAL]|00524000001e3Uj|bedrijfsbureau@gsa.nl.sandbox|Midden-Europese standaardtijd|GMT+01:00
13:28:10.0 (115770)|EXECUTION_STARTED
13:28:10.0 (121059)|CODE_UNIT_STARTED|[EXTERNAL]|06624000003h0Dg|VF: /apex/New_delivered_detail
13:28:10.0 (307289)|VF_DESERIALIZE_VIEWSTATE_BEGIN|06624000003h0Dg
13:28:10.0 (7606892)|HEAP_ALLOCATE|[72]|Bytes:3
13:28:10.0 (7651859)|HEAP_ALLOCATE|[77]|Bytes:152
13:28:10.0 (7669140)|HEAP_ALLOCATE|[342]|Bytes:408
13:28:10.0 (7684239)|HEAP_ALLOCATE|[355]|Bytes:408
13:28:10.0 (7697704)|HEAP_ALLOCATE|[467]|Bytes:48
13:28:10.0 (7729148)|HEAP_ALLOCATE|[139]|Bytes:6
13:28:10.0 (7769307)|HEAP_ALLOCATE|[50]|Bytes:5
13:28:10.0 (7790401)|HEAP_ALLOCATE|[56]|Bytes:5
13:28:10.0 (7796702)|HEAP_ALLOCATE|[64]|Bytes:7
13:28:10.0 (12665640)|VF_DESERIALIZE_VIEWSTATE_END
13:28:10.13 (13829234)|SYSTEM_MODE_ENTER|true
13:28:10.13 (13920339)|HEAP_ALLOCATE|[EXTERNAL]|Bytes:38
13:28:10.13 (13935608)|HEAP_ALLOCATE|[EXTERNAL]|Bytes:7
13:28:10.13 (13947563)|SYSTEM_METHOD_ENTRY|[1]|PageMessagesComponentController.PageMessagesComponentController()
13:28:10.13 (13953104)|STATEMENT_EXECUTE|[1]
13:28:10.15 (15039670)|SYSTEM_MODE_ENTER|true
13:28:10.15 (15091486)|HEAP_ALLOCATE|[EXTERNAL]|Bytes:8
13:28:10.15 (15097755)|VARIABLE_SCOPE_BEGIN|[88]|this|ApexPage.PageMessagesComponentController|true|false
13:28:10.15 (15136783)|VARIABLE_ASSIGNMENT|[88]|this|{}|0x9ad8de9
13:28:10.15 (15139943)|VARIABLE_SCOPE_BEGIN|[88]|escape|Boolean|false|false
13:28:10.15 (15145086)|VARIABLE_ASSIGNMENT|[88]|escape|null
13:28:10.0 (15445476)|SYSTEM_MODE_ENTER|true
13:28:10.0 (15653662)|HEAP_ALLOCATE|[EXTERNAL]|Bytes:11
13:28:10.0 (15663943)|HEAP_ALLOCATE|[EXTERNAL]|Bytes:408
13:28:10.0 (15668698)|HEAP_ALLOCATE|[EXTERNAL]|Bytes:120
13:28:10.0 (15672232)|HEAP_ALLOCATE|[EXTERNAL]|Bytes:108
13:28:10.0 (15681049)|METHOD_ENTRY|[1]|01p2400000DUtXT|NewDeliveredExtension.NewDeliveredExtension()
13:28:10.0 (15684635)|STATEMENT_EXECUTE|[1]
13:28:10.0 (15689032)|STATEMENT_EXECUTE|[1]
13:28:10.0 (15691209)|STATEMENT_EXECUTE|[527]
13:28:10.0 (15696527)|METHOD_EXIT|[1]|NewDeliveredExtension
13:28:10.0 (15701454)|HEAP_ALLOCATE|[EXTERNAL]|Bytes:80
13:28:10.0 (15788339)|VARIABLE_ASSIGNMENT|[EXTERNAL]|this|{"delToHub":true,"delToProj":false,"detail":"0x52190997","invoked":false,"rejected":false,"reserved":false,"selectedTime3":"8:00","sublocations1":"0x16511859","www":"0x6c883b19","wwwById":"0x4b76a673"}|0x114d9b2
13:28:10.0 (15796342)|STATEMENT_EXECUTE|[196]
13:28:10.0 (15801254)|STATEMENT_EXECUTE|[197]
13:28:10.0 (15803516)|STATEMENT_EXECUTE|[200]
13:28:10.0 (15887331)|SYSTEM_MODE_ENTER|true
13:28:10.0 (15913177)|HEAP_ALLOCATE|[EXTERNAL]|Bytes:80
13:28:10.0 (15979000)|VARIABLE_ASSIGNMENT|[EXTERNAL]|this|{"delToHub":true,"delToProj":false,"detail":"0x52190997","invoked":false,"rejected":false,"reserved":false,"selectedTime3":"8:00","sublocations1":"0x16511859","www":"0x6c883b19","wwwById":"0x4b76a673"}|0x114d9b2
13:28:10.0 (15986942)|STATEMENT_EXECUTE|[229]
13:28:10.0 (15990165)|STATEMENT_EXECUTE|[230]
13:28:10.0 (15992151)|STATEMENT_EXECUTE|[233]
13:28:10.0 (16112193)|SYSTEM_MODE_ENTER|true
13:28:10.0 (16137168)|HEAP_ALLOCATE|[EXTERNAL]|Bytes:80
13:28:10.0 (16185825)|VARIABLE_ASSIGNMENT|[EXTERNAL]|this|{"delToHub":true,"delToProj":false,"detail":"0x52190997","invoked":false,"rejected":false,"reserved":false,"selectedTime3":"8:00","sublocations1":"0x16511859","www":"0x6c883b19","wwwById":"0x4b76a673"}|0x114d9b2
13:28:10.0 (16193056)|STATEMENT_EXECUTE|[3]
13:28:10.0 (16197497)|STATEMENT_EXECUTE|[4]
13:28:10.0 (16199619)|STATEMENT_EXECUTE|[9]
13:28:10.0 (26007217)|SYSTEM_MODE_ENTER|true
13:28:10.0 (26032733)|HEAP_ALLOCATE|[EXTERNAL]|Bytes:80
13:28:10.0 (26084071)|VARIABLE_ASSIGNMENT|[EXTERNAL]|this|{"delToHub":true,"delToProj":false,"detail":"0x52190997","invoked":false,"rejected":false,"reserved":false,"selectedTime3":"8:00","sublocations1":"0x16511859","www":"0x6c883b19","wwwById":"0x4b76a673"}|0x114d9b2
13:28:10.0 (26091447)|STATEMENT_EXECUTE|[186]
13:28:10.0 (26094551)|STATEMENT_EXECUTE|[187]
13:28:10.0 (26095789)|STATEMENT_EXECUTE|[190]
13:28:10.0 (26582242)|SYSTEM_MODE_ENTER|true
13:28:10.0 (26603796)|HEAP_ALLOCATE|[EXTERNAL]|Bytes:80
13:28:10.0 (26651175)|VARIABLE_ASSIGNMENT|[EXTERNAL]|this|{"delToHub":true,"delToProj":false,"detail":"0x52190997","invoked":false,"rejected":false,"reserved":false,"selectedTime3":"8:00","sublocations1":"0x16511859","www":"0x6c883b19","wwwById":"0x4b76a673"}|0x114d9b2
13:28:10.0 (26657714)|STATEMENT_EXECUTE|[204]
13:28:10.0 (26660702)|STATEMENT_EXECUTE|[205]
13:28:10.0 (26662384)|STATEMENT_EXECUTE|[208]
13:28:10.0 (26713676)|SYSTEM_MODE_ENTER|true
13:28:10.0 (26730175)|HEAP_ALLOCATE|[EXTERNAL]|Bytes:80
13:28:10.0 (26773195)|VARIABLE_ASSIGNMENT|[EXTERNAL]|this|{"delToHub":true,"delToProj":false,"detail":"0x52190997","invoked":false,"rejected":false,"reserved":false,"selectedTime3":"8:00","sublocations1":"0x16511859","www":"0x6c883b19","wwwById":"0x4b76a673"}|0x114d9b2
13:28:10.0 (26778898)|STATEMENT_EXECUTE|[220]
13:28:10.0 (26781178)|STATEMENT_EXECUTE|[221]
13:28:10.0 (26782317)|STATEMENT_EXECUTE|[224]
13:28:10.0 (26827257)|SYSTEM_MODE_ENTER|true
13:28:10.0 (26843290)|HEAP_ALLOCATE|[EXTERNAL]|Bytes:80
13:28:10.0 (26882581)|VARIABLE_ASSIGNMENT|[EXTERNAL]|this|{"delToHub":true,"delToProj":false,"detail":"0x52190997","invoked":false,"rejected":false,"reserved":false,"selectedTime3":"8:00","sublocations1":"0x16511859","www":"0x6c883b19","wwwById":"0x4b76a673"}|0x114d9b2
13:28:10.0 (26887737)|STATEMENT_EXECUTE|[212]
13:28:10.0 (26890174)|STATEMENT_EXECUTE|[213]
13:28:10.0 (26891733)|STATEMENT_EXECUTE|[216]
13:28:10.0 (26965489)|SYSTEM_MODE_ENTER|true
13:28:10.0 (26982641)|HEAP_ALLOCATE|[EXTERNAL]|Bytes:80
13:28:10.0 (27020699)|VARIABLE_ASSIGNMENT|[EXTERNAL]|this|{"delToHub":true,"delToProj":false,"detail":"0x52190997","invoked":false,"rejected":false,"reserved":false,"selectedTime3":"8:00","sublocations1":"0x16511859","www":"0x6c883b19","wwwById":"0x4b76a673"}|0x114d9b2
13:28:10.0 (27026847)|STATEMENT_EXECUTE|[21]
13:28:10.0 (27029405)|STATEMENT_EXECUTE|[22]
13:28:10.0 (27030732)|STATEMENT_EXECUTE|[26]
13:28:10.0 (45174401)|SYSTEM_MODE_ENTER|true
13:28:10.0 (45221298)|HEAP_ALLOCATE|[EXTERNAL]|Bytes:80
13:28:10.0 (45232847)|VARIABLE_SCOPE_BEGIN|[48]|this|NewDeliveredExtension|true|false
13:28:10.0 (45302632)|VARIABLE_ASSIGNMENT|[48]|this|{"delToHub":true,"delToProj":false,"detail":"0x52190997","invoked":false,"rejected":false,"reserved":false,"selectedTime3":"8:00","sublocations1":"0x16511859","www":"0x6c883b19","wwwById":"0x4b76a673"}|0x114d9b2
13:28:10.0 (45314930)|STATEMENT_EXECUTE|[48]
13:28:10.0 (45316807)|STATEMENT_EXECUTE|[49]
13:28:10.0 (45331427)|HEAP_ALLOCATE|[49]|Bytes:4
13:28:10.0 (45372346)|VARIABLE_SCOPE_BEGIN|[49]|options|List<System.SelectOption>|true|false
13:28:10.0 (45409751)|HEAP_ALLOCATE|[EXTERNAL]|Bytes:4
13:28:10.0 (45418828)|VARIABLE_ASSIGNMENT|[49]|options|[]|0x5c88e3fd
13:28:10.0 (45423463)|STATEMENT_EXECUTE|[50]
13:28:10.0 (45431023)|VARIABLE_SCOPE_BEGIN|[50]|i|Integer|false|false
13:28:10.0 (45435318)|HEAP_ALLOCATE|[50]|Bytes:4
13:28:10.0 (45439730)|VARIABLE_ASSIGNMENT|[50]|i|0
13:28:10.0 (45446501)|STATEMENT_EXECUTE|[50]
13:28:10.0 (45447982)|STATEMENT_EXECUTE|[51]
13:28:10.0 (45449695)|VARIABLE_SCOPE_BEGIN|[51]|j|Integer|false|false
13:28:10.0 (45451437)|HEAP_ALLOCATE|[51]|Bytes:4
13:28:10.0 (45453941)|VARIABLE_ASSIGNMENT|[51]|j|0
13:28:10.0 (45456246)|STATEMENT_EXECUTE|[51]
13:28:10.0 (45458511)|STATEMENT_EXECUTE|[52]
13:28:10.0 (45459606)|STATEMENT_EXECUTE|[53]
13:28:10.0 (45511816)|HEAP_ALLOCATE|[53]|Bytes:1
13:28:10.0 (45521840)|HEAP_ALLOCATE|[53]|Bytes:2
13:28:10.0 (45529098)|HEAP_ALLOCATE|[53]|Bytes:1
13:28:10.0 (45538739)|HEAP_ALLOCATE|[53]|Bytes:4
13:28:10.0 (45543949)|HEAP_ALLOCATE|[53]|Bytes:1
13:28:10.0 (45550844)|HEAP_ALLOCATE|[53]|Bytes:1
13:28:10.0 (45555828)|HEAP_ALLOCATE|[53]|Bytes:4
13:28:10.0 (45588307)|HEAP_ALLOCATE|[EXTERNAL]|Bytes:4
13:28:10.0 (45596453)|HEAP_ALLOCATE|[51]|Bytes:4
13:28:10.0 (45601576)|VARIABLE_ASSIGNMENT|[51]|j|30
13:28:10.0 (45604780)|STATEMENT_EXECUTE|[51]
13:28:10.0 (45606707)|STATEMENT_EXECUTE|[54]
13:28:10.0 (45607751)|STATEMENT_EXECUTE|[55]
13:28:10.0 (45624455)|HEAP_ALLOCATE|[55]|Bytes:1
13:28:10.0 (45630647)|HEAP_ALLOCATE|[55]|Bytes:1
13:28:10.0 (45635850)|HEAP_ALLOCATE|[55]|Bytes:2
13:28:10.0 (45641248)|HEAP_ALLOCATE|[55]|Bytes:4
13:28:10.0 (45645855)|HEAP_ALLOCATE|[55]|Bytes:1
13:28:10.0 (45652680)|HEAP_ALLOCATE|[55]|Bytes:2
13:28:10.0 (45657377)|HEAP_ALLOCATE|[55]|Bytes:4
13:28:10.0 (45668855)|HEAP_ALLOCATE|[EXTERNAL]|Bytes:4
13:28:10.0 (45672981)|HEAP_ALLOCATE|[51]|Bytes:4
13:28:10.0 (45677281)|VARIABLE_ASSIGNMENT|[51]|j|60
13:28:10.0 (45681886)|HEAP_ALLOCATE|[50]|Bytes:4
13:28:10.0 (45684700)|VARIABLE_ASSIGNMENT|[50]|i|1
13:28:10.0 (45687179)|STATEMENT_EXECUTE|[50]
13:28:10.0 (45688652)|STATEMENT_EXECUTE|[51]
13:28:10.0 (45690714)|VARIABLE_SCOPE_BEGIN|[51]|j|Integer|false|false
13:28:10.0 (45692620)|HEAP_ALLOCATE|[51]|Bytes:4
13:28:10.0 (45694879)|VARIABLE_ASSIGNMENT|[51]|j|0
13:28:10.0 (45696574)|STATEMENT_EXECUTE|[51]
13:28:10.0 (45697974)|STATEMENT_EXECUTE|[52]
13:28:10.0 (45698969)|STATEMENT_EXECUTE|[53]
13:28:10.0 (45705998)|HEAP_ALLOCATE|[53]|Bytes:1
13:28:10.0 (45713287)|HEAP_ALLOCATE|[53]|Bytes:1
13:28:10.0 (45718385)|HEAP_ALLOCATE|[53]|Bytes:4
13:28:10.0 (45723011)|HEAP_ALLOCATE|[53]|Bytes:1
13:28:10.0 (45729604)|HEAP_ALLOCATE|[53]|Bytes:1
13:28:10.0 (45734168)|HEAP_ALLOCATE|[53]|Bytes:4
13:28:10.0 (45739457)|HEAP_ALLOCATE|[EXTERNAL]|Bytes:4
13:28:10.0 (45742882)|HEAP_ALLOCATE|[51]|Bytes:4
13:28:10.0 (45745684)|VARIABLE_ASSIGNMENT|[51]|j|30
13:28:10.0 (45747506)|STATEMENT_EXECUTE|[51]
13:28:10.0 (45749069)|STATEMENT_EXECUTE|[54]
13:28:10.0 (45750107)|STATEMENT_EXECUTE|[55]
13:28:10.0 (45755614)|HEAP_ALLOCATE|[55]|Bytes:1
13:28:10.0 (45762859)|HEAP_ALLOCATE|[55]|Bytes:2
13:28:10.0 (45767703)|HEAP_ALLOCATE|[55]|Bytes:4
13:28:10.0 (45772327)|HEAP_ALLOCATE|[55]|Bytes:1
13:28:10.0 (45779187)|HEAP_ALLOCATE|[55]|Bytes:2
13:28:10.0 (45783693)|HEAP_ALLOCATE|[55]|Bytes:4
13:28:10.0 (45788020)|HEAP_ALLOCATE|[EXTERNAL]|Bytes:4
13:28:10.0 (45791048)|HEAP_ALLOCATE|[51]|Bytes:4
13:28:10.0 (45793625)|VARIABLE_ASSIGNMENT|[51]|j|60
13:28:10.0 (45795542)|HEAP_ALLOCATE|[50]|Bytes:4
13:28:10.0 (45797839)|VARIABLE_ASSIGNMENT|[50]|i|2
13:28:10.0 (45799520)|STATEMENT_EXECUTE|[50]
13:28:10.0 (45800879)|STATEMENT_EXECUTE|[51]
13:28:10.0 (45802669)|VARIABLE_SCOPE_BEGIN|[51]|j|Integer|false|false
13:28:10.0 (45804077)|HEAP_ALLOCATE|[51]|Bytes:4
13:28:10.0 (45806294)|VARIABLE_ASSIGNMENT|[51]|j|0
13:28:10.0 (45807816)|STATEMENT_EXECUTE|[51]
13:28:10.0 (45809078)|STATEMENT_EXECUTE|[52]
13:28:10.0 (45810214)|STATEMENT_EXECUTE|[53]
13:28:10.0 (45815665)|HEAP_ALLOCATE|[53]|Bytes:1
13:28:10.0 (45822627)|HEAP_ALLOCATE|[53]|Bytes:1
13:28:10.0 (45827332)|HEAP_ALLOCATE|[53]|Bytes:4
13:28:10.0 (45834092)|HEAP_ALLOCATE|[53]|Bytes:1
13:28:10.0 (45845752)|HEAP_ALLOCATE|[53]|Bytes:1
13:28:10.0 (45854891)|HEAP_ALLOCATE|[53]|Bytes:4
13:28:10.0 (45861423)|HEAP_ALLOCATE|[EXTERNAL]|Bytes:4
13:28:10.0 (45865301)|HEAP_ALLOCATE|[51]|Bytes:4
13:28:10.0 (45868834)|VARIABLE_ASSIGNMENT|[51]|j|30
13:28:10.0 (45871453)|STATEMENT_EXECUTE|[51]
13:28:10.0 (45872957)|STATEMENT_EXECUTE|[54]
13:28:10.0 (45873997)|STATEMENT_EXECUTE|[55]
13:28:10.0 (45879804)|HEAP_ALLOCATE|[55]|Bytes:1
13:28:10.0 (45887154)|HEAP_ALLOCATE|[55]|Bytes:2
13:28:10.0 (45891834)|HEAP_ALLOCATE|[55]|Bytes:4
13:28:10.0 (45896310)|HEAP_ALLOCATE|[55]|Bytes:1
13:28:10.0 (45903182)|HEAP_ALLOCATE|[55]|Bytes:2
13:28:10.0 (45907671)|HEAP_ALLOCATE|[55]|Bytes:4
13:28:10.0 (45911911)|HEAP_ALLOCATE|[EXTERNAL]|Bytes:4
13:28:10.0 (45914953)|HEAP_ALLOCATE|[51]|Bytes:4
13:28:10.0 (45917661)|VARIABLE_ASSIGNMENT|[51]|j|60
13:28:10.0 (45919703)|HEAP_ALLOCATE|[50]|Bytes:4
13:28:10.0 (45922132)|VARIABLE_ASSIGNMENT|[50]|i|3
13:28:10.0 (45927477)|STATEMENT_EXECUTE|[50]
13:28:10.0 (45928953)|STATEMENT_EXECUTE|[51]
13:28:10.0 (45930852)|VARIABLE_SCOPE_BEGIN|[51]|j|Integer|false|false
13:28:10.0 (45932533)|HEAP_ALLOCATE|[51]|Bytes:4
13:28:10.0 (45934965)|VARIABLE_ASSIGNMENT|[51]|j|0
13:28:10.0 (45936569)|STATEMENT_EXECUTE|[51]
13:28:10.0 (45937873)|STATEMENT_EXECUTE|[52]
13:28:10.0 (45938861)|STATEMENT_EXECUTE|[53]
13:28:10.0 (45944706)|HEAP_ALLOCATE|[53]|Bytes:1
13:28:10.0 (45951875)|HEAP_ALLOCATE|[53]|Bytes:1
13:28:10.0 (45956526)|HEAP_ALLOCATE|[53]|Bytes:4
13:28:10.0 (45960941)|HEAP_ALLOCATE|[53]|Bytes:1
13:28:10.0 (45967619)|HEAP_ALLOCATE|[53]|Bytes:1
13:28:10.0 (45972123)|HEAP_ALLOCATE|[53]|Bytes:4
13:28:10.0 (45976638)|HEAP_ALLOCATE|[EXTERNAL]|Bytes:4
13:28:10.0 (45979990)|HEAP_ALLOCATE|[51]|Bytes:4
13:28:10.0 (45982630)|VARIABLE_ASSIGNMENT|[51]|j|30
13:28:10.0 (45984336)|STATEMENT_EXECUTE|[51]
13:28:10.0 (45986027)|STATEMENT_EXECUTE|[54]
13:28:10.0 (45987118)|STATEMENT_EXECUTE|[55]
13:28:10.0 (45992572)|HEAP_ALLOCATE|[55]|Bytes:1
13:28:10.0 (45999781)|HEAP_ALLOCATE|[55]|Bytes:2
13:28:10.0 (46004338)|HEAP_ALLOCATE|[55]|Bytes:4
13:28:10.0 (46009835)|HEAP_ALLOCATE|[55]|Bytes:1
13:28:10.0 (46016645)|HEAP_ALLOCATE|[55]|Bytes:2
13:28:10.0 (46021179)|HEAP_ALLOCATE|[55]|Bytes:4
13:28:10.0 (46025222)|HEAP_ALLOCATE|[EXTERNAL]|Bytes:4
13:28:10.0 (46028271)|HEAP_ALLOCATE|[51]|Bytes:4
13:28:10.0 (46033879)|VARIABLE_ASSIGNMENT|[51]|j|60
13:28:10.0 (46035956)|HEAP_ALLOCATE|[50]|Bytes:4
13:28:10.0 (46038275)|VARIABLE_ASSIGNMENT|[50]|i|4
13:28:10.0 (46039987)|STATEMENT_EXECUTE|[50]
13:28:10.0 (46041313)|STATEMENT_EXECUTE|[51]
13:28:10.0 (46042928)|VARIABLE_SCOPE_BEGIN|[51]|j|Integer|false|false
13:28:10.0 (46044335)|HEAP_ALLOCATE|[51]|Bytes:4
13:28:10.0 (46046567)|VARIABLE_ASSIGNMENT|[51]|j|0
13:28:10.0 (46048033)|STATEMENT_EXECUTE|[51]
13:28:10.0 (46049277)|STATEMENT_EXECUTE|[52]
13:28:10.0 (46050255)|STATEMENT_EXECUTE|[53]
13:28:10.0 (46056525)|HEAP_ALLOCATE|[53]|Bytes:1
13:28:10.0 (46063756)|HEAP_ALLOCATE|[53]|Bytes:1
13:28:10.0 (46068519)|HEAP_ALLOCATE|[53]|Bytes:4
13:28:10.0 (46072883)|HEAP_ALLOCATE|[53]|Bytes:1
13:28:10.0 (46079557)|HEAP_ALLOCATE|[53]|Bytes:1
13:28:10.0 (46084128)|HEAP_ALLOCATE|[53]|Bytes:4
13:28:10.0 (46088498)|HEAP_ALLOCATE|[EXTERNAL]|Bytes:4
13:28:10.0 (46091479)|HEAP_ALLOCATE|[51]|Bytes:4
13:28:10.0 (46094125)|VARIABLE_ASSIGNMENT|[51]|j|30
13:28:10.0 (46095828)|STATEMENT_EXECUTE|[51]
13:28:10.0 (46097251)|STATEMENT_EXECUTE|[54]
13:28:10.0 (46098247)|STATEMENT_EXECUTE|[55]
13:28:10.0 (46103415)|HEAP_ALLOCATE|[55]|Bytes:1
13:28:10.0 (46110650)|HEAP_ALLOCATE|[55]|Bytes:2
13:28:10.0 (46115368)|HEAP_ALLOCATE|[55]|Bytes:4
13:28:10.0 (46119774)|HEAP_ALLOCATE|[55]|Bytes:1
13:28:10.0 (46126466)|HEAP_ALLOCATE|[55]|Bytes:2
13:28:10.0 (46131029)|HEAP_ALLOCATE|[55]|Bytes:4
13:28:10.0 (46135318)|HEAP_ALLOCATE|[EXTERNAL]|Bytes:4
13:28:10.0 (46138264)|HEAP_ALLOCATE|[51]|Bytes:4
13:28:10.0 (46140803)|VARIABLE_ASSIGNMENT|[51]|j|60
13:28:10.0 (46143059)|HEAP_ALLOCATE|[50]|Bytes:4
13:28:10.0 (46145308)|VARIABLE_ASSIGNMENT|[50]|i|5
13:28:10.0 (46146922)|STATEMENT_EXECUTE|[50]
13:28:10.0 (46148304)|STATEMENT_EXECUTE|[51]
13:28:10.0 (46149888)|VARIABLE_SCOPE_BEGIN|[51]|j|Integer|false|false
13:28:10.0 (46151235)|HEAP_ALLOCATE|[51]|Bytes:4
13:28:10.0 (46153392)|VARIABLE_ASSIGNMENT|[51]|j|0
13:28:10.0 (46155042)|STATEMENT_EXECUTE|[51]
13:28:10.0 (46156374)|STATEMENT_EXECUTE|[52]
13:28:10.0 (46157364)|STATEMENT_EXECUTE|[53]
13:28:10.0 (46162553)|HEAP_ALLOCATE|[53]|Bytes:1
13:28:10.0 (46169641)|HEAP_ALLOCATE|[53]|Bytes:1
13:28:10.0 (46174125)|HEAP_ALLOCATE|[53]|Bytes:4
13:28:10.0 (46178505)|HEAP_ALLOCATE|[53]|Bytes:1
13:28:10.0 (46185234)|HEAP_ALLOCATE|[53]|Bytes:1
13:28:10.0 (46189714)|HEAP_ALLOCATE|[53]|Bytes:4
13:28:10.0 (46193764)|HEAP_ALLOCATE|[EXTERNAL]|Bytes:4
13:28:10.0 (46197229)|HEAP_ALLOCATE|[51]|Bytes:4
13:28:10.0 (46199717)|VARIABLE_ASSIGNMENT|[51]|j|30
13:28:10.0 (46201425)|STATEMENT_EXECUTE|[51]
13:28:10.0 (46203139)|STATEMENT_EXECUTE|[54]
13:28:10.0 (46204280)|STATEMENT_EXECUTE|[55]
13:28:10.0 (46209409)|HEAP_ALLOCATE|[55]|Bytes:1
13:28:10.0 (46216529)|HEAP_ALLOCATE|[55]|Bytes:2
13:28:10.0 (46221090)|HEAP_ALLOCATE|[55]|Bytes:4
13:28:10.0 (46225496)|HEAP_ALLOCATE|[55]|Bytes:1
13:28:10.0 (46232179)|HEAP_ALLOCATE|[55]|Bytes:2
13:28:10.0 (46236640)|HEAP_ALLOCATE|[55]|Bytes:4
13:28:10.0 (46240753)|HEAP_ALLOCATE|[EXTERNAL]|Bytes:4
13:28:10.0 (46243762)|HEAP_ALLOCATE|[51]|Bytes:4
13:28:10.0 (46246241)|VARIABLE_ASSIGNMENT|[51]|j|60
13:28:10.0 (46247993)|HEAP_ALLOCATE|[50]|Bytes:4
13:28:10.0 (46250422)|VARIABLE_ASSIGNMENT|[50]|i|6
13:28:10.0 (46252058)|STATEMENT_EXECUTE|[50]
13:28:10.0 (46253352)|STATEMENT_EXECUTE|[51]
13:28:10.0 (46254951)|VARIABLE_SCOPE_BEGIN|[51]|j|Integer|false|false
13:28:10.0 (46256256)|HEAP_ALLOCATE|[51]|Bytes:4
13:28:10.0 (46258571)|VARIABLE_ASSIGNMENT|[51]|j|0
13:28:10.0 (46260117)|STATEMENT_EXECUTE|[51]
13:28:10.0 (46261377)|STATEMENT_EXECUTE|[52]
13:28:10.0 (46262366)|STATEMENT_EXECUTE|[53]
13:28:10.0 (46267843)|HEAP_ALLOCATE|[53]|Bytes:1
13:28:10.0 (46274962)|HEAP_ALLOCATE|[53]|Bytes:1
13:28:10.0 (46279540)|HEAP_ALLOCATE|[53]|Bytes:4
13:28:10.0 (46283875)|HEAP_ALLOCATE|[53]|Bytes:1
13:28:10.0 (46290598)|HEAP_ALLOCATE|[53]|Bytes:1
13:28:10.0 (46295060)|HEAP_ALLOCATE|[53]|Bytes:4
13:28:10.0 (46301099)|HEAP_ALLOCATE|[EXTERNAL]|Bytes:4
13:28:10.0 (46304313)|HEAP_ALLOCATE|[51]|Bytes:4
13:28:10.0 (46306962)|VARIABLE_ASSIGNMENT|[51]|j|30
13:28:10.0 (46308598)|STATEMENT_EXECUTE|[51]
13:28:10.0 (46309951)|STATEMENT_EXECUTE|[54]
13:28:10.0 (46310912)|STATEMENT_EXECUTE|[55]
13:28:10.0 (46316122)|HEAP_ALLOCATE|[55]|Bytes:1
13:28:10.0 (46323305)|HEAP_ALLOCATE|[55]|Bytes:2
13:28:10.0 (46327815)|HEAP_ALLOCATE|[55]|Bytes:4
13:28:10.0 (46332277)|HEAP_ALLOCATE|[55]|Bytes:1
13:28:10.0 (46338930)|HEAP_ALLOCATE|[55]|Bytes:2
13:28:10.0 (46343519)|HEAP_ALLOCATE|[55]|Bytes:4
13:28:10.0 (46347721)|HEAP_ALLOCATE|[EXTERNAL]|Bytes:4
13:28:10.0 (46350651)|HEAP_ALLOCATE|[51]|Bytes:4
13:28:10.0 (46353142)|VARIABLE_ASSIGNMENT|[51]|j|60
13:28:10.0 (46355070)|HEAP_ALLOCATE|[50]|Bytes:4
13:28:10.0 (46357370)|VARIABLE_ASSIGNMENT|[50]|i|7
13:28:10.0 (46358999)|STATEMENT_EXECUTE|[50]
13:28:10.0 (46360328)|STATEMENT_EXECUTE|[51]
13:28:10.0 (46361924)|VARIABLE_SCOPE_BEGIN|[51]|j|Integer|false|false
13:28:10.0 (46363306)|HEAP_ALLOCATE|[51]|Bytes:4
13:28:10.0 (46365456)|VARIABLE_ASSIGNMENT|[51]|j|0
13:28:10.0 (46366962)|STATEMENT_EXECUTE|[51]
13:28:10.0 (46368246)|STATEMENT_EXECUTE|[52]
13:28:10.0 (46369234)|STATEMENT_EXECUTE|[53]
13:28:10.0 (46374656)|HEAP_ALLOCATE|[53]|Bytes:1
13:28:10.0 (46381539)|HEAP_ALLOCATE|[53]|Bytes:1
13:28:10.0 (46386164)|HEAP_ALLOCATE|[53]|Bytes:4
13:28:10.0 (46390584)|HEAP_ALLOCATE|[53]|Bytes:1
13:28:10.0 (46397306)|HEAP_ALLOCATE|[53]|Bytes:1
13:28:10.0 (46401841)|HEAP_ALLOCATE|[53]|Bytes:4
13:28:10.0 (46406069)|HEAP_ALLOCATE|[EXTERNAL]|Bytes:4
13:28:10.0 (46409044)|HEAP_ALLOCATE|[51]|Bytes:4
13:28:10.0 (46411551)|VARIABLE_ASSIGNMENT|[51]|j|30
13:28:10.0 (46413277)|STATEMENT_EXECUTE|[51]
13:28:10.0 (46414640)|STATEMENT_EXECUTE|[54]
13:28:10.0 (46415763)|STATEMENT_EXECUTE|[55]
13:28:10.0 (46420854)|HEAP_ALLOCATE|[55]|Bytes:1
13:28:10.0 (46428126)|HEAP_ALLOCATE|[55]|Bytes:2
13:28:10.0 (46432705)|HEAP_ALLOCATE|[55]|Bytes:4
13:28:10.0 (46437178)|HEAP_ALLOCATE|[55]|Bytes:1
13:28:10.0 (46443875)|HEAP_ALLOCATE|[55]|Bytes:2
13:28:10.0 (46450317)|HEAP_ALLOCATE|[55]|Bytes:4
13:28:10.0 (46454893)|HEAP_ALLOCATE|[EXTERNAL]|Bytes:4
13:28:10.0 (46458012)|HEAP_ALLOCATE|[51]|Bytes:4
13:28:10.0 (46460704)|VARIABLE_ASSIGNMENT|[51]|j|60
13:28:10.0 (46462552)|HEAP_ALLOCATE|[50]|Bytes:4
13:28:10.0 (46464817)|VARIABLE_ASSIGNMENT|[50]|i|8
13:28:10.0 (46466511)|STATEMENT_EXECUTE|[50]
13:28:10.0 (46467835)|STATEMENT_EXECUTE|[51]
13:28:10.0 (46469441)|VARIABLE_SCOPE_BEGIN|[51]|j|Integer|false|false
13:28:10.0 (46470879)|HEAP_ALLOCATE|[51]|Bytes:4
13:28:10.0 (46473041)|VARIABLE_ASSIGNMENT|[51]|j|0
13:28:10.0 (46474535)|STATEMENT_EXECUTE|[51]
13:28:10.0 (46475854)|STATEMENT_EXECUTE|[52]
13:28:10.0 (46476863)|STATEMENT_EXECUTE|[53]
13:28:10.0 (46482516)|HEAP_ALLOCATE|[53]|Bytes:1
13:28:10.0 (46489532)|HEAP_ALLOCATE|[53]|Bytes:1
13:28:10.0 (46494279)|HEAP_ALLOCATE|[53]|Bytes:4
13:28:10.0 (46498648)|HEAP_ALLOCATE|[53]|Bytes:1
13:28:10.0 (46505328)|HEAP_ALLOCATE|[53]|Bytes:1
13:28:10.0 (46509937)|HEAP_ALLOCATE|[53]|Bytes:4
13:28:10.0 (46514100)|HEAP_ALLOCATE|[EXTERNAL]|Bytes:4
13:28:10.0 (46517224)|HEAP_ALLOCATE|[51]|Bytes:4
13:28:10.0 (46519855)|VARIABLE_ASSIGNMENT|[51]|j|30
13:28:10.0 (46521503)|STATEMENT_EXECUTE|[51]
13:28:10.0 (46522882)|STATEMENT_EXECUTE|[54]
13:28:10.0 (46523847)|STATEMENT_EXECUTE|[55]
13:28:10.0 (46528823)|HEAP_ALLOCATE|[55]|Bytes:1
13:28:10.0 (46535914)|HEAP_ALLOCATE|[55]|Bytes:2
13:28:10.0 (46540525)|HEAP_ALLOCATE|[55]|Bytes:4
13:28:10.0 (46544976)|HEAP_ALLOCATE|[55]|Bytes:1
13:28:10.0 (46551691)|HEAP_ALLOCATE|[55]|Bytes:2
13:28:10.0 (46556224)|HEAP_ALLOCATE|[55]|Bytes:4
13:28:10.0 (46560333)|HEAP_ALLOCATE|[EXTERNAL]|Bytes:4
13:28:10.0 (46563310)|HEAP_ALLOCATE|[51]|Bytes:4
13:28:10.0 (46565854)|VARIABLE_ASSIGNMENT|[51]|j|60
13:28:10.0 (46567750)|HEAP_ALLOCATE|[50]|Bytes:4
13:28:10.0 (46569984)|VARIABLE_ASSIGNMENT|[50]|i|9
13:28:10.0 (46571647)|STATEMENT_EXECUTE|[50]
13:28:10.0 (46572958)|STATEMENT_EXECUTE|[51]
13:28:10.0 (46574571)|VARIABLE_SCOPE_BEGIN|[51]|j|Integer|false|false
13:28:10.0 (46575903)|HEAP_ALLOCATE|[51]|Bytes:4
13:28:10.0 (46578116)|VARIABLE_ASSIGNMENT|[51]|j|0
13:28:10.0 (46579578)|STATEMENT_EXECUTE|[51]
13:28:10.0 (46580935)|STATEMENT_EXECUTE|[52]
13:28:10.0 (46581913)|STATEMENT_EXECUTE|[53]
13:28:10.0 (46587040)|HEAP_ALLOCATE|[53]|Bytes:1
13:28:10.0 (46593949)|HEAP_ALLOCATE|[53]|Bytes:1
13:28:10.0 (46598580)|HEAP_ALLOCATE|[53]|Bytes:4
13:28:10.0 (46602973)|HEAP_ALLOCATE|[53]|Bytes:1
13:28:10.0 (46611065)|HEAP_ALLOCATE|[53]|Bytes:1
13:28:10.0 (46619191)|HEAP_ALLOCATE|[53]|Bytes:4
13:28:10.0 (46627345)|HEAP_ALLOCATE|[EXTERNAL]|Bytes:4
13:28:10.0 (46631282)|HEAP_ALLOCATE|[51]|Bytes:4
13:28:10.0 (46634258)|VARIABLE_ASSIGNMENT|[51]|j|30
13:28:10.0 (46636217)|STATEMENT_EXECUTE|[51]
13:28:10.0 (46637691)|STATEMENT_EXECUTE|[54]
13:28:10.0 (46638857)|STATEMENT_EXECUTE|[55]
13:28:10.0 (46644982)|HEAP_ALLOCATE|[55]|Bytes:1
13:28:10.0 (46652106)|HEAP_ALLOCATE|[55]|Bytes:2
13:28:10.0 (46656751)|HEAP_ALLOCATE|[55]|Bytes:4
13:28:10.0 (46661146)|HEAP_ALLOCATE|[55]|Bytes:1
13:28:10.0 (46667871)|HEAP_ALLOCATE|[55]|Bytes:2
13:28:10.0 (46672514)|HEAP_ALLOCATE|[55]|Bytes:4
13:28:10.0 (46676637)|HEAP_ALLOCATE|[EXTERNAL]|Bytes:4
13:28:10.0 (46679683)|HEAP_ALLOCATE|[51]|Bytes:4
13:28:10.0 (46682306)|VARIABLE_ASSIGNMENT|[51]|j|60
13:28:10.0 (46684228)|HEAP_ALLOCATE|[50]|Bytes:4
13:28:10.0 (46686476)|VARIABLE_ASSIGNMENT|[50]|i|10
13:28:10.0 (46688213)|STATEMENT_EXECUTE|[50]
13:28:10.0 (46689601)|STATEMENT_EXECUTE|[51]
13:28:10.0 (46691223)|VARIABLE_SCOPE_BEGIN|[51]|j|Integer|false|false
13:28:10.0 (46692824)|HEAP_ALLOCATE|[51]|Bytes:4
13:28:10.0 (46694978)|VARIABLE_ASSIGNMENT|[51]|j|0
13:28:10.0 (46696489)|STATEMENT_EXECUTE|[51]
13:28:10.0 (46697760)|STATEMENT_EXECUTE|[52]
13:28:10.0 (46698816)|STATEMENT_EXECUTE|[53]
13:28:10.0 (46704090)|HEAP_ALLOCATE|[53]|Bytes:2
13:28:10.0 (46711615)|HEAP_ALLOCATE|[53]|Bytes:1
13:28:10.0 (46716195)|HEAP_ALLOCATE|[53]|Bytes:5
13:28:10.0 (46720575)|HEAP_ALLOCATE|[53]|Bytes:2
13:28:10.0 (46727439)|HEAP_ALLOCATE|[53]|Bytes:1
13:28:10.0 (46731914)|HEAP_ALLOCATE|[53]|Bytes:5
13:28:10.0 (46735924)|HEAP_ALLOCATE|[EXTERNAL]|Bytes:4
13:28:10.0 (46739093)|HEAP_ALLOCATE|[51]|Bytes:4
13:28:10.0 (46741738)|VARIABLE_ASSIGNMENT|[51]|j|30
13:28:10.0 (46743378)|STATEMENT_EXECUTE|[51]
13:28:10.0 (46744739)|STATEMENT_EXECUTE|[54]
13:28:10.0 (46745825)|STATEMENT_EXECUTE|[55]
13:28:10.0 (46750955)|HEAP_ALLOCATE|[55]|Bytes:2
13:28:10.0 (46758051)|HEAP_ALLOCATE|[55]|Bytes:2
13:28:10.0 (46762563)|HEAP_ALLOCATE|[55]|Bytes:5
13:28:10.0 (46767006)|HEAP_ALLOCATE|[55]|Bytes:2
13:28:10.0 (46773734)|HEAP_ALLOCATE|[55]|Bytes:2
13:28:10.0 (46778153)|HEAP_ALLOCATE|[55]|Bytes:5
13:28:10.0 (46782187)|HEAP_ALLOCATE|[EXTERNAL]|Bytes:4
13:28:10.0 (46785100)|HEAP_ALLOCATE|[51]|Bytes:4
13:28:10.0 (46787624)|VARIABLE_ASSIGNMENT|[51]|j|60
13:28:10.0 (46789746)|HEAP_ALLOCATE|[50]|Bytes:4
13:28:10.0 (46792196)|VARIABLE_ASSIGNMENT|[50]|i|11
13:28:10.0 (46794004)|STATEMENT_EXECUTE|[50]
13:28:10.0 (46795361)|STATEMENT_EXECUTE|[51]
13:28:10.0 (46796918)|VARIABLE_SCOPE_BEGIN|[51]|j|Integer|false|false
13:28:10.0 (46798241)|HEAP_ALLOCATE|[51]|Bytes:4
13:28:10.0 (46800423)|VARIABLE_ASSIGNMENT|[51]|j|0
13:28:10.0 (46801949)|STATEMENT_EXECUTE|[51]
13:28:10.0 (46803224)|STATEMENT_EXECUTE|[52]
13:28:10.0 (46804213)|STATEMENT_EXECUTE|[53]
13:28:10.0 (46809441)|HEAP_ALLOCATE|[53]|Bytes:2
13:28:10.0 (46816480)|HEAP_ALLOCATE|[53]|Bytes:1
13:28:10.0 (46820975)|HEAP_ALLOCATE|[53]|Bytes:5
13:28:10.0 (46825452)|HEAP_ALLOCATE|[53]|Bytes:2
13:28:10.0 (46832136)|HEAP_ALLOCATE|[53]|Bytes:1
13:28:10.0 (46836562)|HEAP_ALLOCATE|[53]|Bytes:5
13:28:10.0 (46841872)|HEAP_ALLOCATE|[EXTERNAL]|Bytes:4
13:28:10.0 (46847012)|HEAP_ALLOCATE|[51]|Bytes:4
13:28:10.0 (46850438)|VARIABLE_ASSIGNMENT|[51]|j|30
13:28:10.0 (46852260)|STATEMENT_EXECUTE|[51]
13:28:10.0 (46853631)|STATEMENT_EXECUTE|[54]
13:28:10.0 (46854754)|STATEMENT_EXECUTE|[55]
13:28:10.0 (46860791)|HEAP_ALLOCATE|[55]|Bytes:2
13:28:10.0 (46867851)|HEAP_ALLOCATE|[55]|Bytes:2
13:28:10.0 (46872578)|HEAP_ALLOCATE|[55]|Bytes:5
13:28:10.0 (46877102)|HEAP_ALLOCATE|[55]|Bytes:2
13:28:10.0 (46883805)|HEAP_ALLOCATE|[55]|Bytes:2
13:28:10.0 (46888483)|HEAP_ALLOCATE|[55]|Bytes:5
13:28:10.0 (46892781)|HEAP_ALLOCATE|[EXTERNAL]|Bytes:4
13:28:10.0 (46895818)|HEAP_ALLOCATE|[51]|Bytes:4
13:28:10.0 (46898365)|VARIABLE_ASSIGNMENT|[51]|j|60
13:28:10.0 (46900257)|HEAP_ALLOCATE|[50]|Bytes:4
13:28:10.0 (46902477)|VARIABLE_ASSIGNMENT|[50]|i|12
13:28:10.0 (46904200)|STATEMENT_EXECUTE|[50]
13:28:10.0 (46905469)|STATEMENT_EXECUTE|[51]
13:28:10.0 (46907086)|VARIABLE_SCOPE_BEGIN|[51]|j|Integer|false|false
13:28:10.0 (46908515)|HEAP_ALLOCATE|[51]|Bytes:4
13:28:10.0 (46910778)|VARIABLE_ASSIGNMENT|[51]|j|0
13:28:10.0 (46912311)|STATEMENT_EXECUTE|[51]
13:28:10.0 (46913570)|STATEMENT_EXECUTE|[52]
13:28:10.0 (46914535)|STATEMENT_EXECUTE|[53]
13:28:10.0 (46919898)|HEAP_ALLOCATE|[53]|Bytes:2
13:28:10.0 (46930911)|HEAP_ALLOCATE|[53]|Bytes:1
13:28:10.0 (46935656)|HEAP_ALLOCATE|[53]|Bytes:5
13:28:10.0 (46940049)|HEAP_ALLOCATE|[53]|Bytes:2
13:28:10.0 (46946697)|HEAP_ALLOCATE|[53]|Bytes:1
13:28:10.0 (46951253)|HEAP_ALLOCATE|[53]|Bytes:5
13:28:10.0 (46955690)|HEAP_ALLOCATE|[EXTERNAL]|Bytes:4
13:28:10.0 (46958663)|HEAP_ALLOCATE|[51]|Bytes:4
13:28:10.0 (46961399)|VARIABLE_ASSIGNMENT|[51]|j|30
13:28:10.0 (46963081)|STATEMENT_EXECUTE|[51]
13:28:10.0 (46964491)|STATEMENT_EXECUTE|[54]
13:28:10.0 (46965463)|STATEMENT_EXECUTE|[55]
13:28:10.0 (46970766)|HEAP_ALLOCATE|[55]|Bytes:2
13:28:10.0 (46977844)|HEAP_ALLOCATE|[55]|Bytes:2
13:28:10.0 (46982442)|HEAP_ALLOCATE|[55]|Bytes:5
13:28:10.0 (46986826)|HEAP_ALLOCATE|[55]|Bytes:2
13:28:10.0 (46993725)|HEAP_ALLOCATE|[55]|Bytes:2
13:28:10.0 (46998249)|HEAP_ALLOCATE|[55]|Bytes:5
13:28:10.0 (47002434)|HEAP_ALLOCATE|[EXTERNAL]|Bytes:4
13:28:10.0 (47006007)|HEAP_ALLOCATE|[51]|Bytes:4
13:28:10.0 (47008530)|VARIABLE_ASSIGNMENT|[51]|j|60
13:28:10.0 (47010686)|HEAP_ALLOCATE|[50]|Bytes:4
13:28:10.0 (47012909)|VARIABLE_ASSIGNMENT|[50]|i|13
13:28:10.0 (47014593)|STATEMENT_EXECUTE|[50]
13:28:10.0 (47015952)|STATEMENT_EXECUTE|[51]
13:28:10.0 (47017503)|VARIABLE_SCOPE_BEGIN|[51]|j|Integer|false|false
13:28:10.0 (47018913)|HEAP_ALLOCATE|[51]|Bytes:4
13:28:10.0 (47021061)|VARIABLE_ASSIGNMENT|[51]|j|0
13:28:10.0 (47022560)|STATEMENT_EXECUTE|[51]
13:28:10.0 (47023819)|STATEMENT_EXECUTE|[52]
13:28:10.0 (47024809)|STATEMENT_EXECUTE|[53]
13:28:10.0 (47030474)|HEAP_ALLOCATE|[53]|Bytes:2
13:28:10.0 (47037613)|HEAP_ALLOCATE|[53]|Bytes:1
13:28:10.0 (47042505)|HEAP_ALLOCATE|[53]|Bytes:5
13:28:10.0 (47047166)|HEAP_ALLOCATE|[53]|Bytes:2
13:28:10.0 (47054025)|HEAP_ALLOCATE|[53]|Bytes:1
13:28:10.0 (47058500)|HEAP_ALLOCATE|[53]|Bytes:5
13:28:10.0 (47062852)|HEAP_ALLOCATE|[EXTERNAL]|Bytes:4
13:28:10.0 (47065980)|HEAP_ALLOCATE|[51]|Bytes:4
13:28:10.0 (47068540)|VARIABLE_ASSIGNMENT|[51]|j|30
13:28:10.0 (47070097)|STATEMENT_EXECUTE|[51]
13:28:10.0 (47071480)|STATEMENT_EXECUTE|[54]
13:28:10.0 (47072823)|STATEMENT_EXECUTE|[55]
13:28:10.0 (47078410)|HEAP_ALLOCATE|[55]|Bytes:2
13:28:10.0 (47085371)|HEAP_ALLOCATE|[55]|Bytes:2
13:28:10.0 (47090059)|HEAP_ALLOCATE|[55]|Bytes:5
13:28:10.0 (47094546)|HEAP_ALLOCATE|[55]|Bytes:2
13:28:10.0 (47101152)|HEAP_ALLOCATE|[55]|Bytes:2
13:28:10.0 (47105663)|HEAP_ALLOCATE|[55]|Bytes:5
13:28:10.0 (47109857)|HEAP_ALLOCATE|[EXTERNAL]|Bytes:4
13:28:10.0 (47112748)|HEAP_ALLOCATE|[51]|Bytes:4
13:28:10.0 (47115250)|VARIABLE_ASSIGNMENT|[51]|j|60
13:28:10.0 (47117005)|HEAP_ALLOCATE|[50]|Bytes:4
13:28:10.0 (47119192)|VARIABLE_ASSIGNMENT|[50]|i|14
13:28:10.0 (47120831)|STATEMENT_EXECUTE|[50]
13:28:10.0 (47122096)|STATEMENT_EXECUTE|[51]
13:28:10.0 (47123636)|VARIABLE_SCOPE_BEGIN|[51]|j|Integer|false|false
13:28:10.0 (47124957)|HEAP_ALLOCATE|[51]|Bytes:4
13:28:10.0 (47127107)|VARIABLE_ASSIGNMENT|[51]|j|0
13:28:10.0 (47128672)|STATEMENT_EXECUTE|[51]
13:28:10.0 (47129928)|STATEMENT_EXECUTE|[52]
13:28:10.0 (47130905)|STATEMENT_EXECUTE|[53]
13:28:10.0 (47136388)|HEAP_ALLOCATE|[53]|Bytes:2
13:28:10.0 (47143637)|HEAP_ALLOCATE|[53]|Bytes:1
13:28:10.0 (47148332)|HEAP_ALLOCATE|[53]|Bytes:5
13:28:10.0 (47152822)|HEAP_ALLOCATE|[53]|Bytes:2
13:28:10.0 (47159518)|HEAP_ALLOCATE|[53]|Bytes:1
13:28:10.0 (47164084)|HEAP_ALLOCATE|[53]|Bytes:5
13:28:10.0 (47168276)|HEAP_ALLOCATE|[EXTERNAL]|Bytes:4
13:28:10.0 (47171368)|HEAP_ALLOCATE|[51]|Bytes:4
13:28:10.0 (47173967)|VARIABLE_ASSIGNMENT|[51]|j|30
13:28:10.0 (47175586)|STATEMENT_EXECUTE|[51]
13:28:10.0 (47177004)|STATEMENT_EXECUTE|[54]
13:28:10.0 (47177970)|STATEMENT_EXECUTE|[55]
13:28:10.0 (47183092)|HEAP_ALLOCATE|[55]|Bytes:2
13:28:10.0 (47190103)|HEAP_ALLOCATE|[55]|Bytes:2
13:28:10.0 (47197008)|HEAP_ALLOCATE|[55]|Bytes:5
13:28:10.0 (47201504)|HEAP_ALLOCATE|[55]|Bytes:2
13:28:10.0 (47208154)|HEAP_ALLOCATE|[55]|Bytes:2
13:28:10.0 (47212727)|HEAP_ALLOCATE|[55]|Bytes:5
13:28:10.0 (47217061)|HEAP_ALLOCATE|[EXTERNAL]|Bytes:4
13:28:10.0 (47219987)|HEAP_ALLOCATE|[51]|Bytes:4
13:28:10.0 (47222633)|VARIABLE_ASSIGNMENT|[51]|j|60
13:28:10.0 (47224478)|HEAP_ALLOCATE|[50]|Bytes:4
13:28:10.0 (47226844)|VARIABLE_ASSIGNMENT|[50]|i|15
13:28:10.0 (47228520)|STATEMENT_EXECUTE|[50]
13:28:10.0 (47229876)|STATEMENT_EXECUTE|[51]
13:28:10.0 (47231506)|VARIABLE_SCOPE_BEGIN|[51]|j|Integer|false|false
13:28:10.0 (47232935)|HEAP_ALLOCATE|[51]|Bytes:4
13:28:10.0 (47235116)|VARIABLE_ASSIGNMENT|[51]|j|0
13:28:10.0 (47236652)|STATEMENT_EXECUTE|[51]
13:28:10.0 (47238036)|STATEMENT_EXECUTE|[52]
13:28:10.0 (47239029)|STATEMENT_EXECUTE|[53]
13:28:10.0 (47244520)|HEAP_ALLOCATE|[53]|Bytes:2
13:28:10.0 (47251450)|HEAP_ALLOCATE|[53]|Bytes:1
13:28:10.0 (47256098)|HEAP_ALLOCATE|[53]|Bytes:5
13:28:10.0 (47260573)|HEAP_ALLOCATE|[53]|Bytes:2
13:28:10.0 (47267410)|HEAP_ALLOCATE|[53]|Bytes:1
13:28:10.0 (47271897)|HEAP_ALLOCATE|[53]|Bytes:5
13:28:10.0 (47276055)|HEAP_ALLOCATE|[EXTERNAL]|Bytes:4
13:28:10.0 (47279007)|HEAP_ALLOCATE|[51]|Bytes:4
13:28:10.0 (47281577)|VARIABLE_ASSIGNMENT|[51]|j|30
13:28:10.0 (47283171)|STATEMENT_EXECUTE|[51]
13:28:10.0 (47284527)|STATEMENT_EXECUTE|[54]
13:28:10.0 (47286225)|STATEMENT_EXECUTE|[55]
13:28:10.0 (47291638)|HEAP_ALLOCATE|[55]|Bytes:2
13:28:10.0 (47298661)|HEAP_ALLOCATE|[55]|Bytes:2
13:28:10.0 (47303222)|HEAP_ALLOCATE|[55]|Bytes:5
13:28:10.0 (47307638)|HEAP_ALLOCATE|[55]|Bytes:2
13:28:10.0 (47314558)|HEAP_ALLOCATE|[55]|Bytes:2
13:28:10.0 (47319129)|HEAP_ALLOCATE|[55]|Bytes:5
13:28:10.0 (47323273)|HEAP_ALLOCATE|[EXTERNAL]|Bytes:4
13:28:10.0 (47326238)|HEAP_ALLOCATE|[51]|Bytes:4
13:28:10.0 (47328692)|VARIABLE_ASSIGNMENT|[51]|j|60
13:28:10.0 (47330474)|HEAP_ALLOCATE|[50]|Bytes:4
13:28:10.0 (47332818)|VARIABLE_ASSIGNMENT|[50]|i|16
13:28:10.0 (47334409)|STATEMENT_EXECUTE|[50]
13:28:10.0 (47335734)|STATEMENT_EXECUTE|[51]
13:28:10.0 (47337315)|VARIABLE_SCOPE_BEGIN|[51]|j|Integer|false|false
13:28:10.0 (47338727)|HEAP_ALLOCATE|[51]|Bytes:4
13:28:10.0 (47341010)|VARIABLE_ASSIGNMENT|[51]|j|0
13:28:10.0 (47342537)|STATEMENT_EXECUTE|[51]
13:28:10.0 (47343813)|STATEMENT_EXECUTE|[52]
13:28:10.0 (47344794)|STATEMENT_EXECUTE|[53]
13:28:10.0 (47349970)|HEAP_ALLOCATE|[53]|Bytes:2
13:28:10.0 (47357149)|HEAP_ALLOCATE|[53]|Bytes:1
13:28:10.0 (47361679)|HEAP_ALLOCATE|[53]|Bytes:5
13:28:10.0 (47366106)|HEAP_ALLOCATE|[53]|Bytes:2
13:28:10.0 (47373105)|HEAP_ALLOCATE|[53]|Bytes:1
13:28:10.0 (47377498)|HEAP_ALLOCATE|[53]|Bytes:5
13:28:10.0 (47381636)|HEAP_ALLOCATE|[EXTERNAL]|Bytes:4
13:28:10.0 (47384621)|HEAP_ALLOCATE|[51]|Bytes:4
13:28:10.0 (47387190)|VARIABLE_ASSIGNMENT|[51]|j|30
13:28:10.0 (47388840)|STATEMENT_EXECUTE|[51]
13:28:10.0 (47390214)|STATEMENT_EXECUTE|[54]
13:28:10.0 (47391206)|STATEMENT_EXECUTE|[55]
13:28:10.0 (47396221)|HEAP_ALLOCATE|[55]|Bytes:2
13:28:10.0 (47403125)|HEAP_ALLOCATE|[55]|Bytes:2
13:28:10.0 (47407669)|HEAP_ALLOCATE|[55]|Bytes:5
13:28:10.0 (47412058)|HEAP_ALLOCATE|[55]|Bytes:2
13:28:10.0 (47418681)|HEAP_ALLOCATE|[55]|Bytes:2
13:28:10.0 (47423293)|HEAP_ALLOCATE|[55]|Bytes:5
13:28:10.0 (47427398)|HEAP_ALLOCATE|[EXTERNAL]|Bytes:4
13:28:10.0 (47430379)|HEAP_ALLOCATE|[51]|Bytes:4
13:28:10.0 (47432883)|VARIABLE_ASSIGNMENT|[51]|j|60
13:28:10.0 (47434741)|HEAP_ALLOCATE|[50]|Bytes:4
13:28:10.0 (47437088)|VARIABLE_ASSIGNMENT|[50]|i|17
13:28:10.0 (47438706)|STATEMENT_EXECUTE|[50]
13:28:10.0 (47440042)|STATEMENT_EXECUTE|[51]
13:28:10.0 (47441593)|VARIABLE_SCOPE_BEGIN|[51]|j|Integer|false|false
13:28:10.0 (47442952)|HEAP_ALLOCATE|[51]|Bytes:4
13:28:10.0 (47445168)|VARIABLE_ASSIGNMENT|[51]|j|0
13:28:10.0 (47448409)|STATEMENT_EXECUTE|[51]
13:28:10.0 (47449759)|STATEMENT_EXECUTE|[52]
13:28:10.0 (47450735)|STATEMENT_EXECUTE|[53]
13:28:10.0 (47456463)|HEAP_ALLOCATE|[53]|Bytes:2
13:28:10.0 (47463475)|HEAP_ALLOCATE|[53]|Bytes:1
13:28:10.0 (47468214)|HEAP_ALLOCATE|[53]|Bytes:5
13:28:10.0 (47472599)|HEAP_ALLOCATE|[53]|Bytes:2
13:28:10.0 (47479467)|HEAP_ALLOCATE|[53]|Bytes:1
13:28:10.0 (47484056)|HEAP_ALLOCATE|[53]|Bytes:5
13:28:10.0 (47488403)|HEAP_ALLOCATE|[EXTERNAL]|Bytes:4
13:28:10.0 (47491406)|HEAP_ALLOCATE|[51]|Bytes:4
13:28:10.0 (47494095)|VARIABLE_ASSIGNMENT|[51]|j|30
13:28:10.0 (47495715)|STATEMENT_EXECUTE|[51]
13:28:10.0 (47497066)|STATEMENT_EXECUTE|[54]
13:28:10.0 (47498051)|STATEMENT_EXECUTE|[55]
13:28:10.0 (47507448)|HEAP_ALLOCATE|[55]|Bytes:2
13:28:10.0 (47514412)|HEAP_ALLOCATE|[55]|Bytes:2
13:28:10.0 (47518975)|HEAP_ALLOCATE|[55]|Bytes:5
13:28:10.0 (47523396)|HEAP_ALLOCATE|[55]|Bytes:2
13:28:10.0 (47530217)|HEAP_ALLOCATE|[55]|Bytes:2
13:28:10.0 (47534822)|HEAP_ALLOCATE|[55]|Bytes:5
13:28:10.0 (47539066)|HEAP_ALLOCATE|[EXTERNAL]|Bytes:4
13:28:10.0 (47542098)|HEAP_ALLOCATE|[51]|Bytes:4
13:28:10.0 (47544666)|VARIABLE_ASSIGNMENT|[51]|j|60
13:28:10.0 (47546588)|HEAP_ALLOCATE|[50]|Bytes:4
13:28:10.0 (47548841)|VARIABLE_ASSIGNMENT|[50]|i|18
13:28:10.0 (47550509)|STATEMENT_EXECUTE|[50]
13:28:10.0 (47551834)|STATEMENT_EXECUTE|[51]
13:28:10.0 (47553445)|VARIABLE_SCOPE_BEGIN|[51]|j|Integer|false|false
13:28:10.0 (47554893)|HEAP_ALLOCATE|[51]|Bytes:4
13:28:10.0 (47557059)|VARIABLE_ASSIGNMENT|[51]|j|0
13:28:10.0 (47558618)|STATEMENT_EXECUTE|[51]
13:28:10.0 (47559941)|STATEMENT_EXECUTE|[52]
13:28:10.0 (47560940)|STATEMENT_EXECUTE|[53]
13:28:10.0 (47566228)|HEAP_ALLOCATE|[53]|Bytes:2
13:28:10.0 (47573996)|HEAP_ALLOCATE|[53]|Bytes:1
13:28:10.0 (47578685)|HEAP_ALLOCATE|[53]|Bytes:5
13:28:10.0 (47583311)|HEAP_ALLOCATE|[53]|Bytes:2
13:28:10.0 (47589973)|HEAP_ALLOCATE|[53]|Bytes:1
13:28:10.0 (47594492)|HEAP_ALLOCATE|[53]|Bytes:5
13:28:10.0 (47598914)|HEAP_ALLOCATE|[EXTERNAL]|Bytes:4
13:28:10.0 (47602257)|HEAP_ALLOCATE|[51]|Bytes:4
13:28:10.0 (47604816)|VARIABLE_ASSIGNMENT|[51]|j|30
13:28:10.0 (47606464)|STATEMENT_EXECUTE|[51]
13:28:10.0 (47607838)|STATEMENT_EXECUTE|[54]
13:28:10.0 (47608808)|STATEMENT_EXECUTE|[55]
13:28:10.0 (47614001)|HEAP_ALLOCATE|[55]|Bytes:2
13:28:10.0 (47621445)|HEAP_ALLOCATE|[55]|Bytes:2
13:28:10.0 (47625991)|HEAP_ALLOCATE|[55]|Bytes:5
13:28:10.0 (47630607)|HEAP_ALLOCATE|[55]|Bytes:2
13:28:10.0 (47637498)|HEAP_ALLOCATE|[55]|Bytes:2
13:28:10.0 (47641987)|HEAP_ALLOCATE|[55]|Bytes:5
13:28:10.0 (47646266)|HEAP_ALLOCATE|[EXTERNAL]|Bytes:4
13:28:10.0 (47649263)|HEAP_ALLOCATE|[51]|Bytes:4
13:28:10.0 (47651795)|VARIABLE_ASSIGNMENT|[51]|j|60
13:28:10.0 (47653587)|HEAP_ALLOCATE|[50]|Bytes:4
13:28:10.0 (47656330)|VARIABLE_ASSIGNMENT|[50]|i|19
13:28:10.0 (47657959)|STATEMENT_EXECUTE|[50]
13:28:10.0 (47659243)|STATEMENT_EXECUTE|[51]
13:28:10.0 (47660845)|VARIABLE_SCOPE_BEGIN|[51]|j|Integer|false|false
13:28:10.0 (47662162)|HEAP_ALLOCATE|[51]|Bytes:4
13:28:10.0 (47664393)|VARIABLE_ASSIGNMENT|[51]|j|0
13:28:10.0 (47665901)|STATEMENT_EXECUTE|[51]
13:28:10.0 (47667168)|STATEMENT_EXECUTE|[52]
13:28:10.0 (47668147)|STATEMENT_EXECUTE|[53]
13:28:10.0 (47673484)|HEAP_ALLOCATE|[53]|Bytes:2
13:28:10.0 (47680470)|HEAP_ALLOCATE|[53]|Bytes:1
13:28:10.0 (47685118)|HEAP_ALLOCATE|[53]|Bytes:5
13:28:10.0 (47689522)|HEAP_ALLOCATE|[53]|Bytes:2
13:28:10.0 (47696399)|HEAP_ALLOCATE|[53]|Bytes:1
13:28:10.0 (47700904)|HEAP_ALLOCATE|[53]|Bytes:5
13:28:10.0 (47705122)|HEAP_ALLOCATE|[EXTERNAL]|Bytes:4
13:28:10.0 (47708190)|HEAP_ALLOCATE|[51]|Bytes:4
13:28:10.0 (47710739)|VARIABLE_ASSIGNMENT|[51]|j|30
13:28:10.0 (47712295)|STATEMENT_EXECUTE|[51]
13:28:10.0 (47713627)|STATEMENT_EXECUTE|[54]
13:28:10.0 (47714646)|STATEMENT_EXECUTE|[55]
13:28:10.0 (47720171)|HEAP_ALLOCATE|[55]|Bytes:2
13:28:10.0 (47727105)|HEAP_ALLOCATE|[55]|Bytes:2
13:28:10.0 (47731607)|HEAP_ALLOCATE|[55]|Bytes:5
13:28:10.0 (47736014)|HEAP_ALLOCATE|[55]|Bytes:2
13:28:10.0 (47742739)|HEAP_ALLOCATE|[55]|Bytes:2
13:28:10.0 (47747198)|HEAP_ALLOCATE|[55]|Bytes:5
13:28:10.0 (47751192)|HEAP_ALLOCATE|[EXTERNAL]|Bytes:4
13:28:10.0 (47754129)|HEAP_ALLOCATE|[51]|Bytes:4
13:28:10.0 (47756570)|VARIABLE_ASSIGNMENT|[51]|j|60
13:28:10.0 (47758356)|HEAP_ALLOCATE|[50]|Bytes:4
13:28:10.0 (47760559)|VARIABLE_ASSIGNMENT|[50]|i|20
13:28:10.0 (47762157)|STATEMENT_EXECUTE|[50]
13:28:10.0 (47763442)|STATEMENT_EXECUTE|[51]
13:28:10.0 (47765047)|VARIABLE_SCOPE_BEGIN|[51]|j|Integer|false|false
13:28:10.0 (47766424)|HEAP_ALLOCATE|[51]|Bytes:4
13:28:10.0 (47768626)|VARIABLE_ASSIGNMENT|[51]|j|0
13:28:10.0 (47770169)|STATEMENT_EXECUTE|[51]
13:28:10.0 (47771457)|STATEMENT_EXECUTE|[52]
13:28:10.0 (47772490)|STATEMENT_EXECUTE|[53]
13:28:10.0 (47777732)|HEAP_ALLOCATE|[53]|Bytes:2
13:28:10.0 (47784684)|HEAP_ALLOCATE|[53]|Bytes:1
13:28:10.0 (47789492)|HEAP_ALLOCATE|[53]|Bytes:5
13:28:10.0 (47794200)|HEAP_ALLOCATE|[53]|Bytes:2
13:28:10.0 (47800898)|HEAP_ALLOCATE|[53]|Bytes:1
13:28:10.0 (47805305)|HEAP_ALLOCATE|[53]|Bytes:5
13:28:10.0 (47809371)|HEAP_ALLOCATE|[EXTERNAL]|Bytes:4
13:28:10.0 (47812364)|HEAP_ALLOCATE|[51]|Bytes:4
13:28:10.0 (47814828)|VARIABLE_ASSIGNMENT|[51]|j|30
13:28:10.0 (47816437)|STATEMENT_EXECUTE|[51]
13:28:10.0 (47817772)|STATEMENT_EXECUTE|[54]
13:28:10.0 (47818789)|STATEMENT_EXECUTE|[55]
13:28:10.0 (47823999)|HEAP_ALLOCATE|[55]|Bytes:2
13:28:10.0 (47831041)|HEAP_ALLOCATE|[55]|Bytes:2
13:28:10.0 (47835612)|HEAP_ALLOCATE|[55]|Bytes:5
13:28:10.0 (47840139)|HEAP_ALLOCATE|[55]|Bytes:2
13:28:10.0 (47849488)|HEAP_ALLOCATE|[55]|Bytes:2
13:28:10.0 (47854313)|HEAP_ALLOCATE|[55]|Bytes:5
13:28:10.0 (47858592)|HEAP_ALLOCATE|[EXTERNAL]|Bytes:4
13:28:10.0 (47861694)|HEAP_ALLOCATE|[51]|Bytes:4
13:28:10.0 (47864455)|VARIABLE_ASSIGNMENT|[51]|j|60
13:28:10.0 (47866255)|HEAP_ALLOCATE|[50]|Bytes:4
13:28:10.0 (47868829)|VARIABLE_ASSIGNMENT|[50]|i|21
13:28:10.0 (47870524)|STATEMENT_EXECUTE|[50]
13:28:10.0 (47871915)|STATEMENT_EXECUTE|[51]
13:28:10.0 (47873583)|VARIABLE_SCOPE_BEGIN|[51]|j|Integer|false|false
13:28:10.0 (47874960)|HEAP_ALLOCATE|[51]|Bytes:4
13:28:10.0 (47877131)|VARIABLE_ASSIGNMENT|[51]|j|0
13:28:10.0 (47878695)|STATEMENT_EXECUTE|[51]
13:28:10.0 (47879951)|STATEMENT_EXECUTE|[52]
13:28:10.0 (47881002)|STATEMENT_EXECUTE|[53]
13:28:10.0 (47886420)|HEAP_ALLOCATE|[53]|Bytes:2
13:28:10.0 (47893479)|HEAP_ALLOCATE|[53]|Bytes:1
13:28:10.0 (47898056)|HEAP_ALLOCATE|[53]|Bytes:5
13:28:10.0 (47902540)|HEAP_ALLOCATE|[53]|Bytes:2
13:28:10.0 (47909217)|HEAP_ALLOCATE|[53]|Bytes:1
13:28:10.0 (47913657)|HEAP_ALLOCATE|[53]|Bytes:5
13:28:10.0 (47917776)|HEAP_ALLOCATE|[EXTERNAL]|Bytes:4
13:28:10.0 (47920653)|HEAP_ALLOCATE|[51]|Bytes:4
13:28:10.0 (47923145)|VARIABLE_ASSIGNMENT|[51]|j|30
13:28:10.0 (47928351)|STATEMENT_EXECUTE|[51]
13:28:10.0 (47929838)|STATEMENT_EXECUTE|[54]
13:28:10.0 (47930902)|STATEMENT_EXECUTE|[55]
13:28:10.0 (47937005)|HEAP_ALLOCATE|[55]|Bytes:2
13:28:10.0 (47944133)|HEAP_ALLOCATE|[55]|Bytes:2
13:28:10.0 (47948735)|HEAP_ALLOCATE|[55]|Bytes:5
13:28:10.0 (47953278)|HEAP_ALLOCATE|[55]|Bytes:2
13:28:10.0 (47959909)|HEAP_ALLOCATE|[55]|Bytes:2
13:28:10.0 (47964353)|HEAP_ALLOCATE|[55]|Bytes:5
13:28:10.0 (47968447)|HEAP_ALLOCATE|[EXTERNAL]|Bytes:4
13:28:10.0 (47971348)|HEAP_ALLOCATE|[51]|Bytes:4
13:28:10.0 (47973850)|VARIABLE_ASSIGNMENT|[51]|j|60
13:28:10.0 (47975609)|HEAP_ALLOCATE|[50]|Bytes:4
13:28:10.0 (47977919)|VARIABLE_ASSIGNMENT|[50]|i|22
13:28:10.0 (47979751)|STATEMENT_EXECUTE|[50]
13:28:10.0 (47981178)|STATEMENT_EXECUTE|[51]
13:28:10.0 (47982790)|VARIABLE_SCOPE_BEGIN|[51]|j|Integer|false|false
13:28:10.0 (47984212)|HEAP_ALLOCATE|[51]|Bytes:4
13:28:10.0 (47986349)|VARIABLE_ASSIGNMENT|[51]|j|0
13:28:10.0 (47987848)|STATEMENT_EXECUTE|[51]
13:28:10.0 (47989129)|STATEMENT_EXECUTE|[52]
13:28:10.0 (47990113)|STATEMENT_EXECUTE|[53]
13:28:10.0 (47995368)|HEAP_ALLOCATE|[53]|Bytes:2
13:28:10.0 (48002366)|HEAP_ALLOCATE|[53]|Bytes:1
13:28:10.0 (48007530)|HEAP_ALLOCATE|[53]|Bytes:5
13:28:10.0 (48011972)|HEAP_ALLOCATE|[53]|Bytes:2
13:28:10.0 (48018618)|HEAP_ALLOCATE|[53]|Bytes:1
13:28:10.0 (48023082)|HEAP_ALLOCATE|[53]|Bytes:5
13:28:10.0 (48027282)|HEAP_ALLOCATE|[EXTERNAL]|Bytes:4
13:28:10.0 (48030247)|HEAP_ALLOCATE|[51]|Bytes:4
13:28:10.0 (48032843)|VARIABLE_ASSIGNMENT|[51]|j|30
13:28:10.0 (48034517)|STATEMENT_EXECUTE|[51]
13:28:10.0 (48035891)|STATEMENT_EXECUTE|[54]
13:28:10.0 (48036862)|STATEMENT_EXECUTE|[55]
13:28:10.0 (48042020)|HEAP_ALLOCATE|[55]|Bytes:2
13:28:10.0 (48048976)|HEAP_ALLOCATE|[55]|Bytes:2
13:28:10.0 (48053545)|HEAP_ALLOCATE|[55]|Bytes:5
13:28:10.0 (48058091)|HEAP_ALLOCATE|[55]|Bytes:2
13:28:10.0 (48064752)|HEAP_ALLOCATE|[55]|Bytes:2
13:28:10.0 (48069302)|HEAP_ALLOCATE|[55]|Bytes:5
13:28:10.0 (48073381)|HEAP_ALLOCATE|[EXTERNAL]|Bytes:4
13:28:10.0 (48076272)|HEAP_ALLOCATE|[51]|Bytes:4
13:28:10.0 (48078744)|VARIABLE_ASSIGNMENT|[51]|j|60
13:28:10.0 (48080525)|HEAP_ALLOCATE|[50]|Bytes:4
13:28:10.0 (48082758)|VARIABLE_ASSIGNMENT|[50]|i|23
13:28:10.0 (48084535)|STATEMENT_EXECUTE|[50]
13:28:10.0 (48085835)|STATEMENT_EXECUTE|[51]
13:28:10.0 (48087412)|VARIABLE_SCOPE_BEGIN|[51]|j|Integer|false|false
13:28:10.0 (48088806)|HEAP_ALLOCATE|[51]|Bytes:4
13:28:10.0 (48090970)|VARIABLE_ASSIGNMENT|[51]|j|0
13:28:10.0 (48092501)|STATEMENT_EXECUTE|[51]
13:28:10.0 (48093764)|STATEMENT_EXECUTE|[52]
13:28:10.0 (48094733)|STATEMENT_EXECUTE|[53]
13:28:10.0 (48100154)|HEAP_ALLOCATE|[53]|Bytes:2
13:28:10.0 (48107288)|HEAP_ALLOCATE|[53]|Bytes:1
13:28:10.0 (48111826)|HEAP_ALLOCATE|[53]|Bytes:5
13:28:10.0 (48116171)|HEAP_ALLOCATE|[53]|Bytes:2
13:28:10.0 (48122814)|HEAP_ALLOCATE|[53]|Bytes:1
13:28:10.0 (48127227)|HEAP_ALLOCATE|[53]|Bytes:5
13:28:10.0 (48131377)|HEAP_ALLOCATE|[EXTERNAL]|Bytes:4
13:28:10.0 (48134413)|HEAP_ALLOCATE|[51]|Bytes:4
13:28:10.0 (48136917)|VARIABLE_ASSIGNMENT|[51]|j|30
13:28:10.0 (48138599)|STATEMENT_EXECUTE|[51]
13:28:10.0 (48139922)|STATEMENT_EXECUTE|[54]
13:28:10.0 (48140924)|STATEMENT_EXECUTE|[55]
13:28:10.0 (48146230)|HEAP_ALLOCATE|[55]|Bytes:2
13:28:10.0 (48153402)|HEAP_ALLOCATE|[55]|Bytes:2
13:28:10.0 (48158048)|HEAP_ALLOCATE|[55]|Bytes:5
13:28:10.0 (48162505)|HEAP_ALLOCATE|[55]|Bytes:2
13:28:10.0 (48169185)|HEAP_ALLOCATE|[55]|Bytes:2
13:28:10.0 (48173623)|HEAP_ALLOCATE|[55]|Bytes:5
13:28:10.0 (48177648)|HEAP_ALLOCATE|[EXTERNAL]|Bytes:4
13:28:10.0 (48180585)|HEAP_ALLOCATE|[51]|Bytes:4
13:28:10.0 (48183076)|VARIABLE_ASSIGNMENT|[51]|j|60
13:28:10.0 (48184843)|HEAP_ALLOCATE|[50]|Bytes:4
13:28:10.0 (48187040)|VARIABLE_ASSIGNMENT|[50]|i|24
13:28:10.0 (48188997)|STATEMENT_EXECUTE|[59]
13:28:10.0 (48292113)|SYSTEM_MODE_ENTER|true
13:28:10.0 (48315858)|HEAP_ALLOCATE|[EXTERNAL]|Bytes:80
13:28:10.0 (48395950)|VARIABLE_ASSIGNMENT|[EXTERNAL]|this|{"delToHub":true,"delToProj":false,"detail":"0x52190997","invoked":false,"rejected":false,"reserved":false,"selectedTime3":"8:00","sublocations1":"0x16511859","www":"0x6c883b19","wwwById":"0x4b76a673"}|0x114d9b2
13:28:10.0 (48405394)|STATEMENT_EXECUTE|[78]
13:28:10.0 (48411374)|STATEMENT_EXECUTE|[79]
13:28:10.0 (48413639)|STATEMENT_EXECUTE|[83]
13:28:10.51 (51557154)|SYSTEM_MODE_ENTER|true
13:28:10.51 (51605155)|HEAP_ALLOCATE|[EXTERNAL]|Bytes:8
13:28:10.51 (51611678)|VARIABLE_SCOPE_BEGIN|[88]|this|ApexPage.PageMessagesComponentController|true|false
13:28:10.51 (51632895)|VARIABLE_ASSIGNMENT|[88]|this|{}|0x9ad8de9
13:28:10.51 (51635689)|VARIABLE_SCOPE_BEGIN|[88]|escape|Boolean|false|false
13:28:10.51 (51639848)|VARIABLE_ASSIGNMENT|[88]|escape|null
13:28:10.0 (51967618)|SYSTEM_MODE_ENTER|true
13:28:10.0 (51990029)|HEAP_ALLOCATE|[EXTERNAL]|Bytes:4
13:28:10.0 (52010610)|HEAP_ALLOCATE|[EXTERNAL]|Bytes:80
13:28:10.0 (52026558)|VARIABLE_ASSIGNMENT|[EXTERNAL]|this.selectedTime3|"8:00"|0x114d9b2
13:28:10.0 (52077002)|SYSTEM_MODE_ENTER|true
13:28:10.0 (52103429)|HEAP_ALLOCATE|[EXTERNAL]|Bytes:80
13:28:10.0 (52152627)|VARIABLE_ASSIGNMENT|[EXTERNAL]|this|{"delToHub":true,"delToProj":false,"detail":"0x52190997","invoked":false,"rejected":false,"reserved":false,"selectedTime3":"8:00","sublocations1":"0x16511859","www":"0x6c883b19","wwwById":"0x4b76a673"}|0x114d9b2
13:28:10.0 (52159918)|STATEMENT_EXECUTE|[3]
13:28:10.0 (52162862)|STATEMENT_EXECUTE|[4]
13:28:10.0 (52164287)|STATEMENT_EXECUTE|[9]
13:28:10.0 (52500870)|SYSTEM_MODE_ENTER|true
13:28:10.0 (52521282)|HEAP_ALLOCATE|[EXTERNAL]|Bytes:80
13:28:10.0 (52566504)|VARIABLE_ASSIGNMENT|[EXTERNAL]|this|{"delToHub":true,"delToProj":false,"detail":"0x52190997","invoked":false,"rejected":false,"reserved":false,"selectedTime3":"8:00","sublocations1":"0x16511859","www":"0x6c883b19","wwwById":"0x4b76a673"}|0x114d9b2
13:28:10.0 (52572692)|STATEMENT_EXECUTE|[204]
13:28:10.0 (52575139)|STATEMENT_EXECUTE|[205]
13:28:10.0 (52576294)|STATEMENT_EXECUTE|[208]
13:28:10.0 (52615621)|SYSTEM_MODE_ENTER|true
13:28:10.0 (52631703)|HEAP_ALLOCATE|[EXTERNAL]|Bytes:80
13:28:10.0 (52670547)|VARIABLE_ASSIGNMENT|[EXTERNAL]|this|{"delToHub":true,"delToProj":false,"detail":"0x52190997","invoked":false,"rejected":false,"reserved":false,"selectedTime3":"8:00","sublocations1":"0x16511859","www":"0x6c883b19","wwwById":"0x4b76a673"}|0x114d9b2
13:28:10.0 (52676033)|STATEMENT_EXECUTE|[220]
13:28:10.0 (52678067)|STATEMENT_EXECUTE|[221]
13:28:10.0 (52679226)|STATEMENT_EXECUTE|[224]
13:28:10.0 (52713846)|SYSTEM_MODE_ENTER|true
13:28:10.0 (52728762)|HEAP_ALLOCATE|[EXTERNAL]|Bytes:80
13:28:10.0 (52764763)|VARIABLE_ASSIGNMENT|[EXTERNAL]|this|{"delToHub":true,"delToProj":false,"detail":"0x52190997","invoked":false,"rejected":false,"reserved":false,"selectedTime3":"8:00","sublocations1":"0x16511859","www":"0x6c883b19","wwwById":"0x4b76a673"}|0x114d9b2
13:28:10.0 (52769782)|STATEMENT_EXECUTE|[212]
13:28:10.0 (52771707)|STATEMENT_EXECUTE|[213]
13:28:10.0 (52772886)|STATEMENT_EXECUTE|[216]
13:28:10.0 (52806101)|SYSTEM_MODE_ENTER|true
13:28:10.0 (52821129)|HEAP_ALLOCATE|[EXTERNAL]|Bytes:80
13:28:10.0 (52861393)|VARIABLE_ASSIGNMENT|[EXTERNAL]|this|{"delToHub":true,"delToProj":false,"detail":"0x52190997","invoked":false,"rejected":false,"reserved":false,"selectedTime3":"8:00","sublocations1":"0x16511859","www":"0x6c883b19","wwwById":"0x4b76a673"}|0x114d9b2
13:28:10.0 (52867244)|STATEMENT_EXECUTE|[21]
13:28:10.0 (52869253)|STATEMENT_EXECUTE|[22]
13:28:10.0 (52870445)|STATEMENT_EXECUTE|[26]
13:28:10.0 (53461467)|HEAP_ALLOCATE|[EXTERNAL]|Bytes:80
13:28:10.0 (53468332)|VARIABLE_SCOPE_BEGIN|[245]|this|NewDeliveredExtension|true|false
13:28:10.0 (53511190)|VARIABLE_ASSIGNMENT|[245]|this|{"delToHub":true,"delToProj":false,"detail":"0x52190997","invoked":false,"rejected":false,"reserved":false,"selectedTime3":"8:00","sublocations1":"0x16511859","www":"0x6c883b19","wwwById":"0x4b76a673"}|0x114d9b2
13:28:10.0 (53517687)|STATEMENT_EXECUTE|[245]
13:28:10.0 (53519235)|STATEMENT_EXECUTE|[246]
13:28:10.0 (53524479)|HEAP_ALLOCATE|[246]|Bytes:4
13:28:10.0 (53614705)|VARIABLE_ASSIGNMENT|[EXTERNAL]|this|{"delToHub":true,"delToProj":false,"detail":"0x52190997","invoked":false,"rejected":false,"reserved":false,"selectedTime3":"8:00","sublocations1":"0x16511859","www":"0x6c883b19","wwwById":"0x4b76a673"}|0x114d9b2
13:28:10.0 (53633309)|HEAP_ALLOCATE|[EXTERNAL]|Bytes:4
13:28:10.0 (53639527)|VARIABLE_ASSIGNMENT|[EXTERNAL]|value|[]|0x389f4f3f
13:28:10.0 (53648110)|VARIABLE_ASSIGNMENT|[185]|this.sublocations1|[]|0x114d9b2
13:28:10.0 (53654728)|STATEMENT_EXECUTE|[247]
13:28:10.0 (53658298)|HEAP_ALLOCATE|[247]|Bytes:4
13:28:10.0 (53672645)|VARIABLE_SCOPE_BEGIN|[247]|options|List<NewDeliveredExtension.SubLocation>|true|false
13:28:10.0 (53679301)|HEAP_ALLOCATE|[EXTERNAL]|Bytes:4
13:28:10.0 (53682971)|VARIABLE_ASSIGNMENT|[247]|options|[]|0x5d7a7407
13:28:10.0 (53684770)|STATEMENT_EXECUTE|[248]
13:28:10.0 (53687781)|HEAP_ALLOCATE|[248]|Bytes:18
13:28:10.0 (53735583)|VARIABLE_ASSIGNMENT|[EXTERNAL]|this|{"delToHub":true,"delToProj":false,"detail":"0x52190997","invoked":false,"rejected":false,"reserved":false,"selectedTime3":"8:00","sublocations1":"0x389f4f3f","www":"0x6c883b19","wwwById":"0x4b76a673"}|0x114d9b2
13:28:10.0 (53739735)|STATEMENT_EXECUTE|[3]
13:28:10.0 (53742172)|STATEMENT_EXECUTE|[4]
13:28:10.0 (53743267)|STATEMENT_EXECUTE|[9]
13:28:10.0 (53800481)|HEAP_ALLOCATE|[248]|Bytes:18
13:28:10.0 (53812069)|HEAP_ALLOCATE|[248]|Bytes:36
13:28:10.0 (53835917)|USER_DEBUG|[248]|DEBUG|detail.Location__ca0B0E0000009MiwUAE
13:28:10.0 (53887666)|VARIABLE_ASSIGNMENT|[EXTERNAL]|this|{"delToHub":true,"delToProj":false,"detail":"0x52190997","invoked":false,"rejected":false,"reserved":false,"selectedTime3":"8:00","sublocations1":"0x389f4f3f","www":"0x6c883b19","wwwById":"0x4b76a673"}|0x114d9b2
13:28:10.0 (53892144)|STATEMENT_EXECUTE|[3]
13:28:10.0 (53894036)|STATEMENT_EXECUTE|[4]
13:28:10.0 (53895206)|STATEMENT_EXECUTE|[9]
13:28:10.0 (53902597)|STATEMENT_EXECUTE|[250]
13:28:10.0 (53906205)|HEAP_ALLOCATE|[251]|Bytes:68
13:28:10.0 (53913818)|HEAP_ALLOCATE|[251]|Bytes:4
13:28:10.0 (53920434)|HEAP_ALLOCATE|[251]|Bytes:7
13:28:10.0 (53965934)|VARIABLE_ASSIGNMENT|[EXTERNAL]|this|{"delToHub":true,"delToProj":false,"detail":"0x52190997","invoked":false,"rejected":false,"reserved":false,"selectedTime3":"8:00","sublocations1":"0x389f4f3f","www":"0x6c883b19","wwwById":"0x4b76a673"}|0x114d9b2
13:28:10.0 (53970302)|STATEMENT_EXECUTE|[3]
13:28:10.0 (53972104)|STATEMENT_EXECUTE|[4]
13:28:10.0 (53973208)|STATEMENT_EXECUTE|[9]
13:28:10.0 (54296934)|SOQL_EXECUTE_BEGIN|[251]|Aggregations:0|SELECT Name, Id FROM Location__c 
13:28:10.0 (56710918)|SOQL_EXECUTE_END|[251]|Rows:1
13:28:10.0 (56724307)|HEAP_ALLOCATE|[EXTERNAL]|Bytes:8
13:28:10.0 (56857277)|HEAP_ALLOCATE|[251]|Bytes:49
13:28:10.0 (56863416)|HEAP_ALLOCATE|[251]|Bytes:8
13:28:10.0 (56871227)|SYSTEM_METHOD_ENTRY|[7]|QueryLocatorIterator.QueryLocatorIterator()
13:28:10.0 (56873839)|STATEMENT_EXECUTE|[7]
13:28:10.0 (56882368)|SYSTEM_METHOD_EXIT|[7]|QueryLocatorIterator
13:28:10.0 (56888588)|HEAP_ALLOCATE|[251]|Bytes:28
13:28:10.0 (56943652)|HEAP_ALLOCATE|[251]|Bytes:8
13:28:10.0 (56956855)|HEAP_ALLOCATE|[251]|Bytes:8
13:28:10.0 (56958563)|HEAP_ALLOCATE|[251]|Bytes:8
13:28:10.0 (56962367)|VARIABLE_SCOPE_BEGIN|[15]|this|Database.QueryLocatorIterator|true|false
13:28:10.0 (56981813)|VARIABLE_ASSIGNMENT|[15]|this|{}|0x77fbc0b1
13:28:10.0 (56984446)|VARIABLE_SCOPE_BEGIN|[15]|values|List<SObject>|true|false
13:28:10.0 (56997590)|VARIABLE_ASSIGNMENT|[15]|values|[{"Name":"27I3A","Id":"a0B0E0000009WnWUAU","RecordTypeId":"01224000000B1zdAAC"}]|0x1d6e47c8
13:28:10.0 (57000007)|VARIABLE_SCOPE_BEGIN|[15]|ql|Database.QueryLocator|true|false
13:28:10.0 (57012378)|VARIABLE_ASSIGNMENT|[15]|ql|{"query":"SELECT Name, Id FROM (48 more) ..."}|0x72e254ab
13:28:10.0 (57014443)|VARIABLE_SCOPE_BEGIN|[15]|totalNumRecords|Integer|false|false
13:28:10.0 (57017658)|VARIABLE_ASSIGNMENT|[15]|totalNumRecords|1
13:28:10.0 (57019447)|VARIABLE_SCOPE_BEGIN|[15]|queryMoreSize|Integer|false|false
13:28:10.0 (57021736)|VARIABLE_ASSIGNMENT|[15]|queryMoreSize|49999
13:28:10.0 (57089149)|HEAP_ALLOCATE|[251]|Bytes:28
13:28:10.0 (57107575)|METHOD_ENTRY|[251]||Database.QueryLocatorIterator.hasNext()
13:28:10.0 (57158725)|METHOD_EXIT|[251]||Database.QueryLocatorIterator.hasNext()
13:28:10.0 (57165376)|METHOD_ENTRY|[251]||Database.QueryLocatorIterator.next()
13:28:10.0 (57235019)|METHOD_EXIT|[251]||Database.QueryLocatorIterator.next()
13:28:10.0 (57241591)|VARIABLE_SCOPE_BEGIN|[251]|loc|Location__c|true|false
13:28:10.0 (57253463)|VARIABLE_ASSIGNMENT|[251]|loc|{"Name":"27I3A","Id":"a0B0E0000009WnWUAU","RecordTypeId":"01224000000B1zdAAC"}|0x15668667
13:28:10.0 (57256260)|STATEMENT_EXECUTE|[251]
13:28:10.0 (57257764)|STATEMENT_EXECUTE|[252]
13:28:10.0 (57313346)|VARIABLE_ASSIGNMENT|[EXTERNAL]|this|{"delToHub":true,"delToProj":false,"detail":"0x52190997","invoked":false,"rejected":false,"reserved":false,"selectedTime3":"8:00","sublocations1":"0x389f4f3f","www":"0x6c883b19","wwwById":"0x4b76a673"}|0x114d9b2
13:28:10.0 (57318430)|STATEMENT_EXECUTE|[186]
13:28:10.0 (57320977)|STATEMENT_EXECUTE|[187]
13:28:10.0 (57322108)|STATEMENT_EXECUTE|[190]
13:28:10.0 (57338389)|HEAP_ALLOCATE|[252]|Bytes:112
13:28:10.0 (57342545)|HEAP_ALLOCATE|[252]|Bytes:11
13:28:10.0 (57347878)|HEAP_ALLOCATE|[252]|Bytes:12
13:28:10.0 (57360355)|CONSTRUCTOR_ENTRY|[252]|01p2400000DUtXT|<init>(Boolean,Location__c)
13:28:10.0 (57365004)|VARIABLE_SCOPE_BEGIN|[530]|this|NewDeliveredExtension.SubLocation|true|false
13:28:10.0 (57375851)|VARIABLE_ASSIGNMENT|[530]|this|{}|0x7a59d304
13:28:10.0 (57380633)|VARIABLE_SCOPE_BEGIN|[530]|isChecked|Boolean|false|false
13:28:10.0 (57383627)|VARIABLE_ASSIGNMENT|[530]|isChecked|false
13:28:10.0 (57385583)|VARIABLE_SCOPE_BEGIN|[530]|sub|Location__c|true|false
13:28:10.0 (57391778)|VARIABLE_ASSIGNMENT|[530]|sub|{"Name":"27I3A","Id":"a0B0E0000009WnWUAU","RecordTypeId":"01224000000B1zdAAC"}|0x15668667
13:28:10.0 (57395107)|STATEMENT_EXECUTE|[527]
13:28:10.0 (57396685)|STATEMENT_EXECUTE|[528]
13:28:10.0 (57397837)|STATEMENT_EXECUTE|[529]
13:28:10.0 (57407226)|STATEMENT_EXECUTE|[530]
13:28:10.0 (57408529)|STATEMENT_EXECUTE|[531]
13:28:10.0 (57431908)|VARIABLE_ASSIGNMENT|[EXTERNAL]|this|{}|0x7a59d304
13:28:10.0 (57436631)|VARIABLE_ASSIGNMENT|[EXTERNAL]|value|false
13:28:10.0 (57440648)|HEAP_ALLOCATE|[528]|Bytes:5
13:28:10.0 (57445503)|VARIABLE_ASSIGNMENT|[528]|this.isChecked|false|0x7a59d304
13:28:10.0 (57449625)|STATEMENT_EXECUTE|[532]
13:28:10.0 (57467114)|VARIABLE_ASSIGNMENT|[EXTERNAL]|this|{"isChecked":false}|0x7a59d304
13:28:10.0 (57473174)|VARIABLE_ASSIGNMENT|[EXTERNAL]|value|{"Name":"27I3A","Id":"a0B0E0000009WnWUAU","RecordTypeId":"01224000000B1zdAAC"}|0x15668667
13:28:10.0 (57480439)|VARIABLE_ASSIGNMENT|[529]|this.sub|{"Name":"27I3A","Id":"a0B0E0000009WnWUAU","RecordTypeId":"01224000000B1zdAAC"}|0x7a59d304
13:28:10.0 (57488789)|CONSTRUCTOR_EXIT|[252]|01p2400000DUtXT|<init>(Boolean,Location__c)
13:28:10.0 (57497902)|HEAP_ALLOCATE|[EXTERNAL]|Bytes:4
13:28:10.0 (57505315)|METHOD_ENTRY|[251]||Database.QueryLocatorIterator.hasNext()
13:28:10.0 (57515334)|METHOD_EXIT|[251]||Database.QueryLocatorIterator.hasNext()
13:28:10.0 (57520739)|VARIABLE_ASSIGNMENT|[251]|loc|null|
13:28:10.69 (69075347)|SYSTEM_MODE_ENTER|true
13:28:10.69 (69134832)|HEAP_ALLOCATE|[EXTERNAL]|Bytes:8
13:28:10.69 (69141801)|VARIABLE_SCOPE_BEGIN|[88]|this|ApexPage.PageMessagesComponentController|true|false
13:28:10.69 (69162771)|VARIABLE_ASSIGNMENT|[88]|this|{}|0x9ad8de9
13:28:10.69 (69165554)|VARIABLE_SCOPE_BEGIN|[88]|escape|Boolean|false|false
13:28:10.69 (69169000)|VARIABLE_ASSIGNMENT|[88]|escape|null
13:28:10.69 (69258995)|SYSTEM_MODE_ENTER|true
13:28:10.69 (69282747)|HEAP_ALLOCATE|[EXTERNAL]|Bytes:8
13:28:10.69 (69287435)|VARIABLE_SCOPE_BEGIN|[2]|this|ApexPage.PageMessagesComponentController|true|false
13:28:10.69 (69300631)|VARIABLE_ASSIGNMENT|[2]|this|{}|0x9ad8de9
13:28:10.0 (69581227)|SYSTEM_MODE_ENTER|true
13:28:10.0 (69602483)|HEAP_ALLOCATE|[EXTERNAL]|Bytes:80
13:28:10.0 (69651414)|VARIABLE_ASSIGNMENT|[EXTERNAL]|this|{"delToHub":true,"delToProj":false,"detail":"0x52190997","invoked":false,"rejected":false,"reserved":false,"selectedTime3":"8:00","sublocations1":"0x389f4f3f","www":"0x6c883b19","wwwById":"0x4b76a673"}|0x114d9b2
13:28:10.0 (69658369)|STATEMENT_EXECUTE|[196]
13:28:10.0 (69661161)|STATEMENT_EXECUTE|[197]
13:28:10.0 (69662472)|STATEMENT_EXECUTE|[200]
13:28:10.0 (69710759)|SYSTEM_MODE_ENTER|true
13:28:10.0 (69726961)|HEAP_ALLOCATE|[EXTERNAL]|Bytes:80
13:28:10.0 (69767542)|VARIABLE_ASSIGNMENT|[EXTERNAL]|this|{"delToHub":true,"delToProj":false,"detail":"0x52190997","invoked":false,"rejected":false,"reserved":false,"selectedTime3":"8:00","sublocations1":"0x389f4f3f","www":"0x6c883b19","wwwById":"0x4b76a673"}|0x114d9b2
13:28:10.0 (69772017)|STATEMENT_EXECUTE|[229]
13:28:10.0 (69774154)|STATEMENT_EXECUTE|[230]
13:28:10.0 (69775374)|STATEMENT_EXECUTE|[233]
13:28:10.0 (69830601)|SYSTEM_MODE_ENTER|true
13:28:10.0 (69848171)|HEAP_ALLOCATE|[EXTERNAL]|Bytes:80
13:28:10.0 (69886342)|VARIABLE_ASSIGNMENT|[EXTERNAL]|this|{"delToHub":true,"delToProj":false,"detail":"0x52190997","invoked":false,"rejected":false,"reserved":false,"selectedTime3":"8:00","sublocations1":"0x389f4f3f","www":"0x6c883b19","wwwById":"0x4b76a673"}|0x114d9b2
13:28:10.0 (69891487)|STATEMENT_EXECUTE|[3]
13:28:10.0 (69893472)|STATEMENT_EXECUTE|[4]
13:28:10.0 (69894731)|STATEMENT_EXECUTE|[9]
13:28:10.0 (76050192)|SYSTEM_MODE_ENTER|true
13:28:10.0 (76074774)|HEAP_ALLOCATE|[EXTERNAL]|Bytes:80
13:28:10.0 (76125321)|VARIABLE_ASSIGNMENT|[EXTERNAL]|this|{"delToHub":true,"delToProj":false,"detail":"0x52190997","invoked":false,"rejected":false,"reserved":false,"selectedTime3":"8:00","sublocations1":"0x389f4f3f","www":"0x6c883b19","wwwById":"0x4b76a673"}|0x114d9b2
13:28:10.0 (76131826)|STATEMENT_EXECUTE|[186]
13:28:10.0 (76134427)|STATEMENT_EXECUTE|[187]
13:28:10.0 (76135687)|STATEMENT_EXECUTE|[190]
13:28:10.0 (76639067)|SYSTEM_MODE_ENTER|true
13:28:10.0 (76660435)|HEAP_ALLOCATE|[EXTERNAL]|Bytes:80
13:28:10.0 (76708013)|VARIABLE_ASSIGNMENT|[EXTERNAL]|this|{"delToHub":true,"delToProj":false,"detail":"0x52190997","invoked":false,"rejected":false,"reserved":false,"selectedTime3":"8:00","sublocations1":"0x389f4f3f","www":"0x6c883b19","wwwById":"0x4b76a673"}|0x114d9b2
13:28:10.0 (76714987)|STATEMENT_EXECUTE|[204]
13:28:10.0 (76717581)|STATEMENT_EXECUTE|[205]
13:28:10.0 (76718810)|STATEMENT_EXECUTE|[208]
13:28:10.0 (76760978)|SYSTEM_MODE_ENTER|true
13:28:10.0 (76776110)|HEAP_ALLOCATE|[EXTERNAL]|Bytes:80
13:28:10.0 (76814401)|VARIABLE_ASSIGNMENT|[EXTERNAL]|this|{"delToHub":true,"delToProj":false,"detail":"0x52190997","invoked":false,"rejected":false,"reserved":false,"selectedTime3":"8:00","sublocations1":"0x389f4f3f","www":"0x6c883b19","wwwById":"0x4b76a673"}|0x114d9b2
13:28:10.0 (76819711)|STATEMENT_EXECUTE|[220]
13:28:10.0 (76821858)|STATEMENT_EXECUTE|[221]
13:28:10.0 (76823115)|STATEMENT_EXECUTE|[224]
13:28:10.0 (76898415)|SYSTEM_MODE_ENTER|true
13:28:10.0 (76922990)|HEAP_ALLOCATE|[EXTERNAL]|Bytes:80
13:28:10.0 (76996294)|VARIABLE_ASSIGNMENT|[EXTERNAL]|this|{"delToHub":true,"delToProj":false,"detail":"0x52190997","invoked":false,"rejected":false,"reserved":false,"selectedTime3":"8:00","sublocations1":"0x389f4f3f","www":"0x6c883b19","wwwById":"0x4b76a673"}|0x114d9b2
13:28:10.0 (77014649)|STATEMENT_EXECUTE|[212]
13:28:10.0 (77018770)|STATEMENT_EXECUTE|[213]
13:28:10.0 (77020561)|STATEMENT_EXECUTE|[216]
13:28:10.0 (77132982)|SYSTEM_MODE_ENTER|true
13:28:10.0 (77153789)|HEAP_ALLOCATE|[EXTERNAL]|Bytes:80
13:28:10.0 (77194076)|VARIABLE_ASSIGNMENT|[EXTERNAL]|this|{"delToHub":true,"delToProj":false,"detail":"0x52190997","invoked":false,"rejected":false,"reserved":false,"selectedTime3":"8:00","sublocations1":"0x389f4f3f","www":"0x6c883b19","wwwById":"0x4b76a673"}|0x114d9b2
13:28:10.0 (77199226)|STATEMENT_EXECUTE|[21]
13:28:10.0 (77201843)|STATEMENT_EXECUTE|[22]
13:28:10.0 (77203048)|STATEMENT_EXECUTE|[26]
13:28:10.0 (81188152)|VF_SERIALIZE_VIEWSTATE_BEGIN|06624000003h0Dg
13:28:10.0 (85458214)|VF_SERIALIZE_VIEWSTATE_END
13:28:10.87 (87789952)|CUMULATIVE_LIMIT_USAGE
13:28:10.87 (87789952)|LIMIT_USAGE_FOR_NS|(default)|
  Number of SOQL queries: 1 out of 100
  Number of query rows: 1 out of 50000
  Number of SOSL queries: 0 out of 20
  Number of DML statements: 0 out of 150
  Number of DML rows: 0 out of 10000
  Maximum CPU time: 0 out of 10000
  Maximum heap size: 0 out of 6000000
  Number of callouts: 0 out of 100
  Number of Email Invocations: 0 out of 10
  Number of future calls: 0 out of 50
  Number of queueable jobs added to the queue: 0 out of 50
  Number of Mobile Apex push calls: 0 out of 10

13:28:10.87 (87789952)|CUMULATIVE_LIMIT_USAGE_END

13:28:10.0 (87823537)|CODE_UNIT_FINISHED|VF: /apex/New_delivered_detail
13:28:10.0 (88585184)|EXECUTION_FINISHED
