38.0 APEX_CODE,DEBUG;APEX_PROFILING,INFO;CALLOUT,INFO;DB,INFO;SYSTEM,DEBUG;VALIDATION,INFO;VISUALFORCE,INFO;WAVE,INFO;WORKFLOW,INFO
16:03:53.0 (301029)|USER_INFO|[EXTERNAL]|00524000001e3Uj|bedrijfsbureau@gsa.nl.sandbox|Midden-Europese standaardtijd|GMT+02:00
16:03:53.0 (326488)|EXECUTION_STARTED
16:03:53.0 (330031)|CODE_UNIT_STARTED|[EXTERNAL]|06624000003h0Dg|VF: /apex/New_delivered_detail
16:03:53.0 (469144)|VF_DESERIALIZE_VIEWSTATE_BEGIN|06624000003h0Dg
16:03:53.0 (8189420)|VF_DESERIALIZE_VIEWSTATE_END
16:03:53.8 (8839264)|SYSTEM_MODE_ENTER|true
16:03:53.9 (9518132)|SYSTEM_MODE_ENTER|true
16:03:53.0 (9754822)|SYSTEM_MODE_ENTER|true
16:03:53.0 (10007074)|SYSTEM_MODE_ENTER|true
16:03:53.0 (10075330)|SYSTEM_MODE_ENTER|true
16:03:53.0 (10132300)|SYSTEM_MODE_ENTER|true
16:03:53.0 (10186866)|SYSTEM_MODE_ENTER|true
16:03:53.0 (10283314)|SYSTEM_MODE_ENTER|true
16:03:53.0 (12027277)|SYSTEM_MODE_ENTER|true
16:03:53.0 (25034129)|SYSTEM_MODE_ENTER|true
16:03:53.0 (27010817)|SYSTEM_MODE_ENTER|true
16:03:53.0 (27158406)|SYSTEM_MODE_ENTER|true
16:03:53.30 (30290152)|SYSTEM_MODE_ENTER|true
16:03:53.0 (31032883)|SYSTEM_MODE_ENTER|true
16:03:53.0 (31111448)|SYSTEM_MODE_ENTER|true
16:03:53.0 (31176925)|SYSTEM_MODE_ENTER|true
16:03:53.0 (31718223)|SYSTEM_MODE_ENTER|true
16:03:53.0 (32629152)|USER_DEBUG|[335]|DEBUG|detail WWW_Detail__c:{WWW__c=null, Project__c=a0q9E0000006AJvQAM, RecordTypeId=01224000000Sn4QAAS, Grootte_verpakking__c=Balen, Number_Of_Items__c=1, Afroepeenheid__c=Balen, Foto__c=false, Extra_Remarks__c=null, Date_Of_Delivery__c=2017-03-30 06:00:00, Opslagduur__c=2017-03-30 06:00:00}
16:03:53.0 (33890128)|USER_DEBUG|[426]|DEBUG|  detail.Arrival_Truck_On_Hub__cnull
16:03:53.0 (34175237)|USER_DEBUG|[492]|DEBUG|OBDEB locationWithSubs -->> 
16:03:53.0 (34224956)|USER_DEBUG|[496]|DEBUG|OBDEB subLocsSelected -->> false
16:03:53.0 (34293717)|DML_BEGIN|[570]|Op:Insert|Type:WWW_Detail__c|Rows:1
16:03:53.0 (43598461)|CODE_UNIT_STARTED|[EXTERNAL]|01q2400000133Bx|WWWDetailTrigger on WWW_Detail trigger event BeforeInsert for [new]
16:03:53.0 (49028395)|SOQL_EXECUTE_BEGIN|[298]|Aggregations:0|SELECT Id FROM RecordType WHERE (DeveloperName = 'Invoked' AND SobjectType = 'WWW_detail__c')
16:03:53.0 (61740131)|SOQL_EXECUTE_END|[298]|Rows:1
16:03:53.0 (62128849)|SOQL_EXECUTE_BEGIN|[299]|Aggregations:0|SELECT Id, Curr_Items_To_Be_Delivered_On_Hub__c, Curr_Items_To_Be_Delivered_On_Project__c, Curr_Items_To_Invoke__c, Curr_Items_To_Invoke_Incl_Rejected__c FROM WWW__c WHERE id = :tmpVar1
16:03:53.0 (64229458)|SOQL_EXECUTE_END|[299]|Rows:0
16:03:53.64 (64462000)|CUMULATIVE_LIMIT_USAGE
16:03:53.64 (64462000)|LIMIT_USAGE_FOR_NS|(default)|
  Number of SOQL queries: 2 out of 100
  Number of query rows: 1 out of 50000
  Number of SOSL queries: 0 out of 20
  Number of DML statements: 1 out of 150
  Number of DML rows: 1 out of 10000
  Maximum CPU time: 0 out of 10000
  Maximum heap size: 0 out of 6000000
  Number of callouts: 0 out of 100
  Number of Email Invocations: 0 out of 10
  Number of future calls: 0 out of 50
  Number of queueable jobs added to the queue: 0 out of 50
  Number of Mobile Apex push calls: 0 out of 10

16:03:53.64 (64462000)|CUMULATIVE_LIMIT_USAGE_END

16:03:53.0 (65447111)|CODE_UNIT_FINISHED|WWWDetailTrigger on WWW_Detail trigger event BeforeInsert for [new]
16:03:53.0 (79445222)|CODE_UNIT_STARTED|[EXTERNAL]|Validation:WWW_Detail:new
16:03:53.0 (79459090)|VALIDATION_RULE|03d24000000aMzu|Afleveren_if_Compleet_Nee_set_mandatory
16:03:53.0 (79958551)|VALIDATION_FORMULA|IF( AND(RecordType.Name = '5 Delivered to Project',   ISPICKVAL(Compleet_klaargezet__c , 'Nee'),  ISBLANK(TEXT( Reden_niet_compleet_uigevoerd__c ))),true,false)|Reden_niet_compleet_uigevoerd__c=null , RecordType.Name=Verwachten , Compleet_klaargezet__c=null
16:03:53.0 (79966933)|VALIDATION_PASS
16:03:53.0 (79969536)|VALIDATION_RULE|03d9E0000008jMe|Set_WWW_required
16:03:53.0 (80287269)|VALIDATION_FORMULA|AND(
  OR(
      $RecordType.Name = "Delivered_2_Project",
      $RecordType.Name = "Invoked",
      $RecordType.Name = "Rejected",
      $RecordType.Name = "Delivered_2_Hub"
  ),
  
  ISBLANK(WWW__c)
)|$RecordType.Name=Verwachten , WWW__c=null
16:03:53.0 (80294542)|VALIDATION_PASS
16:03:53.0 (80331042)|CODE_UNIT_FINISHED|Validation:WWW_Detail:new
16:03:53.0 (115979628)|CODE_UNIT_STARTED|[EXTERNAL]|01q2400000133Bx|WWWDetailTrigger on WWW_Detail trigger event AfterInsert for [a0s9E0000001Dec]
16:03:53.0 (118779256)|SYSTEM_MODE_ENTER|false
16:03:53.0 (118796265)|SYSTEM_MODE_EXIT|false
16:03:53.0 (119032461)|SOQL_EXECUTE_BEGIN|[99]|Aggregations:0|SELECT Id, developerName FROM RecordType WHERE sObjectType = 'WWW_detail__c'
16:03:53.0 (121474009)|SOQL_EXECUTE_END|[99]|Rows:5
16:03:53.0 (122001898)|SOQL_EXECUTE_BEGIN|[112]|Aggregations:0|SELECT Id, Toename_Aantal_palletplaatsen1__c, Total_Items_Invoked__c, Total_Items_Delivered_Hub__c, Total_Items_Delivered_Project__c, Total_Items_Rejected_Hub__c, Total_Items_Rejected_Project__c, Total_Items_Reserved__c, Totale_afname_aantal_palletplaatsen1__c, Total1__c FROM WWW__c WHERE id = :tmpVar1
16:03:53.0 (123034091)|SOQL_EXECUTE_END|[112]|Rows:0
16:03:53.0 (123766491)|SYSTEM_MODE_ENTER|false
16:03:53.0 (123779380)|SYSTEM_MODE_EXIT|false
16:03:53.123 (123796560)|CUMULATIVE_LIMIT_USAGE
16:03:53.123 (123796560)|LIMIT_USAGE_FOR_NS|(default)|
  Number of SOQL queries: 4 out of 100
  Number of query rows: 6 out of 50000
  Number of SOSL queries: 0 out of 20
  Number of DML statements: 1 out of 150
  Number of DML rows: 1 out of 10000
  Maximum CPU time: 0 out of 10000
  Maximum heap size: 0 out of 6000000
  Number of callouts: 0 out of 100
  Number of Email Invocations: 0 out of 10
  Number of future calls: 0 out of 50
  Number of queueable jobs added to the queue: 0 out of 50
  Number of Mobile Apex push calls: 0 out of 10

16:03:53.123 (123796560)|CUMULATIVE_LIMIT_USAGE_END

16:03:53.0 (125111441)|CODE_UNIT_FINISHED|WWWDetailTrigger on WWW_Detail trigger event AfterInsert for [a0s9E0000001Dec]
16:03:53.0 (125390967)|CODE_UNIT_STARTED|[EXTERNAL]|Workflow:01I24000001DBlW
16:03:53.0 (136270870)|WF_RULE_EVAL_BEGIN|Workflow
16:03:53.0 (136297245)|WF_CRITERIA_BEGIN|[WWW-Detail: WWW-D-12555 a0s9E0000001Dec]|Change_number_of_items3012400000029op|01Q24000000bis9|ON_ALL_CHANGES|0
16:03:53.0 (136383894)|WF_FORMULA|Formula:ENCODED:[treatNullAsNull]true|Values:
16:03:53.0 (136387579)|WF_CRITERIA_END|true
16:03:53.0 (145718362)|WF_CRITERIA_BEGIN|[WWW-Detail: WWW-D-12555 a0s9E0000001Dec]|Update_WWW_detail_13019E0000009OqY|01Q9E000000DASj|ON_CREATE_ONLY|0
16:03:53.0 (145783320)|WF_FORMULA|Formula:ENCODED:[treatNullAsNull]true|Values:
16:03:53.0 (145786821)|WF_CRITERIA_END|true
16:03:53.0 (145803416)|WF_SPOOL_ACTION_BEGIN|Workflow
16:03:53.0 (145823577)|WF_ACTION| Flow Trigger: 2;
16:03:53.0 (145826366)|WF_RULE_EVAL_END
16:03:53.0 (148950067)|WF_FLOW_ACTION_BEGIN|09L9E0000008cz8
16:03:53.149 (149012128)|FLOW_CREATE_INTERVIEW_BEGIN|00D9E000000D6H4|300240000004gz9|3019E0000009OqY
16:03:53.149 (413296189)|FLOW_CREATE_INTERVIEW_END|1538e19748ceeceea7ad266ed38815b1f7d6ce7-3611|Update WWW detail 1
16:03:53.413 (413638778)|FLOW_START_INTERVIEWS_BEGIN|1
16:03:53.413 (481470609)|FLOW_START_INTERVIEW_BEGIN|1538e19748ceeceea7ad266ed38815b1f7d6ce7-3611|Update WWW detail 1
16:03:53.413 (521914268)|FLOW_START_INTERVIEW_END|1538e19748ceeceea7ad266ed38815b1f7d6ce7-3611|Update WWW detail 1
16:03:53.413 (521925698)|FLOW_START_INTERVIEWS_END|1
16:03:53.0 (522940493)|WF_FLOW_ACTION_END|09L9E0000008cz8
16:03:53.0 (522961600)|WF_FLOW_ACTION_BEGIN|09L24000000TtyK
16:03:53.523 (523023641)|FLOW_CREATE_INTERVIEW_BEGIN|00D9E000000D6H4|300240000004gW2|3012400000029op
16:03:53.523 (524535095)|FLOW_CREATE_INTERVIEW_END|1539e19748ceeceea7ad266ed38815b1f7d6ce7-3610|Change number of items
16:03:53.524 (524817297)|FLOW_START_INTERVIEWS_BEGIN|1
16:03:53.524 (525547191)|FLOW_START_INTERVIEW_BEGIN|1539e19748ceeceea7ad266ed38815b1f7d6ce7-3610|Change number of items
16:03:53.524 (528552235)|FLOW_START_INTERVIEW_END|1539e19748ceeceea7ad266ed38815b1f7d6ce7-3610|Change number of items
16:03:53.524 (528563168)|FLOW_START_INTERVIEWS_END|1
16:03:53.0 (529074715)|WF_FLOW_ACTION_END|09L24000000TtyK
16:03:53.0 (529145257)|WF_ACTIONS_END| Flow Trigger: 2;
16:03:53.0 (529151040)|CODE_UNIT_FINISHED|Workflow:01I24000001DBlW
16:03:53.0 (533928937)|DML_END|[570]
16:03:53.0 (534068576)|USER_DEBUG|[571]|DEBUG|sublocations1 0 ()
16:03:53.0 (534164059)|USER_DEBUG|[578]|DEBUG|Sublocation 0 ()
16:03:53.548 (548428011)|CUMULATIVE_LIMIT_USAGE
16:03:53.548 (548428011)|LIMIT_USAGE_FOR_NS|(default)|
  Number of SOQL queries: 4 out of 100
  Number of query rows: 6 out of 50000
  Number of SOSL queries: 0 out of 20
  Number of DML statements: 1 out of 150
  Number of DML rows: 1 out of 10000
  Maximum CPU time: 0 out of 10000
  Maximum heap size: 0 out of 6000000
  Number of callouts: 0 out of 100
  Number of Email Invocations: 0 out of 10
  Number of future calls: 0 out of 50
  Number of queueable jobs added to the queue: 0 out of 50
  Number of Mobile Apex push calls: 0 out of 10

16:03:53.548 (548428011)|CUMULATIVE_LIMIT_USAGE_END

16:03:53.0 (548487590)|CODE_UNIT_FINISHED|VF: /apex/New_delivered_detail
16:03:53.0 (549371701)|EXECUTION_FINISHED
