38.0 APEX_CODE,FINEST;APEX_PROFILING,INFO;CALLOUT,INFO;DB,INFO;SYSTEM,DEBUG;VALIDATION,INFO;VISUALFORCE,INFO;WAVE,INFO;WORKFLOW,INFO
15:12:30.0 (53343)|USER_INFO|[EXTERNAL]|00524000001e3Uj|bedrijfsbureau@gsa.nl.sandbox|Midden-Europese standaardtijd|GMT+01:00
15:12:30.0 (78152)|EXECUTION_STARTED
15:12:30.0 (81479)|CODE_UNIT_STARTED|[EXTERNAL]|06624000003h0Dg|VF: /apex/New_delivered_detail
15:12:30.0 (217972)|VF_DESERIALIZE_VIEWSTATE_BEGIN|06624000003h0Dg
15:12:30.0 (4441852)|HEAP_ALLOCATE|[72]|Bytes:3
15:12:30.0 (4483084)|HEAP_ALLOCATE|[77]|Bytes:152
15:12:30.0 (4498646)|HEAP_ALLOCATE|[342]|Bytes:408
15:12:30.0 (4513519)|HEAP_ALLOCATE|[355]|Bytes:408
15:12:30.0 (4526943)|HEAP_ALLOCATE|[467]|Bytes:48
15:12:30.0 (4555281)|HEAP_ALLOCATE|[139]|Bytes:6
15:12:30.0 (4591333)|HEAP_ALLOCATE|[50]|Bytes:5
15:12:30.0 (4612733)|HEAP_ALLOCATE|[56]|Bytes:5
15:12:30.0 (4618674)|HEAP_ALLOCATE|[64]|Bytes:7
15:12:30.0 (9210919)|VF_DESERIALIZE_VIEWSTATE_END
15:12:30.9 (9935247)|SYSTEM_MODE_ENTER|true
15:12:30.9 (9991810)|HEAP_ALLOCATE|[EXTERNAL]|Bytes:38
15:12:30.9 (9997887)|HEAP_ALLOCATE|[EXTERNAL]|Bytes:7
15:12:30.9 (10004766)|SYSTEM_METHOD_ENTRY|[1]|PageMessagesComponentController.PageMessagesComponentController()
15:12:30.9 (10008670)|STATEMENT_EXECUTE|[1]
15:12:30.10 (10739954)|SYSTEM_MODE_ENTER|true
15:12:30.10 (10784270)|HEAP_ALLOCATE|[EXTERNAL]|Bytes:8
15:12:30.10 (10790408)|VARIABLE_SCOPE_BEGIN|[88]|this|ApexPage.PageMessagesComponentController|true|false
15:12:30.10 (10822630)|VARIABLE_ASSIGNMENT|[88]|this|{}|0x23b0e436
15:12:30.10 (10825269)|VARIABLE_SCOPE_BEGIN|[88]|escape|Boolean|false|false
15:12:30.10 (10830182)|VARIABLE_ASSIGNMENT|[88]|escape|null
15:12:30.0 (11048772)|SYSTEM_MODE_ENTER|true
15:12:30.0 (11228039)|HEAP_ALLOCATE|[EXTERNAL]|Bytes:11
15:12:30.0 (11235626)|HEAP_ALLOCATE|[EXTERNAL]|Bytes:408
15:12:30.0 (11238825)|HEAP_ALLOCATE|[EXTERNAL]|Bytes:120
15:12:30.0 (11240982)|HEAP_ALLOCATE|[EXTERNAL]|Bytes:116
15:12:30.0 (11246856)|METHOD_ENTRY|[1]|01p2400000DUtXT|NewDeliveredExtension.NewDeliveredExtension()
15:12:30.0 (11249325)|STATEMENT_EXECUTE|[1]
15:12:30.0 (11252290)|STATEMENT_EXECUTE|[1]
15:12:30.0 (11253553)|STATEMENT_EXECUTE|[540]
15:12:30.0 (11257172)|METHOD_EXIT|[1]|NewDeliveredExtension
15:12:30.0 (11260854)|HEAP_ALLOCATE|[EXTERNAL]|Bytes:80
15:12:30.0 (11323115)|VARIABLE_ASSIGNMENT|[EXTERNAL]|this|{"delToHub":true,"delToProj":false,"detail":"0x318c1439","invoked":false,"rejected":false,"reserved":false,"selectedTime3":"8:00","sublocations1":"0x5b501a35","www":"0x64b9ddac","wwwById":"0x51712591"}|0x11f49123
15:12:30.0 (11329640)|STATEMENT_EXECUTE|[196]
15:12:30.0 (11333443)|STATEMENT_EXECUTE|[197]
15:12:30.0 (11334966)|STATEMENT_EXECUTE|[200]
15:12:30.0 (11400358)|SYSTEM_MODE_ENTER|true
15:12:30.0 (11419036)|HEAP_ALLOCATE|[EXTERNAL]|Bytes:80
15:12:30.0 (11465536)|VARIABLE_ASSIGNMENT|[EXTERNAL]|this|{"delToHub":true,"delToProj":false,"detail":"0x318c1439","invoked":false,"rejected":false,"reserved":false,"selectedTime3":"8:00","sublocations1":"0x5b501a35","www":"0x64b9ddac","wwwById":"0x51712591"}|0x11f49123
15:12:30.0 (11472499)|STATEMENT_EXECUTE|[229]
15:12:30.0 (11475149)|STATEMENT_EXECUTE|[230]
15:12:30.0 (11476381)|STATEMENT_EXECUTE|[233]
15:12:30.0 (11561465)|SYSTEM_MODE_ENTER|true
15:12:30.0 (11579055)|HEAP_ALLOCATE|[EXTERNAL]|Bytes:80
15:12:30.0 (11618476)|VARIABLE_ASSIGNMENT|[EXTERNAL]|this|{"delToHub":true,"delToProj":false,"detail":"0x318c1439","invoked":false,"rejected":false,"reserved":false,"selectedTime3":"8:00","sublocations1":"0x5b501a35","www":"0x64b9ddac","wwwById":"0x51712591"}|0x11f49123
15:12:30.0 (11623358)|STATEMENT_EXECUTE|[3]
15:12:30.0 (11626400)|STATEMENT_EXECUTE|[4]
15:12:30.0 (11627708)|STATEMENT_EXECUTE|[9]
15:12:30.0 (39163136)|SYSTEM_MODE_ENTER|true
15:12:30.0 (39189201)|HEAP_ALLOCATE|[EXTERNAL]|Bytes:80
15:12:30.0 (39241874)|VARIABLE_ASSIGNMENT|[EXTERNAL]|this|{"delToHub":true,"delToProj":false,"detail":"0x318c1439","invoked":false,"rejected":false,"reserved":false,"selectedTime3":"8:00","sublocations1":"0x5b501a35","www":"0x64b9ddac","wwwById":"0x51712591"}|0x11f49123
15:12:30.0 (39248791)|STATEMENT_EXECUTE|[186]
15:12:30.0 (39252286)|STATEMENT_EXECUTE|[187]
15:12:30.0 (39253649)|STATEMENT_EXECUTE|[190]
15:12:30.0 (39754758)|SYSTEM_MODE_ENTER|true
15:12:30.0 (39776433)|HEAP_ALLOCATE|[EXTERNAL]|Bytes:80
15:12:30.0 (39824941)|VARIABLE_ASSIGNMENT|[EXTERNAL]|this|{"delToHub":true,"delToProj":false,"detail":"0x318c1439","invoked":false,"rejected":false,"reserved":false,"selectedTime3":"8:00","sublocations1":"0x5b501a35","www":"0x64b9ddac","wwwById":"0x51712591"}|0x11f49123
15:12:30.0 (39831371)|STATEMENT_EXECUTE|[204]
15:12:30.0 (39834360)|STATEMENT_EXECUTE|[205]
15:12:30.0 (39836027)|STATEMENT_EXECUTE|[208]
15:12:30.0 (39885812)|SYSTEM_MODE_ENTER|true
15:12:30.0 (39902062)|HEAP_ALLOCATE|[EXTERNAL]|Bytes:80
15:12:30.0 (39942346)|VARIABLE_ASSIGNMENT|[EXTERNAL]|this|{"delToHub":true,"delToProj":false,"detail":"0x318c1439","invoked":false,"rejected":false,"reserved":false,"selectedTime3":"8:00","sublocations1":"0x5b501a35","www":"0x64b9ddac","wwwById":"0x51712591"}|0x11f49123
15:12:30.0 (39947146)|STATEMENT_EXECUTE|[220]
15:12:30.0 (39949428)|STATEMENT_EXECUTE|[221]
15:12:30.0 (39950595)|STATEMENT_EXECUTE|[224]
15:12:30.0 (39996042)|SYSTEM_MODE_ENTER|true
15:12:30.0 (40010988)|HEAP_ALLOCATE|[EXTERNAL]|Bytes:80
15:12:30.0 (40048751)|VARIABLE_ASSIGNMENT|[EXTERNAL]|this|{"delToHub":true,"delToProj":false,"detail":"0x318c1439","invoked":false,"rejected":false,"reserved":false,"selectedTime3":"8:00","sublocations1":"0x5b501a35","www":"0x64b9ddac","wwwById":"0x51712591"}|0x11f49123
15:12:30.0 (40053097)|STATEMENT_EXECUTE|[212]
15:12:30.0 (40055160)|STATEMENT_EXECUTE|[213]
15:12:30.0 (40056623)|STATEMENT_EXECUTE|[216]
15:12:30.0 (40123690)|SYSTEM_MODE_ENTER|true
15:12:30.0 (40139758)|HEAP_ALLOCATE|[EXTERNAL]|Bytes:80
15:12:30.0 (40177369)|VARIABLE_ASSIGNMENT|[EXTERNAL]|this|{"delToHub":true,"delToProj":false,"detail":"0x318c1439","invoked":false,"rejected":false,"reserved":false,"selectedTime3":"8:00","sublocations1":"0x5b501a35","www":"0x64b9ddac","wwwById":"0x51712591"}|0x11f49123
15:12:30.0 (40182008)|STATEMENT_EXECUTE|[21]
15:12:30.0 (40184336)|STATEMENT_EXECUTE|[22]
15:12:30.0 (40185500)|STATEMENT_EXECUTE|[26]
15:12:30.0 (45255032)|SYSTEM_MODE_ENTER|true
15:12:30.0 (45280308)|HEAP_ALLOCATE|[EXTERNAL]|Bytes:80
15:12:30.0 (45286389)|VARIABLE_SCOPE_BEGIN|[48]|this|NewDeliveredExtension|true|false
15:12:30.0 (45333357)|VARIABLE_ASSIGNMENT|[48]|this|{"delToHub":true,"delToProj":false,"detail":"0x318c1439","invoked":false,"rejected":false,"reserved":false,"selectedTime3":"8:00","sublocations1":"0x5b501a35","www":"0x64b9ddac","wwwById":"0x51712591"}|0x11f49123
15:12:30.0 (45341296)|STATEMENT_EXECUTE|[48]
15:12:30.0 (45342977)|STATEMENT_EXECUTE|[49]
15:12:30.0 (45350902)|HEAP_ALLOCATE|[49]|Bytes:4
15:12:30.0 (45379394)|VARIABLE_SCOPE_BEGIN|[49]|options|List<System.SelectOption>|true|false
15:12:30.0 (45409437)|HEAP_ALLOCATE|[EXTERNAL]|Bytes:4
15:12:30.0 (45418260)|VARIABLE_ASSIGNMENT|[49]|options|[]|0x7ac661fb
15:12:30.0 (45422071)|STATEMENT_EXECUTE|[50]
15:12:30.0 (45427264)|VARIABLE_SCOPE_BEGIN|[50]|i|Integer|false|false
15:12:30.0 (45431199)|HEAP_ALLOCATE|[50]|Bytes:4
15:12:30.0 (45435449)|VARIABLE_ASSIGNMENT|[50]|i|0
15:12:30.0 (45440912)|STATEMENT_EXECUTE|[50]
15:12:30.0 (45442223)|STATEMENT_EXECUTE|[51]
15:12:30.0 (45444066)|VARIABLE_SCOPE_BEGIN|[51]|j|Integer|false|false
15:12:30.0 (45445939)|HEAP_ALLOCATE|[51]|Bytes:4
15:12:30.0 (45448502)|VARIABLE_ASSIGNMENT|[51]|j|0
15:12:30.0 (45450496)|STATEMENT_EXECUTE|[51]
15:12:30.0 (45452561)|STATEMENT_EXECUTE|[52]
15:12:30.0 (45453658)|STATEMENT_EXECUTE|[53]
15:12:30.0 (45499109)|HEAP_ALLOCATE|[53]|Bytes:1
15:12:30.0 (45508139)|HEAP_ALLOCATE|[53]|Bytes:2
15:12:30.0 (45514767)|HEAP_ALLOCATE|[53]|Bytes:1
15:12:30.0 (45525044)|HEAP_ALLOCATE|[53]|Bytes:4
15:12:30.0 (45530085)|HEAP_ALLOCATE|[53]|Bytes:1
15:12:30.0 (45537780)|HEAP_ALLOCATE|[53]|Bytes:1
15:12:30.0 (45542619)|HEAP_ALLOCATE|[53]|Bytes:4
15:12:30.0 (45571426)|HEAP_ALLOCATE|[EXTERNAL]|Bytes:4
15:12:30.0 (45578460)|HEAP_ALLOCATE|[51]|Bytes:4
15:12:30.0 (45583432)|VARIABLE_ASSIGNMENT|[51]|j|30
15:12:30.0 (45586364)|STATEMENT_EXECUTE|[51]
15:12:30.0 (45588245)|STATEMENT_EXECUTE|[54]
15:12:30.0 (45589499)|STATEMENT_EXECUTE|[55]
15:12:30.0 (45606536)|HEAP_ALLOCATE|[55]|Bytes:1
15:12:30.0 (45613149)|HEAP_ALLOCATE|[55]|Bytes:1
15:12:30.0 (45618758)|HEAP_ALLOCATE|[55]|Bytes:2
15:12:30.0 (45624199)|HEAP_ALLOCATE|[55]|Bytes:4
15:12:30.0 (45628921)|HEAP_ALLOCATE|[55]|Bytes:1
15:12:30.0 (45635982)|HEAP_ALLOCATE|[55]|Bytes:2
15:12:30.0 (45640884)|HEAP_ALLOCATE|[55]|Bytes:4
15:12:30.0 (45652509)|HEAP_ALLOCATE|[EXTERNAL]|Bytes:4
15:12:30.0 (45656782)|HEAP_ALLOCATE|[51]|Bytes:4
15:12:30.0 (45661079)|VARIABLE_ASSIGNMENT|[51]|j|60
15:12:30.0 (45665188)|HEAP_ALLOCATE|[50]|Bytes:4
15:12:30.0 (45667991)|VARIABLE_ASSIGNMENT|[50]|i|1
15:12:30.0 (45670413)|STATEMENT_EXECUTE|[50]
15:12:30.0 (45671928)|STATEMENT_EXECUTE|[51]
15:12:30.0 (45673977)|VARIABLE_SCOPE_BEGIN|[51]|j|Integer|false|false
15:12:30.0 (45675675)|HEAP_ALLOCATE|[51]|Bytes:4
15:12:30.0 (45678107)|VARIABLE_ASSIGNMENT|[51]|j|0
15:12:30.0 (45679781)|STATEMENT_EXECUTE|[51]
15:12:30.0 (45681200)|STATEMENT_EXECUTE|[52]
15:12:30.0 (45682181)|STATEMENT_EXECUTE|[53]
15:12:30.0 (45689464)|HEAP_ALLOCATE|[53]|Bytes:1
15:12:30.0 (45697364)|HEAP_ALLOCATE|[53]|Bytes:1
15:12:30.0 (45702348)|HEAP_ALLOCATE|[53]|Bytes:4
15:12:30.0 (45706970)|HEAP_ALLOCATE|[53]|Bytes:1
15:12:30.0 (45713631)|HEAP_ALLOCATE|[53]|Bytes:1
15:12:30.0 (45718308)|HEAP_ALLOCATE|[53]|Bytes:4
15:12:30.0 (45723768)|HEAP_ALLOCATE|[EXTERNAL]|Bytes:4
15:12:30.0 (45727208)|HEAP_ALLOCATE|[51]|Bytes:4
15:12:30.0 (45730061)|VARIABLE_ASSIGNMENT|[51]|j|30
15:12:30.0 (45731993)|STATEMENT_EXECUTE|[51]
15:12:30.0 (45733730)|STATEMENT_EXECUTE|[54]
15:12:30.0 (45734807)|STATEMENT_EXECUTE|[55]
15:12:30.0 (45740483)|HEAP_ALLOCATE|[55]|Bytes:1
15:12:30.0 (45748041)|HEAP_ALLOCATE|[55]|Bytes:2
15:12:30.0 (45752826)|HEAP_ALLOCATE|[55]|Bytes:4
15:12:30.0 (45757407)|HEAP_ALLOCATE|[55]|Bytes:1
15:12:30.0 (45764198)|HEAP_ALLOCATE|[55]|Bytes:2
15:12:30.0 (45768747)|HEAP_ALLOCATE|[55]|Bytes:4
15:12:30.0 (45773273)|HEAP_ALLOCATE|[EXTERNAL]|Bytes:4
15:12:30.0 (45776692)|HEAP_ALLOCATE|[51]|Bytes:4
15:12:30.0 (45779362)|VARIABLE_ASSIGNMENT|[51]|j|60
15:12:30.0 (45781361)|HEAP_ALLOCATE|[50]|Bytes:4
15:12:30.0 (45783748)|VARIABLE_ASSIGNMENT|[50]|i|2
15:12:30.0 (45785489)|STATEMENT_EXECUTE|[50]
15:12:30.0 (45786833)|STATEMENT_EXECUTE|[51]
15:12:30.0 (45788572)|VARIABLE_SCOPE_BEGIN|[51]|j|Integer|false|false
15:12:30.0 (45790130)|HEAP_ALLOCATE|[51]|Bytes:4
15:12:30.0 (45792474)|VARIABLE_ASSIGNMENT|[51]|j|0
15:12:30.0 (45794041)|STATEMENT_EXECUTE|[51]
15:12:30.0 (45795295)|STATEMENT_EXECUTE|[52]
15:12:30.0 (45796584)|STATEMENT_EXECUTE|[53]
15:12:30.0 (45802387)|HEAP_ALLOCATE|[53]|Bytes:1
15:12:30.0 (45809736)|HEAP_ALLOCATE|[53]|Bytes:1
15:12:30.0 (45814497)|HEAP_ALLOCATE|[53]|Bytes:4
15:12:30.0 (45819045)|HEAP_ALLOCATE|[53]|Bytes:1
15:12:30.0 (45825836)|HEAP_ALLOCATE|[53]|Bytes:1
15:12:30.0 (45830447)|HEAP_ALLOCATE|[53]|Bytes:4
15:12:30.0 (45834825)|HEAP_ALLOCATE|[EXTERNAL]|Bytes:4
15:12:30.0 (45837924)|HEAP_ALLOCATE|[51]|Bytes:4
15:12:30.0 (45840526)|VARIABLE_ASSIGNMENT|[51]|j|30
15:12:30.0 (45842614)|STATEMENT_EXECUTE|[51]
15:12:30.0 (45843999)|STATEMENT_EXECUTE|[54]
15:12:30.0 (45844990)|STATEMENT_EXECUTE|[55]
15:12:30.0 (45850068)|HEAP_ALLOCATE|[55]|Bytes:1
15:12:30.0 (45857470)|HEAP_ALLOCATE|[55]|Bytes:2
15:12:30.0 (45862021)|HEAP_ALLOCATE|[55]|Bytes:4
15:12:30.0 (45866598)|HEAP_ALLOCATE|[55]|Bytes:1
15:12:30.0 (45873413)|HEAP_ALLOCATE|[55]|Bytes:2
15:12:30.0 (45877975)|HEAP_ALLOCATE|[55]|Bytes:4
15:12:30.0 (45882162)|HEAP_ALLOCATE|[EXTERNAL]|Bytes:4
15:12:30.0 (45885304)|HEAP_ALLOCATE|[51]|Bytes:4
15:12:30.0 (45888190)|VARIABLE_ASSIGNMENT|[51]|j|60
15:12:30.0 (45890204)|HEAP_ALLOCATE|[50]|Bytes:4
15:12:30.0 (45892545)|VARIABLE_ASSIGNMENT|[50]|i|3
15:12:30.0 (45894266)|STATEMENT_EXECUTE|[50]
15:12:30.0 (45895633)|STATEMENT_EXECUTE|[51]
15:12:30.0 (45897254)|VARIABLE_SCOPE_BEGIN|[51]|j|Integer|false|false
15:12:30.0 (45898603)|HEAP_ALLOCATE|[51]|Bytes:4
15:12:30.0 (45901065)|VARIABLE_ASSIGNMENT|[51]|j|0
15:12:30.0 (45902697)|STATEMENT_EXECUTE|[51]
15:12:30.0 (45903943)|STATEMENT_EXECUTE|[52]
15:12:30.0 (45905030)|STATEMENT_EXECUTE|[53]
15:12:30.0 (45910500)|HEAP_ALLOCATE|[53]|Bytes:1
15:12:30.0 (45917677)|HEAP_ALLOCATE|[53]|Bytes:1
15:12:30.0 (45922278)|HEAP_ALLOCATE|[53]|Bytes:4
15:12:30.0 (45926779)|HEAP_ALLOCATE|[53]|Bytes:1
15:12:30.0 (45933622)|HEAP_ALLOCATE|[53]|Bytes:1
15:12:30.0 (45938150)|HEAP_ALLOCATE|[53]|Bytes:4
15:12:30.0 (45942435)|HEAP_ALLOCATE|[EXTERNAL]|Bytes:4
15:12:30.0 (45945651)|HEAP_ALLOCATE|[51]|Bytes:4
15:12:30.0 (45948263)|VARIABLE_ASSIGNMENT|[51]|j|30
15:12:30.0 (45949919)|STATEMENT_EXECUTE|[51]
15:12:30.0 (45951488)|STATEMENT_EXECUTE|[54]
15:12:30.0 (45952498)|STATEMENT_EXECUTE|[55]
15:12:30.0 (45957815)|HEAP_ALLOCATE|[55]|Bytes:1
15:12:30.0 (45965148)|HEAP_ALLOCATE|[55]|Bytes:2
15:12:30.0 (45969765)|HEAP_ALLOCATE|[55]|Bytes:4
15:12:30.0 (45974272)|HEAP_ALLOCATE|[55]|Bytes:1
15:12:30.0 (45981099)|HEAP_ALLOCATE|[55]|Bytes:2
15:12:30.0 (45985647)|HEAP_ALLOCATE|[55]|Bytes:4
15:12:30.0 (45989846)|HEAP_ALLOCATE|[EXTERNAL]|Bytes:4
15:12:30.0 (45992903)|HEAP_ALLOCATE|[51]|Bytes:4
15:12:30.0 (45995515)|VARIABLE_ASSIGNMENT|[51]|j|60
15:12:30.0 (45997394)|HEAP_ALLOCATE|[50]|Bytes:4
15:12:30.0 (45999735)|VARIABLE_ASSIGNMENT|[50]|i|4
15:12:30.0 (46001371)|STATEMENT_EXECUTE|[50]
15:12:30.0 (46003340)|STATEMENT_EXECUTE|[51]
15:12:30.0 (46004995)|VARIABLE_SCOPE_BEGIN|[51]|j|Integer|false|false
15:12:30.0 (46006436)|HEAP_ALLOCATE|[51]|Bytes:4
15:12:30.0 (46008820)|VARIABLE_ASSIGNMENT|[51]|j|0
15:12:30.0 (46010482)|STATEMENT_EXECUTE|[51]
15:12:30.0 (46011866)|STATEMENT_EXECUTE|[52]
15:12:30.0 (46012865)|STATEMENT_EXECUTE|[53]
15:12:30.0 (46018664)|HEAP_ALLOCATE|[53]|Bytes:1
15:12:30.0 (46025865)|HEAP_ALLOCATE|[53]|Bytes:1
15:12:30.0 (46030473)|HEAP_ALLOCATE|[53]|Bytes:4
15:12:30.0 (46035001)|HEAP_ALLOCATE|[53]|Bytes:1
15:12:30.0 (46041822)|HEAP_ALLOCATE|[53]|Bytes:1
15:12:30.0 (46046353)|HEAP_ALLOCATE|[53]|Bytes:4
15:12:30.0 (46050637)|HEAP_ALLOCATE|[EXTERNAL]|Bytes:4
15:12:30.0 (46053720)|HEAP_ALLOCATE|[51]|Bytes:4
15:12:30.0 (46056427)|VARIABLE_ASSIGNMENT|[51]|j|30
15:12:30.0 (46058116)|STATEMENT_EXECUTE|[51]
15:12:30.0 (46059473)|STATEMENT_EXECUTE|[54]
15:12:30.0 (46060448)|STATEMENT_EXECUTE|[55]
15:12:30.0 (46065829)|HEAP_ALLOCATE|[55]|Bytes:1
15:12:30.0 (46073040)|HEAP_ALLOCATE|[55]|Bytes:2
15:12:30.0 (46077682)|HEAP_ALLOCATE|[55]|Bytes:4
15:12:30.0 (46082186)|HEAP_ALLOCATE|[55]|Bytes:1
15:12:30.0 (46089134)|HEAP_ALLOCATE|[55]|Bytes:2
15:12:30.0 (46093722)|HEAP_ALLOCATE|[55]|Bytes:4
15:12:30.0 (46097928)|HEAP_ALLOCATE|[EXTERNAL]|Bytes:4
15:12:30.0 (46100995)|HEAP_ALLOCATE|[51]|Bytes:4
15:12:30.0 (46103823)|VARIABLE_ASSIGNMENT|[51]|j|60
15:12:30.0 (46105891)|HEAP_ALLOCATE|[50]|Bytes:4
15:12:30.0 (46108218)|VARIABLE_ASSIGNMENT|[50]|i|5
15:12:30.0 (46109886)|STATEMENT_EXECUTE|[50]
15:12:30.0 (46111240)|STATEMENT_EXECUTE|[51]
15:12:30.0 (46112902)|VARIABLE_SCOPE_BEGIN|[51]|j|Integer|false|false
15:12:30.0 (46114227)|HEAP_ALLOCATE|[51]|Bytes:4
15:12:30.0 (46116549)|VARIABLE_ASSIGNMENT|[51]|j|0
15:12:30.0 (46118181)|STATEMENT_EXECUTE|[51]
15:12:30.0 (46119453)|STATEMENT_EXECUTE|[52]
15:12:30.0 (46120428)|STATEMENT_EXECUTE|[53]
15:12:30.0 (46125707)|HEAP_ALLOCATE|[53]|Bytes:1
15:12:30.0 (46132865)|HEAP_ALLOCATE|[53]|Bytes:1
15:12:30.0 (46137428)|HEAP_ALLOCATE|[53]|Bytes:4
15:12:30.0 (46141885)|HEAP_ALLOCATE|[53]|Bytes:1
15:12:30.0 (46148671)|HEAP_ALLOCATE|[53]|Bytes:1
15:12:30.0 (46153167)|HEAP_ALLOCATE|[53]|Bytes:4
15:12:30.0 (46157445)|HEAP_ALLOCATE|[EXTERNAL]|Bytes:4
15:12:30.0 (46160677)|HEAP_ALLOCATE|[51]|Bytes:4
15:12:30.0 (46163273)|VARIABLE_ASSIGNMENT|[51]|j|30
15:12:30.0 (46164980)|STATEMENT_EXECUTE|[51]
15:12:30.0 (46166564)|STATEMENT_EXECUTE|[54]
15:12:30.0 (46167545)|STATEMENT_EXECUTE|[55]
15:12:30.0 (46173053)|HEAP_ALLOCATE|[55]|Bytes:1
15:12:30.0 (46180288)|HEAP_ALLOCATE|[55]|Bytes:2
15:12:30.0 (46184992)|HEAP_ALLOCATE|[55]|Bytes:4
15:12:30.0 (46189552)|HEAP_ALLOCATE|[55]|Bytes:1
15:12:30.0 (46196349)|HEAP_ALLOCATE|[55]|Bytes:2
15:12:30.0 (46200897)|HEAP_ALLOCATE|[55]|Bytes:4
15:12:30.0 (46204970)|HEAP_ALLOCATE|[EXTERNAL]|Bytes:4
15:12:30.0 (46208064)|HEAP_ALLOCATE|[51]|Bytes:4
15:12:30.0 (46210634)|VARIABLE_ASSIGNMENT|[51]|j|60
15:12:30.0 (46212465)|HEAP_ALLOCATE|[50]|Bytes:4
15:12:30.0 (46214825)|VARIABLE_ASSIGNMENT|[50]|i|6
15:12:30.0 (46216415)|STATEMENT_EXECUTE|[50]
15:12:30.0 (46217770)|STATEMENT_EXECUTE|[51]
15:12:30.0 (46219425)|VARIABLE_SCOPE_BEGIN|[51]|j|Integer|false|false
15:12:30.0 (46220751)|HEAP_ALLOCATE|[51]|Bytes:4
15:12:30.0 (46223287)|VARIABLE_ASSIGNMENT|[51]|j|0
15:12:30.0 (46224876)|STATEMENT_EXECUTE|[51]
15:12:30.0 (46226116)|STATEMENT_EXECUTE|[52]
15:12:30.0 (46227114)|STATEMENT_EXECUTE|[53]
15:12:30.0 (46232564)|HEAP_ALLOCATE|[53]|Bytes:1
15:12:30.0 (46239735)|HEAP_ALLOCATE|[53]|Bytes:1
15:12:30.0 (46244437)|HEAP_ALLOCATE|[53]|Bytes:4
15:12:30.0 (46248885)|HEAP_ALLOCATE|[53]|Bytes:1
15:12:30.0 (46255706)|HEAP_ALLOCATE|[53]|Bytes:1
15:12:30.0 (46260182)|HEAP_ALLOCATE|[53]|Bytes:4
15:12:30.0 (46264563)|HEAP_ALLOCATE|[EXTERNAL]|Bytes:4
15:12:30.0 (46267608)|HEAP_ALLOCATE|[51]|Bytes:4
15:12:30.0 (46270253)|VARIABLE_ASSIGNMENT|[51]|j|30
15:12:30.0 (46271926)|STATEMENT_EXECUTE|[51]
15:12:30.0 (46273281)|STATEMENT_EXECUTE|[54]
15:12:30.0 (46274472)|STATEMENT_EXECUTE|[55]
15:12:30.0 (46279660)|HEAP_ALLOCATE|[55]|Bytes:1
15:12:30.0 (46286861)|HEAP_ALLOCATE|[55]|Bytes:2
15:12:30.0 (46291538)|HEAP_ALLOCATE|[55]|Bytes:4
15:12:30.0 (46296132)|HEAP_ALLOCATE|[55]|Bytes:1
15:12:30.0 (46302982)|HEAP_ALLOCATE|[55]|Bytes:2
15:12:30.0 (46307613)|HEAP_ALLOCATE|[55]|Bytes:4
15:12:30.0 (46311859)|HEAP_ALLOCATE|[EXTERNAL]|Bytes:4
15:12:30.0 (46314825)|HEAP_ALLOCATE|[51]|Bytes:4
15:12:30.0 (46317378)|VARIABLE_ASSIGNMENT|[51]|j|60
15:12:30.0 (46319509)|HEAP_ALLOCATE|[50]|Bytes:4
15:12:30.0 (46321884)|VARIABLE_ASSIGNMENT|[50]|i|7
15:12:30.0 (46323483)|STATEMENT_EXECUTE|[50]
15:12:30.0 (46324798)|STATEMENT_EXECUTE|[51]
15:12:30.0 (46326457)|VARIABLE_SCOPE_BEGIN|[51]|j|Integer|false|false
15:12:30.0 (46327929)|HEAP_ALLOCATE|[51]|Bytes:4
15:12:30.0 (46330227)|VARIABLE_ASSIGNMENT|[51]|j|0
15:12:30.0 (46331803)|STATEMENT_EXECUTE|[51]
15:12:30.0 (46333050)|STATEMENT_EXECUTE|[52]
15:12:30.0 (46334066)|STATEMENT_EXECUTE|[53]
15:12:30.0 (46339535)|HEAP_ALLOCATE|[53]|Bytes:1
15:12:30.0 (46346626)|HEAP_ALLOCATE|[53]|Bytes:1
15:12:30.0 (46351326)|HEAP_ALLOCATE|[53]|Bytes:4
15:12:30.0 (46355807)|HEAP_ALLOCATE|[53]|Bytes:1
15:12:30.0 (46362664)|HEAP_ALLOCATE|[53]|Bytes:1
15:12:30.0 (46367127)|HEAP_ALLOCATE|[53]|Bytes:4
15:12:30.0 (46371320)|HEAP_ALLOCATE|[EXTERNAL]|Bytes:4
15:12:30.0 (46374333)|HEAP_ALLOCATE|[51]|Bytes:4
15:12:30.0 (46376852)|VARIABLE_ASSIGNMENT|[51]|j|30
15:12:30.0 (46378580)|STATEMENT_EXECUTE|[51]
15:12:30.0 (46380125)|STATEMENT_EXECUTE|[54]
15:12:30.0 (46381337)|STATEMENT_EXECUTE|[55]
15:12:30.0 (46386492)|HEAP_ALLOCATE|[55]|Bytes:1
15:12:30.0 (46393655)|HEAP_ALLOCATE|[55]|Bytes:2
15:12:30.0 (46402681)|HEAP_ALLOCATE|[55]|Bytes:4
15:12:30.0 (46407371)|HEAP_ALLOCATE|[55]|Bytes:1
15:12:30.0 (46414179)|HEAP_ALLOCATE|[55]|Bytes:2
15:12:30.0 (46418701)|HEAP_ALLOCATE|[55]|Bytes:4
15:12:30.0 (46423281)|HEAP_ALLOCATE|[EXTERNAL]|Bytes:4
15:12:30.0 (46426600)|HEAP_ALLOCATE|[51]|Bytes:4
15:12:30.0 (46429323)|VARIABLE_ASSIGNMENT|[51]|j|60
15:12:30.0 (46431309)|HEAP_ALLOCATE|[50]|Bytes:4
15:12:30.0 (46433708)|VARIABLE_ASSIGNMENT|[50]|i|8
15:12:30.0 (46435503)|STATEMENT_EXECUTE|[50]
15:12:30.0 (46436886)|STATEMENT_EXECUTE|[51]
15:12:30.0 (46438591)|VARIABLE_SCOPE_BEGIN|[51]|j|Integer|false|false
15:12:30.0 (46439970)|HEAP_ALLOCATE|[51]|Bytes:4
15:12:30.0 (46442207)|VARIABLE_ASSIGNMENT|[51]|j|0
15:12:30.0 (46443754)|STATEMENT_EXECUTE|[51]
15:12:30.0 (46445069)|STATEMENT_EXECUTE|[52]
15:12:30.0 (46446052)|STATEMENT_EXECUTE|[53]
15:12:30.0 (46451565)|HEAP_ALLOCATE|[53]|Bytes:1
15:12:30.0 (46458721)|HEAP_ALLOCATE|[53]|Bytes:1
15:12:30.0 (46463354)|HEAP_ALLOCATE|[53]|Bytes:4
15:12:30.0 (46467898)|HEAP_ALLOCATE|[53]|Bytes:1
15:12:30.0 (46474695)|HEAP_ALLOCATE|[53]|Bytes:1
15:12:30.0 (46479205)|HEAP_ALLOCATE|[53]|Bytes:4
15:12:30.0 (46483578)|HEAP_ALLOCATE|[EXTERNAL]|Bytes:4
15:12:30.0 (46486962)|HEAP_ALLOCATE|[51]|Bytes:4
15:12:30.0 (46489649)|VARIABLE_ASSIGNMENT|[51]|j|30
15:12:30.0 (46491273)|STATEMENT_EXECUTE|[51]
15:12:30.0 (46492606)|STATEMENT_EXECUTE|[54]
15:12:30.0 (46493612)|STATEMENT_EXECUTE|[55]
15:12:30.0 (46498759)|HEAP_ALLOCATE|[55]|Bytes:1
15:12:30.0 (46505900)|HEAP_ALLOCATE|[55]|Bytes:2
15:12:30.0 (46510557)|HEAP_ALLOCATE|[55]|Bytes:4
15:12:30.0 (46515129)|HEAP_ALLOCATE|[55]|Bytes:1
15:12:30.0 (46521882)|HEAP_ALLOCATE|[55]|Bytes:2
15:12:30.0 (46526400)|HEAP_ALLOCATE|[55]|Bytes:4
15:12:30.0 (46530615)|HEAP_ALLOCATE|[EXTERNAL]|Bytes:4
15:12:30.0 (46533571)|HEAP_ALLOCATE|[51]|Bytes:4
15:12:30.0 (46536119)|VARIABLE_ASSIGNMENT|[51]|j|60
15:12:30.0 (46538455)|HEAP_ALLOCATE|[50]|Bytes:4
15:12:30.0 (46540839)|VARIABLE_ASSIGNMENT|[50]|i|9
15:12:30.0 (46542407)|STATEMENT_EXECUTE|[50]
15:12:30.0 (46543832)|STATEMENT_EXECUTE|[51]
15:12:30.0 (46545432)|VARIABLE_SCOPE_BEGIN|[51]|j|Integer|false|false
15:12:30.0 (46546778)|HEAP_ALLOCATE|[51]|Bytes:4
15:12:30.0 (46549030)|VARIABLE_ASSIGNMENT|[51]|j|0
15:12:30.0 (46550630)|STATEMENT_EXECUTE|[51]
15:12:30.0 (46551869)|STATEMENT_EXECUTE|[52]
15:12:30.0 (46552852)|STATEMENT_EXECUTE|[53]
15:12:30.0 (46558149)|HEAP_ALLOCATE|[53]|Bytes:1
15:12:30.0 (46565410)|HEAP_ALLOCATE|[53]|Bytes:1
15:12:30.0 (46569966)|HEAP_ALLOCATE|[53]|Bytes:4
15:12:30.0 (46574521)|HEAP_ALLOCATE|[53]|Bytes:1
15:12:30.0 (46581267)|HEAP_ALLOCATE|[53]|Bytes:1
15:12:30.0 (46585776)|HEAP_ALLOCATE|[53]|Bytes:4
15:12:30.0 (46590176)|HEAP_ALLOCATE|[EXTERNAL]|Bytes:4
15:12:30.0 (46593386)|HEAP_ALLOCATE|[51]|Bytes:4
15:12:30.0 (46595885)|VARIABLE_ASSIGNMENT|[51]|j|30
15:12:30.0 (46597626)|STATEMENT_EXECUTE|[51]
15:12:30.0 (46598992)|STATEMENT_EXECUTE|[54]
15:12:30.0 (46600300)|STATEMENT_EXECUTE|[55]
15:12:30.0 (46605554)|HEAP_ALLOCATE|[55]|Bytes:1
15:12:30.0 (46612784)|HEAP_ALLOCATE|[55]|Bytes:2
15:12:30.0 (46617627)|HEAP_ALLOCATE|[55]|Bytes:4
15:12:30.0 (46622201)|HEAP_ALLOCATE|[55]|Bytes:1
15:12:30.0 (46628993)|HEAP_ALLOCATE|[55]|Bytes:2
15:12:30.0 (46633572)|HEAP_ALLOCATE|[55]|Bytes:4
15:12:30.0 (46637789)|HEAP_ALLOCATE|[EXTERNAL]|Bytes:4
15:12:30.0 (46640755)|HEAP_ALLOCATE|[51]|Bytes:4
15:12:30.0 (46643397)|VARIABLE_ASSIGNMENT|[51]|j|60
15:12:30.0 (46645443)|HEAP_ALLOCATE|[50]|Bytes:4
15:12:30.0 (46647974)|VARIABLE_ASSIGNMENT|[50]|i|10
15:12:30.0 (46649618)|STATEMENT_EXECUTE|[50]
15:12:30.0 (46650984)|STATEMENT_EXECUTE|[51]
15:12:30.0 (46652897)|VARIABLE_SCOPE_BEGIN|[51]|j|Integer|false|false
15:12:30.0 (46654223)|HEAP_ALLOCATE|[51]|Bytes:4
15:12:30.0 (46656436)|VARIABLE_ASSIGNMENT|[51]|j|0
15:12:30.0 (46657963)|STATEMENT_EXECUTE|[51]
15:12:30.0 (46659209)|STATEMENT_EXECUTE|[52]
15:12:30.0 (46660228)|STATEMENT_EXECUTE|[53]
15:12:30.0 (46665916)|HEAP_ALLOCATE|[53]|Bytes:2
15:12:30.0 (46673105)|HEAP_ALLOCATE|[53]|Bytes:1
15:12:30.0 (46677687)|HEAP_ALLOCATE|[53]|Bytes:5
15:12:30.0 (46682175)|HEAP_ALLOCATE|[53]|Bytes:2
15:12:30.0 (46688992)|HEAP_ALLOCATE|[53]|Bytes:1
15:12:30.0 (46693543)|HEAP_ALLOCATE|[53]|Bytes:5
15:12:30.0 (46698140)|HEAP_ALLOCATE|[EXTERNAL]|Bytes:4
15:12:30.0 (46701113)|HEAP_ALLOCATE|[51]|Bytes:4
15:12:30.0 (46703685)|VARIABLE_ASSIGNMENT|[51]|j|30
15:12:30.0 (46705321)|STATEMENT_EXECUTE|[51]
15:12:30.0 (46706656)|STATEMENT_EXECUTE|[54]
15:12:30.0 (46707680)|STATEMENT_EXECUTE|[55]
15:12:30.0 (46712816)|HEAP_ALLOCATE|[55]|Bytes:2
15:12:30.0 (46720059)|HEAP_ALLOCATE|[55]|Bytes:2
15:12:30.0 (46724713)|HEAP_ALLOCATE|[55]|Bytes:5
15:12:30.0 (46729279)|HEAP_ALLOCATE|[55]|Bytes:2
15:12:30.0 (46736283)|HEAP_ALLOCATE|[55]|Bytes:2
15:12:30.0 (46740891)|HEAP_ALLOCATE|[55]|Bytes:5
15:12:30.0 (46745188)|HEAP_ALLOCATE|[EXTERNAL]|Bytes:4
15:12:30.0 (46748242)|HEAP_ALLOCATE|[51]|Bytes:4
15:12:30.0 (46751029)|VARIABLE_ASSIGNMENT|[51]|j|60
15:12:30.0 (46753130)|HEAP_ALLOCATE|[50]|Bytes:4
15:12:30.0 (46755509)|VARIABLE_ASSIGNMENT|[50]|i|11
15:12:30.0 (46757147)|STATEMENT_EXECUTE|[50]
15:12:30.0 (46758477)|STATEMENT_EXECUTE|[51]
15:12:30.0 (46760100)|VARIABLE_SCOPE_BEGIN|[51]|j|Integer|false|false
15:12:30.0 (46761423)|HEAP_ALLOCATE|[51]|Bytes:4
15:12:30.0 (46763716)|VARIABLE_ASSIGNMENT|[51]|j|0
15:12:30.0 (46765278)|STATEMENT_EXECUTE|[51]
15:12:30.0 (46766522)|STATEMENT_EXECUTE|[52]
15:12:30.0 (46767511)|STATEMENT_EXECUTE|[53]
15:12:30.0 (46772911)|HEAP_ALLOCATE|[53]|Bytes:2
15:12:30.0 (46780067)|HEAP_ALLOCATE|[53]|Bytes:1
15:12:30.0 (46784633)|HEAP_ALLOCATE|[53]|Bytes:5
15:12:30.0 (46789146)|HEAP_ALLOCATE|[53]|Bytes:2
15:12:30.0 (46796027)|HEAP_ALLOCATE|[53]|Bytes:1
15:12:30.0 (46800598)|HEAP_ALLOCATE|[53]|Bytes:5
15:12:30.0 (46805096)|HEAP_ALLOCATE|[EXTERNAL]|Bytes:4
15:12:30.0 (46808333)|HEAP_ALLOCATE|[51]|Bytes:4
15:12:30.0 (46810879)|VARIABLE_ASSIGNMENT|[51]|j|30
15:12:30.0 (46812518)|STATEMENT_EXECUTE|[51]
15:12:30.0 (46813878)|STATEMENT_EXECUTE|[54]
15:12:30.0 (46815081)|STATEMENT_EXECUTE|[55]
15:12:30.0 (46820436)|HEAP_ALLOCATE|[55]|Bytes:2
15:12:30.0 (46827850)|HEAP_ALLOCATE|[55]|Bytes:2
15:12:30.0 (46832741)|HEAP_ALLOCATE|[55]|Bytes:5
15:12:30.0 (46837271)|HEAP_ALLOCATE|[55]|Bytes:2
15:12:30.0 (46844044)|HEAP_ALLOCATE|[55]|Bytes:2
15:12:30.0 (46848578)|HEAP_ALLOCATE|[55]|Bytes:5
15:12:30.0 (46852873)|HEAP_ALLOCATE|[EXTERNAL]|Bytes:4
15:12:30.0 (46856074)|HEAP_ALLOCATE|[51]|Bytes:4
15:12:30.0 (46858709)|VARIABLE_ASSIGNMENT|[51]|j|60
15:12:30.0 (46860530)|HEAP_ALLOCATE|[50]|Bytes:4
15:12:30.0 (46862803)|VARIABLE_ASSIGNMENT|[50]|i|12
15:12:30.0 (46864374)|STATEMENT_EXECUTE|[50]
15:12:30.0 (46865717)|STATEMENT_EXECUTE|[51]
15:12:30.0 (46867368)|VARIABLE_SCOPE_BEGIN|[51]|j|Integer|false|false
15:12:30.0 (46868684)|HEAP_ALLOCATE|[51]|Bytes:4
15:12:30.0 (46870907)|VARIABLE_ASSIGNMENT|[51]|j|0
15:12:30.0 (46872475)|STATEMENT_EXECUTE|[51]
15:12:30.0 (46873715)|STATEMENT_EXECUTE|[52]
15:12:30.0 (46874706)|STATEMENT_EXECUTE|[53]
15:12:30.0 (46879970)|HEAP_ALLOCATE|[53]|Bytes:2
15:12:30.0 (46887443)|HEAP_ALLOCATE|[53]|Bytes:1
15:12:30.0 (46892110)|HEAP_ALLOCATE|[53]|Bytes:5
15:12:30.0 (46896659)|HEAP_ALLOCATE|[53]|Bytes:2
15:12:30.0 (46903550)|HEAP_ALLOCATE|[53]|Bytes:1
15:12:30.0 (46908190)|HEAP_ALLOCATE|[53]|Bytes:5
15:12:30.0 (46912587)|HEAP_ALLOCATE|[EXTERNAL]|Bytes:4
15:12:30.0 (46915741)|HEAP_ALLOCATE|[51]|Bytes:4
15:12:30.0 (46918379)|VARIABLE_ASSIGNMENT|[51]|j|30
15:12:30.0 (46920129)|STATEMENT_EXECUTE|[51]
15:12:30.0 (46921464)|STATEMENT_EXECUTE|[54]
15:12:30.0 (46922452)|STATEMENT_EXECUTE|[55]
15:12:30.0 (46927770)|HEAP_ALLOCATE|[55]|Bytes:2
15:12:30.0 (46934956)|HEAP_ALLOCATE|[55]|Bytes:2
15:12:30.0 (46939601)|HEAP_ALLOCATE|[55]|Bytes:5
15:12:30.0 (46944188)|HEAP_ALLOCATE|[55]|Bytes:2
15:12:30.0 (46950957)|HEAP_ALLOCATE|[55]|Bytes:2
15:12:30.0 (46955482)|HEAP_ALLOCATE|[55]|Bytes:5
15:12:30.0 (46959710)|HEAP_ALLOCATE|[EXTERNAL]|Bytes:4
15:12:30.0 (46962968)|HEAP_ALLOCATE|[51]|Bytes:4
15:12:30.0 (46965574)|VARIABLE_ASSIGNMENT|[51]|j|60
15:12:30.0 (46967584)|HEAP_ALLOCATE|[50]|Bytes:4
15:12:30.0 (46969883)|VARIABLE_ASSIGNMENT|[50]|i|13
15:12:30.0 (46971485)|STATEMENT_EXECUTE|[50]
15:12:30.0 (46972845)|STATEMENT_EXECUTE|[51]
15:12:30.0 (46974460)|VARIABLE_SCOPE_BEGIN|[51]|j|Integer|false|false
15:12:30.0 (46975782)|HEAP_ALLOCATE|[51]|Bytes:4
15:12:30.0 (46978015)|VARIABLE_ASSIGNMENT|[51]|j|0
15:12:30.0 (46979618)|STATEMENT_EXECUTE|[51]
15:12:30.0 (46980867)|STATEMENT_EXECUTE|[52]
15:12:30.0 (46981877)|STATEMENT_EXECUTE|[53]
15:12:30.0 (46987203)|HEAP_ALLOCATE|[53]|Bytes:2
15:12:30.0 (46994445)|HEAP_ALLOCATE|[53]|Bytes:1
15:12:30.0 (46999278)|HEAP_ALLOCATE|[53]|Bytes:5
15:12:30.0 (47003700)|HEAP_ALLOCATE|[53]|Bytes:2
15:12:30.0 (47011102)|HEAP_ALLOCATE|[53]|Bytes:1
15:12:30.0 (47015854)|HEAP_ALLOCATE|[53]|Bytes:5
15:12:30.0 (47020143)|HEAP_ALLOCATE|[EXTERNAL]|Bytes:4
15:12:30.0 (47023330)|HEAP_ALLOCATE|[51]|Bytes:4
15:12:30.0 (47025919)|VARIABLE_ASSIGNMENT|[51]|j|30
15:12:30.0 (47027649)|STATEMENT_EXECUTE|[51]
15:12:30.0 (47028968)|STATEMENT_EXECUTE|[54]
15:12:30.0 (47030145)|STATEMENT_EXECUTE|[55]
15:12:30.0 (47035412)|HEAP_ALLOCATE|[55]|Bytes:2
15:12:30.0 (47042702)|HEAP_ALLOCATE|[55]|Bytes:2
15:12:30.0 (47047346)|HEAP_ALLOCATE|[55]|Bytes:5
15:12:30.0 (47051937)|HEAP_ALLOCATE|[55]|Bytes:2
15:12:30.0 (47058757)|HEAP_ALLOCATE|[55]|Bytes:2
15:12:30.0 (47063307)|HEAP_ALLOCATE|[55]|Bytes:5
15:12:30.0 (47067750)|HEAP_ALLOCATE|[EXTERNAL]|Bytes:4
15:12:30.0 (47070819)|HEAP_ALLOCATE|[51]|Bytes:4
15:12:30.0 (47073387)|VARIABLE_ASSIGNMENT|[51]|j|60
15:12:30.0 (47075323)|HEAP_ALLOCATE|[50]|Bytes:4
15:12:30.0 (47077608)|VARIABLE_ASSIGNMENT|[50]|i|14
15:12:30.0 (47079245)|STATEMENT_EXECUTE|[50]
15:12:30.0 (47080594)|STATEMENT_EXECUTE|[51]
15:12:30.0 (47082265)|VARIABLE_SCOPE_BEGIN|[51]|j|Integer|false|false
15:12:30.0 (47083770)|HEAP_ALLOCATE|[51]|Bytes:4
15:12:30.0 (47086011)|VARIABLE_ASSIGNMENT|[51]|j|0
15:12:30.0 (47087597)|STATEMENT_EXECUTE|[51]
15:12:30.0 (47088878)|STATEMENT_EXECUTE|[52]
15:12:30.0 (47089874)|STATEMENT_EXECUTE|[53]
15:12:30.0 (47095244)|HEAP_ALLOCATE|[53]|Bytes:2
15:12:30.0 (47102698)|HEAP_ALLOCATE|[53]|Bytes:1
15:12:30.0 (47107382)|HEAP_ALLOCATE|[53]|Bytes:5
15:12:30.0 (47111853)|HEAP_ALLOCATE|[53]|Bytes:2
15:12:30.0 (47118697)|HEAP_ALLOCATE|[53]|Bytes:1
15:12:30.0 (47123376)|HEAP_ALLOCATE|[53]|Bytes:5
15:12:30.0 (47127698)|HEAP_ALLOCATE|[EXTERNAL]|Bytes:4
15:12:30.0 (47130735)|HEAP_ALLOCATE|[51]|Bytes:4
15:12:30.0 (47133276)|VARIABLE_ASSIGNMENT|[51]|j|30
15:12:30.0 (47134929)|STATEMENT_EXECUTE|[51]
15:12:30.0 (47136255)|STATEMENT_EXECUTE|[54]
15:12:30.0 (47137368)|STATEMENT_EXECUTE|[55]
15:12:30.0 (47142607)|HEAP_ALLOCATE|[55]|Bytes:2
15:12:30.0 (47149884)|HEAP_ALLOCATE|[55]|Bytes:2
15:12:30.0 (47154554)|HEAP_ALLOCATE|[55]|Bytes:5
15:12:30.0 (47159080)|HEAP_ALLOCATE|[55]|Bytes:2
15:12:30.0 (47165996)|HEAP_ALLOCATE|[55]|Bytes:2
15:12:30.0 (47170573)|HEAP_ALLOCATE|[55]|Bytes:5
15:12:30.0 (47174998)|HEAP_ALLOCATE|[EXTERNAL]|Bytes:4
15:12:30.0 (47178003)|HEAP_ALLOCATE|[51]|Bytes:4
15:12:30.0 (47180529)|VARIABLE_ASSIGNMENT|[51]|j|60
15:12:30.0 (47182331)|HEAP_ALLOCATE|[50]|Bytes:4
15:12:30.0 (47184976)|VARIABLE_ASSIGNMENT|[50]|i|15
15:12:30.0 (47186629)|STATEMENT_EXECUTE|[50]
15:12:30.0 (47187997)|STATEMENT_EXECUTE|[51]
15:12:30.0 (47189600)|VARIABLE_SCOPE_BEGIN|[51]|j|Integer|false|false
15:12:30.0 (47190944)|HEAP_ALLOCATE|[51]|Bytes:4
15:12:30.0 (47193267)|VARIABLE_ASSIGNMENT|[51]|j|0
15:12:30.0 (47194835)|STATEMENT_EXECUTE|[51]
15:12:30.0 (47196100)|STATEMENT_EXECUTE|[52]
15:12:30.0 (47197090)|STATEMENT_EXECUTE|[53]
15:12:30.0 (47202359)|HEAP_ALLOCATE|[53]|Bytes:2
15:12:30.0 (47209540)|HEAP_ALLOCATE|[53]|Bytes:1
15:12:30.0 (47214151)|HEAP_ALLOCATE|[53]|Bytes:5
15:12:30.0 (47218697)|HEAP_ALLOCATE|[53]|Bytes:2
15:12:30.0 (47225692)|HEAP_ALLOCATE|[53]|Bytes:1
15:12:30.0 (47230277)|HEAP_ALLOCATE|[53]|Bytes:5
15:12:30.0 (47234750)|HEAP_ALLOCATE|[EXTERNAL]|Bytes:4
15:12:30.0 (47237874)|HEAP_ALLOCATE|[51]|Bytes:4
15:12:30.0 (47240510)|VARIABLE_ASSIGNMENT|[51]|j|30
15:12:30.0 (47242161)|STATEMENT_EXECUTE|[51]
15:12:30.0 (47243484)|STATEMENT_EXECUTE|[54]
15:12:30.0 (47244662)|STATEMENT_EXECUTE|[55]
15:12:30.0 (47249926)|HEAP_ALLOCATE|[55]|Bytes:2
15:12:30.0 (47257111)|HEAP_ALLOCATE|[55]|Bytes:2
15:12:30.0 (47261852)|HEAP_ALLOCATE|[55]|Bytes:5
15:12:30.0 (47266367)|HEAP_ALLOCATE|[55]|Bytes:2
15:12:30.0 (47273177)|HEAP_ALLOCATE|[55]|Bytes:2
15:12:30.0 (47277836)|HEAP_ALLOCATE|[55]|Bytes:5
15:12:30.0 (47282456)|HEAP_ALLOCATE|[EXTERNAL]|Bytes:4
15:12:30.0 (47285548)|HEAP_ALLOCATE|[51]|Bytes:4
15:12:30.0 (47288088)|VARIABLE_ASSIGNMENT|[51]|j|60
15:12:30.0 (47289891)|HEAP_ALLOCATE|[50]|Bytes:4
15:12:30.0 (47292175)|VARIABLE_ASSIGNMENT|[50]|i|16
15:12:30.0 (47293756)|STATEMENT_EXECUTE|[50]
15:12:30.0 (47295147)|STATEMENT_EXECUTE|[51]
15:12:30.0 (47296814)|VARIABLE_SCOPE_BEGIN|[51]|j|Integer|false|false
15:12:30.0 (47298136)|HEAP_ALLOCATE|[51]|Bytes:4
15:12:30.0 (47300333)|VARIABLE_ASSIGNMENT|[51]|j|0
15:12:30.0 (47301879)|STATEMENT_EXECUTE|[51]
15:12:30.0 (47303115)|STATEMENT_EXECUTE|[52]
15:12:30.0 (47304109)|STATEMENT_EXECUTE|[53]
15:12:30.0 (47309310)|HEAP_ALLOCATE|[53]|Bytes:2
15:12:30.0 (47316900)|HEAP_ALLOCATE|[53]|Bytes:1
15:12:30.0 (47321511)|HEAP_ALLOCATE|[53]|Bytes:5
15:12:30.0 (47326152)|HEAP_ALLOCATE|[53]|Bytes:2
15:12:30.0 (47333184)|HEAP_ALLOCATE|[53]|Bytes:1
15:12:30.0 (47337804)|HEAP_ALLOCATE|[53]|Bytes:5
15:12:30.0 (47342167)|HEAP_ALLOCATE|[EXTERNAL]|Bytes:4
15:12:30.0 (47345249)|HEAP_ALLOCATE|[51]|Bytes:4
15:12:30.0 (47347865)|VARIABLE_ASSIGNMENT|[51]|j|30
15:12:30.0 (47349484)|STATEMENT_EXECUTE|[51]
15:12:30.0 (47350865)|STATEMENT_EXECUTE|[54]
15:12:30.0 (47351861)|STATEMENT_EXECUTE|[55]
15:12:30.0 (47356958)|HEAP_ALLOCATE|[55]|Bytes:2
15:12:30.0 (47364319)|HEAP_ALLOCATE|[55]|Bytes:2
15:12:30.0 (47369030)|HEAP_ALLOCATE|[55]|Bytes:5
15:12:30.0 (47373546)|HEAP_ALLOCATE|[55]|Bytes:2
15:12:30.0 (47380332)|HEAP_ALLOCATE|[55]|Bytes:2
15:12:30.0 (47385043)|HEAP_ALLOCATE|[55]|Bytes:5
15:12:30.0 (47389409)|HEAP_ALLOCATE|[EXTERNAL]|Bytes:4
15:12:30.0 (47392618)|HEAP_ALLOCATE|[51]|Bytes:4
15:12:30.0 (47397803)|VARIABLE_ASSIGNMENT|[51]|j|60
15:12:30.0 (47399902)|HEAP_ALLOCATE|[50]|Bytes:4
15:12:30.0 (47402752)|VARIABLE_ASSIGNMENT|[50]|i|17
15:12:30.0 (47404465)|STATEMENT_EXECUTE|[50]
15:12:30.0 (47405820)|STATEMENT_EXECUTE|[51]
15:12:30.0 (47407476)|VARIABLE_SCOPE_BEGIN|[51]|j|Integer|false|false
15:12:30.0 (47408813)|HEAP_ALLOCATE|[51]|Bytes:4
15:12:30.0 (47411078)|VARIABLE_ASSIGNMENT|[51]|j|0
15:12:30.0 (47412621)|STATEMENT_EXECUTE|[51]
15:12:30.0 (47413883)|STATEMENT_EXECUTE|[52]
15:12:30.0 (47414886)|STATEMENT_EXECUTE|[53]
15:12:30.0 (47420660)|HEAP_ALLOCATE|[53]|Bytes:2
15:12:30.0 (47427847)|HEAP_ALLOCATE|[53]|Bytes:1
15:12:30.0 (47432667)|HEAP_ALLOCATE|[53]|Bytes:5
15:12:30.0 (47437481)|HEAP_ALLOCATE|[53]|Bytes:2
15:12:30.0 (47444459)|HEAP_ALLOCATE|[53]|Bytes:1
15:12:30.0 (47449081)|HEAP_ALLOCATE|[53]|Bytes:5
15:12:30.0 (47453642)|HEAP_ALLOCATE|[EXTERNAL]|Bytes:4
15:12:30.0 (47456874)|HEAP_ALLOCATE|[51]|Bytes:4
15:12:30.0 (47459769)|VARIABLE_ASSIGNMENT|[51]|j|30
15:12:30.0 (47461431)|STATEMENT_EXECUTE|[51]
15:12:30.0 (47462799)|STATEMENT_EXECUTE|[54]
15:12:30.0 (47463862)|STATEMENT_EXECUTE|[55]
15:12:30.0 (47469482)|HEAP_ALLOCATE|[55]|Bytes:2
15:12:30.0 (47476734)|HEAP_ALLOCATE|[55]|Bytes:2
15:12:30.0 (47481638)|HEAP_ALLOCATE|[55]|Bytes:5
15:12:30.0 (47486228)|HEAP_ALLOCATE|[55]|Bytes:2
15:12:30.0 (47493231)|HEAP_ALLOCATE|[55]|Bytes:2
15:12:30.0 (47497773)|HEAP_ALLOCATE|[55]|Bytes:5
15:12:30.0 (47502100)|HEAP_ALLOCATE|[EXTERNAL]|Bytes:4
15:12:30.0 (47505182)|HEAP_ALLOCATE|[51]|Bytes:4
15:12:30.0 (47507726)|VARIABLE_ASSIGNMENT|[51]|j|60
15:12:30.0 (47509542)|HEAP_ALLOCATE|[50]|Bytes:4
15:12:30.0 (47511859)|VARIABLE_ASSIGNMENT|[50]|i|18
15:12:30.0 (47513494)|STATEMENT_EXECUTE|[50]
15:12:30.0 (47514897)|STATEMENT_EXECUTE|[51]
15:12:30.0 (47516495)|VARIABLE_SCOPE_BEGIN|[51]|j|Integer|false|false
15:12:30.0 (47517906)|HEAP_ALLOCATE|[51]|Bytes:4
15:12:30.0 (47520218)|VARIABLE_ASSIGNMENT|[51]|j|0
15:12:30.0 (47521781)|STATEMENT_EXECUTE|[51]
15:12:30.0 (47523088)|STATEMENT_EXECUTE|[52]
15:12:30.0 (47524133)|STATEMENT_EXECUTE|[53]
15:12:30.0 (47529810)|HEAP_ALLOCATE|[53]|Bytes:2
15:12:30.0 (47537255)|HEAP_ALLOCATE|[53]|Bytes:1
15:12:30.0 (47541947)|HEAP_ALLOCATE|[53]|Bytes:5
15:12:30.0 (47546539)|HEAP_ALLOCATE|[53]|Bytes:2
15:12:30.0 (47553371)|HEAP_ALLOCATE|[53]|Bytes:1
15:12:30.0 (47557902)|HEAP_ALLOCATE|[53]|Bytes:5
15:12:30.0 (47562323)|HEAP_ALLOCATE|[EXTERNAL]|Bytes:4
15:12:30.0 (47565518)|HEAP_ALLOCATE|[51]|Bytes:4
15:12:30.0 (47568111)|VARIABLE_ASSIGNMENT|[51]|j|30
15:12:30.0 (47569758)|STATEMENT_EXECUTE|[51]
15:12:30.0 (47571085)|STATEMENT_EXECUTE|[54]
15:12:30.0 (47572048)|STATEMENT_EXECUTE|[55]
15:12:30.0 (47577295)|HEAP_ALLOCATE|[55]|Bytes:2
15:12:30.0 (47584502)|HEAP_ALLOCATE|[55]|Bytes:2
15:12:30.0 (47589214)|HEAP_ALLOCATE|[55]|Bytes:5
15:12:30.0 (47593850)|HEAP_ALLOCATE|[55]|Bytes:2
15:12:30.0 (47600875)|HEAP_ALLOCATE|[55]|Bytes:2
15:12:30.0 (47605411)|HEAP_ALLOCATE|[55]|Bytes:5
15:12:30.0 (47609582)|HEAP_ALLOCATE|[EXTERNAL]|Bytes:4
15:12:30.0 (47612625)|HEAP_ALLOCATE|[51]|Bytes:4
15:12:30.0 (47615245)|VARIABLE_ASSIGNMENT|[51]|j|60
15:12:30.0 (47617037)|HEAP_ALLOCATE|[50]|Bytes:4
15:12:30.0 (47619664)|VARIABLE_ASSIGNMENT|[50]|i|19
15:12:30.0 (47621316)|STATEMENT_EXECUTE|[50]
15:12:30.0 (47622695)|STATEMENT_EXECUTE|[51]
15:12:30.0 (47624296)|VARIABLE_SCOPE_BEGIN|[51]|j|Integer|false|false
15:12:30.0 (47625619)|HEAP_ALLOCATE|[51]|Bytes:4
15:12:30.0 (47627884)|VARIABLE_ASSIGNMENT|[51]|j|0
15:12:30.0 (47629463)|STATEMENT_EXECUTE|[51]
15:12:30.0 (47630703)|STATEMENT_EXECUTE|[52]
15:12:30.0 (47631694)|STATEMENT_EXECUTE|[53]
15:12:30.0 (47637013)|HEAP_ALLOCATE|[53]|Bytes:2
15:12:30.0 (47644103)|HEAP_ALLOCATE|[53]|Bytes:1
15:12:30.0 (47648922)|HEAP_ALLOCATE|[53]|Bytes:5
15:12:30.0 (47653511)|HEAP_ALLOCATE|[53]|Bytes:2
15:12:30.0 (47660403)|HEAP_ALLOCATE|[53]|Bytes:1
15:12:30.0 (47664920)|HEAP_ALLOCATE|[53]|Bytes:5
15:12:30.0 (47669399)|HEAP_ALLOCATE|[EXTERNAL]|Bytes:4
15:12:30.0 (47672552)|HEAP_ALLOCATE|[51]|Bytes:4
15:12:30.0 (47675148)|VARIABLE_ASSIGNMENT|[51]|j|30
15:12:30.0 (47676837)|STATEMENT_EXECUTE|[51]
15:12:30.0 (47678176)|STATEMENT_EXECUTE|[54]
15:12:30.0 (47679185)|STATEMENT_EXECUTE|[55]
15:12:30.0 (47684709)|HEAP_ALLOCATE|[55]|Bytes:2
15:12:30.0 (47691961)|HEAP_ALLOCATE|[55]|Bytes:2
15:12:30.0 (47696660)|HEAP_ALLOCATE|[55]|Bytes:5
15:12:30.0 (47701429)|HEAP_ALLOCATE|[55]|Bytes:2
15:12:30.0 (47708474)|HEAP_ALLOCATE|[55]|Bytes:2
15:12:30.0 (47713084)|HEAP_ALLOCATE|[55]|Bytes:5
15:12:30.0 (47717262)|HEAP_ALLOCATE|[EXTERNAL]|Bytes:4
15:12:30.0 (47720355)|HEAP_ALLOCATE|[51]|Bytes:4
15:12:30.0 (47722892)|VARIABLE_ASSIGNMENT|[51]|j|60
15:12:30.0 (47724674)|HEAP_ALLOCATE|[50]|Bytes:4
15:12:30.0 (47727022)|VARIABLE_ASSIGNMENT|[50]|i|20
15:12:30.0 (47728656)|STATEMENT_EXECUTE|[50]
15:12:30.0 (47730020)|STATEMENT_EXECUTE|[51]
15:12:30.0 (47731644)|VARIABLE_SCOPE_BEGIN|[51]|j|Integer|false|false
15:12:30.0 (47732981)|HEAP_ALLOCATE|[51]|Bytes:4
15:12:30.0 (47735249)|VARIABLE_ASSIGNMENT|[51]|j|0
15:12:30.0 (47736797)|STATEMENT_EXECUTE|[51]
15:12:30.0 (47738038)|STATEMENT_EXECUTE|[52]
15:12:30.0 (47739029)|STATEMENT_EXECUTE|[53]
15:12:30.0 (47744342)|HEAP_ALLOCATE|[53]|Bytes:2
15:12:30.0 (47751670)|HEAP_ALLOCATE|[53]|Bytes:1
15:12:30.0 (47756752)|HEAP_ALLOCATE|[53]|Bytes:5
15:12:30.0 (47761321)|HEAP_ALLOCATE|[53]|Bytes:2
15:12:30.0 (47768128)|HEAP_ALLOCATE|[53]|Bytes:1
15:12:30.0 (47772601)|HEAP_ALLOCATE|[53]|Bytes:5
15:12:30.0 (47776958)|HEAP_ALLOCATE|[EXTERNAL]|Bytes:4
15:12:30.0 (47780108)|HEAP_ALLOCATE|[51]|Bytes:4
15:12:30.0 (47782784)|VARIABLE_ASSIGNMENT|[51]|j|30
15:12:30.0 (47784449)|STATEMENT_EXECUTE|[51]
15:12:30.0 (47785782)|STATEMENT_EXECUTE|[54]
15:12:30.0 (47786756)|STATEMENT_EXECUTE|[55]
15:12:30.0 (47792050)|HEAP_ALLOCATE|[55]|Bytes:2
15:12:30.0 (47799459)|HEAP_ALLOCATE|[55]|Bytes:2
15:12:30.0 (47804172)|HEAP_ALLOCATE|[55]|Bytes:5
15:12:30.0 (47808887)|HEAP_ALLOCATE|[55]|Bytes:2
15:12:30.0 (47815767)|HEAP_ALLOCATE|[55]|Bytes:2
15:12:30.0 (47820288)|HEAP_ALLOCATE|[55]|Bytes:5
15:12:30.0 (47824469)|HEAP_ALLOCATE|[EXTERNAL]|Bytes:4
15:12:30.0 (47827489)|HEAP_ALLOCATE|[51]|Bytes:4
15:12:30.0 (47830014)|VARIABLE_ASSIGNMENT|[51]|j|60
15:12:30.0 (47831806)|HEAP_ALLOCATE|[50]|Bytes:4
15:12:30.0 (47834310)|VARIABLE_ASSIGNMENT|[50]|i|21
15:12:30.0 (47835930)|STATEMENT_EXECUTE|[50]
15:12:30.0 (47837316)|STATEMENT_EXECUTE|[51]
15:12:30.0 (47838947)|VARIABLE_SCOPE_BEGIN|[51]|j|Integer|false|false
15:12:30.0 (47840285)|HEAP_ALLOCATE|[51]|Bytes:4
15:12:30.0 (47842612)|VARIABLE_ASSIGNMENT|[51]|j|0
15:12:30.0 (47844159)|STATEMENT_EXECUTE|[51]
15:12:30.0 (47845404)|STATEMENT_EXECUTE|[52]
15:12:30.0 (47846400)|STATEMENT_EXECUTE|[53]
15:12:30.0 (47851750)|HEAP_ALLOCATE|[53]|Bytes:2
15:12:30.0 (47859136)|HEAP_ALLOCATE|[53]|Bytes:1
15:12:30.0 (47863871)|HEAP_ALLOCATE|[53]|Bytes:5
15:12:30.0 (47868432)|HEAP_ALLOCATE|[53]|Bytes:2
15:12:30.0 (47875228)|HEAP_ALLOCATE|[53]|Bytes:1
15:12:30.0 (47879761)|HEAP_ALLOCATE|[53]|Bytes:5
15:12:30.0 (47884088)|HEAP_ALLOCATE|[EXTERNAL]|Bytes:4
15:12:30.0 (47887434)|HEAP_ALLOCATE|[51]|Bytes:4
15:12:30.0 (47890176)|VARIABLE_ASSIGNMENT|[51]|j|30
15:12:30.0 (47891867)|STATEMENT_EXECUTE|[51]
15:12:30.0 (47893234)|STATEMENT_EXECUTE|[54]
15:12:30.0 (47894228)|STATEMENT_EXECUTE|[55]
15:12:30.0 (47899532)|HEAP_ALLOCATE|[55]|Bytes:2
15:12:30.0 (47907212)|HEAP_ALLOCATE|[55]|Bytes:2
15:12:30.0 (47912134)|HEAP_ALLOCATE|[55]|Bytes:5
15:12:30.0 (47916739)|HEAP_ALLOCATE|[55]|Bytes:2
15:12:30.0 (47923620)|HEAP_ALLOCATE|[55]|Bytes:2
15:12:30.0 (47928088)|HEAP_ALLOCATE|[55]|Bytes:5
15:12:30.0 (47932321)|HEAP_ALLOCATE|[EXTERNAL]|Bytes:4
15:12:30.0 (47935422)|HEAP_ALLOCATE|[51]|Bytes:4
15:12:30.0 (47937998)|VARIABLE_ASSIGNMENT|[51]|j|60
15:12:30.0 (47939793)|HEAP_ALLOCATE|[50]|Bytes:4
15:12:30.0 (47942114)|VARIABLE_ASSIGNMENT|[50]|i|22
15:12:30.0 (47943724)|STATEMENT_EXECUTE|[50]
15:12:30.0 (47945112)|STATEMENT_EXECUTE|[51]
15:12:30.0 (47946738)|VARIABLE_SCOPE_BEGIN|[51]|j|Integer|false|false
15:12:30.0 (47948094)|HEAP_ALLOCATE|[51]|Bytes:4
15:12:30.0 (47950398)|VARIABLE_ASSIGNMENT|[51]|j|0
15:12:30.0 (47951957)|STATEMENT_EXECUTE|[51]
15:12:30.0 (47953220)|STATEMENT_EXECUTE|[52]
15:12:30.0 (47954220)|STATEMENT_EXECUTE|[53]
15:12:30.0 (47959589)|HEAP_ALLOCATE|[53]|Bytes:2
15:12:30.0 (47967081)|HEAP_ALLOCATE|[53]|Bytes:1
15:12:30.0 (47972232)|HEAP_ALLOCATE|[53]|Bytes:5
15:12:30.0 (47976732)|HEAP_ALLOCATE|[53]|Bytes:2
15:12:30.0 (47983614)|HEAP_ALLOCATE|[53]|Bytes:1
15:12:30.0 (47988135)|HEAP_ALLOCATE|[53]|Bytes:5
15:12:30.0 (47992488)|HEAP_ALLOCATE|[EXTERNAL]|Bytes:4
15:12:30.0 (47995552)|HEAP_ALLOCATE|[51]|Bytes:4
15:12:30.0 (47998128)|VARIABLE_ASSIGNMENT|[51]|j|30
15:12:30.0 (47999783)|STATEMENT_EXECUTE|[51]
15:12:30.0 (48001118)|STATEMENT_EXECUTE|[54]
15:12:30.0 (48002538)|STATEMENT_EXECUTE|[55]
15:12:30.0 (48007740)|HEAP_ALLOCATE|[55]|Bytes:2
15:12:30.0 (48014990)|HEAP_ALLOCATE|[55]|Bytes:2
15:12:30.0 (48019840)|HEAP_ALLOCATE|[55]|Bytes:5
15:12:30.0 (48024469)|HEAP_ALLOCATE|[55]|Bytes:2
15:12:30.0 (48031296)|HEAP_ALLOCATE|[55]|Bytes:2
15:12:30.0 (48035984)|HEAP_ALLOCATE|[55]|Bytes:5
15:12:30.0 (48040147)|HEAP_ALLOCATE|[EXTERNAL]|Bytes:4
15:12:30.0 (48043159)|HEAP_ALLOCATE|[51]|Bytes:4
15:12:30.0 (48045718)|VARIABLE_ASSIGNMENT|[51]|j|60
15:12:30.0 (48047412)|HEAP_ALLOCATE|[50]|Bytes:4
15:12:30.0 (48049893)|VARIABLE_ASSIGNMENT|[50]|i|23
15:12:30.0 (48051533)|STATEMENT_EXECUTE|[50]
15:12:30.0 (48052891)|STATEMENT_EXECUTE|[51]
15:12:30.0 (48054496)|VARIABLE_SCOPE_BEGIN|[51]|j|Integer|false|false
15:12:30.0 (48055788)|HEAP_ALLOCATE|[51]|Bytes:4
15:12:30.0 (48058156)|VARIABLE_ASSIGNMENT|[51]|j|0
15:12:30.0 (48059723)|STATEMENT_EXECUTE|[51]
15:12:30.0 (48060975)|STATEMENT_EXECUTE|[52]
15:12:30.0 (48061971)|STATEMENT_EXECUTE|[53]
15:12:30.0 (48067236)|HEAP_ALLOCATE|[53]|Bytes:2
15:12:30.0 (48074766)|HEAP_ALLOCATE|[53]|Bytes:1
15:12:30.0 (48079367)|HEAP_ALLOCATE|[53]|Bytes:5
15:12:30.0 (48083870)|HEAP_ALLOCATE|[53]|Bytes:2
15:12:30.0 (48090741)|HEAP_ALLOCATE|[53]|Bytes:1
15:12:30.0 (48095214)|HEAP_ALLOCATE|[53]|Bytes:5
15:12:30.0 (48099459)|HEAP_ALLOCATE|[EXTERNAL]|Bytes:4
15:12:30.0 (48102570)|HEAP_ALLOCATE|[51]|Bytes:4
15:12:30.0 (48105096)|VARIABLE_ASSIGNMENT|[51]|j|30
15:12:30.0 (48106703)|STATEMENT_EXECUTE|[51]
15:12:30.0 (48108028)|STATEMENT_EXECUTE|[54]
15:12:30.0 (48109051)|STATEMENT_EXECUTE|[55]
15:12:30.0 (48114435)|HEAP_ALLOCATE|[55]|Bytes:2
15:12:30.0 (48121775)|HEAP_ALLOCATE|[55]|Bytes:2
15:12:30.0 (48126687)|HEAP_ALLOCATE|[55]|Bytes:5
15:12:30.0 (48131175)|HEAP_ALLOCATE|[55]|Bytes:2
15:12:30.0 (48137950)|HEAP_ALLOCATE|[55]|Bytes:2
15:12:30.0 (48142727)|HEAP_ALLOCATE|[55]|Bytes:5
15:12:30.0 (48146819)|HEAP_ALLOCATE|[EXTERNAL]|Bytes:4
15:12:30.0 (48149983)|HEAP_ALLOCATE|[51]|Bytes:4
15:12:30.0 (48152566)|VARIABLE_ASSIGNMENT|[51]|j|60
15:12:30.0 (48154418)|HEAP_ALLOCATE|[50]|Bytes:4
15:12:30.0 (48156698)|VARIABLE_ASSIGNMENT|[50]|i|24
15:12:30.0 (48158674)|STATEMENT_EXECUTE|[59]
15:12:30.55 (55461266)|SYSTEM_MODE_ENTER|true
15:12:30.55 (55505277)|HEAP_ALLOCATE|[EXTERNAL]|Bytes:8
15:12:30.55 (55511351)|VARIABLE_SCOPE_BEGIN|[88]|this|ApexPage.PageMessagesComponentController|true|false
15:12:30.55 (55529625)|VARIABLE_ASSIGNMENT|[88]|this|{}|0x23b0e436
15:12:30.55 (55532064)|VARIABLE_SCOPE_BEGIN|[88]|escape|Boolean|false|false
15:12:30.55 (55535592)|VARIABLE_ASSIGNMENT|[88]|escape|null
15:12:30.0 (55879933)|SYSTEM_MODE_ENTER|true
15:12:30.0 (55903565)|HEAP_ALLOCATE|[EXTERNAL]|Bytes:4
15:12:30.0 (55907457)|HEAP_ALLOCATE|[EXTERNAL]|Bytes:80
15:12:30.0 (55917759)|VARIABLE_ASSIGNMENT|[EXTERNAL]|this.selectedTime3|"8:00"|0x11f49123
15:12:30.0 (55949161)|SYSTEM_MODE_ENTER|true
15:12:30.0 (55967481)|HEAP_ALLOCATE|[EXTERNAL]|Bytes:80
15:12:30.0 (56013540)|VARIABLE_ASSIGNMENT|[EXTERNAL]|this|{"delToHub":true,"delToProj":false,"detail":"0x318c1439","invoked":false,"rejected":false,"reserved":false,"selectedTime3":"8:00","sublocations1":"0x5b501a35","www":"0x64b9ddac","wwwById":"0x51712591"}|0x11f49123
15:12:30.0 (56020922)|STATEMENT_EXECUTE|[3]
15:12:30.0 (56024359)|STATEMENT_EXECUTE|[4]
15:12:30.0 (56025635)|STATEMENT_EXECUTE|[9]
15:12:30.0 (56360675)|SYSTEM_MODE_ENTER|true
15:12:30.0 (56380498)|HEAP_ALLOCATE|[EXTERNAL]|Bytes:80
15:12:30.0 (56430986)|VARIABLE_ASSIGNMENT|[EXTERNAL]|this|{"delToHub":true,"delToProj":false,"detail":"0x318c1439","invoked":false,"rejected":false,"reserved":false,"selectedTime3":"8:00","sublocations1":"0x5b501a35","www":"0x64b9ddac","wwwById":"0x51712591"}|0x11f49123
15:12:30.0 (56437322)|STATEMENT_EXECUTE|[204]
15:12:30.0 (56439815)|STATEMENT_EXECUTE|[205]
15:12:30.0 (56441075)|STATEMENT_EXECUTE|[208]
15:12:30.0 (56480042)|SYSTEM_MODE_ENTER|true
15:12:30.0 (56494565)|HEAP_ALLOCATE|[EXTERNAL]|Bytes:80
15:12:30.0 (56532788)|VARIABLE_ASSIGNMENT|[EXTERNAL]|this|{"delToHub":true,"delToProj":false,"detail":"0x318c1439","invoked":false,"rejected":false,"reserved":false,"selectedTime3":"8:00","sublocations1":"0x5b501a35","www":"0x64b9ddac","wwwById":"0x51712591"}|0x11f49123
15:12:30.0 (56537614)|STATEMENT_EXECUTE|[220]
15:12:30.0 (56539536)|STATEMENT_EXECUTE|[221]
15:12:30.0 (56540643)|STATEMENT_EXECUTE|[224]
15:12:30.0 (56574318)|SYSTEM_MODE_ENTER|true
15:12:30.0 (56587891)|HEAP_ALLOCATE|[EXTERNAL]|Bytes:80
15:12:30.0 (56622990)|VARIABLE_ASSIGNMENT|[EXTERNAL]|this|{"delToHub":true,"delToProj":false,"detail":"0x318c1439","invoked":false,"rejected":false,"reserved":false,"selectedTime3":"8:00","sublocations1":"0x5b501a35","www":"0x64b9ddac","wwwById":"0x51712591"}|0x11f49123
15:12:30.0 (56627687)|STATEMENT_EXECUTE|[212]
15:12:30.0 (56629758)|STATEMENT_EXECUTE|[213]
15:12:30.0 (56630897)|STATEMENT_EXECUTE|[216]
15:12:30.0 (56663265)|SYSTEM_MODE_ENTER|true
15:12:30.0 (56676221)|HEAP_ALLOCATE|[EXTERNAL]|Bytes:80
15:12:30.0 (56711189)|VARIABLE_ASSIGNMENT|[EXTERNAL]|this|{"delToHub":true,"delToProj":false,"detail":"0x318c1439","invoked":false,"rejected":false,"reserved":false,"selectedTime3":"8:00","sublocations1":"0x5b501a35","www":"0x64b9ddac","wwwById":"0x51712591"}|0x11f49123
15:12:30.0 (56715699)|STATEMENT_EXECUTE|[21]
15:12:30.0 (56717636)|STATEMENT_EXECUTE|[22]
15:12:30.0 (56718760)|STATEMENT_EXECUTE|[26]
15:12:30.0 (57365471)|HEAP_ALLOCATE|[EXTERNAL]|Bytes:80
15:12:30.0 (57374859)|VARIABLE_SCOPE_BEGIN|[307]|this|NewDeliveredExtension|true|false
15:12:30.0 (57425425)|VARIABLE_ASSIGNMENT|[307]|this|{"delToHub":true,"delToProj":false,"detail":"0x318c1439","invoked":false,"rejected":false,"reserved":false,"selectedTime3":"8:00","sublocations1":"0x5b501a35","www":"0x64b9ddac","wwwById":"0x51712591"}|0x11f49123
15:12:30.0 (57432908)|STATEMENT_EXECUTE|[307]
15:12:30.0 (57434635)|STATEMENT_EXECUTE|[308]
15:12:30.0 (57496853)|VARIABLE_ASSIGNMENT|[EXTERNAL]|this|{"delToHub":true,"delToProj":false,"detail":"0x318c1439","invoked":false,"rejected":false,"reserved":false,"selectedTime3":"8:00","sublocations1":"0x5b501a35","www":"0x64b9ddac","wwwById":"0x51712591"}|0x11f49123
15:12:30.0 (57501276)|STATEMENT_EXECUTE|[3]
15:12:30.0 (57503534)|STATEMENT_EXECUTE|[4]
15:12:30.0 (57504736)|STATEMENT_EXECUTE|[9]
15:12:30.0 (57572117)|VARIABLE_ASSIGNMENT|[308]|this.Location__c|null|0x318c1439
15:12:30.0 (57575253)|STATEMENT_EXECUTE|[309]
15:12:30.0 (57579482)|HEAP_ALLOCATE|[309]|Bytes:7
15:12:30.0 (57633119)|VARIABLE_ASSIGNMENT|[EXTERNAL]|this|{"delToHub":true,"delToProj":false,"detail":"0x318c1439","invoked":false,"rejected":false,"reserved":false,"selectedTime3":"8:00","sublocations1":"0x5b501a35","www":"0x64b9ddac","wwwById":"0x51712591"}|0x11f49123
15:12:30.0 (57637536)|STATEMENT_EXECUTE|[21]
15:12:30.0 (57639545)|STATEMENT_EXECUTE|[22]
15:12:30.0 (57640693)|STATEMENT_EXECUTE|[26]
15:12:30.0 (57689730)|HEAP_ALLOCATE|[309]|Bytes:38
15:12:30.0 (57704691)|HEAP_ALLOCATE|[309]|Bytes:45
15:12:30.0 (57726400)|USER_DEBUG|[309]|DEBUG|set wwwWWW__c:{Project__c=a0q0E0000008ahlQAA}
15:12:30.0 (57731343)|STATEMENT_EXECUTE|[310]
15:12:30.0 (57779713)|VARIABLE_ASSIGNMENT|[EXTERNAL]|this|{"delToHub":true,"delToProj":false,"detail":"0x318c1439","invoked":false,"rejected":false,"reserved":false,"selectedTime3":"8:00","sublocations1":"0x5b501a35","www":"0x64b9ddac","wwwById":"0x51712591"}|0x11f49123
15:12:30.0 (57783267)|STATEMENT_EXECUTE|[3]
15:12:30.0 (57785283)|STATEMENT_EXECUTE|[4]
15:12:30.0 (57786475)|STATEMENT_EXECUTE|[9]
15:12:30.0 (57919939)|VARIABLE_ASSIGNMENT|[EXTERNAL]|this|{"delToHub":true,"delToProj":false,"detail":"0x318c1439","invoked":false,"rejected":false,"reserved":false,"selectedTime3":"8:00","sublocations1":"0x5b501a35","www":"0x64b9ddac","wwwById":"0x51712591"}|0x11f49123
15:12:30.0 (57939858)|VARIABLE_ASSIGNMENT|[EXTERNAL]|value|{"Id":"a0t0E0000004UUNQA2","Project__c":"a0q0E0000008S3WQAU","Item__c":"a0A0E0000001PiqUAE","Hub_Building_Site__c":"a020E000000zFeUQAU","Actueel_aantal_palle (12 more) ...":0,"Name":"WWW-13540"}|0x7480b322
15:12:30.0 (57954051)|VARIABLE_ASSIGNMENT|[20]|this.www|{"Id":"a0t0E0000004UUNQA2","Project__c":"a0q0E0000008S3WQAU","Item__c":"a0A0E0000001PiqUAE","Hub_Building_Site__c":"a020E000000zFeUQAU","Actueel_aantal_palle (12 more) ...":0,"Name":"WWW-13540"}|0x11f49123
15:12:30.0 (57960177)|STATEMENT_EXECUTE|[311]
15:12:30.0 (58000471)|VARIABLE_ASSIGNMENT|[EXTERNAL]|this|{"delToHub":true,"delToProj":false,"detail":"0x318c1439","invoked":false,"rejected":false,"reserved":false,"selectedTime3":"8:00","sublocations1":"0x5b501a35","www":"0x7480b322","wwwById":"0x51712591"}|0x11f49123
15:12:30.0 (58004488)|STATEMENT_EXECUTE|[21]
15:12:30.0 (58006397)|STATEMENT_EXECUTE|[22]
15:12:30.0 (58007446)|STATEMENT_EXECUTE|[26]
15:12:30.0 (58078999)|HEAP_ALLOCATE|[311]|Bytes:182
15:12:30.0 (58091550)|HEAP_ALLOCATE|[311]|Bytes:189
15:12:30.0 (58099767)|USER_DEBUG|[311]|DEBUG|set wwwWWW__c:{Id=a0t0E0000004UUNQA2, Project__c=a0q0E0000008S3WQAU, Item__c=a0A0E0000001PiqUAE, Hub_Building_Site__c=a020E000000zFeUQAU, Actueel_aantal_palletplaatsen__c=0, Name=WWW-13540}
15:12:30.68 (68737885)|SYSTEM_MODE_ENTER|true
15:12:30.68 (68780659)|HEAP_ALLOCATE|[EXTERNAL]|Bytes:8
15:12:30.68 (68786724)|VARIABLE_SCOPE_BEGIN|[88]|this|ApexPage.PageMessagesComponentController|true|false
15:12:30.68 (68804259)|VARIABLE_ASSIGNMENT|[88]|this|{}|0x23b0e436
15:12:30.68 (68806809)|VARIABLE_SCOPE_BEGIN|[88]|escape|Boolean|false|false
15:12:30.68 (68810042)|VARIABLE_ASSIGNMENT|[88]|escape|null
15:12:30.68 (68886528)|SYSTEM_MODE_ENTER|true
15:12:30.68 (68909165)|HEAP_ALLOCATE|[EXTERNAL]|Bytes:8
15:12:30.68 (68913743)|VARIABLE_SCOPE_BEGIN|[2]|this|ApexPage.PageMessagesComponentController|true|false
15:12:30.68 (68927645)|VARIABLE_ASSIGNMENT|[2]|this|{}|0x23b0e436
15:12:30.0 (69196940)|SYSTEM_MODE_ENTER|true
15:12:30.0 (69217230)|HEAP_ALLOCATE|[EXTERNAL]|Bytes:80
15:12:30.0 (69264673)|VARIABLE_ASSIGNMENT|[EXTERNAL]|this|{"delToHub":true,"delToProj":false,"detail":"0x318c1439","invoked":false,"rejected":false,"reserved":false,"selectedTime3":"8:00","sublocations1":"0x5b501a35","www":"0x7480b322","wwwById":"0x51712591"}|0x11f49123
15:12:30.0 (69270501)|STATEMENT_EXECUTE|[196]
15:12:30.0 (69273362)|STATEMENT_EXECUTE|[197]
15:12:30.0 (69274604)|STATEMENT_EXECUTE|[200]
15:12:30.0 (69317328)|SYSTEM_MODE_ENTER|true
15:12:30.0 (69333151)|HEAP_ALLOCATE|[EXTERNAL]|Bytes:80
15:12:30.0 (69372490)|VARIABLE_ASSIGNMENT|[EXTERNAL]|this|{"delToHub":true,"delToProj":false,"detail":"0x318c1439","invoked":false,"rejected":false,"reserved":false,"selectedTime3":"8:00","sublocations1":"0x5b501a35","www":"0x7480b322","wwwById":"0x51712591"}|0x11f49123
15:12:30.0 (69377528)|STATEMENT_EXECUTE|[229]
15:12:30.0 (69379485)|STATEMENT_EXECUTE|[230]
15:12:30.0 (69380685)|STATEMENT_EXECUTE|[233]
15:12:30.0 (69439742)|SYSTEM_MODE_ENTER|true
15:12:30.0 (69454819)|HEAP_ALLOCATE|[EXTERNAL]|Bytes:80
15:12:30.0 (69491932)|VARIABLE_ASSIGNMENT|[EXTERNAL]|this|{"delToHub":true,"delToProj":false,"detail":"0x318c1439","invoked":false,"rejected":false,"reserved":false,"selectedTime3":"8:00","sublocations1":"0x5b501a35","www":"0x7480b322","wwwById":"0x51712591"}|0x11f49123
15:12:30.0 (69496468)|STATEMENT_EXECUTE|[3]
15:12:30.0 (69498682)|STATEMENT_EXECUTE|[4]
15:12:30.0 (69499978)|STATEMENT_EXECUTE|[9]
15:12:30.0 (76519121)|SYSTEM_MODE_ENTER|true
15:12:30.0 (76543214)|HEAP_ALLOCATE|[EXTERNAL]|Bytes:80
15:12:30.0 (76593494)|VARIABLE_ASSIGNMENT|[EXTERNAL]|this|{"delToHub":true,"delToProj":false,"detail":"0x318c1439","invoked":false,"rejected":false,"reserved":false,"selectedTime3":"8:00","sublocations1":"0x5b501a35","www":"0x7480b322","wwwById":"0x51712591"}|0x11f49123
15:12:30.0 (76600103)|STATEMENT_EXECUTE|[186]
15:12:30.0 (76603153)|STATEMENT_EXECUTE|[187]
15:12:30.0 (76604349)|STATEMENT_EXECUTE|[190]
15:12:30.0 (77021742)|SYSTEM_MODE_ENTER|true
15:12:30.0 (77043639)|HEAP_ALLOCATE|[EXTERNAL]|Bytes:80
15:12:30.0 (77090643)|VARIABLE_ASSIGNMENT|[EXTERNAL]|this|{"delToHub":true,"delToProj":false,"detail":"0x318c1439","invoked":false,"rejected":false,"reserved":false,"selectedTime3":"8:00","sublocations1":"0x5b501a35","www":"0x7480b322","wwwById":"0x51712591"}|0x11f49123
15:12:30.0 (77096989)|STATEMENT_EXECUTE|[204]
15:12:30.0 (77099532)|STATEMENT_EXECUTE|[205]
15:12:30.0 (77100933)|STATEMENT_EXECUTE|[208]
15:12:30.0 (77142549)|SYSTEM_MODE_ENTER|true
15:12:30.0 (77158251)|HEAP_ALLOCATE|[EXTERNAL]|Bytes:80
15:12:30.0 (77197263)|VARIABLE_ASSIGNMENT|[EXTERNAL]|this|{"delToHub":true,"delToProj":false,"detail":"0x318c1439","invoked":false,"rejected":false,"reserved":false,"selectedTime3":"8:00","sublocations1":"0x5b501a35","www":"0x7480b322","wwwById":"0x51712591"}|0x11f49123
15:12:30.0 (77202379)|STATEMENT_EXECUTE|[220]
15:12:30.0 (77204256)|STATEMENT_EXECUTE|[221]
15:12:30.0 (77205463)|STATEMENT_EXECUTE|[224]
15:12:30.0 (77240979)|SYSTEM_MODE_ENTER|true
15:12:30.0 (77255856)|HEAP_ALLOCATE|[EXTERNAL]|Bytes:80
15:12:30.0 (77292338)|VARIABLE_ASSIGNMENT|[EXTERNAL]|this|{"delToHub":true,"delToProj":false,"detail":"0x318c1439","invoked":false,"rejected":false,"reserved":false,"selectedTime3":"8:00","sublocations1":"0x5b501a35","www":"0x7480b322","wwwById":"0x51712591"}|0x11f49123
15:12:30.0 (77296880)|STATEMENT_EXECUTE|[212]
15:12:30.0 (77298801)|STATEMENT_EXECUTE|[213]
15:12:30.0 (77299914)|STATEMENT_EXECUTE|[216]
15:12:30.0 (77352236)|SYSTEM_MODE_ENTER|true
15:12:30.0 (77367129)|HEAP_ALLOCATE|[EXTERNAL]|Bytes:80
15:12:30.0 (77408061)|VARIABLE_ASSIGNMENT|[EXTERNAL]|this|{"delToHub":true,"delToProj":false,"detail":"0x318c1439","invoked":false,"rejected":false,"reserved":false,"selectedTime3":"8:00","sublocations1":"0x5b501a35","www":"0x7480b322","wwwById":"0x51712591"}|0x11f49123
15:12:30.0 (77412937)|STATEMENT_EXECUTE|[21]
15:12:30.0 (77414856)|STATEMENT_EXECUTE|[22]
15:12:30.0 (77416031)|STATEMENT_EXECUTE|[26]
15:12:30.0 (88258111)|VF_SERIALIZE_VIEWSTATE_BEGIN|06624000003h0Dg
15:12:30.0 (92237206)|VF_SERIALIZE_VIEWSTATE_END
15:12:30.94 (94487554)|CUMULATIVE_LIMIT_USAGE
15:12:30.94 (94487554)|LIMIT_USAGE_FOR_NS|(default)|
  Number of SOQL queries: 0 out of 100
  Number of query rows: 0 out of 50000
  Number of SOSL queries: 0 out of 20
  Number of DML statements: 0 out of 150
  Number of DML rows: 0 out of 10000
  Maximum CPU time: 0 out of 10000
  Maximum heap size: 0 out of 6000000
  Number of callouts: 0 out of 100
  Number of Email Invocations: 0 out of 10
  Number of future calls: 0 out of 50
  Number of queueable jobs added to the queue: 0 out of 50
  Number of Mobile Apex push calls: 0 out of 10

15:12:30.94 (94487554)|CUMULATIVE_LIMIT_USAGE_END

15:12:30.0 (94517965)|CODE_UNIT_FINISHED|VF: /apex/New_delivered_detail
15:12:30.0 (95251176)|EXECUTION_FINISHED
