38.0 APEX_CODE,FINEST;APEX_PROFILING,INFO;CALLOUT,INFO;DB,INFO;SYSTEM,DEBUG;VALIDATION,INFO;VISUALFORCE,INFO;WAVE,INFO;WORKFLOW,INFO
15:14:25.0 (48226)|USER_INFO|[EXTERNAL]|00524000001e3Uj|bedrijfsbureau@gsa.nl.sandbox|Midden-Europese standaardtijd|GMT+01:00
15:14:25.0 (71153)|EXECUTION_STARTED
15:14:25.0 (75123)|CODE_UNIT_STARTED|[EXTERNAL]|06624000003h0Dg|VF: /apex/New_delivered_detail
15:14:25.0 (214144)|VF_DESERIALIZE_VIEWSTATE_BEGIN|06624000003h0Dg
15:14:25.0 (4640530)|HEAP_ALLOCATE|[72]|Bytes:3
15:14:25.0 (4678453)|HEAP_ALLOCATE|[77]|Bytes:152
15:14:25.0 (4691456)|HEAP_ALLOCATE|[342]|Bytes:408
15:14:25.0 (4705055)|HEAP_ALLOCATE|[355]|Bytes:408
15:14:25.0 (4717869)|HEAP_ALLOCATE|[467]|Bytes:48
15:14:25.0 (4743800)|HEAP_ALLOCATE|[139]|Bytes:6
15:14:25.0 (4777832)|HEAP_ALLOCATE|[50]|Bytes:5
15:14:25.0 (4796552)|HEAP_ALLOCATE|[56]|Bytes:5
15:14:25.0 (4802758)|HEAP_ALLOCATE|[64]|Bytes:7
15:14:25.0 (9497935)|VF_DESERIALIZE_VIEWSTATE_END
15:14:25.10 (10469059)|SYSTEM_MODE_ENTER|true
15:14:25.10 (10526104)|HEAP_ALLOCATE|[EXTERNAL]|Bytes:38
15:14:25.10 (10532709)|HEAP_ALLOCATE|[EXTERNAL]|Bytes:7
15:14:25.10 (10540283)|SYSTEM_METHOD_ENTRY|[1]|PageMessagesComponentController.PageMessagesComponentController()
15:14:25.10 (10544523)|STATEMENT_EXECUTE|[1]
15:14:25.11 (11308433)|SYSTEM_MODE_ENTER|true
15:14:25.11 (11350412)|HEAP_ALLOCATE|[EXTERNAL]|Bytes:8
15:14:25.11 (11355965)|VARIABLE_SCOPE_BEGIN|[88]|this|ApexPage.PageMessagesComponentController|true|false
15:14:25.11 (11386993)|VARIABLE_ASSIGNMENT|[88]|this|{}|0x4118d494
15:14:25.11 (11390569)|VARIABLE_SCOPE_BEGIN|[88]|escape|Boolean|false|false
15:14:25.11 (11394345)|VARIABLE_ASSIGNMENT|[88]|escape|null
15:14:25.0 (11632569)|SYSTEM_MODE_ENTER|true
15:14:25.0 (11854501)|HEAP_ALLOCATE|[EXTERNAL]|Bytes:11
15:14:25.0 (11862212)|HEAP_ALLOCATE|[EXTERNAL]|Bytes:408
15:14:25.0 (11865333)|HEAP_ALLOCATE|[EXTERNAL]|Bytes:120
15:14:25.0 (11867585)|HEAP_ALLOCATE|[EXTERNAL]|Bytes:116
15:14:25.0 (11877227)|METHOD_ENTRY|[1]|01p2400000DUtXT|NewDeliveredExtension.NewDeliveredExtension()
15:14:25.0 (11879778)|STATEMENT_EXECUTE|[1]
15:14:25.0 (11883373)|STATEMENT_EXECUTE|[1]
15:14:25.0 (11884806)|STATEMENT_EXECUTE|[541]
15:14:25.0 (11888258)|METHOD_EXIT|[1]|NewDeliveredExtension
15:14:25.0 (11891953)|HEAP_ALLOCATE|[EXTERNAL]|Bytes:80
15:14:25.0 (11949485)|VARIABLE_ASSIGNMENT|[EXTERNAL]|this|{"delToHub":true,"delToProj":false,"detail":"0x75ec5c88","invoked":false,"rejected":false,"reserved":false,"selectedTime3":"8:00","sublocations1":"0xb205f90","www":"0x2c40a709","wwwById":"0xabe7d53"}|0xef53653
15:14:25.0 (11955502)|STATEMENT_EXECUTE|[196]
15:14:25.0 (11960307)|STATEMENT_EXECUTE|[197]
15:14:25.0 (11961831)|STATEMENT_EXECUTE|[200]
15:14:25.0 (12023301)|SYSTEM_MODE_ENTER|true
15:14:25.0 (12045020)|HEAP_ALLOCATE|[EXTERNAL]|Bytes:80
15:14:25.0 (12084130)|VARIABLE_ASSIGNMENT|[EXTERNAL]|this|{"delToHub":true,"delToProj":false,"detail":"0x75ec5c88","invoked":false,"rejected":false,"reserved":false,"selectedTime3":"8:00","sublocations1":"0xb205f90","www":"0x2c40a709","wwwById":"0xabe7d53"}|0xef53653
15:14:25.0 (12089578)|STATEMENT_EXECUTE|[229]
15:14:25.0 (12093873)|STATEMENT_EXECUTE|[230]
15:14:25.0 (12095739)|STATEMENT_EXECUTE|[233]
15:14:25.0 (12180481)|SYSTEM_MODE_ENTER|true
15:14:25.0 (12222874)|HEAP_ALLOCATE|[EXTERNAL]|Bytes:80
15:14:25.0 (12265885)|VARIABLE_ASSIGNMENT|[EXTERNAL]|this|{"delToHub":true,"delToProj":false,"detail":"0x75ec5c88","invoked":false,"rejected":false,"reserved":false,"selectedTime3":"8:00","sublocations1":"0xb205f90","www":"0x2c40a709","wwwById":"0xabe7d53"}|0xef53653
15:14:25.0 (12271033)|STATEMENT_EXECUTE|[3]
15:14:25.0 (12277075)|STATEMENT_EXECUTE|[4]
15:14:25.0 (12278456)|STATEMENT_EXECUTE|[9]
15:14:25.0 (25096689)|SYSTEM_MODE_ENTER|true
15:14:25.0 (25132830)|HEAP_ALLOCATE|[EXTERNAL]|Bytes:80
15:14:25.0 (25189865)|VARIABLE_ASSIGNMENT|[EXTERNAL]|this|{"delToHub":true,"delToProj":false,"detail":"0x75ec5c88","invoked":false,"rejected":false,"reserved":false,"selectedTime3":"8:00","sublocations1":"0xb205f90","www":"0x2c40a709","wwwById":"0xabe7d53"}|0xef53653
15:14:25.0 (25197032)|STATEMENT_EXECUTE|[186]
15:14:25.0 (25201449)|STATEMENT_EXECUTE|[187]
15:14:25.0 (25202767)|STATEMENT_EXECUTE|[190]
15:14:25.0 (25713580)|SYSTEM_MODE_ENTER|true
15:14:25.0 (25738605)|HEAP_ALLOCATE|[EXTERNAL]|Bytes:80
15:14:25.0 (25784324)|VARIABLE_ASSIGNMENT|[EXTERNAL]|this|{"delToHub":true,"delToProj":false,"detail":"0x75ec5c88","invoked":false,"rejected":false,"reserved":false,"selectedTime3":"8:00","sublocations1":"0xb205f90","www":"0x2c40a709","wwwById":"0xabe7d53"}|0xef53653
15:14:25.0 (25790634)|STATEMENT_EXECUTE|[204]
15:14:25.0 (25794397)|STATEMENT_EXECUTE|[205]
15:14:25.0 (25796008)|STATEMENT_EXECUTE|[208]
15:14:25.0 (25848245)|SYSTEM_MODE_ENTER|true
15:14:25.0 (25867527)|HEAP_ALLOCATE|[EXTERNAL]|Bytes:80
15:14:25.0 (25906780)|VARIABLE_ASSIGNMENT|[EXTERNAL]|this|{"delToHub":true,"delToProj":false,"detail":"0x75ec5c88","invoked":false,"rejected":false,"reserved":false,"selectedTime3":"8:00","sublocations1":"0xb205f90","www":"0x2c40a709","wwwById":"0xabe7d53"}|0xef53653
15:14:25.0 (25911973)|STATEMENT_EXECUTE|[220]
15:14:25.0 (25914898)|STATEMENT_EXECUTE|[221]
15:14:25.0 (25916075)|STATEMENT_EXECUTE|[224]
15:14:25.0 (25962949)|SYSTEM_MODE_ENTER|true
15:14:25.0 (25981088)|HEAP_ALLOCATE|[EXTERNAL]|Bytes:80
15:14:25.0 (26017585)|VARIABLE_ASSIGNMENT|[EXTERNAL]|this|{"delToHub":true,"delToProj":false,"detail":"0x75ec5c88","invoked":false,"rejected":false,"reserved":false,"selectedTime3":"8:00","sublocations1":"0xb205f90","www":"0x2c40a709","wwwById":"0xabe7d53"}|0xef53653
15:14:25.0 (26022700)|STATEMENT_EXECUTE|[212]
15:14:25.0 (26025597)|STATEMENT_EXECUTE|[213]
15:14:25.0 (26026968)|STATEMENT_EXECUTE|[216]
15:14:25.0 (26100794)|SYSTEM_MODE_ENTER|true
15:14:25.0 (26125959)|HEAP_ALLOCATE|[EXTERNAL]|Bytes:80
15:14:25.0 (26163334)|VARIABLE_ASSIGNMENT|[EXTERNAL]|this|{"delToHub":true,"delToProj":false,"detail":"0x75ec5c88","invoked":false,"rejected":false,"reserved":false,"selectedTime3":"8:00","sublocations1":"0xb205f90","www":"0x2c40a709","wwwById":"0xabe7d53"}|0xef53653
15:14:25.0 (26168228)|STATEMENT_EXECUTE|[21]
15:14:25.0 (26171675)|STATEMENT_EXECUTE|[22]
15:14:25.0 (26177061)|STATEMENT_EXECUTE|[26]
15:14:25.0 (31901077)|VF_PAGE_MESSAGE|You must enter a value
15:14:25.0 (31957783)|VF_PAGE_MESSAGE|WWW: You must enter a value
15:14:25.0 (32446372)|SYSTEM_MODE_ENTER|true
15:14:25.0 (32481218)|HEAP_ALLOCATE|[EXTERNAL]|Bytes:80
15:14:25.0 (32491352)|VARIABLE_SCOPE_BEGIN|[48]|this|NewDeliveredExtension|true|false
15:14:25.0 (32559581)|VARIABLE_ASSIGNMENT|[48]|this|{"delToHub":true,"delToProj":false,"detail":"0x75ec5c88","invoked":false,"rejected":false,"reserved":false,"selectedTime3":"8:00","sublocations1":"0xb205f90","www":"0x2c40a709","wwwById":"0xabe7d53"}|0xef53653
15:14:25.0 (32571707)|STATEMENT_EXECUTE|[48]
15:14:25.0 (32574025)|STATEMENT_EXECUTE|[49]
15:14:25.0 (32584477)|HEAP_ALLOCATE|[49]|Bytes:4
15:14:25.0 (32629480)|VARIABLE_SCOPE_BEGIN|[49]|options|List<System.SelectOption>|true|false
15:14:25.0 (32666625)|HEAP_ALLOCATE|[EXTERNAL]|Bytes:4
15:14:25.0 (32675795)|VARIABLE_ASSIGNMENT|[49]|options|[]|0x551f5793
15:14:25.0 (32680697)|STATEMENT_EXECUTE|[50]
15:14:25.0 (32688621)|VARIABLE_SCOPE_BEGIN|[50]|i|Integer|false|false
15:14:25.0 (32694123)|HEAP_ALLOCATE|[50]|Bytes:4
15:14:25.0 (32700723)|VARIABLE_ASSIGNMENT|[50]|i|0
15:14:25.0 (32707212)|STATEMENT_EXECUTE|[50]
15:14:25.0 (32709693)|STATEMENT_EXECUTE|[51]
15:14:25.0 (32712518)|VARIABLE_SCOPE_BEGIN|[51]|j|Integer|false|false
15:14:25.0 (32715822)|HEAP_ALLOCATE|[51]|Bytes:4
15:14:25.0 (32720808)|VARIABLE_ASSIGNMENT|[51]|j|0
15:14:25.0 (32724318)|STATEMENT_EXECUTE|[51]
15:14:25.0 (32727247)|STATEMENT_EXECUTE|[52]
15:14:25.0 (32729201)|STATEMENT_EXECUTE|[53]
15:14:25.0 (32795919)|HEAP_ALLOCATE|[53]|Bytes:1
15:14:25.0 (32813020)|HEAP_ALLOCATE|[53]|Bytes:2
15:14:25.0 (32823603)|HEAP_ALLOCATE|[53]|Bytes:1
15:14:25.0 (32835092)|HEAP_ALLOCATE|[53]|Bytes:4
15:14:25.0 (32840355)|HEAP_ALLOCATE|[53]|Bytes:1
15:14:25.0 (32847542)|HEAP_ALLOCATE|[53]|Bytes:1
15:14:25.0 (32852356)|HEAP_ALLOCATE|[53]|Bytes:4
15:14:25.0 (32886311)|HEAP_ALLOCATE|[EXTERNAL]|Bytes:4
15:14:25.0 (32896232)|HEAP_ALLOCATE|[51]|Bytes:4
15:14:25.0 (32904532)|VARIABLE_ASSIGNMENT|[51]|j|30
15:14:25.0 (32909096)|STATEMENT_EXECUTE|[51]
15:14:25.0 (32911597)|STATEMENT_EXECUTE|[54]
15:14:25.0 (32913201)|STATEMENT_EXECUTE|[55]
15:14:25.0 (32943703)|HEAP_ALLOCATE|[55]|Bytes:1
15:14:25.0 (32953898)|HEAP_ALLOCATE|[55]|Bytes:1
15:14:25.0 (32960163)|HEAP_ALLOCATE|[55]|Bytes:2
15:14:25.0 (32965756)|HEAP_ALLOCATE|[55]|Bytes:4
15:14:25.0 (32970397)|HEAP_ALLOCATE|[55]|Bytes:1
15:14:25.0 (32977275)|HEAP_ALLOCATE|[55]|Bytes:2
15:14:25.0 (32982016)|HEAP_ALLOCATE|[55]|Bytes:4
15:14:25.0 (32997192)|HEAP_ALLOCATE|[EXTERNAL]|Bytes:4
15:14:25.0 (33002304)|HEAP_ALLOCATE|[51]|Bytes:4
15:14:25.0 (33007906)|VARIABLE_ASSIGNMENT|[51]|j|60
15:14:25.0 (33012131)|HEAP_ALLOCATE|[50]|Bytes:4
15:14:25.0 (33014539)|VARIABLE_ASSIGNMENT|[50]|i|1
15:14:25.0 (33016569)|STATEMENT_EXECUTE|[50]
15:14:25.0 (33018081)|STATEMENT_EXECUTE|[51]
15:14:25.0 (33020013)|VARIABLE_SCOPE_BEGIN|[51]|j|Integer|false|false
15:14:25.0 (33022360)|HEAP_ALLOCATE|[51]|Bytes:4
15:14:25.0 (33024561)|VARIABLE_ASSIGNMENT|[51]|j|0
15:14:25.0 (33026028)|STATEMENT_EXECUTE|[51]
15:14:25.0 (33027362)|STATEMENT_EXECUTE|[52]
15:14:25.0 (33028320)|STATEMENT_EXECUTE|[53]
15:14:25.0 (33035681)|HEAP_ALLOCATE|[53]|Bytes:1
15:14:25.0 (33043165)|HEAP_ALLOCATE|[53]|Bytes:1
15:14:25.0 (33048031)|HEAP_ALLOCATE|[53]|Bytes:4
15:14:25.0 (33052563)|HEAP_ALLOCATE|[53]|Bytes:1
15:14:25.0 (33059192)|HEAP_ALLOCATE|[53]|Bytes:1
15:14:25.0 (33063697)|HEAP_ALLOCATE|[53]|Bytes:4
15:14:25.0 (33069549)|HEAP_ALLOCATE|[EXTERNAL]|Bytes:4
15:14:25.0 (33073252)|HEAP_ALLOCATE|[51]|Bytes:4
15:14:25.0 (33076246)|VARIABLE_ASSIGNMENT|[51]|j|30
15:14:25.0 (33078102)|STATEMENT_EXECUTE|[51]
15:14:25.0 (33079529)|STATEMENT_EXECUTE|[54]
15:14:25.0 (33080430)|STATEMENT_EXECUTE|[55]
15:14:25.0 (33085894)|HEAP_ALLOCATE|[55]|Bytes:1
15:14:25.0 (33093265)|HEAP_ALLOCATE|[55]|Bytes:2
15:14:25.0 (33097931)|HEAP_ALLOCATE|[55]|Bytes:4
15:14:25.0 (33102291)|HEAP_ALLOCATE|[55]|Bytes:1
15:14:25.0 (33109059)|HEAP_ALLOCATE|[55]|Bytes:2
15:14:25.0 (33118097)|HEAP_ALLOCATE|[55]|Bytes:4
15:14:25.0 (33123196)|HEAP_ALLOCATE|[EXTERNAL]|Bytes:4
15:14:25.0 (33126490)|HEAP_ALLOCATE|[51]|Bytes:4
15:14:25.0 (33129184)|VARIABLE_ASSIGNMENT|[51]|j|60
15:14:25.0 (33131169)|HEAP_ALLOCATE|[50]|Bytes:4
15:14:25.0 (33133390)|VARIABLE_ASSIGNMENT|[50]|i|2
15:14:25.0 (33134933)|STATEMENT_EXECUTE|[50]
15:14:25.0 (33136154)|STATEMENT_EXECUTE|[51]
15:14:25.0 (33137849)|VARIABLE_SCOPE_BEGIN|[51]|j|Integer|false|false
15:14:25.0 (33139334)|HEAP_ALLOCATE|[51]|Bytes:4
15:14:25.0 (33141561)|VARIABLE_ASSIGNMENT|[51]|j|0
15:14:25.0 (33143064)|STATEMENT_EXECUTE|[51]
15:14:25.0 (33144340)|STATEMENT_EXECUTE|[52]
15:14:25.0 (33145316)|STATEMENT_EXECUTE|[53]
15:14:25.0 (33150830)|HEAP_ALLOCATE|[53]|Bytes:1
15:14:25.0 (33158091)|HEAP_ALLOCATE|[53]|Bytes:1
15:14:25.0 (33162716)|HEAP_ALLOCATE|[53]|Bytes:4
15:14:25.0 (33167093)|HEAP_ALLOCATE|[53]|Bytes:1
15:14:25.0 (33173717)|HEAP_ALLOCATE|[53]|Bytes:1
15:14:25.0 (33178146)|HEAP_ALLOCATE|[53]|Bytes:4
15:14:25.0 (33189848)|HEAP_ALLOCATE|[EXTERNAL]|Bytes:4
15:14:25.0 (33197079)|HEAP_ALLOCATE|[51]|Bytes:4
15:14:25.0 (33202251)|VARIABLE_ASSIGNMENT|[51]|j|30
15:14:25.0 (33205532)|STATEMENT_EXECUTE|[51]
15:14:25.0 (33207672)|STATEMENT_EXECUTE|[54]
15:14:25.0 (33209115)|STATEMENT_EXECUTE|[55]
15:14:25.0 (33221791)|HEAP_ALLOCATE|[55]|Bytes:1
15:14:25.0 (33235586)|HEAP_ALLOCATE|[55]|Bytes:2
15:14:25.0 (33241894)|HEAP_ALLOCATE|[55]|Bytes:4
15:14:25.0 (33246493)|HEAP_ALLOCATE|[55]|Bytes:1
15:14:25.0 (33253345)|HEAP_ALLOCATE|[55]|Bytes:2
15:14:25.0 (33257841)|HEAP_ALLOCATE|[55]|Bytes:4
15:14:25.0 (33264230)|HEAP_ALLOCATE|[EXTERNAL]|Bytes:4
15:14:25.0 (33268309)|HEAP_ALLOCATE|[51]|Bytes:4
15:14:25.0 (33271753)|VARIABLE_ASSIGNMENT|[51]|j|60
15:14:25.0 (33274072)|HEAP_ALLOCATE|[50]|Bytes:4
15:14:25.0 (33276213)|VARIABLE_ASSIGNMENT|[50]|i|3
15:14:25.0 (33277878)|STATEMENT_EXECUTE|[50]
15:14:25.0 (33279218)|STATEMENT_EXECUTE|[51]
15:14:25.0 (33280935)|VARIABLE_SCOPE_BEGIN|[51]|j|Integer|false|false
15:14:25.0 (33282869)|HEAP_ALLOCATE|[51]|Bytes:4
15:14:25.0 (33285041)|VARIABLE_ASSIGNMENT|[51]|j|0
15:14:25.0 (33286385)|STATEMENT_EXECUTE|[51]
15:14:25.0 (33287650)|STATEMENT_EXECUTE|[52]
15:14:25.0 (33288615)|STATEMENT_EXECUTE|[53]
15:14:25.0 (33294597)|HEAP_ALLOCATE|[53]|Bytes:1
15:14:25.0 (33301760)|HEAP_ALLOCATE|[53]|Bytes:1
15:14:25.0 (33306397)|HEAP_ALLOCATE|[53]|Bytes:4
15:14:25.0 (33312917)|HEAP_ALLOCATE|[53]|Bytes:1
15:14:25.0 (33324993)|HEAP_ALLOCATE|[53]|Bytes:1
15:14:25.0 (33333919)|HEAP_ALLOCATE|[53]|Bytes:4
15:14:25.0 (33343128)|HEAP_ALLOCATE|[EXTERNAL]|Bytes:4
15:14:25.0 (33349264)|HEAP_ALLOCATE|[51]|Bytes:4
15:14:25.0 (33355083)|VARIABLE_ASSIGNMENT|[51]|j|30
15:14:25.0 (33358128)|STATEMENT_EXECUTE|[51]
15:14:25.0 (33360334)|STATEMENT_EXECUTE|[54]
15:14:25.0 (33361820)|STATEMENT_EXECUTE|[55]
15:14:25.0 (33372989)|HEAP_ALLOCATE|[55]|Bytes:1
15:14:25.0 (33381184)|HEAP_ALLOCATE|[55]|Bytes:2
15:14:25.0 (33386088)|HEAP_ALLOCATE|[55]|Bytes:4
15:14:25.0 (33390536)|HEAP_ALLOCATE|[55]|Bytes:1
15:14:25.0 (33397261)|HEAP_ALLOCATE|[55]|Bytes:2
15:14:25.0 (33401762)|HEAP_ALLOCATE|[55]|Bytes:4
15:14:25.0 (33407266)|HEAP_ALLOCATE|[EXTERNAL]|Bytes:4
15:14:25.0 (33410739)|HEAP_ALLOCATE|[51]|Bytes:4
15:14:25.0 (33428372)|VARIABLE_ASSIGNMENT|[51]|j|60
15:14:25.0 (33431230)|HEAP_ALLOCATE|[50]|Bytes:4
15:14:25.0 (33433921)|VARIABLE_ASSIGNMENT|[50]|i|4
15:14:25.0 (33435623)|STATEMENT_EXECUTE|[50]
15:14:25.0 (33436966)|STATEMENT_EXECUTE|[51]
15:14:25.0 (33438772)|VARIABLE_SCOPE_BEGIN|[51]|j|Integer|false|false
15:14:25.0 (33440792)|HEAP_ALLOCATE|[51]|Bytes:4
15:14:25.0 (33443263)|VARIABLE_ASSIGNMENT|[51]|j|0
15:14:25.0 (33444787)|STATEMENT_EXECUTE|[51]
15:14:25.0 (33445974)|STATEMENT_EXECUTE|[52]
15:14:25.0 (33446912)|STATEMENT_EXECUTE|[53]
15:14:25.0 (33454457)|HEAP_ALLOCATE|[53]|Bytes:1
15:14:25.0 (33462094)|HEAP_ALLOCATE|[53]|Bytes:1
15:14:25.0 (33466963)|HEAP_ALLOCATE|[53]|Bytes:4
15:14:25.0 (33471458)|HEAP_ALLOCATE|[53]|Bytes:1
15:14:25.0 (33478152)|HEAP_ALLOCATE|[53]|Bytes:1
15:14:25.0 (33482598)|HEAP_ALLOCATE|[53]|Bytes:4
15:14:25.0 (33487924)|HEAP_ALLOCATE|[EXTERNAL]|Bytes:4
15:14:25.0 (33491393)|HEAP_ALLOCATE|[51]|Bytes:4
15:14:25.0 (33494052)|VARIABLE_ASSIGNMENT|[51]|j|30
15:14:25.0 (33495677)|STATEMENT_EXECUTE|[51]
15:14:25.0 (33496892)|STATEMENT_EXECUTE|[54]
15:14:25.0 (33497830)|STATEMENT_EXECUTE|[55]
15:14:25.0 (33502942)|HEAP_ALLOCATE|[55]|Bytes:1
15:14:25.0 (33512092)|HEAP_ALLOCATE|[55]|Bytes:2
15:14:25.0 (33517242)|HEAP_ALLOCATE|[55]|Bytes:4
15:14:25.0 (33521860)|HEAP_ALLOCATE|[55]|Bytes:1
15:14:25.0 (33531765)|HEAP_ALLOCATE|[55]|Bytes:2
15:14:25.0 (33540402)|HEAP_ALLOCATE|[55]|Bytes:4
15:14:25.0 (33549898)|HEAP_ALLOCATE|[EXTERNAL]|Bytes:4
15:14:25.0 (33556172)|HEAP_ALLOCATE|[51]|Bytes:4
15:14:25.0 (33562251)|VARIABLE_ASSIGNMENT|[51]|j|60
15:14:25.0 (33566073)|HEAP_ALLOCATE|[50]|Bytes:4
15:14:25.0 (33569655)|VARIABLE_ASSIGNMENT|[50]|i|5
15:14:25.0 (33572518)|STATEMENT_EXECUTE|[50]
15:14:25.0 (33574695)|STATEMENT_EXECUTE|[51]
15:14:25.0 (33577526)|VARIABLE_SCOPE_BEGIN|[51]|j|Integer|false|false
15:14:25.0 (33580355)|HEAP_ALLOCATE|[51]|Bytes:4
15:14:25.0 (33584006)|VARIABLE_ASSIGNMENT|[51]|j|0
15:14:25.0 (33586373)|STATEMENT_EXECUTE|[51]
15:14:25.0 (33588300)|STATEMENT_EXECUTE|[52]
15:14:25.0 (33589706)|STATEMENT_EXECUTE|[53]
15:14:25.0 (33604256)|HEAP_ALLOCATE|[53]|Bytes:1
15:14:25.0 (33642157)|HEAP_ALLOCATE|[53]|Bytes:1
15:14:25.0 (33653095)|HEAP_ALLOCATE|[53]|Bytes:4
15:14:25.0 (33662095)|HEAP_ALLOCATE|[53]|Bytes:1
15:14:25.0 (33670658)|HEAP_ALLOCATE|[53]|Bytes:1
15:14:25.0 (33675392)|HEAP_ALLOCATE|[53]|Bytes:4
15:14:25.0 (33683427)|HEAP_ALLOCATE|[EXTERNAL]|Bytes:4
15:14:25.0 (33688250)|HEAP_ALLOCATE|[51]|Bytes:4
15:14:25.0 (33693218)|VARIABLE_ASSIGNMENT|[51]|j|30
15:14:25.0 (33695756)|STATEMENT_EXECUTE|[51]
15:14:25.0 (33697843)|STATEMENT_EXECUTE|[54]
15:14:25.0 (33699210)|STATEMENT_EXECUTE|[55]
15:14:25.0 (33710393)|HEAP_ALLOCATE|[55]|Bytes:1
15:14:25.0 (33723816)|HEAP_ALLOCATE|[55]|Bytes:2
15:14:25.0 (33732857)|HEAP_ALLOCATE|[55]|Bytes:4
15:14:25.0 (33741203)|HEAP_ALLOCATE|[55]|Bytes:1
15:14:25.0 (33753182)|HEAP_ALLOCATE|[55]|Bytes:2
15:14:25.0 (33761823)|HEAP_ALLOCATE|[55]|Bytes:4
15:14:25.0 (33773049)|HEAP_ALLOCATE|[EXTERNAL]|Bytes:4
15:14:25.0 (33779845)|HEAP_ALLOCATE|[51]|Bytes:4
15:14:25.0 (33786485)|VARIABLE_ASSIGNMENT|[51]|j|60
15:14:25.0 (33790449)|HEAP_ALLOCATE|[50]|Bytes:4
15:14:25.0 (33793975)|VARIABLE_ASSIGNMENT|[50]|i|6
15:14:25.0 (33796783)|STATEMENT_EXECUTE|[50]
15:14:25.0 (33798990)|STATEMENT_EXECUTE|[51]
15:14:25.0 (33801849)|VARIABLE_SCOPE_BEGIN|[51]|j|Integer|false|false
15:14:25.0 (33805296)|HEAP_ALLOCATE|[51]|Bytes:4
15:14:25.0 (33809094)|VARIABLE_ASSIGNMENT|[51]|j|0
15:14:25.0 (33811524)|STATEMENT_EXECUTE|[51]
15:14:25.0 (33813986)|STATEMENT_EXECUTE|[52]
15:14:25.0 (33815528)|STATEMENT_EXECUTE|[53]
15:14:25.0 (33826096)|HEAP_ALLOCATE|[53]|Bytes:1
15:14:25.0 (33834400)|HEAP_ALLOCATE|[53]|Bytes:1
15:14:25.0 (33839504)|HEAP_ALLOCATE|[53]|Bytes:4
15:14:25.0 (33844017)|HEAP_ALLOCATE|[53]|Bytes:1
15:14:25.0 (33850707)|HEAP_ALLOCATE|[53]|Bytes:1
15:14:25.0 (33855139)|HEAP_ALLOCATE|[53]|Bytes:4
15:14:25.0 (33861621)|HEAP_ALLOCATE|[EXTERNAL]|Bytes:4
15:14:25.0 (33865321)|HEAP_ALLOCATE|[51]|Bytes:4
15:14:25.0 (33869370)|VARIABLE_ASSIGNMENT|[51]|j|30
15:14:25.0 (33872247)|STATEMENT_EXECUTE|[51]
15:14:25.0 (33874206)|STATEMENT_EXECUTE|[54]
15:14:25.0 (33875613)|STATEMENT_EXECUTE|[55]
15:14:25.0 (33886080)|HEAP_ALLOCATE|[55]|Bytes:1
15:14:25.0 (33899262)|HEAP_ALLOCATE|[55]|Bytes:2
15:14:25.0 (33908145)|HEAP_ALLOCATE|[55]|Bytes:4
15:14:25.0 (33915735)|HEAP_ALLOCATE|[55]|Bytes:1
15:14:25.0 (33922964)|HEAP_ALLOCATE|[55]|Bytes:2
15:14:25.0 (33927606)|HEAP_ALLOCATE|[55]|Bytes:4
15:14:25.0 (33933384)|HEAP_ALLOCATE|[EXTERNAL]|Bytes:4
15:14:25.0 (33937557)|HEAP_ALLOCATE|[51]|Bytes:4
15:14:25.0 (33941172)|VARIABLE_ASSIGNMENT|[51]|j|60
15:14:25.0 (33943354)|HEAP_ALLOCATE|[50]|Bytes:4
15:14:25.0 (33945775)|VARIABLE_ASSIGNMENT|[50]|i|7
15:14:25.0 (33947574)|STATEMENT_EXECUTE|[50]
15:14:25.0 (33948958)|STATEMENT_EXECUTE|[51]
15:14:25.0 (33950740)|VARIABLE_SCOPE_BEGIN|[51]|j|Integer|false|false
15:14:25.0 (33953044)|HEAP_ALLOCATE|[51]|Bytes:4
15:14:25.0 (33956185)|VARIABLE_ASSIGNMENT|[51]|j|0
15:14:25.0 (33958254)|STATEMENT_EXECUTE|[51]
15:14:25.0 (33960042)|STATEMENT_EXECUTE|[52]
15:14:25.0 (33961357)|STATEMENT_EXECUTE|[53]
15:14:25.0 (33970755)|HEAP_ALLOCATE|[53]|Bytes:1
15:14:25.0 (33978318)|HEAP_ALLOCATE|[53]|Bytes:1
15:14:25.0 (33983009)|HEAP_ALLOCATE|[53]|Bytes:4
15:14:25.0 (33987713)|HEAP_ALLOCATE|[53]|Bytes:1
15:14:25.0 (33994354)|HEAP_ALLOCATE|[53]|Bytes:1
15:14:25.0 (33998814)|HEAP_ALLOCATE|[53]|Bytes:4
15:14:25.0 (34006446)|HEAP_ALLOCATE|[EXTERNAL]|Bytes:4
15:14:25.0 (34013437)|HEAP_ALLOCATE|[51]|Bytes:4
15:14:25.0 (34018996)|VARIABLE_ASSIGNMENT|[51]|j|30
15:14:25.0 (34022003)|STATEMENT_EXECUTE|[51]
15:14:25.0 (34024102)|STATEMENT_EXECUTE|[54]
15:14:25.0 (34025511)|STATEMENT_EXECUTE|[55]
15:14:25.0 (34035851)|HEAP_ALLOCATE|[55]|Bytes:1
15:14:25.0 (34048015)|HEAP_ALLOCATE|[55]|Bytes:2
15:14:25.0 (34056756)|HEAP_ALLOCATE|[55]|Bytes:4
15:14:25.0 (34064715)|HEAP_ALLOCATE|[55]|Bytes:1
15:14:25.0 (34076542)|HEAP_ALLOCATE|[55]|Bytes:2
15:14:25.0 (34084602)|HEAP_ALLOCATE|[55]|Bytes:4
15:14:25.0 (34095610)|HEAP_ALLOCATE|[EXTERNAL]|Bytes:4
15:14:25.0 (34102823)|HEAP_ALLOCATE|[51]|Bytes:4
15:14:25.0 (34108830)|VARIABLE_ASSIGNMENT|[51]|j|60
15:14:25.0 (34118601)|HEAP_ALLOCATE|[50]|Bytes:4
15:14:25.0 (34122758)|VARIABLE_ASSIGNMENT|[50]|i|8
15:14:25.0 (34125645)|STATEMENT_EXECUTE|[50]
15:14:25.0 (34127899)|STATEMENT_EXECUTE|[51]
15:14:25.0 (34130790)|VARIABLE_SCOPE_BEGIN|[51]|j|Integer|false|false
15:14:25.0 (34134099)|HEAP_ALLOCATE|[51]|Bytes:4
15:14:25.0 (34138031)|VARIABLE_ASSIGNMENT|[51]|j|0
15:14:25.0 (34140395)|STATEMENT_EXECUTE|[51]
15:14:25.0 (34142978)|STATEMENT_EXECUTE|[52]
15:14:25.0 (34144445)|STATEMENT_EXECUTE|[53]
15:14:25.0 (34157062)|HEAP_ALLOCATE|[53]|Bytes:1
15:14:25.0 (34165605)|HEAP_ALLOCATE|[53]|Bytes:1
15:14:25.0 (34170636)|HEAP_ALLOCATE|[53]|Bytes:4
15:14:25.0 (34175131)|HEAP_ALLOCATE|[53]|Bytes:1
15:14:25.0 (34181774)|HEAP_ALLOCATE|[53]|Bytes:1
15:14:25.0 (34186216)|HEAP_ALLOCATE|[53]|Bytes:4
15:14:25.0 (34192439)|HEAP_ALLOCATE|[EXTERNAL]|Bytes:4
15:14:25.0 (34197490)|HEAP_ALLOCATE|[51]|Bytes:4
15:14:25.0 (34201694)|VARIABLE_ASSIGNMENT|[51]|j|30
15:14:25.0 (34203657)|STATEMENT_EXECUTE|[51]
15:14:25.0 (34204906)|STATEMENT_EXECUTE|[54]
15:14:25.0 (34205848)|STATEMENT_EXECUTE|[55]
15:14:25.0 (34211947)|HEAP_ALLOCATE|[55]|Bytes:1
15:14:25.0 (34219227)|HEAP_ALLOCATE|[55]|Bytes:2
15:14:25.0 (34223933)|HEAP_ALLOCATE|[55]|Bytes:4
15:14:25.0 (34228373)|HEAP_ALLOCATE|[55]|Bytes:1
15:14:25.0 (34235088)|HEAP_ALLOCATE|[55]|Bytes:2
15:14:25.0 (34254203)|HEAP_ALLOCATE|[55]|Bytes:4
15:14:25.0 (34262492)|HEAP_ALLOCATE|[EXTERNAL]|Bytes:4
15:14:25.0 (34266486)|HEAP_ALLOCATE|[51]|Bytes:4
15:14:25.0 (34269490)|VARIABLE_ASSIGNMENT|[51]|j|60
15:14:25.0 (34271652)|HEAP_ALLOCATE|[50]|Bytes:4
15:14:25.0 (34274837)|VARIABLE_ASSIGNMENT|[50]|i|9
15:14:25.0 (34277118)|STATEMENT_EXECUTE|[50]
15:14:25.0 (34280108)|STATEMENT_EXECUTE|[51]
15:14:25.0 (34281876)|VARIABLE_SCOPE_BEGIN|[51]|j|Integer|false|false
15:14:25.0 (34283817)|HEAP_ALLOCATE|[51]|Bytes:4
15:14:25.0 (34286034)|VARIABLE_ASSIGNMENT|[51]|j|0
15:14:25.0 (34287416)|STATEMENT_EXECUTE|[51]
15:14:25.0 (34288712)|STATEMENT_EXECUTE|[52]
15:14:25.0 (34289672)|STATEMENT_EXECUTE|[53]
15:14:25.0 (34296983)|HEAP_ALLOCATE|[53]|Bytes:1
15:14:25.0 (34304314)|HEAP_ALLOCATE|[53]|Bytes:1
15:14:25.0 (34309280)|HEAP_ALLOCATE|[53]|Bytes:4
15:14:25.0 (34324513)|HEAP_ALLOCATE|[53]|Bytes:1
15:14:25.0 (34332934)|HEAP_ALLOCATE|[53]|Bytes:1
15:14:25.0 (34337550)|HEAP_ALLOCATE|[53]|Bytes:4
15:14:25.0 (34342630)|HEAP_ALLOCATE|[EXTERNAL]|Bytes:4
15:14:25.0 (34346215)|HEAP_ALLOCATE|[51]|Bytes:4
15:14:25.0 (34349213)|VARIABLE_ASSIGNMENT|[51]|j|30
15:14:25.0 (34351160)|STATEMENT_EXECUTE|[51]
15:14:25.0 (34352543)|STATEMENT_EXECUTE|[54]
15:14:25.0 (34353503)|STATEMENT_EXECUTE|[55]
15:14:25.0 (34358989)|HEAP_ALLOCATE|[55]|Bytes:1
15:14:25.0 (34366020)|HEAP_ALLOCATE|[55]|Bytes:2
15:14:25.0 (34370799)|HEAP_ALLOCATE|[55]|Bytes:4
15:14:25.0 (34378213)|HEAP_ALLOCATE|[55]|Bytes:1
15:14:25.0 (34389916)|HEAP_ALLOCATE|[55]|Bytes:2
15:14:25.0 (34398052)|HEAP_ALLOCATE|[55]|Bytes:4
15:14:25.0 (34407426)|HEAP_ALLOCATE|[EXTERNAL]|Bytes:4
15:14:25.0 (34413517)|HEAP_ALLOCATE|[51]|Bytes:4
15:14:25.0 (34419059)|VARIABLE_ASSIGNMENT|[51]|j|60
15:14:25.0 (34422703)|HEAP_ALLOCATE|[50]|Bytes:4
15:14:25.0 (34425094)|VARIABLE_ASSIGNMENT|[50]|i|10
15:14:25.0 (34426919)|STATEMENT_EXECUTE|[50]
15:14:25.0 (34428453)|STATEMENT_EXECUTE|[51]
15:14:25.0 (34430273)|VARIABLE_SCOPE_BEGIN|[51]|j|Integer|false|false
15:14:25.0 (34432436)|HEAP_ALLOCATE|[51]|Bytes:4
15:14:25.0 (34434576)|VARIABLE_ASSIGNMENT|[51]|j|0
15:14:25.0 (34435849)|STATEMENT_EXECUTE|[51]
15:14:25.0 (34437503)|STATEMENT_EXECUTE|[52]
15:14:25.0 (34438526)|STATEMENT_EXECUTE|[53]
15:14:25.0 (34446830)|HEAP_ALLOCATE|[53]|Bytes:2
15:14:25.0 (34454365)|HEAP_ALLOCATE|[53]|Bytes:1
15:14:25.0 (34459363)|HEAP_ALLOCATE|[53]|Bytes:5
15:14:25.0 (34463951)|HEAP_ALLOCATE|[53]|Bytes:2
15:14:25.0 (34470667)|HEAP_ALLOCATE|[53]|Bytes:1
15:14:25.0 (34475167)|HEAP_ALLOCATE|[53]|Bytes:5
15:14:25.0 (34480453)|HEAP_ALLOCATE|[EXTERNAL]|Bytes:4
15:14:25.0 (34483990)|HEAP_ALLOCATE|[51]|Bytes:4
15:14:25.0 (34486556)|VARIABLE_ASSIGNMENT|[51]|j|30
15:14:25.0 (34488161)|STATEMENT_EXECUTE|[51]
15:14:25.0 (34489421)|STATEMENT_EXECUTE|[54]
15:14:25.0 (34490362)|STATEMENT_EXECUTE|[55]
15:14:25.0 (34495485)|HEAP_ALLOCATE|[55]|Bytes:2
15:14:25.0 (34518835)|HEAP_ALLOCATE|[55]|Bytes:2
15:14:25.0 (34529266)|HEAP_ALLOCATE|[55]|Bytes:5
15:14:25.0 (34536958)|HEAP_ALLOCATE|[55]|Bytes:2
15:14:25.0 (34548496)|HEAP_ALLOCATE|[55]|Bytes:2
15:14:25.0 (34557060)|HEAP_ALLOCATE|[55]|Bytes:5
15:14:25.0 (34565367)|HEAP_ALLOCATE|[EXTERNAL]|Bytes:4
15:14:25.0 (34570012)|HEAP_ALLOCATE|[51]|Bytes:4
15:14:25.0 (34574330)|VARIABLE_ASSIGNMENT|[51]|j|60
15:14:25.0 (34576823)|HEAP_ALLOCATE|[50]|Bytes:4
15:14:25.0 (34578951)|VARIABLE_ASSIGNMENT|[50]|i|11
15:14:25.0 (34580689)|STATEMENT_EXECUTE|[50]
15:14:25.0 (34582237)|STATEMENT_EXECUTE|[51]
15:14:25.0 (34583965)|VARIABLE_SCOPE_BEGIN|[51]|j|Integer|false|false
15:14:25.0 (34585947)|HEAP_ALLOCATE|[51]|Bytes:4
15:14:25.0 (34588079)|VARIABLE_ASSIGNMENT|[51]|j|0
15:14:25.0 (34589502)|STATEMENT_EXECUTE|[51]
15:14:25.0 (34590818)|STATEMENT_EXECUTE|[52]
15:14:25.0 (34591763)|STATEMENT_EXECUTE|[53]
15:14:25.0 (34598344)|HEAP_ALLOCATE|[53]|Bytes:2
15:14:25.0 (34605650)|HEAP_ALLOCATE|[53]|Bytes:1
15:14:25.0 (34610321)|HEAP_ALLOCATE|[53]|Bytes:5
15:14:25.0 (34614606)|HEAP_ALLOCATE|[53]|Bytes:2
15:14:25.0 (34621335)|HEAP_ALLOCATE|[53]|Bytes:1
15:14:25.0 (34625842)|HEAP_ALLOCATE|[53]|Bytes:5
15:14:25.0 (34630382)|HEAP_ALLOCATE|[EXTERNAL]|Bytes:4
15:14:25.0 (34633891)|HEAP_ALLOCATE|[51]|Bytes:4
15:14:25.0 (34636326)|VARIABLE_ASSIGNMENT|[51]|j|30
15:14:25.0 (34638251)|STATEMENT_EXECUTE|[51]
15:14:25.0 (34639534)|STATEMENT_EXECUTE|[54]
15:14:25.0 (34640464)|STATEMENT_EXECUTE|[55]
15:14:25.0 (34645626)|HEAP_ALLOCATE|[55]|Bytes:2
15:14:25.0 (34652761)|HEAP_ALLOCATE|[55]|Bytes:2
15:14:25.0 (34657294)|HEAP_ALLOCATE|[55]|Bytes:5
15:14:25.0 (34661604)|HEAP_ALLOCATE|[55]|Bytes:2
15:14:25.0 (34686616)|HEAP_ALLOCATE|[55]|Bytes:2
15:14:25.0 (34695488)|HEAP_ALLOCATE|[55]|Bytes:5
15:14:25.0 (34704194)|HEAP_ALLOCATE|[EXTERNAL]|Bytes:4
15:14:25.0 (34710233)|HEAP_ALLOCATE|[51]|Bytes:4
15:14:25.0 (34716110)|VARIABLE_ASSIGNMENT|[51]|j|60
15:14:25.0 (34719458)|HEAP_ALLOCATE|[50]|Bytes:4
15:14:25.0 (34722875)|VARIABLE_ASSIGNMENT|[50]|i|12
15:14:25.0 (34726020)|STATEMENT_EXECUTE|[50]
15:14:25.0 (34728141)|STATEMENT_EXECUTE|[51]
15:14:25.0 (34730825)|VARIABLE_SCOPE_BEGIN|[51]|j|Integer|false|false
15:14:25.0 (34733962)|HEAP_ALLOCATE|[51]|Bytes:4
15:14:25.0 (34738107)|VARIABLE_ASSIGNMENT|[51]|j|0
15:14:25.0 (34740497)|STATEMENT_EXECUTE|[51]
15:14:25.0 (34742624)|STATEMENT_EXECUTE|[52]
15:14:25.0 (34744024)|STATEMENT_EXECUTE|[53]
15:14:25.0 (34758196)|HEAP_ALLOCATE|[53]|Bytes:2
15:14:25.0 (34772318)|HEAP_ALLOCATE|[53]|Bytes:1
15:14:25.0 (34781840)|HEAP_ALLOCATE|[53]|Bytes:5
15:14:25.0 (34790275)|HEAP_ALLOCATE|[53]|Bytes:2
15:14:25.0 (34802200)|HEAP_ALLOCATE|[53]|Bytes:1
15:14:25.0 (34810122)|HEAP_ALLOCATE|[53]|Bytes:5
15:14:25.0 (34820479)|HEAP_ALLOCATE|[EXTERNAL]|Bytes:4
15:14:25.0 (34825086)|HEAP_ALLOCATE|[51]|Bytes:4
15:14:25.0 (34829474)|VARIABLE_ASSIGNMENT|[51]|j|30
15:14:25.0 (34831736)|STATEMENT_EXECUTE|[51]
15:14:25.0 (34833138)|STATEMENT_EXECUTE|[54]
15:14:25.0 (34834175)|STATEMENT_EXECUTE|[55]
15:14:25.0 (34842085)|HEAP_ALLOCATE|[55]|Bytes:2
15:14:25.0 (34850694)|HEAP_ALLOCATE|[55]|Bytes:2
15:14:25.0 (34855480)|HEAP_ALLOCATE|[55]|Bytes:5
15:14:25.0 (34859857)|HEAP_ALLOCATE|[55]|Bytes:2
15:14:25.0 (34866505)|HEAP_ALLOCATE|[55]|Bytes:2
15:14:25.0 (34870965)|HEAP_ALLOCATE|[55]|Bytes:5
15:14:25.0 (34875713)|HEAP_ALLOCATE|[EXTERNAL]|Bytes:4
15:14:25.0 (34879188)|HEAP_ALLOCATE|[51]|Bytes:4
15:14:25.0 (34881697)|VARIABLE_ASSIGNMENT|[51]|j|60
15:14:25.0 (34883713)|HEAP_ALLOCATE|[50]|Bytes:4
15:14:25.0 (34885810)|VARIABLE_ASSIGNMENT|[50]|i|13
15:14:25.0 (34887442)|STATEMENT_EXECUTE|[50]
15:14:25.0 (34888781)|STATEMENT_EXECUTE|[51]
15:14:25.0 (34890465)|VARIABLE_SCOPE_BEGIN|[51]|j|Integer|false|false
15:14:25.0 (34892594)|HEAP_ALLOCATE|[51]|Bytes:4
15:14:25.0 (34894720)|VARIABLE_ASSIGNMENT|[51]|j|0
15:14:25.0 (34896059)|STATEMENT_EXECUTE|[51]
15:14:25.0 (34897339)|STATEMENT_EXECUTE|[52]
15:14:25.0 (34898310)|STATEMENT_EXECUTE|[53]
15:14:25.0 (34903971)|HEAP_ALLOCATE|[53]|Bytes:2
15:14:25.0 (34911267)|HEAP_ALLOCATE|[53]|Bytes:1
15:14:25.0 (34917219)|HEAP_ALLOCATE|[53]|Bytes:5
15:14:25.0 (34924988)|HEAP_ALLOCATE|[53]|Bytes:2
15:14:25.0 (34949722)|HEAP_ALLOCATE|[53]|Bytes:1
15:14:25.0 (34959456)|HEAP_ALLOCATE|[53]|Bytes:5
15:14:25.0 (34969838)|HEAP_ALLOCATE|[EXTERNAL]|Bytes:4
15:14:25.0 (34976531)|HEAP_ALLOCATE|[51]|Bytes:4
15:14:25.0 (34983476)|VARIABLE_ASSIGNMENT|[51]|j|30
15:14:25.0 (34987075)|STATEMENT_EXECUTE|[51]
15:14:25.0 (34989244)|STATEMENT_EXECUTE|[54]
15:14:25.0 (34990618)|STATEMENT_EXECUTE|[55]
15:14:25.0 (35000524)|HEAP_ALLOCATE|[55]|Bytes:2
15:14:25.0 (35009320)|HEAP_ALLOCATE|[55]|Bytes:2
15:14:25.0 (35014184)|HEAP_ALLOCATE|[55]|Bytes:5
15:14:25.0 (35018544)|HEAP_ALLOCATE|[55]|Bytes:2
15:14:25.0 (35025170)|HEAP_ALLOCATE|[55]|Bytes:2
15:14:25.0 (35029690)|HEAP_ALLOCATE|[55]|Bytes:5
15:14:25.0 (35035116)|HEAP_ALLOCATE|[EXTERNAL]|Bytes:4
15:14:25.0 (35038545)|HEAP_ALLOCATE|[51]|Bytes:4
15:14:25.0 (35041616)|VARIABLE_ASSIGNMENT|[51]|j|60
15:14:25.0 (35043626)|HEAP_ALLOCATE|[50]|Bytes:4
15:14:25.0 (35045877)|VARIABLE_ASSIGNMENT|[50]|i|14
15:14:25.0 (35047533)|STATEMENT_EXECUTE|[50]
15:14:25.0 (35048906)|STATEMENT_EXECUTE|[51]
15:14:25.0 (35050812)|VARIABLE_SCOPE_BEGIN|[51]|j|Integer|false|false
15:14:25.0 (35052854)|HEAP_ALLOCATE|[51]|Bytes:4
15:14:25.0 (35054982)|VARIABLE_ASSIGNMENT|[51]|j|0
15:14:25.0 (35056336)|STATEMENT_EXECUTE|[51]
15:14:25.0 (35057542)|STATEMENT_EXECUTE|[52]
15:14:25.0 (35058680)|STATEMENT_EXECUTE|[53]
15:14:25.0 (35064284)|HEAP_ALLOCATE|[53]|Bytes:2
15:14:25.0 (35071221)|HEAP_ALLOCATE|[53]|Bytes:1
15:14:25.0 (35075856)|HEAP_ALLOCATE|[53]|Bytes:5
15:14:25.0 (35080202)|HEAP_ALLOCATE|[53]|Bytes:2
15:14:25.0 (35090481)|HEAP_ALLOCATE|[53]|Bytes:1
15:14:25.0 (35098685)|HEAP_ALLOCATE|[53]|Bytes:5
15:14:25.0 (35107782)|HEAP_ALLOCATE|[EXTERNAL]|Bytes:4
15:14:25.0 (35119542)|HEAP_ALLOCATE|[51]|Bytes:4
15:14:25.0 (35125667)|VARIABLE_ASSIGNMENT|[51]|j|30
15:14:25.0 (35128928)|STATEMENT_EXECUTE|[51]
15:14:25.0 (35131133)|STATEMENT_EXECUTE|[54]
15:14:25.0 (35132435)|STATEMENT_EXECUTE|[55]
15:14:25.0 (35146391)|HEAP_ALLOCATE|[55]|Bytes:2
15:14:25.0 (35159636)|HEAP_ALLOCATE|[55]|Bytes:2
15:14:25.0 (35168578)|HEAP_ALLOCATE|[55]|Bytes:5
15:14:25.0 (35176160)|HEAP_ALLOCATE|[55]|Bytes:2
15:14:25.0 (35183290)|HEAP_ALLOCATE|[55]|Bytes:2
15:14:25.0 (35187871)|HEAP_ALLOCATE|[55]|Bytes:5
15:14:25.0 (35196337)|HEAP_ALLOCATE|[EXTERNAL]|Bytes:4
15:14:25.0 (35201227)|HEAP_ALLOCATE|[51]|Bytes:4
15:14:25.0 (35205608)|VARIABLE_ASSIGNMENT|[51]|j|60
15:14:25.0 (35208084)|HEAP_ALLOCATE|[50]|Bytes:4
15:14:25.0 (35210272)|VARIABLE_ASSIGNMENT|[50]|i|15
15:14:25.0 (35212098)|STATEMENT_EXECUTE|[50]
15:14:25.0 (35213525)|STATEMENT_EXECUTE|[51]
15:14:25.0 (35215243)|VARIABLE_SCOPE_BEGIN|[51]|j|Integer|false|false
15:14:25.0 (35217216)|HEAP_ALLOCATE|[51]|Bytes:4
15:14:25.0 (35219293)|VARIABLE_ASSIGNMENT|[51]|j|0
15:14:25.0 (35220669)|STATEMENT_EXECUTE|[51]
15:14:25.0 (35221855)|STATEMENT_EXECUTE|[52]
15:14:25.0 (35222792)|STATEMENT_EXECUTE|[53]
15:14:25.0 (35229283)|HEAP_ALLOCATE|[53]|Bytes:2
15:14:25.0 (35236518)|HEAP_ALLOCATE|[53]|Bytes:1
15:14:25.0 (35241192)|HEAP_ALLOCATE|[53]|Bytes:5
15:14:25.0 (35245606)|HEAP_ALLOCATE|[53]|Bytes:2
15:14:25.0 (35252397)|HEAP_ALLOCATE|[53]|Bytes:1
15:14:25.0 (35256929)|HEAP_ALLOCATE|[53]|Bytes:5
15:14:25.0 (35262075)|HEAP_ALLOCATE|[EXTERNAL]|Bytes:4
15:14:25.0 (35267318)|HEAP_ALLOCATE|[51]|Bytes:4
15:14:25.0 (35272084)|VARIABLE_ASSIGNMENT|[51]|j|30
15:14:25.0 (35275230)|STATEMENT_EXECUTE|[51]
15:14:25.0 (35277239)|STATEMENT_EXECUTE|[54]
15:14:25.0 (35278615)|STATEMENT_EXECUTE|[55]
15:14:25.0 (35291099)|HEAP_ALLOCATE|[55]|Bytes:2
15:14:25.0 (35303514)|HEAP_ALLOCATE|[55]|Bytes:2
15:14:25.0 (35312474)|HEAP_ALLOCATE|[55]|Bytes:5
15:14:25.0 (35320406)|HEAP_ALLOCATE|[55]|Bytes:2
15:14:25.0 (35330413)|HEAP_ALLOCATE|[55]|Bytes:2
15:14:25.0 (35335122)|HEAP_ALLOCATE|[55]|Bytes:5
15:14:25.0 (35341812)|HEAP_ALLOCATE|[EXTERNAL]|Bytes:4
15:14:25.0 (35345757)|HEAP_ALLOCATE|[51]|Bytes:4
15:14:25.0 (35349479)|VARIABLE_ASSIGNMENT|[51]|j|60
15:14:25.0 (35351805)|HEAP_ALLOCATE|[50]|Bytes:4
15:14:25.0 (35354061)|VARIABLE_ASSIGNMENT|[50]|i|16
15:14:25.0 (35355786)|STATEMENT_EXECUTE|[50]
15:14:25.0 (35357245)|STATEMENT_EXECUTE|[51]
15:14:25.0 (35358995)|VARIABLE_SCOPE_BEGIN|[51]|j|Integer|false|false
15:14:25.0 (35361000)|HEAP_ALLOCATE|[51]|Bytes:4
15:14:25.0 (35363156)|VARIABLE_ASSIGNMENT|[51]|j|0
15:14:25.0 (35364541)|STATEMENT_EXECUTE|[51]
15:14:25.0 (35365863)|STATEMENT_EXECUTE|[52]
15:14:25.0 (35367063)|STATEMENT_EXECUTE|[53]
15:14:25.0 (35373454)|HEAP_ALLOCATE|[53]|Bytes:2
15:14:25.0 (35380624)|HEAP_ALLOCATE|[53]|Bytes:1
15:14:25.0 (35385203)|HEAP_ALLOCATE|[53]|Bytes:5
15:14:25.0 (35389544)|HEAP_ALLOCATE|[53]|Bytes:2
15:14:25.0 (35396221)|HEAP_ALLOCATE|[53]|Bytes:1
15:14:25.0 (35400667)|HEAP_ALLOCATE|[53]|Bytes:5
15:14:25.0 (35405079)|HEAP_ALLOCATE|[EXTERNAL]|Bytes:4
15:14:25.0 (35408344)|HEAP_ALLOCATE|[51]|Bytes:4
15:14:25.0 (35410927)|VARIABLE_ASSIGNMENT|[51]|j|30
15:14:25.0 (35412493)|STATEMENT_EXECUTE|[51]
15:14:25.0 (35413716)|STATEMENT_EXECUTE|[54]
15:14:25.0 (35414729)|STATEMENT_EXECUTE|[55]
15:14:25.0 (35419997)|HEAP_ALLOCATE|[55]|Bytes:2
15:14:25.0 (35427007)|HEAP_ALLOCATE|[55]|Bytes:2
15:14:25.0 (35431560)|HEAP_ALLOCATE|[55]|Bytes:5
15:14:25.0 (35436008)|HEAP_ALLOCATE|[55]|Bytes:2
15:14:25.0 (35442673)|HEAP_ALLOCATE|[55]|Bytes:2
15:14:25.0 (35447116)|HEAP_ALLOCATE|[55]|Bytes:5
15:14:25.0 (35451374)|HEAP_ALLOCATE|[EXTERNAL]|Bytes:4
15:14:25.0 (35454699)|HEAP_ALLOCATE|[51]|Bytes:4
15:14:25.0 (35457612)|VARIABLE_ASSIGNMENT|[51]|j|60
15:14:25.0 (35459334)|HEAP_ALLOCATE|[50]|Bytes:4
15:14:25.0 (35461423)|VARIABLE_ASSIGNMENT|[50]|i|17
15:14:25.0 (35462855)|STATEMENT_EXECUTE|[50]
15:14:25.0 (35464186)|STATEMENT_EXECUTE|[51]
15:14:25.0 (35465697)|VARIABLE_SCOPE_BEGIN|[51]|j|Integer|false|false
15:14:25.0 (35467196)|HEAP_ALLOCATE|[51]|Bytes:4
15:14:25.0 (35469225)|VARIABLE_ASSIGNMENT|[51]|j|0
15:14:25.0 (35470620)|STATEMENT_EXECUTE|[51]
15:14:25.0 (35471862)|STATEMENT_EXECUTE|[52]
15:14:25.0 (35472803)|STATEMENT_EXECUTE|[53]
15:14:25.0 (35478214)|HEAP_ALLOCATE|[53]|Bytes:2
15:14:25.0 (35485165)|HEAP_ALLOCATE|[53]|Bytes:1
15:14:25.0 (35489741)|HEAP_ALLOCATE|[53]|Bytes:5
15:14:25.0 (35494185)|HEAP_ALLOCATE|[53]|Bytes:2
15:14:25.0 (35500814)|HEAP_ALLOCATE|[53]|Bytes:1
15:14:25.0 (35505278)|HEAP_ALLOCATE|[53]|Bytes:5
15:14:25.0 (35509734)|HEAP_ALLOCATE|[EXTERNAL]|Bytes:4
15:14:25.0 (35513088)|HEAP_ALLOCATE|[51]|Bytes:4
15:14:25.0 (35517089)|VARIABLE_ASSIGNMENT|[51]|j|30
15:14:25.0 (35520163)|STATEMENT_EXECUTE|[51]
15:14:25.0 (35522309)|STATEMENT_EXECUTE|[54]
15:14:25.0 (35523738)|STATEMENT_EXECUTE|[55]
15:14:25.0 (35533907)|HEAP_ALLOCATE|[55]|Bytes:2
15:14:25.0 (35547471)|HEAP_ALLOCATE|[55]|Bytes:2
15:14:25.0 (35556046)|HEAP_ALLOCATE|[55]|Bytes:5
15:14:25.0 (35563825)|HEAP_ALLOCATE|[55]|Bytes:2
15:14:25.0 (35571176)|HEAP_ALLOCATE|[55]|Bytes:2
15:14:25.0 (35575780)|HEAP_ALLOCATE|[55]|Bytes:5
15:14:25.0 (35581964)|HEAP_ALLOCATE|[EXTERNAL]|Bytes:4
15:14:25.0 (35585711)|HEAP_ALLOCATE|[51]|Bytes:4
15:14:25.0 (35589382)|VARIABLE_ASSIGNMENT|[51]|j|60
15:14:25.0 (35591563)|HEAP_ALLOCATE|[50]|Bytes:4
15:14:25.0 (35593791)|VARIABLE_ASSIGNMENT|[50]|i|18
15:14:25.0 (35595420)|STATEMENT_EXECUTE|[50]
15:14:25.0 (35596891)|STATEMENT_EXECUTE|[51]
15:14:25.0 (35598610)|VARIABLE_SCOPE_BEGIN|[51]|j|Integer|false|false
15:14:25.0 (35600552)|HEAP_ALLOCATE|[51]|Bytes:4
15:14:25.0 (35602613)|VARIABLE_ASSIGNMENT|[51]|j|0
15:14:25.0 (35603956)|STATEMENT_EXECUTE|[51]
15:14:25.0 (35605179)|STATEMENT_EXECUTE|[52]
15:14:25.0 (35606411)|STATEMENT_EXECUTE|[53]
15:14:25.0 (35612679)|HEAP_ALLOCATE|[53]|Bytes:2
15:14:25.0 (35619887)|HEAP_ALLOCATE|[53]|Bytes:1
15:14:25.0 (35624416)|HEAP_ALLOCATE|[53]|Bytes:5
15:14:25.0 (35629021)|HEAP_ALLOCATE|[53]|Bytes:2
15:14:25.0 (35639124)|HEAP_ALLOCATE|[53]|Bytes:1
15:14:25.0 (35647732)|HEAP_ALLOCATE|[53]|Bytes:5
15:14:25.0 (35656924)|HEAP_ALLOCATE|[EXTERNAL]|Bytes:4
15:14:25.0 (35663209)|HEAP_ALLOCATE|[51]|Bytes:4
15:14:25.0 (35668655)|VARIABLE_ASSIGNMENT|[51]|j|30
15:14:25.0 (35671592)|STATEMENT_EXECUTE|[51]
15:14:25.0 (35673669)|STATEMENT_EXECUTE|[54]
15:14:25.0 (35675125)|STATEMENT_EXECUTE|[55]
15:14:25.0 (35687465)|HEAP_ALLOCATE|[55]|Bytes:2
15:14:25.0 (35697377)|HEAP_ALLOCATE|[55]|Bytes:2
15:14:25.0 (35702330)|HEAP_ALLOCATE|[55]|Bytes:5
15:14:25.0 (35706752)|HEAP_ALLOCATE|[55]|Bytes:2
15:14:25.0 (35713478)|HEAP_ALLOCATE|[55]|Bytes:2
15:14:25.0 (35717922)|HEAP_ALLOCATE|[55]|Bytes:5
15:14:25.0 (35723430)|HEAP_ALLOCATE|[EXTERNAL]|Bytes:4
15:14:25.0 (35727063)|HEAP_ALLOCATE|[51]|Bytes:4
15:14:25.0 (35730466)|VARIABLE_ASSIGNMENT|[51]|j|60
15:14:25.0 (35732724)|HEAP_ALLOCATE|[50]|Bytes:4
15:14:25.0 (35734904)|VARIABLE_ASSIGNMENT|[50]|i|19
15:14:25.0 (35736573)|STATEMENT_EXECUTE|[50]
15:14:25.0 (35737948)|STATEMENT_EXECUTE|[51]
15:14:25.0 (35739648)|VARIABLE_SCOPE_BEGIN|[51]|j|Integer|false|false
15:14:25.0 (35741484)|HEAP_ALLOCATE|[51]|Bytes:4
15:14:25.0 (35743666)|VARIABLE_ASSIGNMENT|[51]|j|0
15:14:25.0 (35745017)|STATEMENT_EXECUTE|[51]
15:14:25.0 (35746259)|STATEMENT_EXECUTE|[52]
15:14:25.0 (35747237)|STATEMENT_EXECUTE|[53]
15:14:25.0 (35753001)|HEAP_ALLOCATE|[53]|Bytes:2
15:14:25.0 (35760070)|HEAP_ALLOCATE|[53]|Bytes:1
15:14:25.0 (35764647)|HEAP_ALLOCATE|[53]|Bytes:5
15:14:25.0 (35769141)|HEAP_ALLOCATE|[53]|Bytes:2
15:14:25.0 (35775810)|HEAP_ALLOCATE|[53]|Bytes:1
15:14:25.0 (35780338)|HEAP_ALLOCATE|[53]|Bytes:5
15:14:25.0 (35785001)|HEAP_ALLOCATE|[EXTERNAL]|Bytes:4
15:14:25.0 (35788242)|HEAP_ALLOCATE|[51]|Bytes:4
15:14:25.0 (35790611)|VARIABLE_ASSIGNMENT|[51]|j|30
15:14:25.0 (35792387)|STATEMENT_EXECUTE|[51]
15:14:25.0 (35793698)|STATEMENT_EXECUTE|[54]
15:14:25.0 (35794655)|STATEMENT_EXECUTE|[55]
15:14:25.0 (35799743)|HEAP_ALLOCATE|[55]|Bytes:2
15:14:25.0 (35806884)|HEAP_ALLOCATE|[55]|Bytes:2
15:14:25.0 (35811449)|HEAP_ALLOCATE|[55]|Bytes:5
15:14:25.0 (35815790)|HEAP_ALLOCATE|[55]|Bytes:2
15:14:25.0 (35822485)|HEAP_ALLOCATE|[55]|Bytes:2
15:14:25.0 (35826895)|HEAP_ALLOCATE|[55]|Bytes:5
15:14:25.0 (35831161)|HEAP_ALLOCATE|[EXTERNAL]|Bytes:4
15:14:25.0 (35834983)|HEAP_ALLOCATE|[51]|Bytes:4
15:14:25.0 (35838884)|VARIABLE_ASSIGNMENT|[51]|j|60
15:14:25.0 (35841907)|HEAP_ALLOCATE|[50]|Bytes:4
15:14:25.0 (35845423)|VARIABLE_ASSIGNMENT|[50]|i|20
15:14:25.0 (35847883)|STATEMENT_EXECUTE|[50]
15:14:25.0 (35849763)|STATEMENT_EXECUTE|[51]
15:14:25.0 (35852346)|VARIABLE_SCOPE_BEGIN|[51]|j|Integer|false|false
15:14:25.0 (35854894)|HEAP_ALLOCATE|[51]|Bytes:4
15:14:25.0 (35858486)|VARIABLE_ASSIGNMENT|[51]|j|0
15:14:25.0 (35860728)|STATEMENT_EXECUTE|[51]
15:14:25.0 (35862648)|STATEMENT_EXECUTE|[52]
15:14:25.0 (35864624)|STATEMENT_EXECUTE|[53]
15:14:25.0 (35878878)|HEAP_ALLOCATE|[53]|Bytes:2
15:14:25.0 (35893145)|HEAP_ALLOCATE|[53]|Bytes:1
15:14:25.0 (35902134)|HEAP_ALLOCATE|[53]|Bytes:5
15:14:25.0 (35910332)|HEAP_ALLOCATE|[53]|Bytes:2
15:14:25.0 (35922081)|HEAP_ALLOCATE|[53]|Bytes:1
15:14:25.0 (35928315)|HEAP_ALLOCATE|[53]|Bytes:5
15:14:25.0 (35935979)|HEAP_ALLOCATE|[EXTERNAL]|Bytes:4
15:14:25.0 (35940169)|HEAP_ALLOCATE|[51]|Bytes:4
15:14:25.0 (35944219)|VARIABLE_ASSIGNMENT|[51]|j|30
15:14:25.0 (35946300)|STATEMENT_EXECUTE|[51]
15:14:25.0 (35947694)|STATEMENT_EXECUTE|[54]
15:14:25.0 (35948633)|STATEMENT_EXECUTE|[55]
15:14:25.0 (35956513)|HEAP_ALLOCATE|[55]|Bytes:2
15:14:25.0 (35964130)|HEAP_ALLOCATE|[55]|Bytes:2
15:14:25.0 (35968826)|HEAP_ALLOCATE|[55]|Bytes:5
15:14:25.0 (35973168)|HEAP_ALLOCATE|[55]|Bytes:2
15:14:25.0 (35979911)|HEAP_ALLOCATE|[55]|Bytes:2
15:14:25.0 (35984341)|HEAP_ALLOCATE|[55]|Bytes:5
15:14:25.0 (35988985)|HEAP_ALLOCATE|[EXTERNAL]|Bytes:4
15:14:25.0 (35992301)|HEAP_ALLOCATE|[51]|Bytes:4
15:14:25.0 (35995062)|VARIABLE_ASSIGNMENT|[51]|j|60
15:14:25.0 (35997166)|HEAP_ALLOCATE|[50]|Bytes:4
15:14:25.0 (35999372)|VARIABLE_ASSIGNMENT|[50]|i|21
15:14:25.0 (36000879)|STATEMENT_EXECUTE|[50]
15:14:25.0 (36002876)|STATEMENT_EXECUTE|[51]
15:14:25.0 (36004538)|VARIABLE_SCOPE_BEGIN|[51]|j|Integer|false|false
15:14:25.0 (36006320)|HEAP_ALLOCATE|[51]|Bytes:4
15:14:25.0 (36008448)|VARIABLE_ASSIGNMENT|[51]|j|0
15:14:25.0 (36009808)|STATEMENT_EXECUTE|[51]
15:14:25.0 (36010983)|STATEMENT_EXECUTE|[52]
15:14:25.0 (36011951)|STATEMENT_EXECUTE|[53]
15:14:25.0 (36017453)|HEAP_ALLOCATE|[53]|Bytes:2
15:14:25.0 (36024600)|HEAP_ALLOCATE|[53]|Bytes:1
15:14:25.0 (36029472)|HEAP_ALLOCATE|[53]|Bytes:5
15:14:25.0 (36033894)|HEAP_ALLOCATE|[53]|Bytes:2
15:14:25.0 (36044352)|HEAP_ALLOCATE|[53]|Bytes:1
15:14:25.0 (36052212)|HEAP_ALLOCATE|[53]|Bytes:5
15:14:25.0 (36061607)|HEAP_ALLOCATE|[EXTERNAL]|Bytes:4
15:14:25.0 (36067558)|HEAP_ALLOCATE|[51]|Bytes:4
15:14:25.0 (36073297)|VARIABLE_ASSIGNMENT|[51]|j|30
15:14:25.0 (36076464)|STATEMENT_EXECUTE|[51]
15:14:25.0 (36079001)|STATEMENT_EXECUTE|[54]
15:14:25.0 (36080552)|STATEMENT_EXECUTE|[55]
15:14:25.0 (36092819)|HEAP_ALLOCATE|[55]|Bytes:2
15:14:25.0 (36106500)|HEAP_ALLOCATE|[55]|Bytes:2
15:14:25.0 (36120680)|HEAP_ALLOCATE|[55]|Bytes:5
15:14:25.0 (36129464)|HEAP_ALLOCATE|[55]|Bytes:2
15:14:25.0 (36141727)|HEAP_ALLOCATE|[55]|Bytes:2
15:14:25.0 (36150223)|HEAP_ALLOCATE|[55]|Bytes:5
15:14:25.0 (36160811)|HEAP_ALLOCATE|[EXTERNAL]|Bytes:4
15:14:25.0 (36166906)|HEAP_ALLOCATE|[51]|Bytes:4
15:14:25.0 (36171334)|VARIABLE_ASSIGNMENT|[51]|j|60
15:14:25.0 (36173711)|HEAP_ALLOCATE|[50]|Bytes:4
15:14:25.0 (36175885)|VARIABLE_ASSIGNMENT|[50]|i|22
15:14:25.0 (36177601)|STATEMENT_EXECUTE|[50]
15:14:25.0 (36179087)|STATEMENT_EXECUTE|[51]
15:14:25.0 (36180866)|VARIABLE_SCOPE_BEGIN|[51]|j|Integer|false|false
15:14:25.0 (36182884)|HEAP_ALLOCATE|[51]|Bytes:4
15:14:25.0 (36185168)|VARIABLE_ASSIGNMENT|[51]|j|0
15:14:25.0 (36186567)|STATEMENT_EXECUTE|[51]
15:14:25.0 (36187810)|STATEMENT_EXECUTE|[52]
15:14:25.0 (36188975)|STATEMENT_EXECUTE|[53]
15:14:25.0 (36198014)|HEAP_ALLOCATE|[53]|Bytes:2
15:14:25.0 (36208295)|HEAP_ALLOCATE|[53]|Bytes:1
15:14:25.0 (36216673)|HEAP_ALLOCATE|[53]|Bytes:5
15:14:25.0 (36224999)|HEAP_ALLOCATE|[53]|Bytes:2
15:14:25.0 (36236915)|HEAP_ALLOCATE|[53]|Bytes:1
15:14:25.0 (36245576)|HEAP_ALLOCATE|[53]|Bytes:5
15:14:25.0 (36255527)|HEAP_ALLOCATE|[EXTERNAL]|Bytes:4
15:14:25.0 (36262563)|HEAP_ALLOCATE|[51]|Bytes:4
15:14:25.0 (36268636)|VARIABLE_ASSIGNMENT|[51]|j|30
15:14:25.0 (36271859)|STATEMENT_EXECUTE|[51]
15:14:25.0 (36273981)|STATEMENT_EXECUTE|[54]
15:14:25.0 (36275454)|STATEMENT_EXECUTE|[55]
15:14:25.0 (36289010)|HEAP_ALLOCATE|[55]|Bytes:2
15:14:25.0 (36302844)|HEAP_ALLOCATE|[55]|Bytes:2
15:14:25.0 (36312416)|HEAP_ALLOCATE|[55]|Bytes:5
15:14:25.0 (36320430)|HEAP_ALLOCATE|[55]|Bytes:2
15:14:25.0 (36332095)|HEAP_ALLOCATE|[55]|Bytes:2
15:14:25.0 (36340450)|HEAP_ALLOCATE|[55]|Bytes:5
15:14:25.0 (36349728)|HEAP_ALLOCATE|[EXTERNAL]|Bytes:4
15:14:25.0 (36354188)|HEAP_ALLOCATE|[51]|Bytes:4
15:14:25.0 (36358609)|VARIABLE_ASSIGNMENT|[51]|j|60
15:14:25.0 (36361036)|HEAP_ALLOCATE|[50]|Bytes:4
15:14:25.0 (36363354)|VARIABLE_ASSIGNMENT|[50]|i|23
15:14:25.0 (36365118)|STATEMENT_EXECUTE|[50]
15:14:25.0 (36366561)|STATEMENT_EXECUTE|[51]
15:14:25.0 (36368307)|VARIABLE_SCOPE_BEGIN|[51]|j|Integer|false|false
15:14:25.0 (36370578)|HEAP_ALLOCATE|[51]|Bytes:4
15:14:25.0 (36372692)|VARIABLE_ASSIGNMENT|[51]|j|0
15:14:25.0 (36374055)|STATEMENT_EXECUTE|[51]
15:14:25.0 (36375293)|STATEMENT_EXECUTE|[52]
15:14:25.0 (36376238)|STATEMENT_EXECUTE|[53]
15:14:25.0 (36383102)|HEAP_ALLOCATE|[53]|Bytes:2
15:14:25.0 (36390328)|HEAP_ALLOCATE|[53]|Bytes:1
15:14:25.0 (36395129)|HEAP_ALLOCATE|[53]|Bytes:5
15:14:25.0 (36399497)|HEAP_ALLOCATE|[53]|Bytes:2
15:14:25.0 (36406092)|HEAP_ALLOCATE|[53]|Bytes:1
15:14:25.0 (36410456)|HEAP_ALLOCATE|[53]|Bytes:5
15:14:25.0 (36415483)|HEAP_ALLOCATE|[EXTERNAL]|Bytes:4
15:14:25.0 (36418959)|HEAP_ALLOCATE|[51]|Bytes:4
15:14:25.0 (36421470)|VARIABLE_ASSIGNMENT|[51]|j|30
15:14:25.0 (36423027)|STATEMENT_EXECUTE|[51]
15:14:25.0 (36424387)|STATEMENT_EXECUTE|[54]
15:14:25.0 (36425347)|STATEMENT_EXECUTE|[55]
15:14:25.0 (36430568)|HEAP_ALLOCATE|[55]|Bytes:2
15:14:25.0 (36437549)|HEAP_ALLOCATE|[55]|Bytes:2
15:14:25.0 (36442130)|HEAP_ALLOCATE|[55]|Bytes:5
15:14:25.0 (36446541)|HEAP_ALLOCATE|[55]|Bytes:2
15:14:25.0 (36453688)|HEAP_ALLOCATE|[55]|Bytes:2
15:14:25.0 (36461509)|HEAP_ALLOCATE|[55]|Bytes:5
15:14:25.0 (36469962)|HEAP_ALLOCATE|[EXTERNAL]|Bytes:4
15:14:25.0 (36476102)|HEAP_ALLOCATE|[51]|Bytes:4
15:14:25.0 (36481699)|VARIABLE_ASSIGNMENT|[51]|j|60
15:14:25.0 (36485036)|HEAP_ALLOCATE|[50]|Bytes:4
15:14:25.0 (36488548)|VARIABLE_ASSIGNMENT|[50]|i|24
15:14:25.0 (36491633)|STATEMENT_EXECUTE|[59]
15:14:25.51 (51915000)|SYSTEM_MODE_ENTER|true
15:14:25.51 (51974253)|HEAP_ALLOCATE|[EXTERNAL]|Bytes:8
15:14:25.51 (51982124)|VARIABLE_SCOPE_BEGIN|[88]|this|ApexPage.PageMessagesComponentController|true|false
15:14:25.51 (52009789)|VARIABLE_ASSIGNMENT|[88]|this|{}|0x4118d494
15:14:25.51 (52013289)|VARIABLE_SCOPE_BEGIN|[88]|escape|Boolean|false|false
15:14:25.51 (52016745)|VARIABLE_ASSIGNMENT|[88]|escape|null
15:14:25.52 (52102513)|SYSTEM_MODE_ENTER|true
15:14:25.52 (52126015)|HEAP_ALLOCATE|[EXTERNAL]|Bytes:8
15:14:25.52 (52130712)|VARIABLE_SCOPE_BEGIN|[2]|this|ApexPage.PageMessagesComponentController|true|false
15:14:25.52 (52145214)|VARIABLE_ASSIGNMENT|[2]|this|{}|0x4118d494
15:14:25.53 (53244136)|SYSTEM_MODE_ENTER|true
15:14:25.53 (53269533)|HEAP_ALLOCATE|[EXTERNAL]|Bytes:8
15:14:25.53 (53275072)|VARIABLE_SCOPE_BEGIN|[84]|this|ApexPage.PageMessagesComponentController|true|false
15:14:25.53 (53292514)|VARIABLE_ASSIGNMENT|[84]|this|{}|0x4118d494
15:14:25.53 (53358188)|SYSTEM_MODE_ENTER|true
15:14:25.53 (53395303)|HEAP_ALLOCATE|[EXTERNAL]|Bytes:120
15:14:25.53 (53401341)|HEAP_ALLOCATE|[EXTERNAL]|Bytes:10
15:14:25.53 (53407959)|SYSTEM_METHOD_ENTRY|[1]|pagemessagecomponentcontroller.pagemessagecomponentcontroller()
15:14:25.53 (53411063)|STATEMENT_EXECUTE|[1]
15:14:25.53 (53546783)|SYSTEM_MODE_ENTER|true
15:14:25.53 (53568800)|HEAP_ALLOCATE|[EXTERNAL]|Bytes:5
15:14:25.53 (53572447)|HEAP_ALLOCATE|[EXTERNAL]|Bytes:16
15:14:25.53 (53583702)|VARIABLE_ASSIGNMENT|[EXTERNAL]|this.conSeverity|"ERROR"|0x11521001
15:14:25.53 (53634409)|SYSTEM_MODE_ENTER|true
15:14:25.53 (53647976)|HEAP_ALLOCATE|[EXTERNAL]|Bytes:8
15:14:25.53 (53650390)|HEAP_ALLOCATE|[EXTERNAL]|Bytes:16
15:14:25.53 (53657950)|VARIABLE_ASSIGNMENT|[EXTERNAL]|this.conStrength|2|0x11521001
15:14:25.53 (53786988)|HEAP_ALLOCATE|[EXTERNAL]|Bytes:28
15:14:25.53 (53818905)|VARIABLE_ASSIGNMENT|[EXTERNAL]|this|{"messages":"0x7ee9ce66","severity":"ERROR"}|0x71570527
15:14:25.0 (53951232)|SYSTEM_MODE_ENTER|true
15:14:25.0 (53970481)|HEAP_ALLOCATE|[EXTERNAL]|Bytes:80
15:14:25.0 (54015742)|VARIABLE_ASSIGNMENT|[EXTERNAL]|this|{"delToHub":true,"delToProj":false,"detail":"0x75ec5c88","invoked":false,"rejected":false,"reserved":false,"selectedTime3":"8:00","sublocations1":"0xb205f90","www":"0x2c40a709","wwwById":"0xabe7d53"}|0xef53653
15:14:25.0 (54021910)|STATEMENT_EXECUTE|[196]
15:14:25.0 (54024710)|STATEMENT_EXECUTE|[197]
15:14:25.0 (54026353)|STATEMENT_EXECUTE|[200]
15:14:25.0 (54067075)|SYSTEM_MODE_ENTER|true
15:14:25.0 (54082083)|HEAP_ALLOCATE|[EXTERNAL]|Bytes:80
15:14:25.0 (54119702)|VARIABLE_ASSIGNMENT|[EXTERNAL]|this|{"delToHub":true,"delToProj":false,"detail":"0x75ec5c88","invoked":false,"rejected":false,"reserved":false,"selectedTime3":"8:00","sublocations1":"0xb205f90","www":"0x2c40a709","wwwById":"0xabe7d53"}|0xef53653
15:14:25.0 (54124477)|STATEMENT_EXECUTE|[229]
15:14:25.0 (54127050)|STATEMENT_EXECUTE|[230]
15:14:25.0 (54128230)|STATEMENT_EXECUTE|[233]
15:14:25.0 (54276921)|SYSTEM_MODE_ENTER|true
15:14:25.0 (54294238)|HEAP_ALLOCATE|[EXTERNAL]|Bytes:80
15:14:25.0 (54331290)|VARIABLE_ASSIGNMENT|[EXTERNAL]|this|{"delToHub":true,"delToProj":false,"detail":"0x75ec5c88","invoked":false,"rejected":false,"reserved":false,"selectedTime3":"8:00","sublocations1":"0xb205f90","www":"0x2c40a709","wwwById":"0xabe7d53"}|0xef53653
15:14:25.0 (54335655)|STATEMENT_EXECUTE|[186]
15:14:25.0 (54338012)|STATEMENT_EXECUTE|[187]
15:14:25.0 (54339628)|STATEMENT_EXECUTE|[190]
15:14:25.0 (54446911)|SYSTEM_MODE_ENTER|true
15:14:25.0 (54464205)|HEAP_ALLOCATE|[EXTERNAL]|Bytes:80
15:14:25.0 (54499592)|VARIABLE_ASSIGNMENT|[EXTERNAL]|this|{"delToHub":true,"delToProj":false,"detail":"0x75ec5c88","invoked":false,"rejected":false,"reserved":false,"selectedTime3":"8:00","sublocations1":"0xb205f90","www":"0x2c40a709","wwwById":"0xabe7d53"}|0xef53653
15:14:25.0 (54504002)|STATEMENT_EXECUTE|[204]
15:14:25.0 (54506172)|STATEMENT_EXECUTE|[205]
15:14:25.0 (54507413)|STATEMENT_EXECUTE|[208]
15:14:25.0 (54543839)|SYSTEM_MODE_ENTER|true
15:14:25.0 (54557263)|HEAP_ALLOCATE|[EXTERNAL]|Bytes:80
15:14:25.0 (54589912)|VARIABLE_ASSIGNMENT|[EXTERNAL]|this|{"delToHub":true,"delToProj":false,"detail":"0x75ec5c88","invoked":false,"rejected":false,"reserved":false,"selectedTime3":"8:00","sublocations1":"0xb205f90","www":"0x2c40a709","wwwById":"0xabe7d53"}|0xef53653
15:14:25.0 (54593574)|STATEMENT_EXECUTE|[220]
15:14:25.0 (54595752)|STATEMENT_EXECUTE|[221]
15:14:25.0 (54597226)|STATEMENT_EXECUTE|[224]
15:14:25.0 (54630349)|SYSTEM_MODE_ENTER|true
15:14:25.0 (54643539)|HEAP_ALLOCATE|[EXTERNAL]|Bytes:80
15:14:25.0 (54674908)|VARIABLE_ASSIGNMENT|[EXTERNAL]|this|{"delToHub":true,"delToProj":false,"detail":"0x75ec5c88","invoked":false,"rejected":false,"reserved":false,"selectedTime3":"8:00","sublocations1":"0xb205f90","www":"0x2c40a709","wwwById":"0xabe7d53"}|0xef53653
15:14:25.0 (54678714)|STATEMENT_EXECUTE|[212]
15:14:25.0 (54680591)|STATEMENT_EXECUTE|[213]
15:14:25.0 (54681653)|STATEMENT_EXECUTE|[216]
15:14:25.55 (55154766)|SYSTEM_MODE_ENTER|true
15:14:25.55 (55197104)|HEAP_ALLOCATE|[EXTERNAL]|Bytes:8
15:14:25.55 (55202417)|VARIABLE_SCOPE_BEGIN|[88]|this|ApexPage.PageMessagesComponentController|true|false
15:14:25.55 (55218996)|VARIABLE_ASSIGNMENT|[88]|this|{}|0x4118d494
15:14:25.55 (55221458)|VARIABLE_SCOPE_BEGIN|[88]|escape|Boolean|false|false
15:14:25.55 (55224515)|VARIABLE_ASSIGNMENT|[88]|escape|null
15:14:25.55 (55325720)|SYSTEM_MODE_ENTER|true
15:14:25.55 (55347680)|HEAP_ALLOCATE|[EXTERNAL]|Bytes:8
15:14:25.55 (55352144)|VARIABLE_SCOPE_BEGIN|[2]|this|ApexPage.PageMessagesComponentController|true|false
15:14:25.55 (55366167)|VARIABLE_ASSIGNMENT|[2]|this|{}|0x4118d494
15:14:25.56 (56008461)|SYSTEM_MODE_ENTER|true
15:14:25.56 (56033543)|HEAP_ALLOCATE|[EXTERNAL]|Bytes:8
15:14:25.56 (56038448)|VARIABLE_SCOPE_BEGIN|[84]|this|ApexPage.PageMessagesComponentController|true|false
15:14:25.56 (56055282)|VARIABLE_ASSIGNMENT|[84]|this|{}|0x4118d494
15:14:25.56 (56118453)|SYSTEM_MODE_ENTER|true
15:14:25.56 (56148249)|HEAP_ALLOCATE|[EXTERNAL]|Bytes:16
15:14:25.56 (56153272)|HEAP_ALLOCATE|[EXTERNAL]|Bytes:5
15:14:25.56 (56156257)|VARIABLE_SCOPE_BEGIN|[9]|this|ApexPage.pagemessagecomponentcontroller|true|false
15:14:25.56 (56182233)|VARIABLE_ASSIGNMENT|[9]|this|{"conSeverity":"ERROR","conStrength":2,"escape":true}|0x11521001
15:14:25.56 (56184966)|VARIABLE_SCOPE_BEGIN|[9]|escape|Boolean|false|false
15:14:25.56 (56188032)|VARIABLE_ASSIGNMENT|[9]|escape|true
15:14:25.56 (56278108)|SYSTEM_MODE_ENTER|true
15:14:25.56 (56294338)|HEAP_ALLOCATE|[EXTERNAL]|Bytes:5
15:14:25.56 (56297056)|HEAP_ALLOCATE|[EXTERNAL]|Bytes:16
15:14:25.56 (56305694)|VARIABLE_ASSIGNMENT|[EXTERNAL]|this.conSeverity|"ERROR"|0x11521001
15:14:25.56 (56341033)|SYSTEM_MODE_ENTER|true
15:14:25.56 (56352914)|HEAP_ALLOCATE|[EXTERNAL]|Bytes:8
15:14:25.56 (56354970)|HEAP_ALLOCATE|[EXTERNAL]|Bytes:16
15:14:25.56 (56361659)|VARIABLE_ASSIGNMENT|[EXTERNAL]|this.conStrength|2|0x11521001
15:14:25.56 (56487881)|SYSTEM_MODE_ENTER|true
15:14:25.56 (56508533)|HEAP_ALLOCATE|[EXTERNAL]|Bytes:16
15:14:25.56 (56513453)|VARIABLE_SCOPE_BEGIN|[13]|this|ApexPage.pagemessagecomponentcontroller|true|false
15:14:25.56 (56535459)|VARIABLE_ASSIGNMENT|[13]|this|{"conSeverity":"ERROR","conStrength":2,"escape":true}|0x11521001
15:14:25.56 (56968600)|HEAP_ALLOCATE|[EXTERNAL]|Bytes:28
15:14:25.56 (56976307)|VARIABLE_SCOPE_BEGIN|[38]|this|ApexPage.PageMessagesComponentController.severityMessages|true|false
15:14:25.56 (57003295)|VARIABLE_ASSIGNMENT|[38]|this|{"messages":"0x5633c0f8","severity":"ERROR"}|0x466d8c78
15:14:25.57 (57204314)|SYSTEM_MODE_ENTER|true
15:14:25.57 (57226728)|HEAP_ALLOCATE|[EXTERNAL]|Bytes:16
15:14:25.57 (57231587)|VARIABLE_SCOPE_BEGIN|[5]|this|ApexPage.pagemessagecomponentcontroller|true|false
15:14:25.57 (57254451)|VARIABLE_ASSIGNMENT|[5]|this|{"conSeverity":"ERROR","conStrength":2,"escape":true}|0x11521001
15:14:25.57 (57363983)|HEAP_ALLOCATE|[EXTERNAL]|Bytes:28
15:14:25.57 (57390607)|VARIABLE_ASSIGNMENT|[EXTERNAL]|this|{"messages":"0x5633c0f8","severity":"ERROR"}|0x466d8c78
15:14:25.57 (57472241)|HEAP_ALLOCATE|[EXTERNAL]|Bytes:28
15:14:25.57 (57496287)|VARIABLE_ASSIGNMENT|[EXTERNAL]|this|{"messages":"0x5633c0f8","severity":"ERROR"}|0x466d8c78
15:14:25.0 (59017173)|VF_SERIALIZE_VIEWSTATE_BEGIN|06624000003h0Dg
15:14:25.0 (62958632)|VF_SERIALIZE_VIEWSTATE_END
15:14:25.0 (64213222)|SYSTEM_MODE_ENTER|true
15:14:25.0 (64238419)|HEAP_ALLOCATE|[EXTERNAL]|Bytes:80
15:14:25.0 (64286314)|VARIABLE_ASSIGNMENT|[EXTERNAL]|this|{"delToHub":true,"delToProj":false,"detail":"0x75ec5c88","invoked":false,"rejected":false,"reserved":false,"selectedTime3":"8:00","sublocations1":"0xb205f90","www":"0x2c40a709","wwwById":"0xabe7d53"}|0xef53653
15:14:25.0 (64292999)|STATEMENT_EXECUTE|[3]
15:14:25.0 (64295915)|STATEMENT_EXECUTE|[4]
15:14:25.0 (64297311)|STATEMENT_EXECUTE|[9]
15:14:25.65 (65454309)|CUMULATIVE_LIMIT_USAGE
15:14:25.65 (65454309)|LIMIT_USAGE_FOR_NS|(default)|
  Number of SOQL queries: 0 out of 100
  Number of query rows: 0 out of 50000
  Number of SOSL queries: 0 out of 20
  Number of DML statements: 0 out of 150
  Number of DML rows: 0 out of 10000
  Maximum CPU time: 0 out of 10000
  Maximum heap size: 0 out of 6000000
  Number of callouts: 0 out of 100
  Number of Email Invocations: 0 out of 10
  Number of future calls: 0 out of 50
  Number of queueable jobs added to the queue: 0 out of 50
  Number of Mobile Apex push calls: 0 out of 10

15:14:25.65 (65454309)|CUMULATIVE_LIMIT_USAGE_END

15:14:25.0 (65482754)|CODE_UNIT_FINISHED|VF: /apex/New_delivered_detail
15:14:25.0 (66347888)|EXECUTION_FINISHED
