39.0 APEX_CODE,DEBUG;APEX_PROFILING,INFO;CALLOUT,INFO;DB,INFO;SYSTEM,DEBUG;VALIDATION,INFO;VISUALFORCE,INFO;WAVE,INFO;WORKFLOW,INFO
17:25:20.0 (266898)|USER_INFO|[EXTERNAL]|00524000001e3Uj|bedrijfsbureau@gsa.nl.sandbox|Midden-Europese standaardtijd|GMT+02:00
17:25:20.0 (290355)|EXECUTION_STARTED
17:25:20.0 (293722)|CODE_UNIT_STARTED|[EXTERNAL]|VisualForce View State
17:25:20.0 (9920948)|CODE_UNIT_FINISHED|VisualForce View State
17:25:20.0 (10900005)|EXECUTION_FINISHED
17:25:20.564 (564796199)|USER_INFO|[EXTERNAL]|00524000001e3Uj|bedrijfsbureau@gsa.nl.sandbox|Midden-Europese standaardtijd|GMT+02:00
17:25:20.564 (565496607)|SYSTEM_MODE_ENTER|true
17:25:21.178 (1178502321)|CUMULATIVE_LIMIT_USAGE
17:25:21.178 (1178502321)|LIMIT_USAGE_FOR_NS|(default)|
  Number of SOQL queries: 0 out of 100
  Number of query rows: 0 out of 50000
  Number of SOSL queries: 0 out of 20
  Number of DML statements: 0 out of 150
  Number of DML rows: 0 out of 10000
  Maximum CPU time: 0 out of 10000
  Maximum heap size: 0 out of 6000000
  Number of callouts: 0 out of 100
  Number of Email Invocations: 0 out of 10
  Number of future calls: 0 out of 50
  Number of queueable jobs added to the queue: 0 out of 50
  Number of Mobile Apex push calls: 0 out of 10

17:25:21.178 (1178502321)|CUMULATIVE_LIMIT_USAGE_END

