38.0 APEX_CODE,FINEST;APEX_PROFILING,INFO;CALLOUT,INFO;DB,INFO;SYSTEM,DEBUG;VALIDATION,INFO;VISUALFORCE,INFO;WAVE,INFO;WORKFLOW,INFO
14:17:33.0 (300647)|USER_INFO|[EXTERNAL]|00524000001e3Uj|bedrijfsbureau@gsa.nl.sandbox|Midden-Europese standaardtijd|GMT+01:00
14:17:33.0 (321591)|EXECUTION_STARTED
14:17:33.0 (324494)|CODE_UNIT_STARTED|[EXTERNAL]|06624000003h0Dq|VF: /apex/ChoseRecordType
14:17:33.0 (6870734)|SYSTEM_MODE_ENTER|true
14:17:33.0 (7101655)|HEAP_ALLOCATE|[72]|Bytes:3
14:17:33.0 (7125247)|HEAP_ALLOCATE|[77]|Bytes:152
14:17:33.0 (7135991)|HEAP_ALLOCATE|[342]|Bytes:408
14:17:33.0 (7149103)|HEAP_ALLOCATE|[355]|Bytes:408
14:17:33.0 (7161792)|HEAP_ALLOCATE|[467]|Bytes:48
14:17:33.0 (7183013)|HEAP_ALLOCATE|[139]|Bytes:6
14:17:33.0 (7231997)|HEAP_ALLOCATE|[EXTERNAL]|Bytes:11
14:17:33.0 (7236861)|HEAP_ALLOCATE|[EXTERNAL]|Bytes:408
14:17:33.0 (7239423)|HEAP_ALLOCATE|[EXTERNAL]|Bytes:120
14:17:33.0 (7242344)|HEAP_ALLOCATE|[EXTERNAL]|Bytes:120
14:17:33.0 (7249831)|METHOD_ENTRY|[1]|01p2400000DUtXT|NewDeliveredExtension.NewDeliveredExtension()
14:17:33.0 (7252902)|STATEMENT_EXECUTE|[1]
14:17:33.0 (7256967)|STATEMENT_EXECUTE|[1]
14:17:33.0 (7258291)|STATEMENT_EXECUTE|[543]
14:17:33.0 (7261981)|METHOD_EXIT|[1]|NewDeliveredExtension
14:17:33.0 (7267299)|HEAP_ALLOCATE|[EXTERNAL]|Bytes:80
14:17:33.0 (7279514)|VARIABLE_SCOPE_BEGIN|[163]|this|NewDeliveredExtension|true|false
14:17:33.0 (7330233)|VARIABLE_ASSIGNMENT|[163]|this|{}|0x2915f42e
14:17:33.0 (7332888)|VARIABLE_SCOPE_BEGIN|[163]|controller|ApexPages.StandardController|true|false
14:17:33.0 (7460587)|VARIABLE_ASSIGNMENT|[163]|controller|"StandardController [null]"|0x4698523
14:17:33.0 (7468294)|STATEMENT_EXECUTE|[1]
14:17:33.0 (7469948)|STATEMENT_EXECUTE|[2]
14:17:33.0 (7470991)|STATEMENT_EXECUTE|[20]
14:17:33.0 (7472208)|STATEMENT_EXECUTE|[61]
14:17:33.0 (7473266)|STATEMENT_EXECUTE|[69]
14:17:33.0 (7474272)|STATEMENT_EXECUTE|[77]
14:17:33.0 (7475257)|STATEMENT_EXECUTE|[85]
14:17:33.0 (7476212)|STATEMENT_EXECUTE|[93]
14:17:33.0 (7477190)|STATEMENT_EXECUTE|[101]
14:17:33.0 (7478323)|STATEMENT_EXECUTE|[123]
14:17:33.0 (7571691)|HEAP_ALLOCATE|[123]|Bytes:4
14:17:33.0 (7577413)|HEAP_ALLOCATE|[123]|Bytes:258
14:17:33.0 (7581854)|HEAP_ALLOCATE|[123]|Bytes:4
14:17:33.0 (7621017)|HEAP_ALLOCATE|[50]|Bytes:5
14:17:33.0 (7636050)|HEAP_ALLOCATE|[56]|Bytes:5
14:17:33.0 (7641383)|HEAP_ALLOCATE|[64]|Bytes:7
14:17:33.0 (8121868)|SOQL_EXECUTE_BEGIN|[123]|Aggregations:0|SELECT Id, Project__c, Item__c, Actueel_aantal_palletplaatsenworkflow__c, Ticket_Number_ILIPS__c, Filecardnumber__c, Projectmember__c, Hub_Building_Site__c, Actueel_aantal_palletplaatsen__c, Supplier__c, Name FROM WWW__c ORDER BY CreatedDate DESC NULLS FIRST
14:17:33.0 (13966364)|SOQL_EXECUTE_END|[123]|Rows:5
14:17:33.0 (13982577)|HEAP_ALLOCATE|[123]|Bytes:24
14:17:33.0 (14012854)|HEAP_ALLOCATE|[123]|Bytes:1105
14:17:33.0 (14074695)|HEAP_ALLOCATE|[123]|Bytes:24
14:17:33.0 (14126460)|HEAP_ALLOCATE|[123]|Bytes:28
14:17:33.0 (14135106)|HEAP_ALLOCATE|[123]|Bytes:4
14:17:33.0 (14143529)|HEAP_ALLOCATE|[123]|Bytes:28
14:17:33.0 (14147161)|HEAP_ALLOCATE|[123]|Bytes:4
14:17:33.0 (14152226)|HEAP_ALLOCATE|[123]|Bytes:28
14:17:33.0 (14155424)|HEAP_ALLOCATE|[123]|Bytes:4
14:17:33.0 (14160138)|HEAP_ALLOCATE|[123]|Bytes:28
14:17:33.0 (14163250)|HEAP_ALLOCATE|[123]|Bytes:4
14:17:33.0 (14168136)|HEAP_ALLOCATE|[123]|Bytes:28
14:17:33.0 (14171321)|HEAP_ALLOCATE|[123]|Bytes:4
14:17:33.0 (14219971)|VARIABLE_ASSIGNMENT|[123]|this.wwwById|{"a0t0E0000004UUSQA2":{"Id":"a0t0E0000004UUSQA2","Project__c":"a0q0E0000008ahlQAA","Item__c":"a0A0E0000001PilUAE","Hub_Building_Site__c":"a020E000000zEM2QAM","Actueel_aantal_palle (12 more) ...":0,"Name":"WWW-13541"},"a0t0E0000004UUNQA2":{"Id":"a0t0E0000004UUNQA2","Project__c":"a0q0E0000008S3WQAU","Item__c":"a0A0E0000001PiqUAE","Hub_Building_Site__c":"a020E000000zFeUQAU","Actueel_aantal_palle (12 more) ...":0,"Name":"WWW-13540"},"a0t0E0000004NFcQAM":{"Id":"a0t0E0000004NFcQAM","Project__c":"a0q0E0000008S3bQAE","Item__c":"a0A0E0000001Pj0UAE","Hub_Building_Site__c":"a020E000000zEM2QAM","Actueel_aantal_palle (12 more) ...":0,"Name":"WWW-13490"},"a0t0E0000004NFXQA2":{"Id":"a0t0E0000004NFXQA2","Project__c":"a0q0E0000008S3WQAU","Item__c":"a0A0E0000001PiqUAE","Hub_Building_Site__c":"a020E000000zEM2QAM","Actueel_aantal_palle (12 more) ...":0,"Name":"WWW-13489"},"a0t0E0000004NFNQA2":{"Id":"a0t0E0000004NFNQA2","Project__c":"a0q0E0000008S3WQAU","Item__c":"a0A0E0000001PilUAE","Hub_Building_Site__c":"a020E000000zEM2QAM","Actueel_aantal_palle (12 more) ...":0,"Name":"WWW-13487"}}|0x2915f42e
14:17:33.0 (14228939)|STATEMENT_EXECUTE|[155]
14:17:33.0 (14230426)|STATEMENT_EXECUTE|[156]
14:17:33.0 (14231597)|STATEMENT_EXECUTE|[184]
14:17:33.0 (14232603)|STATEMENT_EXECUTE|[185]
14:17:33.0 (14233647)|STATEMENT_EXECUTE|[195]
14:17:33.0 (14234805)|STATEMENT_EXECUTE|[203]
14:17:33.0 (14235863)|STATEMENT_EXECUTE|[211]
14:17:33.0 (14236836)|STATEMENT_EXECUTE|[219]
14:17:33.0 (14237893)|STATEMENT_EXECUTE|[228]
14:17:33.0 (14238961)|STATEMENT_EXECUTE|[236]
14:17:33.0 (14246108)|HEAP_ALLOCATE|[123]|Bytes:6
14:17:33.0 (14265739)|STATEMENT_EXECUTE|[163]
14:17:33.0 (14267160)|STATEMENT_EXECUTE|[164]
14:17:33.0 (14305315)|HEAP_ALLOCATE|[164]|Bytes:135
14:17:33.0 (14344376)|HEAP_ALLOCATE|[164]|Bytes:110
14:17:33.0 (14356588)|HEAP_ALLOCATE|[164]|Bytes:10
14:17:33.0 (14421692)|VARIABLE_ASSIGNMENT|[EXTERNAL]|this|{"wwwById":"0x7a5ae9eb"}|0x2915f42e
14:17:33.0 (14426126)|STATEMENT_EXECUTE|[3]
14:17:33.0 (14429855)|STATEMENT_EXECUTE|[4]
14:17:33.0 (14430809)|STATEMENT_EXECUTE|[5]
14:17:33.0 (14459571)|HEAP_ALLOCATE|[5]|Bytes:4
14:17:33.0 (14535917)|VARIABLE_ASSIGNMENT|[5]|this.detail|{}|0x2915f42e
14:17:33.0 (14538546)|STATEMENT_EXECUTE|[6]
14:17:33.0 (14586151)|VARIABLE_ASSIGNMENT|[EXTERNAL]|this|{"detail":"0x74a68406","wwwById":"0x7a5ae9eb"}|0x2915f42e
14:17:33.0 (14589967)|STATEMENT_EXECUTE|[21]
14:17:33.0 (14592407)|STATEMENT_EXECUTE|[22]
14:17:33.0 (14593421)|STATEMENT_EXECUTE|[23]
14:17:33.0 (14603122)|HEAP_ALLOCATE|[23]|Bytes:4
14:17:33.0 (14647247)|VARIABLE_ASSIGNMENT|[23]|this.www|{}|0x2915f42e
14:17:33.0 (14650269)|STATEMENT_EXECUTE|[26]
14:17:33.0 (14876115)|VARIABLE_ASSIGNMENT|[6]|this.WWW__c|null|0x74a68406
14:17:33.0 (14879336)|STATEMENT_EXECUTE|[7]
14:17:33.0 (14937062)|VARIABLE_ASSIGNMENT|[EXTERNAL]|this|{"detail":"0x74a68406","www":"0x7dad23a2","wwwById":"0x7a5ae9eb"}|0x2915f42e
14:17:33.0 (14992638)|VARIABLE_ASSIGNMENT|[7]|this.Project__c|null|0x74a68406
14:17:33.0 (14995754)|STATEMENT_EXECUTE|[9]
14:17:33.0 (15064405)|VARIABLE_ASSIGNMENT|[164]|this.RecordTypeId|null|0x74a68406
14:17:33.0 (15068398)|STATEMENT_EXECUTE|[165]
14:17:33.0 (15114125)|VARIABLE_ASSIGNMENT|[EXTERNAL]|this|{"detail":"0x74a68406","www":"0x7dad23a2","wwwById":"0x7a5ae9eb"}|0x2915f42e
14:17:33.0 (15117730)|STATEMENT_EXECUTE|[3]
14:17:33.0 (15119609)|STATEMENT_EXECUTE|[4]
14:17:33.0 (15120630)|STATEMENT_EXECUTE|[9]
14:17:33.0 (15142066)|USER_DEBUG|[165]|DEBUG|null
14:17:33.0 (15146582)|STATEMENT_EXECUTE|[166]
14:17:33.0 (15193611)|HEAP_ALLOCATE|[166]|Bytes:4
14:17:33.0 (15199249)|HEAP_ALLOCATE|[166]|Bytes:82
14:17:33.0 (15202735)|HEAP_ALLOCATE|[166]|Bytes:4
14:17:33.0 (15373666)|SOQL_EXECUTE_BEGIN|[166]|Aggregations:0|SELECT Id, Name, DeveloperName FROM RecordType WHERE sobjectType = 'WWW_detail__c'
14:17:33.0 (21301634)|SOQL_EXECUTE_END|[166]|Rows:5
14:17:33.0 (21315633)|HEAP_ALLOCATE|[166]|Bytes:24
14:17:33.0 (21334093)|HEAP_ALLOCATE|[166]|Bytes:371
14:17:33.0 (21368418)|HEAP_ALLOCATE|[166]|Bytes:24
14:17:33.0 (21407631)|HEAP_ALLOCATE|[166]|Bytes:16
14:17:33.0 (21415352)|HEAP_ALLOCATE|[166]|Bytes:4
14:17:33.0 (21421938)|HEAP_ALLOCATE|[166]|Bytes:16
14:17:33.0 (21425366)|HEAP_ALLOCATE|[166]|Bytes:4
14:17:33.0 (21429985)|HEAP_ALLOCATE|[166]|Bytes:16
14:17:33.0 (21433190)|HEAP_ALLOCATE|[166]|Bytes:4
14:17:33.0 (21437566)|HEAP_ALLOCATE|[166]|Bytes:16
14:17:33.0 (21440694)|HEAP_ALLOCATE|[166]|Bytes:4
14:17:33.0 (21444910)|HEAP_ALLOCATE|[166]|Bytes:16
14:17:33.0 (21447966)|HEAP_ALLOCATE|[166]|Bytes:4
14:17:33.0 (21454546)|VARIABLE_SCOPE_BEGIN|[166]|recByNames|Map<Id,RecordType>|true|false
14:17:33.0 (21482680)|VARIABLE_ASSIGNMENT|[166]|recByNames|{"01224000000Sn4NAAS":{"Id":"01224000000Sn4NAAS","Name":"Afleveren","DeveloperName":"Delivered_2_Project"},"01224000000Sn4OAAS":{"Id":"01224000000Sn4OAAS","Name":"Afroepen","DeveloperName":"Invoked"},"01224000000Sn4PAAS":{"Id":"01224000000Sn4PAAS","Name":"Afwijzen","DeveloperName":"Rejected"},"01224000000Sn4MAAS":{"Id":"01224000000Sn4MAAS","Name":"Ontvangen","DeveloperName":"Delivered_2_Hub"},"01224000000Sn4QAAS":{"Id":"01224000000Sn4QAAS","Name":"Verwachten","DeveloperName":"Reserved"}}|0x6b661991
14:17:33.0 (21539146)|VARIABLE_ASSIGNMENT|[EXTERNAL]|this|{"detail":"0x74a68406","www":"0x7dad23a2","wwwById":"0x7a5ae9eb"}|0x2915f42e
14:17:33.0 (21543335)|STATEMENT_EXECUTE|[3]
14:17:33.0 (21545742)|STATEMENT_EXECUTE|[4]
14:17:33.0 (21546855)|STATEMENT_EXECUTE|[9]
14:17:33.0 (21554204)|STATEMENT_EXECUTE|[168]
14:17:33.0 (21555510)|STATEMENT_EXECUTE|[181]
14:17:33.0 (21566869)|METHOD_ENTRY|[181]|01p2400000DUtXT|NewDeliveredExtension.getProjects()
14:17:33.0 (21576176)|VARIABLE_SCOPE_BEGIN|[139]|this|NewDeliveredExtension|true|false
14:17:33.0 (21605132)|VARIABLE_ASSIGNMENT|[139]|this|{"detail":"0x74a68406","www":"0x7dad23a2","wwwById":"0x7a5ae9eb"}|0x2915f42e
14:17:33.0 (21610090)|STATEMENT_EXECUTE|[139]
14:17:33.0 (21611208)|STATEMENT_EXECUTE|[141]
14:17:33.0 (21617744)|HEAP_ALLOCATE|[141]|Bytes:4
14:17:33.0 (21640469)|VARIABLE_SCOPE_BEGIN|[141]|options|List<System.SelectOption>|true|false
14:17:33.0 (21664532)|HEAP_ALLOCATE|[EXTERNAL]|Bytes:4
14:17:33.0 (21671985)|VARIABLE_ASSIGNMENT|[141]|options|[]|0x2adff711
14:17:33.0 (21674368)|STATEMENT_EXECUTE|[142]
14:17:33.0 (21714090)|HEAP_ALLOCATE|[142]|Bytes:4
14:17:33.0 (21719039)|HEAP_ALLOCATE|[142]|Bytes:71
14:17:33.0 (21721902)|HEAP_ALLOCATE|[142]|Bytes:4
14:17:33.0 (21917535)|SOQL_EXECUTE_BEGIN|[142]|Aggregations:0|SELECT Id, Name FROM Projecten__c ORDER BY CreatedDate DESC NULLS FIRST
14:17:33.0 (22958439)|SOQL_EXECUTE_END|[142]|Rows:3
14:17:33.0 (22972144)|HEAP_ALLOCATE|[142]|Bytes:16
14:17:33.0 (22984788)|HEAP_ALLOCATE|[142]|Bytes:126
14:17:33.0 (23017032)|HEAP_ALLOCATE|[142]|Bytes:16
14:17:33.0 (23054625)|HEAP_ALLOCATE|[142]|Bytes:12
14:17:33.0 (23062855)|HEAP_ALLOCATE|[142]|Bytes:4
14:17:33.0 (23070093)|HEAP_ALLOCATE|[142]|Bytes:12
14:17:33.0 (23073642)|HEAP_ALLOCATE|[142]|Bytes:4
14:17:33.0 (23079170)|HEAP_ALLOCATE|[142]|Bytes:12
14:17:33.0 (23082488)|HEAP_ALLOCATE|[142]|Bytes:4
14:17:33.0 (23088692)|VARIABLE_SCOPE_BEGIN|[142]|prById|Map<Id,Projecten__c>|true|false
14:17:33.0 (23109519)|VARIABLE_ASSIGNMENT|[142]|prById|{"a0q0E0000008ahlQAA":{"Id":"a0q0E0000008ahlQAA","Name":"1111"},"a0q0E0000008S3bQAE":{"Id":"a0q0E0000008S3bQAE","Name":"2165103"},"a0q0E0000008S3WQAU":{"Id":"a0q0E0000008S3WQAU","Name":"5700"}}|0x55a31e4f
14:17:33.0 (23113804)|STATEMENT_EXECUTE|[143]
14:17:33.0 (23116522)|HEAP_ALLOCATE|[143]|Bytes:6
14:17:33.0 (23195914)|HEAP_ALLOCATE|[143]|Bytes:207
14:17:33.0 (23213319)|HEAP_ALLOCATE|[143]|Bytes:213
14:17:33.0 (23223448)|USER_DEBUG|[143]|DEBUG|prById{a0q0E0000008S3WQAU=Projecten__c:{Id=a0q0E0000008S3WQAU, Name=5700}, a0q0E0000008S3bQAE=Projecten__c:{Id=a0q0E0000008S3bQAE, Name=2165103}, a0q0E0000008ahlQAA=Projecten__c:{Id=a0q0E0000008ahlQAA, Name=1111}}
14:17:33.0 (23229022)|STATEMENT_EXECUTE|[144]
14:17:33.0 (23254818)|HEAP_ALLOCATE|[EXTERNAL]|Bytes:16
14:17:33.0 (23262868)|HEAP_ALLOCATE|[144]|Bytes:139
14:17:33.0 (23294606)|HEAP_ALLOCATE|[144]|Bytes:12
14:17:33.0 (23361109)|VARIABLE_ASSIGNMENT|[EXTERNAL]|this|{"detail":"0x74a68406","www":"0x7dad23a2","wwwById":"0x7a5ae9eb"}|0x2915f42e
14:17:33.0 (23365283)|STATEMENT_EXECUTE|[3]
14:17:33.0 (23367416)|STATEMENT_EXECUTE|[4]
14:17:33.0 (23368494)|STATEMENT_EXECUTE|[9]
14:17:33.0 (23407097)|VARIABLE_ASSIGNMENT|[144]|this.Project__c|"a0q0E0000008ahlQAA"|0x74a68406
14:17:33.0 (23428553)|HEAP_ALLOCATE|[EXTERNAL]|Bytes:16
14:17:33.0 (23435325)|HEAP_ALLOCATE|[145]|Bytes:139
14:17:33.0 (23560351)|HEAP_ALLOCATE|[145]|Bytes:5
14:17:33.0 (23573360)|HEAP_ALLOCATE|[145]|Bytes:12
14:17:33.0 (23580228)|VARIABLE_SCOPE_BEGIN|[145]|rec|Projecten__c|true|false
14:17:33.0 (23591055)|VARIABLE_ASSIGNMENT|[145]|rec|{"Id":"a0q0E0000008ahlQAA","Name":"1111"}|0x28ac9acf
14:17:33.0 (23593959)|STATEMENT_EXECUTE|[145]
14:17:33.0 (23638410)|VARIABLE_ASSIGNMENT|[EXTERNAL]|this|{"detail":"0x74a68406","www":"0x7dad23a2","wwwById":"0x7a5ae9eb"}|0x2915f42e
14:17:33.0 (23641854)|STATEMENT_EXECUTE|[21]
14:17:33.0 (23644009)|STATEMENT_EXECUTE|[22]
14:17:33.0 (23645006)|STATEMENT_EXECUTE|[26]
14:17:33.0 (23651301)|STATEMENT_EXECUTE|[146]
14:17:33.0 (23652415)|STATEMENT_EXECUTE|[147]
14:17:33.0 (23688447)|VARIABLE_ASSIGNMENT|[EXTERNAL]|this|{"detail":"0x74a68406","www":"0x7dad23a2","wwwById":"0x7a5ae9eb"}|0x2915f42e
14:17:33.0 (23691345)|STATEMENT_EXECUTE|[21]
14:17:33.0 (23692805)|STATEMENT_EXECUTE|[22]
14:17:33.0 (23693772)|STATEMENT_EXECUTE|[26]
14:17:33.0 (23738753)|VARIABLE_ASSIGNMENT|[147]|this.Project__c|"a0q0E0000008ahlQAA"|0x7dad23a2
14:17:33.0 (23741737)|STATEMENT_EXECUTE|[150]
14:17:33.0 (23757859)|HEAP_ALLOCATE|[150]|Bytes:18
14:17:33.0 (23817729)|HEAP_ALLOCATE|[EXTERNAL]|Bytes:4
14:17:33.0 (23831039)|HEAP_ALLOCATE|[145]|Bytes:5
14:17:33.0 (23839163)|HEAP_ALLOCATE|[145]|Bytes:12
14:17:33.0 (23844141)|VARIABLE_SCOPE_BEGIN|[145]|rec|Projecten__c|true|false
14:17:33.0 (23854150)|VARIABLE_ASSIGNMENT|[145]|rec|{"Id":"a0q0E0000008S3bQAE","Name":"2165103"}|0x28bb8e36
14:17:33.0 (23856802)|STATEMENT_EXECUTE|[145]
14:17:33.0 (23890117)|VARIABLE_ASSIGNMENT|[EXTERNAL]|this|{"detail":"0x74a68406","www":"0x7dad23a2","wwwById":"0x7a5ae9eb"}|0x2915f42e
14:17:33.0 (23892940)|STATEMENT_EXECUTE|[21]
14:17:33.0 (23894899)|STATEMENT_EXECUTE|[22]
14:17:33.0 (23895922)|STATEMENT_EXECUTE|[26]
14:17:33.0 (23922340)|STATEMENT_EXECUTE|[146]
14:17:33.0 (23923991)|STATEMENT_EXECUTE|[150]
14:17:33.0 (23932890)|HEAP_ALLOCATE|[150]|Bytes:18
14:17:33.0 (23945119)|HEAP_ALLOCATE|[EXTERNAL]|Bytes:4
14:17:33.0 (23954748)|HEAP_ALLOCATE|[145]|Bytes:5
14:17:33.0 (23961597)|HEAP_ALLOCATE|[145]|Bytes:12
14:17:33.0 (23965942)|VARIABLE_SCOPE_BEGIN|[145]|rec|Projecten__c|true|false
14:17:33.0 (23974340)|VARIABLE_ASSIGNMENT|[145]|rec|{"Id":"a0q0E0000008S3WQAU","Name":"5700"}|0x20a23bb5
14:17:33.0 (23976748)|STATEMENT_EXECUTE|[145]
14:17:33.0 (24006986)|VARIABLE_ASSIGNMENT|[EXTERNAL]|this|{"detail":"0x74a68406","www":"0x7dad23a2","wwwById":"0x7a5ae9eb"}|0x2915f42e
14:17:33.0 (24010583)|STATEMENT_EXECUTE|[21]
14:17:33.0 (24012002)|STATEMENT_EXECUTE|[22]
14:17:33.0 (24012998)|STATEMENT_EXECUTE|[26]
14:17:33.0 (24018826)|STATEMENT_EXECUTE|[146]
14:17:33.0 (24019926)|STATEMENT_EXECUTE|[150]
14:17:33.0 (24026395)|HEAP_ALLOCATE|[150]|Bytes:18
14:17:33.0 (24035839)|HEAP_ALLOCATE|[EXTERNAL]|Bytes:4
14:17:33.0 (24044142)|HEAP_ALLOCATE|[145]|Bytes:5
14:17:33.0 (24051165)|VARIABLE_ASSIGNMENT|[145]|rec|null|
14:17:33.0 (24053684)|STATEMENT_EXECUTE|[152]
14:17:33.0 (24057022)|METHOD_EXIT|[181]|01p2400000DUtXT|NewDeliveredExtension.getProjects()
14:17:33.25 (25250531)|SYSTEM_MODE_ENTER|true
14:17:33.25 (25278338)|HEAP_ALLOCATE|[EXTERNAL]|Bytes:38
14:17:33.25 (25283791)|HEAP_ALLOCATE|[EXTERNAL]|Bytes:7
14:17:33.25 (25290630)|SYSTEM_METHOD_ENTRY|[1]|PageMessagesComponentController.PageMessagesComponentController()
14:17:33.25 (25293063)|STATEMENT_EXECUTE|[1]
14:17:33.25 (25412132)|SYSTEM_MODE_ENTER|true
14:17:33.25 (25453620)|HEAP_ALLOCATE|[EXTERNAL]|Bytes:8
14:17:33.25 (25458746)|VARIABLE_SCOPE_BEGIN|[88]|this|ApexPage.PageMessagesComponentController|true|false
14:17:33.25 (25477257)|VARIABLE_ASSIGNMENT|[88]|this|{}|0x7ca0da90
14:17:33.25 (25479893)|VARIABLE_SCOPE_BEGIN|[88]|escape|Boolean|false|false
14:17:33.25 (25482997)|VARIABLE_ASSIGNMENT|[88]|escape|null
14:17:33.25 (25615927)|SYSTEM_MODE_ENTER|true
14:17:33.25 (25639747)|HEAP_ALLOCATE|[EXTERNAL]|Bytes:8
14:17:33.25 (25643627)|VARIABLE_SCOPE_BEGIN|[2]|this|ApexPage.PageMessagesComponentController|true|false
14:17:33.25 (25657142)|VARIABLE_ASSIGNMENT|[2]|this|{}|0x7ca0da90
14:17:33.39 (39859357)|SYSTEM_MODE_ENTER|true
14:17:33.39 (39904794)|HEAP_ALLOCATE|[EXTERNAL]|Bytes:8
14:17:33.39 (39915869)|VARIABLE_SCOPE_BEGIN|[88]|this|ApexPage.PageMessagesComponentController|true|false
14:17:33.39 (39934243)|VARIABLE_ASSIGNMENT|[88]|this|{}|0x7ca0da90
14:17:33.39 (39936922)|VARIABLE_SCOPE_BEGIN|[88]|escape|Boolean|false|false
14:17:33.39 (39940116)|VARIABLE_ASSIGNMENT|[88]|escape|null
14:17:33.40 (40049762)|SYSTEM_MODE_ENTER|true
14:17:33.40 (40073400)|HEAP_ALLOCATE|[EXTERNAL]|Bytes:8
14:17:33.40 (40077609)|VARIABLE_SCOPE_BEGIN|[2]|this|ApexPage.PageMessagesComponentController|true|false
14:17:33.40 (40090408)|VARIABLE_ASSIGNMENT|[2]|this|{}|0x7ca0da90
14:17:33.0 (40556660)|SYSTEM_MODE_ENTER|true
14:17:33.0 (40581679)|HEAP_ALLOCATE|[EXTERNAL]|Bytes:80
14:17:33.0 (40586502)|VARIABLE_SCOPE_BEGIN|[109]|this|NewDeliveredExtension|true|false
14:17:33.0 (40624980)|VARIABLE_ASSIGNMENT|[109]|this|{"detail":"0x74a68406","www":"0x7dad23a2","wwwById":"0x7a5ae9eb"}|0x2915f42e
14:17:33.0 (40632593)|STATEMENT_EXECUTE|[109]
14:17:33.0 (40634055)|STATEMENT_EXECUTE|[111]
14:17:33.0 (40638138)|HEAP_ALLOCATE|[111]|Bytes:4
14:17:33.0 (40658415)|VARIABLE_SCOPE_BEGIN|[111]|options|List<System.SelectOption>|true|false
14:17:33.0 (40670341)|HEAP_ALLOCATE|[EXTERNAL]|Bytes:4
14:17:33.0 (40676719)|VARIABLE_ASSIGNMENT|[111]|options|[]|0x480c31c
14:17:33.0 (40678929)|STATEMENT_EXECUTE|[112]
14:17:33.0 (40682338)|HEAP_ALLOCATE|[112]|Bytes:4
14:17:33.0 (40686116)|HEAP_ALLOCATE|[112]|Bytes:4
14:17:33.0 (40830182)|SOQL_EXECUTE_BEGIN|[112]|Aggregations:0|SELECT Id, Name, DeveloperName FROM RecordType WHERE sobjectType = 'WWW_detail__c'
14:17:33.0 (42678583)|SOQL_EXECUTE_END|[112]|Rows:5
14:17:33.0 (42692080)|HEAP_ALLOCATE|[112]|Bytes:24
14:17:33.0 (42710327)|HEAP_ALLOCATE|[112]|Bytes:371
14:17:33.0 (42724334)|HEAP_ALLOCATE|[112]|Bytes:24
14:17:33.0 (42745405)|HEAP_ALLOCATE|[112]|Bytes:16
14:17:33.0 (42753487)|HEAP_ALLOCATE|[112]|Bytes:4
14:17:33.0 (42759899)|HEAP_ALLOCATE|[112]|Bytes:16
14:17:33.0 (42763719)|HEAP_ALLOCATE|[112]|Bytes:4
14:17:33.0 (42767933)|HEAP_ALLOCATE|[112]|Bytes:16
14:17:33.0 (42771112)|HEAP_ALLOCATE|[112]|Bytes:4
14:17:33.0 (42775171)|HEAP_ALLOCATE|[112]|Bytes:16
14:17:33.0 (42778277)|HEAP_ALLOCATE|[112]|Bytes:4
14:17:33.0 (42782226)|HEAP_ALLOCATE|[112]|Bytes:16
14:17:33.0 (42785328)|HEAP_ALLOCATE|[112]|Bytes:4
14:17:33.0 (42790251)|VARIABLE_SCOPE_BEGIN|[112]|recByNames|Map<Id,RecordType>|true|false
14:17:33.0 (42818200)|VARIABLE_ASSIGNMENT|[112]|recByNames|{"01224000000Sn4NAAS":{"Id":"01224000000Sn4NAAS","Name":"Afleveren","DeveloperName":"Delivered_2_Project"},"01224000000Sn4OAAS":{"Id":"01224000000Sn4OAAS","Name":"Afroepen","DeveloperName":"Invoked"},"01224000000Sn4PAAS":{"Id":"01224000000Sn4PAAS","Name":"Afwijzen","DeveloperName":"Rejected"},"01224000000Sn4MAAS":{"Id":"01224000000Sn4MAAS","Name":"Ontvangen","DeveloperName":"Delivered_2_Hub"},"01224000000Sn4QAAS":{"Id":"01224000000Sn4QAAS","Name":"Verwachten","DeveloperName":"Reserved"}}|0x1eb8371
14:17:33.0 (42848463)|HEAP_ALLOCATE|[EXTERNAL]|Bytes:24
14:17:33.0 (42859280)|HEAP_ALLOCATE|[114]|Bytes:390
14:17:33.0 (42958892)|HEAP_ALLOCATE|[114]|Bytes:5
14:17:33.0 (42969882)|HEAP_ALLOCATE|[114]|Bytes:16
14:17:33.0 (42976046)|VARIABLE_SCOPE_BEGIN|[114]|rec|RecordType|true|false
14:17:33.0 (42986637)|VARIABLE_ASSIGNMENT|[114]|rec|{"Id":"01224000000Sn4NAAS","Name":"Afleveren","DeveloperName":"Delivered_2_Project"}|0x36e8bcd9
14:17:33.0 (42989679)|STATEMENT_EXECUTE|[114]
14:17:33.0 (42991050)|STATEMENT_EXECUTE|[116]
14:17:33.0 (43020973)|HEAP_ALLOCATE|[116]|Bytes:18
14:17:33.0 (43072881)|HEAP_ALLOCATE|[EXTERNAL]|Bytes:4
14:17:33.0 (43085988)|HEAP_ALLOCATE|[114]|Bytes:5
14:17:33.0 (43093864)|HEAP_ALLOCATE|[114]|Bytes:16
14:17:33.0 (43098819)|VARIABLE_SCOPE_BEGIN|[114]|rec|RecordType|true|false
14:17:33.0 (43108565)|VARIABLE_ASSIGNMENT|[114]|rec|{"Id":"01224000000Sn4OAAS","Name":"Afroepen","DeveloperName":"Invoked"}|0x27e8e61c
14:17:33.0 (43110961)|STATEMENT_EXECUTE|[114]
14:17:33.0 (43112153)|STATEMENT_EXECUTE|[116]
14:17:33.0 (43120700)|HEAP_ALLOCATE|[116]|Bytes:18
14:17:33.0 (43131544)|HEAP_ALLOCATE|[EXTERNAL]|Bytes:4
14:17:33.0 (43139338)|HEAP_ALLOCATE|[114]|Bytes:5
14:17:33.0 (43145385)|HEAP_ALLOCATE|[114]|Bytes:16
14:17:33.0 (43148824)|VARIABLE_SCOPE_BEGIN|[114]|rec|RecordType|true|false
14:17:33.0 (43155792)|VARIABLE_ASSIGNMENT|[114]|rec|{"Id":"01224000000Sn4PAAS","Name":"Afwijzen","DeveloperName":"Rejected"}|0x36e42da1
14:17:33.0 (43158053)|STATEMENT_EXECUTE|[114]
14:17:33.0 (43159037)|STATEMENT_EXECUTE|[116]
14:17:33.0 (43164421)|HEAP_ALLOCATE|[116]|Bytes:18
14:17:33.0 (43171871)|HEAP_ALLOCATE|[EXTERNAL]|Bytes:4
14:17:33.0 (43178738)|HEAP_ALLOCATE|[114]|Bytes:5
14:17:33.0 (43183924)|HEAP_ALLOCATE|[114]|Bytes:16
14:17:33.0 (43187001)|VARIABLE_SCOPE_BEGIN|[114]|rec|RecordType|true|false
14:17:33.0 (43192566)|VARIABLE_ASSIGNMENT|[114]|rec|{"Id":"01224000000Sn4MAAS","Name":"Ontvangen","DeveloperName":"Delivered_2_Hub"}|0x4e586b79
14:17:33.0 (43194904)|STATEMENT_EXECUTE|[114]
14:17:33.0 (43195904)|STATEMENT_EXECUTE|[116]
14:17:33.0 (43200875)|HEAP_ALLOCATE|[116]|Bytes:18
14:17:33.0 (43208220)|HEAP_ALLOCATE|[EXTERNAL]|Bytes:4
14:17:33.0 (43214888)|HEAP_ALLOCATE|[114]|Bytes:5
14:17:33.0 (43220032)|HEAP_ALLOCATE|[114]|Bytes:16
14:17:33.0 (43223052)|VARIABLE_SCOPE_BEGIN|[114]|rec|RecordType|true|false
14:17:33.0 (43228396)|VARIABLE_ASSIGNMENT|[114]|rec|{"Id":"01224000000Sn4QAAS","Name":"Verwachten","DeveloperName":"Reserved"}|0x3d25081f
14:17:33.0 (43230366)|STATEMENT_EXECUTE|[114]
14:17:33.0 (43231317)|STATEMENT_EXECUTE|[116]
14:17:33.0 (43235949)|HEAP_ALLOCATE|[116]|Bytes:18
14:17:33.0 (43243052)|HEAP_ALLOCATE|[EXTERNAL]|Bytes:4
14:17:33.0 (43249528)|HEAP_ALLOCATE|[114]|Bytes:5
14:17:33.0 (43255719)|VARIABLE_ASSIGNMENT|[114]|rec|null|
14:17:33.0 (43258009)|STATEMENT_EXECUTE|[120]
14:17:33.0 (43734628)|SYSTEM_MODE_ENTER|true
14:17:33.0 (44834867)|VF_SERIALIZE_VIEWSTATE_BEGIN|06624000003h0Dq
14:17:33.0 (47889007)|VF_SERIALIZE_VIEWSTATE_END
14:17:33.50 (50541440)|CUMULATIVE_LIMIT_USAGE
14:17:33.50 (50541440)|LIMIT_USAGE_FOR_NS|(default)|
  Number of SOQL queries: 4 out of 100
  Number of query rows: 18 out of 50000
  Number of SOSL queries: 0 out of 20
  Number of DML statements: 0 out of 150
  Number of DML rows: 0 out of 10000
  Maximum CPU time: 0 out of 10000
  Maximum heap size: 0 out of 6000000
  Number of callouts: 0 out of 100
  Number of Email Invocations: 0 out of 10
  Number of future calls: 0 out of 50
  Number of queueable jobs added to the queue: 0 out of 50
  Number of Mobile Apex push calls: 0 out of 10

14:17:33.50 (50541440)|CUMULATIVE_LIMIT_USAGE_END

14:17:33.0 (50572874)|CODE_UNIT_FINISHED|VF: /apex/ChoseRecordType
14:17:33.0 (51302483)|EXECUTION_FINISHED
