38.0 APEX_CODE,DEBUG;APEX_PROFILING,INFO;CALLOUT,INFO;DB,INFO;SYSTEM,DEBUG;VALIDATION,INFO;VISUALFORCE,INFO;WAVE,INFO;WORKFLOW,INFO
11:13:42.0 (304971)|USER_INFO|[EXTERNAL]|00524000001e3Uj|bedrijfsbureau@gsa.nl.sandbox|Midden-Europese standaardtijd|GMT+02:00
11:13:42.0 (333403)|EXECUTION_STARTED
11:13:42.0 (336644)|CODE_UNIT_STARTED|[EXTERNAL]|06624000003h0Dq|VF: /apex/ChoseRecordType
11:13:42.0 (1962532)|SYSTEM_MODE_ENTER|true
11:13:42.0 (9076585)|SOQL_EXECUTE_BEGIN|[175]|Aggregations:0|SELECT Id, Name, DeveloperName FROM RecordType WHERE sObjectType = 'WWW_detail__c'
11:13:42.0 (20159348)|SOQL_EXECUTE_END|[175]|Rows:5
11:13:42.21 (21554550)|SYSTEM_MODE_ENTER|true
11:13:42.21 (21704173)|SYSTEM_MODE_ENTER|true
11:13:42.21 (21881452)|SYSTEM_MODE_ENTER|true
11:13:42.36 (36230949)|SYSTEM_MODE_ENTER|true
11:13:42.36 (36379534)|SYSTEM_MODE_ENTER|true
11:13:42.0 (36898098)|SYSTEM_MODE_ENTER|true
11:13:42.0 (44425011)|SYSTEM_MODE_ENTER|false
11:13:42.0 (44432171)|SYSTEM_MODE_EXIT|false
11:13:42.0 (44476475)|SYSTEM_MODE_ENTER|false
11:13:42.0 (44826226)|SOQL_EXECUTE_BEGIN|[23]|Aggregations:0|SELECT Id, Name, DeveloperName FROM RecordType WHERE sObjectType = :tmpVar1
11:13:42.0 (46825422)|SOQL_EXECUTE_END|[23]|Rows:5
11:13:42.0 (47244251)|SYSTEM_MODE_EXIT|false
11:13:42.0 (47458510)|SYSTEM_MODE_ENTER|true
11:13:42.0 (48608307)|VF_SERIALIZE_VIEWSTATE_BEGIN|06624000003h0Dq
11:13:42.0 (51609406)|VF_SERIALIZE_VIEWSTATE_END
11:13:42.54 (54418384)|CUMULATIVE_LIMIT_USAGE
11:13:42.54 (54418384)|LIMIT_USAGE_FOR_NS|(default)|
  Number of SOQL queries: 2 out of 100
  Number of query rows: 10 out of 50000
  Number of SOSL queries: 0 out of 20
  Number of DML statements: 0 out of 150
  Number of DML rows: 0 out of 10000
  Maximum CPU time: 0 out of 10000
  Maximum heap size: 0 out of 6000000
  Number of callouts: 0 out of 100
  Number of Email Invocations: 0 out of 10
  Number of future calls: 0 out of 50
  Number of queueable jobs added to the queue: 0 out of 50
  Number of Mobile Apex push calls: 0 out of 10

11:13:42.54 (54418384)|CUMULATIVE_LIMIT_USAGE_END

11:13:42.0 (54449288)|CODE_UNIT_FINISHED|VF: /apex/ChoseRecordType
11:13:42.0 (55194000)|EXECUTION_FINISHED
