37.0 APEX_CODE,FINEST;APEX_PROFILING,INFO;CALLOUT,INFO;DB,INFO;SYSTEM,DEBUG;VALIDATION,INFO;VISUALFORCE,INFO;WAVE,INFO;WORKFLOW,INFO
17:06:41.0 (53711)|USER_INFO|[EXTERNAL]|00524000001e3Uj|bedrijfsbureau@gsa.nl.sandbox|Midden-Europese standaardtijd|GMT+01:00
17:06:41.0 (78972)|EXECUTION_STARTED
17:06:41.0 (82387)|CODE_UNIT_STARTED|[EXTERNAL]|FutureHandler - state load
17:06:41.0 (2050231)|CODE_UNIT_FINISHED|FutureHandler - state load
17:06:41.0 (2853854)|EXECUTION_FINISHED
17:06:41.13 (13054577)|USER_INFO|[EXTERNAL]|00524000001e3Uj|bedrijfsbureau@gsa.nl.sandbox|Midden-Europese standaardtijd|GMT+01:00
17:06:41.13 (13063627)|EXECUTION_STARTED
17:06:41.13 (13066383)|CODE_UNIT_STARTED|[EXTERNAL]|01p2400000DcTyQ|ProjectUtil.addShares
17:06:41.13 (13220504)|HEAP_ALLOCATE|[72]|Bytes:3
17:06:41.13 (13251800)|HEAP_ALLOCATE|[77]|Bytes:152
17:06:41.13 (13264181)|HEAP_ALLOCATE|[342]|Bytes:408
17:06:41.13 (13277999)|HEAP_ALLOCATE|[355]|Bytes:408
17:06:41.13 (13290698)|HEAP_ALLOCATE|[467]|Bytes:48
17:06:41.13 (13313702)|HEAP_ALLOCATE|[139]|Bytes:6
17:06:41.13 (13325977)|HEAP_ALLOCATE|[EXTERNAL]|Bytes:14
17:06:41.13 (13328834)|HEAP_ALLOCATE|[EXTERNAL]|Bytes:23
17:06:41.13 (13336331)|METHOD_ENTRY|[1]|01p2400000DcTyQ|ProjectUtil.ProjectUtil()
17:06:41.13 (13339613)|STATEMENT_EXECUTE|[1]
17:06:41.13 (13343127)|STATEMENT_EXECUTE|[1]
17:06:41.13 (13346890)|METHOD_EXIT|[1]|ProjectUtil
17:06:41.13 (13355420)|HEAP_ALLOCATE|[EXTERNAL]|Bytes:8
17:06:41.13 (13362438)|VARIABLE_SCOPE_BEGIN|[104]|projectsIds|Set<Id>|true|false
17:06:41.13 (13387135)|VARIABLE_ASSIGNMENT|[104]|projectsIds|["a0q0E0000008ahlQAA"]|0x36e022b3
17:06:41.13 (13393342)|STATEMENT_EXECUTE|[104]
17:06:41.13 (13394847)|STATEMENT_EXECUTE|[105]
17:06:41.13 (13397515)|HEAP_ALLOCATE|[105]|Bytes:59
17:06:41.13 (13404950)|HEAP_ALLOCATE|[105]|Bytes:4
17:06:41.13 (13413508)|HEAP_ALLOCATE|[105]|Bytes:7
17:06:41.13 (13448207)|HEAP_ALLOCATE|[50]|Bytes:5
17:06:41.13 (13466686)|HEAP_ALLOCATE|[56]|Bytes:5
17:06:41.13 (13472328)|HEAP_ALLOCATE|[64]|Bytes:7
17:06:41.13 (13502374)|HEAP_ALLOCATE|[105]|Bytes:8
17:06:41.13 (13507549)|HEAP_ALLOCATE|[105]|Bytes:8
17:06:41.13 (13855017)|SOQL_EXECUTE_BEGIN|[105]|Aggregations:0|SELECT Id, Account__c FROM Projecten__c WHERE id = :tmpVar1
17:06:41.13 (15025693)|SOQL_EXECUTE_END|[105]|Rows:1
17:06:41.13 (15040403)|HEAP_ALLOCATE|[105]|Bytes:8
17:06:41.13 (15050282)|HEAP_ALLOCATE|[105]|Bytes:61
17:06:41.13 (15111280)|HEAP_ALLOCATE|[105]|Bytes:8
17:06:41.13 (15121532)|VARIABLE_SCOPE_BEGIN|[105]|projects|List<Projecten__c>|true|false
17:06:41.13 (15141890)|VARIABLE_ASSIGNMENT|[105]|projects|[{"Id":"a0q0E0000008ahlQAA","Account__c":"0010E000002eEwIQAU"}]|0x78cae213
17:06:41.13 (15144874)|STATEMENT_EXECUTE|[106]
17:06:41.13 (15151312)|HEAP_ALLOCATE|[106]|Bytes:4
17:06:41.13 (15184964)|VARIABLE_SCOPE_BEGIN|[106]|accIds|Set<Id>|true|false
17:06:41.13 (15203801)|VARIABLE_ASSIGNMENT|[106]|accIds|[]|0x30c6ea91
17:06:41.13 (15206246)|STATEMENT_EXECUTE|[107]
17:06:41.13 (15208904)|HEAP_ALLOCATE|[107]|Bytes:4
17:06:41.13 (15221328)|VARIABLE_SCOPE_BEGIN|[107]|prIds|Set<Id>|true|false
17:06:41.13 (15227681)|VARIABLE_ASSIGNMENT|[107]|prIds|[]|0x7e55b4a7
17:06:41.13 (15407201)|HEAP_ALLOCATE|[108]|Bytes:5
17:06:41.13 (15442242)|HEAP_ALLOCATE|[108]|Bytes:12
17:06:41.13 (15449887)|VARIABLE_SCOPE_BEGIN|[108]|pr|Projecten__c|true|false
17:06:41.13 (15461263)|VARIABLE_ASSIGNMENT|[108]|pr|{"Id":"a0q0E0000008ahlQAA","Account__c":"0010E000002eEwIQAU"}|0x59b161fd
17:06:41.13 (15464594)|STATEMENT_EXECUTE|[108]
17:06:41.13 (15465867)|STATEMENT_EXECUTE|[109]
17:06:41.13 (15511085)|HEAP_ALLOCATE|[EXTERNAL]|Bytes:4
17:06:41.13 (15517668)|STATEMENT_EXECUTE|[110]
17:06:41.13 (15548241)|HEAP_ALLOCATE|[EXTERNAL]|Bytes:4
17:06:41.13 (15558873)|HEAP_ALLOCATE|[108]|Bytes:5
17:06:41.13 (15570087)|VARIABLE_ASSIGNMENT|[108]|pr|null|
17:06:41.13 (15573109)|STATEMENT_EXECUTE|[112]
17:06:41.13 (15576004)|HEAP_ALLOCATE|[112]|Bytes:85
17:06:41.13 (15580586)|HEAP_ALLOCATE|[112]|Bytes:4
17:06:41.13 (15601923)|HEAP_ALLOCATE|[112]|Bytes:8
17:06:41.13 (15606128)|HEAP_ALLOCATE|[112]|Bytes:8
17:06:41.13 (16319000)|SOQL_EXECUTE_BEGIN|[112]|Aggregations:0|SELECT Id, AccountId__c FROM User WHERE (AccountId__c = :tmpVar1 AND isActive = TRUE)
17:06:41.13 (18310540)|SOQL_EXECUTE_END|[112]|Rows:0
17:06:41.13 (18326268)|HEAP_ALLOCATE|[112]|Bytes:4
17:06:41.13 (18352743)|HEAP_ALLOCATE|[112]|Bytes:0
17:06:41.13 (18406668)|HEAP_ALLOCATE|[112]|Bytes:4
17:06:41.13 (18418469)|VARIABLE_SCOPE_BEGIN|[112]|users|List<User>|true|false
17:06:41.13 (18431188)|VARIABLE_ASSIGNMENT|[112]|users|[]|0x1e8c090b
17:06:41.13 (18434907)|STATEMENT_EXECUTE|[113]
17:06:41.13 (18468537)|HEAP_ALLOCATE|[113]|Bytes:4
17:06:41.13 (18495974)|VARIABLE_SCOPE_BEGIN|[113]|userByAccId|Map<Id,List<User>>|true|false
17:06:41.13 (18507416)|VARIABLE_ASSIGNMENT|[113]|userByAccId|{}|0x472a464c
17:06:41.13 (18509691)|STATEMENT_EXECUTE|[114]
17:06:41.13 (18513444)|HEAP_ALLOCATE|[114]|Bytes:4
17:06:41.13 (18534873)|VARIABLE_SCOPE_BEGIN|[114]|usersIds|Set<Id>|true|false
17:06:41.13 (18545377)|VARIABLE_ASSIGNMENT|[114]|usersIds|[]|0x691b8a38
17:06:41.13 (18650279)|HEAP_ALLOCATE|[115]|Bytes:5
17:06:41.13 (18672603)|VARIABLE_ASSIGNMENT|[115]|u|null|
17:06:41.13 (18675390)|STATEMENT_EXECUTE|[115]
17:06:41.13 (18676904)|STATEMENT_EXECUTE|[123]
17:06:41.13 (18679801)|HEAP_ALLOCATE|[123]|Bytes:57
17:06:41.13 (18684699)|HEAP_ALLOCATE|[123]|Bytes:4
17:06:41.13 (18707716)|HEAP_ALLOCATE|[123]|Bytes:8
17:06:41.13 (18711825)|HEAP_ALLOCATE|[123]|Bytes:8
17:06:41.13 (18962875)|SOQL_EXECUTE_BEGIN|[123]|Aggregations:0|SELECT Id FROM Projecten__Share WHERE ParentId = :tmpVar1
17:06:41.13 (20780323)|SOQL_EXECUTE_END|[123]|Rows:1
17:06:41.13 (20798123)|HEAP_ALLOCATE|[123]|Bytes:8
17:06:41.13 (20806217)|HEAP_ALLOCATE|[123]|Bytes:29
17:06:41.13 (20852588)|HEAP_ALLOCATE|[123]|Bytes:8
17:06:41.13 (20861294)|VARIABLE_SCOPE_BEGIN|[123]|shares|List<Projecten__Share>|true|false
17:06:41.13 (20875826)|VARIABLE_ASSIGNMENT|[123]|shares|[{"Id":"02c0E000002ve5UQAQ"}]|0x6e8d7ea4
17:06:41.13 (20878709)|STATEMENT_EXECUTE|[124]
17:06:41.13 (20880054)|STATEMENT_EXECUTE|[124]
17:06:41.13 (20881097)|STATEMENT_EXECUTE|[125]
17:06:41.13 (20929680)|DML_BEGIN|[125]|Op:Delete|Type:Projecten__Share|Rows:1
17:06:41.13 (20951305)|HEAP_ALLOCATE|[EXTERNAL]|Bytes:8
17:06:41.13 (31513548)|DML_END|[125]
17:06:41.13 (31563905)|HEAP_ALLOCATE|[EXTERNAL]|Bytes:8
17:06:41.13 (31574680)|STATEMENT_EXECUTE|[130]
17:06:41.13 (31580124)|HEAP_ALLOCATE|[130]|Bytes:4
17:06:41.13 (31618872)|VARIABLE_SCOPE_BEGIN|[130]|toInsert|List<Projecten__Share>|true|false
17:06:41.13 (31626392)|HEAP_ALLOCATE|[EXTERNAL]|Bytes:4
17:06:41.13 (31633488)|VARIABLE_ASSIGNMENT|[130]|toInsert|[]|0x4804317d
17:06:41.13 (31677512)|HEAP_ALLOCATE|[131]|Bytes:5
17:06:41.13 (31689048)|HEAP_ALLOCATE|[131]|Bytes:12
17:06:41.13 (31695260)|VARIABLE_SCOPE_BEGIN|[131]|pr|Projecten__c|true|false
17:06:41.13 (31705942)|VARIABLE_ASSIGNMENT|[131]|pr|{"Id":"a0q0E0000008ahlQAA","Account__c":"0010E000002eEwIQAU"}|0x59b161fd
17:06:41.13 (31709116)|STATEMENT_EXECUTE|[131]
17:06:41.13 (31710613)|STATEMENT_EXECUTE|[132]
17:06:41.13 (31760697)|USER_DEBUG|[132]|DEBUG|null
17:06:41.13 (31785696)|STATEMENT_EXECUTE|[133]
17:06:41.13 (31793928)|HEAP_ALLOCATE|[131]|Bytes:5
17:06:41.13 (31803089)|VARIABLE_ASSIGNMENT|[131]|pr|null|
17:06:41.13 (31805449)|STATEMENT_EXECUTE|[142]
17:06:41.13 (31863767)|HEAP_ALLOCATE|[EXTERNAL]|Bytes:4
17:06:41.13 (31868842)|STATEMENT_EXECUTE|[143]
17:06:41.13 (31872265)|HEAP_ALLOCATE|[143]|Bytes:9
17:06:41.13 (31912425)|HEAP_ALLOCATE|[143]|Bytes:2
17:06:41.13 (31926476)|HEAP_ALLOCATE|[143]|Bytes:11
17:06:41.13 (31946610)|USER_DEBUG|[143]|DEBUG|toInsert ()
17:06:41.31 (31957263)|CUMULATIVE_LIMIT_USAGE
17:06:41.31 (31957263)|LIMIT_USAGE_FOR_NS|(default)|
  Number of SOQL queries: 3 out of 200
  Number of query rows: 2 out of 50000
  Number of SOSL queries: 0 out of 20
  Number of DML statements: 1 out of 150
  Number of DML rows: 1 out of 10000
  Maximum CPU time: 0 out of 60000
  Maximum heap size: 0 out of 12000000
  Number of callouts: 0 out of 100
  Number of Email Invocations: 0 out of 10
  Number of future calls: 0 out of 50
  Number of queueable jobs added to the queue: 0 out of 1
  Number of Mobile Apex push calls: 0 out of 10

17:06:41.31 (31957263)|CUMULATIVE_LIMIT_USAGE_END

17:06:41.13 (31983897)|CODE_UNIT_FINISHED|ProjectUtil.addShares
17:06:41.13 (32723613)|EXECUTION_FINISHED
