36.0 APEX_CODE,FINEST;APEX_PROFILING,INFO;CALLOUT,INFO;DB,INFO;SYSTEM,DEBUG;VALIDATION,INFO;VISUALFORCE,INFO;WORKFLOW,INFO
17:00:28.0 (69710)|USER_INFO|[EXTERNAL]|00524000001e3Uj|bedrijfsbureau@gsa.nl.sandbox|Midden-Europese standaardtijd|GMT+01:00
17:00:28.0 (95952)|EXECUTION_STARTED
17:00:28.0 (99544)|CODE_UNIT_STARTED|[EXTERNAL]|TRIGGERS
17:00:28.0 (831275)|CODE_UNIT_STARTED|[EXTERNAL]|01q2400000131KI|SubLocationDetailTrigger on SublocationDetail trigger event BeforeDelete for [a080E000000EdB0]
17:00:28.0 (886367)|HEAP_ALLOCATE|[EXTERNAL]|Bytes:8
17:00:28.0 (1286291)|HEAP_ALLOCATE|[72]|Bytes:3
17:00:28.0 (1322293)|HEAP_ALLOCATE|[77]|Bytes:152
17:00:28.0 (1334656)|HEAP_ALLOCATE|[342]|Bytes:408
17:00:28.0 (1345639)|HEAP_ALLOCATE|[355]|Bytes:408
17:00:28.0 (1354974)|HEAP_ALLOCATE|[467]|Bytes:48
17:00:28.0 (1379801)|HEAP_ALLOCATE|[139]|Bytes:6
17:00:28.0 (1402251)|HEAP_ALLOCATE|[EXTERNAL]|Bytes:4
17:00:28.0 (1408538)|VARIABLE_SCOPE_BEGIN|[1]|this|SubLocationDetailTrigger|true|false
17:00:28.0 (1447280)|VARIABLE_ASSIGNMENT|[1]|this|{}|0x753cf878
17:00:28.0 (1482581)|HEAP_ALLOCATE|[EXTERNAL]|Bytes:4
17:00:28.0 (1487289)|VARIABLE_SCOPE_BEGIN|[1]|this|SubLocationDetailTrigger|true|false
17:00:28.0 (1494427)|VARIABLE_ASSIGNMENT|[1]|this|{}|0x753cf878
17:00:28.0 (1498106)|STATEMENT_EXECUTE|[1]
17:00:28.0 (1499741)|STATEMENT_EXECUTE|[10]
17:00:28.0 (3162366)|HEAP_ALLOCATE|[10]|Bytes:2
17:00:28.0 (3197514)|METHOD_ENTRY|[1]|01p2400000Cr9rX|TriggerParams.TriggerParams()
17:00:28.0 (3201038)|STATEMENT_EXECUTE|[1]
17:00:28.0 (3204591)|STATEMENT_EXECUTE|[1]
17:00:28.0 (3232801)|HEAP_ALLOCATE|[50]|Bytes:5
17:00:28.0 (3255167)|HEAP_ALLOCATE|[56]|Bytes:5
17:00:28.0 (3261419)|HEAP_ALLOCATE|[64]|Bytes:7
17:00:28.0 (3280656)|HEAP_ALLOCATE|[10]|Bytes:5
17:00:28.0 (3288886)|METHOD_EXIT|[1]|TriggerParams
17:00:28.0 (3327306)|HEAP_ALLOCATE|[10]|Bytes:44
17:00:28.0 (3473356)|CONSTRUCTOR_ENTRY|[10]|01p2400000Cr9rX|<init>(Boolean,Boolean,Boolean,Boolean,Boolean,Boolean,List<SObject>,List<SObject>,Map<Id,SObject>,Map<Id,SObject>)
17:00:28.0 (3507330)|VARIABLE_SCOPE_BEGIN|[13]|this|TriggerParams|true|false
17:00:28.0 (3535819)|VARIABLE_ASSIGNMENT|[13]|this|{}|0x6d9c7043
17:00:28.0 (3540739)|VARIABLE_SCOPE_BEGIN|[13]|isBefore|Boolean|false|false
17:00:28.0 (3546502)|VARIABLE_ASSIGNMENT|[13]|isBefore|true
17:00:28.0 (3548766)|VARIABLE_SCOPE_BEGIN|[13]|isAfter|Boolean|false|false
17:00:28.0 (3550962)|VARIABLE_ASSIGNMENT|[13]|isAfter|false
17:00:28.0 (3552808)|VARIABLE_SCOPE_BEGIN|[13]|isInsert|Boolean|false|false
17:00:28.0 (3554768)|VARIABLE_ASSIGNMENT|[13]|isInsert|false
17:00:28.0 (3556614)|VARIABLE_SCOPE_BEGIN|[13]|isUpdate|Boolean|false|false
17:00:28.0 (3558436)|VARIABLE_ASSIGNMENT|[13]|isUpdate|false
17:00:28.0 (3560207)|VARIABLE_SCOPE_BEGIN|[13]|isDelete|Boolean|false|false
17:00:28.0 (3562026)|VARIABLE_ASSIGNMENT|[13]|isDelete|true
17:00:28.0 (3563719)|VARIABLE_SCOPE_BEGIN|[13]|isUndelete|Boolean|false|false
17:00:28.0 (3566087)|VARIABLE_ASSIGNMENT|[13]|isUndelete|false
17:00:28.0 (3568133)|VARIABLE_SCOPE_BEGIN|[13]|triggerNew|List<SObject>|true|false
17:00:28.0 (3571098)|VARIABLE_ASSIGNMENT|[13]|triggerNew|null|
17:00:28.0 (3572720)|VARIABLE_SCOPE_BEGIN|[13]|triggerOld|List<SObject>|true|false
17:00:28.0 (13211315)|VARIABLE_ASSIGNMENT|[13]|triggerOld|{"s":1,"v":[{"LastModifiedDate":"2017-01-26T15:59:16.000Z","ProjectId__c":"a0q0E0000008S3W","IsDeleted":false,"ProjectCode__c":"5700","Name":"SD-6273","SystemModstamp":"2017-01-26T15:59:16.000Z","Number_of_items__c":1,"CreatedById":"00524000001e3UjAAI","Reserved__c":false,"CreatedDate":"2017-01-21T15:26:01.000Z","Location__c":"a0B0E0000009Mj1UAE","To_sum__c":false,"Id":"a080E000000EdB0QAK","WWW_Detail_r_RecordT (20 more) ...":"Delivered_2_Project","WWW_Detail__c":"a0s0E0000004E33QAE","LastModifiedById":"00524000001e3UjAAI"}]}|0x151f23a0
17:00:28.0 (13221779)|VARIABLE_SCOPE_BEGIN|[13]|newMap|Map<Id,SObject>|true|false
17:00:28.0 (13226629)|VARIABLE_ASSIGNMENT|[13]|newMap|null|
17:00:28.0 (13228790)|VARIABLE_SCOPE_BEGIN|[13]|oldMap|Map<Id,SObject>|true|false
17:00:28.0 (13349480)|VARIABLE_ASSIGNMENT|[13]|oldMap|{"s":1,"v":{"a080E000000EdB0QAK":{"LastModifiedDate":"2017-01-26T15:59:16.000Z","ProjectId__c":"a0q0E0000008S3W","IsDeleted":false,"ProjectCode__c":"5700","Name":"SD-6273","SystemModstamp":"2017-01-26T15:59:16.000Z","Number_of_items__c":1,"CreatedById":"00524000001e3UjAAI","Reserved__c":false,"CreatedDate":"2017-01-21T15:26:01.000Z","Location__c":"a0B0E0000009Mj1UAE","To_sum__c":false,"Id":"a080E000000EdB0QAK","WWW_Detail_r_RecordT (20 more) ...":"Delivered_2_Project","WWW_Detail__c":"a0s0E0000004E33QAE","LastModifiedById":"00524000001e3UjAAI"}}}|0x386e8268
17:00:28.0 (13372700)|HEAP_ALLOCATE|[16]|Bytes:5
17:00:28.0 (13379164)|STATEMENT_EXECUTE|[1]
17:00:28.0 (13383071)|HEAP_ALLOCATE|[16]|Bytes:5
17:00:28.0 (13396042)|STATEMENT_EXECUTE|[2]
17:00:28.0 (13398222)|STATEMENT_EXECUTE|[3]
17:00:28.0 (13399766)|STATEMENT_EXECUTE|[4]
17:00:28.0 (13401619)|STATEMENT_EXECUTE|[5]
17:00:28.0 (13403269)|STATEMENT_EXECUTE|[6]
17:00:28.0 (13404633)|STATEMENT_EXECUTE|[7]
17:00:28.0 (13406046)|STATEMENT_EXECUTE|[8]
17:00:28.0 (13407427)|STATEMENT_EXECUTE|[9]
17:00:28.0 (13409014)|STATEMENT_EXECUTE|[10]
17:00:28.0 (13410604)|STATEMENT_EXECUTE|[11]
17:00:28.0 (13424021)|HEAP_ALLOCATE|[16]|Bytes:6
17:00:28.0 (13450148)|STATEMENT_EXECUTE|[15]
17:00:28.0 (13452208)|STATEMENT_EXECUTE|[16]
17:00:28.0 (13457415)|HEAP_ALLOCATE|[16]|Bytes:5
17:00:28.0 (13469892)|VARIABLE_ASSIGNMENT|[16]|this.isBefore|true|0x6d9c7043
17:00:28.0 (13472384)|STATEMENT_EXECUTE|[17]
17:00:28.0 (13475881)|HEAP_ALLOCATE|[17]|Bytes:5
17:00:28.0 (13482607)|VARIABLE_ASSIGNMENT|[17]|this.isAfter|false|0x6d9c7043
17:00:28.0 (13484942)|STATEMENT_EXECUTE|[18]
17:00:28.0 (13488171)|HEAP_ALLOCATE|[18]|Bytes:5
17:00:28.0 (13494392)|VARIABLE_ASSIGNMENT|[18]|this.isInsert|false|0x6d9c7043
17:00:28.0 (13496778)|STATEMENT_EXECUTE|[19]
17:00:28.0 (13499643)|HEAP_ALLOCATE|[19]|Bytes:5
17:00:28.0 (13506269)|VARIABLE_ASSIGNMENT|[19]|this.isUpdate|false|0x6d9c7043
17:00:28.0 (13508588)|STATEMENT_EXECUTE|[20]
17:00:28.0 (13511794)|HEAP_ALLOCATE|[20]|Bytes:5
17:00:28.0 (13517939)|VARIABLE_ASSIGNMENT|[20]|this.isDelete|true|0x6d9c7043
17:00:28.0 (13520160)|STATEMENT_EXECUTE|[21]
17:00:28.0 (13523636)|HEAP_ALLOCATE|[21]|Bytes:5
17:00:28.0 (13529783)|VARIABLE_ASSIGNMENT|[21]|this.isUndelete|false|0x6d9c7043
17:00:28.0 (13532012)|STATEMENT_EXECUTE|[22]
17:00:28.0 (13538461)|VARIABLE_ASSIGNMENT|[22]|this.triggerNew|null|0x6d9c7043
17:00:28.0 (13540931)|STATEMENT_EXECUTE|[23]
17:00:28.0 (13708888)|VARIABLE_ASSIGNMENT|[23]|this.triggerOld|{"s":1,"v":[{"LastModifiedDate":"2017-01-26T15:59:16.000Z","ProjectId__c":"a0q0E0000008S3W","IsDeleted":false,"ProjectCode__c":"5700","Name":"SD-6273","SystemModstamp":"2017-01-26T15:59:16.000Z","Number_of_items__c":1,"CreatedById":"00524000001e3UjAAI","Reserved__c":false,"CreatedDate":"2017-01-21T15:26:01.000Z","Location__c":"a0B0E0000009Mj1UAE","To_sum__c":false,"Id":"a080E000000EdB0QAK","WWW_Detail_r_RecordT (20 more) ...":"Delivered_2_Project","WWW_Detail__c":"a0s0E0000004E33QAE","LastModifiedById":"00524000001e3UjAAI"}]}|0x6d9c7043
17:00:28.0 (13717259)|STATEMENT_EXECUTE|[24]
17:00:28.0 (13730560)|VARIABLE_ASSIGNMENT|[24]|this.newMap|null|0x6d9c7043
17:00:28.0 (13733154)|STATEMENT_EXECUTE|[25]
17:00:28.0 (13889364)|VARIABLE_ASSIGNMENT|[25]|this.oldMap|{"s":1,"v":{"a080E000000EdB0QAK":{"LastModifiedDate":"2017-01-26T15:59:16.000Z","ProjectId__c":"a0q0E0000008S3W","IsDeleted":false,"ProjectCode__c":"5700","Name":"SD-6273","SystemModstamp":"2017-01-26T15:59:16.000Z","Number_of_items__c":1,"CreatedById":"00524000001e3UjAAI","Reserved__c":false,"CreatedDate":"2017-01-21T15:26:01.000Z","Location__c":"a0B0E0000009Mj1UAE","To_sum__c":false,"Id":"a080E000000EdB0QAK","WWW_Detail_r_RecordT (20 more) ...":"Delivered_2_Project","WWW_Detail__c":"a0s0E0000004E33QAE","LastModifiedById":"00524000001e3UjAAI"}}}|0x6d9c7043
17:00:28.0 (13924451)|CONSTRUCTOR_EXIT|[10]|01p2400000Cr9rX|<init>(Boolean,Boolean,Boolean,Boolean,Boolean,Boolean,List<SObject>,List<SObject>,Map<Id,SObject>,Map<Id,SObject>)
17:00:28.0 (20441122)|HEAP_ALLOCATE|[10]|Bytes:31
17:00:28.0 (20448006)|HEAP_ALLOCATE|[10]|Bytes:80
17:00:28.0 (20458712)|METHOD_ENTRY|[1]|01p2400000DUoK9|SubLocationDetailUtil.SubLocationDetailUtil()
17:00:28.0 (20461364)|STATEMENT_EXECUTE|[1]
17:00:28.0 (20464570)|STATEMENT_EXECUTE|[1]
17:00:28.0 (20805895)|SYSTEM_MODE_ENTER|false
17:00:28.0 (20813434)|HEAP_ALLOCATE|[10]|Bytes:5
17:00:28.0 (20819719)|SYSTEM_MODE_EXIT|false
17:00:28.0 (20826871)|METHOD_EXIT|[1]|SubLocationDetailUtil
17:00:28.0 (20850024)|METHOD_ENTRY|[10]|01p2400000DUoK9|SubLocationDetailUtil.entry(TriggerParams)
17:00:28.0 (20855924)|VARIABLE_SCOPE_BEGIN|[2]|triggerParams|TriggerParams|true|false
17:00:28.0 (20883410)|VARIABLE_ASSIGNMENT|[2]|triggerParams|{"isAfter":false,"isBefore":true,"isDelete":true,"isInsert":false,"isUndelete":false,"isUpdate":false,"oldMap":"0x386e8268","triggerOld":"0x151f23a0"}|0x6d9c7043
17:00:28.0 (20891601)|SYSTEM_MODE_ENTER|false
17:00:28.0 (20895328)|HEAP_ALLOCATE|[3]|Bytes:5
17:00:28.0 (20898665)|STATEMENT_EXECUTE|[2]
17:00:28.0 (20899883)|STATEMENT_EXECUTE|[3]
17:00:28.0 (20908659)|VARIABLE_SCOPE_BEGIN|[3]|triggerNew|List<SublocationDetail__c>|true|false
17:00:28.0 (20913243)|VARIABLE_ASSIGNMENT|[3]|triggerNew|null|
17:00:28.0 (20914826)|STATEMENT_EXECUTE|[4]
17:00:28.0 (20918605)|VARIABLE_SCOPE_BEGIN|[4]|triggerOld|List<SublocationDetail__c>|true|false
17:00:28.0 (21049084)|VARIABLE_ASSIGNMENT|[4]|triggerOld|{"s":1,"v":[{"LastModifiedDate":"2017-01-26T15:59:16.000Z","ProjectId__c":"a0q0E0000008S3W","IsDeleted":false,"ProjectCode__c":"5700","Name":"SD-6273","SystemModstamp":"2017-01-26T15:59:16.000Z","Number_of_items__c":1,"CreatedById":"00524000001e3UjAAI","Reserved__c":false,"CreatedDate":"2017-01-21T15:26:01.000Z","Location__c":"a0B0E0000009Mj1UAE","To_sum__c":false,"Id":"a080E000000EdB0QAK","WWW_Detail_r_RecordT (20 more) ...":"Delivered_2_Project","WWW_Detail__c":"a0s0E0000004E33QAE","LastModifiedById":"00524000001e3UjAAI"}]}|0x151f23a0
17:00:28.0 (21054530)|STATEMENT_EXECUTE|[5]
17:00:28.0 (21062792)|VARIABLE_SCOPE_BEGIN|[5]|oldMap|Map<Id,SublocationDetail__c>|true|false
17:00:28.0 (21161438)|VARIABLE_ASSIGNMENT|[5]|oldMap|{"s":1,"v":{"a080E000000EdB0QAK":{"LastModifiedDate":"2017-01-26T15:59:16.000Z","ProjectId__c":"a0q0E0000008S3W","IsDeleted":false,"ProjectCode__c":"5700","Name":"SD-6273","SystemModstamp":"2017-01-26T15:59:16.000Z","Number_of_items__c":1,"CreatedById":"00524000001e3UjAAI","Reserved__c":false,"CreatedDate":"2017-01-21T15:26:01.000Z","Location__c":"a0B0E0000009Mj1UAE","To_sum__c":false,"Id":"a080E000000EdB0QAK","WWW_Detail_r_RecordT (20 more) ...":"Delivered_2_Project","WWW_Detail__c":"a0s0E0000004E33QAE","LastModifiedById":"00524000001e3UjAAI"}}}|0x386e8268
17:00:28.0 (21166562)|STATEMENT_EXECUTE|[6]
17:00:28.0 (21171277)|VARIABLE_SCOPE_BEGIN|[6]|newMap|Map<Id,SublocationDetail__c>|true|false
17:00:28.0 (21175408)|VARIABLE_ASSIGNMENT|[6]|newMap|null|
17:00:28.0 (21180356)|STATEMENT_EXECUTE|[9]
17:00:28.0 (21183424)|SYSTEM_MODE_EXIT|false
17:00:28.0 (21191121)|METHOD_EXIT|[10]|01p2400000DUoK9|SubLocationDetailUtil.entry(TriggerParams)
17:00:28.21 (21204169)|CUMULATIVE_LIMIT_USAGE
17:00:28.21 (21204169)|LIMIT_USAGE_FOR_NS|(default)|
  Number of SOQL queries: 0 out of 100
  Number of query rows: 0 out of 50000
  Number of SOSL queries: 0 out of 20
  Number of DML statements: 0 out of 150
  Number of DML rows: 0 out of 10000
  Maximum CPU time: 0 out of 10000
  Maximum heap size: 0 out of 6000000
  Number of callouts: 0 out of 100
  Number of Email Invocations: 0 out of 10
  Number of future calls: 0 out of 50
  Number of queueable jobs added to the queue: 0 out of 50
  Number of Mobile Apex push calls: 0 out of 10

17:00:28.21 (21204169)|CUMULATIVE_LIMIT_USAGE_END

17:00:28.0 (22222035)|CODE_UNIT_FINISHED|SubLocationDetailTrigger on SublocationDetail trigger event BeforeDelete for [a080E000000EdB0]
17:00:28.0 (226390372)|CODE_UNIT_STARTED|[EXTERNAL]|01q2400000131KI|SubLocationDetailTrigger on SublocationDetail trigger event AfterDelete for [a080E000000EdB0]
17:00:28.0 (226423433)|HEAP_ALLOCATE|[EXTERNAL]|Bytes:8
17:00:28.0 (226504390)|HEAP_ALLOCATE|[EXTERNAL]|Bytes:4
17:00:28.0 (226513748)|VARIABLE_SCOPE_BEGIN|[1]|this|SubLocationDetailTrigger|true|false
17:00:28.0 (226539174)|VARIABLE_ASSIGNMENT|[1]|this|{}|0x7a72b22b
17:00:28.0 (226563318)|HEAP_ALLOCATE|[EXTERNAL]|Bytes:4
17:00:28.0 (226567258)|VARIABLE_SCOPE_BEGIN|[1]|this|SubLocationDetailTrigger|true|false
17:00:28.0 (226573143)|VARIABLE_ASSIGNMENT|[1]|this|{}|0x7a72b22b
17:00:28.0 (226576835)|STATEMENT_EXECUTE|[1]
17:00:28.0 (226578331)|STATEMENT_EXECUTE|[10]
17:00:28.0 (226584518)|HEAP_ALLOCATE|[10]|Bytes:44
17:00:28.0 (226660724)|CONSTRUCTOR_ENTRY|[10]|01p2400000Cr9rX|<init>(Boolean,Boolean,Boolean,Boolean,Boolean,Boolean,List<SObject>,List<SObject>,Map<Id,SObject>,Map<Id,SObject>)
17:00:28.0 (226668003)|VARIABLE_SCOPE_BEGIN|[13]|this|TriggerParams|true|false
17:00:28.0 (226687368)|VARIABLE_ASSIGNMENT|[13]|this|{}|0x4e842011
17:00:28.0 (226695029)|VARIABLE_SCOPE_BEGIN|[13]|isBefore|Boolean|false|false
17:00:28.0 (226700674)|VARIABLE_ASSIGNMENT|[13]|isBefore|false
17:00:28.0 (226702987)|VARIABLE_SCOPE_BEGIN|[13]|isAfter|Boolean|false|false
17:00:28.0 (226705251)|VARIABLE_ASSIGNMENT|[13]|isAfter|true
17:00:28.0 (226707247)|VARIABLE_SCOPE_BEGIN|[13]|isInsert|Boolean|false|false
17:00:28.0 (226709392)|VARIABLE_ASSIGNMENT|[13]|isInsert|false
17:00:28.0 (226711271)|VARIABLE_SCOPE_BEGIN|[13]|isUpdate|Boolean|false|false
17:00:28.0 (226713157)|VARIABLE_ASSIGNMENT|[13]|isUpdate|false
17:00:28.0 (226714780)|VARIABLE_SCOPE_BEGIN|[13]|isDelete|Boolean|false|false
17:00:28.0 (226716581)|VARIABLE_ASSIGNMENT|[13]|isDelete|true
17:00:28.0 (226718345)|VARIABLE_SCOPE_BEGIN|[13]|isUndelete|Boolean|false|false
17:00:28.0 (226720409)|VARIABLE_ASSIGNMENT|[13]|isUndelete|false
17:00:28.0 (226722063)|VARIABLE_SCOPE_BEGIN|[13]|triggerNew|List<SObject>|true|false
17:00:28.0 (226724738)|VARIABLE_ASSIGNMENT|[13]|triggerNew|null|
17:00:28.0 (226726467)|VARIABLE_SCOPE_BEGIN|[13]|triggerOld|List<SObject>|true|false
17:00:28.0 (227228545)|VARIABLE_ASSIGNMENT|[13]|triggerOld|{"s":1,"v":[{"LastModifiedDate":"2017-01-26T15:59:16.000Z","ProjectId__c":"a0q0E0000008S3W","IsDeleted":false,"ProjectCode__c":"5700","Name":"SD-6273","SystemModstamp":"2017-01-26T15:59:16.000Z","Number_of_items__c":1,"CreatedById":"00524000001e3UjAAI","Reserved__c":false,"CreatedDate":"2017-01-21T15:26:01.000Z","Location__c":"a0B0E0000009Mj1UAE","To_sum__c":false,"Id":"a080E000000EdB0QAK","WWW_Detail_r_RecordT (20 more) ...":"Delivered_2_Project","WWW_Detail__c":"a0s0E0000004E33QAE","LastModifiedById":"00524000001e3UjAAI"}]}|0x6d4d34ad
17:00:28.0 (227235097)|VARIABLE_SCOPE_BEGIN|[13]|newMap|Map<Id,SObject>|true|false
17:00:28.0 (227239013)|VARIABLE_ASSIGNMENT|[13]|newMap|null|
17:00:28.0 (227240907)|VARIABLE_SCOPE_BEGIN|[13]|oldMap|Map<Id,SObject>|true|false
17:00:28.0 (227337378)|VARIABLE_ASSIGNMENT|[13]|oldMap|{"s":1,"v":{"a080E000000EdB0QAK":{"LastModifiedDate":"2017-01-26T15:59:16.000Z","ProjectId__c":"a0q0E0000008S3W","IsDeleted":false,"ProjectCode__c":"5700","Name":"SD-6273","SystemModstamp":"2017-01-26T15:59:16.000Z","Number_of_items__c":1,"CreatedById":"00524000001e3UjAAI","Reserved__c":false,"CreatedDate":"2017-01-21T15:26:01.000Z","Location__c":"a0B0E0000009Mj1UAE","To_sum__c":false,"Id":"a080E000000EdB0QAK","WWW_Detail_r_RecordT (20 more) ...":"Delivered_2_Project","WWW_Detail__c":"a0s0E0000004E33QAE","LastModifiedById":"00524000001e3UjAAI"}}}|0xf1b17fd
17:00:28.0 (227349460)|HEAP_ALLOCATE|[16]|Bytes:5
17:00:28.0 (227353413)|STATEMENT_EXECUTE|[1]
17:00:28.0 (227355771)|HEAP_ALLOCATE|[16]|Bytes:5
17:00:28.0 (227357395)|STATEMENT_EXECUTE|[2]
17:00:28.0 (227358993)|STATEMENT_EXECUTE|[3]
17:00:28.0 (227359952)|STATEMENT_EXECUTE|[4]
17:00:28.0 (227360996)|STATEMENT_EXECUTE|[5]
17:00:28.0 (227361930)|STATEMENT_EXECUTE|[6]
17:00:28.0 (227362980)|STATEMENT_EXECUTE|[7]
17:00:28.0 (227363987)|STATEMENT_EXECUTE|[8]
17:00:28.0 (227364941)|STATEMENT_EXECUTE|[9]
17:00:28.0 (227365868)|STATEMENT_EXECUTE|[10]
17:00:28.0 (227367425)|STATEMENT_EXECUTE|[11]
17:00:28.0 (227391012)|STATEMENT_EXECUTE|[15]
17:00:28.0 (227392412)|STATEMENT_EXECUTE|[16]
17:00:28.0 (227396105)|HEAP_ALLOCATE|[16]|Bytes:5
17:00:28.0 (227403813)|VARIABLE_ASSIGNMENT|[16]|this.isBefore|false|0x4e842011
17:00:28.0 (227405525)|STATEMENT_EXECUTE|[17]
17:00:28.0 (227407512)|HEAP_ALLOCATE|[17]|Bytes:5
17:00:28.0 (227410676)|VARIABLE_ASSIGNMENT|[17]|this.isAfter|true|0x4e842011
17:00:28.0 (227412433)|STATEMENT_EXECUTE|[18]
17:00:28.0 (227414423)|HEAP_ALLOCATE|[18]|Bytes:5
17:00:28.0 (227417642)|VARIABLE_ASSIGNMENT|[18]|this.isInsert|false|0x4e842011
17:00:28.0 (227418853)|STATEMENT_EXECUTE|[19]
17:00:28.0 (227420654)|HEAP_ALLOCATE|[19]|Bytes:5
17:00:28.0 (227423814)|VARIABLE_ASSIGNMENT|[19]|this.isUpdate|false|0x4e842011
17:00:28.0 (227424991)|STATEMENT_EXECUTE|[20]
17:00:28.0 (227426705)|HEAP_ALLOCATE|[20]|Bytes:5
17:00:28.0 (227429419)|VARIABLE_ASSIGNMENT|[20]|this.isDelete|true|0x4e842011
17:00:28.0 (227430787)|STATEMENT_EXECUTE|[21]
17:00:28.0 (227432620)|HEAP_ALLOCATE|[21]|Bytes:5
17:00:28.0 (227435621)|VARIABLE_ASSIGNMENT|[21]|this.isUndelete|false|0x4e842011
17:00:28.0 (227437168)|STATEMENT_EXECUTE|[22]
17:00:28.0 (227440752)|VARIABLE_ASSIGNMENT|[22]|this.triggerNew|null|0x4e842011
17:00:28.0 (227442275)|STATEMENT_EXECUTE|[23]
17:00:28.0 (227531731)|VARIABLE_ASSIGNMENT|[23]|this.triggerOld|{"s":1,"v":[{"LastModifiedDate":"2017-01-26T15:59:16.000Z","ProjectId__c":"a0q0E0000008S3W","IsDeleted":false,"ProjectCode__c":"5700","Name":"SD-6273","SystemModstamp":"2017-01-26T15:59:16.000Z","Number_of_items__c":1,"CreatedById":"00524000001e3UjAAI","Reserved__c":false,"CreatedDate":"2017-01-21T15:26:01.000Z","Location__c":"a0B0E0000009Mj1UAE","To_sum__c":false,"Id":"a080E000000EdB0QAK","WWW_Detail_r_RecordT (20 more) ...":"Delivered_2_Project","WWW_Detail__c":"a0s0E0000004E33QAE","LastModifiedById":"00524000001e3UjAAI"}]}|0x4e842011
17:00:28.0 (227535867)|STATEMENT_EXECUTE|[24]
17:00:28.0 (227541784)|VARIABLE_ASSIGNMENT|[24]|this.newMap|null|0x4e842011
17:00:28.0 (227543512)|STATEMENT_EXECUTE|[25]
17:00:28.0 (227623039)|VARIABLE_ASSIGNMENT|[25]|this.oldMap|{"s":1,"v":{"a080E000000EdB0QAK":{"LastModifiedDate":"2017-01-26T15:59:16.000Z","ProjectId__c":"a0q0E0000008S3W","IsDeleted":false,"ProjectCode__c":"5700","Name":"SD-6273","SystemModstamp":"2017-01-26T15:59:16.000Z","Number_of_items__c":1,"CreatedById":"00524000001e3UjAAI","Reserved__c":false,"CreatedDate":"2017-01-21T15:26:01.000Z","Location__c":"a0B0E0000009Mj1UAE","To_sum__c":false,"Id":"a080E000000EdB0QAK","WWW_Detail_r_RecordT (20 more) ...":"Delivered_2_Project","WWW_Detail__c":"a0s0E0000004E33QAE","LastModifiedById":"00524000001e3UjAAI"}}}|0x4e842011
17:00:28.0 (227644132)|CONSTRUCTOR_EXIT|[10]|01p2400000Cr9rX|<init>(Boolean,Boolean,Boolean,Boolean,Boolean,Boolean,List<SObject>,List<SObject>,Map<Id,SObject>,Map<Id,SObject>)
17:00:28.0 (227654514)|METHOD_ENTRY|[10]|01p2400000DUoK9|SubLocationDetailUtil.entry(TriggerParams)
17:00:28.0 (227659223)|VARIABLE_SCOPE_BEGIN|[2]|triggerParams|TriggerParams|true|false
17:00:28.0 (227681030)|VARIABLE_ASSIGNMENT|[2]|triggerParams|{"isAfter":true,"isBefore":false,"isDelete":true,"isInsert":false,"isUndelete":false,"isUpdate":false,"oldMap":"0xf1b17fd","triggerOld":"0x6d4d34ad"}|0x4e842011
17:00:28.0 (227986016)|SYSTEM_MODE_ENTER|false
17:00:28.0 (227993444)|HEAP_ALLOCATE|[3]|Bytes:5
17:00:28.0 (227997300)|STATEMENT_EXECUTE|[2]
17:00:28.0 (227998671)|STATEMENT_EXECUTE|[3]
17:00:28.0 (228004778)|VARIABLE_SCOPE_BEGIN|[3]|triggerNew|List<SublocationDetail__c>|true|false
17:00:28.0 (228010609)|VARIABLE_ASSIGNMENT|[3]|triggerNew|null|
17:00:28.0 (228012355)|STATEMENT_EXECUTE|[4]
17:00:28.0 (228016574)|VARIABLE_SCOPE_BEGIN|[4]|triggerOld|List<SublocationDetail__c>|true|false
17:00:28.0 (228119938)|VARIABLE_ASSIGNMENT|[4]|triggerOld|{"s":1,"v":[{"LastModifiedDate":"2017-01-26T15:59:16.000Z","ProjectId__c":"a0q0E0000008S3W","IsDeleted":false,"ProjectCode__c":"5700","Name":"SD-6273","SystemModstamp":"2017-01-26T15:59:16.000Z","Number_of_items__c":1,"CreatedById":"00524000001e3UjAAI","Reserved__c":false,"CreatedDate":"2017-01-21T15:26:01.000Z","Location__c":"a0B0E0000009Mj1UAE","To_sum__c":false,"Id":"a080E000000EdB0QAK","WWW_Detail_r_RecordT (20 more) ...":"Delivered_2_Project","WWW_Detail__c":"a0s0E0000004E33QAE","LastModifiedById":"00524000001e3UjAAI"}]}|0x6d4d34ad
17:00:28.0 (228125049)|STATEMENT_EXECUTE|[5]
17:00:28.0 (228130457)|VARIABLE_SCOPE_BEGIN|[5]|oldMap|Map<Id,SublocationDetail__c>|true|false
17:00:28.0 (228221759)|VARIABLE_ASSIGNMENT|[5]|oldMap|{"s":1,"v":{"a080E000000EdB0QAK":{"LastModifiedDate":"2017-01-26T15:59:16.000Z","ProjectId__c":"a0q0E0000008S3W","IsDeleted":false,"ProjectCode__c":"5700","Name":"SD-6273","SystemModstamp":"2017-01-26T15:59:16.000Z","Number_of_items__c":1,"CreatedById":"00524000001e3UjAAI","Reserved__c":false,"CreatedDate":"2017-01-21T15:26:01.000Z","Location__c":"a0B0E0000009Mj1UAE","To_sum__c":false,"Id":"a080E000000EdB0QAK","WWW_Detail_r_RecordT (20 more) ...":"Delivered_2_Project","WWW_Detail__c":"a0s0E0000004E33QAE","LastModifiedById":"00524000001e3UjAAI"}}}|0xf1b17fd
17:00:28.0 (228226219)|STATEMENT_EXECUTE|[6]
17:00:28.0 (228229605)|VARIABLE_SCOPE_BEGIN|[6]|newMap|Map<Id,SublocationDetail__c>|true|false
17:00:28.0 (228233432)|VARIABLE_ASSIGNMENT|[6]|newMap|null|
17:00:28.0 (228237095)|STATEMENT_EXECUTE|[9]
17:00:28.0 (228245318)|STATEMENT_EXECUTE|[10]
17:00:28.0 (228247281)|STATEMENT_EXECUTE|[15]
17:00:28.0 (228248761)|STATEMENT_EXECUTE|[20]
17:00:28.0 (228250601)|STATEMENT_EXECUTE|[26]
17:00:28.0 (228251657)|STATEMENT_EXECUTE|[27]
17:00:28.0 (228280098)|METHOD_ENTRY|[27]|01p2400000DUoK9|SubLocationDetailUtil.updateRecordsForReportBeforeDelete(List<SublocationDetail__c>)
17:00:28.0 (228354727)|VARIABLE_SCOPE_BEGIN|[177]|triggerOld|List<SublocationDetail__c>|true|false
17:00:28.0 (228456746)|VARIABLE_ASSIGNMENT|[177]|triggerOld|{"s":1,"v":[{"LastModifiedDate":"2017-01-26T15:59:16.000Z","ProjectId__c":"a0q0E0000008S3W","IsDeleted":false,"ProjectCode__c":"5700","Name":"SD-6273","SystemModstamp":"2017-01-26T15:59:16.000Z","Number_of_items__c":1,"CreatedById":"00524000001e3UjAAI","Reserved__c":false,"CreatedDate":"2017-01-21T15:26:01.000Z","Location__c":"a0B0E0000009Mj1UAE","To_sum__c":false,"Id":"a080E000000EdB0QAK","WWW_Detail_r_RecordT (20 more) ...":"Delivered_2_Project","WWW_Detail__c":"a0s0E0000004E33QAE","LastModifiedById":"00524000001e3UjAAI"}]}|0x6d4d34ad
17:00:28.0 (228467547)|HEAP_ALLOCATE|[179]|Bytes:5
17:00:28.0 (228471362)|STATEMENT_EXECUTE|[178]
17:00:28.0 (228472922)|STATEMENT_EXECUTE|[179]
17:00:28.0 (228485482)|HEAP_ALLOCATE|[179]|Bytes:4
17:00:28.0 (228520456)|VARIABLE_SCOPE_BEGIN|[179]|wwwDetailIds|Set<Id>|true|false
17:00:28.0 (228548004)|VARIABLE_ASSIGNMENT|[179]|wwwDetailIds|{"s":1,"v":[]}|0xf7c3f74
17:00:28.0 (228550378)|STATEMENT_EXECUTE|[180]
17:00:28.0 (228553762)|HEAP_ALLOCATE|[180]|Bytes:4
17:00:28.0 (228567256)|VARIABLE_SCOPE_BEGIN|[180]|locationsIds|Set<Id>|true|false
17:00:28.0 (228575970)|VARIABLE_ASSIGNMENT|[180]|locationsIds|{"s":1,"v":[]}|0xb909a6a
17:00:28.0 (228578002)|STATEMENT_EXECUTE|[181]
17:00:28.0 (228580470)|HEAP_ALLOCATE|[181]|Bytes:4
17:00:28.0 (228590363)|VARIABLE_SCOPE_BEGIN|[181]|projectIds|Set<Id>|true|false
17:00:28.0 (228597055)|VARIABLE_ASSIGNMENT|[181]|projectIds|{"s":1,"v":[]}|0x5c63d01a
17:00:28.0 (228598774)|STATEMENT_EXECUTE|[183]
17:00:28.0 (228659092)|HEAP_ALLOCATE|[183]|Bytes:4
17:00:28.0 (228710451)|VARIABLE_SCOPE_BEGIN|[183]|projects|List<Projecten__c>|true|false
17:00:28.0 (228716561)|HEAP_ALLOCATE|[EXTERNAL]|Bytes:4
17:00:28.0 (228724636)|VARIABLE_ASSIGNMENT|[183]|projects|{"s":1,"v":[]}|0x4d2d5be
17:00:28.0 (228726936)|STATEMENT_EXECUTE|[185]
17:00:28.0 (228787054)|HEAP_ALLOCATE|[185]|Bytes:4
17:00:28.0 (228811582)|VARIABLE_SCOPE_BEGIN|[185]|wwwDetailsByProjectId|Map<Id,List<WWW_Detail__c>>|true|false
17:00:28.0 (228821574)|VARIABLE_ASSIGNMENT|[185]|wwwDetailsByProjectId|{"s":1,"v":{}}|0x65774928
17:00:28.0 (228823618)|STATEMENT_EXECUTE|[186]
17:00:28.0 (228843851)|HEAP_ALLOCATE|[186]|Bytes:4
17:00:28.0 (228856364)|VARIABLE_SCOPE_BEGIN|[186]|sublocDetailByWwwDetailId|Map<Id,List<SublocationDetail__c>>|true|false
17:00:28.0 (228863791)|VARIABLE_ASSIGNMENT|[186]|sublocDetailByWwwDetailId|{"s":1,"v":{}}|0x353be8ed
17:00:28.0 (228865646)|STATEMENT_EXECUTE|[187]
17:00:28.0 (228869290)|HEAP_ALLOCATE|[187]|Bytes:4
17:00:28.0 (228874346)|VARIABLE_SCOPE_BEGIN|[187]|locationIdsByProjectId|Map<Id,Set<Id>>|true|false
17:00:28.0 (228879747)|VARIABLE_ASSIGNMENT|[187]|locationIdsByProjectId|{"s":1,"v":{}}|0x1da9e20
17:00:28.0 (229057421)|HEAP_ALLOCATE|[189]|Bytes:5
17:00:28.0 (229085719)|VARIABLE_SCOPE_BEGIN|[189]|sd|SublocationDetail__c|true|false
17:00:28.0 (229203031)|VARIABLE_ASSIGNMENT|[189]|sd|{"LastModifiedDate":"2017-01-26T15:59:16.000Z","ProjectId__c":"a0q0E0000008S3W","IsDeleted":false,"ProjectCode__c":"5700","Name":"SD-6273","SystemModstamp":"2017-01-26T15:59:16.000Z","Number_of_items__c":1,"CreatedById":"00524000001e3UjAAI","Reserved__c":false,"CreatedDate":"2017-01-21T15:26:01.000Z","Location__c":"a0B0E0000009Mj1UAE","To_sum__c":false,"Id":"a080E000000EdB0QAK","WWW_Detail_r_RecordT (20 more) ...":"Delivered_2_Project","WWW_Detail__c":"a0s0E0000004E33QAE","LastModifiedById":"00524000001e3UjAAI"}|0x265df3d3
17:00:28.0 (229208772)|STATEMENT_EXECUTE|[190]
17:00:28.0 (229210179)|STATEMENT_EXECUTE|[191]
17:00:28.0 (229277152)|HEAP_ALLOCATE|[EXTERNAL]|Bytes:4
17:00:28.0 (229284218)|STATEMENT_EXECUTE|[192]
17:00:28.0 (229322885)|HEAP_ALLOCATE|[EXTERNAL]|Bytes:4
17:00:28.0 (229350234)|STATEMENT_EXECUTE|[195]
17:00:28.0 (229351997)|STATEMENT_EXECUTE|[196]
17:00:28.0 (229357734)|HEAP_ALLOCATE|[196]|Bytes:4
17:00:28.0 (229379053)|HEAP_ALLOCATE|[EXTERNAL]|Bytes:4
17:00:28.0 (229382670)|HEAP_ALLOCATE|[EXTERNAL]|Bytes:-4
17:00:28.0 (229387062)|STATEMENT_EXECUTE|[198]
17:00:28.0 (229419034)|HEAP_ALLOCATE|[EXTERNAL]|Bytes:4
17:00:28.0 (229429747)|HEAP_ALLOCATE|[189]|Bytes:5
17:00:28.0 (229440789)|VARIABLE_ASSIGNMENT|[189]|sd|null|
17:00:28.0 (229443946)|STATEMENT_EXECUTE|[201]
17:00:28.0 (229447717)|HEAP_ALLOCATE|[201]|Bytes:66
17:00:28.0 (229454801)|HEAP_ALLOCATE|[201]|Bytes:4
17:00:28.0 (229461753)|HEAP_ALLOCATE|[201]|Bytes:7
17:00:28.0 (229493540)|HEAP_ALLOCATE|[201]|Bytes:8
17:00:28.0 (229498737)|HEAP_ALLOCATE|[201]|Bytes:8
17:00:28.0 (229755785)|SOQL_EXECUTE_BEGIN|[201]|Aggregations:0|SELECT Id, Name, Project__c FROM WWW_Detail__c WHERE Id = :tmpVar1
17:00:28.0 (240219109)|SOQL_EXECUTE_END|[201]|Rows:1
17:00:28.0 (240233611)|HEAP_ALLOCATE|[201]|Bytes:8
17:00:28.0 (240248441)|HEAP_ALLOCATE|[201]|Bytes:79
17:00:28.0 (240275161)|HEAP_ALLOCATE|[201]|Bytes:8
17:00:28.0 (240287656)|VARIABLE_SCOPE_BEGIN|[201]|wwwDetails|List<WWW_Detail__c>|true|false
17:00:28.0 (240311824)|VARIABLE_ASSIGNMENT|[201]|wwwDetails|{"s":1,"v":[{"s":2,"v":{"Id":"a0s0E0000004E33QAE","Name":"WWW-D-9958","Project__c":"a0q0E0000008S3WQAU"}}]}|0x2916988e
17:00:28.0 (240358968)|STATEMENT_EXECUTE|[203]
17:00:28.0 (240429284)|HEAP_ALLOCATE|[204]|Bytes:5
17:00:28.0 (240459026)|HEAP_ALLOCATE|[204]|Bytes:16
17:00:28.0 (240466046)|VARIABLE_SCOPE_BEGIN|[204]|wd|WWW_Detail__c|true|false
17:00:28.0 (240480038)|VARIABLE_ASSIGNMENT|[204]|wd|{"s":1,"v":{"Id":"a0s0E0000004E33QAE","Name":"WWW-D-9958","Project__c":"a0q0E0000008S3WQAU"}}|0x45d78cb2
17:00:28.0 (240483442)|STATEMENT_EXECUTE|[205]
17:00:28.0 (240535743)|STATEMENT_EXECUTE|[207]
17:00:28.0 (240537683)|STATEMENT_EXECUTE|[208]
17:00:28.0 (240544492)|HEAP_ALLOCATE|[208]|Bytes:4
17:00:28.0 (240563927)|HEAP_ALLOCATE|[EXTERNAL]|Bytes:4
17:00:28.0 (240566912)|HEAP_ALLOCATE|[EXTERNAL]|Bytes:-4
17:00:28.0 (240570880)|STATEMENT_EXECUTE|[210]
17:00:28.0 (240599876)|HEAP_ALLOCATE|[EXTERNAL]|Bytes:4
17:00:28.0 (240603599)|STATEMENT_EXECUTE|[211]
17:00:28.0 (240619877)|HEAP_ALLOCATE|[EXTERNAL]|Bytes:4
17:00:28.0 (240631697)|HEAP_ALLOCATE|[204]|Bytes:5
17:00:28.0 (240642000)|VARIABLE_ASSIGNMENT|[204]|wd|null|
17:00:28.0 (240644624)|STATEMENT_EXECUTE|[214]
17:00:28.0 (240679724)|HEAP_ALLOCATE|[214]|Bytes:4
17:00:28.0 (240711230)|VARIABLE_SCOPE_BEGIN|[214]|projectLocations|List<ProjectLocation__c>|true|false
17:00:28.0 (240716052)|HEAP_ALLOCATE|[EXTERNAL]|Bytes:4
17:00:28.0 (240724392)|VARIABLE_ASSIGNMENT|[214]|projectLocations|{"s":1,"v":[]}|0x707ca350
17:00:28.0 (240726707)|STATEMENT_EXECUTE|[216]
17:00:28.0 (240729905)|HEAP_ALLOCATE|[216]|Bytes:82
17:00:28.0 (240734556)|HEAP_ALLOCATE|[216]|Bytes:4
17:00:28.0 (240754771)|HEAP_ALLOCATE|[216]|Bytes:8
17:00:28.0 (240759490)|HEAP_ALLOCATE|[216]|Bytes:8
17:00:28.0 (241042152)|SOQL_EXECUTE_BEGIN|[216]|Aggregations:0|SELECT Project__c, Location__c FROM ProjectLocation__c WHERE Project__c = :tmpVar1
17:00:28.0 (248913990)|SOQL_EXECUTE_END|[216]|Rows:0
17:00:28.0 (248930924)|HEAP_ALLOCATE|[216]|Bytes:4
17:00:28.0 (248938947)|HEAP_ALLOCATE|[216]|Bytes:0
17:00:28.0 (248960649)|HEAP_ALLOCATE|[216]|Bytes:4
17:00:28.0 (248977574)|VARIABLE_ASSIGNMENT|[216]|projectLocations|{"s":1,"v":[]}|0x40301eee
17:00:28.0 (248980659)|STATEMENT_EXECUTE|[218]
17:00:28.0 (249052934)|HEAP_ALLOCATE|[EXTERNAL]|Bytes:4
17:00:28.0 (249059065)|STATEMENT_EXECUTE|[220]
17:00:28.0 (249080455)|HEAP_ALLOCATE|[220]|Bytes:4
17:00:28.0 (249084911)|HEAP_ALLOCATE|[220]|Bytes:4
17:00:28.0 (249106517)|HEAP_ALLOCATE|[220]|Bytes:8
17:00:28.0 (249111023)|HEAP_ALLOCATE|[220]|Bytes:8
17:00:28.0 (249265391)|SOQL_EXECUTE_BEGIN|[220]|Aggregations:0|SELECT Id, Name, Project__c FROM WWW_Detail__c WHERE Id = :tmpVar1
17:00:28.0 (256166651)|SOQL_EXECUTE_END|[220]|Rows:0
17:00:28.0 (256183198)|HEAP_ALLOCATE|[220]|Bytes:4
17:00:28.0 (256191246)|HEAP_ALLOCATE|[220]|Bytes:0
17:00:28.0 (256207979)|HEAP_ALLOCATE|[220]|Bytes:4
17:00:28.0 (256234356)|VARIABLE_SCOPE_BEGIN|[220]|wwwDetailsById|Map<Id,WWW_Detail__c>|true|false
17:00:28.0 (256249276)|VARIABLE_ASSIGNMENT|[220]|wwwDetailsById|{"s":1,"v":{}}|0x22e561a6
17:00:28.0 (256252428)|STATEMENT_EXECUTE|[221]
17:00:28.0 (256256388)|HEAP_ALLOCATE|[221]|Bytes:100
17:00:28.0 (256261642)|HEAP_ALLOCATE|[221]|Bytes:4
17:00:28.0 (256297721)|HEAP_ALLOCATE|[222]|Bytes:4
17:00:28.0 (256319593)|HEAP_ALLOCATE|[221]|Bytes:4
17:00:28.0 (256323141)|HEAP_ALLOCATE|[221]|Bytes:4
17:00:28.0 (256496320)|SOQL_EXECUTE_BEGIN|[221]|Aggregations:0|SELECT Id, Name, Location__c, WWW_Detail__c FROM SublocationDetail__c WHERE WWW_Detail__c = :tmpVar1
17:00:28.0 (257846813)|SOQL_EXECUTE_END|[221]|Rows:0
17:00:28.0 (257862522)|HEAP_ALLOCATE|[221]|Bytes:4
17:00:28.0 (257869945)|HEAP_ALLOCATE|[221]|Bytes:0
17:00:28.0 (257882090)|HEAP_ALLOCATE|[221]|Bytes:4
17:00:28.0 (257889433)|VARIABLE_SCOPE_BEGIN|[221]|subLocs|List<SublocationDetail__c>|true|false
17:00:28.0 (257902403)|VARIABLE_ASSIGNMENT|[221]|subLocs|{"s":1,"v":[]}|0x2501a569
17:00:28.0 (257905147)|STATEMENT_EXECUTE|[224]
17:00:28.0 (257920123)|METHOD_ENTRY|[224]|01p2400000DUoK9|SubLocationDetailUtil.prepareRecordsForReport(List<SublocationDetail__c>)
17:00:28.0 (257936832)|VARIABLE_SCOPE_BEGIN|[232]|subLocDetailList|List<SublocationDetail__c>|true|false
17:00:28.0 (257943483)|VARIABLE_ASSIGNMENT|[232]|subLocDetailList|{"s":1,"v":[]}|0x2501a569
17:00:28.0 (257952365)|HEAP_ALLOCATE|[234]|Bytes:5
17:00:28.0 (257955356)|STATEMENT_EXECUTE|[233]
17:00:28.0 (257956602)|STATEMENT_EXECUTE|[234]
17:00:28.0 (257959579)|HEAP_ALLOCATE|[234]|Bytes:26
17:00:28.0 (257994803)|USER_DEBUG|[234]|DEBUG|RUN manageRecordsForReport
17:00:28.0 (258000739)|STATEMENT_EXECUTE|[235]
17:00:28.0 (258005731)|HEAP_ALLOCATE|[235]|Bytes:4
17:00:28.0 (258023198)|VARIABLE_SCOPE_BEGIN|[235]|wwwDetailIds|Set<Id>|true|false
17:00:28.0 (258035406)|VARIABLE_ASSIGNMENT|[235]|wwwDetailIds|{"s":1,"v":[]}|0x23c19472
17:00:28.0 (258037942)|STATEMENT_EXECUTE|[236]
17:00:28.0 (258040693)|HEAP_ALLOCATE|[236]|Bytes:4
17:00:28.0 (258052157)|VARIABLE_SCOPE_BEGIN|[236]|locationsIds|Set<Id>|true|false
17:00:28.0 (258059094)|VARIABLE_ASSIGNMENT|[236]|locationsIds|{"s":1,"v":[]}|0xbc3478e
17:00:28.0 (258061090)|STATEMENT_EXECUTE|[237]
17:00:28.0 (258063404)|HEAP_ALLOCATE|[237]|Bytes:4
17:00:28.0 (258072838)|VARIABLE_SCOPE_BEGIN|[237]|projectIds|Set<Id>|true|false
17:00:28.0 (258078946)|VARIABLE_ASSIGNMENT|[237]|projectIds|{"s":1,"v":[]}|0x1fb8c49a
17:00:28.0 (258081042)|STATEMENT_EXECUTE|[239]
17:00:28.0 (258084289)|HEAP_ALLOCATE|[239]|Bytes:4
17:00:28.0 (258093288)|VARIABLE_SCOPE_BEGIN|[239]|projects|List<Projecten__c>|true|false
17:00:28.0 (258097311)|HEAP_ALLOCATE|[EXTERNAL]|Bytes:4
17:00:28.0 (258102064)|VARIABLE_ASSIGNMENT|[239]|projects|{"s":1,"v":[]}|0x3b34950e
17:00:28.0 (258103805)|STATEMENT_EXECUTE|[241]
17:00:28.0 (258106716)|HEAP_ALLOCATE|[241]|Bytes:4
17:00:28.0 (258115698)|VARIABLE_SCOPE_BEGIN|[241]|wwwDetailsByProjectId|Map<Id,List<WWW_Detail__c>>|true|false
17:00:28.0 (258123511)|VARIABLE_ASSIGNMENT|[241]|wwwDetailsByProjectId|{"s":1,"v":{}}|0x14f9e41e
17:00:28.0 (258125543)|STATEMENT_EXECUTE|[242]
17:00:28.0 (258127784)|HEAP_ALLOCATE|[242]|Bytes:4
17:00:28.0 (258130772)|VARIABLE_SCOPE_BEGIN|[242]|sublocDetailByWwwDetailId|Map<Id,List<SublocationDetail__c>>|true|false
17:00:28.0 (258135631)|VARIABLE_ASSIGNMENT|[242]|sublocDetailByWwwDetailId|{"s":1,"v":{}}|0x5972e38
17:00:28.0 (258137350)|STATEMENT_EXECUTE|[243]
17:00:28.0 (258139326)|HEAP_ALLOCATE|[243]|Bytes:4
17:00:28.0 (258142220)|VARIABLE_SCOPE_BEGIN|[243]|locationIdsByProjectId|Map<Id,Set<Id>>|true|false
17:00:28.0 (258146700)|VARIABLE_ASSIGNMENT|[243]|locationIdsByProjectId|{"s":1,"v":{}}|0x5c52b604
17:00:28.0 (258173687)|HEAP_ALLOCATE|[245]|Bytes:5
17:00:28.0 (258183765)|VARIABLE_ASSIGNMENT|[245]|sd|null|
17:00:28.0 (258186495)|STATEMENT_EXECUTE|[245]
17:00:28.0 (258187663)|STATEMENT_EXECUTE|[257]
17:00:28.0 (258190481)|HEAP_ALLOCATE|[257]|Bytes:37
17:00:28.0 (258235650)|HEAP_ALLOCATE|[257]|Bytes:2
17:00:28.0 (258250058)|HEAP_ALLOCATE|[257]|Bytes:39
17:00:28.0 (258259405)|USER_DEBUG|[257]|DEBUG|OBDEB sublocDetailByWwwDetailId -->> {}
17:00:28.0 (258263632)|STATEMENT_EXECUTE|[259]
17:00:28.0 (258267719)|HEAP_ALLOCATE|[259]|Bytes:4
17:00:28.0 (258286400)|HEAP_ALLOCATE|[259]|Bytes:4
17:00:28.0 (258290092)|HEAP_ALLOCATE|[259]|Bytes:4
17:00:28.0 (258435788)|SOQL_EXECUTE_BEGIN|[259]|Aggregations:0|SELECT Id, Name, Project__c FROM WWW_Detail__c WHERE Id = :tmpVar1
17:00:28.0 (259874686)|SOQL_EXECUTE_END|[259]|Rows:0
17:00:28.0 (259895727)|HEAP_ALLOCATE|[259]|Bytes:4
17:00:28.0 (259905051)|HEAP_ALLOCATE|[259]|Bytes:0
17:00:28.0 (259921482)|HEAP_ALLOCATE|[259]|Bytes:4
17:00:28.0 (259931366)|VARIABLE_SCOPE_BEGIN|[259]|wwwDetails|List<WWW_Detail__c>|true|false
17:00:28.0 (259947098)|VARIABLE_ASSIGNMENT|[259]|wwwDetails|{"s":1,"v":[]}|0x73567fba
17:00:28.0 (259978108)|STATEMENT_EXECUTE|[339]
17:00:28.0 (259979894)|STATEMENT_EXECUTE|[340]
17:00:28.0 (259990155)|METHOD_EXIT|[224]|01p2400000DUoK9|SubLocationDetailUtil.prepareRecordsForReport(List<SublocationDetail__c>)
17:00:28.0 (259994169)|VARIABLE_SCOPE_BEGIN|[224]|toInsert|List<ProjectLocation__c>|true|false
17:00:28.0 (259999406)|VARIABLE_ASSIGNMENT|[224]|toInsert|null|
17:00:28.0 (260002139)|STATEMENT_EXECUTE|[225]
17:00:28.0 (260008588)|METHOD_EXIT|[27]|01p2400000DUoK9|SubLocationDetailUtil.updateRecordsForReportBeforeDelete(List<SublocationDetail__c>)
17:00:28.0 (260012693)|SYSTEM_MODE_EXIT|false
17:00:28.0 (260018229)|METHOD_EXIT|[10]|01p2400000DUoK9|SubLocationDetailUtil.entry(TriggerParams)
17:00:28.260 (260025709)|CUMULATIVE_LIMIT_USAGE
17:00:28.260 (260025709)|LIMIT_USAGE_FOR_NS|(default)|
  Number of SOQL queries: 5 out of 100
  Number of query rows: 1 out of 50000
  Number of SOSL queries: 0 out of 20
  Number of DML statements: 0 out of 150
  Number of DML rows: 0 out of 10000
  Maximum CPU time: 0 out of 10000
  Maximum heap size: 0 out of 6000000
  Number of callouts: 0 out of 100
  Number of Email Invocations: 0 out of 10
  Number of future calls: 0 out of 50
  Number of queueable jobs added to the queue: 0 out of 50
  Number of Mobile Apex push calls: 0 out of 10

17:00:28.260 (260025709)|CUMULATIVE_LIMIT_USAGE_END

17:00:28.0 (261214802)|CODE_UNIT_FINISHED|SubLocationDetailTrigger on SublocationDetail trigger event AfterDelete for [a080E000000EdB0]
17:00:28.0 (473706818)|CODE_UNIT_FINISHED|TRIGGERS
17:00:28.0 (473714698)|EXECUTION_FINISHED
