39.0 APEX_CODE,DEBUG;APEX_PROFILING,INFO;CALLOUT,INFO;DB,INFO;SYSTEM,DEBUG;VALIDATION,INFO;VISUALFORCE,INFO;WAVE,INFO;WORKFLOW,INFO
13:57:55.0 (60921)|USER_INFO|[EXTERNAL]|00524000001e3Uj|bedrijfsbureau@gsa.nl.sandbox|Midden-Europese standaardtijd|GMT+02:00
13:57:55.0 (85726)|EXECUTION_STARTED
13:57:55.0 (89720)|CODE_UNIT_STARTED|[EXTERNAL]|0669E0000000KhW|VF: /apex/ProjectItemsAfroepen
13:57:55.0 (183922)|VF_DESERIALIZE_VIEWSTATE_BEGIN|0669E0000000KhW
13:57:55.0 (4186130)|VF_DESERIALIZE_VIEWSTATE_END
13:57:55.0 (8451152)|SYSTEM_MODE_ENTER|true
13:57:55.0 (8712396)|SYSTEM_MODE_ENTER|false
13:57:55.0 (8719276)|SYSTEM_MODE_EXIT|false
13:57:55.0 (8733781)|SYSTEM_MODE_ENTER|false
13:57:55.0 (8739382)|SYSTEM_MODE_EXIT|false
13:57:55.0 (8843901)|SYSTEM_MODE_ENTER|true
13:57:55.0 (8869622)|SYSTEM_MODE_ENTER|false
13:57:55.0 (8874565)|SYSTEM_MODE_EXIT|false
13:57:55.0 (8997011)|SYSTEM_MODE_ENTER|true
13:57:55.0 (9133239)|SYSTEM_MODE_ENTER|false
13:57:55.0 (9718152)|SOQL_EXECUTE_BEGIN|[41]|Aggregations:0|SELECT Id, Name FROM Projecten__c WHERE Name LIKE :tmpVar1 LIMIT 5
13:57:55.0 (14401833)|SOQL_EXECUTE_END|[41]|Rows:1
13:57:55.0 (14571138)|SYSTEM_MODE_EXIT|false
13:57:55.0 (17900401)|SYSTEM_MODE_ENTER|true
13:57:55.0 (17935066)|SYSTEM_MODE_ENTER|false
13:57:55.0 (17940631)|SYSTEM_MODE_EXIT|false
13:57:55.0 (18063381)|SYSTEM_MODE_ENTER|true
13:57:55.0 (18089084)|SYSTEM_MODE_ENTER|false
13:57:55.0 (18093381)|SYSTEM_MODE_EXIT|false
13:57:55.0 (19114178)|VF_SERIALIZE_VIEWSTATE_BEGIN|0669E0000000KhW
13:57:55.0 (20785176)|VF_SERIALIZE_VIEWSTATE_END
13:57:55.22 (22457291)|CUMULATIVE_LIMIT_USAGE
13:57:55.22 (22457291)|LIMIT_USAGE_FOR_NS|(default)|
  Number of SOQL queries: 1 out of 100
  Number of query rows: 1 out of 50000
  Number of SOSL queries: 0 out of 20
  Number of DML statements: 0 out of 150
  Number of DML rows: 0 out of 10000
  Maximum CPU time: 0 out of 10000
  Maximum heap size: 0 out of 6000000
  Number of callouts: 0 out of 100
  Number of Email Invocations: 0 out of 10
  Number of future calls: 0 out of 50
  Number of queueable jobs added to the queue: 0 out of 50
  Number of Mobile Apex push calls: 0 out of 10

13:57:55.22 (22457291)|CUMULATIVE_LIMIT_USAGE_END

13:57:55.0 (22503087)|CODE_UNIT_FINISHED|VF: /apex/ProjectItemsAfroepen
13:57:55.0 (23224421)|EXECUTION_FINISHED
