38.0 APEX_CODE,FINEST;APEX_PROFILING,INFO;CALLOUT,INFO;DB,INFO;SYSTEM,DEBUG;VALIDATION,INFO;VISUALFORCE,INFO;WAVE,INFO;WORKFLOW,INFO
12:03:44.0 (57951)|USER_INFO|[EXTERNAL]|00524000001e3Uj|bedrijfsbureau@gsa.nl.sandbox|Midden-Europese standaardtijd|GMT+01:00
12:03:44.0 (80668)|EXECUTION_STARTED
12:03:44.0 (84327)|CODE_UNIT_STARTED|[EXTERNAL]|06624000003h0Dq|VF: /apex/ChoseRecordType
12:03:44.0 (7040433)|SYSTEM_MODE_ENTER|true
12:03:44.0 (7380506)|HEAP_ALLOCATE|[72]|Bytes:3
12:03:44.0 (7420162)|HEAP_ALLOCATE|[77]|Bytes:152
12:03:44.0 (7434400)|HEAP_ALLOCATE|[342]|Bytes:408
12:03:44.0 (7447119)|HEAP_ALLOCATE|[355]|Bytes:408
12:03:44.0 (7459990)|HEAP_ALLOCATE|[467]|Bytes:48
12:03:44.0 (7487333)|HEAP_ALLOCATE|[139]|Bytes:6
12:03:44.0 (7499063)|HEAP_ALLOCATE|[EXTERNAL]|Bytes:11
12:03:44.0 (7503810)|HEAP_ALLOCATE|[EXTERNAL]|Bytes:408
12:03:44.0 (7506421)|HEAP_ALLOCATE|[EXTERNAL]|Bytes:120
12:03:44.0 (7509315)|HEAP_ALLOCATE|[EXTERNAL]|Bytes:108
12:03:44.0 (7517282)|METHOD_ENTRY|[1]|01p2400000DUtXT|NewDeliveredExtension.NewDeliveredExtension()
12:03:44.0 (7520766)|STATEMENT_EXECUTE|[1]
12:03:44.0 (7525751)|STATEMENT_EXECUTE|[1]
12:03:44.0 (7527183)|STATEMENT_EXECUTE|[527]
12:03:44.0 (7531136)|METHOD_EXIT|[1]|NewDeliveredExtension
12:03:44.0 (7537654)|HEAP_ALLOCATE|[EXTERNAL]|Bytes:80
12:03:44.0 (7553124)|VARIABLE_SCOPE_BEGIN|[163]|this|NewDeliveredExtension|true|false
12:03:44.0 (7719339)|VARIABLE_ASSIGNMENT|[163]|this|{}|0x5a6f5613
12:03:44.0 (7725147)|VARIABLE_SCOPE_BEGIN|[163]|controller|ApexPages.StandardController|true|false
12:03:44.0 (7859468)|VARIABLE_ASSIGNMENT|[163]|controller|"StandardController [null]"|0x7b5221c2
12:03:44.0 (7868424)|STATEMENT_EXECUTE|[1]
12:03:44.0 (7870150)|STATEMENT_EXECUTE|[2]
12:03:44.0 (7871760)|STATEMENT_EXECUTE|[20]
12:03:44.0 (7873161)|STATEMENT_EXECUTE|[61]
12:03:44.0 (7874205)|STATEMENT_EXECUTE|[69]
12:03:44.0 (7875382)|STATEMENT_EXECUTE|[77]
12:03:44.0 (7876428)|STATEMENT_EXECUTE|[85]
12:03:44.0 (7877458)|STATEMENT_EXECUTE|[93]
12:03:44.0 (7878495)|STATEMENT_EXECUTE|[101]
12:03:44.0 (7879697)|STATEMENT_EXECUTE|[123]
12:03:44.0 (7887041)|HEAP_ALLOCATE|[123]|Bytes:4
12:03:44.0 (7891635)|HEAP_ALLOCATE|[123]|Bytes:258
12:03:44.0 (7896229)|HEAP_ALLOCATE|[123]|Bytes:4
12:03:44.0 (7938118)|HEAP_ALLOCATE|[50]|Bytes:5
12:03:44.0 (7959098)|HEAP_ALLOCATE|[56]|Bytes:5
12:03:44.0 (7964710)|HEAP_ALLOCATE|[64]|Bytes:7
12:03:44.0 (8454282)|SOQL_EXECUTE_BEGIN|[123]|Aggregations:0|SELECT Id, Project__c, Item__c, Actueel_aantal_palletplaatsenworkflow__c, Ticket_Number_ILIPS__c, Filecardnumber__c, Projectmember__c, Hub_Building_Site__c, Actueel_aantal_palletplaatsen__c, Supplier__c, Name FROM WWW__c ORDER BY CreatedDate DESC NULLS FIRST
12:03:44.0 (14814248)|SOQL_EXECUTE_END|[123]|Rows:4
12:03:44.0 (14829789)|HEAP_ALLOCATE|[123]|Bytes:20
12:03:44.0 (14859898)|HEAP_ALLOCATE|[123]|Bytes:884
12:03:44.0 (14931477)|HEAP_ALLOCATE|[123]|Bytes:20
12:03:44.0 (14996220)|HEAP_ALLOCATE|[123]|Bytes:28
12:03:44.0 (15004274)|HEAP_ALLOCATE|[123]|Bytes:4
12:03:44.0 (15012941)|HEAP_ALLOCATE|[123]|Bytes:28
12:03:44.0 (15016109)|HEAP_ALLOCATE|[123]|Bytes:4
12:03:44.0 (15020673)|HEAP_ALLOCATE|[123]|Bytes:28
12:03:44.0 (15023410)|HEAP_ALLOCATE|[123]|Bytes:4
12:03:44.0 (15027699)|HEAP_ALLOCATE|[123]|Bytes:28
12:03:44.0 (15030517)|HEAP_ALLOCATE|[123]|Bytes:4
12:03:44.0 (15078782)|VARIABLE_ASSIGNMENT|[123]|this.wwwById|{"a0t0E0000004ULmQAM":{"Id":"a0t0E0000004ULmQAM","Project__c":"a0q0E0000008S3WQAU","Item__c":"a0A0E0000001PiqUAE","Hub_Building_Site__c":"a020E000000zFeUQAU","Actueel_aantal_palle (12 more) ...":0,"Name":"WWW-13531"},"a0t0E0000004NFcQAM":{"Id":"a0t0E0000004NFcQAM","Project__c":"a0q0E0000008S3bQAE","Item__c":"a0A0E0000001Pj0UAE","Hub_Building_Site__c":"a020E000000zEM2QAM","Actueel_aantal_palle (12 more) ...":0,"Name":"WWW-13490"},"a0t0E0000004NFXQA2":{"Id":"a0t0E0000004NFXQA2","Project__c":"a0q0E0000008S3WQAU","Item__c":"a0A0E0000001PiqUAE","Hub_Building_Site__c":"a020E000000zEM2QAM","Actueel_aantal_palle (12 more) ...":0,"Name":"WWW-13489"},"a0t0E0000004NFNQA2":{"Id":"a0t0E0000004NFNQA2","Project__c":"a0q0E0000008S3WQAU","Item__c":"a0A0E0000001PilUAE","Hub_Building_Site__c":"a020E000000zEM2QAM","Actueel_aantal_palle (12 more) ...":0,"Name":"WWW-13487"}}|0x5a6f5613
12:03:44.0 (15089484)|STATEMENT_EXECUTE|[155]
12:03:44.0 (15091110)|STATEMENT_EXECUTE|[156]
12:03:44.0 (15092214)|STATEMENT_EXECUTE|[184]
12:03:44.0 (15093284)|STATEMENT_EXECUTE|[185]
12:03:44.0 (15094340)|STATEMENT_EXECUTE|[195]
12:03:44.0 (15095527)|STATEMENT_EXECUTE|[203]
12:03:44.0 (15096609)|STATEMENT_EXECUTE|[211]
12:03:44.0 (15097640)|STATEMENT_EXECUTE|[219]
12:03:44.0 (15098794)|STATEMENT_EXECUTE|[228]
12:03:44.0 (15099907)|STATEMENT_EXECUTE|[236]
12:03:44.0 (15107782)|HEAP_ALLOCATE|[123]|Bytes:6
12:03:44.0 (15129628)|STATEMENT_EXECUTE|[163]
12:03:44.0 (15131027)|STATEMENT_EXECUTE|[164]
12:03:44.0 (15173407)|HEAP_ALLOCATE|[164]|Bytes:140
12:03:44.0 (15221787)|HEAP_ALLOCATE|[164]|Bytes:115
12:03:44.0 (15233892)|HEAP_ALLOCATE|[164]|Bytes:10
12:03:44.0 (15308442)|VARIABLE_ASSIGNMENT|[EXTERNAL]|this|{"wwwById":"0x4f313332"}|0x5a6f5613
12:03:44.0 (15313231)|STATEMENT_EXECUTE|[3]
12:03:44.0 (15317475)|STATEMENT_EXECUTE|[4]
12:03:44.0 (15318771)|STATEMENT_EXECUTE|[5]
12:03:44.0 (15349674)|HEAP_ALLOCATE|[5]|Bytes:4
12:03:44.0 (15442617)|VARIABLE_ASSIGNMENT|[5]|this.detail|{}|0x5a6f5613
12:03:44.0 (15445553)|STATEMENT_EXECUTE|[6]
12:03:44.0 (15497131)|VARIABLE_ASSIGNMENT|[EXTERNAL]|this|{"detail":"0x3e50b960","wwwById":"0x4f313332"}|0x5a6f5613
12:03:44.0 (15500761)|STATEMENT_EXECUTE|[21]
12:03:44.0 (15503465)|STATEMENT_EXECUTE|[22]
12:03:44.0 (15504581)|STATEMENT_EXECUTE|[23]
12:03:44.0 (15513965)|HEAP_ALLOCATE|[23]|Bytes:4
12:03:44.0 (15558289)|VARIABLE_ASSIGNMENT|[23]|this.www|{}|0x5a6f5613
12:03:44.0 (15561671)|STATEMENT_EXECUTE|[26]
12:03:44.0 (15799123)|VARIABLE_ASSIGNMENT|[6]|this.WWW__c|null|0x3e50b960
12:03:44.0 (15802692)|STATEMENT_EXECUTE|[7]
12:03:44.0 (15856431)|VARIABLE_ASSIGNMENT|[EXTERNAL]|this|{"detail":"0x3e50b960","www":"0x28b68f35","wwwById":"0x4f313332"}|0x5a6f5613
12:03:44.0 (15908243)|VARIABLE_ASSIGNMENT|[7]|this.Project__c|null|0x3e50b960
12:03:44.0 (15911363)|STATEMENT_EXECUTE|[9]
12:03:44.0 (15985789)|VARIABLE_ASSIGNMENT|[164]|this.RecordTypeId|null|0x3e50b960
12:03:44.0 (15988809)|STATEMENT_EXECUTE|[165]
12:03:44.0 (16034120)|VARIABLE_ASSIGNMENT|[EXTERNAL]|this|{"detail":"0x3e50b960","www":"0x28b68f35","wwwById":"0x4f313332"}|0x5a6f5613
12:03:44.0 (16038473)|STATEMENT_EXECUTE|[3]
12:03:44.0 (16040441)|STATEMENT_EXECUTE|[4]
12:03:44.0 (16041527)|STATEMENT_EXECUTE|[9]
12:03:44.0 (16065116)|USER_DEBUG|[165]|DEBUG|null
12:03:44.0 (16069759)|STATEMENT_EXECUTE|[166]
12:03:44.0 (16114537)|HEAP_ALLOCATE|[166]|Bytes:4
12:03:44.0 (16119853)|HEAP_ALLOCATE|[166]|Bytes:82
12:03:44.0 (16122684)|HEAP_ALLOCATE|[166]|Bytes:4
12:03:44.0 (16296564)|SOQL_EXECUTE_BEGIN|[166]|Aggregations:0|SELECT Id, Name, DeveloperName FROM RecordType WHERE sobjectType = 'WWW_detail__c'
12:03:44.0 (26508063)|SOQL_EXECUTE_END|[166]|Rows:5
12:03:44.0 (26521277)|HEAP_ALLOCATE|[166]|Bytes:24
12:03:44.0 (26540312)|HEAP_ALLOCATE|[166]|Bytes:371
12:03:44.0 (26574774)|HEAP_ALLOCATE|[166]|Bytes:24
12:03:44.0 (26618710)|HEAP_ALLOCATE|[166]|Bytes:16
12:03:44.0 (26625651)|HEAP_ALLOCATE|[166]|Bytes:4
12:03:44.0 (26631568)|HEAP_ALLOCATE|[166]|Bytes:16
12:03:44.0 (26634686)|HEAP_ALLOCATE|[166]|Bytes:4
12:03:44.0 (26638655)|HEAP_ALLOCATE|[166]|Bytes:16
12:03:44.0 (26641543)|HEAP_ALLOCATE|[166]|Bytes:4
12:03:44.0 (26645142)|HEAP_ALLOCATE|[166]|Bytes:16
12:03:44.0 (26648024)|HEAP_ALLOCATE|[166]|Bytes:4
12:03:44.0 (26651584)|HEAP_ALLOCATE|[166]|Bytes:16
12:03:44.0 (26654350)|HEAP_ALLOCATE|[166]|Bytes:4
12:03:44.0 (26661342)|VARIABLE_SCOPE_BEGIN|[166]|recByNames|Map<Id,RecordType>|true|false
12:03:44.0 (26691762)|VARIABLE_ASSIGNMENT|[166]|recByNames|{"01224000000Sn4NAAS":{"Id":"01224000000Sn4NAAS","Name":"Afleveren","DeveloperName":"Delivered_2_Project"},"01224000000Sn4OAAS":{"Id":"01224000000Sn4OAAS","Name":"Afroepen","DeveloperName":"Invoked"},"01224000000Sn4PAAS":{"Id":"01224000000Sn4PAAS","Name":"Afwijzen","DeveloperName":"Rejected"},"01224000000Sn4MAAS":{"Id":"01224000000Sn4MAAS","Name":"Ontvangen","DeveloperName":"Delivered_2_Hub"},"01224000000Sn4QAAS":{"Id":"01224000000Sn4QAAS","Name":"Verwachten","DeveloperName":"Reserved"}}|0x48d9565f
12:03:44.0 (26750589)|VARIABLE_ASSIGNMENT|[EXTERNAL]|this|{"detail":"0x3e50b960","www":"0x28b68f35","wwwById":"0x4f313332"}|0x5a6f5613
12:03:44.0 (26754915)|STATEMENT_EXECUTE|[3]
12:03:44.0 (26757429)|STATEMENT_EXECUTE|[4]
12:03:44.0 (26758601)|STATEMENT_EXECUTE|[9]
12:03:44.0 (26767099)|STATEMENT_EXECUTE|[168]
12:03:44.0 (26768460)|STATEMENT_EXECUTE|[181]
12:03:44.0 (26787646)|METHOD_ENTRY|[181]|01p2400000DUtXT|NewDeliveredExtension.getProjects()
12:03:44.0 (26803546)|VARIABLE_SCOPE_BEGIN|[139]|this|NewDeliveredExtension|true|false
12:03:44.0 (26831274)|VARIABLE_ASSIGNMENT|[139]|this|{"detail":"0x3e50b960","www":"0x28b68f35","wwwById":"0x4f313332"}|0x5a6f5613
12:03:44.0 (26837746)|STATEMENT_EXECUTE|[139]
12:03:44.0 (26839045)|STATEMENT_EXECUTE|[141]
12:03:44.0 (26844407)|HEAP_ALLOCATE|[141]|Bytes:4
12:03:44.0 (26869334)|VARIABLE_SCOPE_BEGIN|[141]|options|List<System.SelectOption>|true|false
12:03:44.0 (26896195)|HEAP_ALLOCATE|[EXTERNAL]|Bytes:4
12:03:44.0 (26904597)|VARIABLE_ASSIGNMENT|[141]|options|[]|0x689de8c8
12:03:44.0 (26907352)|STATEMENT_EXECUTE|[142]
12:03:44.0 (26949631)|HEAP_ALLOCATE|[142]|Bytes:4
12:03:44.0 (26954305)|HEAP_ALLOCATE|[142]|Bytes:71
12:03:44.0 (26956986)|HEAP_ALLOCATE|[142]|Bytes:4
12:03:44.0 (28385422)|SOQL_EXECUTE_BEGIN|[142]|Aggregations:0|SELECT Id, Name FROM Projecten__c ORDER BY CreatedDate DESC NULLS FIRST
12:03:44.0 (29439858)|SOQL_EXECUTE_END|[142]|Rows:2
12:03:44.0 (29452443)|HEAP_ALLOCATE|[142]|Bytes:12
12:03:44.0 (29463009)|HEAP_ALLOCATE|[142]|Bytes:85
12:03:44.0 (29493791)|HEAP_ALLOCATE|[142]|Bytes:12
12:03:44.0 (29535726)|HEAP_ALLOCATE|[142]|Bytes:12
12:03:44.0 (29543198)|HEAP_ALLOCATE|[142]|Bytes:4
12:03:44.0 (29549845)|HEAP_ALLOCATE|[142]|Bytes:12
12:03:44.0 (29552919)|HEAP_ALLOCATE|[142]|Bytes:4
12:03:44.0 (29559825)|VARIABLE_SCOPE_BEGIN|[142]|prById|Map<Id,Projecten__c>|true|false
12:03:44.0 (29578696)|VARIABLE_ASSIGNMENT|[142]|prById|{"a0q0E0000008S3bQAE":{"Id":"a0q0E0000008S3bQAE","Name":"2165103"},"a0q0E0000008S3WQAU":{"Id":"a0q0E0000008S3WQAU","Name":"5700"}}|0x1ac3ddee
12:03:44.0 (29582418)|STATEMENT_EXECUTE|[143]
12:03:44.0 (29585425)|HEAP_ALLOCATE|[143]|Bytes:6
12:03:44.0 (29664333)|HEAP_ALLOCATE|[143]|Bytes:139
12:03:44.0 (29682263)|HEAP_ALLOCATE|[143]|Bytes:145
12:03:44.0 (29693430)|USER_DEBUG|[143]|DEBUG|prById{a0q0E0000008S3WQAU=Projecten__c:{Id=a0q0E0000008S3WQAU, Name=5700}, a0q0E0000008S3bQAE=Projecten__c:{Id=a0q0E0000008S3bQAE, Name=2165103}}
12:03:44.0 (29699237)|STATEMENT_EXECUTE|[144]
12:03:44.0 (29728724)|HEAP_ALLOCATE|[EXTERNAL]|Bytes:12
12:03:44.0 (29735501)|HEAP_ALLOCATE|[144]|Bytes:95
12:03:44.0 (29787025)|HEAP_ALLOCATE|[144]|Bytes:12
12:03:44.0 (29860148)|VARIABLE_ASSIGNMENT|[EXTERNAL]|this|{"detail":"0x3e50b960","www":"0x28b68f35","wwwById":"0x4f313332"}|0x5a6f5613
12:03:44.0 (29864735)|STATEMENT_EXECUTE|[3]
12:03:44.0 (29867216)|STATEMENT_EXECUTE|[4]
12:03:44.0 (29868336)|STATEMENT_EXECUTE|[9]
12:03:44.0 (29907344)|VARIABLE_ASSIGNMENT|[144]|this.Project__c|"a0q0E0000008S3bQAE"|0x3e50b960
12:03:44.0 (29929068)|HEAP_ALLOCATE|[EXTERNAL]|Bytes:12
12:03:44.0 (29934990)|HEAP_ALLOCATE|[145]|Bytes:95
12:03:44.0 (30080464)|HEAP_ALLOCATE|[145]|Bytes:5
12:03:44.0 (30095382)|HEAP_ALLOCATE|[145]|Bytes:12
12:03:44.0 (30102309)|VARIABLE_SCOPE_BEGIN|[145]|rec|Projecten__c|true|false
12:03:44.0 (30113119)|VARIABLE_ASSIGNMENT|[145]|rec|{"Id":"a0q0E0000008S3bQAE","Name":"2165103"}|0x20e3d2f9
12:03:44.0 (30116672)|STATEMENT_EXECUTE|[145]
12:03:44.0 (30161157)|VARIABLE_ASSIGNMENT|[EXTERNAL]|this|{"detail":"0x3e50b960","www":"0x28b68f35","wwwById":"0x4f313332"}|0x5a6f5613
12:03:44.0 (30164775)|STATEMENT_EXECUTE|[21]
12:03:44.0 (30167265)|STATEMENT_EXECUTE|[22]
12:03:44.0 (30168465)|STATEMENT_EXECUTE|[26]
12:03:44.0 (30175455)|STATEMENT_EXECUTE|[146]
12:03:44.0 (30176581)|STATEMENT_EXECUTE|[147]
12:03:44.0 (30213530)|VARIABLE_ASSIGNMENT|[EXTERNAL]|this|{"detail":"0x3e50b960","www":"0x28b68f35","wwwById":"0x4f313332"}|0x5a6f5613
12:03:44.0 (30216260)|STATEMENT_EXECUTE|[21]
12:03:44.0 (30217741)|STATEMENT_EXECUTE|[22]
12:03:44.0 (30218792)|STATEMENT_EXECUTE|[26]
12:03:44.0 (30263698)|VARIABLE_ASSIGNMENT|[147]|this.Project__c|"a0q0E0000008S3bQAE"|0x28b68f35
12:03:44.0 (30266631)|STATEMENT_EXECUTE|[150]
12:03:44.0 (30284014)|HEAP_ALLOCATE|[150]|Bytes:18
12:03:44.0 (30345547)|HEAP_ALLOCATE|[EXTERNAL]|Bytes:4
12:03:44.0 (30359168)|HEAP_ALLOCATE|[145]|Bytes:5
12:03:44.0 (30367714)|HEAP_ALLOCATE|[145]|Bytes:12
12:03:44.0 (30372964)|VARIABLE_SCOPE_BEGIN|[145]|rec|Projecten__c|true|false
12:03:44.0 (30393442)|VARIABLE_ASSIGNMENT|[145]|rec|{"Id":"a0q0E0000008S3WQAU","Name":"5700"}|0x2deb9131
12:03:44.0 (30396608)|STATEMENT_EXECUTE|[145]
12:03:44.0 (30429760)|VARIABLE_ASSIGNMENT|[EXTERNAL]|this|{"detail":"0x3e50b960","www":"0x28b68f35","wwwById":"0x4f313332"}|0x5a6f5613
12:03:44.0 (30432557)|STATEMENT_EXECUTE|[21]
12:03:44.0 (30434241)|STATEMENT_EXECUTE|[22]
12:03:44.0 (30435320)|STATEMENT_EXECUTE|[26]
12:03:44.0 (30460759)|STATEMENT_EXECUTE|[146]
12:03:44.0 (30462219)|STATEMENT_EXECUTE|[150]
12:03:44.0 (30470632)|HEAP_ALLOCATE|[150]|Bytes:18
12:03:44.0 (30483026)|HEAP_ALLOCATE|[EXTERNAL]|Bytes:4
12:03:44.0 (30492326)|HEAP_ALLOCATE|[145]|Bytes:5
12:03:44.0 (30502370)|VARIABLE_ASSIGNMENT|[145]|rec|null|
12:03:44.0 (30505553)|STATEMENT_EXECUTE|[152]
12:03:44.0 (30509183)|METHOD_EXIT|[181]|01p2400000DUtXT|NewDeliveredExtension.getProjects()
12:03:44.31 (31781770)|SYSTEM_MODE_ENTER|true
12:03:44.31 (31813110)|HEAP_ALLOCATE|[EXTERNAL]|Bytes:38
12:03:44.31 (31818551)|HEAP_ALLOCATE|[EXTERNAL]|Bytes:7
12:03:44.31 (31826507)|SYSTEM_METHOD_ENTRY|[1]|PageMessagesComponentController.PageMessagesComponentController()
12:03:44.31 (31829488)|STATEMENT_EXECUTE|[1]
12:03:44.31 (31953629)|SYSTEM_MODE_ENTER|true
12:03:44.31 (31997411)|HEAP_ALLOCATE|[EXTERNAL]|Bytes:8
12:03:44.31 (32003258)|VARIABLE_SCOPE_BEGIN|[88]|this|ApexPage.PageMessagesComponentController|true|false
12:03:44.31 (32020879)|VARIABLE_ASSIGNMENT|[88]|this|{}|0x5edfacb
12:03:44.31 (32023398)|VARIABLE_SCOPE_BEGIN|[88]|escape|Boolean|false|false
12:03:44.31 (32026492)|VARIABLE_ASSIGNMENT|[88]|escape|null
12:03:44.32 (32159534)|SYSTEM_MODE_ENTER|true
12:03:44.32 (32184375)|HEAP_ALLOCATE|[EXTERNAL]|Bytes:8
12:03:44.32 (32189547)|VARIABLE_SCOPE_BEGIN|[2]|this|ApexPage.PageMessagesComponentController|true|false
12:03:44.32 (32202159)|VARIABLE_ASSIGNMENT|[2]|this|{}|0x5edfacb
12:03:44.44 (44990885)|SYSTEM_MODE_ENTER|true
12:03:44.44 (45036486)|HEAP_ALLOCATE|[EXTERNAL]|Bytes:8
12:03:44.44 (45043210)|VARIABLE_SCOPE_BEGIN|[88]|this|ApexPage.PageMessagesComponentController|true|false
12:03:44.44 (45059866)|VARIABLE_ASSIGNMENT|[88]|this|{}|0x5edfacb
12:03:44.44 (45062471)|VARIABLE_SCOPE_BEGIN|[88]|escape|Boolean|false|false
12:03:44.44 (45065525)|VARIABLE_ASSIGNMENT|[88]|escape|null
12:03:44.45 (45167172)|SYSTEM_MODE_ENTER|true
12:03:44.45 (45190940)|HEAP_ALLOCATE|[EXTERNAL]|Bytes:8
12:03:44.45 (45195748)|VARIABLE_SCOPE_BEGIN|[2]|this|ApexPage.PageMessagesComponentController|true|false
12:03:44.45 (45208516)|VARIABLE_ASSIGNMENT|[2]|this|{}|0x5edfacb
12:03:44.0 (45676056)|SYSTEM_MODE_ENTER|true
12:03:44.0 (45703133)|HEAP_ALLOCATE|[EXTERNAL]|Bytes:80
12:03:44.0 (45709705)|VARIABLE_SCOPE_BEGIN|[109]|this|NewDeliveredExtension|true|false
12:03:44.0 (45746507)|VARIABLE_ASSIGNMENT|[109]|this|{"detail":"0x3e50b960","www":"0x28b68f35","wwwById":"0x4f313332"}|0x5a6f5613
12:03:44.0 (45753649)|STATEMENT_EXECUTE|[109]
12:03:44.0 (45755385)|STATEMENT_EXECUTE|[111]
12:03:44.0 (45759338)|HEAP_ALLOCATE|[111]|Bytes:4
12:03:44.0 (45785216)|VARIABLE_SCOPE_BEGIN|[111]|options|List<System.SelectOption>|true|false
12:03:44.0 (45797249)|HEAP_ALLOCATE|[EXTERNAL]|Bytes:4
12:03:44.0 (45804132)|VARIABLE_ASSIGNMENT|[111]|options|[]|0x1b38905a
12:03:44.0 (45806706)|STATEMENT_EXECUTE|[112]
12:03:44.0 (45810490)|HEAP_ALLOCATE|[112]|Bytes:4
12:03:44.0 (45813993)|HEAP_ALLOCATE|[112]|Bytes:4
12:03:44.0 (45958882)|SOQL_EXECUTE_BEGIN|[112]|Aggregations:0|SELECT Id, Name, DeveloperName FROM RecordType WHERE sobjectType = 'WWW_detail__c'
12:03:44.0 (47788651)|SOQL_EXECUTE_END|[112]|Rows:5
12:03:44.0 (47800722)|HEAP_ALLOCATE|[112]|Bytes:24
12:03:44.0 (47817941)|HEAP_ALLOCATE|[112]|Bytes:371
12:03:44.0 (47830101)|HEAP_ALLOCATE|[112]|Bytes:24
12:03:44.0 (47849420)|HEAP_ALLOCATE|[112]|Bytes:16
12:03:44.0 (47855951)|HEAP_ALLOCATE|[112]|Bytes:4
12:03:44.0 (47861188)|HEAP_ALLOCATE|[112]|Bytes:16
12:03:44.0 (47864174)|HEAP_ALLOCATE|[112]|Bytes:4
12:03:44.0 (47868033)|HEAP_ALLOCATE|[112]|Bytes:16
12:03:44.0 (47870867)|HEAP_ALLOCATE|[112]|Bytes:4
12:03:44.0 (47874589)|HEAP_ALLOCATE|[112]|Bytes:16
12:03:44.0 (47877536)|HEAP_ALLOCATE|[112]|Bytes:4
12:03:44.0 (47881155)|HEAP_ALLOCATE|[112]|Bytes:16
12:03:44.0 (47883933)|HEAP_ALLOCATE|[112]|Bytes:4
12:03:44.0 (47889349)|VARIABLE_SCOPE_BEGIN|[112]|recByNames|Map<Id,RecordType>|true|false
12:03:44.0 (47916679)|VARIABLE_ASSIGNMENT|[112]|recByNames|{"01224000000Sn4NAAS":{"Id":"01224000000Sn4NAAS","Name":"Afleveren","DeveloperName":"Delivered_2_Project"},"01224000000Sn4OAAS":{"Id":"01224000000Sn4OAAS","Name":"Afroepen","DeveloperName":"Invoked"},"01224000000Sn4PAAS":{"Id":"01224000000Sn4PAAS","Name":"Afwijzen","DeveloperName":"Rejected"},"01224000000Sn4MAAS":{"Id":"01224000000Sn4MAAS","Name":"Ontvangen","DeveloperName":"Delivered_2_Hub"},"01224000000Sn4QAAS":{"Id":"01224000000Sn4QAAS","Name":"Verwachten","DeveloperName":"Reserved"}}|0x5e53bc01
12:03:44.0 (47946112)|HEAP_ALLOCATE|[EXTERNAL]|Bytes:24
12:03:44.0 (47955536)|HEAP_ALLOCATE|[114]|Bytes:390
12:03:44.0 (48065462)|HEAP_ALLOCATE|[114]|Bytes:5
12:03:44.0 (48076908)|HEAP_ALLOCATE|[114]|Bytes:16
12:03:44.0 (48083439)|VARIABLE_SCOPE_BEGIN|[114]|rec|RecordType|true|false
12:03:44.0 (48093560)|VARIABLE_ASSIGNMENT|[114]|rec|{"Id":"01224000000Sn4NAAS","Name":"Afleveren","DeveloperName":"Delivered_2_Project"}|0x5f0ab4ef
12:03:44.0 (48097319)|STATEMENT_EXECUTE|[114]
12:03:44.0 (48098964)|STATEMENT_EXECUTE|[116]
12:03:44.0 (48127615)|HEAP_ALLOCATE|[116]|Bytes:18
12:03:44.0 (48175934)|HEAP_ALLOCATE|[EXTERNAL]|Bytes:4
12:03:44.0 (48188892)|HEAP_ALLOCATE|[114]|Bytes:5
12:03:44.0 (48196404)|HEAP_ALLOCATE|[114]|Bytes:16
12:03:44.0 (48201267)|VARIABLE_SCOPE_BEGIN|[114]|rec|RecordType|true|false
12:03:44.0 (48210625)|VARIABLE_ASSIGNMENT|[114]|rec|{"Id":"01224000000Sn4OAAS","Name":"Afroepen","DeveloperName":"Invoked"}|0x2c2a75b4
12:03:44.0 (48213062)|STATEMENT_EXECUTE|[114]
12:03:44.0 (48214250)|STATEMENT_EXECUTE|[116]
12:03:44.0 (48223727)|HEAP_ALLOCATE|[116]|Bytes:18
12:03:44.0 (48233551)|HEAP_ALLOCATE|[EXTERNAL]|Bytes:4
12:03:44.0 (48241502)|HEAP_ALLOCATE|[114]|Bytes:5
12:03:44.0 (48247160)|HEAP_ALLOCATE|[114]|Bytes:16
12:03:44.0 (48250726)|VARIABLE_SCOPE_BEGIN|[114]|rec|RecordType|true|false
12:03:44.0 (48257226)|VARIABLE_ASSIGNMENT|[114]|rec|{"Id":"01224000000Sn4PAAS","Name":"Afwijzen","DeveloperName":"Rejected"}|0x39f19f79
12:03:44.0 (48259795)|STATEMENT_EXECUTE|[114]
12:03:44.0 (48260880)|STATEMENT_EXECUTE|[116]
12:03:44.0 (48266507)|HEAP_ALLOCATE|[116]|Bytes:18
12:03:44.0 (48273670)|HEAP_ALLOCATE|[EXTERNAL]|Bytes:4
12:03:44.0 (48280085)|HEAP_ALLOCATE|[114]|Bytes:5
12:03:44.0 (48285312)|HEAP_ALLOCATE|[114]|Bytes:16
12:03:44.0 (48288100)|VARIABLE_SCOPE_BEGIN|[114]|rec|RecordType|true|false
12:03:44.0 (48293880)|VARIABLE_ASSIGNMENT|[114]|rec|{"Id":"01224000000Sn4MAAS","Name":"Ontvangen","DeveloperName":"Delivered_2_Hub"}|0xccee78b
12:03:44.0 (48296138)|STATEMENT_EXECUTE|[114]
12:03:44.0 (48297217)|STATEMENT_EXECUTE|[116]
12:03:44.0 (48302282)|HEAP_ALLOCATE|[116]|Bytes:18
12:03:44.0 (48308758)|HEAP_ALLOCATE|[EXTERNAL]|Bytes:4
12:03:44.0 (48315032)|HEAP_ALLOCATE|[114]|Bytes:5
12:03:44.0 (48319993)|HEAP_ALLOCATE|[114]|Bytes:16
12:03:44.0 (48322868)|VARIABLE_SCOPE_BEGIN|[114]|rec|RecordType|true|false
12:03:44.0 (48328488)|VARIABLE_ASSIGNMENT|[114]|rec|{"Id":"01224000000Sn4QAAS","Name":"Verwachten","DeveloperName":"Reserved"}|0x6699731
12:03:44.0 (48330684)|STATEMENT_EXECUTE|[114]
12:03:44.0 (48331786)|STATEMENT_EXECUTE|[116]
12:03:44.0 (48336567)|HEAP_ALLOCATE|[116]|Bytes:18
12:03:44.0 (48343193)|HEAP_ALLOCATE|[EXTERNAL]|Bytes:4
12:03:44.0 (48349303)|HEAP_ALLOCATE|[114]|Bytes:5
12:03:44.0 (48355822)|VARIABLE_ASSIGNMENT|[114]|rec|null|
12:03:44.0 (48358037)|STATEMENT_EXECUTE|[120]
12:03:44.0 (48829803)|SYSTEM_MODE_ENTER|true
12:03:44.0 (49890790)|VF_SERIALIZE_VIEWSTATE_BEGIN|06624000003h0Dq
12:03:44.0 (52921895)|VF_SERIALIZE_VIEWSTATE_END
12:03:44.55 (55123924)|CUMULATIVE_LIMIT_USAGE
12:03:44.55 (55123924)|LIMIT_USAGE_FOR_NS|(default)|
  Number of SOQL queries: 4 out of 100
  Number of query rows: 16 out of 50000
  Number of SOSL queries: 0 out of 20
  Number of DML statements: 0 out of 150
  Number of DML rows: 0 out of 10000
  Maximum CPU time: 0 out of 10000
  Maximum heap size: 0 out of 6000000
  Number of callouts: 0 out of 100
  Number of Email Invocations: 0 out of 10
  Number of future calls: 0 out of 50
  Number of queueable jobs added to the queue: 0 out of 50
  Number of Mobile Apex push calls: 0 out of 10

12:03:44.55 (55123924)|CUMULATIVE_LIMIT_USAGE_END

12:03:44.0 (55154722)|CODE_UNIT_FINISHED|VF: /apex/ChoseRecordType
12:03:44.0 (55895045)|EXECUTION_FINISHED
