38.0 APEX_CODE,FINEST;APEX_PROFILING,INFO;CALLOUT,INFO;DB,INFO;SYSTEM,DEBUG;VALIDATION,INFO;VISUALFORCE,INFO;WAVE,INFO;WORKFLOW,INFO
15:04:14.0 (316705)|USER_INFO|[EXTERNAL]|00524000001e3Uj|bedrijfsbureau@gsa.nl.sandbox|Midden-Europese standaardtijd|GMT+01:00
15:04:14.0 (340666)|EXECUTION_STARTED
15:04:14.0 (343911)|CODE_UNIT_STARTED|[EXTERNAL]|06624000003h0Dg|VF: /apex/New_delivered_detail
15:04:14.0 (11064783)|SYSTEM_MODE_ENTER|true
15:04:14.0 (11298011)|HEAP_ALLOCATE|[72]|Bytes:3
15:04:14.0 (11325627)|HEAP_ALLOCATE|[77]|Bytes:152
15:04:14.0 (11338658)|HEAP_ALLOCATE|[342]|Bytes:408
15:04:14.0 (11352251)|HEAP_ALLOCATE|[355]|Bytes:408
15:04:14.0 (11365549)|HEAP_ALLOCATE|[467]|Bytes:48
15:04:14.0 (11388623)|HEAP_ALLOCATE|[139]|Bytes:6
15:04:14.0 (11443078)|HEAP_ALLOCATE|[EXTERNAL]|Bytes:11
15:04:14.0 (11448089)|HEAP_ALLOCATE|[EXTERNAL]|Bytes:408
15:04:14.0 (11450890)|HEAP_ALLOCATE|[EXTERNAL]|Bytes:120
15:04:14.0 (11453997)|HEAP_ALLOCATE|[EXTERNAL]|Bytes:108
15:04:14.0 (11461978)|METHOD_ENTRY|[1]|01p2400000DUtXT|NewDeliveredExtension.NewDeliveredExtension()
15:04:14.0 (11465553)|STATEMENT_EXECUTE|[1]
15:04:14.0 (11470273)|STATEMENT_EXECUTE|[1]
15:04:14.0 (11471626)|STATEMENT_EXECUTE|[537]
15:04:14.0 (11475231)|METHOD_EXIT|[1]|NewDeliveredExtension
15:04:14.0 (11480581)|HEAP_ALLOCATE|[EXTERNAL]|Bytes:80
15:04:14.0 (11491119)|VARIABLE_SCOPE_BEGIN|[163]|this|NewDeliveredExtension|true|false
15:04:14.0 (11542860)|VARIABLE_ASSIGNMENT|[163]|this|{}|0x27256066
15:04:14.0 (11545917)|VARIABLE_SCOPE_BEGIN|[163]|controller|ApexPages.StandardController|true|false
15:04:14.0 (11740147)|VARIABLE_ASSIGNMENT|[163]|controller|"StandardController [null]"|0x7459e312
15:04:14.0 (11747385)|STATEMENT_EXECUTE|[1]
15:04:14.0 (11748953)|STATEMENT_EXECUTE|[2]
15:04:14.0 (11750610)|STATEMENT_EXECUTE|[20]
15:04:14.0 (11751894)|STATEMENT_EXECUTE|[61]
15:04:14.0 (11753071)|STATEMENT_EXECUTE|[69]
15:04:14.0 (11754166)|STATEMENT_EXECUTE|[77]
15:04:14.0 (11755405)|STATEMENT_EXECUTE|[85]
15:04:14.0 (11756406)|STATEMENT_EXECUTE|[93]
15:04:14.0 (11757530)|STATEMENT_EXECUTE|[101]
15:04:14.0 (11758730)|STATEMENT_EXECUTE|[123]
15:04:14.0 (11832492)|HEAP_ALLOCATE|[123]|Bytes:4
15:04:14.0 (11837884)|HEAP_ALLOCATE|[123]|Bytes:258
15:04:14.0 (11841443)|HEAP_ALLOCATE|[123]|Bytes:4
15:04:14.0 (11874535)|HEAP_ALLOCATE|[50]|Bytes:5
15:04:14.0 (11891377)|HEAP_ALLOCATE|[56]|Bytes:5
15:04:14.0 (11897163)|HEAP_ALLOCATE|[64]|Bytes:7
15:04:14.0 (12354614)|SOQL_EXECUTE_BEGIN|[123]|Aggregations:0|SELECT Id, Project__c, Item__c, Actueel_aantal_palletplaatsenworkflow__c, Ticket_Number_ILIPS__c, Filecardnumber__c, Projectmember__c, Hub_Building_Site__c, Actueel_aantal_palletplaatsen__c, Supplier__c, Name FROM WWW__c ORDER BY CreatedDate DESC NULLS FIRST
15:04:14.0 (17498024)|SOQL_EXECUTE_END|[123]|Rows:5
15:04:14.0 (17513785)|HEAP_ALLOCATE|[123]|Bytes:24
15:04:14.0 (17544468)|HEAP_ALLOCATE|[123]|Bytes:1105
15:04:14.0 (17603467)|HEAP_ALLOCATE|[123]|Bytes:24
15:04:14.0 (17645717)|HEAP_ALLOCATE|[123]|Bytes:28
15:04:14.0 (17654784)|HEAP_ALLOCATE|[123]|Bytes:4
15:04:14.0 (17661527)|HEAP_ALLOCATE|[123]|Bytes:28
15:04:14.0 (17664515)|HEAP_ALLOCATE|[123]|Bytes:4
15:04:14.0 (17668904)|HEAP_ALLOCATE|[123]|Bytes:28
15:04:14.0 (17671711)|HEAP_ALLOCATE|[123]|Bytes:4
15:04:14.0 (17676014)|HEAP_ALLOCATE|[123]|Bytes:28
15:04:14.0 (17678633)|HEAP_ALLOCATE|[123]|Bytes:4
15:04:14.0 (17682916)|HEAP_ALLOCATE|[123]|Bytes:28
15:04:14.0 (17685640)|HEAP_ALLOCATE|[123]|Bytes:4
15:04:14.0 (17734937)|VARIABLE_ASSIGNMENT|[123]|this.wwwById|{"a0t0E0000004UUSQA2":{"Id":"a0t0E0000004UUSQA2","Project__c":"a0q0E0000008ahlQAA","Item__c":"a0A0E0000001PilUAE","Hub_Building_Site__c":"a020E000000zEM2QAM","Actueel_aantal_palle (12 more) ...":0,"Name":"WWW-13541"},"a0t0E0000004UUNQA2":{"Id":"a0t0E0000004UUNQA2","Project__c":"a0q0E0000008S3WQAU","Item__c":"a0A0E0000001PiqUAE","Hub_Building_Site__c":"a020E000000zFeUQAU","Actueel_aantal_palle (12 more) ...":0,"Name":"WWW-13540"},"a0t0E0000004NFcQAM":{"Id":"a0t0E0000004NFcQAM","Project__c":"a0q0E0000008S3bQAE","Item__c":"a0A0E0000001Pj0UAE","Hub_Building_Site__c":"a020E000000zEM2QAM","Actueel_aantal_palle (12 more) ...":0,"Name":"WWW-13490"},"a0t0E0000004NFXQA2":{"Id":"a0t0E0000004NFXQA2","Project__c":"a0q0E0000008S3WQAU","Item__c":"a0A0E0000001PiqUAE","Hub_Building_Site__c":"a020E000000zEM2QAM","Actueel_aantal_palle (12 more) ...":0,"Name":"WWW-13489"},"a0t0E0000004NFNQA2":{"Id":"a0t0E0000004NFNQA2","Project__c":"a0q0E0000008S3WQAU","Item__c":"a0A0E0000001PilUAE","Hub_Building_Site__c":"a020E000000zEM2QAM","Actueel_aantal_palle (12 more) ...":0,"Name":"WWW-13487"}}|0x27256066
15:04:14.0 (17743657)|STATEMENT_EXECUTE|[155]
15:04:14.0 (17745393)|STATEMENT_EXECUTE|[156]
15:04:14.0 (17746482)|STATEMENT_EXECUTE|[184]
15:04:14.0 (17747566)|STATEMENT_EXECUTE|[185]
15:04:14.0 (17748583)|STATEMENT_EXECUTE|[195]
15:04:14.0 (17749614)|STATEMENT_EXECUTE|[203]
15:04:14.0 (17750648)|STATEMENT_EXECUTE|[211]
15:04:14.0 (17751665)|STATEMENT_EXECUTE|[219]
15:04:14.0 (17752981)|STATEMENT_EXECUTE|[228]
15:04:14.0 (17754140)|STATEMENT_EXECUTE|[236]
15:04:14.0 (17760891)|HEAP_ALLOCATE|[123]|Bytes:6
15:04:14.0 (17782959)|STATEMENT_EXECUTE|[163]
15:04:14.0 (17784335)|STATEMENT_EXECUTE|[164]
15:04:14.0 (17826210)|HEAP_ALLOCATE|[164]|Bytes:58
15:04:14.0 (17862537)|HEAP_ALLOCATE|[164]|Bytes:28
15:04:14.0 (17872737)|HEAP_ALLOCATE|[164]|Bytes:10
15:04:14.0 (17896657)|HEAP_ALLOCATE|[164]|Bytes:4
15:04:14.0 (17943328)|VARIABLE_ASSIGNMENT|[EXTERNAL]|this|{"wwwById":"0x3bb7d0d4"}|0x27256066
15:04:14.0 (17947930)|STATEMENT_EXECUTE|[3]
15:04:14.0 (17951201)|STATEMENT_EXECUTE|[4]
15:04:14.0 (17952339)|STATEMENT_EXECUTE|[5]
15:04:14.0 (17979248)|HEAP_ALLOCATE|[5]|Bytes:4
15:04:14.0 (18055916)|VARIABLE_ASSIGNMENT|[5]|this.detail|{}|0x27256066
15:04:14.0 (18059815)|STATEMENT_EXECUTE|[6]
15:04:14.0 (18109391)|VARIABLE_ASSIGNMENT|[EXTERNAL]|this|{"detail":"0x4292234","wwwById":"0x3bb7d0d4"}|0x27256066
15:04:14.0 (18113199)|STATEMENT_EXECUTE|[21]
15:04:14.0 (18115518)|STATEMENT_EXECUTE|[22]
15:04:14.0 (18116741)|STATEMENT_EXECUTE|[23]
15:04:14.0 (18125782)|HEAP_ALLOCATE|[23]|Bytes:4
15:04:14.0 (18168773)|VARIABLE_ASSIGNMENT|[23]|this.www|{}|0x27256066
15:04:14.0 (18171818)|STATEMENT_EXECUTE|[26]
15:04:14.0 (18402764)|VARIABLE_ASSIGNMENT|[6]|this.WWW__c|null|0x4292234
15:04:14.0 (18406087)|STATEMENT_EXECUTE|[7]
15:04:14.0 (18462939)|VARIABLE_ASSIGNMENT|[EXTERNAL]|this|{"detail":"0x4292234","www":"0x28867d1e","wwwById":"0x3bb7d0d4"}|0x27256066
15:04:14.0 (18514061)|VARIABLE_ASSIGNMENT|[7]|this.Project__c|null|0x4292234
15:04:14.0 (18517738)|STATEMENT_EXECUTE|[9]
15:04:14.0 (18591381)|VARIABLE_ASSIGNMENT|[164]|this.RecordTypeId|"01224000000Sn4MAAS"|0x4292234
15:04:14.0 (18594377)|STATEMENT_EXECUTE|[165]
15:04:14.0 (18641159)|VARIABLE_ASSIGNMENT|[EXTERNAL]|this|{"detail":"0x4292234","www":"0x28867d1e","wwwById":"0x3bb7d0d4"}|0x27256066
15:04:14.0 (18644701)|STATEMENT_EXECUTE|[3]
15:04:14.0 (18646805)|STATEMENT_EXECUTE|[4]
15:04:14.0 (18647905)|STATEMENT_EXECUTE|[9]
15:04:14.0 (18687863)|USER_DEBUG|[165]|DEBUG|01224000000Sn4MAAS
15:04:14.0 (18693308)|STATEMENT_EXECUTE|[166]
15:04:14.0 (18735804)|HEAP_ALLOCATE|[166]|Bytes:4
15:04:14.0 (18741124)|HEAP_ALLOCATE|[166]|Bytes:82
15:04:14.0 (18744216)|HEAP_ALLOCATE|[166]|Bytes:4
15:04:14.0 (18913007)|SOQL_EXECUTE_BEGIN|[166]|Aggregations:0|SELECT Id, Name, DeveloperName FROM RecordType WHERE sobjectType = 'WWW_detail__c'
15:04:14.0 (25391824)|SOQL_EXECUTE_END|[166]|Rows:5
15:04:14.0 (25406322)|HEAP_ALLOCATE|[166]|Bytes:24
15:04:14.0 (25429229)|HEAP_ALLOCATE|[166]|Bytes:371
15:04:14.0 (25461864)|HEAP_ALLOCATE|[166]|Bytes:24
15:04:14.0 (25497604)|HEAP_ALLOCATE|[166]|Bytes:16
15:04:14.0 (25504498)|HEAP_ALLOCATE|[166]|Bytes:4
15:04:14.0 (25509996)|HEAP_ALLOCATE|[166]|Bytes:16
15:04:14.0 (25513100)|HEAP_ALLOCATE|[166]|Bytes:4
15:04:14.0 (25517030)|HEAP_ALLOCATE|[166]|Bytes:16
15:04:14.0 (25519897)|HEAP_ALLOCATE|[166]|Bytes:4
15:04:14.0 (25523794)|HEAP_ALLOCATE|[166]|Bytes:16
15:04:14.0 (25526595)|HEAP_ALLOCATE|[166]|Bytes:4
15:04:14.0 (25530093)|HEAP_ALLOCATE|[166]|Bytes:16
15:04:14.0 (25532796)|HEAP_ALLOCATE|[166]|Bytes:4
15:04:14.0 (25539877)|VARIABLE_SCOPE_BEGIN|[166]|recByNames|Map<Id,RecordType>|true|false
15:04:14.0 (25568950)|VARIABLE_ASSIGNMENT|[166]|recByNames|{"01224000000Sn4NAAS":{"Id":"01224000000Sn4NAAS","Name":"Afleveren","DeveloperName":"Delivered_2_Project"},"01224000000Sn4OAAS":{"Id":"01224000000Sn4OAAS","Name":"Afroepen","DeveloperName":"Invoked"},"01224000000Sn4PAAS":{"Id":"01224000000Sn4PAAS","Name":"Afwijzen","DeveloperName":"Rejected"},"01224000000Sn4MAAS":{"Id":"01224000000Sn4MAAS","Name":"Ontvangen","DeveloperName":"Delivered_2_Hub"},"01224000000Sn4QAAS":{"Id":"01224000000Sn4QAAS","Name":"Verwachten","DeveloperName":"Reserved"}}|0x5083498c
15:04:14.0 (25622576)|VARIABLE_ASSIGNMENT|[EXTERNAL]|this|{"detail":"0x4292234","www":"0x28867d1e","wwwById":"0x3bb7d0d4"}|0x27256066
15:04:14.0 (25626692)|STATEMENT_EXECUTE|[3]
15:04:14.0 (25629255)|STATEMENT_EXECUTE|[4]
15:04:14.0 (25630459)|STATEMENT_EXECUTE|[9]
15:04:14.0 (25640631)|STATEMENT_EXECUTE|[168]
15:04:14.0 (25674808)|VARIABLE_ASSIGNMENT|[EXTERNAL]|this|{"detail":"0x4292234","www":"0x28867d1e","wwwById":"0x3bb7d0d4"}|0x27256066
15:04:14.0 (25677422)|STATEMENT_EXECUTE|[3]
15:04:14.0 (25678984)|STATEMENT_EXECUTE|[4]
15:04:14.0 (25680005)|STATEMENT_EXECUTE|[9]
15:04:14.0 (25719222)|HEAP_ALLOCATE|[169]|Bytes:7
15:04:14.0 (25773962)|VARIABLE_ASSIGNMENT|[EXTERNAL]|this|{"detail":"0x4292234","www":"0x28867d1e","wwwById":"0x3bb7d0d4"}|0x27256066
15:04:14.0 (25776852)|STATEMENT_EXECUTE|[3]
15:04:14.0 (25778470)|STATEMENT_EXECUTE|[4]
15:04:14.0 (25779554)|STATEMENT_EXECUTE|[9]
15:04:14.0 (25797197)|HEAP_ALLOCATE|[171]|Bytes:8
15:04:14.0 (25836807)|VARIABLE_ASSIGNMENT|[EXTERNAL]|this|{"detail":"0x4292234","www":"0x28867d1e","wwwById":"0x3bb7d0d4"}|0x27256066
15:04:14.0 (25839550)|STATEMENT_EXECUTE|[3]
15:04:14.0 (25840929)|STATEMENT_EXECUTE|[4]
15:04:14.0 (25841954)|STATEMENT_EXECUTE|[9]
15:04:14.0 (25856111)|HEAP_ALLOCATE|[173]|Bytes:15
15:04:14.0 (25866634)|STATEMENT_EXECUTE|[173]
15:04:14.0 (25867974)|STATEMENT_EXECUTE|[174]
15:04:14.0 (25905477)|VARIABLE_ASSIGNMENT|[EXTERNAL]|this|{"detail":"0x4292234","www":"0x28867d1e","wwwById":"0x3bb7d0d4"}|0x27256066
15:04:14.0 (25915385)|VARIABLE_ASSIGNMENT|[EXTERNAL]|value|true
15:04:14.0 (25919409)|HEAP_ALLOCATE|[228]|Bytes:5
15:04:14.0 (25925150)|VARIABLE_ASSIGNMENT|[228]|this.delToHub|true|0x27256066
15:04:14.0 (25940984)|STATEMENT_EXECUTE|[181]
15:04:14.0 (25954712)|METHOD_ENTRY|[181]|01p2400000DUtXT|NewDeliveredExtension.getProjects()
15:04:14.0 (25965135)|VARIABLE_SCOPE_BEGIN|[139]|this|NewDeliveredExtension|true|false
15:04:14.0 (25992338)|VARIABLE_ASSIGNMENT|[139]|this|{"delToHub":true,"detail":"0x4292234","www":"0x28867d1e","wwwById":"0x3bb7d0d4"}|0x27256066
15:04:14.0 (25997670)|STATEMENT_EXECUTE|[139]
15:04:14.0 (25998852)|STATEMENT_EXECUTE|[141]
15:04:14.0 (26005816)|HEAP_ALLOCATE|[141]|Bytes:4
15:04:14.0 (26029870)|VARIABLE_SCOPE_BEGIN|[141]|options|List<System.SelectOption>|true|false
15:04:14.0 (26063303)|HEAP_ALLOCATE|[EXTERNAL]|Bytes:4
15:04:14.0 (26072520)|VARIABLE_ASSIGNMENT|[141]|options|[]|0x7b729680
15:04:14.0 (26075125)|STATEMENT_EXECUTE|[142]
15:04:14.0 (26112994)|HEAP_ALLOCATE|[142]|Bytes:4
15:04:14.0 (26117544)|HEAP_ALLOCATE|[142]|Bytes:71
15:04:14.0 (26120310)|HEAP_ALLOCATE|[142]|Bytes:4
15:04:14.0 (26340480)|SOQL_EXECUTE_BEGIN|[142]|Aggregations:0|SELECT Id, Name FROM Projecten__c ORDER BY CreatedDate DESC NULLS FIRST
15:04:14.0 (27390482)|SOQL_EXECUTE_END|[142]|Rows:3
15:04:14.0 (27404552)|HEAP_ALLOCATE|[142]|Bytes:16
15:04:14.0 (27416775)|HEAP_ALLOCATE|[142]|Bytes:126
15:04:14.0 (27454697)|HEAP_ALLOCATE|[142]|Bytes:16
15:04:14.0 (27493885)|HEAP_ALLOCATE|[142]|Bytes:12
15:04:14.0 (27501209)|HEAP_ALLOCATE|[142]|Bytes:4
15:04:14.0 (27507976)|HEAP_ALLOCATE|[142]|Bytes:12
15:04:14.0 (27511138)|HEAP_ALLOCATE|[142]|Bytes:4
15:04:14.0 (27515819)|HEAP_ALLOCATE|[142]|Bytes:12
15:04:14.0 (27518590)|HEAP_ALLOCATE|[142]|Bytes:4
15:04:14.0 (27524816)|VARIABLE_SCOPE_BEGIN|[142]|prById|Map<Id,Projecten__c>|true|false
15:04:14.0 (27548809)|VARIABLE_ASSIGNMENT|[142]|prById|{"a0q0E0000008ahlQAA":{"Id":"a0q0E0000008ahlQAA","Name":"1111"},"a0q0E0000008S3bQAE":{"Id":"a0q0E0000008S3bQAE","Name":"2165103"},"a0q0E0000008S3WQAU":{"Id":"a0q0E0000008S3WQAU","Name":"5700"}}|0x793cae8b
15:04:14.0 (27554105)|STATEMENT_EXECUTE|[143]
15:04:14.0 (27557950)|HEAP_ALLOCATE|[143]|Bytes:6
15:04:14.0 (27658328)|HEAP_ALLOCATE|[143]|Bytes:207
15:04:14.0 (27677595)|HEAP_ALLOCATE|[143]|Bytes:213
15:04:14.0 (27689325)|USER_DEBUG|[143]|DEBUG|prById{a0q0E0000008S3WQAU=Projecten__c:{Id=a0q0E0000008S3WQAU, Name=5700}, a0q0E0000008S3bQAE=Projecten__c:{Id=a0q0E0000008S3bQAE, Name=2165103}, a0q0E0000008ahlQAA=Projecten__c:{Id=a0q0E0000008ahlQAA, Name=1111}}
15:04:14.0 (27695181)|STATEMENT_EXECUTE|[144]
15:04:14.0 (27721618)|HEAP_ALLOCATE|[EXTERNAL]|Bytes:16
15:04:14.0 (27729422)|HEAP_ALLOCATE|[144]|Bytes:139
15:04:14.0 (27765129)|HEAP_ALLOCATE|[144]|Bytes:12
15:04:14.0 (27830733)|VARIABLE_ASSIGNMENT|[EXTERNAL]|this|{"delToHub":true,"detail":"0x4292234","www":"0x28867d1e","wwwById":"0x3bb7d0d4"}|0x27256066
15:04:14.0 (27835343)|STATEMENT_EXECUTE|[3]
15:04:14.0 (27837839)|STATEMENT_EXECUTE|[4]
15:04:14.0 (27838969)|STATEMENT_EXECUTE|[9]
15:04:14.0 (27878265)|VARIABLE_ASSIGNMENT|[144]|this.Project__c|"a0q0E0000008ahlQAA"|0x4292234
15:04:14.0 (27904960)|HEAP_ALLOCATE|[EXTERNAL]|Bytes:16
15:04:14.0 (27912810)|HEAP_ALLOCATE|[145]|Bytes:139
15:04:14.0 (28050802)|HEAP_ALLOCATE|[145]|Bytes:5
15:04:14.0 (28064926)|HEAP_ALLOCATE|[145]|Bytes:12
15:04:14.0 (28071562)|VARIABLE_SCOPE_BEGIN|[145]|rec|Projecten__c|true|false
15:04:14.0 (28082941)|VARIABLE_ASSIGNMENT|[145]|rec|{"Id":"a0q0E0000008ahlQAA","Name":"1111"}|0xa34eded
15:04:14.0 (28085948)|STATEMENT_EXECUTE|[145]
15:04:14.0 (28136999)|VARIABLE_ASSIGNMENT|[EXTERNAL]|this|{"delToHub":true,"detail":"0x4292234","www":"0x28867d1e","wwwById":"0x3bb7d0d4"}|0x27256066
15:04:14.0 (28140627)|STATEMENT_EXECUTE|[21]
15:04:14.0 (28142918)|STATEMENT_EXECUTE|[22]
15:04:14.0 (28144182)|STATEMENT_EXECUTE|[26]
15:04:14.0 (28151286)|STATEMENT_EXECUTE|[146]
15:04:14.0 (28152589)|STATEMENT_EXECUTE|[147]
15:04:14.0 (28191881)|VARIABLE_ASSIGNMENT|[EXTERNAL]|this|{"delToHub":true,"detail":"0x4292234","www":"0x28867d1e","wwwById":"0x3bb7d0d4"}|0x27256066
15:04:14.0 (28194758)|STATEMENT_EXECUTE|[21]
15:04:14.0 (28196281)|STATEMENT_EXECUTE|[22]
15:04:14.0 (28197409)|STATEMENT_EXECUTE|[26]
15:04:14.0 (28243405)|VARIABLE_ASSIGNMENT|[147]|this.Project__c|"a0q0E0000008ahlQAA"|0x28867d1e
15:04:14.0 (28246558)|STATEMENT_EXECUTE|[150]
15:04:14.0 (28263788)|HEAP_ALLOCATE|[150]|Bytes:18
15:04:14.0 (28322499)|HEAP_ALLOCATE|[EXTERNAL]|Bytes:4
15:04:14.0 (28341919)|HEAP_ALLOCATE|[145]|Bytes:5
15:04:14.0 (28351066)|HEAP_ALLOCATE|[145]|Bytes:12
15:04:14.0 (28356465)|VARIABLE_SCOPE_BEGIN|[145]|rec|Projecten__c|true|false
15:04:14.0 (28366363)|VARIABLE_ASSIGNMENT|[145]|rec|{"Id":"a0q0E0000008S3bQAE","Name":"2165103"}|0x91401d0
15:04:14.0 (28369108)|STATEMENT_EXECUTE|[145]
15:04:14.0 (28402410)|VARIABLE_ASSIGNMENT|[EXTERNAL]|this|{"delToHub":true,"detail":"0x4292234","www":"0x28867d1e","wwwById":"0x3bb7d0d4"}|0x27256066
15:04:14.0 (28405334)|STATEMENT_EXECUTE|[21]
15:04:14.0 (28407078)|STATEMENT_EXECUTE|[22]
15:04:14.0 (28408218)|STATEMENT_EXECUTE|[26]
15:04:14.0 (28429604)|STATEMENT_EXECUTE|[146]
15:04:14.0 (28431020)|STATEMENT_EXECUTE|[150]
15:04:14.0 (28439397)|HEAP_ALLOCATE|[150]|Bytes:18
15:04:14.0 (28451153)|HEAP_ALLOCATE|[EXTERNAL]|Bytes:4
15:04:14.0 (28460197)|HEAP_ALLOCATE|[145]|Bytes:5
15:04:14.0 (28467121)|HEAP_ALLOCATE|[145]|Bytes:12
15:04:14.0 (28471452)|VARIABLE_SCOPE_BEGIN|[145]|rec|Projecten__c|true|false
15:04:14.0 (28480483)|VARIABLE_ASSIGNMENT|[145]|rec|{"Id":"a0q0E0000008S3WQAU","Name":"5700"}|0x50ba7db1
15:04:14.0 (28483269)|STATEMENT_EXECUTE|[145]
15:04:14.0 (28513257)|VARIABLE_ASSIGNMENT|[EXTERNAL]|this|{"delToHub":true,"detail":"0x4292234","www":"0x28867d1e","wwwById":"0x3bb7d0d4"}|0x27256066
15:04:14.0 (28515887)|STATEMENT_EXECUTE|[21]
15:04:14.0 (28517491)|STATEMENT_EXECUTE|[22]
15:04:14.0 (28518563)|STATEMENT_EXECUTE|[26]
15:04:14.0 (28524386)|STATEMENT_EXECUTE|[146]
15:04:14.0 (28525377)|STATEMENT_EXECUTE|[150]
15:04:14.0 (28531028)|HEAP_ALLOCATE|[150]|Bytes:18
15:04:14.0 (28539510)|HEAP_ALLOCATE|[EXTERNAL]|Bytes:4
15:04:14.0 (28546721)|HEAP_ALLOCATE|[145]|Bytes:5
15:04:14.0 (28554430)|VARIABLE_ASSIGNMENT|[145]|rec|null|
15:04:14.0 (28556773)|STATEMENT_EXECUTE|[152]
15:04:14.0 (28560811)|METHOD_EXIT|[181]|01p2400000DUtXT|NewDeliveredExtension.getProjects()
15:04:14.31 (31875661)|SYSTEM_MODE_ENTER|true
15:04:14.31 (31913670)|HEAP_ALLOCATE|[EXTERNAL]|Bytes:38
15:04:14.31 (31919387)|HEAP_ALLOCATE|[EXTERNAL]|Bytes:7
15:04:14.31 (31927035)|SYSTEM_METHOD_ENTRY|[1]|PageMessagesComponentController.PageMessagesComponentController()
15:04:14.31 (31930120)|STATEMENT_EXECUTE|[1]
15:04:14.32 (32058626)|SYSTEM_MODE_ENTER|true
15:04:14.32 (32103539)|HEAP_ALLOCATE|[EXTERNAL]|Bytes:8
15:04:14.32 (32108740)|VARIABLE_SCOPE_BEGIN|[88]|this|ApexPage.PageMessagesComponentController|true|false
15:04:14.32 (32126010)|VARIABLE_ASSIGNMENT|[88]|this|{}|0x791dad54
15:04:14.32 (32128642)|VARIABLE_SCOPE_BEGIN|[88]|escape|Boolean|false|false
15:04:14.32 (32131666)|VARIABLE_ASSIGNMENT|[88]|escape|null
15:04:14.32 (32263986)|SYSTEM_MODE_ENTER|true
15:04:14.32 (32288732)|HEAP_ALLOCATE|[EXTERNAL]|Bytes:8
15:04:14.32 (32293215)|VARIABLE_SCOPE_BEGIN|[2]|this|ApexPage.PageMessagesComponentController|true|false
15:04:14.32 (32305503)|VARIABLE_ASSIGNMENT|[2]|this|{}|0x791dad54
15:04:14.0 (33212543)|SYSTEM_MODE_ENTER|true
15:04:14.0 (33243529)|HEAP_ALLOCATE|[EXTERNAL]|Bytes:80
15:04:14.0 (33288704)|VARIABLE_ASSIGNMENT|[EXTERNAL]|this|{"delToHub":true,"detail":"0x4292234","www":"0x28867d1e","wwwById":"0x3bb7d0d4"}|0x27256066
15:04:14.0 (33295201)|STATEMENT_EXECUTE|[196]
15:04:14.0 (33298624)|STATEMENT_EXECUTE|[197]
15:04:14.0 (33299939)|STATEMENT_EXECUTE|[198]
15:04:14.0 (33305330)|HEAP_ALLOCATE|[198]|Bytes:5
15:04:14.0 (33312055)|VARIABLE_ASSIGNMENT|[198]|this.invoked|false|0x27256066
15:04:14.0 (33314385)|STATEMENT_EXECUTE|[200]
15:04:14.0 (33373919)|SYSTEM_MODE_ENTER|true
15:04:14.0 (33392362)|HEAP_ALLOCATE|[EXTERNAL]|Bytes:80
15:04:14.0 (33431277)|VARIABLE_ASSIGNMENT|[EXTERNAL]|this|{"delToHub":true,"detail":"0x4292234","invoked":false,"www":"0x28867d1e","wwwById":"0x3bb7d0d4"}|0x27256066
15:04:14.0 (33438328)|STATEMENT_EXECUTE|[229]
15:04:14.0 (33441778)|STATEMENT_EXECUTE|[230]
15:04:14.0 (33443581)|STATEMENT_EXECUTE|[233]
15:04:14.0 (33573130)|SYSTEM_MODE_ENTER|true
15:04:14.0 (33600234)|HEAP_ALLOCATE|[EXTERNAL]|Bytes:80
15:04:14.0 (33650471)|VARIABLE_ASSIGNMENT|[EXTERNAL]|this|{"delToHub":true,"detail":"0x4292234","invoked":false,"www":"0x28867d1e","wwwById":"0x3bb7d0d4"}|0x27256066
15:04:14.0 (33657852)|STATEMENT_EXECUTE|[3]
15:04:14.0 (33661446)|STATEMENT_EXECUTE|[4]
15:04:14.0 (33663288)|STATEMENT_EXECUTE|[9]
15:04:14.0 (36368205)|SYSTEM_MODE_ENTER|true
15:04:14.0 (36393108)|HEAP_ALLOCATE|[EXTERNAL]|Bytes:80
15:04:14.0 (36437860)|VARIABLE_ASSIGNMENT|[EXTERNAL]|this|{"delToHub":true,"detail":"0x4292234","invoked":false,"www":"0x28867d1e","wwwById":"0x3bb7d0d4"}|0x27256066
15:04:14.0 (36444497)|STATEMENT_EXECUTE|[186]
15:04:14.0 (36447439)|STATEMENT_EXECUTE|[187]
15:04:14.0 (36448570)|STATEMENT_EXECUTE|[188]
15:04:14.0 (36510930)|HEAP_ALLOCATE|[188]|Bytes:4
15:04:14.0 (36565881)|HEAP_ALLOCATE|[EXTERNAL]|Bytes:4
15:04:14.0 (36574287)|VARIABLE_ASSIGNMENT|[188]|this.sublocations1|[]|0x27256066
15:04:14.0 (36577387)|STATEMENT_EXECUTE|[190]
15:04:14.0 (37331884)|SYSTEM_MODE_ENTER|true
15:04:14.0 (37354852)|HEAP_ALLOCATE|[EXTERNAL]|Bytes:80
15:04:14.0 (37396699)|VARIABLE_ASSIGNMENT|[EXTERNAL]|this|{"delToHub":true,"detail":"0x4292234","invoked":false,"sublocations1":"0x50a0e5e4","www":"0x28867d1e","wwwById":"0x3bb7d0d4"}|0x27256066
15:04:14.0 (37403275)|STATEMENT_EXECUTE|[204]
15:04:14.0 (37406115)|STATEMENT_EXECUTE|[205]
15:04:14.0 (37407508)|STATEMENT_EXECUTE|[206]
15:04:14.0 (37412836)|HEAP_ALLOCATE|[206]|Bytes:5
15:04:14.0 (37424542)|VARIABLE_ASSIGNMENT|[206]|this.rejected|false|0x27256066
15:04:14.0 (37426672)|STATEMENT_EXECUTE|[208]
15:04:14.0 (37480655)|SYSTEM_MODE_ENTER|true
15:04:14.0 (37498195)|HEAP_ALLOCATE|[EXTERNAL]|Bytes:80
15:04:14.0 (37534325)|VARIABLE_ASSIGNMENT|[EXTERNAL]|this|{"delToHub":true,"detail":"0x4292234","invoked":false,"rejected":false,"sublocations1":"0x50a0e5e4","www":"0x28867d1e","wwwById":"0x3bb7d0d4"}|0x27256066
15:04:14.0 (37539650)|STATEMENT_EXECUTE|[220]
15:04:14.0 (37542015)|STATEMENT_EXECUTE|[221]
15:04:14.0 (37543112)|STATEMENT_EXECUTE|[222]
15:04:14.0 (37547136)|HEAP_ALLOCATE|[222]|Bytes:5
15:04:14.0 (37552284)|VARIABLE_ASSIGNMENT|[222]|this.delToProj|false|0x27256066
15:04:14.0 (37554061)|STATEMENT_EXECUTE|[224]
15:04:14.0 (37604124)|SYSTEM_MODE_ENTER|true
15:04:14.0 (37620018)|HEAP_ALLOCATE|[EXTERNAL]|Bytes:80
15:04:14.0 (37656329)|VARIABLE_ASSIGNMENT|[EXTERNAL]|this|{"delToHub":true,"delToProj":false,"detail":"0x4292234","invoked":false,"rejected":false,"sublocations1":"0x50a0e5e4","www":"0x28867d1e","wwwById":"0x3bb7d0d4"}|0x27256066
15:04:14.0 (37661170)|STATEMENT_EXECUTE|[212]
15:04:14.0 (37663468)|STATEMENT_EXECUTE|[213]
15:04:14.0 (37664525)|STATEMENT_EXECUTE|[214]
15:04:14.0 (37668056)|HEAP_ALLOCATE|[214]|Bytes:5
15:04:14.0 (37672901)|VARIABLE_ASSIGNMENT|[214]|this.reserved|false|0x27256066
15:04:14.0 (37674766)|STATEMENT_EXECUTE|[216]
15:04:14.0 (37756142)|SYSTEM_MODE_ENTER|true
15:04:14.0 (37772613)|HEAP_ALLOCATE|[EXTERNAL]|Bytes:80
15:04:14.0 (37806900)|VARIABLE_ASSIGNMENT|[EXTERNAL]|this|{"delToHub":true,"delToProj":false,"detail":"0x4292234","invoked":false,"rejected":false,"reserved":false,"sublocations1":"0x50a0e5e4","www":"0x28867d1e","wwwById":"0x3bb7d0d4"}|0x27256066
15:04:14.0 (37811218)|STATEMENT_EXECUTE|[21]
15:04:14.0 (37813361)|STATEMENT_EXECUTE|[22]
15:04:14.0 (37814513)|STATEMENT_EXECUTE|[26]
15:04:14.50 (50236802)|SYSTEM_MODE_ENTER|true
15:04:14.50 (50283624)|HEAP_ALLOCATE|[EXTERNAL]|Bytes:8
15:04:14.50 (50289868)|VARIABLE_SCOPE_BEGIN|[88]|this|ApexPage.PageMessagesComponentController|true|false
15:04:14.50 (50306823)|VARIABLE_ASSIGNMENT|[88]|this|{}|0x791dad54
15:04:14.50 (50312089)|VARIABLE_SCOPE_BEGIN|[88]|escape|Boolean|false|false
15:04:14.50 (50315522)|VARIABLE_ASSIGNMENT|[88]|escape|null
15:04:14.50 (50426669)|SYSTEM_MODE_ENTER|true
15:04:14.50 (50451793)|HEAP_ALLOCATE|[EXTERNAL]|Bytes:8
15:04:14.50 (50456204)|VARIABLE_SCOPE_BEGIN|[2]|this|ApexPage.PageMessagesComponentController|true|false
15:04:14.50 (50468937)|VARIABLE_ASSIGNMENT|[2]|this|{}|0x791dad54
15:04:14.0 (52841831)|SYSTEM_MODE_ENTER|true
15:04:14.0 (52867299)|HEAP_ALLOCATE|[EXTERNAL]|Bytes:80
15:04:14.0 (52872866)|VARIABLE_SCOPE_BEGIN|[48]|this|NewDeliveredExtension|true|false
15:04:14.0 (52913627)|VARIABLE_ASSIGNMENT|[48]|this|{"delToHub":true,"delToProj":false,"detail":"0x4292234","invoked":false,"rejected":false,"reserved":false,"sublocations1":"0x50a0e5e4","www":"0x28867d1e","wwwById":"0x3bb7d0d4"}|0x27256066
15:04:14.0 (52921548)|STATEMENT_EXECUTE|[48]
15:04:14.0 (52923276)|STATEMENT_EXECUTE|[49]
15:04:14.0 (52927415)|HEAP_ALLOCATE|[49]|Bytes:4
15:04:14.0 (52952513)|VARIABLE_SCOPE_BEGIN|[49]|options|List<System.SelectOption>|true|false
15:04:14.0 (52963992)|HEAP_ALLOCATE|[EXTERNAL]|Bytes:4
15:04:14.0 (52970095)|VARIABLE_ASSIGNMENT|[49]|options|[]|0x619d76bf
15:04:14.0 (52973016)|STATEMENT_EXECUTE|[50]
15:04:14.0 (52976526)|VARIABLE_SCOPE_BEGIN|[50]|i|Integer|false|false
15:04:14.0 (52979798)|HEAP_ALLOCATE|[50]|Bytes:4
15:04:14.0 (52984429)|VARIABLE_ASSIGNMENT|[50]|i|0
15:04:14.0 (52988945)|STATEMENT_EXECUTE|[50]
15:04:14.0 (52990257)|STATEMENT_EXECUTE|[51]
15:04:14.0 (52991890)|VARIABLE_SCOPE_BEGIN|[51]|j|Integer|false|false
15:04:14.0 (52993765)|HEAP_ALLOCATE|[51]|Bytes:4
15:04:14.0 (52996334)|VARIABLE_ASSIGNMENT|[51]|j|0
15:04:14.0 (52998251)|STATEMENT_EXECUTE|[51]
15:04:14.0 (53000051)|STATEMENT_EXECUTE|[52]
15:04:14.0 (53001987)|STATEMENT_EXECUTE|[53]
15:04:14.0 (53036962)|HEAP_ALLOCATE|[53]|Bytes:1
15:04:14.0 (53045760)|HEAP_ALLOCATE|[53]|Bytes:2
15:04:14.0 (53052674)|HEAP_ALLOCATE|[53]|Bytes:1
15:04:14.0 (53063160)|HEAP_ALLOCATE|[53]|Bytes:4
15:04:14.0 (53068925)|HEAP_ALLOCATE|[53]|Bytes:1
15:04:14.0 (53076816)|HEAP_ALLOCATE|[53]|Bytes:1
15:04:14.0 (53081947)|HEAP_ALLOCATE|[53]|Bytes:4
15:04:14.0 (53105111)|HEAP_ALLOCATE|[EXTERNAL]|Bytes:4
15:04:14.0 (53111807)|HEAP_ALLOCATE|[51]|Bytes:4
15:04:14.0 (53116734)|VARIABLE_ASSIGNMENT|[51]|j|30
15:04:14.0 (53119720)|STATEMENT_EXECUTE|[51]
15:04:14.0 (53121302)|STATEMENT_EXECUTE|[54]
15:04:14.0 (53122407)|STATEMENT_EXECUTE|[55]
15:04:14.0 (53140340)|HEAP_ALLOCATE|[55]|Bytes:1
15:04:14.0 (53146854)|HEAP_ALLOCATE|[55]|Bytes:1
15:04:14.0 (53152709)|HEAP_ALLOCATE|[55]|Bytes:2
15:04:14.0 (53158534)|HEAP_ALLOCATE|[55]|Bytes:4
15:04:14.0 (53163517)|HEAP_ALLOCATE|[55]|Bytes:1
15:04:14.0 (53171050)|HEAP_ALLOCATE|[55]|Bytes:2
15:04:14.0 (53176044)|HEAP_ALLOCATE|[55]|Bytes:4
15:04:14.0 (53188376)|HEAP_ALLOCATE|[EXTERNAL]|Bytes:4
15:04:14.0 (53192868)|HEAP_ALLOCATE|[51]|Bytes:4
15:04:14.0 (53196881)|VARIABLE_ASSIGNMENT|[51]|j|60
15:04:14.0 (53200049)|HEAP_ALLOCATE|[50]|Bytes:4
15:04:14.0 (53202577)|VARIABLE_ASSIGNMENT|[50]|i|1
15:04:14.0 (53204675)|STATEMENT_EXECUTE|[50]
15:04:14.0 (53206068)|STATEMENT_EXECUTE|[51]
15:04:14.0 (53207841)|VARIABLE_SCOPE_BEGIN|[51]|j|Integer|false|false
15:04:14.0 (53209568)|HEAP_ALLOCATE|[51]|Bytes:4
15:04:14.0 (53211931)|VARIABLE_ASSIGNMENT|[51]|j|0
15:04:14.0 (53213458)|STATEMENT_EXECUTE|[51]
15:04:14.0 (53214902)|STATEMENT_EXECUTE|[52]
15:04:14.0 (53215848)|STATEMENT_EXECUTE|[53]
15:04:14.0 (53223423)|HEAP_ALLOCATE|[53]|Bytes:1
15:04:14.0 (53231695)|HEAP_ALLOCATE|[53]|Bytes:1
15:04:14.0 (53236944)|HEAP_ALLOCATE|[53]|Bytes:4
15:04:14.0 (53241689)|HEAP_ALLOCATE|[53]|Bytes:1
15:04:14.0 (53248786)|HEAP_ALLOCATE|[53]|Bytes:1
15:04:14.0 (53253514)|HEAP_ALLOCATE|[53]|Bytes:4
15:04:14.0 (53259191)|HEAP_ALLOCATE|[EXTERNAL]|Bytes:4
15:04:14.0 (53262846)|HEAP_ALLOCATE|[51]|Bytes:4
15:04:14.0 (53266136)|VARIABLE_ASSIGNMENT|[51]|j|30
15:04:14.0 (53268031)|STATEMENT_EXECUTE|[51]
15:04:14.0 (53269441)|STATEMENT_EXECUTE|[54]
15:04:14.0 (53270391)|STATEMENT_EXECUTE|[55]
15:04:14.0 (53276408)|HEAP_ALLOCATE|[55]|Bytes:1
15:04:14.0 (53284419)|HEAP_ALLOCATE|[55]|Bytes:2
15:04:14.0 (53289577)|HEAP_ALLOCATE|[55]|Bytes:4
15:04:14.0 (53294392)|HEAP_ALLOCATE|[55]|Bytes:1
15:04:14.0 (53301595)|HEAP_ALLOCATE|[55]|Bytes:2
15:04:14.0 (53306415)|HEAP_ALLOCATE|[55]|Bytes:4
15:04:14.0 (53311073)|HEAP_ALLOCATE|[EXTERNAL]|Bytes:4
15:04:14.0 (53314509)|HEAP_ALLOCATE|[51]|Bytes:4
15:04:14.0 (53317297)|VARIABLE_ASSIGNMENT|[51]|j|60
15:04:14.0 (53319229)|HEAP_ALLOCATE|[50]|Bytes:4
15:04:14.0 (53321598)|VARIABLE_ASSIGNMENT|[50]|i|2
15:04:14.0 (53323177)|STATEMENT_EXECUTE|[50]
15:04:14.0 (53324464)|STATEMENT_EXECUTE|[51]
15:04:14.0 (53326046)|VARIABLE_SCOPE_BEGIN|[51]|j|Integer|false|false
15:04:14.0 (53327502)|HEAP_ALLOCATE|[51]|Bytes:4
15:04:14.0 (53329796)|VARIABLE_ASSIGNMENT|[51]|j|0
15:04:14.0 (53331396)|STATEMENT_EXECUTE|[51]
15:04:14.0 (53332834)|STATEMENT_EXECUTE|[52]
15:04:14.0 (53333788)|STATEMENT_EXECUTE|[53]
15:04:14.0 (53339663)|HEAP_ALLOCATE|[53]|Bytes:1
15:04:14.0 (53347424)|HEAP_ALLOCATE|[53]|Bytes:1
15:04:14.0 (53352333)|HEAP_ALLOCATE|[53]|Bytes:4
15:04:14.0 (53357038)|HEAP_ALLOCATE|[53]|Bytes:1
15:04:14.0 (53364087)|HEAP_ALLOCATE|[53]|Bytes:1
15:04:14.0 (53368825)|HEAP_ALLOCATE|[53]|Bytes:4
15:04:14.0 (53373414)|HEAP_ALLOCATE|[EXTERNAL]|Bytes:4
15:04:14.0 (53376906)|HEAP_ALLOCATE|[51]|Bytes:4
15:04:14.0 (53379667)|VARIABLE_ASSIGNMENT|[51]|j|30
15:04:14.0 (53381305)|STATEMENT_EXECUTE|[51]
15:04:14.0 (53382689)|STATEMENT_EXECUTE|[54]
15:04:14.0 (53383647)|STATEMENT_EXECUTE|[55]
15:04:14.0 (53389550)|HEAP_ALLOCATE|[55]|Bytes:1
15:04:14.0 (53397494)|HEAP_ALLOCATE|[55]|Bytes:2
15:04:14.0 (53402405)|HEAP_ALLOCATE|[55]|Bytes:4
15:04:14.0 (53407140)|HEAP_ALLOCATE|[55]|Bytes:1
15:04:14.0 (53414268)|HEAP_ALLOCATE|[55]|Bytes:2
15:04:14.0 (53423922)|HEAP_ALLOCATE|[55]|Bytes:4
15:04:14.0 (53428742)|HEAP_ALLOCATE|[EXTERNAL]|Bytes:4
15:04:14.0 (53432354)|HEAP_ALLOCATE|[51]|Bytes:4
15:04:14.0 (53435336)|VARIABLE_ASSIGNMENT|[51]|j|60
15:04:14.0 (53437569)|HEAP_ALLOCATE|[50]|Bytes:4
15:04:14.0 (53439894)|VARIABLE_ASSIGNMENT|[50]|i|3
15:04:14.0 (53441613)|STATEMENT_EXECUTE|[50]
15:04:14.0 (53442875)|STATEMENT_EXECUTE|[51]
15:04:14.0 (53444499)|VARIABLE_SCOPE_BEGIN|[51]|j|Integer|false|false
15:04:14.0 (53446010)|HEAP_ALLOCATE|[51]|Bytes:4
15:04:14.0 (53448437)|VARIABLE_ASSIGNMENT|[51]|j|0
15:04:14.0 (53449864)|STATEMENT_EXECUTE|[51]
15:04:14.0 (53451286)|STATEMENT_EXECUTE|[52]
15:04:14.0 (53452256)|STATEMENT_EXECUTE|[53]
15:04:14.0 (53458494)|HEAP_ALLOCATE|[53]|Bytes:1
15:04:14.0 (53466113)|HEAP_ALLOCATE|[53]|Bytes:1
15:04:14.0 (53471145)|HEAP_ALLOCATE|[53]|Bytes:4
15:04:14.0 (53475881)|HEAP_ALLOCATE|[53]|Bytes:1
15:04:14.0 (53482862)|HEAP_ALLOCATE|[53]|Bytes:1
15:04:14.0 (53487617)|HEAP_ALLOCATE|[53]|Bytes:4
15:04:14.0 (53492357)|HEAP_ALLOCATE|[EXTERNAL]|Bytes:4
15:04:14.0 (53495946)|HEAP_ALLOCATE|[51]|Bytes:4
15:04:14.0 (53499108)|VARIABLE_ASSIGNMENT|[51]|j|30
15:04:14.0 (53500840)|STATEMENT_EXECUTE|[51]
15:04:14.0 (53502283)|STATEMENT_EXECUTE|[54]
15:04:14.0 (53503394)|STATEMENT_EXECUTE|[55]
15:04:14.0 (53509040)|HEAP_ALLOCATE|[55]|Bytes:1
15:04:14.0 (53516796)|HEAP_ALLOCATE|[55]|Bytes:2
15:04:14.0 (53521655)|HEAP_ALLOCATE|[55]|Bytes:4
15:04:14.0 (53526409)|HEAP_ALLOCATE|[55]|Bytes:1
15:04:14.0 (53533445)|HEAP_ALLOCATE|[55]|Bytes:2
15:04:14.0 (53538189)|HEAP_ALLOCATE|[55]|Bytes:4
15:04:14.0 (53542713)|HEAP_ALLOCATE|[EXTERNAL]|Bytes:4
15:04:14.0 (53546177)|HEAP_ALLOCATE|[51]|Bytes:4
15:04:14.0 (53548923)|VARIABLE_ASSIGNMENT|[51]|j|60
15:04:14.0 (53550743)|HEAP_ALLOCATE|[50]|Bytes:4
15:04:14.0 (53553050)|VARIABLE_ASSIGNMENT|[50]|i|4
15:04:14.0 (53554685)|STATEMENT_EXECUTE|[50]
15:04:14.0 (53555947)|STATEMENT_EXECUTE|[51]
15:04:14.0 (53557511)|VARIABLE_SCOPE_BEGIN|[51]|j|Integer|false|false
15:04:14.0 (53558846)|HEAP_ALLOCATE|[51]|Bytes:4
15:04:14.0 (53561067)|VARIABLE_ASSIGNMENT|[51]|j|0
15:04:14.0 (53562440)|STATEMENT_EXECUTE|[51]
15:04:14.0 (53564087)|STATEMENT_EXECUTE|[52]
15:04:14.0 (53565121)|STATEMENT_EXECUTE|[53]
15:04:14.0 (53570907)|HEAP_ALLOCATE|[53]|Bytes:1
15:04:14.0 (53578704)|HEAP_ALLOCATE|[53]|Bytes:1
15:04:14.0 (53583649)|HEAP_ALLOCATE|[53]|Bytes:4
15:04:14.0 (53588362)|HEAP_ALLOCATE|[53]|Bytes:1
15:04:14.0 (53595495)|HEAP_ALLOCATE|[53]|Bytes:1
15:04:14.0 (53600337)|HEAP_ALLOCATE|[53]|Bytes:4
15:04:14.0 (53604960)|HEAP_ALLOCATE|[EXTERNAL]|Bytes:4
15:04:14.0 (53608424)|HEAP_ALLOCATE|[51]|Bytes:4
15:04:14.0 (53611281)|VARIABLE_ASSIGNMENT|[51]|j|30
15:04:14.0 (53612893)|STATEMENT_EXECUTE|[51]
15:04:14.0 (53614201)|STATEMENT_EXECUTE|[54]
15:04:14.0 (53615143)|STATEMENT_EXECUTE|[55]
15:04:14.0 (53620777)|HEAP_ALLOCATE|[55]|Bytes:1
15:04:14.0 (53628398)|HEAP_ALLOCATE|[55]|Bytes:2
15:04:14.0 (53633363)|HEAP_ALLOCATE|[55]|Bytes:4
15:04:14.0 (53638023)|HEAP_ALLOCATE|[55]|Bytes:1
15:04:14.0 (53645193)|HEAP_ALLOCATE|[55]|Bytes:2
15:04:14.0 (53649996)|HEAP_ALLOCATE|[55]|Bytes:4
15:04:14.0 (53654507)|HEAP_ALLOCATE|[EXTERNAL]|Bytes:4
15:04:14.0 (53658270)|HEAP_ALLOCATE|[51]|Bytes:4
15:04:14.0 (53661318)|VARIABLE_ASSIGNMENT|[51]|j|60
15:04:14.0 (53665939)|HEAP_ALLOCATE|[50]|Bytes:4
15:04:14.0 (53668403)|VARIABLE_ASSIGNMENT|[50]|i|5
15:04:14.0 (53669984)|STATEMENT_EXECUTE|[50]
15:04:14.0 (53671221)|STATEMENT_EXECUTE|[51]
15:04:14.0 (53672823)|VARIABLE_SCOPE_BEGIN|[51]|j|Integer|false|false
15:04:14.0 (53674244)|HEAP_ALLOCATE|[51]|Bytes:4
15:04:14.0 (53676525)|VARIABLE_ASSIGNMENT|[51]|j|0
15:04:14.0 (53677910)|STATEMENT_EXECUTE|[51]
15:04:14.0 (53679172)|STATEMENT_EXECUTE|[52]
15:04:14.0 (53680121)|STATEMENT_EXECUTE|[53]
15:04:14.0 (53686264)|HEAP_ALLOCATE|[53]|Bytes:1
15:04:14.0 (53693910)|HEAP_ALLOCATE|[53]|Bytes:1
15:04:14.0 (53698755)|HEAP_ALLOCATE|[53]|Bytes:4
15:04:14.0 (53703547)|HEAP_ALLOCATE|[53]|Bytes:1
15:04:14.0 (53710604)|HEAP_ALLOCATE|[53]|Bytes:1
15:04:14.0 (53715493)|HEAP_ALLOCATE|[53]|Bytes:4
15:04:14.0 (53720293)|HEAP_ALLOCATE|[EXTERNAL]|Bytes:4
15:04:14.0 (53724101)|HEAP_ALLOCATE|[51]|Bytes:4
15:04:14.0 (53727174)|VARIABLE_ASSIGNMENT|[51]|j|30
15:04:14.0 (53728862)|STATEMENT_EXECUTE|[51]
15:04:14.0 (53730163)|STATEMENT_EXECUTE|[54]
15:04:14.0 (53731124)|STATEMENT_EXECUTE|[55]
15:04:14.0 (53736753)|HEAP_ALLOCATE|[55]|Bytes:1
15:04:14.0 (53744402)|HEAP_ALLOCATE|[55]|Bytes:2
15:04:14.0 (53749329)|HEAP_ALLOCATE|[55]|Bytes:4
15:04:14.0 (53754032)|HEAP_ALLOCATE|[55]|Bytes:1
15:04:14.0 (53761239)|HEAP_ALLOCATE|[55]|Bytes:2
15:04:14.0 (53766015)|HEAP_ALLOCATE|[55]|Bytes:4
15:04:14.0 (53770475)|HEAP_ALLOCATE|[EXTERNAL]|Bytes:4
15:04:14.0 (53773788)|HEAP_ALLOCATE|[51]|Bytes:4
15:04:14.0 (53776567)|VARIABLE_ASSIGNMENT|[51]|j|60
15:04:14.0 (53778493)|HEAP_ALLOCATE|[50]|Bytes:4
15:04:14.0 (53780729)|VARIABLE_ASSIGNMENT|[50]|i|6
15:04:14.0 (53782335)|STATEMENT_EXECUTE|[50]
15:04:14.0 (53783534)|STATEMENT_EXECUTE|[51]
15:04:14.0 (53785076)|VARIABLE_SCOPE_BEGIN|[51]|j|Integer|false|false
15:04:14.0 (53786473)|HEAP_ALLOCATE|[51]|Bytes:4
15:04:14.0 (53788707)|VARIABLE_ASSIGNMENT|[51]|j|0
15:04:14.0 (53790115)|STATEMENT_EXECUTE|[51]
15:04:14.0 (53791658)|STATEMENT_EXECUTE|[52]
15:04:14.0 (53792667)|STATEMENT_EXECUTE|[53]
15:04:14.0 (53798283)|HEAP_ALLOCATE|[53]|Bytes:1
15:04:14.0 (53806054)|HEAP_ALLOCATE|[53]|Bytes:1
15:04:14.0 (53810892)|HEAP_ALLOCATE|[53]|Bytes:4
15:04:14.0 (53815654)|HEAP_ALLOCATE|[53]|Bytes:1
15:04:14.0 (53822810)|HEAP_ALLOCATE|[53]|Bytes:1
15:04:14.0 (53827550)|HEAP_ALLOCATE|[53]|Bytes:4
15:04:14.0 (53832068)|HEAP_ALLOCATE|[EXTERNAL]|Bytes:4
15:04:14.0 (53835501)|HEAP_ALLOCATE|[51]|Bytes:4
15:04:14.0 (53838283)|VARIABLE_ASSIGNMENT|[51]|j|30
15:04:14.0 (53839883)|STATEMENT_EXECUTE|[51]
15:04:14.0 (53841166)|STATEMENT_EXECUTE|[54]
15:04:14.0 (53842113)|STATEMENT_EXECUTE|[55]
15:04:14.0 (53847579)|HEAP_ALLOCATE|[55]|Bytes:1
15:04:14.0 (53855324)|HEAP_ALLOCATE|[55]|Bytes:2
15:04:14.0 (53860258)|HEAP_ALLOCATE|[55]|Bytes:4
15:04:14.0 (53864886)|HEAP_ALLOCATE|[55]|Bytes:1
15:04:14.0 (53872249)|HEAP_ALLOCATE|[55]|Bytes:2
15:04:14.0 (53878937)|HEAP_ALLOCATE|[55]|Bytes:4
15:04:14.0 (53883656)|HEAP_ALLOCATE|[EXTERNAL]|Bytes:4
15:04:14.0 (53887468)|HEAP_ALLOCATE|[51]|Bytes:4
15:04:14.0 (53890252)|VARIABLE_ASSIGNMENT|[51]|j|60
15:04:14.0 (53892164)|HEAP_ALLOCATE|[50]|Bytes:4
15:04:14.0 (53894441)|VARIABLE_ASSIGNMENT|[50]|i|7
15:04:14.0 (53896004)|STATEMENT_EXECUTE|[50]
15:04:14.0 (53897207)|STATEMENT_EXECUTE|[51]
15:04:14.0 (53898767)|VARIABLE_SCOPE_BEGIN|[51]|j|Integer|false|false
15:04:14.0 (53900104)|HEAP_ALLOCATE|[51]|Bytes:4
15:04:14.0 (53902337)|VARIABLE_ASSIGNMENT|[51]|j|0
15:04:14.0 (53903812)|STATEMENT_EXECUTE|[51]
15:04:14.0 (53905073)|STATEMENT_EXECUTE|[52]
15:04:14.0 (53906022)|STATEMENT_EXECUTE|[53]
15:04:14.0 (53911875)|HEAP_ALLOCATE|[53]|Bytes:1
15:04:14.0 (53919445)|HEAP_ALLOCATE|[53]|Bytes:1
15:04:14.0 (53924333)|HEAP_ALLOCATE|[53]|Bytes:4
15:04:14.0 (53929080)|HEAP_ALLOCATE|[53]|Bytes:1
15:04:14.0 (53936109)|HEAP_ALLOCATE|[53]|Bytes:1
15:04:14.0 (53940871)|HEAP_ALLOCATE|[53]|Bytes:4
15:04:14.0 (53945401)|HEAP_ALLOCATE|[EXTERNAL]|Bytes:4
15:04:14.0 (53948844)|HEAP_ALLOCATE|[51]|Bytes:4
15:04:14.0 (53951626)|VARIABLE_ASSIGNMENT|[51]|j|30
15:04:14.0 (53953471)|STATEMENT_EXECUTE|[51]
15:04:14.0 (53954773)|STATEMENT_EXECUTE|[54]
15:04:14.0 (53955731)|STATEMENT_EXECUTE|[55]
15:04:14.0 (53961358)|HEAP_ALLOCATE|[55]|Bytes:1
15:04:14.0 (53969090)|HEAP_ALLOCATE|[55]|Bytes:2
15:04:14.0 (53974065)|HEAP_ALLOCATE|[55]|Bytes:4
15:04:14.0 (53978879)|HEAP_ALLOCATE|[55]|Bytes:1
15:04:14.0 (53985982)|HEAP_ALLOCATE|[55]|Bytes:2
15:04:14.0 (53990678)|HEAP_ALLOCATE|[55]|Bytes:4
15:04:14.0 (53995085)|HEAP_ALLOCATE|[EXTERNAL]|Bytes:4
15:04:14.0 (53998567)|HEAP_ALLOCATE|[51]|Bytes:4
15:04:14.0 (54001257)|VARIABLE_ASSIGNMENT|[51]|j|60
15:04:14.0 (54003669)|HEAP_ALLOCATE|[50]|Bytes:4
15:04:14.0 (54005918)|VARIABLE_ASSIGNMENT|[50]|i|8
15:04:14.0 (54007533)|STATEMENT_EXECUTE|[50]
15:04:14.0 (54008725)|STATEMENT_EXECUTE|[51]
15:04:14.0 (54010373)|VARIABLE_SCOPE_BEGIN|[51]|j|Integer|false|false
15:04:14.0 (54011725)|HEAP_ALLOCATE|[51]|Bytes:4
15:04:14.0 (54013961)|VARIABLE_ASSIGNMENT|[51]|j|0
15:04:14.0 (54015438)|STATEMENT_EXECUTE|[51]
15:04:14.0 (54016920)|STATEMENT_EXECUTE|[52]
15:04:14.0 (54017916)|STATEMENT_EXECUTE|[53]
15:04:14.0 (54023703)|HEAP_ALLOCATE|[53]|Bytes:1
15:04:14.0 (54031524)|HEAP_ALLOCATE|[53]|Bytes:1
15:04:14.0 (54036463)|HEAP_ALLOCATE|[53]|Bytes:4
15:04:14.0 (54041131)|HEAP_ALLOCATE|[53]|Bytes:1
15:04:14.0 (54048359)|HEAP_ALLOCATE|[53]|Bytes:1
15:04:14.0 (54053286)|HEAP_ALLOCATE|[53]|Bytes:4
15:04:14.0 (54057887)|HEAP_ALLOCATE|[EXTERNAL]|Bytes:4
15:04:14.0 (54061379)|HEAP_ALLOCATE|[51]|Bytes:4
15:04:14.0 (54064272)|VARIABLE_ASSIGNMENT|[51]|j|30
15:04:14.0 (54065932)|STATEMENT_EXECUTE|[51]
15:04:14.0 (54067209)|STATEMENT_EXECUTE|[54]
15:04:14.0 (54068178)|STATEMENT_EXECUTE|[55]
15:04:14.0 (54073655)|HEAP_ALLOCATE|[55]|Bytes:1
15:04:14.0 (54081369)|HEAP_ALLOCATE|[55]|Bytes:2
15:04:14.0 (54086387)|HEAP_ALLOCATE|[55]|Bytes:4
15:04:14.0 (54091036)|HEAP_ALLOCATE|[55]|Bytes:1
15:04:14.0 (54098139)|HEAP_ALLOCATE|[55]|Bytes:2
15:04:14.0 (54102856)|HEAP_ALLOCATE|[55]|Bytes:4
15:04:14.0 (54107321)|HEAP_ALLOCATE|[EXTERNAL]|Bytes:4
15:04:14.0 (54110886)|HEAP_ALLOCATE|[51]|Bytes:4
15:04:14.0 (54113659)|VARIABLE_ASSIGNMENT|[51]|j|60
15:04:14.0 (54115382)|HEAP_ALLOCATE|[50]|Bytes:4
15:04:14.0 (54117595)|VARIABLE_ASSIGNMENT|[50]|i|9
15:04:14.0 (54119164)|STATEMENT_EXECUTE|[50]
15:04:14.0 (54120385)|STATEMENT_EXECUTE|[51]
15:04:14.0 (54121969)|VARIABLE_SCOPE_BEGIN|[51]|j|Integer|false|false
15:04:14.0 (54123350)|HEAP_ALLOCATE|[51]|Bytes:4
15:04:14.0 (54125622)|VARIABLE_ASSIGNMENT|[51]|j|0
15:04:14.0 (54127030)|STATEMENT_EXECUTE|[51]
15:04:14.0 (54128275)|STATEMENT_EXECUTE|[52]
15:04:14.0 (54129226)|STATEMENT_EXECUTE|[53]
15:04:14.0 (54134958)|HEAP_ALLOCATE|[53]|Bytes:1
15:04:14.0 (54142783)|HEAP_ALLOCATE|[53]|Bytes:1
15:04:14.0 (54147751)|HEAP_ALLOCATE|[53]|Bytes:4
15:04:14.0 (54152439)|HEAP_ALLOCATE|[53]|Bytes:1
15:04:14.0 (54159545)|HEAP_ALLOCATE|[53]|Bytes:1
15:04:14.0 (54164375)|HEAP_ALLOCATE|[53]|Bytes:4
15:04:14.0 (54168876)|HEAP_ALLOCATE|[EXTERNAL]|Bytes:4
15:04:14.0 (54172226)|HEAP_ALLOCATE|[51]|Bytes:4
15:04:14.0 (54175128)|VARIABLE_ASSIGNMENT|[51]|j|30
15:04:14.0 (54176988)|STATEMENT_EXECUTE|[51]
15:04:14.0 (54178371)|STATEMENT_EXECUTE|[54]
15:04:14.0 (54179316)|STATEMENT_EXECUTE|[55]
15:04:14.0 (54184993)|HEAP_ALLOCATE|[55]|Bytes:1
15:04:14.0 (54192764)|HEAP_ALLOCATE|[55]|Bytes:2
15:04:14.0 (54197667)|HEAP_ALLOCATE|[55]|Bytes:4
15:04:14.0 (54202293)|HEAP_ALLOCATE|[55]|Bytes:1
15:04:14.0 (54209459)|HEAP_ALLOCATE|[55]|Bytes:2
15:04:14.0 (54214286)|HEAP_ALLOCATE|[55]|Bytes:4
15:04:14.0 (54218823)|HEAP_ALLOCATE|[EXTERNAL]|Bytes:4
15:04:14.0 (54222232)|HEAP_ALLOCATE|[51]|Bytes:4
15:04:14.0 (54224982)|VARIABLE_ASSIGNMENT|[51]|j|60
15:04:14.0 (54226751)|HEAP_ALLOCATE|[50]|Bytes:4
15:04:14.0 (54229084)|VARIABLE_ASSIGNMENT|[50]|i|10
15:04:14.0 (54230633)|STATEMENT_EXECUTE|[50]
15:04:14.0 (54231773)|STATEMENT_EXECUTE|[51]
15:04:14.0 (54233318)|VARIABLE_SCOPE_BEGIN|[51]|j|Integer|false|false
15:04:14.0 (54234815)|HEAP_ALLOCATE|[51]|Bytes:4
15:04:14.0 (54237151)|VARIABLE_ASSIGNMENT|[51]|j|0
15:04:14.0 (54238551)|STATEMENT_EXECUTE|[51]
15:04:14.0 (54239907)|STATEMENT_EXECUTE|[52]
15:04:14.0 (54241076)|STATEMENT_EXECUTE|[53]
15:04:14.0 (54246906)|HEAP_ALLOCATE|[53]|Bytes:2
15:04:14.0 (54254498)|HEAP_ALLOCATE|[53]|Bytes:1
15:04:14.0 (54259435)|HEAP_ALLOCATE|[53]|Bytes:5
15:04:14.0 (54264106)|HEAP_ALLOCATE|[53]|Bytes:2
15:04:14.0 (54271183)|HEAP_ALLOCATE|[53]|Bytes:1
15:04:14.0 (54275979)|HEAP_ALLOCATE|[53]|Bytes:5
15:04:14.0 (54280716)|HEAP_ALLOCATE|[EXTERNAL]|Bytes:4
15:04:14.0 (54284154)|HEAP_ALLOCATE|[51]|Bytes:4
15:04:14.0 (54286903)|VARIABLE_ASSIGNMENT|[51]|j|30
15:04:14.0 (54288492)|STATEMENT_EXECUTE|[51]
15:04:14.0 (54289734)|STATEMENT_EXECUTE|[54]
15:04:14.0 (54290801)|STATEMENT_EXECUTE|[55]
15:04:14.0 (54296631)|HEAP_ALLOCATE|[55]|Bytes:2
15:04:14.0 (54306277)|HEAP_ALLOCATE|[55]|Bytes:2
15:04:14.0 (54311425)|HEAP_ALLOCATE|[55]|Bytes:5
15:04:14.0 (54316287)|HEAP_ALLOCATE|[55]|Bytes:2
15:04:14.0 (54323479)|HEAP_ALLOCATE|[55]|Bytes:2
15:04:14.0 (54328307)|HEAP_ALLOCATE|[55]|Bytes:5
15:04:14.0 (54333072)|HEAP_ALLOCATE|[EXTERNAL]|Bytes:4
15:04:14.0 (54336470)|HEAP_ALLOCATE|[51]|Bytes:4
15:04:14.0 (54339483)|VARIABLE_ASSIGNMENT|[51]|j|60
15:04:14.0 (54341381)|HEAP_ALLOCATE|[50]|Bytes:4
15:04:14.0 (54343645)|VARIABLE_ASSIGNMENT|[50]|i|11
15:04:14.0 (54345208)|STATEMENT_EXECUTE|[50]
15:04:14.0 (54346352)|STATEMENT_EXECUTE|[51]
15:04:14.0 (54347973)|VARIABLE_SCOPE_BEGIN|[51]|j|Integer|false|false
15:04:14.0 (54349324)|HEAP_ALLOCATE|[51]|Bytes:4
15:04:14.0 (54351645)|VARIABLE_ASSIGNMENT|[51]|j|0
15:04:14.0 (54353073)|STATEMENT_EXECUTE|[51]
15:04:14.0 (54354327)|STATEMENT_EXECUTE|[52]
15:04:14.0 (54355273)|STATEMENT_EXECUTE|[53]
15:04:14.0 (54361120)|HEAP_ALLOCATE|[53]|Bytes:2
15:04:14.0 (54368846)|HEAP_ALLOCATE|[53]|Bytes:1
15:04:14.0 (54373671)|HEAP_ALLOCATE|[53]|Bytes:5
15:04:14.0 (54378396)|HEAP_ALLOCATE|[53]|Bytes:2
15:04:14.0 (54385412)|HEAP_ALLOCATE|[53]|Bytes:1
15:04:14.0 (54390111)|HEAP_ALLOCATE|[53]|Bytes:5
15:04:14.0 (54394615)|HEAP_ALLOCATE|[EXTERNAL]|Bytes:4
15:04:14.0 (54398342)|HEAP_ALLOCATE|[51]|Bytes:4
15:04:14.0 (54401162)|VARIABLE_ASSIGNMENT|[51]|j|30
15:04:14.0 (54403034)|STATEMENT_EXECUTE|[51]
15:04:14.0 (54404397)|STATEMENT_EXECUTE|[54]
15:04:14.0 (54405391)|STATEMENT_EXECUTE|[55]
15:04:14.0 (54411080)|HEAP_ALLOCATE|[55]|Bytes:2
15:04:14.0 (54422115)|HEAP_ALLOCATE|[55]|Bytes:2
15:04:14.0 (54427273)|HEAP_ALLOCATE|[55]|Bytes:5
15:04:14.0 (54431996)|HEAP_ALLOCATE|[55]|Bytes:2
15:04:14.0 (54439345)|HEAP_ALLOCATE|[55]|Bytes:2
15:04:14.0 (54444091)|HEAP_ALLOCATE|[55]|Bytes:5
15:04:14.0 (54448656)|HEAP_ALLOCATE|[EXTERNAL]|Bytes:4
15:04:14.0 (54452183)|HEAP_ALLOCATE|[51]|Bytes:4
15:04:14.0 (54455266)|VARIABLE_ASSIGNMENT|[51]|j|60
15:04:14.0 (54457125)|HEAP_ALLOCATE|[50]|Bytes:4
15:04:14.0 (54459380)|VARIABLE_ASSIGNMENT|[50]|i|12
15:04:14.0 (54460954)|STATEMENT_EXECUTE|[50]
15:04:14.0 (54462118)|STATEMENT_EXECUTE|[51]
15:04:14.0 (54463677)|VARIABLE_SCOPE_BEGIN|[51]|j|Integer|false|false
15:04:14.0 (54465107)|HEAP_ALLOCATE|[51]|Bytes:4
15:04:14.0 (54467420)|VARIABLE_ASSIGNMENT|[51]|j|0
15:04:14.0 (54468809)|STATEMENT_EXECUTE|[51]
15:04:14.0 (54470062)|STATEMENT_EXECUTE|[52]
15:04:14.0 (54471149)|STATEMENT_EXECUTE|[53]
15:04:14.0 (54477193)|HEAP_ALLOCATE|[53]|Bytes:2
15:04:14.0 (54484797)|HEAP_ALLOCATE|[53]|Bytes:1
15:04:14.0 (54489698)|HEAP_ALLOCATE|[53]|Bytes:5
15:04:14.0 (54494373)|HEAP_ALLOCATE|[53]|Bytes:2
15:04:14.0 (54501445)|HEAP_ALLOCATE|[53]|Bytes:1
15:04:14.0 (54506233)|HEAP_ALLOCATE|[53]|Bytes:5
15:04:14.0 (54510950)|HEAP_ALLOCATE|[EXTERNAL]|Bytes:4
15:04:14.0 (54514279)|HEAP_ALLOCATE|[51]|Bytes:4
15:04:14.0 (54516999)|VARIABLE_ASSIGNMENT|[51]|j|30
15:04:14.0 (54518725)|STATEMENT_EXECUTE|[51]
15:04:14.0 (54520010)|STATEMENT_EXECUTE|[54]
15:04:14.0 (54520972)|STATEMENT_EXECUTE|[55]
15:04:14.0 (54526634)|HEAP_ALLOCATE|[55]|Bytes:2
15:04:14.0 (54534243)|HEAP_ALLOCATE|[55]|Bytes:2
15:04:14.0 (54539171)|HEAP_ALLOCATE|[55]|Bytes:5
15:04:14.0 (54543859)|HEAP_ALLOCATE|[55]|Bytes:2
15:04:14.0 (54550955)|HEAP_ALLOCATE|[55]|Bytes:2
15:04:14.0 (54555734)|HEAP_ALLOCATE|[55]|Bytes:5
15:04:14.0 (54560257)|HEAP_ALLOCATE|[EXTERNAL]|Bytes:4
15:04:14.0 (54563671)|HEAP_ALLOCATE|[51]|Bytes:4
15:04:14.0 (54566701)|VARIABLE_ASSIGNMENT|[51]|j|60
15:04:14.0 (54568493)|HEAP_ALLOCATE|[50]|Bytes:4
15:04:14.0 (54570770)|VARIABLE_ASSIGNMENT|[50]|i|13
15:04:14.0 (54572330)|STATEMENT_EXECUTE|[50]
15:04:14.0 (54573441)|STATEMENT_EXECUTE|[51]
15:04:14.0 (54575005)|VARIABLE_SCOPE_BEGIN|[51]|j|Integer|false|false
15:04:14.0 (54576385)|HEAP_ALLOCATE|[51]|Bytes:4
15:04:14.0 (54578636)|VARIABLE_ASSIGNMENT|[51]|j|0
15:04:14.0 (54580061)|STATEMENT_EXECUTE|[51]
15:04:14.0 (54581320)|STATEMENT_EXECUTE|[52]
15:04:14.0 (54582271)|STATEMENT_EXECUTE|[53]
15:04:14.0 (54588067)|HEAP_ALLOCATE|[53]|Bytes:2
15:04:14.0 (54595733)|HEAP_ALLOCATE|[53]|Bytes:1
15:04:14.0 (54600576)|HEAP_ALLOCATE|[53]|Bytes:5
15:04:14.0 (54605409)|HEAP_ALLOCATE|[53]|Bytes:2
15:04:14.0 (54612492)|HEAP_ALLOCATE|[53]|Bytes:1
15:04:14.0 (54617458)|HEAP_ALLOCATE|[53]|Bytes:5
15:04:14.0 (54621968)|HEAP_ALLOCATE|[EXTERNAL]|Bytes:4
15:04:14.0 (54625342)|HEAP_ALLOCATE|[51]|Bytes:4
15:04:14.0 (54628150)|VARIABLE_ASSIGNMENT|[51]|j|30
15:04:14.0 (54629934)|STATEMENT_EXECUTE|[51]
15:04:14.0 (54631238)|STATEMENT_EXECUTE|[54]
15:04:14.0 (54632175)|STATEMENT_EXECUTE|[55]
15:04:14.0 (54637758)|HEAP_ALLOCATE|[55]|Bytes:2
15:04:14.0 (54645405)|HEAP_ALLOCATE|[55]|Bytes:2
15:04:14.0 (54650437)|HEAP_ALLOCATE|[55]|Bytes:5
15:04:14.0 (54655128)|HEAP_ALLOCATE|[55]|Bytes:2
15:04:14.0 (54662222)|HEAP_ALLOCATE|[55]|Bytes:2
15:04:14.0 (54667216)|HEAP_ALLOCATE|[55]|Bytes:5
15:04:14.0 (54671687)|HEAP_ALLOCATE|[EXTERNAL]|Bytes:4
15:04:14.0 (54674991)|HEAP_ALLOCATE|[51]|Bytes:4
15:04:14.0 (54677712)|VARIABLE_ASSIGNMENT|[51]|j|60
15:04:14.0 (54679436)|HEAP_ALLOCATE|[50]|Bytes:4
15:04:14.0 (54681652)|VARIABLE_ASSIGNMENT|[50]|i|14
15:04:14.0 (54683193)|STATEMENT_EXECUTE|[50]
15:04:14.0 (54684314)|STATEMENT_EXECUTE|[51]
15:04:14.0 (54685871)|VARIABLE_SCOPE_BEGIN|[51]|j|Integer|false|false
15:04:14.0 (54687251)|HEAP_ALLOCATE|[51]|Bytes:4
15:04:14.0 (54689517)|VARIABLE_ASSIGNMENT|[51]|j|0
15:04:14.0 (54690935)|STATEMENT_EXECUTE|[51]
15:04:14.0 (54692184)|STATEMENT_EXECUTE|[52]
15:04:14.0 (54693372)|STATEMENT_EXECUTE|[53]
15:04:14.0 (54699018)|HEAP_ALLOCATE|[53]|Bytes:2
15:04:14.0 (54706600)|HEAP_ALLOCATE|[53]|Bytes:1
15:04:14.0 (54711443)|HEAP_ALLOCATE|[53]|Bytes:5
15:04:14.0 (54716268)|HEAP_ALLOCATE|[53]|Bytes:2
15:04:14.0 (54723585)|HEAP_ALLOCATE|[53]|Bytes:1
15:04:14.0 (54728306)|HEAP_ALLOCATE|[53]|Bytes:5
15:04:14.0 (54732710)|HEAP_ALLOCATE|[EXTERNAL]|Bytes:4
15:04:14.0 (54736059)|HEAP_ALLOCATE|[51]|Bytes:4
15:04:14.0 (54738802)|VARIABLE_ASSIGNMENT|[51]|j|30
15:04:14.0 (54740388)|STATEMENT_EXECUTE|[51]
15:04:14.0 (54741686)|STATEMENT_EXECUTE|[54]
15:04:14.0 (54742638)|STATEMENT_EXECUTE|[55]
15:04:14.0 (54748153)|HEAP_ALLOCATE|[55]|Bytes:2
15:04:14.0 (54755802)|HEAP_ALLOCATE|[55]|Bytes:2
15:04:14.0 (54760729)|HEAP_ALLOCATE|[55]|Bytes:5
15:04:14.0 (54765448)|HEAP_ALLOCATE|[55]|Bytes:2
15:04:14.0 (54772640)|HEAP_ALLOCATE|[55]|Bytes:2
15:04:14.0 (54777530)|HEAP_ALLOCATE|[55]|Bytes:5
15:04:14.0 (54781903)|HEAP_ALLOCATE|[EXTERNAL]|Bytes:4
15:04:14.0 (54785211)|HEAP_ALLOCATE|[51]|Bytes:4
15:04:14.0 (54788222)|VARIABLE_ASSIGNMENT|[51]|j|60
15:04:14.0 (54789992)|HEAP_ALLOCATE|[50]|Bytes:4
15:04:14.0 (54792268)|VARIABLE_ASSIGNMENT|[50]|i|15
15:04:14.0 (54793886)|STATEMENT_EXECUTE|[50]
15:04:14.0 (54795002)|STATEMENT_EXECUTE|[51]
15:04:14.0 (54796546)|VARIABLE_SCOPE_BEGIN|[51]|j|Integer|false|false
15:04:14.0 (54797948)|HEAP_ALLOCATE|[51]|Bytes:4
15:04:14.0 (54800286)|VARIABLE_ASSIGNMENT|[51]|j|0
15:04:14.0 (54801707)|STATEMENT_EXECUTE|[51]
15:04:14.0 (54802975)|STATEMENT_EXECUTE|[52]
15:04:14.0 (54803954)|STATEMENT_EXECUTE|[53]
15:04:14.0 (54809579)|HEAP_ALLOCATE|[53]|Bytes:2
15:04:14.0 (54817128)|HEAP_ALLOCATE|[53]|Bytes:1
15:04:14.0 (54822015)|HEAP_ALLOCATE|[53]|Bytes:5
15:04:14.0 (54826908)|HEAP_ALLOCATE|[53]|Bytes:2
15:04:14.0 (54834023)|HEAP_ALLOCATE|[53]|Bytes:1
15:04:14.0 (54838699)|HEAP_ALLOCATE|[53]|Bytes:5
15:04:14.0 (54843206)|HEAP_ALLOCATE|[EXTERNAL]|Bytes:4
15:04:14.0 (54846670)|HEAP_ALLOCATE|[51]|Bytes:4
15:04:14.0 (54849392)|VARIABLE_ASSIGNMENT|[51]|j|30
15:04:14.0 (54851234)|STATEMENT_EXECUTE|[51]
15:04:14.0 (54852554)|STATEMENT_EXECUTE|[54]
15:04:14.0 (54853479)|STATEMENT_EXECUTE|[55]
15:04:14.0 (54859065)|HEAP_ALLOCATE|[55]|Bytes:2
15:04:14.0 (54866832)|HEAP_ALLOCATE|[55]|Bytes:2
15:04:14.0 (54871736)|HEAP_ALLOCATE|[55]|Bytes:5
15:04:14.0 (54876465)|HEAP_ALLOCATE|[55]|Bytes:2
15:04:14.0 (54883598)|HEAP_ALLOCATE|[55]|Bytes:2
15:04:14.0 (54888358)|HEAP_ALLOCATE|[55]|Bytes:5
15:04:14.0 (54892723)|HEAP_ALLOCATE|[EXTERNAL]|Bytes:4
15:04:14.0 (54896022)|HEAP_ALLOCATE|[51]|Bytes:4
15:04:14.0 (54898756)|VARIABLE_ASSIGNMENT|[51]|j|60
15:04:14.0 (54900831)|HEAP_ALLOCATE|[50]|Bytes:4
15:04:14.0 (54903082)|VARIABLE_ASSIGNMENT|[50]|i|16
15:04:14.0 (54904610)|STATEMENT_EXECUTE|[50]
15:04:14.0 (54905749)|STATEMENT_EXECUTE|[51]
15:04:14.0 (54907316)|VARIABLE_SCOPE_BEGIN|[51]|j|Integer|false|false
15:04:14.0 (54908721)|HEAP_ALLOCATE|[51]|Bytes:4
15:04:14.0 (54910931)|VARIABLE_ASSIGNMENT|[51]|j|0
15:04:14.0 (54912334)|STATEMENT_EXECUTE|[51]
15:04:14.0 (54913597)|STATEMENT_EXECUTE|[52]
15:04:14.0 (54915049)|STATEMENT_EXECUTE|[53]
15:04:14.0 (54920817)|HEAP_ALLOCATE|[53]|Bytes:2
15:04:14.0 (54928232)|HEAP_ALLOCATE|[53]|Bytes:1
15:04:14.0 (54933297)|HEAP_ALLOCATE|[53]|Bytes:5
15:04:14.0 (54938005)|HEAP_ALLOCATE|[53]|Bytes:2
15:04:14.0 (54945065)|HEAP_ALLOCATE|[53]|Bytes:1
15:04:14.0 (54949765)|HEAP_ALLOCATE|[53]|Bytes:5
15:04:14.0 (54954306)|HEAP_ALLOCATE|[EXTERNAL]|Bytes:4
15:04:14.0 (54957649)|HEAP_ALLOCATE|[51]|Bytes:4
15:04:14.0 (54960463)|VARIABLE_ASSIGNMENT|[51]|j|30
15:04:14.0 (54962062)|STATEMENT_EXECUTE|[51]
15:04:14.0 (54963323)|STATEMENT_EXECUTE|[54]
15:04:14.0 (54964261)|STATEMENT_EXECUTE|[55]
15:04:14.0 (54969839)|HEAP_ALLOCATE|[55]|Bytes:2
15:04:14.0 (54977416)|HEAP_ALLOCATE|[55]|Bytes:2
15:04:14.0 (54982354)|HEAP_ALLOCATE|[55]|Bytes:5
15:04:14.0 (54987120)|HEAP_ALLOCATE|[55]|Bytes:2
15:04:14.0 (54994259)|HEAP_ALLOCATE|[55]|Bytes:2
15:04:14.0 (54999059)|HEAP_ALLOCATE|[55]|Bytes:5
15:04:14.0 (55003426)|HEAP_ALLOCATE|[EXTERNAL]|Bytes:4
15:04:14.0 (55007503)|HEAP_ALLOCATE|[51]|Bytes:4
15:04:14.0 (55012574)|VARIABLE_ASSIGNMENT|[51]|j|60
15:04:14.0 (55014565)|HEAP_ALLOCATE|[50]|Bytes:4
15:04:14.0 (55016965)|VARIABLE_ASSIGNMENT|[50]|i|17
15:04:14.0 (55018550)|STATEMENT_EXECUTE|[50]
15:04:14.0 (55019678)|STATEMENT_EXECUTE|[51]
15:04:14.0 (55021265)|VARIABLE_SCOPE_BEGIN|[51]|j|Integer|false|false
15:04:14.0 (55022655)|HEAP_ALLOCATE|[51]|Bytes:4
15:04:14.0 (55024923)|VARIABLE_ASSIGNMENT|[51]|j|0
15:04:14.0 (55026310)|STATEMENT_EXECUTE|[51]
15:04:14.0 (55027585)|STATEMENT_EXECUTE|[52]
15:04:14.0 (55028541)|STATEMENT_EXECUTE|[53]
15:04:14.0 (55034679)|HEAP_ALLOCATE|[53]|Bytes:2
15:04:14.0 (55042436)|HEAP_ALLOCATE|[53]|Bytes:1
15:04:14.0 (55047329)|HEAP_ALLOCATE|[53]|Bytes:5
15:04:14.0 (55052060)|HEAP_ALLOCATE|[53]|Bytes:2
15:04:14.0 (55059101)|HEAP_ALLOCATE|[53]|Bytes:1
15:04:14.0 (55063756)|HEAP_ALLOCATE|[53]|Bytes:5
15:04:14.0 (55068595)|HEAP_ALLOCATE|[EXTERNAL]|Bytes:4
15:04:14.0 (55071997)|HEAP_ALLOCATE|[51]|Bytes:4
15:04:14.0 (55074867)|VARIABLE_ASSIGNMENT|[51]|j|30
15:04:14.0 (55076516)|STATEMENT_EXECUTE|[51]
15:04:14.0 (55077943)|STATEMENT_EXECUTE|[54]
15:04:14.0 (55078872)|STATEMENT_EXECUTE|[55]
15:04:14.0 (55084464)|HEAP_ALLOCATE|[55]|Bytes:2
15:04:14.0 (55092300)|HEAP_ALLOCATE|[55]|Bytes:2
15:04:14.0 (55097228)|HEAP_ALLOCATE|[55]|Bytes:5
15:04:14.0 (55101940)|HEAP_ALLOCATE|[55]|Bytes:2
15:04:14.0 (55109029)|HEAP_ALLOCATE|[55]|Bytes:2
15:04:14.0 (55113732)|HEAP_ALLOCATE|[55]|Bytes:5
15:04:14.0 (55118142)|HEAP_ALLOCATE|[EXTERNAL]|Bytes:4
15:04:14.0 (55121525)|HEAP_ALLOCATE|[51]|Bytes:4
15:04:14.0 (55124383)|VARIABLE_ASSIGNMENT|[51]|j|60
15:04:14.0 (55126141)|HEAP_ALLOCATE|[50]|Bytes:4
15:04:14.0 (55128393)|VARIABLE_ASSIGNMENT|[50]|i|18
15:04:14.0 (55129947)|STATEMENT_EXECUTE|[50]
15:04:14.0 (55131088)|STATEMENT_EXECUTE|[51]
15:04:14.0 (55132679)|VARIABLE_SCOPE_BEGIN|[51]|j|Integer|false|false
15:04:14.0 (55134081)|HEAP_ALLOCATE|[51]|Bytes:4
15:04:14.0 (55136346)|VARIABLE_ASSIGNMENT|[51]|j|0
15:04:14.0 (55137765)|STATEMENT_EXECUTE|[51]
15:04:14.0 (55139102)|STATEMENT_EXECUTE|[52]
15:04:14.0 (55140167)|STATEMENT_EXECUTE|[53]
15:04:14.0 (55147609)|HEAP_ALLOCATE|[53]|Bytes:2
15:04:14.0 (55155362)|HEAP_ALLOCATE|[53]|Bytes:1
15:04:14.0 (55160294)|HEAP_ALLOCATE|[53]|Bytes:5
15:04:14.0 (55164965)|HEAP_ALLOCATE|[53]|Bytes:2
15:04:14.0 (55172097)|HEAP_ALLOCATE|[53]|Bytes:1
15:04:14.0 (55176865)|HEAP_ALLOCATE|[53]|Bytes:5
15:04:14.0 (55181591)|HEAP_ALLOCATE|[EXTERNAL]|Bytes:4
15:04:14.0 (55185007)|HEAP_ALLOCATE|[51]|Bytes:4
15:04:14.0 (55187915)|VARIABLE_ASSIGNMENT|[51]|j|30
15:04:14.0 (55196548)|STATEMENT_EXECUTE|[51]
15:04:14.0 (55197947)|STATEMENT_EXECUTE|[54]
15:04:14.0 (55198867)|STATEMENT_EXECUTE|[55]
15:04:14.0 (55205704)|HEAP_ALLOCATE|[55]|Bytes:2
15:04:14.0 (55213748)|HEAP_ALLOCATE|[55]|Bytes:2
15:04:14.0 (55219002)|HEAP_ALLOCATE|[55]|Bytes:5
15:04:14.0 (55225777)|HEAP_ALLOCATE|[55]|Bytes:2
15:04:14.0 (55232931)|HEAP_ALLOCATE|[55]|Bytes:2
15:04:14.0 (55237748)|HEAP_ALLOCATE|[55]|Bytes:5
15:04:14.0 (55242688)|HEAP_ALLOCATE|[EXTERNAL]|Bytes:4
15:04:14.0 (55246611)|HEAP_ALLOCATE|[51]|Bytes:4
15:04:14.0 (55249935)|VARIABLE_ASSIGNMENT|[51]|j|60
15:04:14.0 (55251959)|HEAP_ALLOCATE|[50]|Bytes:4
15:04:14.0 (55254260)|VARIABLE_ASSIGNMENT|[50]|i|19
15:04:14.0 (55255917)|STATEMENT_EXECUTE|[50]
15:04:14.0 (55257082)|STATEMENT_EXECUTE|[51]
15:04:14.0 (55258717)|VARIABLE_SCOPE_BEGIN|[51]|j|Integer|false|false
15:04:14.0 (55260184)|HEAP_ALLOCATE|[51]|Bytes:4
15:04:14.0 (55262460)|VARIABLE_ASSIGNMENT|[51]|j|0
15:04:14.0 (55263883)|STATEMENT_EXECUTE|[51]
15:04:14.0 (55265161)|STATEMENT_EXECUTE|[52]
15:04:14.0 (55266111)|STATEMENT_EXECUTE|[53]
15:04:14.0 (55272091)|HEAP_ALLOCATE|[53]|Bytes:2
15:04:14.0 (55279901)|HEAP_ALLOCATE|[53]|Bytes:1
15:04:14.0 (55284791)|HEAP_ALLOCATE|[53]|Bytes:5
15:04:14.0 (55289608)|HEAP_ALLOCATE|[53]|Bytes:2
15:04:14.0 (55296701)|HEAP_ALLOCATE|[53]|Bytes:1
15:04:14.0 (55303477)|HEAP_ALLOCATE|[53]|Bytes:5
15:04:14.0 (55308342)|HEAP_ALLOCATE|[EXTERNAL]|Bytes:4
15:04:14.0 (55311838)|HEAP_ALLOCATE|[51]|Bytes:4
15:04:14.0 (55314745)|VARIABLE_ASSIGNMENT|[51]|j|30
15:04:14.0 (55316350)|STATEMENT_EXECUTE|[51]
15:04:14.0 (55317847)|STATEMENT_EXECUTE|[54]
15:04:14.0 (55318946)|STATEMENT_EXECUTE|[55]
15:04:14.0 (55324797)|HEAP_ALLOCATE|[55]|Bytes:2
15:04:14.0 (55332639)|HEAP_ALLOCATE|[55]|Bytes:2
15:04:14.0 (55337535)|HEAP_ALLOCATE|[55]|Bytes:5
15:04:14.0 (55342220)|HEAP_ALLOCATE|[55]|Bytes:2
15:04:14.0 (55349279)|HEAP_ALLOCATE|[55]|Bytes:2
15:04:14.0 (55353956)|HEAP_ALLOCATE|[55]|Bytes:5
15:04:14.0 (55358497)|HEAP_ALLOCATE|[EXTERNAL]|Bytes:4
15:04:14.0 (55361864)|HEAP_ALLOCATE|[51]|Bytes:4
15:04:14.0 (55365011)|VARIABLE_ASSIGNMENT|[51]|j|60
15:04:14.0 (55366809)|HEAP_ALLOCATE|[50]|Bytes:4
15:04:14.0 (55369105)|VARIABLE_ASSIGNMENT|[50]|i|20
15:04:14.0 (55370683)|STATEMENT_EXECUTE|[50]
15:04:14.0 (55371827)|STATEMENT_EXECUTE|[51]
15:04:14.0 (55373390)|VARIABLE_SCOPE_BEGIN|[51]|j|Integer|false|false
15:04:14.0 (55376342)|HEAP_ALLOCATE|[51]|Bytes:4
15:04:14.0 (55378683)|VARIABLE_ASSIGNMENT|[51]|j|0
15:04:14.0 (55380133)|STATEMENT_EXECUTE|[51]
15:04:14.0 (55381462)|STATEMENT_EXECUTE|[52]
15:04:14.0 (55382437)|STATEMENT_EXECUTE|[53]
15:04:14.0 (55388657)|HEAP_ALLOCATE|[53]|Bytes:2
15:04:14.0 (55396366)|HEAP_ALLOCATE|[53]|Bytes:1
15:04:14.0 (55401324)|HEAP_ALLOCATE|[53]|Bytes:5
15:04:14.0 (55406104)|HEAP_ALLOCATE|[53]|Bytes:2
15:04:14.0 (55413406)|HEAP_ALLOCATE|[53]|Bytes:1
15:04:14.0 (55421235)|HEAP_ALLOCATE|[53]|Bytes:5
15:04:14.0 (55426175)|HEAP_ALLOCATE|[EXTERNAL]|Bytes:4
15:04:14.0 (55429679)|HEAP_ALLOCATE|[51]|Bytes:4
15:04:14.0 (55432830)|VARIABLE_ASSIGNMENT|[51]|j|30
15:04:14.0 (55434537)|STATEMENT_EXECUTE|[51]
15:04:14.0 (55435839)|STATEMENT_EXECUTE|[54]
15:04:14.0 (55436769)|STATEMENT_EXECUTE|[55]
15:04:14.0 (55442612)|HEAP_ALLOCATE|[55]|Bytes:2
15:04:14.0 (55450379)|HEAP_ALLOCATE|[55]|Bytes:2
15:04:14.0 (55455389)|HEAP_ALLOCATE|[55]|Bytes:5
15:04:14.0 (55460113)|HEAP_ALLOCATE|[55]|Bytes:2
15:04:14.0 (55467419)|HEAP_ALLOCATE|[55]|Bytes:2
15:04:14.0 (55472195)|HEAP_ALLOCATE|[55]|Bytes:5
15:04:14.0 (55476651)|HEAP_ALLOCATE|[EXTERNAL]|Bytes:4
15:04:14.0 (55479982)|HEAP_ALLOCATE|[51]|Bytes:4
15:04:14.0 (55482806)|VARIABLE_ASSIGNMENT|[51]|j|60
15:04:14.0 (55484862)|HEAP_ALLOCATE|[50]|Bytes:4
15:04:14.0 (55487152)|VARIABLE_ASSIGNMENT|[50]|i|21
15:04:14.0 (55488710)|STATEMENT_EXECUTE|[50]
15:04:14.0 (55489829)|STATEMENT_EXECUTE|[51]
15:04:14.0 (55491444)|VARIABLE_SCOPE_BEGIN|[51]|j|Integer|false|false
15:04:14.0 (55492915)|HEAP_ALLOCATE|[51]|Bytes:4
15:04:14.0 (55495219)|VARIABLE_ASSIGNMENT|[51]|j|0
15:04:14.0 (55496656)|STATEMENT_EXECUTE|[51]
15:04:14.0 (55497942)|STATEMENT_EXECUTE|[52]
15:04:14.0 (55498893)|STATEMENT_EXECUTE|[53]
15:04:14.0 (55504563)|HEAP_ALLOCATE|[53]|Bytes:2
15:04:14.0 (55512502)|HEAP_ALLOCATE|[53]|Bytes:1
15:04:14.0 (55517505)|HEAP_ALLOCATE|[53]|Bytes:5
15:04:14.0 (55524224)|HEAP_ALLOCATE|[53]|Bytes:2
15:04:14.0 (55531536)|HEAP_ALLOCATE|[53]|Bytes:1
15:04:14.0 (55536355)|HEAP_ALLOCATE|[53]|Bytes:5
15:04:14.0 (55541010)|HEAP_ALLOCATE|[EXTERNAL]|Bytes:4
15:04:14.0 (55544439)|HEAP_ALLOCATE|[51]|Bytes:4
15:04:14.0 (55547321)|VARIABLE_ASSIGNMENT|[51]|j|30
15:04:14.0 (55548951)|STATEMENT_EXECUTE|[51]
15:04:14.0 (55550554)|STATEMENT_EXECUTE|[54]
15:04:14.0 (55551578)|STATEMENT_EXECUTE|[55]
15:04:14.0 (55557212)|HEAP_ALLOCATE|[55]|Bytes:2
15:04:14.0 (55564915)|HEAP_ALLOCATE|[55]|Bytes:2
15:04:14.0 (55570020)|HEAP_ALLOCATE|[55]|Bytes:5
15:04:14.0 (55574678)|HEAP_ALLOCATE|[55]|Bytes:2
15:04:14.0 (55581778)|HEAP_ALLOCATE|[55]|Bytes:2
15:04:14.0 (55586580)|HEAP_ALLOCATE|[55]|Bytes:5
15:04:14.0 (55590901)|HEAP_ALLOCATE|[EXTERNAL]|Bytes:4
15:04:14.0 (55594310)|HEAP_ALLOCATE|[51]|Bytes:4
15:04:14.0 (55597105)|VARIABLE_ASSIGNMENT|[51]|j|60
15:04:14.0 (55598814)|HEAP_ALLOCATE|[50]|Bytes:4
15:04:14.0 (55601076)|VARIABLE_ASSIGNMENT|[50]|i|22
15:04:14.0 (55602646)|STATEMENT_EXECUTE|[50]
15:04:14.0 (55603793)|STATEMENT_EXECUTE|[51]
15:04:14.0 (55605364)|VARIABLE_SCOPE_BEGIN|[51]|j|Integer|false|false
15:04:14.0 (55606915)|HEAP_ALLOCATE|[51]|Bytes:4
15:04:14.0 (55609163)|VARIABLE_ASSIGNMENT|[51]|j|0
15:04:14.0 (55610585)|STATEMENT_EXECUTE|[51]
15:04:14.0 (55611877)|STATEMENT_EXECUTE|[52]
15:04:14.0 (55612849)|STATEMENT_EXECUTE|[53]
15:04:14.0 (55618790)|HEAP_ALLOCATE|[53]|Bytes:2
15:04:14.0 (55626390)|HEAP_ALLOCATE|[53]|Bytes:1
15:04:14.0 (55631284)|HEAP_ALLOCATE|[53]|Bytes:5
15:04:14.0 (55635877)|HEAP_ALLOCATE|[53]|Bytes:2
15:04:14.0 (55643041)|HEAP_ALLOCATE|[53]|Bytes:1
15:04:14.0 (55647764)|HEAP_ALLOCATE|[53]|Bytes:5
15:04:14.0 (55652280)|HEAP_ALLOCATE|[EXTERNAL]|Bytes:4
15:04:14.0 (55655684)|HEAP_ALLOCATE|[51]|Bytes:4
15:04:14.0 (55658467)|VARIABLE_ASSIGNMENT|[51]|j|30
15:04:14.0 (55660047)|STATEMENT_EXECUTE|[51]
15:04:14.0 (55661345)|STATEMENT_EXECUTE|[54]
15:04:14.0 (55662286)|STATEMENT_EXECUTE|[55]
15:04:14.0 (55667932)|HEAP_ALLOCATE|[55]|Bytes:2
15:04:14.0 (55675631)|HEAP_ALLOCATE|[55]|Bytes:2
15:04:14.0 (55680614)|HEAP_ALLOCATE|[55]|Bytes:5
15:04:14.0 (55685299)|HEAP_ALLOCATE|[55]|Bytes:2
15:04:14.0 (55692426)|HEAP_ALLOCATE|[55]|Bytes:2
15:04:14.0 (55697190)|HEAP_ALLOCATE|[55]|Bytes:5
15:04:14.0 (55701545)|HEAP_ALLOCATE|[EXTERNAL]|Bytes:4
15:04:14.0 (55704897)|HEAP_ALLOCATE|[51]|Bytes:4
15:04:14.0 (55707624)|VARIABLE_ASSIGNMENT|[51]|j|60
15:04:14.0 (55709582)|HEAP_ALLOCATE|[50]|Bytes:4
15:04:14.0 (55711883)|VARIABLE_ASSIGNMENT|[50]|i|23
15:04:14.0 (55713425)|STATEMENT_EXECUTE|[50]
15:04:14.0 (55714573)|STATEMENT_EXECUTE|[51]
15:04:14.0 (55716095)|VARIABLE_SCOPE_BEGIN|[51]|j|Integer|false|false
15:04:14.0 (55717451)|HEAP_ALLOCATE|[51]|Bytes:4
15:04:14.0 (55719694)|VARIABLE_ASSIGNMENT|[51]|j|0
15:04:14.0 (55721095)|STATEMENT_EXECUTE|[51]
15:04:14.0 (55722352)|STATEMENT_EXECUTE|[52]
15:04:14.0 (55723355)|STATEMENT_EXECUTE|[53]
15:04:14.0 (55729077)|HEAP_ALLOCATE|[53]|Bytes:2
15:04:14.0 (55736585)|HEAP_ALLOCATE|[53]|Bytes:1
15:04:14.0 (55741515)|HEAP_ALLOCATE|[53]|Bytes:5
15:04:14.0 (55746179)|HEAP_ALLOCATE|[53]|Bytes:2
15:04:14.0 (55753254)|HEAP_ALLOCATE|[53]|Bytes:1
15:04:14.0 (55757998)|HEAP_ALLOCATE|[53]|Bytes:5
15:04:14.0 (55762378)|HEAP_ALLOCATE|[EXTERNAL]|Bytes:4
15:04:14.0 (55765710)|HEAP_ALLOCATE|[51]|Bytes:4
15:04:14.0 (55768513)|VARIABLE_ASSIGNMENT|[51]|j|30
15:04:14.0 (55770120)|STATEMENT_EXECUTE|[51]
15:04:14.0 (55771642)|STATEMENT_EXECUTE|[54]
15:04:14.0 (55772656)|STATEMENT_EXECUTE|[55]
15:04:14.0 (55778328)|HEAP_ALLOCATE|[55]|Bytes:2
15:04:14.0 (55786085)|HEAP_ALLOCATE|[55]|Bytes:2
15:04:14.0 (55791124)|HEAP_ALLOCATE|[55]|Bytes:5
15:04:14.0 (55795987)|HEAP_ALLOCATE|[55]|Bytes:2
15:04:14.0 (55803152)|HEAP_ALLOCATE|[55]|Bytes:2
15:04:14.0 (55807984)|HEAP_ALLOCATE|[55]|Bytes:5
15:04:14.0 (55812263)|HEAP_ALLOCATE|[EXTERNAL]|Bytes:4
15:04:14.0 (55815539)|HEAP_ALLOCATE|[51]|Bytes:4
15:04:14.0 (55818293)|VARIABLE_ASSIGNMENT|[51]|j|60
15:04:14.0 (55820027)|HEAP_ALLOCATE|[50]|Bytes:4
15:04:14.0 (55822305)|VARIABLE_ASSIGNMENT|[50]|i|24
15:04:14.0 (55824149)|STATEMENT_EXECUTE|[59]
15:04:14.0 (56098938)|SYSTEM_MODE_ENTER|true
15:04:14.0 (56121579)|HEAP_ALLOCATE|[EXTERNAL]|Bytes:80
15:04:14.0 (56164112)|VARIABLE_ASSIGNMENT|[EXTERNAL]|this|{"delToHub":true,"delToProj":false,"detail":"0x4292234","invoked":false,"rejected":false,"reserved":false,"sublocations1":"0x50a0e5e4","www":"0x28867d1e","wwwById":"0x3bb7d0d4"}|0x27256066
15:04:14.0 (56170243)|STATEMENT_EXECUTE|[78]
15:04:14.0 (56176040)|STATEMENT_EXECUTE|[80]
15:04:14.0 (56177177)|STATEMENT_EXECUTE|[81]
15:04:14.0 (56179948)|HEAP_ALLOCATE|[81]|Bytes:4
15:04:14.0 (56187892)|VARIABLE_ASSIGNMENT|[81]|this.selectedTime3|"8:00"|0x27256066
15:04:14.0 (56190078)|STATEMENT_EXECUTE|[83]
15:04:14.0 (65679675)|VF_SERIALIZE_VIEWSTATE_BEGIN|06624000003h0Dg
15:04:14.0 (70462156)|VF_SERIALIZE_VIEWSTATE_END
15:04:14.73 (73406709)|CUMULATIVE_LIMIT_USAGE
15:04:14.73 (73406709)|LIMIT_USAGE_FOR_NS|(default)|
  Number of SOQL queries: 3 out of 100
  Number of query rows: 13 out of 50000
  Number of SOSL queries: 0 out of 20
  Number of DML statements: 0 out of 150
  Number of DML rows: 0 out of 10000
  Maximum CPU time: 0 out of 10000
  Maximum heap size: 0 out of 6000000
  Number of callouts: 0 out of 100
  Number of Email Invocations: 0 out of 10
  Number of future calls: 0 out of 50
  Number of queueable jobs added to the queue: 0 out of 50
  Number of Mobile Apex push calls: 0 out of 10

15:04:14.73 (73406709)|CUMULATIVE_LIMIT_USAGE_END

15:04:14.0 (73440426)|CODE_UNIT_FINISHED|VF: /apex/New_delivered_detail
15:04:14.0 (74200684)|EXECUTION_FINISHED
