31.0 APEX_CODE,DEBUG;APEX_PROFILING,INFO;CALLOUT,INFO;DB,INFO;SYSTEM,DEBUG;VALIDATION,INFO;VISUALFORCE,INFO;WAVE,INFO;WORKFLOW,INFO
16:26:25.0 (384313)|USER_INFO|[EXTERNAL]|00524000001e3Uj|bedrijfsbureau@gsa.nl.sandbox|Midden-Europese standaardtijd|GMT+02:00
16:26:25.0 (416912)|EXECUTION_STARTED
16:26:25.0 (422730)|CODE_UNIT_STARTED|[EXTERNAL]|TRIGGERS
16:26:25.0 (1450353)|CODE_UNIT_STARTED|[EXTERNAL]|01q24000000PhJT|UserTrigger on User trigger event BeforeUpdate for [0052400000535M1]
16:26:25.0 (43534691)|SYSTEM_MODE_ENTER|false
16:26:25.0 (43545666)|SYSTEM_MODE_EXIT|false
16:26:25.0 (43572744)|SYSTEM_MODE_ENTER|false
16:26:25.0 (43589505)|SYSTEM_MODE_EXIT|false
16:26:25.43 (43600196)|CUMULATIVE_LIMIT_USAGE
16:26:25.43 (43600196)|LIMIT_USAGE_FOR_NS|(default)|
  Number of SOQL queries: 0 out of 100
  Number of query rows: 0 out of 50000
  Number of SOSL queries: 0 out of 20
  Number of DML statements: 0 out of 150
  Number of DML rows: 0 out of 10000
  Maximum CPU time: 0 out of 10000
  Maximum heap size: 0 out of 6000000
  Number of callouts: 0 out of 100
  Number of Email Invocations: 0 out of 10
  Number of future calls: 0 out of 50
  Number of queueable jobs added to the queue: 0 out of 50
  Number of Mobile Apex push calls: 0 out of 10

16:26:25.43 (43600196)|CUMULATIVE_LIMIT_USAGE_END

16:26:25.0 (44711401)|CODE_UNIT_FINISHED|UserTrigger on User trigger event BeforeUpdate for [0052400000535M1]
16:26:25.0 (133758307)|CODE_UNIT_STARTED|[EXTERNAL]|01q24000000PhJT|UserTrigger on User trigger event AfterUpdate for [0052400000535M1]
16:26:25.0 (134381837)|SYSTEM_MODE_ENTER|false
16:26:25.0 (134851572)|SOQL_EXECUTE_BEGIN|[11]|Aggregations:0|SELECT Id FROM Profile WHERE (Name = 'Bouwticket account' OR Name = 'Bouwmanager')
16:26:25.0 (137474677)|SOQL_EXECUTE_END|[11]|Rows:2
16:26:25.0 (137790809)|USER_DEBUG|[13]|DEBUG|profilesById {00e24000000YX5iAAG=Profile:{Id=00e24000000YX5iAAG}, 00e24000000YX5jAAG=Profile:{Id=00e24000000YX5jAAG}}
16:26:25.0 (138132032)|USER_DEBUG|[15]|DEBUG|00e24000000YX5jAAG
16:26:25.0 (138246149)|USER_DEBUG|[16]|DEBUG|false
16:26:25.0 (138333534)|USER_DEBUG|[17]|DEBUG|true
16:26:25.0 (138487362)|USER_DEBUG|[28]|DEBUG|+++ SHARING WAS NOT RUN +++
16:26:25.0 (138509098)|SYSTEM_MODE_EXIT|false
16:26:25.138 (138523955)|CUMULATIVE_LIMIT_USAGE
16:26:25.138 (138523955)|LIMIT_USAGE_FOR_NS|(default)|
  Number of SOQL queries: 1 out of 100
  Number of query rows: 2 out of 50000
  Number of SOSL queries: 0 out of 20
  Number of DML statements: 0 out of 150
  Number of DML rows: 0 out of 10000
  Maximum CPU time: 0 out of 10000
  Maximum heap size: 0 out of 6000000
  Number of callouts: 0 out of 100
  Number of Email Invocations: 0 out of 10
  Number of future calls: 0 out of 50
  Number of queueable jobs added to the queue: 0 out of 50
  Number of Mobile Apex push calls: 0 out of 10

16:26:25.138 (138523955)|CUMULATIVE_LIMIT_USAGE_END

16:26:25.0 (139694943)|CODE_UNIT_FINISHED|UserTrigger on User trigger event AfterUpdate for [0052400000535M1]
16:26:25.0 (157794896)|CODE_UNIT_FINISHED|TRIGGERS
16:26:25.0 (157807177)|EXECUTION_FINISHED
