38.0 APEX_CODE,FINEST;APEX_PROFILING,INFO;CALLOUT,INFO;DB,INFO;SYSTEM,DEBUG;VALIDATION,INFO;VISUALFORCE,INFO;WAVE,INFO;WORKFLOW,INFO
12:25:09.0 (56256)|USER_INFO|[EXTERNAL]|00524000001e3Uj|bedrijfsbureau@gsa.nl.sandbox|Midden-Europese standaardtijd|GMT+01:00
12:25:09.0 (80512)|EXECUTION_STARTED
12:25:09.0 (85107)|CODE_UNIT_STARTED|[EXTERNAL]|06624000003h0Dg|VF: /apex/New_delivered_detail
12:25:09.0 (213969)|VF_DESERIALIZE_VIEWSTATE_BEGIN|06624000003h0Dg
12:25:09.0 (5684272)|HEAP_ALLOCATE|[72]|Bytes:3
12:25:09.0 (5727578)|HEAP_ALLOCATE|[77]|Bytes:152
12:25:09.0 (5742872)|HEAP_ALLOCATE|[342]|Bytes:408
12:25:09.0 (5757193)|HEAP_ALLOCATE|[355]|Bytes:408
12:25:09.0 (5770026)|HEAP_ALLOCATE|[467]|Bytes:48
12:25:09.0 (5795713)|HEAP_ALLOCATE|[139]|Bytes:6
12:25:09.0 (5850509)|HEAP_ALLOCATE|[50]|Bytes:5
12:25:09.0 (5875803)|HEAP_ALLOCATE|[56]|Bytes:5
12:25:09.0 (5882518)|HEAP_ALLOCATE|[64]|Bytes:7
12:25:09.0 (11121842)|VF_DESERIALIZE_VIEWSTATE_END
12:25:09.12 (12166208)|SYSTEM_MODE_ENTER|true
12:25:09.12 (12224341)|HEAP_ALLOCATE|[EXTERNAL]|Bytes:38
12:25:09.12 (12231096)|HEAP_ALLOCATE|[EXTERNAL]|Bytes:7
12:25:09.12 (12240076)|SYSTEM_METHOD_ENTRY|[1]|PageMessagesComponentController.PageMessagesComponentController()
12:25:09.12 (12243981)|STATEMENT_EXECUTE|[1]
12:25:09.13 (13015495)|SYSTEM_MODE_ENTER|true
12:25:09.13 (13058976)|HEAP_ALLOCATE|[EXTERNAL]|Bytes:8
12:25:09.13 (13064907)|VARIABLE_SCOPE_BEGIN|[88]|this|ApexPage.PageMessagesComponentController|true|false
12:25:09.13 (13095778)|VARIABLE_ASSIGNMENT|[88]|this|{}|0x5184799c
12:25:09.13 (13098531)|VARIABLE_SCOPE_BEGIN|[88]|escape|Boolean|false|false
12:25:09.13 (13103548)|VARIABLE_ASSIGNMENT|[88]|escape|null
12:25:09.0 (13316635)|SYSTEM_MODE_ENTER|true
12:25:09.0 (13486439)|HEAP_ALLOCATE|[EXTERNAL]|Bytes:11
12:25:09.0 (13494586)|HEAP_ALLOCATE|[EXTERNAL]|Bytes:408
12:25:09.0 (13498241)|HEAP_ALLOCATE|[EXTERNAL]|Bytes:120
12:25:09.0 (13500893)|HEAP_ALLOCATE|[EXTERNAL]|Bytes:108
12:25:09.0 (13507377)|METHOD_ENTRY|[1]|01p2400000DUtXT|NewDeliveredExtension.NewDeliveredExtension()
12:25:09.0 (13509965)|STATEMENT_EXECUTE|[1]
12:25:09.0 (13513925)|STATEMENT_EXECUTE|[1]
12:25:09.0 (13515411)|STATEMENT_EXECUTE|[527]
12:25:09.0 (13519071)|METHOD_EXIT|[1]|NewDeliveredExtension
12:25:09.0 (13522693)|HEAP_ALLOCATE|[EXTERNAL]|Bytes:80
12:25:09.0 (13580831)|VARIABLE_ASSIGNMENT|[EXTERNAL]|this|{"delToHub":true,"delToProj":false,"detail":"0x27339511","invoked":false,"rejected":false,"reserved":false,"selectedTime3":"8:00","sublocations1":"0x7b917955","www":"0x12211d96","wwwById":"0x5f033396"}|0x76b77b07
12:25:09.0 (13587570)|STATEMENT_EXECUTE|[196]
12:25:09.0 (13591158)|STATEMENT_EXECUTE|[197]
12:25:09.0 (13593282)|STATEMENT_EXECUTE|[200]
12:25:09.0 (13653421)|SYSTEM_MODE_ENTER|true
12:25:09.0 (13676862)|HEAP_ALLOCATE|[EXTERNAL]|Bytes:80
12:25:09.0 (13717044)|VARIABLE_ASSIGNMENT|[EXTERNAL]|this|{"delToHub":true,"delToProj":false,"detail":"0x27339511","invoked":false,"rejected":false,"reserved":false,"selectedTime3":"8:00","sublocations1":"0x7b917955","www":"0x12211d96","wwwById":"0x5f033396"}|0x76b77b07
12:25:09.0 (13722135)|STATEMENT_EXECUTE|[229]
12:25:09.0 (13724683)|STATEMENT_EXECUTE|[230]
12:25:09.0 (13725867)|STATEMENT_EXECUTE|[233]
12:25:09.0 (13808890)|SYSTEM_MODE_ENTER|true
12:25:09.0 (13827374)|HEAP_ALLOCATE|[EXTERNAL]|Bytes:80
12:25:09.0 (13865654)|VARIABLE_ASSIGNMENT|[EXTERNAL]|this|{"delToHub":true,"delToProj":false,"detail":"0x27339511","invoked":false,"rejected":false,"reserved":false,"selectedTime3":"8:00","sublocations1":"0x7b917955","www":"0x12211d96","wwwById":"0x5f033396"}|0x76b77b07
12:25:09.0 (13870887)|STATEMENT_EXECUTE|[3]
12:25:09.0 (13873747)|STATEMENT_EXECUTE|[4]
12:25:09.0 (13875249)|STATEMENT_EXECUTE|[9]
12:25:09.0 (26004337)|SYSTEM_MODE_ENTER|true
12:25:09.0 (26039060)|HEAP_ALLOCATE|[EXTERNAL]|Bytes:80
12:25:09.0 (26087598)|VARIABLE_ASSIGNMENT|[EXTERNAL]|this|{"delToHub":true,"delToProj":false,"detail":"0x27339511","invoked":false,"rejected":false,"reserved":false,"selectedTime3":"8:00","sublocations1":"0x7b917955","www":"0x12211d96","wwwById":"0x5f033396"}|0x76b77b07
12:25:09.0 (26094964)|STATEMENT_EXECUTE|[186]
12:25:09.0 (26098084)|STATEMENT_EXECUTE|[187]
12:25:09.0 (26099486)|STATEMENT_EXECUTE|[190]
12:25:09.0 (26668399)|SYSTEM_MODE_ENTER|true
12:25:09.0 (26691819)|HEAP_ALLOCATE|[EXTERNAL]|Bytes:80
12:25:09.0 (26737710)|VARIABLE_ASSIGNMENT|[EXTERNAL]|this|{"delToHub":true,"delToProj":false,"detail":"0x27339511","invoked":false,"rejected":false,"reserved":false,"selectedTime3":"8:00","sublocations1":"0x7b917955","www":"0x12211d96","wwwById":"0x5f033396"}|0x76b77b07
12:25:09.0 (26744394)|STATEMENT_EXECUTE|[204]
12:25:09.0 (26747469)|STATEMENT_EXECUTE|[205]
12:25:09.0 (26748900)|STATEMENT_EXECUTE|[208]
12:25:09.0 (26800038)|SYSTEM_MODE_ENTER|true
12:25:09.0 (26819702)|HEAP_ALLOCATE|[EXTERNAL]|Bytes:80
12:25:09.0 (26859520)|VARIABLE_ASSIGNMENT|[EXTERNAL]|this|{"delToHub":true,"delToProj":false,"detail":"0x27339511","invoked":false,"rejected":false,"reserved":false,"selectedTime3":"8:00","sublocations1":"0x7b917955","www":"0x12211d96","wwwById":"0x5f033396"}|0x76b77b07
12:25:09.0 (26864745)|STATEMENT_EXECUTE|[220]
12:25:09.0 (26867234)|STATEMENT_EXECUTE|[221]
12:25:09.0 (26868326)|STATEMENT_EXECUTE|[224]
12:25:09.0 (26914443)|SYSTEM_MODE_ENTER|true
12:25:09.0 (26930617)|HEAP_ALLOCATE|[EXTERNAL]|Bytes:80
12:25:09.0 (26965579)|VARIABLE_ASSIGNMENT|[EXTERNAL]|this|{"delToHub":true,"delToProj":false,"detail":"0x27339511","invoked":false,"rejected":false,"reserved":false,"selectedTime3":"8:00","sublocations1":"0x7b917955","www":"0x12211d96","wwwById":"0x5f033396"}|0x76b77b07
12:25:09.0 (26970420)|STATEMENT_EXECUTE|[212]
12:25:09.0 (26972858)|STATEMENT_EXECUTE|[213]
12:25:09.0 (26974037)|STATEMENT_EXECUTE|[216]
12:25:09.0 (27055322)|SYSTEM_MODE_ENTER|true
12:25:09.0 (27074600)|HEAP_ALLOCATE|[EXTERNAL]|Bytes:80
12:25:09.0 (27110875)|VARIABLE_ASSIGNMENT|[EXTERNAL]|this|{"delToHub":true,"delToProj":false,"detail":"0x27339511","invoked":false,"rejected":false,"reserved":false,"selectedTime3":"8:00","sublocations1":"0x7b917955","www":"0x12211d96","wwwById":"0x5f033396"}|0x76b77b07
12:25:09.0 (27116376)|STATEMENT_EXECUTE|[21]
12:25:09.0 (27119015)|STATEMENT_EXECUTE|[22]
12:25:09.0 (27120248)|STATEMENT_EXECUTE|[26]
12:25:09.0 (35205633)|SYSTEM_MODE_ENTER|true
12:25:09.0 (35233696)|HEAP_ALLOCATE|[EXTERNAL]|Bytes:80
12:25:09.0 (35240005)|VARIABLE_SCOPE_BEGIN|[48]|this|NewDeliveredExtension|true|false
12:25:09.0 (35301286)|VARIABLE_ASSIGNMENT|[48]|this|{"delToHub":true,"delToProj":false,"detail":"0x27339511","invoked":false,"rejected":false,"reserved":false,"selectedTime3":"8:00","sublocations1":"0x7b917955","www":"0x12211d96","wwwById":"0x5f033396"}|0x76b77b07
12:25:09.0 (35312350)|STATEMENT_EXECUTE|[48]
12:25:09.0 (35314056)|STATEMENT_EXECUTE|[49]
12:25:09.0 (35322712)|HEAP_ALLOCATE|[49]|Bytes:4
12:25:09.0 (35355240)|VARIABLE_SCOPE_BEGIN|[49]|options|List<System.SelectOption>|true|false
12:25:09.0 (35382002)|HEAP_ALLOCATE|[EXTERNAL]|Bytes:4
12:25:09.0 (35390622)|VARIABLE_ASSIGNMENT|[49]|options|[]|0x76b3edee
12:25:09.0 (35394043)|STATEMENT_EXECUTE|[50]
12:25:09.0 (35399137)|VARIABLE_SCOPE_BEGIN|[50]|i|Integer|false|false
12:25:09.0 (35403489)|HEAP_ALLOCATE|[50]|Bytes:4
12:25:09.0 (35408348)|VARIABLE_ASSIGNMENT|[50]|i|0
12:25:09.0 (35413819)|STATEMENT_EXECUTE|[50]
12:25:09.0 (35415161)|STATEMENT_EXECUTE|[51]
12:25:09.0 (35416716)|VARIABLE_SCOPE_BEGIN|[51]|j|Integer|false|false
12:25:09.0 (35418713)|HEAP_ALLOCATE|[51]|Bytes:4
12:25:09.0 (35421196)|VARIABLE_ASSIGNMENT|[51]|j|0
12:25:09.0 (35423244)|STATEMENT_EXECUTE|[51]
12:25:09.0 (35425359)|STATEMENT_EXECUTE|[52]
12:25:09.0 (35426414)|STATEMENT_EXECUTE|[53]
12:25:09.0 (35472995)|HEAP_ALLOCATE|[53]|Bytes:1
12:25:09.0 (35483405)|HEAP_ALLOCATE|[53]|Bytes:2
12:25:09.0 (35491043)|HEAP_ALLOCATE|[53]|Bytes:1
12:25:09.0 (35501694)|HEAP_ALLOCATE|[53]|Bytes:4
12:25:09.0 (35507835)|HEAP_ALLOCATE|[53]|Bytes:1
12:25:09.0 (35515484)|HEAP_ALLOCATE|[53]|Bytes:1
12:25:09.0 (35520753)|HEAP_ALLOCATE|[53]|Bytes:4
12:25:09.0 (35550698)|HEAP_ALLOCATE|[EXTERNAL]|Bytes:4
12:25:09.0 (35558026)|HEAP_ALLOCATE|[51]|Bytes:4
12:25:09.0 (35562893)|VARIABLE_ASSIGNMENT|[51]|j|30
12:25:09.0 (35565802)|STATEMENT_EXECUTE|[51]
12:25:09.0 (35567412)|STATEMENT_EXECUTE|[54]
12:25:09.0 (35568453)|STATEMENT_EXECUTE|[55]
12:25:09.0 (35584988)|HEAP_ALLOCATE|[55]|Bytes:1
12:25:09.0 (35591719)|HEAP_ALLOCATE|[55]|Bytes:1
12:25:09.0 (35597581)|HEAP_ALLOCATE|[55]|Bytes:2
12:25:09.0 (35603332)|HEAP_ALLOCATE|[55]|Bytes:4
12:25:09.0 (35608517)|HEAP_ALLOCATE|[55]|Bytes:1
12:25:09.0 (35618556)|HEAP_ALLOCATE|[55]|Bytes:2
12:25:09.0 (35624071)|HEAP_ALLOCATE|[55]|Bytes:4
12:25:09.0 (35635874)|HEAP_ALLOCATE|[EXTERNAL]|Bytes:4
12:25:09.0 (35640040)|HEAP_ALLOCATE|[51]|Bytes:4
12:25:09.0 (35644884)|VARIABLE_ASSIGNMENT|[51]|j|60
12:25:09.0 (35649332)|HEAP_ALLOCATE|[50]|Bytes:4
12:25:09.0 (35651811)|VARIABLE_ASSIGNMENT|[50]|i|1
12:25:09.0 (35653871)|STATEMENT_EXECUTE|[50]
12:25:09.0 (35655231)|STATEMENT_EXECUTE|[51]
12:25:09.0 (35657033)|VARIABLE_SCOPE_BEGIN|[51]|j|Integer|false|false
12:25:09.0 (35658842)|HEAP_ALLOCATE|[51]|Bytes:4
12:25:09.0 (35666163)|VARIABLE_ASSIGNMENT|[51]|j|0
12:25:09.0 (35667832)|STATEMENT_EXECUTE|[51]
12:25:09.0 (35669155)|STATEMENT_EXECUTE|[52]
12:25:09.0 (35670137)|STATEMENT_EXECUTE|[53]
12:25:09.0 (35677978)|HEAP_ALLOCATE|[53]|Bytes:1
12:25:09.0 (35686223)|HEAP_ALLOCATE|[53]|Bytes:1
12:25:09.0 (35691562)|HEAP_ALLOCATE|[53]|Bytes:4
12:25:09.0 (35696352)|HEAP_ALLOCATE|[53]|Bytes:1
12:25:09.0 (35703764)|HEAP_ALLOCATE|[53]|Bytes:1
12:25:09.0 (35708589)|HEAP_ALLOCATE|[53]|Bytes:4
12:25:09.0 (35714562)|HEAP_ALLOCATE|[EXTERNAL]|Bytes:4
12:25:09.0 (35718162)|HEAP_ALLOCATE|[51]|Bytes:4
12:25:09.0 (35721294)|VARIABLE_ASSIGNMENT|[51]|j|30
12:25:09.0 (35723509)|STATEMENT_EXECUTE|[51]
12:25:09.0 (35725008)|STATEMENT_EXECUTE|[54]
12:25:09.0 (35725942)|STATEMENT_EXECUTE|[55]
12:25:09.0 (35731754)|HEAP_ALLOCATE|[55]|Bytes:1
12:25:09.0 (35739558)|HEAP_ALLOCATE|[55]|Bytes:2
12:25:09.0 (35744561)|HEAP_ALLOCATE|[55]|Bytes:4
12:25:09.0 (35749399)|HEAP_ALLOCATE|[55]|Bytes:1
12:25:09.0 (35756762)|HEAP_ALLOCATE|[55]|Bytes:2
12:25:09.0 (35761558)|HEAP_ALLOCATE|[55]|Bytes:4
12:25:09.0 (35766179)|HEAP_ALLOCATE|[EXTERNAL]|Bytes:4
12:25:09.0 (35769369)|HEAP_ALLOCATE|[51]|Bytes:4
12:25:09.0 (35772062)|VARIABLE_ASSIGNMENT|[51]|j|60
12:25:09.0 (35774096)|HEAP_ALLOCATE|[50]|Bytes:4
12:25:09.0 (35779751)|VARIABLE_ASSIGNMENT|[50]|i|2
12:25:09.0 (35781480)|STATEMENT_EXECUTE|[50]
12:25:09.0 (35782744)|STATEMENT_EXECUTE|[51]
12:25:09.0 (35784261)|VARIABLE_SCOPE_BEGIN|[51]|j|Integer|false|false
12:25:09.0 (35786030)|HEAP_ALLOCATE|[51]|Bytes:4
12:25:09.0 (35788391)|VARIABLE_ASSIGNMENT|[51]|j|0
12:25:09.0 (35789871)|STATEMENT_EXECUTE|[51]
12:25:09.0 (35791102)|STATEMENT_EXECUTE|[52]
12:25:09.0 (35792332)|STATEMENT_EXECUTE|[53]
12:25:09.0 (35798933)|HEAP_ALLOCATE|[53]|Bytes:1
12:25:09.0 (35806936)|HEAP_ALLOCATE|[53]|Bytes:1
12:25:09.0 (35812108)|HEAP_ALLOCATE|[53]|Bytes:4
12:25:09.0 (35816877)|HEAP_ALLOCATE|[53]|Bytes:1
12:25:09.0 (35824026)|HEAP_ALLOCATE|[53]|Bytes:1
12:25:09.0 (35828877)|HEAP_ALLOCATE|[53]|Bytes:4
12:25:09.0 (35833839)|HEAP_ALLOCATE|[EXTERNAL]|Bytes:4
12:25:09.0 (35837369)|HEAP_ALLOCATE|[51]|Bytes:4
12:25:09.0 (35840251)|VARIABLE_ASSIGNMENT|[51]|j|30
12:25:09.0 (35842275)|STATEMENT_EXECUTE|[51]
12:25:09.0 (35843635)|STATEMENT_EXECUTE|[54]
12:25:09.0 (35844566)|STATEMENT_EXECUTE|[55]
12:25:09.0 (35850244)|HEAP_ALLOCATE|[55]|Bytes:1
12:25:09.0 (35857995)|HEAP_ALLOCATE|[55]|Bytes:2
12:25:09.0 (35863091)|HEAP_ALLOCATE|[55]|Bytes:4
12:25:09.0 (35867998)|HEAP_ALLOCATE|[55]|Bytes:1
12:25:09.0 (35875133)|HEAP_ALLOCATE|[55]|Bytes:2
12:25:09.0 (35880038)|HEAP_ALLOCATE|[55]|Bytes:4
12:25:09.0 (35884840)|HEAP_ALLOCATE|[EXTERNAL]|Bytes:4
12:25:09.0 (35888079)|HEAP_ALLOCATE|[51]|Bytes:4
12:25:09.0 (35891260)|VARIABLE_ASSIGNMENT|[51]|j|60
12:25:09.0 (35893105)|HEAP_ALLOCATE|[50]|Bytes:4
12:25:09.0 (35895353)|VARIABLE_ASSIGNMENT|[50]|i|3
12:25:09.0 (35897016)|STATEMENT_EXECUTE|[50]
12:25:09.0 (35898279)|STATEMENT_EXECUTE|[51]
12:25:09.0 (35900070)|VARIABLE_SCOPE_BEGIN|[51]|j|Integer|false|false
12:25:09.0 (35901684)|HEAP_ALLOCATE|[51]|Bytes:4
12:25:09.0 (35904283)|VARIABLE_ASSIGNMENT|[51]|j|0
12:25:09.0 (35905707)|STATEMENT_EXECUTE|[51]
12:25:09.0 (35906925)|STATEMENT_EXECUTE|[52]
12:25:09.0 (35907871)|STATEMENT_EXECUTE|[53]
12:25:09.0 (35913635)|HEAP_ALLOCATE|[53]|Bytes:1
12:25:09.0 (35921334)|HEAP_ALLOCATE|[53]|Bytes:1
12:25:09.0 (35926382)|HEAP_ALLOCATE|[53]|Bytes:4
12:25:09.0 (35931174)|HEAP_ALLOCATE|[53]|Bytes:1
12:25:09.0 (35938352)|HEAP_ALLOCATE|[53]|Bytes:1
12:25:09.0 (35943144)|HEAP_ALLOCATE|[53]|Bytes:4
12:25:09.0 (35947669)|HEAP_ALLOCATE|[EXTERNAL]|Bytes:4
12:25:09.0 (35951022)|HEAP_ALLOCATE|[51]|Bytes:4
12:25:09.0 (35953851)|VARIABLE_ASSIGNMENT|[51]|j|30
12:25:09.0 (35955482)|STATEMENT_EXECUTE|[51]
12:25:09.0 (35957317)|STATEMENT_EXECUTE|[54]
12:25:09.0 (35958384)|STATEMENT_EXECUTE|[55]
12:25:09.0 (35964413)|HEAP_ALLOCATE|[55]|Bytes:1
12:25:09.0 (35972125)|HEAP_ALLOCATE|[55]|Bytes:2
12:25:09.0 (35977165)|HEAP_ALLOCATE|[55]|Bytes:4
12:25:09.0 (35981914)|HEAP_ALLOCATE|[55]|Bytes:1
12:25:09.0 (35989079)|HEAP_ALLOCATE|[55]|Bytes:2
12:25:09.0 (35993844)|HEAP_ALLOCATE|[55]|Bytes:4
12:25:09.0 (35998297)|HEAP_ALLOCATE|[EXTERNAL]|Bytes:4
12:25:09.0 (36001510)|HEAP_ALLOCATE|[51]|Bytes:4
12:25:09.0 (36004937)|VARIABLE_ASSIGNMENT|[51]|j|60
12:25:09.0 (36006815)|HEAP_ALLOCATE|[50]|Bytes:4
12:25:09.0 (36009116)|VARIABLE_ASSIGNMENT|[50]|i|4
12:25:09.0 (36010709)|STATEMENT_EXECUTE|[50]
12:25:09.0 (36011873)|STATEMENT_EXECUTE|[51]
12:25:09.0 (36013360)|VARIABLE_SCOPE_BEGIN|[51]|j|Integer|false|false
12:25:09.0 (36014866)|HEAP_ALLOCATE|[51]|Bytes:4
12:25:09.0 (36017167)|VARIABLE_ASSIGNMENT|[51]|j|0
12:25:09.0 (36018657)|STATEMENT_EXECUTE|[51]
12:25:09.0 (36019894)|STATEMENT_EXECUTE|[52]
12:25:09.0 (36020840)|STATEMENT_EXECUTE|[53]
12:25:09.0 (36026930)|HEAP_ALLOCATE|[53]|Bytes:1
12:25:09.0 (36034567)|HEAP_ALLOCATE|[53]|Bytes:1
12:25:09.0 (36039570)|HEAP_ALLOCATE|[53]|Bytes:4
12:25:09.0 (36044361)|HEAP_ALLOCATE|[53]|Bytes:1
12:25:09.0 (36051547)|HEAP_ALLOCATE|[53]|Bytes:1
12:25:09.0 (36056308)|HEAP_ALLOCATE|[53]|Bytes:4
12:25:09.0 (36060735)|HEAP_ALLOCATE|[EXTERNAL]|Bytes:4
12:25:09.0 (36064111)|HEAP_ALLOCATE|[51]|Bytes:4
12:25:09.0 (36067608)|VARIABLE_ASSIGNMENT|[51]|j|30
12:25:09.0 (36070294)|STATEMENT_EXECUTE|[51]
12:25:09.0 (36072341)|STATEMENT_EXECUTE|[54]
12:25:09.0 (36073749)|STATEMENT_EXECUTE|[55]
12:25:09.0 (36083876)|HEAP_ALLOCATE|[55]|Bytes:1
12:25:09.0 (36097946)|HEAP_ALLOCATE|[55]|Bytes:2
12:25:09.0 (36107243)|HEAP_ALLOCATE|[55]|Bytes:4
12:25:09.0 (36115422)|HEAP_ALLOCATE|[55]|Bytes:1
12:25:09.0 (36123267)|HEAP_ALLOCATE|[55]|Bytes:2
12:25:09.0 (36128321)|HEAP_ALLOCATE|[55]|Bytes:4
12:25:09.0 (36134090)|HEAP_ALLOCATE|[EXTERNAL]|Bytes:4
12:25:09.0 (36137970)|HEAP_ALLOCATE|[51]|Bytes:4
12:25:09.0 (36142098)|VARIABLE_ASSIGNMENT|[51]|j|60
12:25:09.0 (36144545)|HEAP_ALLOCATE|[50]|Bytes:4
12:25:09.0 (36146879)|VARIABLE_ASSIGNMENT|[50]|i|5
12:25:09.0 (36148650)|STATEMENT_EXECUTE|[50]
12:25:09.0 (36149902)|STATEMENT_EXECUTE|[51]
12:25:09.0 (36151627)|VARIABLE_SCOPE_BEGIN|[51]|j|Integer|false|false
12:25:09.0 (36153455)|HEAP_ALLOCATE|[51]|Bytes:4
12:25:09.0 (36156899)|VARIABLE_ASSIGNMENT|[51]|j|0
12:25:09.0 (36159349)|STATEMENT_EXECUTE|[51]
12:25:09.0 (36161375)|STATEMENT_EXECUTE|[52]
12:25:09.0 (36162823)|STATEMENT_EXECUTE|[53]
12:25:09.0 (36170897)|HEAP_ALLOCATE|[53]|Bytes:1
12:25:09.0 (36179184)|HEAP_ALLOCATE|[53]|Bytes:1
12:25:09.0 (36184184)|HEAP_ALLOCATE|[53]|Bytes:4
12:25:09.0 (36188891)|HEAP_ALLOCATE|[53]|Bytes:1
12:25:09.0 (36196035)|HEAP_ALLOCATE|[53]|Bytes:1
12:25:09.0 (36200820)|HEAP_ALLOCATE|[53]|Bytes:4
12:25:09.0 (36205888)|HEAP_ALLOCATE|[EXTERNAL]|Bytes:4
12:25:09.0 (36209930)|HEAP_ALLOCATE|[51]|Bytes:4
12:25:09.0 (36213170)|VARIABLE_ASSIGNMENT|[51]|j|30
12:25:09.0 (36214933)|STATEMENT_EXECUTE|[51]
12:25:09.0 (36216557)|STATEMENT_EXECUTE|[54]
12:25:09.0 (36218016)|STATEMENT_EXECUTE|[55]
12:25:09.0 (36227881)|HEAP_ALLOCATE|[55]|Bytes:1
12:25:09.0 (36241525)|HEAP_ALLOCATE|[55]|Bytes:2
12:25:09.0 (36250767)|HEAP_ALLOCATE|[55]|Bytes:4
12:25:09.0 (36259785)|HEAP_ALLOCATE|[55]|Bytes:1
12:25:09.0 (36272086)|HEAP_ALLOCATE|[55]|Bytes:2
12:25:09.0 (36281382)|HEAP_ALLOCATE|[55]|Bytes:4
12:25:09.0 (36290961)|HEAP_ALLOCATE|[EXTERNAL]|Bytes:4
12:25:09.0 (36295373)|HEAP_ALLOCATE|[51]|Bytes:4
12:25:09.0 (36300998)|VARIABLE_ASSIGNMENT|[51]|j|60
12:25:09.0 (36304648)|HEAP_ALLOCATE|[50]|Bytes:4
12:25:09.0 (36307060)|VARIABLE_ASSIGNMENT|[50]|i|6
12:25:09.0 (36309009)|STATEMENT_EXECUTE|[50]
12:25:09.0 (36310389)|STATEMENT_EXECUTE|[51]
12:25:09.0 (36312212)|VARIABLE_SCOPE_BEGIN|[51]|j|Integer|false|false
12:25:09.0 (36313938)|HEAP_ALLOCATE|[51]|Bytes:4
12:25:09.0 (36316133)|VARIABLE_ASSIGNMENT|[51]|j|0
12:25:09.0 (36317591)|STATEMENT_EXECUTE|[51]
12:25:09.0 (36318843)|STATEMENT_EXECUTE|[52]
12:25:09.0 (36319827)|STATEMENT_EXECUTE|[53]
12:25:09.0 (36327769)|HEAP_ALLOCATE|[53]|Bytes:1
12:25:09.0 (36335818)|HEAP_ALLOCATE|[53]|Bytes:1
12:25:09.0 (36340820)|HEAP_ALLOCATE|[53]|Bytes:4
12:25:09.0 (36345539)|HEAP_ALLOCATE|[53]|Bytes:1
12:25:09.0 (36352662)|HEAP_ALLOCATE|[53]|Bytes:1
12:25:09.0 (36357491)|HEAP_ALLOCATE|[53]|Bytes:4
12:25:09.0 (36362351)|HEAP_ALLOCATE|[EXTERNAL]|Bytes:4
12:25:09.0 (36365900)|HEAP_ALLOCATE|[51]|Bytes:4
12:25:09.0 (36368571)|VARIABLE_ASSIGNMENT|[51]|j|30
12:25:09.0 (36370300)|STATEMENT_EXECUTE|[51]
12:25:09.0 (36371660)|STATEMENT_EXECUTE|[54]
12:25:09.0 (36372620)|STATEMENT_EXECUTE|[55]
12:25:09.0 (36378312)|HEAP_ALLOCATE|[55]|Bytes:1
12:25:09.0 (36386252)|HEAP_ALLOCATE|[55]|Bytes:2
12:25:09.0 (36391316)|HEAP_ALLOCATE|[55]|Bytes:4
12:25:09.0 (36396111)|HEAP_ALLOCATE|[55]|Bytes:1
12:25:09.0 (36403405)|HEAP_ALLOCATE|[55]|Bytes:2
12:25:09.0 (36408216)|HEAP_ALLOCATE|[55]|Bytes:4
12:25:09.0 (36412554)|HEAP_ALLOCATE|[EXTERNAL]|Bytes:4
12:25:09.0 (36415666)|HEAP_ALLOCATE|[51]|Bytes:4
12:25:09.0 (36418238)|VARIABLE_ASSIGNMENT|[51]|j|60
12:25:09.0 (36420419)|HEAP_ALLOCATE|[50]|Bytes:4
12:25:09.0 (36422746)|VARIABLE_ASSIGNMENT|[50]|i|7
12:25:09.0 (36424307)|STATEMENT_EXECUTE|[50]
12:25:09.0 (36425465)|STATEMENT_EXECUTE|[51]
12:25:09.0 (36426899)|VARIABLE_SCOPE_BEGIN|[51]|j|Integer|false|false
12:25:09.0 (36428349)|HEAP_ALLOCATE|[51]|Bytes:4
12:25:09.0 (36430555)|VARIABLE_ASSIGNMENT|[51]|j|0
12:25:09.0 (36431935)|STATEMENT_EXECUTE|[51]
12:25:09.0 (36433151)|STATEMENT_EXECUTE|[52]
12:25:09.0 (36434108)|STATEMENT_EXECUTE|[53]
12:25:09.0 (36439934)|HEAP_ALLOCATE|[53]|Bytes:1
12:25:09.0 (36447649)|HEAP_ALLOCATE|[53]|Bytes:1
12:25:09.0 (36452654)|HEAP_ALLOCATE|[53]|Bytes:4
12:25:09.0 (36457448)|HEAP_ALLOCATE|[53]|Bytes:1
12:25:09.0 (36464561)|HEAP_ALLOCATE|[53]|Bytes:1
12:25:09.0 (36469452)|HEAP_ALLOCATE|[53]|Bytes:4
12:25:09.0 (36473887)|HEAP_ALLOCATE|[EXTERNAL]|Bytes:4
12:25:09.0 (36477262)|HEAP_ALLOCATE|[51]|Bytes:4
12:25:09.0 (36480100)|VARIABLE_ASSIGNMENT|[51]|j|30
12:25:09.0 (36481864)|STATEMENT_EXECUTE|[51]
12:25:09.0 (36483444)|STATEMENT_EXECUTE|[54]
12:25:09.0 (36484440)|STATEMENT_EXECUTE|[55]
12:25:09.0 (36489993)|HEAP_ALLOCATE|[55]|Bytes:1
12:25:09.0 (36497750)|HEAP_ALLOCATE|[55]|Bytes:2
12:25:09.0 (36502681)|HEAP_ALLOCATE|[55]|Bytes:4
12:25:09.0 (36507540)|HEAP_ALLOCATE|[55]|Bytes:1
12:25:09.0 (36514622)|HEAP_ALLOCATE|[55]|Bytes:2
12:25:09.0 (36519406)|HEAP_ALLOCATE|[55]|Bytes:4
12:25:09.0 (36523897)|HEAP_ALLOCATE|[EXTERNAL]|Bytes:4
12:25:09.0 (36527318)|HEAP_ALLOCATE|[51]|Bytes:4
12:25:09.0 (36530025)|VARIABLE_ASSIGNMENT|[51]|j|60
12:25:09.0 (36531960)|HEAP_ALLOCATE|[50]|Bytes:4
12:25:09.0 (36534117)|VARIABLE_ASSIGNMENT|[50]|i|8
12:25:09.0 (36535699)|STATEMENT_EXECUTE|[50]
12:25:09.0 (36536872)|STATEMENT_EXECUTE|[51]
12:25:09.0 (36538315)|VARIABLE_SCOPE_BEGIN|[51]|j|Integer|false|false
12:25:09.0 (36539812)|HEAP_ALLOCATE|[51]|Bytes:4
12:25:09.0 (36542026)|VARIABLE_ASSIGNMENT|[51]|j|0
12:25:09.0 (36543416)|STATEMENT_EXECUTE|[51]
12:25:09.0 (36544782)|STATEMENT_EXECUTE|[52]
12:25:09.0 (36545959)|STATEMENT_EXECUTE|[53]
12:25:09.0 (36555280)|HEAP_ALLOCATE|[53]|Bytes:1
12:25:09.0 (36568842)|HEAP_ALLOCATE|[53]|Bytes:1
12:25:09.0 (36578364)|HEAP_ALLOCATE|[53]|Bytes:4
12:25:09.0 (36587447)|HEAP_ALLOCATE|[53]|Bytes:1
12:25:09.0 (36598696)|HEAP_ALLOCATE|[53]|Bytes:1
12:25:09.0 (36604845)|HEAP_ALLOCATE|[53]|Bytes:4
12:25:09.0 (36610814)|HEAP_ALLOCATE|[EXTERNAL]|Bytes:4
12:25:09.0 (36615040)|HEAP_ALLOCATE|[51]|Bytes:4
12:25:09.0 (36619106)|VARIABLE_ASSIGNMENT|[51]|j|30
12:25:09.0 (36621191)|STATEMENT_EXECUTE|[51]
12:25:09.0 (36622664)|STATEMENT_EXECUTE|[54]
12:25:09.0 (36623618)|STATEMENT_EXECUTE|[55]
12:25:09.0 (36630138)|HEAP_ALLOCATE|[55]|Bytes:1
12:25:09.0 (36637877)|HEAP_ALLOCATE|[55]|Bytes:2
12:25:09.0 (36643018)|HEAP_ALLOCATE|[55]|Bytes:4
12:25:09.0 (36647895)|HEAP_ALLOCATE|[55]|Bytes:1
12:25:09.0 (36655406)|HEAP_ALLOCATE|[55]|Bytes:2
12:25:09.0 (36665540)|HEAP_ALLOCATE|[55]|Bytes:4
12:25:09.0 (36670930)|HEAP_ALLOCATE|[EXTERNAL]|Bytes:4
12:25:09.0 (36674428)|HEAP_ALLOCATE|[51]|Bytes:4
12:25:09.0 (36677482)|VARIABLE_ASSIGNMENT|[51]|j|60
12:25:09.0 (36679739)|HEAP_ALLOCATE|[50]|Bytes:4
12:25:09.0 (36681983)|VARIABLE_ASSIGNMENT|[50]|i|9
12:25:09.0 (36683670)|STATEMENT_EXECUTE|[50]
12:25:09.0 (36684950)|STATEMENT_EXECUTE|[51]
12:25:09.0 (36686605)|VARIABLE_SCOPE_BEGIN|[51]|j|Integer|false|false
12:25:09.0 (36688367)|HEAP_ALLOCATE|[51]|Bytes:4
12:25:09.0 (36690509)|VARIABLE_ASSIGNMENT|[51]|j|0
12:25:09.0 (36691933)|STATEMENT_EXECUTE|[51]
12:25:09.0 (36693151)|STATEMENT_EXECUTE|[52]
12:25:09.0 (36694092)|STATEMENT_EXECUTE|[53]
12:25:09.0 (36700538)|HEAP_ALLOCATE|[53]|Bytes:1
12:25:09.0 (36708176)|HEAP_ALLOCATE|[53]|Bytes:1
12:25:09.0 (36713234)|HEAP_ALLOCATE|[53]|Bytes:4
12:25:09.0 (36718061)|HEAP_ALLOCATE|[53]|Bytes:1
12:25:09.0 (36725124)|HEAP_ALLOCATE|[53]|Bytes:1
12:25:09.0 (36729943)|HEAP_ALLOCATE|[53]|Bytes:4
12:25:09.0 (36734509)|HEAP_ALLOCATE|[EXTERNAL]|Bytes:4
12:25:09.0 (36737947)|HEAP_ALLOCATE|[51]|Bytes:4
12:25:09.0 (36740752)|VARIABLE_ASSIGNMENT|[51]|j|30
12:25:09.0 (36742345)|STATEMENT_EXECUTE|[51]
12:25:09.0 (36743658)|STATEMENT_EXECUTE|[54]
12:25:09.0 (36744845)|STATEMENT_EXECUTE|[55]
12:25:09.0 (36750515)|HEAP_ALLOCATE|[55]|Bytes:1
12:25:09.0 (36758233)|HEAP_ALLOCATE|[55]|Bytes:2
12:25:09.0 (36763128)|HEAP_ALLOCATE|[55]|Bytes:4
12:25:09.0 (36767896)|HEAP_ALLOCATE|[55]|Bytes:1
12:25:09.0 (36775050)|HEAP_ALLOCATE|[55]|Bytes:2
12:25:09.0 (36779819)|HEAP_ALLOCATE|[55]|Bytes:4
12:25:09.0 (36784101)|HEAP_ALLOCATE|[EXTERNAL]|Bytes:4
12:25:09.0 (36788136)|HEAP_ALLOCATE|[51]|Bytes:4
12:25:09.0 (36792256)|VARIABLE_ASSIGNMENT|[51]|j|60
12:25:09.0 (36795384)|HEAP_ALLOCATE|[50]|Bytes:4
12:25:09.0 (36798818)|VARIABLE_ASSIGNMENT|[50]|i|10
12:25:09.0 (36801603)|STATEMENT_EXECUTE|[50]
12:25:09.0 (36803397)|STATEMENT_EXECUTE|[51]
12:25:09.0 (36805987)|VARIABLE_SCOPE_BEGIN|[51]|j|Integer|false|false
12:25:09.0 (36808834)|HEAP_ALLOCATE|[51]|Bytes:4
12:25:09.0 (36812780)|VARIABLE_ASSIGNMENT|[51]|j|0
12:25:09.0 (36815331)|STATEMENT_EXECUTE|[51]
12:25:09.0 (36817357)|STATEMENT_EXECUTE|[52]
12:25:09.0 (36818812)|STATEMENT_EXECUTE|[53]
12:25:09.0 (36832287)|HEAP_ALLOCATE|[53]|Bytes:2
12:25:09.0 (36847158)|HEAP_ALLOCATE|[53]|Bytes:1
12:25:09.0 (36853758)|HEAP_ALLOCATE|[53]|Bytes:5
12:25:09.0 (36858728)|HEAP_ALLOCATE|[53]|Bytes:2
12:25:09.0 (36865907)|HEAP_ALLOCATE|[53]|Bytes:1
12:25:09.0 (36870862)|HEAP_ALLOCATE|[53]|Bytes:5
12:25:09.0 (36877040)|HEAP_ALLOCATE|[EXTERNAL]|Bytes:4
12:25:09.0 (36881123)|HEAP_ALLOCATE|[51]|Bytes:4
12:25:09.0 (36884914)|VARIABLE_ASSIGNMENT|[51]|j|30
12:25:09.0 (36887014)|STATEMENT_EXECUTE|[51]
12:25:09.0 (36888415)|STATEMENT_EXECUTE|[54]
12:25:09.0 (36889378)|STATEMENT_EXECUTE|[55]
12:25:09.0 (36895765)|HEAP_ALLOCATE|[55]|Bytes:2
12:25:09.0 (36903437)|HEAP_ALLOCATE|[55]|Bytes:2
12:25:09.0 (36908459)|HEAP_ALLOCATE|[55]|Bytes:5
12:25:09.0 (36913435)|HEAP_ALLOCATE|[55]|Bytes:2
12:25:09.0 (36920491)|HEAP_ALLOCATE|[55]|Bytes:2
12:25:09.0 (36925390)|HEAP_ALLOCATE|[55]|Bytes:5
12:25:09.0 (36929815)|HEAP_ALLOCATE|[EXTERNAL]|Bytes:4
12:25:09.0 (36933023)|HEAP_ALLOCATE|[51]|Bytes:4
12:25:09.0 (36935872)|VARIABLE_ASSIGNMENT|[51]|j|60
12:25:09.0 (36938554)|HEAP_ALLOCATE|[50]|Bytes:4
12:25:09.0 (36940837)|VARIABLE_ASSIGNMENT|[50]|i|11
12:25:09.0 (36942461)|STATEMENT_EXECUTE|[50]
12:25:09.0 (36943670)|STATEMENT_EXECUTE|[51]
12:25:09.0 (36945208)|VARIABLE_SCOPE_BEGIN|[51]|j|Integer|false|false
12:25:09.0 (36946848)|HEAP_ALLOCATE|[51]|Bytes:4
12:25:09.0 (36949032)|VARIABLE_ASSIGNMENT|[51]|j|0
12:25:09.0 (36950443)|STATEMENT_EXECUTE|[51]
12:25:09.0 (36951655)|STATEMENT_EXECUTE|[52]
12:25:09.0 (36952607)|STATEMENT_EXECUTE|[53]
12:25:09.0 (36958622)|HEAP_ALLOCATE|[53]|Bytes:2
12:25:09.0 (36966355)|HEAP_ALLOCATE|[53]|Bytes:1
12:25:09.0 (36971462)|HEAP_ALLOCATE|[53]|Bytes:5
12:25:09.0 (36976268)|HEAP_ALLOCATE|[53]|Bytes:2
12:25:09.0 (36983321)|HEAP_ALLOCATE|[53]|Bytes:1
12:25:09.0 (36988154)|HEAP_ALLOCATE|[53]|Bytes:5
12:25:09.0 (36992604)|HEAP_ALLOCATE|[EXTERNAL]|Bytes:4
12:25:09.0 (36996160)|HEAP_ALLOCATE|[51]|Bytes:4
12:25:09.0 (36998887)|VARIABLE_ASSIGNMENT|[51]|j|30
12:25:09.0 (37000547)|STATEMENT_EXECUTE|[51]
12:25:09.0 (37002526)|STATEMENT_EXECUTE|[54]
12:25:09.0 (37003776)|STATEMENT_EXECUTE|[55]
12:25:09.0 (37009560)|HEAP_ALLOCATE|[55]|Bytes:2
12:25:09.0 (37017136)|HEAP_ALLOCATE|[55]|Bytes:2
12:25:09.0 (37022493)|HEAP_ALLOCATE|[55]|Bytes:5
12:25:09.0 (37027323)|HEAP_ALLOCATE|[55]|Bytes:2
12:25:09.0 (37034507)|HEAP_ALLOCATE|[55]|Bytes:2
12:25:09.0 (37039386)|HEAP_ALLOCATE|[55]|Bytes:5
12:25:09.0 (37043627)|HEAP_ALLOCATE|[EXTERNAL]|Bytes:4
12:25:09.0 (37046847)|HEAP_ALLOCATE|[51]|Bytes:4
12:25:09.0 (37049514)|VARIABLE_ASSIGNMENT|[51]|j|60
12:25:09.0 (37051392)|HEAP_ALLOCATE|[50]|Bytes:4
12:25:09.0 (37053611)|VARIABLE_ASSIGNMENT|[50]|i|12
12:25:09.0 (37055180)|STATEMENT_EXECUTE|[50]
12:25:09.0 (37056391)|STATEMENT_EXECUTE|[51]
12:25:09.0 (37057857)|VARIABLE_SCOPE_BEGIN|[51]|j|Integer|false|false
12:25:09.0 (37059371)|HEAP_ALLOCATE|[51]|Bytes:4
12:25:09.0 (37061586)|VARIABLE_ASSIGNMENT|[51]|j|0
12:25:09.0 (37062999)|STATEMENT_EXECUTE|[51]
12:25:09.0 (37064267)|STATEMENT_EXECUTE|[52]
12:25:09.0 (37065192)|STATEMENT_EXECUTE|[53]
12:25:09.0 (37070992)|HEAP_ALLOCATE|[53]|Bytes:2
12:25:09.0 (37079021)|HEAP_ALLOCATE|[53]|Bytes:1
12:25:09.0 (37083952)|HEAP_ALLOCATE|[53]|Bytes:5
12:25:09.0 (37088773)|HEAP_ALLOCATE|[53]|Bytes:2
12:25:09.0 (37095921)|HEAP_ALLOCATE|[53]|Bytes:1
12:25:09.0 (37101080)|HEAP_ALLOCATE|[53]|Bytes:5
12:25:09.0 (37105607)|HEAP_ALLOCATE|[EXTERNAL]|Bytes:4
12:25:09.0 (37108909)|HEAP_ALLOCATE|[51]|Bytes:4
12:25:09.0 (37111650)|VARIABLE_ASSIGNMENT|[51]|j|30
12:25:09.0 (37113628)|STATEMENT_EXECUTE|[51]
12:25:09.0 (37115060)|STATEMENT_EXECUTE|[54]
12:25:09.0 (37116067)|STATEMENT_EXECUTE|[55]
12:25:09.0 (37121851)|HEAP_ALLOCATE|[55]|Bytes:2
12:25:09.0 (37129505)|HEAP_ALLOCATE|[55]|Bytes:2
12:25:09.0 (37137249)|HEAP_ALLOCATE|[55]|Bytes:5
12:25:09.0 (37145873)|HEAP_ALLOCATE|[55]|Bytes:2
12:25:09.0 (37158939)|HEAP_ALLOCATE|[55]|Bytes:2
12:25:09.0 (37168497)|HEAP_ALLOCATE|[55]|Bytes:5
12:25:09.0 (37178456)|HEAP_ALLOCATE|[EXTERNAL]|Bytes:4
12:25:09.0 (37185203)|HEAP_ALLOCATE|[51]|Bytes:4
12:25:09.0 (37191625)|VARIABLE_ASSIGNMENT|[51]|j|60
12:25:09.0 (37195835)|HEAP_ALLOCATE|[50]|Bytes:4
12:25:09.0 (37199801)|VARIABLE_ASSIGNMENT|[50]|i|13
12:25:09.0 (37203010)|STATEMENT_EXECUTE|[50]
12:25:09.0 (37205021)|STATEMENT_EXECUTE|[51]
12:25:09.0 (37207541)|VARIABLE_SCOPE_BEGIN|[51]|j|Integer|false|false
12:25:09.0 (37210524)|HEAP_ALLOCATE|[51]|Bytes:4
12:25:09.0 (37214393)|VARIABLE_ASSIGNMENT|[51]|j|0
12:25:09.0 (37217115)|STATEMENT_EXECUTE|[51]
12:25:09.0 (37219345)|STATEMENT_EXECUTE|[52]
12:25:09.0 (37220697)|STATEMENT_EXECUTE|[53]
12:25:09.0 (37236322)|HEAP_ALLOCATE|[53]|Bytes:2
12:25:09.0 (37250875)|HEAP_ALLOCATE|[53]|Bytes:1
12:25:09.0 (37260646)|HEAP_ALLOCATE|[53]|Bytes:5
12:25:09.0 (37268833)|HEAP_ALLOCATE|[53]|Bytes:2
12:25:09.0 (37281249)|HEAP_ALLOCATE|[53]|Bytes:1
12:25:09.0 (37289730)|HEAP_ALLOCATE|[53]|Bytes:5
12:25:09.0 (37300220)|HEAP_ALLOCATE|[EXTERNAL]|Bytes:4
12:25:09.0 (37307491)|HEAP_ALLOCATE|[51]|Bytes:4
12:25:09.0 (37313553)|VARIABLE_ASSIGNMENT|[51]|j|30
12:25:09.0 (37317152)|STATEMENT_EXECUTE|[51]
12:25:09.0 (37319552)|STATEMENT_EXECUTE|[54]
12:25:09.0 (37321284)|STATEMENT_EXECUTE|[55]
12:25:09.0 (37334749)|HEAP_ALLOCATE|[55]|Bytes:2
12:25:09.0 (37349275)|HEAP_ALLOCATE|[55]|Bytes:2
12:25:09.0 (37358930)|HEAP_ALLOCATE|[55]|Bytes:5
12:25:09.0 (37368111)|HEAP_ALLOCATE|[55]|Bytes:2
12:25:09.0 (37376598)|HEAP_ALLOCATE|[55]|Bytes:2
12:25:09.0 (37381911)|HEAP_ALLOCATE|[55]|Bytes:5
12:25:09.0 (37388686)|HEAP_ALLOCATE|[EXTERNAL]|Bytes:4
12:25:09.0 (37392886)|HEAP_ALLOCATE|[51]|Bytes:4
12:25:09.0 (37396907)|VARIABLE_ASSIGNMENT|[51]|j|60
12:25:09.0 (37399377)|HEAP_ALLOCATE|[50]|Bytes:4
12:25:09.0 (37401713)|VARIABLE_ASSIGNMENT|[50]|i|14
12:25:09.0 (37403610)|STATEMENT_EXECUTE|[50]
12:25:09.0 (37404955)|STATEMENT_EXECUTE|[51]
12:25:09.0 (37406745)|VARIABLE_SCOPE_BEGIN|[51]|j|Integer|false|false
12:25:09.0 (37408810)|HEAP_ALLOCATE|[51]|Bytes:4
12:25:09.0 (37411187)|VARIABLE_ASSIGNMENT|[51]|j|0
12:25:09.0 (37412646)|STATEMENT_EXECUTE|[51]
12:25:09.0 (37414013)|STATEMENT_EXECUTE|[52]
12:25:09.0 (37414986)|STATEMENT_EXECUTE|[53]
12:25:09.0 (37421704)|HEAP_ALLOCATE|[53]|Bytes:2
12:25:09.0 (37429927)|HEAP_ALLOCATE|[53]|Bytes:1
12:25:09.0 (37435072)|HEAP_ALLOCATE|[53]|Bytes:5
12:25:09.0 (37439962)|HEAP_ALLOCATE|[53]|Bytes:2
12:25:09.0 (37447289)|HEAP_ALLOCATE|[53]|Bytes:1
12:25:09.0 (37452093)|HEAP_ALLOCATE|[53]|Bytes:5
12:25:09.0 (37457744)|HEAP_ALLOCATE|[EXTERNAL]|Bytes:4
12:25:09.0 (37463318)|HEAP_ALLOCATE|[51]|Bytes:4
12:25:09.0 (37467829)|VARIABLE_ASSIGNMENT|[51]|j|30
12:25:09.0 (37470751)|STATEMENT_EXECUTE|[51]
12:25:09.0 (37472802)|STATEMENT_EXECUTE|[54]
12:25:09.0 (37474201)|STATEMENT_EXECUTE|[55]
12:25:09.0 (37485665)|HEAP_ALLOCATE|[55]|Bytes:2
12:25:09.0 (37500520)|HEAP_ALLOCATE|[55]|Bytes:2
12:25:09.0 (37507640)|HEAP_ALLOCATE|[55]|Bytes:5
12:25:09.0 (37512608)|HEAP_ALLOCATE|[55]|Bytes:2
12:25:09.0 (37519828)|HEAP_ALLOCATE|[55]|Bytes:2
12:25:09.0 (37524744)|HEAP_ALLOCATE|[55]|Bytes:5
12:25:09.0 (37530819)|HEAP_ALLOCATE|[EXTERNAL]|Bytes:4
12:25:09.0 (37534851)|HEAP_ALLOCATE|[51]|Bytes:4
12:25:09.0 (37538420)|VARIABLE_ASSIGNMENT|[51]|j|60
12:25:09.0 (37541152)|HEAP_ALLOCATE|[50]|Bytes:4
12:25:09.0 (37543650)|VARIABLE_ASSIGNMENT|[50]|i|15
12:25:09.0 (37545461)|STATEMENT_EXECUTE|[50]
12:25:09.0 (37546829)|STATEMENT_EXECUTE|[51]
12:25:09.0 (37548556)|VARIABLE_SCOPE_BEGIN|[51]|j|Integer|false|false
12:25:09.0 (37550264)|HEAP_ALLOCATE|[51]|Bytes:4
12:25:09.0 (37552515)|VARIABLE_ASSIGNMENT|[51]|j|0
12:25:09.0 (37553956)|STATEMENT_EXECUTE|[51]
12:25:09.0 (37555271)|STATEMENT_EXECUTE|[52]
12:25:09.0 (37556239)|STATEMENT_EXECUTE|[53]
12:25:09.0 (37562717)|HEAP_ALLOCATE|[53]|Bytes:2
12:25:09.0 (37570302)|HEAP_ALLOCATE|[53]|Bytes:1
12:25:09.0 (37576238)|HEAP_ALLOCATE|[53]|Bytes:5
12:25:09.0 (37584366)|HEAP_ALLOCATE|[53]|Bytes:2
12:25:09.0 (37597428)|HEAP_ALLOCATE|[53]|Bytes:1
12:25:09.0 (37607392)|HEAP_ALLOCATE|[53]|Bytes:5
12:25:09.0 (37617116)|HEAP_ALLOCATE|[EXTERNAL]|Bytes:4
12:25:09.0 (37623598)|HEAP_ALLOCATE|[51]|Bytes:4
12:25:09.0 (37629631)|VARIABLE_ASSIGNMENT|[51]|j|30
12:25:09.0 (37633149)|STATEMENT_EXECUTE|[51]
12:25:09.0 (37635445)|STATEMENT_EXECUTE|[54]
12:25:09.0 (37637189)|STATEMENT_EXECUTE|[55]
12:25:09.0 (37647570)|HEAP_ALLOCATE|[55]|Bytes:2
12:25:09.0 (37656100)|HEAP_ALLOCATE|[55]|Bytes:2
12:25:09.0 (37665567)|HEAP_ALLOCATE|[55]|Bytes:5
12:25:09.0 (37671028)|HEAP_ALLOCATE|[55]|Bytes:2
12:25:09.0 (37678228)|HEAP_ALLOCATE|[55]|Bytes:2
12:25:09.0 (37683263)|HEAP_ALLOCATE|[55]|Bytes:5
12:25:09.0 (37689324)|HEAP_ALLOCATE|[EXTERNAL]|Bytes:4
12:25:09.0 (37693007)|HEAP_ALLOCATE|[51]|Bytes:4
12:25:09.0 (37696452)|VARIABLE_ASSIGNMENT|[51]|j|60
12:25:09.0 (37699036)|HEAP_ALLOCATE|[50]|Bytes:4
12:25:09.0 (37701393)|VARIABLE_ASSIGNMENT|[50]|i|16
12:25:09.0 (37703186)|STATEMENT_EXECUTE|[50]
12:25:09.0 (37704460)|STATEMENT_EXECUTE|[51]
12:25:09.0 (37706199)|VARIABLE_SCOPE_BEGIN|[51]|j|Integer|false|false
12:25:09.0 (37708084)|HEAP_ALLOCATE|[51]|Bytes:4
12:25:09.0 (37710345)|VARIABLE_ASSIGNMENT|[51]|j|0
12:25:09.0 (37711775)|STATEMENT_EXECUTE|[51]
12:25:09.0 (37712999)|STATEMENT_EXECUTE|[52]
12:25:09.0 (37714127)|STATEMENT_EXECUTE|[53]
12:25:09.0 (37720254)|HEAP_ALLOCATE|[53]|Bytes:2
12:25:09.0 (37728337)|HEAP_ALLOCATE|[53]|Bytes:1
12:25:09.0 (37733337)|HEAP_ALLOCATE|[53]|Bytes:5
12:25:09.0 (37738135)|HEAP_ALLOCATE|[53]|Bytes:2
12:25:09.0 (37745295)|HEAP_ALLOCATE|[53]|Bytes:1
12:25:09.0 (37750345)|HEAP_ALLOCATE|[53]|Bytes:5
12:25:09.0 (37754897)|HEAP_ALLOCATE|[EXTERNAL]|Bytes:4
12:25:09.0 (37758439)|HEAP_ALLOCATE|[51]|Bytes:4
12:25:09.0 (37761326)|VARIABLE_ASSIGNMENT|[51]|j|30
12:25:09.0 (37762950)|STATEMENT_EXECUTE|[51]
12:25:09.0 (37764227)|STATEMENT_EXECUTE|[54]
12:25:09.0 (37765152)|STATEMENT_EXECUTE|[55]
12:25:09.0 (37770755)|HEAP_ALLOCATE|[55]|Bytes:2
12:25:09.0 (37778364)|HEAP_ALLOCATE|[55]|Bytes:2
12:25:09.0 (37783413)|HEAP_ALLOCATE|[55]|Bytes:5
12:25:09.0 (37788278)|HEAP_ALLOCATE|[55]|Bytes:2
12:25:09.0 (37795473)|HEAP_ALLOCATE|[55]|Bytes:2
12:25:09.0 (37800331)|HEAP_ALLOCATE|[55]|Bytes:5
12:25:09.0 (37804697)|HEAP_ALLOCATE|[EXTERNAL]|Bytes:4
12:25:09.0 (37808241)|HEAP_ALLOCATE|[51]|Bytes:4
12:25:09.0 (37811135)|VARIABLE_ASSIGNMENT|[51]|j|60
12:25:09.0 (37812933)|HEAP_ALLOCATE|[50]|Bytes:4
12:25:09.0 (37815717)|VARIABLE_ASSIGNMENT|[50]|i|17
12:25:09.0 (37817228)|STATEMENT_EXECUTE|[50]
12:25:09.0 (37818396)|STATEMENT_EXECUTE|[51]
12:25:09.0 (37819883)|VARIABLE_SCOPE_BEGIN|[51]|j|Integer|false|false
12:25:09.0 (37821398)|HEAP_ALLOCATE|[51]|Bytes:4
12:25:09.0 (37823728)|VARIABLE_ASSIGNMENT|[51]|j|0
12:25:09.0 (37825109)|STATEMENT_EXECUTE|[51]
12:25:09.0 (37826341)|STATEMENT_EXECUTE|[52]
12:25:09.0 (37827265)|STATEMENT_EXECUTE|[53]
12:25:09.0 (37832967)|HEAP_ALLOCATE|[53]|Bytes:2
12:25:09.0 (37840536)|HEAP_ALLOCATE|[53]|Bytes:1
12:25:09.0 (37845507)|HEAP_ALLOCATE|[53]|Bytes:5
12:25:09.0 (37850313)|HEAP_ALLOCATE|[53]|Bytes:2
12:25:09.0 (37857407)|HEAP_ALLOCATE|[53]|Bytes:1
12:25:09.0 (37862268)|HEAP_ALLOCATE|[53]|Bytes:5
12:25:09.0 (37866730)|HEAP_ALLOCATE|[EXTERNAL]|Bytes:4
12:25:09.0 (37870076)|HEAP_ALLOCATE|[51]|Bytes:4
12:25:09.0 (37872775)|VARIABLE_ASSIGNMENT|[51]|j|30
12:25:09.0 (37874437)|STATEMENT_EXECUTE|[51]
12:25:09.0 (37875738)|STATEMENT_EXECUTE|[54]
12:25:09.0 (37876837)|STATEMENT_EXECUTE|[55]
12:25:09.0 (37882478)|HEAP_ALLOCATE|[55]|Bytes:2
12:25:09.0 (37889912)|HEAP_ALLOCATE|[55]|Bytes:2
12:25:09.0 (37894858)|HEAP_ALLOCATE|[55]|Bytes:5
12:25:09.0 (37899658)|HEAP_ALLOCATE|[55]|Bytes:2
12:25:09.0 (37906836)|HEAP_ALLOCATE|[55]|Bytes:2
12:25:09.0 (37911989)|HEAP_ALLOCATE|[55]|Bytes:5
12:25:09.0 (37916356)|HEAP_ALLOCATE|[EXTERNAL]|Bytes:4
12:25:09.0 (37919538)|HEAP_ALLOCATE|[51]|Bytes:4
12:25:09.0 (37922213)|VARIABLE_ASSIGNMENT|[51]|j|60
12:25:09.0 (37923973)|HEAP_ALLOCATE|[50]|Bytes:4
12:25:09.0 (37926214)|VARIABLE_ASSIGNMENT|[50]|i|18
12:25:09.0 (37927745)|STATEMENT_EXECUTE|[50]
12:25:09.0 (37928900)|STATEMENT_EXECUTE|[51]
12:25:09.0 (37930373)|VARIABLE_SCOPE_BEGIN|[51]|j|Integer|false|false
12:25:09.0 (37931812)|HEAP_ALLOCATE|[51]|Bytes:4
12:25:09.0 (37933987)|VARIABLE_ASSIGNMENT|[51]|j|0
12:25:09.0 (37935409)|STATEMENT_EXECUTE|[51]
12:25:09.0 (37936635)|STATEMENT_EXECUTE|[52]
12:25:09.0 (37937575)|STATEMENT_EXECUTE|[53]
12:25:09.0 (37943112)|HEAP_ALLOCATE|[53]|Bytes:2
12:25:09.0 (37951017)|HEAP_ALLOCATE|[53]|Bytes:1
12:25:09.0 (37955987)|HEAP_ALLOCATE|[53]|Bytes:5
12:25:09.0 (37960837)|HEAP_ALLOCATE|[53]|Bytes:2
12:25:09.0 (37968146)|HEAP_ALLOCATE|[53]|Bytes:1
12:25:09.0 (37972983)|HEAP_ALLOCATE|[53]|Bytes:5
12:25:09.0 (37977404)|HEAP_ALLOCATE|[EXTERNAL]|Bytes:4
12:25:09.0 (37980905)|HEAP_ALLOCATE|[51]|Bytes:4
12:25:09.0 (37983599)|VARIABLE_ASSIGNMENT|[51]|j|30
12:25:09.0 (37985195)|STATEMENT_EXECUTE|[51]
12:25:09.0 (37986454)|STATEMENT_EXECUTE|[54]
12:25:09.0 (37987375)|STATEMENT_EXECUTE|[55]
12:25:09.0 (37993054)|HEAP_ALLOCATE|[55]|Bytes:2
12:25:09.0 (38000635)|HEAP_ALLOCATE|[55]|Bytes:2
12:25:09.0 (38006476)|HEAP_ALLOCATE|[55]|Bytes:5
12:25:09.0 (38011387)|HEAP_ALLOCATE|[55]|Bytes:2
12:25:09.0 (38018587)|HEAP_ALLOCATE|[55]|Bytes:2
12:25:09.0 (38023537)|HEAP_ALLOCATE|[55]|Bytes:5
12:25:09.0 (38027836)|HEAP_ALLOCATE|[EXTERNAL]|Bytes:4
12:25:09.0 (38031107)|HEAP_ALLOCATE|[51]|Bytes:4
12:25:09.0 (38033749)|VARIABLE_ASSIGNMENT|[51]|j|60
12:25:09.0 (38035579)|HEAP_ALLOCATE|[50]|Bytes:4
12:25:09.0 (38038298)|VARIABLE_ASSIGNMENT|[50]|i|19
12:25:09.0 (38039788)|STATEMENT_EXECUTE|[50]
12:25:09.0 (38040953)|STATEMENT_EXECUTE|[51]
12:25:09.0 (38042442)|VARIABLE_SCOPE_BEGIN|[51]|j|Integer|false|false
12:25:09.0 (38043842)|HEAP_ALLOCATE|[51]|Bytes:4
12:25:09.0 (38046017)|VARIABLE_ASSIGNMENT|[51]|j|0
12:25:09.0 (38047403)|STATEMENT_EXECUTE|[51]
12:25:09.0 (38048610)|STATEMENT_EXECUTE|[52]
12:25:09.0 (38049583)|STATEMENT_EXECUTE|[53]
12:25:09.0 (38055210)|HEAP_ALLOCATE|[53]|Bytes:2
12:25:09.0 (38062776)|HEAP_ALLOCATE|[53]|Bytes:1
12:25:09.0 (38067848)|HEAP_ALLOCATE|[53]|Bytes:5
12:25:09.0 (38072689)|HEAP_ALLOCATE|[53]|Bytes:2
12:25:09.0 (38079774)|HEAP_ALLOCATE|[53]|Bytes:1
12:25:09.0 (38084796)|HEAP_ALLOCATE|[53]|Bytes:5
12:25:09.0 (38089225)|HEAP_ALLOCATE|[EXTERNAL]|Bytes:4
12:25:09.0 (38092580)|HEAP_ALLOCATE|[51]|Bytes:4
12:25:09.0 (38095299)|VARIABLE_ASSIGNMENT|[51]|j|30
12:25:09.0 (38096937)|STATEMENT_EXECUTE|[51]
12:25:09.0 (38098266)|STATEMENT_EXECUTE|[54]
12:25:09.0 (38099197)|STATEMENT_EXECUTE|[55]
12:25:09.0 (38105014)|HEAP_ALLOCATE|[55]|Bytes:2
12:25:09.0 (38112608)|HEAP_ALLOCATE|[55]|Bytes:2
12:25:09.0 (38117814)|HEAP_ALLOCATE|[55]|Bytes:5
12:25:09.0 (38122756)|HEAP_ALLOCATE|[55]|Bytes:2
12:25:09.0 (38129996)|HEAP_ALLOCATE|[55]|Bytes:2
12:25:09.0 (38134874)|HEAP_ALLOCATE|[55]|Bytes:5
12:25:09.0 (38139119)|HEAP_ALLOCATE|[EXTERNAL]|Bytes:4
12:25:09.0 (38142344)|HEAP_ALLOCATE|[51]|Bytes:4
12:25:09.0 (38145006)|VARIABLE_ASSIGNMENT|[51]|j|60
12:25:09.0 (38146744)|HEAP_ALLOCATE|[50]|Bytes:4
12:25:09.0 (38149016)|VARIABLE_ASSIGNMENT|[50]|i|20
12:25:09.0 (38150518)|STATEMENT_EXECUTE|[50]
12:25:09.0 (38151674)|STATEMENT_EXECUTE|[51]
12:25:09.0 (38153143)|VARIABLE_SCOPE_BEGIN|[51]|j|Integer|false|false
12:25:09.0 (38154523)|HEAP_ALLOCATE|[51]|Bytes:4
12:25:09.0 (38156740)|VARIABLE_ASSIGNMENT|[51]|j|0
12:25:09.0 (38158188)|STATEMENT_EXECUTE|[51]
12:25:09.0 (38159517)|STATEMENT_EXECUTE|[52]
12:25:09.0 (38160457)|STATEMENT_EXECUTE|[53]
12:25:09.0 (38166043)|HEAP_ALLOCATE|[53]|Bytes:2
12:25:09.0 (38174416)|HEAP_ALLOCATE|[53]|Bytes:1
12:25:09.0 (38179530)|HEAP_ALLOCATE|[53]|Bytes:5
12:25:09.0 (38184293)|HEAP_ALLOCATE|[53]|Bytes:2
12:25:09.0 (38191404)|HEAP_ALLOCATE|[53]|Bytes:1
12:25:09.0 (38196232)|HEAP_ALLOCATE|[53]|Bytes:5
12:25:09.0 (38200703)|HEAP_ALLOCATE|[EXTERNAL]|Bytes:4
12:25:09.0 (38204030)|HEAP_ALLOCATE|[51]|Bytes:4
12:25:09.0 (38206793)|VARIABLE_ASSIGNMENT|[51]|j|30
12:25:09.0 (38208414)|STATEMENT_EXECUTE|[51]
12:25:09.0 (38209761)|STATEMENT_EXECUTE|[54]
12:25:09.0 (38210726)|STATEMENT_EXECUTE|[55]
12:25:09.0 (38216231)|HEAP_ALLOCATE|[55]|Bytes:2
12:25:09.0 (38232171)|HEAP_ALLOCATE|[55]|Bytes:2
12:25:09.0 (38240637)|HEAP_ALLOCATE|[55]|Bytes:5
12:25:09.0 (38247527)|HEAP_ALLOCATE|[55]|Bytes:2
12:25:09.0 (38255336)|HEAP_ALLOCATE|[55]|Bytes:2
12:25:09.0 (38260355)|HEAP_ALLOCATE|[55]|Bytes:5
12:25:09.0 (38265966)|HEAP_ALLOCATE|[EXTERNAL]|Bytes:4
12:25:09.0 (38269523)|HEAP_ALLOCATE|[51]|Bytes:4
12:25:09.0 (38272904)|VARIABLE_ASSIGNMENT|[51]|j|60
12:25:09.0 (38275137)|HEAP_ALLOCATE|[50]|Bytes:4
12:25:09.0 (38278256)|VARIABLE_ASSIGNMENT|[50]|i|21
12:25:09.0 (38280006)|STATEMENT_EXECUTE|[50]
12:25:09.0 (38281270)|STATEMENT_EXECUTE|[51]
12:25:09.0 (38282967)|VARIABLE_SCOPE_BEGIN|[51]|j|Integer|false|false
12:25:09.0 (38284517)|HEAP_ALLOCATE|[51]|Bytes:4
12:25:09.0 (38286731)|VARIABLE_ASSIGNMENT|[51]|j|0
12:25:09.0 (38288177)|STATEMENT_EXECUTE|[51]
12:25:09.0 (38289484)|STATEMENT_EXECUTE|[52]
12:25:09.0 (38290441)|STATEMENT_EXECUTE|[53]
12:25:09.0 (38296766)|HEAP_ALLOCATE|[53]|Bytes:2
12:25:09.0 (38304659)|HEAP_ALLOCATE|[53]|Bytes:1
12:25:09.0 (38309724)|HEAP_ALLOCATE|[53]|Bytes:5
12:25:09.0 (38314718)|HEAP_ALLOCATE|[53]|Bytes:2
12:25:09.0 (38321932)|HEAP_ALLOCATE|[53]|Bytes:1
12:25:09.0 (38326826)|HEAP_ALLOCATE|[53]|Bytes:5
12:25:09.0 (38331578)|HEAP_ALLOCATE|[EXTERNAL]|Bytes:4
12:25:09.0 (38334932)|HEAP_ALLOCATE|[51]|Bytes:4
12:25:09.0 (38337901)|VARIABLE_ASSIGNMENT|[51]|j|30
12:25:09.0 (38339511)|STATEMENT_EXECUTE|[51]
12:25:09.0 (38340806)|STATEMENT_EXECUTE|[54]
12:25:09.0 (38341754)|STATEMENT_EXECUTE|[55]
12:25:09.0 (38347650)|HEAP_ALLOCATE|[55]|Bytes:2
12:25:09.0 (38355194)|HEAP_ALLOCATE|[55]|Bytes:2
12:25:09.0 (38360229)|HEAP_ALLOCATE|[55]|Bytes:5
12:25:09.0 (38365045)|HEAP_ALLOCATE|[55]|Bytes:2
12:25:09.0 (38372330)|HEAP_ALLOCATE|[55]|Bytes:2
12:25:09.0 (38377215)|HEAP_ALLOCATE|[55]|Bytes:5
12:25:09.0 (38381673)|HEAP_ALLOCATE|[EXTERNAL]|Bytes:4
12:25:09.0 (38384935)|HEAP_ALLOCATE|[51]|Bytes:4
12:25:09.0 (38387675)|VARIABLE_ASSIGNMENT|[51]|j|60
12:25:09.0 (38389549)|HEAP_ALLOCATE|[50]|Bytes:4
12:25:09.0 (38391798)|VARIABLE_ASSIGNMENT|[50]|i|22
12:25:09.0 (38393448)|STATEMENT_EXECUTE|[50]
12:25:09.0 (38394635)|STATEMENT_EXECUTE|[51]
12:25:09.0 (38396190)|VARIABLE_SCOPE_BEGIN|[51]|j|Integer|false|false
12:25:09.0 (38397613)|HEAP_ALLOCATE|[51]|Bytes:4
12:25:09.0 (38399842)|VARIABLE_ASSIGNMENT|[51]|j|0
12:25:09.0 (38401243)|STATEMENT_EXECUTE|[51]
12:25:09.0 (38402468)|STATEMENT_EXECUTE|[52]
12:25:09.0 (38403381)|STATEMENT_EXECUTE|[53]
12:25:09.0 (38409156)|HEAP_ALLOCATE|[53]|Bytes:2
12:25:09.0 (38416790)|HEAP_ALLOCATE|[53]|Bytes:1
12:25:09.0 (38421910)|HEAP_ALLOCATE|[53]|Bytes:5
12:25:09.0 (38426681)|HEAP_ALLOCATE|[53]|Bytes:2
12:25:09.0 (38433949)|HEAP_ALLOCATE|[53]|Bytes:1
12:25:09.0 (38438818)|HEAP_ALLOCATE|[53]|Bytes:5
12:25:09.0 (38443351)|HEAP_ALLOCATE|[EXTERNAL]|Bytes:4
12:25:09.0 (38446628)|HEAP_ALLOCATE|[51]|Bytes:4
12:25:09.0 (38449383)|VARIABLE_ASSIGNMENT|[51]|j|30
12:25:09.0 (38451025)|STATEMENT_EXECUTE|[51]
12:25:09.0 (38452315)|STATEMENT_EXECUTE|[54]
12:25:09.0 (38453237)|STATEMENT_EXECUTE|[55]
12:25:09.0 (38458754)|HEAP_ALLOCATE|[55]|Bytes:2
12:25:09.0 (38466171)|HEAP_ALLOCATE|[55]|Bytes:2
12:25:09.0 (38471153)|HEAP_ALLOCATE|[55]|Bytes:5
12:25:09.0 (38475919)|HEAP_ALLOCATE|[55]|Bytes:2
12:25:09.0 (38483048)|HEAP_ALLOCATE|[55]|Bytes:2
12:25:09.0 (38488003)|HEAP_ALLOCATE|[55]|Bytes:5
12:25:09.0 (38492256)|HEAP_ALLOCATE|[EXTERNAL]|Bytes:4
12:25:09.0 (38495454)|HEAP_ALLOCATE|[51]|Bytes:4
12:25:09.0 (38498150)|VARIABLE_ASSIGNMENT|[51]|j|60
12:25:09.0 (38499891)|HEAP_ALLOCATE|[50]|Bytes:4
12:25:09.0 (38502649)|VARIABLE_ASSIGNMENT|[50]|i|23
12:25:09.0 (38504157)|STATEMENT_EXECUTE|[50]
12:25:09.0 (38505303)|STATEMENT_EXECUTE|[51]
12:25:09.0 (38506774)|VARIABLE_SCOPE_BEGIN|[51]|j|Integer|false|false
12:25:09.0 (38508169)|HEAP_ALLOCATE|[51]|Bytes:4
12:25:09.0 (38510358)|VARIABLE_ASSIGNMENT|[51]|j|0
12:25:09.0 (38511770)|STATEMENT_EXECUTE|[51]
12:25:09.0 (38513005)|STATEMENT_EXECUTE|[52]
12:25:09.0 (38513959)|STATEMENT_EXECUTE|[53]
12:25:09.0 (38519570)|HEAP_ALLOCATE|[53]|Bytes:2
12:25:09.0 (38527119)|HEAP_ALLOCATE|[53]|Bytes:1
12:25:09.0 (38532134)|HEAP_ALLOCATE|[53]|Bytes:5
12:25:09.0 (38536941)|HEAP_ALLOCATE|[53]|Bytes:2
12:25:09.0 (38544308)|HEAP_ALLOCATE|[53]|Bytes:1
12:25:09.0 (38549223)|HEAP_ALLOCATE|[53]|Bytes:5
12:25:09.0 (38553664)|HEAP_ALLOCATE|[EXTERNAL]|Bytes:4
12:25:09.0 (38556998)|HEAP_ALLOCATE|[51]|Bytes:4
12:25:09.0 (38559751)|VARIABLE_ASSIGNMENT|[51]|j|30
12:25:09.0 (38561337)|STATEMENT_EXECUTE|[51]
12:25:09.0 (38562636)|STATEMENT_EXECUTE|[54]
12:25:09.0 (38563550)|STATEMENT_EXECUTE|[55]
12:25:09.0 (38569062)|HEAP_ALLOCATE|[55]|Bytes:2
12:25:09.0 (38576555)|HEAP_ALLOCATE|[55]|Bytes:2
12:25:09.0 (38581554)|HEAP_ALLOCATE|[55]|Bytes:5
12:25:09.0 (38586352)|HEAP_ALLOCATE|[55]|Bytes:2
12:25:09.0 (38593832)|HEAP_ALLOCATE|[55]|Bytes:2
12:25:09.0 (38598955)|HEAP_ALLOCATE|[55]|Bytes:5
12:25:09.0 (38603280)|HEAP_ALLOCATE|[EXTERNAL]|Bytes:4
12:25:09.0 (38606660)|HEAP_ALLOCATE|[51]|Bytes:4
12:25:09.0 (38609290)|VARIABLE_ASSIGNMENT|[51]|j|60
12:25:09.0 (38611045)|HEAP_ALLOCATE|[50]|Bytes:4
12:25:09.0 (38613254)|VARIABLE_ASSIGNMENT|[50]|i|24
12:25:09.0 (38615018)|STATEMENT_EXECUTE|[59]
12:25:09.44 (44047748)|SYSTEM_MODE_ENTER|true
12:25:09.44 (44114558)|HEAP_ALLOCATE|[EXTERNAL]|Bytes:8
12:25:09.44 (44123374)|VARIABLE_SCOPE_BEGIN|[88]|this|ApexPage.PageMessagesComponentController|true|false
12:25:09.44 (44146716)|VARIABLE_ASSIGNMENT|[88]|this|{}|0x5184799c
12:25:09.44 (44150762)|VARIABLE_SCOPE_BEGIN|[88]|escape|Boolean|false|false
12:25:09.44 (44155756)|VARIABLE_ASSIGNMENT|[88]|escape|null
12:25:09.0 (44565851)|SYSTEM_MODE_ENTER|true
12:25:09.0 (44596308)|HEAP_ALLOCATE|[EXTERNAL]|Bytes:4
12:25:09.0 (44601285)|HEAP_ALLOCATE|[EXTERNAL]|Bytes:80
12:25:09.0 (44613505)|VARIABLE_ASSIGNMENT|[EXTERNAL]|this.selectedTime3|"8:00"|0x76b77b07
12:25:09.0 (44674429)|SYSTEM_MODE_ENTER|true
12:25:09.0 (44719586)|HEAP_ALLOCATE|[EXTERNAL]|Bytes:80
12:25:09.0 (44781198)|VARIABLE_ASSIGNMENT|[EXTERNAL]|this|{"delToHub":true,"delToProj":false,"detail":"0x27339511","invoked":false,"rejected":false,"reserved":false,"selectedTime3":"8:00","sublocations1":"0x7b917955","www":"0x12211d96","wwwById":"0x5f033396"}|0x76b77b07
12:25:09.0 (44790550)|STATEMENT_EXECUTE|[3]
12:25:09.0 (44794295)|STATEMENT_EXECUTE|[4]
12:25:09.0 (44796382)|STATEMENT_EXECUTE|[9]
12:25:09.0 (45445241)|SYSTEM_MODE_ENTER|true
12:25:09.0 (45469008)|HEAP_ALLOCATE|[EXTERNAL]|Bytes:80
12:25:09.0 (45516843)|VARIABLE_ASSIGNMENT|[EXTERNAL]|this|{"delToHub":true,"delToProj":false,"detail":"0x27339511","invoked":false,"rejected":false,"reserved":false,"selectedTime3":"8:00","sublocations1":"0x7b917955","www":"0x12211d96","wwwById":"0x5f033396"}|0x76b77b07
12:25:09.0 (45524213)|STATEMENT_EXECUTE|[204]
12:25:09.0 (45526838)|STATEMENT_EXECUTE|[205]
12:25:09.0 (45528140)|STATEMENT_EXECUTE|[208]
12:25:09.0 (45570503)|SYSTEM_MODE_ENTER|true
12:25:09.0 (45587334)|HEAP_ALLOCATE|[EXTERNAL]|Bytes:80
12:25:09.0 (45625606)|VARIABLE_ASSIGNMENT|[EXTERNAL]|this|{"delToHub":true,"delToProj":false,"detail":"0x27339511","invoked":false,"rejected":false,"reserved":false,"selectedTime3":"8:00","sublocations1":"0x7b917955","www":"0x12211d96","wwwById":"0x5f033396"}|0x76b77b07
12:25:09.0 (45632638)|STATEMENT_EXECUTE|[220]
12:25:09.0 (45635570)|STATEMENT_EXECUTE|[221]
12:25:09.0 (45637124)|STATEMENT_EXECUTE|[224]
12:25:09.0 (45699460)|SYSTEM_MODE_ENTER|true
12:25:09.0 (45719474)|HEAP_ALLOCATE|[EXTERNAL]|Bytes:80
12:25:09.0 (45758315)|VARIABLE_ASSIGNMENT|[EXTERNAL]|this|{"delToHub":true,"delToProj":false,"detail":"0x27339511","invoked":false,"rejected":false,"reserved":false,"selectedTime3":"8:00","sublocations1":"0x7b917955","www":"0x12211d96","wwwById":"0x5f033396"}|0x76b77b07
12:25:09.0 (45763625)|STATEMENT_EXECUTE|[212]
12:25:09.0 (45765769)|STATEMENT_EXECUTE|[213]
12:25:09.0 (45766874)|STATEMENT_EXECUTE|[216]
12:25:09.0 (45805276)|SYSTEM_MODE_ENTER|true
12:25:09.0 (45821337)|HEAP_ALLOCATE|[EXTERNAL]|Bytes:80
12:25:09.0 (45854971)|VARIABLE_ASSIGNMENT|[EXTERNAL]|this|{"delToHub":true,"delToProj":false,"detail":"0x27339511","invoked":false,"rejected":false,"reserved":false,"selectedTime3":"8:00","sublocations1":"0x7b917955","www":"0x12211d96","wwwById":"0x5f033396"}|0x76b77b07
12:25:09.0 (45860190)|STATEMENT_EXECUTE|[21]
12:25:09.0 (45862429)|STATEMENT_EXECUTE|[22]
12:25:09.0 (45863610)|STATEMENT_EXECUTE|[26]
12:25:09.0 (46598393)|HEAP_ALLOCATE|[EXTERNAL]|Bytes:80
12:25:09.0 (46608217)|VARIABLE_SCOPE_BEGIN|[245]|this|NewDeliveredExtension|true|false
12:25:09.0 (46650342)|VARIABLE_ASSIGNMENT|[245]|this|{"delToHub":true,"delToProj":false,"detail":"0x27339511","invoked":false,"rejected":false,"reserved":false,"selectedTime3":"8:00","sublocations1":"0x7b917955","www":"0x12211d96","wwwById":"0x5f033396"}|0x76b77b07
12:25:09.0 (46658206)|STATEMENT_EXECUTE|[245]
12:25:09.0 (46664572)|STATEMENT_EXECUTE|[246]
12:25:09.0 (46669806)|HEAP_ALLOCATE|[246]|Bytes:4
12:25:09.0 (46792923)|VARIABLE_ASSIGNMENT|[EXTERNAL]|this|{"delToHub":true,"delToProj":false,"detail":"0x27339511","invoked":false,"rejected":false,"reserved":false,"selectedTime3":"8:00","sublocations1":"0x7b917955","www":"0x12211d96","wwwById":"0x5f033396"}|0x76b77b07
12:25:09.0 (46819638)|HEAP_ALLOCATE|[EXTERNAL]|Bytes:4
12:25:09.0 (46828267)|VARIABLE_ASSIGNMENT|[EXTERNAL]|value|[]|0x6b04ff09
12:25:09.0 (46839512)|VARIABLE_ASSIGNMENT|[185]|this.sublocations1|[]|0x76b77b07
12:25:09.0 (46847107)|STATEMENT_EXECUTE|[247]
12:25:09.0 (46851187)|HEAP_ALLOCATE|[247]|Bytes:4
12:25:09.0 (46868124)|VARIABLE_SCOPE_BEGIN|[247]|options|List<NewDeliveredExtension.SubLocation>|true|false
12:25:09.0 (46876114)|HEAP_ALLOCATE|[EXTERNAL]|Bytes:4
12:25:09.0 (46880581)|VARIABLE_ASSIGNMENT|[247]|options|[]|0x4fc0384
12:25:09.0 (46883148)|STATEMENT_EXECUTE|[248]
12:25:09.0 (46886260)|HEAP_ALLOCATE|[248]|Bytes:18
12:25:09.0 (46947171)|VARIABLE_ASSIGNMENT|[EXTERNAL]|this|{"delToHub":true,"delToProj":false,"detail":"0x27339511","invoked":false,"rejected":false,"reserved":false,"selectedTime3":"8:00","sublocations1":"0x6b04ff09","www":"0x12211d96","wwwById":"0x5f033396"}|0x76b77b07
12:25:09.0 (46954043)|STATEMENT_EXECUTE|[3]
12:25:09.0 (46957256)|STATEMENT_EXECUTE|[4]
12:25:09.0 (46959221)|STATEMENT_EXECUTE|[9]
12:25:09.0 (47038285)|HEAP_ALLOCATE|[248]|Bytes:18
12:25:09.0 (47053945)|HEAP_ALLOCATE|[248]|Bytes:36
12:25:09.0 (47082313)|USER_DEBUG|[248]|DEBUG|detail.Location__ca0B0E0000009MiwUAE
12:25:09.0 (47143363)|VARIABLE_ASSIGNMENT|[EXTERNAL]|this|{"delToHub":true,"delToProj":false,"detail":"0x27339511","invoked":false,"rejected":false,"reserved":false,"selectedTime3":"8:00","sublocations1":"0x6b04ff09","www":"0x12211d96","wwwById":"0x5f033396"}|0x76b77b07
12:25:09.0 (47148053)|STATEMENT_EXECUTE|[3]
12:25:09.0 (47150382)|STATEMENT_EXECUTE|[4]
12:25:09.0 (47151733)|STATEMENT_EXECUTE|[9]
12:25:09.0 (47160992)|STATEMENT_EXECUTE|[250]
12:25:09.0 (47165652)|HEAP_ALLOCATE|[251]|Bytes:68
12:25:09.0 (47176747)|HEAP_ALLOCATE|[251]|Bytes:4
12:25:09.0 (47189496)|HEAP_ALLOCATE|[251]|Bytes:7
12:25:09.0 (47238342)|VARIABLE_ASSIGNMENT|[EXTERNAL]|this|{"delToHub":true,"delToProj":false,"detail":"0x27339511","invoked":false,"rejected":false,"reserved":false,"selectedTime3":"8:00","sublocations1":"0x6b04ff09","www":"0x12211d96","wwwById":"0x5f033396"}|0x76b77b07
12:25:09.0 (47242217)|STATEMENT_EXECUTE|[3]
12:25:09.0 (47244152)|STATEMENT_EXECUTE|[4]
12:25:09.0 (47245232)|STATEMENT_EXECUTE|[9]
12:25:09.0 (47687476)|SOQL_EXECUTE_BEGIN|[251]|Aggregations:0|SELECT Name, Id FROM Location__c 
12:25:09.0 (50272785)|SOQL_EXECUTE_END|[251]|Rows:1
12:25:09.0 (50289499)|HEAP_ALLOCATE|[EXTERNAL]|Bytes:8
12:25:09.0 (50431354)|HEAP_ALLOCATE|[251]|Bytes:49
12:25:09.0 (50438126)|HEAP_ALLOCATE|[251]|Bytes:8
12:25:09.0 (50446940)|SYSTEM_METHOD_ENTRY|[7]|QueryLocatorIterator.QueryLocatorIterator()
12:25:09.0 (50449519)|STATEMENT_EXECUTE|[7]
12:25:09.0 (50457265)|SYSTEM_METHOD_EXIT|[7]|QueryLocatorIterator
12:25:09.0 (50463726)|HEAP_ALLOCATE|[251]|Bytes:28
12:25:09.0 (50518424)|HEAP_ALLOCATE|[251]|Bytes:8
12:25:09.0 (50530445)|HEAP_ALLOCATE|[251]|Bytes:8
12:25:09.0 (50532113)|HEAP_ALLOCATE|[251]|Bytes:8
12:25:09.0 (50536561)|VARIABLE_SCOPE_BEGIN|[15]|this|Database.QueryLocatorIterator|true|false
12:25:09.0 (50554540)|VARIABLE_ASSIGNMENT|[15]|this|{}|0x4b7aeca5
12:25:09.0 (50557127)|VARIABLE_SCOPE_BEGIN|[15]|values|List<SObject>|true|false
12:25:09.0 (50570582)|VARIABLE_ASSIGNMENT|[15]|values|[{"Name":"27I3A","Id":"a0B0E0000009WnWUAU","RecordTypeId":"01224000000B1zdAAC"}]|0xb4f9de5
12:25:09.0 (50572740)|VARIABLE_SCOPE_BEGIN|[15]|ql|Database.QueryLocator|true|false
12:25:09.0 (50582856)|VARIABLE_ASSIGNMENT|[15]|ql|{"query":"SELECT Name, Id FROM (48 more) ..."}|0xdc6f64a
12:25:09.0 (50584728)|VARIABLE_SCOPE_BEGIN|[15]|totalNumRecords|Integer|false|false
12:25:09.0 (50587763)|VARIABLE_ASSIGNMENT|[15]|totalNumRecords|1
12:25:09.0 (50589573)|VARIABLE_SCOPE_BEGIN|[15]|queryMoreSize|Integer|false|false
12:25:09.0 (50597504)|VARIABLE_ASSIGNMENT|[15]|queryMoreSize|49999
12:25:09.0 (50674631)|HEAP_ALLOCATE|[251]|Bytes:28
12:25:09.0 (50693797)|METHOD_ENTRY|[251]||Database.QueryLocatorIterator.hasNext()
12:25:09.0 (50750607)|METHOD_EXIT|[251]||Database.QueryLocatorIterator.hasNext()
12:25:09.0 (50757114)|METHOD_ENTRY|[251]||Database.QueryLocatorIterator.next()
12:25:09.0 (50831164)|METHOD_EXIT|[251]||Database.QueryLocatorIterator.next()
12:25:09.0 (50838786)|VARIABLE_SCOPE_BEGIN|[251]|loc|Location__c|true|false
12:25:09.0 (50849932)|VARIABLE_ASSIGNMENT|[251]|loc|{"Name":"27I3A","Id":"a0B0E0000009WnWUAU","RecordTypeId":"01224000000B1zdAAC"}|0x1a1c68c2
12:25:09.0 (50853548)|STATEMENT_EXECUTE|[251]
12:25:09.0 (50855010)|STATEMENT_EXECUTE|[252]
12:25:09.0 (50910986)|VARIABLE_ASSIGNMENT|[EXTERNAL]|this|{"delToHub":true,"delToProj":false,"detail":"0x27339511","invoked":false,"rejected":false,"reserved":false,"selectedTime3":"8:00","sublocations1":"0x6b04ff09","www":"0x12211d96","wwwById":"0x5f033396"}|0x76b77b07
12:25:09.0 (50916194)|STATEMENT_EXECUTE|[186]
12:25:09.0 (50918693)|STATEMENT_EXECUTE|[187]
12:25:09.0 (50919866)|STATEMENT_EXECUTE|[190]
12:25:09.0 (50932070)|HEAP_ALLOCATE|[252]|Bytes:112
12:25:09.0 (50936066)|HEAP_ALLOCATE|[252]|Bytes:11
12:25:09.0 (50941585)|HEAP_ALLOCATE|[252]|Bytes:12
12:25:09.0 (50953163)|CONSTRUCTOR_ENTRY|[252]|01p2400000DUtXT|<init>(Boolean,Location__c)
12:25:09.0 (50965196)|VARIABLE_SCOPE_BEGIN|[530]|this|NewDeliveredExtension.SubLocation|true|false
12:25:09.0 (50976330)|VARIABLE_ASSIGNMENT|[530]|this|{}|0x6dcb7ed1
12:25:09.0 (50982351)|VARIABLE_SCOPE_BEGIN|[530]|isChecked|Boolean|false|false
12:25:09.0 (50985461)|VARIABLE_ASSIGNMENT|[530]|isChecked|false
12:25:09.0 (50987577)|VARIABLE_SCOPE_BEGIN|[530]|sub|Location__c|true|false
12:25:09.0 (50993569)|VARIABLE_ASSIGNMENT|[530]|sub|{"Name":"27I3A","Id":"a0B0E0000009WnWUAU","RecordTypeId":"01224000000B1zdAAC"}|0x1a1c68c2
12:25:09.0 (50996722)|STATEMENT_EXECUTE|[527]
12:25:09.0 (50997938)|STATEMENT_EXECUTE|[528]
12:25:09.0 (50999173)|STATEMENT_EXECUTE|[529]
12:25:09.0 (51008601)|STATEMENT_EXECUTE|[530]
12:25:09.0 (51010601)|STATEMENT_EXECUTE|[531]
12:25:09.0 (51058716)|VARIABLE_ASSIGNMENT|[EXTERNAL]|this|{}|0x6dcb7ed1
12:25:09.0 (51064567)|VARIABLE_ASSIGNMENT|[EXTERNAL]|value|false
12:25:09.0 (51068759)|HEAP_ALLOCATE|[528]|Bytes:5
12:25:09.0 (51073791)|VARIABLE_ASSIGNMENT|[528]|this.isChecked|false|0x6dcb7ed1
12:25:09.0 (51078950)|STATEMENT_EXECUTE|[532]
12:25:09.0 (51108583)|VARIABLE_ASSIGNMENT|[EXTERNAL]|this|{"isChecked":false}|0x6dcb7ed1
12:25:09.0 (51115953)|VARIABLE_ASSIGNMENT|[EXTERNAL]|value|{"Name":"27I3A","Id":"a0B0E0000009WnWUAU","RecordTypeId":"01224000000B1zdAAC"}|0x1a1c68c2
12:25:09.0 (51122307)|VARIABLE_ASSIGNMENT|[529]|this.sub|{"Name":"27I3A","Id":"a0B0E0000009WnWUAU","RecordTypeId":"01224000000B1zdAAC"}|0x6dcb7ed1
12:25:09.0 (51130657)|CONSTRUCTOR_EXIT|[252]|01p2400000DUtXT|<init>(Boolean,Location__c)
12:25:09.0 (51140336)|HEAP_ALLOCATE|[EXTERNAL]|Bytes:4
12:25:09.0 (51147944)|METHOD_ENTRY|[251]||Database.QueryLocatorIterator.hasNext()
12:25:09.0 (51158141)|METHOD_EXIT|[251]||Database.QueryLocatorIterator.hasNext()
12:25:09.0 (51165709)|VARIABLE_ASSIGNMENT|[251]|loc|null|
12:25:09.63 (63426003)|SYSTEM_MODE_ENTER|true
12:25:09.63 (63478461)|HEAP_ALLOCATE|[EXTERNAL]|Bytes:8
12:25:09.63 (63488081)|VARIABLE_SCOPE_BEGIN|[88]|this|ApexPage.PageMessagesComponentController|true|false
12:25:09.63 (63509477)|VARIABLE_ASSIGNMENT|[88]|this|{}|0x5184799c
12:25:09.63 (63512529)|VARIABLE_SCOPE_BEGIN|[88]|escape|Boolean|false|false
12:25:09.63 (63516037)|VARIABLE_ASSIGNMENT|[88]|escape|null
12:25:09.63 (63614838)|SYSTEM_MODE_ENTER|true
12:25:09.63 (63651633)|HEAP_ALLOCATE|[EXTERNAL]|Bytes:8
12:25:09.63 (63658447)|VARIABLE_SCOPE_BEGIN|[2]|this|ApexPage.PageMessagesComponentController|true|false
12:25:09.63 (63682412)|VARIABLE_ASSIGNMENT|[2]|this|{}|0x5184799c
12:25:09.0 (63983018)|SYSTEM_MODE_ENTER|true
12:25:09.0 (64006361)|HEAP_ALLOCATE|[EXTERNAL]|Bytes:80
12:25:09.0 (64052489)|VARIABLE_ASSIGNMENT|[EXTERNAL]|this|{"delToHub":true,"delToProj":false,"detail":"0x27339511","invoked":false,"rejected":false,"reserved":false,"selectedTime3":"8:00","sublocations1":"0x6b04ff09","www":"0x12211d96","wwwById":"0x5f033396"}|0x76b77b07
12:25:09.0 (64059130)|STATEMENT_EXECUTE|[196]
12:25:09.0 (64061719)|STATEMENT_EXECUTE|[197]
12:25:09.0 (64062941)|STATEMENT_EXECUTE|[200]
12:25:09.0 (64107411)|SYSTEM_MODE_ENTER|true
12:25:09.0 (64124511)|HEAP_ALLOCATE|[EXTERNAL]|Bytes:80
12:25:09.0 (64161691)|VARIABLE_ASSIGNMENT|[EXTERNAL]|this|{"delToHub":true,"delToProj":false,"detail":"0x27339511","invoked":false,"rejected":false,"reserved":false,"selectedTime3":"8:00","sublocations1":"0x6b04ff09","www":"0x12211d96","wwwById":"0x5f033396"}|0x76b77b07
12:25:09.0 (64166869)|STATEMENT_EXECUTE|[229]
12:25:09.0 (64169268)|STATEMENT_EXECUTE|[230]
12:25:09.0 (64170610)|STATEMENT_EXECUTE|[233]
12:25:09.0 (64227295)|SYSTEM_MODE_ENTER|true
12:25:09.0 (64244142)|HEAP_ALLOCATE|[EXTERNAL]|Bytes:80
12:25:09.0 (64279457)|VARIABLE_ASSIGNMENT|[EXTERNAL]|this|{"delToHub":true,"delToProj":false,"detail":"0x27339511","invoked":false,"rejected":false,"reserved":false,"selectedTime3":"8:00","sublocations1":"0x6b04ff09","www":"0x12211d96","wwwById":"0x5f033396"}|0x76b77b07
12:25:09.0 (64283882)|STATEMENT_EXECUTE|[3]
12:25:09.0 (64285837)|STATEMENT_EXECUTE|[4]
12:25:09.0 (64286980)|STATEMENT_EXECUTE|[9]
12:25:09.0 (72400084)|SYSTEM_MODE_ENTER|true
12:25:09.0 (72425445)|HEAP_ALLOCATE|[EXTERNAL]|Bytes:80
12:25:09.0 (72472403)|VARIABLE_ASSIGNMENT|[EXTERNAL]|this|{"delToHub":true,"delToProj":false,"detail":"0x27339511","invoked":false,"rejected":false,"reserved":false,"selectedTime3":"8:00","sublocations1":"0x6b04ff09","www":"0x12211d96","wwwById":"0x5f033396"}|0x76b77b07
12:25:09.0 (72479708)|STATEMENT_EXECUTE|[186]
12:25:09.0 (72482966)|STATEMENT_EXECUTE|[187]
12:25:09.0 (72484300)|STATEMENT_EXECUTE|[190]
12:25:09.0 (72980921)|SYSTEM_MODE_ENTER|true
12:25:09.0 (73003919)|HEAP_ALLOCATE|[EXTERNAL]|Bytes:80
12:25:09.0 (73049266)|VARIABLE_ASSIGNMENT|[EXTERNAL]|this|{"delToHub":true,"delToProj":false,"detail":"0x27339511","invoked":false,"rejected":false,"reserved":false,"selectedTime3":"8:00","sublocations1":"0x6b04ff09","www":"0x12211d96","wwwById":"0x5f033396"}|0x76b77b07
12:25:09.0 (73056098)|STATEMENT_EXECUTE|[204]
12:25:09.0 (73058747)|STATEMENT_EXECUTE|[205]
12:25:09.0 (73060101)|STATEMENT_EXECUTE|[208]
12:25:09.0 (73104109)|SYSTEM_MODE_ENTER|true
12:25:09.0 (73121329)|HEAP_ALLOCATE|[EXTERNAL]|Bytes:80
12:25:09.0 (73167625)|VARIABLE_ASSIGNMENT|[EXTERNAL]|this|{"delToHub":true,"delToProj":false,"detail":"0x27339511","invoked":false,"rejected":false,"reserved":false,"selectedTime3":"8:00","sublocations1":"0x6b04ff09","www":"0x12211d96","wwwById":"0x5f033396"}|0x76b77b07
12:25:09.0 (73176493)|STATEMENT_EXECUTE|[220]
12:25:09.0 (73179853)|STATEMENT_EXECUTE|[221]
12:25:09.0 (73181587)|STATEMENT_EXECUTE|[224]
12:25:09.0 (73236839)|SYSTEM_MODE_ENTER|true
12:25:09.0 (73255516)|HEAP_ALLOCATE|[EXTERNAL]|Bytes:80
12:25:09.0 (73293140)|VARIABLE_ASSIGNMENT|[EXTERNAL]|this|{"delToHub":true,"delToProj":false,"detail":"0x27339511","invoked":false,"rejected":false,"reserved":false,"selectedTime3":"8:00","sublocations1":"0x6b04ff09","www":"0x12211d96","wwwById":"0x5f033396"}|0x76b77b07
12:25:09.0 (73298822)|STATEMENT_EXECUTE|[212]
12:25:09.0 (73300927)|STATEMENT_EXECUTE|[213]
12:25:09.0 (73302045)|STATEMENT_EXECUTE|[216]
12:25:09.0 (73361616)|SYSTEM_MODE_ENTER|true
12:25:09.0 (73378302)|HEAP_ALLOCATE|[EXTERNAL]|Bytes:80
12:25:09.0 (73414363)|VARIABLE_ASSIGNMENT|[EXTERNAL]|this|{"delToHub":true,"delToProj":false,"detail":"0x27339511","invoked":false,"rejected":false,"reserved":false,"selectedTime3":"8:00","sublocations1":"0x6b04ff09","www":"0x12211d96","wwwById":"0x5f033396"}|0x76b77b07
12:25:09.0 (73420617)|STATEMENT_EXECUTE|[21]
12:25:09.0 (73422690)|STATEMENT_EXECUTE|[22]
12:25:09.0 (73424091)|STATEMENT_EXECUTE|[26]
12:25:09.0 (77758691)|VF_SERIALIZE_VIEWSTATE_BEGIN|06624000003h0Dg
12:25:09.0 (82139810)|VF_SERIALIZE_VIEWSTATE_END
12:25:09.84 (84248090)|CUMULATIVE_LIMIT_USAGE
12:25:09.84 (84248090)|LIMIT_USAGE_FOR_NS|(default)|
  Number of SOQL queries: 1 out of 100
  Number of query rows: 1 out of 50000
  Number of SOSL queries: 0 out of 20
  Number of DML statements: 0 out of 150
  Number of DML rows: 0 out of 10000
  Maximum CPU time: 0 out of 10000
  Maximum heap size: 0 out of 6000000
  Number of callouts: 0 out of 100
  Number of Email Invocations: 0 out of 10
  Number of future calls: 0 out of 50
  Number of queueable jobs added to the queue: 0 out of 50
  Number of Mobile Apex push calls: 0 out of 10

12:25:09.84 (84248090)|CUMULATIVE_LIMIT_USAGE_END

12:25:09.0 (84286834)|CODE_UNIT_FINISHED|VF: /apex/New_delivered_detail
12:25:09.0 (85018594)|EXECUTION_FINISHED
