38.0 APEX_CODE,FINEST;APEX_PROFILING,INFO;CALLOUT,INFO;DB,INFO;SYSTEM,DEBUG;VALIDATION,INFO;VISUALFORCE,INFO;WAVE,INFO;WORKFLOW,INFO
15:25:58.0 (319421)|USER_INFO|[EXTERNAL]|00524000001e3Uj|bedrijfsbureau@gsa.nl.sandbox|Midden-Europese standaardtijd|GMT+01:00
15:25:58.0 (346067)|EXECUTION_STARTED
15:25:58.0 (349295)|CODE_UNIT_STARTED|[EXTERNAL]|06624000003h0Dg|VF: /apex/New_delivered_detail
15:25:58.0 (15959050)|SYSTEM_MODE_ENTER|true
15:25:58.0 (16333883)|HEAP_ALLOCATE|[72]|Bytes:3
15:25:58.0 (16362414)|HEAP_ALLOCATE|[77]|Bytes:152
15:25:58.0 (16377259)|HEAP_ALLOCATE|[342]|Bytes:408
15:25:58.0 (16391035)|HEAP_ALLOCATE|[355]|Bytes:408
15:25:58.0 (16404525)|HEAP_ALLOCATE|[467]|Bytes:48
15:25:58.0 (16428542)|HEAP_ALLOCATE|[139]|Bytes:6
15:25:58.0 (16441323)|HEAP_ALLOCATE|[EXTERNAL]|Bytes:11
15:25:58.0 (16446177)|HEAP_ALLOCATE|[EXTERNAL]|Bytes:408
15:25:58.0 (16448704)|HEAP_ALLOCATE|[EXTERNAL]|Bytes:120
15:25:58.0 (16456243)|HEAP_ALLOCATE|[EXTERNAL]|Bytes:116
15:25:58.0 (16463416)|METHOD_ENTRY|[1]|01p2400000DUtXT|NewDeliveredExtension.NewDeliveredExtension()
15:25:58.0 (16467503)|STATEMENT_EXECUTE|[1]
15:25:58.0 (16471568)|STATEMENT_EXECUTE|[1]
15:25:58.0 (16472765)|STATEMENT_EXECUTE|[542]
15:25:58.0 (16476583)|METHOD_EXIT|[1]|NewDeliveredExtension
15:25:58.0 (16752555)|HEAP_ALLOCATE|[EXTERNAL]|Bytes:80
15:25:58.0 (16767042)|VARIABLE_SCOPE_BEGIN|[163]|this|NewDeliveredExtension|true|false
15:25:58.0 (16877706)|VARIABLE_ASSIGNMENT|[163]|this|{}|0x34d6354e
15:25:58.0 (16882031)|VARIABLE_SCOPE_BEGIN|[163]|controller|ApexPages.StandardController|true|false
15:25:58.0 (17071509)|VARIABLE_ASSIGNMENT|[163]|controller|"StandardController [null]"|0x234b1218
15:25:58.0 (17084124)|STATEMENT_EXECUTE|[1]
15:25:58.0 (17086409)|STATEMENT_EXECUTE|[2]
15:25:58.0 (17087999)|STATEMENT_EXECUTE|[20]
15:25:58.0 (17089546)|STATEMENT_EXECUTE|[61]
15:25:58.0 (17090945)|STATEMENT_EXECUTE|[69]
15:25:58.0 (17092379)|STATEMENT_EXECUTE|[77]
15:25:58.0 (17094048)|STATEMENT_EXECUTE|[85]
15:25:58.0 (17095465)|STATEMENT_EXECUTE|[93]
15:25:58.0 (17096948)|STATEMENT_EXECUTE|[101]
15:25:58.0 (17098469)|STATEMENT_EXECUTE|[123]
15:25:58.0 (17105714)|HEAP_ALLOCATE|[123]|Bytes:4
15:25:58.0 (17117486)|HEAP_ALLOCATE|[123]|Bytes:258
15:25:58.0 (17123821)|HEAP_ALLOCATE|[123]|Bytes:4
15:25:58.0 (17166846)|HEAP_ALLOCATE|[50]|Bytes:5
15:25:58.0 (17189655)|HEAP_ALLOCATE|[56]|Bytes:5
15:25:58.0 (17199413)|HEAP_ALLOCATE|[64]|Bytes:7
15:25:58.0 (18097202)|SOQL_EXECUTE_BEGIN|[123]|Aggregations:0|SELECT Id, Project__c, Item__c, Actueel_aantal_palletplaatsenworkflow__c, Ticket_Number_ILIPS__c, Filecardnumber__c, Projectmember__c, Hub_Building_Site__c, Actueel_aantal_palletplaatsen__c, Supplier__c, Name FROM WWW__c ORDER BY CreatedDate DESC NULLS FIRST
15:25:58.0 (24962714)|SOQL_EXECUTE_END|[123]|Rows:5
15:25:58.0 (24980221)|HEAP_ALLOCATE|[123]|Bytes:24
15:25:58.0 (25010302)|HEAP_ALLOCATE|[123]|Bytes:1105
15:25:58.0 (25053847)|HEAP_ALLOCATE|[123]|Bytes:24
15:25:58.0 (25101117)|HEAP_ALLOCATE|[123]|Bytes:28
15:25:58.0 (25110182)|HEAP_ALLOCATE|[123]|Bytes:4
15:25:58.0 (25117440)|HEAP_ALLOCATE|[123]|Bytes:28
15:25:58.0 (25120698)|HEAP_ALLOCATE|[123]|Bytes:4
15:25:58.0 (25130823)|HEAP_ALLOCATE|[123]|Bytes:28
15:25:58.0 (25134379)|HEAP_ALLOCATE|[123]|Bytes:4
15:25:58.0 (25139545)|HEAP_ALLOCATE|[123]|Bytes:28
15:25:58.0 (25142618)|HEAP_ALLOCATE|[123]|Bytes:4
15:25:58.0 (25147380)|HEAP_ALLOCATE|[123]|Bytes:28
15:25:58.0 (25150416)|HEAP_ALLOCATE|[123]|Bytes:4
15:25:58.0 (25208144)|VARIABLE_ASSIGNMENT|[123]|this.wwwById|{"a0t0E0000004UUSQA2":{"Id":"a0t0E0000004UUSQA2","Project__c":"a0q0E0000008ahlQAA","Item__c":"a0A0E0000001PilUAE","Hub_Building_Site__c":"a020E000000zEM2QAM","Actueel_aantal_palle (12 more) ...":0,"Name":"WWW-13541"},"a0t0E0000004UUNQA2":{"Id":"a0t0E0000004UUNQA2","Project__c":"a0q0E0000008S3WQAU","Item__c":"a0A0E0000001PiqUAE","Hub_Building_Site__c":"a020E000000zFeUQAU","Actueel_aantal_palle (12 more) ...":0,"Name":"WWW-13540"},"a0t0E0000004NFcQAM":{"Id":"a0t0E0000004NFcQAM","Project__c":"a0q0E0000008S3bQAE","Item__c":"a0A0E0000001Pj0UAE","Hub_Building_Site__c":"a020E000000zEM2QAM","Actueel_aantal_palle (12 more) ...":0,"Name":"WWW-13490"},"a0t0E0000004NFXQA2":{"Id":"a0t0E0000004NFXQA2","Project__c":"a0q0E0000008S3WQAU","Item__c":"a0A0E0000001PiqUAE","Hub_Building_Site__c":"a020E000000zEM2QAM","Actueel_aantal_palle (12 more) ...":0,"Name":"WWW-13489"},"a0t0E0000004NFNQA2":{"Id":"a0t0E0000004NFNQA2","Project__c":"a0q0E0000008S3WQAU","Item__c":"a0A0E0000001PilUAE","Hub_Building_Site__c":"a020E000000zEM2QAM","Actueel_aantal_palle (12 more) ...":0,"Name":"WWW-13487"}}|0x34d6354e
15:25:58.0 (25217934)|STATEMENT_EXECUTE|[155]
15:25:58.0 (25223879)|STATEMENT_EXECUTE|[156]
15:25:58.0 (25225031)|STATEMENT_EXECUTE|[184]
15:25:58.0 (25226315)|STATEMENT_EXECUTE|[185]
15:25:58.0 (25227319)|STATEMENT_EXECUTE|[195]
15:25:58.0 (25228393)|STATEMENT_EXECUTE|[203]
15:25:58.0 (25229430)|STATEMENT_EXECUTE|[211]
15:25:58.0 (25230363)|STATEMENT_EXECUTE|[219]
15:25:58.0 (25231372)|STATEMENT_EXECUTE|[228]
15:25:58.0 (25232421)|STATEMENT_EXECUTE|[236]
15:25:58.0 (25240383)|HEAP_ALLOCATE|[123]|Bytes:6
15:25:58.0 (25264084)|STATEMENT_EXECUTE|[163]
15:25:58.0 (25265423)|STATEMENT_EXECUTE|[164]
15:25:58.0 (25313812)|HEAP_ALLOCATE|[164]|Bytes:58
15:25:58.0 (25357154)|HEAP_ALLOCATE|[164]|Bytes:28
15:25:58.0 (25371351)|HEAP_ALLOCATE|[164]|Bytes:10
15:25:58.0 (25398564)|HEAP_ALLOCATE|[164]|Bytes:4
15:25:58.0 (25449813)|VARIABLE_ASSIGNMENT|[EXTERNAL]|this|{"wwwById":"0x7674742a"}|0x34d6354e
15:25:58.0 (25453701)|STATEMENT_EXECUTE|[3]
15:25:58.0 (25457790)|STATEMENT_EXECUTE|[4]
15:25:58.0 (25458954)|STATEMENT_EXECUTE|[5]
15:25:58.0 (25475671)|HEAP_ALLOCATE|[5]|Bytes:4
15:25:58.0 (25563234)|VARIABLE_ASSIGNMENT|[5]|this.detail|{}|0x34d6354e
15:25:58.0 (25566139)|STATEMENT_EXECUTE|[6]
15:25:58.0 (25619375)|VARIABLE_ASSIGNMENT|[EXTERNAL]|this|{"detail":"0x18e3cf8","wwwById":"0x7674742a"}|0x34d6354e
15:25:58.0 (25623029)|STATEMENT_EXECUTE|[21]
15:25:58.0 (25625695)|STATEMENT_EXECUTE|[22]
15:25:58.0 (25626833)|STATEMENT_EXECUTE|[23]
15:25:58.0 (25636148)|HEAP_ALLOCATE|[23]|Bytes:4
15:25:58.0 (25679785)|VARIABLE_ASSIGNMENT|[23]|this.www|{}|0x34d6354e
15:25:58.0 (25682626)|STATEMENT_EXECUTE|[26]
15:25:58.0 (25912151)|VARIABLE_ASSIGNMENT|[6]|this.WWW__c|null|0x18e3cf8
15:25:58.0 (25915675)|STATEMENT_EXECUTE|[7]
15:25:58.0 (25977375)|VARIABLE_ASSIGNMENT|[EXTERNAL]|this|{"detail":"0x18e3cf8","www":"0x502d3548","wwwById":"0x7674742a"}|0x34d6354e
15:25:58.0 (26043196)|VARIABLE_ASSIGNMENT|[7]|this.Project__c|null|0x18e3cf8
15:25:58.0 (26047501)|STATEMENT_EXECUTE|[9]
15:25:58.0 (26132905)|VARIABLE_ASSIGNMENT|[164]|this.RecordTypeId|"01224000000Sn4MAAS"|0x18e3cf8
15:25:58.0 (26136719)|STATEMENT_EXECUTE|[165]
15:25:58.0 (26194061)|VARIABLE_ASSIGNMENT|[EXTERNAL]|this|{"detail":"0x18e3cf8","www":"0x502d3548","wwwById":"0x7674742a"}|0x34d6354e
15:25:58.0 (26198034)|STATEMENT_EXECUTE|[3]
15:25:58.0 (26200978)|STATEMENT_EXECUTE|[4]
15:25:58.0 (26202595)|STATEMENT_EXECUTE|[9]
15:25:58.0 (26247294)|USER_DEBUG|[165]|DEBUG|01224000000Sn4MAAS
15:25:58.0 (26253163)|STATEMENT_EXECUTE|[166]
15:25:58.0 (26297320)|HEAP_ALLOCATE|[166]|Bytes:4
15:25:58.0 (26302442)|HEAP_ALLOCATE|[166]|Bytes:82
15:25:58.0 (26305610)|HEAP_ALLOCATE|[166]|Bytes:4
15:25:58.0 (26484275)|SOQL_EXECUTE_BEGIN|[166]|Aggregations:0|SELECT Id, Name, DeveloperName FROM RecordType WHERE sobjectType = 'WWW_detail__c'
15:25:58.0 (34959030)|SOQL_EXECUTE_END|[166]|Rows:5
15:25:58.0 (34977097)|HEAP_ALLOCATE|[166]|Bytes:24
15:25:58.0 (35000385)|HEAP_ALLOCATE|[166]|Bytes:371
15:25:58.0 (35034346)|HEAP_ALLOCATE|[166]|Bytes:24
15:25:58.0 (35081691)|HEAP_ALLOCATE|[166]|Bytes:16
15:25:58.0 (35089980)|HEAP_ALLOCATE|[166]|Bytes:4
15:25:58.0 (35096668)|HEAP_ALLOCATE|[166]|Bytes:16
15:25:58.0 (35100270)|HEAP_ALLOCATE|[166]|Bytes:4
15:25:58.0 (35104695)|HEAP_ALLOCATE|[166]|Bytes:16
15:25:58.0 (35107980)|HEAP_ALLOCATE|[166]|Bytes:4
15:25:58.0 (35113528)|HEAP_ALLOCATE|[166]|Bytes:16
15:25:58.0 (35118000)|HEAP_ALLOCATE|[166]|Bytes:4
15:25:58.0 (35122270)|HEAP_ALLOCATE|[166]|Bytes:16
15:25:58.0 (35125456)|HEAP_ALLOCATE|[166]|Bytes:4
15:25:58.0 (35132540)|VARIABLE_SCOPE_BEGIN|[166]|recByNames|Map<Id,RecordType>|true|false
15:25:58.0 (35167646)|VARIABLE_ASSIGNMENT|[166]|recByNames|{"01224000000Sn4NAAS":{"Id":"01224000000Sn4NAAS","Name":"Afleveren","DeveloperName":"Delivered_2_Project"},"01224000000Sn4OAAS":{"Id":"01224000000Sn4OAAS","Name":"Afroepen","DeveloperName":"Invoked"},"01224000000Sn4PAAS":{"Id":"01224000000Sn4PAAS","Name":"Afwijzen","DeveloperName":"Rejected"},"01224000000Sn4MAAS":{"Id":"01224000000Sn4MAAS","Name":"Ontvangen","DeveloperName":"Delivered_2_Hub"},"01224000000Sn4QAAS":{"Id":"01224000000Sn4QAAS","Name":"Verwachten","DeveloperName":"Reserved"}}|0x413f4d82
15:25:58.0 (35228317)|VARIABLE_ASSIGNMENT|[EXTERNAL]|this|{"detail":"0x18e3cf8","www":"0x502d3548","wwwById":"0x7674742a"}|0x34d6354e
15:25:58.0 (35232233)|STATEMENT_EXECUTE|[3]
15:25:58.0 (35240364)|STATEMENT_EXECUTE|[4]
15:25:58.0 (35241642)|STATEMENT_EXECUTE|[9]
15:25:58.0 (35251469)|STATEMENT_EXECUTE|[168]
15:25:58.0 (35291274)|VARIABLE_ASSIGNMENT|[EXTERNAL]|this|{"detail":"0x18e3cf8","www":"0x502d3548","wwwById":"0x7674742a"}|0x34d6354e
15:25:58.0 (35294147)|STATEMENT_EXECUTE|[3]
15:25:58.0 (35295837)|STATEMENT_EXECUTE|[4]
15:25:58.0 (35297001)|STATEMENT_EXECUTE|[9]
15:25:58.0 (35341672)|HEAP_ALLOCATE|[169]|Bytes:7
15:25:58.0 (35398977)|VARIABLE_ASSIGNMENT|[EXTERNAL]|this|{"detail":"0x18e3cf8","www":"0x502d3548","wwwById":"0x7674742a"}|0x34d6354e
15:25:58.0 (35402069)|STATEMENT_EXECUTE|[3]
15:25:58.0 (35403810)|STATEMENT_EXECUTE|[4]
15:25:58.0 (35404904)|STATEMENT_EXECUTE|[9]
15:25:58.0 (35422471)|HEAP_ALLOCATE|[171]|Bytes:8
15:25:58.0 (35463362)|VARIABLE_ASSIGNMENT|[EXTERNAL]|this|{"detail":"0x18e3cf8","www":"0x502d3548","wwwById":"0x7674742a"}|0x34d6354e
15:25:58.0 (35466248)|STATEMENT_EXECUTE|[3]
15:25:58.0 (35467755)|STATEMENT_EXECUTE|[4]
15:25:58.0 (35468816)|STATEMENT_EXECUTE|[9]
15:25:58.0 (35482651)|HEAP_ALLOCATE|[173]|Bytes:15
15:25:58.0 (35493269)|STATEMENT_EXECUTE|[173]
15:25:58.0 (35494397)|STATEMENT_EXECUTE|[174]
15:25:58.0 (35556837)|VARIABLE_ASSIGNMENT|[EXTERNAL]|this|{"detail":"0x18e3cf8","www":"0x502d3548","wwwById":"0x7674742a"}|0x34d6354e
15:25:58.0 (35568355)|VARIABLE_ASSIGNMENT|[EXTERNAL]|value|true
15:25:58.0 (35573832)|HEAP_ALLOCATE|[228]|Bytes:5
15:25:58.0 (35580676)|VARIABLE_ASSIGNMENT|[228]|this.delToHub|true|0x34d6354e
15:25:58.0 (35586076)|STATEMENT_EXECUTE|[181]
15:25:58.0 (35621766)|METHOD_ENTRY|[181]|01p2400000DUtXT|NewDeliveredExtension.getProjects()
15:25:58.0 (35636361)|VARIABLE_SCOPE_BEGIN|[139]|this|NewDeliveredExtension|true|false
15:25:58.0 (35665657)|VARIABLE_ASSIGNMENT|[139]|this|{"delToHub":true,"detail":"0x18e3cf8","www":"0x502d3548","wwwById":"0x7674742a"}|0x34d6354e
15:25:58.0 (35670485)|STATEMENT_EXECUTE|[139]
15:25:58.0 (35671611)|STATEMENT_EXECUTE|[141]
15:25:58.0 (35675489)|HEAP_ALLOCATE|[141]|Bytes:4
15:25:58.0 (35697011)|VARIABLE_SCOPE_BEGIN|[141]|options|List<System.SelectOption>|true|false
15:25:58.0 (35720175)|HEAP_ALLOCATE|[EXTERNAL]|Bytes:4
15:25:58.0 (35728789)|VARIABLE_ASSIGNMENT|[141]|options|[]|0x2637dc54
15:25:58.0 (35731030)|STATEMENT_EXECUTE|[142]
15:25:58.0 (35770506)|HEAP_ALLOCATE|[142]|Bytes:4
15:25:58.0 (35774630)|HEAP_ALLOCATE|[142]|Bytes:71
15:25:58.0 (35777414)|HEAP_ALLOCATE|[142]|Bytes:4
15:25:58.0 (35984917)|SOQL_EXECUTE_BEGIN|[142]|Aggregations:0|SELECT Id, Name FROM Projecten__c ORDER BY CreatedDate DESC NULLS FIRST
15:25:58.0 (37115749)|SOQL_EXECUTE_END|[142]|Rows:3
15:25:58.0 (37131586)|HEAP_ALLOCATE|[142]|Bytes:16
15:25:58.0 (37145047)|HEAP_ALLOCATE|[142]|Bytes:126
15:25:58.0 (37180095)|HEAP_ALLOCATE|[142]|Bytes:16
15:25:58.0 (37217115)|HEAP_ALLOCATE|[142]|Bytes:12
15:25:58.0 (37225508)|HEAP_ALLOCATE|[142]|Bytes:4
15:25:58.0 (37237600)|HEAP_ALLOCATE|[142]|Bytes:12
15:25:58.0 (37241375)|HEAP_ALLOCATE|[142]|Bytes:4
15:25:58.0 (37246441)|HEAP_ALLOCATE|[142]|Bytes:12
15:25:58.0 (37249598)|HEAP_ALLOCATE|[142]|Bytes:4
15:25:58.0 (37256214)|VARIABLE_SCOPE_BEGIN|[142]|prById|Map<Id,Projecten__c>|true|false
15:25:58.0 (37276748)|VARIABLE_ASSIGNMENT|[142]|prById|{"a0q0E0000008ahlQAA":{"Id":"a0q0E0000008ahlQAA","Name":"1111"},"a0q0E0000008S3bQAE":{"Id":"a0q0E0000008S3bQAE","Name":"2165103"},"a0q0E0000008S3WQAU":{"Id":"a0q0E0000008S3WQAU","Name":"5700"}}|0x58814aff
15:25:58.0 (37280630)|STATEMENT_EXECUTE|[143]
15:25:58.0 (37283531)|HEAP_ALLOCATE|[143]|Bytes:6
15:25:58.0 (37372536)|HEAP_ALLOCATE|[143]|Bytes:207
15:25:58.0 (37390080)|HEAP_ALLOCATE|[143]|Bytes:213
15:25:58.0 (37406208)|USER_DEBUG|[143]|DEBUG|prById{a0q0E0000008S3WQAU=Projecten__c:{Id=a0q0E0000008S3WQAU, Name=5700}, a0q0E0000008S3bQAE=Projecten__c:{Id=a0q0E0000008S3bQAE, Name=2165103}, a0q0E0000008ahlQAA=Projecten__c:{Id=a0q0E0000008ahlQAA, Name=1111}}
15:25:58.0 (37412879)|STATEMENT_EXECUTE|[144]
15:25:58.0 (37438527)|HEAP_ALLOCATE|[EXTERNAL]|Bytes:16
15:25:58.0 (37447324)|HEAP_ALLOCATE|[144]|Bytes:139
15:25:58.0 (37485101)|HEAP_ALLOCATE|[144]|Bytes:12
15:25:58.0 (37551802)|VARIABLE_ASSIGNMENT|[EXTERNAL]|this|{"delToHub":true,"detail":"0x18e3cf8","www":"0x502d3548","wwwById":"0x7674742a"}|0x34d6354e
15:25:58.0 (37556183)|STATEMENT_EXECUTE|[3]
15:25:58.0 (37558544)|STATEMENT_EXECUTE|[4]
15:25:58.0 (37559662)|STATEMENT_EXECUTE|[9]
15:25:58.0 (37598395)|VARIABLE_ASSIGNMENT|[144]|this.Project__c|"a0q0E0000008ahlQAA"|0x18e3cf8
15:25:58.0 (37620433)|HEAP_ALLOCATE|[EXTERNAL]|Bytes:16
15:25:58.0 (37627994)|HEAP_ALLOCATE|[145]|Bytes:139
15:25:58.0 (37767201)|HEAP_ALLOCATE|[145]|Bytes:5
15:25:58.0 (37778379)|HEAP_ALLOCATE|[145]|Bytes:12
15:25:58.0 (37783919)|VARIABLE_SCOPE_BEGIN|[145]|rec|Projecten__c|true|false
15:25:58.0 (37794857)|VARIABLE_ASSIGNMENT|[145]|rec|{"Id":"a0q0E0000008ahlQAA","Name":"1111"}|0x9651b78
15:25:58.0 (37797827)|STATEMENT_EXECUTE|[145]
15:25:58.0 (37845176)|VARIABLE_ASSIGNMENT|[EXTERNAL]|this|{"delToHub":true,"detail":"0x18e3cf8","www":"0x502d3548","wwwById":"0x7674742a"}|0x34d6354e
15:25:58.0 (37848742)|STATEMENT_EXECUTE|[21]
15:25:58.0 (37850957)|STATEMENT_EXECUTE|[22]
15:25:58.0 (37852044)|STATEMENT_EXECUTE|[26]
15:25:58.0 (37857739)|STATEMENT_EXECUTE|[146]
15:25:58.0 (37858916)|STATEMENT_EXECUTE|[147]
15:25:58.0 (37901130)|VARIABLE_ASSIGNMENT|[EXTERNAL]|this|{"delToHub":true,"detail":"0x18e3cf8","www":"0x502d3548","wwwById":"0x7674742a"}|0x34d6354e
15:25:58.0 (37910052)|STATEMENT_EXECUTE|[21]
15:25:58.0 (37911602)|STATEMENT_EXECUTE|[22]
15:25:58.0 (37912785)|STATEMENT_EXECUTE|[26]
15:25:58.0 (37961815)|VARIABLE_ASSIGNMENT|[147]|this.Project__c|"a0q0E0000008ahlQAA"|0x502d3548
15:25:58.0 (37965058)|STATEMENT_EXECUTE|[150]
15:25:58.0 (37982442)|HEAP_ALLOCATE|[150]|Bytes:18
15:25:58.0 (38053524)|HEAP_ALLOCATE|[EXTERNAL]|Bytes:4
15:25:58.0 (38069152)|HEAP_ALLOCATE|[145]|Bytes:5
15:25:58.0 (38077599)|HEAP_ALLOCATE|[145]|Bytes:12
15:25:58.0 (38086489)|VARIABLE_SCOPE_BEGIN|[145]|rec|Projecten__c|true|false
15:25:58.0 (38096697)|VARIABLE_ASSIGNMENT|[145]|rec|{"Id":"a0q0E0000008S3bQAE","Name":"2165103"}|0x5abd0614
15:25:58.0 (38099574)|STATEMENT_EXECUTE|[145]
15:25:58.0 (38137732)|VARIABLE_ASSIGNMENT|[EXTERNAL]|this|{"delToHub":true,"detail":"0x18e3cf8","www":"0x502d3548","wwwById":"0x7674742a"}|0x34d6354e
15:25:58.0 (38140460)|STATEMENT_EXECUTE|[21]
15:25:58.0 (38142350)|STATEMENT_EXECUTE|[22]
15:25:58.0 (38143504)|STATEMENT_EXECUTE|[26]
15:25:58.0 (38168800)|STATEMENT_EXECUTE|[146]
15:25:58.0 (38170329)|STATEMENT_EXECUTE|[150]
15:25:58.0 (38178591)|HEAP_ALLOCATE|[150]|Bytes:18
15:25:58.0 (38189863)|HEAP_ALLOCATE|[EXTERNAL]|Bytes:4
15:25:58.0 (38198623)|HEAP_ALLOCATE|[145]|Bytes:5
15:25:58.0 (38205543)|HEAP_ALLOCATE|[145]|Bytes:12
15:25:58.0 (38209195)|VARIABLE_SCOPE_BEGIN|[145]|rec|Projecten__c|true|false
15:25:58.0 (38217647)|VARIABLE_ASSIGNMENT|[145]|rec|{"Id":"a0q0E0000008S3WQAU","Name":"5700"}|0x46c49e9c
15:25:58.0 (38219845)|STATEMENT_EXECUTE|[145]
15:25:58.0 (38259142)|VARIABLE_ASSIGNMENT|[EXTERNAL]|this|{"delToHub":true,"detail":"0x18e3cf8","www":"0x502d3548","wwwById":"0x7674742a"}|0x34d6354e
15:25:58.0 (38262140)|STATEMENT_EXECUTE|[21]
15:25:58.0 (38263847)|STATEMENT_EXECUTE|[22]
15:25:58.0 (38264887)|STATEMENT_EXECUTE|[26]
15:25:58.0 (38270591)|STATEMENT_EXECUTE|[146]
15:25:58.0 (38271668)|STATEMENT_EXECUTE|[150]
15:25:58.0 (38277906)|HEAP_ALLOCATE|[150]|Bytes:18
15:25:58.0 (38285975)|HEAP_ALLOCATE|[EXTERNAL]|Bytes:4
15:25:58.0 (38293909)|HEAP_ALLOCATE|[145]|Bytes:5
15:25:58.0 (38301359)|VARIABLE_ASSIGNMENT|[145]|rec|null|
15:25:58.0 (38304116)|STATEMENT_EXECUTE|[152]
15:25:58.0 (38309010)|METHOD_EXIT|[181]|01p2400000DUtXT|NewDeliveredExtension.getProjects()
15:25:58.41 (41476546)|SYSTEM_MODE_ENTER|true
15:25:58.41 (41508031)|HEAP_ALLOCATE|[EXTERNAL]|Bytes:38
15:25:58.41 (41513744)|HEAP_ALLOCATE|[EXTERNAL]|Bytes:7
15:25:58.41 (41522200)|SYSTEM_METHOD_ENTRY|[1]|PageMessagesComponentController.PageMessagesComponentController()
15:25:58.41 (41525266)|STATEMENT_EXECUTE|[1]
15:25:58.41 (41658369)|SYSTEM_MODE_ENTER|true
15:25:58.41 (41702536)|HEAP_ALLOCATE|[EXTERNAL]|Bytes:8
15:25:58.41 (41708061)|VARIABLE_SCOPE_BEGIN|[88]|this|ApexPage.PageMessagesComponentController|true|false
15:25:58.41 (41733976)|VARIABLE_ASSIGNMENT|[88]|this|{}|0x26edaf4f
15:25:58.41 (41736992)|VARIABLE_SCOPE_BEGIN|[88]|escape|Boolean|false|false
15:25:58.41 (41740098)|VARIABLE_ASSIGNMENT|[88]|escape|null
15:25:58.41 (41885078)|SYSTEM_MODE_ENTER|true
15:25:58.41 (41914827)|HEAP_ALLOCATE|[EXTERNAL]|Bytes:8
15:25:58.41 (41919227)|VARIABLE_SCOPE_BEGIN|[2]|this|ApexPage.PageMessagesComponentController|true|false
15:25:58.41 (41934890)|VARIABLE_ASSIGNMENT|[2]|this|{}|0x26edaf4f
15:25:58.0 (42662597)|SYSTEM_MODE_ENTER|true
15:25:58.0 (42693813)|HEAP_ALLOCATE|[EXTERNAL]|Bytes:80
15:25:58.0 (42741691)|VARIABLE_ASSIGNMENT|[EXTERNAL]|this|{"delToHub":true,"detail":"0x18e3cf8","www":"0x502d3548","wwwById":"0x7674742a"}|0x34d6354e
15:25:58.0 (42748248)|STATEMENT_EXECUTE|[196]
15:25:58.0 (42752421)|STATEMENT_EXECUTE|[197]
15:25:58.0 (42753614)|STATEMENT_EXECUTE|[198]
15:25:58.0 (42762415)|HEAP_ALLOCATE|[198]|Bytes:5
15:25:58.0 (42768734)|VARIABLE_ASSIGNMENT|[198]|this.invoked|false|0x34d6354e
15:25:58.0 (42771083)|STATEMENT_EXECUTE|[200]
15:25:58.0 (42834710)|SYSTEM_MODE_ENTER|true
15:25:58.0 (42855460)|HEAP_ALLOCATE|[EXTERNAL]|Bytes:80
15:25:58.0 (42894066)|VARIABLE_ASSIGNMENT|[EXTERNAL]|this|{"delToHub":true,"detail":"0x18e3cf8","invoked":false,"www":"0x502d3548","wwwById":"0x7674742a"}|0x34d6354e
15:25:58.0 (42899425)|STATEMENT_EXECUTE|[229]
15:25:58.0 (42902713)|STATEMENT_EXECUTE|[230]
15:25:58.0 (42903865)|STATEMENT_EXECUTE|[233]
15:25:58.0 (42987879)|SYSTEM_MODE_ENTER|true
15:25:58.0 (43009138)|HEAP_ALLOCATE|[EXTERNAL]|Bytes:80
15:25:58.0 (43046928)|VARIABLE_ASSIGNMENT|[EXTERNAL]|this|{"delToHub":true,"detail":"0x18e3cf8","invoked":false,"www":"0x502d3548","wwwById":"0x7674742a"}|0x34d6354e
15:25:58.0 (43051558)|STATEMENT_EXECUTE|[3]
15:25:58.0 (43053864)|STATEMENT_EXECUTE|[4]
15:25:58.0 (43055135)|STATEMENT_EXECUTE|[9]
15:25:58.0 (46416397)|SYSTEM_MODE_ENTER|true
15:25:58.0 (46446896)|HEAP_ALLOCATE|[EXTERNAL]|Bytes:80
15:25:58.0 (46493051)|VARIABLE_ASSIGNMENT|[EXTERNAL]|this|{"delToHub":true,"detail":"0x18e3cf8","invoked":false,"www":"0x502d3548","wwwById":"0x7674742a"}|0x34d6354e
15:25:58.0 (46500137)|STATEMENT_EXECUTE|[186]
15:25:58.0 (46504181)|STATEMENT_EXECUTE|[187]
15:25:58.0 (46505407)|STATEMENT_EXECUTE|[188]
15:25:58.0 (46509625)|HEAP_ALLOCATE|[188]|Bytes:4
15:25:58.0 (46559964)|HEAP_ALLOCATE|[EXTERNAL]|Bytes:4
15:25:58.0 (46567790)|VARIABLE_ASSIGNMENT|[188]|this.sublocations1|[]|0x34d6354e
15:25:58.0 (46570610)|STATEMENT_EXECUTE|[190]
15:25:58.0 (47089212)|SYSTEM_MODE_ENTER|true
15:25:58.0 (47114988)|HEAP_ALLOCATE|[EXTERNAL]|Bytes:80
15:25:58.0 (47166326)|VARIABLE_ASSIGNMENT|[EXTERNAL]|this|{"delToHub":true,"detail":"0x18e3cf8","invoked":false,"sublocations1":"0x6deedb9a","www":"0x502d3548","wwwById":"0x7674742a"}|0x34d6354e
15:25:58.0 (47173449)|STATEMENT_EXECUTE|[204]
15:25:58.0 (47177061)|STATEMENT_EXECUTE|[205]
15:25:58.0 (47178154)|STATEMENT_EXECUTE|[206]
15:25:58.0 (47183425)|HEAP_ALLOCATE|[206]|Bytes:5
15:25:58.0 (47189438)|VARIABLE_ASSIGNMENT|[206]|this.rejected|false|0x34d6354e
15:25:58.0 (47191519)|STATEMENT_EXECUTE|[208]
15:25:58.0 (47254241)|SYSTEM_MODE_ENTER|true
15:25:58.0 (47275375)|HEAP_ALLOCATE|[EXTERNAL]|Bytes:80
15:25:58.0 (47319326)|VARIABLE_ASSIGNMENT|[EXTERNAL]|this|{"delToHub":true,"detail":"0x18e3cf8","invoked":false,"rejected":false,"sublocations1":"0x6deedb9a","www":"0x502d3548","wwwById":"0x7674742a"}|0x34d6354e
15:25:58.0 (47324693)|STATEMENT_EXECUTE|[220]
15:25:58.0 (47328092)|STATEMENT_EXECUTE|[221]
15:25:58.0 (47329160)|STATEMENT_EXECUTE|[222]
15:25:58.0 (47333557)|HEAP_ALLOCATE|[222]|Bytes:5
15:25:58.0 (47338659)|VARIABLE_ASSIGNMENT|[222]|this.delToProj|false|0x34d6354e
15:25:58.0 (47340290)|STATEMENT_EXECUTE|[224]
15:25:58.0 (47389807)|SYSTEM_MODE_ENTER|true
15:25:58.0 (47407919)|HEAP_ALLOCATE|[EXTERNAL]|Bytes:80
15:25:58.0 (47447025)|VARIABLE_ASSIGNMENT|[EXTERNAL]|this|{"delToHub":true,"delToProj":false,"detail":"0x18e3cf8","invoked":false,"rejected":false,"sublocations1":"0x6deedb9a","www":"0x502d3548","wwwById":"0x7674742a"}|0x34d6354e
15:25:58.0 (47452056)|STATEMENT_EXECUTE|[212]
15:25:58.0 (47455145)|STATEMENT_EXECUTE|[213]
15:25:58.0 (47456360)|STATEMENT_EXECUTE|[214]
15:25:58.0 (47460425)|HEAP_ALLOCATE|[214]|Bytes:5
15:25:58.0 (47465246)|VARIABLE_ASSIGNMENT|[214]|this.reserved|false|0x34d6354e
15:25:58.0 (47466952)|STATEMENT_EXECUTE|[216]
15:25:58.0 (47548696)|SYSTEM_MODE_ENTER|true
15:25:58.0 (47565450)|HEAP_ALLOCATE|[EXTERNAL]|Bytes:80
15:25:58.0 (47603549)|VARIABLE_ASSIGNMENT|[EXTERNAL]|this|{"delToHub":true,"delToProj":false,"detail":"0x18e3cf8","invoked":false,"rejected":false,"reserved":false,"sublocations1":"0x6deedb9a","www":"0x502d3548","wwwById":"0x7674742a"}|0x34d6354e
15:25:58.0 (47608573)|STATEMENT_EXECUTE|[21]
15:25:58.0 (47610721)|STATEMENT_EXECUTE|[22]
15:25:58.0 (47611796)|STATEMENT_EXECUTE|[26]
15:25:58.65 (65318813)|SYSTEM_MODE_ENTER|true
15:25:58.65 (65367970)|HEAP_ALLOCATE|[EXTERNAL]|Bytes:8
15:25:58.65 (65374108)|VARIABLE_SCOPE_BEGIN|[88]|this|ApexPage.PageMessagesComponentController|true|false
15:25:58.65 (65397788)|VARIABLE_ASSIGNMENT|[88]|this|{}|0x26edaf4f
15:25:58.65 (65401161)|VARIABLE_SCOPE_BEGIN|[88]|escape|Boolean|false|false
15:25:58.65 (65404378)|VARIABLE_ASSIGNMENT|[88]|escape|null
15:25:58.65 (65512767)|SYSTEM_MODE_ENTER|true
15:25:58.65 (65536444)|HEAP_ALLOCATE|[EXTERNAL]|Bytes:8
15:25:58.65 (65541143)|VARIABLE_SCOPE_BEGIN|[2]|this|ApexPage.PageMessagesComponentController|true|false
15:25:58.65 (65556059)|VARIABLE_ASSIGNMENT|[2]|this|{}|0x26edaf4f
15:25:58.0 (68111571)|SYSTEM_MODE_ENTER|true
15:25:58.0 (68144747)|HEAP_ALLOCATE|[EXTERNAL]|Bytes:80
15:25:58.0 (68151131)|VARIABLE_SCOPE_BEGIN|[48]|this|NewDeliveredExtension|true|false
15:25:58.0 (68201490)|VARIABLE_ASSIGNMENT|[48]|this|{"delToHub":true,"delToProj":false,"detail":"0x18e3cf8","invoked":false,"rejected":false,"reserved":false,"sublocations1":"0x6deedb9a","www":"0x502d3548","wwwById":"0x7674742a"}|0x34d6354e
15:25:58.0 (68210022)|STATEMENT_EXECUTE|[48]
15:25:58.0 (68211505)|STATEMENT_EXECUTE|[49]
15:25:58.0 (68215769)|HEAP_ALLOCATE|[49]|Bytes:4
15:25:58.0 (68237011)|VARIABLE_SCOPE_BEGIN|[49]|options|List<System.SelectOption>|true|false
15:25:58.0 (68249122)|HEAP_ALLOCATE|[EXTERNAL]|Bytes:4
15:25:58.0 (68255005)|VARIABLE_ASSIGNMENT|[49]|options|[]|0x54de3fa3
15:25:58.0 (68258229)|STATEMENT_EXECUTE|[50]
15:25:58.0 (68261526)|VARIABLE_SCOPE_BEGIN|[50]|i|Integer|false|false
15:25:58.0 (68265208)|HEAP_ALLOCATE|[50]|Bytes:4
15:25:58.0 (68269471)|VARIABLE_ASSIGNMENT|[50]|i|0
15:25:58.0 (68273513)|STATEMENT_EXECUTE|[50]
15:25:58.0 (68274833)|STATEMENT_EXECUTE|[51]
15:25:58.0 (68276483)|VARIABLE_SCOPE_BEGIN|[51]|j|Integer|false|false
15:25:58.0 (68278356)|HEAP_ALLOCATE|[51]|Bytes:4
15:25:58.0 (68280887)|VARIABLE_ASSIGNMENT|[51]|j|0
15:25:58.0 (68282799)|STATEMENT_EXECUTE|[51]
15:25:58.0 (68284450)|STATEMENT_EXECUTE|[52]
15:25:58.0 (68285595)|STATEMENT_EXECUTE|[53]
15:25:58.0 (68319023)|HEAP_ALLOCATE|[53]|Bytes:1
15:25:58.0 (68327912)|HEAP_ALLOCATE|[53]|Bytes:2
15:25:58.0 (68334962)|HEAP_ALLOCATE|[53]|Bytes:1
15:25:58.0 (68344797)|HEAP_ALLOCATE|[53]|Bytes:4
15:25:58.0 (68350525)|HEAP_ALLOCATE|[53]|Bytes:1
15:25:58.0 (68358569)|HEAP_ALLOCATE|[53]|Bytes:1
15:25:58.0 (68363751)|HEAP_ALLOCATE|[53]|Bytes:4
15:25:58.0 (68386548)|HEAP_ALLOCATE|[EXTERNAL]|Bytes:4
15:25:58.0 (68392971)|HEAP_ALLOCATE|[51]|Bytes:4
15:25:58.0 (68397631)|VARIABLE_ASSIGNMENT|[51]|j|30
15:25:58.0 (68400600)|STATEMENT_EXECUTE|[51]
15:25:58.0 (68402177)|STATEMENT_EXECUTE|[54]
15:25:58.0 (68403258)|STATEMENT_EXECUTE|[55]
15:25:58.0 (68421421)|HEAP_ALLOCATE|[55]|Bytes:1
15:25:58.0 (68427854)|HEAP_ALLOCATE|[55]|Bytes:1
15:25:58.0 (68433499)|HEAP_ALLOCATE|[55]|Bytes:2
15:25:58.0 (68439349)|HEAP_ALLOCATE|[55]|Bytes:4
15:25:58.0 (68444388)|HEAP_ALLOCATE|[55]|Bytes:1
15:25:58.0 (68452137)|HEAP_ALLOCATE|[55]|Bytes:2
15:25:58.0 (68457233)|HEAP_ALLOCATE|[55]|Bytes:4
15:25:58.0 (68468440)|HEAP_ALLOCATE|[EXTERNAL]|Bytes:4
15:25:58.0 (68472823)|HEAP_ALLOCATE|[51]|Bytes:4
15:25:58.0 (68476488)|VARIABLE_ASSIGNMENT|[51]|j|60
15:25:58.0 (68479583)|HEAP_ALLOCATE|[50]|Bytes:4
15:25:58.0 (68482259)|VARIABLE_ASSIGNMENT|[50]|i|1
15:25:58.0 (68484321)|STATEMENT_EXECUTE|[50]
15:25:58.0 (68485665)|STATEMENT_EXECUTE|[51]
15:25:58.0 (68487479)|VARIABLE_SCOPE_BEGIN|[51]|j|Integer|false|false
15:25:58.0 (68489274)|HEAP_ALLOCATE|[51]|Bytes:4
15:25:58.0 (68491577)|VARIABLE_ASSIGNMENT|[51]|j|0
15:25:58.0 (68493065)|STATEMENT_EXECUTE|[51]
15:25:58.0 (68494422)|STATEMENT_EXECUTE|[52]
15:25:58.0 (68495424)|STATEMENT_EXECUTE|[53]
15:25:58.0 (68502184)|HEAP_ALLOCATE|[53]|Bytes:1
15:25:58.0 (68510333)|HEAP_ALLOCATE|[53]|Bytes:1
15:25:58.0 (68515550)|HEAP_ALLOCATE|[53]|Bytes:4
15:25:58.0 (68520363)|HEAP_ALLOCATE|[53]|Bytes:1
15:25:58.0 (68527479)|HEAP_ALLOCATE|[53]|Bytes:1
15:25:58.0 (68532249)|HEAP_ALLOCATE|[53]|Bytes:4
15:25:58.0 (68537557)|HEAP_ALLOCATE|[EXTERNAL]|Bytes:4
15:25:58.0 (68541050)|HEAP_ALLOCATE|[51]|Bytes:4
15:25:58.0 (68544346)|VARIABLE_ASSIGNMENT|[51]|j|30
15:25:58.0 (68546155)|STATEMENT_EXECUTE|[51]
15:25:58.0 (68547472)|STATEMENT_EXECUTE|[54]
15:25:58.0 (68548436)|STATEMENT_EXECUTE|[55]
15:25:58.0 (68554192)|HEAP_ALLOCATE|[55]|Bytes:1
15:25:58.0 (68561761)|HEAP_ALLOCATE|[55]|Bytes:2
15:25:58.0 (68566889)|HEAP_ALLOCATE|[55]|Bytes:4
15:25:58.0 (68571652)|HEAP_ALLOCATE|[55]|Bytes:1
15:25:58.0 (68579070)|HEAP_ALLOCATE|[55]|Bytes:2
15:25:58.0 (68583908)|HEAP_ALLOCATE|[55]|Bytes:4
15:25:58.0 (68588449)|HEAP_ALLOCATE|[EXTERNAL]|Bytes:4
15:25:58.0 (68591986)|HEAP_ALLOCATE|[51]|Bytes:4
15:25:58.0 (68594676)|VARIABLE_ASSIGNMENT|[51]|j|60
15:25:58.0 (68596625)|HEAP_ALLOCATE|[50]|Bytes:4
15:25:58.0 (68598984)|VARIABLE_ASSIGNMENT|[50]|i|2
15:25:58.0 (68600657)|STATEMENT_EXECUTE|[50]
15:25:58.0 (68601972)|STATEMENT_EXECUTE|[51]
15:25:58.0 (68603647)|VARIABLE_SCOPE_BEGIN|[51]|j|Integer|false|false
15:25:58.0 (68605110)|HEAP_ALLOCATE|[51]|Bytes:4
15:25:58.0 (68607377)|VARIABLE_ASSIGNMENT|[51]|j|0
15:25:58.0 (68609165)|STATEMENT_EXECUTE|[51]
15:25:58.0 (68610510)|STATEMENT_EXECUTE|[52]
15:25:58.0 (68611467)|STATEMENT_EXECUTE|[53]
15:25:58.0 (68617306)|HEAP_ALLOCATE|[53]|Bytes:1
15:25:58.0 (68625438)|HEAP_ALLOCATE|[53]|Bytes:1
15:25:58.0 (68630397)|HEAP_ALLOCATE|[53]|Bytes:4
15:25:58.0 (68636071)|HEAP_ALLOCATE|[53]|Bytes:1
15:25:58.0 (68645270)|HEAP_ALLOCATE|[53]|Bytes:1
15:25:58.0 (68650342)|HEAP_ALLOCATE|[53]|Bytes:4
15:25:58.0 (68655076)|HEAP_ALLOCATE|[EXTERNAL]|Bytes:4
15:25:58.0 (68664163)|HEAP_ALLOCATE|[51]|Bytes:4
15:25:58.0 (68667462)|VARIABLE_ASSIGNMENT|[51]|j|30
15:25:58.0 (68669611)|STATEMENT_EXECUTE|[51]
15:25:58.0 (68670992)|STATEMENT_EXECUTE|[54]
15:25:58.0 (68671953)|STATEMENT_EXECUTE|[55]
15:25:58.0 (68677914)|HEAP_ALLOCATE|[55]|Bytes:1
15:25:58.0 (68686012)|HEAP_ALLOCATE|[55]|Bytes:2
15:25:58.0 (68691239)|HEAP_ALLOCATE|[55]|Bytes:4
15:25:58.0 (68695882)|HEAP_ALLOCATE|[55]|Bytes:1
15:25:58.0 (68705158)|HEAP_ALLOCATE|[55]|Bytes:2
15:25:58.0 (68710292)|HEAP_ALLOCATE|[55]|Bytes:4
15:25:58.0 (68715090)|HEAP_ALLOCATE|[EXTERNAL]|Bytes:4
15:25:58.0 (68718805)|HEAP_ALLOCATE|[51]|Bytes:4
15:25:58.0 (68722030)|VARIABLE_ASSIGNMENT|[51]|j|60
15:25:58.0 (68728996)|HEAP_ALLOCATE|[50]|Bytes:4
15:25:58.0 (68731627)|VARIABLE_ASSIGNMENT|[50]|i|3
15:25:58.0 (68733323)|STATEMENT_EXECUTE|[50]
15:25:58.0 (68734688)|STATEMENT_EXECUTE|[51]
15:25:58.0 (68736541)|VARIABLE_SCOPE_BEGIN|[51]|j|Integer|false|false
15:25:58.0 (68738163)|HEAP_ALLOCATE|[51]|Bytes:4
15:25:58.0 (68740510)|VARIABLE_ASSIGNMENT|[51]|j|0
15:25:58.0 (68741997)|STATEMENT_EXECUTE|[51]
15:25:58.0 (68743238)|STATEMENT_EXECUTE|[52]
15:25:58.0 (68744190)|STATEMENT_EXECUTE|[53]
15:25:58.0 (68750240)|HEAP_ALLOCATE|[53]|Bytes:1
15:25:58.0 (68758157)|HEAP_ALLOCATE|[53]|Bytes:1
15:25:58.0 (68763724)|HEAP_ALLOCATE|[53]|Bytes:4
15:25:58.0 (68768601)|HEAP_ALLOCATE|[53]|Bytes:1
15:25:58.0 (68778459)|HEAP_ALLOCATE|[53]|Bytes:1
15:25:58.0 (68783801)|HEAP_ALLOCATE|[53]|Bytes:4
15:25:58.0 (68788932)|HEAP_ALLOCATE|[EXTERNAL]|Bytes:4
15:25:58.0 (68792737)|HEAP_ALLOCATE|[51]|Bytes:4
15:25:58.0 (68799916)|VARIABLE_ASSIGNMENT|[51]|j|30
15:25:58.0 (68801878)|STATEMENT_EXECUTE|[51]
15:25:58.0 (68803324)|STATEMENT_EXECUTE|[54]
15:25:58.0 (68804289)|STATEMENT_EXECUTE|[55]
15:25:58.0 (68810254)|HEAP_ALLOCATE|[55]|Bytes:1
15:25:58.0 (68818206)|HEAP_ALLOCATE|[55]|Bytes:2
15:25:58.0 (68823850)|HEAP_ALLOCATE|[55]|Bytes:4
15:25:58.0 (68828708)|HEAP_ALLOCATE|[55]|Bytes:1
15:25:58.0 (68836831)|HEAP_ALLOCATE|[55]|Bytes:2
15:25:58.0 (68843267)|HEAP_ALLOCATE|[55]|Bytes:4
15:25:58.0 (68848058)|HEAP_ALLOCATE|[EXTERNAL]|Bytes:4
15:25:58.0 (68851519)|HEAP_ALLOCATE|[51]|Bytes:4
15:25:58.0 (68854484)|VARIABLE_ASSIGNMENT|[51]|j|60
15:25:58.0 (68856482)|HEAP_ALLOCATE|[50]|Bytes:4
15:25:58.0 (68859382)|VARIABLE_ASSIGNMENT|[50]|i|4
15:25:58.0 (68865344)|STATEMENT_EXECUTE|[50]
15:25:58.0 (68866725)|STATEMENT_EXECUTE|[51]
15:25:58.0 (68868604)|VARIABLE_SCOPE_BEGIN|[51]|j|Integer|false|false
15:25:58.0 (68870109)|HEAP_ALLOCATE|[51]|Bytes:4
15:25:58.0 (68872491)|VARIABLE_ASSIGNMENT|[51]|j|0
15:25:58.0 (68873910)|STATEMENT_EXECUTE|[51]
15:25:58.0 (68875423)|STATEMENT_EXECUTE|[52]
15:25:58.0 (68876372)|STATEMENT_EXECUTE|[53]
15:25:58.0 (68882605)|HEAP_ALLOCATE|[53]|Bytes:1
15:25:58.0 (68890774)|HEAP_ALLOCATE|[53]|Bytes:1
15:25:58.0 (68896159)|HEAP_ALLOCATE|[53]|Bytes:4
15:25:58.0 (68900840)|HEAP_ALLOCATE|[53]|Bytes:1
15:25:58.0 (68909224)|HEAP_ALLOCATE|[53]|Bytes:1
15:25:58.0 (68916905)|HEAP_ALLOCATE|[53]|Bytes:4
15:25:58.0 (68921979)|HEAP_ALLOCATE|[EXTERNAL]|Bytes:4
15:25:58.0 (68925588)|HEAP_ALLOCATE|[51]|Bytes:4
15:25:58.0 (68928510)|VARIABLE_ASSIGNMENT|[51]|j|30
15:25:58.0 (68930228)|STATEMENT_EXECUTE|[51]
15:25:58.0 (68935122)|STATEMENT_EXECUTE|[54]
15:25:58.0 (68936358)|STATEMENT_EXECUTE|[55]
15:25:58.0 (68942424)|HEAP_ALLOCATE|[55]|Bytes:1
15:25:58.0 (68950373)|HEAP_ALLOCATE|[55]|Bytes:2
15:25:58.0 (68955715)|HEAP_ALLOCATE|[55]|Bytes:4
15:25:58.0 (68960471)|HEAP_ALLOCATE|[55]|Bytes:1
15:25:58.0 (68967559)|HEAP_ALLOCATE|[55]|Bytes:2
15:25:58.0 (68972325)|HEAP_ALLOCATE|[55]|Bytes:4
15:25:58.0 (68978780)|HEAP_ALLOCATE|[EXTERNAL]|Bytes:4
15:25:58.0 (68982836)|HEAP_ALLOCATE|[51]|Bytes:4
15:25:58.0 (68985744)|VARIABLE_ASSIGNMENT|[51]|j|60
15:25:58.0 (68987612)|HEAP_ALLOCATE|[50]|Bytes:4
15:25:58.0 (68990200)|VARIABLE_ASSIGNMENT|[50]|i|5
15:25:58.0 (68991825)|STATEMENT_EXECUTE|[50]
15:25:58.0 (68993138)|STATEMENT_EXECUTE|[51]
15:25:58.0 (68999754)|VARIABLE_SCOPE_BEGIN|[51]|j|Integer|false|false
15:25:58.0 (69004513)|HEAP_ALLOCATE|[51]|Bytes:4
15:25:58.0 (69007708)|VARIABLE_ASSIGNMENT|[51]|j|0
15:25:58.0 (69009396)|STATEMENT_EXECUTE|[51]
15:25:58.0 (69010772)|STATEMENT_EXECUTE|[52]
15:25:58.0 (69011729)|STATEMENT_EXECUTE|[53]
15:25:58.0 (69018769)|HEAP_ALLOCATE|[53]|Bytes:1
15:25:58.0 (69026644)|HEAP_ALLOCATE|[53]|Bytes:1
15:25:58.0 (69031705)|HEAP_ALLOCATE|[53]|Bytes:4
15:25:58.0 (69036472)|HEAP_ALLOCATE|[53]|Bytes:1
15:25:58.0 (69043464)|HEAP_ALLOCATE|[53]|Bytes:1
15:25:58.0 (69049104)|HEAP_ALLOCATE|[53]|Bytes:4
15:25:58.0 (69055091)|HEAP_ALLOCATE|[EXTERNAL]|Bytes:4
15:25:58.0 (69058996)|HEAP_ALLOCATE|[51]|Bytes:4
15:25:58.0 (69062346)|VARIABLE_ASSIGNMENT|[51]|j|30
15:25:58.0 (69064104)|STATEMENT_EXECUTE|[51]
15:25:58.0 (69065436)|STATEMENT_EXECUTE|[54]
15:25:58.0 (69066409)|STATEMENT_EXECUTE|[55]
15:25:58.0 (69076860)|HEAP_ALLOCATE|[55]|Bytes:1
15:25:58.0 (69084604)|HEAP_ALLOCATE|[55]|Bytes:2
15:25:58.0 (69089744)|HEAP_ALLOCATE|[55]|Bytes:4
15:25:58.0 (69094641)|HEAP_ALLOCATE|[55]|Bytes:1
15:25:58.0 (69101914)|HEAP_ALLOCATE|[55]|Bytes:2
15:25:58.0 (69106700)|HEAP_ALLOCATE|[55]|Bytes:4
15:25:58.0 (69111520)|HEAP_ALLOCATE|[EXTERNAL]|Bytes:4
15:25:58.0 (69116561)|HEAP_ALLOCATE|[51]|Bytes:4
15:25:58.0 (69119506)|VARIABLE_ASSIGNMENT|[51]|j|60
15:25:58.0 (69121436)|HEAP_ALLOCATE|[50]|Bytes:4
15:25:58.0 (69123854)|VARIABLE_ASSIGNMENT|[50]|i|6
15:25:58.0 (69125443)|STATEMENT_EXECUTE|[50]
15:25:58.0 (69126711)|STATEMENT_EXECUTE|[51]
15:25:58.0 (69128417)|VARIABLE_SCOPE_BEGIN|[51]|j|Integer|false|false
15:25:58.0 (69129904)|HEAP_ALLOCATE|[51]|Bytes:4
15:25:58.0 (69132171)|VARIABLE_ASSIGNMENT|[51]|j|0
15:25:58.0 (69133584)|STATEMENT_EXECUTE|[51]
15:25:58.0 (69135248)|STATEMENT_EXECUTE|[52]
15:25:58.0 (69141284)|STATEMENT_EXECUTE|[53]
15:25:58.0 (69147790)|HEAP_ALLOCATE|[53]|Bytes:1
15:25:58.0 (69155630)|HEAP_ALLOCATE|[53]|Bytes:1
15:25:58.0 (69160777)|HEAP_ALLOCATE|[53]|Bytes:4
15:25:58.0 (69165619)|HEAP_ALLOCATE|[53]|Bytes:1
15:25:58.0 (69172764)|HEAP_ALLOCATE|[53]|Bytes:1
15:25:58.0 (69177535)|HEAP_ALLOCATE|[53]|Bytes:4
15:25:58.0 (69182142)|HEAP_ALLOCATE|[EXTERNAL]|Bytes:4
15:25:58.0 (69185423)|HEAP_ALLOCATE|[51]|Bytes:4
15:25:58.0 (69188210)|VARIABLE_ASSIGNMENT|[51]|j|30
15:25:58.0 (69189876)|STATEMENT_EXECUTE|[51]
15:25:58.0 (69191186)|STATEMENT_EXECUTE|[54]
15:25:58.0 (69192177)|STATEMENT_EXECUTE|[55]
15:25:58.0 (69197525)|HEAP_ALLOCATE|[55]|Bytes:1
15:25:58.0 (69204984)|HEAP_ALLOCATE|[55]|Bytes:2
15:25:58.0 (69210149)|HEAP_ALLOCATE|[55]|Bytes:4
15:25:58.0 (69214825)|HEAP_ALLOCATE|[55]|Bytes:1
15:25:58.0 (69221905)|HEAP_ALLOCATE|[55]|Bytes:2
15:25:58.0 (69226708)|HEAP_ALLOCATE|[55]|Bytes:4
15:25:58.0 (69230985)|HEAP_ALLOCATE|[EXTERNAL]|Bytes:4
15:25:58.0 (69234580)|HEAP_ALLOCATE|[51]|Bytes:4
15:25:58.0 (69238814)|VARIABLE_ASSIGNMENT|[51]|j|60
15:25:58.0 (69241131)|HEAP_ALLOCATE|[50]|Bytes:4
15:25:58.0 (69243567)|VARIABLE_ASSIGNMENT|[50]|i|7
15:25:58.0 (69245315)|STATEMENT_EXECUTE|[50]
15:25:58.0 (69246565)|STATEMENT_EXECUTE|[51]
15:25:58.0 (69248217)|VARIABLE_SCOPE_BEGIN|[51]|j|Integer|false|false
15:25:58.0 (69249680)|HEAP_ALLOCATE|[51]|Bytes:4
15:25:58.0 (69252005)|VARIABLE_ASSIGNMENT|[51]|j|0
15:25:58.0 (69253448)|STATEMENT_EXECUTE|[51]
15:25:58.0 (69254695)|STATEMENT_EXECUTE|[52]
15:25:58.0 (69255640)|STATEMENT_EXECUTE|[53]
15:25:58.0 (69264983)|HEAP_ALLOCATE|[53]|Bytes:1
15:25:58.0 (69272713)|HEAP_ALLOCATE|[53]|Bytes:1
15:25:58.0 (69277896)|HEAP_ALLOCATE|[53]|Bytes:4
15:25:58.0 (69282583)|HEAP_ALLOCATE|[53]|Bytes:1
15:25:58.0 (69289622)|HEAP_ALLOCATE|[53]|Bytes:1
15:25:58.0 (69294710)|HEAP_ALLOCATE|[53]|Bytes:4
15:25:58.0 (69299265)|HEAP_ALLOCATE|[EXTERNAL]|Bytes:4
15:25:58.0 (69302567)|HEAP_ALLOCATE|[51]|Bytes:4
15:25:58.0 (69305279)|VARIABLE_ASSIGNMENT|[51]|j|30
15:25:58.0 (69307215)|STATEMENT_EXECUTE|[51]
15:25:58.0 (69309152)|STATEMENT_EXECUTE|[54]
15:25:58.0 (69310604)|STATEMENT_EXECUTE|[55]
15:25:58.0 (69317246)|HEAP_ALLOCATE|[55]|Bytes:1
15:25:58.0 (69325355)|HEAP_ALLOCATE|[55]|Bytes:2
15:25:58.0 (69330328)|HEAP_ALLOCATE|[55]|Bytes:4
15:25:58.0 (69337979)|HEAP_ALLOCATE|[55]|Bytes:1
15:25:58.0 (69345449)|HEAP_ALLOCATE|[55]|Bytes:2
15:25:58.0 (69350534)|HEAP_ALLOCATE|[55]|Bytes:4
15:25:58.0 (69354999)|HEAP_ALLOCATE|[EXTERNAL]|Bytes:4
15:25:58.0 (69361953)|HEAP_ALLOCATE|[51]|Bytes:4
15:25:58.0 (69365078)|VARIABLE_ASSIGNMENT|[51]|j|60
15:25:58.0 (69367297)|HEAP_ALLOCATE|[50]|Bytes:4
15:25:58.0 (69369607)|VARIABLE_ASSIGNMENT|[50]|i|8
15:25:58.0 (69371214)|STATEMENT_EXECUTE|[50]
15:25:58.0 (69372704)|STATEMENT_EXECUTE|[51]
15:25:58.0 (69374553)|VARIABLE_SCOPE_BEGIN|[51]|j|Integer|false|false
15:25:58.0 (69376032)|HEAP_ALLOCATE|[51]|Bytes:4
15:25:58.0 (69378228)|VARIABLE_ASSIGNMENT|[51]|j|0
15:25:58.0 (69379719)|STATEMENT_EXECUTE|[51]
15:25:58.0 (69381209)|STATEMENT_EXECUTE|[52]
15:25:58.0 (69382358)|STATEMENT_EXECUTE|[53]
15:25:58.0 (69388516)|HEAP_ALLOCATE|[53]|Bytes:1
15:25:58.0 (69396313)|HEAP_ALLOCATE|[53]|Bytes:1
15:25:58.0 (69401352)|HEAP_ALLOCATE|[53]|Bytes:4
15:25:58.0 (69406109)|HEAP_ALLOCATE|[53]|Bytes:1
15:25:58.0 (69413216)|HEAP_ALLOCATE|[53]|Bytes:1
15:25:58.0 (69418298)|HEAP_ALLOCATE|[53]|Bytes:4
15:25:58.0 (69423025)|HEAP_ALLOCATE|[EXTERNAL]|Bytes:4
15:25:58.0 (69426302)|HEAP_ALLOCATE|[51]|Bytes:4
15:25:58.0 (69428948)|VARIABLE_ASSIGNMENT|[51]|j|30
15:25:58.0 (69430567)|STATEMENT_EXECUTE|[51]
15:25:58.0 (69431954)|STATEMENT_EXECUTE|[54]
15:25:58.0 (69432905)|STATEMENT_EXECUTE|[55]
15:25:58.0 (69438284)|HEAP_ALLOCATE|[55]|Bytes:1
15:25:58.0 (69445851)|HEAP_ALLOCATE|[55]|Bytes:2
15:25:58.0 (69451072)|HEAP_ALLOCATE|[55]|Bytes:4
15:25:58.0 (69455873)|HEAP_ALLOCATE|[55]|Bytes:1
15:25:58.0 (69463100)|HEAP_ALLOCATE|[55]|Bytes:2
15:25:58.0 (69467957)|HEAP_ALLOCATE|[55]|Bytes:4
15:25:58.0 (69472412)|HEAP_ALLOCATE|[EXTERNAL]|Bytes:4
15:25:58.0 (69476040)|HEAP_ALLOCATE|[51]|Bytes:4
15:25:58.0 (69478700)|VARIABLE_ASSIGNMENT|[51]|j|60
15:25:58.0 (69480504)|HEAP_ALLOCATE|[50]|Bytes:4
15:25:58.0 (69482750)|VARIABLE_ASSIGNMENT|[50]|i|9
15:25:58.0 (69484258)|STATEMENT_EXECUTE|[50]
15:25:58.0 (69485507)|STATEMENT_EXECUTE|[51]
15:25:58.0 (69487150)|VARIABLE_SCOPE_BEGIN|[51]|j|Integer|false|false
15:25:58.0 (69488895)|HEAP_ALLOCATE|[51]|Bytes:4
15:25:58.0 (69491240)|VARIABLE_ASSIGNMENT|[51]|j|0
15:25:58.0 (69492727)|STATEMENT_EXECUTE|[51]
15:25:58.0 (69493988)|STATEMENT_EXECUTE|[52]
15:25:58.0 (69494949)|STATEMENT_EXECUTE|[53]
15:25:58.0 (69500423)|HEAP_ALLOCATE|[53]|Bytes:1
15:25:58.0 (69507827)|HEAP_ALLOCATE|[53]|Bytes:1
15:25:58.0 (69512853)|HEAP_ALLOCATE|[53]|Bytes:4
15:25:58.0 (69517522)|HEAP_ALLOCATE|[53]|Bytes:1
15:25:58.0 (69524656)|HEAP_ALLOCATE|[53]|Bytes:1
15:25:58.0 (69529468)|HEAP_ALLOCATE|[53]|Bytes:4
15:25:58.0 (69533849)|HEAP_ALLOCATE|[EXTERNAL]|Bytes:4
15:25:58.0 (69537088)|HEAP_ALLOCATE|[51]|Bytes:4
15:25:58.0 (69539914)|VARIABLE_ASSIGNMENT|[51]|j|30
15:25:58.0 (69541602)|STATEMENT_EXECUTE|[51]
15:25:58.0 (69543026)|STATEMENT_EXECUTE|[54]
15:25:58.0 (69543985)|STATEMENT_EXECUTE|[55]
15:25:58.0 (69549521)|HEAP_ALLOCATE|[55]|Bytes:1
15:25:58.0 (69556952)|HEAP_ALLOCATE|[55]|Bytes:2
15:25:58.0 (69562042)|HEAP_ALLOCATE|[55]|Bytes:4
15:25:58.0 (69566672)|HEAP_ALLOCATE|[55]|Bytes:1
15:25:58.0 (69573691)|HEAP_ALLOCATE|[55]|Bytes:2
15:25:58.0 (69578566)|HEAP_ALLOCATE|[55]|Bytes:4
15:25:58.0 (69582861)|HEAP_ALLOCATE|[EXTERNAL]|Bytes:4
15:25:58.0 (69585897)|HEAP_ALLOCATE|[51]|Bytes:4
15:25:58.0 (69588635)|VARIABLE_ASSIGNMENT|[51]|j|60
15:25:58.0 (69590451)|HEAP_ALLOCATE|[50]|Bytes:4
15:25:58.0 (69592645)|VARIABLE_ASSIGNMENT|[50]|i|10
15:25:58.0 (69594161)|STATEMENT_EXECUTE|[50]
15:25:58.0 (69595402)|STATEMENT_EXECUTE|[51]
15:25:58.0 (69597030)|VARIABLE_SCOPE_BEGIN|[51]|j|Integer|false|false
15:25:58.0 (69598608)|HEAP_ALLOCATE|[51]|Bytes:4
15:25:58.0 (69600872)|VARIABLE_ASSIGNMENT|[51]|j|0
15:25:58.0 (69602368)|STATEMENT_EXECUTE|[51]
15:25:58.0 (69603635)|STATEMENT_EXECUTE|[52]
15:25:58.0 (69604755)|STATEMENT_EXECUTE|[53]
15:25:58.0 (69610292)|HEAP_ALLOCATE|[53]|Bytes:2
15:25:58.0 (69617694)|HEAP_ALLOCATE|[53]|Bytes:1
15:25:58.0 (69622728)|HEAP_ALLOCATE|[53]|Bytes:5
15:25:58.0 (69627572)|HEAP_ALLOCATE|[53]|Bytes:2
15:25:58.0 (69634660)|HEAP_ALLOCATE|[53]|Bytes:1
15:25:58.0 (69639386)|HEAP_ALLOCATE|[53]|Bytes:5
15:25:58.0 (69643795)|HEAP_ALLOCATE|[EXTERNAL]|Bytes:4
15:25:58.0 (69647019)|HEAP_ALLOCATE|[51]|Bytes:4
15:25:58.0 (69649611)|VARIABLE_ASSIGNMENT|[51]|j|30
15:25:58.0 (69651231)|STATEMENT_EXECUTE|[51]
15:25:58.0 (69652551)|STATEMENT_EXECUTE|[54]
15:25:58.0 (69653529)|STATEMENT_EXECUTE|[55]
15:25:58.0 (69658816)|HEAP_ALLOCATE|[55]|Bytes:2
15:25:58.0 (69666241)|HEAP_ALLOCATE|[55]|Bytes:2
15:25:58.0 (69671331)|HEAP_ALLOCATE|[55]|Bytes:5
15:25:58.0 (69676119)|HEAP_ALLOCATE|[55]|Bytes:2
15:25:58.0 (69683357)|HEAP_ALLOCATE|[55]|Bytes:2
15:25:58.0 (69688126)|HEAP_ALLOCATE|[55]|Bytes:5
15:25:58.0 (69692490)|HEAP_ALLOCATE|[EXTERNAL]|Bytes:4
15:25:58.0 (69695675)|HEAP_ALLOCATE|[51]|Bytes:4
15:25:58.0 (69698593)|VARIABLE_ASSIGNMENT|[51]|j|60
15:25:58.0 (69700547)|HEAP_ALLOCATE|[50]|Bytes:4
15:25:58.0 (69702903)|VARIABLE_ASSIGNMENT|[50]|i|11
15:25:58.0 (69704510)|STATEMENT_EXECUTE|[50]
15:25:58.0 (69705713)|STATEMENT_EXECUTE|[51]
15:25:58.0 (69707349)|VARIABLE_SCOPE_BEGIN|[51]|j|Integer|false|false
15:25:58.0 (69708986)|HEAP_ALLOCATE|[51]|Bytes:4
15:25:58.0 (69711202)|VARIABLE_ASSIGNMENT|[51]|j|0
15:25:58.0 (69712692)|STATEMENT_EXECUTE|[51]
15:25:58.0 (69713964)|STATEMENT_EXECUTE|[52]
15:25:58.0 (69714974)|STATEMENT_EXECUTE|[53]
15:25:58.0 (69720597)|HEAP_ALLOCATE|[53]|Bytes:2
15:25:58.0 (69728342)|HEAP_ALLOCATE|[53]|Bytes:1
15:25:58.0 (69733919)|HEAP_ALLOCATE|[53]|Bytes:5
15:25:58.0 (69738903)|HEAP_ALLOCATE|[53]|Bytes:2
15:25:58.0 (69746340)|HEAP_ALLOCATE|[53]|Bytes:1
15:25:58.0 (69753368)|HEAP_ALLOCATE|[53]|Bytes:5
15:25:58.0 (69758924)|HEAP_ALLOCATE|[EXTERNAL]|Bytes:4
15:25:58.0 (69762468)|HEAP_ALLOCATE|[51]|Bytes:4
15:25:58.0 (69765356)|VARIABLE_ASSIGNMENT|[51]|j|30
15:25:58.0 (69767243)|STATEMENT_EXECUTE|[51]
15:25:58.0 (69768740)|STATEMENT_EXECUTE|[54]
15:25:58.0 (69769705)|STATEMENT_EXECUTE|[55]
15:25:58.0 (69778585)|HEAP_ALLOCATE|[55]|Bytes:2
15:25:58.0 (69786821)|HEAP_ALLOCATE|[55]|Bytes:2
15:25:58.0 (69792333)|HEAP_ALLOCATE|[55]|Bytes:5
15:25:58.0 (69797178)|HEAP_ALLOCATE|[55]|Bytes:2
15:25:58.0 (69804654)|HEAP_ALLOCATE|[55]|Bytes:2
15:25:58.0 (69809469)|HEAP_ALLOCATE|[55]|Bytes:5
15:25:58.0 (69814716)|HEAP_ALLOCATE|[EXTERNAL]|Bytes:4
15:25:58.0 (69819331)|HEAP_ALLOCATE|[51]|Bytes:4
15:25:58.0 (69822227)|VARIABLE_ASSIGNMENT|[51]|j|60
15:25:58.0 (69824226)|HEAP_ALLOCATE|[50]|Bytes:4
15:25:58.0 (69826530)|VARIABLE_ASSIGNMENT|[50]|i|12
15:25:58.0 (69828142)|STATEMENT_EXECUTE|[50]
15:25:58.0 (69829557)|STATEMENT_EXECUTE|[51]
15:25:58.0 (69831235)|VARIABLE_SCOPE_BEGIN|[51]|j|Integer|false|false
15:25:58.0 (69832677)|HEAP_ALLOCATE|[51]|Bytes:4
15:25:58.0 (69834930)|VARIABLE_ASSIGNMENT|[51]|j|0
15:25:58.0 (69836337)|STATEMENT_EXECUTE|[51]
15:25:58.0 (69838177)|STATEMENT_EXECUTE|[52]
15:25:58.0 (69843471)|STATEMENT_EXECUTE|[53]
15:25:58.0 (69849722)|HEAP_ALLOCATE|[53]|Bytes:2
15:25:58.0 (69857951)|HEAP_ALLOCATE|[53]|Bytes:1
15:25:58.0 (69863242)|HEAP_ALLOCATE|[53]|Bytes:5
15:25:58.0 (69868094)|HEAP_ALLOCATE|[53]|Bytes:2
15:25:58.0 (69875536)|HEAP_ALLOCATE|[53]|Bytes:1
15:25:58.0 (69880551)|HEAP_ALLOCATE|[53]|Bytes:5
15:25:58.0 (69885196)|HEAP_ALLOCATE|[EXTERNAL]|Bytes:4
15:25:58.0 (69890219)|HEAP_ALLOCATE|[51]|Bytes:4
15:25:58.0 (69893569)|VARIABLE_ASSIGNMENT|[51]|j|30
15:25:58.0 (69895511)|STATEMENT_EXECUTE|[51]
15:25:58.0 (69896957)|STATEMENT_EXECUTE|[54]
15:25:58.0 (69897988)|STATEMENT_EXECUTE|[55]
15:25:58.0 (69903911)|HEAP_ALLOCATE|[55]|Bytes:2
15:25:58.0 (69916492)|HEAP_ALLOCATE|[55]|Bytes:2
15:25:58.0 (69922533)|HEAP_ALLOCATE|[55]|Bytes:5
15:25:58.0 (69927519)|HEAP_ALLOCATE|[55]|Bytes:2
15:25:58.0 (69934788)|HEAP_ALLOCATE|[55]|Bytes:2
15:25:58.0 (69939638)|HEAP_ALLOCATE|[55]|Bytes:5
15:25:58.0 (69944445)|HEAP_ALLOCATE|[EXTERNAL]|Bytes:4
15:25:58.0 (69947848)|HEAP_ALLOCATE|[51]|Bytes:4
15:25:58.0 (69950775)|VARIABLE_ASSIGNMENT|[51]|j|60
15:25:58.0 (69952796)|HEAP_ALLOCATE|[50]|Bytes:4
15:25:58.0 (69955621)|VARIABLE_ASSIGNMENT|[50]|i|13
15:25:58.0 (69957996)|STATEMENT_EXECUTE|[50]
15:25:58.0 (69959668)|STATEMENT_EXECUTE|[51]
15:25:58.0 (69961446)|VARIABLE_SCOPE_BEGIN|[51]|j|Integer|false|false
15:25:58.0 (69962968)|HEAP_ALLOCATE|[51]|Bytes:4
15:25:58.0 (69965431)|VARIABLE_ASSIGNMENT|[51]|j|0
15:25:58.0 (69967031)|STATEMENT_EXECUTE|[51]
15:25:58.0 (69968305)|STATEMENT_EXECUTE|[52]
15:25:58.0 (69969294)|STATEMENT_EXECUTE|[53]
15:25:58.0 (69975372)|HEAP_ALLOCATE|[53]|Bytes:2
15:25:58.0 (69986653)|HEAP_ALLOCATE|[53]|Bytes:1
15:25:58.0 (69991877)|HEAP_ALLOCATE|[53]|Bytes:5
15:25:58.0 (69999506)|HEAP_ALLOCATE|[53]|Bytes:2
15:25:58.0 (70007084)|HEAP_ALLOCATE|[53]|Bytes:1
15:25:58.0 (70012501)|HEAP_ALLOCATE|[53]|Bytes:5
15:25:58.0 (70017369)|HEAP_ALLOCATE|[EXTERNAL]|Bytes:4
15:25:58.0 (70020986)|HEAP_ALLOCATE|[51]|Bytes:4
15:25:58.0 (70023836)|VARIABLE_ASSIGNMENT|[51]|j|30
15:25:58.0 (70025958)|STATEMENT_EXECUTE|[51]
15:25:58.0 (70027306)|STATEMENT_EXECUTE|[54]
15:25:58.0 (70028347)|STATEMENT_EXECUTE|[55]
15:25:58.0 (70035852)|HEAP_ALLOCATE|[55]|Bytes:2
15:25:58.0 (70043655)|HEAP_ALLOCATE|[55]|Bytes:2
15:25:58.0 (70049013)|HEAP_ALLOCATE|[55]|Bytes:5
15:25:58.0 (70053813)|HEAP_ALLOCATE|[55]|Bytes:2
15:25:58.0 (70064628)|HEAP_ALLOCATE|[55]|Bytes:2
15:25:58.0 (70069710)|HEAP_ALLOCATE|[55]|Bytes:5
15:25:58.0 (70074441)|HEAP_ALLOCATE|[EXTERNAL]|Bytes:4
15:25:58.0 (70078043)|HEAP_ALLOCATE|[51]|Bytes:4
15:25:58.0 (70080960)|VARIABLE_ASSIGNMENT|[51]|j|60
15:25:58.0 (70082944)|HEAP_ALLOCATE|[50]|Bytes:4
15:25:58.0 (70085532)|VARIABLE_ASSIGNMENT|[50]|i|14
15:25:58.0 (70087133)|STATEMENT_EXECUTE|[50]
15:25:58.0 (70088374)|STATEMENT_EXECUTE|[51]
15:25:58.0 (70090055)|VARIABLE_SCOPE_BEGIN|[51]|j|Integer|false|false
15:25:58.0 (70091582)|HEAP_ALLOCATE|[51]|Bytes:4
15:25:58.0 (70093970)|VARIABLE_ASSIGNMENT|[51]|j|0
15:25:58.0 (70096054)|STATEMENT_EXECUTE|[51]
15:25:58.0 (70097738)|STATEMENT_EXECUTE|[52]
15:25:58.0 (70099480)|STATEMENT_EXECUTE|[53]
15:25:58.0 (70106306)|HEAP_ALLOCATE|[53]|Bytes:2
15:25:58.0 (70113976)|HEAP_ALLOCATE|[53]|Bytes:1
15:25:58.0 (70119022)|HEAP_ALLOCATE|[53]|Bytes:5
15:25:58.0 (70128159)|HEAP_ALLOCATE|[53]|Bytes:2
15:25:58.0 (70135649)|HEAP_ALLOCATE|[53]|Bytes:1
15:25:58.0 (70140556)|HEAP_ALLOCATE|[53]|Bytes:5
15:25:58.0 (70145241)|HEAP_ALLOCATE|[EXTERNAL]|Bytes:4
15:25:58.0 (70148553)|HEAP_ALLOCATE|[51]|Bytes:4
15:25:58.0 (70151335)|VARIABLE_ASSIGNMENT|[51]|j|30
15:25:58.0 (70152931)|STATEMENT_EXECUTE|[51]
15:25:58.0 (70154240)|STATEMENT_EXECUTE|[54]
15:25:58.0 (70155194)|STATEMENT_EXECUTE|[55]
15:25:58.0 (70160427)|HEAP_ALLOCATE|[55]|Bytes:2
15:25:58.0 (70168583)|HEAP_ALLOCATE|[55]|Bytes:2
15:25:58.0 (70175229)|HEAP_ALLOCATE|[55]|Bytes:5
15:25:58.0 (70180035)|HEAP_ALLOCATE|[55]|Bytes:2
15:25:58.0 (70187326)|HEAP_ALLOCATE|[55]|Bytes:2
15:25:58.0 (70196982)|HEAP_ALLOCATE|[55]|Bytes:5
15:25:58.0 (70201685)|HEAP_ALLOCATE|[EXTERNAL]|Bytes:4
15:25:58.0 (70205021)|HEAP_ALLOCATE|[51]|Bytes:4
15:25:58.0 (70208165)|VARIABLE_ASSIGNMENT|[51]|j|60
15:25:58.0 (70210203)|HEAP_ALLOCATE|[50]|Bytes:4
15:25:58.0 (70212461)|VARIABLE_ASSIGNMENT|[50]|i|15
15:25:58.0 (70214150)|STATEMENT_EXECUTE|[50]
15:25:58.0 (70215373)|STATEMENT_EXECUTE|[51]
15:25:58.0 (70217161)|VARIABLE_SCOPE_BEGIN|[51]|j|Integer|false|false
15:25:58.0 (70218598)|HEAP_ALLOCATE|[51]|Bytes:4
15:25:58.0 (70220930)|VARIABLE_ASSIGNMENT|[51]|j|0
15:25:58.0 (70222410)|STATEMENT_EXECUTE|[51]
15:25:58.0 (70223701)|STATEMENT_EXECUTE|[52]
15:25:58.0 (70224645)|STATEMENT_EXECUTE|[53]
15:25:58.0 (70230701)|HEAP_ALLOCATE|[53]|Bytes:2
15:25:58.0 (70240505)|HEAP_ALLOCATE|[53]|Bytes:1
15:25:58.0 (70245831)|HEAP_ALLOCATE|[53]|Bytes:5
15:25:58.0 (70250479)|HEAP_ALLOCATE|[53]|Bytes:2
15:25:58.0 (70262888)|HEAP_ALLOCATE|[53]|Bytes:1
15:25:58.0 (70267899)|HEAP_ALLOCATE|[53]|Bytes:5
15:25:58.0 (70272527)|HEAP_ALLOCATE|[EXTERNAL]|Bytes:4
15:25:58.0 (70275960)|HEAP_ALLOCATE|[51]|Bytes:4
15:25:58.0 (70278638)|VARIABLE_ASSIGNMENT|[51]|j|30
15:25:58.0 (70280747)|STATEMENT_EXECUTE|[51]
15:25:58.0 (70282274)|STATEMENT_EXECUTE|[54]
15:25:58.0 (70283249)|STATEMENT_EXECUTE|[55]
15:25:58.0 (70288699)|HEAP_ALLOCATE|[55]|Bytes:2
15:25:58.0 (70296317)|HEAP_ALLOCATE|[55]|Bytes:2
15:25:58.0 (70301239)|HEAP_ALLOCATE|[55]|Bytes:5
15:25:58.0 (70305883)|HEAP_ALLOCATE|[55]|Bytes:2
15:25:58.0 (70312929)|HEAP_ALLOCATE|[55]|Bytes:2
15:25:58.0 (70317856)|HEAP_ALLOCATE|[55]|Bytes:5
15:25:58.0 (70322234)|HEAP_ALLOCATE|[EXTERNAL]|Bytes:4
15:25:58.0 (70325288)|HEAP_ALLOCATE|[51]|Bytes:4
15:25:58.0 (70327885)|VARIABLE_ASSIGNMENT|[51]|j|60
15:25:58.0 (70329769)|HEAP_ALLOCATE|[50]|Bytes:4
15:25:58.0 (70332048)|VARIABLE_ASSIGNMENT|[50]|i|16
15:25:58.0 (70333552)|STATEMENT_EXECUTE|[50]
15:25:58.0 (70334799)|STATEMENT_EXECUTE|[51]
15:25:58.0 (70336422)|VARIABLE_SCOPE_BEGIN|[51]|j|Integer|false|false
15:25:58.0 (70337877)|HEAP_ALLOCATE|[51]|Bytes:4
15:25:58.0 (70340153)|VARIABLE_ASSIGNMENT|[51]|j|0
15:25:58.0 (70341681)|STATEMENT_EXECUTE|[51]
15:25:58.0 (70342921)|STATEMENT_EXECUTE|[52]
15:25:58.0 (70344259)|STATEMENT_EXECUTE|[53]
15:25:58.0 (70349887)|HEAP_ALLOCATE|[53]|Bytes:2
15:25:58.0 (70359581)|HEAP_ALLOCATE|[53]|Bytes:1
15:25:58.0 (70365004)|HEAP_ALLOCATE|[53]|Bytes:5
15:25:58.0 (70370382)|HEAP_ALLOCATE|[53]|Bytes:2
15:25:58.0 (70377680)|HEAP_ALLOCATE|[53]|Bytes:1
15:25:58.0 (70387771)|HEAP_ALLOCATE|[53]|Bytes:5
15:25:58.0 (70392429)|HEAP_ALLOCATE|[EXTERNAL]|Bytes:4
15:25:58.0 (70396178)|HEAP_ALLOCATE|[51]|Bytes:4
15:25:58.0 (70398897)|VARIABLE_ASSIGNMENT|[51]|j|30
15:25:58.0 (70400564)|STATEMENT_EXECUTE|[51]
15:25:58.0 (70401976)|STATEMENT_EXECUTE|[54]
15:25:58.0 (70402946)|STATEMENT_EXECUTE|[55]
15:25:58.0 (70408568)|HEAP_ALLOCATE|[55]|Bytes:2
15:25:58.0 (70416174)|HEAP_ALLOCATE|[55]|Bytes:2
15:25:58.0 (70422331)|HEAP_ALLOCATE|[55]|Bytes:5
15:25:58.0 (70428120)|HEAP_ALLOCATE|[55]|Bytes:2
15:25:58.0 (70435783)|HEAP_ALLOCATE|[55]|Bytes:2
15:25:58.0 (70440771)|HEAP_ALLOCATE|[55]|Bytes:5
15:25:58.0 (70449681)|HEAP_ALLOCATE|[EXTERNAL]|Bytes:4
15:25:58.0 (70453130)|HEAP_ALLOCATE|[51]|Bytes:4
15:25:58.0 (70456214)|VARIABLE_ASSIGNMENT|[51]|j|60
15:25:58.0 (70458323)|HEAP_ALLOCATE|[50]|Bytes:4
15:25:58.0 (70460739)|VARIABLE_ASSIGNMENT|[50]|i|17
15:25:58.0 (70462281)|STATEMENT_EXECUTE|[50]
15:25:58.0 (70463590)|STATEMENT_EXECUTE|[51]
15:25:58.0 (70465244)|VARIABLE_SCOPE_BEGIN|[51]|j|Integer|false|false
15:25:58.0 (70466686)|HEAP_ALLOCATE|[51]|Bytes:4
15:25:58.0 (70469285)|VARIABLE_ASSIGNMENT|[51]|j|0
15:25:58.0 (70470750)|STATEMENT_EXECUTE|[51]
15:25:58.0 (70471989)|STATEMENT_EXECUTE|[52]
15:25:58.0 (70472930)|STATEMENT_EXECUTE|[53]
15:25:58.0 (70478820)|HEAP_ALLOCATE|[53]|Bytes:2
15:25:58.0 (70486322)|HEAP_ALLOCATE|[53]|Bytes:1
15:25:58.0 (70491335)|HEAP_ALLOCATE|[53]|Bytes:5
15:25:58.0 (70496053)|HEAP_ALLOCATE|[53]|Bytes:2
15:25:58.0 (70503093)|HEAP_ALLOCATE|[53]|Bytes:1
15:25:58.0 (70507937)|HEAP_ALLOCATE|[53]|Bytes:5
15:25:58.0 (70512476)|HEAP_ALLOCATE|[EXTERNAL]|Bytes:4
15:25:58.0 (70515563)|HEAP_ALLOCATE|[51]|Bytes:4
15:25:58.0 (70518320)|VARIABLE_ASSIGNMENT|[51]|j|30
15:25:58.0 (70519910)|STATEMENT_EXECUTE|[51]
15:25:58.0 (70521395)|STATEMENT_EXECUTE|[54]
15:25:58.0 (70522485)|STATEMENT_EXECUTE|[55]
15:25:58.0 (70527899)|HEAP_ALLOCATE|[55]|Bytes:2
15:25:58.0 (70535541)|HEAP_ALLOCATE|[55]|Bytes:2
15:25:58.0 (70540612)|HEAP_ALLOCATE|[55]|Bytes:5
15:25:58.0 (70545364)|HEAP_ALLOCATE|[55]|Bytes:2
15:25:58.0 (70552521)|HEAP_ALLOCATE|[55]|Bytes:2
15:25:58.0 (70557325)|HEAP_ALLOCATE|[55]|Bytes:5
15:25:58.0 (70561657)|HEAP_ALLOCATE|[EXTERNAL]|Bytes:4
15:25:58.0 (70564738)|HEAP_ALLOCATE|[51]|Bytes:4
15:25:58.0 (70567307)|VARIABLE_ASSIGNMENT|[51]|j|60
15:25:58.0 (70569325)|HEAP_ALLOCATE|[50]|Bytes:4
15:25:58.0 (70571525)|VARIABLE_ASSIGNMENT|[50]|i|18
15:25:58.0 (70573096)|STATEMENT_EXECUTE|[50]
15:25:58.0 (70574303)|STATEMENT_EXECUTE|[51]
15:25:58.0 (70575951)|VARIABLE_SCOPE_BEGIN|[51]|j|Integer|false|false
15:25:58.0 (70577327)|HEAP_ALLOCATE|[51]|Bytes:4
15:25:58.0 (70579721)|VARIABLE_ASSIGNMENT|[51]|j|0
15:25:58.0 (70581207)|STATEMENT_EXECUTE|[51]
15:25:58.0 (70582518)|STATEMENT_EXECUTE|[52]
15:25:58.0 (70583729)|STATEMENT_EXECUTE|[53]
15:25:58.0 (70589714)|HEAP_ALLOCATE|[53]|Bytes:2
15:25:58.0 (70597435)|HEAP_ALLOCATE|[53]|Bytes:1
15:25:58.0 (70602481)|HEAP_ALLOCATE|[53]|Bytes:5
15:25:58.0 (70607103)|HEAP_ALLOCATE|[53]|Bytes:2
15:25:58.0 (70614316)|HEAP_ALLOCATE|[53]|Bytes:1
15:25:58.0 (70619277)|HEAP_ALLOCATE|[53]|Bytes:5
15:25:58.0 (70623683)|HEAP_ALLOCATE|[EXTERNAL]|Bytes:4
15:25:58.0 (70626888)|HEAP_ALLOCATE|[51]|Bytes:4
15:25:58.0 (70629448)|VARIABLE_ASSIGNMENT|[51]|j|30
15:25:58.0 (70631133)|STATEMENT_EXECUTE|[51]
15:25:58.0 (70632421)|STATEMENT_EXECUTE|[54]
15:25:58.0 (70633392)|STATEMENT_EXECUTE|[55]
15:25:58.0 (70638847)|HEAP_ALLOCATE|[55]|Bytes:2
15:25:58.0 (70646414)|HEAP_ALLOCATE|[55]|Bytes:2
15:25:58.0 (70651586)|HEAP_ALLOCATE|[55]|Bytes:5
15:25:58.0 (70656261)|HEAP_ALLOCATE|[55]|Bytes:2
15:25:58.0 (70663412)|HEAP_ALLOCATE|[55]|Bytes:2
15:25:58.0 (70668312)|HEAP_ALLOCATE|[55]|Bytes:5
15:25:58.0 (70672589)|HEAP_ALLOCATE|[EXTERNAL]|Bytes:4
15:25:58.0 (70675761)|HEAP_ALLOCATE|[51]|Bytes:4
15:25:58.0 (70678672)|VARIABLE_ASSIGNMENT|[51]|j|60
15:25:58.0 (70680530)|HEAP_ALLOCATE|[50]|Bytes:4
15:25:58.0 (70682735)|VARIABLE_ASSIGNMENT|[50]|i|19
15:25:58.0 (70684312)|STATEMENT_EXECUTE|[50]
15:25:58.0 (70685580)|STATEMENT_EXECUTE|[51]
15:25:58.0 (70687482)|VARIABLE_SCOPE_BEGIN|[51]|j|Integer|false|false
15:25:58.0 (70688862)|HEAP_ALLOCATE|[51]|Bytes:4
15:25:58.0 (70691186)|VARIABLE_ASSIGNMENT|[51]|j|0
15:25:58.0 (70692609)|STATEMENT_EXECUTE|[51]
15:25:58.0 (70693853)|STATEMENT_EXECUTE|[52]
15:25:58.0 (70694804)|STATEMENT_EXECUTE|[53]
15:25:58.0 (70700243)|HEAP_ALLOCATE|[53]|Bytes:2
15:25:58.0 (70707759)|HEAP_ALLOCATE|[53]|Bytes:1
15:25:58.0 (70712819)|HEAP_ALLOCATE|[53]|Bytes:5
15:25:58.0 (70717638)|HEAP_ALLOCATE|[53]|Bytes:2
15:25:58.0 (70725020)|HEAP_ALLOCATE|[53]|Bytes:1
15:25:58.0 (70730072)|HEAP_ALLOCATE|[53]|Bytes:5
15:25:58.0 (70734693)|HEAP_ALLOCATE|[EXTERNAL]|Bytes:4
15:25:58.0 (70738024)|HEAP_ALLOCATE|[51]|Bytes:4
15:25:58.0 (70741000)|VARIABLE_ASSIGNMENT|[51]|j|30
15:25:58.0 (70742569)|STATEMENT_EXECUTE|[51]
15:25:58.0 (70744008)|STATEMENT_EXECUTE|[54]
15:25:58.0 (70744970)|STATEMENT_EXECUTE|[55]
15:25:58.0 (70750376)|HEAP_ALLOCATE|[55]|Bytes:2
15:25:58.0 (70758249)|HEAP_ALLOCATE|[55]|Bytes:2
15:25:58.0 (70763609)|HEAP_ALLOCATE|[55]|Bytes:5
15:25:58.0 (70768468)|HEAP_ALLOCATE|[55]|Bytes:2
15:25:58.0 (70775769)|HEAP_ALLOCATE|[55]|Bytes:2
15:25:58.0 (70780655)|HEAP_ALLOCATE|[55]|Bytes:5
15:25:58.0 (70785093)|HEAP_ALLOCATE|[EXTERNAL]|Bytes:4
15:25:58.0 (70788274)|HEAP_ALLOCATE|[51]|Bytes:4
15:25:58.0 (70791196)|VARIABLE_ASSIGNMENT|[51]|j|60
15:25:58.0 (70793299)|HEAP_ALLOCATE|[50]|Bytes:4
15:25:58.0 (70795605)|VARIABLE_ASSIGNMENT|[50]|i|20
15:25:58.0 (70797131)|STATEMENT_EXECUTE|[50]
15:25:58.0 (70798303)|STATEMENT_EXECUTE|[51]
15:25:58.0 (70799952)|VARIABLE_SCOPE_BEGIN|[51]|j|Integer|false|false
15:25:58.0 (70801436)|HEAP_ALLOCATE|[51]|Bytes:4
15:25:58.0 (70803752)|VARIABLE_ASSIGNMENT|[51]|j|0
15:25:58.0 (70805200)|STATEMENT_EXECUTE|[51]
15:25:58.0 (70806437)|STATEMENT_EXECUTE|[52]
15:25:58.0 (70807422)|STATEMENT_EXECUTE|[53]
15:25:58.0 (70813113)|HEAP_ALLOCATE|[53]|Bytes:2
15:25:58.0 (70820757)|HEAP_ALLOCATE|[53]|Bytes:1
15:25:58.0 (70825867)|HEAP_ALLOCATE|[53]|Bytes:5
15:25:58.0 (70830599)|HEAP_ALLOCATE|[53]|Bytes:2
15:25:58.0 (70837922)|HEAP_ALLOCATE|[53]|Bytes:1
15:25:58.0 (70843009)|HEAP_ALLOCATE|[53]|Bytes:5
15:25:58.0 (70849489)|HEAP_ALLOCATE|[EXTERNAL]|Bytes:4
15:25:58.0 (70853216)|HEAP_ALLOCATE|[51]|Bytes:4
15:25:58.0 (70856070)|VARIABLE_ASSIGNMENT|[51]|j|30
15:25:58.0 (70857751)|STATEMENT_EXECUTE|[51]
15:25:58.0 (70859136)|STATEMENT_EXECUTE|[54]
15:25:58.0 (70860260)|STATEMENT_EXECUTE|[55]
15:25:58.0 (70865885)|HEAP_ALLOCATE|[55]|Bytes:2
15:25:58.0 (70877888)|HEAP_ALLOCATE|[55]|Bytes:2
15:25:58.0 (70883374)|HEAP_ALLOCATE|[55]|Bytes:5
15:25:58.0 (70888288)|HEAP_ALLOCATE|[55]|Bytes:2
15:25:58.0 (70895747)|HEAP_ALLOCATE|[55]|Bytes:2
15:25:58.0 (70900944)|HEAP_ALLOCATE|[55]|Bytes:5
15:25:58.0 (70905529)|HEAP_ALLOCATE|[EXTERNAL]|Bytes:4
15:25:58.0 (70908941)|HEAP_ALLOCATE|[51]|Bytes:4
15:25:58.0 (70912489)|VARIABLE_ASSIGNMENT|[51]|j|60
15:25:58.0 (70916054)|HEAP_ALLOCATE|[50]|Bytes:4
15:25:58.0 (70918994)|VARIABLE_ASSIGNMENT|[50]|i|21
15:25:58.0 (70920824)|STATEMENT_EXECUTE|[50]
15:25:58.0 (70922072)|STATEMENT_EXECUTE|[51]
15:25:58.0 (70923697)|VARIABLE_SCOPE_BEGIN|[51]|j|Integer|false|false
15:25:58.0 (70925335)|HEAP_ALLOCATE|[51]|Bytes:4
15:25:58.0 (70927562)|VARIABLE_ASSIGNMENT|[51]|j|0
15:25:58.0 (70928995)|STATEMENT_EXECUTE|[51]
15:25:58.0 (70930258)|STATEMENT_EXECUTE|[52]
15:25:58.0 (70931221)|STATEMENT_EXECUTE|[53]
15:25:58.0 (70941243)|HEAP_ALLOCATE|[53]|Bytes:2
15:25:58.0 (70949107)|HEAP_ALLOCATE|[53]|Bytes:1
15:25:58.0 (70954459)|HEAP_ALLOCATE|[53]|Bytes:5
15:25:58.0 (70959249)|HEAP_ALLOCATE|[53]|Bytes:2
15:25:58.0 (70966421)|HEAP_ALLOCATE|[53]|Bytes:1
15:25:58.0 (70971285)|HEAP_ALLOCATE|[53]|Bytes:5
15:25:58.0 (70975953)|HEAP_ALLOCATE|[EXTERNAL]|Bytes:4
15:25:58.0 (70979276)|HEAP_ALLOCATE|[51]|Bytes:4
15:25:58.0 (70982000)|VARIABLE_ASSIGNMENT|[51]|j|30
15:25:58.0 (70983646)|STATEMENT_EXECUTE|[51]
15:25:58.0 (70985199)|STATEMENT_EXECUTE|[54]
15:25:58.0 (70986248)|STATEMENT_EXECUTE|[55]
15:25:58.0 (70996692)|HEAP_ALLOCATE|[55]|Bytes:2
15:25:58.0 (71005131)|HEAP_ALLOCATE|[55]|Bytes:2
15:25:58.0 (71010576)|HEAP_ALLOCATE|[55]|Bytes:5
15:25:58.0 (71018713)|HEAP_ALLOCATE|[55]|Bytes:2
15:25:58.0 (71026249)|HEAP_ALLOCATE|[55]|Bytes:2
15:25:58.0 (71031232)|HEAP_ALLOCATE|[55]|Bytes:5
15:25:58.0 (71035986)|HEAP_ALLOCATE|[EXTERNAL]|Bytes:4
15:25:58.0 (71039521)|HEAP_ALLOCATE|[51]|Bytes:4
15:25:58.0 (71042436)|VARIABLE_ASSIGNMENT|[51]|j|60
15:25:58.0 (71044501)|HEAP_ALLOCATE|[50]|Bytes:4
15:25:58.0 (71046771)|VARIABLE_ASSIGNMENT|[50]|i|22
15:25:58.0 (71048558)|STATEMENT_EXECUTE|[50]
15:25:58.0 (71049781)|STATEMENT_EXECUTE|[51]
15:25:58.0 (71051476)|VARIABLE_SCOPE_BEGIN|[51]|j|Integer|false|false
15:25:58.0 (71053457)|HEAP_ALLOCATE|[51]|Bytes:4
15:25:58.0 (71056953)|VARIABLE_ASSIGNMENT|[51]|j|0
15:25:58.0 (71058605)|STATEMENT_EXECUTE|[51]
15:25:58.0 (71059897)|STATEMENT_EXECUTE|[52]
15:25:58.0 (71060847)|STATEMENT_EXECUTE|[53]
15:25:58.0 (71067060)|HEAP_ALLOCATE|[53]|Bytes:2
15:25:58.0 (71074851)|HEAP_ALLOCATE|[53]|Bytes:1
15:25:58.0 (71082986)|HEAP_ALLOCATE|[53]|Bytes:5
15:25:58.0 (71088223)|HEAP_ALLOCATE|[53]|Bytes:2
15:25:58.0 (71095395)|HEAP_ALLOCATE|[53]|Bytes:1
15:25:58.0 (71100334)|HEAP_ALLOCATE|[53]|Bytes:5
15:25:58.0 (71104993)|HEAP_ALLOCATE|[EXTERNAL]|Bytes:4
15:25:58.0 (71108612)|HEAP_ALLOCATE|[51]|Bytes:4
15:25:58.0 (71111265)|VARIABLE_ASSIGNMENT|[51]|j|30
15:25:58.0 (71112997)|STATEMENT_EXECUTE|[51]
15:25:58.0 (71114303)|STATEMENT_EXECUTE|[54]
15:25:58.0 (71115261)|STATEMENT_EXECUTE|[55]
15:25:58.0 (71120618)|HEAP_ALLOCATE|[55]|Bytes:2
15:25:58.0 (71130020)|HEAP_ALLOCATE|[55]|Bytes:2
15:25:58.0 (71135127)|HEAP_ALLOCATE|[55]|Bytes:5
15:25:58.0 (71139902)|HEAP_ALLOCATE|[55]|Bytes:2
15:25:58.0 (71147052)|HEAP_ALLOCATE|[55]|Bytes:2
15:25:58.0 (71155322)|HEAP_ALLOCATE|[55]|Bytes:5
15:25:58.0 (71159796)|HEAP_ALLOCATE|[EXTERNAL]|Bytes:4
15:25:58.0 (71163076)|HEAP_ALLOCATE|[51]|Bytes:4
15:25:58.0 (71165931)|VARIABLE_ASSIGNMENT|[51]|j|60
15:25:58.0 (71168355)|HEAP_ALLOCATE|[50]|Bytes:4
15:25:58.0 (71170608)|VARIABLE_ASSIGNMENT|[50]|i|23
15:25:58.0 (71172547)|STATEMENT_EXECUTE|[50]
15:25:58.0 (71173772)|STATEMENT_EXECUTE|[51]
15:25:58.0 (71175373)|VARIABLE_SCOPE_BEGIN|[51]|j|Integer|false|false
15:25:58.0 (71176841)|HEAP_ALLOCATE|[51]|Bytes:4
15:25:58.0 (71179069)|VARIABLE_ASSIGNMENT|[51]|j|0
15:25:58.0 (71180532)|STATEMENT_EXECUTE|[51]
15:25:58.0 (71181787)|STATEMENT_EXECUTE|[52]
15:25:58.0 (71182835)|STATEMENT_EXECUTE|[53]
15:25:58.0 (71188577)|HEAP_ALLOCATE|[53]|Bytes:2
15:25:58.0 (71198208)|HEAP_ALLOCATE|[53]|Bytes:1
15:25:58.0 (71203230)|HEAP_ALLOCATE|[53]|Bytes:5
15:25:58.0 (71207884)|HEAP_ALLOCATE|[53]|Bytes:2
15:25:58.0 (71217875)|HEAP_ALLOCATE|[53]|Bytes:1
15:25:58.0 (71223273)|HEAP_ALLOCATE|[53]|Bytes:5
15:25:58.0 (71228044)|HEAP_ALLOCATE|[EXTERNAL]|Bytes:4
15:25:58.0 (71231433)|HEAP_ALLOCATE|[51]|Bytes:4
15:25:58.0 (71234153)|VARIABLE_ASSIGNMENT|[51]|j|30
15:25:58.0 (71235836)|STATEMENT_EXECUTE|[51]
15:25:58.0 (71237462)|STATEMENT_EXECUTE|[54]
15:25:58.0 (71238576)|STATEMENT_EXECUTE|[55]
15:25:58.0 (71243941)|HEAP_ALLOCATE|[55]|Bytes:2
15:25:58.0 (71251328)|HEAP_ALLOCATE|[55]|Bytes:2
15:25:58.0 (71256367)|HEAP_ALLOCATE|[55]|Bytes:5
15:25:58.0 (71262592)|HEAP_ALLOCATE|[55]|Bytes:2
15:25:58.0 (71270476)|HEAP_ALLOCATE|[55]|Bytes:2
15:25:58.0 (71275529)|HEAP_ALLOCATE|[55]|Bytes:5
15:25:58.0 (71279971)|HEAP_ALLOCATE|[EXTERNAL]|Bytes:4
15:25:58.0 (71283086)|HEAP_ALLOCATE|[51]|Bytes:4
15:25:58.0 (71290315)|VARIABLE_ASSIGNMENT|[51]|j|60
15:25:58.0 (71292433)|HEAP_ALLOCATE|[50]|Bytes:4
15:25:58.0 (71294921)|VARIABLE_ASSIGNMENT|[50]|i|24
15:25:58.0 (71296745)|STATEMENT_EXECUTE|[59]
15:25:58.0 (71492165)|SYSTEM_MODE_ENTER|true
15:25:58.0 (71517664)|HEAP_ALLOCATE|[EXTERNAL]|Bytes:80
15:25:58.0 (71568645)|VARIABLE_ASSIGNMENT|[EXTERNAL]|this|{"delToHub":true,"delToProj":false,"detail":"0x18e3cf8","invoked":false,"rejected":false,"reserved":false,"sublocations1":"0x6deedb9a","www":"0x502d3548","wwwById":"0x7674742a"}|0x34d6354e
15:25:58.0 (71575149)|STATEMENT_EXECUTE|[78]
15:25:58.0 (71579028)|STATEMENT_EXECUTE|[80]
15:25:58.0 (71580141)|STATEMENT_EXECUTE|[81]
15:25:58.0 (71583276)|HEAP_ALLOCATE|[81]|Bytes:4
15:25:58.0 (71590720)|VARIABLE_ASSIGNMENT|[81]|this.selectedTime3|"8:00"|0x34d6354e
15:25:58.0 (71592833)|STATEMENT_EXECUTE|[83]
15:25:58.0 (81831458)|VF_SERIALIZE_VIEWSTATE_BEGIN|06624000003h0Dg
15:25:58.0 (85967279)|VF_SERIALIZE_VIEWSTATE_END
15:25:58.88 (88630946)|CUMULATIVE_LIMIT_USAGE
15:25:58.88 (88630946)|LIMIT_USAGE_FOR_NS|(default)|
  Number of SOQL queries: 3 out of 100
  Number of query rows: 13 out of 50000
  Number of SOSL queries: 0 out of 20
  Number of DML statements: 0 out of 150
  Number of DML rows: 0 out of 10000
  Maximum CPU time: 0 out of 10000
  Maximum heap size: 0 out of 6000000
  Number of callouts: 0 out of 100
  Number of Email Invocations: 0 out of 10
  Number of future calls: 0 out of 50
  Number of queueable jobs added to the queue: 0 out of 50
  Number of Mobile Apex push calls: 0 out of 10

15:25:58.88 (88630946)|CUMULATIVE_LIMIT_USAGE_END

15:25:58.0 (88667348)|CODE_UNIT_FINISHED|VF: /apex/New_delivered_detail
15:25:58.0 (89458641)|EXECUTION_FINISHED
