38.0 APEX_CODE,DEBUG;APEX_PROFILING,INFO;CALLOUT,INFO;DB,INFO;SYSTEM,DEBUG;VALIDATION,INFO;VISUALFORCE,INFO;WAVE,INFO;WORKFLOW,INFO
10:12:54.0 (325789)|USER_INFO|[EXTERNAL]|00524000001e3Uj|bedrijfsbureau@gsa.nl.sandbox|Midden-Europese standaardtijd|GMT+02:00
10:12:54.0 (355498)|EXECUTION_STARTED
10:12:54.0 (359600)|CODE_UNIT_STARTED|[EXTERNAL]|06624000003h0Dg|VF: /apex/New_delivered_detail
10:12:54.0 (84216524)|SYSTEM_MODE_ENTER|true
10:12:54.0 (115747116)|SOQL_EXECUTE_BEGIN|[175]|Aggregations:0|SELECT Id, Name, DeveloperName FROM RecordType WHERE sObjectType = 'WWW_detail__c'
10:12:54.0 (129838801)|SOQL_EXECUTE_END|[175]|Rows:5
10:12:54.134 (134894017)|SYSTEM_MODE_ENTER|true
10:12:54.135 (135085596)|SYSTEM_MODE_ENTER|true
10:12:54.135 (135295742)|SYSTEM_MODE_ENTER|true
10:12:54.0 (136215098)|SYSTEM_MODE_ENTER|true
10:12:54.0 (136339032)|SYSTEM_MODE_ENTER|true
10:12:54.0 (136433465)|SYSTEM_MODE_ENTER|true
10:12:54.0 (136523360)|SYSTEM_MODE_ENTER|true
10:12:54.0 (136606304)|SYSTEM_MODE_ENTER|true
10:12:54.0 (136724660)|SYSTEM_MODE_ENTER|true
10:12:54.0 (141154784)|SYSTEM_MODE_ENTER|true
10:12:54.160 (160474253)|SYSTEM_MODE_ENTER|true
10:12:54.160 (160751807)|SYSTEM_MODE_ENTER|true
10:12:54.0 (161976176)|SYSTEM_MODE_ENTER|true
10:12:54.0 (192958541)|SYSTEM_MODE_ENTER|false
10:12:54.0 (192968119)|SYSTEM_MODE_EXIT|false
10:12:54.0 (193031683)|SYSTEM_MODE_ENTER|false
10:12:54.0 (193426664)|SOQL_EXECUTE_BEGIN|[35]|Aggregations:0|SELECT Id, Name FROM Projecten__c ORDER BY CreatedDate DESC NULLS FIRST
10:12:54.0 (194922481)|SOQL_EXECUTE_END|[35]|Rows:2
10:12:54.0 (195355379)|SYSTEM_MODE_EXIT|false
10:12:54.0 (197870795)|SYSTEM_MODE_ENTER|true
10:12:54.0 (197929017)|SYSTEM_MODE_ENTER|false
10:12:54.0 (199253786)|SYSTEM_MODE_EXIT|false
10:12:54.0 (199447631)|SYSTEM_MODE_ENTER|true
10:12:54.0 (200347764)|SYSTEM_MODE_ENTER|true
10:12:54.0 (210912655)|VF_SERIALIZE_VIEWSTATE_BEGIN|06624000003h0Dg
10:12:54.0 (214528208)|VF_SERIALIZE_VIEWSTATE_END
10:12:54.218 (218017954)|CUMULATIVE_LIMIT_USAGE
10:12:54.218 (218017954)|LIMIT_USAGE_FOR_NS|(default)|
  Number of SOQL queries: 2 out of 100
  Number of query rows: 7 out of 50000
  Number of SOSL queries: 0 out of 20
  Number of DML statements: 0 out of 150
  Number of DML rows: 0 out of 10000
  Maximum CPU time: 0 out of 10000
  Maximum heap size: 0 out of 6000000
  Number of callouts: 0 out of 100
  Number of Email Invocations: 0 out of 10
  Number of future calls: 0 out of 50
  Number of queueable jobs added to the queue: 0 out of 50
  Number of Mobile Apex push calls: 0 out of 10

10:12:54.218 (218017954)|CUMULATIVE_LIMIT_USAGE_END

10:12:54.0 (218051514)|CODE_UNIT_FINISHED|VF: /apex/New_delivered_detail
10:12:54.0 (219189348)|EXECUTION_FINISHED
