38.0 APEX_CODE,FINEST;APEX_PROFILING,INFO;CALLOUT,INFO;DB,INFO;SYSTEM,DEBUG;VALIDATION,INFO;VISUALFORCE,INFO;WAVE,INFO;WORKFLOW,INFO
13:24:51.0 (58374)|USER_INFO|[EXTERNAL]|00524000001e3Uj|bedrijfsbureau@gsa.nl.sandbox|Midden-Europese standaardtijd|GMT+01:00
13:24:51.0 (85986)|EXECUTION_STARTED
13:24:51.0 (89252)|CODE_UNIT_STARTED|[EXTERNAL]|06624000003h0Dg|VF: /apex/New_delivered_detail
13:24:51.0 (214788)|VF_DESERIALIZE_VIEWSTATE_BEGIN|06624000003h0Dg
13:24:51.0 (3968231)|HEAP_ALLOCATE|[72]|Bytes:3
13:24:51.0 (4006410)|HEAP_ALLOCATE|[77]|Bytes:152
13:24:51.0 (4021012)|HEAP_ALLOCATE|[342]|Bytes:408
13:24:51.0 (4035689)|HEAP_ALLOCATE|[355]|Bytes:408
13:24:51.0 (4049099)|HEAP_ALLOCATE|[467]|Bytes:48
13:24:51.0 (4074611)|HEAP_ALLOCATE|[139]|Bytes:6
13:24:51.0 (4107065)|HEAP_ALLOCATE|[50]|Bytes:5
13:24:51.0 (4126925)|HEAP_ALLOCATE|[56]|Bytes:5
13:24:51.0 (4133279)|HEAP_ALLOCATE|[64]|Bytes:7
13:24:51.0 (8235812)|VF_DESERIALIZE_VIEWSTATE_END
13:24:51.8 (8883630)|SYSTEM_MODE_ENTER|true
13:24:51.8 (8941143)|HEAP_ALLOCATE|[EXTERNAL]|Bytes:38
13:24:51.8 (8947662)|HEAP_ALLOCATE|[EXTERNAL]|Bytes:7
13:24:51.8 (8955144)|SYSTEM_METHOD_ENTRY|[1]|PageMessagesComponentController.PageMessagesComponentController()
13:24:51.8 (8958981)|STATEMENT_EXECUTE|[1]
13:24:51.9 (9692459)|SYSTEM_MODE_ENTER|true
13:24:51.9 (9736168)|HEAP_ALLOCATE|[EXTERNAL]|Bytes:8
13:24:51.9 (9741158)|VARIABLE_SCOPE_BEGIN|[88]|this|ApexPage.PageMessagesComponentController|true|false
13:24:51.9 (9771927)|VARIABLE_ASSIGNMENT|[88]|this|{}|0x31e76820
13:24:51.9 (9774244)|VARIABLE_SCOPE_BEGIN|[88]|escape|Boolean|false|false
13:24:51.9 (9779673)|VARIABLE_ASSIGNMENT|[88]|escape|null
13:24:51.0 (9989538)|SYSTEM_MODE_ENTER|true
13:24:51.0 (10205148)|HEAP_ALLOCATE|[EXTERNAL]|Bytes:11
13:24:51.0 (10214580)|HEAP_ALLOCATE|[EXTERNAL]|Bytes:408
13:24:51.0 (10217644)|HEAP_ALLOCATE|[EXTERNAL]|Bytes:120
13:24:51.0 (10219933)|HEAP_ALLOCATE|[EXTERNAL]|Bytes:108
13:24:51.0 (10225853)|METHOD_ENTRY|[1]|01p2400000DUtXT|NewDeliveredExtension.NewDeliveredExtension()
13:24:51.0 (10228281)|STATEMENT_EXECUTE|[1]
13:24:51.0 (10232151)|STATEMENT_EXECUTE|[1]
13:24:51.0 (10233400)|STATEMENT_EXECUTE|[527]
13:24:51.0 (10237022)|METHOD_EXIT|[1]|NewDeliveredExtension
13:24:51.0 (10240832)|HEAP_ALLOCATE|[EXTERNAL]|Bytes:80
13:24:51.0 (10303379)|VARIABLE_ASSIGNMENT|[EXTERNAL]|this|{"delToHub":true,"delToProj":false,"detail":"0x45cd6ab9","invoked":false,"rejected":false,"reserved":false,"selectedTime3":"8:00","sublocations1":"0x493c18bd","www":"0x59a7a156","wwwById":"0x259e5878"}|0x1abccf3d
13:24:51.0 (10309667)|STATEMENT_EXECUTE|[196]
13:24:51.0 (10312759)|STATEMENT_EXECUTE|[197]
13:24:51.0 (10314709)|STATEMENT_EXECUTE|[200]
13:24:51.0 (10378060)|SYSTEM_MODE_ENTER|true
13:24:51.0 (10396816)|HEAP_ALLOCATE|[EXTERNAL]|Bytes:80
13:24:51.0 (10440608)|VARIABLE_ASSIGNMENT|[EXTERNAL]|this|{"delToHub":true,"delToProj":false,"detail":"0x45cd6ab9","invoked":false,"rejected":false,"reserved":false,"selectedTime3":"8:00","sublocations1":"0x493c18bd","www":"0x59a7a156","wwwById":"0x259e5878"}|0x1abccf3d
13:24:51.0 (10446571)|STATEMENT_EXECUTE|[229]
13:24:51.0 (10449156)|STATEMENT_EXECUTE|[230]
13:24:51.0 (10450352)|STATEMENT_EXECUTE|[233]
13:24:51.0 (10542244)|SYSTEM_MODE_ENTER|true
13:24:51.0 (10561486)|HEAP_ALLOCATE|[EXTERNAL]|Bytes:80
13:24:51.0 (10601653)|VARIABLE_ASSIGNMENT|[EXTERNAL]|this|{"delToHub":true,"delToProj":false,"detail":"0x45cd6ab9","invoked":false,"rejected":false,"reserved":false,"selectedTime3":"8:00","sublocations1":"0x493c18bd","www":"0x59a7a156","wwwById":"0x259e5878"}|0x1abccf3d
13:24:51.0 (10607656)|STATEMENT_EXECUTE|[3]
13:24:51.0 (10610239)|STATEMENT_EXECUTE|[4]
13:24:51.0 (10611919)|STATEMENT_EXECUTE|[9]
13:24:51.0 (19566717)|SYSTEM_MODE_ENTER|true
13:24:51.0 (19592553)|HEAP_ALLOCATE|[EXTERNAL]|Bytes:80
13:24:51.0 (19641190)|VARIABLE_ASSIGNMENT|[EXTERNAL]|this|{"delToHub":true,"delToProj":false,"detail":"0x45cd6ab9","invoked":false,"rejected":false,"reserved":false,"selectedTime3":"8:00","sublocations1":"0x493c18bd","www":"0x59a7a156","wwwById":"0x259e5878"}|0x1abccf3d
13:24:51.0 (19648605)|STATEMENT_EXECUTE|[186]
13:24:51.0 (19651679)|STATEMENT_EXECUTE|[187]
13:24:51.0 (19652820)|STATEMENT_EXECUTE|[190]
13:24:51.0 (20137614)|SYSTEM_MODE_ENTER|true
13:24:51.0 (20160726)|HEAP_ALLOCATE|[EXTERNAL]|Bytes:80
13:24:51.0 (20207694)|VARIABLE_ASSIGNMENT|[EXTERNAL]|this|{"delToHub":true,"delToProj":false,"detail":"0x45cd6ab9","invoked":false,"rejected":false,"reserved":false,"selectedTime3":"8:00","sublocations1":"0x493c18bd","www":"0x59a7a156","wwwById":"0x259e5878"}|0x1abccf3d
13:24:51.0 (20214763)|STATEMENT_EXECUTE|[204]
13:24:51.0 (20217755)|STATEMENT_EXECUTE|[205]
13:24:51.0 (20219201)|STATEMENT_EXECUTE|[208]
13:24:51.0 (20268682)|SYSTEM_MODE_ENTER|true
13:24:51.0 (20285253)|HEAP_ALLOCATE|[EXTERNAL]|Bytes:80
13:24:51.0 (20324023)|VARIABLE_ASSIGNMENT|[EXTERNAL]|this|{"delToHub":true,"delToProj":false,"detail":"0x45cd6ab9","invoked":false,"rejected":false,"reserved":false,"selectedTime3":"8:00","sublocations1":"0x493c18bd","www":"0x59a7a156","wwwById":"0x259e5878"}|0x1abccf3d
13:24:51.0 (20329541)|STATEMENT_EXECUTE|[220]
13:24:51.0 (20331490)|STATEMENT_EXECUTE|[221]
13:24:51.0 (20332522)|STATEMENT_EXECUTE|[224]
13:24:51.0 (20376770)|SYSTEM_MODE_ENTER|true
13:24:51.0 (20391834)|HEAP_ALLOCATE|[EXTERNAL]|Bytes:80
13:24:51.0 (20430108)|VARIABLE_ASSIGNMENT|[EXTERNAL]|this|{"delToHub":true,"delToProj":false,"detail":"0x45cd6ab9","invoked":false,"rejected":false,"reserved":false,"selectedTime3":"8:00","sublocations1":"0x493c18bd","www":"0x59a7a156","wwwById":"0x259e5878"}|0x1abccf3d
13:24:51.0 (20434904)|STATEMENT_EXECUTE|[212]
13:24:51.0 (20437145)|STATEMENT_EXECUTE|[213]
13:24:51.0 (20438574)|STATEMENT_EXECUTE|[216]
13:24:51.0 (20511247)|SYSTEM_MODE_ENTER|true
13:24:51.0 (20529086)|HEAP_ALLOCATE|[EXTERNAL]|Bytes:80
13:24:51.0 (20568205)|VARIABLE_ASSIGNMENT|[EXTERNAL]|this|{"delToHub":true,"delToProj":false,"detail":"0x45cd6ab9","invoked":false,"rejected":false,"reserved":false,"selectedTime3":"8:00","sublocations1":"0x493c18bd","www":"0x59a7a156","wwwById":"0x259e5878"}|0x1abccf3d
13:24:51.0 (20573321)|STATEMENT_EXECUTE|[21]
13:24:51.0 (20575799)|STATEMENT_EXECUTE|[22]
13:24:51.0 (20576877)|STATEMENT_EXECUTE|[26]
13:24:51.0 (39444377)|SYSTEM_MODE_ENTER|true
13:24:51.0 (39470634)|HEAP_ALLOCATE|[EXTERNAL]|Bytes:80
13:24:51.0 (39476880)|VARIABLE_SCOPE_BEGIN|[48]|this|NewDeliveredExtension|true|false
13:24:51.0 (39527885)|VARIABLE_ASSIGNMENT|[48]|this|{"delToHub":true,"delToProj":false,"detail":"0x45cd6ab9","invoked":false,"rejected":false,"reserved":false,"selectedTime3":"8:00","sublocations1":"0x493c18bd","www":"0x59a7a156","wwwById":"0x259e5878"}|0x1abccf3d
13:24:51.0 (39537438)|STATEMENT_EXECUTE|[48]
13:24:51.0 (39539615)|STATEMENT_EXECUTE|[49]
13:24:51.0 (39549046)|HEAP_ALLOCATE|[49]|Bytes:4
13:24:51.0 (39585388)|VARIABLE_SCOPE_BEGIN|[49]|options|List<System.SelectOption>|true|false
13:24:51.0 (39611900)|HEAP_ALLOCATE|[EXTERNAL]|Bytes:4
13:24:51.0 (39619910)|VARIABLE_ASSIGNMENT|[49]|options|[]|0x57c3c70d
13:24:51.0 (39623385)|STATEMENT_EXECUTE|[50]
13:24:51.0 (39627360)|VARIABLE_SCOPE_BEGIN|[50]|i|Integer|false|false
13:24:51.0 (39630362)|HEAP_ALLOCATE|[50]|Bytes:4
13:24:51.0 (39634522)|VARIABLE_ASSIGNMENT|[50]|i|0
13:24:51.0 (39638962)|STATEMENT_EXECUTE|[50]
13:24:51.0 (39640346)|STATEMENT_EXECUTE|[51]
13:24:51.0 (39641929)|VARIABLE_SCOPE_BEGIN|[51]|j|Integer|false|false
13:24:51.0 (39643751)|HEAP_ALLOCATE|[51]|Bytes:4
13:24:51.0 (39646211)|VARIABLE_ASSIGNMENT|[51]|j|0
13:24:51.0 (39647985)|STATEMENT_EXECUTE|[51]
13:24:51.0 (39649672)|STATEMENT_EXECUTE|[52]
13:24:51.0 (39650701)|STATEMENT_EXECUTE|[53]
13:24:51.0 (39689818)|HEAP_ALLOCATE|[53]|Bytes:1
13:24:51.0 (39698910)|HEAP_ALLOCATE|[53]|Bytes:2
13:24:51.0 (39706166)|HEAP_ALLOCATE|[53]|Bytes:1
13:24:51.0 (39715011)|HEAP_ALLOCATE|[53]|Bytes:4
13:24:51.0 (39720101)|HEAP_ALLOCATE|[53]|Bytes:1
13:24:51.0 (39727597)|HEAP_ALLOCATE|[53]|Bytes:1
13:24:51.0 (39732694)|HEAP_ALLOCATE|[53]|Bytes:4
13:24:51.0 (39760730)|HEAP_ALLOCATE|[EXTERNAL]|Bytes:4
13:24:51.0 (39766298)|HEAP_ALLOCATE|[51]|Bytes:4
13:24:51.0 (39770995)|VARIABLE_ASSIGNMENT|[51]|j|30
13:24:51.0 (39774178)|STATEMENT_EXECUTE|[51]
13:24:51.0 (39775912)|STATEMENT_EXECUTE|[54]
13:24:51.0 (39777044)|STATEMENT_EXECUTE|[55]
13:24:51.0 (39793128)|HEAP_ALLOCATE|[55]|Bytes:1
13:24:51.0 (39799372)|HEAP_ALLOCATE|[55]|Bytes:1
13:24:51.0 (39804733)|HEAP_ALLOCATE|[55]|Bytes:2
13:24:51.0 (39810545)|HEAP_ALLOCATE|[55]|Bytes:4
13:24:51.0 (39815592)|HEAP_ALLOCATE|[55]|Bytes:1
13:24:51.0 (39822886)|HEAP_ALLOCATE|[55]|Bytes:2
13:24:51.0 (39827603)|HEAP_ALLOCATE|[55]|Bytes:4
13:24:51.0 (39838904)|HEAP_ALLOCATE|[EXTERNAL]|Bytes:4
13:24:51.0 (39842858)|HEAP_ALLOCATE|[51]|Bytes:4
13:24:51.0 (39846883)|VARIABLE_ASSIGNMENT|[51]|j|60
13:24:51.0 (39850279)|HEAP_ALLOCATE|[50]|Bytes:4
13:24:51.0 (39853001)|VARIABLE_ASSIGNMENT|[50]|i|1
13:24:51.0 (39855153)|STATEMENT_EXECUTE|[50]
13:24:51.0 (39856585)|STATEMENT_EXECUTE|[51]
13:24:51.0 (39858514)|VARIABLE_SCOPE_BEGIN|[51]|j|Integer|false|false
13:24:51.0 (39860257)|HEAP_ALLOCATE|[51]|Bytes:4
13:24:51.0 (39862541)|VARIABLE_ASSIGNMENT|[51]|j|0
13:24:51.0 (39863987)|STATEMENT_EXECUTE|[51]
13:24:51.0 (39865255)|STATEMENT_EXECUTE|[52]
13:24:51.0 (39866213)|STATEMENT_EXECUTE|[53]
13:24:51.0 (39873475)|HEAP_ALLOCATE|[53]|Bytes:1
13:24:51.0 (39881174)|HEAP_ALLOCATE|[53]|Bytes:1
13:24:51.0 (39886011)|HEAP_ALLOCATE|[53]|Bytes:4
13:24:51.0 (39890599)|HEAP_ALLOCATE|[53]|Bytes:1
13:24:51.0 (39897571)|HEAP_ALLOCATE|[53]|Bytes:1
13:24:51.0 (39902103)|HEAP_ALLOCATE|[53]|Bytes:4
13:24:51.0 (39907381)|HEAP_ALLOCATE|[EXTERNAL]|Bytes:4
13:24:51.0 (39910654)|HEAP_ALLOCATE|[51]|Bytes:4
13:24:51.0 (39913444)|VARIABLE_ASSIGNMENT|[51]|j|30
13:24:51.0 (39915143)|STATEMENT_EXECUTE|[51]
13:24:51.0 (39916801)|STATEMENT_EXECUTE|[54]
13:24:51.0 (39917873)|STATEMENT_EXECUTE|[55]
13:24:51.0 (39923493)|HEAP_ALLOCATE|[55]|Bytes:1
13:24:51.0 (39930925)|HEAP_ALLOCATE|[55]|Bytes:2
13:24:51.0 (39935631)|HEAP_ALLOCATE|[55]|Bytes:4
13:24:51.0 (39940251)|HEAP_ALLOCATE|[55]|Bytes:1
13:24:51.0 (39947245)|HEAP_ALLOCATE|[55]|Bytes:2
13:24:51.0 (39951848)|HEAP_ALLOCATE|[55]|Bytes:4
13:24:51.0 (39956327)|HEAP_ALLOCATE|[EXTERNAL]|Bytes:4
13:24:51.0 (39959443)|HEAP_ALLOCATE|[51]|Bytes:4
13:24:51.0 (39962097)|VARIABLE_ASSIGNMENT|[51]|j|60
13:24:51.0 (39964002)|HEAP_ALLOCATE|[50]|Bytes:4
13:24:51.0 (39966203)|VARIABLE_ASSIGNMENT|[50]|i|2
13:24:51.0 (39967784)|STATEMENT_EXECUTE|[50]
13:24:51.0 (39968876)|STATEMENT_EXECUTE|[51]
13:24:51.0 (39970437)|VARIABLE_SCOPE_BEGIN|[51]|j|Integer|false|false
13:24:51.0 (39971827)|HEAP_ALLOCATE|[51]|Bytes:4
13:24:51.0 (39973974)|VARIABLE_ASSIGNMENT|[51]|j|0
13:24:51.0 (39975316)|STATEMENT_EXECUTE|[51]
13:24:51.0 (39976498)|STATEMENT_EXECUTE|[52]
13:24:51.0 (39977483)|STATEMENT_EXECUTE|[53]
13:24:51.0 (39983283)|HEAP_ALLOCATE|[53]|Bytes:1
13:24:51.0 (39990608)|HEAP_ALLOCATE|[53]|Bytes:1
13:24:51.0 (39995381)|HEAP_ALLOCATE|[53]|Bytes:4
13:24:51.0 (39999965)|HEAP_ALLOCATE|[53]|Bytes:1
13:24:51.0 (40006953)|HEAP_ALLOCATE|[53]|Bytes:1
13:24:51.0 (40012384)|HEAP_ALLOCATE|[53]|Bytes:4
13:24:51.0 (40016563)|HEAP_ALLOCATE|[EXTERNAL]|Bytes:4
13:24:51.0 (40019666)|HEAP_ALLOCATE|[51]|Bytes:4
13:24:51.0 (40022417)|VARIABLE_ASSIGNMENT|[51]|j|30
13:24:51.0 (40024360)|STATEMENT_EXECUTE|[51]
13:24:51.0 (40025693)|STATEMENT_EXECUTE|[54]
13:24:51.0 (40026629)|STATEMENT_EXECUTE|[55]
13:24:51.0 (40032042)|HEAP_ALLOCATE|[55]|Bytes:1
13:24:51.0 (40039302)|HEAP_ALLOCATE|[55]|Bytes:2
13:24:51.0 (40044454)|HEAP_ALLOCATE|[55]|Bytes:4
13:24:51.0 (40049039)|HEAP_ALLOCATE|[55]|Bytes:1
13:24:51.0 (40055980)|HEAP_ALLOCATE|[55]|Bytes:2
13:24:51.0 (40060592)|HEAP_ALLOCATE|[55]|Bytes:4
13:24:51.0 (40064753)|HEAP_ALLOCATE|[EXTERNAL]|Bytes:4
13:24:51.0 (40067825)|HEAP_ALLOCATE|[51]|Bytes:4
13:24:51.0 (40070468)|VARIABLE_ASSIGNMENT|[51]|j|60
13:24:51.0 (40072232)|HEAP_ALLOCATE|[50]|Bytes:4
13:24:51.0 (40074442)|VARIABLE_ASSIGNMENT|[50]|i|3
13:24:51.0 (40075963)|STATEMENT_EXECUTE|[50]
13:24:51.0 (40077120)|STATEMENT_EXECUTE|[51]
13:24:51.0 (40078662)|VARIABLE_SCOPE_BEGIN|[51]|j|Integer|false|false
13:24:51.0 (40079956)|HEAP_ALLOCATE|[51]|Bytes:4
13:24:51.0 (40082132)|VARIABLE_ASSIGNMENT|[51]|j|0
13:24:51.0 (40083514)|STATEMENT_EXECUTE|[51]
13:24:51.0 (40084668)|STATEMENT_EXECUTE|[52]
13:24:51.0 (40085599)|STATEMENT_EXECUTE|[53]
13:24:51.0 (40091011)|HEAP_ALLOCATE|[53]|Bytes:1
13:24:51.0 (40098271)|HEAP_ALLOCATE|[53]|Bytes:1
13:24:51.0 (40103067)|HEAP_ALLOCATE|[53]|Bytes:4
13:24:51.0 (40107661)|HEAP_ALLOCATE|[53]|Bytes:1
13:24:51.0 (40114524)|HEAP_ALLOCATE|[53]|Bytes:1
13:24:51.0 (40119097)|HEAP_ALLOCATE|[53]|Bytes:4
13:24:51.0 (40123279)|HEAP_ALLOCATE|[EXTERNAL]|Bytes:4
13:24:51.0 (40126302)|HEAP_ALLOCATE|[51]|Bytes:4
13:24:51.0 (40128954)|VARIABLE_ASSIGNMENT|[51]|j|30
13:24:51.0 (40130678)|STATEMENT_EXECUTE|[51]
13:24:51.0 (40132240)|STATEMENT_EXECUTE|[54]
13:24:51.0 (40133244)|STATEMENT_EXECUTE|[55]
13:24:51.0 (40138343)|HEAP_ALLOCATE|[55]|Bytes:1
13:24:51.0 (40145705)|HEAP_ALLOCATE|[55]|Bytes:2
13:24:51.0 (40150469)|HEAP_ALLOCATE|[55]|Bytes:4
13:24:51.0 (40155043)|HEAP_ALLOCATE|[55]|Bytes:1
13:24:51.0 (40161898)|HEAP_ALLOCATE|[55]|Bytes:2
13:24:51.0 (40166478)|HEAP_ALLOCATE|[55]|Bytes:4
13:24:51.0 (40170499)|HEAP_ALLOCATE|[EXTERNAL]|Bytes:4
13:24:51.0 (40173382)|HEAP_ALLOCATE|[51]|Bytes:4
13:24:51.0 (40175888)|VARIABLE_ASSIGNMENT|[51]|j|60
13:24:51.0 (40177551)|HEAP_ALLOCATE|[50]|Bytes:4
13:24:51.0 (40179735)|VARIABLE_ASSIGNMENT|[50]|i|4
13:24:51.0 (40181179)|STATEMENT_EXECUTE|[50]
13:24:51.0 (40182295)|STATEMENT_EXECUTE|[51]
13:24:51.0 (40183774)|VARIABLE_SCOPE_BEGIN|[51]|j|Integer|false|false
13:24:51.0 (40185053)|HEAP_ALLOCATE|[51]|Bytes:4
13:24:51.0 (40187167)|VARIABLE_ASSIGNMENT|[51]|j|0
13:24:51.0 (40188504)|STATEMENT_EXECUTE|[51]
13:24:51.0 (40189700)|STATEMENT_EXECUTE|[52]
13:24:51.0 (40190624)|STATEMENT_EXECUTE|[53]
13:24:51.0 (40195965)|HEAP_ALLOCATE|[53]|Bytes:1
13:24:51.0 (40203384)|HEAP_ALLOCATE|[53]|Bytes:1
13:24:51.0 (40208079)|HEAP_ALLOCATE|[53]|Bytes:4
13:24:51.0 (40212807)|HEAP_ALLOCATE|[53]|Bytes:1
13:24:51.0 (40219702)|HEAP_ALLOCATE|[53]|Bytes:1
13:24:51.0 (40224390)|HEAP_ALLOCATE|[53]|Bytes:4
13:24:51.0 (40228322)|HEAP_ALLOCATE|[EXTERNAL]|Bytes:4
13:24:51.0 (40231308)|HEAP_ALLOCATE|[51]|Bytes:4
13:24:51.0 (40233921)|VARIABLE_ASSIGNMENT|[51]|j|30
13:24:51.0 (40235593)|STATEMENT_EXECUTE|[51]
13:24:51.0 (40236852)|STATEMENT_EXECUTE|[54]
13:24:51.0 (40237759)|STATEMENT_EXECUTE|[55]
13:24:51.0 (40243003)|HEAP_ALLOCATE|[55]|Bytes:1
13:24:51.0 (40250265)|HEAP_ALLOCATE|[55]|Bytes:2
13:24:51.0 (40255097)|HEAP_ALLOCATE|[55]|Bytes:4
13:24:51.0 (40259767)|HEAP_ALLOCATE|[55]|Bytes:1
13:24:51.0 (40266684)|HEAP_ALLOCATE|[55]|Bytes:2
13:24:51.0 (40271257)|HEAP_ALLOCATE|[55]|Bytes:4
13:24:51.0 (40275243)|HEAP_ALLOCATE|[EXTERNAL]|Bytes:4
13:24:51.0 (40278169)|HEAP_ALLOCATE|[51]|Bytes:4
13:24:51.0 (40280730)|VARIABLE_ASSIGNMENT|[51]|j|60
13:24:51.0 (40282572)|HEAP_ALLOCATE|[50]|Bytes:4
13:24:51.0 (40284739)|VARIABLE_ASSIGNMENT|[50]|i|5
13:24:51.0 (40286166)|STATEMENT_EXECUTE|[50]
13:24:51.0 (40287310)|STATEMENT_EXECUTE|[51]
13:24:51.0 (40288783)|VARIABLE_SCOPE_BEGIN|[51]|j|Integer|false|false
13:24:51.0 (40290193)|HEAP_ALLOCATE|[51]|Bytes:4
13:24:51.0 (40292284)|VARIABLE_ASSIGNMENT|[51]|j|0
13:24:51.0 (40293641)|STATEMENT_EXECUTE|[51]
13:24:51.0 (40294797)|STATEMENT_EXECUTE|[52]
13:24:51.0 (40295724)|STATEMENT_EXECUTE|[53]
13:24:51.0 (40301773)|HEAP_ALLOCATE|[53]|Bytes:1
13:24:51.0 (40309238)|HEAP_ALLOCATE|[53]|Bytes:1
13:24:51.0 (40313938)|HEAP_ALLOCATE|[53]|Bytes:4
13:24:51.0 (40318510)|HEAP_ALLOCATE|[53]|Bytes:1
13:24:51.0 (40325455)|HEAP_ALLOCATE|[53]|Bytes:1
13:24:51.0 (40330103)|HEAP_ALLOCATE|[53]|Bytes:4
13:24:51.0 (40334177)|HEAP_ALLOCATE|[EXTERNAL]|Bytes:4
13:24:51.0 (40337265)|HEAP_ALLOCATE|[51]|Bytes:4
13:24:51.0 (40339838)|VARIABLE_ASSIGNMENT|[51]|j|30
13:24:51.0 (40341539)|STATEMENT_EXECUTE|[51]
13:24:51.0 (40342781)|STATEMENT_EXECUTE|[54]
13:24:51.0 (40344001)|STATEMENT_EXECUTE|[55]
13:24:51.0 (40349252)|HEAP_ALLOCATE|[55]|Bytes:1
13:24:51.0 (40356354)|HEAP_ALLOCATE|[55]|Bytes:2
13:24:51.0 (40361076)|HEAP_ALLOCATE|[55]|Bytes:4
13:24:51.0 (40365573)|HEAP_ALLOCATE|[55]|Bytes:1
13:24:51.0 (40372514)|HEAP_ALLOCATE|[55]|Bytes:2
13:24:51.0 (40377076)|HEAP_ALLOCATE|[55]|Bytes:4
13:24:51.0 (40381158)|HEAP_ALLOCATE|[EXTERNAL]|Bytes:4
13:24:51.0 (40383964)|HEAP_ALLOCATE|[51]|Bytes:4
13:24:51.0 (40386562)|VARIABLE_ASSIGNMENT|[51]|j|60
13:24:51.0 (40388288)|HEAP_ALLOCATE|[50]|Bytes:4
13:24:51.0 (40390436)|VARIABLE_ASSIGNMENT|[50]|i|6
13:24:51.0 (40391868)|STATEMENT_EXECUTE|[50]
13:24:51.0 (40393044)|STATEMENT_EXECUTE|[51]
13:24:51.0 (40394627)|VARIABLE_SCOPE_BEGIN|[51]|j|Integer|false|false
13:24:51.0 (40395880)|HEAP_ALLOCATE|[51]|Bytes:4
13:24:51.0 (40397995)|VARIABLE_ASSIGNMENT|[51]|j|0
13:24:51.0 (40399338)|STATEMENT_EXECUTE|[51]
13:24:51.0 (40400486)|STATEMENT_EXECUTE|[52]
13:24:51.0 (40401448)|STATEMENT_EXECUTE|[53]
13:24:51.0 (40406871)|HEAP_ALLOCATE|[53]|Bytes:1
13:24:51.0 (40414119)|HEAP_ALLOCATE|[53]|Bytes:1
13:24:51.0 (40419350)|HEAP_ALLOCATE|[53]|Bytes:4
13:24:51.0 (40424060)|HEAP_ALLOCATE|[53]|Bytes:1
13:24:51.0 (40431080)|HEAP_ALLOCATE|[53]|Bytes:1
13:24:51.0 (40435672)|HEAP_ALLOCATE|[53]|Bytes:4
13:24:51.0 (40439835)|HEAP_ALLOCATE|[EXTERNAL]|Bytes:4
13:24:51.0 (40442851)|HEAP_ALLOCATE|[51]|Bytes:4
13:24:51.0 (40445419)|VARIABLE_ASSIGNMENT|[51]|j|30
13:24:51.0 (40447006)|STATEMENT_EXECUTE|[51]
13:24:51.0 (40448247)|STATEMENT_EXECUTE|[54]
13:24:51.0 (40449166)|STATEMENT_EXECUTE|[55]
13:24:51.0 (40454236)|HEAP_ALLOCATE|[55]|Bytes:1
13:24:51.0 (40461411)|HEAP_ALLOCATE|[55]|Bytes:2
13:24:51.0 (40466156)|HEAP_ALLOCATE|[55]|Bytes:4
13:24:51.0 (40470653)|HEAP_ALLOCATE|[55]|Bytes:1
13:24:51.0 (40477592)|HEAP_ALLOCATE|[55]|Bytes:2
13:24:51.0 (40482174)|HEAP_ALLOCATE|[55]|Bytes:4
13:24:51.0 (40486284)|HEAP_ALLOCATE|[EXTERNAL]|Bytes:4
13:24:51.0 (40489182)|HEAP_ALLOCATE|[51]|Bytes:4
13:24:51.0 (40491656)|VARIABLE_ASSIGNMENT|[51]|j|60
13:24:51.0 (40493810)|HEAP_ALLOCATE|[50]|Bytes:4
13:24:51.0 (40496061)|VARIABLE_ASSIGNMENT|[50]|i|7
13:24:51.0 (40497603)|STATEMENT_EXECUTE|[50]
13:24:51.0 (40498713)|STATEMENT_EXECUTE|[51]
13:24:51.0 (40504729)|VARIABLE_SCOPE_BEGIN|[51]|j|Integer|false|false
13:24:51.0 (40506040)|HEAP_ALLOCATE|[51]|Bytes:4
13:24:51.0 (40508233)|VARIABLE_ASSIGNMENT|[51]|j|0
13:24:51.0 (40509609)|STATEMENT_EXECUTE|[51]
13:24:51.0 (40510796)|STATEMENT_EXECUTE|[52]
13:24:51.0 (40511729)|STATEMENT_EXECUTE|[53]
13:24:51.0 (40517756)|HEAP_ALLOCATE|[53]|Bytes:1
13:24:51.0 (40525048)|HEAP_ALLOCATE|[53]|Bytes:1
13:24:51.0 (40529850)|HEAP_ALLOCATE|[53]|Bytes:4
13:24:51.0 (40534577)|HEAP_ALLOCATE|[53]|Bytes:1
13:24:51.0 (40541487)|HEAP_ALLOCATE|[53]|Bytes:1
13:24:51.0 (40546153)|HEAP_ALLOCATE|[53]|Bytes:4
13:24:51.0 (40550615)|HEAP_ALLOCATE|[EXTERNAL]|Bytes:4
13:24:51.0 (40553697)|HEAP_ALLOCATE|[51]|Bytes:4
13:24:51.0 (40556370)|VARIABLE_ASSIGNMENT|[51]|j|30
13:24:51.0 (40558148)|STATEMENT_EXECUTE|[51]
13:24:51.0 (40559414)|STATEMENT_EXECUTE|[54]
13:24:51.0 (40560799)|STATEMENT_EXECUTE|[55]
13:24:51.0 (40566456)|HEAP_ALLOCATE|[55]|Bytes:1
13:24:51.0 (40573863)|HEAP_ALLOCATE|[55]|Bytes:2
13:24:51.0 (40578729)|HEAP_ALLOCATE|[55]|Bytes:4
13:24:51.0 (40583524)|HEAP_ALLOCATE|[55]|Bytes:1
13:24:51.0 (40590543)|HEAP_ALLOCATE|[55]|Bytes:2
13:24:51.0 (40595196)|HEAP_ALLOCATE|[55]|Bytes:4
13:24:51.0 (40599513)|HEAP_ALLOCATE|[EXTERNAL]|Bytes:4
13:24:51.0 (40602723)|HEAP_ALLOCATE|[51]|Bytes:4
13:24:51.0 (40605344)|VARIABLE_ASSIGNMENT|[51]|j|60
13:24:51.0 (40607046)|HEAP_ALLOCATE|[50]|Bytes:4
13:24:51.0 (40609195)|VARIABLE_ASSIGNMENT|[50]|i|8
13:24:51.0 (40610674)|STATEMENT_EXECUTE|[50]
13:24:51.0 (40611795)|STATEMENT_EXECUTE|[51]
13:24:51.0 (40613274)|VARIABLE_SCOPE_BEGIN|[51]|j|Integer|false|false
13:24:51.0 (40614557)|HEAP_ALLOCATE|[51]|Bytes:4
13:24:51.0 (40616670)|VARIABLE_ASSIGNMENT|[51]|j|0
13:24:51.0 (40617972)|STATEMENT_EXECUTE|[51]
13:24:51.0 (40619125)|STATEMENT_EXECUTE|[52]
13:24:51.0 (40620081)|STATEMENT_EXECUTE|[53]
13:24:51.0 (40625447)|HEAP_ALLOCATE|[53]|Bytes:1
13:24:51.0 (40633014)|HEAP_ALLOCATE|[53]|Bytes:1
13:24:51.0 (40637658)|HEAP_ALLOCATE|[53]|Bytes:4
13:24:51.0 (40642237)|HEAP_ALLOCATE|[53]|Bytes:1
13:24:51.0 (40649189)|HEAP_ALLOCATE|[53]|Bytes:1
13:24:51.0 (40653830)|HEAP_ALLOCATE|[53]|Bytes:4
13:24:51.0 (40658018)|HEAP_ALLOCATE|[EXTERNAL]|Bytes:4
13:24:51.0 (40661103)|HEAP_ALLOCATE|[51]|Bytes:4
13:24:51.0 (40663783)|VARIABLE_ASSIGNMENT|[51]|j|30
13:24:51.0 (40665395)|STATEMENT_EXECUTE|[51]
13:24:51.0 (40666638)|STATEMENT_EXECUTE|[54]
13:24:51.0 (40667553)|STATEMENT_EXECUTE|[55]
13:24:51.0 (40672684)|HEAP_ALLOCATE|[55]|Bytes:1
13:24:51.0 (40679983)|HEAP_ALLOCATE|[55]|Bytes:2
13:24:51.0 (40684699)|HEAP_ALLOCATE|[55]|Bytes:4
13:24:51.0 (40689419)|HEAP_ALLOCATE|[55]|Bytes:1
13:24:51.0 (40696343)|HEAP_ALLOCATE|[55]|Bytes:2
13:24:51.0 (40700918)|HEAP_ALLOCATE|[55]|Bytes:4
13:24:51.0 (40705111)|HEAP_ALLOCATE|[EXTERNAL]|Bytes:4
13:24:51.0 (40708002)|HEAP_ALLOCATE|[51]|Bytes:4
13:24:51.0 (40710528)|VARIABLE_ASSIGNMENT|[51]|j|60
13:24:51.0 (40712569)|HEAP_ALLOCATE|[50]|Bytes:4
13:24:51.0 (40714815)|VARIABLE_ASSIGNMENT|[50]|i|9
13:24:51.0 (40716390)|STATEMENT_EXECUTE|[50]
13:24:51.0 (40717547)|STATEMENT_EXECUTE|[51]
13:24:51.0 (40719227)|VARIABLE_SCOPE_BEGIN|[51]|j|Integer|false|false
13:24:51.0 (40720429)|HEAP_ALLOCATE|[51]|Bytes:4
13:24:51.0 (40722534)|VARIABLE_ASSIGNMENT|[51]|j|0
13:24:51.0 (40723876)|STATEMENT_EXECUTE|[51]
13:24:51.0 (40725055)|STATEMENT_EXECUTE|[52]
13:24:51.0 (40725979)|STATEMENT_EXECUTE|[53]
13:24:51.0 (40731295)|HEAP_ALLOCATE|[53]|Bytes:1
13:24:51.0 (40738588)|HEAP_ALLOCATE|[53]|Bytes:1
13:24:51.0 (40743321)|HEAP_ALLOCATE|[53]|Bytes:4
13:24:51.0 (40747893)|HEAP_ALLOCATE|[53]|Bytes:1
13:24:51.0 (40754967)|HEAP_ALLOCATE|[53]|Bytes:1
13:24:51.0 (40759459)|HEAP_ALLOCATE|[53]|Bytes:4
13:24:51.0 (40763540)|HEAP_ALLOCATE|[EXTERNAL]|Bytes:4
13:24:51.0 (40766614)|HEAP_ALLOCATE|[51]|Bytes:4
13:24:51.0 (40769249)|VARIABLE_ASSIGNMENT|[51]|j|30
13:24:51.0 (40770901)|STATEMENT_EXECUTE|[51]
13:24:51.0 (40772254)|STATEMENT_EXECUTE|[54]
13:24:51.0 (40773480)|STATEMENT_EXECUTE|[55]
13:24:51.0 (40778745)|HEAP_ALLOCATE|[55]|Bytes:1
13:24:51.0 (40785938)|HEAP_ALLOCATE|[55]|Bytes:2
13:24:51.0 (40790779)|HEAP_ALLOCATE|[55]|Bytes:4
13:24:51.0 (40795356)|HEAP_ALLOCATE|[55]|Bytes:1
13:24:51.0 (40802527)|HEAP_ALLOCATE|[55]|Bytes:2
13:24:51.0 (40807129)|HEAP_ALLOCATE|[55]|Bytes:4
13:24:51.0 (40811166)|HEAP_ALLOCATE|[EXTERNAL]|Bytes:4
13:24:51.0 (40814098)|HEAP_ALLOCATE|[51]|Bytes:4
13:24:51.0 (40816651)|VARIABLE_ASSIGNMENT|[51]|j|60
13:24:51.0 (40818301)|HEAP_ALLOCATE|[50]|Bytes:4
13:24:51.0 (40820443)|VARIABLE_ASSIGNMENT|[50]|i|10
13:24:51.0 (40821996)|STATEMENT_EXECUTE|[50]
13:24:51.0 (40823171)|STATEMENT_EXECUTE|[51]
13:24:51.0 (40824634)|VARIABLE_SCOPE_BEGIN|[51]|j|Integer|false|false
13:24:51.0 (40825831)|HEAP_ALLOCATE|[51]|Bytes:4
13:24:51.0 (40828085)|VARIABLE_ASSIGNMENT|[51]|j|0
13:24:51.0 (40829454)|STATEMENT_EXECUTE|[51]
13:24:51.0 (40830666)|STATEMENT_EXECUTE|[52]
13:24:51.0 (40831585)|STATEMENT_EXECUTE|[53]
13:24:51.0 (40836869)|HEAP_ALLOCATE|[53]|Bytes:2
13:24:51.0 (40844461)|HEAP_ALLOCATE|[53]|Bytes:1
13:24:51.0 (40849185)|HEAP_ALLOCATE|[53]|Bytes:5
13:24:51.0 (40853749)|HEAP_ALLOCATE|[53]|Bytes:2
13:24:51.0 (40860577)|HEAP_ALLOCATE|[53]|Bytes:1
13:24:51.0 (40865243)|HEAP_ALLOCATE|[53]|Bytes:5
13:24:51.0 (40869406)|HEAP_ALLOCATE|[EXTERNAL]|Bytes:4
13:24:51.0 (40872484)|HEAP_ALLOCATE|[51]|Bytes:4
13:24:51.0 (40875397)|VARIABLE_ASSIGNMENT|[51]|j|30
13:24:51.0 (40877004)|STATEMENT_EXECUTE|[51]
13:24:51.0 (40878262)|STATEMENT_EXECUTE|[54]
13:24:51.0 (40879224)|STATEMENT_EXECUTE|[55]
13:24:51.0 (40884550)|HEAP_ALLOCATE|[55]|Bytes:2
13:24:51.0 (40891730)|HEAP_ALLOCATE|[55]|Bytes:2
13:24:51.0 (40896470)|HEAP_ALLOCATE|[55]|Bytes:5
13:24:51.0 (40901064)|HEAP_ALLOCATE|[55]|Bytes:2
13:24:51.0 (40907974)|HEAP_ALLOCATE|[55]|Bytes:2
13:24:51.0 (40912513)|HEAP_ALLOCATE|[55]|Bytes:5
13:24:51.0 (40916494)|HEAP_ALLOCATE|[EXTERNAL]|Bytes:4
13:24:51.0 (40919347)|HEAP_ALLOCATE|[51]|Bytes:4
13:24:51.0 (40921881)|VARIABLE_ASSIGNMENT|[51]|j|60
13:24:51.0 (40923566)|HEAP_ALLOCATE|[50]|Bytes:4
13:24:51.0 (40926096)|VARIABLE_ASSIGNMENT|[50]|i|11
13:24:51.0 (40927573)|STATEMENT_EXECUTE|[50]
13:24:51.0 (40928836)|STATEMENT_EXECUTE|[51]
13:24:51.0 (40930384)|VARIABLE_SCOPE_BEGIN|[51]|j|Integer|false|false
13:24:51.0 (40931636)|HEAP_ALLOCATE|[51]|Bytes:4
13:24:51.0 (40933808)|VARIABLE_ASSIGNMENT|[51]|j|0
13:24:51.0 (40935244)|STATEMENT_EXECUTE|[51]
13:24:51.0 (40936439)|STATEMENT_EXECUTE|[52]
13:24:51.0 (40937362)|STATEMENT_EXECUTE|[53]
13:24:51.0 (40942637)|HEAP_ALLOCATE|[53]|Bytes:2
13:24:51.0 (40949776)|HEAP_ALLOCATE|[53]|Bytes:1
13:24:51.0 (40954400)|HEAP_ALLOCATE|[53]|Bytes:5
13:24:51.0 (40958909)|HEAP_ALLOCATE|[53]|Bytes:2
13:24:51.0 (40965714)|HEAP_ALLOCATE|[53]|Bytes:1
13:24:51.0 (40970259)|HEAP_ALLOCATE|[53]|Bytes:5
13:24:51.0 (40974300)|HEAP_ALLOCATE|[EXTERNAL]|Bytes:4
13:24:51.0 (40977514)|HEAP_ALLOCATE|[51]|Bytes:4
13:24:51.0 (40980040)|VARIABLE_ASSIGNMENT|[51]|j|30
13:24:51.0 (40981651)|STATEMENT_EXECUTE|[51]
13:24:51.0 (40982906)|STATEMENT_EXECUTE|[54]
13:24:51.0 (40984125)|STATEMENT_EXECUTE|[55]
13:24:51.0 (40989313)|HEAP_ALLOCATE|[55]|Bytes:2
13:24:51.0 (40996396)|HEAP_ALLOCATE|[55]|Bytes:2
13:24:51.0 (41001159)|HEAP_ALLOCATE|[55]|Bytes:5
13:24:51.0 (41006333)|HEAP_ALLOCATE|[55]|Bytes:2
13:24:51.0 (41013351)|HEAP_ALLOCATE|[55]|Bytes:2
13:24:51.0 (41017881)|HEAP_ALLOCATE|[55]|Bytes:5
13:24:51.0 (41021957)|HEAP_ALLOCATE|[EXTERNAL]|Bytes:4
13:24:51.0 (41024866)|HEAP_ALLOCATE|[51]|Bytes:4
13:24:51.0 (41027432)|VARIABLE_ASSIGNMENT|[51]|j|60
13:24:51.0 (41029095)|HEAP_ALLOCATE|[50]|Bytes:4
13:24:51.0 (41031433)|VARIABLE_ASSIGNMENT|[50]|i|12
13:24:51.0 (41032961)|STATEMENT_EXECUTE|[50]
13:24:51.0 (41034140)|STATEMENT_EXECUTE|[51]
13:24:51.0 (41035592)|VARIABLE_SCOPE_BEGIN|[51]|j|Integer|false|false
13:24:51.0 (41036883)|HEAP_ALLOCATE|[51]|Bytes:4
13:24:51.0 (41039115)|VARIABLE_ASSIGNMENT|[51]|j|0
13:24:51.0 (41040466)|STATEMENT_EXECUTE|[51]
13:24:51.0 (41041666)|STATEMENT_EXECUTE|[52]
13:24:51.0 (41042592)|STATEMENT_EXECUTE|[53]
13:24:51.0 (41047957)|HEAP_ALLOCATE|[53]|Bytes:2
13:24:51.0 (41055408)|HEAP_ALLOCATE|[53]|Bytes:1
13:24:51.0 (41060083)|HEAP_ALLOCATE|[53]|Bytes:5
13:24:51.0 (41064587)|HEAP_ALLOCATE|[53]|Bytes:2
13:24:51.0 (41071428)|HEAP_ALLOCATE|[53]|Bytes:1
13:24:51.0 (41075945)|HEAP_ALLOCATE|[53]|Bytes:5
13:24:51.0 (41080034)|HEAP_ALLOCATE|[EXTERNAL]|Bytes:4
13:24:51.0 (41083121)|HEAP_ALLOCATE|[51]|Bytes:4
13:24:51.0 (41085834)|VARIABLE_ASSIGNMENT|[51]|j|30
13:24:51.0 (41087504)|STATEMENT_EXECUTE|[51]
13:24:51.0 (41088772)|STATEMENT_EXECUTE|[54]
13:24:51.0 (41089701)|STATEMENT_EXECUTE|[55]
13:24:51.0 (41094923)|HEAP_ALLOCATE|[55]|Bytes:2
13:24:51.0 (41102173)|HEAP_ALLOCATE|[55]|Bytes:2
13:24:51.0 (41106964)|HEAP_ALLOCATE|[55]|Bytes:5
13:24:51.0 (41111485)|HEAP_ALLOCATE|[55]|Bytes:2
13:24:51.0 (41118348)|HEAP_ALLOCATE|[55]|Bytes:2
13:24:51.0 (41122958)|HEAP_ALLOCATE|[55]|Bytes:5
13:24:51.0 (41127103)|HEAP_ALLOCATE|[EXTERNAL]|Bytes:4
13:24:51.0 (41129960)|HEAP_ALLOCATE|[51]|Bytes:4
13:24:51.0 (41132543)|VARIABLE_ASSIGNMENT|[51]|j|60
13:24:51.0 (41134253)|HEAP_ALLOCATE|[50]|Bytes:4
13:24:51.0 (41136578)|VARIABLE_ASSIGNMENT|[50]|i|13
13:24:51.0 (41138017)|STATEMENT_EXECUTE|[50]
13:24:51.0 (41139191)|STATEMENT_EXECUTE|[51]
13:24:51.0 (41140623)|VARIABLE_SCOPE_BEGIN|[51]|j|Integer|false|false
13:24:51.0 (41141881)|HEAP_ALLOCATE|[51]|Bytes:4
13:24:51.0 (41144003)|VARIABLE_ASSIGNMENT|[51]|j|0
13:24:51.0 (41145358)|STATEMENT_EXECUTE|[51]
13:24:51.0 (41146547)|STATEMENT_EXECUTE|[52]
13:24:51.0 (41147492)|STATEMENT_EXECUTE|[53]
13:24:51.0 (41152914)|HEAP_ALLOCATE|[53]|Bytes:2
13:24:51.0 (41160120)|HEAP_ALLOCATE|[53]|Bytes:1
13:24:51.0 (41164911)|HEAP_ALLOCATE|[53]|Bytes:5
13:24:51.0 (41169469)|HEAP_ALLOCATE|[53]|Bytes:2
13:24:51.0 (41176359)|HEAP_ALLOCATE|[53]|Bytes:1
13:24:51.0 (41180885)|HEAP_ALLOCATE|[53]|Bytes:5
13:24:51.0 (41185149)|HEAP_ALLOCATE|[EXTERNAL]|Bytes:4
13:24:51.0 (41188103)|HEAP_ALLOCATE|[51]|Bytes:4
13:24:51.0 (41190642)|VARIABLE_ASSIGNMENT|[51]|j|30
13:24:51.0 (41192277)|STATEMENT_EXECUTE|[51]
13:24:51.0 (41193649)|STATEMENT_EXECUTE|[54]
13:24:51.0 (41194605)|STATEMENT_EXECUTE|[55]
13:24:51.0 (41199963)|HEAP_ALLOCATE|[55]|Bytes:2
13:24:51.0 (41207230)|HEAP_ALLOCATE|[55]|Bytes:2
13:24:51.0 (41211910)|HEAP_ALLOCATE|[55]|Bytes:5
13:24:51.0 (41216425)|HEAP_ALLOCATE|[55]|Bytes:2
13:24:51.0 (41223390)|HEAP_ALLOCATE|[55]|Bytes:2
13:24:51.0 (41227959)|HEAP_ALLOCATE|[55]|Bytes:5
13:24:51.0 (41232029)|HEAP_ALLOCATE|[EXTERNAL]|Bytes:4
13:24:51.0 (41234890)|HEAP_ALLOCATE|[51]|Bytes:4
13:24:51.0 (41237458)|VARIABLE_ASSIGNMENT|[51]|j|60
13:24:51.0 (41239052)|HEAP_ALLOCATE|[50]|Bytes:4
13:24:51.0 (41241259)|VARIABLE_ASSIGNMENT|[50]|i|14
13:24:51.0 (41242731)|STATEMENT_EXECUTE|[50]
13:24:51.0 (41243864)|STATEMENT_EXECUTE|[51]
13:24:51.0 (41245305)|VARIABLE_SCOPE_BEGIN|[51]|j|Integer|false|false
13:24:51.0 (41246584)|HEAP_ALLOCATE|[51]|Bytes:4
13:24:51.0 (41248700)|VARIABLE_ASSIGNMENT|[51]|j|0
13:24:51.0 (41250031)|STATEMENT_EXECUTE|[51]
13:24:51.0 (41251220)|STATEMENT_EXECUTE|[52]
13:24:51.0 (41252133)|STATEMENT_EXECUTE|[53]
13:24:51.0 (41257515)|HEAP_ALLOCATE|[53]|Bytes:2
13:24:51.0 (41265225)|HEAP_ALLOCATE|[53]|Bytes:1
13:24:51.0 (41269874)|HEAP_ALLOCATE|[53]|Bytes:5
13:24:51.0 (41274636)|HEAP_ALLOCATE|[53]|Bytes:2
13:24:51.0 (41281457)|HEAP_ALLOCATE|[53]|Bytes:1
13:24:51.0 (41286223)|HEAP_ALLOCATE|[53]|Bytes:5
13:24:51.0 (41290446)|HEAP_ALLOCATE|[EXTERNAL]|Bytes:4
13:24:51.0 (41293535)|HEAP_ALLOCATE|[51]|Bytes:4
13:24:51.0 (41296203)|VARIABLE_ASSIGNMENT|[51]|j|30
13:24:51.0 (41297748)|STATEMENT_EXECUTE|[51]
13:24:51.0 (41299011)|STATEMENT_EXECUTE|[54]
13:24:51.0 (41299960)|STATEMENT_EXECUTE|[55]
13:24:51.0 (41305136)|HEAP_ALLOCATE|[55]|Bytes:2
13:24:51.0 (41312350)|HEAP_ALLOCATE|[55]|Bytes:2
13:24:51.0 (41317299)|HEAP_ALLOCATE|[55]|Bytes:5
13:24:51.0 (41322013)|HEAP_ALLOCATE|[55]|Bytes:2
13:24:51.0 (41328970)|HEAP_ALLOCATE|[55]|Bytes:2
13:24:51.0 (41333517)|HEAP_ALLOCATE|[55]|Bytes:5
13:24:51.0 (41337579)|HEAP_ALLOCATE|[EXTERNAL]|Bytes:4
13:24:51.0 (41340484)|HEAP_ALLOCATE|[51]|Bytes:4
13:24:51.0 (41343094)|VARIABLE_ASSIGNMENT|[51]|j|60
13:24:51.0 (41344722)|HEAP_ALLOCATE|[50]|Bytes:4
13:24:51.0 (41347257)|VARIABLE_ASSIGNMENT|[50]|i|15
13:24:51.0 (41348704)|STATEMENT_EXECUTE|[50]
13:24:51.0 (41349838)|STATEMENT_EXECUTE|[51]
13:24:51.0 (41351271)|VARIABLE_SCOPE_BEGIN|[51]|j|Integer|false|false
13:24:51.0 (41352498)|HEAP_ALLOCATE|[51]|Bytes:4
13:24:51.0 (41354624)|VARIABLE_ASSIGNMENT|[51]|j|0
13:24:51.0 (41355963)|STATEMENT_EXECUTE|[51]
13:24:51.0 (41357116)|STATEMENT_EXECUTE|[52]
13:24:51.0 (41358046)|STATEMENT_EXECUTE|[53]
13:24:51.0 (41363573)|HEAP_ALLOCATE|[53]|Bytes:2
13:24:51.0 (41370711)|HEAP_ALLOCATE|[53]|Bytes:1
13:24:51.0 (41375465)|HEAP_ALLOCATE|[53]|Bytes:5
13:24:51.0 (41379999)|HEAP_ALLOCATE|[53]|Bytes:2
13:24:51.0 (41386970)|HEAP_ALLOCATE|[53]|Bytes:1
13:24:51.0 (41391544)|HEAP_ALLOCATE|[53]|Bytes:5
13:24:51.0 (41395646)|HEAP_ALLOCATE|[EXTERNAL]|Bytes:4
13:24:51.0 (41398638)|HEAP_ALLOCATE|[51]|Bytes:4
13:24:51.0 (41401278)|VARIABLE_ASSIGNMENT|[51]|j|30
13:24:51.0 (41402887)|STATEMENT_EXECUTE|[51]
13:24:51.0 (41404112)|STATEMENT_EXECUTE|[54]
13:24:51.0 (41405029)|STATEMENT_EXECUTE|[55]
13:24:51.0 (41410589)|HEAP_ALLOCATE|[55]|Bytes:2
13:24:51.0 (41417760)|HEAP_ALLOCATE|[55]|Bytes:2
13:24:51.0 (41422646)|HEAP_ALLOCATE|[55]|Bytes:5
13:24:51.0 (41427370)|HEAP_ALLOCATE|[55]|Bytes:2
13:24:51.0 (41434176)|HEAP_ALLOCATE|[55]|Bytes:2
13:24:51.0 (41438771)|HEAP_ALLOCATE|[55]|Bytes:5
13:24:51.0 (41442957)|HEAP_ALLOCATE|[EXTERNAL]|Bytes:4
13:24:51.0 (41445878)|HEAP_ALLOCATE|[51]|Bytes:4
13:24:51.0 (41448577)|VARIABLE_ASSIGNMENT|[51]|j|60
13:24:51.0 (41450243)|HEAP_ALLOCATE|[50]|Bytes:4
13:24:51.0 (41452387)|VARIABLE_ASSIGNMENT|[50]|i|16
13:24:51.0 (41453842)|STATEMENT_EXECUTE|[50]
13:24:51.0 (41454997)|STATEMENT_EXECUTE|[51]
13:24:51.0 (41456518)|VARIABLE_SCOPE_BEGIN|[51]|j|Integer|false|false
13:24:51.0 (41457766)|HEAP_ALLOCATE|[51]|Bytes:4
13:24:51.0 (41459926)|VARIABLE_ASSIGNMENT|[51]|j|0
13:24:51.0 (41461266)|STATEMENT_EXECUTE|[51]
13:24:51.0 (41462449)|STATEMENT_EXECUTE|[52]
13:24:51.0 (41463375)|STATEMENT_EXECUTE|[53]
13:24:51.0 (41468720)|HEAP_ALLOCATE|[53]|Bytes:2
13:24:51.0 (41476465)|HEAP_ALLOCATE|[53]|Bytes:1
13:24:51.0 (41481215)|HEAP_ALLOCATE|[53]|Bytes:5
13:24:51.0 (41485904)|HEAP_ALLOCATE|[53]|Bytes:2
13:24:51.0 (41492829)|HEAP_ALLOCATE|[53]|Bytes:1
13:24:51.0 (41497409)|HEAP_ALLOCATE|[53]|Bytes:5
13:24:51.0 (41504726)|HEAP_ALLOCATE|[EXTERNAL]|Bytes:4
13:24:51.0 (41507845)|HEAP_ALLOCATE|[51]|Bytes:4
13:24:51.0 (41510646)|VARIABLE_ASSIGNMENT|[51]|j|30
13:24:51.0 (41512408)|STATEMENT_EXECUTE|[51]
13:24:51.0 (41513646)|STATEMENT_EXECUTE|[54]
13:24:51.0 (41514564)|STATEMENT_EXECUTE|[55]
13:24:51.0 (41520014)|HEAP_ALLOCATE|[55]|Bytes:2
13:24:51.0 (41527270)|HEAP_ALLOCATE|[55]|Bytes:2
13:24:51.0 (41531956)|HEAP_ALLOCATE|[55]|Bytes:5
13:24:51.0 (41536619)|HEAP_ALLOCATE|[55]|Bytes:2
13:24:51.0 (41543764)|HEAP_ALLOCATE|[55]|Bytes:2
13:24:51.0 (41548379)|HEAP_ALLOCATE|[55]|Bytes:5
13:24:51.0 (41552617)|HEAP_ALLOCATE|[EXTERNAL]|Bytes:4
13:24:51.0 (41555687)|HEAP_ALLOCATE|[51]|Bytes:4
13:24:51.0 (41558278)|VARIABLE_ASSIGNMENT|[51]|j|60
13:24:51.0 (41560010)|HEAP_ALLOCATE|[50]|Bytes:4
13:24:51.0 (41562675)|VARIABLE_ASSIGNMENT|[50]|i|17
13:24:51.0 (41564205)|STATEMENT_EXECUTE|[50]
13:24:51.0 (41565354)|STATEMENT_EXECUTE|[51]
13:24:51.0 (41566892)|VARIABLE_SCOPE_BEGIN|[51]|j|Integer|false|false
13:24:51.0 (41568154)|HEAP_ALLOCATE|[51]|Bytes:4
13:24:51.0 (41570324)|VARIABLE_ASSIGNMENT|[51]|j|0
13:24:51.0 (41571650)|STATEMENT_EXECUTE|[51]
13:24:51.0 (41572813)|STATEMENT_EXECUTE|[52]
13:24:51.0 (41573742)|STATEMENT_EXECUTE|[53]
13:24:51.0 (41579105)|HEAP_ALLOCATE|[53]|Bytes:2
13:24:51.0 (41586295)|HEAP_ALLOCATE|[53]|Bytes:1
13:24:51.0 (41591036)|HEAP_ALLOCATE|[53]|Bytes:5
13:24:51.0 (41595528)|HEAP_ALLOCATE|[53]|Bytes:2
13:24:51.0 (41602570)|HEAP_ALLOCATE|[53]|Bytes:1
13:24:51.0 (41607099)|HEAP_ALLOCATE|[53]|Bytes:5
13:24:51.0 (41611320)|HEAP_ALLOCATE|[EXTERNAL]|Bytes:4
13:24:51.0 (41614330)|HEAP_ALLOCATE|[51]|Bytes:4
13:24:51.0 (41617053)|VARIABLE_ASSIGNMENT|[51]|j|30
13:24:51.0 (41618691)|STATEMENT_EXECUTE|[51]
13:24:51.0 (41619931)|STATEMENT_EXECUTE|[54]
13:24:51.0 (41620859)|STATEMENT_EXECUTE|[55]
13:24:51.0 (41626373)|HEAP_ALLOCATE|[55]|Bytes:2
13:24:51.0 (41633544)|HEAP_ALLOCATE|[55]|Bytes:2
13:24:51.0 (41638313)|HEAP_ALLOCATE|[55]|Bytes:5
13:24:51.0 (41642944)|HEAP_ALLOCATE|[55]|Bytes:2
13:24:51.0 (41649843)|HEAP_ALLOCATE|[55]|Bytes:2
13:24:51.0 (41654409)|HEAP_ALLOCATE|[55]|Bytes:5
13:24:51.0 (41658616)|HEAP_ALLOCATE|[EXTERNAL]|Bytes:4
13:24:51.0 (41661447)|HEAP_ALLOCATE|[51]|Bytes:4
13:24:51.0 (41664103)|VARIABLE_ASSIGNMENT|[51]|j|60
13:24:51.0 (41665801)|HEAP_ALLOCATE|[50]|Bytes:4
13:24:51.0 (41668013)|VARIABLE_ASSIGNMENT|[50]|i|18
13:24:51.0 (41669408)|STATEMENT_EXECUTE|[50]
13:24:51.0 (41670588)|STATEMENT_EXECUTE|[51]
13:24:51.0 (41672055)|VARIABLE_SCOPE_BEGIN|[51]|j|Integer|false|false
13:24:51.0 (41673349)|HEAP_ALLOCATE|[51]|Bytes:4
13:24:51.0 (41675518)|VARIABLE_ASSIGNMENT|[51]|j|0
13:24:51.0 (41676854)|STATEMENT_EXECUTE|[51]
13:24:51.0 (41678008)|STATEMENT_EXECUTE|[52]
13:24:51.0 (41678974)|STATEMENT_EXECUTE|[53]
13:24:51.0 (41684134)|HEAP_ALLOCATE|[53]|Bytes:2
13:24:51.0 (41691299)|HEAP_ALLOCATE|[53]|Bytes:1
13:24:51.0 (41696165)|HEAP_ALLOCATE|[53]|Bytes:5
13:24:51.0 (41700771)|HEAP_ALLOCATE|[53]|Bytes:2
13:24:51.0 (41707728)|HEAP_ALLOCATE|[53]|Bytes:1
13:24:51.0 (41712380)|HEAP_ALLOCATE|[53]|Bytes:5
13:24:51.0 (41716625)|HEAP_ALLOCATE|[EXTERNAL]|Bytes:4
13:24:51.0 (41719713)|HEAP_ALLOCATE|[51]|Bytes:4
13:24:51.0 (41722354)|VARIABLE_ASSIGNMENT|[51]|j|30
13:24:51.0 (41724015)|STATEMENT_EXECUTE|[51]
13:24:51.0 (41725278)|STATEMENT_EXECUTE|[54]
13:24:51.0 (41726210)|STATEMENT_EXECUTE|[55]
13:24:51.0 (41731336)|HEAP_ALLOCATE|[55]|Bytes:2
13:24:51.0 (41738524)|HEAP_ALLOCATE|[55]|Bytes:2
13:24:51.0 (41743215)|HEAP_ALLOCATE|[55]|Bytes:5
13:24:51.0 (41747795)|HEAP_ALLOCATE|[55]|Bytes:2
13:24:51.0 (41754708)|HEAP_ALLOCATE|[55]|Bytes:2
13:24:51.0 (41759216)|HEAP_ALLOCATE|[55]|Bytes:5
13:24:51.0 (41763367)|HEAP_ALLOCATE|[EXTERNAL]|Bytes:4
13:24:51.0 (41766344)|HEAP_ALLOCATE|[51]|Bytes:4
13:24:51.0 (41768849)|VARIABLE_ASSIGNMENT|[51]|j|60
13:24:51.0 (41770666)|HEAP_ALLOCATE|[50]|Bytes:4
13:24:51.0 (41773248)|VARIABLE_ASSIGNMENT|[50]|i|19
13:24:51.0 (41774736)|STATEMENT_EXECUTE|[50]
13:24:51.0 (41775906)|STATEMENT_EXECUTE|[51]
13:24:51.0 (41777354)|VARIABLE_SCOPE_BEGIN|[51]|j|Integer|false|false
13:24:51.0 (41778570)|HEAP_ALLOCATE|[51]|Bytes:4
13:24:51.0 (41780671)|VARIABLE_ASSIGNMENT|[51]|j|0
13:24:51.0 (41782005)|STATEMENT_EXECUTE|[51]
13:24:51.0 (41783166)|STATEMENT_EXECUTE|[52]
13:24:51.0 (41784101)|STATEMENT_EXECUTE|[53]
13:24:51.0 (41789448)|HEAP_ALLOCATE|[53]|Bytes:2
13:24:51.0 (41796650)|HEAP_ALLOCATE|[53]|Bytes:1
13:24:51.0 (41801358)|HEAP_ALLOCATE|[53]|Bytes:5
13:24:51.0 (41805864)|HEAP_ALLOCATE|[53]|Bytes:2
13:24:51.0 (41812768)|HEAP_ALLOCATE|[53]|Bytes:1
13:24:51.0 (41817334)|HEAP_ALLOCATE|[53]|Bytes:5
13:24:51.0 (41821451)|HEAP_ALLOCATE|[EXTERNAL]|Bytes:4
13:24:51.0 (41824438)|HEAP_ALLOCATE|[51]|Bytes:4
13:24:51.0 (41827053)|VARIABLE_ASSIGNMENT|[51]|j|30
13:24:51.0 (41828655)|STATEMENT_EXECUTE|[51]
13:24:51.0 (41829897)|STATEMENT_EXECUTE|[54]
13:24:51.0 (41830833)|STATEMENT_EXECUTE|[55]
13:24:51.0 (41836137)|HEAP_ALLOCATE|[55]|Bytes:2
13:24:51.0 (41843265)|HEAP_ALLOCATE|[55]|Bytes:2
13:24:51.0 (41848114)|HEAP_ALLOCATE|[55]|Bytes:5
13:24:51.0 (41852684)|HEAP_ALLOCATE|[55]|Bytes:2
13:24:51.0 (41859572)|HEAP_ALLOCATE|[55]|Bytes:2
13:24:51.0 (41864174)|HEAP_ALLOCATE|[55]|Bytes:5
13:24:51.0 (41868219)|HEAP_ALLOCATE|[EXTERNAL]|Bytes:4
13:24:51.0 (41871006)|HEAP_ALLOCATE|[51]|Bytes:4
13:24:51.0 (41873450)|VARIABLE_ASSIGNMENT|[51]|j|60
13:24:51.0 (41875122)|HEAP_ALLOCATE|[50]|Bytes:4
13:24:51.0 (41877275)|VARIABLE_ASSIGNMENT|[50]|i|20
13:24:51.0 (41878734)|STATEMENT_EXECUTE|[50]
13:24:51.0 (41879851)|STATEMENT_EXECUTE|[51]
13:24:51.0 (41881329)|VARIABLE_SCOPE_BEGIN|[51]|j|Integer|false|false
13:24:51.0 (41882590)|HEAP_ALLOCATE|[51]|Bytes:4
13:24:51.0 (41884832)|VARIABLE_ASSIGNMENT|[51]|j|0
13:24:51.0 (41886161)|STATEMENT_EXECUTE|[51]
13:24:51.0 (41887336)|STATEMENT_EXECUTE|[52]
13:24:51.0 (41888257)|STATEMENT_EXECUTE|[53]
13:24:51.0 (41893630)|HEAP_ALLOCATE|[53]|Bytes:2
13:24:51.0 (41900941)|HEAP_ALLOCATE|[53]|Bytes:1
13:24:51.0 (41905921)|HEAP_ALLOCATE|[53]|Bytes:5
13:24:51.0 (41910496)|HEAP_ALLOCATE|[53]|Bytes:2
13:24:51.0 (41917381)|HEAP_ALLOCATE|[53]|Bytes:1
13:24:51.0 (41922004)|HEAP_ALLOCATE|[53]|Bytes:5
13:24:51.0 (41926243)|HEAP_ALLOCATE|[EXTERNAL]|Bytes:4
13:24:51.0 (41929370)|HEAP_ALLOCATE|[51]|Bytes:4
13:24:51.0 (41931986)|VARIABLE_ASSIGNMENT|[51]|j|30
13:24:51.0 (41933673)|STATEMENT_EXECUTE|[51]
13:24:51.0 (41934892)|STATEMENT_EXECUTE|[54]
13:24:51.0 (41935821)|STATEMENT_EXECUTE|[55]
13:24:51.0 (41940982)|HEAP_ALLOCATE|[55]|Bytes:2
13:24:51.0 (41948289)|HEAP_ALLOCATE|[55]|Bytes:2
13:24:51.0 (41953013)|HEAP_ALLOCATE|[55]|Bytes:5
13:24:51.0 (41957556)|HEAP_ALLOCATE|[55]|Bytes:2
13:24:51.0 (41964417)|HEAP_ALLOCATE|[55]|Bytes:2
13:24:51.0 (41968995)|HEAP_ALLOCATE|[55]|Bytes:5
13:24:51.0 (41973088)|HEAP_ALLOCATE|[EXTERNAL]|Bytes:4
13:24:51.0 (41975969)|HEAP_ALLOCATE|[51]|Bytes:4
13:24:51.0 (41978521)|VARIABLE_ASSIGNMENT|[51]|j|60
13:24:51.0 (41980213)|HEAP_ALLOCATE|[50]|Bytes:4
13:24:51.0 (41982413)|VARIABLE_ASSIGNMENT|[50]|i|21
13:24:51.0 (41984101)|STATEMENT_EXECUTE|[50]
13:24:51.0 (41985442)|STATEMENT_EXECUTE|[51]
13:24:51.0 (41986882)|VARIABLE_SCOPE_BEGIN|[51]|j|Integer|false|false
13:24:51.0 (41988214)|HEAP_ALLOCATE|[51]|Bytes:4
13:24:51.0 (41990435)|VARIABLE_ASSIGNMENT|[51]|j|0
13:24:51.0 (41991958)|STATEMENT_EXECUTE|[51]
13:24:51.0 (41993122)|STATEMENT_EXECUTE|[52]
13:24:51.0 (41994058)|STATEMENT_EXECUTE|[53]
13:24:51.0 (41999565)|HEAP_ALLOCATE|[53]|Bytes:2
13:24:51.0 (42006939)|HEAP_ALLOCATE|[53]|Bytes:1
13:24:51.0 (42011973)|HEAP_ALLOCATE|[53]|Bytes:5
13:24:51.0 (42016594)|HEAP_ALLOCATE|[53]|Bytes:2
13:24:51.0 (42023467)|HEAP_ALLOCATE|[53]|Bytes:1
13:24:51.0 (42028087)|HEAP_ALLOCATE|[53]|Bytes:5
13:24:51.0 (42032272)|HEAP_ALLOCATE|[EXTERNAL]|Bytes:4
13:24:51.0 (42035708)|HEAP_ALLOCATE|[51]|Bytes:4
13:24:51.0 (42038315)|VARIABLE_ASSIGNMENT|[51]|j|30
13:24:51.0 (42039973)|STATEMENT_EXECUTE|[51]
13:24:51.0 (42041219)|STATEMENT_EXECUTE|[54]
13:24:51.0 (42042136)|STATEMENT_EXECUTE|[55]
13:24:51.0 (42047610)|HEAP_ALLOCATE|[55]|Bytes:2
13:24:51.0 (42054760)|HEAP_ALLOCATE|[55]|Bytes:2
13:24:51.0 (42059522)|HEAP_ALLOCATE|[55]|Bytes:5
13:24:51.0 (42064108)|HEAP_ALLOCATE|[55]|Bytes:2
13:24:51.0 (42071017)|HEAP_ALLOCATE|[55]|Bytes:2
13:24:51.0 (42075661)|HEAP_ALLOCATE|[55]|Bytes:5
13:24:51.0 (42079885)|HEAP_ALLOCATE|[EXTERNAL]|Bytes:4
13:24:51.0 (42082747)|HEAP_ALLOCATE|[51]|Bytes:4
13:24:51.0 (42085232)|VARIABLE_ASSIGNMENT|[51]|j|60
13:24:51.0 (42086857)|HEAP_ALLOCATE|[50]|Bytes:4
13:24:51.0 (42089007)|VARIABLE_ASSIGNMENT|[50]|i|22
13:24:51.0 (42090537)|STATEMENT_EXECUTE|[50]
13:24:51.0 (42091697)|STATEMENT_EXECUTE|[51]
13:24:51.0 (42093143)|VARIABLE_SCOPE_BEGIN|[51]|j|Integer|false|false
13:24:51.0 (42094484)|HEAP_ALLOCATE|[51]|Bytes:4
13:24:51.0 (42096589)|VARIABLE_ASSIGNMENT|[51]|j|0
13:24:51.0 (42097920)|STATEMENT_EXECUTE|[51]
13:24:51.0 (42099104)|STATEMENT_EXECUTE|[52]
13:24:51.0 (42100071)|STATEMENT_EXECUTE|[53]
13:24:51.0 (42105481)|HEAP_ALLOCATE|[53]|Bytes:2
13:24:51.0 (42112861)|HEAP_ALLOCATE|[53]|Bytes:1
13:24:51.0 (42118069)|HEAP_ALLOCATE|[53]|Bytes:5
13:24:51.0 (42122615)|HEAP_ALLOCATE|[53]|Bytes:2
13:24:51.0 (42129543)|HEAP_ALLOCATE|[53]|Bytes:1
13:24:51.0 (42134187)|HEAP_ALLOCATE|[53]|Bytes:5
13:24:51.0 (42138340)|HEAP_ALLOCATE|[EXTERNAL]|Bytes:4
13:24:51.0 (42141282)|HEAP_ALLOCATE|[51]|Bytes:4
13:24:51.0 (42143892)|VARIABLE_ASSIGNMENT|[51]|j|30
13:24:51.0 (42145495)|STATEMENT_EXECUTE|[51]
13:24:51.0 (42146739)|STATEMENT_EXECUTE|[54]
13:24:51.0 (42147675)|STATEMENT_EXECUTE|[55]
13:24:51.0 (42152841)|HEAP_ALLOCATE|[55]|Bytes:2
13:24:51.0 (42159920)|HEAP_ALLOCATE|[55]|Bytes:2
13:24:51.0 (42164676)|HEAP_ALLOCATE|[55]|Bytes:5
13:24:51.0 (42169416)|HEAP_ALLOCATE|[55]|Bytes:2
13:24:51.0 (42176444)|HEAP_ALLOCATE|[55]|Bytes:2
13:24:51.0 (42181049)|HEAP_ALLOCATE|[55]|Bytes:5
13:24:51.0 (42185130)|HEAP_ALLOCATE|[EXTERNAL]|Bytes:4
13:24:51.0 (42188009)|HEAP_ALLOCATE|[51]|Bytes:4
13:24:51.0 (42190594)|VARIABLE_ASSIGNMENT|[51]|j|60
13:24:51.0 (42192196)|HEAP_ALLOCATE|[50]|Bytes:4
13:24:51.0 (42194452)|VARIABLE_ASSIGNMENT|[50]|i|23
13:24:51.0 (42196218)|STATEMENT_EXECUTE|[50]
13:24:51.0 (42197535)|STATEMENT_EXECUTE|[51]
13:24:51.0 (42198998)|VARIABLE_SCOPE_BEGIN|[51]|j|Integer|false|false
13:24:51.0 (42200256)|HEAP_ALLOCATE|[51]|Bytes:4
13:24:51.0 (42202400)|VARIABLE_ASSIGNMENT|[51]|j|0
13:24:51.0 (42203734)|STATEMENT_EXECUTE|[51]
13:24:51.0 (42204913)|STATEMENT_EXECUTE|[52]
13:24:51.0 (42205844)|STATEMENT_EXECUTE|[53]
13:24:51.0 (42211137)|HEAP_ALLOCATE|[53]|Bytes:2
13:24:51.0 (42218321)|HEAP_ALLOCATE|[53]|Bytes:1
13:24:51.0 (42222966)|HEAP_ALLOCATE|[53]|Bytes:5
13:24:51.0 (42227714)|HEAP_ALLOCATE|[53]|Bytes:2
13:24:51.0 (42234607)|HEAP_ALLOCATE|[53]|Bytes:1
13:24:51.0 (42239211)|HEAP_ALLOCATE|[53]|Bytes:5
13:24:51.0 (42243446)|HEAP_ALLOCATE|[EXTERNAL]|Bytes:4
13:24:51.0 (42246521)|HEAP_ALLOCATE|[51]|Bytes:4
13:24:51.0 (42249152)|VARIABLE_ASSIGNMENT|[51]|j|30
13:24:51.0 (42250802)|STATEMENT_EXECUTE|[51]
13:24:51.0 (42252121)|STATEMENT_EXECUTE|[54]
13:24:51.0 (42253048)|STATEMENT_EXECUTE|[55]
13:24:51.0 (42258244)|HEAP_ALLOCATE|[55]|Bytes:2
13:24:51.0 (42265919)|HEAP_ALLOCATE|[55]|Bytes:2
13:24:51.0 (42270633)|HEAP_ALLOCATE|[55]|Bytes:5
13:24:51.0 (42275313)|HEAP_ALLOCATE|[55]|Bytes:2
13:24:51.0 (42282246)|HEAP_ALLOCATE|[55]|Bytes:2
13:24:51.0 (42286910)|HEAP_ALLOCATE|[55]|Bytes:5
13:24:51.0 (42290976)|HEAP_ALLOCATE|[EXTERNAL]|Bytes:4
13:24:51.0 (42293898)|HEAP_ALLOCATE|[51]|Bytes:4
13:24:51.0 (42296439)|VARIABLE_ASSIGNMENT|[51]|j|60
13:24:51.0 (42298149)|HEAP_ALLOCATE|[50]|Bytes:4
13:24:51.0 (42300339)|VARIABLE_ASSIGNMENT|[50]|i|24
13:24:51.0 (42302227)|STATEMENT_EXECUTE|[59]
13:24:51.0 (42396811)|SYSTEM_MODE_ENTER|true
13:24:51.0 (42417792)|HEAP_ALLOCATE|[EXTERNAL]|Bytes:80
13:24:51.0 (42465031)|VARIABLE_ASSIGNMENT|[EXTERNAL]|this|{"delToHub":true,"delToProj":false,"detail":"0x45cd6ab9","invoked":false,"rejected":false,"reserved":false,"selectedTime3":"8:00","sublocations1":"0x493c18bd","www":"0x59a7a156","wwwById":"0x259e5878"}|0x1abccf3d
13:24:51.0 (42471582)|STATEMENT_EXECUTE|[78]
13:24:51.0 (42474136)|STATEMENT_EXECUTE|[79]
13:24:51.0 (42475758)|STATEMENT_EXECUTE|[83]
13:24:51.45 (45272830)|SYSTEM_MODE_ENTER|true
13:24:51.45 (45314815)|HEAP_ALLOCATE|[EXTERNAL]|Bytes:8
13:24:51.45 (45320242)|VARIABLE_SCOPE_BEGIN|[88]|this|ApexPage.PageMessagesComponentController|true|false
13:24:51.45 (45336684)|VARIABLE_ASSIGNMENT|[88]|this|{}|0x31e76820
13:24:51.45 (45338915)|VARIABLE_SCOPE_BEGIN|[88]|escape|Boolean|false|false
13:24:51.45 (45342608)|VARIABLE_ASSIGNMENT|[88]|escape|null
13:24:51.0 (45672226)|SYSTEM_MODE_ENTER|true
13:24:51.0 (45695047)|HEAP_ALLOCATE|[EXTERNAL]|Bytes:4
13:24:51.0 (45699001)|HEAP_ALLOCATE|[EXTERNAL]|Bytes:80
13:24:51.0 (45708272)|VARIABLE_ASSIGNMENT|[EXTERNAL]|this.selectedTime3|"8:00"|0x1abccf3d
13:24:51.0 (45739997)|SYSTEM_MODE_ENTER|true
13:24:51.0 (45759772)|HEAP_ALLOCATE|[EXTERNAL]|Bytes:80
13:24:51.0 (45804044)|VARIABLE_ASSIGNMENT|[EXTERNAL]|this|{"delToHub":true,"delToProj":false,"detail":"0x45cd6ab9","invoked":false,"rejected":false,"reserved":false,"selectedTime3":"8:00","sublocations1":"0x493c18bd","www":"0x59a7a156","wwwById":"0x259e5878"}|0x1abccf3d
13:24:51.0 (45810989)|STATEMENT_EXECUTE|[3]
13:24:51.0 (45813759)|STATEMENT_EXECUTE|[4]
13:24:51.0 (45814979)|STATEMENT_EXECUTE|[9]
13:24:51.0 (46161771)|SYSTEM_MODE_ENTER|true
13:24:51.0 (46182220)|HEAP_ALLOCATE|[EXTERNAL]|Bytes:80
13:24:51.0 (46224884)|VARIABLE_ASSIGNMENT|[EXTERNAL]|this|{"delToHub":true,"delToProj":false,"detail":"0x45cd6ab9","invoked":false,"rejected":false,"reserved":false,"selectedTime3":"8:00","sublocations1":"0x493c18bd","www":"0x59a7a156","wwwById":"0x259e5878"}|0x1abccf3d
13:24:51.0 (46230760)|STATEMENT_EXECUTE|[204]
13:24:51.0 (46233140)|STATEMENT_EXECUTE|[205]
13:24:51.0 (46234328)|STATEMENT_EXECUTE|[208]
13:24:51.0 (46272101)|SYSTEM_MODE_ENTER|true
13:24:51.0 (46287445)|HEAP_ALLOCATE|[EXTERNAL]|Bytes:80
13:24:51.0 (46324178)|VARIABLE_ASSIGNMENT|[EXTERNAL]|this|{"delToHub":true,"delToProj":false,"detail":"0x45cd6ab9","invoked":false,"rejected":false,"reserved":false,"selectedTime3":"8:00","sublocations1":"0x493c18bd","www":"0x59a7a156","wwwById":"0x259e5878"}|0x1abccf3d
13:24:51.0 (46329253)|STATEMENT_EXECUTE|[220]
13:24:51.0 (46331006)|STATEMENT_EXECUTE|[221]
13:24:51.0 (46331991)|STATEMENT_EXECUTE|[224]
13:24:51.0 (46366140)|SYSTEM_MODE_ENTER|true
13:24:51.0 (46381299)|HEAP_ALLOCATE|[EXTERNAL]|Bytes:80
13:24:51.0 (46416690)|VARIABLE_ASSIGNMENT|[EXTERNAL]|this|{"delToHub":true,"delToProj":false,"detail":"0x45cd6ab9","invoked":false,"rejected":false,"reserved":false,"selectedTime3":"8:00","sublocations1":"0x493c18bd","www":"0x59a7a156","wwwById":"0x259e5878"}|0x1abccf3d
13:24:51.0 (46421082)|STATEMENT_EXECUTE|[212]
13:24:51.0 (46423136)|STATEMENT_EXECUTE|[213]
13:24:51.0 (46424130)|STATEMENT_EXECUTE|[216]
13:24:51.0 (46458268)|SYSTEM_MODE_ENTER|true
13:24:51.0 (46472419)|HEAP_ALLOCATE|[EXTERNAL]|Bytes:80
13:24:51.0 (46511929)|VARIABLE_ASSIGNMENT|[EXTERNAL]|this|{"delToHub":true,"delToProj":false,"detail":"0x45cd6ab9","invoked":false,"rejected":false,"reserved":false,"selectedTime3":"8:00","sublocations1":"0x493c18bd","www":"0x59a7a156","wwwById":"0x259e5878"}|0x1abccf3d
13:24:51.0 (46517143)|STATEMENT_EXECUTE|[21]
13:24:51.0 (46519058)|STATEMENT_EXECUTE|[22]
13:24:51.0 (46520229)|STATEMENT_EXECUTE|[26]
13:24:51.0 (47124411)|HEAP_ALLOCATE|[EXTERNAL]|Bytes:80
13:24:51.0 (47131823)|VARIABLE_SCOPE_BEGIN|[245]|this|NewDeliveredExtension|true|false
13:24:51.0 (47173823)|VARIABLE_ASSIGNMENT|[245]|this|{"delToHub":true,"delToProj":false,"detail":"0x45cd6ab9","invoked":false,"rejected":false,"reserved":false,"selectedTime3":"8:00","sublocations1":"0x493c18bd","www":"0x59a7a156","wwwById":"0x259e5878"}|0x1abccf3d
13:24:51.0 (47180847)|STATEMENT_EXECUTE|[245]
13:24:51.0 (47182309)|STATEMENT_EXECUTE|[246]
13:24:51.0 (47187081)|HEAP_ALLOCATE|[246]|Bytes:4
13:24:51.0 (47297750)|VARIABLE_ASSIGNMENT|[EXTERNAL]|this|{"delToHub":true,"delToProj":false,"detail":"0x45cd6ab9","invoked":false,"rejected":false,"reserved":false,"selectedTime3":"8:00","sublocations1":"0x493c18bd","www":"0x59a7a156","wwwById":"0x259e5878"}|0x1abccf3d
13:24:51.0 (47316330)|HEAP_ALLOCATE|[EXTERNAL]|Bytes:4
13:24:51.0 (47322130)|VARIABLE_ASSIGNMENT|[EXTERNAL]|value|[]|0x57d93887
13:24:51.0 (47331462)|VARIABLE_ASSIGNMENT|[185]|this.sublocations1|[]|0x1abccf3d
13:24:51.0 (47337952)|STATEMENT_EXECUTE|[247]
13:24:51.0 (47341546)|HEAP_ALLOCATE|[247]|Bytes:4
13:24:51.0 (47355439)|VARIABLE_SCOPE_BEGIN|[247]|options|List<NewDeliveredExtension.SubLocation>|true|false
13:24:51.0 (47363038)|HEAP_ALLOCATE|[EXTERNAL]|Bytes:4
13:24:51.0 (47366737)|VARIABLE_ASSIGNMENT|[247]|options|[]|0x1006fb6c
13:24:51.0 (47368513)|STATEMENT_EXECUTE|[248]
13:24:51.0 (47371910)|HEAP_ALLOCATE|[248]|Bytes:18
13:24:51.0 (47421353)|VARIABLE_ASSIGNMENT|[EXTERNAL]|this|{"delToHub":true,"delToProj":false,"detail":"0x45cd6ab9","invoked":false,"rejected":false,"reserved":false,"selectedTime3":"8:00","sublocations1":"0x57d93887","www":"0x59a7a156","wwwById":"0x259e5878"}|0x1abccf3d
13:24:51.0 (47425557)|STATEMENT_EXECUTE|[3]
13:24:51.0 (47427847)|STATEMENT_EXECUTE|[4]
13:24:51.0 (47428879)|STATEMENT_EXECUTE|[9]
13:24:51.0 (47483768)|HEAP_ALLOCATE|[248]|Bytes:18
13:24:51.0 (47495313)|HEAP_ALLOCATE|[248]|Bytes:36
13:24:51.0 (47519447)|USER_DEBUG|[248]|DEBUG|detail.Location__ca0B0E0000009MiwUAE
13:24:51.0 (47569948)|VARIABLE_ASSIGNMENT|[EXTERNAL]|this|{"delToHub":true,"delToProj":false,"detail":"0x45cd6ab9","invoked":false,"rejected":false,"reserved":false,"selectedTime3":"8:00","sublocations1":"0x57d93887","www":"0x59a7a156","wwwById":"0x259e5878"}|0x1abccf3d
13:24:51.0 (47573972)|STATEMENT_EXECUTE|[3]
13:24:51.0 (47575895)|STATEMENT_EXECUTE|[4]
13:24:51.0 (47576927)|STATEMENT_EXECUTE|[9]
13:24:51.0 (47584082)|STATEMENT_EXECUTE|[250]
13:24:51.0 (47587809)|HEAP_ALLOCATE|[251]|Bytes:68
13:24:51.0 (47596216)|HEAP_ALLOCATE|[251]|Bytes:4
13:24:51.0 (47603020)|HEAP_ALLOCATE|[251]|Bytes:7
13:24:51.0 (47643444)|VARIABLE_ASSIGNMENT|[EXTERNAL]|this|{"delToHub":true,"delToProj":false,"detail":"0x45cd6ab9","invoked":false,"rejected":false,"reserved":false,"selectedTime3":"8:00","sublocations1":"0x57d93887","www":"0x59a7a156","wwwById":"0x259e5878"}|0x1abccf3d
13:24:51.0 (47647611)|STATEMENT_EXECUTE|[3]
13:24:51.0 (47649197)|STATEMENT_EXECUTE|[4]
13:24:51.0 (47650223)|STATEMENT_EXECUTE|[9]
13:24:51.0 (47988140)|SOQL_EXECUTE_BEGIN|[251]|Aggregations:0|SELECT Name, Id FROM Location__c 
13:24:51.0 (50341488)|SOQL_EXECUTE_END|[251]|Rows:1
13:24:51.0 (50354771)|HEAP_ALLOCATE|[EXTERNAL]|Bytes:8
13:24:51.0 (50484046)|HEAP_ALLOCATE|[251]|Bytes:49
13:24:51.0 (50489950)|HEAP_ALLOCATE|[251]|Bytes:8
13:24:51.0 (50497955)|SYSTEM_METHOD_ENTRY|[7]|QueryLocatorIterator.QueryLocatorIterator()
13:24:51.0 (50505113)|STATEMENT_EXECUTE|[7]
13:24:51.0 (50512272)|SYSTEM_METHOD_EXIT|[7]|QueryLocatorIterator
13:24:51.0 (50517683)|HEAP_ALLOCATE|[251]|Bytes:28
13:24:51.0 (50572751)|HEAP_ALLOCATE|[251]|Bytes:8
13:24:51.0 (50585332)|HEAP_ALLOCATE|[251]|Bytes:8
13:24:51.0 (50586919)|HEAP_ALLOCATE|[251]|Bytes:8
13:24:51.0 (50590617)|VARIABLE_SCOPE_BEGIN|[15]|this|Database.QueryLocatorIterator|true|false
13:24:51.0 (50609511)|VARIABLE_ASSIGNMENT|[15]|this|{}|0x2abffc05
13:24:51.0 (50612350)|VARIABLE_SCOPE_BEGIN|[15]|values|List<SObject>|true|false
13:24:51.0 (50625498)|VARIABLE_ASSIGNMENT|[15]|values|[{"Name":"27I3A","Id":"a0B0E0000009WnWUAU","RecordTypeId":"01224000000B1zdAAC"}]|0x45edc307
13:24:51.0 (50628270)|VARIABLE_SCOPE_BEGIN|[15]|ql|Database.QueryLocator|true|false
13:24:51.0 (50640094)|VARIABLE_ASSIGNMENT|[15]|ql|{"query":"SELECT Name, Id FROM (48 more) ..."}|0x73740990
13:24:51.0 (50642190)|VARIABLE_SCOPE_BEGIN|[15]|totalNumRecords|Integer|false|false
13:24:51.0 (50645211)|VARIABLE_ASSIGNMENT|[15]|totalNumRecords|1
13:24:51.0 (50646931)|VARIABLE_SCOPE_BEGIN|[15]|queryMoreSize|Integer|false|false
13:24:51.0 (50649234)|VARIABLE_ASSIGNMENT|[15]|queryMoreSize|49999
13:24:51.0 (50723409)|HEAP_ALLOCATE|[251]|Bytes:28
13:24:51.0 (50739556)|METHOD_ENTRY|[251]||Database.QueryLocatorIterator.hasNext()
13:24:51.0 (50794926)|METHOD_EXIT|[251]||Database.QueryLocatorIterator.hasNext()
13:24:51.0 (50801208)|METHOD_ENTRY|[251]||Database.QueryLocatorIterator.next()
13:24:51.0 (50871000)|METHOD_EXIT|[251]||Database.QueryLocatorIterator.next()
13:24:51.0 (50877539)|VARIABLE_SCOPE_BEGIN|[251]|loc|Location__c|true|false
13:24:51.0 (50888854)|VARIABLE_ASSIGNMENT|[251]|loc|{"Name":"27I3A","Id":"a0B0E0000009WnWUAU","RecordTypeId":"01224000000B1zdAAC"}|0x20cf3d
13:24:51.0 (50891923)|STATEMENT_EXECUTE|[251]
13:24:51.0 (50893393)|STATEMENT_EXECUTE|[252]
13:24:51.0 (50948841)|VARIABLE_ASSIGNMENT|[EXTERNAL]|this|{"delToHub":true,"delToProj":false,"detail":"0x45cd6ab9","invoked":false,"rejected":false,"reserved":false,"selectedTime3":"8:00","sublocations1":"0x57d93887","www":"0x59a7a156","wwwById":"0x259e5878"}|0x1abccf3d
13:24:51.0 (50953566)|STATEMENT_EXECUTE|[186]
13:24:51.0 (50955698)|STATEMENT_EXECUTE|[187]
13:24:51.0 (50956757)|STATEMENT_EXECUTE|[190]
13:24:51.0 (50968602)|HEAP_ALLOCATE|[252]|Bytes:112
13:24:51.0 (50972192)|HEAP_ALLOCATE|[252]|Bytes:11
13:24:51.0 (50976964)|HEAP_ALLOCATE|[252]|Bytes:12
13:24:51.0 (50989452)|CONSTRUCTOR_ENTRY|[252]|01p2400000DUtXT|<init>(Boolean,Location__c)
13:24:51.0 (51001448)|VARIABLE_SCOPE_BEGIN|[530]|this|NewDeliveredExtension.SubLocation|true|false
13:24:51.0 (51012765)|VARIABLE_ASSIGNMENT|[530]|this|{}|0x781565b3
13:24:51.0 (51017556)|VARIABLE_SCOPE_BEGIN|[530]|isChecked|Boolean|false|false
13:24:51.0 (51020598)|VARIABLE_ASSIGNMENT|[530]|isChecked|false
13:24:51.0 (51023107)|VARIABLE_SCOPE_BEGIN|[530]|sub|Location__c|true|false
13:24:51.0 (51029438)|VARIABLE_ASSIGNMENT|[530]|sub|{"Name":"27I3A","Id":"a0B0E0000009WnWUAU","RecordTypeId":"01224000000B1zdAAC"}|0x20cf3d
13:24:51.0 (51032493)|STATEMENT_EXECUTE|[527]
13:24:51.0 (51033943)|STATEMENT_EXECUTE|[528]
13:24:51.0 (51035086)|STATEMENT_EXECUTE|[529]
13:24:51.0 (51044296)|STATEMENT_EXECUTE|[530]
13:24:51.0 (51045357)|STATEMENT_EXECUTE|[531]
13:24:51.0 (51080542)|VARIABLE_ASSIGNMENT|[EXTERNAL]|this|{}|0x781565b3
13:24:51.0 (51085944)|VARIABLE_ASSIGNMENT|[EXTERNAL]|value|false
13:24:51.0 (51089908)|HEAP_ALLOCATE|[528]|Bytes:5
13:24:51.0 (51094793)|VARIABLE_ASSIGNMENT|[528]|this.isChecked|false|0x781565b3
13:24:51.0 (51099964)|STATEMENT_EXECUTE|[532]
13:24:51.0 (51128714)|VARIABLE_ASSIGNMENT|[EXTERNAL]|this|{"isChecked":false}|0x781565b3
13:24:51.0 (51135817)|VARIABLE_ASSIGNMENT|[EXTERNAL]|value|{"Name":"27I3A","Id":"a0B0E0000009WnWUAU","RecordTypeId":"01224000000B1zdAAC"}|0x20cf3d
13:24:51.0 (51142705)|VARIABLE_ASSIGNMENT|[529]|this.sub|{"Name":"27I3A","Id":"a0B0E0000009WnWUAU","RecordTypeId":"01224000000B1zdAAC"}|0x781565b3
13:24:51.0 (51150719)|CONSTRUCTOR_EXIT|[252]|01p2400000DUtXT|<init>(Boolean,Location__c)
13:24:51.0 (51159952)|HEAP_ALLOCATE|[EXTERNAL]|Bytes:4
13:24:51.0 (51166790)|METHOD_ENTRY|[251]||Database.QueryLocatorIterator.hasNext()
13:24:51.0 (51176924)|METHOD_EXIT|[251]||Database.QueryLocatorIterator.hasNext()
13:24:51.0 (51182269)|VARIABLE_ASSIGNMENT|[251]|loc|null|
13:24:51.62 (62138301)|SYSTEM_MODE_ENTER|true
13:24:51.62 (62184617)|HEAP_ALLOCATE|[EXTERNAL]|Bytes:8
13:24:51.62 (62190823)|VARIABLE_SCOPE_BEGIN|[88]|this|ApexPage.PageMessagesComponentController|true|false
13:24:51.62 (62207199)|VARIABLE_ASSIGNMENT|[88]|this|{}|0x31e76820
13:24:51.62 (62209562)|VARIABLE_SCOPE_BEGIN|[88]|escape|Boolean|false|false
13:24:51.62 (62212728)|VARIABLE_ASSIGNMENT|[88]|escape|null
13:24:51.62 (62290633)|SYSTEM_MODE_ENTER|true
13:24:51.62 (62313192)|HEAP_ALLOCATE|[EXTERNAL]|Bytes:8
13:24:51.62 (62317556)|VARIABLE_SCOPE_BEGIN|[2]|this|ApexPage.PageMessagesComponentController|true|false
13:24:51.62 (62330417)|VARIABLE_ASSIGNMENT|[2]|this|{}|0x31e76820
13:24:51.0 (62615032)|SYSTEM_MODE_ENTER|true
13:24:51.0 (62635758)|HEAP_ALLOCATE|[EXTERNAL]|Bytes:80
13:24:51.0 (62684111)|VARIABLE_ASSIGNMENT|[EXTERNAL]|this|{"delToHub":true,"delToProj":false,"detail":"0x45cd6ab9","invoked":false,"rejected":false,"reserved":false,"selectedTime3":"8:00","sublocations1":"0x57d93887","www":"0x59a7a156","wwwById":"0x259e5878"}|0x1abccf3d
13:24:51.0 (62690741)|STATEMENT_EXECUTE|[196]
13:24:51.0 (62693530)|STATEMENT_EXECUTE|[197]
13:24:51.0 (62694799)|STATEMENT_EXECUTE|[200]
13:24:51.0 (62738162)|SYSTEM_MODE_ENTER|true
13:24:51.0 (62754617)|HEAP_ALLOCATE|[EXTERNAL]|Bytes:80
13:24:51.0 (62795469)|VARIABLE_ASSIGNMENT|[EXTERNAL]|this|{"delToHub":true,"delToProj":false,"detail":"0x45cd6ab9","invoked":false,"rejected":false,"reserved":false,"selectedTime3":"8:00","sublocations1":"0x57d93887","www":"0x59a7a156","wwwById":"0x259e5878"}|0x1abccf3d
13:24:51.0 (62801146)|STATEMENT_EXECUTE|[229]
13:24:51.0 (62803376)|STATEMENT_EXECUTE|[230]
13:24:51.0 (62804532)|STATEMENT_EXECUTE|[233]
13:24:51.0 (62861418)|SYSTEM_MODE_ENTER|true
13:24:51.0 (62877877)|HEAP_ALLOCATE|[EXTERNAL]|Bytes:80
13:24:51.0 (62918919)|VARIABLE_ASSIGNMENT|[EXTERNAL]|this|{"delToHub":true,"delToProj":false,"detail":"0x45cd6ab9","invoked":false,"rejected":false,"reserved":false,"selectedTime3":"8:00","sublocations1":"0x57d93887","www":"0x59a7a156","wwwById":"0x259e5878"}|0x1abccf3d
13:24:51.0 (62924532)|STATEMENT_EXECUTE|[3]
13:24:51.0 (62926608)|STATEMENT_EXECUTE|[4]
13:24:51.0 (62927870)|STATEMENT_EXECUTE|[9]
13:24:51.0 (68189464)|SYSTEM_MODE_ENTER|true
13:24:51.0 (68212936)|HEAP_ALLOCATE|[EXTERNAL]|Bytes:80
13:24:51.0 (68261192)|VARIABLE_ASSIGNMENT|[EXTERNAL]|this|{"delToHub":true,"delToProj":false,"detail":"0x45cd6ab9","invoked":false,"rejected":false,"reserved":false,"selectedTime3":"8:00","sublocations1":"0x57d93887","www":"0x59a7a156","wwwById":"0x259e5878"}|0x1abccf3d
13:24:51.0 (68267473)|STATEMENT_EXECUTE|[186]
13:24:51.0 (68270159)|STATEMENT_EXECUTE|[187]
13:24:51.0 (68271200)|STATEMENT_EXECUTE|[190]
13:24:51.0 (68768084)|SYSTEM_MODE_ENTER|true
13:24:51.0 (68789796)|HEAP_ALLOCATE|[EXTERNAL]|Bytes:80
13:24:51.0 (68836228)|VARIABLE_ASSIGNMENT|[EXTERNAL]|this|{"delToHub":true,"delToProj":false,"detail":"0x45cd6ab9","invoked":false,"rejected":false,"reserved":false,"selectedTime3":"8:00","sublocations1":"0x57d93887","www":"0x59a7a156","wwwById":"0x259e5878"}|0x1abccf3d
13:24:51.0 (68843286)|STATEMENT_EXECUTE|[204]
13:24:51.0 (68845907)|STATEMENT_EXECUTE|[205]
13:24:51.0 (68846982)|STATEMENT_EXECUTE|[208]
13:24:51.0 (68889048)|SYSTEM_MODE_ENTER|true
13:24:51.0 (68905373)|HEAP_ALLOCATE|[EXTERNAL]|Bytes:80
13:24:51.0 (68945187)|VARIABLE_ASSIGNMENT|[EXTERNAL]|this|{"delToHub":true,"delToProj":false,"detail":"0x45cd6ab9","invoked":false,"rejected":false,"reserved":false,"selectedTime3":"8:00","sublocations1":"0x57d93887","www":"0x59a7a156","wwwById":"0x259e5878"}|0x1abccf3d
13:24:51.0 (68950066)|STATEMENT_EXECUTE|[220]
13:24:51.0 (68952074)|STATEMENT_EXECUTE|[221]
13:24:51.0 (68953017)|STATEMENT_EXECUTE|[224]
13:24:51.0 (68989398)|SYSTEM_MODE_ENTER|true
13:24:51.0 (69004374)|HEAP_ALLOCATE|[EXTERNAL]|Bytes:80
13:24:51.0 (69041478)|VARIABLE_ASSIGNMENT|[EXTERNAL]|this|{"delToHub":true,"delToProj":false,"detail":"0x45cd6ab9","invoked":false,"rejected":false,"reserved":false,"selectedTime3":"8:00","sublocations1":"0x57d93887","www":"0x59a7a156","wwwById":"0x259e5878"}|0x1abccf3d
13:24:51.0 (69046778)|STATEMENT_EXECUTE|[212]
13:24:51.0 (69048720)|STATEMENT_EXECUTE|[213]
13:24:51.0 (69049829)|STATEMENT_EXECUTE|[216]
13:24:51.0 (69105371)|SYSTEM_MODE_ENTER|true
13:24:51.0 (69121036)|HEAP_ALLOCATE|[EXTERNAL]|Bytes:80
13:24:51.0 (69158595)|VARIABLE_ASSIGNMENT|[EXTERNAL]|this|{"delToHub":true,"delToProj":false,"detail":"0x45cd6ab9","invoked":false,"rejected":false,"reserved":false,"selectedTime3":"8:00","sublocations1":"0x57d93887","www":"0x59a7a156","wwwById":"0x259e5878"}|0x1abccf3d
13:24:51.0 (69163575)|STATEMENT_EXECUTE|[21]
13:24:51.0 (69165654)|STATEMENT_EXECUTE|[22]
13:24:51.0 (69166772)|STATEMENT_EXECUTE|[26]
13:24:51.0 (73429462)|VF_SERIALIZE_VIEWSTATE_BEGIN|06624000003h0Dg
13:24:51.0 (77485166)|VF_SERIALIZE_VIEWSTATE_END
13:24:51.79 (79617586)|CUMULATIVE_LIMIT_USAGE
13:24:51.79 (79617586)|LIMIT_USAGE_FOR_NS|(default)|
  Number of SOQL queries: 1 out of 100
  Number of query rows: 1 out of 50000
  Number of SOSL queries: 0 out of 20
  Number of DML statements: 0 out of 150
  Number of DML rows: 0 out of 10000
  Maximum CPU time: 0 out of 10000
  Maximum heap size: 0 out of 6000000
  Number of callouts: 0 out of 100
  Number of Email Invocations: 0 out of 10
  Number of future calls: 0 out of 50
  Number of queueable jobs added to the queue: 0 out of 50
  Number of Mobile Apex push calls: 0 out of 10

13:24:51.79 (79617586)|CUMULATIVE_LIMIT_USAGE_END

13:24:51.0 (79649852)|CODE_UNIT_FINISHED|VF: /apex/New_delivered_detail
13:24:51.0 (80400449)|EXECUTION_FINISHED
