39.0 APEX_CODE,DEBUG;APEX_PROFILING,INFO;CALLOUT,INFO;DB,INFO;SYSTEM,DEBUG;VALIDATION,INFO;VISUALFORCE,INFO;WAVE,INFO;WORKFLOW,INFO
13:52:03.0 (46077)|USER_INFO|[EXTERNAL]|00524000001e3Uj|bedrijfsbureau@gsa.nl.sandbox|Midden-Europese standaardtijd|GMT+02:00
13:52:03.0 (66321)|EXECUTION_STARTED
13:52:03.0 (68979)|CODE_UNIT_STARTED|[EXTERNAL]|0669E0000000KhW|VF: /apex/ProjectItemsAfroepen
13:52:03.0 (176583)|VF_DESERIALIZE_VIEWSTATE_BEGIN|0669E0000000KhW
13:52:03.0 (5143128)|VF_DESERIALIZE_VIEWSTATE_END
13:52:03.0 (5554847)|SYSTEM_MODE_ENTER|true
13:52:03.0 (5783004)|SYSTEM_MODE_ENTER|false
13:52:03.0 (5789718)|SYSTEM_MODE_EXIT|false
13:52:03.0 (5800022)|SYSTEM_MODE_ENTER|false
13:52:03.0 (5805569)|SYSTEM_MODE_EXIT|false
13:52:03.0 (5919882)|SYSTEM_MODE_ENTER|true
13:52:03.0 (5944656)|SYSTEM_MODE_ENTER|false
13:52:03.0 (5949374)|SYSTEM_MODE_EXIT|false
13:52:03.0 (6071988)|SYSTEM_MODE_ENTER|true
13:52:03.0 (6212208)|SYSTEM_MODE_ENTER|false
13:52:03.0 (6698675)|SOQL_EXECUTE_BEGIN|[41]|Aggregations:0|SELECT Id, Name FROM Projecten__c WHERE Name LIKE :tmpVar1 LIMIT 5
13:52:03.0 (11314943)|SOQL_EXECUTE_END|[41]|Rows:0
13:52:03.0 (11441575)|SYSTEM_MODE_EXIT|false
13:52:03.0 (14820516)|SYSTEM_MODE_ENTER|true
13:52:03.0 (14851429)|SYSTEM_MODE_ENTER|false
13:52:03.0 (14856465)|SYSTEM_MODE_EXIT|false
13:52:03.0 (14951743)|SYSTEM_MODE_ENTER|true
13:52:03.0 (14973395)|SYSTEM_MODE_ENTER|false
13:52:03.0 (14977215)|SYSTEM_MODE_EXIT|false
13:52:03.0 (15628711)|VF_SERIALIZE_VIEWSTATE_BEGIN|0669E0000000KhW
13:52:03.0 (17189021)|VF_SERIALIZE_VIEWSTATE_END
13:52:03.18 (18875346)|CUMULATIVE_LIMIT_USAGE
13:52:03.18 (18875346)|LIMIT_USAGE_FOR_NS|(default)|
  Number of SOQL queries: 1 out of 100
  Number of query rows: 0 out of 50000
  Number of SOSL queries: 0 out of 20
  Number of DML statements: 0 out of 150
  Number of DML rows: 0 out of 10000
  Maximum CPU time: 0 out of 10000
  Maximum heap size: 0 out of 6000000
  Number of callouts: 0 out of 100
  Number of Email Invocations: 0 out of 10
  Number of future calls: 0 out of 50
  Number of queueable jobs added to the queue: 0 out of 50
  Number of Mobile Apex push calls: 0 out of 10

13:52:03.18 (18875346)|CUMULATIVE_LIMIT_USAGE_END

13:52:03.0 (18905023)|CODE_UNIT_FINISHED|VF: /apex/ProjectItemsAfroepen
13:52:03.0 (19809300)|EXECUTION_FINISHED
