39.0 APEX_CODE,DEBUG;APEX_PROFILING,INFO;CALLOUT,INFO;DB,INFO;SYSTEM,DEBUG;VALIDATION,INFO;VISUALFORCE,INFO;WAVE,INFO;WORKFLOW,INFO
13:46:47.0 (75617)|USER_INFO|[EXTERNAL]|00524000001e3Uj|bedrijfsbureau@gsa.nl.sandbox|Midden-Europese standaardtijd|GMT+02:00
13:46:47.0 (103588)|EXECUTION_STARTED
13:46:47.0 (107162)|CODE_UNIT_STARTED|[EXTERNAL]|0669E0000000KhW|VF: /apex/ProjectItemsAfroepen
13:46:47.0 (254164)|VF_DESERIALIZE_VIEWSTATE_BEGIN|0669E0000000KhW
13:46:47.0 (4955838)|VF_DESERIALIZE_VIEWSTATE_END
13:46:47.0 (10080853)|SYSTEM_MODE_ENTER|true
13:46:47.0 (10343589)|SYSTEM_MODE_ENTER|false
13:46:47.0 (10349627)|SYSTEM_MODE_EXIT|false
13:46:47.0 (10360697)|SYSTEM_MODE_ENTER|false
13:46:47.0 (10365712)|SYSTEM_MODE_EXIT|false
13:46:47.0 (10489894)|SYSTEM_MODE_ENTER|true
13:46:47.0 (10517155)|SYSTEM_MODE_ENTER|false
13:46:47.0 (10521773)|SYSTEM_MODE_EXIT|false
13:46:47.0 (10658392)|SYSTEM_MODE_ENTER|true
13:46:47.0 (10821356)|SYSTEM_MODE_ENTER|false
13:46:47.0 (11339078)|SOQL_EXECUTE_BEGIN|[32]|Aggregations:0|SELECT Id, Name FROM Projecten__c WHERE Name LIKE :tmpVar1 LIMIT 5
13:46:47.0 (16778391)|SOQL_EXECUTE_END|[32]|Rows:1
13:46:47.0 (16958148)|SYSTEM_MODE_EXIT|false
13:46:47.0 (20371657)|SYSTEM_MODE_ENTER|true
13:46:47.0 (20405925)|SYSTEM_MODE_ENTER|false
13:46:47.0 (20411339)|SYSTEM_MODE_EXIT|false
13:46:47.0 (20526772)|SYSTEM_MODE_ENTER|true
13:46:47.0 (20552393)|SYSTEM_MODE_ENTER|false
13:46:47.0 (20556474)|SYSTEM_MODE_EXIT|false
13:46:47.0 (21570173)|VF_SERIALIZE_VIEWSTATE_BEGIN|0669E0000000KhW
13:46:47.0 (23167620)|VF_SERIALIZE_VIEWSTATE_END
13:46:47.24 (24863072)|CUMULATIVE_LIMIT_USAGE
13:46:47.24 (24863072)|LIMIT_USAGE_FOR_NS|(default)|
  Number of SOQL queries: 1 out of 100
  Number of query rows: 1 out of 50000
  Number of SOSL queries: 0 out of 20
  Number of DML statements: 0 out of 150
  Number of DML rows: 0 out of 10000
  Maximum CPU time: 0 out of 10000
  Maximum heap size: 0 out of 6000000
  Number of callouts: 0 out of 100
  Number of Email Invocations: 0 out of 10
  Number of future calls: 0 out of 50
  Number of queueable jobs added to the queue: 0 out of 50
  Number of Mobile Apex push calls: 0 out of 10

13:46:47.24 (24863072)|CUMULATIVE_LIMIT_USAGE_END

13:46:47.0 (24891786)|CODE_UNIT_FINISHED|VF: /apex/ProjectItemsAfroepen
13:46:47.0 (25627650)|EXECUTION_FINISHED
