37.0 APEX_CODE,FINEST;APEX_PROFILING,INFO;CALLOUT,INFO;DB,INFO;SYSTEM,DEBUG;VALIDATION,INFO;VISUALFORCE,INFO;WORKFLOW,INFO
14:32:07.0 (265178)|USER_INFO|[EXTERNAL]|00524000001e3Uj|bedrijfsbureau@gsa.nl.sandbox|Midden-Europese standaardtijd|GMT+01:00
14:32:07.0 (294343)|EXECUTION_STARTED
14:32:07.0 (297812)|CODE_UNIT_STARTED|[EXTERNAL]|FutureHandler - state load
14:32:07.0 (2131425)|CODE_UNIT_FINISHED|FutureHandler - state load
14:32:07.0 (2898380)|EXECUTION_FINISHED
14:32:07.14 (14451341)|USER_INFO|[EXTERNAL]|00524000001e3Uj|bedrijfsbureau@gsa.nl.sandbox|Midden-Europese standaardtijd|GMT+01:00
14:32:07.14 (14459265)|EXECUTION_STARTED
14:32:07.14 (14461555)|CODE_UNIT_STARTED|[EXTERNAL]|01p2400000DcTyQ|ProjectUtil.addShares
14:32:07.14 (14630582)|HEAP_ALLOCATE|[72]|Bytes:3
14:32:07.14 (14667363)|HEAP_ALLOCATE|[77]|Bytes:152
14:32:07.14 (14678787)|HEAP_ALLOCATE|[342]|Bytes:408
14:32:07.14 (14692365)|HEAP_ALLOCATE|[355]|Bytes:408
14:32:07.14 (14705612)|HEAP_ALLOCATE|[467]|Bytes:48
14:32:07.14 (14732377)|HEAP_ALLOCATE|[139]|Bytes:6
14:32:07.14 (14744252)|HEAP_ALLOCATE|[EXTERNAL]|Bytes:14
14:32:07.14 (14747645)|HEAP_ALLOCATE|[EXTERNAL]|Bytes:23
14:32:07.14 (14754156)|METHOD_ENTRY|[1]|01p2400000DcTyQ|ProjectUtil.ProjectUtil()
14:32:07.14 (14758333)|STATEMENT_EXECUTE|[1]
14:32:07.14 (14763464)|STATEMENT_EXECUTE|[1]
14:32:07.14 (14767244)|METHOD_EXIT|[1]|ProjectUtil
14:32:07.14 (14777377)|HEAP_ALLOCATE|[EXTERNAL]|Bytes:8
14:32:07.14 (14783763)|VARIABLE_SCOPE_BEGIN|[104]|projectsIds|Set<Id>|true|false
14:32:07.14 (14818629)|VARIABLE_ASSIGNMENT|[104]|projectsIds|{"s":1,"v":["a0q0E0000008S3WQAU"]}|0x6e4f9edc
14:32:07.14 (14825671)|STATEMENT_EXECUTE|[104]
14:32:07.14 (14827012)|STATEMENT_EXECUTE|[105]
14:32:07.14 (14830001)|HEAP_ALLOCATE|[105]|Bytes:59
14:32:07.14 (14840043)|HEAP_ALLOCATE|[105]|Bytes:4
14:32:07.14 (14849098)|HEAP_ALLOCATE|[105]|Bytes:7
14:32:07.14 (14885609)|HEAP_ALLOCATE|[50]|Bytes:5
14:32:07.14 (14905399)|HEAP_ALLOCATE|[56]|Bytes:5
14:32:07.14 (14910568)|HEAP_ALLOCATE|[64]|Bytes:7
14:32:07.14 (14948035)|HEAP_ALLOCATE|[105]|Bytes:8
14:32:07.14 (14953488)|HEAP_ALLOCATE|[105]|Bytes:8
14:32:07.14 (15410109)|SOQL_EXECUTE_BEGIN|[105]|Aggregations:0|SELECT Id, Account__c FROM Projecten__c WHERE id = :tmpVar1
14:32:07.14 (16842322)|SOQL_EXECUTE_END|[105]|Rows:1
14:32:07.14 (16858241)|HEAP_ALLOCATE|[105]|Bytes:8
14:32:07.14 (16872158)|HEAP_ALLOCATE|[105]|Bytes:61
14:32:07.14 (16934119)|HEAP_ALLOCATE|[105]|Bytes:8
14:32:07.14 (16944454)|VARIABLE_SCOPE_BEGIN|[105]|projects|List<Projecten__c>|true|false
14:32:07.14 (16971855)|VARIABLE_ASSIGNMENT|[105]|projects|{"s":1,"v":[{"s":2,"v":{"Id":"a0q0E0000008S3WQAU","Account__c":"0010E000002eEwIQAU"}}]}|0x40366b79
14:32:07.14 (16975529)|STATEMENT_EXECUTE|[106]
14:32:07.14 (16982445)|HEAP_ALLOCATE|[106]|Bytes:4
14:32:07.14 (17017571)|VARIABLE_SCOPE_BEGIN|[106]|accIds|Set<Id>|true|false
14:32:07.14 (17040846)|VARIABLE_ASSIGNMENT|[106]|accIds|{"s":1,"v":[]}|0x68e6d1ca
14:32:07.14 (17043108)|STATEMENT_EXECUTE|[107]
14:32:07.14 (17046212)|HEAP_ALLOCATE|[107]|Bytes:4
14:32:07.14 (17059910)|VARIABLE_SCOPE_BEGIN|[107]|prIds|Set<Id>|true|false
14:32:07.14 (17068634)|VARIABLE_ASSIGNMENT|[107]|prIds|{"s":1,"v":[]}|0x2a38307
14:32:07.14 (17246337)|HEAP_ALLOCATE|[108]|Bytes:5
14:32:07.14 (17280577)|HEAP_ALLOCATE|[108]|Bytes:12
14:32:07.14 (17288794)|VARIABLE_SCOPE_BEGIN|[108]|pr|Projecten__c|true|false
14:32:07.14 (17302649)|VARIABLE_ASSIGNMENT|[108]|pr|{"s":1,"v":{"Id":"a0q0E0000008S3WQAU","Account__c":"0010E000002eEwIQAU"}}|0x63a8efa7
14:32:07.14 (17306255)|STATEMENT_EXECUTE|[108]
14:32:07.14 (17307506)|STATEMENT_EXECUTE|[109]
14:32:07.14 (17356944)|HEAP_ALLOCATE|[EXTERNAL]|Bytes:4
14:32:07.14 (17368514)|STATEMENT_EXECUTE|[110]
14:32:07.14 (17401942)|HEAP_ALLOCATE|[EXTERNAL]|Bytes:4
14:32:07.14 (17413476)|HEAP_ALLOCATE|[108]|Bytes:5
14:32:07.14 (17424081)|VARIABLE_ASSIGNMENT|[108]|pr|null|
14:32:07.14 (17426865)|STATEMENT_EXECUTE|[112]
14:32:07.14 (17429650)|HEAP_ALLOCATE|[112]|Bytes:85
14:32:07.14 (17434297)|HEAP_ALLOCATE|[112]|Bytes:4
14:32:07.14 (17455509)|HEAP_ALLOCATE|[112]|Bytes:8
14:32:07.14 (17459844)|HEAP_ALLOCATE|[112]|Bytes:8
14:32:07.14 (19410945)|SOQL_EXECUTE_BEGIN|[112]|Aggregations:0|SELECT Id, AccountId__c FROM User WHERE (AccountId__c = :tmpVar1 AND isActive = TRUE)
14:32:07.14 (21685732)|SOQL_EXECUTE_END|[112]|Rows:0
14:32:07.14 (21704525)|HEAP_ALLOCATE|[112]|Bytes:4
14:32:07.14 (21713797)|HEAP_ALLOCATE|[112]|Bytes:0
14:32:07.14 (21761227)|HEAP_ALLOCATE|[112]|Bytes:4
14:32:07.14 (21770142)|VARIABLE_SCOPE_BEGIN|[112]|users|List<User>|true|false
14:32:07.14 (21783192)|VARIABLE_ASSIGNMENT|[112]|users|{"s":1,"v":[]}|0x39c36bed
14:32:07.14 (21786209)|STATEMENT_EXECUTE|[113]
14:32:07.14 (21816245)|HEAP_ALLOCATE|[113]|Bytes:4
14:32:07.14 (21841141)|VARIABLE_SCOPE_BEGIN|[113]|userByAccId|Map<Id,List<User>>|true|false
14:32:07.14 (21853515)|VARIABLE_ASSIGNMENT|[113]|userByAccId|{"s":1,"v":{}}|0x11ec5eb
14:32:07.14 (21855819)|STATEMENT_EXECUTE|[114]
14:32:07.14 (21859661)|HEAP_ALLOCATE|[114]|Bytes:4
14:32:07.14 (21881260)|VARIABLE_SCOPE_BEGIN|[114]|usersIds|Set<Id>|true|false
14:32:07.14 (21893172)|VARIABLE_ASSIGNMENT|[114]|usersIds|{"s":1,"v":[]}|0x44e5f87
14:32:07.14 (21990938)|HEAP_ALLOCATE|[115]|Bytes:5
14:32:07.14 (22012684)|VARIABLE_ASSIGNMENT|[115]|u|null|
14:32:07.14 (22016444)|STATEMENT_EXECUTE|[115]
14:32:07.14 (22018133)|STATEMENT_EXECUTE|[123]
14:32:07.14 (22021077)|HEAP_ALLOCATE|[123]|Bytes:57
14:32:07.14 (22025776)|HEAP_ALLOCATE|[123]|Bytes:4
14:32:07.14 (22047045)|HEAP_ALLOCATE|[123]|Bytes:8
14:32:07.14 (22051135)|HEAP_ALLOCATE|[123]|Bytes:8
14:32:07.14 (22290050)|SOQL_EXECUTE_BEGIN|[123]|Aggregations:0|SELECT Id FROM Projecten__Share WHERE ParentId = :tmpVar1
14:32:07.14 (24162145)|SOQL_EXECUTE_END|[123]|Rows:1
14:32:07.14 (24179683)|HEAP_ALLOCATE|[123]|Bytes:8
14:32:07.14 (24188295)|HEAP_ALLOCATE|[123]|Bytes:29
14:32:07.14 (24237822)|HEAP_ALLOCATE|[123]|Bytes:8
14:32:07.14 (24246424)|VARIABLE_SCOPE_BEGIN|[123]|shares|List<Projecten__Share>|true|false
14:32:07.14 (24264679)|VARIABLE_ASSIGNMENT|[123]|shares|{"s":1,"v":[{"s":2,"v":{"Id":"02c0E000001BxwxQAC"}}]}|0x2b3cea7b
14:32:07.14 (24268261)|STATEMENT_EXECUTE|[124]
14:32:07.14 (24269686)|STATEMENT_EXECUTE|[124]
14:32:07.14 (24270827)|STATEMENT_EXECUTE|[125]
14:32:07.14 (24319407)|DML_BEGIN|[125]|Op:Delete|Type:Projecten__Share|Rows:1
14:32:07.14 (24337682)|HEAP_ALLOCATE|[EXTERNAL]|Bytes:8
14:32:07.14 (33711809)|DML_END|[125]
14:32:07.14 (33762494)|HEAP_ALLOCATE|[EXTERNAL]|Bytes:8
14:32:07.14 (33773424)|STATEMENT_EXECUTE|[130]
14:32:07.14 (33779262)|HEAP_ALLOCATE|[130]|Bytes:4
14:32:07.14 (33817350)|VARIABLE_SCOPE_BEGIN|[130]|toInsert|List<Projecten__Share>|true|false
14:32:07.14 (33824305)|HEAP_ALLOCATE|[EXTERNAL]|Bytes:4
14:32:07.14 (33833966)|VARIABLE_ASSIGNMENT|[130]|toInsert|{"s":1,"v":[]}|0xba32562
14:32:07.14 (33862863)|HEAP_ALLOCATE|[131]|Bytes:5
14:32:07.14 (33873383)|HEAP_ALLOCATE|[131]|Bytes:12
14:32:07.14 (33879724)|VARIABLE_SCOPE_BEGIN|[131]|pr|Projecten__c|true|false
14:32:07.14 (33892381)|VARIABLE_ASSIGNMENT|[131]|pr|{"s":1,"v":{"Id":"a0q0E0000008S3WQAU","Account__c":"0010E000002eEwIQAU"}}|0x63a8efa7
14:32:07.14 (33895657)|STATEMENT_EXECUTE|[131]
14:32:07.14 (33896950)|STATEMENT_EXECUTE|[132]
14:32:07.14 (33947183)|USER_DEBUG|[132]|DEBUG|null
14:32:07.14 (33972208)|STATEMENT_EXECUTE|[133]
14:32:07.14 (33980348)|HEAP_ALLOCATE|[131]|Bytes:5
14:32:07.14 (33990074)|VARIABLE_ASSIGNMENT|[131]|pr|null|
14:32:07.14 (33993286)|STATEMENT_EXECUTE|[142]
14:32:07.14 (34060322)|HEAP_ALLOCATE|[EXTERNAL]|Bytes:4
14:32:07.14 (34065917)|STATEMENT_EXECUTE|[143]
14:32:07.14 (34069502)|HEAP_ALLOCATE|[143]|Bytes:9
14:32:07.14 (34110268)|HEAP_ALLOCATE|[143]|Bytes:2
14:32:07.14 (34124534)|HEAP_ALLOCATE|[143]|Bytes:11
14:32:07.14 (34132355)|USER_DEBUG|[143]|DEBUG|toInsert ()
14:32:07.34 (34142626)|CUMULATIVE_LIMIT_USAGE
14:32:07.34 (34142626)|LIMIT_USAGE_FOR_NS|(default)|
  Number of SOQL queries: 3 out of 200
  Number of query rows: 2 out of 50000
  Number of SOSL queries: 0 out of 20
  Number of DML statements: 1 out of 150
  Number of DML rows: 1 out of 10000
  Maximum CPU time: 0 out of 60000
  Maximum heap size: 0 out of 12000000
  Number of callouts: 0 out of 100
  Number of Email Invocations: 0 out of 10
  Number of future calls: 0 out of 50
  Number of queueable jobs added to the queue: 0 out of 1
  Number of Mobile Apex push calls: 0 out of 10

14:32:07.34 (34142626)|CUMULATIVE_LIMIT_USAGE_END

14:32:07.14 (34170399)|CODE_UNIT_FINISHED|ProjectUtil.addShares
14:32:07.14 (34963183)|EXECUTION_FINISHED
