38.0 APEX_CODE,FINEST;APEX_PROFILING,INFO;CALLOUT,INFO;DB,INFO;SYSTEM,DEBUG;VALIDATION,INFO;VISUALFORCE,INFO;WAVE,INFO;WORKFLOW,INFO
12:23:16.0 (65875)|USER_INFO|[EXTERNAL]|00524000001e3Uj|bedrijfsbureau@gsa.nl.sandbox|Midden-Europese standaardtijd|GMT+01:00
12:23:16.0 (96630)|EXECUTION_STARTED
12:23:16.0 (101567)|CODE_UNIT_STARTED|[EXTERNAL]|06624000003h0Dg|VF: /apex/New_delivered_detail
12:23:16.0 (273172)|VF_DESERIALIZE_VIEWSTATE_BEGIN|06624000003h0Dg
12:23:16.0 (4673880)|HEAP_ALLOCATE|[72]|Bytes:3
12:23:16.0 (4725475)|HEAP_ALLOCATE|[77]|Bytes:152
12:23:16.0 (4745590)|HEAP_ALLOCATE|[342]|Bytes:408
12:23:16.0 (4769143)|HEAP_ALLOCATE|[355]|Bytes:408
12:23:16.0 (4791346)|HEAP_ALLOCATE|[467]|Bytes:48
12:23:16.0 (4829369)|HEAP_ALLOCATE|[139]|Bytes:6
12:23:16.0 (4882701)|HEAP_ALLOCATE|[50]|Bytes:5
12:23:16.0 (4912161)|HEAP_ALLOCATE|[56]|Bytes:5
12:23:16.0 (4923244)|HEAP_ALLOCATE|[64]|Bytes:7
12:23:16.0 (10790808)|VF_DESERIALIZE_VIEWSTATE_END
12:23:16.11 (11640988)|SYSTEM_MODE_ENTER|true
12:23:16.11 (11702668)|HEAP_ALLOCATE|[EXTERNAL]|Bytes:38
12:23:16.11 (11709497)|HEAP_ALLOCATE|[EXTERNAL]|Bytes:7
12:23:16.11 (11717621)|SYSTEM_METHOD_ENTRY|[1]|PageMessagesComponentController.PageMessagesComponentController()
12:23:16.11 (11721382)|STATEMENT_EXECUTE|[1]
12:23:16.12 (12640284)|SYSTEM_MODE_ENTER|true
12:23:16.12 (12715593)|HEAP_ALLOCATE|[EXTERNAL]|Bytes:8
12:23:16.12 (12723321)|VARIABLE_SCOPE_BEGIN|[88]|this|ApexPage.PageMessagesComponentController|true|false
12:23:16.12 (12764609)|VARIABLE_ASSIGNMENT|[88]|this|{}|0x5dc5e62b
12:23:16.12 (12769517)|VARIABLE_SCOPE_BEGIN|[88]|escape|Boolean|false|false
12:23:16.12 (12775665)|VARIABLE_ASSIGNMENT|[88]|escape|null
12:23:16.0 (13085124)|SYSTEM_MODE_ENTER|true
12:23:16.0 (13318561)|HEAP_ALLOCATE|[EXTERNAL]|Bytes:11
12:23:16.0 (13329788)|HEAP_ALLOCATE|[EXTERNAL]|Bytes:408
12:23:16.0 (13334407)|HEAP_ALLOCATE|[EXTERNAL]|Bytes:120
12:23:16.0 (13337937)|HEAP_ALLOCATE|[EXTERNAL]|Bytes:108
12:23:16.0 (13346213)|METHOD_ENTRY|[1]|01p2400000DUtXT|NewDeliveredExtension.NewDeliveredExtension()
12:23:16.0 (13350100)|STATEMENT_EXECUTE|[1]
12:23:16.0 (13354319)|STATEMENT_EXECUTE|[1]
12:23:16.0 (13356124)|STATEMENT_EXECUTE|[527]
12:23:16.0 (13360943)|METHOD_EXIT|[1]|NewDeliveredExtension
12:23:16.0 (13366328)|HEAP_ALLOCATE|[EXTERNAL]|Bytes:80
12:23:16.0 (13449652)|VARIABLE_ASSIGNMENT|[EXTERNAL]|this|{"delToHub":true,"delToProj":false,"detail":"0x58df869f","invoked":false,"rejected":false,"reserved":false,"selectedTime3":"8:00","sublocations1":"0x4e7be1f4","www":"0x17f5fd34","wwwById":"0xe1da0bc"}|0x603ee58
12:23:16.0 (13458917)|STATEMENT_EXECUTE|[196]
12:23:16.0 (13463141)|STATEMENT_EXECUTE|[197]
12:23:16.0 (13465186)|STATEMENT_EXECUTE|[200]
12:23:16.0 (13576595)|SYSTEM_MODE_ENTER|true
12:23:16.0 (13609600)|HEAP_ALLOCATE|[EXTERNAL]|Bytes:80
12:23:16.0 (13673355)|VARIABLE_ASSIGNMENT|[EXTERNAL]|this|{"delToHub":true,"delToProj":false,"detail":"0x58df869f","invoked":false,"rejected":false,"reserved":false,"selectedTime3":"8:00","sublocations1":"0x4e7be1f4","www":"0x17f5fd34","wwwById":"0xe1da0bc"}|0x603ee58
12:23:16.0 (13682292)|STATEMENT_EXECUTE|[229]
12:23:16.0 (13685847)|STATEMENT_EXECUTE|[230]
12:23:16.0 (13687704)|STATEMENT_EXECUTE|[233]
12:23:16.0 (13857478)|SYSTEM_MODE_ENTER|true
12:23:16.0 (13899616)|HEAP_ALLOCATE|[EXTERNAL]|Bytes:80
12:23:16.0 (13984242)|VARIABLE_ASSIGNMENT|[EXTERNAL]|this|{"delToHub":true,"delToProj":false,"detail":"0x58df869f","invoked":false,"rejected":false,"reserved":false,"selectedTime3":"8:00","sublocations1":"0x4e7be1f4","www":"0x17f5fd34","wwwById":"0xe1da0bc"}|0x603ee58
12:23:16.0 (13992316)|STATEMENT_EXECUTE|[3]
12:23:16.0 (13995630)|STATEMENT_EXECUTE|[4]
12:23:16.0 (13996986)|STATEMENT_EXECUTE|[9]
12:23:16.0 (17685102)|SYSTEM_MODE_ENTER|true
12:23:16.0 (17712670)|HEAP_ALLOCATE|[EXTERNAL]|Bytes:80
12:23:16.0 (17760833)|VARIABLE_ASSIGNMENT|[EXTERNAL]|this|{"delToHub":true,"delToProj":false,"detail":"0x58df869f","invoked":false,"rejected":false,"reserved":false,"selectedTime3":"8:00","sublocations1":"0x4e7be1f4","www":"0x17f5fd34","wwwById":"0xe1da0bc"}|0x603ee58
12:23:16.0 (17767456)|STATEMENT_EXECUTE|[186]
12:23:16.0 (17770726)|STATEMENT_EXECUTE|[187]
12:23:16.0 (17771988)|STATEMENT_EXECUTE|[190]
12:23:16.0 (18368952)|SYSTEM_MODE_ENTER|true
12:23:16.0 (18394469)|HEAP_ALLOCATE|[EXTERNAL]|Bytes:80
12:23:16.0 (18455486)|VARIABLE_ASSIGNMENT|[EXTERNAL]|this|{"delToHub":true,"delToProj":false,"detail":"0x58df869f","invoked":false,"rejected":false,"reserved":false,"selectedTime3":"8:00","sublocations1":"0x4e7be1f4","www":"0x17f5fd34","wwwById":"0xe1da0bc"}|0x603ee58
12:23:16.0 (18465359)|STATEMENT_EXECUTE|[204]
12:23:16.0 (18469606)|STATEMENT_EXECUTE|[205]
12:23:16.0 (18471860)|STATEMENT_EXECUTE|[208]
12:23:16.0 (18565597)|SYSTEM_MODE_ENTER|true
12:23:16.0 (18595854)|HEAP_ALLOCATE|[EXTERNAL]|Bytes:80
12:23:16.0 (18658385)|VARIABLE_ASSIGNMENT|[EXTERNAL]|this|{"delToHub":true,"delToProj":false,"detail":"0x58df869f","invoked":false,"rejected":false,"reserved":false,"selectedTime3":"8:00","sublocations1":"0x4e7be1f4","www":"0x17f5fd34","wwwById":"0xe1da0bc"}|0x603ee58
12:23:16.0 (18667933)|STATEMENT_EXECUTE|[220]
12:23:16.0 (18671587)|STATEMENT_EXECUTE|[221]
12:23:16.0 (18673350)|STATEMENT_EXECUTE|[224]
12:23:16.0 (18763349)|SYSTEM_MODE_ENTER|true
12:23:16.0 (18791467)|HEAP_ALLOCATE|[EXTERNAL]|Bytes:80
12:23:16.0 (18839716)|VARIABLE_ASSIGNMENT|[EXTERNAL]|this|{"delToHub":true,"delToProj":false,"detail":"0x58df869f","invoked":false,"rejected":false,"reserved":false,"selectedTime3":"8:00","sublocations1":"0x4e7be1f4","www":"0x17f5fd34","wwwById":"0xe1da0bc"}|0x603ee58
12:23:16.0 (18847823)|STATEMENT_EXECUTE|[212]
12:23:16.0 (18851530)|STATEMENT_EXECUTE|[213]
12:23:16.0 (18853478)|STATEMENT_EXECUTE|[216]
12:23:16.0 (18938652)|SYSTEM_MODE_ENTER|true
12:23:16.0 (18960059)|HEAP_ALLOCATE|[EXTERNAL]|Bytes:80
12:23:16.0 (19000020)|VARIABLE_ASSIGNMENT|[EXTERNAL]|this|{"delToHub":true,"delToProj":false,"detail":"0x58df869f","invoked":false,"rejected":false,"reserved":false,"selectedTime3":"8:00","sublocations1":"0x4e7be1f4","www":"0x17f5fd34","wwwById":"0xe1da0bc"}|0x603ee58
12:23:16.0 (19006069)|STATEMENT_EXECUTE|[21]
12:23:16.0 (19008416)|STATEMENT_EXECUTE|[22]
12:23:16.0 (19009584)|STATEMENT_EXECUTE|[26]
12:23:16.0 (27560136)|SYSTEM_MODE_ENTER|true
12:23:16.0 (27601943)|HEAP_ALLOCATE|[EXTERNAL]|Bytes:80
12:23:16.0 (27609670)|VARIABLE_SCOPE_BEGIN|[48]|this|NewDeliveredExtension|true|false
12:23:16.0 (27663553)|VARIABLE_ASSIGNMENT|[48]|this|{"delToHub":true,"delToProj":false,"detail":"0x58df869f","invoked":false,"rejected":false,"reserved":false,"selectedTime3":"8:00","sublocations1":"0x4e7be1f4","www":"0x17f5fd34","wwwById":"0xe1da0bc"}|0x603ee58
12:23:16.0 (27674131)|STATEMENT_EXECUTE|[48]
12:23:16.0 (27675800)|STATEMENT_EXECUTE|[49]
12:23:16.0 (27685777)|HEAP_ALLOCATE|[49]|Bytes:4
12:23:16.0 (27723480)|VARIABLE_SCOPE_BEGIN|[49]|options|List<System.SelectOption>|true|false
12:23:16.0 (27758402)|HEAP_ALLOCATE|[EXTERNAL]|Bytes:4
12:23:16.0 (27766749)|VARIABLE_ASSIGNMENT|[49]|options|[]|0x50684af6
12:23:16.0 (27770492)|STATEMENT_EXECUTE|[50]
12:23:16.0 (27776283)|VARIABLE_SCOPE_BEGIN|[50]|i|Integer|false|false
12:23:16.0 (27779680)|HEAP_ALLOCATE|[50]|Bytes:4
12:23:16.0 (27784091)|VARIABLE_ASSIGNMENT|[50]|i|0
12:23:16.0 (27789184)|STATEMENT_EXECUTE|[50]
12:23:16.0 (27790546)|STATEMENT_EXECUTE|[51]
12:23:16.0 (27792226)|VARIABLE_SCOPE_BEGIN|[51]|j|Integer|false|false
12:23:16.0 (27793905)|HEAP_ALLOCATE|[51]|Bytes:4
12:23:16.0 (27796286)|VARIABLE_ASSIGNMENT|[51]|j|0
12:23:16.0 (27798421)|STATEMENT_EXECUTE|[51]
12:23:16.0 (27800257)|STATEMENT_EXECUTE|[52]
12:23:16.0 (27801320)|STATEMENT_EXECUTE|[53]
12:23:16.0 (27850022)|HEAP_ALLOCATE|[53]|Bytes:1
12:23:16.0 (27861053)|HEAP_ALLOCATE|[53]|Bytes:2
12:23:16.0 (27868787)|HEAP_ALLOCATE|[53]|Bytes:1
12:23:16.0 (27879721)|HEAP_ALLOCATE|[53]|Bytes:4
12:23:16.0 (27885774)|HEAP_ALLOCATE|[53]|Bytes:1
12:23:16.0 (27894332)|HEAP_ALLOCATE|[53]|Bytes:1
12:23:16.0 (27900000)|HEAP_ALLOCATE|[53]|Bytes:4
12:23:16.0 (27931699)|HEAP_ALLOCATE|[EXTERNAL]|Bytes:4
12:23:16.0 (27938552)|HEAP_ALLOCATE|[51]|Bytes:4
12:23:16.0 (27943243)|VARIABLE_ASSIGNMENT|[51]|j|30
12:23:16.0 (27946081)|STATEMENT_EXECUTE|[51]
12:23:16.0 (27948081)|STATEMENT_EXECUTE|[54]
12:23:16.0 (27949040)|STATEMENT_EXECUTE|[55]
12:23:16.0 (27966602)|HEAP_ALLOCATE|[55]|Bytes:1
12:23:16.0 (27973838)|HEAP_ALLOCATE|[55]|Bytes:1
12:23:16.0 (27979685)|HEAP_ALLOCATE|[55]|Bytes:2
12:23:16.0 (27986098)|HEAP_ALLOCATE|[55]|Bytes:4
12:23:16.0 (27991698)|HEAP_ALLOCATE|[55]|Bytes:1
12:23:16.0 (28000047)|HEAP_ALLOCATE|[55]|Bytes:2
12:23:16.0 (28006332)|HEAP_ALLOCATE|[55]|Bytes:4
12:23:16.0 (28018151)|HEAP_ALLOCATE|[EXTERNAL]|Bytes:4
12:23:16.0 (28022672)|HEAP_ALLOCATE|[51]|Bytes:4
12:23:16.0 (28026676)|VARIABLE_ASSIGNMENT|[51]|j|60
12:23:16.0 (28030145)|HEAP_ALLOCATE|[50]|Bytes:4
12:23:16.0 (28032820)|VARIABLE_ASSIGNMENT|[50]|i|1
12:23:16.0 (28034798)|STATEMENT_EXECUTE|[50]
12:23:16.0 (28036183)|STATEMENT_EXECUTE|[51]
12:23:16.0 (28038053)|VARIABLE_SCOPE_BEGIN|[51]|j|Integer|false|false
12:23:16.0 (28039903)|HEAP_ALLOCATE|[51]|Bytes:4
12:23:16.0 (28042214)|VARIABLE_ASSIGNMENT|[51]|j|0
12:23:16.0 (28043726)|STATEMENT_EXECUTE|[51]
12:23:16.0 (28045008)|STATEMENT_EXECUTE|[52]
12:23:16.0 (28046021)|STATEMENT_EXECUTE|[53]
12:23:16.0 (28053429)|HEAP_ALLOCATE|[53]|Bytes:1
12:23:16.0 (28062130)|HEAP_ALLOCATE|[53]|Bytes:1
12:23:16.0 (28067954)|HEAP_ALLOCATE|[53]|Bytes:4
12:23:16.0 (28073252)|HEAP_ALLOCATE|[53]|Bytes:1
12:23:16.0 (28081310)|HEAP_ALLOCATE|[53]|Bytes:1
12:23:16.0 (28086775)|HEAP_ALLOCATE|[53]|Bytes:4
12:23:16.0 (28092516)|HEAP_ALLOCATE|[EXTERNAL]|Bytes:4
12:23:16.0 (28096046)|HEAP_ALLOCATE|[51]|Bytes:4
12:23:16.0 (28098817)|VARIABLE_ASSIGNMENT|[51]|j|30
12:23:16.0 (28100545)|STATEMENT_EXECUTE|[51]
12:23:16.0 (28102206)|STATEMENT_EXECUTE|[54]
12:23:16.0 (28103254)|STATEMENT_EXECUTE|[55]
12:23:16.0 (28109435)|HEAP_ALLOCATE|[55]|Bytes:1
12:23:16.0 (28117939)|HEAP_ALLOCATE|[55]|Bytes:2
12:23:16.0 (28123540)|HEAP_ALLOCATE|[55]|Bytes:4
12:23:16.0 (28128851)|HEAP_ALLOCATE|[55]|Bytes:1
12:23:16.0 (28136899)|HEAP_ALLOCATE|[55]|Bytes:2
12:23:16.0 (28142051)|HEAP_ALLOCATE|[55]|Bytes:4
12:23:16.0 (28146824)|HEAP_ALLOCATE|[EXTERNAL]|Bytes:4
12:23:16.0 (28150060)|HEAP_ALLOCATE|[51]|Bytes:4
12:23:16.0 (28152663)|VARIABLE_ASSIGNMENT|[51]|j|60
12:23:16.0 (28154536)|HEAP_ALLOCATE|[50]|Bytes:4
12:23:16.0 (28156799)|VARIABLE_ASSIGNMENT|[50]|i|2
12:23:16.0 (28158379)|STATEMENT_EXECUTE|[50]
12:23:16.0 (28159506)|STATEMENT_EXECUTE|[51]
12:23:16.0 (28161171)|VARIABLE_SCOPE_BEGIN|[51]|j|Integer|false|false
12:23:16.0 (28162516)|HEAP_ALLOCATE|[51]|Bytes:4
12:23:16.0 (28164690)|VARIABLE_ASSIGNMENT|[51]|j|0
12:23:16.0 (28166089)|STATEMENT_EXECUTE|[51]
12:23:16.0 (28167299)|STATEMENT_EXECUTE|[52]
12:23:16.0 (28168258)|STATEMENT_EXECUTE|[53]
12:23:16.0 (28174658)|HEAP_ALLOCATE|[53]|Bytes:1
12:23:16.0 (28183042)|HEAP_ALLOCATE|[53]|Bytes:1
12:23:16.0 (28188638)|HEAP_ALLOCATE|[53]|Bytes:4
12:23:16.0 (28193785)|HEAP_ALLOCATE|[53]|Bytes:1
12:23:16.0 (28201859)|HEAP_ALLOCATE|[53]|Bytes:1
12:23:16.0 (28207190)|HEAP_ALLOCATE|[53]|Bytes:4
12:23:16.0 (28211936)|HEAP_ALLOCATE|[EXTERNAL]|Bytes:4
12:23:16.0 (28215265)|HEAP_ALLOCATE|[51]|Bytes:4
12:23:16.0 (28217858)|VARIABLE_ASSIGNMENT|[51]|j|30
12:23:16.0 (28219651)|STATEMENT_EXECUTE|[51]
12:23:16.0 (28220977)|STATEMENT_EXECUTE|[54]
12:23:16.0 (28221918)|STATEMENT_EXECUTE|[55]
12:23:16.0 (28227731)|HEAP_ALLOCATE|[55]|Bytes:1
12:23:16.0 (28236003)|HEAP_ALLOCATE|[55]|Bytes:2
12:23:16.0 (28241399)|HEAP_ALLOCATE|[55]|Bytes:4
12:23:16.0 (28246512)|HEAP_ALLOCATE|[55]|Bytes:1
12:23:16.0 (28254541)|HEAP_ALLOCATE|[55]|Bytes:2
12:23:16.0 (28259865)|HEAP_ALLOCATE|[55]|Bytes:4
12:23:16.0 (28264368)|HEAP_ALLOCATE|[EXTERNAL]|Bytes:4
12:23:16.0 (28267527)|HEAP_ALLOCATE|[51]|Bytes:4
12:23:16.0 (28269999)|VARIABLE_ASSIGNMENT|[51]|j|60
12:23:16.0 (28272060)|HEAP_ALLOCATE|[50]|Bytes:4
12:23:16.0 (28274273)|VARIABLE_ASSIGNMENT|[50]|i|3
12:23:16.0 (28275747)|STATEMENT_EXECUTE|[50]
12:23:16.0 (28277001)|STATEMENT_EXECUTE|[51]
12:23:16.0 (28278578)|VARIABLE_SCOPE_BEGIN|[51]|j|Integer|false|false
12:23:16.0 (28280031)|HEAP_ALLOCATE|[51]|Bytes:4
12:23:16.0 (28282221)|VARIABLE_ASSIGNMENT|[51]|j|0
12:23:16.0 (28283609)|STATEMENT_EXECUTE|[51]
12:23:16.0 (28284806)|STATEMENT_EXECUTE|[52]
12:23:16.0 (28285748)|STATEMENT_EXECUTE|[53]
12:23:16.0 (28291648)|HEAP_ALLOCATE|[53]|Bytes:1
12:23:16.0 (28299963)|HEAP_ALLOCATE|[53]|Bytes:1
12:23:16.0 (28305372)|HEAP_ALLOCATE|[53]|Bytes:4
12:23:16.0 (28310665)|HEAP_ALLOCATE|[53]|Bytes:1
12:23:16.0 (28318491)|HEAP_ALLOCATE|[53]|Bytes:1
12:23:16.0 (28323673)|HEAP_ALLOCATE|[53]|Bytes:4
12:23:16.0 (28328175)|HEAP_ALLOCATE|[EXTERNAL]|Bytes:4
12:23:16.0 (28331303)|HEAP_ALLOCATE|[51]|Bytes:4
12:23:16.0 (28333934)|VARIABLE_ASSIGNMENT|[51]|j|30
12:23:16.0 (28335689)|STATEMENT_EXECUTE|[51]
12:23:16.0 (28337106)|STATEMENT_EXECUTE|[54]
12:23:16.0 (28338261)|STATEMENT_EXECUTE|[55]
12:23:16.0 (28344109)|HEAP_ALLOCATE|[55]|Bytes:1
12:23:16.0 (28352284)|HEAP_ALLOCATE|[55]|Bytes:2
12:23:16.0 (28357870)|HEAP_ALLOCATE|[55]|Bytes:4
12:23:16.0 (28363082)|HEAP_ALLOCATE|[55]|Bytes:1
12:23:16.0 (28371099)|HEAP_ALLOCATE|[55]|Bytes:2
12:23:16.0 (28376320)|HEAP_ALLOCATE|[55]|Bytes:4
12:23:16.0 (28380711)|HEAP_ALLOCATE|[EXTERNAL]|Bytes:4
12:23:16.0 (28383742)|HEAP_ALLOCATE|[51]|Bytes:4
12:23:16.0 (28386376)|VARIABLE_ASSIGNMENT|[51]|j|60
12:23:16.0 (28388140)|HEAP_ALLOCATE|[50]|Bytes:4
12:23:16.0 (28390308)|VARIABLE_ASSIGNMENT|[50]|i|4
12:23:16.0 (28391817)|STATEMENT_EXECUTE|[50]
12:23:16.0 (28392936)|STATEMENT_EXECUTE|[51]
12:23:16.0 (28394483)|VARIABLE_SCOPE_BEGIN|[51]|j|Integer|false|false
12:23:16.0 (28395846)|HEAP_ALLOCATE|[51]|Bytes:4
12:23:16.0 (28398031)|VARIABLE_ASSIGNMENT|[51]|j|0
12:23:16.0 (28399429)|STATEMENT_EXECUTE|[51]
12:23:16.0 (28400652)|STATEMENT_EXECUTE|[52]
12:23:16.0 (28401601)|STATEMENT_EXECUTE|[53]
12:23:16.0 (28407696)|HEAP_ALLOCATE|[53]|Bytes:1
12:23:16.0 (28416002)|HEAP_ALLOCATE|[53]|Bytes:1
12:23:16.0 (28421352)|HEAP_ALLOCATE|[53]|Bytes:4
12:23:16.0 (28426494)|HEAP_ALLOCATE|[53]|Bytes:1
12:23:16.0 (28434363)|HEAP_ALLOCATE|[53]|Bytes:1
12:23:16.0 (28439786)|HEAP_ALLOCATE|[53]|Bytes:4
12:23:16.0 (28447440)|HEAP_ALLOCATE|[EXTERNAL]|Bytes:4
12:23:16.0 (28451060)|HEAP_ALLOCATE|[51]|Bytes:4
12:23:16.0 (28453774)|VARIABLE_ASSIGNMENT|[51]|j|30
12:23:16.0 (28455503)|STATEMENT_EXECUTE|[51]
12:23:16.0 (28456833)|STATEMENT_EXECUTE|[54]
12:23:16.0 (28457777)|STATEMENT_EXECUTE|[55]
12:23:16.0 (28463787)|HEAP_ALLOCATE|[55]|Bytes:1
12:23:16.0 (28477369)|HEAP_ALLOCATE|[55]|Bytes:2
12:23:16.0 (28483104)|HEAP_ALLOCATE|[55]|Bytes:4
12:23:16.0 (28488396)|HEAP_ALLOCATE|[55]|Bytes:1
12:23:16.0 (28496641)|HEAP_ALLOCATE|[55]|Bytes:2
12:23:16.0 (28502020)|HEAP_ALLOCATE|[55]|Bytes:4
12:23:16.0 (28506835)|HEAP_ALLOCATE|[EXTERNAL]|Bytes:4
12:23:16.0 (28509946)|HEAP_ALLOCATE|[51]|Bytes:4
12:23:16.0 (28512655)|VARIABLE_ASSIGNMENT|[51]|j|60
12:23:16.0 (28514935)|HEAP_ALLOCATE|[50]|Bytes:4
12:23:16.0 (28517163)|VARIABLE_ASSIGNMENT|[50]|i|5
12:23:16.0 (28518764)|STATEMENT_EXECUTE|[50]
12:23:16.0 (28519984)|STATEMENT_EXECUTE|[51]
12:23:16.0 (28521655)|VARIABLE_SCOPE_BEGIN|[51]|j|Integer|false|false
12:23:16.0 (28523077)|HEAP_ALLOCATE|[51]|Bytes:4
12:23:16.0 (28525303)|VARIABLE_ASSIGNMENT|[51]|j|0
12:23:16.0 (28526736)|STATEMENT_EXECUTE|[51]
12:23:16.0 (28528029)|STATEMENT_EXECUTE|[52]
12:23:16.0 (28528961)|STATEMENT_EXECUTE|[53]
12:23:16.0 (28534969)|HEAP_ALLOCATE|[53]|Bytes:1
12:23:16.0 (28543189)|HEAP_ALLOCATE|[53]|Bytes:1
12:23:16.0 (28548556)|HEAP_ALLOCATE|[53]|Bytes:4
12:23:16.0 (28554667)|HEAP_ALLOCATE|[53]|Bytes:1
12:23:16.0 (28564403)|HEAP_ALLOCATE|[53]|Bytes:1
12:23:16.0 (28570081)|HEAP_ALLOCATE|[53]|Bytes:4
12:23:16.0 (28574762)|HEAP_ALLOCATE|[EXTERNAL]|Bytes:4
12:23:16.0 (28578494)|HEAP_ALLOCATE|[51]|Bytes:4
12:23:16.0 (28581191)|VARIABLE_ASSIGNMENT|[51]|j|30
12:23:16.0 (28582794)|STATEMENT_EXECUTE|[51]
12:23:16.0 (28584285)|STATEMENT_EXECUTE|[54]
12:23:16.0 (28585382)|STATEMENT_EXECUTE|[55]
12:23:16.0 (28591300)|HEAP_ALLOCATE|[55]|Bytes:1
12:23:16.0 (28599878)|HEAP_ALLOCATE|[55]|Bytes:2
12:23:16.0 (28605491)|HEAP_ALLOCATE|[55]|Bytes:4
12:23:16.0 (28610598)|HEAP_ALLOCATE|[55]|Bytes:1
12:23:16.0 (28619176)|HEAP_ALLOCATE|[55]|Bytes:2
12:23:16.0 (28624446)|HEAP_ALLOCATE|[55]|Bytes:4
12:23:16.0 (28629006)|HEAP_ALLOCATE|[EXTERNAL]|Bytes:4
12:23:16.0 (28632154)|HEAP_ALLOCATE|[51]|Bytes:4
12:23:16.0 (28634633)|VARIABLE_ASSIGNMENT|[51]|j|60
12:23:16.0 (28636454)|HEAP_ALLOCATE|[50]|Bytes:4
12:23:16.0 (28638625)|VARIABLE_ASSIGNMENT|[50]|i|6
12:23:16.0 (28640243)|STATEMENT_EXECUTE|[50]
12:23:16.0 (28641398)|STATEMENT_EXECUTE|[51]
12:23:16.0 (28642970)|VARIABLE_SCOPE_BEGIN|[51]|j|Integer|false|false
12:23:16.0 (28644357)|HEAP_ALLOCATE|[51]|Bytes:4
12:23:16.0 (28646600)|VARIABLE_ASSIGNMENT|[51]|j|0
12:23:16.0 (28648017)|STATEMENT_EXECUTE|[51]
12:23:16.0 (28649393)|STATEMENT_EXECUTE|[52]
12:23:16.0 (28650348)|STATEMENT_EXECUTE|[53]
12:23:16.0 (28656291)|HEAP_ALLOCATE|[53]|Bytes:1
12:23:16.0 (28664706)|HEAP_ALLOCATE|[53]|Bytes:1
12:23:16.0 (28670265)|HEAP_ALLOCATE|[53]|Bytes:4
12:23:16.0 (28675738)|HEAP_ALLOCATE|[53]|Bytes:1
12:23:16.0 (28683630)|HEAP_ALLOCATE|[53]|Bytes:1
12:23:16.0 (28688913)|HEAP_ALLOCATE|[53]|Bytes:4
12:23:16.0 (28693438)|HEAP_ALLOCATE|[EXTERNAL]|Bytes:4
12:23:16.0 (28696627)|HEAP_ALLOCATE|[51]|Bytes:4
12:23:16.0 (28699075)|VARIABLE_ASSIGNMENT|[51]|j|30
12:23:16.0 (28700642)|STATEMENT_EXECUTE|[51]
12:23:16.0 (28701975)|STATEMENT_EXECUTE|[54]
12:23:16.0 (28702898)|STATEMENT_EXECUTE|[55]
12:23:16.0 (28708478)|HEAP_ALLOCATE|[55]|Bytes:1
12:23:16.0 (28716768)|HEAP_ALLOCATE|[55]|Bytes:2
12:23:16.0 (28722139)|HEAP_ALLOCATE|[55]|Bytes:4
12:23:16.0 (28727581)|HEAP_ALLOCATE|[55]|Bytes:1
12:23:16.0 (28735552)|HEAP_ALLOCATE|[55]|Bytes:2
12:23:16.0 (28740798)|HEAP_ALLOCATE|[55]|Bytes:4
12:23:16.0 (28745264)|HEAP_ALLOCATE|[EXTERNAL]|Bytes:4
12:23:16.0 (28748382)|HEAP_ALLOCATE|[51]|Bytes:4
12:23:16.0 (28750866)|VARIABLE_ASSIGNMENT|[51]|j|60
12:23:16.0 (28752962)|HEAP_ALLOCATE|[50]|Bytes:4
12:23:16.0 (28755239)|VARIABLE_ASSIGNMENT|[50]|i|7
12:23:16.0 (28756703)|STATEMENT_EXECUTE|[50]
12:23:16.0 (28757847)|STATEMENT_EXECUTE|[51]
12:23:16.0 (28759544)|VARIABLE_SCOPE_BEGIN|[51]|j|Integer|false|false
12:23:16.0 (28760799)|HEAP_ALLOCATE|[51]|Bytes:4
12:23:16.0 (28763100)|VARIABLE_ASSIGNMENT|[51]|j|0
12:23:16.0 (28764471)|STATEMENT_EXECUTE|[51]
12:23:16.0 (28765667)|STATEMENT_EXECUTE|[52]
12:23:16.0 (28766631)|STATEMENT_EXECUTE|[53]
12:23:16.0 (28772394)|HEAP_ALLOCATE|[53]|Bytes:1
12:23:16.0 (28780911)|HEAP_ALLOCATE|[53]|Bytes:1
12:23:16.0 (28786194)|HEAP_ALLOCATE|[53]|Bytes:4
12:23:16.0 (28791342)|HEAP_ALLOCATE|[53]|Bytes:1
12:23:16.0 (28799174)|HEAP_ALLOCATE|[53]|Bytes:1
12:23:16.0 (28804348)|HEAP_ALLOCATE|[53]|Bytes:4
12:23:16.0 (28808945)|HEAP_ALLOCATE|[EXTERNAL]|Bytes:4
12:23:16.0 (28812136)|HEAP_ALLOCATE|[51]|Bytes:4
12:23:16.0 (28814580)|VARIABLE_ASSIGNMENT|[51]|j|30
12:23:16.0 (28816256)|STATEMENT_EXECUTE|[51]
12:23:16.0 (28817513)|STATEMENT_EXECUTE|[54]
12:23:16.0 (28818714)|STATEMENT_EXECUTE|[55]
12:23:16.0 (28824401)|HEAP_ALLOCATE|[55]|Bytes:1
12:23:16.0 (28832770)|HEAP_ALLOCATE|[55]|Bytes:2
12:23:16.0 (28838031)|HEAP_ALLOCATE|[55]|Bytes:4
12:23:16.0 (28843145)|HEAP_ALLOCATE|[55]|Bytes:1
12:23:16.0 (28851104)|HEAP_ALLOCATE|[55]|Bytes:2
12:23:16.0 (28856549)|HEAP_ALLOCATE|[55]|Bytes:4
12:23:16.0 (28864168)|HEAP_ALLOCATE|[EXTERNAL]|Bytes:4
12:23:16.0 (28869856)|HEAP_ALLOCATE|[51]|Bytes:4
12:23:16.0 (28875337)|VARIABLE_ASSIGNMENT|[51]|j|60
12:23:16.0 (28878579)|HEAP_ALLOCATE|[50]|Bytes:4
12:23:16.0 (28882269)|VARIABLE_ASSIGNMENT|[50]|i|8
12:23:16.0 (28885004)|STATEMENT_EXECUTE|[50]
12:23:16.0 (28886825)|STATEMENT_EXECUTE|[51]
12:23:16.0 (28889437)|VARIABLE_SCOPE_BEGIN|[51]|j|Integer|false|false
12:23:16.0 (28891896)|HEAP_ALLOCATE|[51]|Bytes:4
12:23:16.0 (28896060)|VARIABLE_ASSIGNMENT|[51]|j|0
12:23:16.0 (28898567)|STATEMENT_EXECUTE|[51]
12:23:16.0 (28900513)|STATEMENT_EXECUTE|[52]
12:23:16.0 (28901964)|STATEMENT_EXECUTE|[53]
12:23:16.0 (28913464)|HEAP_ALLOCATE|[53]|Bytes:1
12:23:16.0 (28922795)|HEAP_ALLOCATE|[53]|Bytes:1
12:23:16.0 (28928526)|HEAP_ALLOCATE|[53]|Bytes:4
12:23:16.0 (28933880)|HEAP_ALLOCATE|[53]|Bytes:1
12:23:16.0 (28941833)|HEAP_ALLOCATE|[53]|Bytes:1
12:23:16.0 (28947004)|HEAP_ALLOCATE|[53]|Bytes:4
12:23:16.0 (28953022)|HEAP_ALLOCATE|[EXTERNAL]|Bytes:4
12:23:16.0 (28958230)|HEAP_ALLOCATE|[51]|Bytes:4
12:23:16.0 (28963331)|VARIABLE_ASSIGNMENT|[51]|j|30
12:23:16.0 (28966228)|STATEMENT_EXECUTE|[51]
12:23:16.0 (28968365)|STATEMENT_EXECUTE|[54]
12:23:16.0 (28969768)|STATEMENT_EXECUTE|[55]
12:23:16.0 (28981744)|HEAP_ALLOCATE|[55]|Bytes:1
12:23:16.0 (28997778)|HEAP_ALLOCATE|[55]|Bytes:2
12:23:16.0 (29005527)|HEAP_ALLOCATE|[55]|Bytes:4
12:23:16.0 (29011379)|HEAP_ALLOCATE|[55]|Bytes:1
12:23:16.0 (29019504)|HEAP_ALLOCATE|[55]|Bytes:2
12:23:16.0 (29024837)|HEAP_ALLOCATE|[55]|Bytes:4
12:23:16.0 (29031115)|HEAP_ALLOCATE|[EXTERNAL]|Bytes:4
12:23:16.0 (29035021)|HEAP_ALLOCATE|[51]|Bytes:4
12:23:16.0 (29038744)|VARIABLE_ASSIGNMENT|[51]|j|60
12:23:16.0 (29041164)|HEAP_ALLOCATE|[50]|Bytes:4
12:23:16.0 (29043495)|VARIABLE_ASSIGNMENT|[50]|i|9
12:23:16.0 (29045279)|STATEMENT_EXECUTE|[50]
12:23:16.0 (29046614)|STATEMENT_EXECUTE|[51]
12:23:16.0 (29048300)|VARIABLE_SCOPE_BEGIN|[51]|j|Integer|false|false
12:23:16.0 (29049783)|HEAP_ALLOCATE|[51]|Bytes:4
12:23:16.0 (29051948)|VARIABLE_ASSIGNMENT|[51]|j|0
12:23:16.0 (29053425)|STATEMENT_EXECUTE|[51]
12:23:16.0 (29054685)|STATEMENT_EXECUTE|[52]
12:23:16.0 (29055661)|STATEMENT_EXECUTE|[53]
12:23:16.0 (29062218)|HEAP_ALLOCATE|[53]|Bytes:1
12:23:16.0 (29070665)|HEAP_ALLOCATE|[53]|Bytes:1
12:23:16.0 (29076015)|HEAP_ALLOCATE|[53]|Bytes:4
12:23:16.0 (29081329)|HEAP_ALLOCATE|[53]|Bytes:1
12:23:16.0 (29089245)|HEAP_ALLOCATE|[53]|Bytes:1
12:23:16.0 (29094525)|HEAP_ALLOCATE|[53]|Bytes:4
12:23:16.0 (29099084)|HEAP_ALLOCATE|[EXTERNAL]|Bytes:4
12:23:16.0 (29102256)|HEAP_ALLOCATE|[51]|Bytes:4
12:23:16.0 (29104862)|VARIABLE_ASSIGNMENT|[51]|j|30
12:23:16.0 (29106565)|STATEMENT_EXECUTE|[51]
12:23:16.0 (29107947)|STATEMENT_EXECUTE|[54]
12:23:16.0 (29109032)|STATEMENT_EXECUTE|[55]
12:23:16.0 (29114869)|HEAP_ALLOCATE|[55]|Bytes:1
12:23:16.0 (29123025)|HEAP_ALLOCATE|[55]|Bytes:2
12:23:16.0 (29128457)|HEAP_ALLOCATE|[55]|Bytes:4
12:23:16.0 (29133798)|HEAP_ALLOCATE|[55]|Bytes:1
12:23:16.0 (29141792)|HEAP_ALLOCATE|[55]|Bytes:2
12:23:16.0 (29147217)|HEAP_ALLOCATE|[55]|Bytes:4
12:23:16.0 (29151719)|HEAP_ALLOCATE|[EXTERNAL]|Bytes:4
12:23:16.0 (29154804)|HEAP_ALLOCATE|[51]|Bytes:4
12:23:16.0 (29157300)|VARIABLE_ASSIGNMENT|[51]|j|60
12:23:16.0 (29159074)|HEAP_ALLOCATE|[50]|Bytes:4
12:23:16.0 (29161214)|VARIABLE_ASSIGNMENT|[50]|i|10
12:23:16.0 (29162686)|STATEMENT_EXECUTE|[50]
12:23:16.0 (29163834)|STATEMENT_EXECUTE|[51]
12:23:16.0 (29165340)|VARIABLE_SCOPE_BEGIN|[51]|j|Integer|false|false
12:23:16.0 (29166601)|HEAP_ALLOCATE|[51]|Bytes:4
12:23:16.0 (29168736)|VARIABLE_ASSIGNMENT|[51]|j|0
12:23:16.0 (29170127)|STATEMENT_EXECUTE|[51]
12:23:16.0 (29171325)|STATEMENT_EXECUTE|[52]
12:23:16.0 (29172301)|STATEMENT_EXECUTE|[53]
12:23:16.0 (29178133)|HEAP_ALLOCATE|[53]|Bytes:2
12:23:16.0 (29186564)|HEAP_ALLOCATE|[53]|Bytes:1
12:23:16.0 (29191887)|HEAP_ALLOCATE|[53]|Bytes:5
12:23:16.0 (29197054)|HEAP_ALLOCATE|[53]|Bytes:2
12:23:16.0 (29204883)|HEAP_ALLOCATE|[53]|Bytes:1
12:23:16.0 (29209998)|HEAP_ALLOCATE|[53]|Bytes:5
12:23:16.0 (29214409)|HEAP_ALLOCATE|[EXTERNAL]|Bytes:4
12:23:16.0 (29217496)|HEAP_ALLOCATE|[51]|Bytes:4
12:23:16.0 (29220015)|VARIABLE_ASSIGNMENT|[51]|j|30
12:23:16.0 (29221533)|STATEMENT_EXECUTE|[51]
12:23:16.0 (29222881)|STATEMENT_EXECUTE|[54]
12:23:16.0 (29223836)|STATEMENT_EXECUTE|[55]
12:23:16.0 (29229533)|HEAP_ALLOCATE|[55]|Bytes:2
12:23:16.0 (29237690)|HEAP_ALLOCATE|[55]|Bytes:2
12:23:16.0 (29243026)|HEAP_ALLOCATE|[55]|Bytes:5
12:23:16.0 (29248447)|HEAP_ALLOCATE|[55]|Bytes:2
12:23:16.0 (29256734)|HEAP_ALLOCATE|[55]|Bytes:2
12:23:16.0 (29262003)|HEAP_ALLOCATE|[55]|Bytes:5
12:23:16.0 (29266405)|HEAP_ALLOCATE|[EXTERNAL]|Bytes:4
12:23:16.0 (29269486)|HEAP_ALLOCATE|[51]|Bytes:4
12:23:16.0 (29271989)|VARIABLE_ASSIGNMENT|[51]|j|60
12:23:16.0 (29274060)|HEAP_ALLOCATE|[50]|Bytes:4
12:23:16.0 (29276327)|VARIABLE_ASSIGNMENT|[50]|i|11
12:23:16.0 (29278045)|STATEMENT_EXECUTE|[50]
12:23:16.0 (29279204)|STATEMENT_EXECUTE|[51]
12:23:16.0 (29280731)|VARIABLE_SCOPE_BEGIN|[51]|j|Integer|false|false
12:23:16.0 (29282054)|HEAP_ALLOCATE|[51]|Bytes:4
12:23:16.0 (29284156)|VARIABLE_ASSIGNMENT|[51]|j|0
12:23:16.0 (29285555)|STATEMENT_EXECUTE|[51]
12:23:16.0 (29286749)|STATEMENT_EXECUTE|[52]
12:23:16.0 (29287712)|STATEMENT_EXECUTE|[53]
12:23:16.0 (29293699)|HEAP_ALLOCATE|[53]|Bytes:2
12:23:16.0 (29302079)|HEAP_ALLOCATE|[53]|Bytes:1
12:23:16.0 (29307370)|HEAP_ALLOCATE|[53]|Bytes:5
12:23:16.0 (29312465)|HEAP_ALLOCATE|[53]|Bytes:2
12:23:16.0 (29320275)|HEAP_ALLOCATE|[53]|Bytes:1
12:23:16.0 (29325695)|HEAP_ALLOCATE|[53]|Bytes:5
12:23:16.0 (29330188)|HEAP_ALLOCATE|[EXTERNAL]|Bytes:4
12:23:16.0 (29333620)|HEAP_ALLOCATE|[51]|Bytes:4
12:23:16.0 (29336132)|VARIABLE_ASSIGNMENT|[51]|j|30
12:23:16.0 (29337737)|STATEMENT_EXECUTE|[51]
12:23:16.0 (29339061)|STATEMENT_EXECUTE|[54]
12:23:16.0 (29340153)|STATEMENT_EXECUTE|[55]
12:23:16.0 (29345964)|HEAP_ALLOCATE|[55]|Bytes:2
12:23:16.0 (29354135)|HEAP_ALLOCATE|[55]|Bytes:2
12:23:16.0 (29359553)|HEAP_ALLOCATE|[55]|Bytes:5
12:23:16.0 (29364901)|HEAP_ALLOCATE|[55]|Bytes:2
12:23:16.0 (29372946)|HEAP_ALLOCATE|[55]|Bytes:2
12:23:16.0 (29378161)|HEAP_ALLOCATE|[55]|Bytes:5
12:23:16.0 (29382750)|HEAP_ALLOCATE|[EXTERNAL]|Bytes:4
12:23:16.0 (29385875)|HEAP_ALLOCATE|[51]|Bytes:4
12:23:16.0 (29388394)|VARIABLE_ASSIGNMENT|[51]|j|60
12:23:16.0 (29390179)|HEAP_ALLOCATE|[50]|Bytes:4
12:23:16.0 (29392319)|VARIABLE_ASSIGNMENT|[50]|i|12
12:23:16.0 (29393892)|STATEMENT_EXECUTE|[50]
12:23:16.0 (29394973)|STATEMENT_EXECUTE|[51]
12:23:16.0 (29396466)|VARIABLE_SCOPE_BEGIN|[51]|j|Integer|false|false
12:23:16.0 (29397719)|HEAP_ALLOCATE|[51]|Bytes:4
12:23:16.0 (29399871)|VARIABLE_ASSIGNMENT|[51]|j|0
12:23:16.0 (29401285)|STATEMENT_EXECUTE|[51]
12:23:16.0 (29402472)|STATEMENT_EXECUTE|[52]
12:23:16.0 (29403413)|STATEMENT_EXECUTE|[53]
12:23:16.0 (29409214)|HEAP_ALLOCATE|[53]|Bytes:2
12:23:16.0 (29417718)|HEAP_ALLOCATE|[53]|Bytes:1
12:23:16.0 (29423097)|HEAP_ALLOCATE|[53]|Bytes:5
12:23:16.0 (29428275)|HEAP_ALLOCATE|[53]|Bytes:2
12:23:16.0 (29436399)|HEAP_ALLOCATE|[53]|Bytes:1
12:23:16.0 (29441540)|HEAP_ALLOCATE|[53]|Bytes:5
12:23:16.0 (29446035)|HEAP_ALLOCATE|[EXTERNAL]|Bytes:4
12:23:16.0 (29449357)|HEAP_ALLOCATE|[51]|Bytes:4
12:23:16.0 (29451844)|VARIABLE_ASSIGNMENT|[51]|j|30
12:23:16.0 (29453425)|STATEMENT_EXECUTE|[51]
12:23:16.0 (29454766)|STATEMENT_EXECUTE|[54]
12:23:16.0 (29455724)|STATEMENT_EXECUTE|[55]
12:23:16.0 (29461583)|HEAP_ALLOCATE|[55]|Bytes:2
12:23:16.0 (29475394)|HEAP_ALLOCATE|[55]|Bytes:2
12:23:16.0 (29481305)|HEAP_ALLOCATE|[55]|Bytes:5
12:23:16.0 (29486518)|HEAP_ALLOCATE|[55]|Bytes:2
12:23:16.0 (29494607)|HEAP_ALLOCATE|[55]|Bytes:2
12:23:16.0 (29499837)|HEAP_ALLOCATE|[55]|Bytes:5
12:23:16.0 (29504584)|HEAP_ALLOCATE|[EXTERNAL]|Bytes:4
12:23:16.0 (29507692)|HEAP_ALLOCATE|[51]|Bytes:4
12:23:16.0 (29510386)|VARIABLE_ASSIGNMENT|[51]|j|60
12:23:16.0 (29512276)|HEAP_ALLOCATE|[50]|Bytes:4
12:23:16.0 (29515001)|VARIABLE_ASSIGNMENT|[50]|i|13
12:23:16.0 (29516524)|STATEMENT_EXECUTE|[50]
12:23:16.0 (29517694)|STATEMENT_EXECUTE|[51]
12:23:16.0 (29519286)|VARIABLE_SCOPE_BEGIN|[51]|j|Integer|false|false
12:23:16.0 (29520742)|HEAP_ALLOCATE|[51]|Bytes:4
12:23:16.0 (29522894)|VARIABLE_ASSIGNMENT|[51]|j|0
12:23:16.0 (29524315)|STATEMENT_EXECUTE|[51]
12:23:16.0 (29525555)|STATEMENT_EXECUTE|[52]
12:23:16.0 (29526496)|STATEMENT_EXECUTE|[53]
12:23:16.0 (29535249)|HEAP_ALLOCATE|[53]|Bytes:2
12:23:16.0 (29543790)|HEAP_ALLOCATE|[53]|Bytes:1
12:23:16.0 (29549311)|HEAP_ALLOCATE|[53]|Bytes:5
12:23:16.0 (29555944)|HEAP_ALLOCATE|[53]|Bytes:2
12:23:16.0 (29566293)|HEAP_ALLOCATE|[53]|Bytes:1
12:23:16.0 (29571584)|HEAP_ALLOCATE|[53]|Bytes:5
12:23:16.0 (29576298)|HEAP_ALLOCATE|[EXTERNAL]|Bytes:4
12:23:16.0 (29579592)|HEAP_ALLOCATE|[51]|Bytes:4
12:23:16.0 (29582492)|VARIABLE_ASSIGNMENT|[51]|j|30
12:23:16.0 (29584234)|STATEMENT_EXECUTE|[51]
12:23:16.0 (29585577)|STATEMENT_EXECUTE|[54]
12:23:16.0 (29586642)|STATEMENT_EXECUTE|[55]
12:23:16.0 (29592507)|HEAP_ALLOCATE|[55]|Bytes:2
12:23:16.0 (29600663)|HEAP_ALLOCATE|[55]|Bytes:2
12:23:16.0 (29606151)|HEAP_ALLOCATE|[55]|Bytes:5
12:23:16.0 (29611230)|HEAP_ALLOCATE|[55]|Bytes:2
12:23:16.0 (29619253)|HEAP_ALLOCATE|[55]|Bytes:2
12:23:16.0 (29624379)|HEAP_ALLOCATE|[55]|Bytes:5
12:23:16.0 (29628994)|HEAP_ALLOCATE|[EXTERNAL]|Bytes:4
12:23:16.0 (29632095)|HEAP_ALLOCATE|[51]|Bytes:4
12:23:16.0 (29636522)|VARIABLE_ASSIGNMENT|[51]|j|60
12:23:16.0 (29638447)|HEAP_ALLOCATE|[50]|Bytes:4
12:23:16.0 (29640650)|VARIABLE_ASSIGNMENT|[50]|i|14
12:23:16.0 (29642134)|STATEMENT_EXECUTE|[50]
12:23:16.0 (29643395)|STATEMENT_EXECUTE|[51]
12:23:16.0 (29644964)|VARIABLE_SCOPE_BEGIN|[51]|j|Integer|false|false
12:23:16.0 (29646352)|HEAP_ALLOCATE|[51]|Bytes:4
12:23:16.0 (29648467)|VARIABLE_ASSIGNMENT|[51]|j|0
12:23:16.0 (29649858)|STATEMENT_EXECUTE|[51]
12:23:16.0 (29651075)|STATEMENT_EXECUTE|[52]
12:23:16.0 (29652042)|STATEMENT_EXECUTE|[53]
12:23:16.0 (29658125)|HEAP_ALLOCATE|[53]|Bytes:2
12:23:16.0 (29666681)|HEAP_ALLOCATE|[53]|Bytes:1
12:23:16.0 (29672061)|HEAP_ALLOCATE|[53]|Bytes:5
12:23:16.0 (29677379)|HEAP_ALLOCATE|[53]|Bytes:2
12:23:16.0 (29685232)|HEAP_ALLOCATE|[53]|Bytes:1
12:23:16.0 (29690466)|HEAP_ALLOCATE|[53]|Bytes:5
12:23:16.0 (29695113)|HEAP_ALLOCATE|[EXTERNAL]|Bytes:4
12:23:16.0 (29698314)|HEAP_ALLOCATE|[51]|Bytes:4
12:23:16.0 (29700853)|VARIABLE_ASSIGNMENT|[51]|j|30
12:23:16.0 (29702391)|STATEMENT_EXECUTE|[51]
12:23:16.0 (29703735)|STATEMENT_EXECUTE|[54]
12:23:16.0 (29704756)|STATEMENT_EXECUTE|[55]
12:23:16.0 (29710412)|HEAP_ALLOCATE|[55]|Bytes:2
12:23:16.0 (29718556)|HEAP_ALLOCATE|[55]|Bytes:2
12:23:16.0 (29724006)|HEAP_ALLOCATE|[55]|Bytes:5
12:23:16.0 (29729188)|HEAP_ALLOCATE|[55]|Bytes:2
12:23:16.0 (29737282)|HEAP_ALLOCATE|[55]|Bytes:2
12:23:16.0 (29742440)|HEAP_ALLOCATE|[55]|Bytes:5
12:23:16.0 (29746890)|HEAP_ALLOCATE|[EXTERNAL]|Bytes:4
12:23:16.0 (29749892)|HEAP_ALLOCATE|[51]|Bytes:4
12:23:16.0 (29752478)|VARIABLE_ASSIGNMENT|[51]|j|60
12:23:16.0 (29754192)|HEAP_ALLOCATE|[50]|Bytes:4
12:23:16.0 (29756802)|VARIABLE_ASSIGNMENT|[50]|i|15
12:23:16.0 (29758347)|STATEMENT_EXECUTE|[50]
12:23:16.0 (29759510)|STATEMENT_EXECUTE|[51]
12:23:16.0 (29761067)|VARIABLE_SCOPE_BEGIN|[51]|j|Integer|false|false
12:23:16.0 (29762411)|HEAP_ALLOCATE|[51]|Bytes:4
12:23:16.0 (29764507)|VARIABLE_ASSIGNMENT|[51]|j|0
12:23:16.0 (29765896)|STATEMENT_EXECUTE|[51]
12:23:16.0 (29767114)|STATEMENT_EXECUTE|[52]
12:23:16.0 (29768056)|STATEMENT_EXECUTE|[53]
12:23:16.0 (29773856)|HEAP_ALLOCATE|[53]|Bytes:2
12:23:16.0 (29782090)|HEAP_ALLOCATE|[53]|Bytes:1
12:23:16.0 (29787433)|HEAP_ALLOCATE|[53]|Bytes:5
12:23:16.0 (29792517)|HEAP_ALLOCATE|[53]|Bytes:2
12:23:16.0 (29800396)|HEAP_ALLOCATE|[53]|Bytes:1
12:23:16.0 (29805574)|HEAP_ALLOCATE|[53]|Bytes:5
12:23:16.0 (29810042)|HEAP_ALLOCATE|[EXTERNAL]|Bytes:4
12:23:16.0 (29813117)|HEAP_ALLOCATE|[51]|Bytes:4
12:23:16.0 (29815723)|VARIABLE_ASSIGNMENT|[51]|j|30
12:23:16.0 (29817253)|STATEMENT_EXECUTE|[51]
12:23:16.0 (29818532)|STATEMENT_EXECUTE|[54]
12:23:16.0 (29819487)|STATEMENT_EXECUTE|[55]
12:23:16.0 (29825600)|HEAP_ALLOCATE|[55]|Bytes:2
12:23:16.0 (29833824)|HEAP_ALLOCATE|[55]|Bytes:2
12:23:16.0 (29839421)|HEAP_ALLOCATE|[55]|Bytes:5
12:23:16.0 (29844616)|HEAP_ALLOCATE|[55]|Bytes:2
12:23:16.0 (29852744)|HEAP_ALLOCATE|[55]|Bytes:2
12:23:16.0 (29858030)|HEAP_ALLOCATE|[55]|Bytes:5
12:23:16.0 (29862504)|HEAP_ALLOCATE|[EXTERNAL]|Bytes:4
12:23:16.0 (29865768)|HEAP_ALLOCATE|[51]|Bytes:4
12:23:16.0 (29868370)|VARIABLE_ASSIGNMENT|[51]|j|60
12:23:16.0 (29870118)|HEAP_ALLOCATE|[50]|Bytes:4
12:23:16.0 (29872340)|VARIABLE_ASSIGNMENT|[50]|i|16
12:23:16.0 (29873839)|STATEMENT_EXECUTE|[50]
12:23:16.0 (29875035)|STATEMENT_EXECUTE|[51]
12:23:16.0 (29876526)|VARIABLE_SCOPE_BEGIN|[51]|j|Integer|false|false
12:23:16.0 (29877843)|HEAP_ALLOCATE|[51]|Bytes:4
12:23:16.0 (29880043)|VARIABLE_ASSIGNMENT|[51]|j|0
12:23:16.0 (29881529)|STATEMENT_EXECUTE|[51]
12:23:16.0 (29882724)|STATEMENT_EXECUTE|[52]
12:23:16.0 (29883670)|STATEMENT_EXECUTE|[53]
12:23:16.0 (29889298)|HEAP_ALLOCATE|[53]|Bytes:2
12:23:16.0 (29897737)|HEAP_ALLOCATE|[53]|Bytes:1
12:23:16.0 (29903036)|HEAP_ALLOCATE|[53]|Bytes:5
12:23:16.0 (29908275)|HEAP_ALLOCATE|[53]|Bytes:2
12:23:16.0 (29916110)|HEAP_ALLOCATE|[53]|Bytes:1
12:23:16.0 (29921495)|HEAP_ALLOCATE|[53]|Bytes:5
12:23:16.0 (29925879)|HEAP_ALLOCATE|[EXTERNAL]|Bytes:4
12:23:16.0 (29928966)|HEAP_ALLOCATE|[51]|Bytes:4
12:23:16.0 (29931544)|VARIABLE_ASSIGNMENT|[51]|j|30
12:23:16.0 (29933046)|STATEMENT_EXECUTE|[51]
12:23:16.0 (29934409)|STATEMENT_EXECUTE|[54]
12:23:16.0 (29935361)|STATEMENT_EXECUTE|[55]
12:23:16.0 (29940987)|HEAP_ALLOCATE|[55]|Bytes:2
12:23:16.0 (29949147)|HEAP_ALLOCATE|[55]|Bytes:2
12:23:16.0 (29954483)|HEAP_ALLOCATE|[55]|Bytes:5
12:23:16.0 (29959689)|HEAP_ALLOCATE|[55]|Bytes:2
12:23:16.0 (29967901)|HEAP_ALLOCATE|[55]|Bytes:2
12:23:16.0 (29973251)|HEAP_ALLOCATE|[55]|Bytes:5
12:23:16.0 (29977678)|HEAP_ALLOCATE|[EXTERNAL]|Bytes:4
12:23:16.0 (29981031)|HEAP_ALLOCATE|[51]|Bytes:4
12:23:16.0 (29983514)|VARIABLE_ASSIGNMENT|[51]|j|60
12:23:16.0 (29985216)|HEAP_ALLOCATE|[50]|Bytes:4
12:23:16.0 (29987592)|VARIABLE_ASSIGNMENT|[50]|i|17
12:23:16.0 (29989131)|STATEMENT_EXECUTE|[50]
12:23:16.0 (29990247)|STATEMENT_EXECUTE|[51]
12:23:16.0 (29991749)|VARIABLE_SCOPE_BEGIN|[51]|j|Integer|false|false
12:23:16.0 (29993046)|HEAP_ALLOCATE|[51]|Bytes:4
12:23:16.0 (29995217)|VARIABLE_ASSIGNMENT|[51]|j|0
12:23:16.0 (29996632)|STATEMENT_EXECUTE|[51]
12:23:16.0 (29997822)|STATEMENT_EXECUTE|[52]
12:23:16.0 (29998754)|STATEMENT_EXECUTE|[53]
12:23:16.0 (30004453)|HEAP_ALLOCATE|[53]|Bytes:2
12:23:16.0 (30013420)|HEAP_ALLOCATE|[53]|Bytes:1
12:23:16.0 (30018623)|HEAP_ALLOCATE|[53]|Bytes:5
12:23:16.0 (30023816)|HEAP_ALLOCATE|[53]|Bytes:2
12:23:16.0 (30031726)|HEAP_ALLOCATE|[53]|Bytes:1
12:23:16.0 (30036904)|HEAP_ALLOCATE|[53]|Bytes:5
12:23:16.0 (30041461)|HEAP_ALLOCATE|[EXTERNAL]|Bytes:4
12:23:16.0 (30044578)|HEAP_ALLOCATE|[51]|Bytes:4
12:23:16.0 (30047081)|VARIABLE_ASSIGNMENT|[51]|j|30
12:23:16.0 (30048655)|STATEMENT_EXECUTE|[51]
12:23:16.0 (30049971)|STATEMENT_EXECUTE|[54]
12:23:16.0 (30050920)|STATEMENT_EXECUTE|[55]
12:23:16.0 (30056795)|HEAP_ALLOCATE|[55]|Bytes:2
12:23:16.0 (30065183)|HEAP_ALLOCATE|[55]|Bytes:2
12:23:16.0 (30070545)|HEAP_ALLOCATE|[55]|Bytes:5
12:23:16.0 (30075661)|HEAP_ALLOCATE|[55]|Bytes:2
12:23:16.0 (30083651)|HEAP_ALLOCATE|[55]|Bytes:2
12:23:16.0 (30088918)|HEAP_ALLOCATE|[55]|Bytes:5
12:23:16.0 (30093447)|HEAP_ALLOCATE|[EXTERNAL]|Bytes:4
12:23:16.0 (30096485)|HEAP_ALLOCATE|[51]|Bytes:4
12:23:16.0 (30098954)|VARIABLE_ASSIGNMENT|[51]|j|60
12:23:16.0 (30100675)|HEAP_ALLOCATE|[50]|Bytes:4
12:23:16.0 (30102808)|VARIABLE_ASSIGNMENT|[50]|i|18
12:23:16.0 (30104294)|STATEMENT_EXECUTE|[50]
12:23:16.0 (30105450)|STATEMENT_EXECUTE|[51]
12:23:16.0 (30106988)|VARIABLE_SCOPE_BEGIN|[51]|j|Integer|false|false
12:23:16.0 (30108224)|HEAP_ALLOCATE|[51]|Bytes:4
12:23:16.0 (30110430)|VARIABLE_ASSIGNMENT|[51]|j|0
12:23:16.0 (30111836)|STATEMENT_EXECUTE|[51]
12:23:16.0 (30113055)|STATEMENT_EXECUTE|[52]
12:23:16.0 (30113996)|STATEMENT_EXECUTE|[53]
12:23:16.0 (30119755)|HEAP_ALLOCATE|[53]|Bytes:2
12:23:16.0 (30128128)|HEAP_ALLOCATE|[53]|Bytes:1
12:23:16.0 (30133484)|HEAP_ALLOCATE|[53]|Bytes:5
12:23:16.0 (30138675)|HEAP_ALLOCATE|[53]|Bytes:2
12:23:16.0 (30146707)|HEAP_ALLOCATE|[53]|Bytes:1
12:23:16.0 (30151853)|HEAP_ALLOCATE|[53]|Bytes:5
12:23:16.0 (30156201)|HEAP_ALLOCATE|[EXTERNAL]|Bytes:4
12:23:16.0 (30159470)|HEAP_ALLOCATE|[51]|Bytes:4
12:23:16.0 (30162037)|VARIABLE_ASSIGNMENT|[51]|j|30
12:23:16.0 (30163596)|STATEMENT_EXECUTE|[51]
12:23:16.0 (30164888)|STATEMENT_EXECUTE|[54]
12:23:16.0 (30165828)|STATEMENT_EXECUTE|[55]
12:23:16.0 (30171460)|HEAP_ALLOCATE|[55]|Bytes:2
12:23:16.0 (30179647)|HEAP_ALLOCATE|[55]|Bytes:2
12:23:16.0 (30185053)|HEAP_ALLOCATE|[55]|Bytes:5
12:23:16.0 (30190108)|HEAP_ALLOCATE|[55]|Bytes:2
12:23:16.0 (30198167)|HEAP_ALLOCATE|[55]|Bytes:2
12:23:16.0 (30203253)|HEAP_ALLOCATE|[55]|Bytes:5
12:23:16.0 (30207642)|HEAP_ALLOCATE|[EXTERNAL]|Bytes:4
12:23:16.0 (30210748)|HEAP_ALLOCATE|[51]|Bytes:4
12:23:16.0 (30213320)|VARIABLE_ASSIGNMENT|[51]|j|60
12:23:16.0 (30215055)|HEAP_ALLOCATE|[50]|Bytes:4
12:23:16.0 (30217337)|VARIABLE_ASSIGNMENT|[50]|i|19
12:23:16.0 (30218887)|STATEMENT_EXECUTE|[50]
12:23:16.0 (30220028)|STATEMENT_EXECUTE|[51]
12:23:16.0 (30221562)|VARIABLE_SCOPE_BEGIN|[51]|j|Integer|false|false
12:23:16.0 (30222871)|HEAP_ALLOCATE|[51]|Bytes:4
12:23:16.0 (30225119)|VARIABLE_ASSIGNMENT|[51]|j|0
12:23:16.0 (30226540)|STATEMENT_EXECUTE|[51]
12:23:16.0 (30227728)|STATEMENT_EXECUTE|[52]
12:23:16.0 (30228686)|STATEMENT_EXECUTE|[53]
12:23:16.0 (30234327)|HEAP_ALLOCATE|[53]|Bytes:2
12:23:16.0 (30242570)|HEAP_ALLOCATE|[53]|Bytes:1
12:23:16.0 (30247912)|HEAP_ALLOCATE|[53]|Bytes:5
12:23:16.0 (30253180)|HEAP_ALLOCATE|[53]|Bytes:2
12:23:16.0 (30261170)|HEAP_ALLOCATE|[53]|Bytes:1
12:23:16.0 (30266370)|HEAP_ALLOCATE|[53]|Bytes:5
12:23:16.0 (30270803)|HEAP_ALLOCATE|[EXTERNAL]|Bytes:4
12:23:16.0 (30273952)|HEAP_ALLOCATE|[51]|Bytes:4
12:23:16.0 (30276459)|VARIABLE_ASSIGNMENT|[51]|j|30
12:23:16.0 (30278047)|STATEMENT_EXECUTE|[51]
12:23:16.0 (30279320)|STATEMENT_EXECUTE|[54]
12:23:16.0 (30280291)|STATEMENT_EXECUTE|[55]
12:23:16.0 (30286011)|HEAP_ALLOCATE|[55]|Bytes:2
12:23:16.0 (30294249)|HEAP_ALLOCATE|[55]|Bytes:2
12:23:16.0 (30299590)|HEAP_ALLOCATE|[55]|Bytes:5
12:23:16.0 (30304960)|HEAP_ALLOCATE|[55]|Bytes:2
12:23:16.0 (30312840)|HEAP_ALLOCATE|[55]|Bytes:2
12:23:16.0 (30318030)|HEAP_ALLOCATE|[55]|Bytes:5
12:23:16.0 (30322520)|HEAP_ALLOCATE|[EXTERNAL]|Bytes:4
12:23:16.0 (30325634)|HEAP_ALLOCATE|[51]|Bytes:4
12:23:16.0 (30328215)|VARIABLE_ASSIGNMENT|[51]|j|60
12:23:16.0 (30330060)|HEAP_ALLOCATE|[50]|Bytes:4
12:23:16.0 (30332191)|VARIABLE_ASSIGNMENT|[50]|i|20
12:23:16.0 (30333700)|STATEMENT_EXECUTE|[50]
12:23:16.0 (30334849)|STATEMENT_EXECUTE|[51]
12:23:16.0 (30336430)|VARIABLE_SCOPE_BEGIN|[51]|j|Integer|false|false
12:23:16.0 (30337714)|HEAP_ALLOCATE|[51]|Bytes:4
12:23:16.0 (30339919)|VARIABLE_ASSIGNMENT|[51]|j|0
12:23:16.0 (30341304)|STATEMENT_EXECUTE|[51]
12:23:16.0 (30342499)|STATEMENT_EXECUTE|[52]
12:23:16.0 (30343500)|STATEMENT_EXECUTE|[53]
12:23:16.0 (30348984)|HEAP_ALLOCATE|[53]|Bytes:2
12:23:16.0 (30357252)|HEAP_ALLOCATE|[53]|Bytes:1
12:23:16.0 (30362927)|HEAP_ALLOCATE|[53]|Bytes:5
12:23:16.0 (30368046)|HEAP_ALLOCATE|[53]|Bytes:2
12:23:16.0 (30375981)|HEAP_ALLOCATE|[53]|Bytes:1
12:23:16.0 (30381185)|HEAP_ALLOCATE|[53]|Bytes:5
12:23:16.0 (30385612)|HEAP_ALLOCATE|[EXTERNAL]|Bytes:4
12:23:16.0 (30388718)|HEAP_ALLOCATE|[51]|Bytes:4
12:23:16.0 (30391210)|VARIABLE_ASSIGNMENT|[51]|j|30
12:23:16.0 (30392796)|STATEMENT_EXECUTE|[51]
12:23:16.0 (30394063)|STATEMENT_EXECUTE|[54]
12:23:16.0 (30395015)|STATEMENT_EXECUTE|[55]
12:23:16.0 (30400641)|HEAP_ALLOCATE|[55]|Bytes:2
12:23:16.0 (30408908)|HEAP_ALLOCATE|[55]|Bytes:2
12:23:16.0 (30416265)|HEAP_ALLOCATE|[55]|Bytes:5
12:23:16.0 (30421493)|HEAP_ALLOCATE|[55]|Bytes:2
12:23:16.0 (30429465)|HEAP_ALLOCATE|[55]|Bytes:2
12:23:16.0 (30434773)|HEAP_ALLOCATE|[55]|Bytes:5
12:23:16.0 (30439425)|HEAP_ALLOCATE|[EXTERNAL]|Bytes:4
12:23:16.0 (30442600)|HEAP_ALLOCATE|[51]|Bytes:4
12:23:16.0 (30445172)|VARIABLE_ASSIGNMENT|[51]|j|60
12:23:16.0 (30447034)|HEAP_ALLOCATE|[50]|Bytes:4
12:23:16.0 (30449442)|VARIABLE_ASSIGNMENT|[50]|i|21
12:23:16.0 (30450937)|STATEMENT_EXECUTE|[50]
12:23:16.0 (30452087)|STATEMENT_EXECUTE|[51]
12:23:16.0 (30453621)|VARIABLE_SCOPE_BEGIN|[51]|j|Integer|false|false
12:23:16.0 (30454885)|HEAP_ALLOCATE|[51]|Bytes:4
12:23:16.0 (30457059)|VARIABLE_ASSIGNMENT|[51]|j|0
12:23:16.0 (30458641)|STATEMENT_EXECUTE|[51]
12:23:16.0 (30459873)|STATEMENT_EXECUTE|[52]
12:23:16.0 (30460892)|STATEMENT_EXECUTE|[53]
12:23:16.0 (30466729)|HEAP_ALLOCATE|[53]|Bytes:2
12:23:16.0 (30478316)|HEAP_ALLOCATE|[53]|Bytes:1
12:23:16.0 (30483866)|HEAP_ALLOCATE|[53]|Bytes:5
12:23:16.0 (30489221)|HEAP_ALLOCATE|[53]|Bytes:2
12:23:16.0 (30497194)|HEAP_ALLOCATE|[53]|Bytes:1
12:23:16.0 (30502506)|HEAP_ALLOCATE|[53]|Bytes:5
12:23:16.0 (30507188)|HEAP_ALLOCATE|[EXTERNAL]|Bytes:4
12:23:16.0 (30510441)|HEAP_ALLOCATE|[51]|Bytes:4
12:23:16.0 (30513156)|VARIABLE_ASSIGNMENT|[51]|j|30
12:23:16.0 (30514793)|STATEMENT_EXECUTE|[51]
12:23:16.0 (30516117)|STATEMENT_EXECUTE|[54]
12:23:16.0 (30517077)|STATEMENT_EXECUTE|[55]
12:23:16.0 (30523013)|HEAP_ALLOCATE|[55]|Bytes:2
12:23:16.0 (30531224)|HEAP_ALLOCATE|[55]|Bytes:2
12:23:16.0 (30536679)|HEAP_ALLOCATE|[55]|Bytes:5
12:23:16.0 (30541884)|HEAP_ALLOCATE|[55]|Bytes:2
12:23:16.0 (30549861)|HEAP_ALLOCATE|[55]|Bytes:2
12:23:16.0 (30556727)|HEAP_ALLOCATE|[55]|Bytes:5
12:23:16.0 (30561670)|HEAP_ALLOCATE|[EXTERNAL]|Bytes:4
12:23:16.0 (30564900)|HEAP_ALLOCATE|[51]|Bytes:4
12:23:16.0 (30567433)|VARIABLE_ASSIGNMENT|[51]|j|60
12:23:16.0 (30569269)|HEAP_ALLOCATE|[50]|Bytes:4
12:23:16.0 (30571404)|VARIABLE_ASSIGNMENT|[50]|i|22
12:23:16.0 (30572904)|STATEMENT_EXECUTE|[50]
12:23:16.0 (30574069)|STATEMENT_EXECUTE|[51]
12:23:16.0 (30575701)|VARIABLE_SCOPE_BEGIN|[51]|j|Integer|false|false
12:23:16.0 (30577022)|HEAP_ALLOCATE|[51]|Bytes:4
12:23:16.0 (30579131)|VARIABLE_ASSIGNMENT|[51]|j|0
12:23:16.0 (30580548)|STATEMENT_EXECUTE|[51]
12:23:16.0 (30581748)|STATEMENT_EXECUTE|[52]
12:23:16.0 (30582689)|STATEMENT_EXECUTE|[53]
12:23:16.0 (30588531)|HEAP_ALLOCATE|[53]|Bytes:2
12:23:16.0 (30596841)|HEAP_ALLOCATE|[53]|Bytes:1
12:23:16.0 (30602472)|HEAP_ALLOCATE|[53]|Bytes:5
12:23:16.0 (30607752)|HEAP_ALLOCATE|[53]|Bytes:2
12:23:16.0 (30617565)|HEAP_ALLOCATE|[53]|Bytes:1
12:23:16.0 (30622798)|HEAP_ALLOCATE|[53]|Bytes:5
12:23:16.0 (30627392)|HEAP_ALLOCATE|[EXTERNAL]|Bytes:4
12:23:16.0 (30630652)|HEAP_ALLOCATE|[51]|Bytes:4
12:23:16.0 (30633201)|VARIABLE_ASSIGNMENT|[51]|j|30
12:23:16.0 (30634817)|STATEMENT_EXECUTE|[51]
12:23:16.0 (30636112)|STATEMENT_EXECUTE|[54]
12:23:16.0 (30637044)|STATEMENT_EXECUTE|[55]
12:23:16.0 (30642729)|HEAP_ALLOCATE|[55]|Bytes:2
12:23:16.0 (30650909)|HEAP_ALLOCATE|[55]|Bytes:2
12:23:16.0 (30656367)|HEAP_ALLOCATE|[55]|Bytes:5
12:23:16.0 (30661587)|HEAP_ALLOCATE|[55]|Bytes:2
12:23:16.0 (30669663)|HEAP_ALLOCATE|[55]|Bytes:2
12:23:16.0 (30674756)|HEAP_ALLOCATE|[55]|Bytes:5
12:23:16.0 (30679210)|HEAP_ALLOCATE|[EXTERNAL]|Bytes:4
12:23:16.0 (30682308)|HEAP_ALLOCATE|[51]|Bytes:4
12:23:16.0 (30684743)|VARIABLE_ASSIGNMENT|[51]|j|60
12:23:16.0 (30686517)|HEAP_ALLOCATE|[50]|Bytes:4
12:23:16.0 (30688686)|VARIABLE_ASSIGNMENT|[50]|i|23
12:23:16.0 (30690396)|STATEMENT_EXECUTE|[50]
12:23:16.0 (30691640)|STATEMENT_EXECUTE|[51]
12:23:16.0 (30693210)|VARIABLE_SCOPE_BEGIN|[51]|j|Integer|false|false
12:23:16.0 (30694508)|HEAP_ALLOCATE|[51]|Bytes:4
12:23:16.0 (30696666)|VARIABLE_ASSIGNMENT|[51]|j|0
12:23:16.0 (30698050)|STATEMENT_EXECUTE|[51]
12:23:16.0 (30699237)|STATEMENT_EXECUTE|[52]
12:23:16.0 (30700181)|STATEMENT_EXECUTE|[53]
12:23:16.0 (30705913)|HEAP_ALLOCATE|[53]|Bytes:2
12:23:16.0 (30714123)|HEAP_ALLOCATE|[53]|Bytes:1
12:23:16.0 (30719403)|HEAP_ALLOCATE|[53]|Bytes:5
12:23:16.0 (30724661)|HEAP_ALLOCATE|[53]|Bytes:2
12:23:16.0 (30732534)|HEAP_ALLOCATE|[53]|Bytes:1
12:23:16.0 (30742415)|HEAP_ALLOCATE|[53]|Bytes:5
12:23:16.0 (30747488)|HEAP_ALLOCATE|[EXTERNAL]|Bytes:4
12:23:16.0 (30750678)|HEAP_ALLOCATE|[51]|Bytes:4
12:23:16.0 (30753380)|VARIABLE_ASSIGNMENT|[51]|j|30
12:23:16.0 (30755091)|STATEMENT_EXECUTE|[51]
12:23:16.0 (30756439)|STATEMENT_EXECUTE|[54]
12:23:16.0 (30757435)|STATEMENT_EXECUTE|[55]
12:23:16.0 (30763461)|HEAP_ALLOCATE|[55]|Bytes:2
12:23:16.0 (30772243)|HEAP_ALLOCATE|[55]|Bytes:2
12:23:16.0 (30777671)|HEAP_ALLOCATE|[55]|Bytes:5
12:23:16.0 (30782908)|HEAP_ALLOCATE|[55]|Bytes:2
12:23:16.0 (30790877)|HEAP_ALLOCATE|[55]|Bytes:2
12:23:16.0 (30796119)|HEAP_ALLOCATE|[55]|Bytes:5
12:23:16.0 (30800677)|HEAP_ALLOCATE|[EXTERNAL]|Bytes:4
12:23:16.0 (30803809)|HEAP_ALLOCATE|[51]|Bytes:4
12:23:16.0 (30806371)|VARIABLE_ASSIGNMENT|[51]|j|60
12:23:16.0 (30808166)|HEAP_ALLOCATE|[50]|Bytes:4
12:23:16.0 (30810422)|VARIABLE_ASSIGNMENT|[50]|i|24
12:23:16.0 (30812415)|STATEMENT_EXECUTE|[59]
12:23:16.0 (30921871)|SYSTEM_MODE_ENTER|true
12:23:16.0 (30945216)|HEAP_ALLOCATE|[EXTERNAL]|Bytes:80
12:23:16.0 (30993536)|VARIABLE_ASSIGNMENT|[EXTERNAL]|this|{"delToHub":true,"delToProj":false,"detail":"0x58df869f","invoked":false,"rejected":false,"reserved":false,"selectedTime3":"8:00","sublocations1":"0x4e7be1f4","www":"0x17f5fd34","wwwById":"0xe1da0bc"}|0x603ee58
12:23:16.0 (30999462)|STATEMENT_EXECUTE|[78]
12:23:16.0 (31002580)|STATEMENT_EXECUTE|[79]
12:23:16.0 (31004585)|STATEMENT_EXECUTE|[83]
12:23:16.34 (34530280)|SYSTEM_MODE_ENTER|true
12:23:16.34 (34583851)|HEAP_ALLOCATE|[EXTERNAL]|Bytes:8
12:23:16.34 (34589283)|VARIABLE_SCOPE_BEGIN|[88]|this|ApexPage.PageMessagesComponentController|true|false
12:23:16.34 (34607503)|VARIABLE_ASSIGNMENT|[88]|this|{}|0x5dc5e62b
12:23:16.34 (34610054)|VARIABLE_SCOPE_BEGIN|[88]|escape|Boolean|false|false
12:23:16.34 (34613494)|VARIABLE_ASSIGNMENT|[88]|escape|null
12:23:16.0 (34952669)|SYSTEM_MODE_ENTER|true
12:23:16.0 (34975926)|HEAP_ALLOCATE|[EXTERNAL]|Bytes:4
12:23:16.0 (34979409)|HEAP_ALLOCATE|[EXTERNAL]|Bytes:80
12:23:16.0 (34988444)|VARIABLE_ASSIGNMENT|[EXTERNAL]|this.selectedTime3|"8:00"|0x603ee58
12:23:16.0 (35022791)|SYSTEM_MODE_ENTER|true
12:23:16.0 (35044227)|HEAP_ALLOCATE|[EXTERNAL]|Bytes:80
12:23:16.0 (35088201)|VARIABLE_ASSIGNMENT|[EXTERNAL]|this|{"delToHub":true,"delToProj":false,"detail":"0x58df869f","invoked":false,"rejected":false,"reserved":false,"selectedTime3":"8:00","sublocations1":"0x4e7be1f4","www":"0x17f5fd34","wwwById":"0xe1da0bc"}|0x603ee58
12:23:16.0 (35094245)|STATEMENT_EXECUTE|[3]
12:23:16.0 (35097146)|STATEMENT_EXECUTE|[4]
12:23:16.0 (35098370)|STATEMENT_EXECUTE|[9]
12:23:16.0 (35466208)|SYSTEM_MODE_ENTER|true
12:23:16.0 (35491908)|HEAP_ALLOCATE|[EXTERNAL]|Bytes:80
12:23:16.0 (35533360)|VARIABLE_ASSIGNMENT|[EXTERNAL]|this|{"delToHub":true,"delToProj":false,"detail":"0x58df869f","invoked":false,"rejected":false,"reserved":false,"selectedTime3":"8:00","sublocations1":"0x4e7be1f4","www":"0x17f5fd34","wwwById":"0xe1da0bc"}|0x603ee58
12:23:16.0 (35538789)|STATEMENT_EXECUTE|[204]
12:23:16.0 (35541308)|STATEMENT_EXECUTE|[205]
12:23:16.0 (35542615)|STATEMENT_EXECUTE|[208]
12:23:16.0 (35587665)|SYSTEM_MODE_ENTER|true
12:23:16.0 (35604943)|HEAP_ALLOCATE|[EXTERNAL]|Bytes:80
12:23:16.0 (35642040)|VARIABLE_ASSIGNMENT|[EXTERNAL]|this|{"delToHub":true,"delToProj":false,"detail":"0x58df869f","invoked":false,"rejected":false,"reserved":false,"selectedTime3":"8:00","sublocations1":"0x4e7be1f4","www":"0x17f5fd34","wwwById":"0xe1da0bc"}|0x603ee58
12:23:16.0 (35646969)|STATEMENT_EXECUTE|[220]
12:23:16.0 (35648947)|STATEMENT_EXECUTE|[221]
12:23:16.0 (35650205)|STATEMENT_EXECUTE|[224]
12:23:16.0 (35688112)|SYSTEM_MODE_ENTER|true
12:23:16.0 (35703334)|HEAP_ALLOCATE|[EXTERNAL]|Bytes:80
12:23:16.0 (35738868)|VARIABLE_ASSIGNMENT|[EXTERNAL]|this|{"delToHub":true,"delToProj":false,"detail":"0x58df869f","invoked":false,"rejected":false,"reserved":false,"selectedTime3":"8:00","sublocations1":"0x4e7be1f4","www":"0x17f5fd34","wwwById":"0xe1da0bc"}|0x603ee58
12:23:16.0 (35742747)|STATEMENT_EXECUTE|[212]
12:23:16.0 (35744527)|STATEMENT_EXECUTE|[213]
12:23:16.0 (35745664)|STATEMENT_EXECUTE|[216]
12:23:16.0 (35782644)|SYSTEM_MODE_ENTER|true
12:23:16.0 (35799546)|HEAP_ALLOCATE|[EXTERNAL]|Bytes:80
12:23:16.0 (35833366)|VARIABLE_ASSIGNMENT|[EXTERNAL]|this|{"delToHub":true,"delToProj":false,"detail":"0x58df869f","invoked":false,"rejected":false,"reserved":false,"selectedTime3":"8:00","sublocations1":"0x4e7be1f4","www":"0x17f5fd34","wwwById":"0xe1da0bc"}|0x603ee58
12:23:16.0 (35838091)|STATEMENT_EXECUTE|[21]
12:23:16.0 (35839836)|STATEMENT_EXECUTE|[22]
12:23:16.0 (35840938)|STATEMENT_EXECUTE|[26]
12:23:16.0 (36596593)|HEAP_ALLOCATE|[EXTERNAL]|Bytes:80
12:23:16.0 (36604120)|VARIABLE_SCOPE_BEGIN|[294]|this|NewDeliveredExtension|true|false
12:23:16.0 (36645995)|VARIABLE_ASSIGNMENT|[294]|this|{"delToHub":true,"delToProj":false,"detail":"0x58df869f","invoked":false,"rejected":false,"reserved":false,"selectedTime3":"8:00","sublocations1":"0x4e7be1f4","www":"0x17f5fd34","wwwById":"0xe1da0bc"}|0x603ee58
12:23:16.0 (36653017)|STATEMENT_EXECUTE|[294]
12:23:16.0 (36654481)|STATEMENT_EXECUTE|[295]
12:23:16.0 (36720647)|VARIABLE_ASSIGNMENT|[EXTERNAL]|this|{"delToHub":true,"delToProj":false,"detail":"0x58df869f","invoked":false,"rejected":false,"reserved":false,"selectedTime3":"8:00","sublocations1":"0x4e7be1f4","www":"0x17f5fd34","wwwById":"0xe1da0bc"}|0x603ee58
12:23:16.0 (36724633)|STATEMENT_EXECUTE|[3]
12:23:16.0 (36727065)|STATEMENT_EXECUTE|[4]
12:23:16.0 (36728348)|STATEMENT_EXECUTE|[9]
12:23:16.0 (36796897)|VARIABLE_ASSIGNMENT|[295]|this.Location__c|null|0x58df869f
12:23:16.0 (36799763)|STATEMENT_EXECUTE|[296]
12:23:16.0 (36804033)|HEAP_ALLOCATE|[296]|Bytes:7
12:23:16.0 (36857195)|VARIABLE_ASSIGNMENT|[EXTERNAL]|this|{"delToHub":true,"delToProj":false,"detail":"0x58df869f","invoked":false,"rejected":false,"reserved":false,"selectedTime3":"8:00","sublocations1":"0x4e7be1f4","www":"0x17f5fd34","wwwById":"0xe1da0bc"}|0x603ee58
12:23:16.0 (36860960)|STATEMENT_EXECUTE|[21]
12:23:16.0 (36862856)|STATEMENT_EXECUTE|[22]
12:23:16.0 (36863905)|STATEMENT_EXECUTE|[26]
12:23:16.0 (36913125)|HEAP_ALLOCATE|[296]|Bytes:38
12:23:16.0 (36929690)|HEAP_ALLOCATE|[296]|Bytes:45
12:23:16.0 (36950783)|USER_DEBUG|[296]|DEBUG|set wwwWWW__c:{Project__c=a0q0E0000008S3bQAE}
12:23:16.0 (36956273)|STATEMENT_EXECUTE|[297]
12:23:16.0 (37004020)|VARIABLE_ASSIGNMENT|[EXTERNAL]|this|{"delToHub":true,"delToProj":false,"detail":"0x58df869f","invoked":false,"rejected":false,"reserved":false,"selectedTime3":"8:00","sublocations1":"0x4e7be1f4","www":"0x17f5fd34","wwwById":"0xe1da0bc"}|0x603ee58
12:23:16.0 (37008753)|STATEMENT_EXECUTE|[3]
12:23:16.0 (37010559)|STATEMENT_EXECUTE|[4]
12:23:16.0 (37011552)|STATEMENT_EXECUTE|[9]
12:23:16.0 (37149074)|VARIABLE_ASSIGNMENT|[EXTERNAL]|this|{"delToHub":true,"delToProj":false,"detail":"0x58df869f","invoked":false,"rejected":false,"reserved":false,"selectedTime3":"8:00","sublocations1":"0x4e7be1f4","www":"0x17f5fd34","wwwById":"0xe1da0bc"}|0x603ee58
12:23:16.0 (37168408)|VARIABLE_ASSIGNMENT|[EXTERNAL]|value|{"Id":"a0t0E0000004UTUQA2","Project__c":"a0q0E0000008S3WQAU","Item__c":"a0A0E0000001PiqUAE","Hub_Building_Site__c":"a020E000000zFeUQAU","Actueel_aantal_palle (12 more) ...":0,"Name":"WWW-13532"}|0x6cc8bc3e
12:23:16.0 (37181376)|VARIABLE_ASSIGNMENT|[20]|this.www|{"Id":"a0t0E0000004UTUQA2","Project__c":"a0q0E0000008S3WQAU","Item__c":"a0A0E0000001PiqUAE","Hub_Building_Site__c":"a020E000000zFeUQAU","Actueel_aantal_palle (12 more) ...":0,"Name":"WWW-13532"}|0x603ee58
12:23:16.0 (37187097)|STATEMENT_EXECUTE|[298]
12:23:16.0 (37226875)|VARIABLE_ASSIGNMENT|[EXTERNAL]|this|{"delToHub":true,"delToProj":false,"detail":"0x58df869f","invoked":false,"rejected":false,"reserved":false,"selectedTime3":"8:00","sublocations1":"0x4e7be1f4","www":"0x6cc8bc3e","wwwById":"0xe1da0bc"}|0x603ee58
12:23:16.0 (37230274)|STATEMENT_EXECUTE|[21]
12:23:16.0 (37232041)|STATEMENT_EXECUTE|[22]
12:23:16.0 (37232984)|STATEMENT_EXECUTE|[26]
12:23:16.0 (37313070)|HEAP_ALLOCATE|[298]|Bytes:182
12:23:16.0 (37326315)|HEAP_ALLOCATE|[298]|Bytes:189
12:23:16.0 (37334828)|USER_DEBUG|[298]|DEBUG|set wwwWWW__c:{Id=a0t0E0000004UTUQA2, Project__c=a0q0E0000008S3WQAU, Item__c=a0A0E0000001PiqUAE, Hub_Building_Site__c=a020E000000zFeUQAU, Actueel_aantal_palletplaatsen__c=0, Name=WWW-13532}
12:23:16.48 (48077970)|SYSTEM_MODE_ENTER|true
12:23:16.48 (48135571)|HEAP_ALLOCATE|[EXTERNAL]|Bytes:8
12:23:16.48 (48141897)|VARIABLE_SCOPE_BEGIN|[88]|this|ApexPage.PageMessagesComponentController|true|false
12:23:16.48 (48161402)|VARIABLE_ASSIGNMENT|[88]|this|{}|0x5dc5e62b
12:23:16.48 (48164305)|VARIABLE_SCOPE_BEGIN|[88]|escape|Boolean|false|false
12:23:16.48 (48167355)|VARIABLE_ASSIGNMENT|[88]|escape|null
12:23:16.48 (48251869)|SYSTEM_MODE_ENTER|true
12:23:16.48 (48277928)|HEAP_ALLOCATE|[EXTERNAL]|Bytes:8
12:23:16.48 (48282444)|VARIABLE_SCOPE_BEGIN|[2]|this|ApexPage.PageMessagesComponentController|true|false
12:23:16.48 (48295521)|VARIABLE_ASSIGNMENT|[2]|this|{}|0x5dc5e62b
12:23:16.0 (48607114)|SYSTEM_MODE_ENTER|true
12:23:16.0 (48630328)|HEAP_ALLOCATE|[EXTERNAL]|Bytes:80
12:23:16.0 (48677576)|VARIABLE_ASSIGNMENT|[EXTERNAL]|this|{"delToHub":true,"delToProj":false,"detail":"0x58df869f","invoked":false,"rejected":false,"reserved":false,"selectedTime3":"8:00","sublocations1":"0x4e7be1f4","www":"0x6cc8bc3e","wwwById":"0xe1da0bc"}|0x603ee58
12:23:16.0 (48683333)|STATEMENT_EXECUTE|[196]
12:23:16.0 (48685951)|STATEMENT_EXECUTE|[197]
12:23:16.0 (48687365)|STATEMENT_EXECUTE|[200]
12:23:16.0 (48732681)|SYSTEM_MODE_ENTER|true
12:23:16.0 (48750311)|HEAP_ALLOCATE|[EXTERNAL]|Bytes:80
12:23:16.0 (48789189)|VARIABLE_ASSIGNMENT|[EXTERNAL]|this|{"delToHub":true,"delToProj":false,"detail":"0x58df869f","invoked":false,"rejected":false,"reserved":false,"selectedTime3":"8:00","sublocations1":"0x4e7be1f4","www":"0x6cc8bc3e","wwwById":"0xe1da0bc"}|0x603ee58
12:23:16.0 (48793942)|STATEMENT_EXECUTE|[229]
12:23:16.0 (48796164)|STATEMENT_EXECUTE|[230]
12:23:16.0 (48797344)|STATEMENT_EXECUTE|[233]
12:23:16.0 (48853345)|SYSTEM_MODE_ENTER|true
12:23:16.0 (48869911)|HEAP_ALLOCATE|[EXTERNAL]|Bytes:80
12:23:16.0 (48906230)|VARIABLE_ASSIGNMENT|[EXTERNAL]|this|{"delToHub":true,"delToProj":false,"detail":"0x58df869f","invoked":false,"rejected":false,"reserved":false,"selectedTime3":"8:00","sublocations1":"0x4e7be1f4","www":"0x6cc8bc3e","wwwById":"0xe1da0bc"}|0x603ee58
12:23:16.0 (48910290)|STATEMENT_EXECUTE|[3]
12:23:16.0 (48912177)|STATEMENT_EXECUTE|[4]
12:23:16.0 (48913192)|STATEMENT_EXECUTE|[9]
12:23:16.0 (51414548)|SYSTEM_MODE_ENTER|true
12:23:16.0 (51442428)|HEAP_ALLOCATE|[EXTERNAL]|Bytes:80
12:23:16.0 (51512287)|VARIABLE_ASSIGNMENT|[EXTERNAL]|this|{"delToHub":true,"delToProj":false,"detail":"0x58df869f","invoked":false,"rejected":false,"reserved":false,"selectedTime3":"8:00","sublocations1":"0x4e7be1f4","www":"0x6cc8bc3e","wwwById":"0xe1da0bc"}|0x603ee58
12:23:16.0 (51520100)|STATEMENT_EXECUTE|[186]
12:23:16.0 (51523179)|STATEMENT_EXECUTE|[187]
12:23:16.0 (51524485)|STATEMENT_EXECUTE|[190]
12:23:16.0 (52011025)|SYSTEM_MODE_ENTER|true
12:23:16.0 (52035617)|HEAP_ALLOCATE|[EXTERNAL]|Bytes:80
12:23:16.0 (52083176)|VARIABLE_ASSIGNMENT|[EXTERNAL]|this|{"delToHub":true,"delToProj":false,"detail":"0x58df869f","invoked":false,"rejected":false,"reserved":false,"selectedTime3":"8:00","sublocations1":"0x4e7be1f4","www":"0x6cc8bc3e","wwwById":"0xe1da0bc"}|0x603ee58
12:23:16.0 (52089314)|STATEMENT_EXECUTE|[204]
12:23:16.0 (52092056)|STATEMENT_EXECUTE|[205]
12:23:16.0 (52093484)|STATEMENT_EXECUTE|[208]
12:23:16.0 (52140123)|SYSTEM_MODE_ENTER|true
12:23:16.0 (52158209)|HEAP_ALLOCATE|[EXTERNAL]|Bytes:80
12:23:16.0 (52197547)|VARIABLE_ASSIGNMENT|[EXTERNAL]|this|{"delToHub":true,"delToProj":false,"detail":"0x58df869f","invoked":false,"rejected":false,"reserved":false,"selectedTime3":"8:00","sublocations1":"0x4e7be1f4","www":"0x6cc8bc3e","wwwById":"0xe1da0bc"}|0x603ee58
12:23:16.0 (52202536)|STATEMENT_EXECUTE|[220]
12:23:16.0 (52204758)|STATEMENT_EXECUTE|[221]
12:23:16.0 (52205956)|STATEMENT_EXECUTE|[224]
12:23:16.0 (52246343)|SYSTEM_MODE_ENTER|true
12:23:16.0 (52263038)|HEAP_ALLOCATE|[EXTERNAL]|Bytes:80
12:23:16.0 (52299821)|VARIABLE_ASSIGNMENT|[EXTERNAL]|this|{"delToHub":true,"delToProj":false,"detail":"0x58df869f","invoked":false,"rejected":false,"reserved":false,"selectedTime3":"8:00","sublocations1":"0x4e7be1f4","www":"0x6cc8bc3e","wwwById":"0xe1da0bc"}|0x603ee58
12:23:16.0 (52304319)|STATEMENT_EXECUTE|[212]
12:23:16.0 (52306428)|STATEMENT_EXECUTE|[213]
12:23:16.0 (52307467)|STATEMENT_EXECUTE|[216]
12:23:16.0 (52364688)|SYSTEM_MODE_ENTER|true
12:23:16.0 (52382076)|HEAP_ALLOCATE|[EXTERNAL]|Bytes:80
12:23:16.0 (52417942)|VARIABLE_ASSIGNMENT|[EXTERNAL]|this|{"delToHub":true,"delToProj":false,"detail":"0x58df869f","invoked":false,"rejected":false,"reserved":false,"selectedTime3":"8:00","sublocations1":"0x4e7be1f4","www":"0x6cc8bc3e","wwwById":"0xe1da0bc"}|0x603ee58
12:23:16.0 (52422260)|STATEMENT_EXECUTE|[21]
12:23:16.0 (52424105)|STATEMENT_EXECUTE|[22]
12:23:16.0 (52425211)|STATEMENT_EXECUTE|[26]
12:23:16.0 (63841503)|VF_SERIALIZE_VIEWSTATE_BEGIN|06624000003h0Dg
12:23:16.0 (67805930)|VF_SERIALIZE_VIEWSTATE_END
12:23:16.70 (70195091)|CUMULATIVE_LIMIT_USAGE
12:23:16.70 (70195091)|LIMIT_USAGE_FOR_NS|(default)|
  Number of SOQL queries: 0 out of 100
  Number of query rows: 0 out of 50000
  Number of SOSL queries: 0 out of 20
  Number of DML statements: 0 out of 150
  Number of DML rows: 0 out of 10000
  Maximum CPU time: 0 out of 10000
  Maximum heap size: 0 out of 6000000
  Number of callouts: 0 out of 100
  Number of Email Invocations: 0 out of 10
  Number of future calls: 0 out of 50
  Number of queueable jobs added to the queue: 0 out of 50
  Number of Mobile Apex push calls: 0 out of 10

12:23:16.70 (70195091)|CUMULATIVE_LIMIT_USAGE_END

12:23:16.0 (70227896)|CODE_UNIT_FINISHED|VF: /apex/New_delivered_detail
12:23:16.0 (70970689)|EXECUTION_FINISHED
