38.0 APEX_CODE,FINEST;APEX_PROFILING,INFO;CALLOUT,INFO;DB,INFO;SYSTEM,DEBUG;VALIDATION,INFO;VISUALFORCE,INFO;WAVE,INFO;WORKFLOW,INFO
13:45:22.0 (55695)|USER_INFO|[EXTERNAL]|00524000001e3Uj|bedrijfsbureau@gsa.nl.sandbox|Midden-Europese standaardtijd|GMT+01:00
13:45:22.0 (80277)|EXECUTION_STARTED
13:45:22.0 (85033)|CODE_UNIT_STARTED|[EXTERNAL]|06624000003h0Dg|VF: /apex/New_delivered_detail
13:45:22.0 (218305)|VF_DESERIALIZE_VIEWSTATE_BEGIN|06624000003h0Dg
13:45:22.0 (4889588)|HEAP_ALLOCATE|[72]|Bytes:3
13:45:22.0 (4941435)|HEAP_ALLOCATE|[77]|Bytes:152
13:45:22.0 (4955373)|HEAP_ALLOCATE|[342]|Bytes:408
13:45:22.0 (4969446)|HEAP_ALLOCATE|[355]|Bytes:408
13:45:22.0 (4982199)|HEAP_ALLOCATE|[467]|Bytes:48
13:45:22.0 (5009248)|HEAP_ALLOCATE|[139]|Bytes:6
13:45:22.0 (5054210)|HEAP_ALLOCATE|[50]|Bytes:5
13:45:22.0 (5076935)|HEAP_ALLOCATE|[56]|Bytes:5
13:45:22.0 (5083486)|HEAP_ALLOCATE|[64]|Bytes:7
13:45:22.0 (9470141)|VF_DESERIALIZE_VIEWSTATE_END
13:45:22.10 (10469391)|SYSTEM_MODE_ENTER|true
13:45:22.10 (10532965)|HEAP_ALLOCATE|[EXTERNAL]|Bytes:38
13:45:22.10 (10538915)|HEAP_ALLOCATE|[EXTERNAL]|Bytes:7
13:45:22.10 (10547850)|SYSTEM_METHOD_ENTRY|[1]|PageMessagesComponentController.PageMessagesComponentController()
13:45:22.10 (10551492)|STATEMENT_EXECUTE|[1]
13:45:22.11 (11293506)|SYSTEM_MODE_ENTER|true
13:45:22.11 (11338904)|HEAP_ALLOCATE|[EXTERNAL]|Bytes:8
13:45:22.11 (11344647)|VARIABLE_SCOPE_BEGIN|[88]|this|ApexPage.PageMessagesComponentController|true|false
13:45:22.11 (11375086)|VARIABLE_ASSIGNMENT|[88]|this|{}|0x4688e594
13:45:22.11 (11377710)|VARIABLE_SCOPE_BEGIN|[88]|escape|Boolean|false|false
13:45:22.11 (11381561)|VARIABLE_ASSIGNMENT|[88]|escape|null
13:45:22.0 (11602351)|SYSTEM_MODE_ENTER|true
13:45:22.0 (11769697)|HEAP_ALLOCATE|[EXTERNAL]|Bytes:11
13:45:22.0 (11777317)|HEAP_ALLOCATE|[EXTERNAL]|Bytes:408
13:45:22.0 (11780460)|HEAP_ALLOCATE|[EXTERNAL]|Bytes:120
13:45:22.0 (11782925)|HEAP_ALLOCATE|[EXTERNAL]|Bytes:108
13:45:22.0 (11789250)|METHOD_ENTRY|[1]|01p2400000DUtXT|NewDeliveredExtension.NewDeliveredExtension()
13:45:22.0 (11791964)|STATEMENT_EXECUTE|[1]
13:45:22.0 (11795418)|STATEMENT_EXECUTE|[1]
13:45:22.0 (11796752)|STATEMENT_EXECUTE|[527]
13:45:22.0 (11800518)|METHOD_EXIT|[1]|NewDeliveredExtension
13:45:22.0 (11804207)|HEAP_ALLOCATE|[EXTERNAL]|Bytes:80
13:45:22.0 (11860732)|VARIABLE_ASSIGNMENT|[EXTERNAL]|this|{"delToHub":true,"delToProj":false,"detail":"0x745a200f","invoked":false,"rejected":false,"reserved":false,"selectedTime3":"8:00","sublocations1":"0x64887628","www":"0x2d7d11fa","wwwById":"0x4a43faf7"}|0x4fa50f85
13:45:22.0 (11866850)|STATEMENT_EXECUTE|[196]
13:45:22.0 (11870508)|STATEMENT_EXECUTE|[197]
13:45:22.0 (11872740)|STATEMENT_EXECUTE|[200]
13:45:22.0 (11931031)|SYSTEM_MODE_ENTER|true
13:45:22.0 (11951559)|HEAP_ALLOCATE|[EXTERNAL]|Bytes:80
13:45:22.0 (11989005)|VARIABLE_ASSIGNMENT|[EXTERNAL]|this|{"delToHub":true,"delToProj":false,"detail":"0x745a200f","invoked":false,"rejected":false,"reserved":false,"selectedTime3":"8:00","sublocations1":"0x64887628","www":"0x2d7d11fa","wwwById":"0x4a43faf7"}|0x4fa50f85
13:45:22.0 (11994744)|STATEMENT_EXECUTE|[229]
13:45:22.0 (11997068)|STATEMENT_EXECUTE|[230]
13:45:22.0 (11998333)|STATEMENT_EXECUTE|[233]
13:45:22.0 (12086648)|SYSTEM_MODE_ENTER|true
13:45:22.0 (12108040)|HEAP_ALLOCATE|[EXTERNAL]|Bytes:80
13:45:22.0 (12145486)|VARIABLE_ASSIGNMENT|[EXTERNAL]|this|{"delToHub":true,"delToProj":false,"detail":"0x745a200f","invoked":false,"rejected":false,"reserved":false,"selectedTime3":"8:00","sublocations1":"0x64887628","www":"0x2d7d11fa","wwwById":"0x4a43faf7"}|0x4fa50f85
13:45:22.0 (12150967)|STATEMENT_EXECUTE|[3]
13:45:22.0 (12153692)|STATEMENT_EXECUTE|[4]
13:45:22.0 (12155168)|STATEMENT_EXECUTE|[9]
13:45:22.0 (16041966)|SYSTEM_MODE_ENTER|true
13:45:22.0 (16069132)|HEAP_ALLOCATE|[EXTERNAL]|Bytes:80
13:45:22.0 (16115353)|VARIABLE_ASSIGNMENT|[EXTERNAL]|this|{"delToHub":true,"delToProj":false,"detail":"0x745a200f","invoked":false,"rejected":false,"reserved":false,"selectedTime3":"8:00","sublocations1":"0x64887628","www":"0x2d7d11fa","wwwById":"0x4a43faf7"}|0x4fa50f85
13:45:22.0 (16122245)|STATEMENT_EXECUTE|[186]
13:45:22.0 (16125425)|STATEMENT_EXECUTE|[187]
13:45:22.0 (16126885)|STATEMENT_EXECUTE|[190]
13:45:22.0 (16598142)|SYSTEM_MODE_ENTER|true
13:45:22.0 (16622008)|HEAP_ALLOCATE|[EXTERNAL]|Bytes:80
13:45:22.0 (16670513)|VARIABLE_ASSIGNMENT|[EXTERNAL]|this|{"delToHub":true,"delToProj":false,"detail":"0x745a200f","invoked":false,"rejected":false,"reserved":false,"selectedTime3":"8:00","sublocations1":"0x64887628","www":"0x2d7d11fa","wwwById":"0x4a43faf7"}|0x4fa50f85
13:45:22.0 (16677316)|STATEMENT_EXECUTE|[204]
13:45:22.0 (16680475)|STATEMENT_EXECUTE|[205]
13:45:22.0 (16681960)|STATEMENT_EXECUTE|[208]
13:45:22.0 (16730944)|SYSTEM_MODE_ENTER|true
13:45:22.0 (16748847)|HEAP_ALLOCATE|[EXTERNAL]|Bytes:80
13:45:22.0 (16785970)|VARIABLE_ASSIGNMENT|[EXTERNAL]|this|{"delToHub":true,"delToProj":false,"detail":"0x745a200f","invoked":false,"rejected":false,"reserved":false,"selectedTime3":"8:00","sublocations1":"0x64887628","www":"0x2d7d11fa","wwwById":"0x4a43faf7"}|0x4fa50f85
13:45:22.0 (16791417)|STATEMENT_EXECUTE|[220]
13:45:22.0 (16793618)|STATEMENT_EXECUTE|[221]
13:45:22.0 (16794917)|STATEMENT_EXECUTE|[224]
13:45:22.0 (16837009)|SYSTEM_MODE_ENTER|true
13:45:22.0 (16852990)|HEAP_ALLOCATE|[EXTERNAL]|Bytes:80
13:45:22.0 (16887225)|VARIABLE_ASSIGNMENT|[EXTERNAL]|this|{"delToHub":true,"delToProj":false,"detail":"0x745a200f","invoked":false,"rejected":false,"reserved":false,"selectedTime3":"8:00","sublocations1":"0x64887628","www":"0x2d7d11fa","wwwById":"0x4a43faf7"}|0x4fa50f85
13:45:22.0 (16891559)|STATEMENT_EXECUTE|[212]
13:45:22.0 (16893780)|STATEMENT_EXECUTE|[213]
13:45:22.0 (16895145)|STATEMENT_EXECUTE|[216]
13:45:22.0 (16962392)|SYSTEM_MODE_ENTER|true
13:45:22.0 (16980498)|HEAP_ALLOCATE|[EXTERNAL]|Bytes:80
13:45:22.0 (17015826)|VARIABLE_ASSIGNMENT|[EXTERNAL]|this|{"delToHub":true,"delToProj":false,"detail":"0x745a200f","invoked":false,"rejected":false,"reserved":false,"selectedTime3":"8:00","sublocations1":"0x64887628","www":"0x2d7d11fa","wwwById":"0x4a43faf7"}|0x4fa50f85
13:45:22.0 (17021575)|STATEMENT_EXECUTE|[21]
13:45:22.0 (17023852)|STATEMENT_EXECUTE|[22]
13:45:22.0 (17025179)|STATEMENT_EXECUTE|[26]
13:45:22.0 (22600183)|SYSTEM_MODE_ENTER|true
13:45:22.0 (22627927)|HEAP_ALLOCATE|[EXTERNAL]|Bytes:80
13:45:22.0 (22649373)|VARIABLE_SCOPE_BEGIN|[48]|this|NewDeliveredExtension|true|false
13:45:22.0 (22700966)|VARIABLE_ASSIGNMENT|[48]|this|{"delToHub":true,"delToProj":false,"detail":"0x745a200f","invoked":false,"rejected":false,"reserved":false,"selectedTime3":"8:00","sublocations1":"0x64887628","www":"0x2d7d11fa","wwwById":"0x4a43faf7"}|0x4fa50f85
13:45:22.0 (22708957)|STATEMENT_EXECUTE|[48]
13:45:22.0 (22710671)|STATEMENT_EXECUTE|[49]
13:45:22.0 (22717659)|HEAP_ALLOCATE|[49]|Bytes:4
13:45:22.0 (22742871)|VARIABLE_SCOPE_BEGIN|[49]|options|List<System.SelectOption>|true|false
13:45:22.0 (22765137)|HEAP_ALLOCATE|[EXTERNAL]|Bytes:4
13:45:22.0 (22773065)|VARIABLE_ASSIGNMENT|[49]|options|[]|0x12a27da7
13:45:22.0 (22776433)|STATEMENT_EXECUTE|[50]
13:45:22.0 (22781087)|VARIABLE_SCOPE_BEGIN|[50]|i|Integer|false|false
13:45:22.0 (22785123)|HEAP_ALLOCATE|[50]|Bytes:4
13:45:22.0 (22789987)|VARIABLE_ASSIGNMENT|[50]|i|0
13:45:22.0 (22795137)|STATEMENT_EXECUTE|[50]
13:45:22.0 (22796793)|STATEMENT_EXECUTE|[51]
13:45:22.0 (22798428)|VARIABLE_SCOPE_BEGIN|[51]|j|Integer|false|false
13:45:22.0 (22800389)|HEAP_ALLOCATE|[51]|Bytes:4
13:45:22.0 (22803045)|VARIABLE_ASSIGNMENT|[51]|j|0
13:45:22.0 (22804982)|STATEMENT_EXECUTE|[51]
13:45:22.0 (22807694)|STATEMENT_EXECUTE|[52]
13:45:22.0 (22808826)|STATEMENT_EXECUTE|[53]
13:45:22.0 (22854040)|HEAP_ALLOCATE|[53]|Bytes:1
13:45:22.0 (22863372)|HEAP_ALLOCATE|[53]|Bytes:2
13:45:22.0 (22870559)|HEAP_ALLOCATE|[53]|Bytes:1
13:45:22.0 (22881800)|HEAP_ALLOCATE|[53]|Bytes:4
13:45:22.0 (22887287)|HEAP_ALLOCATE|[53]|Bytes:1
13:45:22.0 (22894800)|HEAP_ALLOCATE|[53]|Bytes:1
13:45:22.0 (22899921)|HEAP_ALLOCATE|[53]|Bytes:4
13:45:22.0 (22929714)|HEAP_ALLOCATE|[EXTERNAL]|Bytes:4
13:45:22.0 (22936120)|HEAP_ALLOCATE|[51]|Bytes:4
13:45:22.0 (22941018)|VARIABLE_ASSIGNMENT|[51]|j|30
13:45:22.0 (22943943)|STATEMENT_EXECUTE|[51]
13:45:22.0 (22945686)|STATEMENT_EXECUTE|[54]
13:45:22.0 (22946939)|STATEMENT_EXECUTE|[55]
13:45:22.0 (22962958)|HEAP_ALLOCATE|[55]|Bytes:1
13:45:22.0 (22969611)|HEAP_ALLOCATE|[55]|Bytes:1
13:45:22.0 (22975243)|HEAP_ALLOCATE|[55]|Bytes:2
13:45:22.0 (22980997)|HEAP_ALLOCATE|[55]|Bytes:4
13:45:22.0 (22985982)|HEAP_ALLOCATE|[55]|Bytes:1
13:45:22.0 (22993261)|HEAP_ALLOCATE|[55]|Bytes:2
13:45:22.0 (22998326)|HEAP_ALLOCATE|[55]|Bytes:4
13:45:22.0 (23010701)|HEAP_ALLOCATE|[EXTERNAL]|Bytes:4
13:45:22.0 (23016060)|HEAP_ALLOCATE|[51]|Bytes:4
13:45:22.0 (23020183)|VARIABLE_ASSIGNMENT|[51]|j|60
13:45:22.0 (23029823)|HEAP_ALLOCATE|[50]|Bytes:4
13:45:22.0 (23033000)|VARIABLE_ASSIGNMENT|[50]|i|1
13:45:22.0 (23035492)|STATEMENT_EXECUTE|[50]
13:45:22.0 (23037012)|STATEMENT_EXECUTE|[51]
13:45:22.0 (23038935)|VARIABLE_SCOPE_BEGIN|[51]|j|Integer|false|false
13:45:22.0 (23040737)|HEAP_ALLOCATE|[51]|Bytes:4
13:45:22.0 (23043136)|VARIABLE_ASSIGNMENT|[51]|j|0
13:45:22.0 (23044664)|STATEMENT_EXECUTE|[51]
13:45:22.0 (23046122)|STATEMENT_EXECUTE|[52]
13:45:22.0 (23047145)|STATEMENT_EXECUTE|[53]
13:45:22.0 (23055442)|HEAP_ALLOCATE|[53]|Bytes:1
13:45:22.0 (23063390)|HEAP_ALLOCATE|[53]|Bytes:1
13:45:22.0 (23068772)|HEAP_ALLOCATE|[53]|Bytes:4
13:45:22.0 (23073945)|HEAP_ALLOCATE|[53]|Bytes:1
13:45:22.0 (23080946)|HEAP_ALLOCATE|[53]|Bytes:1
13:45:22.0 (23085819)|HEAP_ALLOCATE|[53]|Bytes:4
13:45:22.0 (23091944)|HEAP_ALLOCATE|[EXTERNAL]|Bytes:4
13:45:22.0 (23095658)|HEAP_ALLOCATE|[51]|Bytes:4
13:45:22.0 (23098711)|VARIABLE_ASSIGNMENT|[51]|j|30
13:45:22.0 (23100598)|STATEMENT_EXECUTE|[51]
13:45:22.0 (23102437)|STATEMENT_EXECUTE|[54]
13:45:22.0 (23103582)|STATEMENT_EXECUTE|[55]
13:45:22.0 (23109605)|HEAP_ALLOCATE|[55]|Bytes:1
13:45:22.0 (23117198)|HEAP_ALLOCATE|[55]|Bytes:2
13:45:22.0 (23122412)|HEAP_ALLOCATE|[55]|Bytes:4
13:45:22.0 (23127365)|HEAP_ALLOCATE|[55]|Bytes:1
13:45:22.0 (23134410)|HEAP_ALLOCATE|[55]|Bytes:2
13:45:22.0 (23139333)|HEAP_ALLOCATE|[55]|Bytes:4
13:45:22.0 (23144160)|HEAP_ALLOCATE|[EXTERNAL]|Bytes:4
13:45:22.0 (23147431)|HEAP_ALLOCATE|[51]|Bytes:4
13:45:22.0 (23150183)|VARIABLE_ASSIGNMENT|[51]|j|60
13:45:22.0 (23152316)|HEAP_ALLOCATE|[50]|Bytes:4
13:45:22.0 (23154685)|VARIABLE_ASSIGNMENT|[50]|i|2
13:45:22.0 (23156331)|STATEMENT_EXECUTE|[50]
13:45:22.0 (23157580)|STATEMENT_EXECUTE|[51]
13:45:22.0 (23159185)|VARIABLE_SCOPE_BEGIN|[51]|j|Integer|false|false
13:45:22.0 (23160712)|HEAP_ALLOCATE|[51]|Bytes:4
13:45:22.0 (23162951)|VARIABLE_ASSIGNMENT|[51]|j|0
13:45:22.0 (23164412)|STATEMENT_EXECUTE|[51]
13:45:22.0 (23165732)|STATEMENT_EXECUTE|[52]
13:45:22.0 (23167034)|STATEMENT_EXECUTE|[53]
13:45:22.0 (23173036)|HEAP_ALLOCATE|[53]|Bytes:1
13:45:22.0 (23180765)|HEAP_ALLOCATE|[53]|Bytes:1
13:45:22.0 (23185790)|HEAP_ALLOCATE|[53]|Bytes:4
13:45:22.0 (23190609)|HEAP_ALLOCATE|[53]|Bytes:1
13:45:22.0 (23197790)|HEAP_ALLOCATE|[53]|Bytes:1
13:45:22.0 (23202555)|HEAP_ALLOCATE|[53]|Bytes:4
13:45:22.0 (23207378)|HEAP_ALLOCATE|[EXTERNAL]|Bytes:4
13:45:22.0 (23210745)|HEAP_ALLOCATE|[51]|Bytes:4
13:45:22.0 (23213479)|VARIABLE_ASSIGNMENT|[51]|j|30
13:45:22.0 (23215536)|STATEMENT_EXECUTE|[51]
13:45:22.0 (23216925)|STATEMENT_EXECUTE|[54]
13:45:22.0 (23217941)|STATEMENT_EXECUTE|[55]
13:45:22.0 (23223725)|HEAP_ALLOCATE|[55]|Bytes:1
13:45:22.0 (23231537)|HEAP_ALLOCATE|[55]|Bytes:2
13:45:22.0 (23236593)|HEAP_ALLOCATE|[55]|Bytes:4
13:45:22.0 (23241446)|HEAP_ALLOCATE|[55]|Bytes:1
13:45:22.0 (23248608)|HEAP_ALLOCATE|[55]|Bytes:2
13:45:22.0 (23253548)|HEAP_ALLOCATE|[55]|Bytes:4
13:45:22.0 (23257997)|HEAP_ALLOCATE|[EXTERNAL]|Bytes:4
13:45:22.0 (23261255)|HEAP_ALLOCATE|[51]|Bytes:4
13:45:22.0 (23264246)|VARIABLE_ASSIGNMENT|[51]|j|60
13:45:22.0 (23266237)|HEAP_ALLOCATE|[50]|Bytes:4
13:45:22.0 (23268491)|VARIABLE_ASSIGNMENT|[50]|i|3
13:45:22.0 (23270155)|STATEMENT_EXECUTE|[50]
13:45:22.0 (23271388)|STATEMENT_EXECUTE|[51]
13:45:22.0 (23272907)|VARIABLE_SCOPE_BEGIN|[51]|j|Integer|false|false
13:45:22.0 (23274326)|HEAP_ALLOCATE|[51]|Bytes:4
13:45:22.0 (23276497)|VARIABLE_ASSIGNMENT|[51]|j|0
13:45:22.0 (23277978)|STATEMENT_EXECUTE|[51]
13:45:22.0 (23279305)|STATEMENT_EXECUTE|[52]
13:45:22.0 (23280376)|STATEMENT_EXECUTE|[53]
13:45:22.0 (23286474)|HEAP_ALLOCATE|[53]|Bytes:1
13:45:22.0 (23293856)|HEAP_ALLOCATE|[53]|Bytes:1
13:45:22.0 (23298935)|HEAP_ALLOCATE|[53]|Bytes:4
13:45:22.0 (23303731)|HEAP_ALLOCATE|[53]|Bytes:1
13:45:22.0 (23310779)|HEAP_ALLOCATE|[53]|Bytes:1
13:45:22.0 (23315587)|HEAP_ALLOCATE|[53]|Bytes:4
13:45:22.0 (23320150)|HEAP_ALLOCATE|[EXTERNAL]|Bytes:4
13:45:22.0 (23323510)|HEAP_ALLOCATE|[51]|Bytes:4
13:45:22.0 (23326196)|VARIABLE_ASSIGNMENT|[51]|j|30
13:45:22.0 (23327920)|STATEMENT_EXECUTE|[51]
13:45:22.0 (23329522)|STATEMENT_EXECUTE|[54]
13:45:22.0 (23330575)|STATEMENT_EXECUTE|[55]
13:45:22.0 (23336317)|HEAP_ALLOCATE|[55]|Bytes:1
13:45:22.0 (23343797)|HEAP_ALLOCATE|[55]|Bytes:2
13:45:22.0 (23348762)|HEAP_ALLOCATE|[55]|Bytes:4
13:45:22.0 (23353645)|HEAP_ALLOCATE|[55]|Bytes:1
13:45:22.0 (23360693)|HEAP_ALLOCATE|[55]|Bytes:2
13:45:22.0 (23365542)|HEAP_ALLOCATE|[55]|Bytes:4
13:45:22.0 (23370017)|HEAP_ALLOCATE|[EXTERNAL]|Bytes:4
13:45:22.0 (23373244)|HEAP_ALLOCATE|[51]|Bytes:4
13:45:22.0 (23375891)|VARIABLE_ASSIGNMENT|[51]|j|60
13:45:22.0 (23377730)|HEAP_ALLOCATE|[50]|Bytes:4
13:45:22.0 (23380034)|VARIABLE_ASSIGNMENT|[50]|i|4
13:45:22.0 (23381653)|STATEMENT_EXECUTE|[50]
13:45:22.0 (23382899)|STATEMENT_EXECUTE|[51]
13:45:22.0 (23384444)|VARIABLE_SCOPE_BEGIN|[51]|j|Integer|false|false
13:45:22.0 (23385886)|HEAP_ALLOCATE|[51]|Bytes:4
13:45:22.0 (23388046)|VARIABLE_ASSIGNMENT|[51]|j|0
13:45:22.0 (23389633)|STATEMENT_EXECUTE|[51]
13:45:22.0 (23390949)|STATEMENT_EXECUTE|[52]
13:45:22.0 (23391961)|STATEMENT_EXECUTE|[53]
13:45:22.0 (23398342)|HEAP_ALLOCATE|[53]|Bytes:1
13:45:22.0 (23405701)|HEAP_ALLOCATE|[53]|Bytes:1
13:45:22.0 (23410742)|HEAP_ALLOCATE|[53]|Bytes:4
13:45:22.0 (23415550)|HEAP_ALLOCATE|[53]|Bytes:1
13:45:22.0 (23422817)|HEAP_ALLOCATE|[53]|Bytes:1
13:45:22.0 (23427634)|HEAP_ALLOCATE|[53]|Bytes:4
13:45:22.0 (23432496)|HEAP_ALLOCATE|[EXTERNAL]|Bytes:4
13:45:22.0 (23435994)|HEAP_ALLOCATE|[51]|Bytes:4
13:45:22.0 (23438721)|VARIABLE_ASSIGNMENT|[51]|j|30
13:45:22.0 (23440421)|STATEMENT_EXECUTE|[51]
13:45:22.0 (23442027)|STATEMENT_EXECUTE|[54]
13:45:22.0 (23443072)|STATEMENT_EXECUTE|[55]
13:45:22.0 (23448799)|HEAP_ALLOCATE|[55]|Bytes:1
13:45:22.0 (23456221)|HEAP_ALLOCATE|[55]|Bytes:2
13:45:22.0 (23461263)|HEAP_ALLOCATE|[55]|Bytes:4
13:45:22.0 (23466021)|HEAP_ALLOCATE|[55]|Bytes:1
13:45:22.0 (23473070)|HEAP_ALLOCATE|[55]|Bytes:2
13:45:22.0 (23477925)|HEAP_ALLOCATE|[55]|Bytes:4
13:45:22.0 (23482398)|HEAP_ALLOCATE|[EXTERNAL]|Bytes:4
13:45:22.0 (23485690)|HEAP_ALLOCATE|[51]|Bytes:4
13:45:22.0 (23488578)|VARIABLE_ASSIGNMENT|[51]|j|60
13:45:22.0 (23490521)|HEAP_ALLOCATE|[50]|Bytes:4
13:45:22.0 (23492921)|VARIABLE_ASSIGNMENT|[50]|i|5
13:45:22.0 (23494753)|STATEMENT_EXECUTE|[50]
13:45:22.0 (23495988)|STATEMENT_EXECUTE|[51]
13:45:22.0 (23497502)|VARIABLE_SCOPE_BEGIN|[51]|j|Integer|false|false
13:45:22.0 (23498888)|HEAP_ALLOCATE|[51]|Bytes:4
13:45:22.0 (23501069)|VARIABLE_ASSIGNMENT|[51]|j|0
13:45:22.0 (23502553)|STATEMENT_EXECUTE|[51]
13:45:22.0 (23503857)|STATEMENT_EXECUTE|[52]
13:45:22.0 (23504872)|STATEMENT_EXECUTE|[53]
13:45:22.0 (23510759)|HEAP_ALLOCATE|[53]|Bytes:1
13:45:22.0 (23518228)|HEAP_ALLOCATE|[53]|Bytes:1
13:45:22.0 (23523175)|HEAP_ALLOCATE|[53]|Bytes:4
13:45:22.0 (23527940)|HEAP_ALLOCATE|[53]|Bytes:1
13:45:22.0 (23534980)|HEAP_ALLOCATE|[53]|Bytes:1
13:45:22.0 (23539864)|HEAP_ALLOCATE|[53]|Bytes:4
13:45:22.0 (23544630)|HEAP_ALLOCATE|[EXTERNAL]|Bytes:4
13:45:22.0 (23548397)|HEAP_ALLOCATE|[51]|Bytes:4
13:45:22.0 (23551151)|VARIABLE_ASSIGNMENT|[51]|j|30
13:45:22.0 (23552896)|STATEMENT_EXECUTE|[51]
13:45:22.0 (23554460)|STATEMENT_EXECUTE|[54]
13:45:22.0 (23555511)|STATEMENT_EXECUTE|[55]
13:45:22.0 (23561258)|HEAP_ALLOCATE|[55]|Bytes:1
13:45:22.0 (23568797)|HEAP_ALLOCATE|[55]|Bytes:2
13:45:22.0 (23573736)|HEAP_ALLOCATE|[55]|Bytes:4
13:45:22.0 (23578618)|HEAP_ALLOCATE|[55]|Bytes:1
13:45:22.0 (23585666)|HEAP_ALLOCATE|[55]|Bytes:2
13:45:22.0 (23590430)|HEAP_ALLOCATE|[55]|Bytes:4
13:45:22.0 (23594927)|HEAP_ALLOCATE|[EXTERNAL]|Bytes:4
13:45:22.0 (23598231)|HEAP_ALLOCATE|[51]|Bytes:4
13:45:22.0 (23600925)|VARIABLE_ASSIGNMENT|[51]|j|60
13:45:22.0 (23602853)|HEAP_ALLOCATE|[50]|Bytes:4
13:45:22.0 (23605203)|VARIABLE_ASSIGNMENT|[50]|i|6
13:45:22.0 (23606820)|STATEMENT_EXECUTE|[50]
13:45:22.0 (23608057)|STATEMENT_EXECUTE|[51]
13:45:22.0 (23609602)|VARIABLE_SCOPE_BEGIN|[51]|j|Integer|false|false
13:45:22.0 (23611017)|HEAP_ALLOCATE|[51]|Bytes:4
13:45:22.0 (23613181)|VARIABLE_ASSIGNMENT|[51]|j|0
13:45:22.0 (23614713)|STATEMENT_EXECUTE|[51]
13:45:22.0 (23616041)|STATEMENT_EXECUTE|[52]
13:45:22.0 (23617114)|STATEMENT_EXECUTE|[53]
13:45:22.0 (23623140)|HEAP_ALLOCATE|[53]|Bytes:1
13:45:22.0 (23630479)|HEAP_ALLOCATE|[53]|Bytes:1
13:45:22.0 (23635493)|HEAP_ALLOCATE|[53]|Bytes:4
13:45:22.0 (23640188)|HEAP_ALLOCATE|[53]|Bytes:1
13:45:22.0 (23651008)|HEAP_ALLOCATE|[53]|Bytes:1
13:45:22.0 (23659226)|HEAP_ALLOCATE|[53]|Bytes:4
13:45:22.0 (23674873)|HEAP_ALLOCATE|[EXTERNAL]|Bytes:4
13:45:22.0 (23681624)|HEAP_ALLOCATE|[51]|Bytes:4
13:45:22.0 (23687558)|VARIABLE_ASSIGNMENT|[51]|j|30
13:45:22.0 (23690918)|STATEMENT_EXECUTE|[51]
13:45:22.0 (23693239)|STATEMENT_EXECUTE|[54]
13:45:22.0 (23694662)|STATEMENT_EXECUTE|[55]
13:45:22.0 (23707711)|HEAP_ALLOCATE|[55]|Bytes:1
13:45:22.0 (23720810)|HEAP_ALLOCATE|[55]|Bytes:2
13:45:22.0 (23729125)|HEAP_ALLOCATE|[55]|Bytes:4
13:45:22.0 (23736715)|HEAP_ALLOCATE|[55]|Bytes:1
13:45:22.0 (23748213)|HEAP_ALLOCATE|[55]|Bytes:2
13:45:22.0 (23755878)|HEAP_ALLOCATE|[55]|Bytes:4
13:45:22.0 (23764615)|HEAP_ALLOCATE|[EXTERNAL]|Bytes:4
13:45:22.0 (23770134)|HEAP_ALLOCATE|[51]|Bytes:4
13:45:22.0 (23775849)|VARIABLE_ASSIGNMENT|[51]|j|60
13:45:22.0 (23784398)|HEAP_ALLOCATE|[50]|Bytes:4
13:45:22.0 (23788400)|VARIABLE_ASSIGNMENT|[50]|i|7
13:45:22.0 (23791538)|STATEMENT_EXECUTE|[50]
13:45:22.0 (23793714)|STATEMENT_EXECUTE|[51]
13:45:22.0 (23796534)|VARIABLE_SCOPE_BEGIN|[51]|j|Integer|false|false
13:45:22.0 (23799765)|HEAP_ALLOCATE|[51]|Bytes:4
13:45:22.0 (23803601)|VARIABLE_ASSIGNMENT|[51]|j|0
13:45:22.0 (23806280)|STATEMENT_EXECUTE|[51]
13:45:22.0 (23808489)|STATEMENT_EXECUTE|[52]
13:45:22.0 (23809986)|STATEMENT_EXECUTE|[53]
13:45:22.0 (23824432)|HEAP_ALLOCATE|[53]|Bytes:1
13:45:22.0 (23838464)|HEAP_ALLOCATE|[53]|Bytes:1
13:45:22.0 (23847262)|HEAP_ALLOCATE|[53]|Bytes:4
13:45:22.0 (23854631)|HEAP_ALLOCATE|[53]|Bytes:1
13:45:22.0 (23865469)|HEAP_ALLOCATE|[53]|Bytes:1
13:45:22.0 (23872693)|HEAP_ALLOCATE|[53]|Bytes:4
13:45:22.0 (23881996)|HEAP_ALLOCATE|[EXTERNAL]|Bytes:4
13:45:22.0 (23888095)|HEAP_ALLOCATE|[51]|Bytes:4
13:45:22.0 (23894298)|VARIABLE_ASSIGNMENT|[51]|j|30
13:45:22.0 (23897815)|STATEMENT_EXECUTE|[51]
13:45:22.0 (23900520)|STATEMENT_EXECUTE|[54]
13:45:22.0 (23902194)|STATEMENT_EXECUTE|[55]
13:45:22.0 (23915651)|HEAP_ALLOCATE|[55]|Bytes:1
13:45:22.0 (23929419)|HEAP_ALLOCATE|[55]|Bytes:2
13:45:22.0 (23938441)|HEAP_ALLOCATE|[55]|Bytes:4
13:45:22.0 (23946688)|HEAP_ALLOCATE|[55]|Bytes:1
13:45:22.0 (23959143)|HEAP_ALLOCATE|[55]|Bytes:2
13:45:22.0 (23967722)|HEAP_ALLOCATE|[55]|Bytes:4
13:45:22.0 (23978431)|HEAP_ALLOCATE|[EXTERNAL]|Bytes:4
13:45:22.0 (23985658)|HEAP_ALLOCATE|[51]|Bytes:4
13:45:22.0 (23992760)|VARIABLE_ASSIGNMENT|[51]|j|60
13:45:22.0 (23996962)|HEAP_ALLOCATE|[50]|Bytes:4
13:45:22.0 (24001001)|VARIABLE_ASSIGNMENT|[50]|i|8
13:45:22.0 (24005211)|STATEMENT_EXECUTE|[50]
13:45:22.0 (24007413)|STATEMENT_EXECUTE|[51]
13:45:22.0 (24010501)|VARIABLE_SCOPE_BEGIN|[51]|j|Integer|false|false
13:45:22.0 (24013630)|HEAP_ALLOCATE|[51]|Bytes:4
13:45:22.0 (24017661)|VARIABLE_ASSIGNMENT|[51]|j|0
13:45:22.0 (24020372)|STATEMENT_EXECUTE|[51]
13:45:22.0 (24023033)|STATEMENT_EXECUTE|[52]
13:45:22.0 (24024668)|STATEMENT_EXECUTE|[53]
13:45:22.0 (24040606)|HEAP_ALLOCATE|[53]|Bytes:1
13:45:22.0 (24054948)|HEAP_ALLOCATE|[53]|Bytes:1
13:45:22.0 (24063939)|HEAP_ALLOCATE|[53]|Bytes:4
13:45:22.0 (24072371)|HEAP_ALLOCATE|[53]|Bytes:1
13:45:22.0 (24084986)|HEAP_ALLOCATE|[53]|Bytes:1
13:45:22.0 (24093780)|HEAP_ALLOCATE|[53]|Bytes:4
13:45:22.0 (24104802)|HEAP_ALLOCATE|[EXTERNAL]|Bytes:4
13:45:22.0 (24111897)|HEAP_ALLOCATE|[51]|Bytes:4
13:45:22.0 (24118705)|VARIABLE_ASSIGNMENT|[51]|j|30
13:45:22.0 (24122361)|STATEMENT_EXECUTE|[51]
13:45:22.0 (24124782)|STATEMENT_EXECUTE|[54]
13:45:22.0 (24126419)|STATEMENT_EXECUTE|[55]
13:45:22.0 (24139810)|HEAP_ALLOCATE|[55]|Bytes:1
13:45:22.0 (24154354)|HEAP_ALLOCATE|[55]|Bytes:2
13:45:22.0 (24163081)|HEAP_ALLOCATE|[55]|Bytes:4
13:45:22.0 (24171436)|HEAP_ALLOCATE|[55]|Bytes:1
13:45:22.0 (24184042)|HEAP_ALLOCATE|[55]|Bytes:2
13:45:22.0 (24192630)|HEAP_ALLOCATE|[55]|Bytes:4
13:45:22.0 (24203463)|HEAP_ALLOCATE|[EXTERNAL]|Bytes:4
13:45:22.0 (24210596)|HEAP_ALLOCATE|[51]|Bytes:4
13:45:22.0 (24218220)|VARIABLE_ASSIGNMENT|[51]|j|60
13:45:22.0 (24223407)|HEAP_ALLOCATE|[50]|Bytes:4
13:45:22.0 (24227804)|VARIABLE_ASSIGNMENT|[50]|i|9
13:45:22.0 (24231443)|STATEMENT_EXECUTE|[50]
13:45:22.0 (24233499)|STATEMENT_EXECUTE|[51]
13:45:22.0 (24236454)|VARIABLE_SCOPE_BEGIN|[51]|j|Integer|false|false
13:45:22.0 (24239945)|HEAP_ALLOCATE|[51]|Bytes:4
13:45:22.0 (24243955)|VARIABLE_ASSIGNMENT|[51]|j|0
13:45:22.0 (24246810)|STATEMENT_EXECUTE|[51]
13:45:22.0 (24248996)|STATEMENT_EXECUTE|[52]
13:45:22.0 (24254226)|STATEMENT_EXECUTE|[53]
13:45:22.0 (24270227)|HEAP_ALLOCATE|[53]|Bytes:1
13:45:22.0 (24284214)|HEAP_ALLOCATE|[53]|Bytes:1
13:45:22.0 (24292857)|HEAP_ALLOCATE|[53]|Bytes:4
13:45:22.0 (24301440)|HEAP_ALLOCATE|[53]|Bytes:1
13:45:22.0 (24312920)|HEAP_ALLOCATE|[53]|Bytes:1
13:45:22.0 (24321027)|HEAP_ALLOCATE|[53]|Bytes:4
13:45:22.0 (24331264)|HEAP_ALLOCATE|[EXTERNAL]|Bytes:4
13:45:22.0 (24338422)|HEAP_ALLOCATE|[51]|Bytes:4
13:45:22.0 (24344615)|VARIABLE_ASSIGNMENT|[51]|j|30
13:45:22.0 (24348496)|STATEMENT_EXECUTE|[51]
13:45:22.0 (24350943)|STATEMENT_EXECUTE|[54]
13:45:22.0 (24352946)|STATEMENT_EXECUTE|[55]
13:45:22.0 (24365910)|HEAP_ALLOCATE|[55]|Bytes:1
13:45:22.0 (24378847)|HEAP_ALLOCATE|[55]|Bytes:2
13:45:22.0 (24388018)|HEAP_ALLOCATE|[55]|Bytes:4
13:45:22.0 (24396439)|HEAP_ALLOCATE|[55]|Bytes:1
13:45:22.0 (24408518)|HEAP_ALLOCATE|[55]|Bytes:2
13:45:22.0 (24417183)|HEAP_ALLOCATE|[55]|Bytes:4
13:45:22.0 (24425649)|HEAP_ALLOCATE|[EXTERNAL]|Bytes:4
13:45:22.0 (24429993)|HEAP_ALLOCATE|[51]|Bytes:4
13:45:22.0 (24434641)|VARIABLE_ASSIGNMENT|[51]|j|60
13:45:22.0 (24437611)|HEAP_ALLOCATE|[50]|Bytes:4
13:45:22.0 (24440342)|VARIABLE_ASSIGNMENT|[50]|i|10
13:45:22.0 (24442566)|STATEMENT_EXECUTE|[50]
13:45:22.0 (24443992)|STATEMENT_EXECUTE|[51]
13:45:22.0 (24445893)|VARIABLE_SCOPE_BEGIN|[51]|j|Integer|false|false
13:45:22.0 (24448214)|HEAP_ALLOCATE|[51]|Bytes:4
13:45:22.0 (24450626)|VARIABLE_ASSIGNMENT|[51]|j|0
13:45:22.0 (24452252)|STATEMENT_EXECUTE|[51]
13:45:22.0 (24453673)|STATEMENT_EXECUTE|[52]
13:45:22.0 (24454723)|STATEMENT_EXECUTE|[53]
13:45:22.0 (24462253)|HEAP_ALLOCATE|[53]|Bytes:2
13:45:22.0 (24470132)|HEAP_ALLOCATE|[53]|Bytes:1
13:45:22.0 (24475143)|HEAP_ALLOCATE|[53]|Bytes:5
13:45:22.0 (24479813)|HEAP_ALLOCATE|[53]|Bytes:2
13:45:22.0 (24486771)|HEAP_ALLOCATE|[53]|Bytes:1
13:45:22.0 (24491674)|HEAP_ALLOCATE|[53]|Bytes:5
13:45:22.0 (24496522)|HEAP_ALLOCATE|[EXTERNAL]|Bytes:4
13:45:22.0 (24500074)|HEAP_ALLOCATE|[51]|Bytes:4
13:45:22.0 (24502940)|VARIABLE_ASSIGNMENT|[51]|j|30
13:45:22.0 (24504689)|STATEMENT_EXECUTE|[51]
13:45:22.0 (24506097)|STATEMENT_EXECUTE|[54]
13:45:22.0 (24507166)|STATEMENT_EXECUTE|[55]
13:45:22.0 (24512949)|HEAP_ALLOCATE|[55]|Bytes:2
13:45:22.0 (24520595)|HEAP_ALLOCATE|[55]|Bytes:2
13:45:22.0 (24525561)|HEAP_ALLOCATE|[55]|Bytes:5
13:45:22.0 (24530290)|HEAP_ALLOCATE|[55]|Bytes:2
13:45:22.0 (24537232)|HEAP_ALLOCATE|[55]|Bytes:2
13:45:22.0 (24542024)|HEAP_ALLOCATE|[55]|Bytes:5
13:45:22.0 (24546698)|HEAP_ALLOCATE|[EXTERNAL]|Bytes:4
13:45:22.0 (24549945)|HEAP_ALLOCATE|[51]|Bytes:4
13:45:22.0 (24552606)|VARIABLE_ASSIGNMENT|[51]|j|60
13:45:22.0 (24555032)|HEAP_ALLOCATE|[50]|Bytes:4
13:45:22.0 (24557371)|VARIABLE_ASSIGNMENT|[50]|i|11
13:45:22.0 (24559119)|STATEMENT_EXECUTE|[50]
13:45:22.0 (24560328)|STATEMENT_EXECUTE|[51]
13:45:22.0 (24561969)|VARIABLE_SCOPE_BEGIN|[51]|j|Integer|false|false
13:45:22.0 (24563520)|HEAP_ALLOCATE|[51]|Bytes:4
13:45:22.0 (24565840)|VARIABLE_ASSIGNMENT|[51]|j|0
13:45:22.0 (24567482)|STATEMENT_EXECUTE|[51]
13:45:22.0 (24568759)|STATEMENT_EXECUTE|[52]
13:45:22.0 (24569790)|STATEMENT_EXECUTE|[53]
13:45:22.0 (24575533)|HEAP_ALLOCATE|[53]|Bytes:2
13:45:22.0 (24583750)|HEAP_ALLOCATE|[53]|Bytes:1
13:45:22.0 (24591424)|HEAP_ALLOCATE|[53]|Bytes:5
13:45:22.0 (24596528)|HEAP_ALLOCATE|[53]|Bytes:2
13:45:22.0 (24603704)|HEAP_ALLOCATE|[53]|Bytes:1
13:45:22.0 (24608500)|HEAP_ALLOCATE|[53]|Bytes:5
13:45:22.0 (24613426)|HEAP_ALLOCATE|[EXTERNAL]|Bytes:4
13:45:22.0 (24617360)|HEAP_ALLOCATE|[51]|Bytes:4
13:45:22.0 (24620407)|VARIABLE_ASSIGNMENT|[51]|j|30
13:45:22.0 (24622186)|STATEMENT_EXECUTE|[51]
13:45:22.0 (24623555)|STATEMENT_EXECUTE|[54]
13:45:22.0 (24624904)|STATEMENT_EXECUTE|[55]
13:45:22.0 (24630658)|HEAP_ALLOCATE|[55]|Bytes:2
13:45:22.0 (24638038)|HEAP_ALLOCATE|[55]|Bytes:2
13:45:22.0 (24643092)|HEAP_ALLOCATE|[55]|Bytes:5
13:45:22.0 (24647786)|HEAP_ALLOCATE|[55]|Bytes:2
13:45:22.0 (24654999)|HEAP_ALLOCATE|[55]|Bytes:2
13:45:22.0 (24659718)|HEAP_ALLOCATE|[55]|Bytes:5
13:45:22.0 (24664201)|HEAP_ALLOCATE|[EXTERNAL]|Bytes:4
13:45:22.0 (24671488)|HEAP_ALLOCATE|[51]|Bytes:4
13:45:22.0 (24674467)|VARIABLE_ASSIGNMENT|[51]|j|60
13:45:22.0 (24676535)|HEAP_ALLOCATE|[50]|Bytes:4
13:45:22.0 (24678732)|VARIABLE_ASSIGNMENT|[50]|i|12
13:45:22.0 (24680442)|STATEMENT_EXECUTE|[50]
13:45:22.0 (24681728)|STATEMENT_EXECUTE|[51]
13:45:22.0 (24683319)|VARIABLE_SCOPE_BEGIN|[51]|j|Integer|false|false
13:45:22.0 (24684911)|HEAP_ALLOCATE|[51]|Bytes:4
13:45:22.0 (24687150)|VARIABLE_ASSIGNMENT|[51]|j|0
13:45:22.0 (24688668)|STATEMENT_EXECUTE|[51]
13:45:22.0 (24690012)|STATEMENT_EXECUTE|[52]
13:45:22.0 (24691058)|STATEMENT_EXECUTE|[53]
13:45:22.0 (24697092)|HEAP_ALLOCATE|[53]|Bytes:2
13:45:22.0 (24705037)|HEAP_ALLOCATE|[53]|Bytes:1
13:45:22.0 (24710275)|HEAP_ALLOCATE|[53]|Bytes:5
13:45:22.0 (24717972)|HEAP_ALLOCATE|[53]|Bytes:2
13:45:22.0 (24725319)|HEAP_ALLOCATE|[53]|Bytes:1
13:45:22.0 (24730162)|HEAP_ALLOCATE|[53]|Bytes:5
13:45:22.0 (24734760)|HEAP_ALLOCATE|[EXTERNAL]|Bytes:4
13:45:22.0 (24738220)|HEAP_ALLOCATE|[51]|Bytes:4
13:45:22.0 (24741059)|VARIABLE_ASSIGNMENT|[51]|j|30
13:45:22.0 (24742838)|STATEMENT_EXECUTE|[51]
13:45:22.0 (24744189)|STATEMENT_EXECUTE|[54]
13:45:22.0 (24745208)|STATEMENT_EXECUTE|[55]
13:45:22.0 (24750768)|HEAP_ALLOCATE|[55]|Bytes:2
13:45:22.0 (24758459)|HEAP_ALLOCATE|[55]|Bytes:2
13:45:22.0 (24763330)|HEAP_ALLOCATE|[55]|Bytes:5
13:45:22.0 (24768095)|HEAP_ALLOCATE|[55]|Bytes:2
13:45:22.0 (24775257)|HEAP_ALLOCATE|[55]|Bytes:2
13:45:22.0 (24780179)|HEAP_ALLOCATE|[55]|Bytes:5
13:45:22.0 (24784585)|HEAP_ALLOCATE|[EXTERNAL]|Bytes:4
13:45:22.0 (24787710)|HEAP_ALLOCATE|[51]|Bytes:4
13:45:22.0 (24790355)|VARIABLE_ASSIGNMENT|[51]|j|60
13:45:22.0 (24795577)|HEAP_ALLOCATE|[50]|Bytes:4
13:45:22.0 (24797920)|VARIABLE_ASSIGNMENT|[50]|i|13
13:45:22.0 (24799754)|STATEMENT_EXECUTE|[50]
13:45:22.0 (24800980)|STATEMENT_EXECUTE|[51]
13:45:22.0 (24802590)|VARIABLE_SCOPE_BEGIN|[51]|j|Integer|false|false
13:45:22.0 (24804098)|HEAP_ALLOCATE|[51]|Bytes:4
13:45:22.0 (24806343)|VARIABLE_ASSIGNMENT|[51]|j|0
13:45:22.0 (24807925)|STATEMENT_EXECUTE|[51]
13:45:22.0 (24809242)|STATEMENT_EXECUTE|[52]
13:45:22.0 (24810353)|STATEMENT_EXECUTE|[53]
13:45:22.0 (24816792)|HEAP_ALLOCATE|[53]|Bytes:2
13:45:22.0 (24824341)|HEAP_ALLOCATE|[53]|Bytes:1
13:45:22.0 (24829393)|HEAP_ALLOCATE|[53]|Bytes:5
13:45:22.0 (24834272)|HEAP_ALLOCATE|[53]|Bytes:2
13:45:22.0 (24841342)|HEAP_ALLOCATE|[53]|Bytes:1
13:45:22.0 (24846105)|HEAP_ALLOCATE|[53]|Bytes:5
13:45:22.0 (24850710)|HEAP_ALLOCATE|[EXTERNAL]|Bytes:4
13:45:22.0 (24854159)|HEAP_ALLOCATE|[51]|Bytes:4
13:45:22.0 (24856864)|VARIABLE_ASSIGNMENT|[51]|j|30
13:45:22.0 (24858632)|STATEMENT_EXECUTE|[51]
13:45:22.0 (24860193)|STATEMENT_EXECUTE|[54]
13:45:22.0 (24861425)|STATEMENT_EXECUTE|[55]
13:45:22.0 (24866939)|HEAP_ALLOCATE|[55]|Bytes:2
13:45:22.0 (24874321)|HEAP_ALLOCATE|[55]|Bytes:2
13:45:22.0 (24879218)|HEAP_ALLOCATE|[55]|Bytes:5
13:45:22.0 (24884073)|HEAP_ALLOCATE|[55]|Bytes:2
13:45:22.0 (24891170)|HEAP_ALLOCATE|[55]|Bytes:2
13:45:22.0 (24895947)|HEAP_ALLOCATE|[55]|Bytes:5
13:45:22.0 (24900417)|HEAP_ALLOCATE|[EXTERNAL]|Bytes:4
13:45:22.0 (24903622)|HEAP_ALLOCATE|[51]|Bytes:4
13:45:22.0 (24906345)|VARIABLE_ASSIGNMENT|[51]|j|60
13:45:22.0 (24908345)|HEAP_ALLOCATE|[50]|Bytes:4
13:45:22.0 (24910586)|VARIABLE_ASSIGNMENT|[50]|i|14
13:45:22.0 (24912283)|STATEMENT_EXECUTE|[50]
13:45:22.0 (24913503)|STATEMENT_EXECUTE|[51]
13:45:22.0 (24915118)|VARIABLE_SCOPE_BEGIN|[51]|j|Integer|false|false
13:45:22.0 (24916587)|HEAP_ALLOCATE|[51]|Bytes:4
13:45:22.0 (24918850)|VARIABLE_ASSIGNMENT|[51]|j|0
13:45:22.0 (24920371)|STATEMENT_EXECUTE|[51]
13:45:22.0 (24921658)|STATEMENT_EXECUTE|[52]
13:45:22.0 (24922695)|STATEMENT_EXECUTE|[53]
13:45:22.0 (24928376)|HEAP_ALLOCATE|[53]|Bytes:2
13:45:22.0 (24936192)|HEAP_ALLOCATE|[53]|Bytes:1
13:45:22.0 (24941007)|HEAP_ALLOCATE|[53]|Bytes:5
13:45:22.0 (24945707)|HEAP_ALLOCATE|[53]|Bytes:2
13:45:22.0 (24952728)|HEAP_ALLOCATE|[53]|Bytes:1
13:45:22.0 (24957490)|HEAP_ALLOCATE|[53]|Bytes:5
13:45:22.0 (24961991)|HEAP_ALLOCATE|[EXTERNAL]|Bytes:4
13:45:22.0 (24965393)|HEAP_ALLOCATE|[51]|Bytes:4
13:45:22.0 (24968221)|VARIABLE_ASSIGNMENT|[51]|j|30
13:45:22.0 (24969980)|STATEMENT_EXECUTE|[51]
13:45:22.0 (24971344)|STATEMENT_EXECUTE|[54]
13:45:22.0 (24972358)|STATEMENT_EXECUTE|[55]
13:45:22.0 (24977757)|HEAP_ALLOCATE|[55]|Bytes:2
13:45:22.0 (24985080)|HEAP_ALLOCATE|[55]|Bytes:2
13:45:22.0 (24990138)|HEAP_ALLOCATE|[55]|Bytes:5
13:45:22.0 (24994773)|HEAP_ALLOCATE|[55]|Bytes:2
13:45:22.0 (25001960)|HEAP_ALLOCATE|[55]|Bytes:2
13:45:22.0 (25007412)|HEAP_ALLOCATE|[55]|Bytes:5
13:45:22.0 (25011985)|HEAP_ALLOCATE|[EXTERNAL]|Bytes:4
13:45:22.0 (25015314)|HEAP_ALLOCATE|[51]|Bytes:4
13:45:22.0 (25018038)|VARIABLE_ASSIGNMENT|[51]|j|60
13:45:22.0 (25020058)|HEAP_ALLOCATE|[50]|Bytes:4
13:45:22.0 (25022797)|VARIABLE_ASSIGNMENT|[50]|i|15
13:45:22.0 (25024478)|STATEMENT_EXECUTE|[50]
13:45:22.0 (25025685)|STATEMENT_EXECUTE|[51]
13:45:22.0 (25027217)|VARIABLE_SCOPE_BEGIN|[51]|j|Integer|false|false
13:45:22.0 (25028632)|HEAP_ALLOCATE|[51]|Bytes:4
13:45:22.0 (25030801)|VARIABLE_ASSIGNMENT|[51]|j|0
13:45:22.0 (25032303)|STATEMENT_EXECUTE|[51]
13:45:22.0 (25033576)|STATEMENT_EXECUTE|[52]
13:45:22.0 (25034598)|STATEMENT_EXECUTE|[53]
13:45:22.0 (25040374)|HEAP_ALLOCATE|[53]|Bytes:2
13:45:22.0 (25047946)|HEAP_ALLOCATE|[53]|Bytes:1
13:45:22.0 (25052800)|HEAP_ALLOCATE|[53]|Bytes:5
13:45:22.0 (25057535)|HEAP_ALLOCATE|[53]|Bytes:2
13:45:22.0 (25064546)|HEAP_ALLOCATE|[53]|Bytes:1
13:45:22.0 (25069210)|HEAP_ALLOCATE|[53]|Bytes:5
13:45:22.0 (25073873)|HEAP_ALLOCATE|[EXTERNAL]|Bytes:4
13:45:22.0 (25077226)|HEAP_ALLOCATE|[51]|Bytes:4
13:45:22.0 (25079984)|VARIABLE_ASSIGNMENT|[51]|j|30
13:45:22.0 (25081719)|STATEMENT_EXECUTE|[51]
13:45:22.0 (25083061)|STATEMENT_EXECUTE|[54]
13:45:22.0 (25084263)|STATEMENT_EXECUTE|[55]
13:45:22.0 (25089760)|HEAP_ALLOCATE|[55]|Bytes:2
13:45:22.0 (25097142)|HEAP_ALLOCATE|[55]|Bytes:2
13:45:22.0 (25102093)|HEAP_ALLOCATE|[55]|Bytes:5
13:45:22.0 (25106755)|HEAP_ALLOCATE|[55]|Bytes:2
13:45:22.0 (25113763)|HEAP_ALLOCATE|[55]|Bytes:2
13:45:22.0 (25118468)|HEAP_ALLOCATE|[55]|Bytes:5
13:45:22.0 (25122788)|HEAP_ALLOCATE|[EXTERNAL]|Bytes:4
13:45:22.0 (25125972)|HEAP_ALLOCATE|[51]|Bytes:4
13:45:22.0 (25128715)|VARIABLE_ASSIGNMENT|[51]|j|60
13:45:22.0 (25130569)|HEAP_ALLOCATE|[50]|Bytes:4
13:45:22.0 (25132818)|VARIABLE_ASSIGNMENT|[50]|i|16
13:45:22.0 (25134473)|STATEMENT_EXECUTE|[50]
13:45:22.0 (25135673)|STATEMENT_EXECUTE|[51]
13:45:22.0 (25137196)|VARIABLE_SCOPE_BEGIN|[51]|j|Integer|false|false
13:45:22.0 (25138650)|HEAP_ALLOCATE|[51]|Bytes:4
13:45:22.0 (25140866)|VARIABLE_ASSIGNMENT|[51]|j|0
13:45:22.0 (25142377)|STATEMENT_EXECUTE|[51]
13:45:22.0 (25143672)|STATEMENT_EXECUTE|[52]
13:45:22.0 (25144706)|STATEMENT_EXECUTE|[53]
13:45:22.0 (25150306)|HEAP_ALLOCATE|[53]|Bytes:2
13:45:22.0 (25158079)|HEAP_ALLOCATE|[53]|Bytes:1
13:45:22.0 (25162944)|HEAP_ALLOCATE|[53]|Bytes:5
13:45:22.0 (25167737)|HEAP_ALLOCATE|[53]|Bytes:2
13:45:22.0 (25174733)|HEAP_ALLOCATE|[53]|Bytes:1
13:45:22.0 (25179714)|HEAP_ALLOCATE|[53]|Bytes:5
13:45:22.0 (25184131)|HEAP_ALLOCATE|[EXTERNAL]|Bytes:4
13:45:22.0 (25187443)|HEAP_ALLOCATE|[51]|Bytes:4
13:45:22.0 (25190151)|VARIABLE_ASSIGNMENT|[51]|j|30
13:45:22.0 (25191888)|STATEMENT_EXECUTE|[51]
13:45:22.0 (25193240)|STATEMENT_EXECUTE|[54]
13:45:22.0 (25194242)|STATEMENT_EXECUTE|[55]
13:45:22.0 (25199706)|HEAP_ALLOCATE|[55]|Bytes:2
13:45:22.0 (25207107)|HEAP_ALLOCATE|[55]|Bytes:2
13:45:22.0 (25212036)|HEAP_ALLOCATE|[55]|Bytes:5
13:45:22.0 (25216734)|HEAP_ALLOCATE|[55]|Bytes:2
13:45:22.0 (25223802)|HEAP_ALLOCATE|[55]|Bytes:2
13:45:22.0 (25228554)|HEAP_ALLOCATE|[55]|Bytes:5
13:45:22.0 (25232978)|HEAP_ALLOCATE|[EXTERNAL]|Bytes:4
13:45:22.0 (25236318)|HEAP_ALLOCATE|[51]|Bytes:4
13:45:22.0 (25238960)|VARIABLE_ASSIGNMENT|[51]|j|60
13:45:22.0 (25240823)|HEAP_ALLOCATE|[50]|Bytes:4
13:45:22.0 (25243437)|VARIABLE_ASSIGNMENT|[50]|i|17
13:45:22.0 (25245127)|STATEMENT_EXECUTE|[50]
13:45:22.0 (25246334)|STATEMENT_EXECUTE|[51]
13:45:22.0 (25247823)|VARIABLE_SCOPE_BEGIN|[51]|j|Integer|false|false
13:45:22.0 (25249260)|HEAP_ALLOCATE|[51]|Bytes:4
13:45:22.0 (25251503)|VARIABLE_ASSIGNMENT|[51]|j|0
13:45:22.0 (25253103)|STATEMENT_EXECUTE|[51]
13:45:22.0 (25254369)|STATEMENT_EXECUTE|[52]
13:45:22.0 (25255388)|STATEMENT_EXECUTE|[53]
13:45:22.0 (25261137)|HEAP_ALLOCATE|[53]|Bytes:2
13:45:22.0 (25268508)|HEAP_ALLOCATE|[53]|Bytes:1
13:45:22.0 (25273425)|HEAP_ALLOCATE|[53]|Bytes:5
13:45:22.0 (25278197)|HEAP_ALLOCATE|[53]|Bytes:2
13:45:22.0 (25285400)|HEAP_ALLOCATE|[53]|Bytes:1
13:45:22.0 (25290187)|HEAP_ALLOCATE|[53]|Bytes:5
13:45:22.0 (25294600)|HEAP_ALLOCATE|[EXTERNAL]|Bytes:4
13:45:22.0 (25297941)|HEAP_ALLOCATE|[51]|Bytes:4
13:45:22.0 (25300754)|VARIABLE_ASSIGNMENT|[51]|j|30
13:45:22.0 (25302488)|STATEMENT_EXECUTE|[51]
13:45:22.0 (25303829)|STATEMENT_EXECUTE|[54]
13:45:22.0 (25305167)|STATEMENT_EXECUTE|[55]
13:45:22.0 (25310759)|HEAP_ALLOCATE|[55]|Bytes:2
13:45:22.0 (25318147)|HEAP_ALLOCATE|[55]|Bytes:2
13:45:22.0 (25323033)|HEAP_ALLOCATE|[55]|Bytes:5
13:45:22.0 (25327747)|HEAP_ALLOCATE|[55]|Bytes:2
13:45:22.0 (25334901)|HEAP_ALLOCATE|[55]|Bytes:2
13:45:22.0 (25339767)|HEAP_ALLOCATE|[55]|Bytes:5
13:45:22.0 (25344071)|HEAP_ALLOCATE|[EXTERNAL]|Bytes:4
13:45:22.0 (25347228)|HEAP_ALLOCATE|[51]|Bytes:4
13:45:22.0 (25349915)|VARIABLE_ASSIGNMENT|[51]|j|60
13:45:22.0 (25351838)|HEAP_ALLOCATE|[50]|Bytes:4
13:45:22.0 (25354064)|VARIABLE_ASSIGNMENT|[50]|i|18
13:45:22.0 (25355700)|STATEMENT_EXECUTE|[50]
13:45:22.0 (25356982)|STATEMENT_EXECUTE|[51]
13:45:22.0 (25358469)|VARIABLE_SCOPE_BEGIN|[51]|j|Integer|false|false
13:45:22.0 (25359943)|HEAP_ALLOCATE|[51]|Bytes:4
13:45:22.0 (25362344)|VARIABLE_ASSIGNMENT|[51]|j|0
13:45:22.0 (25363847)|STATEMENT_EXECUTE|[51]
13:45:22.0 (25365135)|STATEMENT_EXECUTE|[52]
13:45:22.0 (25366152)|STATEMENT_EXECUTE|[53]
13:45:22.0 (25371714)|HEAP_ALLOCATE|[53]|Bytes:2
13:45:22.0 (25379513)|HEAP_ALLOCATE|[53]|Bytes:1
13:45:22.0 (25384336)|HEAP_ALLOCATE|[53]|Bytes:5
13:45:22.0 (25389354)|HEAP_ALLOCATE|[53]|Bytes:2
13:45:22.0 (25396370)|HEAP_ALLOCATE|[53]|Bytes:1
13:45:22.0 (25401070)|HEAP_ALLOCATE|[53]|Bytes:5
13:45:22.0 (25405694)|HEAP_ALLOCATE|[EXTERNAL]|Bytes:4
13:45:22.0 (25409106)|HEAP_ALLOCATE|[51]|Bytes:4
13:45:22.0 (25411964)|VARIABLE_ASSIGNMENT|[51]|j|30
13:45:22.0 (25413618)|STATEMENT_EXECUTE|[51]
13:45:22.0 (25414939)|STATEMENT_EXECUTE|[54]
13:45:22.0 (25415950)|STATEMENT_EXECUTE|[55]
13:45:22.0 (25421438)|HEAP_ALLOCATE|[55]|Bytes:2
13:45:22.0 (25428794)|HEAP_ALLOCATE|[55]|Bytes:2
13:45:22.0 (25433735)|HEAP_ALLOCATE|[55]|Bytes:5
13:45:22.0 (25438535)|HEAP_ALLOCATE|[55]|Bytes:2
13:45:22.0 (25445611)|HEAP_ALLOCATE|[55]|Bytes:2
13:45:22.0 (25450327)|HEAP_ALLOCATE|[55]|Bytes:5
13:45:22.0 (25454661)|HEAP_ALLOCATE|[EXTERNAL]|Bytes:4
13:45:22.0 (25457800)|HEAP_ALLOCATE|[51]|Bytes:4
13:45:22.0 (25460503)|VARIABLE_ASSIGNMENT|[51]|j|60
13:45:22.0 (25462627)|HEAP_ALLOCATE|[50]|Bytes:4
13:45:22.0 (25466885)|VARIABLE_ASSIGNMENT|[50]|i|19
13:45:22.0 (25468687)|STATEMENT_EXECUTE|[50]
13:45:22.0 (25469900)|STATEMENT_EXECUTE|[51]
13:45:22.0 (25471490)|VARIABLE_SCOPE_BEGIN|[51]|j|Integer|false|false
13:45:22.0 (25473044)|HEAP_ALLOCATE|[51]|Bytes:4
13:45:22.0 (25475279)|VARIABLE_ASSIGNMENT|[51]|j|0
13:45:22.0 (25476804)|STATEMENT_EXECUTE|[51]
13:45:22.0 (25478079)|STATEMENT_EXECUTE|[52]
13:45:22.0 (25479107)|STATEMENT_EXECUTE|[53]
13:45:22.0 (25485171)|HEAP_ALLOCATE|[53]|Bytes:2
13:45:22.0 (25492648)|HEAP_ALLOCATE|[53]|Bytes:1
13:45:22.0 (25497705)|HEAP_ALLOCATE|[53]|Bytes:5
13:45:22.0 (25502513)|HEAP_ALLOCATE|[53]|Bytes:2
13:45:22.0 (25509514)|HEAP_ALLOCATE|[53]|Bytes:1
13:45:22.0 (25514265)|HEAP_ALLOCATE|[53]|Bytes:5
13:45:22.0 (25518873)|HEAP_ALLOCATE|[EXTERNAL]|Bytes:4
13:45:22.0 (25522264)|HEAP_ALLOCATE|[51]|Bytes:4
13:45:22.0 (25524995)|VARIABLE_ASSIGNMENT|[51]|j|30
13:45:22.0 (25526734)|STATEMENT_EXECUTE|[51]
13:45:22.0 (25528097)|STATEMENT_EXECUTE|[54]
13:45:22.0 (25529102)|STATEMENT_EXECUTE|[55]
13:45:22.0 (25534837)|HEAP_ALLOCATE|[55]|Bytes:2
13:45:22.0 (25542263)|HEAP_ALLOCATE|[55]|Bytes:2
13:45:22.0 (25547337)|HEAP_ALLOCATE|[55]|Bytes:5
13:45:22.0 (25551994)|HEAP_ALLOCATE|[55]|Bytes:2
13:45:22.0 (25559238)|HEAP_ALLOCATE|[55]|Bytes:2
13:45:22.0 (25563984)|HEAP_ALLOCATE|[55]|Bytes:5
13:45:22.0 (25568490)|HEAP_ALLOCATE|[EXTERNAL]|Bytes:4
13:45:22.0 (25571717)|HEAP_ALLOCATE|[51]|Bytes:4
13:45:22.0 (25574376)|VARIABLE_ASSIGNMENT|[51]|j|60
13:45:22.0 (25576263)|HEAP_ALLOCATE|[50]|Bytes:4
13:45:22.0 (25578579)|VARIABLE_ASSIGNMENT|[50]|i|20
13:45:22.0 (25580291)|STATEMENT_EXECUTE|[50]
13:45:22.0 (25581466)|STATEMENT_EXECUTE|[51]
13:45:22.0 (25583846)|VARIABLE_SCOPE_BEGIN|[51]|j|Integer|false|false
13:45:22.0 (25586026)|HEAP_ALLOCATE|[51]|Bytes:4
13:45:22.0 (25588685)|VARIABLE_ASSIGNMENT|[51]|j|0
13:45:22.0 (25590241)|STATEMENT_EXECUTE|[51]
13:45:22.0 (25591539)|STATEMENT_EXECUTE|[52]
13:45:22.0 (25592591)|STATEMENT_EXECUTE|[53]
13:45:22.0 (25599009)|HEAP_ALLOCATE|[53]|Bytes:2
13:45:22.0 (25606932)|HEAP_ALLOCATE|[53]|Bytes:1
13:45:22.0 (25611816)|HEAP_ALLOCATE|[53]|Bytes:5
13:45:22.0 (25616700)|HEAP_ALLOCATE|[53]|Bytes:2
13:45:22.0 (25623879)|HEAP_ALLOCATE|[53]|Bytes:1
13:45:22.0 (25628714)|HEAP_ALLOCATE|[53]|Bytes:5
13:45:22.0 (25633482)|HEAP_ALLOCATE|[EXTERNAL]|Bytes:4
13:45:22.0 (25636993)|HEAP_ALLOCATE|[51]|Bytes:4
13:45:22.0 (25639808)|VARIABLE_ASSIGNMENT|[51]|j|30
13:45:22.0 (25641557)|STATEMENT_EXECUTE|[51]
13:45:22.0 (25642961)|STATEMENT_EXECUTE|[54]
13:45:22.0 (25643991)|STATEMENT_EXECUTE|[55]
13:45:22.0 (25649697)|HEAP_ALLOCATE|[55]|Bytes:2
13:45:22.0 (25657269)|HEAP_ALLOCATE|[55]|Bytes:2
13:45:22.0 (25662190)|HEAP_ALLOCATE|[55]|Bytes:5
13:45:22.0 (25670700)|HEAP_ALLOCATE|[55]|Bytes:2
13:45:22.0 (25678093)|HEAP_ALLOCATE|[55]|Bytes:2
13:45:22.0 (25682885)|HEAP_ALLOCATE|[55]|Bytes:5
13:45:22.0 (25687670)|HEAP_ALLOCATE|[EXTERNAL]|Bytes:4
13:45:22.0 (25690933)|HEAP_ALLOCATE|[51]|Bytes:4
13:45:22.0 (25693872)|VARIABLE_ASSIGNMENT|[51]|j|60
13:45:22.0 (25695921)|HEAP_ALLOCATE|[50]|Bytes:4
13:45:22.0 (25698394)|VARIABLE_ASSIGNMENT|[50]|i|21
13:45:22.0 (25700097)|STATEMENT_EXECUTE|[50]
13:45:22.0 (25701357)|STATEMENT_EXECUTE|[51]
13:45:22.0 (25702939)|VARIABLE_SCOPE_BEGIN|[51]|j|Integer|false|false
13:45:22.0 (25704435)|HEAP_ALLOCATE|[51]|Bytes:4
13:45:22.0 (25706771)|VARIABLE_ASSIGNMENT|[51]|j|0
13:45:22.0 (25708304)|STATEMENT_EXECUTE|[51]
13:45:22.0 (25709641)|STATEMENT_EXECUTE|[52]
13:45:22.0 (25710653)|STATEMENT_EXECUTE|[53]
13:45:22.0 (25716600)|HEAP_ALLOCATE|[53]|Bytes:2
13:45:22.0 (25724066)|HEAP_ALLOCATE|[53]|Bytes:1
13:45:22.0 (25729180)|HEAP_ALLOCATE|[53]|Bytes:5
13:45:22.0 (25733900)|HEAP_ALLOCATE|[53]|Bytes:2
13:45:22.0 (25740903)|HEAP_ALLOCATE|[53]|Bytes:1
13:45:22.0 (25745600)|HEAP_ALLOCATE|[53]|Bytes:5
13:45:22.0 (25750128)|HEAP_ALLOCATE|[EXTERNAL]|Bytes:4
13:45:22.0 (25753406)|HEAP_ALLOCATE|[51]|Bytes:4
13:45:22.0 (25756211)|VARIABLE_ASSIGNMENT|[51]|j|30
13:45:22.0 (25757997)|STATEMENT_EXECUTE|[51]
13:45:22.0 (25759448)|STATEMENT_EXECUTE|[54]
13:45:22.0 (25760455)|STATEMENT_EXECUTE|[55]
13:45:22.0 (25766316)|HEAP_ALLOCATE|[55]|Bytes:2
13:45:22.0 (25773822)|HEAP_ALLOCATE|[55]|Bytes:2
13:45:22.0 (25778728)|HEAP_ALLOCATE|[55]|Bytes:5
13:45:22.0 (25783515)|HEAP_ALLOCATE|[55]|Bytes:2
13:45:22.0 (25790551)|HEAP_ALLOCATE|[55]|Bytes:2
13:45:22.0 (25795324)|HEAP_ALLOCATE|[55]|Bytes:5
13:45:22.0 (25799838)|HEAP_ALLOCATE|[EXTERNAL]|Bytes:4
13:45:22.0 (25803103)|HEAP_ALLOCATE|[51]|Bytes:4
13:45:22.0 (25805760)|VARIABLE_ASSIGNMENT|[51]|j|60
13:45:22.0 (25807745)|HEAP_ALLOCATE|[50]|Bytes:4
13:45:22.0 (25810035)|VARIABLE_ASSIGNMENT|[50]|i|22
13:45:22.0 (25811865)|STATEMENT_EXECUTE|[50]
13:45:22.0 (25813085)|STATEMENT_EXECUTE|[51]
13:45:22.0 (25814613)|VARIABLE_SCOPE_BEGIN|[51]|j|Integer|false|false
13:45:22.0 (25815983)|HEAP_ALLOCATE|[51]|Bytes:4
13:45:22.0 (25818252)|VARIABLE_ASSIGNMENT|[51]|j|0
13:45:22.0 (25819803)|STATEMENT_EXECUTE|[51]
13:45:22.0 (25821081)|STATEMENT_EXECUTE|[52]
13:45:22.0 (25822081)|STATEMENT_EXECUTE|[53]
13:45:22.0 (25827829)|HEAP_ALLOCATE|[53]|Bytes:2
13:45:22.0 (25835403)|HEAP_ALLOCATE|[53]|Bytes:1
13:45:22.0 (25840713)|HEAP_ALLOCATE|[53]|Bytes:5
13:45:22.0 (25845472)|HEAP_ALLOCATE|[53]|Bytes:2
13:45:22.0 (25852522)|HEAP_ALLOCATE|[53]|Bytes:1
13:45:22.0 (25857260)|HEAP_ALLOCATE|[53]|Bytes:5
13:45:22.0 (25861721)|HEAP_ALLOCATE|[EXTERNAL]|Bytes:4
13:45:22.0 (25865227)|HEAP_ALLOCATE|[51]|Bytes:4
13:45:22.0 (25867975)|VARIABLE_ASSIGNMENT|[51]|j|30
13:45:22.0 (25869641)|STATEMENT_EXECUTE|[51]
13:45:22.0 (25870980)|STATEMENT_EXECUTE|[54]
13:45:22.0 (25871980)|STATEMENT_EXECUTE|[55]
13:45:22.0 (25877528)|HEAP_ALLOCATE|[55]|Bytes:2
13:45:22.0 (25885019)|HEAP_ALLOCATE|[55]|Bytes:2
13:45:22.0 (25889928)|HEAP_ALLOCATE|[55]|Bytes:5
13:45:22.0 (25894622)|HEAP_ALLOCATE|[55]|Bytes:2
13:45:22.0 (25901697)|HEAP_ALLOCATE|[55]|Bytes:2
13:45:22.0 (25906404)|HEAP_ALLOCATE|[55]|Bytes:5
13:45:22.0 (25910866)|HEAP_ALLOCATE|[EXTERNAL]|Bytes:4
13:45:22.0 (25914052)|HEAP_ALLOCATE|[51]|Bytes:4
13:45:22.0 (25917012)|VARIABLE_ASSIGNMENT|[51]|j|60
13:45:22.0 (25918851)|HEAP_ALLOCATE|[50]|Bytes:4
13:45:22.0 (25921341)|VARIABLE_ASSIGNMENT|[50]|i|23
13:45:22.0 (25923076)|STATEMENT_EXECUTE|[50]
13:45:22.0 (25924319)|STATEMENT_EXECUTE|[51]
13:45:22.0 (25925825)|VARIABLE_SCOPE_BEGIN|[51]|j|Integer|false|false
13:45:22.0 (25927244)|HEAP_ALLOCATE|[51]|Bytes:4
13:45:22.0 (25929461)|VARIABLE_ASSIGNMENT|[51]|j|0
13:45:22.0 (25930962)|STATEMENT_EXECUTE|[51]
13:45:22.0 (25932248)|STATEMENT_EXECUTE|[52]
13:45:22.0 (25933260)|STATEMENT_EXECUTE|[53]
13:45:22.0 (25938951)|HEAP_ALLOCATE|[53]|Bytes:2
13:45:22.0 (25946382)|HEAP_ALLOCATE|[53]|Bytes:1
13:45:22.0 (25951248)|HEAP_ALLOCATE|[53]|Bytes:5
13:45:22.0 (25956046)|HEAP_ALLOCATE|[53]|Bytes:2
13:45:22.0 (25963059)|HEAP_ALLOCATE|[53]|Bytes:1
13:45:22.0 (25967892)|HEAP_ALLOCATE|[53]|Bytes:5
13:45:22.0 (25972377)|HEAP_ALLOCATE|[EXTERNAL]|Bytes:4
13:45:22.0 (25975664)|HEAP_ALLOCATE|[51]|Bytes:4
13:45:22.0 (25978479)|VARIABLE_ASSIGNMENT|[51]|j|30
13:45:22.0 (25980081)|STATEMENT_EXECUTE|[51]
13:45:22.0 (25981413)|STATEMENT_EXECUTE|[54]
13:45:22.0 (25982441)|STATEMENT_EXECUTE|[55]
13:45:22.0 (25988113)|HEAP_ALLOCATE|[55]|Bytes:2
13:45:22.0 (25995599)|HEAP_ALLOCATE|[55]|Bytes:2
13:45:22.0 (26000486)|HEAP_ALLOCATE|[55]|Bytes:5
13:45:22.0 (26005589)|HEAP_ALLOCATE|[55]|Bytes:2
13:45:22.0 (26012671)|HEAP_ALLOCATE|[55]|Bytes:2
13:45:22.0 (26017707)|HEAP_ALLOCATE|[55]|Bytes:5
13:45:22.0 (26022302)|HEAP_ALLOCATE|[EXTERNAL]|Bytes:4
13:45:22.0 (26025403)|HEAP_ALLOCATE|[51]|Bytes:4
13:45:22.0 (26028138)|VARIABLE_ASSIGNMENT|[51]|j|60
13:45:22.0 (26030102)|HEAP_ALLOCATE|[50]|Bytes:4
13:45:22.0 (26032450)|VARIABLE_ASSIGNMENT|[50]|i|24
13:45:22.0 (26034365)|STATEMENT_EXECUTE|[59]
13:45:22.0 (26133649)|SYSTEM_MODE_ENTER|true
13:45:22.0 (26156573)|HEAP_ALLOCATE|[EXTERNAL]|Bytes:80
13:45:22.0 (26201787)|VARIABLE_ASSIGNMENT|[EXTERNAL]|this|{"delToHub":true,"delToProj":false,"detail":"0x745a200f","invoked":false,"rejected":false,"reserved":false,"selectedTime3":"8:00","sublocations1":"0x64887628","www":"0x2d7d11fa","wwwById":"0x4a43faf7"}|0x4fa50f85
13:45:22.0 (26208203)|STATEMENT_EXECUTE|[78]
13:45:22.0 (26211592)|STATEMENT_EXECUTE|[79]
13:45:22.0 (26212992)|STATEMENT_EXECUTE|[83]
13:45:22.29 (29574070)|SYSTEM_MODE_ENTER|true
13:45:22.29 (29620311)|HEAP_ALLOCATE|[EXTERNAL]|Bytes:8
13:45:22.29 (29625708)|VARIABLE_SCOPE_BEGIN|[88]|this|ApexPage.PageMessagesComponentController|true|false
13:45:22.29 (29642203)|VARIABLE_ASSIGNMENT|[88]|this|{}|0x4688e594
13:45:22.29 (29644695)|VARIABLE_SCOPE_BEGIN|[88]|escape|Boolean|false|false
13:45:22.29 (29647860)|VARIABLE_ASSIGNMENT|[88]|escape|null
13:45:22.0 (29948110)|SYSTEM_MODE_ENTER|true
13:45:22.0 (29971770)|HEAP_ALLOCATE|[EXTERNAL]|Bytes:4
13:45:22.0 (29975391)|HEAP_ALLOCATE|[EXTERNAL]|Bytes:80
13:45:22.0 (29983945)|VARIABLE_ASSIGNMENT|[EXTERNAL]|this.selectedTime3|"8:00"|0x4fa50f85
13:45:22.0 (30014453)|SYSTEM_MODE_ENTER|true
13:45:22.0 (30035458)|HEAP_ALLOCATE|[EXTERNAL]|Bytes:80
13:45:22.0 (30077987)|VARIABLE_ASSIGNMENT|[EXTERNAL]|this|{"delToHub":true,"delToProj":false,"detail":"0x745a200f","invoked":false,"rejected":false,"reserved":false,"selectedTime3":"8:00","sublocations1":"0x64887628","www":"0x2d7d11fa","wwwById":"0x4a43faf7"}|0x4fa50f85
13:45:22.0 (30084053)|STATEMENT_EXECUTE|[3]
13:45:22.0 (30086769)|STATEMENT_EXECUTE|[4]
13:45:22.0 (30088224)|STATEMENT_EXECUTE|[9]
13:45:22.0 (30396498)|SYSTEM_MODE_ENTER|true
13:45:22.0 (30417591)|HEAP_ALLOCATE|[EXTERNAL]|Bytes:80
13:45:22.0 (30457719)|VARIABLE_ASSIGNMENT|[EXTERNAL]|this|{"delToHub":true,"delToProj":false,"detail":"0x745a200f","invoked":false,"rejected":false,"reserved":false,"selectedTime3":"8:00","sublocations1":"0x64887628","www":"0x2d7d11fa","wwwById":"0x4a43faf7"}|0x4fa50f85
13:45:22.0 (30463280)|STATEMENT_EXECUTE|[204]
13:45:22.0 (30465699)|STATEMENT_EXECUTE|[205]
13:45:22.0 (30467036)|STATEMENT_EXECUTE|[208]
13:45:22.0 (30503389)|SYSTEM_MODE_ENTER|true
13:45:22.0 (30529861)|HEAP_ALLOCATE|[EXTERNAL]|Bytes:80
13:45:22.0 (30566822)|VARIABLE_ASSIGNMENT|[EXTERNAL]|this|{"delToHub":true,"delToProj":false,"detail":"0x745a200f","invoked":false,"rejected":false,"reserved":false,"selectedTime3":"8:00","sublocations1":"0x64887628","www":"0x2d7d11fa","wwwById":"0x4a43faf7"}|0x4fa50f85
13:45:22.0 (30572059)|STATEMENT_EXECUTE|[220]
13:45:22.0 (30574262)|STATEMENT_EXECUTE|[221]
13:45:22.0 (30575516)|STATEMENT_EXECUTE|[224]
13:45:22.0 (30612581)|SYSTEM_MODE_ENTER|true
13:45:22.0 (30628777)|HEAP_ALLOCATE|[EXTERNAL]|Bytes:80
13:45:22.0 (30661990)|VARIABLE_ASSIGNMENT|[EXTERNAL]|this|{"delToHub":true,"delToProj":false,"detail":"0x745a200f","invoked":false,"rejected":false,"reserved":false,"selectedTime3":"8:00","sublocations1":"0x64887628","www":"0x2d7d11fa","wwwById":"0x4a43faf7"}|0x4fa50f85
13:45:22.0 (30670362)|STATEMENT_EXECUTE|[212]
13:45:22.0 (30672365)|STATEMENT_EXECUTE|[213]
13:45:22.0 (30673491)|STATEMENT_EXECUTE|[216]
13:45:22.0 (30706950)|SYSTEM_MODE_ENTER|true
13:45:22.0 (30722066)|HEAP_ALLOCATE|[EXTERNAL]|Bytes:80
13:45:22.0 (30754254)|VARIABLE_ASSIGNMENT|[EXTERNAL]|this|{"delToHub":true,"delToProj":false,"detail":"0x745a200f","invoked":false,"rejected":false,"reserved":false,"selectedTime3":"8:00","sublocations1":"0x64887628","www":"0x2d7d11fa","wwwById":"0x4a43faf7"}|0x4fa50f85
13:45:22.0 (30759015)|STATEMENT_EXECUTE|[21]
13:45:22.0 (30761384)|STATEMENT_EXECUTE|[22]
13:45:22.0 (30762735)|STATEMENT_EXECUTE|[26]
13:45:22.0 (31378576)|HEAP_ALLOCATE|[EXTERNAL]|Bytes:80
13:45:22.0 (31385934)|VARIABLE_SCOPE_BEGIN|[294]|this|NewDeliveredExtension|true|false
13:45:22.0 (31425521)|VARIABLE_ASSIGNMENT|[294]|this|{"delToHub":true,"delToProj":false,"detail":"0x745a200f","invoked":false,"rejected":false,"reserved":false,"selectedTime3":"8:00","sublocations1":"0x64887628","www":"0x2d7d11fa","wwwById":"0x4a43faf7"}|0x4fa50f85
13:45:22.0 (31432086)|STATEMENT_EXECUTE|[294]
13:45:22.0 (31433650)|STATEMENT_EXECUTE|[295]
13:45:22.0 (31490642)|VARIABLE_ASSIGNMENT|[EXTERNAL]|this|{"delToHub":true,"delToProj":false,"detail":"0x745a200f","invoked":false,"rejected":false,"reserved":false,"selectedTime3":"8:00","sublocations1":"0x64887628","www":"0x2d7d11fa","wwwById":"0x4a43faf7"}|0x4fa50f85
13:45:22.0 (31494522)|STATEMENT_EXECUTE|[3]
13:45:22.0 (31497063)|STATEMENT_EXECUTE|[4]
13:45:22.0 (31498380)|STATEMENT_EXECUTE|[9]
13:45:22.0 (31561037)|VARIABLE_ASSIGNMENT|[295]|this.Location__c|null|0x745a200f
13:45:22.0 (31564023)|STATEMENT_EXECUTE|[296]
13:45:22.0 (31567937)|HEAP_ALLOCATE|[296]|Bytes:7
13:45:22.0 (31619637)|VARIABLE_ASSIGNMENT|[EXTERNAL]|this|{"delToHub":true,"delToProj":false,"detail":"0x745a200f","invoked":false,"rejected":false,"reserved":false,"selectedTime3":"8:00","sublocations1":"0x64887628","www":"0x2d7d11fa","wwwById":"0x4a43faf7"}|0x4fa50f85
13:45:22.0 (31623771)|STATEMENT_EXECUTE|[21]
13:45:22.0 (31626067)|STATEMENT_EXECUTE|[22]
13:45:22.0 (31627324)|STATEMENT_EXECUTE|[26]
13:45:22.0 (31680462)|HEAP_ALLOCATE|[296]|Bytes:38
13:45:22.0 (31696487)|HEAP_ALLOCATE|[296]|Bytes:45
13:45:22.0 (31718286)|USER_DEBUG|[296]|DEBUG|set wwwWWW__c:{Project__c=a0q0E0000008S3bQAE}
13:45:22.0 (31723663)|STATEMENT_EXECUTE|[297]
13:45:22.0 (31769089)|VARIABLE_ASSIGNMENT|[EXTERNAL]|this|{"delToHub":true,"delToProj":false,"detail":"0x745a200f","invoked":false,"rejected":false,"reserved":false,"selectedTime3":"8:00","sublocations1":"0x64887628","www":"0x2d7d11fa","wwwById":"0x4a43faf7"}|0x4fa50f85
13:45:22.0 (31773371)|STATEMENT_EXECUTE|[3]
13:45:22.0 (31775272)|STATEMENT_EXECUTE|[4]
13:45:22.0 (31776458)|STATEMENT_EXECUTE|[9]
13:45:22.0 (31903630)|VARIABLE_ASSIGNMENT|[EXTERNAL]|this|{"delToHub":true,"delToProj":false,"detail":"0x745a200f","invoked":false,"rejected":false,"reserved":false,"selectedTime3":"8:00","sublocations1":"0x64887628","www":"0x2d7d11fa","wwwById":"0x4a43faf7"}|0x4fa50f85
13:45:22.0 (31919695)|VARIABLE_ASSIGNMENT|[EXTERNAL]|value|{"Id":"a0t0E0000004UTyQAM","Project__c":"a0q0E0000008S3WQAU","Item__c":"a0A0E0000001PiqUAE","Hub_Building_Site__c":"a020E000000zFeUQAU","Actueel_aantal_palle (12 more) ...":0,"Name":"WWW-13537"}|0xa8e1a91
13:45:22.0 (31940118)|VARIABLE_ASSIGNMENT|[20]|this.www|{"Id":"a0t0E0000004UTyQAM","Project__c":"a0q0E0000008S3WQAU","Item__c":"a0A0E0000001PiqUAE","Hub_Building_Site__c":"a020E000000zFeUQAU","Actueel_aantal_palle (12 more) ...":0,"Name":"WWW-13537"}|0x4fa50f85
13:45:22.0 (31946771)|STATEMENT_EXECUTE|[298]
13:45:22.0 (31988168)|VARIABLE_ASSIGNMENT|[EXTERNAL]|this|{"delToHub":true,"delToProj":false,"detail":"0x745a200f","invoked":false,"rejected":false,"reserved":false,"selectedTime3":"8:00","sublocations1":"0x64887628","www":"0xa8e1a91","wwwById":"0x4a43faf7"}|0x4fa50f85
13:45:22.0 (31991851)|STATEMENT_EXECUTE|[21]
13:45:22.0 (31993654)|STATEMENT_EXECUTE|[22]
13:45:22.0 (31994810)|STATEMENT_EXECUTE|[26]
13:45:22.0 (32073320)|HEAP_ALLOCATE|[298]|Bytes:182
13:45:22.0 (32087634)|HEAP_ALLOCATE|[298]|Bytes:189
13:45:22.0 (32096991)|USER_DEBUG|[298]|DEBUG|set wwwWWW__c:{Id=a0t0E0000004UTyQAM, Project__c=a0q0E0000008S3WQAU, Item__c=a0A0E0000001PiqUAE, Hub_Building_Site__c=a020E000000zFeUQAU, Actueel_aantal_palletplaatsen__c=0, Name=WWW-13537}
13:45:22.42 (42625067)|SYSTEM_MODE_ENTER|true
13:45:22.42 (42674635)|HEAP_ALLOCATE|[EXTERNAL]|Bytes:8
13:45:22.42 (42680272)|VARIABLE_SCOPE_BEGIN|[88]|this|ApexPage.PageMessagesComponentController|true|false
13:45:22.42 (42696691)|VARIABLE_ASSIGNMENT|[88]|this|{}|0x4688e594
13:45:22.42 (42699179)|VARIABLE_SCOPE_BEGIN|[88]|escape|Boolean|false|false
13:45:22.42 (42702267)|VARIABLE_ASSIGNMENT|[88]|escape|null
13:45:22.42 (42777040)|SYSTEM_MODE_ENTER|true
13:45:22.42 (42801650)|HEAP_ALLOCATE|[EXTERNAL]|Bytes:8
13:45:22.42 (42806028)|VARIABLE_SCOPE_BEGIN|[2]|this|ApexPage.PageMessagesComponentController|true|false
13:45:22.42 (42818480)|VARIABLE_ASSIGNMENT|[2]|this|{}|0x4688e594
13:45:22.0 (43067889)|SYSTEM_MODE_ENTER|true
13:45:22.0 (43090632)|HEAP_ALLOCATE|[EXTERNAL]|Bytes:80
13:45:22.0 (43135218)|VARIABLE_ASSIGNMENT|[EXTERNAL]|this|{"delToHub":true,"delToProj":false,"detail":"0x745a200f","invoked":false,"rejected":false,"reserved":false,"selectedTime3":"8:00","sublocations1":"0x64887628","www":"0xa8e1a91","wwwById":"0x4a43faf7"}|0x4fa50f85
13:45:22.0 (43140871)|STATEMENT_EXECUTE|[196]
13:45:22.0 (43143475)|STATEMENT_EXECUTE|[197]
13:45:22.0 (43144805)|STATEMENT_EXECUTE|[200]
13:45:22.0 (43186609)|SYSTEM_MODE_ENTER|true
13:45:22.0 (43203940)|HEAP_ALLOCATE|[EXTERNAL]|Bytes:80
13:45:22.0 (43241071)|VARIABLE_ASSIGNMENT|[EXTERNAL]|this|{"delToHub":true,"delToProj":false,"detail":"0x745a200f","invoked":false,"rejected":false,"reserved":false,"selectedTime3":"8:00","sublocations1":"0x64887628","www":"0xa8e1a91","wwwById":"0x4a43faf7"}|0x4fa50f85
13:45:22.0 (43245410)|STATEMENT_EXECUTE|[229]
13:45:22.0 (43247497)|STATEMENT_EXECUTE|[230]
13:45:22.0 (43248628)|STATEMENT_EXECUTE|[233]
13:45:22.0 (43300087)|SYSTEM_MODE_ENTER|true
13:45:22.0 (43316498)|HEAP_ALLOCATE|[EXTERNAL]|Bytes:80
13:45:22.0 (43351584)|VARIABLE_ASSIGNMENT|[EXTERNAL]|this|{"delToHub":true,"delToProj":false,"detail":"0x745a200f","invoked":false,"rejected":false,"reserved":false,"selectedTime3":"8:00","sublocations1":"0x64887628","www":"0xa8e1a91","wwwById":"0x4a43faf7"}|0x4fa50f85
13:45:22.0 (43356078)|STATEMENT_EXECUTE|[3]
13:45:22.0 (43358153)|STATEMENT_EXECUTE|[4]
13:45:22.0 (43359406)|STATEMENT_EXECUTE|[9]
13:45:22.0 (45550167)|SYSTEM_MODE_ENTER|true
13:45:22.0 (45576502)|HEAP_ALLOCATE|[EXTERNAL]|Bytes:80
13:45:22.0 (45622567)|VARIABLE_ASSIGNMENT|[EXTERNAL]|this|{"delToHub":true,"delToProj":false,"detail":"0x745a200f","invoked":false,"rejected":false,"reserved":false,"selectedTime3":"8:00","sublocations1":"0x64887628","www":"0xa8e1a91","wwwById":"0x4a43faf7"}|0x4fa50f85
13:45:22.0 (45629471)|STATEMENT_EXECUTE|[186]
13:45:22.0 (45632186)|STATEMENT_EXECUTE|[187]
13:45:22.0 (45633418)|STATEMENT_EXECUTE|[190]
13:45:22.0 (46029338)|SYSTEM_MODE_ENTER|true
13:45:22.0 (46052916)|HEAP_ALLOCATE|[EXTERNAL]|Bytes:80
13:45:22.0 (46096535)|VARIABLE_ASSIGNMENT|[EXTERNAL]|this|{"delToHub":true,"delToProj":false,"detail":"0x745a200f","invoked":false,"rejected":false,"reserved":false,"selectedTime3":"8:00","sublocations1":"0x64887628","www":"0xa8e1a91","wwwById":"0x4a43faf7"}|0x4fa50f85
13:45:22.0 (46102478)|STATEMENT_EXECUTE|[204]
13:45:22.0 (46104970)|STATEMENT_EXECUTE|[205]
13:45:22.0 (46106215)|STATEMENT_EXECUTE|[208]
13:45:22.0 (46147531)|SYSTEM_MODE_ENTER|true
13:45:22.0 (46165199)|HEAP_ALLOCATE|[EXTERNAL]|Bytes:80
13:45:22.0 (46201659)|VARIABLE_ASSIGNMENT|[EXTERNAL]|this|{"delToHub":true,"delToProj":false,"detail":"0x745a200f","invoked":false,"rejected":false,"reserved":false,"selectedTime3":"8:00","sublocations1":"0x64887628","www":"0xa8e1a91","wwwById":"0x4a43faf7"}|0x4fa50f85
13:45:22.0 (46206414)|STATEMENT_EXECUTE|[220]
13:45:22.0 (46208369)|STATEMENT_EXECUTE|[221]
13:45:22.0 (46209479)|STATEMENT_EXECUTE|[224]
13:45:22.0 (46243028)|SYSTEM_MODE_ENTER|true
13:45:22.0 (46258073)|HEAP_ALLOCATE|[EXTERNAL]|Bytes:80
13:45:22.0 (46291453)|VARIABLE_ASSIGNMENT|[EXTERNAL]|this|{"delToHub":true,"delToProj":false,"detail":"0x745a200f","invoked":false,"rejected":false,"reserved":false,"selectedTime3":"8:00","sublocations1":"0x64887628","www":"0xa8e1a91","wwwById":"0x4a43faf7"}|0x4fa50f85
13:45:22.0 (46295502)|STATEMENT_EXECUTE|[212]
13:45:22.0 (46297358)|STATEMENT_EXECUTE|[213]
13:45:22.0 (46298527)|STATEMENT_EXECUTE|[216]
13:45:22.0 (46349932)|SYSTEM_MODE_ENTER|true
13:45:22.0 (46366778)|HEAP_ALLOCATE|[EXTERNAL]|Bytes:80
13:45:22.0 (46400057)|VARIABLE_ASSIGNMENT|[EXTERNAL]|this|{"delToHub":true,"delToProj":false,"detail":"0x745a200f","invoked":false,"rejected":false,"reserved":false,"selectedTime3":"8:00","sublocations1":"0x64887628","www":"0xa8e1a91","wwwById":"0x4a43faf7"}|0x4fa50f85
13:45:22.0 (46404055)|STATEMENT_EXECUTE|[21]
13:45:22.0 (46406084)|STATEMENT_EXECUTE|[22]
13:45:22.0 (46407328)|STATEMENT_EXECUTE|[26]
13:45:22.0 (57297797)|VF_SERIALIZE_VIEWSTATE_BEGIN|06624000003h0Dg
13:45:22.0 (61078145)|VF_SERIALIZE_VIEWSTATE_END
13:45:22.63 (63281402)|CUMULATIVE_LIMIT_USAGE
13:45:22.63 (63281402)|LIMIT_USAGE_FOR_NS|(default)|
  Number of SOQL queries: 0 out of 100
  Number of query rows: 0 out of 50000
  Number of SOSL queries: 0 out of 20
  Number of DML statements: 0 out of 150
  Number of DML rows: 0 out of 10000
  Maximum CPU time: 0 out of 10000
  Maximum heap size: 0 out of 6000000
  Number of callouts: 0 out of 100
  Number of Email Invocations: 0 out of 10
  Number of future calls: 0 out of 50
  Number of queueable jobs added to the queue: 0 out of 50
  Number of Mobile Apex push calls: 0 out of 10

13:45:22.63 (63281402)|CUMULATIVE_LIMIT_USAGE_END

13:45:22.0 (63313173)|CODE_UNIT_FINISHED|VF: /apex/New_delivered_detail
13:45:22.0 (64057938)|EXECUTION_FINISHED
