38.0 APEX_CODE,FINEST;APEX_PROFILING,INFO;CALLOUT,INFO;DB,INFO;SYSTEM,DEBUG;VALIDATION,INFO;VISUALFORCE,INFO;WAVE,INFO;WORKFLOW,INFO
12:13:24.0 (498469)|USER_INFO|[EXTERNAL]|00524000001e3Uj|bedrijfsbureau@gsa.nl.sandbox|Midden-Europese standaardtijd|GMT+01:00
12:13:24.0 (527630)|EXECUTION_STARTED
12:13:24.0 (531482)|CODE_UNIT_STARTED|[EXTERNAL]|06624000003h0Dg|VF: /apex/New_delivered_detail
12:13:24.0 (11306230)|SYSTEM_MODE_ENTER|true
12:13:24.0 (11594703)|HEAP_ALLOCATE|[72]|Bytes:3
12:13:24.0 (11634630)|HEAP_ALLOCATE|[77]|Bytes:152
12:13:24.0 (11649856)|HEAP_ALLOCATE|[342]|Bytes:408
12:13:24.0 (11663211)|HEAP_ALLOCATE|[355]|Bytes:408
12:13:24.0 (11676102)|HEAP_ALLOCATE|[467]|Bytes:48
12:13:24.0 (11703269)|HEAP_ALLOCATE|[139]|Bytes:6
12:13:24.0 (11768369)|HEAP_ALLOCATE|[EXTERNAL]|Bytes:11
12:13:24.0 (11772938)|HEAP_ALLOCATE|[EXTERNAL]|Bytes:408
12:13:24.0 (11775555)|HEAP_ALLOCATE|[EXTERNAL]|Bytes:120
12:13:24.0 (11778265)|HEAP_ALLOCATE|[EXTERNAL]|Bytes:108
12:13:24.0 (11786865)|METHOD_ENTRY|[1]|01p2400000DUtXT|NewDeliveredExtension.NewDeliveredExtension()
12:13:24.0 (11790871)|STATEMENT_EXECUTE|[1]
12:13:24.0 (11796239)|STATEMENT_EXECUTE|[1]
12:13:24.0 (11797647)|STATEMENT_EXECUTE|[527]
12:13:24.0 (11802147)|METHOD_EXIT|[1]|NewDeliveredExtension
12:13:24.0 (11808636)|HEAP_ALLOCATE|[EXTERNAL]|Bytes:80
12:13:24.0 (11823255)|VARIABLE_SCOPE_BEGIN|[163]|this|NewDeliveredExtension|true|false
12:13:24.0 (11884741)|VARIABLE_ASSIGNMENT|[163]|this|{}|0x76e6bc53
12:13:24.0 (11887886)|VARIABLE_SCOPE_BEGIN|[163]|controller|ApexPages.StandardController|true|false
12:13:24.0 (12057403)|VARIABLE_ASSIGNMENT|[163]|controller|"StandardController [null]"|0x2533eb53
12:13:24.0 (12066585)|STATEMENT_EXECUTE|[1]
12:13:24.0 (12068409)|STATEMENT_EXECUTE|[2]
12:13:24.0 (12070429)|STATEMENT_EXECUTE|[20]
12:13:24.0 (12071766)|STATEMENT_EXECUTE|[61]
12:13:24.0 (12072815)|STATEMENT_EXECUTE|[69]
12:13:24.0 (12073840)|STATEMENT_EXECUTE|[77]
12:13:24.0 (12074874)|STATEMENT_EXECUTE|[85]
12:13:24.0 (12075909)|STATEMENT_EXECUTE|[93]
12:13:24.0 (12076947)|STATEMENT_EXECUTE|[101]
12:13:24.0 (12078120)|STATEMENT_EXECUTE|[123]
12:13:24.0 (12184908)|HEAP_ALLOCATE|[123]|Bytes:4
12:13:24.0 (12191031)|HEAP_ALLOCATE|[123]|Bytes:258
12:13:24.0 (12195237)|HEAP_ALLOCATE|[123]|Bytes:4
12:13:24.0 (12238170)|HEAP_ALLOCATE|[50]|Bytes:5
12:13:24.0 (12259596)|HEAP_ALLOCATE|[56]|Bytes:5
12:13:24.0 (12265054)|HEAP_ALLOCATE|[64]|Bytes:7
12:13:24.0 (12845790)|SOQL_EXECUTE_BEGIN|[123]|Aggregations:0|SELECT Id, Project__c, Item__c, Actueel_aantal_palletplaatsenworkflow__c, Ticket_Number_ILIPS__c, Filecardnumber__c, Projectmember__c, Hub_Building_Site__c, Actueel_aantal_palletplaatsen__c, Supplier__c, Name FROM WWW__c ORDER BY CreatedDate DESC NULLS FIRST
12:13:24.0 (20723753)|SOQL_EXECUTE_END|[123]|Rows:4
12:13:24.0 (20739485)|HEAP_ALLOCATE|[123]|Bytes:20
12:13:24.0 (20767794)|HEAP_ALLOCATE|[123]|Bytes:884
12:13:24.0 (20837659)|HEAP_ALLOCATE|[123]|Bytes:20
12:13:24.0 (20903938)|HEAP_ALLOCATE|[123]|Bytes:28
12:13:24.0 (20912803)|HEAP_ALLOCATE|[123]|Bytes:4
12:13:24.0 (20920296)|HEAP_ALLOCATE|[123]|Bytes:28
12:13:24.0 (20923237)|HEAP_ALLOCATE|[123]|Bytes:4
12:13:24.0 (20927596)|HEAP_ALLOCATE|[123]|Bytes:28
12:13:24.0 (20930427)|HEAP_ALLOCATE|[123]|Bytes:4
12:13:24.0 (20934770)|HEAP_ALLOCATE|[123]|Bytes:28
12:13:24.0 (20937489)|HEAP_ALLOCATE|[123]|Bytes:4
12:13:24.0 (20985367)|VARIABLE_ASSIGNMENT|[123]|this.wwwById|{"a0t0E0000004ULmQAM":{"Id":"a0t0E0000004ULmQAM","Project__c":"a0q0E0000008S3WQAU","Item__c":"a0A0E0000001PiqUAE","Hub_Building_Site__c":"a020E000000zFeUQAU","Actueel_aantal_palle (12 more) ...":0,"Name":"WWW-13531"},"a0t0E0000004NFcQAM":{"Id":"a0t0E0000004NFcQAM","Project__c":"a0q0E0000008S3bQAE","Item__c":"a0A0E0000001Pj0UAE","Hub_Building_Site__c":"a020E000000zEM2QAM","Actueel_aantal_palle (12 more) ...":0,"Name":"WWW-13490"},"a0t0E0000004NFXQA2":{"Id":"a0t0E0000004NFXQA2","Project__c":"a0q0E0000008S3WQAU","Item__c":"a0A0E0000001PiqUAE","Hub_Building_Site__c":"a020E000000zEM2QAM","Actueel_aantal_palle (12 more) ...":0,"Name":"WWW-13489"},"a0t0E0000004NFNQA2":{"Id":"a0t0E0000004NFNQA2","Project__c":"a0q0E0000008S3WQAU","Item__c":"a0A0E0000001PilUAE","Hub_Building_Site__c":"a020E000000zEM2QAM","Actueel_aantal_palle (12 more) ...":0,"Name":"WWW-13487"}}|0x76e6bc53
12:13:24.0 (20994638)|STATEMENT_EXECUTE|[155]
12:13:24.0 (20996335)|STATEMENT_EXECUTE|[156]
12:13:24.0 (20997416)|STATEMENT_EXECUTE|[184]
12:13:24.0 (20998493)|STATEMENT_EXECUTE|[185]
12:13:24.0 (20999553)|STATEMENT_EXECUTE|[195]
12:13:24.0 (21000642)|STATEMENT_EXECUTE|[203]
12:13:24.0 (21002363)|STATEMENT_EXECUTE|[211]
12:13:24.0 (21003453)|STATEMENT_EXECUTE|[219]
12:13:24.0 (21004611)|STATEMENT_EXECUTE|[228]
12:13:24.0 (21005697)|STATEMENT_EXECUTE|[236]
12:13:24.0 (21013420)|HEAP_ALLOCATE|[123]|Bytes:6
12:13:24.0 (21035400)|STATEMENT_EXECUTE|[163]
12:13:24.0 (21036803)|STATEMENT_EXECUTE|[164]
12:13:24.0 (21079903)|HEAP_ALLOCATE|[164]|Bytes:58
12:13:24.0 (21131480)|HEAP_ALLOCATE|[164]|Bytes:28
12:13:24.0 (21145076)|HEAP_ALLOCATE|[164]|Bytes:10
12:13:24.0 (21174915)|HEAP_ALLOCATE|[164]|Bytes:4
12:13:24.0 (21227212)|VARIABLE_ASSIGNMENT|[EXTERNAL]|this|{"wwwById":"0x18d79165"}|0x76e6bc53
12:13:24.0 (21231748)|STATEMENT_EXECUTE|[3]
12:13:24.0 (21236137)|STATEMENT_EXECUTE|[4]
12:13:24.0 (21237377)|STATEMENT_EXECUTE|[5]
12:13:24.0 (21269097)|HEAP_ALLOCATE|[5]|Bytes:4
12:13:24.0 (21368348)|VARIABLE_ASSIGNMENT|[5]|this.detail|{}|0x76e6bc53
12:13:24.0 (21371179)|STATEMENT_EXECUTE|[6]
12:13:24.0 (21421268)|VARIABLE_ASSIGNMENT|[EXTERNAL]|this|{"detail":"0x56c3967a","wwwById":"0x18d79165"}|0x76e6bc53
12:13:24.0 (21424685)|STATEMENT_EXECUTE|[21]
12:13:24.0 (21427170)|STATEMENT_EXECUTE|[22]
12:13:24.0 (21428256)|STATEMENT_EXECUTE|[23]
12:13:24.0 (21437819)|HEAP_ALLOCATE|[23]|Bytes:4
12:13:24.0 (21482804)|VARIABLE_ASSIGNMENT|[23]|this.www|{}|0x76e6bc53
12:13:24.0 (21486194)|STATEMENT_EXECUTE|[26]
12:13:24.0 (21711273)|VARIABLE_ASSIGNMENT|[6]|this.WWW__c|null|0x56c3967a
12:13:24.0 (21714514)|STATEMENT_EXECUTE|[7]
12:13:24.0 (21766819)|VARIABLE_ASSIGNMENT|[EXTERNAL]|this|{"detail":"0x56c3967a","www":"0x255aff85","wwwById":"0x18d79165"}|0x76e6bc53
12:13:24.0 (21817473)|VARIABLE_ASSIGNMENT|[7]|this.Project__c|null|0x56c3967a
12:13:24.0 (21820711)|STATEMENT_EXECUTE|[9]
12:13:24.0 (21896107)|VARIABLE_ASSIGNMENT|[164]|this.RecordTypeId|"01224000000Sn4MAAS"|0x56c3967a
12:13:24.0 (21899498)|STATEMENT_EXECUTE|[165]
12:13:24.0 (21943202)|VARIABLE_ASSIGNMENT|[EXTERNAL]|this|{"detail":"0x56c3967a","www":"0x255aff85","wwwById":"0x18d79165"}|0x76e6bc53
12:13:24.0 (21946522)|STATEMENT_EXECUTE|[3]
12:13:24.0 (21948441)|STATEMENT_EXECUTE|[4]
12:13:24.0 (21949462)|STATEMENT_EXECUTE|[9]
12:13:24.0 (21992963)|USER_DEBUG|[165]|DEBUG|01224000000Sn4MAAS
12:13:24.0 (21998107)|STATEMENT_EXECUTE|[166]
12:13:24.0 (22040955)|HEAP_ALLOCATE|[166]|Bytes:4
12:13:24.0 (22047043)|HEAP_ALLOCATE|[166]|Bytes:82
12:13:24.0 (22049757)|HEAP_ALLOCATE|[166]|Bytes:4
12:13:24.0 (22243824)|SOQL_EXECUTE_BEGIN|[166]|Aggregations:0|SELECT Id, Name, DeveloperName FROM RecordType WHERE sobjectType = 'WWW_detail__c'
12:13:24.0 (32953401)|SOQL_EXECUTE_END|[166]|Rows:5
12:13:24.0 (32967106)|HEAP_ALLOCATE|[166]|Bytes:24
12:13:24.0 (32985404)|HEAP_ALLOCATE|[166]|Bytes:371
12:13:24.0 (33021501)|HEAP_ALLOCATE|[166]|Bytes:24
12:13:24.0 (33061627)|HEAP_ALLOCATE|[166]|Bytes:16
12:13:24.0 (33068418)|HEAP_ALLOCATE|[166]|Bytes:4
12:13:24.0 (33073864)|HEAP_ALLOCATE|[166]|Bytes:16
12:13:24.0 (33076842)|HEAP_ALLOCATE|[166]|Bytes:4
12:13:24.0 (33080569)|HEAP_ALLOCATE|[166]|Bytes:16
12:13:24.0 (33083407)|HEAP_ALLOCATE|[166]|Bytes:4
12:13:24.0 (33086865)|HEAP_ALLOCATE|[166]|Bytes:16
12:13:24.0 (33089597)|HEAP_ALLOCATE|[166]|Bytes:4
12:13:24.0 (33092997)|HEAP_ALLOCATE|[166]|Bytes:16
12:13:24.0 (33095713)|HEAP_ALLOCATE|[166]|Bytes:4
12:13:24.0 (33103143)|VARIABLE_SCOPE_BEGIN|[166]|recByNames|Map<Id,RecordType>|true|false
12:13:24.0 (33133412)|VARIABLE_ASSIGNMENT|[166]|recByNames|{"01224000000Sn4NAAS":{"Id":"01224000000Sn4NAAS","Name":"Afleveren","DeveloperName":"Delivered_2_Project"},"01224000000Sn4OAAS":{"Id":"01224000000Sn4OAAS","Name":"Afroepen","DeveloperName":"Invoked"},"01224000000Sn4PAAS":{"Id":"01224000000Sn4PAAS","Name":"Afwijzen","DeveloperName":"Rejected"},"01224000000Sn4MAAS":{"Id":"01224000000Sn4MAAS","Name":"Ontvangen","DeveloperName":"Delivered_2_Hub"},"01224000000Sn4QAAS":{"Id":"01224000000Sn4QAAS","Name":"Verwachten","DeveloperName":"Reserved"}}|0x688c9acb
12:13:24.0 (33189535)|VARIABLE_ASSIGNMENT|[EXTERNAL]|this|{"detail":"0x56c3967a","www":"0x255aff85","wwwById":"0x18d79165"}|0x76e6bc53
12:13:24.0 (33193778)|STATEMENT_EXECUTE|[3]
12:13:24.0 (33196292)|STATEMENT_EXECUTE|[4]
12:13:24.0 (33197507)|STATEMENT_EXECUTE|[9]
12:13:24.0 (33213763)|STATEMENT_EXECUTE|[168]
12:13:24.0 (33251296)|VARIABLE_ASSIGNMENT|[EXTERNAL]|this|{"detail":"0x56c3967a","www":"0x255aff85","wwwById":"0x18d79165"}|0x76e6bc53
12:13:24.0 (33254170)|STATEMENT_EXECUTE|[3]
12:13:24.0 (33255755)|STATEMENT_EXECUTE|[4]
12:13:24.0 (33256750)|STATEMENT_EXECUTE|[9]
12:13:24.0 (33300524)|HEAP_ALLOCATE|[169]|Bytes:7
12:13:24.0 (33358475)|VARIABLE_ASSIGNMENT|[EXTERNAL]|this|{"detail":"0x56c3967a","www":"0x255aff85","wwwById":"0x18d79165"}|0x76e6bc53
12:13:24.0 (33361805)|STATEMENT_EXECUTE|[3]
12:13:24.0 (33363354)|STATEMENT_EXECUTE|[4]
12:13:24.0 (33364446)|STATEMENT_EXECUTE|[9]
12:13:24.0 (33384736)|HEAP_ALLOCATE|[171]|Bytes:8
12:13:24.0 (33425919)|VARIABLE_ASSIGNMENT|[EXTERNAL]|this|{"detail":"0x56c3967a","www":"0x255aff85","wwwById":"0x18d79165"}|0x76e6bc53
12:13:24.0 (33428812)|STATEMENT_EXECUTE|[3]
12:13:24.0 (33430410)|STATEMENT_EXECUTE|[4]
12:13:24.0 (33431465)|STATEMENT_EXECUTE|[9]
12:13:24.0 (33447924)|HEAP_ALLOCATE|[173]|Bytes:15
12:13:24.0 (33464544)|STATEMENT_EXECUTE|[173]
12:13:24.0 (33466459)|STATEMENT_EXECUTE|[174]
12:13:24.0 (33539163)|VARIABLE_ASSIGNMENT|[EXTERNAL]|this|{"detail":"0x56c3967a","www":"0x255aff85","wwwById":"0x18d79165"}|0x76e6bc53
12:13:24.0 (33554223)|VARIABLE_ASSIGNMENT|[EXTERNAL]|value|true
12:13:24.0 (33558974)|HEAP_ALLOCATE|[228]|Bytes:5
12:13:24.0 (33566040)|VARIABLE_ASSIGNMENT|[228]|this.delToHub|true|0x76e6bc53
12:13:24.0 (33572499)|STATEMENT_EXECUTE|[181]
12:13:24.0 (33586918)|METHOD_ENTRY|[181]|01p2400000DUtXT|NewDeliveredExtension.getProjects()
12:13:24.0 (33597446)|VARIABLE_SCOPE_BEGIN|[139]|this|NewDeliveredExtension|true|false
12:13:24.0 (33624682)|VARIABLE_ASSIGNMENT|[139]|this|{"delToHub":true,"detail":"0x56c3967a","www":"0x255aff85","wwwById":"0x18d79165"}|0x76e6bc53
12:13:24.0 (33630597)|STATEMENT_EXECUTE|[139]
12:13:24.0 (33631884)|STATEMENT_EXECUTE|[141]
12:13:24.0 (33639578)|HEAP_ALLOCATE|[141]|Bytes:4
12:13:24.0 (33664367)|VARIABLE_SCOPE_BEGIN|[141]|options|List<System.SelectOption>|true|false
12:13:24.0 (33691444)|HEAP_ALLOCATE|[EXTERNAL]|Bytes:4
12:13:24.0 (33700182)|VARIABLE_ASSIGNMENT|[141]|options|[]|0x281aa1b8
12:13:24.0 (33702513)|STATEMENT_EXECUTE|[142]
12:13:24.0 (33741643)|HEAP_ALLOCATE|[142]|Bytes:4
12:13:24.0 (33746070)|HEAP_ALLOCATE|[142]|Bytes:71
12:13:24.0 (33748810)|HEAP_ALLOCATE|[142]|Bytes:4
12:13:24.0 (35244141)|SOQL_EXECUTE_BEGIN|[142]|Aggregations:0|SELECT Id, Name FROM Projecten__c ORDER BY CreatedDate DESC NULLS FIRST
12:13:24.0 (36370664)|SOQL_EXECUTE_END|[142]|Rows:2
12:13:24.0 (36383823)|HEAP_ALLOCATE|[142]|Bytes:12
12:13:24.0 (36394519)|HEAP_ALLOCATE|[142]|Bytes:85
12:13:24.0 (36426083)|HEAP_ALLOCATE|[142]|Bytes:12
12:13:24.0 (36464595)|HEAP_ALLOCATE|[142]|Bytes:12
12:13:24.0 (36471959)|HEAP_ALLOCATE|[142]|Bytes:4
12:13:24.0 (36478510)|HEAP_ALLOCATE|[142]|Bytes:12
12:13:24.0 (36481566)|HEAP_ALLOCATE|[142]|Bytes:4
12:13:24.0 (36488164)|VARIABLE_SCOPE_BEGIN|[142]|prById|Map<Id,Projecten__c>|true|false
12:13:24.0 (36508175)|VARIABLE_ASSIGNMENT|[142]|prById|{"a0q0E0000008S3bQAE":{"Id":"a0q0E0000008S3bQAE","Name":"2165103"},"a0q0E0000008S3WQAU":{"Id":"a0q0E0000008S3WQAU","Name":"5700"}}|0x5f47cafa
12:13:24.0 (36512221)|STATEMENT_EXECUTE|[143]
12:13:24.0 (36515408)|HEAP_ALLOCATE|[143]|Bytes:6
12:13:24.0 (36592868)|HEAP_ALLOCATE|[143]|Bytes:139
12:13:24.0 (36609949)|HEAP_ALLOCATE|[143]|Bytes:145
12:13:24.0 (36620128)|USER_DEBUG|[143]|DEBUG|prById{a0q0E0000008S3WQAU=Projecten__c:{Id=a0q0E0000008S3WQAU, Name=5700}, a0q0E0000008S3bQAE=Projecten__c:{Id=a0q0E0000008S3bQAE, Name=2165103}}
12:13:24.0 (36625522)|STATEMENT_EXECUTE|[144]
12:13:24.0 (36651444)|HEAP_ALLOCATE|[EXTERNAL]|Bytes:12
12:13:24.0 (36658806)|HEAP_ALLOCATE|[144]|Bytes:95
12:13:24.0 (36703942)|HEAP_ALLOCATE|[144]|Bytes:12
12:13:24.0 (36773797)|VARIABLE_ASSIGNMENT|[EXTERNAL]|this|{"delToHub":true,"detail":"0x56c3967a","www":"0x255aff85","wwwById":"0x18d79165"}|0x76e6bc53
12:13:24.0 (36778518)|STATEMENT_EXECUTE|[3]
12:13:24.0 (36781364)|STATEMENT_EXECUTE|[4]
12:13:24.0 (36782681)|STATEMENT_EXECUTE|[9]
12:13:24.0 (36821823)|VARIABLE_ASSIGNMENT|[144]|this.Project__c|"a0q0E0000008S3bQAE"|0x56c3967a
12:13:24.0 (36844387)|HEAP_ALLOCATE|[EXTERNAL]|Bytes:12
12:13:24.0 (36850475)|HEAP_ALLOCATE|[145]|Bytes:95
12:13:24.0 (36990834)|HEAP_ALLOCATE|[145]|Bytes:5
12:13:24.0 (37005343)|HEAP_ALLOCATE|[145]|Bytes:12
12:13:24.0 (37012629)|VARIABLE_SCOPE_BEGIN|[145]|rec|Projecten__c|true|false
12:13:24.0 (37023947)|VARIABLE_ASSIGNMENT|[145]|rec|{"Id":"a0q0E0000008S3bQAE","Name":"2165103"}|0x541eeb1a
12:13:24.0 (37027270)|STATEMENT_EXECUTE|[145]
12:13:24.0 (37073838)|VARIABLE_ASSIGNMENT|[EXTERNAL]|this|{"delToHub":true,"detail":"0x56c3967a","www":"0x255aff85","wwwById":"0x18d79165"}|0x76e6bc53
12:13:24.0 (37077758)|STATEMENT_EXECUTE|[21]
12:13:24.0 (37080026)|STATEMENT_EXECUTE|[22]
12:13:24.0 (37081147)|STATEMENT_EXECUTE|[26]
12:13:24.0 (37087418)|STATEMENT_EXECUTE|[146]
12:13:24.0 (37088574)|STATEMENT_EXECUTE|[147]
12:13:24.0 (37126822)|VARIABLE_ASSIGNMENT|[EXTERNAL]|this|{"delToHub":true,"detail":"0x56c3967a","www":"0x255aff85","wwwById":"0x18d79165"}|0x76e6bc53
12:13:24.0 (37130022)|STATEMENT_EXECUTE|[21]
12:13:24.0 (37131664)|STATEMENT_EXECUTE|[22]
12:13:24.0 (37132704)|STATEMENT_EXECUTE|[26]
12:13:24.0 (37177338)|VARIABLE_ASSIGNMENT|[147]|this.Project__c|"a0q0E0000008S3bQAE"|0x255aff85
12:13:24.0 (37180456)|STATEMENT_EXECUTE|[150]
12:13:24.0 (37198388)|HEAP_ALLOCATE|[150]|Bytes:18
12:13:24.0 (37266957)|HEAP_ALLOCATE|[EXTERNAL]|Bytes:4
12:13:24.0 (37282546)|HEAP_ALLOCATE|[145]|Bytes:5
12:13:24.0 (37291086)|HEAP_ALLOCATE|[145]|Bytes:12
12:13:24.0 (37296273)|VARIABLE_SCOPE_BEGIN|[145]|rec|Projecten__c|true|false
12:13:24.0 (37306243)|VARIABLE_ASSIGNMENT|[145]|rec|{"Id":"a0q0E0000008S3WQAU","Name":"5700"}|0x1c7f528b
12:13:24.0 (37308928)|STATEMENT_EXECUTE|[145]
12:13:24.0 (37343290)|VARIABLE_ASSIGNMENT|[EXTERNAL]|this|{"delToHub":true,"detail":"0x56c3967a","www":"0x255aff85","wwwById":"0x18d79165"}|0x76e6bc53
12:13:24.0 (37346255)|STATEMENT_EXECUTE|[21]
12:13:24.0 (37348160)|STATEMENT_EXECUTE|[22]
12:13:24.0 (37349299)|STATEMENT_EXECUTE|[26]
12:13:24.0 (37371838)|STATEMENT_EXECUTE|[146]
12:13:24.0 (37373413)|STATEMENT_EXECUTE|[150]
12:13:24.0 (37381940)|HEAP_ALLOCATE|[150]|Bytes:18
12:13:24.0 (37393515)|HEAP_ALLOCATE|[EXTERNAL]|Bytes:4
12:13:24.0 (37402387)|HEAP_ALLOCATE|[145]|Bytes:5
12:13:24.0 (37411253)|VARIABLE_ASSIGNMENT|[145]|rec|null|
12:13:24.0 (37413932)|STATEMENT_EXECUTE|[152]
12:13:24.0 (37417781)|METHOD_EXIT|[181]|01p2400000DUtXT|NewDeliveredExtension.getProjects()
12:13:24.40 (40247459)|SYSTEM_MODE_ENTER|true
12:13:24.40 (40285878)|HEAP_ALLOCATE|[EXTERNAL]|Bytes:38
12:13:24.40 (40291032)|HEAP_ALLOCATE|[EXTERNAL]|Bytes:7
12:13:24.40 (40298374)|SYSTEM_METHOD_ENTRY|[1]|PageMessagesComponentController.PageMessagesComponentController()
12:13:24.40 (40301306)|STATEMENT_EXECUTE|[1]
12:13:24.40 (40426323)|SYSTEM_MODE_ENTER|true
12:13:24.40 (40472078)|HEAP_ALLOCATE|[EXTERNAL]|Bytes:8
12:13:24.40 (40477812)|VARIABLE_SCOPE_BEGIN|[88]|this|ApexPage.PageMessagesComponentController|true|false
12:13:24.40 (40496684)|VARIABLE_ASSIGNMENT|[88]|this|{}|0xac660c3
12:13:24.40 (40499273)|VARIABLE_SCOPE_BEGIN|[88]|escape|Boolean|false|false
12:13:24.40 (40502532)|VARIABLE_ASSIGNMENT|[88]|escape|null
12:13:24.40 (40636936)|SYSTEM_MODE_ENTER|true
12:13:24.40 (40662015)|HEAP_ALLOCATE|[EXTERNAL]|Bytes:8
12:13:24.40 (40667070)|VARIABLE_SCOPE_BEGIN|[2]|this|ApexPage.PageMessagesComponentController|true|false
12:13:24.40 (40680701)|VARIABLE_ASSIGNMENT|[2]|this|{}|0xac660c3
12:13:24.0 (41383080)|SYSTEM_MODE_ENTER|true
12:13:24.0 (41406669)|HEAP_ALLOCATE|[EXTERNAL]|Bytes:80
12:13:24.0 (41450810)|VARIABLE_ASSIGNMENT|[EXTERNAL]|this|{"delToHub":true,"detail":"0x56c3967a","www":"0x255aff85","wwwById":"0x18d79165"}|0x76e6bc53
12:13:24.0 (41457786)|STATEMENT_EXECUTE|[196]
12:13:24.0 (41460944)|STATEMENT_EXECUTE|[197]
12:13:24.0 (41462143)|STATEMENT_EXECUTE|[198]
12:13:24.0 (41467315)|HEAP_ALLOCATE|[198]|Bytes:5
12:13:24.0 (41473868)|VARIABLE_ASSIGNMENT|[198]|this.invoked|false|0x76e6bc53
12:13:24.0 (41476159)|STATEMENT_EXECUTE|[200]
12:13:24.0 (41533269)|SYSTEM_MODE_ENTER|true
12:13:24.0 (41550867)|HEAP_ALLOCATE|[EXTERNAL]|Bytes:80
12:13:24.0 (41585567)|VARIABLE_ASSIGNMENT|[EXTERNAL]|this|{"delToHub":true,"detail":"0x56c3967a","invoked":false,"www":"0x255aff85","wwwById":"0x18d79165"}|0x76e6bc53
12:13:24.0 (41591037)|STATEMENT_EXECUTE|[229]
12:13:24.0 (41593478)|STATEMENT_EXECUTE|[230]
12:13:24.0 (41594568)|STATEMENT_EXECUTE|[233]
12:13:24.0 (41680412)|SYSTEM_MODE_ENTER|true
12:13:24.0 (41697135)|HEAP_ALLOCATE|[EXTERNAL]|Bytes:80
12:13:24.0 (41731063)|VARIABLE_ASSIGNMENT|[EXTERNAL]|this|{"delToHub":true,"detail":"0x56c3967a","invoked":false,"www":"0x255aff85","wwwById":"0x18d79165"}|0x76e6bc53
12:13:24.0 (41736145)|STATEMENT_EXECUTE|[3]
12:13:24.0 (41738694)|STATEMENT_EXECUTE|[4]
12:13:24.0 (41739855)|STATEMENT_EXECUTE|[9]
12:13:24.0 (44321342)|SYSTEM_MODE_ENTER|true
12:13:24.0 (44346304)|HEAP_ALLOCATE|[EXTERNAL]|Bytes:80
12:13:24.0 (44389292)|VARIABLE_ASSIGNMENT|[EXTERNAL]|this|{"delToHub":true,"detail":"0x56c3967a","invoked":false,"www":"0x255aff85","wwwById":"0x18d79165"}|0x76e6bc53
12:13:24.0 (44396685)|STATEMENT_EXECUTE|[186]
12:13:24.0 (44399871)|STATEMENT_EXECUTE|[187]
12:13:24.0 (44401088)|STATEMENT_EXECUTE|[188]
12:13:24.0 (44467932)|HEAP_ALLOCATE|[188]|Bytes:4
12:13:24.0 (44523513)|HEAP_ALLOCATE|[EXTERNAL]|Bytes:4
12:13:24.0 (44531457)|VARIABLE_ASSIGNMENT|[188]|this.sublocations1|[]|0x76e6bc53
12:13:24.0 (44534923)|STATEMENT_EXECUTE|[190]
12:13:24.0 (45022367)|SYSTEM_MODE_ENTER|true
12:13:24.0 (45044615)|HEAP_ALLOCATE|[EXTERNAL]|Bytes:80
12:13:24.0 (45088108)|VARIABLE_ASSIGNMENT|[EXTERNAL]|this|{"delToHub":true,"detail":"0x56c3967a","invoked":false,"sublocations1":"0x6106d4c0","www":"0x255aff85","wwwById":"0x18d79165"}|0x76e6bc53
12:13:24.0 (45094738)|STATEMENT_EXECUTE|[204]
12:13:24.0 (45097836)|STATEMENT_EXECUTE|[205]
12:13:24.0 (45098934)|STATEMENT_EXECUTE|[206]
12:13:24.0 (45104040)|HEAP_ALLOCATE|[206]|Bytes:5
12:13:24.0 (45110426)|VARIABLE_ASSIGNMENT|[206]|this.rejected|false|0x76e6bc53
12:13:24.0 (45112341)|STATEMENT_EXECUTE|[208]
12:13:24.0 (45165005)|SYSTEM_MODE_ENTER|true
12:13:24.0 (45182141)|HEAP_ALLOCATE|[EXTERNAL]|Bytes:80
12:13:24.0 (45223985)|VARIABLE_ASSIGNMENT|[EXTERNAL]|this|{"delToHub":true,"detail":"0x56c3967a","invoked":false,"rejected":false,"sublocations1":"0x6106d4c0","www":"0x255aff85","wwwById":"0x18d79165"}|0x76e6bc53
12:13:24.0 (45230206)|STATEMENT_EXECUTE|[220]
12:13:24.0 (45232673)|STATEMENT_EXECUTE|[221]
12:13:24.0 (45233742)|STATEMENT_EXECUTE|[222]
12:13:24.0 (45238099)|HEAP_ALLOCATE|[222]|Bytes:5
12:13:24.0 (45243572)|VARIABLE_ASSIGNMENT|[222]|this.delToProj|false|0x76e6bc53
12:13:24.0 (45245417)|STATEMENT_EXECUTE|[224]
12:13:24.0 (45295955)|SYSTEM_MODE_ENTER|true
12:13:24.0 (45312425)|HEAP_ALLOCATE|[EXTERNAL]|Bytes:80
12:13:24.0 (45347307)|VARIABLE_ASSIGNMENT|[EXTERNAL]|this|{"delToHub":true,"delToProj":false,"detail":"0x56c3967a","invoked":false,"rejected":false,"sublocations1":"0x6106d4c0","www":"0x255aff85","wwwById":"0x18d79165"}|0x76e6bc53
12:13:24.0 (45353157)|STATEMENT_EXECUTE|[212]
12:13:24.0 (45355255)|STATEMENT_EXECUTE|[213]
12:13:24.0 (45356868)|STATEMENT_EXECUTE|[214]
12:13:24.0 (45360959)|HEAP_ALLOCATE|[214]|Bytes:5
12:13:24.0 (45365943)|VARIABLE_ASSIGNMENT|[214]|this.reserved|false|0x76e6bc53
12:13:24.0 (45367534)|STATEMENT_EXECUTE|[216]
12:13:24.0 (45449604)|SYSTEM_MODE_ENTER|true
12:13:24.0 (45466044)|HEAP_ALLOCATE|[EXTERNAL]|Bytes:80
12:13:24.0 (45502009)|VARIABLE_ASSIGNMENT|[EXTERNAL]|this|{"delToHub":true,"delToProj":false,"detail":"0x56c3967a","invoked":false,"rejected":false,"reserved":false,"sublocations1":"0x6106d4c0","www":"0x255aff85","wwwById":"0x18d79165"}|0x76e6bc53
12:13:24.0 (45507662)|STATEMENT_EXECUTE|[21]
12:13:24.0 (45510053)|STATEMENT_EXECUTE|[22]
12:13:24.0 (45511179)|STATEMENT_EXECUTE|[26]
12:13:24.58 (58321576)|SYSTEM_MODE_ENTER|true
12:13:24.58 (58369469)|HEAP_ALLOCATE|[EXTERNAL]|Bytes:8
12:13:24.58 (58375985)|VARIABLE_SCOPE_BEGIN|[88]|this|ApexPage.PageMessagesComponentController|true|false
12:13:24.58 (58394549)|VARIABLE_ASSIGNMENT|[88]|this|{}|0xac660c3
12:13:24.58 (58397073)|VARIABLE_SCOPE_BEGIN|[88]|escape|Boolean|false|false
12:13:24.58 (58400900)|VARIABLE_ASSIGNMENT|[88]|escape|null
12:13:24.58 (58504227)|SYSTEM_MODE_ENTER|true
12:13:24.58 (58528443)|HEAP_ALLOCATE|[EXTERNAL]|Bytes:8
12:13:24.58 (58533138)|VARIABLE_SCOPE_BEGIN|[2]|this|ApexPage.PageMessagesComponentController|true|false
12:13:24.58 (58546952)|VARIABLE_ASSIGNMENT|[2]|this|{}|0xac660c3
12:13:24.0 (60865020)|SYSTEM_MODE_ENTER|true
12:13:24.0 (60891122)|HEAP_ALLOCATE|[EXTERNAL]|Bytes:80
12:13:24.0 (60896817)|VARIABLE_SCOPE_BEGIN|[48]|this|NewDeliveredExtension|true|false
12:13:24.0 (60940204)|VARIABLE_ASSIGNMENT|[48]|this|{"delToHub":true,"delToProj":false,"detail":"0x56c3967a","invoked":false,"rejected":false,"reserved":false,"sublocations1":"0x6106d4c0","www":"0x255aff85","wwwById":"0x18d79165"}|0x76e6bc53
12:13:24.0 (60948140)|STATEMENT_EXECUTE|[48]
12:13:24.0 (60949873)|STATEMENT_EXECUTE|[49]
12:13:24.0 (60954059)|HEAP_ALLOCATE|[49]|Bytes:4
12:13:24.0 (60974643)|VARIABLE_SCOPE_BEGIN|[49]|options|List<System.SelectOption>|true|false
12:13:24.0 (60988115)|HEAP_ALLOCATE|[EXTERNAL]|Bytes:4
12:13:24.0 (60994680)|VARIABLE_ASSIGNMENT|[49]|options|[]|0x7febc61
12:13:24.0 (60997830)|STATEMENT_EXECUTE|[50]
12:13:24.0 (61001373)|VARIABLE_SCOPE_BEGIN|[50]|i|Integer|false|false
12:13:24.0 (61005867)|HEAP_ALLOCATE|[50]|Bytes:4
12:13:24.0 (61010639)|VARIABLE_ASSIGNMENT|[50]|i|0
12:13:24.0 (61015066)|STATEMENT_EXECUTE|[50]
12:13:24.0 (61016438)|STATEMENT_EXECUTE|[51]
12:13:24.0 (61018129)|VARIABLE_SCOPE_BEGIN|[51]|j|Integer|false|false
12:13:24.0 (61019913)|HEAP_ALLOCATE|[51]|Bytes:4
12:13:24.0 (61022520)|VARIABLE_ASSIGNMENT|[51]|j|0
12:13:24.0 (61024586)|STATEMENT_EXECUTE|[51]
12:13:24.0 (61026850)|STATEMENT_EXECUTE|[52]
12:13:24.0 (61027939)|STATEMENT_EXECUTE|[53]
12:13:24.0 (61060724)|HEAP_ALLOCATE|[53]|Bytes:1
12:13:24.0 (61070498)|HEAP_ALLOCATE|[53]|Bytes:2
12:13:24.0 (61077270)|HEAP_ALLOCATE|[53]|Bytes:1
12:13:24.0 (61088128)|HEAP_ALLOCATE|[53]|Bytes:4
12:13:24.0 (61093513)|HEAP_ALLOCATE|[53]|Bytes:1
12:13:24.0 (61101168)|HEAP_ALLOCATE|[53]|Bytes:1
12:13:24.0 (61106644)|HEAP_ALLOCATE|[53]|Bytes:4
12:13:24.0 (61126773)|HEAP_ALLOCATE|[EXTERNAL]|Bytes:4
12:13:24.0 (61133144)|HEAP_ALLOCATE|[51]|Bytes:4
12:13:24.0 (61138037)|VARIABLE_ASSIGNMENT|[51]|j|30
12:13:24.0 (61140974)|STATEMENT_EXECUTE|[51]
12:13:24.0 (61142958)|STATEMENT_EXECUTE|[54]
12:13:24.0 (61144097)|STATEMENT_EXECUTE|[55]
12:13:24.0 (61163022)|HEAP_ALLOCATE|[55]|Bytes:1
12:13:24.0 (61169764)|HEAP_ALLOCATE|[55]|Bytes:1
12:13:24.0 (61175601)|HEAP_ALLOCATE|[55]|Bytes:2
12:13:24.0 (61181426)|HEAP_ALLOCATE|[55]|Bytes:4
12:13:24.0 (61186447)|HEAP_ALLOCATE|[55]|Bytes:1
12:13:24.0 (61193670)|HEAP_ALLOCATE|[55]|Bytes:2
12:13:24.0 (61198804)|HEAP_ALLOCATE|[55]|Bytes:4
12:13:24.0 (61210363)|HEAP_ALLOCATE|[EXTERNAL]|Bytes:4
12:13:24.0 (61215260)|HEAP_ALLOCATE|[51]|Bytes:4
12:13:24.0 (61219095)|VARIABLE_ASSIGNMENT|[51]|j|60
12:13:24.0 (61222886)|HEAP_ALLOCATE|[50]|Bytes:4
12:13:24.0 (61225578)|VARIABLE_ASSIGNMENT|[50]|i|1
12:13:24.0 (61227574)|STATEMENT_EXECUTE|[50]
12:13:24.0 (61229084)|STATEMENT_EXECUTE|[51]
12:13:24.0 (61231385)|VARIABLE_SCOPE_BEGIN|[51]|j|Integer|false|false
12:13:24.0 (61233151)|HEAP_ALLOCATE|[51]|Bytes:4
12:13:24.0 (61235573)|VARIABLE_ASSIGNMENT|[51]|j|0
12:13:24.0 (61237293)|STATEMENT_EXECUTE|[51]
12:13:24.0 (61238706)|STATEMENT_EXECUTE|[52]
12:13:24.0 (61239663)|STATEMENT_EXECUTE|[53]
12:13:24.0 (61247306)|HEAP_ALLOCATE|[53]|Bytes:1
12:13:24.0 (61255201)|HEAP_ALLOCATE|[53]|Bytes:1
12:13:24.0 (61260440)|HEAP_ALLOCATE|[53]|Bytes:4
12:13:24.0 (61265268)|HEAP_ALLOCATE|[53]|Bytes:1
12:13:24.0 (61279218)|HEAP_ALLOCATE|[53]|Bytes:1
12:13:24.0 (61284368)|HEAP_ALLOCATE|[53]|Bytes:4
12:13:24.0 (61290656)|HEAP_ALLOCATE|[EXTERNAL]|Bytes:4
12:13:24.0 (61294449)|HEAP_ALLOCATE|[51]|Bytes:4
12:13:24.0 (61297718)|VARIABLE_ASSIGNMENT|[51]|j|30
12:13:24.0 (61300007)|STATEMENT_EXECUTE|[51]
12:13:24.0 (61301521)|STATEMENT_EXECUTE|[54]
12:13:24.0 (61302516)|STATEMENT_EXECUTE|[55]
12:13:24.0 (61308748)|HEAP_ALLOCATE|[55]|Bytes:1
12:13:24.0 (61316634)|HEAP_ALLOCATE|[55]|Bytes:2
12:13:24.0 (61321625)|HEAP_ALLOCATE|[55]|Bytes:4
12:13:24.0 (61326385)|HEAP_ALLOCATE|[55]|Bytes:1
12:13:24.0 (61333484)|HEAP_ALLOCATE|[55]|Bytes:2
12:13:24.0 (61338270)|HEAP_ALLOCATE|[55]|Bytes:4
12:13:24.0 (61343204)|HEAP_ALLOCATE|[EXTERNAL]|Bytes:4
12:13:24.0 (61346513)|HEAP_ALLOCATE|[51]|Bytes:4
12:13:24.0 (61349234)|VARIABLE_ASSIGNMENT|[51]|j|60
12:13:24.0 (61351208)|HEAP_ALLOCATE|[50]|Bytes:4
12:13:24.0 (61353460)|VARIABLE_ASSIGNMENT|[50]|i|2
12:13:24.0 (61355117)|STATEMENT_EXECUTE|[50]
12:13:24.0 (61356414)|STATEMENT_EXECUTE|[51]
12:13:24.0 (61358252)|VARIABLE_SCOPE_BEGIN|[51]|j|Integer|false|false
12:13:24.0 (61359871)|HEAP_ALLOCATE|[51]|Bytes:4
12:13:24.0 (61362175)|VARIABLE_ASSIGNMENT|[51]|j|0
12:13:24.0 (61363657)|STATEMENT_EXECUTE|[51]
12:13:24.0 (61365024)|STATEMENT_EXECUTE|[52]
12:13:24.0 (61365985)|STATEMENT_EXECUTE|[53]
12:13:24.0 (61371891)|HEAP_ALLOCATE|[53]|Bytes:1
12:13:24.0 (61379439)|HEAP_ALLOCATE|[53]|Bytes:1
12:13:24.0 (61384386)|HEAP_ALLOCATE|[53]|Bytes:4
12:13:24.0 (61388909)|HEAP_ALLOCATE|[53]|Bytes:1
12:13:24.0 (61396154)|HEAP_ALLOCATE|[53]|Bytes:1
12:13:24.0 (61400776)|HEAP_ALLOCATE|[53]|Bytes:4
12:13:24.0 (61405258)|HEAP_ALLOCATE|[EXTERNAL]|Bytes:4
12:13:24.0 (61408573)|HEAP_ALLOCATE|[51]|Bytes:4
12:13:24.0 (61411266)|VARIABLE_ASSIGNMENT|[51]|j|30
12:13:24.0 (61413120)|STATEMENT_EXECUTE|[51]
12:13:24.0 (61414495)|STATEMENT_EXECUTE|[54]
12:13:24.0 (61415449)|STATEMENT_EXECUTE|[55]
12:13:24.0 (61420937)|HEAP_ALLOCATE|[55]|Bytes:1
12:13:24.0 (61428308)|HEAP_ALLOCATE|[55]|Bytes:2
12:13:24.0 (61433253)|HEAP_ALLOCATE|[55]|Bytes:4
12:13:24.0 (61437908)|HEAP_ALLOCATE|[55]|Bytes:1
12:13:24.0 (61445045)|HEAP_ALLOCATE|[55]|Bytes:2
12:13:24.0 (61449873)|HEAP_ALLOCATE|[55]|Bytes:4
12:13:24.0 (61453993)|HEAP_ALLOCATE|[EXTERNAL]|Bytes:4
12:13:24.0 (61457270)|HEAP_ALLOCATE|[51]|Bytes:4
12:13:24.0 (61459910)|VARIABLE_ASSIGNMENT|[51]|j|60
12:13:24.0 (61461775)|HEAP_ALLOCATE|[50]|Bytes:4
12:13:24.0 (61463915)|VARIABLE_ASSIGNMENT|[50]|i|3
12:13:24.0 (61465534)|STATEMENT_EXECUTE|[50]
12:13:24.0 (61466837)|STATEMENT_EXECUTE|[51]
12:13:24.0 (61468691)|VARIABLE_SCOPE_BEGIN|[51]|j|Integer|false|false
12:13:24.0 (61470155)|HEAP_ALLOCATE|[51]|Bytes:4
12:13:24.0 (61472407)|VARIABLE_ASSIGNMENT|[51]|j|0
12:13:24.0 (61473917)|STATEMENT_EXECUTE|[51]
12:13:24.0 (61475201)|STATEMENT_EXECUTE|[52]
12:13:24.0 (61476147)|STATEMENT_EXECUTE|[53]
12:13:24.0 (61481643)|HEAP_ALLOCATE|[53]|Bytes:1
12:13:24.0 (61489180)|HEAP_ALLOCATE|[53]|Bytes:1
12:13:24.0 (61494184)|HEAP_ALLOCATE|[53]|Bytes:4
12:13:24.0 (61498798)|HEAP_ALLOCATE|[53]|Bytes:1
12:13:24.0 (61505867)|HEAP_ALLOCATE|[53]|Bytes:1
12:13:24.0 (61510530)|HEAP_ALLOCATE|[53]|Bytes:4
12:13:24.0 (61515030)|HEAP_ALLOCATE|[EXTERNAL]|Bytes:4
12:13:24.0 (61518248)|HEAP_ALLOCATE|[51]|Bytes:4
12:13:24.0 (61520979)|VARIABLE_ASSIGNMENT|[51]|j|30
12:13:24.0 (61522732)|STATEMENT_EXECUTE|[51]
12:13:24.0 (61524167)|STATEMENT_EXECUTE|[54]
12:13:24.0 (61525114)|STATEMENT_EXECUTE|[55]
12:13:24.0 (61530473)|HEAP_ALLOCATE|[55]|Bytes:1
12:13:24.0 (61537892)|HEAP_ALLOCATE|[55]|Bytes:2
12:13:24.0 (61542797)|HEAP_ALLOCATE|[55]|Bytes:4
12:13:24.0 (61547705)|HEAP_ALLOCATE|[55]|Bytes:1
12:13:24.0 (61554919)|HEAP_ALLOCATE|[55]|Bytes:2
12:13:24.0 (61559675)|HEAP_ALLOCATE|[55]|Bytes:4
12:13:24.0 (61563872)|HEAP_ALLOCATE|[EXTERNAL]|Bytes:4
12:13:24.0 (61567138)|HEAP_ALLOCATE|[51]|Bytes:4
12:13:24.0 (61569800)|VARIABLE_ASSIGNMENT|[51]|j|60
12:13:24.0 (61571669)|HEAP_ALLOCATE|[50]|Bytes:4
12:13:24.0 (61573821)|VARIABLE_ASSIGNMENT|[50]|i|4
12:13:24.0 (61575515)|STATEMENT_EXECUTE|[50]
12:13:24.0 (61576858)|STATEMENT_EXECUTE|[51]
12:13:24.0 (61578677)|VARIABLE_SCOPE_BEGIN|[51]|j|Integer|false|false
12:13:24.0 (61580081)|HEAP_ALLOCATE|[51]|Bytes:4
12:13:24.0 (61582360)|VARIABLE_ASSIGNMENT|[51]|j|0
12:13:24.0 (61583782)|STATEMENT_EXECUTE|[51]
12:13:24.0 (61585007)|STATEMENT_EXECUTE|[52]
12:13:24.0 (61585966)|STATEMENT_EXECUTE|[53]
12:13:24.0 (61591553)|HEAP_ALLOCATE|[53]|Bytes:1
12:13:24.0 (61598879)|HEAP_ALLOCATE|[53]|Bytes:1
12:13:24.0 (61603869)|HEAP_ALLOCATE|[53]|Bytes:4
12:13:24.0 (61608520)|HEAP_ALLOCATE|[53]|Bytes:1
12:13:24.0 (61615946)|HEAP_ALLOCATE|[53]|Bytes:1
12:13:24.0 (61620736)|HEAP_ALLOCATE|[53]|Bytes:4
12:13:24.0 (61625031)|HEAP_ALLOCATE|[EXTERNAL]|Bytes:4
12:13:24.0 (61628433)|HEAP_ALLOCATE|[51]|Bytes:4
12:13:24.0 (61631086)|VARIABLE_ASSIGNMENT|[51]|j|30
12:13:24.0 (61632894)|STATEMENT_EXECUTE|[51]
12:13:24.0 (61634245)|STATEMENT_EXECUTE|[54]
12:13:24.0 (61635193)|STATEMENT_EXECUTE|[55]
12:13:24.0 (61640427)|HEAP_ALLOCATE|[55]|Bytes:1
12:13:24.0 (61647711)|HEAP_ALLOCATE|[55]|Bytes:2
12:13:24.0 (61652662)|HEAP_ALLOCATE|[55]|Bytes:4
12:13:24.0 (61657193)|HEAP_ALLOCATE|[55]|Bytes:1
12:13:24.0 (61664387)|HEAP_ALLOCATE|[55]|Bytes:2
12:13:24.0 (61669206)|HEAP_ALLOCATE|[55]|Bytes:4
12:13:24.0 (61673317)|HEAP_ALLOCATE|[EXTERNAL]|Bytes:4
12:13:24.0 (61676558)|HEAP_ALLOCATE|[51]|Bytes:4
12:13:24.0 (61679172)|VARIABLE_ASSIGNMENT|[51]|j|60
12:13:24.0 (61681097)|HEAP_ALLOCATE|[50]|Bytes:4
12:13:24.0 (61683310)|VARIABLE_ASSIGNMENT|[50]|i|5
12:13:24.0 (61684867)|STATEMENT_EXECUTE|[50]
12:13:24.0 (61686170)|STATEMENT_EXECUTE|[51]
12:13:24.0 (61687985)|VARIABLE_SCOPE_BEGIN|[51]|j|Integer|false|false
12:13:24.0 (61689252)|HEAP_ALLOCATE|[51]|Bytes:4
12:13:24.0 (61691454)|VARIABLE_ASSIGNMENT|[51]|j|0
12:13:24.0 (61692911)|STATEMENT_EXECUTE|[51]
12:13:24.0 (61694190)|STATEMENT_EXECUTE|[52]
12:13:24.0 (61695141)|STATEMENT_EXECUTE|[53]
12:13:24.0 (61700678)|HEAP_ALLOCATE|[53]|Bytes:1
12:13:24.0 (61708080)|HEAP_ALLOCATE|[53]|Bytes:1
12:13:24.0 (61713052)|HEAP_ALLOCATE|[53]|Bytes:4
12:13:24.0 (61717630)|HEAP_ALLOCATE|[53]|Bytes:1
12:13:24.0 (61724619)|HEAP_ALLOCATE|[53]|Bytes:1
12:13:24.0 (61729373)|HEAP_ALLOCATE|[53]|Bytes:4
12:13:24.0 (61733762)|HEAP_ALLOCATE|[EXTERNAL]|Bytes:4
12:13:24.0 (61737413)|HEAP_ALLOCATE|[51]|Bytes:4
12:13:24.0 (61740151)|VARIABLE_ASSIGNMENT|[51]|j|30
12:13:24.0 (61741868)|STATEMENT_EXECUTE|[51]
12:13:24.0 (61743190)|STATEMENT_EXECUTE|[54]
12:13:24.0 (61744161)|STATEMENT_EXECUTE|[55]
12:13:24.0 (61749579)|HEAP_ALLOCATE|[55]|Bytes:1
12:13:24.0 (61757026)|HEAP_ALLOCATE|[55]|Bytes:2
12:13:24.0 (61761892)|HEAP_ALLOCATE|[55]|Bytes:4
12:13:24.0 (61766948)|HEAP_ALLOCATE|[55]|Bytes:1
12:13:24.0 (61774026)|HEAP_ALLOCATE|[55]|Bytes:2
12:13:24.0 (61779017)|HEAP_ALLOCATE|[55]|Bytes:4
12:13:24.0 (61783206)|HEAP_ALLOCATE|[EXTERNAL]|Bytes:4
12:13:24.0 (61786419)|HEAP_ALLOCATE|[51]|Bytes:4
12:13:24.0 (61789174)|VARIABLE_ASSIGNMENT|[51]|j|60
12:13:24.0 (61791196)|HEAP_ALLOCATE|[50]|Bytes:4
12:13:24.0 (61793410)|VARIABLE_ASSIGNMENT|[50]|i|6
12:13:24.0 (61795050)|STATEMENT_EXECUTE|[50]
12:13:24.0 (61796240)|STATEMENT_EXECUTE|[51]
12:13:24.0 (61797912)|VARIABLE_SCOPE_BEGIN|[51]|j|Integer|false|false
12:13:24.0 (61799253)|HEAP_ALLOCATE|[51]|Bytes:4
12:13:24.0 (61801440)|VARIABLE_ASSIGNMENT|[51]|j|0
12:13:24.0 (61802867)|STATEMENT_EXECUTE|[51]
12:13:24.0 (61804129)|STATEMENT_EXECUTE|[52]
12:13:24.0 (61805074)|STATEMENT_EXECUTE|[53]
12:13:24.0 (61810679)|HEAP_ALLOCATE|[53]|Bytes:1
12:13:24.0 (61818260)|HEAP_ALLOCATE|[53]|Bytes:1
12:13:24.0 (61823092)|HEAP_ALLOCATE|[53]|Bytes:4
12:13:24.0 (61827588)|HEAP_ALLOCATE|[53]|Bytes:1
12:13:24.0 (61834477)|HEAP_ALLOCATE|[53]|Bytes:1
12:13:24.0 (61839418)|HEAP_ALLOCATE|[53]|Bytes:4
12:13:24.0 (61843811)|HEAP_ALLOCATE|[EXTERNAL]|Bytes:4
12:13:24.0 (61847116)|HEAP_ALLOCATE|[51]|Bytes:4
12:13:24.0 (61849726)|VARIABLE_ASSIGNMENT|[51]|j|30
12:13:24.0 (61851481)|STATEMENT_EXECUTE|[51]
12:13:24.0 (61852803)|STATEMENT_EXECUTE|[54]
12:13:24.0 (61853765)|STATEMENT_EXECUTE|[55]
12:13:24.0 (61859051)|HEAP_ALLOCATE|[55]|Bytes:1
12:13:24.0 (61866436)|HEAP_ALLOCATE|[55]|Bytes:2
12:13:24.0 (61871428)|HEAP_ALLOCATE|[55]|Bytes:4
12:13:24.0 (61876012)|HEAP_ALLOCATE|[55]|Bytes:1
12:13:24.0 (61883058)|HEAP_ALLOCATE|[55]|Bytes:2
12:13:24.0 (61887797)|HEAP_ALLOCATE|[55]|Bytes:4
12:13:24.0 (61892139)|HEAP_ALLOCATE|[EXTERNAL]|Bytes:4
12:13:24.0 (61895592)|HEAP_ALLOCATE|[51]|Bytes:4
12:13:24.0 (61898235)|VARIABLE_ASSIGNMENT|[51]|j|60
12:13:24.0 (61900128)|HEAP_ALLOCATE|[50]|Bytes:4
12:13:24.0 (61902316)|VARIABLE_ASSIGNMENT|[50]|i|7
12:13:24.0 (61903955)|STATEMENT_EXECUTE|[50]
12:13:24.0 (61905162)|STATEMENT_EXECUTE|[51]
12:13:24.0 (61906863)|VARIABLE_SCOPE_BEGIN|[51]|j|Integer|false|false
12:13:24.0 (61908846)|HEAP_ALLOCATE|[51]|Bytes:4
12:13:24.0 (61911130)|VARIABLE_ASSIGNMENT|[51]|j|0
12:13:24.0 (61912568)|STATEMENT_EXECUTE|[51]
12:13:24.0 (61913800)|STATEMENT_EXECUTE|[52]
12:13:24.0 (61914767)|STATEMENT_EXECUTE|[53]
12:13:24.0 (61920392)|HEAP_ALLOCATE|[53]|Bytes:1
12:13:24.0 (61927795)|HEAP_ALLOCATE|[53]|Bytes:1
12:13:24.0 (61932646)|HEAP_ALLOCATE|[53]|Bytes:4
12:13:24.0 (61937233)|HEAP_ALLOCATE|[53]|Bytes:1
12:13:24.0 (61944227)|HEAP_ALLOCATE|[53]|Bytes:1
12:13:24.0 (61949049)|HEAP_ALLOCATE|[53]|Bytes:4
12:13:24.0 (61953543)|HEAP_ALLOCATE|[EXTERNAL]|Bytes:4
12:13:24.0 (61956843)|HEAP_ALLOCATE|[51]|Bytes:4
12:13:24.0 (61959509)|VARIABLE_ASSIGNMENT|[51]|j|30
12:13:24.0 (61961240)|STATEMENT_EXECUTE|[51]
12:13:24.0 (61962548)|STATEMENT_EXECUTE|[54]
12:13:24.0 (61963497)|STATEMENT_EXECUTE|[55]
12:13:24.0 (61968796)|HEAP_ALLOCATE|[55]|Bytes:1
12:13:24.0 (61976342)|HEAP_ALLOCATE|[55]|Bytes:2
12:13:24.0 (61981329)|HEAP_ALLOCATE|[55]|Bytes:4
12:13:24.0 (61986231)|HEAP_ALLOCATE|[55]|Bytes:1
12:13:24.0 (61993287)|HEAP_ALLOCATE|[55]|Bytes:2
12:13:24.0 (61998171)|HEAP_ALLOCATE|[55]|Bytes:4
12:13:24.0 (62002547)|HEAP_ALLOCATE|[EXTERNAL]|Bytes:4
12:13:24.0 (62006621)|HEAP_ALLOCATE|[51]|Bytes:4
12:13:24.0 (62009276)|VARIABLE_ASSIGNMENT|[51]|j|60
12:13:24.0 (62011078)|HEAP_ALLOCATE|[50]|Bytes:4
12:13:24.0 (62013201)|VARIABLE_ASSIGNMENT|[50]|i|8
12:13:24.0 (62014888)|STATEMENT_EXECUTE|[50]
12:13:24.0 (62016136)|STATEMENT_EXECUTE|[51]
12:13:24.0 (62017814)|VARIABLE_SCOPE_BEGIN|[51]|j|Integer|false|false
12:13:24.0 (62019099)|HEAP_ALLOCATE|[51]|Bytes:4
12:13:24.0 (62021383)|VARIABLE_ASSIGNMENT|[51]|j|0
12:13:24.0 (62022812)|STATEMENT_EXECUTE|[51]
12:13:24.0 (62024060)|STATEMENT_EXECUTE|[52]
12:13:24.0 (62025021)|STATEMENT_EXECUTE|[53]
12:13:24.0 (62030714)|HEAP_ALLOCATE|[53]|Bytes:1
12:13:24.0 (62038069)|HEAP_ALLOCATE|[53]|Bytes:1
12:13:24.0 (62042840)|HEAP_ALLOCATE|[53]|Bytes:4
12:13:24.0 (62047344)|HEAP_ALLOCATE|[53]|Bytes:1
12:13:24.0 (62054320)|HEAP_ALLOCATE|[53]|Bytes:1
12:13:24.0 (62059353)|HEAP_ALLOCATE|[53]|Bytes:4
12:13:24.0 (62063683)|HEAP_ALLOCATE|[EXTERNAL]|Bytes:4
12:13:24.0 (62067008)|HEAP_ALLOCATE|[51]|Bytes:4
12:13:24.0 (62069632)|VARIABLE_ASSIGNMENT|[51]|j|30
12:13:24.0 (62071368)|STATEMENT_EXECUTE|[51]
12:13:24.0 (62072695)|STATEMENT_EXECUTE|[54]
12:13:24.0 (62073682)|STATEMENT_EXECUTE|[55]
12:13:24.0 (62078989)|HEAP_ALLOCATE|[55]|Bytes:1
12:13:24.0 (62086615)|HEAP_ALLOCATE|[55]|Bytes:2
12:13:24.0 (62091571)|HEAP_ALLOCATE|[55]|Bytes:4
12:13:24.0 (62096420)|HEAP_ALLOCATE|[55]|Bytes:1
12:13:24.0 (62103532)|HEAP_ALLOCATE|[55]|Bytes:2
12:13:24.0 (62108365)|HEAP_ALLOCATE|[55]|Bytes:4
12:13:24.0 (62112558)|HEAP_ALLOCATE|[EXTERNAL]|Bytes:4
12:13:24.0 (62115739)|HEAP_ALLOCATE|[51]|Bytes:4
12:13:24.0 (62118310)|VARIABLE_ASSIGNMENT|[51]|j|60
12:13:24.0 (62120155)|HEAP_ALLOCATE|[50]|Bytes:4
12:13:24.0 (62122275)|VARIABLE_ASSIGNMENT|[50]|i|9
12:13:24.0 (62123910)|STATEMENT_EXECUTE|[50]
12:13:24.0 (62125109)|STATEMENT_EXECUTE|[51]
12:13:24.0 (62126771)|VARIABLE_SCOPE_BEGIN|[51]|j|Integer|false|false
12:13:24.0 (62128483)|HEAP_ALLOCATE|[51]|Bytes:4
12:13:24.0 (62130728)|VARIABLE_ASSIGNMENT|[51]|j|0
12:13:24.0 (62132171)|STATEMENT_EXECUTE|[51]
12:13:24.0 (62133505)|STATEMENT_EXECUTE|[52]
12:13:24.0 (62134455)|STATEMENT_EXECUTE|[53]
12:13:24.0 (62139973)|HEAP_ALLOCATE|[53]|Bytes:1
12:13:24.0 (62147269)|HEAP_ALLOCATE|[53]|Bytes:1
12:13:24.0 (62152127)|HEAP_ALLOCATE|[53]|Bytes:4
12:13:24.0 (62156633)|HEAP_ALLOCATE|[53]|Bytes:1
12:13:24.0 (62163627)|HEAP_ALLOCATE|[53]|Bytes:1
12:13:24.0 (62168696)|HEAP_ALLOCATE|[53]|Bytes:4
12:13:24.0 (62173058)|HEAP_ALLOCATE|[EXTERNAL]|Bytes:4
12:13:24.0 (62176330)|HEAP_ALLOCATE|[51]|Bytes:4
12:13:24.0 (62179014)|VARIABLE_ASSIGNMENT|[51]|j|30
12:13:24.0 (62180774)|STATEMENT_EXECUTE|[51]
12:13:24.0 (62182081)|STATEMENT_EXECUTE|[54]
12:13:24.0 (62183129)|STATEMENT_EXECUTE|[55]
12:13:24.0 (62188647)|HEAP_ALLOCATE|[55]|Bytes:1
12:13:24.0 (62195920)|HEAP_ALLOCATE|[55]|Bytes:2
12:13:24.0 (62200887)|HEAP_ALLOCATE|[55]|Bytes:4
12:13:24.0 (62205492)|HEAP_ALLOCATE|[55]|Bytes:1
12:13:24.0 (62212775)|HEAP_ALLOCATE|[55]|Bytes:2
12:13:24.0 (62217609)|HEAP_ALLOCATE|[55]|Bytes:4
12:13:24.0 (62221822)|HEAP_ALLOCATE|[EXTERNAL]|Bytes:4
12:13:24.0 (62225047)|HEAP_ALLOCATE|[51]|Bytes:4
12:13:24.0 (62227638)|VARIABLE_ASSIGNMENT|[51]|j|60
12:13:24.0 (62229506)|HEAP_ALLOCATE|[50]|Bytes:4
12:13:24.0 (62231688)|VARIABLE_ASSIGNMENT|[50]|i|10
12:13:24.0 (62233378)|STATEMENT_EXECUTE|[50]
12:13:24.0 (62234612)|STATEMENT_EXECUTE|[51]
12:13:24.0 (62236305)|VARIABLE_SCOPE_BEGIN|[51]|j|Integer|false|false
12:13:24.0 (62237572)|HEAP_ALLOCATE|[51]|Bytes:4
12:13:24.0 (62239947)|VARIABLE_ASSIGNMENT|[51]|j|0
12:13:24.0 (62241416)|STATEMENT_EXECUTE|[51]
12:13:24.0 (62242666)|STATEMENT_EXECUTE|[52]
12:13:24.0 (62243607)|STATEMENT_EXECUTE|[53]
12:13:24.0 (62249056)|HEAP_ALLOCATE|[53]|Bytes:2
12:13:24.0 (62256374)|HEAP_ALLOCATE|[53]|Bytes:1
12:13:24.0 (62261299)|HEAP_ALLOCATE|[53]|Bytes:5
12:13:24.0 (62265837)|HEAP_ALLOCATE|[53]|Bytes:2
12:13:24.0 (62276611)|HEAP_ALLOCATE|[53]|Bytes:1
12:13:24.0 (62282121)|HEAP_ALLOCATE|[53]|Bytes:5
12:13:24.0 (62286725)|HEAP_ALLOCATE|[EXTERNAL]|Bytes:4
12:13:24.0 (62290074)|HEAP_ALLOCATE|[51]|Bytes:4
12:13:24.0 (62293091)|VARIABLE_ASSIGNMENT|[51]|j|30
12:13:24.0 (62294933)|STATEMENT_EXECUTE|[51]
12:13:24.0 (62296356)|STATEMENT_EXECUTE|[54]
12:13:24.0 (62297321)|STATEMENT_EXECUTE|[55]
12:13:24.0 (62302721)|HEAP_ALLOCATE|[55]|Bytes:2
12:13:24.0 (62310233)|HEAP_ALLOCATE|[55]|Bytes:2
12:13:24.0 (62315334)|HEAP_ALLOCATE|[55]|Bytes:5
12:13:24.0 (62319923)|HEAP_ALLOCATE|[55]|Bytes:2
12:13:24.0 (62326968)|HEAP_ALLOCATE|[55]|Bytes:2
12:13:24.0 (62331801)|HEAP_ALLOCATE|[55]|Bytes:5
12:13:24.0 (62336090)|HEAP_ALLOCATE|[EXTERNAL]|Bytes:4
12:13:24.0 (62339374)|HEAP_ALLOCATE|[51]|Bytes:4
12:13:24.0 (62341984)|VARIABLE_ASSIGNMENT|[51]|j|60
12:13:24.0 (62343912)|HEAP_ALLOCATE|[50]|Bytes:4
12:13:24.0 (62346198)|VARIABLE_ASSIGNMENT|[50]|i|11
12:13:24.0 (62347837)|STATEMENT_EXECUTE|[50]
12:13:24.0 (62349077)|STATEMENT_EXECUTE|[51]
12:13:24.0 (62350802)|VARIABLE_SCOPE_BEGIN|[51]|j|Integer|false|false
12:13:24.0 (62352356)|HEAP_ALLOCATE|[51]|Bytes:4
12:13:24.0 (62354577)|VARIABLE_ASSIGNMENT|[51]|j|0
12:13:24.0 (62356029)|STATEMENT_EXECUTE|[51]
12:13:24.0 (62357301)|STATEMENT_EXECUTE|[52]
12:13:24.0 (62358248)|STATEMENT_EXECUTE|[53]
12:13:24.0 (62363873)|HEAP_ALLOCATE|[53]|Bytes:2
12:13:24.0 (62371566)|HEAP_ALLOCATE|[53]|Bytes:1
12:13:24.0 (62376542)|HEAP_ALLOCATE|[53]|Bytes:5
12:13:24.0 (62381197)|HEAP_ALLOCATE|[53]|Bytes:2
12:13:24.0 (62388170)|HEAP_ALLOCATE|[53]|Bytes:1
12:13:24.0 (62392786)|HEAP_ALLOCATE|[53]|Bytes:5
12:13:24.0 (62397095)|HEAP_ALLOCATE|[EXTERNAL]|Bytes:4
12:13:24.0 (62400677)|HEAP_ALLOCATE|[51]|Bytes:4
12:13:24.0 (62403312)|VARIABLE_ASSIGNMENT|[51]|j|30
12:13:24.0 (62404975)|STATEMENT_EXECUTE|[51]
12:13:24.0 (62406285)|STATEMENT_EXECUTE|[54]
12:13:24.0 (62407231)|STATEMENT_EXECUTE|[55]
12:13:24.0 (62412503)|HEAP_ALLOCATE|[55]|Bytes:2
12:13:24.0 (62419818)|HEAP_ALLOCATE|[55]|Bytes:2
12:13:24.0 (62424785)|HEAP_ALLOCATE|[55]|Bytes:5
12:13:24.0 (62429417)|HEAP_ALLOCATE|[55]|Bytes:2
12:13:24.0 (62437007)|HEAP_ALLOCATE|[55]|Bytes:2
12:13:24.0 (62441727)|HEAP_ALLOCATE|[55]|Bytes:5
12:13:24.0 (62445957)|HEAP_ALLOCATE|[EXTERNAL]|Bytes:4
12:13:24.0 (62449269)|HEAP_ALLOCATE|[51]|Bytes:4
12:13:24.0 (62451878)|VARIABLE_ASSIGNMENT|[51]|j|60
12:13:24.0 (62453726)|HEAP_ALLOCATE|[50]|Bytes:4
12:13:24.0 (62456080)|VARIABLE_ASSIGNMENT|[50]|i|12
12:13:24.0 (62457727)|STATEMENT_EXECUTE|[50]
12:13:24.0 (62458941)|STATEMENT_EXECUTE|[51]
12:13:24.0 (62460650)|VARIABLE_SCOPE_BEGIN|[51]|j|Integer|false|false
12:13:24.0 (62461987)|HEAP_ALLOCATE|[51]|Bytes:4
12:13:24.0 (62464245)|VARIABLE_ASSIGNMENT|[51]|j|0
12:13:24.0 (62465694)|STATEMENT_EXECUTE|[51]
12:13:24.0 (62466980)|STATEMENT_EXECUTE|[52]
12:13:24.0 (62468012)|STATEMENT_EXECUTE|[53]
12:13:24.0 (62473604)|HEAP_ALLOCATE|[53]|Bytes:2
12:13:24.0 (62481173)|HEAP_ALLOCATE|[53]|Bytes:1
12:13:24.0 (62485951)|HEAP_ALLOCATE|[53]|Bytes:5
12:13:24.0 (62490622)|HEAP_ALLOCATE|[53]|Bytes:2
12:13:24.0 (62497594)|HEAP_ALLOCATE|[53]|Bytes:1
12:13:24.0 (62502594)|HEAP_ALLOCATE|[53]|Bytes:5
12:13:24.0 (62507068)|HEAP_ALLOCATE|[EXTERNAL]|Bytes:4
12:13:24.0 (62510383)|HEAP_ALLOCATE|[51]|Bytes:4
12:13:24.0 (62513063)|VARIABLE_ASSIGNMENT|[51]|j|30
12:13:24.0 (62514765)|STATEMENT_EXECUTE|[51]
12:13:24.0 (62516115)|STATEMENT_EXECUTE|[54]
12:13:24.0 (62517071)|STATEMENT_EXECUTE|[55]
12:13:24.0 (62522254)|HEAP_ALLOCATE|[55]|Bytes:2
12:13:24.0 (62529680)|HEAP_ALLOCATE|[55]|Bytes:2
12:13:24.0 (62534610)|HEAP_ALLOCATE|[55]|Bytes:5
12:13:24.0 (62539211)|HEAP_ALLOCATE|[55]|Bytes:2
12:13:24.0 (62546266)|HEAP_ALLOCATE|[55]|Bytes:2
12:13:24.0 (62551090)|HEAP_ALLOCATE|[55]|Bytes:5
12:13:24.0 (62555220)|HEAP_ALLOCATE|[EXTERNAL]|Bytes:4
12:13:24.0 (62558540)|HEAP_ALLOCATE|[51]|Bytes:4
12:13:24.0 (62561162)|VARIABLE_ASSIGNMENT|[51]|j|60
12:13:24.0 (62563040)|HEAP_ALLOCATE|[50]|Bytes:4
12:13:24.0 (62565186)|VARIABLE_ASSIGNMENT|[50]|i|13
12:13:24.0 (62566826)|STATEMENT_EXECUTE|[50]
12:13:24.0 (62568024)|STATEMENT_EXECUTE|[51]
12:13:24.0 (62569671)|VARIABLE_SCOPE_BEGIN|[51]|j|Integer|false|false
12:13:24.0 (62571151)|HEAP_ALLOCATE|[51]|Bytes:4
12:13:24.0 (62573344)|VARIABLE_ASSIGNMENT|[51]|j|0
12:13:24.0 (62574841)|STATEMENT_EXECUTE|[51]
12:13:24.0 (62576096)|STATEMENT_EXECUTE|[52]
12:13:24.0 (62577134)|STATEMENT_EXECUTE|[53]
12:13:24.0 (62582493)|HEAP_ALLOCATE|[53]|Bytes:2
12:13:24.0 (62589795)|HEAP_ALLOCATE|[53]|Bytes:1
12:13:24.0 (62594647)|HEAP_ALLOCATE|[53]|Bytes:5
12:13:24.0 (62599343)|HEAP_ALLOCATE|[53]|Bytes:2
12:13:24.0 (62606276)|HEAP_ALLOCATE|[53]|Bytes:1
12:13:24.0 (62611037)|HEAP_ALLOCATE|[53]|Bytes:5
12:13:24.0 (62615581)|HEAP_ALLOCATE|[EXTERNAL]|Bytes:4
12:13:24.0 (62618810)|HEAP_ALLOCATE|[51]|Bytes:4
12:13:24.0 (62621505)|VARIABLE_ASSIGNMENT|[51]|j|30
12:13:24.0 (62623197)|STATEMENT_EXECUTE|[51]
12:13:24.0 (62624556)|STATEMENT_EXECUTE|[54]
12:13:24.0 (62625535)|STATEMENT_EXECUTE|[55]
12:13:24.0 (62630949)|HEAP_ALLOCATE|[55]|Bytes:2
12:13:24.0 (62638246)|HEAP_ALLOCATE|[55]|Bytes:2
12:13:24.0 (62643181)|HEAP_ALLOCATE|[55]|Bytes:5
12:13:24.0 (62647747)|HEAP_ALLOCATE|[55]|Bytes:2
12:13:24.0 (62655486)|HEAP_ALLOCATE|[55]|Bytes:2
12:13:24.0 (62660220)|HEAP_ALLOCATE|[55]|Bytes:5
12:13:24.0 (62664527)|HEAP_ALLOCATE|[EXTERNAL]|Bytes:4
12:13:24.0 (62667770)|HEAP_ALLOCATE|[51]|Bytes:4
12:13:24.0 (62670336)|VARIABLE_ASSIGNMENT|[51]|j|60
12:13:24.0 (62672473)|HEAP_ALLOCATE|[50]|Bytes:4
12:13:24.0 (62674671)|VARIABLE_ASSIGNMENT|[50]|i|14
12:13:24.0 (62676275)|STATEMENT_EXECUTE|[50]
12:13:24.0 (62677479)|STATEMENT_EXECUTE|[51]
12:13:24.0 (62679127)|VARIABLE_SCOPE_BEGIN|[51]|j|Integer|false|false
12:13:24.0 (62680428)|HEAP_ALLOCATE|[51]|Bytes:4
12:13:24.0 (62682740)|VARIABLE_ASSIGNMENT|[51]|j|0
12:13:24.0 (62684173)|STATEMENT_EXECUTE|[51]
12:13:24.0 (62685460)|STATEMENT_EXECUTE|[52]
12:13:24.0 (62686412)|STATEMENT_EXECUTE|[53]
12:13:24.0 (62691972)|HEAP_ALLOCATE|[53]|Bytes:2
12:13:24.0 (62699368)|HEAP_ALLOCATE|[53]|Bytes:1
12:13:24.0 (62704342)|HEAP_ALLOCATE|[53]|Bytes:5
12:13:24.0 (62708899)|HEAP_ALLOCATE|[53]|Bytes:2
12:13:24.0 (62715910)|HEAP_ALLOCATE|[53]|Bytes:1
12:13:24.0 (62720664)|HEAP_ALLOCATE|[53]|Bytes:5
12:13:24.0 (62725228)|HEAP_ALLOCATE|[EXTERNAL]|Bytes:4
12:13:24.0 (62728514)|HEAP_ALLOCATE|[51]|Bytes:4
12:13:24.0 (62731176)|VARIABLE_ASSIGNMENT|[51]|j|30
12:13:24.0 (62732970)|STATEMENT_EXECUTE|[51]
12:13:24.0 (62734270)|STATEMENT_EXECUTE|[54]
12:13:24.0 (62735337)|STATEMENT_EXECUTE|[55]
12:13:24.0 (62740711)|HEAP_ALLOCATE|[55]|Bytes:2
12:13:24.0 (62748005)|HEAP_ALLOCATE|[55]|Bytes:2
12:13:24.0 (62752888)|HEAP_ALLOCATE|[55]|Bytes:5
12:13:24.0 (62757663)|HEAP_ALLOCATE|[55]|Bytes:2
12:13:24.0 (62764744)|HEAP_ALLOCATE|[55]|Bytes:2
12:13:24.0 (62769619)|HEAP_ALLOCATE|[55]|Bytes:5
12:13:24.0 (62773936)|HEAP_ALLOCATE|[EXTERNAL]|Bytes:4
12:13:24.0 (62777147)|HEAP_ALLOCATE|[51]|Bytes:4
12:13:24.0 (62779701)|VARIABLE_ASSIGNMENT|[51]|j|60
12:13:24.0 (62781584)|HEAP_ALLOCATE|[50]|Bytes:4
12:13:24.0 (62783749)|VARIABLE_ASSIGNMENT|[50]|i|15
12:13:24.0 (62785348)|STATEMENT_EXECUTE|[50]
12:13:24.0 (62786569)|STATEMENT_EXECUTE|[51]
12:13:24.0 (62788428)|VARIABLE_SCOPE_BEGIN|[51]|j|Integer|false|false
12:13:24.0 (62789887)|HEAP_ALLOCATE|[51]|Bytes:4
12:13:24.0 (62792157)|VARIABLE_ASSIGNMENT|[51]|j|0
12:13:24.0 (62793588)|STATEMENT_EXECUTE|[51]
12:13:24.0 (62794902)|STATEMENT_EXECUTE|[52]
12:13:24.0 (62795879)|STATEMENT_EXECUTE|[53]
12:13:24.0 (62801488)|HEAP_ALLOCATE|[53]|Bytes:2
12:13:24.0 (62808982)|HEAP_ALLOCATE|[53]|Bytes:1
12:13:24.0 (62813870)|HEAP_ALLOCATE|[53]|Bytes:5
12:13:24.0 (62818500)|HEAP_ALLOCATE|[53]|Bytes:2
12:13:24.0 (62825513)|HEAP_ALLOCATE|[53]|Bytes:1
12:13:24.0 (62830343)|HEAP_ALLOCATE|[53]|Bytes:5
12:13:24.0 (62834737)|HEAP_ALLOCATE|[EXTERNAL]|Bytes:4
12:13:24.0 (62837981)|HEAP_ALLOCATE|[51]|Bytes:4
12:13:24.0 (62840724)|VARIABLE_ASSIGNMENT|[51]|j|30
12:13:24.0 (62842495)|STATEMENT_EXECUTE|[51]
12:13:24.0 (62843765)|STATEMENT_EXECUTE|[54]
12:13:24.0 (62844749)|STATEMENT_EXECUTE|[55]
12:13:24.0 (62849974)|HEAP_ALLOCATE|[55]|Bytes:2
12:13:24.0 (62857338)|HEAP_ALLOCATE|[55]|Bytes:2
12:13:24.0 (62862300)|HEAP_ALLOCATE|[55]|Bytes:5
12:13:24.0 (62866977)|HEAP_ALLOCATE|[55]|Bytes:2
12:13:24.0 (62874268)|HEAP_ALLOCATE|[55]|Bytes:2
12:13:24.0 (62879145)|HEAP_ALLOCATE|[55]|Bytes:5
12:13:24.0 (62883315)|HEAP_ALLOCATE|[EXTERNAL]|Bytes:4
12:13:24.0 (62886559)|HEAP_ALLOCATE|[51]|Bytes:4
12:13:24.0 (62889155)|VARIABLE_ASSIGNMENT|[51]|j|60
12:13:24.0 (62891092)|HEAP_ALLOCATE|[50]|Bytes:4
12:13:24.0 (62893433)|VARIABLE_ASSIGNMENT|[50]|i|16
12:13:24.0 (62894957)|STATEMENT_EXECUTE|[50]
12:13:24.0 (62896234)|STATEMENT_EXECUTE|[51]
12:13:24.0 (62897928)|VARIABLE_SCOPE_BEGIN|[51]|j|Integer|false|false
12:13:24.0 (62899216)|HEAP_ALLOCATE|[51]|Bytes:4
12:13:24.0 (62901458)|VARIABLE_ASSIGNMENT|[51]|j|0
12:13:24.0 (62902885)|STATEMENT_EXECUTE|[51]
12:13:24.0 (62904166)|STATEMENT_EXECUTE|[52]
12:13:24.0 (62905148)|STATEMENT_EXECUTE|[53]
12:13:24.0 (62910553)|HEAP_ALLOCATE|[53]|Bytes:2
12:13:24.0 (62918118)|HEAP_ALLOCATE|[53]|Bytes:1
12:13:24.0 (62922898)|HEAP_ALLOCATE|[53]|Bytes:5
12:13:24.0 (62927493)|HEAP_ALLOCATE|[53]|Bytes:2
12:13:24.0 (62934417)|HEAP_ALLOCATE|[53]|Bytes:1
12:13:24.0 (62939114)|HEAP_ALLOCATE|[53]|Bytes:5
12:13:24.0 (62943670)|HEAP_ALLOCATE|[EXTERNAL]|Bytes:4
12:13:24.0 (62946954)|HEAP_ALLOCATE|[51]|Bytes:4
12:13:24.0 (62949614)|VARIABLE_ASSIGNMENT|[51]|j|30
12:13:24.0 (62951318)|STATEMENT_EXECUTE|[51]
12:13:24.0 (62952639)|STATEMENT_EXECUTE|[54]
12:13:24.0 (62953595)|STATEMENT_EXECUTE|[55]
12:13:24.0 (62958836)|HEAP_ALLOCATE|[55]|Bytes:2
12:13:24.0 (62966176)|HEAP_ALLOCATE|[55]|Bytes:2
12:13:24.0 (62971218)|HEAP_ALLOCATE|[55]|Bytes:5
12:13:24.0 (62975917)|HEAP_ALLOCATE|[55]|Bytes:2
12:13:24.0 (62982998)|HEAP_ALLOCATE|[55]|Bytes:2
12:13:24.0 (62987801)|HEAP_ALLOCATE|[55]|Bytes:5
12:13:24.0 (62991881)|HEAP_ALLOCATE|[EXTERNAL]|Bytes:4
12:13:24.0 (62995385)|HEAP_ALLOCATE|[51]|Bytes:4
12:13:24.0 (62997965)|VARIABLE_ASSIGNMENT|[51]|j|60
12:13:24.0 (62999856)|HEAP_ALLOCATE|[50]|Bytes:4
12:13:24.0 (63001995)|VARIABLE_ASSIGNMENT|[50]|i|17
12:13:24.0 (63004015)|STATEMENT_EXECUTE|[50]
12:13:24.0 (63005199)|STATEMENT_EXECUTE|[51]
12:13:24.0 (63006833)|VARIABLE_SCOPE_BEGIN|[51]|j|Integer|false|false
12:13:24.0 (63008788)|HEAP_ALLOCATE|[51]|Bytes:4
12:13:24.0 (63011042)|VARIABLE_ASSIGNMENT|[51]|j|0
12:13:24.0 (63012512)|STATEMENT_EXECUTE|[51]
12:13:24.0 (63013801)|STATEMENT_EXECUTE|[52]
12:13:24.0 (63014791)|STATEMENT_EXECUTE|[53]
12:13:24.0 (63020498)|HEAP_ALLOCATE|[53]|Bytes:2
12:13:24.0 (63027818)|HEAP_ALLOCATE|[53]|Bytes:1
12:13:24.0 (63032747)|HEAP_ALLOCATE|[53]|Bytes:5
12:13:24.0 (63037312)|HEAP_ALLOCATE|[53]|Bytes:2
12:13:24.0 (63044341)|HEAP_ALLOCATE|[53]|Bytes:1
12:13:24.0 (63049247)|HEAP_ALLOCATE|[53]|Bytes:5
12:13:24.0 (63053596)|HEAP_ALLOCATE|[EXTERNAL]|Bytes:4
12:13:24.0 (63056784)|HEAP_ALLOCATE|[51]|Bytes:4
12:13:24.0 (63059464)|VARIABLE_ASSIGNMENT|[51]|j|30
12:13:24.0 (63061169)|STATEMENT_EXECUTE|[51]
12:13:24.0 (63062508)|STATEMENT_EXECUTE|[54]
12:13:24.0 (63063462)|STATEMENT_EXECUTE|[55]
12:13:24.0 (63068613)|HEAP_ALLOCATE|[55]|Bytes:2
12:13:24.0 (63076105)|HEAP_ALLOCATE|[55]|Bytes:2
12:13:24.0 (63081101)|HEAP_ALLOCATE|[55]|Bytes:5
12:13:24.0 (63085725)|HEAP_ALLOCATE|[55]|Bytes:2
12:13:24.0 (63092963)|HEAP_ALLOCATE|[55]|Bytes:2
12:13:24.0 (63097743)|HEAP_ALLOCATE|[55]|Bytes:5
12:13:24.0 (63101912)|HEAP_ALLOCATE|[EXTERNAL]|Bytes:4
12:13:24.0 (63105225)|HEAP_ALLOCATE|[51]|Bytes:4
12:13:24.0 (63107811)|VARIABLE_ASSIGNMENT|[51]|j|60
12:13:24.0 (63109686)|HEAP_ALLOCATE|[50]|Bytes:4
12:13:24.0 (63111816)|VARIABLE_ASSIGNMENT|[50]|i|18
12:13:24.0 (63113383)|STATEMENT_EXECUTE|[50]
12:13:24.0 (63114560)|STATEMENT_EXECUTE|[51]
12:13:24.0 (63116278)|VARIABLE_SCOPE_BEGIN|[51]|j|Integer|false|false
12:13:24.0 (63117565)|HEAP_ALLOCATE|[51]|Bytes:4
12:13:24.0 (63119808)|VARIABLE_ASSIGNMENT|[51]|j|0
12:13:24.0 (63121268)|STATEMENT_EXECUTE|[51]
12:13:24.0 (63122540)|STATEMENT_EXECUTE|[52]
12:13:24.0 (63123481)|STATEMENT_EXECUTE|[53]
12:13:24.0 (63129104)|HEAP_ALLOCATE|[53]|Bytes:2
12:13:24.0 (63136614)|HEAP_ALLOCATE|[53]|Bytes:1
12:13:24.0 (63141479)|HEAP_ALLOCATE|[53]|Bytes:5
12:13:24.0 (63146008)|HEAP_ALLOCATE|[53]|Bytes:2
12:13:24.0 (63152989)|HEAP_ALLOCATE|[53]|Bytes:1
12:13:24.0 (63157768)|HEAP_ALLOCATE|[53]|Bytes:5
12:13:24.0 (63162420)|HEAP_ALLOCATE|[EXTERNAL]|Bytes:4
12:13:24.0 (63165702)|HEAP_ALLOCATE|[51]|Bytes:4
12:13:24.0 (63168334)|VARIABLE_ASSIGNMENT|[51]|j|30
12:13:24.0 (63170087)|STATEMENT_EXECUTE|[51]
12:13:24.0 (63171385)|STATEMENT_EXECUTE|[54]
12:13:24.0 (63172359)|STATEMENT_EXECUTE|[55]
12:13:24.0 (63177757)|HEAP_ALLOCATE|[55]|Bytes:2
12:13:24.0 (63185145)|HEAP_ALLOCATE|[55]|Bytes:2
12:13:24.0 (63190389)|HEAP_ALLOCATE|[55]|Bytes:5
12:13:24.0 (63195114)|HEAP_ALLOCATE|[55]|Bytes:2
12:13:24.0 (63202403)|HEAP_ALLOCATE|[55]|Bytes:2
12:13:24.0 (63207337)|HEAP_ALLOCATE|[55]|Bytes:5
12:13:24.0 (63212070)|HEAP_ALLOCATE|[EXTERNAL]|Bytes:4
12:13:24.0 (63215396)|HEAP_ALLOCATE|[51]|Bytes:4
12:13:24.0 (63218167)|VARIABLE_ASSIGNMENT|[51]|j|60
12:13:24.0 (63220050)|HEAP_ALLOCATE|[50]|Bytes:4
12:13:24.0 (63222275)|VARIABLE_ASSIGNMENT|[50]|i|19
12:13:24.0 (63224220)|STATEMENT_EXECUTE|[50]
12:13:24.0 (63225398)|STATEMENT_EXECUTE|[51]
12:13:24.0 (63227094)|VARIABLE_SCOPE_BEGIN|[51]|j|Integer|false|false
12:13:24.0 (63228891)|HEAP_ALLOCATE|[51]|Bytes:4
12:13:24.0 (63231266)|VARIABLE_ASSIGNMENT|[51]|j|0
12:13:24.0 (63232669)|STATEMENT_EXECUTE|[51]
12:13:24.0 (63234007)|STATEMENT_EXECUTE|[52]
12:13:24.0 (63234963)|STATEMENT_EXECUTE|[53]
12:13:24.0 (63240354)|HEAP_ALLOCATE|[53]|Bytes:2
12:13:24.0 (63247698)|HEAP_ALLOCATE|[53]|Bytes:1
12:13:24.0 (63252552)|HEAP_ALLOCATE|[53]|Bytes:5
12:13:24.0 (63257082)|HEAP_ALLOCATE|[53]|Bytes:2
12:13:24.0 (63264175)|HEAP_ALLOCATE|[53]|Bytes:1
12:13:24.0 (63272972)|HEAP_ALLOCATE|[53]|Bytes:5
12:13:24.0 (63280924)|HEAP_ALLOCATE|[EXTERNAL]|Bytes:4
12:13:24.0 (63286631)|HEAP_ALLOCATE|[51]|Bytes:4
12:13:24.0 (63292133)|VARIABLE_ASSIGNMENT|[51]|j|30
12:13:24.0 (63295430)|STATEMENT_EXECUTE|[51]
12:13:24.0 (63297501)|STATEMENT_EXECUTE|[54]
12:13:24.0 (63298865)|STATEMENT_EXECUTE|[55]
12:13:24.0 (63312013)|HEAP_ALLOCATE|[55]|Bytes:2
12:13:24.0 (63328394)|HEAP_ALLOCATE|[55]|Bytes:2
12:13:24.0 (63337962)|HEAP_ALLOCATE|[55]|Bytes:5
12:13:24.0 (63346395)|HEAP_ALLOCATE|[55]|Bytes:2
12:13:24.0 (63358422)|HEAP_ALLOCATE|[55]|Bytes:2
12:13:24.0 (63365394)|HEAP_ALLOCATE|[55]|Bytes:5
12:13:24.0 (63372226)|HEAP_ALLOCATE|[EXTERNAL]|Bytes:4
12:13:24.0 (63376407)|HEAP_ALLOCATE|[51]|Bytes:4
12:13:24.0 (63381117)|VARIABLE_ASSIGNMENT|[51]|j|60
12:13:24.0 (63383739)|HEAP_ALLOCATE|[50]|Bytes:4
12:13:24.0 (63386073)|VARIABLE_ASSIGNMENT|[50]|i|20
12:13:24.0 (63388128)|STATEMENT_EXECUTE|[50]
12:13:24.0 (63389583)|STATEMENT_EXECUTE|[51]
12:13:24.0 (63391594)|VARIABLE_SCOPE_BEGIN|[51]|j|Integer|false|false
12:13:24.0 (63393573)|HEAP_ALLOCATE|[51]|Bytes:4
12:13:24.0 (63395949)|VARIABLE_ASSIGNMENT|[51]|j|0
12:13:24.0 (63397639)|STATEMENT_EXECUTE|[51]
12:13:24.0 (63399021)|STATEMENT_EXECUTE|[52]
12:13:24.0 (63399995)|STATEMENT_EXECUTE|[53]
12:13:24.0 (63407001)|HEAP_ALLOCATE|[53]|Bytes:2
12:13:24.0 (63414959)|HEAP_ALLOCATE|[53]|Bytes:1
12:13:24.0 (63420011)|HEAP_ALLOCATE|[53]|Bytes:5
12:13:24.0 (63424723)|HEAP_ALLOCATE|[53]|Bytes:2
12:13:24.0 (63431676)|HEAP_ALLOCATE|[53]|Bytes:1
12:13:24.0 (63436546)|HEAP_ALLOCATE|[53]|Bytes:5
12:13:24.0 (63441407)|HEAP_ALLOCATE|[EXTERNAL]|Bytes:4
12:13:24.0 (63445021)|HEAP_ALLOCATE|[51]|Bytes:4
12:13:24.0 (63448019)|VARIABLE_ASSIGNMENT|[51]|j|30
12:13:24.0 (63449720)|STATEMENT_EXECUTE|[51]
12:13:24.0 (63451071)|STATEMENT_EXECUTE|[54]
12:13:24.0 (63452036)|STATEMENT_EXECUTE|[55]
12:13:24.0 (63457701)|HEAP_ALLOCATE|[55]|Bytes:2
12:13:24.0 (63465391)|HEAP_ALLOCATE|[55]|Bytes:2
12:13:24.0 (63470361)|HEAP_ALLOCATE|[55]|Bytes:5
12:13:24.0 (63475121)|HEAP_ALLOCATE|[55]|Bytes:2
12:13:24.0 (63482171)|HEAP_ALLOCATE|[55]|Bytes:2
12:13:24.0 (63486980)|HEAP_ALLOCATE|[55]|Bytes:5
12:13:24.0 (63491281)|HEAP_ALLOCATE|[EXTERNAL]|Bytes:4
12:13:24.0 (63494568)|HEAP_ALLOCATE|[51]|Bytes:4
12:13:24.0 (63497262)|VARIABLE_ASSIGNMENT|[51]|j|60
12:13:24.0 (63499178)|HEAP_ALLOCATE|[50]|Bytes:4
12:13:24.0 (63501460)|VARIABLE_ASSIGNMENT|[50]|i|21
12:13:24.0 (63503139)|STATEMENT_EXECUTE|[50]
12:13:24.0 (63504372)|STATEMENT_EXECUTE|[51]
12:13:24.0 (63506140)|VARIABLE_SCOPE_BEGIN|[51]|j|Integer|false|false
12:13:24.0 (63507519)|HEAP_ALLOCATE|[51]|Bytes:4
12:13:24.0 (63509931)|VARIABLE_ASSIGNMENT|[51]|j|0
12:13:24.0 (63511418)|STATEMENT_EXECUTE|[51]
12:13:24.0 (63512749)|STATEMENT_EXECUTE|[52]
12:13:24.0 (63513712)|STATEMENT_EXECUTE|[53]
12:13:24.0 (63519400)|HEAP_ALLOCATE|[53]|Bytes:2
12:13:24.0 (63526980)|HEAP_ALLOCATE|[53]|Bytes:1
12:13:24.0 (63531932)|HEAP_ALLOCATE|[53]|Bytes:5
12:13:24.0 (63536497)|HEAP_ALLOCATE|[53]|Bytes:2
12:13:24.0 (63543527)|HEAP_ALLOCATE|[53]|Bytes:1
12:13:24.0 (63548207)|HEAP_ALLOCATE|[53]|Bytes:5
12:13:24.0 (63552692)|HEAP_ALLOCATE|[EXTERNAL]|Bytes:4
12:13:24.0 (63556014)|HEAP_ALLOCATE|[51]|Bytes:4
12:13:24.0 (63558841)|VARIABLE_ASSIGNMENT|[51]|j|30
12:13:24.0 (63560603)|STATEMENT_EXECUTE|[51]
12:13:24.0 (63561938)|STATEMENT_EXECUTE|[54]
12:13:24.0 (63562889)|STATEMENT_EXECUTE|[55]
12:13:24.0 (63568329)|HEAP_ALLOCATE|[55]|Bytes:2
12:13:24.0 (63575846)|HEAP_ALLOCATE|[55]|Bytes:2
12:13:24.0 (63580962)|HEAP_ALLOCATE|[55]|Bytes:5
12:13:24.0 (63585526)|HEAP_ALLOCATE|[55]|Bytes:2
12:13:24.0 (63592573)|HEAP_ALLOCATE|[55]|Bytes:2
12:13:24.0 (63597492)|HEAP_ALLOCATE|[55]|Bytes:5
12:13:24.0 (63601648)|HEAP_ALLOCATE|[EXTERNAL]|Bytes:4
12:13:24.0 (63604941)|HEAP_ALLOCATE|[51]|Bytes:4
12:13:24.0 (63607622)|VARIABLE_ASSIGNMENT|[51]|j|60
12:13:24.0 (63609496)|HEAP_ALLOCATE|[50]|Bytes:4
12:13:24.0 (63611917)|VARIABLE_ASSIGNMENT|[50]|i|22
12:13:24.0 (63613567)|STATEMENT_EXECUTE|[50]
12:13:24.0 (63614771)|STATEMENT_EXECUTE|[51]
12:13:24.0 (63616458)|VARIABLE_SCOPE_BEGIN|[51]|j|Integer|false|false
12:13:24.0 (63617742)|HEAP_ALLOCATE|[51]|Bytes:4
12:13:24.0 (63620419)|VARIABLE_ASSIGNMENT|[51]|j|0
12:13:24.0 (63624884)|STATEMENT_EXECUTE|[51]
12:13:24.0 (63626324)|STATEMENT_EXECUTE|[52]
12:13:24.0 (63627284)|STATEMENT_EXECUTE|[53]
12:13:24.0 (63633694)|HEAP_ALLOCATE|[53]|Bytes:2
12:13:24.0 (63641527)|HEAP_ALLOCATE|[53]|Bytes:1
12:13:24.0 (63646542)|HEAP_ALLOCATE|[53]|Bytes:5
12:13:24.0 (63651163)|HEAP_ALLOCATE|[53]|Bytes:2
12:13:24.0 (63658212)|HEAP_ALLOCATE|[53]|Bytes:1
12:13:24.0 (63663007)|HEAP_ALLOCATE|[53]|Bytes:5
12:13:24.0 (63667931)|HEAP_ALLOCATE|[EXTERNAL]|Bytes:4
12:13:24.0 (63671392)|HEAP_ALLOCATE|[51]|Bytes:4
12:13:24.0 (63674253)|VARIABLE_ASSIGNMENT|[51]|j|30
12:13:24.0 (63676020)|STATEMENT_EXECUTE|[51]
12:13:24.0 (63677361)|STATEMENT_EXECUTE|[54]
12:13:24.0 (63678331)|STATEMENT_EXECUTE|[55]
12:13:24.0 (63683911)|HEAP_ALLOCATE|[55]|Bytes:2
12:13:24.0 (63691334)|HEAP_ALLOCATE|[55]|Bytes:2
12:13:24.0 (63696427)|HEAP_ALLOCATE|[55]|Bytes:5
12:13:24.0 (63701150)|HEAP_ALLOCATE|[55]|Bytes:2
12:13:24.0 (63708233)|HEAP_ALLOCATE|[55]|Bytes:2
12:13:24.0 (63713138)|HEAP_ALLOCATE|[55]|Bytes:5
12:13:24.0 (63717431)|HEAP_ALLOCATE|[EXTERNAL]|Bytes:4
12:13:24.0 (63720706)|HEAP_ALLOCATE|[51]|Bytes:4
12:13:24.0 (63723347)|VARIABLE_ASSIGNMENT|[51]|j|60
12:13:24.0 (63725220)|HEAP_ALLOCATE|[50]|Bytes:4
12:13:24.0 (63727474)|VARIABLE_ASSIGNMENT|[50]|i|23
12:13:24.0 (63729089)|STATEMENT_EXECUTE|[50]
12:13:24.0 (63730318)|STATEMENT_EXECUTE|[51]
12:13:24.0 (63732004)|VARIABLE_SCOPE_BEGIN|[51]|j|Integer|false|false
12:13:24.0 (63733369)|HEAP_ALLOCATE|[51]|Bytes:4
12:13:24.0 (63735818)|VARIABLE_ASSIGNMENT|[51]|j|0
12:13:24.0 (63737404)|STATEMENT_EXECUTE|[51]
12:13:24.0 (63738646)|STATEMENT_EXECUTE|[52]
12:13:24.0 (63739593)|STATEMENT_EXECUTE|[53]
12:13:24.0 (63745234)|HEAP_ALLOCATE|[53]|Bytes:2
12:13:24.0 (63752772)|HEAP_ALLOCATE|[53]|Bytes:1
12:13:24.0 (63757537)|HEAP_ALLOCATE|[53]|Bytes:5
12:13:24.0 (63762098)|HEAP_ALLOCATE|[53]|Bytes:2
12:13:24.0 (63769246)|HEAP_ALLOCATE|[53]|Bytes:1
12:13:24.0 (63774010)|HEAP_ALLOCATE|[53]|Bytes:5
12:13:24.0 (63778336)|HEAP_ALLOCATE|[EXTERNAL]|Bytes:4
12:13:24.0 (63781638)|HEAP_ALLOCATE|[51]|Bytes:4
12:13:24.0 (63784341)|VARIABLE_ASSIGNMENT|[51]|j|30
12:13:24.0 (63786036)|STATEMENT_EXECUTE|[51]
12:13:24.0 (63787328)|STATEMENT_EXECUTE|[54]
12:13:24.0 (63788328)|STATEMENT_EXECUTE|[55]
12:13:24.0 (63793649)|HEAP_ALLOCATE|[55]|Bytes:2
12:13:24.0 (63801104)|HEAP_ALLOCATE|[55]|Bytes:2
12:13:24.0 (63806022)|HEAP_ALLOCATE|[55]|Bytes:5
12:13:24.0 (63810634)|HEAP_ALLOCATE|[55]|Bytes:2
12:13:24.0 (63817683)|HEAP_ALLOCATE|[55]|Bytes:2
12:13:24.0 (63822789)|HEAP_ALLOCATE|[55]|Bytes:5
12:13:24.0 (63827029)|HEAP_ALLOCATE|[EXTERNAL]|Bytes:4
12:13:24.0 (63830327)|HEAP_ALLOCATE|[51]|Bytes:4
12:13:24.0 (63832922)|VARIABLE_ASSIGNMENT|[51]|j|60
12:13:24.0 (63834811)|HEAP_ALLOCATE|[50]|Bytes:4
12:13:24.0 (63836942)|VARIABLE_ASSIGNMENT|[50]|i|24
12:13:24.0 (63838912)|STATEMENT_EXECUTE|[59]
12:13:24.0 (64067422)|SYSTEM_MODE_ENTER|true
12:13:24.0 (64091477)|HEAP_ALLOCATE|[EXTERNAL]|Bytes:80
12:13:24.0 (64156487)|VARIABLE_ASSIGNMENT|[EXTERNAL]|this|{"delToHub":true,"delToProj":false,"detail":"0x56c3967a","invoked":false,"rejected":false,"reserved":false,"sublocations1":"0x6106d4c0","www":"0x255aff85","wwwById":"0x18d79165"}|0x76e6bc53
12:13:24.0 (64168411)|STATEMENT_EXECUTE|[78]
12:13:24.0 (64171655)|STATEMENT_EXECUTE|[80]
12:13:24.0 (64172772)|STATEMENT_EXECUTE|[81]
12:13:24.0 (64175937)|HEAP_ALLOCATE|[81]|Bytes:4
12:13:24.0 (64186522)|VARIABLE_ASSIGNMENT|[81]|this.selectedTime3|"8:00"|0x76e6bc53
12:13:24.0 (64188890)|STATEMENT_EXECUTE|[83]
12:13:24.0 (74044714)|VF_SERIALIZE_VIEWSTATE_BEGIN|06624000003h0Dg
12:13:24.0 (78057545)|VF_SERIALIZE_VIEWSTATE_END
12:13:24.80 (80674556)|CUMULATIVE_LIMIT_USAGE
12:13:24.80 (80674556)|LIMIT_USAGE_FOR_NS|(default)|
  Number of SOQL queries: 3 out of 100
  Number of query rows: 11 out of 50000
  Number of SOSL queries: 0 out of 20
  Number of DML statements: 0 out of 150
  Number of DML rows: 0 out of 10000
  Maximum CPU time: 0 out of 10000
  Maximum heap size: 0 out of 6000000
  Number of callouts: 0 out of 100
  Number of Email Invocations: 0 out of 10
  Number of future calls: 0 out of 50
  Number of queueable jobs added to the queue: 0 out of 50
  Number of Mobile Apex push calls: 0 out of 10

12:13:24.80 (80674556)|CUMULATIVE_LIMIT_USAGE_END

12:13:24.0 (80705855)|CODE_UNIT_FINISHED|VF: /apex/New_delivered_detail
12:13:24.0 (81486669)|EXECUTION_FINISHED
