39.0 APEX_CODE,FINEST;APEX_PROFILING,INFO;CALLOUT,INFO;DB,INFO;SYSTEM,DEBUG;VALIDATION,INFO;VISUALFORCE,INFO;WAVE,INFO;WORKFLOW,INFO
15:46:17.0 (55471)|USER_INFO|[EXTERNAL]|00524000001e3Uj|bedrijfsbureau@gsa.nl.sandbox|Midden-Europese standaardtijd|GMT+01:00
15:46:17.0 (82355)|EXECUTION_STARTED
15:46:17.0 (86107)|CODE_UNIT_STARTED|[EXTERNAL]|VisualForce View State
15:46:17.0 (5827491)|HEAP_ALLOCATE|[72]|Bytes:3
15:46:17.0 (5861778)|HEAP_ALLOCATE|[77]|Bytes:152
15:46:17.0 (5874949)|HEAP_ALLOCATE|[342]|Bytes:408
15:46:17.0 (5888708)|HEAP_ALLOCATE|[355]|Bytes:408
15:46:17.0 (5901544)|HEAP_ALLOCATE|[467]|Bytes:48
15:46:17.0 (5925551)|HEAP_ALLOCATE|[139]|Bytes:6
15:46:17.0 (9843684)|CODE_UNIT_FINISHED|VisualForce View State
15:46:17.0 (10593710)|EXECUTION_FINISHED
15:46:17.641 (641650712)|USER_INFO|[EXTERNAL]|00524000001e3Uj|bedrijfsbureau@gsa.nl.sandbox|Midden-Europese standaardtijd|GMT+01:00
15:46:17.641 (642331447)|SYSTEM_MODE_ENTER|true
15:46:17.641 (643926826)|HEAP_ALLOCATE|[EXTERNAL]|Bytes:120
15:46:17.641 (643942840)|HEAP_ALLOCATE|[EXTERNAL]|Bytes:10
15:46:17.641 (643965680)|SYSTEM_METHOD_ENTRY|[1]|pagemessagecomponentcontroller.pagemessagecomponentcontroller()
15:46:17.641 (643970884)|STATEMENT_EXECUTE|[1]
15:46:18.293 (1293155788)|CUMULATIVE_LIMIT_USAGE
15:46:18.293 (1293155788)|LIMIT_USAGE_FOR_NS|(default)|
  Number of SOQL queries: 0 out of 100
  Number of query rows: 0 out of 50000
  Number of SOSL queries: 0 out of 20
  Number of DML statements: 0 out of 150
  Number of DML rows: 0 out of 10000
  Maximum CPU time: 0 out of 10000
  Maximum heap size: 0 out of 6000000
  Number of callouts: 0 out of 100
  Number of Email Invocations: 0 out of 10
  Number of future calls: 0 out of 50
  Number of queueable jobs added to the queue: 0 out of 50
  Number of Mobile Apex push calls: 0 out of 10

15:46:18.293 (1293155788)|CUMULATIVE_LIMIT_USAGE_END

