37.0 APEX_CODE,DEBUG;APEX_PROFILING,INFO;CALLOUT,INFO;DB,INFO;SYSTEM,DEBUG;VALIDATION,INFO;VISUALFORCE,INFO;WAVE,INFO;WORKFLOW,INFO
16:08:37.0 (267514)|USER_INFO|[EXTERNAL]|00524000001e3Uj|bedrijfsbureau@gsa.nl.sandbox|Midden-Europese standaardtijd|GMT+02:00
16:08:37.0 (299792)|EXECUTION_STARTED
16:08:37.0 (304190)|CODE_UNIT_STARTED|[EXTERNAL]|01p2400000DcU1B|ProductUtilTest.uniqueProd
16:08:37.0 (952996)|SYSTEM_MODE_ENTER|false
16:08:37.0 (962022)|SYSTEM_MODE_EXIT|false
16:08:37.0 (1006460)|SYSTEM_MODE_ENTER|false
16:08:37.0 (3797829)|DML_BEGIN|[28]|Op:Insert|Type:ActiveTrigger__c|Rows:9
16:08:37.0 (46317196)|DML_END|[28]
16:08:37.0 (46605915)|DML_BEGIN|[5]|Op:Insert|Type:Product2|Rows:1
16:08:37.0 (98744337)|CODE_UNIT_STARTED|[EXTERNAL]|01q24000000qIfX|ProductTrigger on Product2 trigger event BeforeInsert for [new]
16:08:37.0 (104910170)|SOQL_EXECUTE_BEGIN|[20]|Aggregations:0|SELECT Name FROM Product2 WHERE Name = :tmpVar1
16:08:37.0 (108157759)|SOQL_EXECUTE_END|[20]|Rows:0
16:08:37.108 (108334684)|CUMULATIVE_LIMIT_USAGE
16:08:37.108 (108334684)|LIMIT_USAGE_FOR_NS|(default)|
  Number of SOQL queries: 1 out of 100
  Number of query rows: 0 out of 50000
  Number of SOSL queries: 0 out of 20
  Number of DML statements: 2 out of 150
  Number of DML rows: 10 out of 10000
  Maximum CPU time: 0 out of 10000
  Maximum heap size: 0 out of 6000000
  Number of callouts: 0 out of 100
  Number of Email Invocations: 0 out of 10
  Number of future calls: 0 out of 50
  Number of queueable jobs added to the queue: 0 out of 50
  Number of Mobile Apex push calls: 0 out of 10

16:08:37.108 (108334684)|CUMULATIVE_LIMIT_USAGE_END

16:08:37.0 (109125454)|CODE_UNIT_FINISHED|ProductTrigger on Product2 trigger event BeforeInsert for [new]
16:08:37.0 (162985904)|CODE_UNIT_STARTED|[EXTERNAL]|01q24000000qIfX|ProductTrigger on Product2 trigger event AfterInsert for [01t9E000000nbrP]
16:08:37.163 (163352246)|CUMULATIVE_LIMIT_USAGE
16:08:37.163 (163352246)|LIMIT_USAGE_FOR_NS|(default)|
  Number of SOQL queries: 1 out of 100
  Number of query rows: 0 out of 50000
  Number of SOSL queries: 0 out of 20
  Number of DML statements: 2 out of 150
  Number of DML rows: 10 out of 10000
  Maximum CPU time: 0 out of 10000
  Maximum heap size: 0 out of 6000000
  Number of callouts: 0 out of 100
  Number of Email Invocations: 0 out of 10
  Number of future calls: 0 out of 50
  Number of queueable jobs added to the queue: 0 out of 50
  Number of Mobile Apex push calls: 0 out of 10

16:08:37.163 (163352246)|CUMULATIVE_LIMIT_USAGE_END

16:08:37.0 (164076344)|CODE_UNIT_FINISHED|ProductTrigger on Product2 trigger event AfterInsert for [01t9E000000nbrP]
16:08:37.0 (164665221)|DML_END|[5]
16:08:37.0 (164683909)|SYSTEM_MODE_EXIT|false
16:08:37.164 (164693923)|CUMULATIVE_LIMIT_USAGE
16:08:37.164 (164693923)|LIMIT_USAGE_FOR_NS|(default)|
  Number of SOQL queries: 1 out of 100
  Number of query rows: 0 out of 50000
  Number of SOSL queries: 0 out of 20
  Number of DML statements: 2 out of 150
  Number of DML rows: 10 out of 10000
  Maximum CPU time: 0 out of 10000
  Maximum heap size: 0 out of 6000000
  Number of callouts: 0 out of 100
  Number of Email Invocations: 0 out of 10
  Number of future calls: 0 out of 50
  Number of queueable jobs added to the queue: 0 out of 50
  Number of Mobile Apex push calls: 0 out of 10

16:08:37.164 (164693923)|CUMULATIVE_LIMIT_USAGE_END

16:08:37.0 (164714000)|CODE_UNIT_FINISHED|ProductUtilTest.uniqueProd
16:08:37.0 (165676598)|EXECUTION_FINISHED
