39.0 APEX_CODE,DEBUG;APEX_PROFILING,INFO;CALLOUT,INFO;DB,INFO;SYSTEM,DEBUG;VALIDATION,INFO;VISUALFORCE,INFO;WAVE,INFO;WORKFLOW,INFO
15:03:05.0 (67438)|USER_INFO|[EXTERNAL]|00524000001e3Uj|bedrijfsbureau@gsa.nl.sandbox|Midden-Europese standaardtijd|GMT+02:00
15:03:05.0 (94491)|EXECUTION_STARTED
15:03:05.0 (99356)|CODE_UNIT_STARTED|[EXTERNAL]|0669E0000000KhW|VF: /apex/ProjectItemsAfroepen
15:03:05.0 (221741)|VF_DESERIALIZE_VIEWSTATE_BEGIN|0669E0000000KhW
15:03:05.0 (6194155)|VF_DESERIALIZE_VIEWSTATE_END
15:03:05.0 (6684815)|SYSTEM_MODE_ENTER|true
15:03:05.0 (6916134)|SYSTEM_MODE_ENTER|false
15:03:05.0 (6922157)|SYSTEM_MODE_EXIT|false
15:03:05.0 (6936627)|SYSTEM_MODE_ENTER|false
15:03:05.0 (6941681)|SYSTEM_MODE_EXIT|false
15:03:05.0 (7066651)|SYSTEM_MODE_ENTER|true
15:03:05.0 (7094918)|SYSTEM_MODE_ENTER|false
15:03:05.0 (7099824)|SYSTEM_MODE_EXIT|false
15:03:05.0 (7153347)|SYSTEM_MODE_ENTER|true
15:03:05.0 (7349956)|SYSTEM_MODE_ENTER|true
15:03:05.0 (7486539)|SYSTEM_MODE_ENTER|false
15:03:05.0 (7959440)|SOQL_EXECUTE_BEGIN|[34]|Aggregations:0|SELECT Id, Name FROM Projecten__c WHERE Name LIKE :tmpVar1 LIMIT 5
15:03:05.0 (12613540)|SOQL_EXECUTE_END|[34]|Rows:1
15:03:05.0 (12781315)|SYSTEM_MODE_EXIT|false
15:03:05.0 (17276688)|SYSTEM_MODE_ENTER|true
15:03:05.0 (17319467)|SYSTEM_MODE_ENTER|false
15:03:05.0 (17326760)|SYSTEM_MODE_EXIT|false
15:03:05.0 (17531565)|SYSTEM_MODE_ENTER|true
15:03:05.0 (17560599)|SYSTEM_MODE_ENTER|false
15:03:05.0 (17565402)|SYSTEM_MODE_EXIT|false
15:03:05.0 (17630913)|SYSTEM_MODE_ENTER|true
15:03:05.0 (19106893)|VF_SERIALIZE_VIEWSTATE_BEGIN|0669E0000000KhW
15:03:05.0 (21113591)|VF_SERIALIZE_VIEWSTATE_END
15:03:05.23 (23059129)|CUMULATIVE_LIMIT_USAGE
15:03:05.23 (23059129)|LIMIT_USAGE_FOR_NS|(default)|
  Number of SOQL queries: 1 out of 100
  Number of query rows: 1 out of 50000
  Number of SOSL queries: 0 out of 20
  Number of DML statements: 0 out of 150
  Number of DML rows: 0 out of 10000
  Maximum CPU time: 0 out of 10000
  Maximum heap size: 0 out of 6000000
  Number of callouts: 0 out of 100
  Number of Email Invocations: 0 out of 10
  Number of future calls: 0 out of 50
  Number of queueable jobs added to the queue: 0 out of 50
  Number of Mobile Apex push calls: 0 out of 10

15:03:05.23 (23059129)|CUMULATIVE_LIMIT_USAGE_END

15:03:05.0 (23092044)|CODE_UNIT_FINISHED|VF: /apex/ProjectItemsAfroepen
15:03:05.0 (23942131)|EXECUTION_FINISHED
