38.0 APEX_CODE,FINEST;APEX_PROFILING,INFO;CALLOUT,INFO;DB,INFO;SYSTEM,DEBUG;VALIDATION,INFO;VISUALFORCE,INFO;WAVE,INFO;WORKFLOW,INFO
13:23:17.0 (43510)|USER_INFO|[EXTERNAL]|00524000001e3Uj|bedrijfsbureau@gsa.nl.sandbox|Midden-Europese standaardtijd|GMT+01:00
13:23:17.0 (63924)|EXECUTION_STARTED
13:23:17.0 (67224)|CODE_UNIT_STARTED|[EXTERNAL]|06624000003h0Dg|VF: /apex/New_delivered_detail
13:23:17.0 (185907)|VF_DESERIALIZE_VIEWSTATE_BEGIN|06624000003h0Dg
13:23:17.0 (3677029)|HEAP_ALLOCATE|[72]|Bytes:3
13:23:17.0 (3701746)|HEAP_ALLOCATE|[77]|Bytes:152
13:23:17.0 (3713756)|HEAP_ALLOCATE|[342]|Bytes:408
13:23:17.0 (3727370)|HEAP_ALLOCATE|[355]|Bytes:408
13:23:17.0 (3740005)|HEAP_ALLOCATE|[467]|Bytes:48
13:23:17.0 (3762343)|HEAP_ALLOCATE|[139]|Bytes:6
13:23:17.0 (3791447)|HEAP_ALLOCATE|[50]|Bytes:5
13:23:17.0 (3808225)|HEAP_ALLOCATE|[56]|Bytes:5
13:23:17.0 (3814728)|HEAP_ALLOCATE|[64]|Bytes:7
13:23:17.0 (7835894)|VF_DESERIALIZE_VIEWSTATE_END
13:23:17.8 (8504079)|SYSTEM_MODE_ENTER|true
13:23:17.8 (8555919)|HEAP_ALLOCATE|[EXTERNAL]|Bytes:38
13:23:17.8 (8562128)|HEAP_ALLOCATE|[EXTERNAL]|Bytes:7
13:23:17.8 (8568867)|SYSTEM_METHOD_ENTRY|[1]|PageMessagesComponentController.PageMessagesComponentController()
13:23:17.8 (8572741)|STATEMENT_EXECUTE|[1]
13:23:17.9 (9222098)|SYSTEM_MODE_ENTER|true
13:23:17.9 (9264608)|HEAP_ALLOCATE|[EXTERNAL]|Bytes:8
13:23:17.9 (9270308)|VARIABLE_SCOPE_BEGIN|[88]|this|ApexPage.PageMessagesComponentController|true|false
13:23:17.9 (9301671)|VARIABLE_ASSIGNMENT|[88]|this|{}|0x3a35cc2c
13:23:17.9 (9304673)|VARIABLE_SCOPE_BEGIN|[88]|escape|Boolean|false|false
13:23:17.9 (9308681)|VARIABLE_ASSIGNMENT|[88]|escape|null
13:23:17.0 (9514103)|SYSTEM_MODE_ENTER|true
13:23:17.0 (9687785)|HEAP_ALLOCATE|[EXTERNAL]|Bytes:11
13:23:17.0 (9695609)|HEAP_ALLOCATE|[EXTERNAL]|Bytes:408
13:23:17.0 (9698810)|HEAP_ALLOCATE|[EXTERNAL]|Bytes:120
13:23:17.0 (9701215)|HEAP_ALLOCATE|[EXTERNAL]|Bytes:108
13:23:17.0 (9707166)|METHOD_ENTRY|[1]|01p2400000DUtXT|NewDeliveredExtension.NewDeliveredExtension()
13:23:17.0 (9709742)|STATEMENT_EXECUTE|[1]
13:23:17.0 (9713244)|STATEMENT_EXECUTE|[1]
13:23:17.0 (9714609)|STATEMENT_EXECUTE|[527]
13:23:17.0 (9718081)|METHOD_EXIT|[1]|NewDeliveredExtension
13:23:17.0 (9721605)|HEAP_ALLOCATE|[EXTERNAL]|Bytes:80
13:23:17.0 (9778263)|VARIABLE_ASSIGNMENT|[EXTERNAL]|this|{"delToHub":true,"delToProj":false,"detail":"0x7d5d030b","invoked":false,"rejected":false,"reserved":false,"selectedTime3":"8:00","sublocations1":"0x458e9e22","www":"0x10e3b0bf","wwwById":"0x56003a95"}|0xd89759b
13:23:17.0 (9784194)|STATEMENT_EXECUTE|[196]
13:23:17.0 (9786913)|STATEMENT_EXECUTE|[197]
13:23:17.0 (9788798)|STATEMENT_EXECUTE|[200]
13:23:17.0 (9847865)|SYSTEM_MODE_ENTER|true
13:23:17.0 (9866122)|HEAP_ALLOCATE|[EXTERNAL]|Bytes:80
13:23:17.0 (9908882)|VARIABLE_ASSIGNMENT|[EXTERNAL]|this|{"delToHub":true,"delToProj":false,"detail":"0x7d5d030b","invoked":false,"rejected":false,"reserved":false,"selectedTime3":"8:00","sublocations1":"0x458e9e22","www":"0x10e3b0bf","wwwById":"0x56003a95"}|0xd89759b
13:23:17.0 (9913860)|STATEMENT_EXECUTE|[229]
13:23:17.0 (9916182)|STATEMENT_EXECUTE|[230]
13:23:17.0 (9917450)|STATEMENT_EXECUTE|[233]
13:23:17.0 (9998761)|SYSTEM_MODE_ENTER|true
13:23:17.0 (10016286)|HEAP_ALLOCATE|[EXTERNAL]|Bytes:80
13:23:17.0 (10053726)|VARIABLE_ASSIGNMENT|[EXTERNAL]|this|{"delToHub":true,"delToProj":false,"detail":"0x7d5d030b","invoked":false,"rejected":false,"reserved":false,"selectedTime3":"8:00","sublocations1":"0x458e9e22","www":"0x10e3b0bf","wwwById":"0x56003a95"}|0xd89759b
13:23:17.0 (10058670)|STATEMENT_EXECUTE|[3]
13:23:17.0 (10060997)|STATEMENT_EXECUTE|[4]
13:23:17.0 (10062614)|STATEMENT_EXECUTE|[9]
13:23:17.0 (13781835)|SYSTEM_MODE_ENTER|true
13:23:17.0 (13805559)|HEAP_ALLOCATE|[EXTERNAL]|Bytes:80
13:23:17.0 (13852069)|VARIABLE_ASSIGNMENT|[EXTERNAL]|this|{"delToHub":true,"delToProj":false,"detail":"0x7d5d030b","invoked":false,"rejected":false,"reserved":false,"selectedTime3":"8:00","sublocations1":"0x458e9e22","www":"0x10e3b0bf","wwwById":"0x56003a95"}|0xd89759b
13:23:17.0 (13858375)|STATEMENT_EXECUTE|[186]
13:23:17.0 (13861345)|STATEMENT_EXECUTE|[187]
13:23:17.0 (13862669)|STATEMENT_EXECUTE|[190]
13:23:17.0 (14383202)|SYSTEM_MODE_ENTER|true
13:23:17.0 (14404871)|HEAP_ALLOCATE|[EXTERNAL]|Bytes:80
13:23:17.0 (14449089)|VARIABLE_ASSIGNMENT|[EXTERNAL]|this|{"delToHub":true,"delToProj":false,"detail":"0x7d5d030b","invoked":false,"rejected":false,"reserved":false,"selectedTime3":"8:00","sublocations1":"0x458e9e22","www":"0x10e3b0bf","wwwById":"0x56003a95"}|0xd89759b
13:23:17.0 (14455583)|STATEMENT_EXECUTE|[204]
13:23:17.0 (14458504)|STATEMENT_EXECUTE|[205]
13:23:17.0 (14460067)|STATEMENT_EXECUTE|[208]
13:23:17.0 (14510205)|SYSTEM_MODE_ENTER|true
13:23:17.0 (14526147)|HEAP_ALLOCATE|[EXTERNAL]|Bytes:80
13:23:17.0 (14562286)|VARIABLE_ASSIGNMENT|[EXTERNAL]|this|{"delToHub":true,"delToProj":false,"detail":"0x7d5d030b","invoked":false,"rejected":false,"reserved":false,"selectedTime3":"8:00","sublocations1":"0x458e9e22","www":"0x10e3b0bf","wwwById":"0x56003a95"}|0xd89759b
13:23:17.0 (14566734)|STATEMENT_EXECUTE|[220]
13:23:17.0 (14569080)|STATEMENT_EXECUTE|[221]
13:23:17.0 (14570258)|STATEMENT_EXECUTE|[224]
13:23:17.0 (14613827)|SYSTEM_MODE_ENTER|true
13:23:17.0 (14628655)|HEAP_ALLOCATE|[EXTERNAL]|Bytes:80
13:23:17.0 (14662186)|VARIABLE_ASSIGNMENT|[EXTERNAL]|this|{"delToHub":true,"delToProj":false,"detail":"0x7d5d030b","invoked":false,"rejected":false,"reserved":false,"selectedTime3":"8:00","sublocations1":"0x458e9e22","www":"0x10e3b0bf","wwwById":"0x56003a95"}|0xd89759b
13:23:17.0 (14666818)|STATEMENT_EXECUTE|[212]
13:23:17.0 (14668831)|STATEMENT_EXECUTE|[213]
13:23:17.0 (14669845)|STATEMENT_EXECUTE|[216]
13:23:17.0 (14736800)|SYSTEM_MODE_ENTER|true
13:23:17.0 (14753640)|HEAP_ALLOCATE|[EXTERNAL]|Bytes:80
13:23:17.0 (14788350)|VARIABLE_ASSIGNMENT|[EXTERNAL]|this|{"delToHub":true,"delToProj":false,"detail":"0x7d5d030b","invoked":false,"rejected":false,"reserved":false,"selectedTime3":"8:00","sublocations1":"0x458e9e22","www":"0x10e3b0bf","wwwById":"0x56003a95"}|0xd89759b
13:23:17.0 (14792874)|STATEMENT_EXECUTE|[21]
13:23:17.0 (14795035)|STATEMENT_EXECUTE|[22]
13:23:17.0 (14796232)|STATEMENT_EXECUTE|[26]
13:23:17.0 (20158163)|SYSTEM_MODE_ENTER|true
13:23:17.0 (20183625)|HEAP_ALLOCATE|[EXTERNAL]|Bytes:80
13:23:17.0 (20188744)|VARIABLE_SCOPE_BEGIN|[48]|this|NewDeliveredExtension|true|false
13:23:17.0 (20231728)|VARIABLE_ASSIGNMENT|[48]|this|{"delToHub":true,"delToProj":false,"detail":"0x7d5d030b","invoked":false,"rejected":false,"reserved":false,"selectedTime3":"8:00","sublocations1":"0x458e9e22","www":"0x10e3b0bf","wwwById":"0x56003a95"}|0xd89759b
13:23:17.0 (20238727)|STATEMENT_EXECUTE|[48]
13:23:17.0 (20240518)|STATEMENT_EXECUTE|[49]
13:23:17.0 (20247125)|HEAP_ALLOCATE|[49]|Bytes:4
13:23:17.0 (20271253)|VARIABLE_SCOPE_BEGIN|[49]|options|List<System.SelectOption>|true|false
13:23:17.0 (20293835)|HEAP_ALLOCATE|[EXTERNAL]|Bytes:4
13:23:17.0 (20301284)|VARIABLE_ASSIGNMENT|[49]|options|[]|0x6f9c9d70
13:23:17.0 (20304332)|STATEMENT_EXECUTE|[50]
13:23:17.0 (20308442)|VARIABLE_SCOPE_BEGIN|[50]|i|Integer|false|false
13:23:17.0 (20311481)|HEAP_ALLOCATE|[50]|Bytes:4
13:23:17.0 (20315524)|VARIABLE_ASSIGNMENT|[50]|i|0
13:23:17.0 (20319721)|STATEMENT_EXECUTE|[50]
13:23:17.0 (20321134)|STATEMENT_EXECUTE|[51]
13:23:17.0 (20322779)|VARIABLE_SCOPE_BEGIN|[51]|j|Integer|false|false
13:23:17.0 (20324397)|HEAP_ALLOCATE|[51]|Bytes:4
13:23:17.0 (20326784)|VARIABLE_ASSIGNMENT|[51]|j|0
13:23:17.0 (20328926)|STATEMENT_EXECUTE|[51]
13:23:17.0 (20330683)|STATEMENT_EXECUTE|[52]
13:23:17.0 (20331848)|STATEMENT_EXECUTE|[53]
13:23:17.0 (20369579)|HEAP_ALLOCATE|[53]|Bytes:1
13:23:17.0 (20379060)|HEAP_ALLOCATE|[53]|Bytes:2
13:23:17.0 (20386386)|HEAP_ALLOCATE|[53]|Bytes:1
13:23:17.0 (20395316)|HEAP_ALLOCATE|[53]|Bytes:4
13:23:17.0 (20400623)|HEAP_ALLOCATE|[53]|Bytes:1
13:23:17.0 (20407991)|HEAP_ALLOCATE|[53]|Bytes:1
13:23:17.0 (20412958)|HEAP_ALLOCATE|[53]|Bytes:4
13:23:17.0 (20436744)|HEAP_ALLOCATE|[EXTERNAL]|Bytes:4
13:23:17.0 (20443600)|HEAP_ALLOCATE|[51]|Bytes:4
13:23:17.0 (20448335)|VARIABLE_ASSIGNMENT|[51]|j|30
13:23:17.0 (20450953)|STATEMENT_EXECUTE|[51]
13:23:17.0 (20452469)|STATEMENT_EXECUTE|[54]
13:23:17.0 (20453516)|STATEMENT_EXECUTE|[55]
13:23:17.0 (20470665)|HEAP_ALLOCATE|[55]|Bytes:1
13:23:17.0 (20477584)|HEAP_ALLOCATE|[55]|Bytes:1
13:23:17.0 (20483317)|HEAP_ALLOCATE|[55]|Bytes:2
13:23:17.0 (20488993)|HEAP_ALLOCATE|[55]|Bytes:4
13:23:17.0 (20493947)|HEAP_ALLOCATE|[55]|Bytes:1
13:23:17.0 (20501217)|HEAP_ALLOCATE|[55]|Bytes:2
13:23:17.0 (20505983)|HEAP_ALLOCATE|[55]|Bytes:4
13:23:17.0 (20517074)|HEAP_ALLOCATE|[EXTERNAL]|Bytes:4
13:23:17.0 (20521265)|HEAP_ALLOCATE|[51]|Bytes:4
13:23:17.0 (20525004)|VARIABLE_ASSIGNMENT|[51]|j|60
13:23:17.0 (20528965)|HEAP_ALLOCATE|[50]|Bytes:4
13:23:17.0 (20531660)|VARIABLE_ASSIGNMENT|[50]|i|1
13:23:17.0 (20533581)|STATEMENT_EXECUTE|[50]
13:23:17.0 (20534920)|STATEMENT_EXECUTE|[51]
13:23:17.0 (20536959)|VARIABLE_SCOPE_BEGIN|[51]|j|Integer|false|false
13:23:17.0 (20538821)|HEAP_ALLOCATE|[51]|Bytes:4
13:23:17.0 (20541168)|VARIABLE_ASSIGNMENT|[51]|j|0
13:23:17.0 (20542705)|STATEMENT_EXECUTE|[51]
13:23:17.0 (20544053)|STATEMENT_EXECUTE|[52]
13:23:17.0 (20545009)|STATEMENT_EXECUTE|[53]
13:23:17.0 (20551841)|HEAP_ALLOCATE|[53]|Bytes:1
13:23:17.0 (20559385)|HEAP_ALLOCATE|[53]|Bytes:1
13:23:17.0 (20564340)|HEAP_ALLOCATE|[53]|Bytes:4
13:23:17.0 (20568892)|HEAP_ALLOCATE|[53]|Bytes:1
13:23:17.0 (20575858)|HEAP_ALLOCATE|[53]|Bytes:1
13:23:17.0 (20580514)|HEAP_ALLOCATE|[53]|Bytes:4
13:23:17.0 (20585856)|HEAP_ALLOCATE|[EXTERNAL]|Bytes:4
13:23:17.0 (20589385)|HEAP_ALLOCATE|[51]|Bytes:4
13:23:17.0 (20592387)|VARIABLE_ASSIGNMENT|[51]|j|30
13:23:17.0 (20594089)|STATEMENT_EXECUTE|[51]
13:23:17.0 (20595566)|STATEMENT_EXECUTE|[54]
13:23:17.0 (20596671)|STATEMENT_EXECUTE|[55]
13:23:17.0 (20602322)|HEAP_ALLOCATE|[55]|Bytes:1
13:23:17.0 (20609929)|HEAP_ALLOCATE|[55]|Bytes:2
13:23:17.0 (20614804)|HEAP_ALLOCATE|[55]|Bytes:4
13:23:17.0 (20619410)|HEAP_ALLOCATE|[55]|Bytes:1
13:23:17.0 (20626376)|HEAP_ALLOCATE|[55]|Bytes:2
13:23:17.0 (20631065)|HEAP_ALLOCATE|[55]|Bytes:4
13:23:17.0 (20635539)|HEAP_ALLOCATE|[EXTERNAL]|Bytes:4
13:23:17.0 (20638616)|HEAP_ALLOCATE|[51]|Bytes:4
13:23:17.0 (20641347)|VARIABLE_ASSIGNMENT|[51]|j|60
13:23:17.0 (20643208)|HEAP_ALLOCATE|[50]|Bytes:4
13:23:17.0 (20645651)|VARIABLE_ASSIGNMENT|[50]|i|2
13:23:17.0 (20647128)|STATEMENT_EXECUTE|[50]
13:23:17.0 (20648395)|STATEMENT_EXECUTE|[51]
13:23:17.0 (20650026)|VARIABLE_SCOPE_BEGIN|[51]|j|Integer|false|false
13:23:17.0 (20651492)|HEAP_ALLOCATE|[51]|Bytes:4
13:23:17.0 (20653702)|VARIABLE_ASSIGNMENT|[51]|j|0
13:23:17.0 (20655145)|STATEMENT_EXECUTE|[51]
13:23:17.0 (20656499)|STATEMENT_EXECUTE|[52]
13:23:17.0 (20657460)|STATEMENT_EXECUTE|[53]
13:23:17.0 (20663232)|HEAP_ALLOCATE|[53]|Bytes:1
13:23:17.0 (20670422)|HEAP_ALLOCATE|[53]|Bytes:1
13:23:17.0 (20675214)|HEAP_ALLOCATE|[53]|Bytes:4
13:23:17.0 (20679849)|HEAP_ALLOCATE|[53]|Bytes:1
13:23:17.0 (20686789)|HEAP_ALLOCATE|[53]|Bytes:1
13:23:17.0 (20691367)|HEAP_ALLOCATE|[53]|Bytes:4
13:23:17.0 (20695821)|HEAP_ALLOCATE|[EXTERNAL]|Bytes:4
13:23:17.0 (20699002)|HEAP_ALLOCATE|[51]|Bytes:4
13:23:17.0 (20701694)|VARIABLE_ASSIGNMENT|[51]|j|30
13:23:17.0 (20703540)|STATEMENT_EXECUTE|[51]
13:23:17.0 (20704783)|STATEMENT_EXECUTE|[54]
13:23:17.0 (20705762)|STATEMENT_EXECUTE|[55]
13:23:17.0 (20710984)|HEAP_ALLOCATE|[55]|Bytes:1
13:23:17.0 (20718646)|HEAP_ALLOCATE|[55]|Bytes:2
13:23:17.0 (20723345)|HEAP_ALLOCATE|[55]|Bytes:4
13:23:17.0 (20727914)|HEAP_ALLOCATE|[55]|Bytes:1
13:23:17.0 (20734843)|HEAP_ALLOCATE|[55]|Bytes:2
13:23:17.0 (20739418)|HEAP_ALLOCATE|[55]|Bytes:4
13:23:17.0 (20743760)|HEAP_ALLOCATE|[EXTERNAL]|Bytes:4
13:23:17.0 (20746812)|HEAP_ALLOCATE|[51]|Bytes:4
13:23:17.0 (20749426)|VARIABLE_ASSIGNMENT|[51]|j|60
13:23:17.0 (20751710)|HEAP_ALLOCATE|[50]|Bytes:4
13:23:17.0 (20754059)|VARIABLE_ASSIGNMENT|[50]|i|3
13:23:17.0 (20755550)|STATEMENT_EXECUTE|[50]
13:23:17.0 (20756715)|STATEMENT_EXECUTE|[51]
13:23:17.0 (20758319)|VARIABLE_SCOPE_BEGIN|[51]|j|Integer|false|false
13:23:17.0 (20759695)|HEAP_ALLOCATE|[51]|Bytes:4
13:23:17.0 (20761864)|VARIABLE_ASSIGNMENT|[51]|j|0
13:23:17.0 (20763247)|STATEMENT_EXECUTE|[51]
13:23:17.0 (20764460)|STATEMENT_EXECUTE|[52]
13:23:17.0 (20765533)|STATEMENT_EXECUTE|[53]
13:23:17.0 (20771000)|HEAP_ALLOCATE|[53]|Bytes:1
13:23:17.0 (20778215)|HEAP_ALLOCATE|[53]|Bytes:1
13:23:17.0 (20783133)|HEAP_ALLOCATE|[53]|Bytes:4
13:23:17.0 (20787698)|HEAP_ALLOCATE|[53]|Bytes:1
13:23:17.0 (20794636)|HEAP_ALLOCATE|[53]|Bytes:1
13:23:17.0 (20799221)|HEAP_ALLOCATE|[53]|Bytes:4
13:23:17.0 (20803511)|HEAP_ALLOCATE|[EXTERNAL]|Bytes:4
13:23:17.0 (20806692)|HEAP_ALLOCATE|[51]|Bytes:4
13:23:17.0 (20809261)|VARIABLE_ASSIGNMENT|[51]|j|30
13:23:17.0 (20810817)|STATEMENT_EXECUTE|[51]
13:23:17.0 (20812053)|STATEMENT_EXECUTE|[54]
13:23:17.0 (20813276)|STATEMENT_EXECUTE|[55]
13:23:17.0 (20818670)|HEAP_ALLOCATE|[55]|Bytes:1
13:23:17.0 (20826103)|HEAP_ALLOCATE|[55]|Bytes:2
13:23:17.0 (20830823)|HEAP_ALLOCATE|[55]|Bytes:4
13:23:17.0 (20835331)|HEAP_ALLOCATE|[55]|Bytes:1
13:23:17.0 (20842243)|HEAP_ALLOCATE|[55]|Bytes:2
13:23:17.0 (20846879)|HEAP_ALLOCATE|[55]|Bytes:4
13:23:17.0 (20851168)|HEAP_ALLOCATE|[EXTERNAL]|Bytes:4
13:23:17.0 (20854222)|HEAP_ALLOCATE|[51]|Bytes:4
13:23:17.0 (20856760)|VARIABLE_ASSIGNMENT|[51]|j|60
13:23:17.0 (20858699)|HEAP_ALLOCATE|[50]|Bytes:4
13:23:17.0 (20860844)|VARIABLE_ASSIGNMENT|[50]|i|4
13:23:17.0 (20862299)|STATEMENT_EXECUTE|[50]
13:23:17.0 (20863487)|STATEMENT_EXECUTE|[51]
13:23:17.0 (20865087)|VARIABLE_SCOPE_BEGIN|[51]|j|Integer|false|false
13:23:17.0 (20866418)|HEAP_ALLOCATE|[51]|Bytes:4
13:23:17.0 (20868601)|VARIABLE_ASSIGNMENT|[51]|j|0
13:23:17.0 (20870012)|STATEMENT_EXECUTE|[51]
13:23:17.0 (20871282)|STATEMENT_EXECUTE|[52]
13:23:17.0 (20872235)|STATEMENT_EXECUTE|[53]
13:23:17.0 (20877450)|HEAP_ALLOCATE|[53]|Bytes:1
13:23:17.0 (20884984)|HEAP_ALLOCATE|[53]|Bytes:1
13:23:17.0 (20895103)|HEAP_ALLOCATE|[53]|Bytes:4
13:23:17.0 (20899779)|HEAP_ALLOCATE|[53]|Bytes:1
13:23:17.0 (20906695)|HEAP_ALLOCATE|[53]|Bytes:1
13:23:17.0 (20911515)|HEAP_ALLOCATE|[53]|Bytes:4
13:23:17.0 (20916106)|HEAP_ALLOCATE|[EXTERNAL]|Bytes:4
13:23:17.0 (20919369)|HEAP_ALLOCATE|[51]|Bytes:4
13:23:17.0 (20922075)|VARIABLE_ASSIGNMENT|[51]|j|30
13:23:17.0 (20923737)|STATEMENT_EXECUTE|[51]
13:23:17.0 (20925068)|STATEMENT_EXECUTE|[54]
13:23:17.0 (20926024)|STATEMENT_EXECUTE|[55]
13:23:17.0 (20931398)|HEAP_ALLOCATE|[55]|Bytes:1
13:23:17.0 (20938721)|HEAP_ALLOCATE|[55]|Bytes:2
13:23:17.0 (20943428)|HEAP_ALLOCATE|[55]|Bytes:4
13:23:17.0 (20947971)|HEAP_ALLOCATE|[55]|Bytes:1
13:23:17.0 (20954783)|HEAP_ALLOCATE|[55]|Bytes:2
13:23:17.0 (20959387)|HEAP_ALLOCATE|[55]|Bytes:4
13:23:17.0 (20963629)|HEAP_ALLOCATE|[EXTERNAL]|Bytes:4
13:23:17.0 (20966691)|HEAP_ALLOCATE|[51]|Bytes:4
13:23:17.0 (20969150)|VARIABLE_ASSIGNMENT|[51]|j|60
13:23:17.0 (20971485)|HEAP_ALLOCATE|[50]|Bytes:4
13:23:17.0 (20973648)|VARIABLE_ASSIGNMENT|[50]|i|5
13:23:17.0 (20975125)|STATEMENT_EXECUTE|[50]
13:23:17.0 (20976297)|STATEMENT_EXECUTE|[51]
13:23:17.0 (20978012)|VARIABLE_SCOPE_BEGIN|[51]|j|Integer|false|false
13:23:17.0 (20979438)|HEAP_ALLOCATE|[51]|Bytes:4
13:23:17.0 (20981599)|VARIABLE_ASSIGNMENT|[51]|j|0
13:23:17.0 (20982991)|STATEMENT_EXECUTE|[51]
13:23:17.0 (20984197)|STATEMENT_EXECUTE|[52]
13:23:17.0 (20985158)|STATEMENT_EXECUTE|[53]
13:23:17.0 (20990535)|HEAP_ALLOCATE|[53]|Bytes:1
13:23:17.0 (20997723)|HEAP_ALLOCATE|[53]|Bytes:1
13:23:17.0 (21002541)|HEAP_ALLOCATE|[53]|Bytes:4
13:23:17.0 (21007884)|HEAP_ALLOCATE|[53]|Bytes:1
13:23:17.0 (21014910)|HEAP_ALLOCATE|[53]|Bytes:1
13:23:17.0 (21019654)|HEAP_ALLOCATE|[53]|Bytes:4
13:23:17.0 (21024008)|HEAP_ALLOCATE|[EXTERNAL]|Bytes:4
13:23:17.0 (21027328)|HEAP_ALLOCATE|[51]|Bytes:4
13:23:17.0 (21029872)|VARIABLE_ASSIGNMENT|[51]|j|30
13:23:17.0 (21031481)|STATEMENT_EXECUTE|[51]
13:23:17.0 (21032737)|STATEMENT_EXECUTE|[54]
13:23:17.0 (21034045)|STATEMENT_EXECUTE|[55]
13:23:17.0 (21039685)|HEAP_ALLOCATE|[55]|Bytes:1
13:23:17.0 (21046972)|HEAP_ALLOCATE|[55]|Bytes:2
13:23:17.0 (21051731)|HEAP_ALLOCATE|[55]|Bytes:4
13:23:17.0 (21056286)|HEAP_ALLOCATE|[55]|Bytes:1
13:23:17.0 (21063204)|HEAP_ALLOCATE|[55]|Bytes:2
13:23:17.0 (21067859)|HEAP_ALLOCATE|[55]|Bytes:4
13:23:17.0 (21072109)|HEAP_ALLOCATE|[EXTERNAL]|Bytes:4
13:23:17.0 (21075097)|HEAP_ALLOCATE|[51]|Bytes:4
13:23:17.0 (21077529)|VARIABLE_ASSIGNMENT|[51]|j|60
13:23:17.0 (21079306)|HEAP_ALLOCATE|[50]|Bytes:4
13:23:17.0 (21081670)|VARIABLE_ASSIGNMENT|[50]|i|6
13:23:17.0 (21083348)|STATEMENT_EXECUTE|[50]
13:23:17.0 (21084533)|STATEMENT_EXECUTE|[51]
13:23:17.0 (21086140)|VARIABLE_SCOPE_BEGIN|[51]|j|Integer|false|false
13:23:17.0 (21087486)|HEAP_ALLOCATE|[51]|Bytes:4
13:23:17.0 (21089767)|VARIABLE_ASSIGNMENT|[51]|j|0
13:23:17.0 (21091159)|STATEMENT_EXECUTE|[51]
13:23:17.0 (21092353)|STATEMENT_EXECUTE|[52]
13:23:17.0 (21093326)|STATEMENT_EXECUTE|[53]
13:23:17.0 (21098713)|HEAP_ALLOCATE|[53]|Bytes:1
13:23:17.0 (21106159)|HEAP_ALLOCATE|[53]|Bytes:1
13:23:17.0 (21110865)|HEAP_ALLOCATE|[53]|Bytes:4
13:23:17.0 (21115391)|HEAP_ALLOCATE|[53]|Bytes:1
13:23:17.0 (21122382)|HEAP_ALLOCATE|[53]|Bytes:1
13:23:17.0 (21127057)|HEAP_ALLOCATE|[53]|Bytes:4
13:23:17.0 (21131402)|HEAP_ALLOCATE|[EXTERNAL]|Bytes:4
13:23:17.0 (21134582)|HEAP_ALLOCATE|[51]|Bytes:4
13:23:17.0 (21137223)|VARIABLE_ASSIGNMENT|[51]|j|30
13:23:17.0 (21138780)|STATEMENT_EXECUTE|[51]
13:23:17.0 (21140005)|STATEMENT_EXECUTE|[54]
13:23:17.0 (21140957)|STATEMENT_EXECUTE|[55]
13:23:17.0 (21146227)|HEAP_ALLOCATE|[55]|Bytes:1
13:23:17.0 (21153561)|HEAP_ALLOCATE|[55]|Bytes:2
13:23:17.0 (21158284)|HEAP_ALLOCATE|[55]|Bytes:4
13:23:17.0 (21162834)|HEAP_ALLOCATE|[55]|Bytes:1
13:23:17.0 (21169762)|HEAP_ALLOCATE|[55]|Bytes:2
13:23:17.0 (21174537)|HEAP_ALLOCATE|[55]|Bytes:4
13:23:17.0 (21178764)|HEAP_ALLOCATE|[EXTERNAL]|Bytes:4
13:23:17.0 (21181750)|HEAP_ALLOCATE|[51]|Bytes:4
13:23:17.0 (21184271)|VARIABLE_ASSIGNMENT|[51]|j|60
13:23:17.0 (21186053)|HEAP_ALLOCATE|[50]|Bytes:4
13:23:17.0 (21188670)|VARIABLE_ASSIGNMENT|[50]|i|7
13:23:17.0 (21190223)|STATEMENT_EXECUTE|[50]
13:23:17.0 (21191462)|STATEMENT_EXECUTE|[51]
13:23:17.0 (21193082)|VARIABLE_SCOPE_BEGIN|[51]|j|Integer|false|false
13:23:17.0 (21194430)|HEAP_ALLOCATE|[51]|Bytes:4
13:23:17.0 (21196690)|VARIABLE_ASSIGNMENT|[51]|j|0
13:23:17.0 (21198082)|STATEMENT_EXECUTE|[51]
13:23:17.0 (21199286)|STATEMENT_EXECUTE|[52]
13:23:17.0 (21200294)|STATEMENT_EXECUTE|[53]
13:23:17.0 (21205653)|HEAP_ALLOCATE|[53]|Bytes:1
13:23:17.0 (21212966)|HEAP_ALLOCATE|[53]|Bytes:1
13:23:17.0 (21217634)|HEAP_ALLOCATE|[53]|Bytes:4
13:23:17.0 (21222227)|HEAP_ALLOCATE|[53]|Bytes:1
13:23:17.0 (21229211)|HEAP_ALLOCATE|[53]|Bytes:1
13:23:17.0 (21233785)|HEAP_ALLOCATE|[53]|Bytes:4
13:23:17.0 (21238110)|HEAP_ALLOCATE|[EXTERNAL]|Bytes:4
13:23:17.0 (21241264)|HEAP_ALLOCATE|[51]|Bytes:4
13:23:17.0 (21243863)|VARIABLE_ASSIGNMENT|[51]|j|30
13:23:17.0 (21245449)|STATEMENT_EXECUTE|[51]
13:23:17.0 (21246702)|STATEMENT_EXECUTE|[54]
13:23:17.0 (21247860)|STATEMENT_EXECUTE|[55]
13:23:17.0 (21253355)|HEAP_ALLOCATE|[55]|Bytes:1
13:23:17.0 (21260617)|HEAP_ALLOCATE|[55]|Bytes:2
13:23:17.0 (21265351)|HEAP_ALLOCATE|[55]|Bytes:4
13:23:17.0 (21269908)|HEAP_ALLOCATE|[55]|Bytes:1
13:23:17.0 (21276852)|HEAP_ALLOCATE|[55]|Bytes:2
13:23:17.0 (21281499)|HEAP_ALLOCATE|[55]|Bytes:4
13:23:17.0 (21285934)|HEAP_ALLOCATE|[EXTERNAL]|Bytes:4
13:23:17.0 (21288986)|HEAP_ALLOCATE|[51]|Bytes:4
13:23:17.0 (21291516)|VARIABLE_ASSIGNMENT|[51]|j|60
13:23:17.0 (21293272)|HEAP_ALLOCATE|[50]|Bytes:4
13:23:17.0 (21295519)|VARIABLE_ASSIGNMENT|[50]|i|8
13:23:17.0 (21296950)|STATEMENT_EXECUTE|[50]
13:23:17.0 (21298210)|STATEMENT_EXECUTE|[51]
13:23:17.0 (21299785)|VARIABLE_SCOPE_BEGIN|[51]|j|Integer|false|false
13:23:17.0 (21301109)|HEAP_ALLOCATE|[51]|Bytes:4
13:23:17.0 (21303352)|VARIABLE_ASSIGNMENT|[51]|j|0
13:23:17.0 (21304755)|STATEMENT_EXECUTE|[51]
13:23:17.0 (21305985)|STATEMENT_EXECUTE|[52]
13:23:17.0 (21306948)|STATEMENT_EXECUTE|[53]
13:23:17.0 (21312197)|HEAP_ALLOCATE|[53]|Bytes:1
13:23:17.0 (21319876)|HEAP_ALLOCATE|[53]|Bytes:1
13:23:17.0 (21324619)|HEAP_ALLOCATE|[53]|Bytes:4
13:23:17.0 (21329242)|HEAP_ALLOCATE|[53]|Bytes:1
13:23:17.0 (21336123)|HEAP_ALLOCATE|[53]|Bytes:1
13:23:17.0 (21340690)|HEAP_ALLOCATE|[53]|Bytes:4
13:23:17.0 (21344983)|HEAP_ALLOCATE|[EXTERNAL]|Bytes:4
13:23:17.0 (21348375)|HEAP_ALLOCATE|[51]|Bytes:4
13:23:17.0 (21350961)|VARIABLE_ASSIGNMENT|[51]|j|30
13:23:17.0 (21352620)|STATEMENT_EXECUTE|[51]
13:23:17.0 (21353908)|STATEMENT_EXECUTE|[54]
13:23:17.0 (21354869)|STATEMENT_EXECUTE|[55]
13:23:17.0 (21360160)|HEAP_ALLOCATE|[55]|Bytes:1
13:23:17.0 (21367424)|HEAP_ALLOCATE|[55]|Bytes:2
13:23:17.0 (21372064)|HEAP_ALLOCATE|[55]|Bytes:4
13:23:17.0 (21376597)|HEAP_ALLOCATE|[55]|Bytes:1
13:23:17.0 (21383538)|HEAP_ALLOCATE|[55]|Bytes:2
13:23:17.0 (21388182)|HEAP_ALLOCATE|[55]|Bytes:4
13:23:17.0 (21392429)|HEAP_ALLOCATE|[EXTERNAL]|Bytes:4
13:23:17.0 (21395463)|HEAP_ALLOCATE|[51]|Bytes:4
13:23:17.0 (21397938)|VARIABLE_ASSIGNMENT|[51]|j|60
13:23:17.0 (21399740)|HEAP_ALLOCATE|[50]|Bytes:4
13:23:17.0 (21402288)|VARIABLE_ASSIGNMENT|[50]|i|9
13:23:17.0 (21403791)|STATEMENT_EXECUTE|[50]
13:23:17.0 (21405047)|STATEMENT_EXECUTE|[51]
13:23:17.0 (21406663)|VARIABLE_SCOPE_BEGIN|[51]|j|Integer|false|false
13:23:17.0 (21408005)|HEAP_ALLOCATE|[51]|Bytes:4
13:23:17.0 (21410237)|VARIABLE_ASSIGNMENT|[51]|j|0
13:23:17.0 (21411594)|STATEMENT_EXECUTE|[51]
13:23:17.0 (21412795)|STATEMENT_EXECUTE|[52]
13:23:17.0 (21413757)|STATEMENT_EXECUTE|[53]
13:23:17.0 (21419264)|HEAP_ALLOCATE|[53]|Bytes:1
13:23:17.0 (21426375)|HEAP_ALLOCATE|[53]|Bytes:1
13:23:17.0 (21431009)|HEAP_ALLOCATE|[53]|Bytes:4
13:23:17.0 (21435739)|HEAP_ALLOCATE|[53]|Bytes:1
13:23:17.0 (21442677)|HEAP_ALLOCATE|[53]|Bytes:1
13:23:17.0 (21447276)|HEAP_ALLOCATE|[53]|Bytes:4
13:23:17.0 (21451546)|HEAP_ALLOCATE|[EXTERNAL]|Bytes:4
13:23:17.0 (21454762)|HEAP_ALLOCATE|[51]|Bytes:4
13:23:17.0 (21457314)|VARIABLE_ASSIGNMENT|[51]|j|30
13:23:17.0 (21458904)|STATEMENT_EXECUTE|[51]
13:23:17.0 (21460135)|STATEMENT_EXECUTE|[54]
13:23:17.0 (21461106)|STATEMENT_EXECUTE|[55]
13:23:17.0 (21466617)|HEAP_ALLOCATE|[55]|Bytes:1
13:23:17.0 (21473844)|HEAP_ALLOCATE|[55]|Bytes:2
13:23:17.0 (21478507)|HEAP_ALLOCATE|[55]|Bytes:4
13:23:17.0 (21483032)|HEAP_ALLOCATE|[55]|Bytes:1
13:23:17.0 (21490101)|HEAP_ALLOCATE|[55]|Bytes:2
13:23:17.0 (21494646)|HEAP_ALLOCATE|[55]|Bytes:4
13:23:17.0 (21498828)|HEAP_ALLOCATE|[EXTERNAL]|Bytes:4
13:23:17.0 (21501913)|HEAP_ALLOCATE|[51]|Bytes:4
13:23:17.0 (21504418)|VARIABLE_ASSIGNMENT|[51]|j|60
13:23:17.0 (21506252)|HEAP_ALLOCATE|[50]|Bytes:4
13:23:17.0 (21508408)|VARIABLE_ASSIGNMENT|[50]|i|10
13:23:17.0 (21509904)|STATEMENT_EXECUTE|[50]
13:23:17.0 (21511110)|STATEMENT_EXECUTE|[51]
13:23:17.0 (21512669)|VARIABLE_SCOPE_BEGIN|[51]|j|Integer|false|false
13:23:17.0 (21513999)|HEAP_ALLOCATE|[51]|Bytes:4
13:23:17.0 (21516241)|VARIABLE_ASSIGNMENT|[51]|j|0
13:23:17.0 (21517640)|STATEMENT_EXECUTE|[51]
13:23:17.0 (21518834)|STATEMENT_EXECUTE|[52]
13:23:17.0 (21519804)|STATEMENT_EXECUTE|[53]
13:23:17.0 (21525120)|HEAP_ALLOCATE|[53]|Bytes:2
13:23:17.0 (21532554)|HEAP_ALLOCATE|[53]|Bytes:1
13:23:17.0 (21537377)|HEAP_ALLOCATE|[53]|Bytes:5
13:23:17.0 (21541926)|HEAP_ALLOCATE|[53]|Bytes:2
13:23:17.0 (21548957)|HEAP_ALLOCATE|[53]|Bytes:1
13:23:17.0 (21553506)|HEAP_ALLOCATE|[53]|Bytes:5
13:23:17.0 (21557937)|HEAP_ALLOCATE|[EXTERNAL]|Bytes:4
13:23:17.0 (21561149)|HEAP_ALLOCATE|[51]|Bytes:4
13:23:17.0 (21563726)|VARIABLE_ASSIGNMENT|[51]|j|30
13:23:17.0 (21565288)|STATEMENT_EXECUTE|[51]
13:23:17.0 (21566532)|STATEMENT_EXECUTE|[54]
13:23:17.0 (21567523)|STATEMENT_EXECUTE|[55]
13:23:17.0 (21572895)|HEAP_ALLOCATE|[55]|Bytes:2
13:23:17.0 (21580108)|HEAP_ALLOCATE|[55]|Bytes:2
13:23:17.0 (21584874)|HEAP_ALLOCATE|[55]|Bytes:5
13:23:17.0 (21589340)|HEAP_ALLOCATE|[55]|Bytes:2
13:23:17.0 (21596394)|HEAP_ALLOCATE|[55]|Bytes:2
13:23:17.0 (21600966)|HEAP_ALLOCATE|[55]|Bytes:5
13:23:17.0 (21605201)|HEAP_ALLOCATE|[EXTERNAL]|Bytes:4
13:23:17.0 (21608231)|HEAP_ALLOCATE|[51]|Bytes:4
13:23:17.0 (21610733)|VARIABLE_ASSIGNMENT|[51]|j|60
13:23:17.0 (21612541)|HEAP_ALLOCATE|[50]|Bytes:4
13:23:17.0 (21615346)|VARIABLE_ASSIGNMENT|[50]|i|11
13:23:17.0 (21616827)|STATEMENT_EXECUTE|[50]
13:23:17.0 (21618050)|STATEMENT_EXECUTE|[51]
13:23:17.0 (21619636)|VARIABLE_SCOPE_BEGIN|[51]|j|Integer|false|false
13:23:17.0 (21620991)|HEAP_ALLOCATE|[51]|Bytes:4
13:23:17.0 (21623224)|VARIABLE_ASSIGNMENT|[51]|j|0
13:23:17.0 (21624666)|STATEMENT_EXECUTE|[51]
13:23:17.0 (21625862)|STATEMENT_EXECUTE|[52]
13:23:17.0 (21626819)|STATEMENT_EXECUTE|[53]
13:23:17.0 (21632096)|HEAP_ALLOCATE|[53]|Bytes:2
13:23:17.0 (21639251)|HEAP_ALLOCATE|[53]|Bytes:1
13:23:17.0 (21643916)|HEAP_ALLOCATE|[53]|Bytes:5
13:23:17.0 (21648544)|HEAP_ALLOCATE|[53]|Bytes:2
13:23:17.0 (21655421)|HEAP_ALLOCATE|[53]|Bytes:1
13:23:17.0 (21659983)|HEAP_ALLOCATE|[53]|Bytes:5
13:23:17.0 (21664396)|HEAP_ALLOCATE|[EXTERNAL]|Bytes:4
13:23:17.0 (21667744)|HEAP_ALLOCATE|[51]|Bytes:4
13:23:17.0 (21670331)|VARIABLE_ASSIGNMENT|[51]|j|30
13:23:17.0 (21671938)|STATEMENT_EXECUTE|[51]
13:23:17.0 (21673165)|STATEMENT_EXECUTE|[54]
13:23:17.0 (21674124)|STATEMENT_EXECUTE|[55]
13:23:17.0 (21679545)|HEAP_ALLOCATE|[55]|Bytes:2
13:23:17.0 (21686819)|HEAP_ALLOCATE|[55]|Bytes:2
13:23:17.0 (21691551)|HEAP_ALLOCATE|[55]|Bytes:5
13:23:17.0 (21696004)|HEAP_ALLOCATE|[55]|Bytes:2
13:23:17.0 (21703091)|HEAP_ALLOCATE|[55]|Bytes:2
13:23:17.0 (21707786)|HEAP_ALLOCATE|[55]|Bytes:5
13:23:17.0 (21711958)|HEAP_ALLOCATE|[EXTERNAL]|Bytes:4
13:23:17.0 (21714950)|HEAP_ALLOCATE|[51]|Bytes:4
13:23:17.0 (21717537)|VARIABLE_ASSIGNMENT|[51]|j|60
13:23:17.0 (21719425)|HEAP_ALLOCATE|[50]|Bytes:4
13:23:17.0 (21721569)|VARIABLE_ASSIGNMENT|[50]|i|12
13:23:17.0 (21723004)|STATEMENT_EXECUTE|[50]
13:23:17.0 (21724185)|STATEMENT_EXECUTE|[51]
13:23:17.0 (21725846)|VARIABLE_SCOPE_BEGIN|[51]|j|Integer|false|false
13:23:17.0 (21727177)|HEAP_ALLOCATE|[51]|Bytes:4
13:23:17.0 (21729426)|VARIABLE_ASSIGNMENT|[51]|j|0
13:23:17.0 (21730824)|STATEMENT_EXECUTE|[51]
13:23:17.0 (21732030)|STATEMENT_EXECUTE|[52]
13:23:17.0 (21733002)|STATEMENT_EXECUTE|[53]
13:23:17.0 (21738296)|HEAP_ALLOCATE|[53]|Bytes:2
13:23:17.0 (21745550)|HEAP_ALLOCATE|[53]|Bytes:1
13:23:17.0 (21750522)|HEAP_ALLOCATE|[53]|Bytes:5
13:23:17.0 (21755214)|HEAP_ALLOCATE|[53]|Bytes:2
13:23:17.0 (21762126)|HEAP_ALLOCATE|[53]|Bytes:1
13:23:17.0 (21766714)|HEAP_ALLOCATE|[53]|Bytes:5
13:23:17.0 (21771186)|HEAP_ALLOCATE|[EXTERNAL]|Bytes:4
13:23:17.0 (21774361)|HEAP_ALLOCATE|[51]|Bytes:4
13:23:17.0 (21776917)|VARIABLE_ASSIGNMENT|[51]|j|30
13:23:17.0 (21778538)|STATEMENT_EXECUTE|[51]
13:23:17.0 (21779770)|STATEMENT_EXECUTE|[54]
13:23:17.0 (21780751)|STATEMENT_EXECUTE|[55]
13:23:17.0 (21786134)|HEAP_ALLOCATE|[55]|Bytes:2
13:23:17.0 (21793526)|HEAP_ALLOCATE|[55]|Bytes:2
13:23:17.0 (21798270)|HEAP_ALLOCATE|[55]|Bytes:5
13:23:17.0 (21802921)|HEAP_ALLOCATE|[55]|Bytes:2
13:23:17.0 (21809952)|HEAP_ALLOCATE|[55]|Bytes:2
13:23:17.0 (21814510)|HEAP_ALLOCATE|[55]|Bytes:5
13:23:17.0 (21818722)|HEAP_ALLOCATE|[EXTERNAL]|Bytes:4
13:23:17.0 (21821772)|HEAP_ALLOCATE|[51]|Bytes:4
13:23:17.0 (21824312)|VARIABLE_ASSIGNMENT|[51]|j|60
13:23:17.0 (21826001)|HEAP_ALLOCATE|[50]|Bytes:4
13:23:17.0 (21828954)|VARIABLE_ASSIGNMENT|[50]|i|13
13:23:17.0 (21830399)|STATEMENT_EXECUTE|[50]
13:23:17.0 (21831661)|STATEMENT_EXECUTE|[51]
13:23:17.0 (21833270)|VARIABLE_SCOPE_BEGIN|[51]|j|Integer|false|false
13:23:17.0 (21834704)|HEAP_ALLOCATE|[51]|Bytes:4
13:23:17.0 (21837042)|VARIABLE_ASSIGNMENT|[51]|j|0
13:23:17.0 (21838530)|STATEMENT_EXECUTE|[51]
13:23:17.0 (21839744)|STATEMENT_EXECUTE|[52]
13:23:17.0 (21840710)|STATEMENT_EXECUTE|[53]
13:23:17.0 (21846039)|HEAP_ALLOCATE|[53]|Bytes:2
13:23:17.0 (21853303)|HEAP_ALLOCATE|[53]|Bytes:1
13:23:17.0 (21858309)|HEAP_ALLOCATE|[53]|Bytes:5
13:23:17.0 (21862940)|HEAP_ALLOCATE|[53]|Bytes:2
13:23:17.0 (21869808)|HEAP_ALLOCATE|[53]|Bytes:1
13:23:17.0 (21874399)|HEAP_ALLOCATE|[53]|Bytes:5
13:23:17.0 (21878782)|HEAP_ALLOCATE|[EXTERNAL]|Bytes:4
13:23:17.0 (21881862)|HEAP_ALLOCATE|[51]|Bytes:4
13:23:17.0 (21884406)|VARIABLE_ASSIGNMENT|[51]|j|30
13:23:17.0 (21889206)|STATEMENT_EXECUTE|[51]
13:23:17.0 (21890478)|STATEMENT_EXECUTE|[54]
13:23:17.0 (21891474)|STATEMENT_EXECUTE|[55]
13:23:17.0 (21897659)|HEAP_ALLOCATE|[55]|Bytes:2
13:23:17.0 (21905072)|HEAP_ALLOCATE|[55]|Bytes:2
13:23:17.0 (21909985)|HEAP_ALLOCATE|[55]|Bytes:5
13:23:17.0 (21914512)|HEAP_ALLOCATE|[55]|Bytes:2
13:23:17.0 (21921474)|HEAP_ALLOCATE|[55]|Bytes:2
13:23:17.0 (21926137)|HEAP_ALLOCATE|[55]|Bytes:5
13:23:17.0 (21930529)|HEAP_ALLOCATE|[EXTERNAL]|Bytes:4
13:23:17.0 (21933535)|HEAP_ALLOCATE|[51]|Bytes:4
13:23:17.0 (21936177)|VARIABLE_ASSIGNMENT|[51]|j|60
13:23:17.0 (21938023)|HEAP_ALLOCATE|[50]|Bytes:4
13:23:17.0 (21940236)|VARIABLE_ASSIGNMENT|[50]|i|14
13:23:17.0 (21941712)|STATEMENT_EXECUTE|[50]
13:23:17.0 (21943045)|STATEMENT_EXECUTE|[51]
13:23:17.0 (21944588)|VARIABLE_SCOPE_BEGIN|[51]|j|Integer|false|false
13:23:17.0 (21945927)|HEAP_ALLOCATE|[51]|Bytes:4
13:23:17.0 (21948251)|VARIABLE_ASSIGNMENT|[51]|j|0
13:23:17.0 (21949676)|STATEMENT_EXECUTE|[51]
13:23:17.0 (21950885)|STATEMENT_EXECUTE|[52]
13:23:17.0 (21951860)|STATEMENT_EXECUTE|[53]
13:23:17.0 (21957129)|HEAP_ALLOCATE|[53]|Bytes:2
13:23:17.0 (21964537)|HEAP_ALLOCATE|[53]|Bytes:1
13:23:17.0 (21969414)|HEAP_ALLOCATE|[53]|Bytes:5
13:23:17.0 (21974006)|HEAP_ALLOCATE|[53]|Bytes:2
13:23:17.0 (21980891)|HEAP_ALLOCATE|[53]|Bytes:1
13:23:17.0 (21985467)|HEAP_ALLOCATE|[53]|Bytes:5
13:23:17.0 (21989751)|HEAP_ALLOCATE|[EXTERNAL]|Bytes:4
13:23:17.0 (21992922)|HEAP_ALLOCATE|[51]|Bytes:4
13:23:17.0 (21995372)|VARIABLE_ASSIGNMENT|[51]|j|30
13:23:17.0 (21996916)|STATEMENT_EXECUTE|[51]
13:23:17.0 (21998119)|STATEMENT_EXECUTE|[54]
13:23:17.0 (21999076)|STATEMENT_EXECUTE|[55]
13:23:17.0 (22004357)|HEAP_ALLOCATE|[55]|Bytes:2
13:23:17.0 (22012107)|HEAP_ALLOCATE|[55]|Bytes:2
13:23:17.0 (22016977)|HEAP_ALLOCATE|[55]|Bytes:5
13:23:17.0 (22021521)|HEAP_ALLOCATE|[55]|Bytes:2
13:23:17.0 (22028613)|HEAP_ALLOCATE|[55]|Bytes:2
13:23:17.0 (22033233)|HEAP_ALLOCATE|[55]|Bytes:5
13:23:17.0 (22037647)|HEAP_ALLOCATE|[EXTERNAL]|Bytes:4
13:23:17.0 (22040761)|HEAP_ALLOCATE|[51]|Bytes:4
13:23:17.0 (22043269)|VARIABLE_ASSIGNMENT|[51]|j|60
13:23:17.0 (22045036)|HEAP_ALLOCATE|[50]|Bytes:4
13:23:17.0 (22047320)|VARIABLE_ASSIGNMENT|[50]|i|15
13:23:17.0 (22048942)|STATEMENT_EXECUTE|[50]
13:23:17.0 (22050203)|STATEMENT_EXECUTE|[51]
13:23:17.0 (22051871)|VARIABLE_SCOPE_BEGIN|[51]|j|Integer|false|false
13:23:17.0 (22053264)|HEAP_ALLOCATE|[51]|Bytes:4
13:23:17.0 (22055535)|VARIABLE_ASSIGNMENT|[51]|j|0
13:23:17.0 (22056943)|STATEMENT_EXECUTE|[51]
13:23:17.0 (22058147)|STATEMENT_EXECUTE|[52]
13:23:17.0 (22059151)|STATEMENT_EXECUTE|[53]
13:23:17.0 (22064639)|HEAP_ALLOCATE|[53]|Bytes:2
13:23:17.0 (22071966)|HEAP_ALLOCATE|[53]|Bytes:1
13:23:17.0 (22076698)|HEAP_ALLOCATE|[53]|Bytes:5
13:23:17.0 (22081198)|HEAP_ALLOCATE|[53]|Bytes:2
13:23:17.0 (22088103)|HEAP_ALLOCATE|[53]|Bytes:1
13:23:17.0 (22092717)|HEAP_ALLOCATE|[53]|Bytes:5
13:23:17.0 (22096970)|HEAP_ALLOCATE|[EXTERNAL]|Bytes:4
13:23:17.0 (22100228)|HEAP_ALLOCATE|[51]|Bytes:4
13:23:17.0 (22102792)|VARIABLE_ASSIGNMENT|[51]|j|30
13:23:17.0 (22104345)|STATEMENT_EXECUTE|[51]
13:23:17.0 (22105604)|STATEMENT_EXECUTE|[54]
13:23:17.0 (22106543)|STATEMENT_EXECUTE|[55]
13:23:17.0 (22112190)|HEAP_ALLOCATE|[55]|Bytes:2
13:23:17.0 (22119512)|HEAP_ALLOCATE|[55]|Bytes:2
13:23:17.0 (22124349)|HEAP_ALLOCATE|[55]|Bytes:5
13:23:17.0 (22128905)|HEAP_ALLOCATE|[55]|Bytes:2
13:23:17.0 (22135819)|HEAP_ALLOCATE|[55]|Bytes:2
13:23:17.0 (22140427)|HEAP_ALLOCATE|[55]|Bytes:5
13:23:17.0 (22144744)|HEAP_ALLOCATE|[EXTERNAL]|Bytes:4
13:23:17.0 (22147861)|HEAP_ALLOCATE|[51]|Bytes:4
13:23:17.0 (22150413)|VARIABLE_ASSIGNMENT|[51]|j|60
13:23:17.0 (22152154)|HEAP_ALLOCATE|[50]|Bytes:4
13:23:17.0 (22154377)|VARIABLE_ASSIGNMENT|[50]|i|16
13:23:17.0 (22156074)|STATEMENT_EXECUTE|[50]
13:23:17.0 (22157296)|STATEMENT_EXECUTE|[51]
13:23:17.0 (22158916)|VARIABLE_SCOPE_BEGIN|[51]|j|Integer|false|false
13:23:17.0 (22160287)|HEAP_ALLOCATE|[51]|Bytes:4
13:23:17.0 (22162572)|VARIABLE_ASSIGNMENT|[51]|j|0
13:23:17.0 (22163981)|STATEMENT_EXECUTE|[51]
13:23:17.0 (22165175)|STATEMENT_EXECUTE|[52]
13:23:17.0 (22166154)|STATEMENT_EXECUTE|[53]
13:23:17.0 (22171497)|HEAP_ALLOCATE|[53]|Bytes:2
13:23:17.0 (22178818)|HEAP_ALLOCATE|[53]|Bytes:1
13:23:17.0 (22183738)|HEAP_ALLOCATE|[53]|Bytes:5
13:23:17.0 (22188313)|HEAP_ALLOCATE|[53]|Bytes:2
13:23:17.0 (22195326)|HEAP_ALLOCATE|[53]|Bytes:1
13:23:17.0 (22199944)|HEAP_ALLOCATE|[53]|Bytes:5
13:23:17.0 (22204210)|HEAP_ALLOCATE|[EXTERNAL]|Bytes:4
13:23:17.0 (22207482)|HEAP_ALLOCATE|[51]|Bytes:4
13:23:17.0 (22210055)|VARIABLE_ASSIGNMENT|[51]|j|30
13:23:17.0 (22211660)|STATEMENT_EXECUTE|[51]
13:23:17.0 (22212916)|STATEMENT_EXECUTE|[54]
13:23:17.0 (22213866)|STATEMENT_EXECUTE|[55]
13:23:17.0 (22219217)|HEAP_ALLOCATE|[55]|Bytes:2
13:23:17.0 (22226673)|HEAP_ALLOCATE|[55]|Bytes:2
13:23:17.0 (22231483)|HEAP_ALLOCATE|[55]|Bytes:5
13:23:17.0 (22235989)|HEAP_ALLOCATE|[55]|Bytes:2
13:23:17.0 (22242879)|HEAP_ALLOCATE|[55]|Bytes:2
13:23:17.0 (22247552)|HEAP_ALLOCATE|[55]|Bytes:5
13:23:17.0 (22251892)|HEAP_ALLOCATE|[EXTERNAL]|Bytes:4
13:23:17.0 (22254969)|HEAP_ALLOCATE|[51]|Bytes:4
13:23:17.0 (22257488)|VARIABLE_ASSIGNMENT|[51]|j|60
13:23:17.0 (22259251)|HEAP_ALLOCATE|[50]|Bytes:4
13:23:17.0 (22261398)|VARIABLE_ASSIGNMENT|[50]|i|17
13:23:17.0 (22263261)|STATEMENT_EXECUTE|[50]
13:23:17.0 (22264480)|STATEMENT_EXECUTE|[51]
13:23:17.0 (22266092)|VARIABLE_SCOPE_BEGIN|[51]|j|Integer|false|false
13:23:17.0 (22267414)|HEAP_ALLOCATE|[51]|Bytes:4
13:23:17.0 (22269654)|VARIABLE_ASSIGNMENT|[51]|j|0
13:23:17.0 (22271049)|STATEMENT_EXECUTE|[51]
13:23:17.0 (22272252)|STATEMENT_EXECUTE|[52]
13:23:17.0 (22273240)|STATEMENT_EXECUTE|[53]
13:23:17.0 (22278773)|HEAP_ALLOCATE|[53]|Bytes:2
13:23:17.0 (22286054)|HEAP_ALLOCATE|[53]|Bytes:1
13:23:17.0 (22290726)|HEAP_ALLOCATE|[53]|Bytes:5
13:23:17.0 (22295256)|HEAP_ALLOCATE|[53]|Bytes:2
13:23:17.0 (22302111)|HEAP_ALLOCATE|[53]|Bytes:1
13:23:17.0 (22306745)|HEAP_ALLOCATE|[53]|Bytes:5
13:23:17.0 (22310993)|HEAP_ALLOCATE|[EXTERNAL]|Bytes:4
13:23:17.0 (22314404)|HEAP_ALLOCATE|[51]|Bytes:4
13:23:17.0 (22316937)|VARIABLE_ASSIGNMENT|[51]|j|30
13:23:17.0 (22318533)|STATEMENT_EXECUTE|[51]
13:23:17.0 (22319792)|STATEMENT_EXECUTE|[54]
13:23:17.0 (22320870)|STATEMENT_EXECUTE|[55]
13:23:17.0 (22326127)|HEAP_ALLOCATE|[55]|Bytes:2
13:23:17.0 (22334322)|HEAP_ALLOCATE|[55]|Bytes:2
13:23:17.0 (22339025)|HEAP_ALLOCATE|[55]|Bytes:5
13:23:17.0 (22343554)|HEAP_ALLOCATE|[55]|Bytes:2
13:23:17.0 (22350460)|HEAP_ALLOCATE|[55]|Bytes:2
13:23:17.0 (22354966)|HEAP_ALLOCATE|[55]|Bytes:5
13:23:17.0 (22359221)|HEAP_ALLOCATE|[EXTERNAL]|Bytes:4
13:23:17.0 (22362296)|HEAP_ALLOCATE|[51]|Bytes:4
13:23:17.0 (22364807)|VARIABLE_ASSIGNMENT|[51]|j|60
13:23:17.0 (22366565)|HEAP_ALLOCATE|[50]|Bytes:4
13:23:17.0 (22368797)|VARIABLE_ASSIGNMENT|[50]|i|18
13:23:17.0 (22370300)|STATEMENT_EXECUTE|[50]
13:23:17.0 (22371503)|STATEMENT_EXECUTE|[51]
13:23:17.0 (22373055)|VARIABLE_SCOPE_BEGIN|[51]|j|Integer|false|false
13:23:17.0 (22374358)|HEAP_ALLOCATE|[51]|Bytes:4
13:23:17.0 (22376653)|VARIABLE_ASSIGNMENT|[51]|j|0
13:23:17.0 (22378074)|STATEMENT_EXECUTE|[51]
13:23:17.0 (22379277)|STATEMENT_EXECUTE|[52]
13:23:17.0 (22380254)|STATEMENT_EXECUTE|[53]
13:23:17.0 (22385684)|HEAP_ALLOCATE|[53]|Bytes:2
13:23:17.0 (22392890)|HEAP_ALLOCATE|[53]|Bytes:1
13:23:17.0 (22398044)|HEAP_ALLOCATE|[53]|Bytes:5
13:23:17.0 (22402636)|HEAP_ALLOCATE|[53]|Bytes:2
13:23:17.0 (22409573)|HEAP_ALLOCATE|[53]|Bytes:1
13:23:17.0 (22414089)|HEAP_ALLOCATE|[53]|Bytes:5
13:23:17.0 (22418381)|HEAP_ALLOCATE|[EXTERNAL]|Bytes:4
13:23:17.0 (22421846)|HEAP_ALLOCATE|[51]|Bytes:4
13:23:17.0 (22424393)|VARIABLE_ASSIGNMENT|[51]|j|30
13:23:17.0 (22426012)|STATEMENT_EXECUTE|[51]
13:23:17.0 (22427255)|STATEMENT_EXECUTE|[54]
13:23:17.0 (22428214)|STATEMENT_EXECUTE|[55]
13:23:17.0 (22433619)|HEAP_ALLOCATE|[55]|Bytes:2
13:23:17.0 (22440935)|HEAP_ALLOCATE|[55]|Bytes:2
13:23:17.0 (22445774)|HEAP_ALLOCATE|[55]|Bytes:5
13:23:17.0 (22450247)|HEAP_ALLOCATE|[55]|Bytes:2
13:23:17.0 (22457427)|HEAP_ALLOCATE|[55]|Bytes:2
13:23:17.0 (22462116)|HEAP_ALLOCATE|[55]|Bytes:5
13:23:17.0 (22466350)|HEAP_ALLOCATE|[EXTERNAL]|Bytes:4
13:23:17.0 (22469357)|HEAP_ALLOCATE|[51]|Bytes:4
13:23:17.0 (22471808)|VARIABLE_ASSIGNMENT|[51]|j|60
13:23:17.0 (22473581)|HEAP_ALLOCATE|[50]|Bytes:4
13:23:17.0 (22475734)|VARIABLE_ASSIGNMENT|[50]|i|19
13:23:17.0 (22477493)|STATEMENT_EXECUTE|[50]
13:23:17.0 (22478874)|STATEMENT_EXECUTE|[51]
13:23:17.0 (22480422)|VARIABLE_SCOPE_BEGIN|[51]|j|Integer|false|false
13:23:17.0 (22481728)|HEAP_ALLOCATE|[51]|Bytes:4
13:23:17.0 (22483998)|VARIABLE_ASSIGNMENT|[51]|j|0
13:23:17.0 (22485401)|STATEMENT_EXECUTE|[51]
13:23:17.0 (22486669)|STATEMENT_EXECUTE|[52]
13:23:17.0 (22487625)|STATEMENT_EXECUTE|[53]
13:23:17.0 (22493070)|HEAP_ALLOCATE|[53]|Bytes:2
13:23:17.0 (22500331)|HEAP_ALLOCATE|[53]|Bytes:1
13:23:17.0 (22505116)|HEAP_ALLOCATE|[53]|Bytes:5
13:23:17.0 (22509749)|HEAP_ALLOCATE|[53]|Bytes:2
13:23:17.0 (22516680)|HEAP_ALLOCATE|[53]|Bytes:1
13:23:17.0 (22521279)|HEAP_ALLOCATE|[53]|Bytes:5
13:23:17.0 (22525842)|HEAP_ALLOCATE|[EXTERNAL]|Bytes:4
13:23:17.0 (22529125)|HEAP_ALLOCATE|[51]|Bytes:4
13:23:17.0 (22531747)|VARIABLE_ASSIGNMENT|[51]|j|30
13:23:17.0 (22533372)|STATEMENT_EXECUTE|[51]
13:23:17.0 (22534573)|STATEMENT_EXECUTE|[54]
13:23:17.0 (22535543)|STATEMENT_EXECUTE|[55]
13:23:17.0 (22540859)|HEAP_ALLOCATE|[55]|Bytes:2
13:23:17.0 (22548657)|HEAP_ALLOCATE|[55]|Bytes:2
13:23:17.0 (22553415)|HEAP_ALLOCATE|[55]|Bytes:5
13:23:17.0 (22557989)|HEAP_ALLOCATE|[55]|Bytes:2
13:23:17.0 (22564887)|HEAP_ALLOCATE|[55]|Bytes:2
13:23:17.0 (22569536)|HEAP_ALLOCATE|[55]|Bytes:5
13:23:17.0 (22573857)|HEAP_ALLOCATE|[EXTERNAL]|Bytes:4
13:23:17.0 (22576907)|HEAP_ALLOCATE|[51]|Bytes:4
13:23:17.0 (22579494)|VARIABLE_ASSIGNMENT|[51]|j|60
13:23:17.0 (22581303)|HEAP_ALLOCATE|[50]|Bytes:4
13:23:17.0 (22583455)|VARIABLE_ASSIGNMENT|[50]|i|20
13:23:17.0 (22584913)|STATEMENT_EXECUTE|[50]
13:23:17.0 (22586130)|STATEMENT_EXECUTE|[51]
13:23:17.0 (22587695)|VARIABLE_SCOPE_BEGIN|[51]|j|Integer|false|false
13:23:17.0 (22589045)|HEAP_ALLOCATE|[51]|Bytes:4
13:23:17.0 (22591391)|VARIABLE_ASSIGNMENT|[51]|j|0
13:23:17.0 (22592808)|STATEMENT_EXECUTE|[51]
13:23:17.0 (22594072)|STATEMENT_EXECUTE|[52]
13:23:17.0 (22595030)|STATEMENT_EXECUTE|[53]
13:23:17.0 (22600475)|HEAP_ALLOCATE|[53]|Bytes:2
13:23:17.0 (22607740)|HEAP_ALLOCATE|[53]|Bytes:1
13:23:17.0 (22612892)|HEAP_ALLOCATE|[53]|Bytes:5
13:23:17.0 (22617472)|HEAP_ALLOCATE|[53]|Bytes:2
13:23:17.0 (22624382)|HEAP_ALLOCATE|[53]|Bytes:1
13:23:17.0 (22628954)|HEAP_ALLOCATE|[53]|Bytes:5
13:23:17.0 (22638711)|HEAP_ALLOCATE|[EXTERNAL]|Bytes:4
13:23:17.0 (22642184)|HEAP_ALLOCATE|[51]|Bytes:4
13:23:17.0 (22645113)|VARIABLE_ASSIGNMENT|[51]|j|30
13:23:17.0 (22646831)|STATEMENT_EXECUTE|[51]
13:23:17.0 (22648103)|STATEMENT_EXECUTE|[54]
13:23:17.0 (22649042)|STATEMENT_EXECUTE|[55]
13:23:17.0 (22654778)|HEAP_ALLOCATE|[55]|Bytes:2
13:23:17.0 (22662066)|HEAP_ALLOCATE|[55]|Bytes:2
13:23:17.0 (22666857)|HEAP_ALLOCATE|[55]|Bytes:5
13:23:17.0 (22671423)|HEAP_ALLOCATE|[55]|Bytes:2
13:23:17.0 (22678362)|HEAP_ALLOCATE|[55]|Bytes:2
13:23:17.0 (22682953)|HEAP_ALLOCATE|[55]|Bytes:5
13:23:17.0 (22687152)|HEAP_ALLOCATE|[EXTERNAL]|Bytes:4
13:23:17.0 (22690195)|HEAP_ALLOCATE|[51]|Bytes:4
13:23:17.0 (22692704)|VARIABLE_ASSIGNMENT|[51]|j|60
13:23:17.0 (22694522)|HEAP_ALLOCATE|[50]|Bytes:4
13:23:17.0 (22696757)|VARIABLE_ASSIGNMENT|[50]|i|21
13:23:17.0 (22698388)|STATEMENT_EXECUTE|[50]
13:23:17.0 (22699663)|STATEMENT_EXECUTE|[51]
13:23:17.0 (22701288)|VARIABLE_SCOPE_BEGIN|[51]|j|Integer|false|false
13:23:17.0 (22702688)|HEAP_ALLOCATE|[51]|Bytes:4
13:23:17.0 (22704900)|VARIABLE_ASSIGNMENT|[51]|j|0
13:23:17.0 (22706293)|STATEMENT_EXECUTE|[51]
13:23:17.0 (22707541)|STATEMENT_EXECUTE|[52]
13:23:17.0 (22708532)|STATEMENT_EXECUTE|[53]
13:23:17.0 (22713850)|HEAP_ALLOCATE|[53]|Bytes:2
13:23:17.0 (22721281)|HEAP_ALLOCATE|[53]|Bytes:1
13:23:17.0 (22726059)|HEAP_ALLOCATE|[53]|Bytes:5
13:23:17.0 (22730608)|HEAP_ALLOCATE|[53]|Bytes:2
13:23:17.0 (22737557)|HEAP_ALLOCATE|[53]|Bytes:1
13:23:17.0 (22742152)|HEAP_ALLOCATE|[53]|Bytes:5
13:23:17.0 (22746576)|HEAP_ALLOCATE|[EXTERNAL]|Bytes:4
13:23:17.0 (22749893)|HEAP_ALLOCATE|[51]|Bytes:4
13:23:17.0 (22752583)|VARIABLE_ASSIGNMENT|[51]|j|30
13:23:17.0 (22754169)|STATEMENT_EXECUTE|[51]
13:23:17.0 (22755389)|STATEMENT_EXECUTE|[54]
13:23:17.0 (22756342)|STATEMENT_EXECUTE|[55]
13:23:17.0 (22761680)|HEAP_ALLOCATE|[55]|Bytes:2
13:23:17.0 (22769168)|HEAP_ALLOCATE|[55]|Bytes:2
13:23:17.0 (22774042)|HEAP_ALLOCATE|[55]|Bytes:5
13:23:17.0 (22778685)|HEAP_ALLOCATE|[55]|Bytes:2
13:23:17.0 (22785676)|HEAP_ALLOCATE|[55]|Bytes:2
13:23:17.0 (22790270)|HEAP_ALLOCATE|[55]|Bytes:5
13:23:17.0 (22794662)|HEAP_ALLOCATE|[EXTERNAL]|Bytes:4
13:23:17.0 (22797662)|HEAP_ALLOCATE|[51]|Bytes:4
13:23:17.0 (22800170)|VARIABLE_ASSIGNMENT|[51]|j|60
13:23:17.0 (22801988)|HEAP_ALLOCATE|[50]|Bytes:4
13:23:17.0 (22804303)|VARIABLE_ASSIGNMENT|[50]|i|22
13:23:17.0 (22805778)|STATEMENT_EXECUTE|[50]
13:23:17.0 (22807032)|STATEMENT_EXECUTE|[51]
13:23:17.0 (22808607)|VARIABLE_SCOPE_BEGIN|[51]|j|Integer|false|false
13:23:17.0 (22809904)|HEAP_ALLOCATE|[51]|Bytes:4
13:23:17.0 (22812107)|VARIABLE_ASSIGNMENT|[51]|j|0
13:23:17.0 (22813542)|STATEMENT_EXECUTE|[51]
13:23:17.0 (22814790)|STATEMENT_EXECUTE|[52]
13:23:17.0 (22815763)|STATEMENT_EXECUTE|[53]
13:23:17.0 (22821105)|HEAP_ALLOCATE|[53]|Bytes:2
13:23:17.0 (22828442)|HEAP_ALLOCATE|[53]|Bytes:1
13:23:17.0 (22833203)|HEAP_ALLOCATE|[53]|Bytes:5
13:23:17.0 (22838397)|HEAP_ALLOCATE|[53]|Bytes:2
13:23:17.0 (22845281)|HEAP_ALLOCATE|[53]|Bytes:1
13:23:17.0 (22849903)|HEAP_ALLOCATE|[53]|Bytes:5
13:23:17.0 (22854324)|HEAP_ALLOCATE|[EXTERNAL]|Bytes:4
13:23:17.0 (22857589)|HEAP_ALLOCATE|[51]|Bytes:4
13:23:17.0 (22860134)|VARIABLE_ASSIGNMENT|[51]|j|30
13:23:17.0 (22861740)|STATEMENT_EXECUTE|[51]
13:23:17.0 (22862953)|STATEMENT_EXECUTE|[54]
13:23:17.0 (22863900)|STATEMENT_EXECUTE|[55]
13:23:17.0 (22869217)|HEAP_ALLOCATE|[55]|Bytes:2
13:23:17.0 (22876455)|HEAP_ALLOCATE|[55]|Bytes:2
13:23:17.0 (22881347)|HEAP_ALLOCATE|[55]|Bytes:5
13:23:17.0 (22888987)|HEAP_ALLOCATE|[55]|Bytes:2
13:23:17.0 (22896440)|HEAP_ALLOCATE|[55]|Bytes:2
13:23:17.0 (22901086)|HEAP_ALLOCATE|[55]|Bytes:5
13:23:17.0 (22905542)|HEAP_ALLOCATE|[EXTERNAL]|Bytes:4
13:23:17.0 (22908564)|HEAP_ALLOCATE|[51]|Bytes:4
13:23:17.0 (22911187)|VARIABLE_ASSIGNMENT|[51]|j|60
13:23:17.0 (22913040)|HEAP_ALLOCATE|[50]|Bytes:4
13:23:17.0 (22915401)|VARIABLE_ASSIGNMENT|[50]|i|23
13:23:17.0 (22917101)|STATEMENT_EXECUTE|[50]
13:23:17.0 (22918346)|STATEMENT_EXECUTE|[51]
13:23:17.0 (22919941)|VARIABLE_SCOPE_BEGIN|[51]|j|Integer|false|false
13:23:17.0 (22921279)|HEAP_ALLOCATE|[51]|Bytes:4
13:23:17.0 (22923596)|VARIABLE_ASSIGNMENT|[51]|j|0
13:23:17.0 (22925012)|STATEMENT_EXECUTE|[51]
13:23:17.0 (22926263)|STATEMENT_EXECUTE|[52]
13:23:17.0 (22927259)|STATEMENT_EXECUTE|[53]
13:23:17.0 (22932736)|HEAP_ALLOCATE|[53]|Bytes:2
13:23:17.0 (22940019)|HEAP_ALLOCATE|[53]|Bytes:1
13:23:17.0 (22944738)|HEAP_ALLOCATE|[53]|Bytes:5
13:23:17.0 (22949253)|HEAP_ALLOCATE|[53]|Bytes:2
13:23:17.0 (22956210)|HEAP_ALLOCATE|[53]|Bytes:1
13:23:17.0 (22960833)|HEAP_ALLOCATE|[53]|Bytes:5
13:23:17.0 (22965203)|HEAP_ALLOCATE|[EXTERNAL]|Bytes:4
13:23:17.0 (22968417)|HEAP_ALLOCATE|[51]|Bytes:4
13:23:17.0 (22970995)|VARIABLE_ASSIGNMENT|[51]|j|30
13:23:17.0 (22972613)|STATEMENT_EXECUTE|[51]
13:23:17.0 (22973858)|STATEMENT_EXECUTE|[54]
13:23:17.0 (22974831)|STATEMENT_EXECUTE|[55]
13:23:17.0 (22980097)|HEAP_ALLOCATE|[55]|Bytes:2
13:23:17.0 (22987810)|HEAP_ALLOCATE|[55]|Bytes:2
13:23:17.0 (22992536)|HEAP_ALLOCATE|[55]|Bytes:5
13:23:17.0 (22997137)|HEAP_ALLOCATE|[55]|Bytes:2
13:23:17.0 (23004129)|HEAP_ALLOCATE|[55]|Bytes:2
13:23:17.0 (23009313)|HEAP_ALLOCATE|[55]|Bytes:5
13:23:17.0 (23013592)|HEAP_ALLOCATE|[EXTERNAL]|Bytes:4
13:23:17.0 (23016715)|HEAP_ALLOCATE|[51]|Bytes:4
13:23:17.0 (23019214)|VARIABLE_ASSIGNMENT|[51]|j|60
13:23:17.0 (23020942)|HEAP_ALLOCATE|[50]|Bytes:4
13:23:17.0 (23023106)|VARIABLE_ASSIGNMENT|[50]|i|24
13:23:17.0 (23024848)|STATEMENT_EXECUTE|[59]
13:23:17.0 (23115799)|SYSTEM_MODE_ENTER|true
13:23:17.0 (23135757)|HEAP_ALLOCATE|[EXTERNAL]|Bytes:80
13:23:17.0 (23179868)|VARIABLE_ASSIGNMENT|[EXTERNAL]|this|{"delToHub":true,"delToProj":false,"detail":"0x7d5d030b","invoked":false,"rejected":false,"reserved":false,"selectedTime3":"8:00","sublocations1":"0x458e9e22","www":"0x10e3b0bf","wwwById":"0x56003a95"}|0xd89759b
13:23:17.0 (23185957)|STATEMENT_EXECUTE|[78]
13:23:17.0 (23188698)|STATEMENT_EXECUTE|[79]
13:23:17.0 (23189878)|STATEMENT_EXECUTE|[83]
13:23:17.26 (26206890)|SYSTEM_MODE_ENTER|true
13:23:17.26 (26246423)|HEAP_ALLOCATE|[EXTERNAL]|Bytes:8
13:23:17.26 (26251665)|VARIABLE_SCOPE_BEGIN|[88]|this|ApexPage.PageMessagesComponentController|true|false
13:23:17.26 (26269042)|VARIABLE_ASSIGNMENT|[88]|this|{}|0x3a35cc2c
13:23:17.26 (26271570)|VARIABLE_SCOPE_BEGIN|[88]|escape|Boolean|false|false
13:23:17.26 (26274457)|VARIABLE_ASSIGNMENT|[88]|escape|null
13:23:17.0 (26686413)|SYSTEM_MODE_ENTER|true
13:23:17.0 (26706294)|HEAP_ALLOCATE|[EXTERNAL]|Bytes:4
13:23:17.0 (26709823)|HEAP_ALLOCATE|[EXTERNAL]|Bytes:80
13:23:17.0 (26718431)|VARIABLE_ASSIGNMENT|[EXTERNAL]|this.selectedTime3|"8:00"|0xd89759b
13:23:17.0 (26749292)|SYSTEM_MODE_ENTER|true
13:23:17.0 (26767533)|HEAP_ALLOCATE|[EXTERNAL]|Bytes:80
13:23:17.0 (26810899)|VARIABLE_ASSIGNMENT|[EXTERNAL]|this|{"delToHub":true,"delToProj":false,"detail":"0x7d5d030b","invoked":false,"rejected":false,"reserved":false,"selectedTime3":"8:00","sublocations1":"0x458e9e22","www":"0x10e3b0bf","wwwById":"0x56003a95"}|0xd89759b
13:23:17.0 (26816302)|STATEMENT_EXECUTE|[3]
13:23:17.0 (26819191)|STATEMENT_EXECUTE|[4]
13:23:17.0 (26820368)|STATEMENT_EXECUTE|[9]
13:23:17.0 (27280780)|SYSTEM_MODE_ENTER|true
13:23:17.0 (27301391)|HEAP_ALLOCATE|[EXTERNAL]|Bytes:80
13:23:17.0 (27343579)|VARIABLE_ASSIGNMENT|[EXTERNAL]|this|{"delToHub":true,"delToProj":false,"detail":"0x7d5d030b","invoked":false,"rejected":false,"reserved":false,"selectedTime3":"8:00","sublocations1":"0x458e9e22","www":"0x10e3b0bf","wwwById":"0x56003a95"}|0xd89759b
13:23:17.0 (27349156)|STATEMENT_EXECUTE|[204]
13:23:17.0 (27351601)|STATEMENT_EXECUTE|[205]
13:23:17.0 (27352748)|STATEMENT_EXECUTE|[208]
13:23:17.0 (27390951)|SYSTEM_MODE_ENTER|true
13:23:17.0 (27406221)|HEAP_ALLOCATE|[EXTERNAL]|Bytes:80
13:23:17.0 (27441542)|VARIABLE_ASSIGNMENT|[EXTERNAL]|this|{"delToHub":true,"delToProj":false,"detail":"0x7d5d030b","invoked":false,"rejected":false,"reserved":false,"selectedTime3":"8:00","sublocations1":"0x458e9e22","www":"0x10e3b0bf","wwwById":"0x56003a95"}|0xd89759b
13:23:17.0 (27446192)|STATEMENT_EXECUTE|[220]
13:23:17.0 (27448349)|STATEMENT_EXECUTE|[221]
13:23:17.0 (27449429)|STATEMENT_EXECUTE|[224]
13:23:17.0 (27483332)|SYSTEM_MODE_ENTER|true
13:23:17.0 (27497148)|HEAP_ALLOCATE|[EXTERNAL]|Bytes:80
13:23:17.0 (27529735)|VARIABLE_ASSIGNMENT|[EXTERNAL]|this|{"delToHub":true,"delToProj":false,"detail":"0x7d5d030b","invoked":false,"rejected":false,"reserved":false,"selectedTime3":"8:00","sublocations1":"0x458e9e22","www":"0x10e3b0bf","wwwById":"0x56003a95"}|0xd89759b
13:23:17.0 (27533455)|STATEMENT_EXECUTE|[212]
13:23:17.0 (27535275)|STATEMENT_EXECUTE|[213]
13:23:17.0 (27536340)|STATEMENT_EXECUTE|[216]
13:23:17.0 (27569609)|SYSTEM_MODE_ENTER|true
13:23:17.0 (27583050)|HEAP_ALLOCATE|[EXTERNAL]|Bytes:80
13:23:17.0 (27615410)|VARIABLE_ASSIGNMENT|[EXTERNAL]|this|{"delToHub":true,"delToProj":false,"detail":"0x7d5d030b","invoked":false,"rejected":false,"reserved":false,"selectedTime3":"8:00","sublocations1":"0x458e9e22","www":"0x10e3b0bf","wwwById":"0x56003a95"}|0xd89759b
13:23:17.0 (27619579)|STATEMENT_EXECUTE|[21]
13:23:17.0 (27621578)|STATEMENT_EXECUTE|[22]
13:23:17.0 (27622855)|STATEMENT_EXECUTE|[26]
13:23:17.0 (28310089)|HEAP_ALLOCATE|[EXTERNAL]|Bytes:80
13:23:17.0 (28317542)|VARIABLE_SCOPE_BEGIN|[294]|this|NewDeliveredExtension|true|false
13:23:17.0 (28357345)|VARIABLE_ASSIGNMENT|[294]|this|{"delToHub":true,"delToProj":false,"detail":"0x7d5d030b","invoked":false,"rejected":false,"reserved":false,"selectedTime3":"8:00","sublocations1":"0x458e9e22","www":"0x10e3b0bf","wwwById":"0x56003a95"}|0xd89759b
13:23:17.0 (28364118)|STATEMENT_EXECUTE|[294]
13:23:17.0 (28365626)|STATEMENT_EXECUTE|[295]
13:23:17.0 (28424613)|VARIABLE_ASSIGNMENT|[EXTERNAL]|this|{"delToHub":true,"delToProj":false,"detail":"0x7d5d030b","invoked":false,"rejected":false,"reserved":false,"selectedTime3":"8:00","sublocations1":"0x458e9e22","www":"0x10e3b0bf","wwwById":"0x56003a95"}|0xd89759b
13:23:17.0 (28428965)|STATEMENT_EXECUTE|[3]
13:23:17.0 (28431134)|STATEMENT_EXECUTE|[4]
13:23:17.0 (28432230)|STATEMENT_EXECUTE|[9]
13:23:17.0 (28491308)|VARIABLE_ASSIGNMENT|[295]|this.Location__c|null|0x7d5d030b
13:23:17.0 (28493926)|STATEMENT_EXECUTE|[296]
13:23:17.0 (28498037)|HEAP_ALLOCATE|[296]|Bytes:7
13:23:17.0 (28548745)|VARIABLE_ASSIGNMENT|[EXTERNAL]|this|{"delToHub":true,"delToProj":false,"detail":"0x7d5d030b","invoked":false,"rejected":false,"reserved":false,"selectedTime3":"8:00","sublocations1":"0x458e9e22","www":"0x10e3b0bf","wwwById":"0x56003a95"}|0xd89759b
13:23:17.0 (28552479)|STATEMENT_EXECUTE|[21]
13:23:17.0 (28554478)|STATEMENT_EXECUTE|[22]
13:23:17.0 (28555557)|STATEMENT_EXECUTE|[26]
13:23:17.0 (28598909)|HEAP_ALLOCATE|[296]|Bytes:38
13:23:17.0 (28612371)|HEAP_ALLOCATE|[296]|Bytes:45
13:23:17.0 (28630021)|USER_DEBUG|[296]|DEBUG|set wwwWWW__c:{Project__c=a0q0E0000008S3bQAE}
13:23:17.0 (28634950)|STATEMENT_EXECUTE|[297]
13:23:17.0 (28680168)|VARIABLE_ASSIGNMENT|[EXTERNAL]|this|{"delToHub":true,"delToProj":false,"detail":"0x7d5d030b","invoked":false,"rejected":false,"reserved":false,"selectedTime3":"8:00","sublocations1":"0x458e9e22","www":"0x10e3b0bf","wwwById":"0x56003a95"}|0xd89759b
13:23:17.0 (28684733)|STATEMENT_EXECUTE|[3]
13:23:17.0 (28686586)|STATEMENT_EXECUTE|[4]
13:23:17.0 (28687653)|STATEMENT_EXECUTE|[9]
13:23:17.0 (28799069)|VARIABLE_ASSIGNMENT|[EXTERNAL]|this|{"delToHub":true,"delToProj":false,"detail":"0x7d5d030b","invoked":false,"rejected":false,"reserved":false,"selectedTime3":"8:00","sublocations1":"0x458e9e22","www":"0x10e3b0bf","wwwById":"0x56003a95"}|0xd89759b
13:23:17.0 (28816229)|VARIABLE_ASSIGNMENT|[EXTERNAL]|value|{"Id":"a0t0E0000004UTkQAM","Project__c":"a0q0E0000008S3WQAU","Item__c":"a0A0E0000001PiqUAE","Hub_Building_Site__c":"a020E000000zFeUQAU","Actueel_aantal_palle (12 more) ...":0,"Name":"WWW-13536"}|0x264f6af1
13:23:17.0 (28829522)|VARIABLE_ASSIGNMENT|[20]|this.www|{"Id":"a0t0E0000004UTkQAM","Project__c":"a0q0E0000008S3WQAU","Item__c":"a0A0E0000001PiqUAE","Hub_Building_Site__c":"a020E000000zFeUQAU","Actueel_aantal_palle (12 more) ...":0,"Name":"WWW-13536"}|0xd89759b
13:23:17.0 (28835267)|STATEMENT_EXECUTE|[298]
13:23:17.0 (28874627)|VARIABLE_ASSIGNMENT|[EXTERNAL]|this|{"delToHub":true,"delToProj":false,"detail":"0x7d5d030b","invoked":false,"rejected":false,"reserved":false,"selectedTime3":"8:00","sublocations1":"0x458e9e22","www":"0x264f6af1","wwwById":"0x56003a95"}|0xd89759b
13:23:17.0 (28878182)|STATEMENT_EXECUTE|[21]
13:23:17.0 (28879993)|STATEMENT_EXECUTE|[22]
13:23:17.0 (28880999)|STATEMENT_EXECUTE|[26]
13:23:17.0 (28954049)|HEAP_ALLOCATE|[298]|Bytes:182
13:23:17.0 (28966629)|HEAP_ALLOCATE|[298]|Bytes:189
13:23:17.0 (28975287)|USER_DEBUG|[298]|DEBUG|set wwwWWW__c:{Id=a0t0E0000004UTkQAM, Project__c=a0q0E0000008S3WQAU, Item__c=a0A0E0000001PiqUAE, Hub_Building_Site__c=a020E000000zFeUQAU, Actueel_aantal_palletplaatsen__c=0, Name=WWW-13536}
13:23:17.39 (39412913)|SYSTEM_MODE_ENTER|true
13:23:17.39 (39455150)|HEAP_ALLOCATE|[EXTERNAL]|Bytes:8
13:23:17.39 (39460190)|VARIABLE_SCOPE_BEGIN|[88]|this|ApexPage.PageMessagesComponentController|true|false
13:23:17.39 (39478267)|VARIABLE_ASSIGNMENT|[88]|this|{}|0x3a35cc2c
13:23:17.39 (39480962)|VARIABLE_SCOPE_BEGIN|[88]|escape|Boolean|false|false
13:23:17.39 (39483850)|VARIABLE_ASSIGNMENT|[88]|escape|null
13:23:17.39 (39557629)|SYSTEM_MODE_ENTER|true
13:23:17.39 (39579745)|HEAP_ALLOCATE|[EXTERNAL]|Bytes:8
13:23:17.39 (39583593)|VARIABLE_SCOPE_BEGIN|[2]|this|ApexPage.PageMessagesComponentController|true|false
13:23:17.39 (39598140)|VARIABLE_ASSIGNMENT|[2]|this|{}|0x3a35cc2c
13:23:17.0 (39842484)|SYSTEM_MODE_ENTER|true
13:23:17.0 (39863437)|HEAP_ALLOCATE|[EXTERNAL]|Bytes:80
13:23:17.0 (39930978)|VARIABLE_ASSIGNMENT|[EXTERNAL]|this|{"delToHub":true,"delToProj":false,"detail":"0x7d5d030b","invoked":false,"rejected":false,"reserved":false,"selectedTime3":"8:00","sublocations1":"0x458e9e22","www":"0x264f6af1","wwwById":"0x56003a95"}|0xd89759b
13:23:17.0 (39937071)|STATEMENT_EXECUTE|[196]
13:23:17.0 (39939965)|STATEMENT_EXECUTE|[197]
13:23:17.0 (39941105)|STATEMENT_EXECUTE|[200]
13:23:17.0 (40006414)|SYSTEM_MODE_ENTER|true
13:23:17.0 (40026404)|HEAP_ALLOCATE|[EXTERNAL]|Bytes:80
13:23:17.0 (40064706)|VARIABLE_ASSIGNMENT|[EXTERNAL]|this|{"delToHub":true,"delToProj":false,"detail":"0x7d5d030b","invoked":false,"rejected":false,"reserved":false,"selectedTime3":"8:00","sublocations1":"0x458e9e22","www":"0x264f6af1","wwwById":"0x56003a95"}|0xd89759b
13:23:17.0 (40069468)|STATEMENT_EXECUTE|[229]
13:23:17.0 (40071530)|STATEMENT_EXECUTE|[230]
13:23:17.0 (40072741)|STATEMENT_EXECUTE|[233]
13:23:17.0 (40126725)|SYSTEM_MODE_ENTER|true
13:23:17.0 (40141871)|HEAP_ALLOCATE|[EXTERNAL]|Bytes:80
13:23:17.0 (40177072)|VARIABLE_ASSIGNMENT|[EXTERNAL]|this|{"delToHub":true,"delToProj":false,"detail":"0x7d5d030b","invoked":false,"rejected":false,"reserved":false,"selectedTime3":"8:00","sublocations1":"0x458e9e22","www":"0x264f6af1","wwwById":"0x56003a95"}|0xd89759b
13:23:17.0 (40181584)|STATEMENT_EXECUTE|[3]
13:23:17.0 (40183682)|STATEMENT_EXECUTE|[4]
13:23:17.0 (40184805)|STATEMENT_EXECUTE|[9]
13:23:17.0 (42213473)|SYSTEM_MODE_ENTER|true
13:23:17.0 (42236139)|HEAP_ALLOCATE|[EXTERNAL]|Bytes:80
13:23:17.0 (42282206)|VARIABLE_ASSIGNMENT|[EXTERNAL]|this|{"delToHub":true,"delToProj":false,"detail":"0x7d5d030b","invoked":false,"rejected":false,"reserved":false,"selectedTime3":"8:00","sublocations1":"0x458e9e22","www":"0x264f6af1","wwwById":"0x56003a95"}|0xd89759b
13:23:17.0 (42288488)|STATEMENT_EXECUTE|[186]
13:23:17.0 (42291345)|STATEMENT_EXECUTE|[187]
13:23:17.0 (42292662)|STATEMENT_EXECUTE|[190]
13:23:17.0 (42670622)|SYSTEM_MODE_ENTER|true
13:23:17.0 (42690704)|HEAP_ALLOCATE|[EXTERNAL]|Bytes:80
13:23:17.0 (42732966)|VARIABLE_ASSIGNMENT|[EXTERNAL]|this|{"delToHub":true,"delToProj":false,"detail":"0x7d5d030b","invoked":false,"rejected":false,"reserved":false,"selectedTime3":"8:00","sublocations1":"0x458e9e22","www":"0x264f6af1","wwwById":"0x56003a95"}|0xd89759b
13:23:17.0 (42738603)|STATEMENT_EXECUTE|[204]
13:23:17.0 (42741229)|STATEMENT_EXECUTE|[205]
13:23:17.0 (42742357)|STATEMENT_EXECUTE|[208]
13:23:17.0 (42783375)|SYSTEM_MODE_ENTER|true
13:23:17.0 (42798203)|HEAP_ALLOCATE|[EXTERNAL]|Bytes:80
13:23:17.0 (42834992)|VARIABLE_ASSIGNMENT|[EXTERNAL]|this|{"delToHub":true,"delToProj":false,"detail":"0x7d5d030b","invoked":false,"rejected":false,"reserved":false,"selectedTime3":"8:00","sublocations1":"0x458e9e22","www":"0x264f6af1","wwwById":"0x56003a95"}|0xd89759b
13:23:17.0 (42839387)|STATEMENT_EXECUTE|[220]
13:23:17.0 (42841293)|STATEMENT_EXECUTE|[221]
13:23:17.0 (42842411)|STATEMENT_EXECUTE|[224]
13:23:17.0 (42877955)|SYSTEM_MODE_ENTER|true
13:23:17.0 (42896805)|HEAP_ALLOCATE|[EXTERNAL]|Bytes:80
13:23:17.0 (42930247)|VARIABLE_ASSIGNMENT|[EXTERNAL]|this|{"delToHub":true,"delToProj":false,"detail":"0x7d5d030b","invoked":false,"rejected":false,"reserved":false,"selectedTime3":"8:00","sublocations1":"0x458e9e22","www":"0x264f6af1","wwwById":"0x56003a95"}|0xd89759b
13:23:17.0 (42934386)|STATEMENT_EXECUTE|[212]
13:23:17.0 (42936219)|STATEMENT_EXECUTE|[213]
13:23:17.0 (42937296)|STATEMENT_EXECUTE|[216]
13:23:17.0 (42991575)|SYSTEM_MODE_ENTER|true
13:23:17.0 (43006594)|HEAP_ALLOCATE|[EXTERNAL]|Bytes:80
13:23:17.0 (43042984)|VARIABLE_ASSIGNMENT|[EXTERNAL]|this|{"delToHub":true,"delToProj":false,"detail":"0x7d5d030b","invoked":false,"rejected":false,"reserved":false,"selectedTime3":"8:00","sublocations1":"0x458e9e22","www":"0x264f6af1","wwwById":"0x56003a95"}|0xd89759b
13:23:17.0 (43047260)|STATEMENT_EXECUTE|[21]
13:23:17.0 (43049267)|STATEMENT_EXECUTE|[22]
13:23:17.0 (43050355)|STATEMENT_EXECUTE|[26]
13:23:17.0 (53556424)|VF_SERIALIZE_VIEWSTATE_BEGIN|06624000003h0Dg
13:23:17.0 (57343695)|VF_SERIALIZE_VIEWSTATE_END
13:23:17.59 (59766814)|CUMULATIVE_LIMIT_USAGE
13:23:17.59 (59766814)|LIMIT_USAGE_FOR_NS|(default)|
  Number of SOQL queries: 0 out of 100
  Number of query rows: 0 out of 50000
  Number of SOSL queries: 0 out of 20
  Number of DML statements: 0 out of 150
  Number of DML rows: 0 out of 10000
  Maximum CPU time: 0 out of 10000
  Maximum heap size: 0 out of 6000000
  Number of callouts: 0 out of 100
  Number of Email Invocations: 0 out of 10
  Number of future calls: 0 out of 50
  Number of queueable jobs added to the queue: 0 out of 50
  Number of Mobile Apex push calls: 0 out of 10

13:23:17.59 (59766814)|CUMULATIVE_LIMIT_USAGE_END

13:23:17.0 (59796283)|CODE_UNIT_FINISHED|VF: /apex/New_delivered_detail
13:23:17.0 (60534891)|EXECUTION_FINISHED
