38.0 APEX_CODE,FINEST;APEX_PROFILING,INFO;CALLOUT,INFO;DB,INFO;SYSTEM,DEBUG;VALIDATION,INFO;VISUALFORCE,INFO;WORKFLOW,INFO
16:43:17.0 (57627)|USER_INFO|[EXTERNAL]|00524000001e3Uj|bedrijfsbureau@gsa.nl.sandbox|Midden-Europese standaardtijd|GMT+01:00
16:43:17.0 (87778)|EXECUTION_STARTED
16:43:17.0 (91672)|CODE_UNIT_STARTED|[EXTERNAL]|06624000003h0Dg|VF: /apex/New_delivered_detail
16:43:17.0 (238096)|VF_DESERIALIZE_VIEWSTATE_BEGIN|06624000003h0Dg
16:43:17.0 (4536253)|HEAP_ALLOCATE|[72]|Bytes:3
16:43:17.0 (4572020)|HEAP_ALLOCATE|[77]|Bytes:152
16:43:17.0 (4587909)|HEAP_ALLOCATE|[342]|Bytes:408
16:43:17.0 (4601909)|HEAP_ALLOCATE|[355]|Bytes:408
16:43:17.0 (4614985)|HEAP_ALLOCATE|[467]|Bytes:48
16:43:17.0 (4640949)|HEAP_ALLOCATE|[139]|Bytes:6
16:43:17.0 (5297116)|HEAP_ALLOCATE|[50]|Bytes:5
16:43:17.0 (5323519)|HEAP_ALLOCATE|[56]|Bytes:5
16:43:17.0 (5331127)|HEAP_ALLOCATE|[64]|Bytes:7
16:43:17.0 (8022150)|VF_DESERIALIZE_VIEWSTATE_END
16:43:17.9 (9082724)|SYSTEM_MODE_ENTER|true
16:43:17.9 (9134058)|HEAP_ALLOCATE|[EXTERNAL]|Bytes:38
16:43:17.9 (9139706)|HEAP_ALLOCATE|[EXTERNAL]|Bytes:7
16:43:17.9 (9147617)|SYSTEM_METHOD_ENTRY|[1]|PageMessagesComponentController.PageMessagesComponentController()
16:43:17.9 (9151615)|STATEMENT_EXECUTE|[1]
16:43:17.9 (9864109)|SYSTEM_MODE_ENTER|true
16:43:17.9 (9904553)|HEAP_ALLOCATE|[EXTERNAL]|Bytes:8
16:43:17.9 (9910933)|VARIABLE_SCOPE_BEGIN|[88]|this|ApexPage.PageMessagesComponentController|true|false
16:43:17.9 (9944540)|VARIABLE_ASSIGNMENT|[88]|this|{}|0x76e68cc6
16:43:17.9 (9947702)|VARIABLE_SCOPE_BEGIN|[88]|escape|Boolean|false|false
16:43:17.9 (9952469)|VARIABLE_ASSIGNMENT|[88]|escape|null
16:43:17.0 (10174119)|SYSTEM_MODE_ENTER|true
16:43:17.0 (10340568)|HEAP_ALLOCATE|[EXTERNAL]|Bytes:11
16:43:17.0 (10346659)|HEAP_ALLOCATE|[EXTERNAL]|Bytes:408
16:43:17.0 (10349319)|HEAP_ALLOCATE|[EXTERNAL]|Bytes:119
16:43:17.0 (10351215)|HEAP_ALLOCATE|[EXTERNAL]|Bytes:87
16:43:17.0 (10356686)|METHOD_ENTRY|[1]|01p2400000DUtXT|NewDeliveredExtension.NewDeliveredExtension()
16:43:17.0 (10359422)|STATEMENT_EXECUTE|[1]
16:43:17.0 (10362977)|STATEMENT_EXECUTE|[1]
16:43:17.0 (10364282)|STATEMENT_EXECUTE|[460]
16:43:17.0 (10368261)|METHOD_EXIT|[1]|NewDeliveredExtension
16:43:17.0 (10372192)|HEAP_ALLOCATE|[EXTERNAL]|Bytes:80
16:43:17.0 (10432003)|VARIABLE_ASSIGNMENT|[EXTERNAL]|this|{"delToHub":true,"delToProj":false,"detail":"0x22204213","invoked":false,"rejected":false,"Reserved":false,"sublocations1":"0x462d8879","www":"0x7199416f","wwwById":"0x2330cae0"}|0x9d7ca91
16:43:17.0 (10438490)|STATEMENT_EXECUTE|[154]
16:43:17.0 (10443081)|STATEMENT_EXECUTE|[155]
16:43:17.0 (10445173)|STATEMENT_EXECUTE|[158]
16:43:17.0 (10503190)|SYSTEM_MODE_ENTER|true
16:43:17.0 (10522922)|HEAP_ALLOCATE|[EXTERNAL]|Bytes:80
16:43:17.0 (10563187)|VARIABLE_ASSIGNMENT|[EXTERNAL]|this|{"delToHub":true,"delToProj":false,"detail":"0x22204213","invoked":false,"rejected":false,"Reserved":false,"sublocations1":"0x462d8879","www":"0x7199416f","wwwById":"0x2330cae0"}|0x9d7ca91
16:43:17.0 (10568358)|STATEMENT_EXECUTE|[187]
16:43:17.0 (10571162)|STATEMENT_EXECUTE|[188]
16:43:17.0 (10572411)|STATEMENT_EXECUTE|[191]
16:43:17.0 (10659186)|SYSTEM_MODE_ENTER|true
16:43:17.0 (10676379)|HEAP_ALLOCATE|[EXTERNAL]|Bytes:80
16:43:17.0 (10715493)|VARIABLE_ASSIGNMENT|[EXTERNAL]|this|{"delToHub":true,"delToProj":false,"detail":"0x22204213","invoked":false,"rejected":false,"Reserved":false,"sublocations1":"0x462d8879","www":"0x7199416f","wwwById":"0x2330cae0"}|0x9d7ca91
16:43:17.0 (10719989)|STATEMENT_EXECUTE|[3]
16:43:17.0 (10722917)|STATEMENT_EXECUTE|[4]
16:43:17.0 (10724040)|STATEMENT_EXECUTE|[9]
16:43:17.0 (13964046)|SYSTEM_MODE_ENTER|true
16:43:17.0 (13993067)|HEAP_ALLOCATE|[EXTERNAL]|Bytes:80
16:43:17.0 (14043198)|VARIABLE_ASSIGNMENT|[EXTERNAL]|this|{"delToHub":true,"delToProj":false,"detail":"0x22204213","invoked":false,"rejected":false,"Reserved":false,"sublocations1":"0x462d8879","www":"0x7199416f","wwwById":"0x2330cae0"}|0x9d7ca91
16:43:17.0 (14050550)|STATEMENT_EXECUTE|[144]
16:43:17.0 (14054951)|STATEMENT_EXECUTE|[145]
16:43:17.0 (14056314)|STATEMENT_EXECUTE|[148]
16:43:17.0 (14548192)|SYSTEM_MODE_ENTER|true
16:43:17.0 (14572452)|HEAP_ALLOCATE|[EXTERNAL]|Bytes:80
16:43:17.0 (14619648)|VARIABLE_ASSIGNMENT|[EXTERNAL]|this|{"delToHub":true,"delToProj":false,"detail":"0x22204213","invoked":false,"rejected":false,"Reserved":false,"sublocations1":"0x462d8879","www":"0x7199416f","wwwById":"0x2330cae0"}|0x9d7ca91
16:43:17.0 (14626026)|STATEMENT_EXECUTE|[162]
16:43:17.0 (14630162)|STATEMENT_EXECUTE|[163]
16:43:17.0 (14631523)|STATEMENT_EXECUTE|[166]
16:43:17.0 (14686327)|SYSTEM_MODE_ENTER|true
16:43:17.0 (14703760)|HEAP_ALLOCATE|[EXTERNAL]|Bytes:80
16:43:17.0 (14744110)|VARIABLE_ASSIGNMENT|[EXTERNAL]|this|{"delToHub":true,"delToProj":false,"detail":"0x22204213","invoked":false,"rejected":false,"Reserved":false,"sublocations1":"0x462d8879","www":"0x7199416f","wwwById":"0x2330cae0"}|0x9d7ca91
16:43:17.0 (14748784)|STATEMENT_EXECUTE|[178]
16:43:17.0 (14752202)|STATEMENT_EXECUTE|[179]
16:43:17.0 (14753339)|STATEMENT_EXECUTE|[182]
16:43:17.0 (14802661)|SYSTEM_MODE_ENTER|true
16:43:17.0 (14818864)|HEAP_ALLOCATE|[EXTERNAL]|Bytes:80
16:43:17.0 (14855740)|VARIABLE_ASSIGNMENT|[EXTERNAL]|this|{"delToHub":true,"delToProj":false,"detail":"0x22204213","invoked":false,"rejected":false,"Reserved":false,"sublocations1":"0x462d8879","www":"0x7199416f","wwwById":"0x2330cae0"}|0x9d7ca91
16:43:17.0 (14860543)|STATEMENT_EXECUTE|[170]
16:43:17.0 (14863213)|STATEMENT_EXECUTE|[171]
16:43:17.0 (14864331)|STATEMENT_EXECUTE|[174]
16:43:17.0 (14933210)|SYSTEM_MODE_ENTER|true
16:43:17.0 (14948850)|HEAP_ALLOCATE|[EXTERNAL]|Bytes:80
16:43:17.0 (14986250)|VARIABLE_ASSIGNMENT|[EXTERNAL]|this|{"delToHub":true,"delToProj":false,"detail":"0x22204213","invoked":false,"rejected":false,"Reserved":false,"sublocations1":"0x462d8879","www":"0x7199416f","wwwById":"0x2330cae0"}|0x9d7ca91
16:43:17.0 (14991381)|STATEMENT_EXECUTE|[21]
16:43:17.0 (14993765)|STATEMENT_EXECUTE|[22]
16:43:17.0 (14994964)|STATEMENT_EXECUTE|[26]
16:43:17.0 (20829204)|SYSTEM_MODE_ENTER|true
16:43:17.0 (20855822)|HEAP_ALLOCATE|[EXTERNAL]|Bytes:80
16:43:17.0 (20864072)|VARIABLE_SCOPE_BEGIN|[48]|this|NewDeliveredExtension|true|false
16:43:17.0 (20909690)|VARIABLE_ASSIGNMENT|[48]|this|{"delToHub":true,"delToProj":false,"detail":"0x22204213","invoked":false,"rejected":false,"Reserved":false,"sublocations1":"0x462d8879","www":"0x7199416f","wwwById":"0x2330cae0"}|0x9d7ca91
16:43:17.0 (20916158)|STATEMENT_EXECUTE|[48]
16:43:17.0 (20917687)|STATEMENT_EXECUTE|[49]
16:43:17.0 (20922624)|HEAP_ALLOCATE|[49]|Bytes:4
16:43:17.0 (20948872)|VARIABLE_SCOPE_BEGIN|[49]|options|List<System.SelectOption>|true|false
16:43:17.0 (20973913)|HEAP_ALLOCATE|[EXTERNAL]|Bytes:4
16:43:17.0 (20987219)|VARIABLE_ASSIGNMENT|[49]|options|{"s":1,"v":[]}|0x33b72c48
16:43:17.0 (20990543)|STATEMENT_EXECUTE|[50]
16:43:17.0 (20995402)|VARIABLE_SCOPE_BEGIN|[50]|i|Integer|false|false
16:43:17.0 (20999780)|HEAP_ALLOCATE|[50]|Bytes:4
16:43:17.0 (21003764)|VARIABLE_ASSIGNMENT|[50]|i|0
16:43:17.0 (21009497)|STATEMENT_EXECUTE|[50]
16:43:17.0 (21010686)|STATEMENT_EXECUTE|[51]
16:43:17.0 (21012295)|VARIABLE_SCOPE_BEGIN|[51]|j|Integer|false|false
16:43:17.0 (21014479)|HEAP_ALLOCATE|[51]|Bytes:4
16:43:17.0 (21017103)|VARIABLE_ASSIGNMENT|[51]|j|0
16:43:17.0 (21019188)|STATEMENT_EXECUTE|[51]
16:43:17.0 (21021324)|STATEMENT_EXECUTE|[52]
16:43:17.0 (21022295)|STATEMENT_EXECUTE|[53]
16:43:17.0 (21065086)|HEAP_ALLOCATE|[53]|Bytes:1
16:43:17.0 (21074413)|HEAP_ALLOCATE|[53]|Bytes:2
16:43:17.0 (21081164)|HEAP_ALLOCATE|[53]|Bytes:1
16:43:17.0 (21093482)|HEAP_ALLOCATE|[53]|Bytes:4
16:43:17.0 (21098601)|HEAP_ALLOCATE|[53]|Bytes:1
16:43:17.0 (21105532)|HEAP_ALLOCATE|[53]|Bytes:1
16:43:17.0 (21110607)|HEAP_ALLOCATE|[53]|Bytes:4
16:43:17.0 (21139156)|HEAP_ALLOCATE|[EXTERNAL]|Bytes:4
16:43:17.0 (21146016)|HEAP_ALLOCATE|[51]|Bytes:4
16:43:17.0 (21150668)|VARIABLE_ASSIGNMENT|[51]|j|30
16:43:17.0 (21153721)|STATEMENT_EXECUTE|[51]
16:43:17.0 (21155515)|STATEMENT_EXECUTE|[54]
16:43:17.0 (21156502)|STATEMENT_EXECUTE|[55]
16:43:17.0 (21172100)|HEAP_ALLOCATE|[55]|Bytes:1
16:43:17.0 (21178021)|HEAP_ALLOCATE|[55]|Bytes:1
16:43:17.0 (21183492)|HEAP_ALLOCATE|[55]|Bytes:2
16:43:17.0 (21188858)|HEAP_ALLOCATE|[55]|Bytes:4
16:43:17.0 (21193574)|HEAP_ALLOCATE|[55]|Bytes:1
16:43:17.0 (21200495)|HEAP_ALLOCATE|[55]|Bytes:2
16:43:17.0 (21205077)|HEAP_ALLOCATE|[55]|Bytes:4
16:43:17.0 (21216181)|HEAP_ALLOCATE|[EXTERNAL]|Bytes:4
16:43:17.0 (21220665)|HEAP_ALLOCATE|[51]|Bytes:4
16:43:17.0 (21224383)|VARIABLE_ASSIGNMENT|[51]|j|60
16:43:17.0 (21227932)|HEAP_ALLOCATE|[50]|Bytes:4
16:43:17.0 (21231022)|VARIABLE_ASSIGNMENT|[50]|i|1
16:43:17.0 (21233252)|STATEMENT_EXECUTE|[50]
16:43:17.0 (21234677)|STATEMENT_EXECUTE|[51]
16:43:17.0 (21237124)|VARIABLE_SCOPE_BEGIN|[51]|j|Integer|false|false
16:43:17.0 (21239149)|HEAP_ALLOCATE|[51]|Bytes:4
16:43:17.0 (21241532)|VARIABLE_ASSIGNMENT|[51]|j|0
16:43:17.0 (21243168)|STATEMENT_EXECUTE|[51]
16:43:17.0 (21244578)|STATEMENT_EXECUTE|[52]
16:43:17.0 (21245554)|STATEMENT_EXECUTE|[53]
16:43:17.0 (21253201)|HEAP_ALLOCATE|[53]|Bytes:1
16:43:17.0 (21260817)|HEAP_ALLOCATE|[53]|Bytes:1
16:43:17.0 (21265588)|HEAP_ALLOCATE|[53]|Bytes:4
16:43:17.0 (21270063)|HEAP_ALLOCATE|[53]|Bytes:1
16:43:17.0 (21276674)|HEAP_ALLOCATE|[53]|Bytes:1
16:43:17.0 (21281076)|HEAP_ALLOCATE|[53]|Bytes:4
16:43:17.0 (21286571)|HEAP_ALLOCATE|[EXTERNAL]|Bytes:4
16:43:17.0 (21290149)|HEAP_ALLOCATE|[51]|Bytes:4
16:43:17.0 (21293164)|VARIABLE_ASSIGNMENT|[51]|j|30
16:43:17.0 (21295207)|STATEMENT_EXECUTE|[51]
16:43:17.0 (21296638)|STATEMENT_EXECUTE|[54]
16:43:17.0 (21297644)|STATEMENT_EXECUTE|[55]
16:43:17.0 (21303566)|HEAP_ALLOCATE|[55]|Bytes:1
16:43:17.0 (21310639)|HEAP_ALLOCATE|[55]|Bytes:2
16:43:17.0 (21315445)|HEAP_ALLOCATE|[55]|Bytes:4
16:43:17.0 (21320009)|HEAP_ALLOCATE|[55]|Bytes:1
16:43:17.0 (21326690)|HEAP_ALLOCATE|[55]|Bytes:2
16:43:17.0 (21331117)|HEAP_ALLOCATE|[55]|Bytes:4
16:43:17.0 (21336069)|HEAP_ALLOCATE|[EXTERNAL]|Bytes:4
16:43:17.0 (21339357)|HEAP_ALLOCATE|[51]|Bytes:4
16:43:17.0 (21342084)|VARIABLE_ASSIGNMENT|[51]|j|60
16:43:17.0 (21344101)|HEAP_ALLOCATE|[50]|Bytes:4
16:43:17.0 (21346454)|VARIABLE_ASSIGNMENT|[50]|i|2
16:43:17.0 (21348147)|STATEMENT_EXECUTE|[50]
16:43:17.0 (21349431)|STATEMENT_EXECUTE|[51]
16:43:17.0 (21351179)|VARIABLE_SCOPE_BEGIN|[51]|j|Integer|false|false
16:43:17.0 (21352731)|HEAP_ALLOCATE|[51]|Bytes:4
16:43:17.0 (21354966)|VARIABLE_ASSIGNMENT|[51]|j|0
16:43:17.0 (21356357)|STATEMENT_EXECUTE|[51]
16:43:17.0 (21357681)|STATEMENT_EXECUTE|[52]
16:43:17.0 (21358627)|STATEMENT_EXECUTE|[53]
16:43:17.0 (21364584)|HEAP_ALLOCATE|[53]|Bytes:1
16:43:17.0 (21371840)|HEAP_ALLOCATE|[53]|Bytes:1
16:43:17.0 (21376360)|HEAP_ALLOCATE|[53]|Bytes:4
16:43:17.0 (21380792)|HEAP_ALLOCATE|[53]|Bytes:1
16:43:17.0 (21387853)|HEAP_ALLOCATE|[53]|Bytes:1
16:43:17.0 (21392329)|HEAP_ALLOCATE|[53]|Bytes:4
16:43:17.0 (21396953)|HEAP_ALLOCATE|[EXTERNAL]|Bytes:4
16:43:17.0 (21400402)|HEAP_ALLOCATE|[51]|Bytes:4
16:43:17.0 (21403108)|VARIABLE_ASSIGNMENT|[51]|j|30
16:43:17.0 (21405273)|STATEMENT_EXECUTE|[51]
16:43:17.0 (21406671)|STATEMENT_EXECUTE|[54]
16:43:17.0 (21407625)|STATEMENT_EXECUTE|[55]
16:43:17.0 (21413323)|HEAP_ALLOCATE|[55]|Bytes:1
16:43:17.0 (21420328)|HEAP_ALLOCATE|[55]|Bytes:2
16:43:17.0 (21424871)|HEAP_ALLOCATE|[55]|Bytes:4
16:43:17.0 (21429344)|HEAP_ALLOCATE|[55]|Bytes:1
16:43:17.0 (21436148)|HEAP_ALLOCATE|[55]|Bytes:2
16:43:17.0 (21440545)|HEAP_ALLOCATE|[55]|Bytes:4
16:43:17.0 (21445094)|HEAP_ALLOCATE|[EXTERNAL]|Bytes:4
16:43:17.0 (21448302)|HEAP_ALLOCATE|[51]|Bytes:4
16:43:17.0 (21451049)|VARIABLE_ASSIGNMENT|[51]|j|60
16:43:17.0 (21453070)|HEAP_ALLOCATE|[50]|Bytes:4
16:43:17.0 (21455333)|VARIABLE_ASSIGNMENT|[50]|i|3
16:43:17.0 (21457017)|STATEMENT_EXECUTE|[50]
16:43:17.0 (21458352)|STATEMENT_EXECUTE|[51]
16:43:17.0 (21460212)|VARIABLE_SCOPE_BEGIN|[51]|j|Integer|false|false
16:43:17.0 (21461704)|HEAP_ALLOCATE|[51]|Bytes:4
16:43:17.0 (21463972)|VARIABLE_ASSIGNMENT|[51]|j|0
16:43:17.0 (21465372)|STATEMENT_EXECUTE|[51]
16:43:17.0 (21466684)|STATEMENT_EXECUTE|[52]
16:43:17.0 (21467652)|STATEMENT_EXECUTE|[53]
16:43:17.0 (21473507)|HEAP_ALLOCATE|[53]|Bytes:1
16:43:17.0 (21480671)|HEAP_ALLOCATE|[53]|Bytes:1
16:43:17.0 (21485175)|HEAP_ALLOCATE|[53]|Bytes:4
16:43:17.0 (21489581)|HEAP_ALLOCATE|[53]|Bytes:1
16:43:17.0 (21496202)|HEAP_ALLOCATE|[53]|Bytes:1
16:43:17.0 (21500568)|HEAP_ALLOCATE|[53]|Bytes:4
16:43:17.0 (21505135)|HEAP_ALLOCATE|[EXTERNAL]|Bytes:4
16:43:17.0 (21508463)|HEAP_ALLOCATE|[51]|Bytes:4
16:43:17.0 (21511135)|VARIABLE_ASSIGNMENT|[51]|j|30
16:43:17.0 (21512948)|STATEMENT_EXECUTE|[51]
16:43:17.0 (21514301)|STATEMENT_EXECUTE|[54]
16:43:17.0 (21515250)|STATEMENT_EXECUTE|[55]
16:43:17.0 (21520914)|HEAP_ALLOCATE|[55]|Bytes:1
16:43:17.0 (21527998)|HEAP_ALLOCATE|[55]|Bytes:2
16:43:17.0 (21532495)|HEAP_ALLOCATE|[55]|Bytes:4
16:43:17.0 (21537367)|HEAP_ALLOCATE|[55]|Bytes:1
16:43:17.0 (21544054)|HEAP_ALLOCATE|[55]|Bytes:2
16:43:17.0 (21548604)|HEAP_ALLOCATE|[55]|Bytes:4
16:43:17.0 (21553235)|HEAP_ALLOCATE|[EXTERNAL]|Bytes:4
16:43:17.0 (21556417)|HEAP_ALLOCATE|[51]|Bytes:4
16:43:17.0 (21559138)|VARIABLE_ASSIGNMENT|[51]|j|60
16:43:17.0 (21561030)|HEAP_ALLOCATE|[50]|Bytes:4
16:43:17.0 (21563300)|VARIABLE_ASSIGNMENT|[50]|i|4
16:43:17.0 (21565105)|STATEMENT_EXECUTE|[50]
16:43:17.0 (21566380)|STATEMENT_EXECUTE|[51]
16:43:17.0 (21568029)|VARIABLE_SCOPE_BEGIN|[51]|j|Integer|false|false
16:43:17.0 (21569467)|HEAP_ALLOCATE|[51]|Bytes:4
16:43:17.0 (21571716)|VARIABLE_ASSIGNMENT|[51]|j|0
16:43:17.0 (21573146)|STATEMENT_EXECUTE|[51]
16:43:17.0 (21574414)|STATEMENT_EXECUTE|[52]
16:43:17.0 (21575375)|STATEMENT_EXECUTE|[53]
16:43:17.0 (21581386)|HEAP_ALLOCATE|[53]|Bytes:1
16:43:17.0 (21588523)|HEAP_ALLOCATE|[53]|Bytes:1
16:43:17.0 (21593016)|HEAP_ALLOCATE|[53]|Bytes:4
16:43:17.0 (21597493)|HEAP_ALLOCATE|[53]|Bytes:1
16:43:17.0 (21604393)|HEAP_ALLOCATE|[53]|Bytes:1
16:43:17.0 (21608787)|HEAP_ALLOCATE|[53]|Bytes:4
16:43:17.0 (21613435)|HEAP_ALLOCATE|[EXTERNAL]|Bytes:4
16:43:17.0 (21616746)|HEAP_ALLOCATE|[51]|Bytes:4
16:43:17.0 (21619489)|VARIABLE_ASSIGNMENT|[51]|j|30
16:43:17.0 (21621323)|STATEMENT_EXECUTE|[51]
16:43:17.0 (21622684)|STATEMENT_EXECUTE|[54]
16:43:17.0 (21623635)|STATEMENT_EXECUTE|[55]
16:43:17.0 (21629151)|HEAP_ALLOCATE|[55]|Bytes:1
16:43:17.0 (21636137)|HEAP_ALLOCATE|[55]|Bytes:2
16:43:17.0 (21640643)|HEAP_ALLOCATE|[55]|Bytes:4
16:43:17.0 (21645136)|HEAP_ALLOCATE|[55]|Bytes:1
16:43:17.0 (21651819)|HEAP_ALLOCATE|[55]|Bytes:2
16:43:17.0 (21656211)|HEAP_ALLOCATE|[55]|Bytes:4
16:43:17.0 (21660766)|HEAP_ALLOCATE|[EXTERNAL]|Bytes:4
16:43:17.0 (21663967)|HEAP_ALLOCATE|[51]|Bytes:4
16:43:17.0 (21666674)|VARIABLE_ASSIGNMENT|[51]|j|60
16:43:17.0 (21668657)|HEAP_ALLOCATE|[50]|Bytes:4
16:43:17.0 (21670925)|VARIABLE_ASSIGNMENT|[50]|i|5
16:43:17.0 (21672718)|STATEMENT_EXECUTE|[50]
16:43:17.0 (21674027)|STATEMENT_EXECUTE|[51]
16:43:17.0 (21675901)|VARIABLE_SCOPE_BEGIN|[51]|j|Integer|false|false
16:43:17.0 (21677352)|HEAP_ALLOCATE|[51]|Bytes:4
16:43:17.0 (21679631)|VARIABLE_ASSIGNMENT|[51]|j|0
16:43:17.0 (21681198)|STATEMENT_EXECUTE|[51]
16:43:17.0 (21682490)|STATEMENT_EXECUTE|[52]
16:43:17.0 (21683593)|STATEMENT_EXECUTE|[53]
16:43:17.0 (21689352)|HEAP_ALLOCATE|[53]|Bytes:1
16:43:17.0 (21696577)|HEAP_ALLOCATE|[53]|Bytes:1
16:43:17.0 (21701085)|HEAP_ALLOCATE|[53]|Bytes:4
16:43:17.0 (21705721)|HEAP_ALLOCATE|[53]|Bytes:1
16:43:17.0 (21712404)|HEAP_ALLOCATE|[53]|Bytes:1
16:43:17.0 (21716970)|HEAP_ALLOCATE|[53]|Bytes:4
16:43:17.0 (21721563)|HEAP_ALLOCATE|[EXTERNAL]|Bytes:4
16:43:17.0 (21725162)|HEAP_ALLOCATE|[51]|Bytes:4
16:43:17.0 (21727849)|VARIABLE_ASSIGNMENT|[51]|j|30
16:43:17.0 (21729679)|STATEMENT_EXECUTE|[51]
16:43:17.0 (21731065)|STATEMENT_EXECUTE|[54]
16:43:17.0 (21732017)|STATEMENT_EXECUTE|[55]
16:43:17.0 (21737595)|HEAP_ALLOCATE|[55]|Bytes:1
16:43:17.0 (21744657)|HEAP_ALLOCATE|[55]|Bytes:2
16:43:17.0 (21749142)|HEAP_ALLOCATE|[55]|Bytes:4
16:43:17.0 (21753783)|HEAP_ALLOCATE|[55]|Bytes:1
16:43:17.0 (21760514)|HEAP_ALLOCATE|[55]|Bytes:2
16:43:17.0 (21764907)|HEAP_ALLOCATE|[55]|Bytes:4
16:43:17.0 (21769483)|HEAP_ALLOCATE|[EXTERNAL]|Bytes:4
16:43:17.0 (21776985)|HEAP_ALLOCATE|[51]|Bytes:4
16:43:17.0 (21780066)|VARIABLE_ASSIGNMENT|[51]|j|60
16:43:17.0 (21782200)|HEAP_ALLOCATE|[50]|Bytes:4
16:43:17.0 (21784498)|VARIABLE_ASSIGNMENT|[50]|i|6
16:43:17.0 (21786210)|STATEMENT_EXECUTE|[50]
16:43:17.0 (21787560)|STATEMENT_EXECUTE|[51]
16:43:17.0 (21789348)|VARIABLE_SCOPE_BEGIN|[51]|j|Integer|false|false
16:43:17.0 (21790858)|HEAP_ALLOCATE|[51]|Bytes:4
16:43:17.0 (21793085)|VARIABLE_ASSIGNMENT|[51]|j|0
16:43:17.0 (21794494)|STATEMENT_EXECUTE|[51]
16:43:17.0 (21795803)|STATEMENT_EXECUTE|[52]
16:43:17.0 (21796765)|STATEMENT_EXECUTE|[53]
16:43:17.0 (21803231)|HEAP_ALLOCATE|[53]|Bytes:1
16:43:17.0 (21810466)|HEAP_ALLOCATE|[53]|Bytes:1
16:43:17.0 (21815008)|HEAP_ALLOCATE|[53]|Bytes:4
16:43:17.0 (21819434)|HEAP_ALLOCATE|[53]|Bytes:1
16:43:17.0 (21826485)|HEAP_ALLOCATE|[53]|Bytes:1
16:43:17.0 (21830875)|HEAP_ALLOCATE|[53]|Bytes:4
16:43:17.0 (21835701)|HEAP_ALLOCATE|[EXTERNAL]|Bytes:4
16:43:17.0 (21839165)|HEAP_ALLOCATE|[51]|Bytes:4
16:43:17.0 (21841873)|VARIABLE_ASSIGNMENT|[51]|j|30
16:43:17.0 (21843719)|STATEMENT_EXECUTE|[51]
16:43:17.0 (21845109)|STATEMENT_EXECUTE|[54]
16:43:17.0 (21846094)|STATEMENT_EXECUTE|[55]
16:43:17.0 (21851566)|HEAP_ALLOCATE|[55]|Bytes:1
16:43:17.0 (21860428)|HEAP_ALLOCATE|[55]|Bytes:2
16:43:17.0 (21866525)|HEAP_ALLOCATE|[55]|Bytes:4
16:43:17.0 (21871149)|HEAP_ALLOCATE|[55]|Bytes:1
16:43:17.0 (21877927)|HEAP_ALLOCATE|[55]|Bytes:2
16:43:17.0 (21882295)|HEAP_ALLOCATE|[55]|Bytes:4
16:43:17.0 (21887094)|HEAP_ALLOCATE|[EXTERNAL]|Bytes:4
16:43:17.0 (21890770)|HEAP_ALLOCATE|[51]|Bytes:4
16:43:17.0 (21893760)|VARIABLE_ASSIGNMENT|[51]|j|60
16:43:17.0 (21895864)|HEAP_ALLOCATE|[50]|Bytes:4
16:43:17.0 (21898228)|VARIABLE_ASSIGNMENT|[50]|i|7
16:43:17.0 (21899910)|STATEMENT_EXECUTE|[50]
16:43:17.0 (21901149)|STATEMENT_EXECUTE|[51]
16:43:17.0 (21903179)|VARIABLE_SCOPE_BEGIN|[51]|j|Integer|false|false
16:43:17.0 (21904694)|HEAP_ALLOCATE|[51]|Bytes:4
16:43:17.0 (21907003)|VARIABLE_ASSIGNMENT|[51]|j|0
16:43:17.0 (21908458)|STATEMENT_EXECUTE|[51]
16:43:17.0 (21909776)|STATEMENT_EXECUTE|[52]
16:43:17.0 (21910734)|STATEMENT_EXECUTE|[53]
16:43:17.0 (21916740)|HEAP_ALLOCATE|[53]|Bytes:1
16:43:17.0 (21923861)|HEAP_ALLOCATE|[53]|Bytes:1
16:43:17.0 (21928304)|HEAP_ALLOCATE|[53]|Bytes:4
16:43:17.0 (21932808)|HEAP_ALLOCATE|[53]|Bytes:1
16:43:17.0 (21939394)|HEAP_ALLOCATE|[53]|Bytes:1
16:43:17.0 (21943766)|HEAP_ALLOCATE|[53]|Bytes:4
16:43:17.0 (21948521)|HEAP_ALLOCATE|[EXTERNAL]|Bytes:4
16:43:17.0 (21951887)|HEAP_ALLOCATE|[51]|Bytes:4
16:43:17.0 (21954606)|VARIABLE_ASSIGNMENT|[51]|j|30
16:43:17.0 (21956493)|STATEMENT_EXECUTE|[51]
16:43:17.0 (21957797)|STATEMENT_EXECUTE|[54]
16:43:17.0 (21958754)|STATEMENT_EXECUTE|[55]
16:43:17.0 (21964271)|HEAP_ALLOCATE|[55]|Bytes:1
16:43:17.0 (21971167)|HEAP_ALLOCATE|[55]|Bytes:2
16:43:17.0 (21975670)|HEAP_ALLOCATE|[55]|Bytes:4
16:43:17.0 (21980583)|HEAP_ALLOCATE|[55]|Bytes:1
16:43:17.0 (21987243)|HEAP_ALLOCATE|[55]|Bytes:2
16:43:17.0 (21991711)|HEAP_ALLOCATE|[55]|Bytes:4
16:43:17.0 (21996568)|HEAP_ALLOCATE|[EXTERNAL]|Bytes:4
16:43:17.0 (21999817)|HEAP_ALLOCATE|[51]|Bytes:4
16:43:17.0 (22002535)|VARIABLE_ASSIGNMENT|[51]|j|60
16:43:17.0 (22005385)|HEAP_ALLOCATE|[50]|Bytes:4
16:43:17.0 (22007785)|VARIABLE_ASSIGNMENT|[50]|i|8
16:43:17.0 (22009683)|STATEMENT_EXECUTE|[50]
16:43:17.0 (22010990)|STATEMENT_EXECUTE|[51]
16:43:17.0 (22012664)|VARIABLE_SCOPE_BEGIN|[51]|j|Integer|false|false
16:43:17.0 (22014128)|HEAP_ALLOCATE|[51]|Bytes:4
16:43:17.0 (22016426)|VARIABLE_ASSIGNMENT|[51]|j|0
16:43:17.0 (22017911)|STATEMENT_EXECUTE|[51]
16:43:17.0 (22019241)|STATEMENT_EXECUTE|[52]
16:43:17.0 (22020208)|STATEMENT_EXECUTE|[53]
16:43:17.0 (22026191)|HEAP_ALLOCATE|[53]|Bytes:1
16:43:17.0 (22033307)|HEAP_ALLOCATE|[53]|Bytes:1
16:43:17.0 (22037868)|HEAP_ALLOCATE|[53]|Bytes:4
16:43:17.0 (22042398)|HEAP_ALLOCATE|[53]|Bytes:1
16:43:17.0 (22049060)|HEAP_ALLOCATE|[53]|Bytes:1
16:43:17.0 (22053947)|HEAP_ALLOCATE|[53]|Bytes:4
16:43:17.0 (22058637)|HEAP_ALLOCATE|[EXTERNAL]|Bytes:4
16:43:17.0 (22062041)|HEAP_ALLOCATE|[51]|Bytes:4
16:43:17.0 (22064871)|VARIABLE_ASSIGNMENT|[51]|j|30
16:43:17.0 (22066862)|STATEMENT_EXECUTE|[51]
16:43:17.0 (22068123)|STATEMENT_EXECUTE|[54]
16:43:17.0 (22069099)|STATEMENT_EXECUTE|[55]
16:43:17.0 (22074748)|HEAP_ALLOCATE|[55]|Bytes:1
16:43:17.0 (22081800)|HEAP_ALLOCATE|[55]|Bytes:2
16:43:17.0 (22086265)|HEAP_ALLOCATE|[55]|Bytes:4
16:43:17.0 (22090888)|HEAP_ALLOCATE|[55]|Bytes:1
16:43:17.0 (22097653)|HEAP_ALLOCATE|[55]|Bytes:2
16:43:17.0 (22102157)|HEAP_ALLOCATE|[55]|Bytes:4
16:43:17.0 (22106754)|HEAP_ALLOCATE|[EXTERNAL]|Bytes:4
16:43:17.0 (22109977)|HEAP_ALLOCATE|[51]|Bytes:4
16:43:17.0 (22112708)|VARIABLE_ASSIGNMENT|[51]|j|60
16:43:17.0 (22114629)|HEAP_ALLOCATE|[50]|Bytes:4
16:43:17.0 (22116913)|VARIABLE_ASSIGNMENT|[50]|i|9
16:43:17.0 (22118545)|STATEMENT_EXECUTE|[50]
16:43:17.0 (22119883)|STATEMENT_EXECUTE|[51]
16:43:17.0 (22121497)|VARIABLE_SCOPE_BEGIN|[51]|j|Integer|false|false
16:43:17.0 (22123621)|HEAP_ALLOCATE|[51]|Bytes:4
16:43:17.0 (22125808)|VARIABLE_ASSIGNMENT|[51]|j|0
16:43:17.0 (22127231)|STATEMENT_EXECUTE|[51]
16:43:17.0 (22128528)|STATEMENT_EXECUTE|[52]
16:43:17.0 (22129482)|STATEMENT_EXECUTE|[53]
16:43:17.0 (22135337)|HEAP_ALLOCATE|[53]|Bytes:1
16:43:17.0 (22142341)|HEAP_ALLOCATE|[53]|Bytes:1
16:43:17.0 (22146859)|HEAP_ALLOCATE|[53]|Bytes:4
16:43:17.0 (22151446)|HEAP_ALLOCATE|[53]|Bytes:1
16:43:17.0 (22158084)|HEAP_ALLOCATE|[53]|Bytes:1
16:43:17.0 (22162444)|HEAP_ALLOCATE|[53]|Bytes:4
16:43:17.0 (22167025)|HEAP_ALLOCATE|[EXTERNAL]|Bytes:4
16:43:17.0 (22170302)|HEAP_ALLOCATE|[51]|Bytes:4
16:43:17.0 (22172978)|VARIABLE_ASSIGNMENT|[51]|j|30
16:43:17.0 (22174754)|STATEMENT_EXECUTE|[51]
16:43:17.0 (22176090)|STATEMENT_EXECUTE|[54]
16:43:17.0 (22177057)|STATEMENT_EXECUTE|[55]
16:43:17.0 (22182769)|HEAP_ALLOCATE|[55]|Bytes:1
16:43:17.0 (22189656)|HEAP_ALLOCATE|[55]|Bytes:2
16:43:17.0 (22194177)|HEAP_ALLOCATE|[55]|Bytes:4
16:43:17.0 (22198751)|HEAP_ALLOCATE|[55]|Bytes:1
16:43:17.0 (22205501)|HEAP_ALLOCATE|[55]|Bytes:2
16:43:17.0 (22209890)|HEAP_ALLOCATE|[55]|Bytes:4
16:43:17.0 (22214494)|HEAP_ALLOCATE|[EXTERNAL]|Bytes:4
16:43:17.0 (22217703)|HEAP_ALLOCATE|[51]|Bytes:4
16:43:17.0 (22220316)|VARIABLE_ASSIGNMENT|[51]|j|60
16:43:17.0 (22222177)|HEAP_ALLOCATE|[50]|Bytes:4
16:43:17.0 (22224456)|VARIABLE_ASSIGNMENT|[50]|i|10
16:43:17.0 (22226152)|STATEMENT_EXECUTE|[50]
16:43:17.0 (22227407)|STATEMENT_EXECUTE|[51]
16:43:17.0 (22229084)|VARIABLE_SCOPE_BEGIN|[51]|j|Integer|false|false
16:43:17.0 (22230537)|HEAP_ALLOCATE|[51]|Bytes:4
16:43:17.0 (22232832)|VARIABLE_ASSIGNMENT|[51]|j|0
16:43:17.0 (22234263)|STATEMENT_EXECUTE|[51]
16:43:17.0 (22235579)|STATEMENT_EXECUTE|[52]
16:43:17.0 (22236538)|STATEMENT_EXECUTE|[53]
16:43:17.0 (22242486)|HEAP_ALLOCATE|[53]|Bytes:2
16:43:17.0 (22249598)|HEAP_ALLOCATE|[53]|Bytes:1
16:43:17.0 (22254079)|HEAP_ALLOCATE|[53]|Bytes:5
16:43:17.0 (22258522)|HEAP_ALLOCATE|[53]|Bytes:2
16:43:17.0 (22265106)|HEAP_ALLOCATE|[53]|Bytes:1
16:43:17.0 (22269699)|HEAP_ALLOCATE|[53]|Bytes:5
16:43:17.0 (22274338)|HEAP_ALLOCATE|[EXTERNAL]|Bytes:4
16:43:17.0 (22277692)|HEAP_ALLOCATE|[51]|Bytes:4
16:43:17.0 (22280345)|VARIABLE_ASSIGNMENT|[51]|j|30
16:43:17.0 (22282164)|STATEMENT_EXECUTE|[51]
16:43:17.0 (22283468)|STATEMENT_EXECUTE|[54]
16:43:17.0 (22284431)|STATEMENT_EXECUTE|[55]
16:43:17.0 (22290027)|HEAP_ALLOCATE|[55]|Bytes:2
16:43:17.0 (22297012)|HEAP_ALLOCATE|[55]|Bytes:2
16:43:17.0 (22301505)|HEAP_ALLOCATE|[55]|Bytes:5
16:43:17.0 (22305934)|HEAP_ALLOCATE|[55]|Bytes:2
16:43:17.0 (22312533)|HEAP_ALLOCATE|[55]|Bytes:2
16:43:17.0 (22316995)|HEAP_ALLOCATE|[55]|Bytes:5
16:43:17.0 (22321388)|HEAP_ALLOCATE|[EXTERNAL]|Bytes:4
16:43:17.0 (22324625)|HEAP_ALLOCATE|[51]|Bytes:4
16:43:17.0 (22327217)|VARIABLE_ASSIGNMENT|[51]|j|60
16:43:17.0 (22329117)|HEAP_ALLOCATE|[50]|Bytes:4
16:43:17.0 (22331385)|VARIABLE_ASSIGNMENT|[50]|i|11
16:43:17.0 (22333166)|STATEMENT_EXECUTE|[50]
16:43:17.0 (22334407)|STATEMENT_EXECUTE|[51]
16:43:17.0 (22336093)|VARIABLE_SCOPE_BEGIN|[51]|j|Integer|false|false
16:43:17.0 (22337875)|HEAP_ALLOCATE|[51]|Bytes:4
16:43:17.0 (22340083)|VARIABLE_ASSIGNMENT|[51]|j|0
16:43:17.0 (22341551)|STATEMENT_EXECUTE|[51]
16:43:17.0 (22342845)|STATEMENT_EXECUTE|[52]
16:43:17.0 (22343799)|STATEMENT_EXECUTE|[53]
16:43:17.0 (22349587)|HEAP_ALLOCATE|[53]|Bytes:2
16:43:17.0 (22356672)|HEAP_ALLOCATE|[53]|Bytes:1
16:43:17.0 (22361163)|HEAP_ALLOCATE|[53]|Bytes:5
16:43:17.0 (22365606)|HEAP_ALLOCATE|[53]|Bytes:2
16:43:17.0 (22372243)|HEAP_ALLOCATE|[53]|Bytes:1
16:43:17.0 (22376644)|HEAP_ALLOCATE|[53]|Bytes:5
16:43:17.0 (22381281)|HEAP_ALLOCATE|[EXTERNAL]|Bytes:4
16:43:17.0 (22384767)|HEAP_ALLOCATE|[51]|Bytes:4
16:43:17.0 (22387384)|VARIABLE_ASSIGNMENT|[51]|j|30
16:43:17.0 (22389108)|STATEMENT_EXECUTE|[51]
16:43:17.0 (22390444)|STATEMENT_EXECUTE|[54]
16:43:17.0 (22391410)|STATEMENT_EXECUTE|[55]
16:43:17.0 (22396929)|HEAP_ALLOCATE|[55]|Bytes:2
16:43:17.0 (22403787)|HEAP_ALLOCATE|[55]|Bytes:2
16:43:17.0 (22408303)|HEAP_ALLOCATE|[55]|Bytes:5
16:43:17.0 (22412796)|HEAP_ALLOCATE|[55]|Bytes:2
16:43:17.0 (22419690)|HEAP_ALLOCATE|[55]|Bytes:2
16:43:17.0 (22424087)|HEAP_ALLOCATE|[55]|Bytes:5
16:43:17.0 (22428561)|HEAP_ALLOCATE|[EXTERNAL]|Bytes:4
16:43:17.0 (22431711)|HEAP_ALLOCATE|[51]|Bytes:4
16:43:17.0 (22434334)|VARIABLE_ASSIGNMENT|[51]|j|60
16:43:17.0 (22436477)|HEAP_ALLOCATE|[50]|Bytes:4
16:43:17.0 (22438733)|VARIABLE_ASSIGNMENT|[50]|i|12
16:43:17.0 (22440412)|STATEMENT_EXECUTE|[50]
16:43:17.0 (22441682)|STATEMENT_EXECUTE|[51]
16:43:17.0 (22443361)|VARIABLE_SCOPE_BEGIN|[51]|j|Integer|false|false
16:43:17.0 (22444739)|HEAP_ALLOCATE|[51]|Bytes:4
16:43:17.0 (22447089)|VARIABLE_ASSIGNMENT|[51]|j|0
16:43:17.0 (22448662)|STATEMENT_EXECUTE|[51]
16:43:17.0 (22449965)|STATEMENT_EXECUTE|[52]
16:43:17.0 (22450914)|STATEMENT_EXECUTE|[53]
16:43:17.0 (22456608)|HEAP_ALLOCATE|[53]|Bytes:2
16:43:17.0 (22463766)|HEAP_ALLOCATE|[53]|Bytes:1
16:43:17.0 (22468198)|HEAP_ALLOCATE|[53]|Bytes:5
16:43:17.0 (22472655)|HEAP_ALLOCATE|[53]|Bytes:2
16:43:17.0 (22479325)|HEAP_ALLOCATE|[53]|Bytes:1
16:43:17.0 (22484105)|HEAP_ALLOCATE|[53]|Bytes:5
16:43:17.0 (22488631)|HEAP_ALLOCATE|[EXTERNAL]|Bytes:4
16:43:17.0 (22491916)|HEAP_ALLOCATE|[51]|Bytes:4
16:43:17.0 (22494640)|VARIABLE_ASSIGNMENT|[51]|j|30
16:43:17.0 (22496461)|STATEMENT_EXECUTE|[51]
16:43:17.0 (22497797)|STATEMENT_EXECUTE|[54]
16:43:17.0 (22498748)|STATEMENT_EXECUTE|[55]
16:43:17.0 (22504226)|HEAP_ALLOCATE|[55]|Bytes:2
16:43:17.0 (22511063)|HEAP_ALLOCATE|[55]|Bytes:2
16:43:17.0 (22515594)|HEAP_ALLOCATE|[55]|Bytes:5
16:43:17.0 (22520118)|HEAP_ALLOCATE|[55]|Bytes:2
16:43:17.0 (22526739)|HEAP_ALLOCATE|[55]|Bytes:2
16:43:17.0 (22531131)|HEAP_ALLOCATE|[55]|Bytes:5
16:43:17.0 (22535790)|HEAP_ALLOCATE|[EXTERNAL]|Bytes:4
16:43:17.0 (22538884)|HEAP_ALLOCATE|[51]|Bytes:4
16:43:17.0 (22541544)|VARIABLE_ASSIGNMENT|[51]|j|60
16:43:17.0 (22543559)|HEAP_ALLOCATE|[50]|Bytes:4
16:43:17.0 (22545952)|VARIABLE_ASSIGNMENT|[50]|i|13
16:43:17.0 (22547585)|STATEMENT_EXECUTE|[50]
16:43:17.0 (22548891)|STATEMENT_EXECUTE|[51]
16:43:17.0 (22550548)|VARIABLE_SCOPE_BEGIN|[51]|j|Integer|false|false
16:43:17.0 (22552163)|HEAP_ALLOCATE|[51]|Bytes:4
16:43:17.0 (22554439)|VARIABLE_ASSIGNMENT|[51]|j|0
16:43:17.0 (22555903)|STATEMENT_EXECUTE|[51]
16:43:17.0 (22557211)|STATEMENT_EXECUTE|[52]
16:43:17.0 (22558172)|STATEMENT_EXECUTE|[53]
16:43:17.0 (22564161)|HEAP_ALLOCATE|[53]|Bytes:2
16:43:17.0 (22571225)|HEAP_ALLOCATE|[53]|Bytes:1
16:43:17.0 (22575826)|HEAP_ALLOCATE|[53]|Bytes:5
16:43:17.0 (22580357)|HEAP_ALLOCATE|[53]|Bytes:2
16:43:17.0 (22586982)|HEAP_ALLOCATE|[53]|Bytes:1
16:43:17.0 (22591372)|HEAP_ALLOCATE|[53]|Bytes:5
16:43:17.0 (22596040)|HEAP_ALLOCATE|[EXTERNAL]|Bytes:4
16:43:17.0 (22599323)|HEAP_ALLOCATE|[51]|Bytes:4
16:43:17.0 (22602063)|VARIABLE_ASSIGNMENT|[51]|j|30
16:43:17.0 (22603797)|STATEMENT_EXECUTE|[51]
16:43:17.0 (22605149)|STATEMENT_EXECUTE|[54]
16:43:17.0 (22606107)|STATEMENT_EXECUTE|[55]
16:43:17.0 (22611720)|HEAP_ALLOCATE|[55]|Bytes:2
16:43:17.0 (22618675)|HEAP_ALLOCATE|[55]|Bytes:2
16:43:17.0 (22623141)|HEAP_ALLOCATE|[55]|Bytes:5
16:43:17.0 (22627648)|HEAP_ALLOCATE|[55]|Bytes:2
16:43:17.0 (22634736)|HEAP_ALLOCATE|[55]|Bytes:2
16:43:17.0 (22639109)|HEAP_ALLOCATE|[55]|Bytes:5
16:43:17.0 (22643635)|HEAP_ALLOCATE|[EXTERNAL]|Bytes:4
16:43:17.0 (22646788)|HEAP_ALLOCATE|[51]|Bytes:4
16:43:17.0 (22649471)|VARIABLE_ASSIGNMENT|[51]|j|60
16:43:17.0 (22651352)|HEAP_ALLOCATE|[50]|Bytes:4
16:43:17.0 (22653659)|VARIABLE_ASSIGNMENT|[50]|i|14
16:43:17.0 (22655309)|STATEMENT_EXECUTE|[50]
16:43:17.0 (22656562)|STATEMENT_EXECUTE|[51]
16:43:17.0 (22658211)|VARIABLE_SCOPE_BEGIN|[51]|j|Integer|false|false
16:43:17.0 (22659671)|HEAP_ALLOCATE|[51]|Bytes:4
16:43:17.0 (22661985)|VARIABLE_ASSIGNMENT|[51]|j|0
16:43:17.0 (22663398)|STATEMENT_EXECUTE|[51]
16:43:17.0 (22664692)|STATEMENT_EXECUTE|[52]
16:43:17.0 (22665650)|STATEMENT_EXECUTE|[53]
16:43:17.0 (22671438)|HEAP_ALLOCATE|[53]|Bytes:2
16:43:17.0 (22678482)|HEAP_ALLOCATE|[53]|Bytes:1
16:43:17.0 (22682922)|HEAP_ALLOCATE|[53]|Bytes:5
16:43:17.0 (22687402)|HEAP_ALLOCATE|[53]|Bytes:2
16:43:17.0 (22694112)|HEAP_ALLOCATE|[53]|Bytes:1
16:43:17.0 (22698725)|HEAP_ALLOCATE|[53]|Bytes:5
16:43:17.0 (22703386)|HEAP_ALLOCATE|[EXTERNAL]|Bytes:4
16:43:17.0 (22706724)|HEAP_ALLOCATE|[51]|Bytes:4
16:43:17.0 (22709431)|VARIABLE_ASSIGNMENT|[51]|j|30
16:43:17.0 (22711222)|STATEMENT_EXECUTE|[51]
16:43:17.0 (22712609)|STATEMENT_EXECUTE|[54]
16:43:17.0 (22713625)|STATEMENT_EXECUTE|[55]
16:43:17.0 (22719123)|HEAP_ALLOCATE|[55]|Bytes:2
16:43:17.0 (22726032)|HEAP_ALLOCATE|[55]|Bytes:2
16:43:17.0 (22730598)|HEAP_ALLOCATE|[55]|Bytes:5
16:43:17.0 (22735103)|HEAP_ALLOCATE|[55]|Bytes:2
16:43:17.0 (22741727)|HEAP_ALLOCATE|[55]|Bytes:2
16:43:17.0 (22746150)|HEAP_ALLOCATE|[55]|Bytes:5
16:43:17.0 (22750661)|HEAP_ALLOCATE|[EXTERNAL]|Bytes:4
16:43:17.0 (22753802)|HEAP_ALLOCATE|[51]|Bytes:4
16:43:17.0 (22756544)|VARIABLE_ASSIGNMENT|[51]|j|60
16:43:17.0 (22758401)|HEAP_ALLOCATE|[50]|Bytes:4
16:43:17.0 (22760705)|VARIABLE_ASSIGNMENT|[50]|i|15
16:43:17.0 (22762293)|STATEMENT_EXECUTE|[50]
16:43:17.0 (22763589)|STATEMENT_EXECUTE|[51]
16:43:17.0 (22765218)|VARIABLE_SCOPE_BEGIN|[51]|j|Integer|false|false
16:43:17.0 (22766952)|HEAP_ALLOCATE|[51]|Bytes:4
16:43:17.0 (22769172)|VARIABLE_ASSIGNMENT|[51]|j|0
16:43:17.0 (22770600)|STATEMENT_EXECUTE|[51]
16:43:17.0 (22775081)|STATEMENT_EXECUTE|[52]
16:43:17.0 (22776081)|STATEMENT_EXECUTE|[53]
16:43:17.0 (22782434)|HEAP_ALLOCATE|[53]|Bytes:2
16:43:17.0 (22789617)|HEAP_ALLOCATE|[53]|Bytes:1
16:43:17.0 (22794123)|HEAP_ALLOCATE|[53]|Bytes:5
16:43:17.0 (22798596)|HEAP_ALLOCATE|[53]|Bytes:2
16:43:17.0 (22805291)|HEAP_ALLOCATE|[53]|Bytes:1
16:43:17.0 (22809727)|HEAP_ALLOCATE|[53]|Bytes:5
16:43:17.0 (22814526)|HEAP_ALLOCATE|[EXTERNAL]|Bytes:4
16:43:17.0 (22817889)|HEAP_ALLOCATE|[51]|Bytes:4
16:43:17.0 (22820822)|VARIABLE_ASSIGNMENT|[51]|j|30
16:43:17.0 (22822676)|STATEMENT_EXECUTE|[51]
16:43:17.0 (22824010)|STATEMENT_EXECUTE|[54]
16:43:17.0 (22824959)|STATEMENT_EXECUTE|[55]
16:43:17.0 (22830479)|HEAP_ALLOCATE|[55]|Bytes:2
16:43:17.0 (22837537)|HEAP_ALLOCATE|[55]|Bytes:2
16:43:17.0 (22842081)|HEAP_ALLOCATE|[55]|Bytes:5
16:43:17.0 (22846547)|HEAP_ALLOCATE|[55]|Bytes:2
16:43:17.0 (22853771)|HEAP_ALLOCATE|[55]|Bytes:2
16:43:17.0 (22859962)|HEAP_ALLOCATE|[55]|Bytes:5
16:43:17.0 (22864792)|HEAP_ALLOCATE|[EXTERNAL]|Bytes:4
16:43:17.0 (22867967)|HEAP_ALLOCATE|[51]|Bytes:4
16:43:17.0 (22870859)|VARIABLE_ASSIGNMENT|[51]|j|60
16:43:17.0 (22872790)|HEAP_ALLOCATE|[50]|Bytes:4
16:43:17.0 (22875062)|VARIABLE_ASSIGNMENT|[50]|i|16
16:43:17.0 (22876632)|STATEMENT_EXECUTE|[50]
16:43:17.0 (22877923)|STATEMENT_EXECUTE|[51]
16:43:17.0 (22879654)|VARIABLE_SCOPE_BEGIN|[51]|j|Integer|false|false
16:43:17.0 (22881156)|HEAP_ALLOCATE|[51]|Bytes:4
16:43:17.0 (22883388)|VARIABLE_ASSIGNMENT|[51]|j|0
16:43:17.0 (22884886)|STATEMENT_EXECUTE|[51]
16:43:17.0 (22886263)|STATEMENT_EXECUTE|[52]
16:43:17.0 (22887208)|STATEMENT_EXECUTE|[53]
16:43:17.0 (22893283)|HEAP_ALLOCATE|[53]|Bytes:2
16:43:17.0 (22900424)|HEAP_ALLOCATE|[53]|Bytes:1
16:43:17.0 (22904939)|HEAP_ALLOCATE|[53]|Bytes:5
16:43:17.0 (22909455)|HEAP_ALLOCATE|[53]|Bytes:2
16:43:17.0 (22916112)|HEAP_ALLOCATE|[53]|Bytes:1
16:43:17.0 (22920512)|HEAP_ALLOCATE|[53]|Bytes:5
16:43:17.0 (22925394)|HEAP_ALLOCATE|[EXTERNAL]|Bytes:4
16:43:17.0 (22928795)|HEAP_ALLOCATE|[51]|Bytes:4
16:43:17.0 (22931501)|VARIABLE_ASSIGNMENT|[51]|j|30
16:43:17.0 (22933324)|STATEMENT_EXECUTE|[51]
16:43:17.0 (22934612)|STATEMENT_EXECUTE|[54]
16:43:17.0 (22935553)|STATEMENT_EXECUTE|[55]
16:43:17.0 (22941193)|HEAP_ALLOCATE|[55]|Bytes:2
16:43:17.0 (22948180)|HEAP_ALLOCATE|[55]|Bytes:2
16:43:17.0 (22952715)|HEAP_ALLOCATE|[55]|Bytes:5
16:43:17.0 (22957312)|HEAP_ALLOCATE|[55]|Bytes:2
16:43:17.0 (22963965)|HEAP_ALLOCATE|[55]|Bytes:2
16:43:17.0 (22968346)|HEAP_ALLOCATE|[55]|Bytes:5
16:43:17.0 (22972810)|HEAP_ALLOCATE|[EXTERNAL]|Bytes:4
16:43:17.0 (22976171)|HEAP_ALLOCATE|[51]|Bytes:4
16:43:17.0 (22978820)|VARIABLE_ASSIGNMENT|[51]|j|60
16:43:17.0 (22980766)|HEAP_ALLOCATE|[50]|Bytes:4
16:43:17.0 (22983058)|VARIABLE_ASSIGNMENT|[50]|i|17
16:43:17.0 (22984658)|STATEMENT_EXECUTE|[50]
16:43:17.0 (22985970)|STATEMENT_EXECUTE|[51]
16:43:17.0 (22987610)|VARIABLE_SCOPE_BEGIN|[51]|j|Integer|false|false
16:43:17.0 (22989151)|HEAP_ALLOCATE|[51]|Bytes:4
16:43:17.0 (22991389)|VARIABLE_ASSIGNMENT|[51]|j|0
16:43:17.0 (22992854)|STATEMENT_EXECUTE|[51]
16:43:17.0 (22994139)|STATEMENT_EXECUTE|[52]
16:43:17.0 (22995114)|STATEMENT_EXECUTE|[53]
16:43:17.0 (23000784)|HEAP_ALLOCATE|[53]|Bytes:2
16:43:17.0 (23008426)|HEAP_ALLOCATE|[53]|Bytes:1
16:43:17.0 (23013071)|HEAP_ALLOCATE|[53]|Bytes:5
16:43:17.0 (23017644)|HEAP_ALLOCATE|[53]|Bytes:2
16:43:17.0 (23024357)|HEAP_ALLOCATE|[53]|Bytes:1
16:43:17.0 (23028737)|HEAP_ALLOCATE|[53]|Bytes:5
16:43:17.0 (23033304)|HEAP_ALLOCATE|[EXTERNAL]|Bytes:4
16:43:17.0 (23036664)|HEAP_ALLOCATE|[51]|Bytes:4
16:43:17.0 (23039411)|VARIABLE_ASSIGNMENT|[51]|j|30
16:43:17.0 (23041241)|STATEMENT_EXECUTE|[51]
16:43:17.0 (23042595)|STATEMENT_EXECUTE|[54]
16:43:17.0 (23043557)|STATEMENT_EXECUTE|[55]
16:43:17.0 (23049066)|HEAP_ALLOCATE|[55]|Bytes:2
16:43:17.0 (23056049)|HEAP_ALLOCATE|[55]|Bytes:2
16:43:17.0 (23060575)|HEAP_ALLOCATE|[55]|Bytes:5
16:43:17.0 (23065063)|HEAP_ALLOCATE|[55]|Bytes:2
16:43:17.0 (23071931)|HEAP_ALLOCATE|[55]|Bytes:2
16:43:17.0 (23076344)|HEAP_ALLOCATE|[55]|Bytes:5
16:43:17.0 (23080969)|HEAP_ALLOCATE|[EXTERNAL]|Bytes:4
16:43:17.0 (23084139)|HEAP_ALLOCATE|[51]|Bytes:4
16:43:17.0 (23086760)|VARIABLE_ASSIGNMENT|[51]|j|60
16:43:17.0 (23088657)|HEAP_ALLOCATE|[50]|Bytes:4
16:43:17.0 (23090963)|VARIABLE_ASSIGNMENT|[50]|i|18
16:43:17.0 (23092713)|STATEMENT_EXECUTE|[50]
16:43:17.0 (23094008)|STATEMENT_EXECUTE|[51]
16:43:17.0 (23095636)|VARIABLE_SCOPE_BEGIN|[51]|j|Integer|false|false
16:43:17.0 (23097070)|HEAP_ALLOCATE|[51]|Bytes:4
16:43:17.0 (23099374)|VARIABLE_ASSIGNMENT|[51]|j|0
16:43:17.0 (23100766)|STATEMENT_EXECUTE|[51]
16:43:17.0 (23102067)|STATEMENT_EXECUTE|[52]
16:43:17.0 (23103022)|STATEMENT_EXECUTE|[53]
16:43:17.0 (23108862)|HEAP_ALLOCATE|[53]|Bytes:2
16:43:17.0 (23116029)|HEAP_ALLOCATE|[53]|Bytes:1
16:43:17.0 (23120547)|HEAP_ALLOCATE|[53]|Bytes:5
16:43:17.0 (23125046)|HEAP_ALLOCATE|[53]|Bytes:2
16:43:17.0 (23131732)|HEAP_ALLOCATE|[53]|Bytes:1
16:43:17.0 (23136125)|HEAP_ALLOCATE|[53]|Bytes:5
16:43:17.0 (23140918)|HEAP_ALLOCATE|[EXTERNAL]|Bytes:4
16:43:17.0 (23144343)|HEAP_ALLOCATE|[51]|Bytes:4
16:43:17.0 (23147035)|VARIABLE_ASSIGNMENT|[51]|j|30
16:43:17.0 (23148820)|STATEMENT_EXECUTE|[51]
16:43:17.0 (23150172)|STATEMENT_EXECUTE|[54]
16:43:17.0 (23151138)|STATEMENT_EXECUTE|[55]
16:43:17.0 (23156703)|HEAP_ALLOCATE|[55]|Bytes:2
16:43:17.0 (23163770)|HEAP_ALLOCATE|[55]|Bytes:2
16:43:17.0 (23168272)|HEAP_ALLOCATE|[55]|Bytes:5
16:43:17.0 (23172748)|HEAP_ALLOCATE|[55]|Bytes:2
16:43:17.0 (23179410)|HEAP_ALLOCATE|[55]|Bytes:2
16:43:17.0 (23183799)|HEAP_ALLOCATE|[55]|Bytes:5
16:43:17.0 (23188322)|HEAP_ALLOCATE|[EXTERNAL]|Bytes:4
16:43:17.0 (23191485)|HEAP_ALLOCATE|[51]|Bytes:4
16:43:17.0 (23194149)|VARIABLE_ASSIGNMENT|[51]|j|60
16:43:17.0 (23196042)|HEAP_ALLOCATE|[50]|Bytes:4
16:43:17.0 (23198387)|VARIABLE_ASSIGNMENT|[50]|i|19
16:43:17.0 (23200030)|STATEMENT_EXECUTE|[50]
16:43:17.0 (23201299)|STATEMENT_EXECUTE|[51]
16:43:17.0 (23202988)|VARIABLE_SCOPE_BEGIN|[51]|j|Integer|false|false
16:43:17.0 (23204902)|HEAP_ALLOCATE|[51]|Bytes:4
16:43:17.0 (23207078)|VARIABLE_ASSIGNMENT|[51]|j|0
16:43:17.0 (23208587)|STATEMENT_EXECUTE|[51]
16:43:17.0 (23209852)|STATEMENT_EXECUTE|[52]
16:43:17.0 (23210837)|STATEMENT_EXECUTE|[53]
16:43:17.0 (23216645)|HEAP_ALLOCATE|[53]|Bytes:2
16:43:17.0 (23223808)|HEAP_ALLOCATE|[53]|Bytes:1
16:43:17.0 (23228320)|HEAP_ALLOCATE|[53]|Bytes:5
16:43:17.0 (23232745)|HEAP_ALLOCATE|[53]|Bytes:2
16:43:17.0 (23239424)|HEAP_ALLOCATE|[53]|Bytes:1
16:43:17.0 (23243849)|HEAP_ALLOCATE|[53]|Bytes:5
16:43:17.0 (23248426)|HEAP_ALLOCATE|[EXTERNAL]|Bytes:4
16:43:17.0 (23251818)|HEAP_ALLOCATE|[51]|Bytes:4
16:43:17.0 (23254518)|VARIABLE_ASSIGNMENT|[51]|j|30
16:43:17.0 (23256330)|STATEMENT_EXECUTE|[51]
16:43:17.0 (23257681)|STATEMENT_EXECUTE|[54]
16:43:17.0 (23258643)|STATEMENT_EXECUTE|[55]
16:43:17.0 (23264167)|HEAP_ALLOCATE|[55]|Bytes:2
16:43:17.0 (23271122)|HEAP_ALLOCATE|[55]|Bytes:2
16:43:17.0 (23276340)|HEAP_ALLOCATE|[55]|Bytes:5
16:43:17.0 (23280838)|HEAP_ALLOCATE|[55]|Bytes:2
16:43:17.0 (23288057)|HEAP_ALLOCATE|[55]|Bytes:2
16:43:17.0 (23292488)|HEAP_ALLOCATE|[55]|Bytes:5
16:43:17.0 (23297088)|HEAP_ALLOCATE|[EXTERNAL]|Bytes:4
16:43:17.0 (23300306)|HEAP_ALLOCATE|[51]|Bytes:4
16:43:17.0 (23302933)|VARIABLE_ASSIGNMENT|[51]|j|60
16:43:17.0 (23304830)|HEAP_ALLOCATE|[50]|Bytes:4
16:43:17.0 (23307117)|VARIABLE_ASSIGNMENT|[50]|i|20
16:43:17.0 (23308701)|STATEMENT_EXECUTE|[50]
16:43:17.0 (23309940)|STATEMENT_EXECUTE|[51]
16:43:17.0 (23311654)|VARIABLE_SCOPE_BEGIN|[51]|j|Integer|false|false
16:43:17.0 (23313118)|HEAP_ALLOCATE|[51]|Bytes:4
16:43:17.0 (23315404)|VARIABLE_ASSIGNMENT|[51]|j|0
16:43:17.0 (23316889)|STATEMENT_EXECUTE|[51]
16:43:17.0 (23318308)|STATEMENT_EXECUTE|[52]
16:43:17.0 (23319271)|STATEMENT_EXECUTE|[53]
16:43:17.0 (23325117)|HEAP_ALLOCATE|[53]|Bytes:2
16:43:17.0 (23335882)|HEAP_ALLOCATE|[53]|Bytes:1
16:43:17.0 (23340630)|HEAP_ALLOCATE|[53]|Bytes:5
16:43:17.0 (23345217)|HEAP_ALLOCATE|[53]|Bytes:2
16:43:17.0 (23352016)|HEAP_ALLOCATE|[53]|Bytes:1
16:43:17.0 (23356379)|HEAP_ALLOCATE|[53]|Bytes:5
16:43:17.0 (23361768)|HEAP_ALLOCATE|[EXTERNAL]|Bytes:4
16:43:17.0 (23365397)|HEAP_ALLOCATE|[51]|Bytes:4
16:43:17.0 (23368628)|VARIABLE_ASSIGNMENT|[51]|j|30
16:43:17.0 (23370538)|STATEMENT_EXECUTE|[51]
16:43:17.0 (23371913)|STATEMENT_EXECUTE|[54]
16:43:17.0 (23372877)|STATEMENT_EXECUTE|[55]
16:43:17.0 (23378583)|HEAP_ALLOCATE|[55]|Bytes:2
16:43:17.0 (23385876)|HEAP_ALLOCATE|[55]|Bytes:2
16:43:17.0 (23390466)|HEAP_ALLOCATE|[55]|Bytes:5
16:43:17.0 (23394998)|HEAP_ALLOCATE|[55]|Bytes:2
16:43:17.0 (23401641)|HEAP_ALLOCATE|[55]|Bytes:2
16:43:17.0 (23406074)|HEAP_ALLOCATE|[55]|Bytes:5
16:43:17.0 (23410731)|HEAP_ALLOCATE|[EXTERNAL]|Bytes:4
16:43:17.0 (23413965)|HEAP_ALLOCATE|[51]|Bytes:4
16:43:17.0 (23418109)|VARIABLE_ASSIGNMENT|[51]|j|60
16:43:17.0 (23424228)|HEAP_ALLOCATE|[50]|Bytes:4
16:43:17.0 (23428960)|VARIABLE_ASSIGNMENT|[50]|i|21
16:43:17.0 (23430902)|STATEMENT_EXECUTE|[50]
16:43:17.0 (23432334)|STATEMENT_EXECUTE|[51]
16:43:17.0 (23434162)|VARIABLE_SCOPE_BEGIN|[51]|j|Integer|false|false
16:43:17.0 (23436585)|HEAP_ALLOCATE|[51]|Bytes:4
16:43:17.0 (23438848)|VARIABLE_ASSIGNMENT|[51]|j|0
16:43:17.0 (23440325)|STATEMENT_EXECUTE|[51]
16:43:17.0 (23441710)|STATEMENT_EXECUTE|[52]
16:43:17.0 (23442700)|STATEMENT_EXECUTE|[53]
16:43:17.0 (23452157)|HEAP_ALLOCATE|[53]|Bytes:2
16:43:17.0 (23459674)|HEAP_ALLOCATE|[53]|Bytes:1
16:43:17.0 (23464564)|HEAP_ALLOCATE|[53]|Bytes:5
16:43:17.0 (23469100)|HEAP_ALLOCATE|[53]|Bytes:2
16:43:17.0 (23475812)|HEAP_ALLOCATE|[53]|Bytes:1
16:43:17.0 (23480214)|HEAP_ALLOCATE|[53]|Bytes:5
16:43:17.0 (23485825)|HEAP_ALLOCATE|[EXTERNAL]|Bytes:4
16:43:17.0 (23489462)|HEAP_ALLOCATE|[51]|Bytes:4
16:43:17.0 (23492267)|VARIABLE_ASSIGNMENT|[51]|j|30
16:43:17.0 (23494221)|STATEMENT_EXECUTE|[51]
16:43:17.0 (23495513)|STATEMENT_EXECUTE|[54]
16:43:17.0 (23496478)|STATEMENT_EXECUTE|[55]
16:43:17.0 (23502180)|HEAP_ALLOCATE|[55]|Bytes:2
16:43:17.0 (23509284)|HEAP_ALLOCATE|[55]|Bytes:2
16:43:17.0 (23513878)|HEAP_ALLOCATE|[55]|Bytes:5
16:43:17.0 (23518384)|HEAP_ALLOCATE|[55]|Bytes:2
16:43:17.0 (23525141)|HEAP_ALLOCATE|[55]|Bytes:2
16:43:17.0 (23529997)|HEAP_ALLOCATE|[55]|Bytes:5
16:43:17.0 (23534564)|HEAP_ALLOCATE|[EXTERNAL]|Bytes:4
16:43:17.0 (23537686)|HEAP_ALLOCATE|[51]|Bytes:4
16:43:17.0 (23540352)|VARIABLE_ASSIGNMENT|[51]|j|60
16:43:17.0 (23542289)|HEAP_ALLOCATE|[50]|Bytes:4
16:43:17.0 (23544533)|VARIABLE_ASSIGNMENT|[50]|i|22
16:43:17.0 (23546181)|STATEMENT_EXECUTE|[50]
16:43:17.0 (23547467)|STATEMENT_EXECUTE|[51]
16:43:17.0 (23549102)|VARIABLE_SCOPE_BEGIN|[51]|j|Integer|false|false
16:43:17.0 (23550597)|HEAP_ALLOCATE|[51]|Bytes:4
16:43:17.0 (23552829)|VARIABLE_ASSIGNMENT|[51]|j|0
16:43:17.0 (23554285)|STATEMENT_EXECUTE|[51]
16:43:17.0 (23555600)|STATEMENT_EXECUTE|[52]
16:43:17.0 (23556553)|STATEMENT_EXECUTE|[53]
16:43:17.0 (23562233)|HEAP_ALLOCATE|[53]|Bytes:2
16:43:17.0 (23569579)|HEAP_ALLOCATE|[53]|Bytes:1
16:43:17.0 (23574288)|HEAP_ALLOCATE|[53]|Bytes:5
16:43:17.0 (23579086)|HEAP_ALLOCATE|[53]|Bytes:2
16:43:17.0 (23585779)|HEAP_ALLOCATE|[53]|Bytes:1
16:43:17.0 (23590228)|HEAP_ALLOCATE|[53]|Bytes:5
16:43:17.0 (23594986)|HEAP_ALLOCATE|[EXTERNAL]|Bytes:4
16:43:17.0 (23598379)|HEAP_ALLOCATE|[51]|Bytes:4
16:43:17.0 (23601053)|VARIABLE_ASSIGNMENT|[51]|j|30
16:43:17.0 (23602843)|STATEMENT_EXECUTE|[51]
16:43:17.0 (23604167)|STATEMENT_EXECUTE|[54]
16:43:17.0 (23605129)|STATEMENT_EXECUTE|[55]
16:43:17.0 (23610531)|HEAP_ALLOCATE|[55]|Bytes:2
16:43:17.0 (23617469)|HEAP_ALLOCATE|[55]|Bytes:2
16:43:17.0 (23621942)|HEAP_ALLOCATE|[55]|Bytes:5
16:43:17.0 (23626509)|HEAP_ALLOCATE|[55]|Bytes:2
16:43:17.0 (23633196)|HEAP_ALLOCATE|[55]|Bytes:2
16:43:17.0 (23637643)|HEAP_ALLOCATE|[55]|Bytes:5
16:43:17.0 (23642219)|HEAP_ALLOCATE|[EXTERNAL]|Bytes:4
16:43:17.0 (23645308)|HEAP_ALLOCATE|[51]|Bytes:4
16:43:17.0 (23647935)|VARIABLE_ASSIGNMENT|[51]|j|60
16:43:17.0 (23649937)|HEAP_ALLOCATE|[50]|Bytes:4
16:43:17.0 (23652237)|VARIABLE_ASSIGNMENT|[50]|i|23
16:43:17.0 (23653904)|STATEMENT_EXECUTE|[50]
16:43:17.0 (23655171)|STATEMENT_EXECUTE|[51]
16:43:17.0 (23656806)|VARIABLE_SCOPE_BEGIN|[51]|j|Integer|false|false
16:43:17.0 (23658264)|HEAP_ALLOCATE|[51]|Bytes:4
16:43:17.0 (23660823)|VARIABLE_ASSIGNMENT|[51]|j|0
16:43:17.0 (23662274)|STATEMENT_EXECUTE|[51]
16:43:17.0 (23663553)|STATEMENT_EXECUTE|[52]
16:43:17.0 (23664567)|STATEMENT_EXECUTE|[53]
16:43:17.0 (23670342)|HEAP_ALLOCATE|[53]|Bytes:2
16:43:17.0 (23677480)|HEAP_ALLOCATE|[53]|Bytes:1
16:43:17.0 (23682032)|HEAP_ALLOCATE|[53]|Bytes:5
16:43:17.0 (23686538)|HEAP_ALLOCATE|[53]|Bytes:2
16:43:17.0 (23693291)|HEAP_ALLOCATE|[53]|Bytes:1
16:43:17.0 (23697692)|HEAP_ALLOCATE|[53]|Bytes:5
16:43:17.0 (23702275)|HEAP_ALLOCATE|[EXTERNAL]|Bytes:4
16:43:17.0 (23705634)|HEAP_ALLOCATE|[51]|Bytes:4
16:43:17.0 (23708317)|VARIABLE_ASSIGNMENT|[51]|j|30
16:43:17.0 (23710143)|STATEMENT_EXECUTE|[51]
16:43:17.0 (23711493)|STATEMENT_EXECUTE|[54]
16:43:17.0 (23714565)|STATEMENT_EXECUTE|[55]
16:43:17.0 (23720554)|HEAP_ALLOCATE|[55]|Bytes:2
16:43:17.0 (23727709)|HEAP_ALLOCATE|[55]|Bytes:2
16:43:17.0 (23732272)|HEAP_ALLOCATE|[55]|Bytes:5
16:43:17.0 (23736853)|HEAP_ALLOCATE|[55]|Bytes:2
16:43:17.0 (23743539)|HEAP_ALLOCATE|[55]|Bytes:2
16:43:17.0 (23748226)|HEAP_ALLOCATE|[55]|Bytes:5
16:43:17.0 (23752990)|HEAP_ALLOCATE|[EXTERNAL]|Bytes:4
16:43:17.0 (23756310)|HEAP_ALLOCATE|[51]|Bytes:4
16:43:17.0 (23759064)|VARIABLE_ASSIGNMENT|[51]|j|60
16:43:17.0 (23761076)|HEAP_ALLOCATE|[50]|Bytes:4
16:43:17.0 (23763439)|VARIABLE_ASSIGNMENT|[50]|i|24
16:43:17.0 (23765312)|STATEMENT_EXECUTE|[59]
16:43:17.0 (23859656)|SYSTEM_MODE_ENTER|true
16:43:17.26 (26411267)|SYSTEM_MODE_ENTER|true
16:43:17.26 (26451151)|HEAP_ALLOCATE|[EXTERNAL]|Bytes:8
16:43:17.26 (26457740)|VARIABLE_SCOPE_BEGIN|[88]|this|ApexPage.PageMessagesComponentController|true|false
16:43:17.26 (26476365)|VARIABLE_ASSIGNMENT|[88]|this|{}|0x76e68cc6
16:43:17.26 (26479201)|VARIABLE_SCOPE_BEGIN|[88]|escape|Boolean|false|false
16:43:17.26 (26483009)|VARIABLE_ASSIGNMENT|[88]|escape|null
16:43:17.0 (26809990)|SYSTEM_MODE_ENTER|true
16:43:17.0 (26832058)|HEAP_ALLOCATE|[EXTERNAL]|Bytes:4
16:43:17.0 (26835685)|HEAP_ALLOCATE|[EXTERNAL]|Bytes:80
16:43:17.0 (26843840)|VARIABLE_ASSIGNMENT|[EXTERNAL]|this.selectedTime3|"0:00"|0x9d7ca91
16:43:17.0 (26875745)|SYSTEM_MODE_ENTER|true
16:43:17.0 (26893403)|HEAP_ALLOCATE|[EXTERNAL]|Bytes:80
16:43:17.0 (26938522)|VARIABLE_ASSIGNMENT|[EXTERNAL]|this|{"delToHub":true,"delToProj":false,"detail":"0x22204213","invoked":false,"rejected":false,"Reserved":false,"selectedTime3":"0:00","sublocations1":"0x462d8879","www":"0x7199416f","wwwById":"0x2330cae0"}|0x9d7ca91
16:43:17.0 (26944418)|STATEMENT_EXECUTE|[3]
16:43:17.0 (26947325)|STATEMENT_EXECUTE|[4]
16:43:17.0 (26948554)|STATEMENT_EXECUTE|[9]
16:43:17.0 (27225471)|SYSTEM_MODE_ENTER|true
16:43:17.0 (27243888)|HEAP_ALLOCATE|[EXTERNAL]|Bytes:80
16:43:17.0 (27285672)|VARIABLE_ASSIGNMENT|[EXTERNAL]|this|{"delToHub":true,"delToProj":false,"detail":"0x22204213","invoked":false,"rejected":false,"Reserved":false,"selectedTime3":"0:00","sublocations1":"0x462d8879","www":"0x7199416f","wwwById":"0x2330cae0"}|0x9d7ca91
16:43:17.0 (27291104)|STATEMENT_EXECUTE|[162]
16:43:17.0 (27293687)|STATEMENT_EXECUTE|[163]
16:43:17.0 (27295278)|STATEMENT_EXECUTE|[166]
16:43:17.0 (27331694)|SYSTEM_MODE_ENTER|true
16:43:17.0 (27345028)|HEAP_ALLOCATE|[EXTERNAL]|Bytes:80
16:43:17.0 (27382349)|VARIABLE_ASSIGNMENT|[EXTERNAL]|this|{"delToHub":true,"delToProj":false,"detail":"0x22204213","invoked":false,"rejected":false,"Reserved":false,"selectedTime3":"0:00","sublocations1":"0x462d8879","www":"0x7199416f","wwwById":"0x2330cae0"}|0x9d7ca91
16:43:17.0 (27386775)|STATEMENT_EXECUTE|[178]
16:43:17.0 (27388861)|STATEMENT_EXECUTE|[179]
16:43:17.0 (27389925)|STATEMENT_EXECUTE|[182]
16:43:17.0 (27422011)|SYSTEM_MODE_ENTER|true
16:43:17.0 (27434037)|HEAP_ALLOCATE|[EXTERNAL]|Bytes:80
16:43:17.0 (27469219)|VARIABLE_ASSIGNMENT|[EXTERNAL]|this|{"delToHub":true,"delToProj":false,"detail":"0x22204213","invoked":false,"rejected":false,"Reserved":false,"selectedTime3":"0:00","sublocations1":"0x462d8879","www":"0x7199416f","wwwById":"0x2330cae0"}|0x9d7ca91
16:43:17.0 (27473196)|STATEMENT_EXECUTE|[170]
16:43:17.0 (27475137)|STATEMENT_EXECUTE|[171]
16:43:17.0 (27476147)|STATEMENT_EXECUTE|[174]
16:43:17.0 (27509323)|SYSTEM_MODE_ENTER|true
16:43:17.0 (27521709)|HEAP_ALLOCATE|[EXTERNAL]|Bytes:80
16:43:17.0 (27556389)|VARIABLE_ASSIGNMENT|[EXTERNAL]|this|{"delToHub":true,"delToProj":false,"detail":"0x22204213","invoked":false,"rejected":false,"Reserved":false,"selectedTime3":"0:00","sublocations1":"0x462d8879","www":"0x7199416f","wwwById":"0x2330cae0"}|0x9d7ca91
16:43:17.0 (27560990)|STATEMENT_EXECUTE|[21]
16:43:17.0 (27562873)|STATEMENT_EXECUTE|[22]
16:43:17.0 (27564017)|STATEMENT_EXECUTE|[26]
16:43:17.0 (28253675)|HEAP_ALLOCATE|[EXTERNAL]|Bytes:80
16:43:17.0 (28263318)|VARIABLE_SCOPE_BEGIN|[245]|this|NewDeliveredExtension|true|false
16:43:17.0 (28306101)|VARIABLE_ASSIGNMENT|[245]|this|{"delToHub":true,"delToProj":false,"detail":"0x22204213","invoked":false,"rejected":false,"Reserved":false,"selectedTime3":"0:00","sublocations1":"0x462d8879","www":"0x7199416f","wwwById":"0x2330cae0"}|0x9d7ca91
16:43:17.0 (28312463)|STATEMENT_EXECUTE|[245]
16:43:17.0 (28314002)|STATEMENT_EXECUTE|[246]
16:43:17.0 (28374541)|VARIABLE_ASSIGNMENT|[EXTERNAL]|this|{"delToHub":true,"delToProj":false,"detail":"0x22204213","invoked":false,"rejected":false,"Reserved":false,"selectedTime3":"0:00","sublocations1":"0x462d8879","www":"0x7199416f","wwwById":"0x2330cae0"}|0x9d7ca91
16:43:17.0 (28378295)|STATEMENT_EXECUTE|[3]
16:43:17.0 (28380787)|STATEMENT_EXECUTE|[4]
16:43:17.0 (28381930)|STATEMENT_EXECUTE|[9]
16:43:17.0 (28445841)|VARIABLE_ASSIGNMENT|[246]|this.Location__c|null|0x22204213
16:43:17.0 (28449008)|STATEMENT_EXECUTE|[247]
16:43:17.0 (28453502)|HEAP_ALLOCATE|[247]|Bytes:7
16:43:17.0 (28504983)|VARIABLE_ASSIGNMENT|[EXTERNAL]|this|{"delToHub":true,"delToProj":false,"detail":"0x22204213","invoked":false,"rejected":false,"Reserved":false,"selectedTime3":"0:00","sublocations1":"0x462d8879","www":"0x7199416f","wwwById":"0x2330cae0"}|0x9d7ca91
16:43:17.0 (28508668)|STATEMENT_EXECUTE|[21]
16:43:17.0 (28510709)|STATEMENT_EXECUTE|[22]
16:43:17.0 (28511813)|STATEMENT_EXECUTE|[26]
16:43:17.0 (28557784)|HEAP_ALLOCATE|[247]|Bytes:38
16:43:17.0 (28572940)|HEAP_ALLOCATE|[247]|Bytes:45
16:43:17.0 (28592777)|USER_DEBUG|[247]|DEBUG|set wwwWWW__c:{Project__c=a0q0E0000008S3bQAE}
16:43:17.0 (28597571)|STATEMENT_EXECUTE|[248]
16:43:17.0 (28644349)|VARIABLE_ASSIGNMENT|[EXTERNAL]|this|{"delToHub":true,"delToProj":false,"detail":"0x22204213","invoked":false,"rejected":false,"Reserved":false,"selectedTime3":"0:00","sublocations1":"0x462d8879","www":"0x7199416f","wwwById":"0x2330cae0"}|0x9d7ca91
16:43:17.0 (28648101)|STATEMENT_EXECUTE|[3]
16:43:17.0 (28650131)|STATEMENT_EXECUTE|[4]
16:43:17.0 (28651220)|STATEMENT_EXECUTE|[9]
16:43:17.0 (28781011)|VARIABLE_ASSIGNMENT|[EXTERNAL]|this|{"delToHub":true,"delToProj":false,"detail":"0x22204213","invoked":false,"rejected":false,"Reserved":false,"selectedTime3":"0:00","sublocations1":"0x462d8879","www":"0x7199416f","wwwById":"0x2330cae0"}|0x9d7ca91
16:43:17.0 (28804983)|VARIABLE_ASSIGNMENT|[EXTERNAL]|value|{"s":1,"v":{"Id":"a0t0E0000004NFcQAM","Project__c":"a0q0E0000008S3bQAE","Item__c":"a0A0E0000001Pj0UAE","Hub_Building_Site__c":"a020E000000zEM2QAM","Actueel_aantal_palle (12 more) ...":0,"Name":"WWW-13490"}}|0x4aba96b3
16:43:17.0 (28820558)|VARIABLE_ASSIGNMENT|[20]|this.www|{"s":1,"v":{"Id":"a0t0E0000004NFcQAM","Project__c":"a0q0E0000008S3bQAE","Item__c":"a0A0E0000001Pj0UAE","Hub_Building_Site__c":"a020E000000zEM2QAM","Actueel_aantal_palle (12 more) ...":0,"Name":"WWW-13490"}}|0x9d7ca91
16:43:17.0 (28826247)|STATEMENT_EXECUTE|[249]
16:43:17.0 (28867630)|VARIABLE_ASSIGNMENT|[EXTERNAL]|this|{"delToHub":true,"delToProj":false,"detail":"0x22204213","invoked":false,"rejected":false,"Reserved":false,"selectedTime3":"0:00","sublocations1":"0x462d8879","www":"0x4aba96b3","wwwById":"0x2330cae0"}|0x9d7ca91
16:43:17.0 (28870872)|STATEMENT_EXECUTE|[21]
16:43:17.0 (28872708)|STATEMENT_EXECUTE|[22]
16:43:17.0 (28873795)|STATEMENT_EXECUTE|[26]
16:43:17.0 (28943454)|HEAP_ALLOCATE|[249]|Bytes:182
16:43:17.0 (28955309)|HEAP_ALLOCATE|[249]|Bytes:189
16:43:17.0 (28963880)|USER_DEBUG|[249]|DEBUG|set wwwWWW__c:{Id=a0t0E0000004NFcQAM, Project__c=a0q0E0000008S3bQAE, Item__c=a0A0E0000001Pj0UAE, Hub_Building_Site__c=a020E000000zEM2QAM, Actueel_aantal_palletplaatsen__c=0, Name=WWW-13490}
16:43:17.39 (39747001)|SYSTEM_MODE_ENTER|true
16:43:17.39 (39795331)|HEAP_ALLOCATE|[EXTERNAL]|Bytes:8
16:43:17.39 (39800732)|VARIABLE_SCOPE_BEGIN|[88]|this|ApexPage.PageMessagesComponentController|true|false
16:43:17.39 (39818902)|VARIABLE_ASSIGNMENT|[88]|this|{}|0x76e68cc6
16:43:17.39 (39821779)|VARIABLE_SCOPE_BEGIN|[88]|escape|Boolean|false|false
16:43:17.39 (39825286)|VARIABLE_ASSIGNMENT|[88]|escape|null
16:43:17.39 (39896663)|SYSTEM_MODE_ENTER|true
16:43:17.39 (39917951)|HEAP_ALLOCATE|[EXTERNAL]|Bytes:8
16:43:17.39 (39922215)|VARIABLE_SCOPE_BEGIN|[2]|this|ApexPage.PageMessagesComponentController|true|false
16:43:17.39 (39936195)|VARIABLE_ASSIGNMENT|[2]|this|{}|0x76e68cc6
16:43:17.0 (40206355)|SYSTEM_MODE_ENTER|true
16:43:17.0 (40226082)|HEAP_ALLOCATE|[EXTERNAL]|Bytes:80
16:43:17.0 (40272056)|VARIABLE_ASSIGNMENT|[EXTERNAL]|this|{"delToHub":true,"delToProj":false,"detail":"0x22204213","invoked":false,"rejected":false,"Reserved":false,"selectedTime3":"0:00","sublocations1":"0x462d8879","www":"0x4aba96b3","wwwById":"0x2330cae0"}|0x9d7ca91
16:43:17.0 (40278307)|STATEMENT_EXECUTE|[154]
16:43:17.0 (40281221)|STATEMENT_EXECUTE|[155]
16:43:17.0 (40282589)|STATEMENT_EXECUTE|[158]
16:43:17.0 (40325169)|SYSTEM_MODE_ENTER|true
16:43:17.0 (40339574)|HEAP_ALLOCATE|[EXTERNAL]|Bytes:80
16:43:17.0 (40377647)|VARIABLE_ASSIGNMENT|[EXTERNAL]|this|{"delToHub":true,"delToProj":false,"detail":"0x22204213","invoked":false,"rejected":false,"Reserved":false,"selectedTime3":"0:00","sublocations1":"0x462d8879","www":"0x4aba96b3","wwwById":"0x2330cae0"}|0x9d7ca91
16:43:17.0 (40382645)|STATEMENT_EXECUTE|[187]
16:43:17.0 (40384631)|STATEMENT_EXECUTE|[188]
16:43:17.0 (40385840)|STATEMENT_EXECUTE|[191]
16:43:17.0 (40436879)|SYSTEM_MODE_ENTER|true
16:43:17.0 (40451127)|HEAP_ALLOCATE|[EXTERNAL]|Bytes:80
16:43:17.0 (40487678)|VARIABLE_ASSIGNMENT|[EXTERNAL]|this|{"delToHub":true,"delToProj":false,"detail":"0x22204213","invoked":false,"rejected":false,"Reserved":false,"selectedTime3":"0:00","sublocations1":"0x462d8879","www":"0x4aba96b3","wwwById":"0x2330cae0"}|0x9d7ca91
16:43:17.0 (40492425)|STATEMENT_EXECUTE|[3]
16:43:17.0 (40494545)|STATEMENT_EXECUTE|[4]
16:43:17.0 (40495619)|STATEMENT_EXECUTE|[9]
16:43:17.0 (42357950)|SYSTEM_MODE_ENTER|true
16:43:17.0 (42379279)|HEAP_ALLOCATE|[EXTERNAL]|Bytes:80
16:43:17.0 (42426817)|VARIABLE_ASSIGNMENT|[EXTERNAL]|this|{"delToHub":true,"delToProj":false,"detail":"0x22204213","invoked":false,"rejected":false,"Reserved":false,"selectedTime3":"0:00","sublocations1":"0x462d8879","www":"0x4aba96b3","wwwById":"0x2330cae0"}|0x9d7ca91
16:43:17.0 (42433431)|STATEMENT_EXECUTE|[144]
16:43:17.0 (42436054)|STATEMENT_EXECUTE|[145]
16:43:17.0 (42437305)|STATEMENT_EXECUTE|[148]
16:43:17.0 (42843099)|SYSTEM_MODE_ENTER|true
16:43:17.0 (42862713)|HEAP_ALLOCATE|[EXTERNAL]|Bytes:80
16:43:17.0 (42908355)|VARIABLE_ASSIGNMENT|[EXTERNAL]|this|{"delToHub":true,"delToProj":false,"detail":"0x22204213","invoked":false,"rejected":false,"Reserved":false,"selectedTime3":"0:00","sublocations1":"0x462d8879","www":"0x4aba96b3","wwwById":"0x2330cae0"}|0x9d7ca91
16:43:17.0 (42914868)|STATEMENT_EXECUTE|[162]
16:43:17.0 (42917603)|STATEMENT_EXECUTE|[163]
16:43:17.0 (42918790)|STATEMENT_EXECUTE|[166]
16:43:17.0 (42959351)|SYSTEM_MODE_ENTER|true
16:43:17.0 (42973771)|HEAP_ALLOCATE|[EXTERNAL]|Bytes:80
16:43:17.0 (43012059)|VARIABLE_ASSIGNMENT|[EXTERNAL]|this|{"delToHub":true,"delToProj":false,"detail":"0x22204213","invoked":false,"rejected":false,"Reserved":false,"selectedTime3":"0:00","sublocations1":"0x462d8879","www":"0x4aba96b3","wwwById":"0x2330cae0"}|0x9d7ca91
16:43:17.0 (43017406)|STATEMENT_EXECUTE|[178]
16:43:17.0 (43019567)|STATEMENT_EXECUTE|[179]
16:43:17.0 (43020680)|STATEMENT_EXECUTE|[182]
16:43:17.0 (43054886)|SYSTEM_MODE_ENTER|true
16:43:17.0 (43068041)|HEAP_ALLOCATE|[EXTERNAL]|Bytes:80
16:43:17.0 (43103821)|VARIABLE_ASSIGNMENT|[EXTERNAL]|this|{"delToHub":true,"delToProj":false,"detail":"0x22204213","invoked":false,"rejected":false,"Reserved":false,"selectedTime3":"0:00","sublocations1":"0x462d8879","www":"0x4aba96b3","wwwById":"0x2330cae0"}|0x9d7ca91
16:43:17.0 (43108401)|STATEMENT_EXECUTE|[170]
16:43:17.0 (43110346)|STATEMENT_EXECUTE|[171]
16:43:17.0 (43111370)|STATEMENT_EXECUTE|[174]
16:43:17.0 (43162869)|SYSTEM_MODE_ENTER|true
16:43:17.0 (43176138)|HEAP_ALLOCATE|[EXTERNAL]|Bytes:80
16:43:17.0 (43211210)|VARIABLE_ASSIGNMENT|[EXTERNAL]|this|{"delToHub":true,"delToProj":false,"detail":"0x22204213","invoked":false,"rejected":false,"Reserved":false,"selectedTime3":"0:00","sublocations1":"0x462d8879","www":"0x4aba96b3","wwwById":"0x2330cae0"}|0x9d7ca91
16:43:17.0 (43215314)|STATEMENT_EXECUTE|[21]
16:43:17.0 (43217232)|STATEMENT_EXECUTE|[22]
16:43:17.0 (43218273)|STATEMENT_EXECUTE|[26]
16:43:17.0 (53287788)|VF_SERIALIZE_VIEWSTATE_BEGIN|06624000003h0Dg
16:43:17.0 (56551318)|VF_SERIALIZE_VIEWSTATE_END
16:43:17.59 (59177698)|CUMULATIVE_LIMIT_USAGE
16:43:17.59 (59177698)|LIMIT_USAGE_FOR_NS|(default)|
  Number of SOQL queries: 0 out of 100
  Number of query rows: 0 out of 50000
  Number of SOSL queries: 0 out of 20
  Number of DML statements: 0 out of 150
  Number of DML rows: 0 out of 10000
  Maximum CPU time: 0 out of 10000
  Maximum heap size: 0 out of 6000000
  Number of callouts: 0 out of 100
  Number of Email Invocations: 0 out of 10
  Number of future calls: 0 out of 50
  Number of queueable jobs added to the queue: 0 out of 50
  Number of Mobile Apex push calls: 0 out of 10

16:43:17.59 (59177698)|CUMULATIVE_LIMIT_USAGE_END

16:43:17.0 (59208635)|CODE_UNIT_FINISHED|VF: /apex/New_delivered_detail
16:43:17.0 (60242773)|EXECUTION_FINISHED
