39.0 APEX_CODE,DEBUG;APEX_PROFILING,INFO;CALLOUT,INFO;DB,INFO;SYSTEM,DEBUG;VALIDATION,INFO;VISUALFORCE,INFO;WAVE,INFO;WORKFLOW,INFO
13:27:56.0 (325218)|USER_INFO|[EXTERNAL]|00524000001e3Uj|bedrijfsbureau@gsa.nl.sandbox|Midden-Europese standaardtijd|GMT+02:00
13:27:56.0 (348273)|EXECUTION_STARTED
13:27:56.0 (352468)|CODE_UNIT_STARTED|[EXTERNAL]|0669E0000000KhW|VF: /apex/ProjectItemsAfroepen
13:27:56.0 (826942)|VF_DESERIALIZE_VIEWSTATE_BEGIN|0669E0000000KhW
13:27:56.0 (6720705)|VF_DESERIALIZE_VIEWSTATE_END
13:27:56.0 (11650999)|SYSTEM_MODE_ENTER|true
13:27:56.0 (11908204)|SYSTEM_MODE_ENTER|false
13:27:56.0 (11914327)|SYSTEM_MODE_EXIT|false
13:27:56.0 (11931183)|SYSTEM_MODE_ENTER|false
13:27:56.0 (11937047)|SYSTEM_MODE_EXIT|false
13:27:56.0 (12049004)|SYSTEM_MODE_ENTER|true
13:27:56.0 (12080992)|SYSTEM_MODE_ENTER|false
13:27:56.0 (12086372)|SYSTEM_MODE_EXIT|false
13:27:56.0 (12215604)|SYSTEM_MODE_ENTER|true
13:27:56.0 (12372036)|SYSTEM_MODE_ENTER|false
13:27:56.0 (14771343)|SOQL_EXECUTE_BEGIN|[28]|Aggregations:0|SELECT Id, Name FROM Projecten__c WHERE Name LIKE :tmpVar1 LIMIT 5
13:27:56.0 (28730283)|SOQL_EXECUTE_END|[28]|Rows:2
13:27:56.0 (28812820)|SYSTEM_MODE_EXIT|false
13:27:56.0 (32215434)|SYSTEM_MODE_ENTER|true
13:27:56.0 (32248971)|SYSTEM_MODE_ENTER|false
13:27:56.0 (32254255)|SYSTEM_MODE_EXIT|false
13:27:56.0 (32380126)|SYSTEM_MODE_ENTER|true
13:27:56.0 (32402832)|SYSTEM_MODE_ENTER|false
13:27:56.0 (32406658)|SYSTEM_MODE_EXIT|false
13:27:56.0 (33666746)|VF_SERIALIZE_VIEWSTATE_BEGIN|0669E0000000KhW
13:27:56.0 (35250459)|VF_SERIALIZE_VIEWSTATE_END
13:27:56.36 (36932933)|CUMULATIVE_LIMIT_USAGE
13:27:56.36 (36932933)|LIMIT_USAGE_FOR_NS|(default)|
  Number of SOQL queries: 1 out of 100
  Number of query rows: 2 out of 50000
  Number of SOSL queries: 0 out of 20
  Number of DML statements: 0 out of 150
  Number of DML rows: 0 out of 10000
  Maximum CPU time: 0 out of 10000
  Maximum heap size: 0 out of 6000000
  Number of callouts: 0 out of 100
  Number of Email Invocations: 0 out of 10
  Number of future calls: 0 out of 50
  Number of queueable jobs added to the queue: 0 out of 50
  Number of Mobile Apex push calls: 0 out of 10

13:27:56.36 (36932933)|CUMULATIVE_LIMIT_USAGE_END

13:27:56.0 (36968273)|CODE_UNIT_FINISHED|VF: /apex/ProjectItemsAfroepen
13:27:56.0 (37738202)|EXECUTION_FINISHED
