38.0 APEX_CODE,DEBUG;APEX_PROFILING,INFO;CALLOUT,INFO;DB,INFO;SYSTEM,DEBUG;VALIDATION,INFO;VISUALFORCE,INFO;WAVE,INFO;WORKFLOW,INFO
15:37:19.0 (251531)|USER_INFO|[EXTERNAL]|00524000001e3Uj|bedrijfsbureau@gsa.nl.sandbox|Midden-Europese standaardtijd|GMT+02:00
15:37:19.0 (274746)|EXECUTION_STARTED
15:37:19.0 (277707)|CODE_UNIT_STARTED|[EXTERNAL]|06624000003h0Dg|VF: /apex/New_delivered_detail
15:37:19.0 (716290)|VF_DESERIALIZE_VIEWSTATE_BEGIN|06624000003h0Dg
15:37:19.0 (11138345)|VF_DESERIALIZE_VIEWSTATE_END
15:37:19.12 (12372726)|SYSTEM_MODE_ENTER|true
15:37:19.13 (13032852)|SYSTEM_MODE_ENTER|true
15:37:19.0 (13301476)|SYSTEM_MODE_ENTER|true
15:37:19.0 (13648111)|SYSTEM_MODE_ENTER|true
15:37:19.0 (13762529)|SYSTEM_MODE_ENTER|true
15:37:19.0 (13843149)|SYSTEM_MODE_ENTER|true
15:37:19.0 (13984159)|SYSTEM_MODE_ENTER|true
15:37:19.0 (23836710)|SYSTEM_MODE_ENTER|true
15:37:19.0 (25985477)|SYSTEM_MODE_ENTER|true
15:37:19.0 (26114200)|SYSTEM_MODE_ENTER|true
15:37:19.0 (38460695)|SYSTEM_MODE_ENTER|true
15:37:19.0 (38603084)|USER_DEBUG|[300]|DEBUG|a0t9E0000001c7AQAQ Delivered_2_Hub
15:37:19.0 (40480940)|SOQL_EXECUTE_BEGIN|[305]|Aggregations:0|SELECT Id, Location__c, Location__r.Name FROM WWW_detail__c WHERE (WWW__c = :tmpVar1 AND RecordType.DeveloperName = 'Delivered_2_Hub')
15:37:19.0 (44985790)|SOQL_EXECUTE_END|[305]|Rows:1
15:37:19.0 (46546729)|SYSTEM_MODE_ENTER|true
15:37:19.0 (47971176)|SYSTEM_MODE_ENTER|true
15:37:19.50 (50663900)|SYSTEM_MODE_ENTER|true
15:37:19.0 (51198688)|SYSTEM_MODE_ENTER|true
15:37:19.0 (51251070)|SYSTEM_MODE_ENTER|true
15:37:19.0 (51518802)|SYSTEM_MODE_ENTER|true
15:37:19.0 (51609037)|SYSTEM_MODE_ENTER|true
15:37:19.0 (52451383)|USER_DEBUG|[271]|DEBUG|detail.Location__ca0B9E000000RDeTUAW
15:37:19.0 (53911901)|SOQL_EXECUTE_BEGIN|[276]|Aggregations:0|SELECT Id, Location__c, WWW_Detail__c, WWW_Detail_r_RecordType_DeveloperName__c, WWWid__c FROM SublocationDetail__c WHERE (WWW_Detail_r_RecordType_DeveloperName__c = 'Delivered_2_Hub' AND WWWid__c = :tmpVar1)
15:37:19.0 (65231749)|SOQL_EXECUTE_END|[276]|Rows:2
15:37:19.0 (65446508)|USER_DEBUG|[280]|DEBUG|OBDEB sublocsToCheck -->> (SublocationDetail__c:{Id=a089E000000OA8tQAG, Location__c=a0B9E000000RDesUAG, WWW_Detail__c=a0s9E0000001CreQAE, WWW_Detail_r_RecordType_DeveloperName__c=Delivered_2_Hub, WWWid__c=a0t9E0000001c7A}, SublocationDetail__c:{Id=a089E000000OA8uQAG, Location__c=a0B9E000000RDeiUAG, WWW_Detail__c=a0s9E0000001CreQAE, WWW_Detail_r_RecordType_DeveloperName__c=Delivered_2_Hub, WWWid__c=a0t9E0000001c7A})
15:37:19.0 (65471638)|USER_DEBUG|[281]|DEBUG|OBDEB www.id -->> a0t9E0000001c7A
15:37:19.0 (65817347)|SOQL_EXECUTE_BEGIN|[284]|Aggregations:0|SELECT Name, Id, Current_amount__c FROM Location__c 
15:37:19.0 (68904721)|SOQL_EXECUTE_END|[284]|Rows:2
15:37:19.0 (69868016)|USER_DEBUG|[296]|DEBUG|OBDEB 111 __>> sublocations1 __ (SubLocation:[isChecked=true, sub=Location__c:{Name=00A1C, Id=a0B9E000000RDesUAG, Current_amount__c=10, RecordTypeId=01224000000B1zdAAC}], SubLocation:[isChecked=true, sub=Location__c:{Name=00A1A, Id=a0B9E000000RDeiUAG, Current_amount__c=10, RecordTypeId=01224000000B1zdAAC}])
15:37:19.80 (80844309)|SYSTEM_MODE_ENTER|true
15:37:19.81 (81009898)|SYSTEM_MODE_ENTER|true
15:37:19.0 (81323832)|SYSTEM_MODE_ENTER|true
15:37:19.0 (81404014)|SYSTEM_MODE_ENTER|true
15:37:19.0 (81464274)|SYSTEM_MODE_ENTER|true
15:37:19.0 (81518378)|SYSTEM_MODE_ENTER|true
15:37:19.0 (81593064)|SYSTEM_MODE_ENTER|true
15:37:19.0 (85542330)|SYSTEM_MODE_ENTER|true
15:37:19.0 (86979305)|SYSTEM_MODE_ENTER|true
15:37:19.0 (87072337)|SYSTEM_MODE_ENTER|true
15:37:19.0 (91670873)|VF_SERIALIZE_VIEWSTATE_BEGIN|06624000003h0Dg
15:37:19.0 (95652878)|VF_SERIALIZE_VIEWSTATE_END
15:37:19.98 (98455442)|CUMULATIVE_LIMIT_USAGE
15:37:19.98 (98455442)|LIMIT_USAGE_FOR_NS|(default)|
  Number of SOQL queries: 3 out of 100
  Number of query rows: 5 out of 50000
  Number of SOSL queries: 0 out of 20
  Number of DML statements: 0 out of 150
  Number of DML rows: 0 out of 10000
  Maximum CPU time: 0 out of 10000
  Maximum heap size: 0 out of 6000000
  Number of callouts: 0 out of 100
  Number of Email Invocations: 0 out of 10
  Number of future calls: 0 out of 50
  Number of queueable jobs added to the queue: 0 out of 50
  Number of Mobile Apex push calls: 0 out of 10

15:37:19.98 (98455442)|CUMULATIVE_LIMIT_USAGE_END

15:37:19.0 (98490261)|CODE_UNIT_FINISHED|VF: /apex/New_delivered_detail
15:37:19.0 (99583965)|EXECUTION_FINISHED
