39.0 APEX_CODE,DEBUG;APEX_PROFILING,INFO;CALLOUT,INFO;DB,INFO;SYSTEM,DEBUG;VALIDATION,INFO;VISUALFORCE,INFO;WAVE,INFO;WORKFLOW,INFO
17:25:33.0 (290221)|USER_INFO|[EXTERNAL]|00524000001e3Uj|bedrijfsbureau@gsa.nl.sandbox|Midden-Europese standaardtijd|GMT+02:00
17:25:33.0 (313755)|EXECUTION_STARTED
17:25:33.0 (316724)|CODE_UNIT_STARTED|[EXTERNAL]|VisualForce View State
17:25:33.0 (10597950)|CODE_UNIT_FINISHED|VisualForce View State
17:25:33.0 (11527200)|EXECUTION_FINISHED
17:25:33.629 (629444997)|USER_INFO|[EXTERNAL]|00524000001e3Uj|bedrijfsbureau@gsa.nl.sandbox|Midden-Europese standaardtijd|GMT+02:00
17:25:33.629 (630356635)|SYSTEM_MODE_ENTER|true
17:25:34.256 (1256816051)|CUMULATIVE_LIMIT_USAGE
17:25:34.256 (1256816051)|LIMIT_USAGE_FOR_NS|(default)|
  Number of SOQL queries: 0 out of 100
  Number of query rows: 0 out of 50000
  Number of SOSL queries: 0 out of 20
  Number of DML statements: 0 out of 150
  Number of DML rows: 0 out of 10000
  Maximum CPU time: 0 out of 10000
  Maximum heap size: 0 out of 6000000
  Number of callouts: 0 out of 100
  Number of Email Invocations: 0 out of 10
  Number of future calls: 0 out of 50
  Number of queueable jobs added to the queue: 0 out of 50
  Number of Mobile Apex push calls: 0 out of 10

17:25:34.256 (1256816051)|CUMULATIVE_LIMIT_USAGE_END

