38.0 APEX_CODE,FINEST;APEX_PROFILING,INFO;CALLOUT,INFO;DB,INFO;SYSTEM,DEBUG;VALIDATION,INFO;VISUALFORCE,INFO;WAVE,INFO;WORKFLOW,INFO
17:07:23.0 (54964)|USER_INFO|[EXTERNAL]|00524000001e3Uj|bedrijfsbureau@gsa.nl.sandbox|Midden-Europese standaardtijd|GMT+01:00
17:07:23.0 (81592)|EXECUTION_STARTED
17:07:23.0 (85833)|CODE_UNIT_STARTED|[EXTERNAL]|06624000003h0Dg|VF: /apex/New_delivered_detail
17:07:23.0 (219627)|VF_DESERIALIZE_VIEWSTATE_BEGIN|06624000003h0Dg
17:07:23.0 (5360462)|HEAP_ALLOCATE|[72]|Bytes:3
17:07:23.0 (5400400)|HEAP_ALLOCATE|[77]|Bytes:152
17:07:23.0 (5414853)|HEAP_ALLOCATE|[342]|Bytes:408
17:07:23.0 (5429216)|HEAP_ALLOCATE|[355]|Bytes:408
17:07:23.0 (5442157)|HEAP_ALLOCATE|[467]|Bytes:48
17:07:23.0 (5473140)|HEAP_ALLOCATE|[139]|Bytes:6
17:07:23.0 (5509428)|HEAP_ALLOCATE|[50]|Bytes:5
17:07:23.0 (5530900)|HEAP_ALLOCATE|[56]|Bytes:5
17:07:23.0 (5537664)|HEAP_ALLOCATE|[64]|Bytes:7
17:07:23.0 (9718720)|VF_DESERIALIZE_VIEWSTATE_END
17:07:23.10 (10714231)|SYSTEM_MODE_ENTER|true
17:07:23.10 (10770987)|HEAP_ALLOCATE|[EXTERNAL]|Bytes:38
17:07:23.10 (10776805)|HEAP_ALLOCATE|[EXTERNAL]|Bytes:7
17:07:23.10 (10786218)|SYSTEM_METHOD_ENTRY|[1]|PageMessagesComponentController.PageMessagesComponentController()
17:07:23.10 (10789860)|STATEMENT_EXECUTE|[1]
17:07:23.11 (11521304)|SYSTEM_MODE_ENTER|true
17:07:23.11 (11562774)|HEAP_ALLOCATE|[EXTERNAL]|Bytes:8
17:07:23.11 (11568200)|VARIABLE_SCOPE_BEGIN|[88]|this|ApexPage.PageMessagesComponentController|true|false
17:07:23.11 (11598280)|VARIABLE_ASSIGNMENT|[88]|this|{}|0x145f4c28
17:07:23.11 (11600800)|VARIABLE_SCOPE_BEGIN|[88]|escape|Boolean|false|false
17:07:23.11 (11605587)|VARIABLE_ASSIGNMENT|[88]|escape|null
17:07:23.0 (11816187)|SYSTEM_MODE_ENTER|true
17:07:23.0 (11966044)|HEAP_ALLOCATE|[EXTERNAL]|Bytes:11
17:07:23.0 (11973786)|HEAP_ALLOCATE|[EXTERNAL]|Bytes:408
17:07:23.0 (11977062)|HEAP_ALLOCATE|[EXTERNAL]|Bytes:120
17:07:23.0 (11979484)|HEAP_ALLOCATE|[EXTERNAL]|Bytes:120
17:07:23.0 (11985947)|METHOD_ENTRY|[1]|01p2400000DUtXT|NewDeliveredExtension.NewDeliveredExtension()
17:07:23.0 (11988602)|STATEMENT_EXECUTE|[1]
17:07:23.0 (11991990)|STATEMENT_EXECUTE|[1]
17:07:23.0 (11993414)|STATEMENT_EXECUTE|[543]
17:07:23.0 (11997112)|METHOD_EXIT|[1]|NewDeliveredExtension
17:07:23.0 (12000789)|HEAP_ALLOCATE|[EXTERNAL]|Bytes:80
17:07:23.0 (12055650)|VARIABLE_ASSIGNMENT|[EXTERNAL]|this|{"delToHub":false,"delToProj":true,"detail":"0x36b98f03","invoked":false,"rejected":false,"reserved":false,"selectedTime4":"8:00","sublocations1":"0x35f77694","www":"0x40c27a9f","wwwById":"0x5a15aec7"}|0x22870941
17:07:23.0 (12061495)|STATEMENT_EXECUTE|[196]
17:07:23.0 (12064933)|STATEMENT_EXECUTE|[197]
17:07:23.0 (12066997)|STATEMENT_EXECUTE|[200]
17:07:23.0 (12121963)|SYSTEM_MODE_ENTER|true
17:07:23.0 (12138741)|HEAP_ALLOCATE|[EXTERNAL]|Bytes:80
17:07:23.0 (12174851)|VARIABLE_ASSIGNMENT|[EXTERNAL]|this|{"delToHub":false,"delToProj":true,"detail":"0x36b98f03","invoked":false,"rejected":false,"reserved":false,"selectedTime4":"8:00","sublocations1":"0x35f77694","www":"0x40c27a9f","wwwById":"0x5a15aec7"}|0x22870941
17:07:23.0 (12179997)|STATEMENT_EXECUTE|[229]
17:07:23.0 (12182286)|STATEMENT_EXECUTE|[230]
17:07:23.0 (12183592)|STATEMENT_EXECUTE|[233]
17:07:23.0 (12224765)|SYSTEM_MODE_ENTER|true
17:07:23.0 (12239255)|HEAP_ALLOCATE|[EXTERNAL]|Bytes:80
17:07:23.0 (12272561)|VARIABLE_ASSIGNMENT|[EXTERNAL]|this|{"delToHub":false,"delToProj":true,"detail":"0x36b98f03","invoked":false,"rejected":false,"reserved":false,"selectedTime4":"8:00","sublocations1":"0x35f77694","www":"0x40c27a9f","wwwById":"0x5a15aec7"}|0x22870941
17:07:23.0 (12276620)|STATEMENT_EXECUTE|[204]
17:07:23.0 (12278922)|STATEMENT_EXECUTE|[205]
17:07:23.0 (12280142)|STATEMENT_EXECUTE|[208]
17:07:23.0 (12318560)|SYSTEM_MODE_ENTER|true
17:07:23.0 (12331231)|HEAP_ALLOCATE|[EXTERNAL]|Bytes:80
17:07:23.0 (12363242)|VARIABLE_ASSIGNMENT|[EXTERNAL]|this|{"delToHub":false,"delToProj":true,"detail":"0x36b98f03","invoked":false,"rejected":false,"reserved":false,"selectedTime4":"8:00","sublocations1":"0x35f77694","www":"0x40c27a9f","wwwById":"0x5a15aec7"}|0x22870941
17:07:23.0 (12367120)|STATEMENT_EXECUTE|[220]
17:07:23.0 (12368937)|STATEMENT_EXECUTE|[221]
17:07:23.0 (12370248)|STATEMENT_EXECUTE|[224]
17:07:23.0 (12444102)|SYSTEM_MODE_ENTER|true
17:07:23.0 (12460994)|HEAP_ALLOCATE|[EXTERNAL]|Bytes:80
17:07:23.0 (12499328)|VARIABLE_ASSIGNMENT|[EXTERNAL]|this|{"delToHub":false,"delToProj":true,"detail":"0x36b98f03","invoked":false,"rejected":false,"reserved":false,"selectedTime4":"8:00","sublocations1":"0x35f77694","www":"0x40c27a9f","wwwById":"0x5a15aec7"}|0x22870941
17:07:23.0 (12504289)|STATEMENT_EXECUTE|[3]
17:07:23.0 (12507234)|STATEMENT_EXECUTE|[4]
17:07:23.0 (12508681)|STATEMENT_EXECUTE|[9]
17:07:23.0 (14171757)|SYSTEM_MODE_ENTER|true
17:07:23.0 (14194881)|HEAP_ALLOCATE|[EXTERNAL]|Bytes:80
17:07:23.0 (14238993)|VARIABLE_ASSIGNMENT|[EXTERNAL]|this|{"delToHub":false,"delToProj":true,"detail":"0x36b98f03","invoked":false,"rejected":false,"reserved":false,"selectedTime4":"8:00","sublocations1":"0x35f77694","www":"0x40c27a9f","wwwById":"0x5a15aec7"}|0x22870941
17:07:23.0 (14245452)|STATEMENT_EXECUTE|[186]
17:07:23.0 (14248516)|STATEMENT_EXECUTE|[187]
17:07:23.0 (14249850)|STATEMENT_EXECUTE|[190]
17:07:23.0 (16756638)|SYSTEM_MODE_ENTER|true
17:07:23.0 (16778285)|HEAP_ALLOCATE|[EXTERNAL]|Bytes:80
17:07:23.0 (16822524)|VARIABLE_ASSIGNMENT|[EXTERNAL]|this|{"delToHub":false,"delToProj":true,"detail":"0x36b98f03","invoked":false,"rejected":false,"reserved":false,"selectedTime4":"8:00","sublocations1":"0x35f77694","www":"0x40c27a9f","wwwById":"0x5a15aec7"}|0x22870941
17:07:23.0 (16829137)|STATEMENT_EXECUTE|[212]
17:07:23.0 (16832461)|STATEMENT_EXECUTE|[213]
17:07:23.0 (16833969)|STATEMENT_EXECUTE|[216]
17:07:23.0 (16904995)|SYSTEM_MODE_ENTER|true
17:07:23.0 (16922320)|HEAP_ALLOCATE|[EXTERNAL]|Bytes:80
17:07:23.0 (16960357)|VARIABLE_ASSIGNMENT|[EXTERNAL]|this|{"delToHub":false,"delToProj":true,"detail":"0x36b98f03","invoked":false,"rejected":false,"reserved":false,"selectedTime4":"8:00","sublocations1":"0x35f77694","www":"0x40c27a9f","wwwById":"0x5a15aec7"}|0x22870941
17:07:23.0 (16966223)|STATEMENT_EXECUTE|[21]
17:07:23.0 (16968919)|STATEMENT_EXECUTE|[22]
17:07:23.0 (16970388)|STATEMENT_EXECUTE|[26]
17:07:23.0 (22638820)|SYSTEM_MODE_ENTER|true
17:07:23.0 (22663139)|HEAP_ALLOCATE|[EXTERNAL]|Bytes:80
17:07:23.0 (22668810)|VARIABLE_SCOPE_BEGIN|[48]|this|NewDeliveredExtension|true|false
17:07:23.0 (22710451)|VARIABLE_ASSIGNMENT|[48]|this|{"delToHub":false,"delToProj":true,"detail":"0x36b98f03","invoked":false,"rejected":false,"reserved":false,"selectedTime4":"8:00","sublocations1":"0x35f77694","www":"0x40c27a9f","wwwById":"0x5a15aec7"}|0x22870941
17:07:23.0 (22718036)|STATEMENT_EXECUTE|[48]
17:07:23.0 (22719668)|STATEMENT_EXECUTE|[49]
17:07:23.0 (22726207)|HEAP_ALLOCATE|[49]|Bytes:4
17:07:23.0 (22750587)|VARIABLE_SCOPE_BEGIN|[49]|options|List<System.SelectOption>|true|false
17:07:23.0 (22772021)|HEAP_ALLOCATE|[EXTERNAL]|Bytes:4
17:07:23.0 (22779710)|VARIABLE_ASSIGNMENT|[49]|options|[]|0x45d1e92b
17:07:23.0 (22782792)|STATEMENT_EXECUTE|[50]
17:07:23.0 (22787527)|VARIABLE_SCOPE_BEGIN|[50]|i|Integer|false|false
17:07:23.0 (22791350)|HEAP_ALLOCATE|[50]|Bytes:4
17:07:23.0 (22795635)|VARIABLE_ASSIGNMENT|[50]|i|0
17:07:23.0 (22800718)|STATEMENT_EXECUTE|[50]
17:07:23.0 (22802085)|STATEMENT_EXECUTE|[51]
17:07:23.0 (22803708)|VARIABLE_SCOPE_BEGIN|[51]|j|Integer|false|false
17:07:23.0 (22805671)|HEAP_ALLOCATE|[51]|Bytes:4
17:07:23.0 (22808206)|VARIABLE_ASSIGNMENT|[51]|j|0
17:07:23.0 (22810175)|STATEMENT_EXECUTE|[51]
17:07:23.0 (22812990)|STATEMENT_EXECUTE|[52]
17:07:23.0 (22814150)|STATEMENT_EXECUTE|[53]
17:07:23.0 (22857317)|HEAP_ALLOCATE|[53]|Bytes:1
17:07:23.0 (22866432)|HEAP_ALLOCATE|[53]|Bytes:2
17:07:23.0 (22873184)|HEAP_ALLOCATE|[53]|Bytes:1
17:07:23.0 (22884642)|HEAP_ALLOCATE|[53]|Bytes:4
17:07:23.0 (22890401)|HEAP_ALLOCATE|[53]|Bytes:1
17:07:23.0 (22898014)|HEAP_ALLOCATE|[53]|Bytes:1
17:07:23.0 (22903316)|HEAP_ALLOCATE|[53]|Bytes:4
17:07:23.0 (22932508)|HEAP_ALLOCATE|[EXTERNAL]|Bytes:4
17:07:23.0 (22939880)|HEAP_ALLOCATE|[51]|Bytes:4
17:07:23.0 (22944511)|VARIABLE_ASSIGNMENT|[51]|j|30
17:07:23.0 (22947503)|STATEMENT_EXECUTE|[51]
17:07:23.0 (22949254)|STATEMENT_EXECUTE|[54]
17:07:23.0 (22950549)|STATEMENT_EXECUTE|[55]
17:07:23.0 (22966653)|HEAP_ALLOCATE|[55]|Bytes:1
17:07:23.0 (22973037)|HEAP_ALLOCATE|[55]|Bytes:1
17:07:23.0 (22978648)|HEAP_ALLOCATE|[55]|Bytes:2
17:07:23.0 (22984534)|HEAP_ALLOCATE|[55]|Bytes:4
17:07:23.0 (22989665)|HEAP_ALLOCATE|[55]|Bytes:1
17:07:23.0 (22997309)|HEAP_ALLOCATE|[55]|Bytes:2
17:07:23.0 (23002166)|HEAP_ALLOCATE|[55]|Bytes:4
17:07:23.0 (23014523)|HEAP_ALLOCATE|[EXTERNAL]|Bytes:4
17:07:23.0 (23018907)|HEAP_ALLOCATE|[51]|Bytes:4
17:07:23.0 (23022882)|VARIABLE_ASSIGNMENT|[51]|j|60
17:07:23.0 (23026849)|HEAP_ALLOCATE|[50]|Bytes:4
17:07:23.0 (23029865)|VARIABLE_ASSIGNMENT|[50]|i|1
17:07:23.0 (23032294)|STATEMENT_EXECUTE|[50]
17:07:23.0 (23033766)|STATEMENT_EXECUTE|[51]
17:07:23.0 (23035640)|VARIABLE_SCOPE_BEGIN|[51]|j|Integer|false|false
17:07:23.0 (23037527)|HEAP_ALLOCATE|[51]|Bytes:4
17:07:23.0 (23039955)|VARIABLE_ASSIGNMENT|[51]|j|0
17:07:23.0 (23041552)|STATEMENT_EXECUTE|[51]
17:07:23.0 (23043052)|STATEMENT_EXECUTE|[52]
17:07:23.0 (23044127)|STATEMENT_EXECUTE|[53]
17:07:23.0 (23051574)|HEAP_ALLOCATE|[53]|Bytes:1
17:07:23.0 (23059422)|HEAP_ALLOCATE|[53]|Bytes:1
17:07:23.0 (23064751)|HEAP_ALLOCATE|[53]|Bytes:4
17:07:23.0 (23069623)|HEAP_ALLOCATE|[53]|Bytes:1
17:07:23.0 (23076735)|HEAP_ALLOCATE|[53]|Bytes:1
17:07:23.0 (23081588)|HEAP_ALLOCATE|[53]|Bytes:4
17:07:23.0 (23087308)|HEAP_ALLOCATE|[EXTERNAL]|Bytes:4
17:07:23.0 (23091073)|HEAP_ALLOCATE|[51]|Bytes:4
17:07:23.0 (23093982)|VARIABLE_ASSIGNMENT|[51]|j|30
17:07:23.0 (23095904)|STATEMENT_EXECUTE|[51]
17:07:23.0 (23097589)|STATEMENT_EXECUTE|[54]
17:07:23.0 (23098701)|STATEMENT_EXECUTE|[55]
17:07:23.0 (23104614)|HEAP_ALLOCATE|[55]|Bytes:1
17:07:23.0 (23112163)|HEAP_ALLOCATE|[55]|Bytes:2
17:07:23.0 (23117218)|HEAP_ALLOCATE|[55]|Bytes:4
17:07:23.0 (23121990)|HEAP_ALLOCATE|[55]|Bytes:1
17:07:23.0 (23129146)|HEAP_ALLOCATE|[55]|Bytes:2
17:07:23.0 (23133973)|HEAP_ALLOCATE|[55]|Bytes:4
17:07:23.0 (23138790)|HEAP_ALLOCATE|[EXTERNAL]|Bytes:4
17:07:23.0 (23142068)|HEAP_ALLOCATE|[51]|Bytes:4
17:07:23.0 (23144805)|VARIABLE_ASSIGNMENT|[51]|j|60
17:07:23.0 (23147025)|HEAP_ALLOCATE|[50]|Bytes:4
17:07:23.0 (23149604)|VARIABLE_ASSIGNMENT|[50]|i|2
17:07:23.0 (23151411)|STATEMENT_EXECUTE|[50]
17:07:23.0 (23152751)|STATEMENT_EXECUTE|[51]
17:07:23.0 (23154333)|VARIABLE_SCOPE_BEGIN|[51]|j|Integer|false|false
17:07:23.0 (23155877)|HEAP_ALLOCATE|[51]|Bytes:4
17:07:23.0 (23158159)|VARIABLE_ASSIGNMENT|[51]|j|0
17:07:23.0 (23159792)|STATEMENT_EXECUTE|[51]
17:07:23.0 (23161133)|STATEMENT_EXECUTE|[52]
17:07:23.0 (23162373)|STATEMENT_EXECUTE|[53]
17:07:23.0 (23168253)|HEAP_ALLOCATE|[53]|Bytes:1
17:07:23.0 (23176229)|HEAP_ALLOCATE|[53]|Bytes:1
17:07:23.0 (23181268)|HEAP_ALLOCATE|[53]|Bytes:4
17:07:23.0 (23186074)|HEAP_ALLOCATE|[53]|Bytes:1
17:07:23.0 (23193198)|HEAP_ALLOCATE|[53]|Bytes:1
17:07:23.0 (23198085)|HEAP_ALLOCATE|[53]|Bytes:4
17:07:23.0 (23202669)|HEAP_ALLOCATE|[EXTERNAL]|Bytes:4
17:07:23.0 (23206029)|HEAP_ALLOCATE|[51]|Bytes:4
17:07:23.0 (23208751)|VARIABLE_ASSIGNMENT|[51]|j|30
17:07:23.0 (23210741)|STATEMENT_EXECUTE|[51]
17:07:23.0 (23212089)|STATEMENT_EXECUTE|[54]
17:07:23.0 (23213093)|STATEMENT_EXECUTE|[55]
17:07:23.0 (23218624)|HEAP_ALLOCATE|[55]|Bytes:1
17:07:23.0 (23226024)|HEAP_ALLOCATE|[55]|Bytes:2
17:07:23.0 (23230999)|HEAP_ALLOCATE|[55]|Bytes:4
17:07:23.0 (23235742)|HEAP_ALLOCATE|[55]|Bytes:1
17:07:23.0 (23242832)|HEAP_ALLOCATE|[55]|Bytes:2
17:07:23.0 (23247541)|HEAP_ALLOCATE|[55]|Bytes:4
17:07:23.0 (23252125)|HEAP_ALLOCATE|[EXTERNAL]|Bytes:4
17:07:23.0 (23255414)|HEAP_ALLOCATE|[51]|Bytes:4
17:07:23.0 (23258354)|VARIABLE_ASSIGNMENT|[51]|j|60
17:07:23.0 (23260425)|HEAP_ALLOCATE|[50]|Bytes:4
17:07:23.0 (23262788)|VARIABLE_ASSIGNMENT|[50]|i|3
17:07:23.0 (23264431)|STATEMENT_EXECUTE|[50]
17:07:23.0 (23265675)|STATEMENT_EXECUTE|[51]
17:07:23.0 (23267184)|VARIABLE_SCOPE_BEGIN|[51]|j|Integer|false|false
17:07:23.0 (23268687)|HEAP_ALLOCATE|[51]|Bytes:4
17:07:23.0 (23270918)|VARIABLE_ASSIGNMENT|[51]|j|0
17:07:23.0 (23272419)|STATEMENT_EXECUTE|[51]
17:07:23.0 (23273753)|STATEMENT_EXECUTE|[52]
17:07:23.0 (23274767)|STATEMENT_EXECUTE|[53]
17:07:23.0 (23280370)|HEAP_ALLOCATE|[53]|Bytes:1
17:07:23.0 (23287725)|HEAP_ALLOCATE|[53]|Bytes:1
17:07:23.0 (23292772)|HEAP_ALLOCATE|[53]|Bytes:4
17:07:23.0 (23297543)|HEAP_ALLOCATE|[53]|Bytes:1
17:07:23.0 (23304668)|HEAP_ALLOCATE|[53]|Bytes:1
17:07:23.0 (23309506)|HEAP_ALLOCATE|[53]|Bytes:4
17:07:23.0 (23314053)|HEAP_ALLOCATE|[EXTERNAL]|Bytes:4
17:07:23.0 (23317474)|HEAP_ALLOCATE|[51]|Bytes:4
17:07:23.0 (23320126)|VARIABLE_ASSIGNMENT|[51]|j|30
17:07:23.0 (23321782)|STATEMENT_EXECUTE|[51]
17:07:23.0 (23323532)|STATEMENT_EXECUTE|[54]
17:07:23.0 (23324665)|STATEMENT_EXECUTE|[55]
17:07:23.0 (23330225)|HEAP_ALLOCATE|[55]|Bytes:1
17:07:23.0 (23337725)|HEAP_ALLOCATE|[55]|Bytes:2
17:07:23.0 (23342632)|HEAP_ALLOCATE|[55]|Bytes:4
17:07:23.0 (23347418)|HEAP_ALLOCATE|[55]|Bytes:1
17:07:23.0 (23354494)|HEAP_ALLOCATE|[55]|Bytes:2
17:07:23.0 (23359328)|HEAP_ALLOCATE|[55]|Bytes:4
17:07:23.0 (23363874)|HEAP_ALLOCATE|[EXTERNAL]|Bytes:4
17:07:23.0 (23367149)|HEAP_ALLOCATE|[51]|Bytes:4
17:07:23.0 (23369797)|VARIABLE_ASSIGNMENT|[51]|j|60
17:07:23.0 (23371736)|HEAP_ALLOCATE|[50]|Bytes:4
17:07:23.0 (23374046)|VARIABLE_ASSIGNMENT|[50]|i|4
17:07:23.0 (23375705)|STATEMENT_EXECUTE|[50]
17:07:23.0 (23376920)|STATEMENT_EXECUTE|[51]
17:07:23.0 (23378406)|VARIABLE_SCOPE_BEGIN|[51]|j|Integer|false|false
17:07:23.0 (23379828)|HEAP_ALLOCATE|[51]|Bytes:4
17:07:23.0 (23382092)|VARIABLE_ASSIGNMENT|[51]|j|0
17:07:23.0 (23383569)|STATEMENT_EXECUTE|[51]
17:07:23.0 (23384873)|STATEMENT_EXECUTE|[52]
17:07:23.0 (23385882)|STATEMENT_EXECUTE|[53]
17:07:23.0 (23391705)|HEAP_ALLOCATE|[53]|Bytes:1
17:07:23.0 (23399065)|HEAP_ALLOCATE|[53]|Bytes:1
17:07:23.0 (23404032)|HEAP_ALLOCATE|[53]|Bytes:4
17:07:23.0 (23408812)|HEAP_ALLOCATE|[53]|Bytes:1
17:07:23.0 (23415987)|HEAP_ALLOCATE|[53]|Bytes:1
17:07:23.0 (23420714)|HEAP_ALLOCATE|[53]|Bytes:4
17:07:23.0 (23425205)|HEAP_ALLOCATE|[EXTERNAL]|Bytes:4
17:07:23.0 (23428631)|HEAP_ALLOCATE|[51]|Bytes:4
17:07:23.0 (23431462)|VARIABLE_ASSIGNMENT|[51]|j|30
17:07:23.0 (23433137)|STATEMENT_EXECUTE|[51]
17:07:23.0 (23434570)|STATEMENT_EXECUTE|[54]
17:07:23.0 (23435683)|STATEMENT_EXECUTE|[55]
17:07:23.0 (23441290)|HEAP_ALLOCATE|[55]|Bytes:1
17:07:23.0 (23448847)|HEAP_ALLOCATE|[55]|Bytes:2
17:07:23.0 (23453840)|HEAP_ALLOCATE|[55]|Bytes:4
17:07:23.0 (23458646)|HEAP_ALLOCATE|[55]|Bytes:1
17:07:23.0 (23465738)|HEAP_ALLOCATE|[55]|Bytes:2
17:07:23.0 (23476540)|HEAP_ALLOCATE|[55]|Bytes:4
17:07:23.0 (23481629)|HEAP_ALLOCATE|[EXTERNAL]|Bytes:4
17:07:23.0 (23485089)|HEAP_ALLOCATE|[51]|Bytes:4
17:07:23.0 (23488319)|VARIABLE_ASSIGNMENT|[51]|j|60
17:07:23.0 (23490418)|HEAP_ALLOCATE|[50]|Bytes:4
17:07:23.0 (23492784)|VARIABLE_ASSIGNMENT|[50]|i|5
17:07:23.0 (23494505)|STATEMENT_EXECUTE|[50]
17:07:23.0 (23495786)|STATEMENT_EXECUTE|[51]
17:07:23.0 (23497339)|VARIABLE_SCOPE_BEGIN|[51]|j|Integer|false|false
17:07:23.0 (23498855)|HEAP_ALLOCATE|[51]|Bytes:4
17:07:23.0 (23501151)|VARIABLE_ASSIGNMENT|[51]|j|0
17:07:23.0 (23502713)|STATEMENT_EXECUTE|[51]
17:07:23.0 (23504115)|STATEMENT_EXECUTE|[52]
17:07:23.0 (23505136)|STATEMENT_EXECUTE|[53]
17:07:23.0 (23511202)|HEAP_ALLOCATE|[53]|Bytes:1
17:07:23.0 (23518684)|HEAP_ALLOCATE|[53]|Bytes:1
17:07:23.0 (23523816)|HEAP_ALLOCATE|[53]|Bytes:4
17:07:23.0 (23528703)|HEAP_ALLOCATE|[53]|Bytes:1
17:07:23.0 (23535884)|HEAP_ALLOCATE|[53]|Bytes:1
17:07:23.0 (23540592)|HEAP_ALLOCATE|[53]|Bytes:4
17:07:23.0 (23545184)|HEAP_ALLOCATE|[EXTERNAL]|Bytes:4
17:07:23.0 (23548819)|HEAP_ALLOCATE|[51]|Bytes:4
17:07:23.0 (23551551)|VARIABLE_ASSIGNMENT|[51]|j|30
17:07:23.0 (23553259)|STATEMENT_EXECUTE|[51]
17:07:23.0 (23554952)|STATEMENT_EXECUTE|[54]
17:07:23.0 (23556072)|STATEMENT_EXECUTE|[55]
17:07:23.0 (23561728)|HEAP_ALLOCATE|[55]|Bytes:1
17:07:23.0 (23569215)|HEAP_ALLOCATE|[55]|Bytes:2
17:07:23.0 (23574253)|HEAP_ALLOCATE|[55]|Bytes:4
17:07:23.0 (23578976)|HEAP_ALLOCATE|[55]|Bytes:1
17:07:23.0 (23586011)|HEAP_ALLOCATE|[55]|Bytes:2
17:07:23.0 (23590774)|HEAP_ALLOCATE|[55]|Bytes:4
17:07:23.0 (23595223)|HEAP_ALLOCATE|[EXTERNAL]|Bytes:4
17:07:23.0 (23598492)|HEAP_ALLOCATE|[51]|Bytes:4
17:07:23.0 (23601114)|VARIABLE_ASSIGNMENT|[51]|j|60
17:07:23.0 (23603051)|HEAP_ALLOCATE|[50]|Bytes:4
17:07:23.0 (23605439)|VARIABLE_ASSIGNMENT|[50]|i|6
17:07:23.0 (23607154)|STATEMENT_EXECUTE|[50]
17:07:23.0 (23608422)|STATEMENT_EXECUTE|[51]
17:07:23.0 (23609971)|VARIABLE_SCOPE_BEGIN|[51]|j|Integer|false|false
17:07:23.0 (23611411)|HEAP_ALLOCATE|[51]|Bytes:4
17:07:23.0 (23613649)|VARIABLE_ASSIGNMENT|[51]|j|0
17:07:23.0 (23615105)|STATEMENT_EXECUTE|[51]
17:07:23.0 (23616440)|STATEMENT_EXECUTE|[52]
17:07:23.0 (23617490)|STATEMENT_EXECUTE|[53]
17:07:23.0 (23623465)|HEAP_ALLOCATE|[53]|Bytes:1
17:07:23.0 (23631062)|HEAP_ALLOCATE|[53]|Bytes:1
17:07:23.0 (23635994)|HEAP_ALLOCATE|[53]|Bytes:4
17:07:23.0 (23640765)|HEAP_ALLOCATE|[53]|Bytes:1
17:07:23.0 (23647828)|HEAP_ALLOCATE|[53]|Bytes:1
17:07:23.0 (23652604)|HEAP_ALLOCATE|[53]|Bytes:4
17:07:23.0 (23657013)|HEAP_ALLOCATE|[EXTERNAL]|Bytes:4
17:07:23.0 (23660349)|HEAP_ALLOCATE|[51]|Bytes:4
17:07:23.0 (23663103)|VARIABLE_ASSIGNMENT|[51]|j|30
17:07:23.0 (23664793)|STATEMENT_EXECUTE|[51]
17:07:23.0 (23666117)|STATEMENT_EXECUTE|[54]
17:07:23.0 (23667131)|STATEMENT_EXECUTE|[55]
17:07:23.0 (23672542)|HEAP_ALLOCATE|[55]|Bytes:1
17:07:23.0 (23679925)|HEAP_ALLOCATE|[55]|Bytes:2
17:07:23.0 (23684840)|HEAP_ALLOCATE|[55]|Bytes:4
17:07:23.0 (23689655)|HEAP_ALLOCATE|[55]|Bytes:1
17:07:23.0 (23696679)|HEAP_ALLOCATE|[55]|Bytes:2
17:07:23.0 (23701457)|HEAP_ALLOCATE|[55]|Bytes:4
17:07:23.0 (23705854)|HEAP_ALLOCATE|[EXTERNAL]|Bytes:4
17:07:23.0 (23709016)|HEAP_ALLOCATE|[51]|Bytes:4
17:07:23.0 (23711753)|VARIABLE_ASSIGNMENT|[51]|j|60
17:07:23.0 (23713855)|HEAP_ALLOCATE|[50]|Bytes:4
17:07:23.0 (23716219)|VARIABLE_ASSIGNMENT|[50]|i|7
17:07:23.0 (23717869)|STATEMENT_EXECUTE|[50]
17:07:23.0 (23719149)|STATEMENT_EXECUTE|[51]
17:07:23.0 (23720663)|VARIABLE_SCOPE_BEGIN|[51]|j|Integer|false|false
17:07:23.0 (23722102)|HEAP_ALLOCATE|[51]|Bytes:4
17:07:23.0 (23724327)|VARIABLE_ASSIGNMENT|[51]|j|0
17:07:23.0 (23725754)|STATEMENT_EXECUTE|[51]
17:07:23.0 (23727118)|STATEMENT_EXECUTE|[52]
17:07:23.0 (23728141)|STATEMENT_EXECUTE|[53]
17:07:23.0 (23733781)|HEAP_ALLOCATE|[53]|Bytes:1
17:07:23.0 (23741203)|HEAP_ALLOCATE|[53]|Bytes:1
17:07:23.0 (23746099)|HEAP_ALLOCATE|[53]|Bytes:4
17:07:23.0 (23750921)|HEAP_ALLOCATE|[53]|Bytes:1
17:07:23.0 (23757990)|HEAP_ALLOCATE|[53]|Bytes:1
17:07:23.0 (23762738)|HEAP_ALLOCATE|[53]|Bytes:4
17:07:23.0 (23767161)|HEAP_ALLOCATE|[EXTERNAL]|Bytes:4
17:07:23.0 (23770461)|HEAP_ALLOCATE|[51]|Bytes:4
17:07:23.0 (23773178)|VARIABLE_ASSIGNMENT|[51]|j|30
17:07:23.0 (23774927)|STATEMENT_EXECUTE|[51]
17:07:23.0 (23776462)|STATEMENT_EXECUTE|[54]
17:07:23.0 (23777498)|STATEMENT_EXECUTE|[55]
17:07:23.0 (23783106)|HEAP_ALLOCATE|[55]|Bytes:1
17:07:23.0 (23790473)|HEAP_ALLOCATE|[55]|Bytes:2
17:07:23.0 (23795355)|HEAP_ALLOCATE|[55]|Bytes:4
17:07:23.0 (23800081)|HEAP_ALLOCATE|[55]|Bytes:1
17:07:23.0 (23807071)|HEAP_ALLOCATE|[55]|Bytes:2
17:07:23.0 (23811796)|HEAP_ALLOCATE|[55]|Bytes:4
17:07:23.0 (23816434)|HEAP_ALLOCATE|[EXTERNAL]|Bytes:4
17:07:23.0 (23819742)|HEAP_ALLOCATE|[51]|Bytes:4
17:07:23.0 (23822443)|VARIABLE_ASSIGNMENT|[51]|j|60
17:07:23.0 (23824422)|HEAP_ALLOCATE|[50]|Bytes:4
17:07:23.0 (23826731)|VARIABLE_ASSIGNMENT|[50]|i|8
17:07:23.0 (23828434)|STATEMENT_EXECUTE|[50]
17:07:23.0 (23829644)|STATEMENT_EXECUTE|[51]
17:07:23.0 (23831171)|VARIABLE_SCOPE_BEGIN|[51]|j|Integer|false|false
17:07:23.0 (23832700)|HEAP_ALLOCATE|[51]|Bytes:4
17:07:23.0 (23834926)|VARIABLE_ASSIGNMENT|[51]|j|0
17:07:23.0 (23836436)|STATEMENT_EXECUTE|[51]
17:07:23.0 (23837782)|STATEMENT_EXECUTE|[52]
17:07:23.0 (23838821)|STATEMENT_EXECUTE|[53]
17:07:23.0 (23844641)|HEAP_ALLOCATE|[53]|Bytes:1
17:07:23.0 (23852177)|HEAP_ALLOCATE|[53]|Bytes:1
17:07:23.0 (23857041)|HEAP_ALLOCATE|[53]|Bytes:4
17:07:23.0 (23861786)|HEAP_ALLOCATE|[53]|Bytes:1
17:07:23.0 (23868873)|HEAP_ALLOCATE|[53]|Bytes:1
17:07:23.0 (23873645)|HEAP_ALLOCATE|[53]|Bytes:4
17:07:23.0 (23878125)|HEAP_ALLOCATE|[EXTERNAL]|Bytes:4
17:07:23.0 (23881465)|HEAP_ALLOCATE|[51]|Bytes:4
17:07:23.0 (23884150)|VARIABLE_ASSIGNMENT|[51]|j|30
17:07:23.0 (23885945)|STATEMENT_EXECUTE|[51]
17:07:23.0 (23887319)|STATEMENT_EXECUTE|[54]
17:07:23.0 (23888599)|STATEMENT_EXECUTE|[55]
17:07:23.0 (23894026)|HEAP_ALLOCATE|[55]|Bytes:1
17:07:23.0 (23901379)|HEAP_ALLOCATE|[55]|Bytes:2
17:07:23.0 (23906386)|HEAP_ALLOCATE|[55]|Bytes:4
17:07:23.0 (23911151)|HEAP_ALLOCATE|[55]|Bytes:1
17:07:23.0 (23918229)|HEAP_ALLOCATE|[55]|Bytes:2
17:07:23.0 (23922975)|HEAP_ALLOCATE|[55]|Bytes:4
17:07:23.0 (23927517)|HEAP_ALLOCATE|[EXTERNAL]|Bytes:4
17:07:23.0 (23930768)|HEAP_ALLOCATE|[51]|Bytes:4
17:07:23.0 (23933453)|VARIABLE_ASSIGNMENT|[51]|j|60
17:07:23.0 (23935700)|HEAP_ALLOCATE|[50]|Bytes:4
17:07:23.0 (23938113)|VARIABLE_ASSIGNMENT|[50]|i|9
17:07:23.0 (23939857)|STATEMENT_EXECUTE|[50]
17:07:23.0 (23941256)|STATEMENT_EXECUTE|[51]
17:07:23.0 (23942755)|VARIABLE_SCOPE_BEGIN|[51]|j|Integer|false|false
17:07:23.0 (23944151)|HEAP_ALLOCATE|[51]|Bytes:4
17:07:23.0 (23946427)|VARIABLE_ASSIGNMENT|[51]|j|0
17:07:23.0 (23947856)|STATEMENT_EXECUTE|[51]
17:07:23.0 (23949186)|STATEMENT_EXECUTE|[52]
17:07:23.0 (23950213)|STATEMENT_EXECUTE|[53]
17:07:23.0 (23955890)|HEAP_ALLOCATE|[53]|Bytes:1
17:07:23.0 (23963114)|HEAP_ALLOCATE|[53]|Bytes:1
17:07:23.0 (23968051)|HEAP_ALLOCATE|[53]|Bytes:4
17:07:23.0 (23972904)|HEAP_ALLOCATE|[53]|Bytes:1
17:07:23.0 (23979864)|HEAP_ALLOCATE|[53]|Bytes:1
17:07:23.0 (23984654)|HEAP_ALLOCATE|[53]|Bytes:4
17:07:23.0 (23989231)|HEAP_ALLOCATE|[EXTERNAL]|Bytes:4
17:07:23.0 (23992587)|HEAP_ALLOCATE|[51]|Bytes:4
17:07:23.0 (23995599)|VARIABLE_ASSIGNMENT|[51]|j|30
17:07:23.0 (23997321)|STATEMENT_EXECUTE|[51]
17:07:23.0 (23998685)|STATEMENT_EXECUTE|[54]
17:07:23.0 (23999891)|STATEMENT_EXECUTE|[55]
17:07:23.0 (24005514)|HEAP_ALLOCATE|[55]|Bytes:1
17:07:23.0 (24013352)|HEAP_ALLOCATE|[55]|Bytes:2
17:07:23.0 (24018376)|HEAP_ALLOCATE|[55]|Bytes:4
17:07:23.0 (24023148)|HEAP_ALLOCATE|[55]|Bytes:1
17:07:23.0 (24030180)|HEAP_ALLOCATE|[55]|Bytes:2
17:07:23.0 (24034988)|HEAP_ALLOCATE|[55]|Bytes:4
17:07:23.0 (24039557)|HEAP_ALLOCATE|[EXTERNAL]|Bytes:4
17:07:23.0 (24042795)|HEAP_ALLOCATE|[51]|Bytes:4
17:07:23.0 (24045659)|VARIABLE_ASSIGNMENT|[51]|j|60
17:07:23.0 (24047682)|HEAP_ALLOCATE|[50]|Bytes:4
17:07:23.0 (24049975)|VARIABLE_ASSIGNMENT|[50]|i|10
17:07:23.0 (24051710)|STATEMENT_EXECUTE|[50]
17:07:23.0 (24052913)|STATEMENT_EXECUTE|[51]
17:07:23.0 (24054475)|VARIABLE_SCOPE_BEGIN|[51]|j|Integer|false|false
17:07:23.0 (24055858)|HEAP_ALLOCATE|[51]|Bytes:4
17:07:23.0 (24058079)|VARIABLE_ASSIGNMENT|[51]|j|0
17:07:23.0 (24059513)|STATEMENT_EXECUTE|[51]
17:07:23.0 (24060841)|STATEMENT_EXECUTE|[52]
17:07:23.0 (24061858)|STATEMENT_EXECUTE|[53]
17:07:23.0 (24067682)|HEAP_ALLOCATE|[53]|Bytes:2
17:07:23.0 (24075002)|HEAP_ALLOCATE|[53]|Bytes:1
17:07:23.0 (24079942)|HEAP_ALLOCATE|[53]|Bytes:5
17:07:23.0 (24084806)|HEAP_ALLOCATE|[53]|Bytes:2
17:07:23.0 (24091858)|HEAP_ALLOCATE|[53]|Bytes:1
17:07:23.0 (24096616)|HEAP_ALLOCATE|[53]|Bytes:5
17:07:23.0 (24101151)|HEAP_ALLOCATE|[EXTERNAL]|Bytes:4
17:07:23.0 (24104470)|HEAP_ALLOCATE|[51]|Bytes:4
17:07:23.0 (24107154)|VARIABLE_ASSIGNMENT|[51]|j|30
17:07:23.0 (24108858)|STATEMENT_EXECUTE|[51]
17:07:23.0 (24110197)|STATEMENT_EXECUTE|[54]
17:07:23.0 (24111206)|STATEMENT_EXECUTE|[55]
17:07:23.0 (24116687)|HEAP_ALLOCATE|[55]|Bytes:2
17:07:23.0 (24124138)|HEAP_ALLOCATE|[55]|Bytes:2
17:07:23.0 (24129097)|HEAP_ALLOCATE|[55]|Bytes:5
17:07:23.0 (24133947)|HEAP_ALLOCATE|[55]|Bytes:2
17:07:23.0 (24140976)|HEAP_ALLOCATE|[55]|Bytes:2
17:07:23.0 (24145720)|HEAP_ALLOCATE|[55]|Bytes:5
17:07:23.0 (24150243)|HEAP_ALLOCATE|[EXTERNAL]|Bytes:4
17:07:23.0 (24153475)|HEAP_ALLOCATE|[51]|Bytes:4
17:07:23.0 (24156158)|VARIABLE_ASSIGNMENT|[51]|j|60
17:07:23.0 (24158400)|HEAP_ALLOCATE|[50]|Bytes:4
17:07:23.0 (24160859)|VARIABLE_ASSIGNMENT|[50]|i|11
17:07:23.0 (24162589)|STATEMENT_EXECUTE|[50]
17:07:23.0 (24163805)|STATEMENT_EXECUTE|[51]
17:07:23.0 (24165317)|VARIABLE_SCOPE_BEGIN|[51]|j|Integer|false|false
17:07:23.0 (24166749)|HEAP_ALLOCATE|[51]|Bytes:4
17:07:23.0 (24168978)|VARIABLE_ASSIGNMENT|[51]|j|0
17:07:23.0 (24170430)|STATEMENT_EXECUTE|[51]
17:07:23.0 (24171764)|STATEMENT_EXECUTE|[52]
17:07:23.0 (24172790)|STATEMENT_EXECUTE|[53]
17:07:23.0 (24178675)|HEAP_ALLOCATE|[53]|Bytes:2
17:07:23.0 (24185983)|HEAP_ALLOCATE|[53]|Bytes:1
17:07:23.0 (24190954)|HEAP_ALLOCATE|[53]|Bytes:5
17:07:23.0 (24195730)|HEAP_ALLOCATE|[53]|Bytes:2
17:07:23.0 (24202927)|HEAP_ALLOCATE|[53]|Bytes:1
17:07:23.0 (24207716)|HEAP_ALLOCATE|[53]|Bytes:5
17:07:23.0 (24212207)|HEAP_ALLOCATE|[EXTERNAL]|Bytes:4
17:07:23.0 (24215559)|HEAP_ALLOCATE|[51]|Bytes:4
17:07:23.0 (24218234)|VARIABLE_ASSIGNMENT|[51]|j|30
17:07:23.0 (24219904)|STATEMENT_EXECUTE|[51]
17:07:23.0 (24221224)|STATEMENT_EXECUTE|[54]
17:07:23.0 (24222500)|STATEMENT_EXECUTE|[55]
17:07:23.0 (24228140)|HEAP_ALLOCATE|[55]|Bytes:2
17:07:23.0 (24235460)|HEAP_ALLOCATE|[55]|Bytes:2
17:07:23.0 (24240381)|HEAP_ALLOCATE|[55]|Bytes:5
17:07:23.0 (24245114)|HEAP_ALLOCATE|[55]|Bytes:2
17:07:23.0 (24252149)|HEAP_ALLOCATE|[55]|Bytes:2
17:07:23.0 (24256933)|HEAP_ALLOCATE|[55]|Bytes:5
17:07:23.0 (24261408)|HEAP_ALLOCATE|[EXTERNAL]|Bytes:4
17:07:23.0 (24264593)|HEAP_ALLOCATE|[51]|Bytes:4
17:07:23.0 (24267241)|VARIABLE_ASSIGNMENT|[51]|j|60
17:07:23.0 (24269177)|HEAP_ALLOCATE|[50]|Bytes:4
17:07:23.0 (24271478)|VARIABLE_ASSIGNMENT|[50]|i|12
17:07:23.0 (24273123)|STATEMENT_EXECUTE|[50]
17:07:23.0 (24274340)|STATEMENT_EXECUTE|[51]
17:07:23.0 (24275965)|VARIABLE_SCOPE_BEGIN|[51]|j|Integer|false|false
17:07:23.0 (24277310)|HEAP_ALLOCATE|[51]|Bytes:4
17:07:23.0 (24279521)|VARIABLE_ASSIGNMENT|[51]|j|0
17:07:23.0 (24280952)|STATEMENT_EXECUTE|[51]
17:07:23.0 (24282296)|STATEMENT_EXECUTE|[52]
17:07:23.0 (24283331)|STATEMENT_EXECUTE|[53]
17:07:23.0 (24288909)|HEAP_ALLOCATE|[53]|Bytes:2
17:07:23.0 (24296605)|HEAP_ALLOCATE|[53]|Bytes:1
17:07:23.0 (24301556)|HEAP_ALLOCATE|[53]|Bytes:5
17:07:23.0 (24306309)|HEAP_ALLOCATE|[53]|Bytes:2
17:07:23.0 (24313368)|HEAP_ALLOCATE|[53]|Bytes:1
17:07:23.0 (24318156)|HEAP_ALLOCATE|[53]|Bytes:5
17:07:23.0 (24322739)|HEAP_ALLOCATE|[EXTERNAL]|Bytes:4
17:07:23.0 (24326012)|HEAP_ALLOCATE|[51]|Bytes:4
17:07:23.0 (24328637)|VARIABLE_ASSIGNMENT|[51]|j|30
17:07:23.0 (24330319)|STATEMENT_EXECUTE|[51]
17:07:23.0 (24331674)|STATEMENT_EXECUTE|[54]
17:07:23.0 (24332709)|STATEMENT_EXECUTE|[55]
17:07:23.0 (24338177)|HEAP_ALLOCATE|[55]|Bytes:2
17:07:23.0 (24345533)|HEAP_ALLOCATE|[55]|Bytes:2
17:07:23.0 (24350411)|HEAP_ALLOCATE|[55]|Bytes:5
17:07:23.0 (24355162)|HEAP_ALLOCATE|[55]|Bytes:2
17:07:23.0 (24362271)|HEAP_ALLOCATE|[55]|Bytes:2
17:07:23.0 (24367093)|HEAP_ALLOCATE|[55]|Bytes:5
17:07:23.0 (24371637)|HEAP_ALLOCATE|[EXTERNAL]|Bytes:4
17:07:23.0 (24374802)|HEAP_ALLOCATE|[51]|Bytes:4
17:07:23.0 (24377440)|VARIABLE_ASSIGNMENT|[51]|j|60
17:07:23.0 (24379709)|HEAP_ALLOCATE|[50]|Bytes:4
17:07:23.0 (24382014)|VARIABLE_ASSIGNMENT|[50]|i|13
17:07:23.0 (24383740)|STATEMENT_EXECUTE|[50]
17:07:23.0 (24384940)|STATEMENT_EXECUTE|[51]
17:07:23.0 (24386440)|VARIABLE_SCOPE_BEGIN|[51]|j|Integer|false|false
17:07:23.0 (24387797)|HEAP_ALLOCATE|[51]|Bytes:4
17:07:23.0 (24389981)|VARIABLE_ASSIGNMENT|[51]|j|0
17:07:23.0 (24391418)|STATEMENT_EXECUTE|[51]
17:07:23.0 (24392916)|STATEMENT_EXECUTE|[52]
17:07:23.0 (24393957)|STATEMENT_EXECUTE|[53]
17:07:23.0 (24399589)|HEAP_ALLOCATE|[53]|Bytes:2
17:07:23.0 (24407107)|HEAP_ALLOCATE|[53]|Bytes:1
17:07:23.0 (24412085)|HEAP_ALLOCATE|[53]|Bytes:5
17:07:23.0 (24417084)|HEAP_ALLOCATE|[53]|Bytes:2
17:07:23.0 (24424158)|HEAP_ALLOCATE|[53]|Bytes:1
17:07:23.0 (24428918)|HEAP_ALLOCATE|[53]|Bytes:5
17:07:23.0 (24433479)|HEAP_ALLOCATE|[EXTERNAL]|Bytes:4
17:07:23.0 (24436992)|HEAP_ALLOCATE|[51]|Bytes:4
17:07:23.0 (24439697)|VARIABLE_ASSIGNMENT|[51]|j|30
17:07:23.0 (24441361)|STATEMENT_EXECUTE|[51]
17:07:23.0 (24442701)|STATEMENT_EXECUTE|[54]
17:07:23.0 (24444030)|STATEMENT_EXECUTE|[55]
17:07:23.0 (24449515)|HEAP_ALLOCATE|[55]|Bytes:2
17:07:23.0 (24456984)|HEAP_ALLOCATE|[55]|Bytes:2
17:07:23.0 (24461957)|HEAP_ALLOCATE|[55]|Bytes:5
17:07:23.0 (24466743)|HEAP_ALLOCATE|[55]|Bytes:2
17:07:23.0 (24477196)|HEAP_ALLOCATE|[55]|Bytes:2
17:07:23.0 (24482210)|HEAP_ALLOCATE|[55]|Bytes:5
17:07:23.0 (24487117)|HEAP_ALLOCATE|[EXTERNAL]|Bytes:4
17:07:23.0 (24490431)|HEAP_ALLOCATE|[51]|Bytes:4
17:07:23.0 (24493307)|VARIABLE_ASSIGNMENT|[51]|j|60
17:07:23.0 (24495330)|HEAP_ALLOCATE|[50]|Bytes:4
17:07:23.0 (24497663)|VARIABLE_ASSIGNMENT|[50]|i|14
17:07:23.0 (24499409)|STATEMENT_EXECUTE|[50]
17:07:23.0 (24500616)|STATEMENT_EXECUTE|[51]
17:07:23.0 (24502117)|VARIABLE_SCOPE_BEGIN|[51]|j|Integer|false|false
17:07:23.0 (24503613)|HEAP_ALLOCATE|[51]|Bytes:4
17:07:23.0 (24505874)|VARIABLE_ASSIGNMENT|[51]|j|0
17:07:23.0 (24507316)|STATEMENT_EXECUTE|[51]
17:07:23.0 (24508657)|STATEMENT_EXECUTE|[52]
17:07:23.0 (24509680)|STATEMENT_EXECUTE|[53]
17:07:23.0 (24515444)|HEAP_ALLOCATE|[53]|Bytes:2
17:07:23.0 (24523099)|HEAP_ALLOCATE|[53]|Bytes:1
17:07:23.0 (24528161)|HEAP_ALLOCATE|[53]|Bytes:5
17:07:23.0 (24532952)|HEAP_ALLOCATE|[53]|Bytes:2
17:07:23.0 (24539961)|HEAP_ALLOCATE|[53]|Bytes:1
17:07:23.0 (24544768)|HEAP_ALLOCATE|[53]|Bytes:5
17:07:23.0 (24549371)|HEAP_ALLOCATE|[EXTERNAL]|Bytes:4
17:07:23.0 (24552846)|HEAP_ALLOCATE|[51]|Bytes:4
17:07:23.0 (24555599)|VARIABLE_ASSIGNMENT|[51]|j|30
17:07:23.0 (24557315)|STATEMENT_EXECUTE|[51]
17:07:23.0 (24558643)|STATEMENT_EXECUTE|[54]
17:07:23.0 (24559674)|STATEMENT_EXECUTE|[55]
17:07:23.0 (24565289)|HEAP_ALLOCATE|[55]|Bytes:2
17:07:23.0 (24572677)|HEAP_ALLOCATE|[55]|Bytes:2
17:07:23.0 (24577776)|HEAP_ALLOCATE|[55]|Bytes:5
17:07:23.0 (24582552)|HEAP_ALLOCATE|[55]|Bytes:2
17:07:23.0 (24589579)|HEAP_ALLOCATE|[55]|Bytes:2
17:07:23.0 (24594271)|HEAP_ALLOCATE|[55]|Bytes:5
17:07:23.0 (24598590)|HEAP_ALLOCATE|[EXTERNAL]|Bytes:4
17:07:23.0 (24601772)|HEAP_ALLOCATE|[51]|Bytes:4
17:07:23.0 (24604515)|VARIABLE_ASSIGNMENT|[51]|j|60
17:07:23.0 (24606484)|HEAP_ALLOCATE|[50]|Bytes:4
17:07:23.0 (24609100)|VARIABLE_ASSIGNMENT|[50]|i|15
17:07:23.0 (24610810)|STATEMENT_EXECUTE|[50]
17:07:23.0 (24612023)|STATEMENT_EXECUTE|[51]
17:07:23.0 (24613594)|VARIABLE_SCOPE_BEGIN|[51]|j|Integer|false|false
17:07:23.0 (24614956)|HEAP_ALLOCATE|[51]|Bytes:4
17:07:23.0 (24617139)|VARIABLE_ASSIGNMENT|[51]|j|0
17:07:23.0 (24618611)|STATEMENT_EXECUTE|[51]
17:07:23.0 (24619930)|STATEMENT_EXECUTE|[52]
17:07:23.0 (24620971)|STATEMENT_EXECUTE|[53]
17:07:23.0 (24626615)|HEAP_ALLOCATE|[53]|Bytes:2
17:07:23.0 (24634163)|HEAP_ALLOCATE|[53]|Bytes:1
17:07:23.0 (24639114)|HEAP_ALLOCATE|[53]|Bytes:5
17:07:23.0 (24643860)|HEAP_ALLOCATE|[53]|Bytes:2
17:07:23.0 (24650902)|HEAP_ALLOCATE|[53]|Bytes:1
17:07:23.0 (24655570)|HEAP_ALLOCATE|[53]|Bytes:5
17:07:23.0 (24660071)|HEAP_ALLOCATE|[EXTERNAL]|Bytes:4
17:07:23.0 (24663371)|HEAP_ALLOCATE|[51]|Bytes:4
17:07:23.0 (24666113)|VARIABLE_ASSIGNMENT|[51]|j|30
17:07:23.0 (24667849)|STATEMENT_EXECUTE|[51]
17:07:23.0 (24669183)|STATEMENT_EXECUTE|[54]
17:07:23.0 (24670463)|STATEMENT_EXECUTE|[55]
17:07:23.0 (24676115)|HEAP_ALLOCATE|[55]|Bytes:2
17:07:23.0 (24683537)|HEAP_ALLOCATE|[55]|Bytes:2
17:07:23.0 (24688452)|HEAP_ALLOCATE|[55]|Bytes:5
17:07:23.0 (24693278)|HEAP_ALLOCATE|[55]|Bytes:2
17:07:23.0 (24700320)|HEAP_ALLOCATE|[55]|Bytes:2
17:07:23.0 (24705046)|HEAP_ALLOCATE|[55]|Bytes:5
17:07:23.0 (24709439)|HEAP_ALLOCATE|[EXTERNAL]|Bytes:4
17:07:23.0 (24712650)|HEAP_ALLOCATE|[51]|Bytes:4
17:07:23.0 (24715318)|VARIABLE_ASSIGNMENT|[51]|j|60
17:07:23.0 (24717274)|HEAP_ALLOCATE|[50]|Bytes:4
17:07:23.0 (24719631)|VARIABLE_ASSIGNMENT|[50]|i|16
17:07:23.0 (24721311)|STATEMENT_EXECUTE|[50]
17:07:23.0 (24722510)|STATEMENT_EXECUTE|[51]
17:07:23.0 (24723992)|VARIABLE_SCOPE_BEGIN|[51]|j|Integer|false|false
17:07:23.0 (24725386)|HEAP_ALLOCATE|[51]|Bytes:4
17:07:23.0 (24727628)|VARIABLE_ASSIGNMENT|[51]|j|0
17:07:23.0 (24729054)|STATEMENT_EXECUTE|[51]
17:07:23.0 (24730439)|STATEMENT_EXECUTE|[52]
17:07:23.0 (24731460)|STATEMENT_EXECUTE|[53]
17:07:23.0 (24737164)|HEAP_ALLOCATE|[53]|Bytes:2
17:07:23.0 (24744852)|HEAP_ALLOCATE|[53]|Bytes:1
17:07:23.0 (24749826)|HEAP_ALLOCATE|[53]|Bytes:5
17:07:23.0 (24754582)|HEAP_ALLOCATE|[53]|Bytes:2
17:07:23.0 (24761586)|HEAP_ALLOCATE|[53]|Bytes:1
17:07:23.0 (24766392)|HEAP_ALLOCATE|[53]|Bytes:5
17:07:23.0 (24770880)|HEAP_ALLOCATE|[EXTERNAL]|Bytes:4
17:07:23.0 (24774183)|HEAP_ALLOCATE|[51]|Bytes:4
17:07:23.0 (24776885)|VARIABLE_ASSIGNMENT|[51]|j|30
17:07:23.0 (24778579)|STATEMENT_EXECUTE|[51]
17:07:23.0 (24779931)|STATEMENT_EXECUTE|[54]
17:07:23.0 (24780959)|STATEMENT_EXECUTE|[55]
17:07:23.0 (24786556)|HEAP_ALLOCATE|[55]|Bytes:2
17:07:23.0 (24793889)|HEAP_ALLOCATE|[55]|Bytes:2
17:07:23.0 (24798880)|HEAP_ALLOCATE|[55]|Bytes:5
17:07:23.0 (24803601)|HEAP_ALLOCATE|[55]|Bytes:2
17:07:23.0 (24810592)|HEAP_ALLOCATE|[55]|Bytes:2
17:07:23.0 (24815292)|HEAP_ALLOCATE|[55]|Bytes:5
17:07:23.0 (24819763)|HEAP_ALLOCATE|[EXTERNAL]|Bytes:4
17:07:23.0 (24823120)|HEAP_ALLOCATE|[51]|Bytes:4
17:07:23.0 (24825852)|VARIABLE_ASSIGNMENT|[51]|j|60
17:07:23.0 (24827820)|HEAP_ALLOCATE|[50]|Bytes:4
17:07:23.0 (24830491)|VARIABLE_ASSIGNMENT|[50]|i|17
17:07:23.0 (24832208)|STATEMENT_EXECUTE|[50]
17:07:23.0 (24833480)|STATEMENT_EXECUTE|[51]
17:07:23.0 (24835049)|VARIABLE_SCOPE_BEGIN|[51]|j|Integer|false|false
17:07:23.0 (24836421)|HEAP_ALLOCATE|[51]|Bytes:4
17:07:23.0 (24838653)|VARIABLE_ASSIGNMENT|[51]|j|0
17:07:23.0 (24840206)|STATEMENT_EXECUTE|[51]
17:07:23.0 (24841523)|STATEMENT_EXECUTE|[52]
17:07:23.0 (24842539)|STATEMENT_EXECUTE|[53]
17:07:23.0 (24848086)|HEAP_ALLOCATE|[53]|Bytes:2
17:07:23.0 (24855352)|HEAP_ALLOCATE|[53]|Bytes:1
17:07:23.0 (24860325)|HEAP_ALLOCATE|[53]|Bytes:5
17:07:23.0 (24865095)|HEAP_ALLOCATE|[53]|Bytes:2
17:07:23.0 (24872145)|HEAP_ALLOCATE|[53]|Bytes:1
17:07:23.0 (24876941)|HEAP_ALLOCATE|[53]|Bytes:5
17:07:23.0 (24881424)|HEAP_ALLOCATE|[EXTERNAL]|Bytes:4
17:07:23.0 (24884726)|HEAP_ALLOCATE|[51]|Bytes:4
17:07:23.0 (24887396)|VARIABLE_ASSIGNMENT|[51]|j|30
17:07:23.0 (24889100)|STATEMENT_EXECUTE|[51]
17:07:23.0 (24890469)|STATEMENT_EXECUTE|[54]
17:07:23.0 (24891666)|STATEMENT_EXECUTE|[55]
17:07:23.0 (24897387)|HEAP_ALLOCATE|[55]|Bytes:2
17:07:23.0 (24904820)|HEAP_ALLOCATE|[55]|Bytes:2
17:07:23.0 (24909758)|HEAP_ALLOCATE|[55]|Bytes:5
17:07:23.0 (24914494)|HEAP_ALLOCATE|[55]|Bytes:2
17:07:23.0 (24921539)|HEAP_ALLOCATE|[55]|Bytes:2
17:07:23.0 (24926276)|HEAP_ALLOCATE|[55]|Bytes:5
17:07:23.0 (24930687)|HEAP_ALLOCATE|[EXTERNAL]|Bytes:4
17:07:23.0 (24933985)|HEAP_ALLOCATE|[51]|Bytes:4
17:07:23.0 (24936668)|VARIABLE_ASSIGNMENT|[51]|j|60
17:07:23.0 (24938640)|HEAP_ALLOCATE|[50]|Bytes:4
17:07:23.0 (24940933)|VARIABLE_ASSIGNMENT|[50]|i|18
17:07:23.0 (24942666)|STATEMENT_EXECUTE|[50]
17:07:23.0 (24943890)|STATEMENT_EXECUTE|[51]
17:07:23.0 (24945488)|VARIABLE_SCOPE_BEGIN|[51]|j|Integer|false|false
17:07:23.0 (24946889)|HEAP_ALLOCATE|[51]|Bytes:4
17:07:23.0 (24949147)|VARIABLE_ASSIGNMENT|[51]|j|0
17:07:23.0 (24950749)|STATEMENT_EXECUTE|[51]
17:07:23.0 (24952089)|STATEMENT_EXECUTE|[52]
17:07:23.0 (24953111)|STATEMENT_EXECUTE|[53]
17:07:23.0 (24958678)|HEAP_ALLOCATE|[53]|Bytes:2
17:07:23.0 (24966462)|HEAP_ALLOCATE|[53]|Bytes:1
17:07:23.0 (24971342)|HEAP_ALLOCATE|[53]|Bytes:5
17:07:23.0 (24976106)|HEAP_ALLOCATE|[53]|Bytes:2
17:07:23.0 (24983193)|HEAP_ALLOCATE|[53]|Bytes:1
17:07:23.0 (24987915)|HEAP_ALLOCATE|[53]|Bytes:5
17:07:23.0 (24992484)|HEAP_ALLOCATE|[EXTERNAL]|Bytes:4
17:07:23.0 (24995947)|HEAP_ALLOCATE|[51]|Bytes:4
17:07:23.0 (24998634)|VARIABLE_ASSIGNMENT|[51]|j|30
17:07:23.0 (25000320)|STATEMENT_EXECUTE|[51]
17:07:23.0 (25002238)|STATEMENT_EXECUTE|[54]
17:07:23.0 (25003435)|STATEMENT_EXECUTE|[55]
17:07:23.0 (25008963)|HEAP_ALLOCATE|[55]|Bytes:2
17:07:23.0 (25016268)|HEAP_ALLOCATE|[55]|Bytes:2
17:07:23.0 (25021288)|HEAP_ALLOCATE|[55]|Bytes:5
17:07:23.0 (25026062)|HEAP_ALLOCATE|[55]|Bytes:2
17:07:23.0 (25033132)|HEAP_ALLOCATE|[55]|Bytes:2
17:07:23.0 (25037958)|HEAP_ALLOCATE|[55]|Bytes:5
17:07:23.0 (25042450)|HEAP_ALLOCATE|[EXTERNAL]|Bytes:4
17:07:23.0 (25045618)|HEAP_ALLOCATE|[51]|Bytes:4
17:07:23.0 (25048446)|VARIABLE_ASSIGNMENT|[51]|j|60
17:07:23.0 (25050439)|HEAP_ALLOCATE|[50]|Bytes:4
17:07:23.0 (25052995)|VARIABLE_ASSIGNMENT|[50]|i|19
17:07:23.0 (25054779)|STATEMENT_EXECUTE|[50]
17:07:23.0 (25056171)|STATEMENT_EXECUTE|[51]
17:07:23.0 (25057642)|VARIABLE_SCOPE_BEGIN|[51]|j|Integer|false|false
17:07:23.0 (25059041)|HEAP_ALLOCATE|[51]|Bytes:4
17:07:23.0 (25061285)|VARIABLE_ASSIGNMENT|[51]|j|0
17:07:23.0 (25062735)|STATEMENT_EXECUTE|[51]
17:07:23.0 (25064077)|STATEMENT_EXECUTE|[52]
17:07:23.0 (25065102)|STATEMENT_EXECUTE|[53]
17:07:23.0 (25070689)|HEAP_ALLOCATE|[53]|Bytes:2
17:07:23.0 (25078021)|HEAP_ALLOCATE|[53]|Bytes:1
17:07:23.0 (25082916)|HEAP_ALLOCATE|[53]|Bytes:5
17:07:23.0 (25087723)|HEAP_ALLOCATE|[53]|Bytes:2
17:07:23.0 (25094717)|HEAP_ALLOCATE|[53]|Bytes:1
17:07:23.0 (25099499)|HEAP_ALLOCATE|[53]|Bytes:5
17:07:23.0 (25103944)|HEAP_ALLOCATE|[EXTERNAL]|Bytes:4
17:07:23.0 (25107244)|HEAP_ALLOCATE|[51]|Bytes:4
17:07:23.0 (25110182)|VARIABLE_ASSIGNMENT|[51]|j|30
17:07:23.0 (25111940)|STATEMENT_EXECUTE|[51]
17:07:23.0 (25113245)|STATEMENT_EXECUTE|[54]
17:07:23.0 (25114273)|STATEMENT_EXECUTE|[55]
17:07:23.0 (25120041)|HEAP_ALLOCATE|[55]|Bytes:2
17:07:23.0 (25127358)|HEAP_ALLOCATE|[55]|Bytes:2
17:07:23.0 (25132219)|HEAP_ALLOCATE|[55]|Bytes:5
17:07:23.0 (25137059)|HEAP_ALLOCATE|[55]|Bytes:2
17:07:23.0 (25144080)|HEAP_ALLOCATE|[55]|Bytes:2
17:07:23.0 (25148876)|HEAP_ALLOCATE|[55]|Bytes:5
17:07:23.0 (25153350)|HEAP_ALLOCATE|[EXTERNAL]|Bytes:4
17:07:23.0 (25156609)|HEAP_ALLOCATE|[51]|Bytes:4
17:07:23.0 (25159259)|VARIABLE_ASSIGNMENT|[51]|j|60
17:07:23.0 (25161376)|HEAP_ALLOCATE|[50]|Bytes:4
17:07:23.0 (25163642)|VARIABLE_ASSIGNMENT|[50]|i|20
17:07:23.0 (25165342)|STATEMENT_EXECUTE|[50]
17:07:23.0 (25166554)|STATEMENT_EXECUTE|[51]
17:07:23.0 (25168034)|VARIABLE_SCOPE_BEGIN|[51]|j|Integer|false|false
17:07:23.0 (25169376)|HEAP_ALLOCATE|[51]|Bytes:4
17:07:23.0 (25171614)|VARIABLE_ASSIGNMENT|[51]|j|0
17:07:23.0 (25173083)|STATEMENT_EXECUTE|[51]
17:07:23.0 (25174392)|STATEMENT_EXECUTE|[52]
17:07:23.0 (25175415)|STATEMENT_EXECUTE|[53]
17:07:23.0 (25180932)|HEAP_ALLOCATE|[53]|Bytes:2
17:07:23.0 (25188545)|HEAP_ALLOCATE|[53]|Bytes:1
17:07:23.0 (25193512)|HEAP_ALLOCATE|[53]|Bytes:5
17:07:23.0 (25198280)|HEAP_ALLOCATE|[53]|Bytes:2
17:07:23.0 (25205233)|HEAP_ALLOCATE|[53]|Bytes:1
17:07:23.0 (25210096)|HEAP_ALLOCATE|[53]|Bytes:5
17:07:23.0 (25214839)|HEAP_ALLOCATE|[EXTERNAL]|Bytes:4
17:07:23.0 (25218108)|HEAP_ALLOCATE|[51]|Bytes:4
17:07:23.0 (25220746)|VARIABLE_ASSIGNMENT|[51]|j|30
17:07:23.0 (25222428)|STATEMENT_EXECUTE|[51]
17:07:23.0 (25223765)|STATEMENT_EXECUTE|[54]
17:07:23.0 (25224776)|STATEMENT_EXECUTE|[55]
17:07:23.0 (25230148)|HEAP_ALLOCATE|[55]|Bytes:2
17:07:23.0 (25237565)|HEAP_ALLOCATE|[55]|Bytes:2
17:07:23.0 (25242516)|HEAP_ALLOCATE|[55]|Bytes:5
17:07:23.0 (25247409)|HEAP_ALLOCATE|[55]|Bytes:2
17:07:23.0 (25254466)|HEAP_ALLOCATE|[55]|Bytes:2
17:07:23.0 (25259243)|HEAP_ALLOCATE|[55]|Bytes:5
17:07:23.0 (25263692)|HEAP_ALLOCATE|[EXTERNAL]|Bytes:4
17:07:23.0 (25267032)|HEAP_ALLOCATE|[51]|Bytes:4
17:07:23.0 (25269695)|VARIABLE_ASSIGNMENT|[51]|j|60
17:07:23.0 (25271650)|HEAP_ALLOCATE|[50]|Bytes:4
17:07:23.0 (25274407)|VARIABLE_ASSIGNMENT|[50]|i|21
17:07:23.0 (25276147)|STATEMENT_EXECUTE|[50]
17:07:23.0 (25277374)|STATEMENT_EXECUTE|[51]
17:07:23.0 (25278871)|VARIABLE_SCOPE_BEGIN|[51]|j|Integer|false|false
17:07:23.0 (25280312)|HEAP_ALLOCATE|[51]|Bytes:4
17:07:23.0 (25282572)|VARIABLE_ASSIGNMENT|[51]|j|0
17:07:23.0 (25284031)|STATEMENT_EXECUTE|[51]
17:07:23.0 (25285361)|STATEMENT_EXECUTE|[52]
17:07:23.0 (25286394)|STATEMENT_EXECUTE|[53]
17:07:23.0 (25292109)|HEAP_ALLOCATE|[53]|Bytes:2
17:07:23.0 (25299496)|HEAP_ALLOCATE|[53]|Bytes:1
17:07:23.0 (25304383)|HEAP_ALLOCATE|[53]|Bytes:5
17:07:23.0 (25309107)|HEAP_ALLOCATE|[53]|Bytes:2
17:07:23.0 (25316249)|HEAP_ALLOCATE|[53]|Bytes:1
17:07:23.0 (25321254)|HEAP_ALLOCATE|[53]|Bytes:5
17:07:23.0 (25325724)|HEAP_ALLOCATE|[EXTERNAL]|Bytes:4
17:07:23.0 (25328954)|HEAP_ALLOCATE|[51]|Bytes:4
17:07:23.0 (25331645)|VARIABLE_ASSIGNMENT|[51]|j|30
17:07:23.0 (25333300)|STATEMENT_EXECUTE|[51]
17:07:23.0 (25334678)|STATEMENT_EXECUTE|[54]
17:07:23.0 (25335709)|STATEMENT_EXECUTE|[55]
17:07:23.0 (25341447)|HEAP_ALLOCATE|[55]|Bytes:2
17:07:23.0 (25348799)|HEAP_ALLOCATE|[55]|Bytes:2
17:07:23.0 (25353831)|HEAP_ALLOCATE|[55]|Bytes:5
17:07:23.0 (25358539)|HEAP_ALLOCATE|[55]|Bytes:2
17:07:23.0 (25365638)|HEAP_ALLOCATE|[55]|Bytes:2
17:07:23.0 (25370410)|HEAP_ALLOCATE|[55]|Bytes:5
17:07:23.0 (25374840)|HEAP_ALLOCATE|[EXTERNAL]|Bytes:4
17:07:23.0 (25377991)|HEAP_ALLOCATE|[51]|Bytes:4
17:07:23.0 (25380710)|VARIABLE_ASSIGNMENT|[51]|j|60
17:07:23.0 (25382657)|HEAP_ALLOCATE|[50]|Bytes:4
17:07:23.0 (25384927)|VARIABLE_ASSIGNMENT|[50]|i|22
17:07:23.0 (25386609)|STATEMENT_EXECUTE|[50]
17:07:23.0 (25387882)|STATEMENT_EXECUTE|[51]
17:07:23.0 (25389499)|VARIABLE_SCOPE_BEGIN|[51]|j|Integer|false|false
17:07:23.0 (25390908)|HEAP_ALLOCATE|[51]|Bytes:4
17:07:23.0 (25393169)|VARIABLE_ASSIGNMENT|[51]|j|0
17:07:23.0 (25394610)|STATEMENT_EXECUTE|[51]
17:07:23.0 (25395922)|STATEMENT_EXECUTE|[52]
17:07:23.0 (25396943)|STATEMENT_EXECUTE|[53]
17:07:23.0 (25402550)|HEAP_ALLOCATE|[53]|Bytes:2
17:07:23.0 (25409881)|HEAP_ALLOCATE|[53]|Bytes:1
17:07:23.0 (25415107)|HEAP_ALLOCATE|[53]|Bytes:5
17:07:23.0 (25420129)|HEAP_ALLOCATE|[53]|Bytes:2
17:07:23.0 (25427201)|HEAP_ALLOCATE|[53]|Bytes:1
17:07:23.0 (25431964)|HEAP_ALLOCATE|[53]|Bytes:5
17:07:23.0 (25436412)|HEAP_ALLOCATE|[EXTERNAL]|Bytes:4
17:07:23.0 (25439712)|HEAP_ALLOCATE|[51]|Bytes:4
17:07:23.0 (25442438)|VARIABLE_ASSIGNMENT|[51]|j|30
17:07:23.0 (25444188)|STATEMENT_EXECUTE|[51]
17:07:23.0 (25445525)|STATEMENT_EXECUTE|[54]
17:07:23.0 (25446559)|STATEMENT_EXECUTE|[55]
17:07:23.0 (25452018)|HEAP_ALLOCATE|[55]|Bytes:2
17:07:23.0 (25459332)|HEAP_ALLOCATE|[55]|Bytes:2
17:07:23.0 (25464258)|HEAP_ALLOCATE|[55]|Bytes:5
17:07:23.0 (25471996)|HEAP_ALLOCATE|[55]|Bytes:2
17:07:23.0 (25479711)|HEAP_ALLOCATE|[55]|Bytes:2
17:07:23.0 (25484477)|HEAP_ALLOCATE|[55]|Bytes:5
17:07:23.0 (25489293)|HEAP_ALLOCATE|[EXTERNAL]|Bytes:4
17:07:23.0 (25492592)|HEAP_ALLOCATE|[51]|Bytes:4
17:07:23.0 (25495323)|VARIABLE_ASSIGNMENT|[51]|j|60
17:07:23.0 (25497330)|HEAP_ALLOCATE|[50]|Bytes:4
17:07:23.0 (25499943)|VARIABLE_ASSIGNMENT|[50]|i|23
17:07:23.0 (25501690)|STATEMENT_EXECUTE|[50]
17:07:23.0 (25503008)|STATEMENT_EXECUTE|[51]
17:07:23.0 (25504560)|VARIABLE_SCOPE_BEGIN|[51]|j|Integer|false|false
17:07:23.0 (25505950)|HEAP_ALLOCATE|[51]|Bytes:4
17:07:23.0 (25508193)|VARIABLE_ASSIGNMENT|[51]|j|0
17:07:23.0 (25509646)|STATEMENT_EXECUTE|[51]
17:07:23.0 (25510988)|STATEMENT_EXECUTE|[52]
17:07:23.0 (25512024)|STATEMENT_EXECUTE|[53]
17:07:23.0 (25517846)|HEAP_ALLOCATE|[53]|Bytes:2
17:07:23.0 (25525219)|HEAP_ALLOCATE|[53]|Bytes:1
17:07:23.0 (25530166)|HEAP_ALLOCATE|[53]|Bytes:5
17:07:23.0 (25535053)|HEAP_ALLOCATE|[53]|Bytes:2
17:07:23.0 (25542062)|HEAP_ALLOCATE|[53]|Bytes:1
17:07:23.0 (25546796)|HEAP_ALLOCATE|[53]|Bytes:5
17:07:23.0 (25551293)|HEAP_ALLOCATE|[EXTERNAL]|Bytes:4
17:07:23.0 (25554678)|HEAP_ALLOCATE|[51]|Bytes:4
17:07:23.0 (25557367)|VARIABLE_ASSIGNMENT|[51]|j|30
17:07:23.0 (25559075)|STATEMENT_EXECUTE|[51]
17:07:23.0 (25560402)|STATEMENT_EXECUTE|[54]
17:07:23.0 (25561426)|STATEMENT_EXECUTE|[55]
17:07:23.0 (25567224)|HEAP_ALLOCATE|[55]|Bytes:2
17:07:23.0 (25574593)|HEAP_ALLOCATE|[55]|Bytes:2
17:07:23.0 (25579695)|HEAP_ALLOCATE|[55]|Bytes:5
17:07:23.0 (25584713)|HEAP_ALLOCATE|[55]|Bytes:2
17:07:23.0 (25591729)|HEAP_ALLOCATE|[55]|Bytes:2
17:07:23.0 (25596564)|HEAP_ALLOCATE|[55]|Bytes:5
17:07:23.0 (25601025)|HEAP_ALLOCATE|[EXTERNAL]|Bytes:4
17:07:23.0 (25604225)|HEAP_ALLOCATE|[51]|Bytes:4
17:07:23.0 (25606915)|VARIABLE_ASSIGNMENT|[51]|j|60
17:07:23.0 (25608937)|HEAP_ALLOCATE|[50]|Bytes:4
17:07:23.0 (25611237)|VARIABLE_ASSIGNMENT|[50]|i|24
17:07:23.0 (25613150)|STATEMENT_EXECUTE|[59]
17:07:23.0 (25704142)|SYSTEM_MODE_ENTER|true
17:07:23.0 (25723391)|HEAP_ALLOCATE|[EXTERNAL]|Bytes:80
17:07:23.0 (25766328)|VARIABLE_ASSIGNMENT|[EXTERNAL]|this|{"delToHub":false,"delToProj":true,"detail":"0x36b98f03","invoked":false,"rejected":false,"reserved":false,"selectedTime4":"8:00","sublocations1":"0x35f77694","www":"0x40c27a9f","wwwById":"0x5a15aec7"}|0x22870941
17:07:23.0 (25772166)|STATEMENT_EXECUTE|[86]
17:07:23.0 (25775241)|STATEMENT_EXECUTE|[87]
17:07:23.0 (25776492)|STATEMENT_EXECUTE|[91]
17:07:23.28 (28354068)|SYSTEM_MODE_ENTER|true
17:07:23.28 (28393384)|HEAP_ALLOCATE|[EXTERNAL]|Bytes:8
17:07:23.28 (28398547)|VARIABLE_SCOPE_BEGIN|[88]|this|ApexPage.PageMessagesComponentController|true|false
17:07:23.28 (28414232)|VARIABLE_ASSIGNMENT|[88]|this|{}|0x145f4c28
17:07:23.28 (28416723)|VARIABLE_SCOPE_BEGIN|[88]|escape|Boolean|false|false
17:07:23.28 (28419885)|VARIABLE_ASSIGNMENT|[88]|escape|null
17:07:23.0 (28938431)|SYSTEM_MODE_ENTER|true
17:07:23.0 (28962085)|HEAP_ALLOCATE|[EXTERNAL]|Bytes:4
17:07:23.0 (28965717)|HEAP_ALLOCATE|[EXTERNAL]|Bytes:80
17:07:23.0 (28974400)|VARIABLE_ASSIGNMENT|[EXTERNAL]|this.selectedTime4|"8:00"|0x22870941
17:07:23.0 (29003570)|SYSTEM_MODE_ENTER|true
17:07:23.0 (29021108)|HEAP_ALLOCATE|[EXTERNAL]|Bytes:80
17:07:23.0 (29062151)|VARIABLE_ASSIGNMENT|[EXTERNAL]|this|{"delToHub":false,"delToProj":true,"detail":"0x36b98f03","invoked":false,"rejected":false,"reserved":false,"selectedTime4":"8:00","sublocations1":"0x35f77694","www":"0x40c27a9f","wwwById":"0x5a15aec7"}|0x22870941
17:07:23.0 (29068363)|STATEMENT_EXECUTE|[3]
17:07:23.0 (29071052)|STATEMENT_EXECUTE|[4]
17:07:23.0 (29072351)|STATEMENT_EXECUTE|[9]
17:07:23.0 (29337482)|SYSTEM_MODE_ENTER|true
17:07:23.0 (29354382)|HEAP_ALLOCATE|[EXTERNAL]|Bytes:80
17:07:23.0 (29392458)|VARIABLE_ASSIGNMENT|[EXTERNAL]|this|{"delToHub":false,"delToProj":true,"detail":"0x36b98f03","invoked":false,"rejected":false,"reserved":false,"selectedTime4":"8:00","sublocations1":"0x35f77694","www":"0x40c27a9f","wwwById":"0x5a15aec7"}|0x22870941
17:07:23.0 (29396824)|STATEMENT_EXECUTE|[212]
17:07:23.0 (29399158)|STATEMENT_EXECUTE|[213]
17:07:23.0 (29400426)|STATEMENT_EXECUTE|[216]
17:07:23.0 (29433719)|SYSTEM_MODE_ENTER|true
17:07:23.0 (29447742)|HEAP_ALLOCATE|[EXTERNAL]|Bytes:80
17:07:23.0 (29486345)|VARIABLE_ASSIGNMENT|[EXTERNAL]|this|{"delToHub":false,"delToProj":true,"detail":"0x36b98f03","invoked":false,"rejected":false,"reserved":false,"selectedTime4":"8:00","sublocations1":"0x35f77694","www":"0x40c27a9f","wwwById":"0x5a15aec7"}|0x22870941
17:07:23.0 (29491181)|STATEMENT_EXECUTE|[21]
17:07:23.0 (29493141)|STATEMENT_EXECUTE|[22]
17:07:23.0 (29494396)|STATEMENT_EXECUTE|[26]
17:07:23.0 (30069164)|HEAP_ALLOCATE|[EXTERNAL]|Bytes:80
17:07:23.0 (30075084)|VARIABLE_SCOPE_BEGIN|[310]|this|NewDeliveredExtension|true|false
17:07:23.0 (30114237)|VARIABLE_ASSIGNMENT|[310]|this|{"delToHub":false,"delToProj":true,"detail":"0x36b98f03","invoked":false,"rejected":false,"reserved":false,"selectedTime4":"8:00","sublocations1":"0x35f77694","www":"0x40c27a9f","wwwById":"0x5a15aec7"}|0x22870941
17:07:23.0 (30120999)|STATEMENT_EXECUTE|[310]
17:07:23.0 (30122522)|STATEMENT_EXECUTE|[311]
17:07:23.0 (30179735)|VARIABLE_ASSIGNMENT|[EXTERNAL]|this|{"delToHub":false,"delToProj":true,"detail":"0x36b98f03","invoked":false,"rejected":false,"reserved":false,"selectedTime4":"8:00","sublocations1":"0x35f77694","www":"0x40c27a9f","wwwById":"0x5a15aec7"}|0x22870941
17:07:23.0 (30183576)|STATEMENT_EXECUTE|[3]
17:07:23.0 (30186193)|STATEMENT_EXECUTE|[4]
17:07:23.0 (30187695)|STATEMENT_EXECUTE|[9]
17:07:23.0 (30249713)|VARIABLE_ASSIGNMENT|[311]|this.Location__c|null|0x36b98f03
17:07:23.0 (30252671)|STATEMENT_EXECUTE|[312]
17:07:23.0 (30256464)|HEAP_ALLOCATE|[312]|Bytes:7
17:07:23.0 (30306009)|VARIABLE_ASSIGNMENT|[EXTERNAL]|this|{"delToHub":false,"delToProj":true,"detail":"0x36b98f03","invoked":false,"rejected":false,"reserved":false,"selectedTime4":"8:00","sublocations1":"0x35f77694","www":"0x40c27a9f","wwwById":"0x5a15aec7"}|0x22870941
17:07:23.0 (30309713)|STATEMENT_EXECUTE|[21]
17:07:23.0 (30311820)|STATEMENT_EXECUTE|[22]
17:07:23.0 (30312988)|STATEMENT_EXECUTE|[26]
17:07:23.0 (30358964)|HEAP_ALLOCATE|[312]|Bytes:38
17:07:23.0 (30372958)|HEAP_ALLOCATE|[312]|Bytes:45
17:07:23.0 (30393744)|USER_DEBUG|[312]|DEBUG|set wwwWWW__c:{Project__c=a0q0E0000008ahlQAA}
17:07:23.0 (30399178)|STATEMENT_EXECUTE|[313]
17:07:23.0 (30443536)|VARIABLE_ASSIGNMENT|[EXTERNAL]|this|{"delToHub":false,"delToProj":true,"detail":"0x36b98f03","invoked":false,"rejected":false,"reserved":false,"selectedTime4":"8:00","sublocations1":"0x35f77694","www":"0x40c27a9f","wwwById":"0x5a15aec7"}|0x22870941
17:07:23.0 (30447539)|STATEMENT_EXECUTE|[3]
17:07:23.0 (30449624)|STATEMENT_EXECUTE|[4]
17:07:23.0 (30450840)|STATEMENT_EXECUTE|[9]
17:07:23.0 (30565320)|VARIABLE_ASSIGNMENT|[EXTERNAL]|this|{"delToHub":false,"delToProj":true,"detail":"0x36b98f03","invoked":false,"rejected":false,"reserved":false,"selectedTime4":"8:00","sublocations1":"0x35f77694","www":"0x40c27a9f","wwwById":"0x5a15aec7"}|0x22870941
17:07:23.0 (30580920)|VARIABLE_ASSIGNMENT|[EXTERNAL]|value|{"Id":"a0t0E0000004UUSQA2","Project__c":"a0q0E0000008ahlQAA","Item__c":"a0A0E0000001PilUAE","Hub_Building_Site__c":"a020E000000zEM2QAM","Actueel_aantal_palle (12 more) ...":0,"Name":"WWW-13541"}|0x39618999
17:07:23.0 (30593156)|VARIABLE_ASSIGNMENT|[20]|this.www|{"Id":"a0t0E0000004UUSQA2","Project__c":"a0q0E0000008ahlQAA","Item__c":"a0A0E0000001PilUAE","Hub_Building_Site__c":"a020E000000zEM2QAM","Actueel_aantal_palle (12 more) ...":0,"Name":"WWW-13541"}|0x22870941
17:07:23.0 (30598935)|STATEMENT_EXECUTE|[314]
17:07:23.0 (30637184)|VARIABLE_ASSIGNMENT|[EXTERNAL]|this|{"delToHub":false,"delToProj":true,"detail":"0x36b98f03","invoked":false,"rejected":false,"reserved":false,"selectedTime4":"8:00","sublocations1":"0x35f77694","www":"0x39618999","wwwById":"0x5a15aec7"}|0x22870941
17:07:23.0 (30640509)|STATEMENT_EXECUTE|[21]
17:07:23.0 (30642249)|STATEMENT_EXECUTE|[22]
17:07:23.0 (30643386)|STATEMENT_EXECUTE|[26]
17:07:23.0 (30709206)|HEAP_ALLOCATE|[314]|Bytes:182
17:07:23.0 (30721086)|HEAP_ALLOCATE|[314]|Bytes:189
17:07:23.0 (30730164)|USER_DEBUG|[314]|DEBUG|set wwwWWW__c:{Id=a0t0E0000004UUSQA2, Project__c=a0q0E0000008ahlQAA, Item__c=a0A0E0000001PilUAE, Hub_Building_Site__c=a020E000000zEM2QAM, Actueel_aantal_palletplaatsen__c=0, Name=WWW-13541}
17:07:23.41 (41023083)|SYSTEM_MODE_ENTER|true
17:07:23.41 (41064783)|HEAP_ALLOCATE|[EXTERNAL]|Bytes:8
17:07:23.41 (41070030)|VARIABLE_SCOPE_BEGIN|[88]|this|ApexPage.PageMessagesComponentController|true|false
17:07:23.41 (41086073)|VARIABLE_ASSIGNMENT|[88]|this|{}|0x145f4c28
17:07:23.41 (41088615)|VARIABLE_SCOPE_BEGIN|[88]|escape|Boolean|false|false
17:07:23.41 (41091758)|VARIABLE_ASSIGNMENT|[88]|escape|null
17:07:23.41 (41164180)|SYSTEM_MODE_ENTER|true
17:07:23.41 (41186931)|HEAP_ALLOCATE|[EXTERNAL]|Bytes:8
17:07:23.41 (41190958)|VARIABLE_SCOPE_BEGIN|[2]|this|ApexPage.PageMessagesComponentController|true|false
17:07:23.41 (41203011)|VARIABLE_ASSIGNMENT|[2]|this|{}|0x145f4c28
17:07:23.0 (41453822)|SYSTEM_MODE_ENTER|true
17:07:23.0 (41478106)|HEAP_ALLOCATE|[EXTERNAL]|Bytes:80
17:07:23.0 (41521081)|VARIABLE_ASSIGNMENT|[EXTERNAL]|this|{"delToHub":false,"delToProj":true,"detail":"0x36b98f03","invoked":false,"rejected":false,"reserved":false,"selectedTime4":"8:00","sublocations1":"0x35f77694","www":"0x39618999","wwwById":"0x5a15aec7"}|0x22870941
17:07:23.0 (41526499)|STATEMENT_EXECUTE|[196]
17:07:23.0 (41528914)|STATEMENT_EXECUTE|[197]
17:07:23.0 (41530244)|STATEMENT_EXECUTE|[200]
17:07:23.0 (41570544)|SYSTEM_MODE_ENTER|true
17:07:23.0 (41585433)|HEAP_ALLOCATE|[EXTERNAL]|Bytes:80
17:07:23.0 (41620287)|VARIABLE_ASSIGNMENT|[EXTERNAL]|this|{"delToHub":false,"delToProj":true,"detail":"0x36b98f03","invoked":false,"rejected":false,"reserved":false,"selectedTime4":"8:00","sublocations1":"0x35f77694","www":"0x39618999","wwwById":"0x5a15aec7"}|0x22870941
17:07:23.0 (41624597)|STATEMENT_EXECUTE|[229]
17:07:23.0 (41626641)|STATEMENT_EXECUTE|[230]
17:07:23.0 (41627898)|STATEMENT_EXECUTE|[233]
17:07:23.0 (41659726)|SYSTEM_MODE_ENTER|true
17:07:23.0 (41673411)|HEAP_ALLOCATE|[EXTERNAL]|Bytes:80
17:07:23.0 (41706066)|VARIABLE_ASSIGNMENT|[EXTERNAL]|this|{"delToHub":false,"delToProj":true,"detail":"0x36b98f03","invoked":false,"rejected":false,"reserved":false,"selectedTime4":"8:00","sublocations1":"0x35f77694","www":"0x39618999","wwwById":"0x5a15aec7"}|0x22870941
17:07:23.0 (41710272)|STATEMENT_EXECUTE|[204]
17:07:23.0 (41712221)|STATEMENT_EXECUTE|[205]
17:07:23.0 (41713504)|STATEMENT_EXECUTE|[208]
17:07:23.0 (41744393)|SYSTEM_MODE_ENTER|true
17:07:23.0 (41757249)|HEAP_ALLOCATE|[EXTERNAL]|Bytes:80
17:07:23.0 (41788400)|VARIABLE_ASSIGNMENT|[EXTERNAL]|this|{"delToHub":false,"delToProj":true,"detail":"0x36b98f03","invoked":false,"rejected":false,"reserved":false,"selectedTime4":"8:00","sublocations1":"0x35f77694","www":"0x39618999","wwwById":"0x5a15aec7"}|0x22870941
17:07:23.0 (41792131)|STATEMENT_EXECUTE|[220]
17:07:23.0 (41793774)|STATEMENT_EXECUTE|[221]
17:07:23.0 (41794950)|STATEMENT_EXECUTE|[224]
17:07:23.0 (41867618)|SYSTEM_MODE_ENTER|true
17:07:23.0 (41883116)|HEAP_ALLOCATE|[EXTERNAL]|Bytes:80
17:07:23.0 (41916778)|VARIABLE_ASSIGNMENT|[EXTERNAL]|this|{"delToHub":false,"delToProj":true,"detail":"0x36b98f03","invoked":false,"rejected":false,"reserved":false,"selectedTime4":"8:00","sublocations1":"0x35f77694","www":"0x39618999","wwwById":"0x5a15aec7"}|0x22870941
17:07:23.0 (41921091)|STATEMENT_EXECUTE|[3]
17:07:23.0 (41923013)|STATEMENT_EXECUTE|[4]
17:07:23.0 (41924224)|STATEMENT_EXECUTE|[9]
17:07:23.0 (43376505)|SYSTEM_MODE_ENTER|true
17:07:23.0 (43399123)|HEAP_ALLOCATE|[EXTERNAL]|Bytes:80
17:07:23.0 (43443465)|VARIABLE_ASSIGNMENT|[EXTERNAL]|this|{"delToHub":false,"delToProj":true,"detail":"0x36b98f03","invoked":false,"rejected":false,"reserved":false,"selectedTime4":"8:00","sublocations1":"0x35f77694","www":"0x39618999","wwwById":"0x5a15aec7"}|0x22870941
17:07:23.0 (43449563)|STATEMENT_EXECUTE|[186]
17:07:23.0 (43452298)|STATEMENT_EXECUTE|[187]
17:07:23.0 (43453591)|STATEMENT_EXECUTE|[190]
17:07:23.0 (45109757)|SYSTEM_MODE_ENTER|true
17:07:23.0 (45131042)|HEAP_ALLOCATE|[EXTERNAL]|Bytes:80
17:07:23.0 (45174842)|VARIABLE_ASSIGNMENT|[EXTERNAL]|this|{"delToHub":false,"delToProj":true,"detail":"0x36b98f03","invoked":false,"rejected":false,"reserved":false,"selectedTime4":"8:00","sublocations1":"0x35f77694","www":"0x39618999","wwwById":"0x5a15aec7"}|0x22870941
17:07:23.0 (45180669)|STATEMENT_EXECUTE|[212]
17:07:23.0 (45183123)|STATEMENT_EXECUTE|[213]
17:07:23.0 (45184452)|STATEMENT_EXECUTE|[216]
17:07:23.0 (45244053)|SYSTEM_MODE_ENTER|true
17:07:23.0 (45260829)|HEAP_ALLOCATE|[EXTERNAL]|Bytes:80
17:07:23.0 (45297796)|VARIABLE_ASSIGNMENT|[EXTERNAL]|this|{"delToHub":false,"delToProj":true,"detail":"0x36b98f03","invoked":false,"rejected":false,"reserved":false,"selectedTime4":"8:00","sublocations1":"0x35f77694","www":"0x39618999","wwwById":"0x5a15aec7"}|0x22870941
17:07:23.0 (45302487)|STATEMENT_EXECUTE|[21]
17:07:23.0 (45304532)|STATEMENT_EXECUTE|[22]
17:07:23.0 (45305743)|STATEMENT_EXECUTE|[26]
17:07:23.0 (49065698)|SYSTEM_MODE_ENTER|true
17:07:23.0 (49098091)|HEAP_ALLOCATE|[EXTERNAL]|Bytes:80
17:07:23.0 (49105273)|VARIABLE_SCOPE_BEGIN|[285]|this|NewDeliveredExtension|true|false
17:07:23.0 (49172293)|VARIABLE_ASSIGNMENT|[285]|this|{"delToHub":false,"delToProj":true,"detail":"0x36b98f03","invoked":false,"rejected":false,"reserved":false,"selectedTime4":"8:00","sublocations1":"0x35f77694","www":"0x39618999","wwwById":"0x5a15aec7"}|0x22870941
17:07:23.0 (49180420)|STATEMENT_EXECUTE|[285]
17:07:23.0 (49181963)|STATEMENT_EXECUTE|[286]
17:07:23.0 (49229250)|VARIABLE_ASSIGNMENT|[EXTERNAL]|this|{"delToHub":false,"delToProj":true,"detail":"0x36b98f03","invoked":false,"rejected":false,"reserved":false,"selectedTime4":"8:00","sublocations1":"0x35f77694","www":"0x39618999","wwwById":"0x5a15aec7"}|0x22870941
17:07:23.0 (49233293)|STATEMENT_EXECUTE|[21]
17:07:23.0 (49235533)|STATEMENT_EXECUTE|[22]
17:07:23.0 (49236693)|STATEMENT_EXECUTE|[26]
17:07:23.0 (49276266)|HEAP_ALLOCATE|[286]|Bytes:18
17:07:23.0 (49284507)|HEAP_ALLOCATE|[286]|Bytes:16
17:07:23.0 (49289189)|HEAP_ALLOCATE|[286]|Bytes:34
17:07:23.0 (49299012)|USER_DEBUG|[286]|DEBUG|a0t0E0000004UUSQA2 Delivered_2_Hub
17:07:23.0 (49303690)|STATEMENT_EXECUTE|[287]
17:07:23.0 (49308523)|HEAP_ALLOCATE|[287]|Bytes:4
17:07:23.0 (49325599)|VARIABLE_SCOPE_BEGIN|[287]|options|List<System.SelectOption>|true|false
17:07:23.0 (49338096)|HEAP_ALLOCATE|[EXTERNAL]|Bytes:4
17:07:23.0 (49344805)|VARIABLE_ASSIGNMENT|[287]|options|[]|0x311009e9
17:07:23.0 (49389812)|VARIABLE_ASSIGNMENT|[EXTERNAL]|this|{"delToHub":false,"delToProj":true,"detail":"0x36b98f03","invoked":false,"rejected":false,"reserved":false,"selectedTime4":"8:00","sublocations1":"0x35f77694","www":"0x39618999","wwwById":"0x5a15aec7"}|0x22870941
17:07:23.0 (49393859)|STATEMENT_EXECUTE|[21]
17:07:23.0 (49395880)|STATEMENT_EXECUTE|[22]
17:07:23.0 (49397102)|STATEMENT_EXECUTE|[26]
17:07:23.0 (49429107)|VARIABLE_ASSIGNMENT|[EXTERNAL]|this|{"delToHub":false,"delToProj":true,"detail":"0x36b98f03","invoked":false,"rejected":false,"reserved":false,"selectedTime4":"8:00","sublocations1":"0x35f77694","www":"0x39618999","wwwById":"0x5a15aec7"}|0x22870941
17:07:23.0 (49431946)|STATEMENT_EXECUTE|[21]
17:07:23.0 (49433294)|STATEMENT_EXECUTE|[22]
17:07:23.0 (49434337)|STATEMENT_EXECUTE|[26]
17:07:23.0 (49444152)|STATEMENT_EXECUTE|[290]
17:07:23.0 (49445616)|STATEMENT_EXECUTE|[291]
17:07:23.0 (49448095)|HEAP_ALLOCATE|[291]|Bytes:134
17:07:23.0 (49456175)|HEAP_ALLOCATE|[291]|Bytes:4
17:07:23.0 (49464160)|HEAP_ALLOCATE|[291]|Bytes:7
17:07:23.0 (49507058)|VARIABLE_ASSIGNMENT|[EXTERNAL]|this|{"delToHub":false,"delToProj":true,"detail":"0x36b98f03","invoked":false,"rejected":false,"reserved":false,"selectedTime4":"8:00","sublocations1":"0x35f77694","www":"0x39618999","wwwById":"0x5a15aec7"}|0x22870941
17:07:23.0 (49510772)|STATEMENT_EXECUTE|[21]
17:07:23.0 (49512367)|STATEMENT_EXECUTE|[22]
17:07:23.0 (49513493)|STATEMENT_EXECUTE|[26]
17:07:23.0 (50078852)|SOQL_EXECUTE_BEGIN|[291]|Aggregations:0|SELECT Id, Location__c, Location__r.Name FROM WWW_detail__c WHERE (WWW__c = :tmpVar1 AND RecordType.DeveloperName = 'Delivered_2_Hub')
17:07:23.0 (54327098)|SOQL_EXECUTE_END|[291]|Rows:1
17:07:23.0 (54343523)|HEAP_ALLOCATE|[291]|Bytes:8
17:07:23.0 (54361752)|HEAP_ALLOCATE|[291]|Bytes:185
17:07:23.0 (54422138)|HEAP_ALLOCATE|[291]|Bytes:8
17:07:23.0 (54431769)|VARIABLE_SCOPE_BEGIN|[291]|detailsDelToHub|List<WWW_Detail__c>|true|false
17:07:23.0 (54452621)|VARIABLE_ASSIGNMENT|[291]|detailsDelToHub|[{"Id":"a0s0E0000004KQJQA2","Location__c":"a0B0E0000009YBFUA2","RecordTypeId":"01224000000Sn4MAAS","Location__r":{"Name":"1Q2W","Id":"a0B0E0000009YBFUA2","RecordTypeId":"01224000000B1zdAAC"}}]|0x1a392e10
17:07:23.0 (54456582)|STATEMENT_EXECUTE|[294]
17:07:23.0 (54463637)|HEAP_ALLOCATE|[294]|Bytes:4
17:07:23.0 (54477654)|VARIABLE_SCOPE_BEGIN|[294]|locationsMap|Map<String,String>|true|false
17:07:23.0 (54487532)|VARIABLE_ASSIGNMENT|[294]|locationsMap|{}|0x3e1d84c3
17:07:23.0 (54634361)|HEAP_ALLOCATE|[295]|Bytes:5
17:07:23.0 (54663574)|HEAP_ALLOCATE|[295]|Bytes:20
17:07:23.0 (54671573)|VARIABLE_SCOPE_BEGIN|[295]|det|WWW_Detail__c|true|false
17:07:23.0 (54684558)|VARIABLE_ASSIGNMENT|[295]|det|{"Id":"a0s0E0000004KQJQA2","Location__c":"a0B0E0000009YBFUA2","RecordTypeId":"01224000000Sn4MAAS","Location__r":{"Name":"1Q2W","Id":"a0B0E0000009YBFUA2","RecordTypeId":"01224000000B1zdAAC"}}|0x63ff93d1
17:07:23.0 (54688791)|STATEMENT_EXECUTE|[295]
17:07:23.0 (54709890)|STATEMENT_EXECUTE|[296]
17:07:23.0 (54711478)|STATEMENT_EXECUTE|[298]
17:07:23.0 (54800184)|HEAP_ALLOCATE|[EXTERNAL]|Bytes:-4
17:07:23.0 (54814101)|HEAP_ALLOCATE|[295]|Bytes:5
17:07:23.0 (54823407)|VARIABLE_ASSIGNMENT|[295]|det|null|
17:07:23.0 (54826313)|STATEMENT_EXECUTE|[302]
17:07:23.0 (54866812)|HEAP_ALLOCATE|[EXTERNAL]|Bytes:4
17:07:23.0 (54876263)|HEAP_ALLOCATE|[303]|Bytes:4
17:07:23.0 (54917911)|HEAP_ALLOCATE|[303]|Bytes:26
17:07:23.0 (54930418)|HEAP_ALLOCATE|[303]|Bytes:4
17:07:23.0 (54947390)|HEAP_ALLOCATE|[303]|Bytes:5
17:07:23.0 (54956928)|VARIABLE_SCOPE_BEGIN|[303]|lcId|String|false|false
17:07:23.0 (54963196)|VARIABLE_ASSIGNMENT|[303]|lcId|"a0B0E0000009YBFUA2"
17:07:23.0 (54965655)|STATEMENT_EXECUTE|[304]
17:07:23.0 (54966875)|STATEMENT_EXECUTE|[305]
17:07:23.0 (55000319)|HEAP_ALLOCATE|[EXTERNAL]|Bytes:4
17:07:23.0 (55010015)|HEAP_ALLOCATE|[303]|Bytes:5
17:07:23.0 (55016951)|VARIABLE_ASSIGNMENT|[303]|lcId|null
17:07:23.0 (55019677)|STATEMENT_EXECUTE|[308]
17:07:23.0 (62090730)|VF_SERIALIZE_VIEWSTATE_BEGIN|06624000003h0Dg
17:07:23.0 (65935747)|VF_SERIALIZE_VIEWSTATE_END
17:07:23.68 (68393237)|CUMULATIVE_LIMIT_USAGE
17:07:23.68 (68393237)|LIMIT_USAGE_FOR_NS|(default)|
  Number of SOQL queries: 1 out of 100
  Number of query rows: 1 out of 50000
  Number of SOSL queries: 0 out of 20
  Number of DML statements: 0 out of 150
  Number of DML rows: 0 out of 10000
  Maximum CPU time: 0 out of 10000
  Maximum heap size: 0 out of 6000000
  Number of callouts: 0 out of 100
  Number of Email Invocations: 0 out of 10
  Number of future calls: 0 out of 50
  Number of queueable jobs added to the queue: 0 out of 50
  Number of Mobile Apex push calls: 0 out of 10

17:07:23.68 (68393237)|CUMULATIVE_LIMIT_USAGE_END

17:07:23.0 (68424813)|CODE_UNIT_FINISHED|VF: /apex/New_delivered_detail
17:07:23.0 (69204255)|EXECUTION_FINISHED
