38.0 APEX_CODE,FINEST;APEX_PROFILING,INFO;CALLOUT,INFO;DB,INFO;SYSTEM,DEBUG;VALIDATION,INFO;VISUALFORCE,INFO;WAVE,INFO;WORKFLOW,INFO
12:25:05.0 (330219)|USER_INFO|[EXTERNAL]|00524000001e3Uj|bedrijfsbureau@gsa.nl.sandbox|Midden-Europese standaardtijd|GMT+01:00
12:25:05.0 (358660)|EXECUTION_STARTED
12:25:05.0 (362718)|CODE_UNIT_STARTED|[EXTERNAL]|06624000003h0Dg|VF: /apex/New_delivered_detail
12:25:05.0 (917582)|VF_DESERIALIZE_VIEWSTATE_BEGIN|06624000003h0Dg
12:25:05.0 (6128746)|HEAP_ALLOCATE|[72]|Bytes:3
12:25:05.0 (6168959)|HEAP_ALLOCATE|[77]|Bytes:152
12:25:05.0 (6183164)|HEAP_ALLOCATE|[342]|Bytes:408
12:25:05.0 (6198481)|HEAP_ALLOCATE|[355]|Bytes:408
12:25:05.0 (6212410)|HEAP_ALLOCATE|[467]|Bytes:48
12:25:05.0 (6237622)|HEAP_ALLOCATE|[139]|Bytes:6
12:25:05.0 (6271184)|HEAP_ALLOCATE|[50]|Bytes:5
12:25:05.0 (6291184)|HEAP_ALLOCATE|[56]|Bytes:5
12:25:05.0 (6297141)|HEAP_ALLOCATE|[64]|Bytes:7
12:25:05.0 (10381189)|VF_DESERIALIZE_VIEWSTATE_END
12:25:05.11 (11345110)|SYSTEM_MODE_ENTER|true
12:25:05.11 (11401548)|HEAP_ALLOCATE|[EXTERNAL]|Bytes:38
12:25:05.11 (11408104)|HEAP_ALLOCATE|[EXTERNAL]|Bytes:7
12:25:05.11 (11415158)|SYSTEM_METHOD_ENTRY|[1]|PageMessagesComponentController.PageMessagesComponentController()
12:25:05.11 (11418778)|STATEMENT_EXECUTE|[1]
12:25:05.12 (12155323)|SYSTEM_MODE_ENTER|true
12:25:05.12 (12199347)|HEAP_ALLOCATE|[EXTERNAL]|Bytes:8
12:25:05.12 (12204924)|VARIABLE_SCOPE_BEGIN|[88]|this|ApexPage.PageMessagesComponentController|true|false
12:25:05.12 (12237232)|VARIABLE_ASSIGNMENT|[88]|this|{}|0x6da0b7b9
12:25:05.12 (12239491)|VARIABLE_SCOPE_BEGIN|[88]|escape|Boolean|false|false
12:25:05.12 (12245609)|VARIABLE_ASSIGNMENT|[88]|escape|null
12:25:05.0 (12457163)|SYSTEM_MODE_ENTER|true
12:25:05.0 (12654471)|HEAP_ALLOCATE|[EXTERNAL]|Bytes:11
12:25:05.0 (12662551)|HEAP_ALLOCATE|[EXTERNAL]|Bytes:408
12:25:05.0 (12665656)|HEAP_ALLOCATE|[EXTERNAL]|Bytes:120
12:25:05.0 (12668116)|HEAP_ALLOCATE|[EXTERNAL]|Bytes:108
12:25:05.0 (12674223)|METHOD_ENTRY|[1]|01p2400000DUtXT|NewDeliveredExtension.NewDeliveredExtension()
12:25:05.0 (12676576)|STATEMENT_EXECUTE|[1]
12:25:05.0 (12680303)|STATEMENT_EXECUTE|[1]
12:25:05.0 (12681698)|STATEMENT_EXECUTE|[527]
12:25:05.0 (12685257)|METHOD_EXIT|[1]|NewDeliveredExtension
12:25:05.0 (12688943)|HEAP_ALLOCATE|[EXTERNAL]|Bytes:80
12:25:05.0 (12746515)|VARIABLE_ASSIGNMENT|[EXTERNAL]|this|{"delToHub":true,"delToProj":false,"detail":"0x28b8c95d","invoked":false,"rejected":false,"reserved":false,"selectedTime3":"8:00","sublocations1":"0x757d12b8","www":"0x4b64ccf8","wwwById":"0x361a639c"}|0x2fea4d2d
12:25:05.0 (12753234)|STATEMENT_EXECUTE|[196]
12:25:05.0 (12756509)|STATEMENT_EXECUTE|[197]
12:25:05.0 (12758235)|STATEMENT_EXECUTE|[200]
12:25:05.0 (12816847)|SYSTEM_MODE_ENTER|true
12:25:05.0 (12836357)|HEAP_ALLOCATE|[EXTERNAL]|Bytes:80
12:25:05.0 (12874569)|VARIABLE_ASSIGNMENT|[EXTERNAL]|this|{"delToHub":true,"delToProj":false,"detail":"0x28b8c95d","invoked":false,"rejected":false,"reserved":false,"selectedTime3":"8:00","sublocations1":"0x757d12b8","www":"0x4b64ccf8","wwwById":"0x361a639c"}|0x2fea4d2d
12:25:05.0 (12881162)|STATEMENT_EXECUTE|[229]
12:25:05.0 (12883550)|STATEMENT_EXECUTE|[230]
12:25:05.0 (12884728)|STATEMENT_EXECUTE|[233]
12:25:05.0 (12968612)|SYSTEM_MODE_ENTER|true
12:25:05.0 (12988100)|HEAP_ALLOCATE|[EXTERNAL]|Bytes:80
12:25:05.0 (13026024)|VARIABLE_ASSIGNMENT|[EXTERNAL]|this|{"delToHub":true,"delToProj":false,"detail":"0x28b8c95d","invoked":false,"rejected":false,"reserved":false,"selectedTime3":"8:00","sublocations1":"0x757d12b8","www":"0x4b64ccf8","wwwById":"0x361a639c"}|0x2fea4d2d
12:25:05.0 (13032498)|STATEMENT_EXECUTE|[3]
12:25:05.0 (13035404)|STATEMENT_EXECUTE|[4]
12:25:05.0 (13036852)|STATEMENT_EXECUTE|[9]
12:25:05.0 (65246180)|SYSTEM_MODE_ENTER|true
12:25:05.0 (65294700)|HEAP_ALLOCATE|[EXTERNAL]|Bytes:80
12:25:05.0 (65371761)|VARIABLE_ASSIGNMENT|[EXTERNAL]|this|{"delToHub":true,"delToProj":false,"detail":"0x28b8c95d","invoked":false,"rejected":false,"reserved":false,"selectedTime3":"8:00","sublocations1":"0x757d12b8","www":"0x4b64ccf8","wwwById":"0x361a639c"}|0x2fea4d2d
12:25:05.0 (65383658)|STATEMENT_EXECUTE|[186]
12:25:05.0 (65388123)|STATEMENT_EXECUTE|[187]
12:25:05.0 (65389331)|STATEMENT_EXECUTE|[190]
12:25:05.0 (65921222)|SYSTEM_MODE_ENTER|true
12:25:05.0 (65944877)|HEAP_ALLOCATE|[EXTERNAL]|Bytes:80
12:25:05.0 (65990193)|VARIABLE_ASSIGNMENT|[EXTERNAL]|this|{"delToHub":true,"delToProj":false,"detail":"0x28b8c95d","invoked":false,"rejected":false,"reserved":false,"selectedTime3":"8:00","sublocations1":"0x757d12b8","www":"0x4b64ccf8","wwwById":"0x361a639c"}|0x2fea4d2d
12:25:05.0 (65997730)|STATEMENT_EXECUTE|[204]
12:25:05.0 (66001246)|STATEMENT_EXECUTE|[205]
12:25:05.0 (66003170)|STATEMENT_EXECUTE|[208]
12:25:05.0 (66055252)|SYSTEM_MODE_ENTER|true
12:25:05.0 (66086892)|HEAP_ALLOCATE|[EXTERNAL]|Bytes:80
12:25:05.0 (66125451)|VARIABLE_ASSIGNMENT|[EXTERNAL]|this|{"delToHub":true,"delToProj":false,"detail":"0x28b8c95d","invoked":false,"rejected":false,"reserved":false,"selectedTime3":"8:00","sublocations1":"0x757d12b8","www":"0x4b64ccf8","wwwById":"0x361a639c"}|0x2fea4d2d
12:25:05.0 (66130972)|STATEMENT_EXECUTE|[220]
12:25:05.0 (66133148)|STATEMENT_EXECUTE|[221]
12:25:05.0 (66134151)|STATEMENT_EXECUTE|[224]
12:25:05.0 (66182015)|SYSTEM_MODE_ENTER|true
12:25:05.0 (66198686)|HEAP_ALLOCATE|[EXTERNAL]|Bytes:80
12:25:05.0 (66234430)|VARIABLE_ASSIGNMENT|[EXTERNAL]|this|{"delToHub":true,"delToProj":false,"detail":"0x28b8c95d","invoked":false,"rejected":false,"reserved":false,"selectedTime3":"8:00","sublocations1":"0x757d12b8","www":"0x4b64ccf8","wwwById":"0x361a639c"}|0x2fea4d2d
12:25:05.0 (66239804)|STATEMENT_EXECUTE|[212]
12:25:05.0 (66242330)|STATEMENT_EXECUTE|[213]
12:25:05.0 (66243536)|STATEMENT_EXECUTE|[216]
12:25:05.0 (66321756)|SYSTEM_MODE_ENTER|true
12:25:05.0 (66340062)|HEAP_ALLOCATE|[EXTERNAL]|Bytes:80
12:25:05.0 (66376586)|VARIABLE_ASSIGNMENT|[EXTERNAL]|this|{"delToHub":true,"delToProj":false,"detail":"0x28b8c95d","invoked":false,"rejected":false,"reserved":false,"selectedTime3":"8:00","sublocations1":"0x757d12b8","www":"0x4b64ccf8","wwwById":"0x361a639c"}|0x2fea4d2d
12:25:05.0 (66382140)|STATEMENT_EXECUTE|[21]
12:25:05.0 (66384689)|STATEMENT_EXECUTE|[22]
12:25:05.0 (66385826)|STATEMENT_EXECUTE|[26]
12:25:05.0 (75306194)|SYSTEM_MODE_ENTER|true
12:25:05.0 (75335313)|HEAP_ALLOCATE|[EXTERNAL]|Bytes:80
12:25:05.0 (75342285)|VARIABLE_SCOPE_BEGIN|[48]|this|NewDeliveredExtension|true|false
12:25:05.0 (75386850)|VARIABLE_ASSIGNMENT|[48]|this|{"delToHub":true,"delToProj":false,"detail":"0x28b8c95d","invoked":false,"rejected":false,"reserved":false,"selectedTime3":"8:00","sublocations1":"0x757d12b8","www":"0x4b64ccf8","wwwById":"0x361a639c"}|0x2fea4d2d
12:25:05.0 (75395906)|STATEMENT_EXECUTE|[48]
12:25:05.0 (75397527)|STATEMENT_EXECUTE|[49]
12:25:05.0 (75410764)|HEAP_ALLOCATE|[49]|Bytes:4
12:25:05.0 (75449521)|VARIABLE_SCOPE_BEGIN|[49]|options|List<System.SelectOption>|true|false
12:25:05.0 (75490316)|HEAP_ALLOCATE|[EXTERNAL]|Bytes:4
12:25:05.0 (75498755)|VARIABLE_ASSIGNMENT|[49]|options|[]|0x570639db
12:25:05.0 (75502976)|STATEMENT_EXECUTE|[50]
12:25:05.0 (75509316)|VARIABLE_SCOPE_BEGIN|[50]|i|Integer|false|false
12:25:05.0 (75512882)|HEAP_ALLOCATE|[50]|Bytes:4
12:25:05.0 (75517379)|VARIABLE_ASSIGNMENT|[50]|i|0
12:25:05.0 (75522665)|STATEMENT_EXECUTE|[50]
12:25:05.0 (75524467)|STATEMENT_EXECUTE|[51]
12:25:05.0 (75526112)|VARIABLE_SCOPE_BEGIN|[51]|j|Integer|false|false
12:25:05.0 (75527830)|HEAP_ALLOCATE|[51]|Bytes:4
12:25:05.0 (75530597)|VARIABLE_ASSIGNMENT|[51]|j|0
12:25:05.0 (75532696)|STATEMENT_EXECUTE|[51]
12:25:05.0 (75534687)|STATEMENT_EXECUTE|[52]
12:25:05.0 (75535799)|STATEMENT_EXECUTE|[53]
12:25:05.0 (75590716)|HEAP_ALLOCATE|[53]|Bytes:1
12:25:05.0 (75602600)|HEAP_ALLOCATE|[53]|Bytes:2
12:25:05.0 (75610101)|HEAP_ALLOCATE|[53]|Bytes:1
12:25:05.0 (75619877)|HEAP_ALLOCATE|[53]|Bytes:4
12:25:05.0 (75625249)|HEAP_ALLOCATE|[53]|Bytes:1
12:25:05.0 (75632916)|HEAP_ALLOCATE|[53]|Bytes:1
12:25:05.0 (75638000)|HEAP_ALLOCATE|[53]|Bytes:4
12:25:05.0 (75671721)|HEAP_ALLOCATE|[EXTERNAL]|Bytes:4
12:25:05.0 (75677846)|HEAP_ALLOCATE|[51]|Bytes:4
12:25:05.0 (75682894)|VARIABLE_ASSIGNMENT|[51]|j|30
12:25:05.0 (75685928)|STATEMENT_EXECUTE|[51]
12:25:05.0 (75687815)|STATEMENT_EXECUTE|[54]
12:25:05.0 (75688982)|STATEMENT_EXECUTE|[55]
12:25:05.0 (75704659)|HEAP_ALLOCATE|[55]|Bytes:1
12:25:05.0 (75711085)|HEAP_ALLOCATE|[55]|Bytes:1
12:25:05.0 (75716524)|HEAP_ALLOCATE|[55]|Bytes:2
12:25:05.0 (75722061)|HEAP_ALLOCATE|[55]|Bytes:4
12:25:05.0 (75726882)|HEAP_ALLOCATE|[55]|Bytes:1
12:25:05.0 (75734104)|HEAP_ALLOCATE|[55]|Bytes:2
12:25:05.0 (75738891)|HEAP_ALLOCATE|[55]|Bytes:4
12:25:05.0 (75749933)|HEAP_ALLOCATE|[EXTERNAL]|Bytes:4
12:25:05.0 (75753788)|HEAP_ALLOCATE|[51]|Bytes:4
12:25:05.0 (75757695)|VARIABLE_ASSIGNMENT|[51]|j|60
12:25:05.0 (75761134)|HEAP_ALLOCATE|[50]|Bytes:4
12:25:05.0 (75763889)|VARIABLE_ASSIGNMENT|[50]|i|1
12:25:05.0 (75766031)|STATEMENT_EXECUTE|[50]
12:25:05.0 (75767422)|STATEMENT_EXECUTE|[51]
12:25:05.0 (75769405)|VARIABLE_SCOPE_BEGIN|[51]|j|Integer|false|false
12:25:05.0 (75771220)|HEAP_ALLOCATE|[51]|Bytes:4
12:25:05.0 (75773631)|VARIABLE_ASSIGNMENT|[51]|j|0
12:25:05.0 (75775099)|STATEMENT_EXECUTE|[51]
12:25:05.0 (75776426)|STATEMENT_EXECUTE|[52]
12:25:05.0 (75777427)|STATEMENT_EXECUTE|[53]
12:25:05.0 (75784375)|HEAP_ALLOCATE|[53]|Bytes:1
12:25:05.0 (75792094)|HEAP_ALLOCATE|[53]|Bytes:1
12:25:05.0 (75797030)|HEAP_ALLOCATE|[53]|Bytes:4
12:25:05.0 (75801709)|HEAP_ALLOCATE|[53]|Bytes:1
12:25:05.0 (75808909)|HEAP_ALLOCATE|[53]|Bytes:1
12:25:05.0 (75813658)|HEAP_ALLOCATE|[53]|Bytes:4
12:25:05.0 (75819214)|HEAP_ALLOCATE|[EXTERNAL]|Bytes:4
12:25:05.0 (75822563)|HEAP_ALLOCATE|[51]|Bytes:4
12:25:05.0 (75825419)|VARIABLE_ASSIGNMENT|[51]|j|30
12:25:05.0 (75827518)|STATEMENT_EXECUTE|[51]
12:25:05.0 (75828957)|STATEMENT_EXECUTE|[54]
12:25:05.0 (75829912)|STATEMENT_EXECUTE|[55]
12:25:05.0 (75835446)|HEAP_ALLOCATE|[55]|Bytes:1
12:25:05.0 (75842932)|HEAP_ALLOCATE|[55]|Bytes:2
12:25:05.0 (75847647)|HEAP_ALLOCATE|[55]|Bytes:4
12:25:05.0 (75852159)|HEAP_ALLOCATE|[55]|Bytes:1
12:25:05.0 (75859073)|HEAP_ALLOCATE|[55]|Bytes:2
12:25:05.0 (75863798)|HEAP_ALLOCATE|[55]|Bytes:4
12:25:05.0 (75868189)|HEAP_ALLOCATE|[EXTERNAL]|Bytes:4
12:25:05.0 (75871182)|HEAP_ALLOCATE|[51]|Bytes:4
12:25:05.0 (75873823)|VARIABLE_ASSIGNMENT|[51]|j|60
12:25:05.0 (75875656)|HEAP_ALLOCATE|[50]|Bytes:4
12:25:05.0 (75877967)|VARIABLE_ASSIGNMENT|[50]|i|2
12:25:05.0 (75879541)|STATEMENT_EXECUTE|[50]
12:25:05.0 (75880738)|STATEMENT_EXECUTE|[51]
12:25:05.0 (75882263)|VARIABLE_SCOPE_BEGIN|[51]|j|Integer|false|false
12:25:05.0 (75883726)|HEAP_ALLOCATE|[51]|Bytes:4
12:25:05.0 (75886006)|VARIABLE_ASSIGNMENT|[51]|j|0
12:25:05.0 (75887360)|STATEMENT_EXECUTE|[51]
12:25:05.0 (75888571)|STATEMENT_EXECUTE|[52]
12:25:05.0 (75889669)|STATEMENT_EXECUTE|[53]
12:25:05.0 (75894915)|HEAP_ALLOCATE|[53]|Bytes:1
12:25:05.0 (75902215)|HEAP_ALLOCATE|[53]|Bytes:1
12:25:05.0 (75906841)|HEAP_ALLOCATE|[53]|Bytes:4
12:25:05.0 (75911426)|HEAP_ALLOCATE|[53]|Bytes:1
12:25:05.0 (75918414)|HEAP_ALLOCATE|[53]|Bytes:1
12:25:05.0 (75923034)|HEAP_ALLOCATE|[53]|Bytes:4
12:25:05.0 (75927279)|HEAP_ALLOCATE|[EXTERNAL]|Bytes:4
12:25:05.0 (75930397)|HEAP_ALLOCATE|[51]|Bytes:4
12:25:05.0 (75933083)|VARIABLE_ASSIGNMENT|[51]|j|30
12:25:05.0 (75935002)|STATEMENT_EXECUTE|[51]
12:25:05.0 (75936319)|STATEMENT_EXECUTE|[54]
12:25:05.0 (75937281)|STATEMENT_EXECUTE|[55]
12:25:05.0 (75942407)|HEAP_ALLOCATE|[55]|Bytes:1
12:25:05.0 (75949730)|HEAP_ALLOCATE|[55]|Bytes:2
12:25:05.0 (75954470)|HEAP_ALLOCATE|[55]|Bytes:4
12:25:05.0 (75958961)|HEAP_ALLOCATE|[55]|Bytes:1
12:25:05.0 (75966078)|HEAP_ALLOCATE|[55]|Bytes:2
12:25:05.0 (75970579)|HEAP_ALLOCATE|[55]|Bytes:4
12:25:05.0 (75974687)|HEAP_ALLOCATE|[EXTERNAL]|Bytes:4
12:25:05.0 (75977713)|HEAP_ALLOCATE|[51]|Bytes:4
12:25:05.0 (75980491)|VARIABLE_ASSIGNMENT|[51]|j|60
12:25:05.0 (75982310)|HEAP_ALLOCATE|[50]|Bytes:4
12:25:05.0 (75984614)|VARIABLE_ASSIGNMENT|[50]|i|3
12:25:05.0 (75986116)|STATEMENT_EXECUTE|[50]
12:25:05.0 (75987297)|STATEMENT_EXECUTE|[51]
12:25:05.0 (75988847)|VARIABLE_SCOPE_BEGIN|[51]|j|Integer|false|false
12:25:05.0 (75990389)|HEAP_ALLOCATE|[51]|Bytes:4
12:25:05.0 (75992602)|VARIABLE_ASSIGNMENT|[51]|j|0
12:25:05.0 (75993941)|STATEMENT_EXECUTE|[51]
12:25:05.0 (75995169)|STATEMENT_EXECUTE|[52]
12:25:05.0 (75996124)|STATEMENT_EXECUTE|[53]
12:25:05.0 (76001331)|HEAP_ALLOCATE|[53]|Bytes:1
12:25:05.0 (76009535)|HEAP_ALLOCATE|[53]|Bytes:1
12:25:05.0 (76014249)|HEAP_ALLOCATE|[53]|Bytes:4
12:25:05.0 (76018895)|HEAP_ALLOCATE|[53]|Bytes:1
12:25:05.0 (76025870)|HEAP_ALLOCATE|[53]|Bytes:1
12:25:05.0 (76030455)|HEAP_ALLOCATE|[53]|Bytes:4
12:25:05.0 (76034858)|HEAP_ALLOCATE|[EXTERNAL]|Bytes:4
12:25:05.0 (76037976)|HEAP_ALLOCATE|[51]|Bytes:4
12:25:05.0 (76040659)|VARIABLE_ASSIGNMENT|[51]|j|30
12:25:05.0 (76042286)|STATEMENT_EXECUTE|[51]
12:25:05.0 (76043709)|STATEMENT_EXECUTE|[54]
12:25:05.0 (76044705)|STATEMENT_EXECUTE|[55]
12:25:05.0 (76049808)|HEAP_ALLOCATE|[55]|Bytes:1
12:25:05.0 (76057169)|HEAP_ALLOCATE|[55]|Bytes:2
12:25:05.0 (76061864)|HEAP_ALLOCATE|[55]|Bytes:4
12:25:05.0 (76066391)|HEAP_ALLOCATE|[55]|Bytes:1
12:25:05.0 (76073608)|HEAP_ALLOCATE|[55]|Bytes:2
12:25:05.0 (76084001)|HEAP_ALLOCATE|[55]|Bytes:4
12:25:05.0 (76089382)|HEAP_ALLOCATE|[EXTERNAL]|Bytes:4
12:25:05.0 (76092555)|HEAP_ALLOCATE|[51]|Bytes:4
12:25:05.0 (76095492)|VARIABLE_ASSIGNMENT|[51]|j|60
12:25:05.0 (76097515)|HEAP_ALLOCATE|[50]|Bytes:4
12:25:05.0 (76099806)|VARIABLE_ASSIGNMENT|[50]|i|4
12:25:05.0 (76101467)|STATEMENT_EXECUTE|[50]
12:25:05.0 (76102719)|STATEMENT_EXECUTE|[51]
12:25:05.0 (76104304)|VARIABLE_SCOPE_BEGIN|[51]|j|Integer|false|false
12:25:05.0 (76105670)|HEAP_ALLOCATE|[51]|Bytes:4
12:25:05.0 (76107838)|VARIABLE_ASSIGNMENT|[51]|j|0
12:25:05.0 (76109216)|STATEMENT_EXECUTE|[51]
12:25:05.0 (76110429)|STATEMENT_EXECUTE|[52]
12:25:05.0 (76111382)|STATEMENT_EXECUTE|[53]
12:25:05.0 (76117509)|HEAP_ALLOCATE|[53]|Bytes:1
12:25:05.0 (76124974)|HEAP_ALLOCATE|[53]|Bytes:1
12:25:05.0 (76129725)|HEAP_ALLOCATE|[53]|Bytes:4
12:25:05.0 (76134215)|HEAP_ALLOCATE|[53]|Bytes:1
12:25:05.0 (76141160)|HEAP_ALLOCATE|[53]|Bytes:1
12:25:05.0 (76145718)|HEAP_ALLOCATE|[53]|Bytes:4
12:25:05.0 (76150117)|HEAP_ALLOCATE|[EXTERNAL]|Bytes:4
12:25:05.0 (76153249)|HEAP_ALLOCATE|[51]|Bytes:4
12:25:05.0 (76155900)|VARIABLE_ASSIGNMENT|[51]|j|30
12:25:05.0 (76157561)|STATEMENT_EXECUTE|[51]
12:25:05.0 (76158938)|STATEMENT_EXECUTE|[54]
12:25:05.0 (76160266)|STATEMENT_EXECUTE|[55]
12:25:05.0 (76168385)|HEAP_ALLOCATE|[55]|Bytes:1
12:25:05.0 (76176123)|HEAP_ALLOCATE|[55]|Bytes:2
12:25:05.0 (76180990)|HEAP_ALLOCATE|[55]|Bytes:4
12:25:05.0 (76185657)|HEAP_ALLOCATE|[55]|Bytes:1
12:25:05.0 (76192556)|HEAP_ALLOCATE|[55]|Bytes:2
12:25:05.0 (76197144)|HEAP_ALLOCATE|[55]|Bytes:4
12:25:05.0 (76201712)|HEAP_ALLOCATE|[EXTERNAL]|Bytes:4
12:25:05.0 (76204805)|HEAP_ALLOCATE|[51]|Bytes:4
12:25:05.0 (76207904)|VARIABLE_ASSIGNMENT|[51]|j|60
12:25:05.0 (76209806)|HEAP_ALLOCATE|[50]|Bytes:4
12:25:05.0 (76212106)|VARIABLE_ASSIGNMENT|[50]|i|5
12:25:05.0 (76213860)|STATEMENT_EXECUTE|[50]
12:25:05.0 (76215102)|STATEMENT_EXECUTE|[51]
12:25:05.0 (76216620)|VARIABLE_SCOPE_BEGIN|[51]|j|Integer|false|false
12:25:05.0 (76218147)|HEAP_ALLOCATE|[51]|Bytes:4
12:25:05.0 (76220324)|VARIABLE_ASSIGNMENT|[51]|j|0
12:25:05.0 (76221672)|STATEMENT_EXECUTE|[51]
12:25:05.0 (76222881)|STATEMENT_EXECUTE|[52]
12:25:05.0 (76223840)|STATEMENT_EXECUTE|[53]
12:25:05.0 (76229336)|HEAP_ALLOCATE|[53]|Bytes:1
12:25:05.0 (76236735)|HEAP_ALLOCATE|[53]|Bytes:1
12:25:05.0 (76241702)|HEAP_ALLOCATE|[53]|Bytes:4
12:25:05.0 (76246216)|HEAP_ALLOCATE|[53]|Bytes:1
12:25:05.0 (76253171)|HEAP_ALLOCATE|[53]|Bytes:1
12:25:05.0 (76257671)|HEAP_ALLOCATE|[53]|Bytes:4
12:25:05.0 (76261982)|HEAP_ALLOCATE|[EXTERNAL]|Bytes:4
12:25:05.0 (76265202)|HEAP_ALLOCATE|[51]|Bytes:4
12:25:05.0 (76267825)|VARIABLE_ASSIGNMENT|[51]|j|30
12:25:05.0 (76269470)|STATEMENT_EXECUTE|[51]
12:25:05.0 (76271082)|STATEMENT_EXECUTE|[54]
12:25:05.0 (76272324)|STATEMENT_EXECUTE|[55]
12:25:05.0 (76277378)|HEAP_ALLOCATE|[55]|Bytes:1
12:25:05.0 (76284723)|HEAP_ALLOCATE|[55]|Bytes:2
12:25:05.0 (76289469)|HEAP_ALLOCATE|[55]|Bytes:4
12:25:05.0 (76293895)|HEAP_ALLOCATE|[55]|Bytes:1
12:25:05.0 (76300861)|HEAP_ALLOCATE|[55]|Bytes:2
12:25:05.0 (76305429)|HEAP_ALLOCATE|[55]|Bytes:4
12:25:05.0 (76309499)|HEAP_ALLOCATE|[EXTERNAL]|Bytes:4
12:25:05.0 (76312529)|HEAP_ALLOCATE|[51]|Bytes:4
12:25:05.0 (76315259)|VARIABLE_ASSIGNMENT|[51]|j|60
12:25:05.0 (76317042)|HEAP_ALLOCATE|[50]|Bytes:4
12:25:05.0 (76319243)|VARIABLE_ASSIGNMENT|[50]|i|6
12:25:05.0 (76320806)|STATEMENT_EXECUTE|[50]
12:25:05.0 (76322012)|STATEMENT_EXECUTE|[51]
12:25:05.0 (76323517)|VARIABLE_SCOPE_BEGIN|[51]|j|Integer|false|false
12:25:05.0 (76324816)|HEAP_ALLOCATE|[51]|Bytes:4
12:25:05.0 (76327035)|VARIABLE_ASSIGNMENT|[51]|j|0
12:25:05.0 (76328396)|STATEMENT_EXECUTE|[51]
12:25:05.0 (76329571)|STATEMENT_EXECUTE|[52]
12:25:05.0 (76330554)|STATEMENT_EXECUTE|[53]
12:25:05.0 (76336397)|HEAP_ALLOCATE|[53]|Bytes:1
12:25:05.0 (76343639)|HEAP_ALLOCATE|[53]|Bytes:1
12:25:05.0 (76348345)|HEAP_ALLOCATE|[53]|Bytes:4
12:25:05.0 (76352850)|HEAP_ALLOCATE|[53]|Bytes:1
12:25:05.0 (76359731)|HEAP_ALLOCATE|[53]|Bytes:1
12:25:05.0 (76364377)|HEAP_ALLOCATE|[53]|Bytes:4
12:25:05.0 (76368541)|HEAP_ALLOCATE|[EXTERNAL]|Bytes:4
12:25:05.0 (76371604)|HEAP_ALLOCATE|[51]|Bytes:4
12:25:05.0 (76374305)|VARIABLE_ASSIGNMENT|[51]|j|30
12:25:05.0 (76375847)|STATEMENT_EXECUTE|[51]
12:25:05.0 (76377131)|STATEMENT_EXECUTE|[54]
12:25:05.0 (76378080)|STATEMENT_EXECUTE|[55]
12:25:05.0 (76383037)|HEAP_ALLOCATE|[55]|Bytes:1
12:25:05.0 (76390334)|HEAP_ALLOCATE|[55]|Bytes:2
12:25:05.0 (76395036)|HEAP_ALLOCATE|[55]|Bytes:4
12:25:05.0 (76399502)|HEAP_ALLOCATE|[55]|Bytes:1
12:25:05.0 (76406386)|HEAP_ALLOCATE|[55]|Bytes:2
12:25:05.0 (76411088)|HEAP_ALLOCATE|[55]|Bytes:4
12:25:05.0 (76415403)|HEAP_ALLOCATE|[EXTERNAL]|Bytes:4
12:25:05.0 (76418364)|HEAP_ALLOCATE|[51]|Bytes:4
12:25:05.0 (76420981)|VARIABLE_ASSIGNMENT|[51]|j|60
12:25:05.0 (76423064)|HEAP_ALLOCATE|[50]|Bytes:4
12:25:05.0 (76425283)|VARIABLE_ASSIGNMENT|[50]|i|7
12:25:05.0 (76426855)|STATEMENT_EXECUTE|[50]
12:25:05.0 (76428082)|STATEMENT_EXECUTE|[51]
12:25:05.0 (76429587)|VARIABLE_SCOPE_BEGIN|[51]|j|Integer|false|false
12:25:05.0 (76430920)|HEAP_ALLOCATE|[51]|Bytes:4
12:25:05.0 (76433095)|VARIABLE_ASSIGNMENT|[51]|j|0
12:25:05.0 (76434471)|STATEMENT_EXECUTE|[51]
12:25:05.0 (76435672)|STATEMENT_EXECUTE|[52]
12:25:05.0 (76436654)|STATEMENT_EXECUTE|[53]
12:25:05.0 (76442105)|HEAP_ALLOCATE|[53]|Bytes:1
12:25:05.0 (76449516)|HEAP_ALLOCATE|[53]|Bytes:1
12:25:05.0 (76454187)|HEAP_ALLOCATE|[53]|Bytes:4
12:25:05.0 (76458743)|HEAP_ALLOCATE|[53]|Bytes:1
12:25:05.0 (76465676)|HEAP_ALLOCATE|[53]|Bytes:1
12:25:05.0 (76470176)|HEAP_ALLOCATE|[53]|Bytes:4
12:25:05.0 (76474317)|HEAP_ALLOCATE|[EXTERNAL]|Bytes:4
12:25:05.0 (76477364)|HEAP_ALLOCATE|[51]|Bytes:4
12:25:05.0 (76480027)|VARIABLE_ASSIGNMENT|[51]|j|30
12:25:05.0 (76481675)|STATEMENT_EXECUTE|[51]
12:25:05.0 (76483251)|STATEMENT_EXECUTE|[54]
12:25:05.0 (76484322)|STATEMENT_EXECUTE|[55]
12:25:05.0 (76489398)|HEAP_ALLOCATE|[55]|Bytes:1
12:25:05.0 (76496712)|HEAP_ALLOCATE|[55]|Bytes:2
12:25:05.0 (76501395)|HEAP_ALLOCATE|[55]|Bytes:4
12:25:05.0 (76505853)|HEAP_ALLOCATE|[55]|Bytes:1
12:25:05.0 (76512824)|HEAP_ALLOCATE|[55]|Bytes:2
12:25:05.0 (76517387)|HEAP_ALLOCATE|[55]|Bytes:4
12:25:05.0 (76521798)|HEAP_ALLOCATE|[EXTERNAL]|Bytes:4
12:25:05.0 (76524810)|HEAP_ALLOCATE|[51]|Bytes:4
12:25:05.0 (76527422)|VARIABLE_ASSIGNMENT|[51]|j|60
12:25:05.0 (76529054)|HEAP_ALLOCATE|[50]|Bytes:4
12:25:05.0 (76531273)|VARIABLE_ASSIGNMENT|[50]|i|8
12:25:05.0 (76532844)|STATEMENT_EXECUTE|[50]
12:25:05.0 (76534094)|STATEMENT_EXECUTE|[51]
12:25:05.0 (76535613)|VARIABLE_SCOPE_BEGIN|[51]|j|Integer|false|false
12:25:05.0 (76537062)|HEAP_ALLOCATE|[51]|Bytes:4
12:25:05.0 (76539275)|VARIABLE_ASSIGNMENT|[51]|j|0
12:25:05.0 (76540621)|STATEMENT_EXECUTE|[51]
12:25:05.0 (76541807)|STATEMENT_EXECUTE|[52]
12:25:05.0 (76542759)|STATEMENT_EXECUTE|[53]
12:25:05.0 (76548324)|HEAP_ALLOCATE|[53]|Bytes:1
12:25:05.0 (76555596)|HEAP_ALLOCATE|[53]|Bytes:1
12:25:05.0 (76560289)|HEAP_ALLOCATE|[53]|Bytes:4
12:25:05.0 (76564736)|HEAP_ALLOCATE|[53]|Bytes:1
12:25:05.0 (76571661)|HEAP_ALLOCATE|[53]|Bytes:1
12:25:05.0 (76576216)|HEAP_ALLOCATE|[53]|Bytes:4
12:25:05.0 (76580473)|HEAP_ALLOCATE|[EXTERNAL]|Bytes:4
12:25:05.0 (76583512)|HEAP_ALLOCATE|[51]|Bytes:4
12:25:05.0 (76586107)|VARIABLE_ASSIGNMENT|[51]|j|30
12:25:05.0 (76587688)|STATEMENT_EXECUTE|[51]
12:25:05.0 (76588951)|STATEMENT_EXECUTE|[54]
12:25:05.0 (76589912)|STATEMENT_EXECUTE|[55]
12:25:05.0 (76594899)|HEAP_ALLOCATE|[55]|Bytes:1
12:25:05.0 (76602136)|HEAP_ALLOCATE|[55]|Bytes:2
12:25:05.0 (76606843)|HEAP_ALLOCATE|[55]|Bytes:4
12:25:05.0 (76611336)|HEAP_ALLOCATE|[55]|Bytes:1
12:25:05.0 (76618270)|HEAP_ALLOCATE|[55]|Bytes:2
12:25:05.0 (76622827)|HEAP_ALLOCATE|[55]|Bytes:4
12:25:05.0 (76626936)|HEAP_ALLOCATE|[EXTERNAL]|Bytes:4
12:25:05.0 (76629878)|HEAP_ALLOCATE|[51]|Bytes:4
12:25:05.0 (76632633)|VARIABLE_ASSIGNMENT|[51]|j|60
12:25:05.0 (76634753)|HEAP_ALLOCATE|[50]|Bytes:4
12:25:05.0 (76636969)|VARIABLE_ASSIGNMENT|[50]|i|9
12:25:05.0 (76638494)|STATEMENT_EXECUTE|[50]
12:25:05.0 (76639688)|STATEMENT_EXECUTE|[51]
12:25:05.0 (76641193)|VARIABLE_SCOPE_BEGIN|[51]|j|Integer|false|false
12:25:05.0 (76642504)|HEAP_ALLOCATE|[51]|Bytes:4
12:25:05.0 (76644676)|VARIABLE_ASSIGNMENT|[51]|j|0
12:25:05.0 (76646019)|STATEMENT_EXECUTE|[51]
12:25:05.0 (76647250)|STATEMENT_EXECUTE|[52]
12:25:05.0 (76648202)|STATEMENT_EXECUTE|[53]
12:25:05.0 (76653544)|HEAP_ALLOCATE|[53]|Bytes:1
12:25:05.0 (76660785)|HEAP_ALLOCATE|[53]|Bytes:1
12:25:05.0 (76665368)|HEAP_ALLOCATE|[53]|Bytes:4
12:25:05.0 (76669848)|HEAP_ALLOCATE|[53]|Bytes:1
12:25:05.0 (76676721)|HEAP_ALLOCATE|[53]|Bytes:1
12:25:05.0 (76681276)|HEAP_ALLOCATE|[53]|Bytes:4
12:25:05.0 (76685463)|HEAP_ALLOCATE|[EXTERNAL]|Bytes:4
12:25:05.0 (76688505)|HEAP_ALLOCATE|[51]|Bytes:4
12:25:05.0 (76691075)|VARIABLE_ASSIGNMENT|[51]|j|30
12:25:05.0 (76692739)|STATEMENT_EXECUTE|[51]
12:25:05.0 (76694021)|STATEMENT_EXECUTE|[54]
12:25:05.0 (76695142)|STATEMENT_EXECUTE|[55]
12:25:05.0 (76700344)|HEAP_ALLOCATE|[55]|Bytes:1
12:25:05.0 (76707929)|HEAP_ALLOCATE|[55]|Bytes:2
12:25:05.0 (76712642)|HEAP_ALLOCATE|[55]|Bytes:4
12:25:05.0 (76717217)|HEAP_ALLOCATE|[55]|Bytes:1
12:25:05.0 (76724068)|HEAP_ALLOCATE|[55]|Bytes:2
12:25:05.0 (76728622)|HEAP_ALLOCATE|[55]|Bytes:4
12:25:05.0 (76732806)|HEAP_ALLOCATE|[EXTERNAL]|Bytes:4
12:25:05.0 (76735746)|HEAP_ALLOCATE|[51]|Bytes:4
12:25:05.0 (76738388)|VARIABLE_ASSIGNMENT|[51]|j|60
12:25:05.0 (76740206)|HEAP_ALLOCATE|[50]|Bytes:4
12:25:05.0 (76742452)|VARIABLE_ASSIGNMENT|[50]|i|10
12:25:05.0 (76743988)|STATEMENT_EXECUTE|[50]
12:25:05.0 (76745183)|STATEMENT_EXECUTE|[51]
12:25:05.0 (76746706)|VARIABLE_SCOPE_BEGIN|[51]|j|Integer|false|false
12:25:05.0 (76748006)|HEAP_ALLOCATE|[51]|Bytes:4
12:25:05.0 (76750210)|VARIABLE_ASSIGNMENT|[51]|j|0
12:25:05.0 (76751606)|STATEMENT_EXECUTE|[51]
12:25:05.0 (76752804)|STATEMENT_EXECUTE|[52]
12:25:05.0 (76753842)|STATEMENT_EXECUTE|[53]
12:25:05.0 (76759266)|HEAP_ALLOCATE|[53]|Bytes:2
12:25:05.0 (76766634)|HEAP_ALLOCATE|[53]|Bytes:1
12:25:05.0 (76771394)|HEAP_ALLOCATE|[53]|Bytes:5
12:25:05.0 (76775866)|HEAP_ALLOCATE|[53]|Bytes:2
12:25:05.0 (76782734)|HEAP_ALLOCATE|[53]|Bytes:1
12:25:05.0 (76787333)|HEAP_ALLOCATE|[53]|Bytes:5
12:25:05.0 (76791510)|HEAP_ALLOCATE|[EXTERNAL]|Bytes:4
12:25:05.0 (76794516)|HEAP_ALLOCATE|[51]|Bytes:4
12:25:05.0 (76797131)|VARIABLE_ASSIGNMENT|[51]|j|30
12:25:05.0 (76798696)|STATEMENT_EXECUTE|[51]
12:25:05.0 (76799957)|STATEMENT_EXECUTE|[54]
12:25:05.0 (76800920)|STATEMENT_EXECUTE|[55]
12:25:05.0 (76806024)|HEAP_ALLOCATE|[55]|Bytes:2
12:25:05.0 (76813339)|HEAP_ALLOCATE|[55]|Bytes:2
12:25:05.0 (76818052)|HEAP_ALLOCATE|[55]|Bytes:5
12:25:05.0 (76822503)|HEAP_ALLOCATE|[55]|Bytes:2
12:25:05.0 (76829347)|HEAP_ALLOCATE|[55]|Bytes:2
12:25:05.0 (76833882)|HEAP_ALLOCATE|[55]|Bytes:5
12:25:05.0 (76837931)|HEAP_ALLOCATE|[EXTERNAL]|Bytes:4
12:25:05.0 (76840903)|HEAP_ALLOCATE|[51]|Bytes:4
12:25:05.0 (76843491)|VARIABLE_ASSIGNMENT|[51]|j|60
12:25:05.0 (76845578)|HEAP_ALLOCATE|[50]|Bytes:4
12:25:05.0 (76847809)|VARIABLE_ASSIGNMENT|[50]|i|11
12:25:05.0 (76849300)|STATEMENT_EXECUTE|[50]
12:25:05.0 (76850494)|STATEMENT_EXECUTE|[51]
12:25:05.0 (76851982)|VARIABLE_SCOPE_BEGIN|[51]|j|Integer|false|false
12:25:05.0 (76853274)|HEAP_ALLOCATE|[51]|Bytes:4
12:25:05.0 (76855487)|VARIABLE_ASSIGNMENT|[51]|j|0
12:25:05.0 (76856837)|STATEMENT_EXECUTE|[51]
12:25:05.0 (76858033)|STATEMENT_EXECUTE|[52]
12:25:05.0 (76859041)|STATEMENT_EXECUTE|[53]
12:25:05.0 (76864241)|HEAP_ALLOCATE|[53]|Bytes:2
12:25:05.0 (76871588)|HEAP_ALLOCATE|[53]|Bytes:1
12:25:05.0 (76876270)|HEAP_ALLOCATE|[53]|Bytes:5
12:25:05.0 (76880734)|HEAP_ALLOCATE|[53]|Bytes:2
12:25:05.0 (76887578)|HEAP_ALLOCATE|[53]|Bytes:1
12:25:05.0 (76892312)|HEAP_ALLOCATE|[53]|Bytes:5
12:25:05.0 (76896438)|HEAP_ALLOCATE|[EXTERNAL]|Bytes:4
12:25:05.0 (76899634)|HEAP_ALLOCATE|[51]|Bytes:4
12:25:05.0 (76902224)|VARIABLE_ASSIGNMENT|[51]|j|30
12:25:05.0 (76903917)|STATEMENT_EXECUTE|[51]
12:25:05.0 (76905181)|STATEMENT_EXECUTE|[54]
12:25:05.0 (76906274)|STATEMENT_EXECUTE|[55]
12:25:05.0 (76911472)|HEAP_ALLOCATE|[55]|Bytes:2
12:25:05.0 (76918780)|HEAP_ALLOCATE|[55]|Bytes:2
12:25:05.0 (76923490)|HEAP_ALLOCATE|[55]|Bytes:5
12:25:05.0 (76927951)|HEAP_ALLOCATE|[55]|Bytes:2
12:25:05.0 (76934830)|HEAP_ALLOCATE|[55]|Bytes:2
12:25:05.0 (76939474)|HEAP_ALLOCATE|[55]|Bytes:5
12:25:05.0 (76943500)|HEAP_ALLOCATE|[EXTERNAL]|Bytes:4
12:25:05.0 (76946483)|HEAP_ALLOCATE|[51]|Bytes:4
12:25:05.0 (76949113)|VARIABLE_ASSIGNMENT|[51]|j|60
12:25:05.0 (76950829)|HEAP_ALLOCATE|[50]|Bytes:4
12:25:05.0 (76953029)|VARIABLE_ASSIGNMENT|[50]|i|12
12:25:05.0 (76954535)|STATEMENT_EXECUTE|[50]
12:25:05.0 (76955736)|STATEMENT_EXECUTE|[51]
12:25:05.0 (76957243)|VARIABLE_SCOPE_BEGIN|[51]|j|Integer|false|false
12:25:05.0 (76958560)|HEAP_ALLOCATE|[51]|Bytes:4
12:25:05.0 (76960798)|VARIABLE_ASSIGNMENT|[51]|j|0
12:25:05.0 (76962152)|STATEMENT_EXECUTE|[51]
12:25:05.0 (76963363)|STATEMENT_EXECUTE|[52]
12:25:05.0 (76964373)|STATEMENT_EXECUTE|[53]
12:25:05.0 (76969527)|HEAP_ALLOCATE|[53]|Bytes:2
12:25:05.0 (76977396)|HEAP_ALLOCATE|[53]|Bytes:1
12:25:05.0 (76982049)|HEAP_ALLOCATE|[53]|Bytes:5
12:25:05.0 (76986493)|HEAP_ALLOCATE|[53]|Bytes:2
12:25:05.0 (76993404)|HEAP_ALLOCATE|[53]|Bytes:1
12:25:05.0 (76997993)|HEAP_ALLOCATE|[53]|Bytes:5
12:25:05.0 (77002129)|HEAP_ALLOCATE|[EXTERNAL]|Bytes:4
12:25:05.0 (77005790)|HEAP_ALLOCATE|[51]|Bytes:4
12:25:05.0 (77008581)|VARIABLE_ASSIGNMENT|[51]|j|30
12:25:05.0 (77010167)|STATEMENT_EXECUTE|[51]
12:25:05.0 (77011431)|STATEMENT_EXECUTE|[54]
12:25:05.0 (77012392)|STATEMENT_EXECUTE|[55]
12:25:05.0 (77017545)|HEAP_ALLOCATE|[55]|Bytes:2
12:25:05.0 (77024824)|HEAP_ALLOCATE|[55]|Bytes:2
12:25:05.0 (77029511)|HEAP_ALLOCATE|[55]|Bytes:5
12:25:05.0 (77034027)|HEAP_ALLOCATE|[55]|Bytes:2
12:25:05.0 (77040931)|HEAP_ALLOCATE|[55]|Bytes:2
12:25:05.0 (77045496)|HEAP_ALLOCATE|[55]|Bytes:5
12:25:05.0 (77049682)|HEAP_ALLOCATE|[EXTERNAL]|Bytes:4
12:25:05.0 (77052603)|HEAP_ALLOCATE|[51]|Bytes:4
12:25:05.0 (77055249)|VARIABLE_ASSIGNMENT|[51]|j|60
12:25:05.0 (77057274)|HEAP_ALLOCATE|[50]|Bytes:4
12:25:05.0 (77059527)|VARIABLE_ASSIGNMENT|[50]|i|13
12:25:05.0 (77061057)|STATEMENT_EXECUTE|[50]
12:25:05.0 (77062321)|STATEMENT_EXECUTE|[51]
12:25:05.0 (77063822)|VARIABLE_SCOPE_BEGIN|[51]|j|Integer|false|false
12:25:05.0 (77065303)|HEAP_ALLOCATE|[51]|Bytes:4
12:25:05.0 (77067609)|VARIABLE_ASSIGNMENT|[51]|j|0
12:25:05.0 (77069046)|STATEMENT_EXECUTE|[51]
12:25:05.0 (77070455)|STATEMENT_EXECUTE|[52]
12:25:05.0 (77071479)|STATEMENT_EXECUTE|[53]
12:25:05.0 (77079996)|HEAP_ALLOCATE|[53]|Bytes:2
12:25:05.0 (77087597)|HEAP_ALLOCATE|[53]|Bytes:1
12:25:05.0 (77092411)|HEAP_ALLOCATE|[53]|Bytes:5
12:25:05.0 (77096942)|HEAP_ALLOCATE|[53]|Bytes:2
12:25:05.0 (77103727)|HEAP_ALLOCATE|[53]|Bytes:1
12:25:05.0 (77108255)|HEAP_ALLOCATE|[53]|Bytes:5
12:25:05.0 (77112766)|HEAP_ALLOCATE|[EXTERNAL]|Bytes:4
12:25:05.0 (77115958)|HEAP_ALLOCATE|[51]|Bytes:4
12:25:05.0 (77118735)|VARIABLE_ASSIGNMENT|[51]|j|30
12:25:05.0 (77120410)|STATEMENT_EXECUTE|[51]
12:25:05.0 (77121705)|STATEMENT_EXECUTE|[54]
12:25:05.0 (77123005)|STATEMENT_EXECUTE|[55]
12:25:05.0 (77128443)|HEAP_ALLOCATE|[55]|Bytes:2
12:25:05.0 (77135701)|HEAP_ALLOCATE|[55]|Bytes:2
12:25:05.0 (77140412)|HEAP_ALLOCATE|[55]|Bytes:5
12:25:05.0 (77145115)|HEAP_ALLOCATE|[55]|Bytes:2
12:25:05.0 (77152006)|HEAP_ALLOCATE|[55]|Bytes:2
12:25:05.0 (77156819)|HEAP_ALLOCATE|[55]|Bytes:5
12:25:05.0 (77162054)|HEAP_ALLOCATE|[EXTERNAL]|Bytes:4
12:25:05.0 (77165837)|HEAP_ALLOCATE|[51]|Bytes:4
12:25:05.0 (77168763)|VARIABLE_ASSIGNMENT|[51]|j|60
12:25:05.0 (77170520)|HEAP_ALLOCATE|[50]|Bytes:4
12:25:05.0 (77172737)|VARIABLE_ASSIGNMENT|[50]|i|14
12:25:05.0 (77174286)|STATEMENT_EXECUTE|[50]
12:25:05.0 (77175520)|STATEMENT_EXECUTE|[51]
12:25:05.0 (77177033)|VARIABLE_SCOPE_BEGIN|[51]|j|Integer|false|false
12:25:05.0 (77178353)|HEAP_ALLOCATE|[51]|Bytes:4
12:25:05.0 (77180592)|VARIABLE_ASSIGNMENT|[51]|j|0
12:25:05.0 (77182000)|STATEMENT_EXECUTE|[51]
12:25:05.0 (77183221)|STATEMENT_EXECUTE|[52]
12:25:05.0 (77184166)|STATEMENT_EXECUTE|[53]
12:25:05.0 (77189758)|HEAP_ALLOCATE|[53]|Bytes:2
12:25:05.0 (77197663)|HEAP_ALLOCATE|[53]|Bytes:1
12:25:05.0 (77202391)|HEAP_ALLOCATE|[53]|Bytes:5
12:25:05.0 (77206947)|HEAP_ALLOCATE|[53]|Bytes:2
12:25:05.0 (77213795)|HEAP_ALLOCATE|[53]|Bytes:1
12:25:05.0 (77218310)|HEAP_ALLOCATE|[53]|Bytes:5
12:25:05.0 (77222524)|HEAP_ALLOCATE|[EXTERNAL]|Bytes:4
12:25:05.0 (77225586)|HEAP_ALLOCATE|[51]|Bytes:4
12:25:05.0 (77228218)|VARIABLE_ASSIGNMENT|[51]|j|30
12:25:05.0 (77229816)|STATEMENT_EXECUTE|[51]
12:25:05.0 (77231093)|STATEMENT_EXECUTE|[54]
12:25:05.0 (77232143)|STATEMENT_EXECUTE|[55]
12:25:05.0 (77237160)|HEAP_ALLOCATE|[55]|Bytes:2
12:25:05.0 (77244573)|HEAP_ALLOCATE|[55]|Bytes:2
12:25:05.0 (77249237)|HEAP_ALLOCATE|[55]|Bytes:5
12:25:05.0 (77253812)|HEAP_ALLOCATE|[55]|Bytes:2
12:25:05.0 (77260644)|HEAP_ALLOCATE|[55]|Bytes:2
12:25:05.0 (77265216)|HEAP_ALLOCATE|[55]|Bytes:5
12:25:05.0 (77269328)|HEAP_ALLOCATE|[EXTERNAL]|Bytes:4
12:25:05.0 (77272309)|HEAP_ALLOCATE|[51]|Bytes:4
12:25:05.0 (77274903)|VARIABLE_ASSIGNMENT|[51]|j|60
12:25:05.0 (77277176)|HEAP_ALLOCATE|[50]|Bytes:4
12:25:05.0 (77279379)|VARIABLE_ASSIGNMENT|[50]|i|15
12:25:05.0 (77280899)|STATEMENT_EXECUTE|[50]
12:25:05.0 (77282082)|STATEMENT_EXECUTE|[51]
12:25:05.0 (77283591)|VARIABLE_SCOPE_BEGIN|[51]|j|Integer|false|false
12:25:05.0 (77284963)|HEAP_ALLOCATE|[51]|Bytes:4
12:25:05.0 (77287164)|VARIABLE_ASSIGNMENT|[51]|j|0
12:25:05.0 (77288545)|STATEMENT_EXECUTE|[51]
12:25:05.0 (77289907)|STATEMENT_EXECUTE|[52]
12:25:05.0 (77290880)|STATEMENT_EXECUTE|[53]
12:25:05.0 (77296172)|HEAP_ALLOCATE|[53]|Bytes:2
12:25:05.0 (77303484)|HEAP_ALLOCATE|[53]|Bytes:1
12:25:05.0 (77308219)|HEAP_ALLOCATE|[53]|Bytes:5
12:25:05.0 (77312725)|HEAP_ALLOCATE|[53]|Bytes:2
12:25:05.0 (77319676)|HEAP_ALLOCATE|[53]|Bytes:1
12:25:05.0 (77324243)|HEAP_ALLOCATE|[53]|Bytes:5
12:25:05.0 (77328495)|HEAP_ALLOCATE|[EXTERNAL]|Bytes:4
12:25:05.0 (77331594)|HEAP_ALLOCATE|[51]|Bytes:4
12:25:05.0 (77334237)|VARIABLE_ASSIGNMENT|[51]|j|30
12:25:05.0 (77335843)|STATEMENT_EXECUTE|[51]
12:25:05.0 (77337212)|STATEMENT_EXECUTE|[54]
12:25:05.0 (77338483)|STATEMENT_EXECUTE|[55]
12:25:05.0 (77343705)|HEAP_ALLOCATE|[55]|Bytes:2
12:25:05.0 (77351023)|HEAP_ALLOCATE|[55]|Bytes:2
12:25:05.0 (77355648)|HEAP_ALLOCATE|[55]|Bytes:5
12:25:05.0 (77360108)|HEAP_ALLOCATE|[55]|Bytes:2
12:25:05.0 (77367001)|HEAP_ALLOCATE|[55]|Bytes:2
12:25:05.0 (77371535)|HEAP_ALLOCATE|[55]|Bytes:5
12:25:05.0 (77375597)|HEAP_ALLOCATE|[EXTERNAL]|Bytes:4
12:25:05.0 (77378633)|HEAP_ALLOCATE|[51]|Bytes:4
12:25:05.0 (77384800)|VARIABLE_ASSIGNMENT|[51]|j|60
12:25:05.0 (77386811)|HEAP_ALLOCATE|[50]|Bytes:4
12:25:05.0 (77389120)|VARIABLE_ASSIGNMENT|[50]|i|16
12:25:05.0 (77390869)|STATEMENT_EXECUTE|[50]
12:25:05.0 (77392117)|STATEMENT_EXECUTE|[51]
12:25:05.0 (77393620)|VARIABLE_SCOPE_BEGIN|[51]|j|Integer|false|false
12:25:05.0 (77394952)|HEAP_ALLOCATE|[51]|Bytes:4
12:25:05.0 (77397217)|VARIABLE_ASSIGNMENT|[51]|j|0
12:25:05.0 (77398612)|STATEMENT_EXECUTE|[51]
12:25:05.0 (77399826)|STATEMENT_EXECUTE|[52]
12:25:05.0 (77400774)|STATEMENT_EXECUTE|[53]
12:25:05.0 (77406478)|HEAP_ALLOCATE|[53]|Bytes:2
12:25:05.0 (77414109)|HEAP_ALLOCATE|[53]|Bytes:1
12:25:05.0 (77418956)|HEAP_ALLOCATE|[53]|Bytes:5
12:25:05.0 (77423437)|HEAP_ALLOCATE|[53]|Bytes:2
12:25:05.0 (77430292)|HEAP_ALLOCATE|[53]|Bytes:1
12:25:05.0 (77434908)|HEAP_ALLOCATE|[53]|Bytes:5
12:25:05.0 (77439358)|HEAP_ALLOCATE|[EXTERNAL]|Bytes:4
12:25:05.0 (77442624)|HEAP_ALLOCATE|[51]|Bytes:4
12:25:05.0 (77445302)|VARIABLE_ASSIGNMENT|[51]|j|30
12:25:05.0 (77446902)|STATEMENT_EXECUTE|[51]
12:25:05.0 (77448192)|STATEMENT_EXECUTE|[54]
12:25:05.0 (77449183)|STATEMENT_EXECUTE|[55]
12:25:05.0 (77454277)|HEAP_ALLOCATE|[55]|Bytes:2
12:25:05.0 (77461418)|HEAP_ALLOCATE|[55]|Bytes:2
12:25:05.0 (77466097)|HEAP_ALLOCATE|[55]|Bytes:5
12:25:05.0 (77470676)|HEAP_ALLOCATE|[55]|Bytes:2
12:25:05.0 (77477540)|HEAP_ALLOCATE|[55]|Bytes:2
12:25:05.0 (77482127)|HEAP_ALLOCATE|[55]|Bytes:5
12:25:05.0 (77486227)|HEAP_ALLOCATE|[EXTERNAL]|Bytes:4
12:25:05.0 (77489333)|HEAP_ALLOCATE|[51]|Bytes:4
12:25:05.0 (77491991)|VARIABLE_ASSIGNMENT|[51]|j|60
12:25:05.0 (77493773)|HEAP_ALLOCATE|[50]|Bytes:4
12:25:05.0 (77496404)|VARIABLE_ASSIGNMENT|[50]|i|17
12:25:05.0 (77497910)|STATEMENT_EXECUTE|[50]
12:25:05.0 (77499110)|STATEMENT_EXECUTE|[51]
12:25:05.0 (77500654)|VARIABLE_SCOPE_BEGIN|[51]|j|Integer|false|false
12:25:05.0 (77501966)|HEAP_ALLOCATE|[51]|Bytes:4
12:25:05.0 (77504189)|VARIABLE_ASSIGNMENT|[51]|j|0
12:25:05.0 (77505616)|STATEMENT_EXECUTE|[51]
12:25:05.0 (77506844)|STATEMENT_EXECUTE|[52]
12:25:05.0 (77507791)|STATEMENT_EXECUTE|[53]
12:25:05.0 (77512938)|HEAP_ALLOCATE|[53]|Bytes:2
12:25:05.0 (77520359)|HEAP_ALLOCATE|[53]|Bytes:1
12:25:05.0 (77525058)|HEAP_ALLOCATE|[53]|Bytes:5
12:25:05.0 (77529517)|HEAP_ALLOCATE|[53]|Bytes:2
12:25:05.0 (77536367)|HEAP_ALLOCATE|[53]|Bytes:1
12:25:05.0 (77540889)|HEAP_ALLOCATE|[53]|Bytes:5
12:25:05.0 (77545103)|HEAP_ALLOCATE|[EXTERNAL]|Bytes:4
12:25:05.0 (77548389)|HEAP_ALLOCATE|[51]|Bytes:4
12:25:05.0 (77551060)|VARIABLE_ASSIGNMENT|[51]|j|30
12:25:05.0 (77552655)|STATEMENT_EXECUTE|[51]
12:25:05.0 (77553953)|STATEMENT_EXECUTE|[54]
12:25:05.0 (77555396)|STATEMENT_EXECUTE|[55]
12:25:05.0 (77560539)|HEAP_ALLOCATE|[55]|Bytes:2
12:25:05.0 (77567713)|HEAP_ALLOCATE|[55]|Bytes:2
12:25:05.0 (77572425)|HEAP_ALLOCATE|[55]|Bytes:5
12:25:05.0 (77576978)|HEAP_ALLOCATE|[55]|Bytes:2
12:25:05.0 (77583869)|HEAP_ALLOCATE|[55]|Bytes:2
12:25:05.0 (77588395)|HEAP_ALLOCATE|[55]|Bytes:5
12:25:05.0 (77592521)|HEAP_ALLOCATE|[EXTERNAL]|Bytes:4
12:25:05.0 (77595552)|HEAP_ALLOCATE|[51]|Bytes:4
12:25:05.0 (77598261)|VARIABLE_ASSIGNMENT|[51]|j|60
12:25:05.0 (77600142)|HEAP_ALLOCATE|[50]|Bytes:4
12:25:05.0 (77602401)|VARIABLE_ASSIGNMENT|[50]|i|18
12:25:05.0 (77603985)|STATEMENT_EXECUTE|[50]
12:25:05.0 (77605196)|STATEMENT_EXECUTE|[51]
12:25:05.0 (77606671)|VARIABLE_SCOPE_BEGIN|[51]|j|Integer|false|false
12:25:05.0 (77608112)|HEAP_ALLOCATE|[51]|Bytes:4
12:25:05.0 (77610295)|VARIABLE_ASSIGNMENT|[51]|j|0
12:25:05.0 (77611649)|STATEMENT_EXECUTE|[51]
12:25:05.0 (77612941)|STATEMENT_EXECUTE|[52]
12:25:05.0 (77613897)|STATEMENT_EXECUTE|[53]
12:25:05.0 (77619158)|HEAP_ALLOCATE|[53]|Bytes:2
12:25:05.0 (77626654)|HEAP_ALLOCATE|[53]|Bytes:1
12:25:05.0 (77631405)|HEAP_ALLOCATE|[53]|Bytes:5
12:25:05.0 (77635870)|HEAP_ALLOCATE|[53]|Bytes:2
12:25:05.0 (77642785)|HEAP_ALLOCATE|[53]|Bytes:1
12:25:05.0 (77647297)|HEAP_ALLOCATE|[53]|Bytes:5
12:25:05.0 (77651657)|HEAP_ALLOCATE|[EXTERNAL]|Bytes:4
12:25:05.0 (77654966)|HEAP_ALLOCATE|[51]|Bytes:4
12:25:05.0 (77657530)|VARIABLE_ASSIGNMENT|[51]|j|30
12:25:05.0 (77659113)|STATEMENT_EXECUTE|[51]
12:25:05.0 (77660401)|STATEMENT_EXECUTE|[54]
12:25:05.0 (77661357)|STATEMENT_EXECUTE|[55]
12:25:05.0 (77666483)|HEAP_ALLOCATE|[55]|Bytes:2
12:25:05.0 (77673602)|HEAP_ALLOCATE|[55]|Bytes:2
12:25:05.0 (77678302)|HEAP_ALLOCATE|[55]|Bytes:5
12:25:05.0 (77682860)|HEAP_ALLOCATE|[55]|Bytes:2
12:25:05.0 (77689751)|HEAP_ALLOCATE|[55]|Bytes:2
12:25:05.0 (77694340)|HEAP_ALLOCATE|[55]|Bytes:5
12:25:05.0 (77698469)|HEAP_ALLOCATE|[EXTERNAL]|Bytes:4
12:25:05.0 (77701483)|HEAP_ALLOCATE|[51]|Bytes:4
12:25:05.0 (77704165)|VARIABLE_ASSIGNMENT|[51]|j|60
12:25:05.0 (77706027)|HEAP_ALLOCATE|[50]|Bytes:4
12:25:05.0 (77708391)|VARIABLE_ASSIGNMENT|[50]|i|19
12:25:05.0 (77709988)|STATEMENT_EXECUTE|[50]
12:25:05.0 (77711169)|STATEMENT_EXECUTE|[51]
12:25:05.0 (77712648)|VARIABLE_SCOPE_BEGIN|[51]|j|Integer|false|false
12:25:05.0 (77713900)|HEAP_ALLOCATE|[51]|Bytes:4
12:25:05.0 (77716115)|VARIABLE_ASSIGNMENT|[51]|j|0
12:25:05.0 (77717503)|STATEMENT_EXECUTE|[51]
12:25:05.0 (77718715)|STATEMENT_EXECUTE|[52]
12:25:05.0 (77719666)|STATEMENT_EXECUTE|[53]
12:25:05.0 (77724805)|HEAP_ALLOCATE|[53]|Bytes:2
12:25:05.0 (77732136)|HEAP_ALLOCATE|[53]|Bytes:1
12:25:05.0 (77736836)|HEAP_ALLOCATE|[53]|Bytes:5
12:25:05.0 (77741387)|HEAP_ALLOCATE|[53]|Bytes:2
12:25:05.0 (77748256)|HEAP_ALLOCATE|[53]|Bytes:1
12:25:05.0 (77752753)|HEAP_ALLOCATE|[53]|Bytes:5
12:25:05.0 (77756850)|HEAP_ALLOCATE|[EXTERNAL]|Bytes:4
12:25:05.0 (77759976)|HEAP_ALLOCATE|[51]|Bytes:4
12:25:05.0 (77762583)|VARIABLE_ASSIGNMENT|[51]|j|30
12:25:05.0 (77764206)|STATEMENT_EXECUTE|[51]
12:25:05.0 (77765477)|STATEMENT_EXECUTE|[54]
12:25:05.0 (77766509)|STATEMENT_EXECUTE|[55]
12:25:05.0 (77771743)|HEAP_ALLOCATE|[55]|Bytes:2
12:25:05.0 (77778987)|HEAP_ALLOCATE|[55]|Bytes:2
12:25:05.0 (77783655)|HEAP_ALLOCATE|[55]|Bytes:5
12:25:05.0 (77788198)|HEAP_ALLOCATE|[55]|Bytes:2
12:25:05.0 (77795066)|HEAP_ALLOCATE|[55]|Bytes:2
12:25:05.0 (77799536)|HEAP_ALLOCATE|[55]|Bytes:5
12:25:05.0 (77803601)|HEAP_ALLOCATE|[EXTERNAL]|Bytes:4
12:25:05.0 (77806554)|HEAP_ALLOCATE|[51]|Bytes:4
12:25:05.0 (77809222)|VARIABLE_ASSIGNMENT|[51]|j|60
12:25:05.0 (77811063)|HEAP_ALLOCATE|[50]|Bytes:4
12:25:05.0 (77813327)|VARIABLE_ASSIGNMENT|[50]|i|20
12:25:05.0 (77814835)|STATEMENT_EXECUTE|[50]
12:25:05.0 (77816014)|STATEMENT_EXECUTE|[51]
12:25:05.0 (77817498)|VARIABLE_SCOPE_BEGIN|[51]|j|Integer|false|false
12:25:05.0 (77818751)|HEAP_ALLOCATE|[51]|Bytes:4
12:25:05.0 (77821061)|VARIABLE_ASSIGNMENT|[51]|j|0
12:25:05.0 (77822455)|STATEMENT_EXECUTE|[51]
12:25:05.0 (77823706)|STATEMENT_EXECUTE|[52]
12:25:05.0 (77824661)|STATEMENT_EXECUTE|[53]
12:25:05.0 (77829806)|HEAP_ALLOCATE|[53]|Bytes:2
12:25:05.0 (77837260)|HEAP_ALLOCATE|[53]|Bytes:1
12:25:05.0 (77842005)|HEAP_ALLOCATE|[53]|Bytes:5
12:25:05.0 (77846549)|HEAP_ALLOCATE|[53]|Bytes:2
12:25:05.0 (77853535)|HEAP_ALLOCATE|[53]|Bytes:1
12:25:05.0 (77858043)|HEAP_ALLOCATE|[53]|Bytes:5
12:25:05.0 (77862246)|HEAP_ALLOCATE|[EXTERNAL]|Bytes:4
12:25:05.0 (77865350)|HEAP_ALLOCATE|[51]|Bytes:4
12:25:05.0 (77870195)|VARIABLE_ASSIGNMENT|[51]|j|30
12:25:05.0 (77872055)|STATEMENT_EXECUTE|[51]
12:25:05.0 (77873395)|STATEMENT_EXECUTE|[54]
12:25:05.0 (77874388)|STATEMENT_EXECUTE|[55]
12:25:05.0 (77879865)|HEAP_ALLOCATE|[55]|Bytes:2
12:25:05.0 (77887143)|HEAP_ALLOCATE|[55]|Bytes:2
12:25:05.0 (77891873)|HEAP_ALLOCATE|[55]|Bytes:5
12:25:05.0 (77896423)|HEAP_ALLOCATE|[55]|Bytes:2
12:25:05.0 (77903206)|HEAP_ALLOCATE|[55]|Bytes:2
12:25:05.0 (77907815)|HEAP_ALLOCATE|[55]|Bytes:5
12:25:05.0 (77912084)|HEAP_ALLOCATE|[EXTERNAL]|Bytes:4
12:25:05.0 (77915209)|HEAP_ALLOCATE|[51]|Bytes:4
12:25:05.0 (77917818)|VARIABLE_ASSIGNMENT|[51]|j|60
12:25:05.0 (77919705)|HEAP_ALLOCATE|[50]|Bytes:4
12:25:05.0 (77922530)|VARIABLE_ASSIGNMENT|[50]|i|21
12:25:05.0 (77924072)|STATEMENT_EXECUTE|[50]
12:25:05.0 (77925272)|STATEMENT_EXECUTE|[51]
12:25:05.0 (77926841)|VARIABLE_SCOPE_BEGIN|[51]|j|Integer|false|false
12:25:05.0 (77928224)|HEAP_ALLOCATE|[51]|Bytes:4
12:25:05.0 (77930485)|VARIABLE_ASSIGNMENT|[51]|j|0
12:25:05.0 (77931833)|STATEMENT_EXECUTE|[51]
12:25:05.0 (77933065)|STATEMENT_EXECUTE|[52]
12:25:05.0 (77934021)|STATEMENT_EXECUTE|[53]
12:25:05.0 (77939329)|HEAP_ALLOCATE|[53]|Bytes:2
12:25:05.0 (77946600)|HEAP_ALLOCATE|[53]|Bytes:1
12:25:05.0 (77951285)|HEAP_ALLOCATE|[53]|Bytes:5
12:25:05.0 (77955781)|HEAP_ALLOCATE|[53]|Bytes:2
12:25:05.0 (77962654)|HEAP_ALLOCATE|[53]|Bytes:1
12:25:05.0 (77967263)|HEAP_ALLOCATE|[53]|Bytes:5
12:25:05.0 (77971550)|HEAP_ALLOCATE|[EXTERNAL]|Bytes:4
12:25:05.0 (77974622)|HEAP_ALLOCATE|[51]|Bytes:4
12:25:05.0 (77977181)|VARIABLE_ASSIGNMENT|[51]|j|30
12:25:05.0 (77978734)|STATEMENT_EXECUTE|[51]
12:25:05.0 (77980003)|STATEMENT_EXECUTE|[54]
12:25:05.0 (77980983)|STATEMENT_EXECUTE|[55]
12:25:05.0 (77986636)|HEAP_ALLOCATE|[55]|Bytes:2
12:25:05.0 (77993798)|HEAP_ALLOCATE|[55]|Bytes:2
12:25:05.0 (77998486)|HEAP_ALLOCATE|[55]|Bytes:5
12:25:05.0 (78002965)|HEAP_ALLOCATE|[55]|Bytes:2
12:25:05.0 (78010354)|HEAP_ALLOCATE|[55]|Bytes:2
12:25:05.0 (78014890)|HEAP_ALLOCATE|[55]|Bytes:5
12:25:05.0 (78019003)|HEAP_ALLOCATE|[EXTERNAL]|Bytes:4
12:25:05.0 (78022145)|HEAP_ALLOCATE|[51]|Bytes:4
12:25:05.0 (78024820)|VARIABLE_ASSIGNMENT|[51]|j|60
12:25:05.0 (78026671)|HEAP_ALLOCATE|[50]|Bytes:4
12:25:05.0 (78028959)|VARIABLE_ASSIGNMENT|[50]|i|22
12:25:05.0 (78030538)|STATEMENT_EXECUTE|[50]
12:25:05.0 (78031710)|STATEMENT_EXECUTE|[51]
12:25:05.0 (78033227)|VARIABLE_SCOPE_BEGIN|[51]|j|Integer|false|false
12:25:05.0 (78034511)|HEAP_ALLOCATE|[51]|Bytes:4
12:25:05.0 (78036694)|VARIABLE_ASSIGNMENT|[51]|j|0
12:25:05.0 (78038064)|STATEMENT_EXECUTE|[51]
12:25:05.0 (78039305)|STATEMENT_EXECUTE|[52]
12:25:05.0 (78040274)|STATEMENT_EXECUTE|[53]
12:25:05.0 (78045419)|HEAP_ALLOCATE|[53]|Bytes:2
12:25:05.0 (78052853)|HEAP_ALLOCATE|[53]|Bytes:1
12:25:05.0 (78057728)|HEAP_ALLOCATE|[53]|Bytes:5
12:25:05.0 (78062318)|HEAP_ALLOCATE|[53]|Bytes:2
12:25:05.0 (78069151)|HEAP_ALLOCATE|[53]|Bytes:1
12:25:05.0 (78073932)|HEAP_ALLOCATE|[53]|Bytes:5
12:25:05.0 (78087987)|HEAP_ALLOCATE|[EXTERNAL]|Bytes:4
12:25:05.0 (78091427)|HEAP_ALLOCATE|[51]|Bytes:4
12:25:05.0 (78094427)|VARIABLE_ASSIGNMENT|[51]|j|30
12:25:05.0 (78096190)|STATEMENT_EXECUTE|[51]
12:25:05.0 (78097556)|STATEMENT_EXECUTE|[54]
12:25:05.0 (78098513)|STATEMENT_EXECUTE|[55]
12:25:05.0 (78104250)|HEAP_ALLOCATE|[55]|Bytes:2
12:25:05.0 (78111522)|HEAP_ALLOCATE|[55]|Bytes:2
12:25:05.0 (78116232)|HEAP_ALLOCATE|[55]|Bytes:5
12:25:05.0 (78120700)|HEAP_ALLOCATE|[55]|Bytes:2
12:25:05.0 (78127729)|HEAP_ALLOCATE|[55]|Bytes:2
12:25:05.0 (78132252)|HEAP_ALLOCATE|[55]|Bytes:5
12:25:05.0 (78136499)|HEAP_ALLOCATE|[EXTERNAL]|Bytes:4
12:25:05.0 (78139531)|HEAP_ALLOCATE|[51]|Bytes:4
12:25:05.0 (78142112)|VARIABLE_ASSIGNMENT|[51]|j|60
12:25:05.0 (78143980)|HEAP_ALLOCATE|[50]|Bytes:4
12:25:05.0 (78146809)|VARIABLE_ASSIGNMENT|[50]|i|23
12:25:05.0 (78148357)|STATEMENT_EXECUTE|[50]
12:25:05.0 (78149538)|STATEMENT_EXECUTE|[51]
12:25:05.0 (78151047)|VARIABLE_SCOPE_BEGIN|[51]|j|Integer|false|false
12:25:05.0 (78152517)|HEAP_ALLOCATE|[51]|Bytes:4
12:25:05.0 (78154723)|VARIABLE_ASSIGNMENT|[51]|j|0
12:25:05.0 (78156181)|STATEMENT_EXECUTE|[51]
12:25:05.0 (78157389)|STATEMENT_EXECUTE|[52]
12:25:05.0 (78158482)|STATEMENT_EXECUTE|[53]
12:25:05.0 (78166145)|HEAP_ALLOCATE|[53]|Bytes:2
12:25:05.0 (78173721)|HEAP_ALLOCATE|[53]|Bytes:1
12:25:05.0 (78178432)|HEAP_ALLOCATE|[53]|Bytes:5
12:25:05.0 (78183116)|HEAP_ALLOCATE|[53]|Bytes:2
12:25:05.0 (78190026)|HEAP_ALLOCATE|[53]|Bytes:1
12:25:05.0 (78194552)|HEAP_ALLOCATE|[53]|Bytes:5
12:25:05.0 (78199117)|HEAP_ALLOCATE|[EXTERNAL]|Bytes:4
12:25:05.0 (78202207)|HEAP_ALLOCATE|[51]|Bytes:4
12:25:05.0 (78204958)|VARIABLE_ASSIGNMENT|[51]|j|30
12:25:05.0 (78206667)|STATEMENT_EXECUTE|[51]
12:25:05.0 (78207989)|STATEMENT_EXECUTE|[54]
12:25:05.0 (78208959)|STATEMENT_EXECUTE|[55]
12:25:05.0 (78214577)|HEAP_ALLOCATE|[55]|Bytes:2
12:25:05.0 (78221750)|HEAP_ALLOCATE|[55]|Bytes:2
12:25:05.0 (78226522)|HEAP_ALLOCATE|[55]|Bytes:5
12:25:05.0 (78231059)|HEAP_ALLOCATE|[55]|Bytes:2
12:25:05.0 (78238034)|HEAP_ALLOCATE|[55]|Bytes:2
12:25:05.0 (78242745)|HEAP_ALLOCATE|[55]|Bytes:5
12:25:05.0 (78246926)|HEAP_ALLOCATE|[EXTERNAL]|Bytes:4
12:25:05.0 (78249929)|HEAP_ALLOCATE|[51]|Bytes:4
12:25:05.0 (78252696)|VARIABLE_ASSIGNMENT|[51]|j|60
12:25:05.0 (78254412)|HEAP_ALLOCATE|[50]|Bytes:4
12:25:05.0 (78256705)|VARIABLE_ASSIGNMENT|[50]|i|24
12:25:05.0 (78258583)|STATEMENT_EXECUTE|[59]
12:25:05.0 (78354570)|SYSTEM_MODE_ENTER|true
12:25:05.0 (78377153)|HEAP_ALLOCATE|[EXTERNAL]|Bytes:80
12:25:05.0 (78424170)|VARIABLE_ASSIGNMENT|[EXTERNAL]|this|{"delToHub":true,"delToProj":false,"detail":"0x28b8c95d","invoked":false,"rejected":false,"reserved":false,"selectedTime3":"8:00","sublocations1":"0x757d12b8","www":"0x4b64ccf8","wwwById":"0x361a639c"}|0x2fea4d2d
12:25:05.0 (78430651)|STATEMENT_EXECUTE|[78]
12:25:05.0 (78433843)|STATEMENT_EXECUTE|[79]
12:25:05.0 (78435065)|STATEMENT_EXECUTE|[83]
12:25:05.0 (91783056)|VF_PAGE_MESSAGE|No matches found.
12:25:05.0 (91823310)|VF_PAGE_MESSAGE|Location: No matches found.
12:25:05.104 (104711641)|SYSTEM_MODE_ENTER|true
12:25:05.104 (104789650)|HEAP_ALLOCATE|[EXTERNAL]|Bytes:8
12:25:05.104 (104800449)|VARIABLE_SCOPE_BEGIN|[88]|this|ApexPage.PageMessagesComponentController|true|false
12:25:05.104 (104830093)|VARIABLE_ASSIGNMENT|[88]|this|{}|0x6da0b7b9
12:25:05.104 (104832849)|VARIABLE_SCOPE_BEGIN|[88]|escape|Boolean|false|false
12:25:05.104 (104837593)|VARIABLE_ASSIGNMENT|[88]|escape|null
12:25:05.104 (104937451)|SYSTEM_MODE_ENTER|true
12:25:05.104 (104965182)|HEAP_ALLOCATE|[EXTERNAL]|Bytes:8
12:25:05.104 (104970180)|VARIABLE_SCOPE_BEGIN|[2]|this|ApexPage.PageMessagesComponentController|true|false
12:25:05.104 (104983741)|VARIABLE_ASSIGNMENT|[2]|this|{}|0x6da0b7b9
12:25:05.106 (106320919)|SYSTEM_MODE_ENTER|true
12:25:05.106 (106349309)|HEAP_ALLOCATE|[EXTERNAL]|Bytes:120
12:25:05.106 (106355174)|HEAP_ALLOCATE|[EXTERNAL]|Bytes:10
12:25:05.106 (106362050)|SYSTEM_METHOD_ENTRY|[1]|pagemessagecomponentcontroller.pagemessagecomponentcontroller()
12:25:05.106 (106365471)|STATEMENT_EXECUTE|[1]
12:25:05.106 (106481169)|SYSTEM_MODE_ENTER|true
12:25:05.106 (106507159)|HEAP_ALLOCATE|[EXTERNAL]|Bytes:8
12:25:05.106 (106512123)|VARIABLE_SCOPE_BEGIN|[84]|this|ApexPage.PageMessagesComponentController|true|false
12:25:05.106 (106527297)|VARIABLE_ASSIGNMENT|[84]|this|{}|0x6da0b7b9
12:25:05.106 (106590558)|SYSTEM_MODE_ENTER|true
12:25:05.106 (106624010)|HEAP_ALLOCATE|[EXTERNAL]|Bytes:16
12:25:05.106 (106627983)|HEAP_ALLOCATE|[EXTERNAL]|Bytes:5
12:25:05.106 (106631325)|VARIABLE_SCOPE_BEGIN|[9]|this|ApexPage.pagemessagecomponentcontroller|true|false
12:25:05.106 (106648215)|VARIABLE_ASSIGNMENT|[9]|this|{}|0x1c8b0e03
12:25:05.106 (106650203)|VARIABLE_SCOPE_BEGIN|[9]|escape|Boolean|false|false
12:25:05.106 (106654008)|VARIABLE_ASSIGNMENT|[9]|escape|true
12:25:05.106 (106779656)|SYSTEM_MODE_ENTER|true
12:25:05.106 (106804753)|HEAP_ALLOCATE|[EXTERNAL]|Bytes:5
12:25:05.106 (106807628)|HEAP_ALLOCATE|[EXTERNAL]|Bytes:16
12:25:05.106 (106818757)|VARIABLE_ASSIGNMENT|[EXTERNAL]|this.conSeverity|"ERROR"|0x1c8b0e03
12:25:05.106 (106869668)|SYSTEM_MODE_ENTER|true
12:25:05.106 (106885150)|HEAP_ALLOCATE|[EXTERNAL]|Bytes:8
12:25:05.106 (106887498)|HEAP_ALLOCATE|[EXTERNAL]|Bytes:16
12:25:05.106 (106895359)|VARIABLE_ASSIGNMENT|[EXTERNAL]|this.conStrength|2|0x1c8b0e03
12:25:05.107 (107029604)|HEAP_ALLOCATE|[EXTERNAL]|Bytes:28
12:25:05.107 (107061221)|VARIABLE_ASSIGNMENT|[EXTERNAL]|this|{"messages":"0x4dbb5827","severity":"ERROR"}|0xd7b1d04
12:25:05.0 (107207864)|SYSTEM_MODE_ENTER|true
12:25:05.0 (107231927)|HEAP_ALLOCATE|[EXTERNAL]|Bytes:80
12:25:05.0 (107284380)|VARIABLE_ASSIGNMENT|[EXTERNAL]|this|{"delToHub":true,"delToProj":false,"detail":"0x28b8c95d","invoked":false,"rejected":false,"reserved":false,"selectedTime3":"8:00","sublocations1":"0x757d12b8","www":"0x4b64ccf8","wwwById":"0x361a639c"}|0x2fea4d2d
12:25:05.0 (107291744)|STATEMENT_EXECUTE|[196]
12:25:05.0 (107294671)|STATEMENT_EXECUTE|[197]
12:25:05.0 (107296306)|STATEMENT_EXECUTE|[200]
12:25:05.0 (107338596)|SYSTEM_MODE_ENTER|true
12:25:05.0 (107355248)|HEAP_ALLOCATE|[EXTERNAL]|Bytes:80
12:25:05.0 (107392556)|VARIABLE_ASSIGNMENT|[EXTERNAL]|this|{"delToHub":true,"delToProj":false,"detail":"0x28b8c95d","invoked":false,"rejected":false,"reserved":false,"selectedTime3":"8:00","sublocations1":"0x757d12b8","www":"0x4b64ccf8","wwwById":"0x361a639c"}|0x2fea4d2d
12:25:05.0 (107397782)|STATEMENT_EXECUTE|[229]
12:25:05.0 (107399921)|STATEMENT_EXECUTE|[230]
12:25:05.0 (107401165)|STATEMENT_EXECUTE|[233]
12:25:05.0 (107557196)|SYSTEM_MODE_ENTER|true
12:25:05.0 (107581260)|HEAP_ALLOCATE|[EXTERNAL]|Bytes:80
12:25:05.0 (107619107)|VARIABLE_ASSIGNMENT|[EXTERNAL]|this|{"delToHub":true,"delToProj":false,"detail":"0x28b8c95d","invoked":false,"rejected":false,"reserved":false,"selectedTime3":"8:00","sublocations1":"0x757d12b8","www":"0x4b64ccf8","wwwById":"0x361a639c"}|0x2fea4d2d
12:25:05.0 (107624541)|STATEMENT_EXECUTE|[186]
12:25:05.0 (107626782)|STATEMENT_EXECUTE|[187]
12:25:05.0 (107627835)|STATEMENT_EXECUTE|[190]
12:25:05.0 (107741397)|SYSTEM_MODE_ENTER|true
12:25:05.0 (107759846)|HEAP_ALLOCATE|[EXTERNAL]|Bytes:80
12:25:05.0 (107796885)|VARIABLE_ASSIGNMENT|[EXTERNAL]|this|{"delToHub":true,"delToProj":false,"detail":"0x28b8c95d","invoked":false,"rejected":false,"reserved":false,"selectedTime3":"8:00","sublocations1":"0x757d12b8","www":"0x4b64ccf8","wwwById":"0x361a639c"}|0x2fea4d2d
12:25:05.0 (107802518)|STATEMENT_EXECUTE|[204]
12:25:05.0 (107804635)|STATEMENT_EXECUTE|[205]
12:25:05.0 (107805633)|STATEMENT_EXECUTE|[208]
12:25:05.0 (107843391)|SYSTEM_MODE_ENTER|true
12:25:05.0 (107857629)|HEAP_ALLOCATE|[EXTERNAL]|Bytes:80
12:25:05.0 (107892021)|VARIABLE_ASSIGNMENT|[EXTERNAL]|this|{"delToHub":true,"delToProj":false,"detail":"0x28b8c95d","invoked":false,"rejected":false,"reserved":false,"selectedTime3":"8:00","sublocations1":"0x757d12b8","www":"0x4b64ccf8","wwwById":"0x361a639c"}|0x2fea4d2d
12:25:05.0 (107896766)|STATEMENT_EXECUTE|[220]
12:25:05.0 (107898589)|STATEMENT_EXECUTE|[221]
12:25:05.0 (107899611)|STATEMENT_EXECUTE|[224]
12:25:05.0 (107933965)|SYSTEM_MODE_ENTER|true
12:25:05.0 (107947982)|HEAP_ALLOCATE|[EXTERNAL]|Bytes:80
12:25:05.0 (107981614)|VARIABLE_ASSIGNMENT|[EXTERNAL]|this|{"delToHub":true,"delToProj":false,"detail":"0x28b8c95d","invoked":false,"rejected":false,"reserved":false,"selectedTime3":"8:00","sublocations1":"0x757d12b8","www":"0x4b64ccf8","wwwById":"0x361a639c"}|0x2fea4d2d
12:25:05.0 (107985948)|STATEMENT_EXECUTE|[212]
12:25:05.0 (107991209)|STATEMENT_EXECUTE|[213]
12:25:05.0 (107992371)|STATEMENT_EXECUTE|[216]
12:25:05.0 (110095542)|VF_SERIALIZE_VIEWSTATE_BEGIN|06624000003h0Dg
12:25:05.0 (114096184)|VF_SERIALIZE_VIEWSTATE_END
12:25:05.0 (115423413)|SYSTEM_MODE_ENTER|true
12:25:05.0 (115454528)|HEAP_ALLOCATE|[EXTERNAL]|Bytes:80
12:25:05.0 (115512403)|VARIABLE_ASSIGNMENT|[EXTERNAL]|this|{"delToHub":true,"delToProj":false,"detail":"0x28b8c95d","invoked":false,"rejected":false,"reserved":false,"selectedTime3":"8:00","sublocations1":"0x757d12b8","www":"0x4b64ccf8","wwwById":"0x361a639c"}|0x2fea4d2d
12:25:05.0 (115521027)|STATEMENT_EXECUTE|[3]
12:25:05.0 (115525300)|STATEMENT_EXECUTE|[4]
12:25:05.0 (115527147)|STATEMENT_EXECUTE|[9]
12:25:05.116 (116766302)|CUMULATIVE_LIMIT_USAGE
12:25:05.116 (116766302)|LIMIT_USAGE_FOR_NS|(default)|
  Number of SOQL queries: 0 out of 100
  Number of query rows: 0 out of 50000
  Number of SOSL queries: 0 out of 20
  Number of DML statements: 0 out of 150
  Number of DML rows: 0 out of 10000
  Maximum CPU time: 0 out of 10000
  Maximum heap size: 0 out of 6000000
  Number of callouts: 0 out of 100
  Number of Email Invocations: 0 out of 10
  Number of future calls: 0 out of 50
  Number of queueable jobs added to the queue: 0 out of 50
  Number of Mobile Apex push calls: 0 out of 10

12:25:05.116 (116766302)|CUMULATIVE_LIMIT_USAGE_END

12:25:05.0 (116799935)|CODE_UNIT_FINISHED|VF: /apex/New_delivered_detail
12:25:05.0 (117579822)|EXECUTION_FINISHED
