38.0 APEX_CODE,FINEST;APEX_PROFILING,INFO;CALLOUT,INFO;DB,INFO;SYSTEM,DEBUG;VALIDATION,INFO;VISUALFORCE,INFO;WAVE,INFO;WORKFLOW,INFO
15:01:20.0 (322228)|USER_INFO|[EXTERNAL]|00524000001e3Uj|bedrijfsbureau@gsa.nl.sandbox|Midden-Europese standaardtijd|GMT+01:00
15:01:20.0 (345970)|EXECUTION_STARTED
15:01:20.0 (350231)|CODE_UNIT_STARTED|[EXTERNAL]|06624000003h0Dg|VF: /apex/New_delivered_detail
15:01:20.0 (896390)|VF_DESERIALIZE_VIEWSTATE_BEGIN|06624000003h0Dg
15:01:20.0 (6064235)|HEAP_ALLOCATE|[72]|Bytes:3
15:01:20.0 (6103705)|HEAP_ALLOCATE|[77]|Bytes:152
15:01:20.0 (6118819)|HEAP_ALLOCATE|[342]|Bytes:408
15:01:20.0 (6138943)|HEAP_ALLOCATE|[355]|Bytes:408
15:01:20.0 (6152476)|HEAP_ALLOCATE|[467]|Bytes:48
15:01:20.0 (6178746)|HEAP_ALLOCATE|[139]|Bytes:6
15:01:20.0 (6214163)|HEAP_ALLOCATE|[50]|Bytes:5
15:01:20.0 (6234454)|HEAP_ALLOCATE|[56]|Bytes:5
15:01:20.0 (6240676)|HEAP_ALLOCATE|[64]|Bytes:7
15:01:20.0 (10136289)|VF_DESERIALIZE_VIEWSTATE_END
15:01:20.11 (11123856)|SYSTEM_MODE_ENTER|true
15:01:20.11 (11184715)|HEAP_ALLOCATE|[EXTERNAL]|Bytes:38
15:01:20.11 (11190465)|HEAP_ALLOCATE|[EXTERNAL]|Bytes:7
15:01:20.11 (11198687)|SYSTEM_METHOD_ENTRY|[1]|PageMessagesComponentController.PageMessagesComponentController()
15:01:20.11 (11202106)|STATEMENT_EXECUTE|[1]
15:01:20.11 (11959223)|SYSTEM_MODE_ENTER|true
15:01:20.11 (12003391)|HEAP_ALLOCATE|[EXTERNAL]|Bytes:8
15:01:20.11 (12009389)|VARIABLE_SCOPE_BEGIN|[88]|this|ApexPage.PageMessagesComponentController|true|false
15:01:20.11 (12044094)|VARIABLE_ASSIGNMENT|[88]|this|{}|0x69de7c3d
15:01:20.11 (12047016)|VARIABLE_SCOPE_BEGIN|[88]|escape|Boolean|false|false
15:01:20.11 (12052153)|VARIABLE_ASSIGNMENT|[88]|escape|null
15:01:20.0 (12282381)|SYSTEM_MODE_ENTER|true
15:01:20.0 (12442573)|HEAP_ALLOCATE|[EXTERNAL]|Bytes:11
15:01:20.0 (12450023)|HEAP_ALLOCATE|[EXTERNAL]|Bytes:408
15:01:20.0 (12453312)|HEAP_ALLOCATE|[EXTERNAL]|Bytes:120
15:01:20.0 (12455528)|HEAP_ALLOCATE|[EXTERNAL]|Bytes:108
15:01:20.0 (12461416)|METHOD_ENTRY|[1]|01p2400000DUtXT|NewDeliveredExtension.NewDeliveredExtension()
15:01:20.0 (12463841)|STATEMENT_EXECUTE|[1]
15:01:20.0 (12467336)|STATEMENT_EXECUTE|[1]
15:01:20.0 (12468718)|STATEMENT_EXECUTE|[537]
15:01:20.0 (12472039)|METHOD_EXIT|[1]|NewDeliveredExtension
15:01:20.0 (12475784)|HEAP_ALLOCATE|[EXTERNAL]|Bytes:80
15:01:20.0 (12534861)|VARIABLE_ASSIGNMENT|[EXTERNAL]|this|{"delToHub":false,"delToProj":false,"detail":"0x16352101","invoked":true,"rejected":false,"reserved":false,"selectedTime6":"8:00","www":"0x37a43db7","wwwById":"0x7ebc4080"}|0x4067c298
15:01:20.0 (12541209)|STATEMENT_EXECUTE|[196]
15:01:20.0 (12544428)|STATEMENT_EXECUTE|[197]
15:01:20.0 (12545974)|STATEMENT_EXECUTE|[200]
15:01:20.0 (12642744)|SYSTEM_MODE_ENTER|true
15:01:20.0 (12664342)|HEAP_ALLOCATE|[EXTERNAL]|Bytes:80
15:01:20.0 (12703935)|VARIABLE_ASSIGNMENT|[EXTERNAL]|this|{"delToHub":false,"delToProj":false,"detail":"0x16352101","invoked":true,"rejected":false,"reserved":false,"selectedTime6":"8:00","www":"0x37a43db7","wwwById":"0x7ebc4080"}|0x4067c298
15:01:20.0 (12709987)|STATEMENT_EXECUTE|[3]
15:01:20.0 (12712905)|STATEMENT_EXECUTE|[4]
15:01:20.0 (12719472)|STATEMENT_EXECUTE|[9]
15:01:20.0 (23446209)|SYSTEM_MODE_ENTER|true
15:01:20.0 (23471462)|HEAP_ALLOCATE|[EXTERNAL]|Bytes:80
15:01:20.0 (23517975)|VARIABLE_ASSIGNMENT|[EXTERNAL]|this|{"delToHub":false,"delToProj":false,"detail":"0x16352101","invoked":true,"rejected":false,"reserved":false,"selectedTime6":"8:00","www":"0x37a43db7","wwwById":"0x7ebc4080"}|0x4067c298
15:01:20.0 (23525495)|STATEMENT_EXECUTE|[229]
15:01:20.0 (23528518)|STATEMENT_EXECUTE|[230]
15:01:20.0 (23529726)|STATEMENT_EXECUTE|[233]
15:01:20.0 (23585429)|SYSTEM_MODE_ENTER|true
15:01:20.0 (23604741)|HEAP_ALLOCATE|[EXTERNAL]|Bytes:80
15:01:20.0 (23643089)|VARIABLE_ASSIGNMENT|[EXTERNAL]|this|{"delToHub":false,"delToProj":false,"detail":"0x16352101","invoked":true,"rejected":false,"reserved":false,"selectedTime6":"8:00","www":"0x37a43db7","wwwById":"0x7ebc4080"}|0x4067c298
15:01:20.0 (23648422)|STATEMENT_EXECUTE|[204]
15:01:20.0 (23650479)|STATEMENT_EXECUTE|[205]
15:01:20.0 (23651874)|STATEMENT_EXECUTE|[208]
15:01:20.0 (23698939)|SYSTEM_MODE_ENTER|true
15:01:20.0 (23714789)|HEAP_ALLOCATE|[EXTERNAL]|Bytes:80
15:01:20.0 (23749024)|VARIABLE_ASSIGNMENT|[EXTERNAL]|this|{"delToHub":false,"delToProj":false,"detail":"0x16352101","invoked":true,"rejected":false,"reserved":false,"selectedTime6":"8:00","www":"0x37a43db7","wwwById":"0x7ebc4080"}|0x4067c298
15:01:20.0 (23753847)|STATEMENT_EXECUTE|[220]
15:01:20.0 (23756034)|STATEMENT_EXECUTE|[221]
15:01:20.0 (23757299)|STATEMENT_EXECUTE|[224]
15:01:20.0 (23800644)|SYSTEM_MODE_ENTER|true
15:01:20.0 (23816414)|HEAP_ALLOCATE|[EXTERNAL]|Bytes:80
15:01:20.0 (23850198)|VARIABLE_ASSIGNMENT|[EXTERNAL]|this|{"delToHub":false,"delToProj":false,"detail":"0x16352101","invoked":true,"rejected":false,"reserved":false,"selectedTime6":"8:00","www":"0x37a43db7","wwwById":"0x7ebc4080"}|0x4067c298
15:01:20.0 (23854361)|STATEMENT_EXECUTE|[212]
15:01:20.0 (23856470)|STATEMENT_EXECUTE|[213]
15:01:20.0 (23857565)|STATEMENT_EXECUTE|[216]
15:01:20.0 (23926871)|SYSTEM_MODE_ENTER|true
15:01:20.0 (23945787)|HEAP_ALLOCATE|[EXTERNAL]|Bytes:80
15:01:20.0 (23980805)|VARIABLE_ASSIGNMENT|[EXTERNAL]|this|{"delToHub":false,"delToProj":false,"detail":"0x16352101","invoked":true,"rejected":false,"reserved":false,"selectedTime6":"8:00","www":"0x37a43db7","wwwById":"0x7ebc4080"}|0x4067c298
15:01:20.0 (23986189)|STATEMENT_EXECUTE|[21]
15:01:20.0 (23988487)|STATEMENT_EXECUTE|[22]
15:01:20.0 (23989619)|STATEMENT_EXECUTE|[26]
15:01:20.0 (33858543)|SYSTEM_MODE_ENTER|true
15:01:20.0 (33886177)|HEAP_ALLOCATE|[EXTERNAL]|Bytes:80
15:01:20.0 (33892307)|VARIABLE_SCOPE_BEGIN|[48]|this|NewDeliveredExtension|true|false
15:01:20.0 (33935376)|VARIABLE_ASSIGNMENT|[48]|this|{"delToHub":false,"delToProj":false,"detail":"0x16352101","invoked":true,"rejected":false,"reserved":false,"selectedTime6":"8:00","www":"0x37a43db7","wwwById":"0x7ebc4080"}|0x4067c298
15:01:20.0 (33942976)|STATEMENT_EXECUTE|[48]
15:01:20.0 (33944445)|STATEMENT_EXECUTE|[49]
15:01:20.0 (33951743)|HEAP_ALLOCATE|[49]|Bytes:4
15:01:20.0 (33979335)|VARIABLE_SCOPE_BEGIN|[49]|options|List<System.SelectOption>|true|false
15:01:20.0 (34003972)|HEAP_ALLOCATE|[EXTERNAL]|Bytes:4
15:01:20.0 (34012335)|VARIABLE_ASSIGNMENT|[49]|options|[]|0x760dbc71
15:01:20.0 (34015618)|STATEMENT_EXECUTE|[50]
15:01:20.0 (34020222)|VARIABLE_SCOPE_BEGIN|[50]|i|Integer|false|false
15:01:20.0 (34023638)|HEAP_ALLOCATE|[50]|Bytes:4
15:01:20.0 (34028121)|VARIABLE_ASSIGNMENT|[50]|i|0
15:01:20.0 (34033511)|STATEMENT_EXECUTE|[50]
15:01:20.0 (34034879)|STATEMENT_EXECUTE|[51]
15:01:20.0 (34036490)|VARIABLE_SCOPE_BEGIN|[51]|j|Integer|false|false
15:01:20.0 (34038712)|HEAP_ALLOCATE|[51]|Bytes:4
15:01:20.0 (34041206)|VARIABLE_ASSIGNMENT|[51]|j|0
15:01:20.0 (34043001)|STATEMENT_EXECUTE|[51]
15:01:20.0 (34045259)|STATEMENT_EXECUTE|[52]
15:01:20.0 (34046308)|STATEMENT_EXECUTE|[53]
15:01:20.0 (34094091)|HEAP_ALLOCATE|[53]|Bytes:1
15:01:20.0 (34103882)|HEAP_ALLOCATE|[53]|Bytes:2
15:01:20.0 (34110899)|HEAP_ALLOCATE|[53]|Bytes:1
15:01:20.0 (34122042)|HEAP_ALLOCATE|[53]|Bytes:4
15:01:20.0 (34128211)|HEAP_ALLOCATE|[53]|Bytes:1
15:01:20.0 (34141474)|HEAP_ALLOCATE|[53]|Bytes:1
15:01:20.0 (34147256)|HEAP_ALLOCATE|[53]|Bytes:4
15:01:20.0 (34177373)|HEAP_ALLOCATE|[EXTERNAL]|Bytes:4
15:01:20.0 (34184484)|HEAP_ALLOCATE|[51]|Bytes:4
15:01:20.0 (34188877)|VARIABLE_ASSIGNMENT|[51]|j|30
15:01:20.0 (34191912)|STATEMENT_EXECUTE|[51]
15:01:20.0 (34193557)|STATEMENT_EXECUTE|[54]
15:01:20.0 (34194662)|STATEMENT_EXECUTE|[55]
15:01:20.0 (34211564)|HEAP_ALLOCATE|[55]|Bytes:1
15:01:20.0 (34218318)|HEAP_ALLOCATE|[55]|Bytes:1
15:01:20.0 (34224583)|HEAP_ALLOCATE|[55]|Bytes:2
15:01:20.0 (34230974)|HEAP_ALLOCATE|[55]|Bytes:4
15:01:20.0 (34236302)|HEAP_ALLOCATE|[55]|Bytes:1
15:01:20.0 (34244439)|HEAP_ALLOCATE|[55]|Bytes:2
15:01:20.0 (34249880)|HEAP_ALLOCATE|[55]|Bytes:4
15:01:20.0 (34261767)|HEAP_ALLOCATE|[EXTERNAL]|Bytes:4
15:01:20.0 (34266247)|HEAP_ALLOCATE|[51]|Bytes:4
15:01:20.0 (34269772)|VARIABLE_ASSIGNMENT|[51]|j|60
15:01:20.0 (34274189)|HEAP_ALLOCATE|[50]|Bytes:4
15:01:20.0 (34276892)|VARIABLE_ASSIGNMENT|[50]|i|1
15:01:20.0 (34279115)|STATEMENT_EXECUTE|[50]
15:01:20.0 (34280549)|STATEMENT_EXECUTE|[51]
15:01:20.0 (34282452)|VARIABLE_SCOPE_BEGIN|[51]|j|Integer|false|false
15:01:20.0 (34284154)|HEAP_ALLOCATE|[51]|Bytes:4
15:01:20.0 (34286413)|VARIABLE_ASSIGNMENT|[51]|j|0
15:01:20.0 (34287994)|STATEMENT_EXECUTE|[51]
15:01:20.0 (34289311)|STATEMENT_EXECUTE|[52]
15:01:20.0 (34290232)|STATEMENT_EXECUTE|[53]
15:01:20.0 (34297567)|HEAP_ALLOCATE|[53]|Bytes:1
15:01:20.0 (34306319)|HEAP_ALLOCATE|[53]|Bytes:1
15:01:20.0 (34312130)|HEAP_ALLOCATE|[53]|Bytes:4
15:01:20.0 (34317389)|HEAP_ALLOCATE|[53]|Bytes:1
15:01:20.0 (34325336)|HEAP_ALLOCATE|[53]|Bytes:1
15:01:20.0 (34330671)|HEAP_ALLOCATE|[53]|Bytes:4
15:01:20.0 (34336686)|HEAP_ALLOCATE|[EXTERNAL]|Bytes:4
15:01:20.0 (34340718)|HEAP_ALLOCATE|[51]|Bytes:4
15:01:20.0 (34343601)|VARIABLE_ASSIGNMENT|[51]|j|30
15:01:20.0 (34345428)|STATEMENT_EXECUTE|[51]
15:01:20.0 (34346698)|STATEMENT_EXECUTE|[54]
15:01:20.0 (34347620)|STATEMENT_EXECUTE|[55]
15:01:20.0 (34353860)|HEAP_ALLOCATE|[55]|Bytes:1
15:01:20.0 (34362286)|HEAP_ALLOCATE|[55]|Bytes:2
15:01:20.0 (34367756)|HEAP_ALLOCATE|[55]|Bytes:4
15:01:20.0 (34372828)|HEAP_ALLOCATE|[55]|Bytes:1
15:01:20.0 (34380595)|HEAP_ALLOCATE|[55]|Bytes:2
15:01:20.0 (34385714)|HEAP_ALLOCATE|[55]|Bytes:4
15:01:20.0 (34390880)|HEAP_ALLOCATE|[EXTERNAL]|Bytes:4
15:01:20.0 (34394446)|HEAP_ALLOCATE|[51]|Bytes:4
15:01:20.0 (34396962)|VARIABLE_ASSIGNMENT|[51]|j|60
15:01:20.0 (34398948)|HEAP_ALLOCATE|[50]|Bytes:4
15:01:20.0 (34401292)|VARIABLE_ASSIGNMENT|[50]|i|2
15:01:20.0 (34402942)|STATEMENT_EXECUTE|[50]
15:01:20.0 (34404105)|STATEMENT_EXECUTE|[51]
15:01:20.0 (34406067)|VARIABLE_SCOPE_BEGIN|[51]|j|Integer|false|false
15:01:20.0 (34407576)|HEAP_ALLOCATE|[51]|Bytes:4
15:01:20.0 (34409792)|VARIABLE_ASSIGNMENT|[51]|j|0
15:01:20.0 (34411212)|STATEMENT_EXECUTE|[51]
15:01:20.0 (34412525)|STATEMENT_EXECUTE|[52]
15:01:20.0 (34413481)|STATEMENT_EXECUTE|[53]
15:01:20.0 (34419524)|HEAP_ALLOCATE|[53]|Bytes:1
15:01:20.0 (34427649)|HEAP_ALLOCATE|[53]|Bytes:1
15:01:20.0 (34432899)|HEAP_ALLOCATE|[53]|Bytes:4
15:01:20.0 (34438027)|HEAP_ALLOCATE|[53]|Bytes:1
15:01:20.0 (34445792)|HEAP_ALLOCATE|[53]|Bytes:1
15:01:20.0 (34450845)|HEAP_ALLOCATE|[53]|Bytes:4
15:01:20.0 (34455767)|HEAP_ALLOCATE|[EXTERNAL]|Bytes:4
15:01:20.0 (34459495)|HEAP_ALLOCATE|[51]|Bytes:4
15:01:20.0 (34462079)|VARIABLE_ASSIGNMENT|[51]|j|30
15:01:20.0 (34463755)|STATEMENT_EXECUTE|[51]
15:01:20.0 (34465059)|STATEMENT_EXECUTE|[54]
15:01:20.0 (34465976)|STATEMENT_EXECUTE|[55]
15:01:20.0 (34471968)|HEAP_ALLOCATE|[55]|Bytes:1
15:01:20.0 (34480390)|HEAP_ALLOCATE|[55]|Bytes:2
15:01:20.0 (34485697)|HEAP_ALLOCATE|[55]|Bytes:4
15:01:20.0 (34491033)|HEAP_ALLOCATE|[55]|Bytes:1
15:01:20.0 (34498794)|HEAP_ALLOCATE|[55]|Bytes:2
15:01:20.0 (34503852)|HEAP_ALLOCATE|[55]|Bytes:4
15:01:20.0 (34508697)|HEAP_ALLOCATE|[EXTERNAL]|Bytes:4
15:01:20.0 (34512206)|HEAP_ALLOCATE|[51]|Bytes:4
15:01:20.0 (34514776)|VARIABLE_ASSIGNMENT|[51]|j|60
15:01:20.0 (34516721)|HEAP_ALLOCATE|[50]|Bytes:4
15:01:20.0 (34518975)|VARIABLE_ASSIGNMENT|[50]|i|3
15:01:20.0 (34520723)|STATEMENT_EXECUTE|[50]
15:01:20.0 (34521848)|STATEMENT_EXECUTE|[51]
15:01:20.0 (34523471)|VARIABLE_SCOPE_BEGIN|[51]|j|Integer|false|false
15:01:20.0 (34524929)|HEAP_ALLOCATE|[51]|Bytes:4
15:01:20.0 (34527158)|VARIABLE_ASSIGNMENT|[51]|j|0
15:01:20.0 (34528576)|STATEMENT_EXECUTE|[51]
15:01:20.0 (34529808)|STATEMENT_EXECUTE|[52]
15:01:20.0 (34530735)|STATEMENT_EXECUTE|[53]
15:01:20.0 (34536669)|HEAP_ALLOCATE|[53]|Bytes:1
15:01:20.0 (34545027)|HEAP_ALLOCATE|[53]|Bytes:1
15:01:20.0 (34550246)|HEAP_ALLOCATE|[53]|Bytes:4
15:01:20.0 (34555316)|HEAP_ALLOCATE|[53]|Bytes:1
15:01:20.0 (34563233)|HEAP_ALLOCATE|[53]|Bytes:1
15:01:20.0 (34568317)|HEAP_ALLOCATE|[53]|Bytes:4
15:01:20.0 (34573358)|HEAP_ALLOCATE|[EXTERNAL]|Bytes:4
15:01:20.0 (34577129)|HEAP_ALLOCATE|[51]|Bytes:4
15:01:20.0 (34579678)|VARIABLE_ASSIGNMENT|[51]|j|30
15:01:20.0 (34581420)|STATEMENT_EXECUTE|[51]
15:01:20.0 (34582631)|STATEMENT_EXECUTE|[54]
15:01:20.0 (34583561)|STATEMENT_EXECUTE|[55]
15:01:20.0 (34589181)|HEAP_ALLOCATE|[55]|Bytes:1
15:01:20.0 (34597284)|HEAP_ALLOCATE|[55]|Bytes:2
15:01:20.0 (34602515)|HEAP_ALLOCATE|[55]|Bytes:4
15:01:20.0 (34607516)|HEAP_ALLOCATE|[55]|Bytes:1
15:01:20.0 (34615327)|HEAP_ALLOCATE|[55]|Bytes:2
15:01:20.0 (34620462)|HEAP_ALLOCATE|[55]|Bytes:4
15:01:20.0 (34625329)|HEAP_ALLOCATE|[EXTERNAL]|Bytes:4
15:01:20.0 (34628989)|HEAP_ALLOCATE|[51]|Bytes:4
15:01:20.0 (34631585)|VARIABLE_ASSIGNMENT|[51]|j|60
15:01:20.0 (34633415)|HEAP_ALLOCATE|[50]|Bytes:4
15:01:20.0 (34635616)|VARIABLE_ASSIGNMENT|[50]|i|4
15:01:20.0 (34637295)|STATEMENT_EXECUTE|[50]
15:01:20.0 (34638442)|STATEMENT_EXECUTE|[51]
15:01:20.0 (34640269)|VARIABLE_SCOPE_BEGIN|[51]|j|Integer|false|false
15:01:20.0 (34641724)|HEAP_ALLOCATE|[51]|Bytes:4
15:01:20.0 (34643927)|VARIABLE_ASSIGNMENT|[51]|j|0
15:01:20.0 (34645380)|STATEMENT_EXECUTE|[51]
15:01:20.0 (34646608)|STATEMENT_EXECUTE|[52]
15:01:20.0 (34647542)|STATEMENT_EXECUTE|[53]
15:01:20.0 (34653410)|HEAP_ALLOCATE|[53]|Bytes:1
15:01:20.0 (34661545)|HEAP_ALLOCATE|[53]|Bytes:1
15:01:20.0 (34666755)|HEAP_ALLOCATE|[53]|Bytes:4
15:01:20.0 (34671797)|HEAP_ALLOCATE|[53]|Bytes:1
15:01:20.0 (34679728)|HEAP_ALLOCATE|[53]|Bytes:1
15:01:20.0 (34684828)|HEAP_ALLOCATE|[53]|Bytes:4
15:01:20.0 (34689512)|HEAP_ALLOCATE|[EXTERNAL]|Bytes:4
15:01:20.0 (34693175)|HEAP_ALLOCATE|[51]|Bytes:4
15:01:20.0 (34695686)|VARIABLE_ASSIGNMENT|[51]|j|30
15:01:20.0 (34697368)|STATEMENT_EXECUTE|[51]
15:01:20.0 (34698572)|STATEMENT_EXECUTE|[54]
15:01:20.0 (34699553)|STATEMENT_EXECUTE|[55]
15:01:20.0 (34705163)|HEAP_ALLOCATE|[55]|Bytes:1
15:01:20.0 (34713322)|HEAP_ALLOCATE|[55]|Bytes:2
15:01:20.0 (34718555)|HEAP_ALLOCATE|[55]|Bytes:4
15:01:20.0 (34723773)|HEAP_ALLOCATE|[55]|Bytes:1
15:01:20.0 (34731709)|HEAP_ALLOCATE|[55]|Bytes:2
15:01:20.0 (34736878)|HEAP_ALLOCATE|[55]|Bytes:4
15:01:20.0 (34741625)|HEAP_ALLOCATE|[EXTERNAL]|Bytes:4
15:01:20.0 (34745189)|HEAP_ALLOCATE|[51]|Bytes:4
15:01:20.0 (34747758)|VARIABLE_ASSIGNMENT|[51]|j|60
15:01:20.0 (34749614)|HEAP_ALLOCATE|[50]|Bytes:4
15:01:20.0 (34751883)|VARIABLE_ASSIGNMENT|[50]|i|5
15:01:20.0 (34753552)|STATEMENT_EXECUTE|[50]
15:01:20.0 (34754707)|STATEMENT_EXECUTE|[51]
15:01:20.0 (34756178)|VARIABLE_SCOPE_BEGIN|[51]|j|Integer|false|false
15:01:20.0 (34757568)|HEAP_ALLOCATE|[51]|Bytes:4
15:01:20.0 (34759741)|VARIABLE_ASSIGNMENT|[51]|j|0
15:01:20.0 (34761205)|STATEMENT_EXECUTE|[51]
15:01:20.0 (34762436)|STATEMENT_EXECUTE|[52]
15:01:20.0 (34763370)|STATEMENT_EXECUTE|[53]
15:01:20.0 (34769433)|HEAP_ALLOCATE|[53]|Bytes:1
15:01:20.0 (34777552)|HEAP_ALLOCATE|[53]|Bytes:1
15:01:20.0 (34782911)|HEAP_ALLOCATE|[53]|Bytes:4
15:01:20.0 (34787958)|HEAP_ALLOCATE|[53]|Bytes:1
15:01:20.0 (34796115)|HEAP_ALLOCATE|[53]|Bytes:1
15:01:20.0 (34801128)|HEAP_ALLOCATE|[53]|Bytes:4
15:01:20.0 (34805989)|HEAP_ALLOCATE|[EXTERNAL]|Bytes:4
15:01:20.0 (34809821)|HEAP_ALLOCATE|[51]|Bytes:4
15:01:20.0 (34812525)|VARIABLE_ASSIGNMENT|[51]|j|30
15:01:20.0 (34814246)|STATEMENT_EXECUTE|[51]
15:01:20.0 (34815501)|STATEMENT_EXECUTE|[54]
15:01:20.0 (34816426)|STATEMENT_EXECUTE|[55]
15:01:20.0 (34822023)|HEAP_ALLOCATE|[55]|Bytes:1
15:01:20.0 (34830202)|HEAP_ALLOCATE|[55]|Bytes:2
15:01:20.0 (34835559)|HEAP_ALLOCATE|[55]|Bytes:4
15:01:20.0 (34840604)|HEAP_ALLOCATE|[55]|Bytes:1
15:01:20.0 (34848393)|HEAP_ALLOCATE|[55]|Bytes:2
15:01:20.0 (34853453)|HEAP_ALLOCATE|[55]|Bytes:4
15:01:20.0 (34858146)|HEAP_ALLOCATE|[EXTERNAL]|Bytes:4
15:01:20.0 (34861648)|HEAP_ALLOCATE|[51]|Bytes:4
15:01:20.0 (34864162)|VARIABLE_ASSIGNMENT|[51]|j|60
15:01:20.0 (34865979)|HEAP_ALLOCATE|[50]|Bytes:4
15:01:20.0 (34868205)|VARIABLE_ASSIGNMENT|[50]|i|6
15:01:20.0 (34869812)|STATEMENT_EXECUTE|[50]
15:01:20.0 (34870910)|STATEMENT_EXECUTE|[51]
15:01:20.0 (34872562)|VARIABLE_SCOPE_BEGIN|[51]|j|Integer|false|false
15:01:20.0 (34873948)|HEAP_ALLOCATE|[51]|Bytes:4
15:01:20.0 (34876144)|VARIABLE_ASSIGNMENT|[51]|j|0
15:01:20.0 (34877561)|STATEMENT_EXECUTE|[51]
15:01:20.0 (34878797)|STATEMENT_EXECUTE|[52]
15:01:20.0 (34879781)|STATEMENT_EXECUTE|[53]
15:01:20.0 (34885666)|HEAP_ALLOCATE|[53]|Bytes:1
15:01:20.0 (34893833)|HEAP_ALLOCATE|[53]|Bytes:1
15:01:20.0 (34899059)|HEAP_ALLOCATE|[53]|Bytes:4
15:01:20.0 (34904120)|HEAP_ALLOCATE|[53]|Bytes:1
15:01:20.0 (34911889)|HEAP_ALLOCATE|[53]|Bytes:1
15:01:20.0 (34916925)|HEAP_ALLOCATE|[53]|Bytes:4
15:01:20.0 (34921558)|HEAP_ALLOCATE|[EXTERNAL]|Bytes:4
15:01:20.0 (34925294)|HEAP_ALLOCATE|[51]|Bytes:4
15:01:20.0 (34927867)|VARIABLE_ASSIGNMENT|[51]|j|30
15:01:20.0 (34929481)|STATEMENT_EXECUTE|[51]
15:01:20.0 (34930709)|STATEMENT_EXECUTE|[54]
15:01:20.0 (34931654)|STATEMENT_EXECUTE|[55]
15:01:20.0 (34937223)|HEAP_ALLOCATE|[55]|Bytes:1
15:01:20.0 (34945555)|HEAP_ALLOCATE|[55]|Bytes:2
15:01:20.0 (34950792)|HEAP_ALLOCATE|[55]|Bytes:4
15:01:20.0 (34956316)|HEAP_ALLOCATE|[55]|Bytes:1
15:01:20.0 (34964151)|HEAP_ALLOCATE|[55]|Bytes:2
15:01:20.0 (34969218)|HEAP_ALLOCATE|[55]|Bytes:4
15:01:20.0 (34973920)|HEAP_ALLOCATE|[EXTERNAL]|Bytes:4
15:01:20.0 (34977426)|HEAP_ALLOCATE|[51]|Bytes:4
15:01:20.0 (34980003)|VARIABLE_ASSIGNMENT|[51]|j|60
15:01:20.0 (34981853)|HEAP_ALLOCATE|[50]|Bytes:4
15:01:20.0 (34984108)|VARIABLE_ASSIGNMENT|[50]|i|7
15:01:20.0 (34985713)|STATEMENT_EXECUTE|[50]
15:01:20.0 (34986815)|STATEMENT_EXECUTE|[51]
15:01:20.0 (34988344)|VARIABLE_SCOPE_BEGIN|[51]|j|Integer|false|false
15:01:20.0 (34989723)|HEAP_ALLOCATE|[51]|Bytes:4
15:01:20.0 (34991912)|VARIABLE_ASSIGNMENT|[51]|j|0
15:01:20.0 (34993353)|STATEMENT_EXECUTE|[51]
15:01:20.0 (34994620)|STATEMENT_EXECUTE|[52]
15:01:20.0 (34995561)|STATEMENT_EXECUTE|[53]
15:01:20.0 (35001503)|HEAP_ALLOCATE|[53]|Bytes:1
15:01:20.0 (35010426)|HEAP_ALLOCATE|[53]|Bytes:1
15:01:20.0 (35015767)|HEAP_ALLOCATE|[53]|Bytes:4
15:01:20.0 (35020834)|HEAP_ALLOCATE|[53]|Bytes:1
15:01:20.0 (35028620)|HEAP_ALLOCATE|[53]|Bytes:1
15:01:20.0 (35033859)|HEAP_ALLOCATE|[53]|Bytes:4
15:01:20.0 (35038662)|HEAP_ALLOCATE|[EXTERNAL]|Bytes:4
15:01:20.0 (35042398)|HEAP_ALLOCATE|[51]|Bytes:4
15:01:20.0 (35045023)|VARIABLE_ASSIGNMENT|[51]|j|30
15:01:20.0 (35046840)|STATEMENT_EXECUTE|[51]
15:01:20.0 (35048203)|STATEMENT_EXECUTE|[54]
15:01:20.0 (35049222)|STATEMENT_EXECUTE|[55]
15:01:20.0 (35054950)|HEAP_ALLOCATE|[55]|Bytes:1
15:01:20.0 (35063182)|HEAP_ALLOCATE|[55]|Bytes:2
15:01:20.0 (35068468)|HEAP_ALLOCATE|[55]|Bytes:4
15:01:20.0 (35073423)|HEAP_ALLOCATE|[55]|Bytes:1
15:01:20.0 (35081233)|HEAP_ALLOCATE|[55]|Bytes:2
15:01:20.0 (35086311)|HEAP_ALLOCATE|[55]|Bytes:4
15:01:20.0 (35091244)|HEAP_ALLOCATE|[EXTERNAL]|Bytes:4
15:01:20.0 (35095069)|HEAP_ALLOCATE|[51]|Bytes:4
15:01:20.0 (35097672)|VARIABLE_ASSIGNMENT|[51]|j|60
15:01:20.0 (35099543)|HEAP_ALLOCATE|[50]|Bytes:4
15:01:20.0 (35101864)|VARIABLE_ASSIGNMENT|[50]|i|8
15:01:20.0 (35103659)|STATEMENT_EXECUTE|[50]
15:01:20.0 (35104908)|STATEMENT_EXECUTE|[51]
15:01:20.0 (35106373)|VARIABLE_SCOPE_BEGIN|[51]|j|Integer|false|false
15:01:20.0 (35108200)|HEAP_ALLOCATE|[51]|Bytes:4
15:01:20.0 (35110428)|VARIABLE_ASSIGNMENT|[51]|j|0
15:01:20.0 (35111826)|STATEMENT_EXECUTE|[51]
15:01:20.0 (35113037)|STATEMENT_EXECUTE|[52]
15:01:20.0 (35113977)|STATEMENT_EXECUTE|[53]
15:01:20.0 (35119714)|HEAP_ALLOCATE|[53]|Bytes:1
15:01:20.0 (35127899)|HEAP_ALLOCATE|[53]|Bytes:1
15:01:20.0 (35136868)|HEAP_ALLOCATE|[53]|Bytes:4
15:01:20.0 (35142353)|HEAP_ALLOCATE|[53]|Bytes:1
15:01:20.0 (35150150)|HEAP_ALLOCATE|[53]|Bytes:1
15:01:20.0 (35155216)|HEAP_ALLOCATE|[53]|Bytes:4
15:01:20.0 (35160304)|HEAP_ALLOCATE|[EXTERNAL]|Bytes:4
15:01:20.0 (35164217)|HEAP_ALLOCATE|[51]|Bytes:4
15:01:20.0 (35166989)|VARIABLE_ASSIGNMENT|[51]|j|30
15:01:20.0 (35168881)|STATEMENT_EXECUTE|[51]
15:01:20.0 (35170172)|STATEMENT_EXECUTE|[54]
15:01:20.0 (35171125)|STATEMENT_EXECUTE|[55]
15:01:20.0 (35176911)|HEAP_ALLOCATE|[55]|Bytes:1
15:01:20.0 (35185026)|HEAP_ALLOCATE|[55]|Bytes:2
15:01:20.0 (35190213)|HEAP_ALLOCATE|[55]|Bytes:4
15:01:20.0 (35195603)|HEAP_ALLOCATE|[55]|Bytes:1
15:01:20.0 (35203443)|HEAP_ALLOCATE|[55]|Bytes:2
15:01:20.0 (35208698)|HEAP_ALLOCATE|[55]|Bytes:4
15:01:20.0 (35213567)|HEAP_ALLOCATE|[EXTERNAL]|Bytes:4
15:01:20.0 (35217021)|HEAP_ALLOCATE|[51]|Bytes:4
15:01:20.0 (35219644)|VARIABLE_ASSIGNMENT|[51]|j|60
15:01:20.0 (35221426)|HEAP_ALLOCATE|[50]|Bytes:4
15:01:20.0 (35223732)|VARIABLE_ASSIGNMENT|[50]|i|9
15:01:20.0 (35225370)|STATEMENT_EXECUTE|[50]
15:01:20.0 (35226559)|STATEMENT_EXECUTE|[51]
15:01:20.0 (35228109)|VARIABLE_SCOPE_BEGIN|[51]|j|Integer|false|false
15:01:20.0 (35229478)|HEAP_ALLOCATE|[51]|Bytes:4
15:01:20.0 (35231723)|VARIABLE_ASSIGNMENT|[51]|j|0
15:01:20.0 (35233180)|STATEMENT_EXECUTE|[51]
15:01:20.0 (35234366)|STATEMENT_EXECUTE|[52]
15:01:20.0 (35235301)|STATEMENT_EXECUTE|[53]
15:01:20.0 (35240994)|HEAP_ALLOCATE|[53]|Bytes:1
15:01:20.0 (35249061)|HEAP_ALLOCATE|[53]|Bytes:1
15:01:20.0 (35254318)|HEAP_ALLOCATE|[53]|Bytes:4
15:01:20.0 (35259389)|HEAP_ALLOCATE|[53]|Bytes:1
15:01:20.0 (35267236)|HEAP_ALLOCATE|[53]|Bytes:1
15:01:20.0 (35272512)|HEAP_ALLOCATE|[53]|Bytes:4
15:01:20.0 (35277396)|HEAP_ALLOCATE|[EXTERNAL]|Bytes:4
15:01:20.0 (35281164)|HEAP_ALLOCATE|[51]|Bytes:4
15:01:20.0 (35283811)|VARIABLE_ASSIGNMENT|[51]|j|30
15:01:20.0 (35285523)|STATEMENT_EXECUTE|[51]
15:01:20.0 (35286743)|STATEMENT_EXECUTE|[54]
15:01:20.0 (35287672)|STATEMENT_EXECUTE|[55]
15:01:20.0 (35293337)|HEAP_ALLOCATE|[55]|Bytes:1
15:01:20.0 (35301478)|HEAP_ALLOCATE|[55]|Bytes:2
15:01:20.0 (35306667)|HEAP_ALLOCATE|[55]|Bytes:4
15:01:20.0 (35311754)|HEAP_ALLOCATE|[55]|Bytes:1
15:01:20.0 (35319646)|HEAP_ALLOCATE|[55]|Bytes:2
15:01:20.0 (35324687)|HEAP_ALLOCATE|[55]|Bytes:4
15:01:20.0 (35329512)|HEAP_ALLOCATE|[EXTERNAL]|Bytes:4
15:01:20.0 (35333074)|HEAP_ALLOCATE|[51]|Bytes:4
15:01:20.0 (35335576)|VARIABLE_ASSIGNMENT|[51]|j|60
15:01:20.0 (35337369)|HEAP_ALLOCATE|[50]|Bytes:4
15:01:20.0 (35339641)|VARIABLE_ASSIGNMENT|[50]|i|10
15:01:20.0 (35341229)|STATEMENT_EXECUTE|[50]
15:01:20.0 (35342349)|STATEMENT_EXECUTE|[51]
15:01:20.0 (35343863)|VARIABLE_SCOPE_BEGIN|[51]|j|Integer|false|false
15:01:20.0 (35345689)|HEAP_ALLOCATE|[51]|Bytes:4
15:01:20.0 (35347905)|VARIABLE_ASSIGNMENT|[51]|j|0
15:01:20.0 (35349380)|STATEMENT_EXECUTE|[51]
15:01:20.0 (35350601)|STATEMENT_EXECUTE|[52]
15:01:20.0 (35351523)|STATEMENT_EXECUTE|[53]
15:01:20.0 (35357351)|HEAP_ALLOCATE|[53]|Bytes:2
15:01:20.0 (35365493)|HEAP_ALLOCATE|[53]|Bytes:1
15:01:20.0 (35370833)|HEAP_ALLOCATE|[53]|Bytes:5
15:01:20.0 (35375864)|HEAP_ALLOCATE|[53]|Bytes:2
15:01:20.0 (35383659)|HEAP_ALLOCATE|[53]|Bytes:1
15:01:20.0 (35388686)|HEAP_ALLOCATE|[53]|Bytes:5
15:01:20.0 (35393488)|HEAP_ALLOCATE|[EXTERNAL]|Bytes:4
15:01:20.0 (35397189)|HEAP_ALLOCATE|[51]|Bytes:4
15:01:20.0 (35399859)|VARIABLE_ASSIGNMENT|[51]|j|30
15:01:20.0 (35401553)|STATEMENT_EXECUTE|[51]
15:01:20.0 (35402793)|STATEMENT_EXECUTE|[54]
15:01:20.0 (35403777)|STATEMENT_EXECUTE|[55]
15:01:20.0 (35409367)|HEAP_ALLOCATE|[55]|Bytes:2
15:01:20.0 (35417599)|HEAP_ALLOCATE|[55]|Bytes:2
15:01:20.0 (35422931)|HEAP_ALLOCATE|[55]|Bytes:5
15:01:20.0 (35427938)|HEAP_ALLOCATE|[55]|Bytes:2
15:01:20.0 (35436098)|HEAP_ALLOCATE|[55]|Bytes:2
15:01:20.0 (35441245)|HEAP_ALLOCATE|[55]|Bytes:5
15:01:20.0 (35445921)|HEAP_ALLOCATE|[EXTERNAL]|Bytes:4
15:01:20.0 (35449405)|HEAP_ALLOCATE|[51]|Bytes:4
15:01:20.0 (35451944)|VARIABLE_ASSIGNMENT|[51]|j|60
15:01:20.0 (35453755)|HEAP_ALLOCATE|[50]|Bytes:4
15:01:20.0 (35456030)|VARIABLE_ASSIGNMENT|[50]|i|11
15:01:20.0 (35457577)|STATEMENT_EXECUTE|[50]
15:01:20.0 (35458740)|STATEMENT_EXECUTE|[51]
15:01:20.0 (35460263)|VARIABLE_SCOPE_BEGIN|[51]|j|Integer|false|false
15:01:20.0 (35461647)|HEAP_ALLOCATE|[51]|Bytes:4
15:01:20.0 (35463790)|VARIABLE_ASSIGNMENT|[51]|j|0
15:01:20.0 (35465235)|STATEMENT_EXECUTE|[51]
15:01:20.0 (35466471)|STATEMENT_EXECUTE|[52]
15:01:20.0 (35467422)|STATEMENT_EXECUTE|[53]
15:01:20.0 (35473455)|HEAP_ALLOCATE|[53]|Bytes:2
15:01:20.0 (35481531)|HEAP_ALLOCATE|[53]|Bytes:1
15:01:20.0 (35486804)|HEAP_ALLOCATE|[53]|Bytes:5
15:01:20.0 (35491846)|HEAP_ALLOCATE|[53]|Bytes:2
15:01:20.0 (35499612)|HEAP_ALLOCATE|[53]|Bytes:1
15:01:20.0 (35504788)|HEAP_ALLOCATE|[53]|Bytes:5
15:01:20.0 (35509474)|HEAP_ALLOCATE|[EXTERNAL]|Bytes:4
15:01:20.0 (35513301)|HEAP_ALLOCATE|[51]|Bytes:4
15:01:20.0 (35515888)|VARIABLE_ASSIGNMENT|[51]|j|30
15:01:20.0 (35517546)|STATEMENT_EXECUTE|[51]
15:01:20.0 (35518751)|STATEMENT_EXECUTE|[54]
15:01:20.0 (35519678)|STATEMENT_EXECUTE|[55]
15:01:20.0 (35525500)|HEAP_ALLOCATE|[55]|Bytes:2
15:01:20.0 (35533699)|HEAP_ALLOCATE|[55]|Bytes:2
15:01:20.0 (35538945)|HEAP_ALLOCATE|[55]|Bytes:5
15:01:20.0 (35544004)|HEAP_ALLOCATE|[55]|Bytes:2
15:01:20.0 (35551809)|HEAP_ALLOCATE|[55]|Bytes:2
15:01:20.0 (35556916)|HEAP_ALLOCATE|[55]|Bytes:5
15:01:20.0 (35561582)|HEAP_ALLOCATE|[EXTERNAL]|Bytes:4
15:01:20.0 (35565102)|HEAP_ALLOCATE|[51]|Bytes:4
15:01:20.0 (35567657)|VARIABLE_ASSIGNMENT|[51]|j|60
15:01:20.0 (35569526)|HEAP_ALLOCATE|[50]|Bytes:4
15:01:20.0 (35571771)|VARIABLE_ASSIGNMENT|[50]|i|12
15:01:20.0 (35573391)|STATEMENT_EXECUTE|[50]
15:01:20.0 (35574518)|STATEMENT_EXECUTE|[51]
15:01:20.0 (35576157)|VARIABLE_SCOPE_BEGIN|[51]|j|Integer|false|false
15:01:20.0 (35577985)|HEAP_ALLOCATE|[51]|Bytes:4
15:01:20.0 (35580213)|VARIABLE_ASSIGNMENT|[51]|j|0
15:01:20.0 (35581662)|STATEMENT_EXECUTE|[51]
15:01:20.0 (35582861)|STATEMENT_EXECUTE|[52]
15:01:20.0 (35583789)|STATEMENT_EXECUTE|[53]
15:01:20.0 (35589595)|HEAP_ALLOCATE|[53]|Bytes:2
15:01:20.0 (35597731)|HEAP_ALLOCATE|[53]|Bytes:1
15:01:20.0 (35602971)|HEAP_ALLOCATE|[53]|Bytes:5
15:01:20.0 (35608113)|HEAP_ALLOCATE|[53]|Bytes:2
15:01:20.0 (35615814)|HEAP_ALLOCATE|[53]|Bytes:1
15:01:20.0 (35620886)|HEAP_ALLOCATE|[53]|Bytes:5
15:01:20.0 (35625748)|HEAP_ALLOCATE|[EXTERNAL]|Bytes:4
15:01:20.0 (35629600)|HEAP_ALLOCATE|[51]|Bytes:4
15:01:20.0 (35632235)|VARIABLE_ASSIGNMENT|[51]|j|30
15:01:20.0 (35633922)|STATEMENT_EXECUTE|[51]
15:01:20.0 (35635124)|STATEMENT_EXECUTE|[54]
15:01:20.0 (35636062)|STATEMENT_EXECUTE|[55]
15:01:20.0 (35641712)|HEAP_ALLOCATE|[55]|Bytes:2
15:01:20.0 (35649986)|HEAP_ALLOCATE|[55]|Bytes:2
15:01:20.0 (35655279)|HEAP_ALLOCATE|[55]|Bytes:5
15:01:20.0 (35660270)|HEAP_ALLOCATE|[55]|Bytes:2
15:01:20.0 (35668558)|HEAP_ALLOCATE|[55]|Bytes:2
15:01:20.0 (35673783)|HEAP_ALLOCATE|[55]|Bytes:5
15:01:20.0 (35678533)|HEAP_ALLOCATE|[EXTERNAL]|Bytes:4
15:01:20.0 (35682080)|HEAP_ALLOCATE|[51]|Bytes:4
15:01:20.0 (35684695)|VARIABLE_ASSIGNMENT|[51]|j|60
15:01:20.0 (35686489)|HEAP_ALLOCATE|[50]|Bytes:4
15:01:20.0 (35688710)|VARIABLE_ASSIGNMENT|[50]|i|13
15:01:20.0 (35690387)|STATEMENT_EXECUTE|[50]
15:01:20.0 (35691513)|STATEMENT_EXECUTE|[51]
15:01:20.0 (35693021)|VARIABLE_SCOPE_BEGIN|[51]|j|Integer|false|false
15:01:20.0 (35694291)|HEAP_ALLOCATE|[51]|Bytes:4
15:01:20.0 (35696581)|VARIABLE_ASSIGNMENT|[51]|j|0
15:01:20.0 (35698057)|STATEMENT_EXECUTE|[51]
15:01:20.0 (35699297)|STATEMENT_EXECUTE|[52]
15:01:20.0 (35700219)|STATEMENT_EXECUTE|[53]
15:01:20.0 (35705970)|HEAP_ALLOCATE|[53]|Bytes:2
15:01:20.0 (35714113)|HEAP_ALLOCATE|[53]|Bytes:1
15:01:20.0 (35719320)|HEAP_ALLOCATE|[53]|Bytes:5
15:01:20.0 (35724585)|HEAP_ALLOCATE|[53]|Bytes:2
15:01:20.0 (35732462)|HEAP_ALLOCATE|[53]|Bytes:1
15:01:20.0 (35738032)|HEAP_ALLOCATE|[53]|Bytes:5
15:01:20.0 (35742708)|HEAP_ALLOCATE|[EXTERNAL]|Bytes:4
15:01:20.0 (35746487)|HEAP_ALLOCATE|[51]|Bytes:4
15:01:20.0 (35749180)|VARIABLE_ASSIGNMENT|[51]|j|30
15:01:20.0 (35750963)|STATEMENT_EXECUTE|[51]
15:01:20.0 (35752238)|STATEMENT_EXECUTE|[54]
15:01:20.0 (35753172)|STATEMENT_EXECUTE|[55]
15:01:20.0 (35758860)|HEAP_ALLOCATE|[55]|Bytes:2
15:01:20.0 (35766966)|HEAP_ALLOCATE|[55]|Bytes:2
15:01:20.0 (35772213)|HEAP_ALLOCATE|[55]|Bytes:5
15:01:20.0 (35777343)|HEAP_ALLOCATE|[55]|Bytes:2
15:01:20.0 (35785182)|HEAP_ALLOCATE|[55]|Bytes:2
15:01:20.0 (35790365)|HEAP_ALLOCATE|[55]|Bytes:5
15:01:20.0 (35795134)|HEAP_ALLOCATE|[EXTERNAL]|Bytes:4
15:01:20.0 (35798656)|HEAP_ALLOCATE|[51]|Bytes:4
15:01:20.0 (35801229)|VARIABLE_ASSIGNMENT|[51]|j|60
15:01:20.0 (35803135)|HEAP_ALLOCATE|[50]|Bytes:4
15:01:20.0 (35805391)|VARIABLE_ASSIGNMENT|[50]|i|14
15:01:20.0 (35806986)|STATEMENT_EXECUTE|[50]
15:01:20.0 (35808137)|STATEMENT_EXECUTE|[51]
15:01:20.0 (35809636)|VARIABLE_SCOPE_BEGIN|[51]|j|Integer|false|false
15:01:20.0 (35811179)|HEAP_ALLOCATE|[51]|Bytes:4
15:01:20.0 (35813367)|VARIABLE_ASSIGNMENT|[51]|j|0
15:01:20.0 (35814854)|STATEMENT_EXECUTE|[51]
15:01:20.0 (35816098)|STATEMENT_EXECUTE|[52]
15:01:20.0 (35817064)|STATEMENT_EXECUTE|[53]
15:01:20.0 (35823036)|HEAP_ALLOCATE|[53]|Bytes:2
15:01:20.0 (35831148)|HEAP_ALLOCATE|[53]|Bytes:1
15:01:20.0 (35836445)|HEAP_ALLOCATE|[53]|Bytes:5
15:01:20.0 (35841475)|HEAP_ALLOCATE|[53]|Bytes:2
15:01:20.0 (35849268)|HEAP_ALLOCATE|[53]|Bytes:1
15:01:20.0 (35854352)|HEAP_ALLOCATE|[53]|Bytes:5
15:01:20.0 (35859080)|HEAP_ALLOCATE|[EXTERNAL]|Bytes:4
15:01:20.0 (35862816)|HEAP_ALLOCATE|[51]|Bytes:4
15:01:20.0 (35865348)|VARIABLE_ASSIGNMENT|[51]|j|30
15:01:20.0 (35867036)|STATEMENT_EXECUTE|[51]
15:01:20.0 (35868283)|STATEMENT_EXECUTE|[54]
15:01:20.0 (35869256)|STATEMENT_EXECUTE|[55]
15:01:20.0 (35874951)|HEAP_ALLOCATE|[55]|Bytes:2
15:01:20.0 (35883105)|HEAP_ALLOCATE|[55]|Bytes:2
15:01:20.0 (35888459)|HEAP_ALLOCATE|[55]|Bytes:5
15:01:20.0 (35893621)|HEAP_ALLOCATE|[55]|Bytes:2
15:01:20.0 (35901893)|HEAP_ALLOCATE|[55]|Bytes:2
15:01:20.0 (35907053)|HEAP_ALLOCATE|[55]|Bytes:5
15:01:20.0 (35911836)|HEAP_ALLOCATE|[EXTERNAL]|Bytes:4
15:01:20.0 (35915389)|HEAP_ALLOCATE|[51]|Bytes:4
15:01:20.0 (35917884)|VARIABLE_ASSIGNMENT|[51]|j|60
15:01:20.0 (35919695)|HEAP_ALLOCATE|[50]|Bytes:4
15:01:20.0 (35922011)|VARIABLE_ASSIGNMENT|[50]|i|15
15:01:20.0 (35923576)|STATEMENT_EXECUTE|[50]
15:01:20.0 (35924696)|STATEMENT_EXECUTE|[51]
15:01:20.0 (35926195)|VARIABLE_SCOPE_BEGIN|[51]|j|Integer|false|false
15:01:20.0 (35927510)|HEAP_ALLOCATE|[51]|Bytes:4
15:01:20.0 (35929695)|VARIABLE_ASSIGNMENT|[51]|j|0
15:01:20.0 (35931195)|STATEMENT_EXECUTE|[51]
15:01:20.0 (35932427)|STATEMENT_EXECUTE|[52]
15:01:20.0 (35933363)|STATEMENT_EXECUTE|[53]
15:01:20.0 (35939097)|HEAP_ALLOCATE|[53]|Bytes:2
15:01:20.0 (35947323)|HEAP_ALLOCATE|[53]|Bytes:1
15:01:20.0 (35952528)|HEAP_ALLOCATE|[53]|Bytes:5
15:01:20.0 (35957493)|HEAP_ALLOCATE|[53]|Bytes:2
15:01:20.0 (35965262)|HEAP_ALLOCATE|[53]|Bytes:1
15:01:20.0 (35970523)|HEAP_ALLOCATE|[53]|Bytes:5
15:01:20.0 (35975327)|HEAP_ALLOCATE|[EXTERNAL]|Bytes:4
15:01:20.0 (35978958)|HEAP_ALLOCATE|[51]|Bytes:4
15:01:20.0 (35981518)|VARIABLE_ASSIGNMENT|[51]|j|30
15:01:20.0 (35983221)|STATEMENT_EXECUTE|[51]
15:01:20.0 (35984466)|STATEMENT_EXECUTE|[54]
15:01:20.0 (35985399)|STATEMENT_EXECUTE|[55]
15:01:20.0 (35990958)|HEAP_ALLOCATE|[55]|Bytes:2
15:01:20.0 (35999177)|HEAP_ALLOCATE|[55]|Bytes:2
15:01:20.0 (36004454)|HEAP_ALLOCATE|[55]|Bytes:5
15:01:20.0 (36010120)|HEAP_ALLOCATE|[55]|Bytes:2
15:01:20.0 (36018183)|HEAP_ALLOCATE|[55]|Bytes:2
15:01:20.0 (36023265)|HEAP_ALLOCATE|[55]|Bytes:5
15:01:20.0 (36027918)|HEAP_ALLOCATE|[EXTERNAL]|Bytes:4
15:01:20.0 (36031344)|HEAP_ALLOCATE|[51]|Bytes:4
15:01:20.0 (36033927)|VARIABLE_ASSIGNMENT|[51]|j|60
15:01:20.0 (36035810)|HEAP_ALLOCATE|[50]|Bytes:4
15:01:20.0 (36038048)|VARIABLE_ASSIGNMENT|[50]|i|16
15:01:20.0 (36039633)|STATEMENT_EXECUTE|[50]
15:01:20.0 (36040740)|STATEMENT_EXECUTE|[51]
15:01:20.0 (36042207)|VARIABLE_SCOPE_BEGIN|[51]|j|Integer|false|false
15:01:20.0 (36043683)|HEAP_ALLOCATE|[51]|Bytes:4
15:01:20.0 (36045895)|VARIABLE_ASSIGNMENT|[51]|j|0
15:01:20.0 (36047494)|STATEMENT_EXECUTE|[51]
15:01:20.0 (36048778)|STATEMENT_EXECUTE|[52]
15:01:20.0 (36049716)|STATEMENT_EXECUTE|[53]
15:01:20.0 (36055406)|HEAP_ALLOCATE|[53]|Bytes:2
15:01:20.0 (36063481)|HEAP_ALLOCATE|[53]|Bytes:1
15:01:20.0 (36068726)|HEAP_ALLOCATE|[53]|Bytes:5
15:01:20.0 (36073717)|HEAP_ALLOCATE|[53]|Bytes:2
15:01:20.0 (36081406)|HEAP_ALLOCATE|[53]|Bytes:1
15:01:20.0 (36086386)|HEAP_ALLOCATE|[53]|Bytes:5
15:01:20.0 (36091064)|HEAP_ALLOCATE|[EXTERNAL]|Bytes:4
15:01:20.0 (36094775)|HEAP_ALLOCATE|[51]|Bytes:4
15:01:20.0 (36097345)|VARIABLE_ASSIGNMENT|[51]|j|30
15:01:20.0 (36099022)|STATEMENT_EXECUTE|[51]
15:01:20.0 (36100234)|STATEMENT_EXECUTE|[54]
15:01:20.0 (36101177)|STATEMENT_EXECUTE|[55]
15:01:20.0 (36106858)|HEAP_ALLOCATE|[55]|Bytes:2
15:01:20.0 (36115018)|HEAP_ALLOCATE|[55]|Bytes:2
15:01:20.0 (36120136)|HEAP_ALLOCATE|[55]|Bytes:5
15:01:20.0 (36125122)|HEAP_ALLOCATE|[55]|Bytes:2
15:01:20.0 (36135619)|HEAP_ALLOCATE|[55]|Bytes:2
15:01:20.0 (36140990)|HEAP_ALLOCATE|[55]|Bytes:5
15:01:20.0 (36145845)|HEAP_ALLOCATE|[EXTERNAL]|Bytes:4
15:01:20.0 (36149520)|HEAP_ALLOCATE|[51]|Bytes:4
15:01:20.0 (36152110)|VARIABLE_ASSIGNMENT|[51]|j|60
15:01:20.0 (36153981)|HEAP_ALLOCATE|[50]|Bytes:4
15:01:20.0 (36156279)|VARIABLE_ASSIGNMENT|[50]|i|17
15:01:20.0 (36157908)|STATEMENT_EXECUTE|[50]
15:01:20.0 (36159161)|STATEMENT_EXECUTE|[51]
15:01:20.0 (36160724)|VARIABLE_SCOPE_BEGIN|[51]|j|Integer|false|false
15:01:20.0 (36162092)|HEAP_ALLOCATE|[51]|Bytes:4
15:01:20.0 (36164288)|VARIABLE_ASSIGNMENT|[51]|j|0
15:01:20.0 (36165787)|STATEMENT_EXECUTE|[51]
15:01:20.0 (36167014)|STATEMENT_EXECUTE|[52]
15:01:20.0 (36167940)|STATEMENT_EXECUTE|[53]
15:01:20.0 (36173861)|HEAP_ALLOCATE|[53]|Bytes:2
15:01:20.0 (36181993)|HEAP_ALLOCATE|[53]|Bytes:1
15:01:20.0 (36187221)|HEAP_ALLOCATE|[53]|Bytes:5
15:01:20.0 (36192257)|HEAP_ALLOCATE|[53]|Bytes:2
15:01:20.0 (36200125)|HEAP_ALLOCATE|[53]|Bytes:1
15:01:20.0 (36205348)|HEAP_ALLOCATE|[53]|Bytes:5
15:01:20.0 (36210405)|HEAP_ALLOCATE|[EXTERNAL]|Bytes:4
15:01:20.0 (36214164)|HEAP_ALLOCATE|[51]|Bytes:4
15:01:20.0 (36216765)|VARIABLE_ASSIGNMENT|[51]|j|30
15:01:20.0 (36218469)|STATEMENT_EXECUTE|[51]
15:01:20.0 (36219679)|STATEMENT_EXECUTE|[54]
15:01:20.0 (36220642)|STATEMENT_EXECUTE|[55]
15:01:20.0 (36226292)|HEAP_ALLOCATE|[55]|Bytes:2
15:01:20.0 (36234388)|HEAP_ALLOCATE|[55]|Bytes:2
15:01:20.0 (36239653)|HEAP_ALLOCATE|[55]|Bytes:5
15:01:20.0 (36244627)|HEAP_ALLOCATE|[55]|Bytes:2
15:01:20.0 (36252405)|HEAP_ALLOCATE|[55]|Bytes:2
15:01:20.0 (36257480)|HEAP_ALLOCATE|[55]|Bytes:5
15:01:20.0 (36262521)|HEAP_ALLOCATE|[EXTERNAL]|Bytes:4
15:01:20.0 (36266146)|HEAP_ALLOCATE|[51]|Bytes:4
15:01:20.0 (36268590)|VARIABLE_ASSIGNMENT|[51]|j|60
15:01:20.0 (36270408)|HEAP_ALLOCATE|[50]|Bytes:4
15:01:20.0 (36272639)|VARIABLE_ASSIGNMENT|[50]|i|18
15:01:20.0 (36274329)|STATEMENT_EXECUTE|[50]
15:01:20.0 (36275469)|STATEMENT_EXECUTE|[51]
15:01:20.0 (36276973)|VARIABLE_SCOPE_BEGIN|[51]|j|Integer|false|false
15:01:20.0 (36278673)|HEAP_ALLOCATE|[51]|Bytes:4
15:01:20.0 (36280868)|VARIABLE_ASSIGNMENT|[51]|j|0
15:01:20.0 (36282302)|STATEMENT_EXECUTE|[51]
15:01:20.0 (36283490)|STATEMENT_EXECUTE|[52]
15:01:20.0 (36284420)|STATEMENT_EXECUTE|[53]
15:01:20.0 (36290126)|HEAP_ALLOCATE|[53]|Bytes:2
15:01:20.0 (36298298)|HEAP_ALLOCATE|[53]|Bytes:1
15:01:20.0 (36303582)|HEAP_ALLOCATE|[53]|Bytes:5
15:01:20.0 (36308613)|HEAP_ALLOCATE|[53]|Bytes:2
15:01:20.0 (36316424)|HEAP_ALLOCATE|[53]|Bytes:1
15:01:20.0 (36321507)|HEAP_ALLOCATE|[53]|Bytes:5
15:01:20.0 (36326180)|HEAP_ALLOCATE|[EXTERNAL]|Bytes:4
15:01:20.0 (36330004)|HEAP_ALLOCATE|[51]|Bytes:4
15:01:20.0 (36332538)|VARIABLE_ASSIGNMENT|[51]|j|30
15:01:20.0 (36334359)|STATEMENT_EXECUTE|[51]
15:01:20.0 (36335547)|STATEMENT_EXECUTE|[54]
15:01:20.0 (36336491)|STATEMENT_EXECUTE|[55]
15:01:20.0 (36342138)|HEAP_ALLOCATE|[55]|Bytes:2
15:01:20.0 (36350196)|HEAP_ALLOCATE|[55]|Bytes:2
15:01:20.0 (36355366)|HEAP_ALLOCATE|[55]|Bytes:5
15:01:20.0 (36360462)|HEAP_ALLOCATE|[55]|Bytes:2
15:01:20.0 (36368511)|HEAP_ALLOCATE|[55]|Bytes:2
15:01:20.0 (36373708)|HEAP_ALLOCATE|[55]|Bytes:5
15:01:20.0 (36378307)|HEAP_ALLOCATE|[EXTERNAL]|Bytes:4
15:01:20.0 (36381825)|HEAP_ALLOCATE|[51]|Bytes:4
15:01:20.0 (36384314)|VARIABLE_ASSIGNMENT|[51]|j|60
15:01:20.0 (36386120)|HEAP_ALLOCATE|[50]|Bytes:4
15:01:20.0 (36388413)|VARIABLE_ASSIGNMENT|[50]|i|19
15:01:20.0 (36390025)|STATEMENT_EXECUTE|[50]
15:01:20.0 (36391163)|STATEMENT_EXECUTE|[51]
15:01:20.0 (36392676)|VARIABLE_SCOPE_BEGIN|[51]|j|Integer|false|false
15:01:20.0 (36394074)|HEAP_ALLOCATE|[51]|Bytes:4
15:01:20.0 (36396283)|VARIABLE_ASSIGNMENT|[51]|j|0
15:01:20.0 (36397721)|STATEMENT_EXECUTE|[51]
15:01:20.0 (36398926)|STATEMENT_EXECUTE|[52]
15:01:20.0 (36399858)|STATEMENT_EXECUTE|[53]
15:01:20.0 (36405550)|HEAP_ALLOCATE|[53]|Bytes:2
15:01:20.0 (36413635)|HEAP_ALLOCATE|[53]|Bytes:1
15:01:20.0 (36418836)|HEAP_ALLOCATE|[53]|Bytes:5
15:01:20.0 (36423934)|HEAP_ALLOCATE|[53]|Bytes:2
15:01:20.0 (36431662)|HEAP_ALLOCATE|[53]|Bytes:1
15:01:20.0 (36436656)|HEAP_ALLOCATE|[53]|Bytes:5
15:01:20.0 (36441602)|HEAP_ALLOCATE|[EXTERNAL]|Bytes:4
15:01:20.0 (36445198)|HEAP_ALLOCATE|[51]|Bytes:4
15:01:20.0 (36447756)|VARIABLE_ASSIGNMENT|[51]|j|30
15:01:20.0 (36449454)|STATEMENT_EXECUTE|[51]
15:01:20.0 (36450680)|STATEMENT_EXECUTE|[54]
15:01:20.0 (36451612)|STATEMENT_EXECUTE|[55]
15:01:20.0 (36457169)|HEAP_ALLOCATE|[55]|Bytes:2
15:01:20.0 (36465269)|HEAP_ALLOCATE|[55]|Bytes:2
15:01:20.0 (36470559)|HEAP_ALLOCATE|[55]|Bytes:5
15:01:20.0 (36475680)|HEAP_ALLOCATE|[55]|Bytes:2
15:01:20.0 (36483434)|HEAP_ALLOCATE|[55]|Bytes:2
15:01:20.0 (36488597)|HEAP_ALLOCATE|[55]|Bytes:5
15:01:20.0 (36493140)|HEAP_ALLOCATE|[EXTERNAL]|Bytes:4
15:01:20.0 (36496648)|HEAP_ALLOCATE|[51]|Bytes:4
15:01:20.0 (36499231)|VARIABLE_ASSIGNMENT|[51]|j|60
15:01:20.0 (36501190)|HEAP_ALLOCATE|[50]|Bytes:4
15:01:20.0 (36503453)|VARIABLE_ASSIGNMENT|[50]|i|20
15:01:20.0 (36504959)|STATEMENT_EXECUTE|[50]
15:01:20.0 (36506097)|STATEMENT_EXECUTE|[51]
15:01:20.0 (36507589)|VARIABLE_SCOPE_BEGIN|[51]|j|Integer|false|false
15:01:20.0 (36509317)|HEAP_ALLOCATE|[51]|Bytes:4
15:01:20.0 (36511534)|VARIABLE_ASSIGNMENT|[51]|j|0
15:01:20.0 (36512977)|STATEMENT_EXECUTE|[51]
15:01:20.0 (36514207)|STATEMENT_EXECUTE|[52]
15:01:20.0 (36515137)|STATEMENT_EXECUTE|[53]
15:01:20.0 (36520938)|HEAP_ALLOCATE|[53]|Bytes:2
15:01:20.0 (36529161)|HEAP_ALLOCATE|[53]|Bytes:1
15:01:20.0 (36534419)|HEAP_ALLOCATE|[53]|Bytes:5
15:01:20.0 (36539463)|HEAP_ALLOCATE|[53]|Bytes:2
15:01:20.0 (36547171)|HEAP_ALLOCATE|[53]|Bytes:1
15:01:20.0 (36552195)|HEAP_ALLOCATE|[53]|Bytes:5
15:01:20.0 (36556862)|HEAP_ALLOCATE|[EXTERNAL]|Bytes:4
15:01:20.0 (36560541)|HEAP_ALLOCATE|[51]|Bytes:4
15:01:20.0 (36563094)|VARIABLE_ASSIGNMENT|[51]|j|30
15:01:20.0 (36564789)|STATEMENT_EXECUTE|[51]
15:01:20.0 (36565986)|STATEMENT_EXECUTE|[54]
15:01:20.0 (36566915)|STATEMENT_EXECUTE|[55]
15:01:20.0 (36572473)|HEAP_ALLOCATE|[55]|Bytes:2
15:01:20.0 (36580669)|HEAP_ALLOCATE|[55]|Bytes:2
15:01:20.0 (36585870)|HEAP_ALLOCATE|[55]|Bytes:5
15:01:20.0 (36590962)|HEAP_ALLOCATE|[55]|Bytes:2
15:01:20.0 (36598745)|HEAP_ALLOCATE|[55]|Bytes:2
15:01:20.0 (36604269)|HEAP_ALLOCATE|[55]|Bytes:5
15:01:20.0 (36608946)|HEAP_ALLOCATE|[EXTERNAL]|Bytes:4
15:01:20.0 (36612375)|HEAP_ALLOCATE|[51]|Bytes:4
15:01:20.0 (36615186)|VARIABLE_ASSIGNMENT|[51]|j|60
15:01:20.0 (36616983)|HEAP_ALLOCATE|[50]|Bytes:4
15:01:20.0 (36619224)|VARIABLE_ASSIGNMENT|[50]|i|21
15:01:20.0 (36620770)|STATEMENT_EXECUTE|[50]
15:01:20.0 (36621933)|STATEMENT_EXECUTE|[51]
15:01:20.0 (36623428)|VARIABLE_SCOPE_BEGIN|[51]|j|Integer|false|false
15:01:20.0 (36624799)|HEAP_ALLOCATE|[51]|Bytes:4
15:01:20.0 (36626972)|VARIABLE_ASSIGNMENT|[51]|j|0
15:01:20.0 (36628516)|STATEMENT_EXECUTE|[51]
15:01:20.0 (36629669)|STATEMENT_EXECUTE|[52]
15:01:20.0 (36630629)|STATEMENT_EXECUTE|[53]
15:01:20.0 (36636378)|HEAP_ALLOCATE|[53]|Bytes:2
15:01:20.0 (36644601)|HEAP_ALLOCATE|[53]|Bytes:1
15:01:20.0 (36649780)|HEAP_ALLOCATE|[53]|Bytes:5
15:01:20.0 (36654777)|HEAP_ALLOCATE|[53]|Bytes:2
15:01:20.0 (36662513)|HEAP_ALLOCATE|[53]|Bytes:1
15:01:20.0 (36667539)|HEAP_ALLOCATE|[53]|Bytes:5
15:01:20.0 (36672604)|HEAP_ALLOCATE|[EXTERNAL]|Bytes:4
15:01:20.0 (36676199)|HEAP_ALLOCATE|[51]|Bytes:4
15:01:20.0 (36678942)|VARIABLE_ASSIGNMENT|[51]|j|30
15:01:20.0 (36680605)|STATEMENT_EXECUTE|[51]
15:01:20.0 (36681788)|STATEMENT_EXECUTE|[54]
15:01:20.0 (36682708)|STATEMENT_EXECUTE|[55]
15:01:20.0 (36688308)|HEAP_ALLOCATE|[55]|Bytes:2
15:01:20.0 (36696501)|HEAP_ALLOCATE|[55]|Bytes:2
15:01:20.0 (36701719)|HEAP_ALLOCATE|[55]|Bytes:5
15:01:20.0 (36706707)|HEAP_ALLOCATE|[55]|Bytes:2
15:01:20.0 (36714535)|HEAP_ALLOCATE|[55]|Bytes:2
15:01:20.0 (36719581)|HEAP_ALLOCATE|[55]|Bytes:5
15:01:20.0 (36724233)|HEAP_ALLOCATE|[EXTERNAL]|Bytes:4
15:01:20.0 (36727689)|HEAP_ALLOCATE|[51]|Bytes:4
15:01:20.0 (36730118)|VARIABLE_ASSIGNMENT|[51]|j|60
15:01:20.0 (36731879)|HEAP_ALLOCATE|[50]|Bytes:4
15:01:20.0 (36734182)|VARIABLE_ASSIGNMENT|[50]|i|22
15:01:20.0 (36735727)|STATEMENT_EXECUTE|[50]
15:01:20.0 (36736882)|STATEMENT_EXECUTE|[51]
15:01:20.0 (36738384)|VARIABLE_SCOPE_BEGIN|[51]|j|Integer|false|false
15:01:20.0 (36739781)|HEAP_ALLOCATE|[51]|Bytes:4
15:01:20.0 (36742168)|VARIABLE_ASSIGNMENT|[51]|j|0
15:01:20.0 (36743619)|STATEMENT_EXECUTE|[51]
15:01:20.0 (36744831)|STATEMENT_EXECUTE|[52]
15:01:20.0 (36745777)|STATEMENT_EXECUTE|[53]
15:01:20.0 (36751663)|HEAP_ALLOCATE|[53]|Bytes:2
15:01:20.0 (36759879)|HEAP_ALLOCATE|[53]|Bytes:1
15:01:20.0 (36765097)|HEAP_ALLOCATE|[53]|Bytes:5
15:01:20.0 (36770077)|HEAP_ALLOCATE|[53]|Bytes:2
15:01:20.0 (36777777)|HEAP_ALLOCATE|[53]|Bytes:1
15:01:20.0 (36782831)|HEAP_ALLOCATE|[53]|Bytes:5
15:01:20.0 (36787567)|HEAP_ALLOCATE|[EXTERNAL]|Bytes:4
15:01:20.0 (36791226)|HEAP_ALLOCATE|[51]|Bytes:4
15:01:20.0 (36793813)|VARIABLE_ASSIGNMENT|[51]|j|30
15:01:20.0 (36795429)|STATEMENT_EXECUTE|[51]
15:01:20.0 (36796629)|STATEMENT_EXECUTE|[54]
15:01:20.0 (36797570)|STATEMENT_EXECUTE|[55]
15:01:20.0 (36803083)|HEAP_ALLOCATE|[55]|Bytes:2
15:01:20.0 (36811099)|HEAP_ALLOCATE|[55]|Bytes:2
15:01:20.0 (36816292)|HEAP_ALLOCATE|[55]|Bytes:5
15:01:20.0 (36821276)|HEAP_ALLOCATE|[55]|Bytes:2
15:01:20.0 (36829028)|HEAP_ALLOCATE|[55]|Bytes:2
15:01:20.0 (36834303)|HEAP_ALLOCATE|[55]|Bytes:5
15:01:20.0 (36839007)|HEAP_ALLOCATE|[EXTERNAL]|Bytes:4
15:01:20.0 (36842686)|HEAP_ALLOCATE|[51]|Bytes:4
15:01:20.0 (36845252)|VARIABLE_ASSIGNMENT|[51]|j|60
15:01:20.0 (36847026)|HEAP_ALLOCATE|[50]|Bytes:4
15:01:20.0 (36849212)|VARIABLE_ASSIGNMENT|[50]|i|23
15:01:20.0 (36850817)|STATEMENT_EXECUTE|[50]
15:01:20.0 (36852043)|STATEMENT_EXECUTE|[51]
15:01:20.0 (36853517)|VARIABLE_SCOPE_BEGIN|[51]|j|Integer|false|false
15:01:20.0 (36854821)|HEAP_ALLOCATE|[51]|Bytes:4
15:01:20.0 (36857016)|VARIABLE_ASSIGNMENT|[51]|j|0
15:01:20.0 (36858449)|STATEMENT_EXECUTE|[51]
15:01:20.0 (36859693)|STATEMENT_EXECUTE|[52]
15:01:20.0 (36860628)|STATEMENT_EXECUTE|[53]
15:01:20.0 (36866297)|HEAP_ALLOCATE|[53]|Bytes:2
15:01:20.0 (36874338)|HEAP_ALLOCATE|[53]|Bytes:1
15:01:20.0 (36879515)|HEAP_ALLOCATE|[53]|Bytes:5
15:01:20.0 (36884570)|HEAP_ALLOCATE|[53]|Bytes:2
15:01:20.0 (36892386)|HEAP_ALLOCATE|[53]|Bytes:1
15:01:20.0 (36897550)|HEAP_ALLOCATE|[53]|Bytes:5
15:01:20.0 (36902380)|HEAP_ALLOCATE|[EXTERNAL]|Bytes:4
15:01:20.0 (36906178)|HEAP_ALLOCATE|[51]|Bytes:4
15:01:20.0 (36908699)|VARIABLE_ASSIGNMENT|[51]|j|30
15:01:20.0 (36910348)|STATEMENT_EXECUTE|[51]
15:01:20.0 (36911551)|STATEMENT_EXECUTE|[54]
15:01:20.0 (36912507)|STATEMENT_EXECUTE|[55]
15:01:20.0 (36918119)|HEAP_ALLOCATE|[55]|Bytes:2
15:01:20.0 (36926263)|HEAP_ALLOCATE|[55]|Bytes:2
15:01:20.0 (36931457)|HEAP_ALLOCATE|[55]|Bytes:5
15:01:20.0 (36936548)|HEAP_ALLOCATE|[55]|Bytes:2
15:01:20.0 (36944365)|HEAP_ALLOCATE|[55]|Bytes:2
15:01:20.0 (36949535)|HEAP_ALLOCATE|[55]|Bytes:5
15:01:20.0 (36954200)|HEAP_ALLOCATE|[EXTERNAL]|Bytes:4
15:01:20.0 (36957839)|HEAP_ALLOCATE|[51]|Bytes:4
15:01:20.0 (36960302)|VARIABLE_ASSIGNMENT|[51]|j|60
15:01:20.0 (36962102)|HEAP_ALLOCATE|[50]|Bytes:4
15:01:20.0 (36964313)|VARIABLE_ASSIGNMENT|[50]|i|24
15:01:20.0 (36966341)|STATEMENT_EXECUTE|[59]
15:01:20.0 (37060973)|SYSTEM_MODE_ENTER|true
15:01:20.0 (37087232)|HEAP_ALLOCATE|[EXTERNAL]|Bytes:80
15:01:20.0 (37130236)|VARIABLE_ASSIGNMENT|[EXTERNAL]|this|{"delToHub":false,"delToProj":false,"detail":"0x16352101","invoked":true,"rejected":false,"reserved":false,"selectedTime6":"8:00","www":"0x37a43db7","wwwById":"0x7ebc4080"}|0x4067c298
15:01:20.0 (37141136)|STATEMENT_EXECUTE|[102]
15:01:20.0 (37145312)|STATEMENT_EXECUTE|[103]
15:01:20.0 (37146354)|STATEMENT_EXECUTE|[107]
15:01:20.40 (40443335)|SYSTEM_MODE_ENTER|true
15:01:20.40 (40486167)|HEAP_ALLOCATE|[EXTERNAL]|Bytes:8
15:01:20.40 (40491658)|VARIABLE_SCOPE_BEGIN|[88]|this|ApexPage.PageMessagesComponentController|true|false
15:01:20.40 (40510542)|VARIABLE_ASSIGNMENT|[88]|this|{}|0x69de7c3d
15:01:20.40 (40513065)|VARIABLE_SCOPE_BEGIN|[88]|escape|Boolean|false|false
15:01:20.40 (40516751)|VARIABLE_ASSIGNMENT|[88]|escape|null
15:01:20.0 (40763441)|SYSTEM_MODE_ENTER|true
15:01:20.0 (40786976)|HEAP_ALLOCATE|[EXTERNAL]|Bytes:4
15:01:20.0 (40790219)|HEAP_ALLOCATE|[EXTERNAL]|Bytes:80
15:01:20.0 (40800615)|VARIABLE_ASSIGNMENT|[EXTERNAL]|this.selectedTime6|"8:00"|0x4067c298
15:01:20.0 (40833995)|SYSTEM_MODE_ENTER|true
15:01:20.0 (40855035)|HEAP_ALLOCATE|[EXTERNAL]|Bytes:80
15:01:20.0 (40896573)|VARIABLE_ASSIGNMENT|[EXTERNAL]|this|{"delToHub":false,"delToProj":false,"detail":"0x16352101","invoked":true,"rejected":false,"reserved":false,"selectedTime6":"8:00","www":"0x37a43db7","wwwById":"0x7ebc4080"}|0x4067c298
15:01:20.0 (40903329)|STATEMENT_EXECUTE|[3]
15:01:20.0 (40905838)|STATEMENT_EXECUTE|[4]
15:01:20.0 (40907187)|STATEMENT_EXECUTE|[9]
15:01:20.0 (41296020)|SYSTEM_MODE_ENTER|true
15:01:20.0 (41316687)|HEAP_ALLOCATE|[EXTERNAL]|Bytes:80
15:01:20.0 (41357872)|VARIABLE_ASSIGNMENT|[EXTERNAL]|this|{"delToHub":false,"delToProj":false,"detail":"0x16352101","invoked":true,"rejected":false,"reserved":false,"selectedTime6":"8:00","www":"0x37a43db7","wwwById":"0x7ebc4080"}|0x4067c298
15:01:20.0 (41363452)|STATEMENT_EXECUTE|[229]
15:01:20.0 (41365772)|STATEMENT_EXECUTE|[230]
15:01:20.0 (41366780)|STATEMENT_EXECUTE|[233]
15:01:20.0 (41405356)|SYSTEM_MODE_ENTER|true
15:01:20.0 (41421751)|HEAP_ALLOCATE|[EXTERNAL]|Bytes:80
15:01:20.0 (41457057)|VARIABLE_ASSIGNMENT|[EXTERNAL]|this|{"delToHub":false,"delToProj":false,"detail":"0x16352101","invoked":true,"rejected":false,"reserved":false,"selectedTime6":"8:00","www":"0x37a43db7","wwwById":"0x7ebc4080"}|0x4067c298
15:01:20.0 (41461263)|STATEMENT_EXECUTE|[204]
15:01:20.0 (41463288)|STATEMENT_EXECUTE|[205]
15:01:20.0 (41464276)|STATEMENT_EXECUTE|[208]
15:01:20.0 (41500378)|SYSTEM_MODE_ENTER|true
15:01:20.0 (41515409)|HEAP_ALLOCATE|[EXTERNAL]|Bytes:80
15:01:20.0 (41548866)|VARIABLE_ASSIGNMENT|[EXTERNAL]|this|{"delToHub":false,"delToProj":false,"detail":"0x16352101","invoked":true,"rejected":false,"reserved":false,"selectedTime6":"8:00","www":"0x37a43db7","wwwById":"0x7ebc4080"}|0x4067c298
15:01:20.0 (41552906)|STATEMENT_EXECUTE|[220]
15:01:20.0 (41554581)|STATEMENT_EXECUTE|[221]
15:01:20.0 (41555574)|STATEMENT_EXECUTE|[224]
15:01:20.0 (41590168)|SYSTEM_MODE_ENTER|true
15:01:20.0 (41604668)|HEAP_ALLOCATE|[EXTERNAL]|Bytes:80
15:01:20.0 (41636907)|VARIABLE_ASSIGNMENT|[EXTERNAL]|this|{"delToHub":false,"delToProj":false,"detail":"0x16352101","invoked":true,"rejected":false,"reserved":false,"selectedTime6":"8:00","www":"0x37a43db7","wwwById":"0x7ebc4080"}|0x4067c298
15:01:20.0 (41641163)|STATEMENT_EXECUTE|[212]
15:01:20.0 (41642784)|STATEMENT_EXECUTE|[213]
15:01:20.0 (41643778)|STATEMENT_EXECUTE|[216]
15:01:20.0 (41678730)|SYSTEM_MODE_ENTER|true
15:01:20.0 (41693597)|HEAP_ALLOCATE|[EXTERNAL]|Bytes:80
15:01:20.0 (41725236)|VARIABLE_ASSIGNMENT|[EXTERNAL]|this|{"delToHub":false,"delToProj":false,"detail":"0x16352101","invoked":true,"rejected":false,"reserved":false,"selectedTime6":"8:00","www":"0x37a43db7","wwwById":"0x7ebc4080"}|0x4067c298
15:01:20.0 (41729368)|STATEMENT_EXECUTE|[21]
15:01:20.0 (41731163)|STATEMENT_EXECUTE|[22]
15:01:20.0 (41732140)|STATEMENT_EXECUTE|[26]
15:01:20.0 (42331883)|HEAP_ALLOCATE|[EXTERNAL]|Bytes:80
15:01:20.0 (42341210)|VARIABLE_SCOPE_BEGIN|[245]|this|NewDeliveredExtension|true|false
15:01:20.0 (42381392)|VARIABLE_ASSIGNMENT|[245]|this|{"delToHub":false,"delToProj":false,"detail":"0x16352101","invoked":true,"rejected":false,"reserved":false,"selectedTime6":"8:00","www":"0x37a43db7","wwwById":"0x7ebc4080"}|0x4067c298
15:01:20.0 (42388507)|STATEMENT_EXECUTE|[245]
15:01:20.0 (42390106)|STATEMENT_EXECUTE|[246]
15:01:20.0 (42463515)|HEAP_ALLOCATE|[246]|Bytes:4
15:01:20.0 (42559651)|VARIABLE_ASSIGNMENT|[EXTERNAL]|this|{"delToHub":false,"delToProj":false,"detail":"0x16352101","invoked":true,"rejected":false,"reserved":false,"selectedTime6":"8:00","www":"0x37a43db7","wwwById":"0x7ebc4080"}|0x4067c298
15:01:20.0 (42577286)|HEAP_ALLOCATE|[EXTERNAL]|Bytes:4
15:01:20.0 (42582871)|VARIABLE_ASSIGNMENT|[EXTERNAL]|value|[]|0x33742fc8
15:01:20.0 (42591381)|VARIABLE_ASSIGNMENT|[185]|this.sublocations1|[]|0x4067c298
15:01:20.0 (42599058)|STATEMENT_EXECUTE|[247]
15:01:20.0 (42602995)|HEAP_ALLOCATE|[247]|Bytes:4
15:01:20.0 (42617413)|VARIABLE_SCOPE_BEGIN|[247]|options|List<NewDeliveredExtension.SubLocation>|true|false
15:01:20.0 (42624924)|HEAP_ALLOCATE|[EXTERNAL]|Bytes:4
15:01:20.0 (42628527)|VARIABLE_ASSIGNMENT|[247]|options|[]|0x2801f3e3
15:01:20.0 (42630927)|STATEMENT_EXECUTE|[248]
15:01:20.0 (42634079)|HEAP_ALLOCATE|[248]|Bytes:18
15:01:20.0 (42681815)|VARIABLE_ASSIGNMENT|[EXTERNAL]|this|{"delToHub":false,"delToProj":false,"detail":"0x16352101","invoked":true,"rejected":false,"reserved":false,"selectedTime6":"8:00","sublocations1":"0x33742fc8","www":"0x37a43db7","wwwById":"0x7ebc4080"}|0x4067c298
15:01:20.0 (42686233)|STATEMENT_EXECUTE|[3]
15:01:20.0 (42688529)|STATEMENT_EXECUTE|[4]
15:01:20.0 (42689551)|STATEMENT_EXECUTE|[9]
15:01:20.0 (42750081)|HEAP_ALLOCATE|[248]|Bytes:18
15:01:20.0 (42761547)|HEAP_ALLOCATE|[248]|Bytes:36
15:01:20.0 (42783230)|USER_DEBUG|[248]|DEBUG|detail.Location__ca0B0E0000009MiwUAE
15:01:20.0 (42832396)|VARIABLE_ASSIGNMENT|[EXTERNAL]|this|{"delToHub":false,"delToProj":false,"detail":"0x16352101","invoked":true,"rejected":false,"reserved":false,"selectedTime6":"8:00","sublocations1":"0x33742fc8","www":"0x37a43db7","wwwById":"0x7ebc4080"}|0x4067c298
15:01:20.0 (42836543)|STATEMENT_EXECUTE|[3]
15:01:20.0 (42838916)|STATEMENT_EXECUTE|[4]
15:01:20.0 (42839963)|STATEMENT_EXECUTE|[9]
15:01:20.0 (42848347)|STATEMENT_EXECUTE|[250]
15:01:20.0 (42851683)|HEAP_ALLOCATE|[251]|Bytes:68
15:01:20.0 (42858856)|HEAP_ALLOCATE|[251]|Bytes:4
15:01:20.0 (42866338)|HEAP_ALLOCATE|[251]|Bytes:7
15:01:20.0 (42903740)|VARIABLE_ASSIGNMENT|[EXTERNAL]|this|{"delToHub":false,"delToProj":false,"detail":"0x16352101","invoked":true,"rejected":false,"reserved":false,"selectedTime6":"8:00","sublocations1":"0x33742fc8","www":"0x37a43db7","wwwById":"0x7ebc4080"}|0x4067c298
15:01:20.0 (42907113)|STATEMENT_EXECUTE|[3]
15:01:20.0 (42908907)|STATEMENT_EXECUTE|[4]
15:01:20.0 (42909928)|STATEMENT_EXECUTE|[9]
15:01:20.0 (44218750)|SOQL_EXECUTE_BEGIN|[251]|Aggregations:0|SELECT Name, Id FROM Location__c 
15:01:20.0 (46569362)|SOQL_EXECUTE_END|[251]|Rows:1
15:01:20.0 (46583521)|HEAP_ALLOCATE|[EXTERNAL]|Bytes:8
15:01:20.0 (46712311)|HEAP_ALLOCATE|[251]|Bytes:49
15:01:20.0 (46718276)|HEAP_ALLOCATE|[251]|Bytes:8
15:01:20.0 (46725621)|SYSTEM_METHOD_ENTRY|[7]|QueryLocatorIterator.QueryLocatorIterator()
15:01:20.0 (46727796)|STATEMENT_EXECUTE|[7]
15:01:20.0 (46734576)|SYSTEM_METHOD_EXIT|[7]|QueryLocatorIterator
15:01:20.0 (46741177)|HEAP_ALLOCATE|[251]|Bytes:28
15:01:20.0 (46794727)|HEAP_ALLOCATE|[251]|Bytes:8
15:01:20.0 (46807602)|HEAP_ALLOCATE|[251]|Bytes:8
15:01:20.0 (46809307)|HEAP_ALLOCATE|[251]|Bytes:8
15:01:20.0 (46813225)|VARIABLE_SCOPE_BEGIN|[15]|this|Database.QueryLocatorIterator|true|false
15:01:20.0 (46831140)|VARIABLE_ASSIGNMENT|[15]|this|{}|0x1d11f5bd
15:01:20.0 (46833708)|VARIABLE_SCOPE_BEGIN|[15]|values|List<SObject>|true|false
15:01:20.0 (46846758)|VARIABLE_ASSIGNMENT|[15]|values|[{"Name":"27I3A","Id":"a0B0E0000009WnWUAU","RecordTypeId":"01224000000B1zdAAC"}]|0x15ea74d3
15:01:20.0 (46849062)|VARIABLE_SCOPE_BEGIN|[15]|ql|Database.QueryLocator|true|false
15:01:20.0 (46859618)|VARIABLE_ASSIGNMENT|[15]|ql|{"query":"SELECT Name, Id FROM (48 more) ..."}|0x1c51fc23
15:01:20.0 (46861647)|VARIABLE_SCOPE_BEGIN|[15]|totalNumRecords|Integer|false|false
15:01:20.0 (46864889)|VARIABLE_ASSIGNMENT|[15]|totalNumRecords|1
15:01:20.0 (46866603)|VARIABLE_SCOPE_BEGIN|[15]|queryMoreSize|Integer|false|false
15:01:20.0 (46869293)|VARIABLE_ASSIGNMENT|[15]|queryMoreSize|49999
15:01:20.0 (46938759)|HEAP_ALLOCATE|[251]|Bytes:28
15:01:20.0 (46957024)|METHOD_ENTRY|[251]||Database.QueryLocatorIterator.hasNext()
15:01:20.0 (47012282)|METHOD_EXIT|[251]||Database.QueryLocatorIterator.hasNext()
15:01:20.0 (47019429)|METHOD_ENTRY|[251]||Database.QueryLocatorIterator.next()
15:01:20.0 (47093789)|METHOD_EXIT|[251]||Database.QueryLocatorIterator.next()
15:01:20.0 (47101336)|VARIABLE_SCOPE_BEGIN|[251]|loc|Location__c|true|false
15:01:20.0 (47112205)|VARIABLE_ASSIGNMENT|[251]|loc|{"Name":"27I3A","Id":"a0B0E0000009WnWUAU","RecordTypeId":"01224000000B1zdAAC"}|0x71cbf4da
15:01:20.0 (47115379)|STATEMENT_EXECUTE|[251]
15:01:20.0 (47116782)|STATEMENT_EXECUTE|[252]
15:01:20.0 (47176166)|VARIABLE_ASSIGNMENT|[EXTERNAL]|this|{"delToHub":false,"delToProj":false,"detail":"0x16352101","invoked":true,"rejected":false,"reserved":false,"selectedTime6":"8:00","sublocations1":"0x33742fc8","www":"0x37a43db7","wwwById":"0x7ebc4080"}|0x4067c298
15:01:20.0 (47181944)|STATEMENT_EXECUTE|[186]
15:01:20.0 (47184214)|STATEMENT_EXECUTE|[187]
15:01:20.0 (47185206)|STATEMENT_EXECUTE|[190]
15:01:20.0 (47198410)|HEAP_ALLOCATE|[252]|Bytes:112
15:01:20.0 (47202233)|HEAP_ALLOCATE|[252]|Bytes:11
15:01:20.0 (47207274)|HEAP_ALLOCATE|[252]|Bytes:12
15:01:20.0 (47219656)|CONSTRUCTOR_ENTRY|[252]|01p2400000DUtXT|<init>(Boolean,Location__c)
15:01:20.0 (47224371)|VARIABLE_SCOPE_BEGIN|[540]|this|NewDeliveredExtension.SubLocation|true|false
15:01:20.0 (47234406)|VARIABLE_ASSIGNMENT|[540]|this|{}|0x37415adc
15:01:20.0 (47239591)|VARIABLE_SCOPE_BEGIN|[540]|isChecked|Boolean|false|false
15:01:20.0 (47242675)|VARIABLE_ASSIGNMENT|[540]|isChecked|false
15:01:20.0 (47244598)|VARIABLE_SCOPE_BEGIN|[540]|sub|Location__c|true|false
15:01:20.0 (47251132)|VARIABLE_ASSIGNMENT|[540]|sub|{"Name":"27I3A","Id":"a0B0E0000009WnWUAU","RecordTypeId":"01224000000B1zdAAC"}|0x71cbf4da
15:01:20.0 (47254313)|STATEMENT_EXECUTE|[537]
15:01:20.0 (47255440)|STATEMENT_EXECUTE|[538]
15:01:20.0 (47256522)|STATEMENT_EXECUTE|[539]
15:01:20.0 (47266282)|STATEMENT_EXECUTE|[540]
15:01:20.0 (47267516)|STATEMENT_EXECUTE|[541]
15:01:20.0 (47292290)|VARIABLE_ASSIGNMENT|[EXTERNAL]|this|{}|0x37415adc
15:01:20.0 (47296889)|VARIABLE_ASSIGNMENT|[EXTERNAL]|value|false
15:01:20.0 (47300729)|HEAP_ALLOCATE|[538]|Bytes:5
15:01:20.0 (47305440)|VARIABLE_ASSIGNMENT|[538]|this.isChecked|false|0x37415adc
15:01:20.0 (47311074)|STATEMENT_EXECUTE|[542]
15:01:20.0 (47328445)|VARIABLE_ASSIGNMENT|[EXTERNAL]|this|{"isChecked":false}|0x37415adc
15:01:20.0 (47334484)|VARIABLE_ASSIGNMENT|[EXTERNAL]|value|{"Name":"27I3A","Id":"a0B0E0000009WnWUAU","RecordTypeId":"01224000000B1zdAAC"}|0x71cbf4da
15:01:20.0 (47341427)|VARIABLE_ASSIGNMENT|[539]|this.sub|{"Name":"27I3A","Id":"a0B0E0000009WnWUAU","RecordTypeId":"01224000000B1zdAAC"}|0x37415adc
15:01:20.0 (47350147)|CONSTRUCTOR_EXIT|[252]|01p2400000DUtXT|<init>(Boolean,Location__c)
15:01:20.0 (47360658)|HEAP_ALLOCATE|[EXTERNAL]|Bytes:4
15:01:20.0 (47368090)|METHOD_ENTRY|[251]||Database.QueryLocatorIterator.hasNext()
15:01:20.0 (47378278)|METHOD_EXIT|[251]||Database.QueryLocatorIterator.hasNext()
15:01:20.0 (47384330)|VARIABLE_ASSIGNMENT|[251]|loc|null|
15:01:20.58 (58206039)|SYSTEM_MODE_ENTER|true
15:01:20.58 (58251845)|HEAP_ALLOCATE|[EXTERNAL]|Bytes:8
15:01:20.58 (58257525)|VARIABLE_SCOPE_BEGIN|[88]|this|ApexPage.PageMessagesComponentController|true|false
15:01:20.58 (58276344)|VARIABLE_ASSIGNMENT|[88]|this|{}|0x69de7c3d
15:01:20.58 (58278750)|VARIABLE_SCOPE_BEGIN|[88]|escape|Boolean|false|false
15:01:20.58 (58282471)|VARIABLE_ASSIGNMENT|[88]|escape|null
15:01:20.58 (58362187)|SYSTEM_MODE_ENTER|true
15:01:20.58 (58385808)|HEAP_ALLOCATE|[EXTERNAL]|Bytes:8
15:01:20.58 (58390797)|VARIABLE_SCOPE_BEGIN|[2]|this|ApexPage.PageMessagesComponentController|true|false
15:01:20.58 (58404769)|VARIABLE_ASSIGNMENT|[2]|this|{}|0x69de7c3d
15:01:20.0 (58684041)|SYSTEM_MODE_ENTER|true
15:01:20.0 (58706255)|HEAP_ALLOCATE|[EXTERNAL]|Bytes:80
15:01:20.0 (58751868)|VARIABLE_ASSIGNMENT|[EXTERNAL]|this|{"delToHub":false,"delToProj":false,"detail":"0x16352101","invoked":true,"rejected":false,"reserved":false,"selectedTime6":"8:00","sublocations1":"0x33742fc8","www":"0x37a43db7","wwwById":"0x7ebc4080"}|0x4067c298
15:01:20.0 (58758037)|STATEMENT_EXECUTE|[196]
15:01:20.0 (58760618)|STATEMENT_EXECUTE|[197]
15:01:20.0 (58761882)|STATEMENT_EXECUTE|[200]
15:01:20.0 (58822155)|SYSTEM_MODE_ENTER|true
15:01:20.0 (58840424)|HEAP_ALLOCATE|[EXTERNAL]|Bytes:80
15:01:20.0 (58878588)|VARIABLE_ASSIGNMENT|[EXTERNAL]|this|{"delToHub":false,"delToProj":false,"detail":"0x16352101","invoked":true,"rejected":false,"reserved":false,"selectedTime6":"8:00","sublocations1":"0x33742fc8","www":"0x37a43db7","wwwById":"0x7ebc4080"}|0x4067c298
15:01:20.0 (58883978)|STATEMENT_EXECUTE|[3]
15:01:20.0 (58886193)|STATEMENT_EXECUTE|[4]
15:01:20.0 (58887450)|STATEMENT_EXECUTE|[9]
15:01:20.0 (62649135)|SYSTEM_MODE_ENTER|true
15:01:20.0 (62673008)|HEAP_ALLOCATE|[EXTERNAL]|Bytes:80
15:01:20.0 (62719594)|VARIABLE_ASSIGNMENT|[EXTERNAL]|this|{"delToHub":false,"delToProj":false,"detail":"0x16352101","invoked":true,"rejected":false,"reserved":false,"selectedTime6":"8:00","sublocations1":"0x33742fc8","www":"0x37a43db7","wwwById":"0x7ebc4080"}|0x4067c298
15:01:20.0 (62726540)|STATEMENT_EXECUTE|[229]
15:01:20.0 (62729216)|STATEMENT_EXECUTE|[230]
15:01:20.0 (62730317)|STATEMENT_EXECUTE|[233]
15:01:20.0 (62776115)|SYSTEM_MODE_ENTER|true
15:01:20.0 (62793298)|HEAP_ALLOCATE|[EXTERNAL]|Bytes:80
15:01:20.0 (62831120)|VARIABLE_ASSIGNMENT|[EXTERNAL]|this|{"delToHub":false,"delToProj":false,"detail":"0x16352101","invoked":true,"rejected":false,"reserved":false,"selectedTime6":"8:00","sublocations1":"0x33742fc8","www":"0x37a43db7","wwwById":"0x7ebc4080"}|0x4067c298
15:01:20.0 (62836945)|STATEMENT_EXECUTE|[204]
15:01:20.0 (62838875)|STATEMENT_EXECUTE|[205]
15:01:20.0 (62839984)|STATEMENT_EXECUTE|[208]
15:01:20.0 (62878081)|SYSTEM_MODE_ENTER|true
15:01:20.0 (62892976)|HEAP_ALLOCATE|[EXTERNAL]|Bytes:80
15:01:20.0 (62927032)|VARIABLE_ASSIGNMENT|[EXTERNAL]|this|{"delToHub":false,"delToProj":false,"detail":"0x16352101","invoked":true,"rejected":false,"reserved":false,"selectedTime6":"8:00","sublocations1":"0x33742fc8","www":"0x37a43db7","wwwById":"0x7ebc4080"}|0x4067c298
15:01:20.0 (62931503)|STATEMENT_EXECUTE|[220]
15:01:20.0 (62933240)|STATEMENT_EXECUTE|[221]
15:01:20.0 (62934238)|STATEMENT_EXECUTE|[224]
15:01:20.0 (62970118)|SYSTEM_MODE_ENTER|true
15:01:20.0 (62985367)|HEAP_ALLOCATE|[EXTERNAL]|Bytes:80
15:01:20.0 (63018524)|VARIABLE_ASSIGNMENT|[EXTERNAL]|this|{"delToHub":false,"delToProj":false,"detail":"0x16352101","invoked":true,"rejected":false,"reserved":false,"selectedTime6":"8:00","sublocations1":"0x33742fc8","www":"0x37a43db7","wwwById":"0x7ebc4080"}|0x4067c298
15:01:20.0 (63023711)|STATEMENT_EXECUTE|[212]
15:01:20.0 (63025649)|STATEMENT_EXECUTE|[213]
15:01:20.0 (63026668)|STATEMENT_EXECUTE|[216]
15:01:20.0 (63082038)|SYSTEM_MODE_ENTER|true
15:01:20.0 (63098287)|HEAP_ALLOCATE|[EXTERNAL]|Bytes:80
15:01:20.0 (63136755)|VARIABLE_ASSIGNMENT|[EXTERNAL]|this|{"delToHub":false,"delToProj":false,"detail":"0x16352101","invoked":true,"rejected":false,"reserved":false,"selectedTime6":"8:00","sublocations1":"0x33742fc8","www":"0x37a43db7","wwwById":"0x7ebc4080"}|0x4067c298
15:01:20.0 (63141837)|STATEMENT_EXECUTE|[21]
15:01:20.0 (63144007)|STATEMENT_EXECUTE|[22]
15:01:20.0 (63145051)|STATEMENT_EXECUTE|[26]
15:01:20.0 (66799537)|VF_SERIALIZE_VIEWSTATE_BEGIN|06624000003h0Dg
15:01:20.0 (70719631)|VF_SERIALIZE_VIEWSTATE_END
15:01:20.72 (72887465)|CUMULATIVE_LIMIT_USAGE
15:01:20.72 (72887465)|LIMIT_USAGE_FOR_NS|(default)|
  Number of SOQL queries: 1 out of 100
  Number of query rows: 1 out of 50000
  Number of SOSL queries: 0 out of 20
  Number of DML statements: 0 out of 150
  Number of DML rows: 0 out of 10000
  Maximum CPU time: 0 out of 10000
  Maximum heap size: 0 out of 6000000
  Number of callouts: 0 out of 100
  Number of Email Invocations: 0 out of 10
  Number of future calls: 0 out of 50
  Number of queueable jobs added to the queue: 0 out of 50
  Number of Mobile Apex push calls: 0 out of 10

15:01:20.72 (72887465)|CUMULATIVE_LIMIT_USAGE_END

15:01:20.0 (72918813)|CODE_UNIT_FINISHED|VF: /apex/New_delivered_detail
15:01:20.0 (73679085)|EXECUTION_FINISHED
