38.0 APEX_CODE,DEBUG;APEX_PROFILING,INFO;CALLOUT,INFO;DB,INFO;SYSTEM,DEBUG;VALIDATION,INFO;VISUALFORCE,INFO;WAVE,INFO;WORKFLOW,INFO
16:08:31.0 (322667)|USER_INFO|[EXTERNAL]|00524000001e3Uj|bedrijfsbureau@gsa.nl.sandbox|Midden-Europese standaardtijd|GMT+02:00
16:08:31.0 (345626)|EXECUTION_STARTED
16:08:31.0 (349212)|CODE_UNIT_STARTED|[EXTERNAL]|06624000003h0Dq|VF: /apex/ChoseRecordType
16:08:31.0 (768921)|VF_DESERIALIZE_VIEWSTATE_BEGIN|06624000003h0Dq
16:08:31.0 (12347006)|VF_DESERIALIZE_VIEWSTATE_END
16:08:31.13 (13176311)|SYSTEM_MODE_ENTER|true
16:08:31.13 (13896632)|SYSTEM_MODE_ENTER|true
16:08:31.0 (14373729)|SYSTEM_MODE_ENTER|true
16:08:31.0 (14845229)|SOQL_EXECUTE_BEGIN|[121]|Aggregations:0|SELECT Id, Name, DeveloperName FROM RecordType WHERE sobjectType = 'WWW_detail__c'
16:08:31.0 (26260015)|SOQL_EXECUTE_END|[121]|Rows:5
16:08:31.0 (27236964)|SYSTEM_MODE_ENTER|true
16:08:31.27 (27499895)|SYSTEM_MODE_ENTER|true
16:08:31.0 (27590598)|SYSTEM_MODE_ENTER|true
16:08:31.0 (27807507)|USER_DEBUG|[167]|DEBUG|01224000000Sn4QAAS
16:08:31.29 (29758110)|CUMULATIVE_LIMIT_USAGE
16:08:31.29 (29758110)|LIMIT_USAGE_FOR_NS|(default)|
  Number of SOQL queries: 1 out of 100
  Number of query rows: 5 out of 50000
  Number of SOSL queries: 0 out of 20
  Number of DML statements: 0 out of 150
  Number of DML rows: 0 out of 10000
  Maximum CPU time: 0 out of 10000
  Maximum heap size: 0 out of 6000000
  Number of callouts: 0 out of 100
  Number of Email Invocations: 0 out of 10
  Number of future calls: 0 out of 50
  Number of queueable jobs added to the queue: 0 out of 50
  Number of Mobile Apex push calls: 0 out of 10

16:08:31.29 (29758110)|CUMULATIVE_LIMIT_USAGE_END

16:08:31.0 (29789867)|CODE_UNIT_FINISHED|VF: /apex/ChoseRecordType
16:08:31.0 (30715471)|EXECUTION_FINISHED
