38.0 APEX_CODE,FINEST;APEX_PROFILING,INFO;CALLOUT,INFO;DB,INFO;SYSTEM,DEBUG;VALIDATION,INFO;VISUALFORCE,INFO;WAVE,INFO;WORKFLOW,INFO
14:58:53.0 (52811)|USER_INFO|[EXTERNAL]|00524000001e3Uj|bedrijfsbureau@gsa.nl.sandbox|Midden-Europese standaardtijd|GMT+01:00
14:58:53.0 (77146)|EXECUTION_STARTED
14:58:53.0 (80636)|CODE_UNIT_STARTED|[EXTERNAL]|06624000003h0Dg|VF: /apex/New_delivered_detail
14:58:53.0 (9755763)|SYSTEM_MODE_ENTER|true
14:58:53.0 (10047939)|HEAP_ALLOCATE|[72]|Bytes:3
14:58:53.0 (10089118)|HEAP_ALLOCATE|[77]|Bytes:152
14:58:53.0 (10109094)|HEAP_ALLOCATE|[342]|Bytes:408
14:58:53.0 (10124597)|HEAP_ALLOCATE|[355]|Bytes:408
14:58:53.0 (10137793)|HEAP_ALLOCATE|[467]|Bytes:48
14:58:53.0 (10165937)|HEAP_ALLOCATE|[139]|Bytes:6
14:58:53.0 (10228647)|HEAP_ALLOCATE|[EXTERNAL]|Bytes:11
14:58:53.0 (10232998)|HEAP_ALLOCATE|[EXTERNAL]|Bytes:408
14:58:53.0 (10235542)|HEAP_ALLOCATE|[EXTERNAL]|Bytes:120
14:58:53.0 (10238313)|HEAP_ALLOCATE|[EXTERNAL]|Bytes:108
14:58:53.0 (10245125)|METHOD_ENTRY|[1]|01p2400000DUtXT|NewDeliveredExtension.NewDeliveredExtension()
14:58:53.0 (10248835)|STATEMENT_EXECUTE|[1]
14:58:53.0 (10253460)|STATEMENT_EXECUTE|[1]
14:58:53.0 (10254577)|STATEMENT_EXECUTE|[537]
14:58:53.0 (10259412)|METHOD_EXIT|[1]|NewDeliveredExtension
14:58:53.0 (10266012)|HEAP_ALLOCATE|[EXTERNAL]|Bytes:80
14:58:53.0 (10280838)|VARIABLE_SCOPE_BEGIN|[163]|this|NewDeliveredExtension|true|false
14:58:53.0 (10340405)|VARIABLE_ASSIGNMENT|[163]|this|{}|0x196a44ce
14:58:53.0 (10343243)|VARIABLE_SCOPE_BEGIN|[163]|controller|ApexPages.StandardController|true|false
14:58:53.0 (10485133)|VARIABLE_ASSIGNMENT|[163]|controller|"StandardController [null]"|0x59ea344e
14:58:53.0 (10493464)|STATEMENT_EXECUTE|[1]
14:58:53.0 (10495107)|STATEMENT_EXECUTE|[2]
14:58:53.0 (10496452)|STATEMENT_EXECUTE|[20]
14:58:53.0 (10497798)|STATEMENT_EXECUTE|[61]
14:58:53.0 (10498892)|STATEMENT_EXECUTE|[69]
14:58:53.0 (10500043)|STATEMENT_EXECUTE|[77]
14:58:53.0 (10501103)|STATEMENT_EXECUTE|[85]
14:58:53.0 (10502119)|STATEMENT_EXECUTE|[93]
14:58:53.0 (10503156)|STATEMENT_EXECUTE|[101]
14:58:53.0 (10504326)|STATEMENT_EXECUTE|[123]
14:58:53.0 (10606872)|HEAP_ALLOCATE|[123]|Bytes:4
14:58:53.0 (10612965)|HEAP_ALLOCATE|[123]|Bytes:258
14:58:53.0 (10617458)|HEAP_ALLOCATE|[123]|Bytes:4
14:58:53.0 (10655186)|HEAP_ALLOCATE|[50]|Bytes:5
14:58:53.0 (10675473)|HEAP_ALLOCATE|[56]|Bytes:5
14:58:53.0 (10680599)|HEAP_ALLOCATE|[64]|Bytes:7
14:58:53.0 (11182700)|SOQL_EXECUTE_BEGIN|[123]|Aggregations:0|SELECT Id, Project__c, Item__c, Actueel_aantal_palletplaatsenworkflow__c, Ticket_Number_ILIPS__c, Filecardnumber__c, Projectmember__c, Hub_Building_Site__c, Actueel_aantal_palletplaatsen__c, Supplier__c, Name FROM WWW__c ORDER BY CreatedDate DESC NULLS FIRST
14:58:53.0 (16504429)|SOQL_EXECUTE_END|[123]|Rows:4
14:58:53.0 (16519933)|HEAP_ALLOCATE|[123]|Bytes:20
14:58:53.0 (16549221)|HEAP_ALLOCATE|[123]|Bytes:884
14:58:53.0 (16616254)|HEAP_ALLOCATE|[123]|Bytes:20
14:58:53.0 (16676232)|HEAP_ALLOCATE|[123]|Bytes:28
14:58:53.0 (16685898)|HEAP_ALLOCATE|[123]|Bytes:4
14:58:53.0 (16693965)|HEAP_ALLOCATE|[123]|Bytes:28
14:58:53.0 (16697140)|HEAP_ALLOCATE|[123]|Bytes:4
14:58:53.0 (16701495)|HEAP_ALLOCATE|[123]|Bytes:28
14:58:53.0 (16704375)|HEAP_ALLOCATE|[123]|Bytes:4
14:58:53.0 (16708432)|HEAP_ALLOCATE|[123]|Bytes:28
14:58:53.0 (16711316)|HEAP_ALLOCATE|[123]|Bytes:4
14:58:53.0 (16761596)|VARIABLE_ASSIGNMENT|[123]|this.wwwById|{"a0t0E0000004UUNQA2":{"Id":"a0t0E0000004UUNQA2","Project__c":"a0q0E0000008S3WQAU","Item__c":"a0A0E0000001PiqUAE","Hub_Building_Site__c":"a020E000000zFeUQAU","Actueel_aantal_palle (12 more) ...":0,"Name":"WWW-13540"},"a0t0E0000004NFcQAM":{"Id":"a0t0E0000004NFcQAM","Project__c":"a0q0E0000008S3bQAE","Item__c":"a0A0E0000001Pj0UAE","Hub_Building_Site__c":"a020E000000zEM2QAM","Actueel_aantal_palle (12 more) ...":0,"Name":"WWW-13490"},"a0t0E0000004NFXQA2":{"Id":"a0t0E0000004NFXQA2","Project__c":"a0q0E0000008S3WQAU","Item__c":"a0A0E0000001PiqUAE","Hub_Building_Site__c":"a020E000000zEM2QAM","Actueel_aantal_palle (12 more) ...":0,"Name":"WWW-13489"},"a0t0E0000004NFNQA2":{"Id":"a0t0E0000004NFNQA2","Project__c":"a0q0E0000008S3WQAU","Item__c":"a0A0E0000001PilUAE","Hub_Building_Site__c":"a020E000000zEM2QAM","Actueel_aantal_palle (12 more) ...":0,"Name":"WWW-13487"}}|0x196a44ce
14:58:53.0 (16769389)|STATEMENT_EXECUTE|[155]
14:58:53.0 (16770943)|STATEMENT_EXECUTE|[156]
14:58:53.0 (16772028)|STATEMENT_EXECUTE|[184]
14:58:53.0 (16772989)|STATEMENT_EXECUTE|[185]
14:58:53.0 (16774024)|STATEMENT_EXECUTE|[195]
14:58:53.0 (16775166)|STATEMENT_EXECUTE|[203]
14:58:53.0 (16776193)|STATEMENT_EXECUTE|[211]
14:58:53.0 (16777320)|STATEMENT_EXECUTE|[219]
14:58:53.0 (16778481)|STATEMENT_EXECUTE|[228]
14:58:53.0 (16779623)|STATEMENT_EXECUTE|[236]
14:58:53.0 (16787070)|HEAP_ALLOCATE|[123]|Bytes:6
14:58:53.0 (16809329)|STATEMENT_EXECUTE|[163]
14:58:53.0 (16811064)|STATEMENT_EXECUTE|[164]
14:58:53.0 (16850553)|HEAP_ALLOCATE|[164]|Bytes:58
14:58:53.0 (16897024)|HEAP_ALLOCATE|[164]|Bytes:28
14:58:53.0 (16909512)|HEAP_ALLOCATE|[164]|Bytes:10
14:58:53.0 (16936791)|HEAP_ALLOCATE|[164]|Bytes:4
14:58:53.0 (16982852)|VARIABLE_ASSIGNMENT|[EXTERNAL]|this|{"wwwById":"0x30808ef"}|0x196a44ce
14:58:53.0 (16987198)|STATEMENT_EXECUTE|[3]
14:58:53.0 (16991671)|STATEMENT_EXECUTE|[4]
14:58:53.0 (16992938)|STATEMENT_EXECUTE|[5]
14:58:53.0 (17023830)|HEAP_ALLOCATE|[5]|Bytes:4
14:58:53.0 (17119167)|VARIABLE_ASSIGNMENT|[5]|this.detail|{}|0x196a44ce
14:58:53.0 (17122221)|STATEMENT_EXECUTE|[6]
14:58:53.0 (17173052)|VARIABLE_ASSIGNMENT|[EXTERNAL]|this|{"detail":"0x3680fddf","wwwById":"0x30808ef"}|0x196a44ce
14:58:53.0 (17177029)|STATEMENT_EXECUTE|[21]
14:58:53.0 (17179455)|STATEMENT_EXECUTE|[22]
14:58:53.0 (17180553)|STATEMENT_EXECUTE|[23]
14:58:53.0 (17190919)|HEAP_ALLOCATE|[23]|Bytes:4
14:58:53.0 (17234940)|VARIABLE_ASSIGNMENT|[23]|this.www|{}|0x196a44ce
14:58:53.0 (17238321)|STATEMENT_EXECUTE|[26]
14:58:53.0 (17482846)|VARIABLE_ASSIGNMENT|[6]|this.WWW__c|null|0x3680fddf
14:58:53.0 (17486303)|STATEMENT_EXECUTE|[7]
14:58:53.0 (17540529)|VARIABLE_ASSIGNMENT|[EXTERNAL]|this|{"detail":"0x3680fddf","www":"0x33dec5d0","wwwById":"0x30808ef"}|0x196a44ce
14:58:53.0 (17590432)|VARIABLE_ASSIGNMENT|[7]|this.Project__c|null|0x3680fddf
14:58:53.0 (17593765)|STATEMENT_EXECUTE|[9]
14:58:53.0 (17665704)|VARIABLE_ASSIGNMENT|[164]|this.RecordTypeId|"01224000000Sn4MAAS"|0x3680fddf
14:58:53.0 (17668963)|STATEMENT_EXECUTE|[165]
14:58:53.0 (17714237)|VARIABLE_ASSIGNMENT|[EXTERNAL]|this|{"detail":"0x3680fddf","www":"0x33dec5d0","wwwById":"0x30808ef"}|0x196a44ce
14:58:53.0 (17717978)|STATEMENT_EXECUTE|[3]
14:58:53.0 (17720083)|STATEMENT_EXECUTE|[4]
14:58:53.0 (17721095)|STATEMENT_EXECUTE|[9]
14:58:53.0 (17764594)|USER_DEBUG|[165]|DEBUG|01224000000Sn4MAAS
14:58:53.0 (17769760)|STATEMENT_EXECUTE|[166]
14:58:53.0 (17812226)|HEAP_ALLOCATE|[166]|Bytes:4
14:58:53.0 (17817600)|HEAP_ALLOCATE|[166]|Bytes:82
14:58:53.0 (17820664)|HEAP_ALLOCATE|[166]|Bytes:4
14:58:53.0 (17991214)|SOQL_EXECUTE_BEGIN|[166]|Aggregations:0|SELECT Id, Name, DeveloperName FROM RecordType WHERE sobjectType = 'WWW_detail__c'
14:58:53.0 (24800934)|SOQL_EXECUTE_END|[166]|Rows:5
14:58:53.0 (24815243)|HEAP_ALLOCATE|[166]|Bytes:24
14:58:53.0 (24835002)|HEAP_ALLOCATE|[166]|Bytes:371
14:58:53.0 (24867434)|HEAP_ALLOCATE|[166]|Bytes:24
14:58:53.0 (24904433)|HEAP_ALLOCATE|[166]|Bytes:16
14:58:53.0 (24911596)|HEAP_ALLOCATE|[166]|Bytes:4
14:58:53.0 (24917662)|HEAP_ALLOCATE|[166]|Bytes:16
14:58:53.0 (24920895)|HEAP_ALLOCATE|[166]|Bytes:4
14:58:53.0 (24924912)|HEAP_ALLOCATE|[166]|Bytes:16
14:58:53.0 (24927730)|HEAP_ALLOCATE|[166]|Bytes:4
14:58:53.0 (24931300)|HEAP_ALLOCATE|[166]|Bytes:16
14:58:53.0 (24934219)|HEAP_ALLOCATE|[166]|Bytes:4
14:58:53.0 (24937726)|HEAP_ALLOCATE|[166]|Bytes:16
14:58:53.0 (24940655)|HEAP_ALLOCATE|[166]|Bytes:4
14:58:53.0 (24947774)|VARIABLE_SCOPE_BEGIN|[166]|recByNames|Map<Id,RecordType>|true|false
14:58:53.0 (24978142)|VARIABLE_ASSIGNMENT|[166]|recByNames|{"01224000000Sn4NAAS":{"Id":"01224000000Sn4NAAS","Name":"Afleveren","DeveloperName":"Delivered_2_Project"},"01224000000Sn4OAAS":{"Id":"01224000000Sn4OAAS","Name":"Afroepen","DeveloperName":"Invoked"},"01224000000Sn4PAAS":{"Id":"01224000000Sn4PAAS","Name":"Afwijzen","DeveloperName":"Rejected"},"01224000000Sn4MAAS":{"Id":"01224000000Sn4MAAS","Name":"Ontvangen","DeveloperName":"Delivered_2_Hub"},"01224000000Sn4QAAS":{"Id":"01224000000Sn4QAAS","Name":"Verwachten","DeveloperName":"Reserved"}}|0x4d07a38d
14:58:53.0 (25033177)|VARIABLE_ASSIGNMENT|[EXTERNAL]|this|{"detail":"0x3680fddf","www":"0x33dec5d0","wwwById":"0x30808ef"}|0x196a44ce
14:58:53.0 (25038180)|STATEMENT_EXECUTE|[3]
14:58:53.0 (25040782)|STATEMENT_EXECUTE|[4]
14:58:53.0 (25041975)|STATEMENT_EXECUTE|[9]
14:58:53.0 (25051867)|STATEMENT_EXECUTE|[168]
14:58:53.0 (25086509)|VARIABLE_ASSIGNMENT|[EXTERNAL]|this|{"detail":"0x3680fddf","www":"0x33dec5d0","wwwById":"0x30808ef"}|0x196a44ce
14:58:53.0 (25089369)|STATEMENT_EXECUTE|[3]
14:58:53.0 (25091104)|STATEMENT_EXECUTE|[4]
14:58:53.0 (25092131)|STATEMENT_EXECUTE|[9]
14:58:53.0 (25135538)|HEAP_ALLOCATE|[169]|Bytes:7
14:58:53.0 (25192484)|VARIABLE_ASSIGNMENT|[EXTERNAL]|this|{"detail":"0x3680fddf","www":"0x33dec5d0","wwwById":"0x30808ef"}|0x196a44ce
14:58:53.0 (25196153)|STATEMENT_EXECUTE|[3]
14:58:53.0 (25197858)|STATEMENT_EXECUTE|[4]
14:58:53.0 (25199006)|STATEMENT_EXECUTE|[9]
14:58:53.0 (25217179)|HEAP_ALLOCATE|[171]|Bytes:8
14:58:53.0 (25257726)|VARIABLE_ASSIGNMENT|[EXTERNAL]|this|{"detail":"0x3680fddf","www":"0x33dec5d0","wwwById":"0x30808ef"}|0x196a44ce
14:58:53.0 (25260964)|STATEMENT_EXECUTE|[3]
14:58:53.0 (25262569)|STATEMENT_EXECUTE|[4]
14:58:53.0 (25263707)|STATEMENT_EXECUTE|[9]
14:58:53.0 (25278223)|HEAP_ALLOCATE|[173]|Bytes:15
14:58:53.0 (25288603)|STATEMENT_EXECUTE|[173]
14:58:53.0 (25289903)|STATEMENT_EXECUTE|[174]
14:58:53.0 (25355675)|VARIABLE_ASSIGNMENT|[EXTERNAL]|this|{"detail":"0x3680fddf","www":"0x33dec5d0","wwwById":"0x30808ef"}|0x196a44ce
14:58:53.0 (25368785)|VARIABLE_ASSIGNMENT|[EXTERNAL]|value|true
14:58:53.0 (25373657)|HEAP_ALLOCATE|[228]|Bytes:5
14:58:53.0 (25380531)|VARIABLE_ASSIGNMENT|[228]|this.delToHub|true|0x196a44ce
14:58:53.0 (25386322)|STATEMENT_EXECUTE|[181]
14:58:53.0 (25401244)|METHOD_ENTRY|[181]|01p2400000DUtXT|NewDeliveredExtension.getProjects()
14:58:53.0 (25411059)|VARIABLE_SCOPE_BEGIN|[139]|this|NewDeliveredExtension|true|false
14:58:53.0 (25439036)|VARIABLE_ASSIGNMENT|[139]|this|{"delToHub":true,"detail":"0x3680fddf","www":"0x33dec5d0","wwwById":"0x30808ef"}|0x196a44ce
14:58:53.0 (25445223)|STATEMENT_EXECUTE|[139]
14:58:53.0 (25446426)|STATEMENT_EXECUTE|[141]
14:58:53.0 (25453688)|HEAP_ALLOCATE|[141]|Bytes:4
14:58:53.0 (25477361)|VARIABLE_SCOPE_BEGIN|[141]|options|List<System.SelectOption>|true|false
14:58:53.0 (25502412)|HEAP_ALLOCATE|[EXTERNAL]|Bytes:4
14:58:53.0 (25511009)|VARIABLE_ASSIGNMENT|[141]|options|[]|0x57b4080b
14:58:53.0 (25513278)|STATEMENT_EXECUTE|[142]
14:58:53.0 (25552317)|HEAP_ALLOCATE|[142]|Bytes:4
14:58:53.0 (25557145)|HEAP_ALLOCATE|[142]|Bytes:71
14:58:53.0 (25559867)|HEAP_ALLOCATE|[142]|Bytes:4
14:58:53.0 (25751558)|SOQL_EXECUTE_BEGIN|[142]|Aggregations:0|SELECT Id, Name FROM Projecten__c ORDER BY CreatedDate DESC NULLS FIRST
14:58:53.0 (26758176)|SOQL_EXECUTE_END|[142]|Rows:3
14:58:53.0 (26771954)|HEAP_ALLOCATE|[142]|Bytes:16
14:58:53.0 (26784887)|HEAP_ALLOCATE|[142]|Bytes:126
14:58:53.0 (26816542)|HEAP_ALLOCATE|[142]|Bytes:16
14:58:53.0 (26852081)|HEAP_ALLOCATE|[142]|Bytes:12
14:58:53.0 (26859850)|HEAP_ALLOCATE|[142]|Bytes:4
14:58:53.0 (26867086)|HEAP_ALLOCATE|[142]|Bytes:12
14:58:53.0 (26870123)|HEAP_ALLOCATE|[142]|Bytes:4
14:58:53.0 (26874519)|HEAP_ALLOCATE|[142]|Bytes:12
14:58:53.0 (26877637)|HEAP_ALLOCATE|[142]|Bytes:4
14:58:53.0 (26883891)|VARIABLE_SCOPE_BEGIN|[142]|prById|Map<Id,Projecten__c>|true|false
14:58:53.0 (26906210)|VARIABLE_ASSIGNMENT|[142]|prById|{"a0q0E0000008ahlQAA":{"Id":"a0q0E0000008ahlQAA","Name":"1111"},"a0q0E0000008S3bQAE":{"Id":"a0q0E0000008S3bQAE","Name":"2165103"},"a0q0E0000008S3WQAU":{"Id":"a0q0E0000008S3WQAU","Name":"5700"}}|0x55a5ea7b
14:58:53.0 (26909934)|STATEMENT_EXECUTE|[143]
14:58:53.0 (26912840)|HEAP_ALLOCATE|[143]|Bytes:6
14:58:53.0 (26995702)|HEAP_ALLOCATE|[143]|Bytes:207
14:58:53.0 (27013177)|HEAP_ALLOCATE|[143]|Bytes:213
14:58:53.0 (27022765)|USER_DEBUG|[143]|DEBUG|prById{a0q0E0000008S3WQAU=Projecten__c:{Id=a0q0E0000008S3WQAU, Name=5700}, a0q0E0000008S3bQAE=Projecten__c:{Id=a0q0E0000008S3bQAE, Name=2165103}, a0q0E0000008ahlQAA=Projecten__c:{Id=a0q0E0000008ahlQAA, Name=1111}}
14:58:53.0 (27027820)|STATEMENT_EXECUTE|[144]
14:58:53.0 (27053414)|HEAP_ALLOCATE|[EXTERNAL]|Bytes:16
14:58:53.0 (27061745)|HEAP_ALLOCATE|[144]|Bytes:139
14:58:53.0 (27112534)|HEAP_ALLOCATE|[144]|Bytes:12
14:58:53.0 (27180004)|VARIABLE_ASSIGNMENT|[EXTERNAL]|this|{"delToHub":true,"detail":"0x3680fddf","www":"0x33dec5d0","wwwById":"0x30808ef"}|0x196a44ce
14:58:53.0 (27184157)|STATEMENT_EXECUTE|[3]
14:58:53.0 (27186599)|STATEMENT_EXECUTE|[4]
14:58:53.0 (27187762)|STATEMENT_EXECUTE|[9]
14:58:53.0 (27228523)|VARIABLE_ASSIGNMENT|[144]|this.Project__c|"a0q0E0000008ahlQAA"|0x3680fddf
14:58:53.0 (27251018)|HEAP_ALLOCATE|[EXTERNAL]|Bytes:16
14:58:53.0 (27258414)|HEAP_ALLOCATE|[145]|Bytes:139
14:58:53.0 (27399510)|HEAP_ALLOCATE|[145]|Bytes:5
14:58:53.0 (27412714)|HEAP_ALLOCATE|[145]|Bytes:12
14:58:53.0 (27419903)|VARIABLE_SCOPE_BEGIN|[145]|rec|Projecten__c|true|false
14:58:53.0 (27431145)|VARIABLE_ASSIGNMENT|[145]|rec|{"Id":"a0q0E0000008ahlQAA","Name":"1111"}|0x12f972e8
14:58:53.0 (27434428)|STATEMENT_EXECUTE|[145]
14:58:53.0 (27481093)|VARIABLE_ASSIGNMENT|[EXTERNAL]|this|{"delToHub":true,"detail":"0x3680fddf","www":"0x33dec5d0","wwwById":"0x30808ef"}|0x196a44ce
14:58:53.0 (27485219)|STATEMENT_EXECUTE|[21]
14:58:53.0 (27487829)|STATEMENT_EXECUTE|[22]
14:58:53.0 (27489062)|STATEMENT_EXECUTE|[26]
14:58:53.0 (27495467)|STATEMENT_EXECUTE|[146]
14:58:53.0 (27496636)|STATEMENT_EXECUTE|[147]
14:58:53.0 (27534572)|VARIABLE_ASSIGNMENT|[EXTERNAL]|this|{"delToHub":true,"detail":"0x3680fddf","www":"0x33dec5d0","wwwById":"0x30808ef"}|0x196a44ce
14:58:53.0 (27537989)|STATEMENT_EXECUTE|[21]
14:58:53.0 (27539666)|STATEMENT_EXECUTE|[22]
14:58:53.0 (27540734)|STATEMENT_EXECUTE|[26]
14:58:53.0 (27586905)|VARIABLE_ASSIGNMENT|[147]|this.Project__c|"a0q0E0000008ahlQAA"|0x33dec5d0
14:58:53.0 (27590161)|STATEMENT_EXECUTE|[150]
14:58:53.0 (27606724)|HEAP_ALLOCATE|[150]|Bytes:18
14:58:53.0 (27665577)|HEAP_ALLOCATE|[EXTERNAL]|Bytes:4
14:58:53.0 (27679042)|HEAP_ALLOCATE|[145]|Bytes:5
14:58:53.0 (27687419)|HEAP_ALLOCATE|[145]|Bytes:12
14:58:53.0 (27692790)|VARIABLE_SCOPE_BEGIN|[145]|rec|Projecten__c|true|false
14:58:53.0 (27703047)|VARIABLE_ASSIGNMENT|[145]|rec|{"Id":"a0q0E0000008S3bQAE","Name":"2165103"}|0x66892d6a
14:58:53.0 (27706184)|STATEMENT_EXECUTE|[145]
14:58:53.0 (27741435)|VARIABLE_ASSIGNMENT|[EXTERNAL]|this|{"delToHub":true,"detail":"0x3680fddf","www":"0x33dec5d0","wwwById":"0x30808ef"}|0x196a44ce
14:58:53.0 (27744536)|STATEMENT_EXECUTE|[21]
14:58:53.0 (27746398)|STATEMENT_EXECUTE|[22]
14:58:53.0 (27747562)|STATEMENT_EXECUTE|[26]
14:58:53.0 (27767734)|STATEMENT_EXECUTE|[146]
14:58:53.0 (27769235)|STATEMENT_EXECUTE|[150]
14:58:53.0 (27776901)|HEAP_ALLOCATE|[150]|Bytes:18
14:58:53.0 (27788127)|HEAP_ALLOCATE|[EXTERNAL]|Bytes:4
14:58:53.0 (27797058)|HEAP_ALLOCATE|[145]|Bytes:5
14:58:53.0 (27803552)|HEAP_ALLOCATE|[145]|Bytes:12
14:58:53.0 (27807711)|VARIABLE_SCOPE_BEGIN|[145]|rec|Projecten__c|true|false
14:58:53.0 (27815711)|VARIABLE_ASSIGNMENT|[145]|rec|{"Id":"a0q0E0000008S3WQAU","Name":"5700"}|0x37f8edba
14:58:53.0 (27818129)|STATEMENT_EXECUTE|[145]
14:58:53.0 (27848585)|VARIABLE_ASSIGNMENT|[EXTERNAL]|this|{"delToHub":true,"detail":"0x3680fddf","www":"0x33dec5d0","wwwById":"0x30808ef"}|0x196a44ce
14:58:53.0 (27851434)|STATEMENT_EXECUTE|[21]
14:58:53.0 (27853396)|STATEMENT_EXECUTE|[22]
14:58:53.0 (27854567)|STATEMENT_EXECUTE|[26]
14:58:53.0 (27859782)|STATEMENT_EXECUTE|[146]
14:58:53.0 (27860886)|STATEMENT_EXECUTE|[150]
14:58:53.0 (27867065)|HEAP_ALLOCATE|[150]|Bytes:18
14:58:53.0 (27875407)|HEAP_ALLOCATE|[EXTERNAL]|Bytes:4
14:58:53.0 (27882747)|HEAP_ALLOCATE|[145]|Bytes:5
14:58:53.0 (27890389)|VARIABLE_ASSIGNMENT|[145]|rec|null|
14:58:53.0 (27892798)|STATEMENT_EXECUTE|[152]
14:58:53.0 (27896258)|METHOD_EXIT|[181]|01p2400000DUtXT|NewDeliveredExtension.getProjects()
14:58:53.30 (30579442)|SYSTEM_MODE_ENTER|true
14:58:53.30 (30608782)|HEAP_ALLOCATE|[EXTERNAL]|Bytes:38
14:58:53.30 (30613804)|HEAP_ALLOCATE|[EXTERNAL]|Bytes:7
14:58:53.30 (30620404)|SYSTEM_METHOD_ENTRY|[1]|PageMessagesComponentController.PageMessagesComponentController()
14:58:53.30 (30622898)|STATEMENT_EXECUTE|[1]
14:58:53.30 (30745030)|SYSTEM_MODE_ENTER|true
14:58:53.30 (30788651)|HEAP_ALLOCATE|[EXTERNAL]|Bytes:8
14:58:53.30 (30794463)|VARIABLE_SCOPE_BEGIN|[88]|this|ApexPage.PageMessagesComponentController|true|false
14:58:53.30 (30812060)|VARIABLE_ASSIGNMENT|[88]|this|{}|0x578b1106
14:58:53.30 (30814748)|VARIABLE_SCOPE_BEGIN|[88]|escape|Boolean|false|false
14:58:53.30 (30817833)|VARIABLE_ASSIGNMENT|[88]|escape|null
14:58:53.30 (30949183)|SYSTEM_MODE_ENTER|true
14:58:53.30 (30973641)|HEAP_ALLOCATE|[EXTERNAL]|Bytes:8
14:58:53.30 (30978114)|VARIABLE_SCOPE_BEGIN|[2]|this|ApexPage.PageMessagesComponentController|true|false
14:58:53.30 (30991465)|VARIABLE_ASSIGNMENT|[2]|this|{}|0x578b1106
14:58:53.0 (31666637)|SYSTEM_MODE_ENTER|true
14:58:53.0 (31692103)|HEAP_ALLOCATE|[EXTERNAL]|Bytes:80
14:58:53.0 (31736987)|VARIABLE_ASSIGNMENT|[EXTERNAL]|this|{"delToHub":true,"detail":"0x3680fddf","www":"0x33dec5d0","wwwById":"0x30808ef"}|0x196a44ce
14:58:53.0 (31742782)|STATEMENT_EXECUTE|[196]
14:58:53.0 (31745909)|STATEMENT_EXECUTE|[197]
14:58:53.0 (31747129)|STATEMENT_EXECUTE|[198]
14:58:53.0 (31752813)|HEAP_ALLOCATE|[198]|Bytes:5
14:58:53.0 (31760306)|VARIABLE_ASSIGNMENT|[198]|this.invoked|false|0x196a44ce
14:58:53.0 (31762438)|STATEMENT_EXECUTE|[200]
14:58:53.0 (31818821)|SYSTEM_MODE_ENTER|true
14:58:53.0 (31838342)|HEAP_ALLOCATE|[EXTERNAL]|Bytes:80
14:58:53.0 (31874597)|VARIABLE_ASSIGNMENT|[EXTERNAL]|this|{"delToHub":true,"detail":"0x3680fddf","invoked":false,"www":"0x33dec5d0","wwwById":"0x30808ef"}|0x196a44ce
14:58:53.0 (31879620)|STATEMENT_EXECUTE|[229]
14:58:53.0 (31882060)|STATEMENT_EXECUTE|[230]
14:58:53.0 (31883268)|STATEMENT_EXECUTE|[233]
14:58:53.0 (31963930)|SYSTEM_MODE_ENTER|true
14:58:53.0 (31980830)|HEAP_ALLOCATE|[EXTERNAL]|Bytes:80
14:58:53.0 (32015837)|VARIABLE_ASSIGNMENT|[EXTERNAL]|this|{"delToHub":true,"detail":"0x3680fddf","invoked":false,"www":"0x33dec5d0","wwwById":"0x30808ef"}|0x196a44ce
14:58:53.0 (32020756)|STATEMENT_EXECUTE|[3]
14:58:53.0 (32022858)|STATEMENT_EXECUTE|[4]
14:58:53.0 (32024029)|STATEMENT_EXECUTE|[9]
14:58:53.0 (35051021)|SYSTEM_MODE_ENTER|true
14:58:53.0 (35141319)|HEAP_ALLOCATE|[EXTERNAL]|Bytes:80
14:58:53.0 (35191942)|VARIABLE_ASSIGNMENT|[EXTERNAL]|this|{"delToHub":true,"detail":"0x3680fddf","invoked":false,"www":"0x33dec5d0","wwwById":"0x30808ef"}|0x196a44ce
14:58:53.0 (35198849)|STATEMENT_EXECUTE|[186]
14:58:53.0 (35202075)|STATEMENT_EXECUTE|[187]
14:58:53.0 (35203306)|STATEMENT_EXECUTE|[188]
14:58:53.0 (35207420)|HEAP_ALLOCATE|[188]|Bytes:4
14:58:53.0 (35261639)|HEAP_ALLOCATE|[EXTERNAL]|Bytes:4
14:58:53.0 (35268634)|VARIABLE_ASSIGNMENT|[188]|this.sublocations1|[]|0x196a44ce
14:58:53.0 (35271705)|STATEMENT_EXECUTE|[190]
14:58:53.0 (35732913)|SYSTEM_MODE_ENTER|true
14:58:53.0 (35757456)|HEAP_ALLOCATE|[EXTERNAL]|Bytes:80
14:58:53.0 (35801505)|VARIABLE_ASSIGNMENT|[EXTERNAL]|this|{"delToHub":true,"detail":"0x3680fddf","invoked":false,"sublocations1":"0xe95cbec","www":"0x33dec5d0","wwwById":"0x30808ef"}|0x196a44ce
14:58:53.0 (35807457)|STATEMENT_EXECUTE|[204]
14:58:53.0 (35810540)|STATEMENT_EXECUTE|[205]
14:58:53.0 (35811651)|STATEMENT_EXECUTE|[206]
14:58:53.0 (35817431)|HEAP_ALLOCATE|[206]|Bytes:5
14:58:53.0 (35824873)|VARIABLE_ASSIGNMENT|[206]|this.rejected|false|0x196a44ce
14:58:53.0 (35827019)|STATEMENT_EXECUTE|[208]
14:58:53.0 (35878754)|SYSTEM_MODE_ENTER|true
14:58:53.0 (35897624)|HEAP_ALLOCATE|[EXTERNAL]|Bytes:80
14:58:53.0 (35935614)|VARIABLE_ASSIGNMENT|[EXTERNAL]|this|{"delToHub":true,"detail":"0x3680fddf","invoked":false,"rejected":false,"sublocations1":"0xe95cbec","www":"0x33dec5d0","wwwById":"0x30808ef"}|0x196a44ce
14:58:53.0 (35942427)|STATEMENT_EXECUTE|[220]
14:58:53.0 (35946000)|STATEMENT_EXECUTE|[221]
14:58:53.0 (35947395)|STATEMENT_EXECUTE|[222]
14:58:53.0 (35954237)|HEAP_ALLOCATE|[222]|Bytes:5
14:58:53.0 (35962870)|VARIABLE_ASSIGNMENT|[222]|this.delToProj|false|0x196a44ce
14:58:53.0 (35965710)|STATEMENT_EXECUTE|[224]
14:58:53.0 (36041367)|SYSTEM_MODE_ENTER|true
14:58:53.0 (36069534)|HEAP_ALLOCATE|[EXTERNAL]|Bytes:80
14:58:53.0 (36126881)|VARIABLE_ASSIGNMENT|[EXTERNAL]|this|{"delToHub":true,"delToProj":false,"detail":"0x3680fddf","invoked":false,"rejected":false,"sublocations1":"0xe95cbec","www":"0x33dec5d0","wwwById":"0x30808ef"}|0x196a44ce
14:58:53.0 (36135194)|STATEMENT_EXECUTE|[212]
14:58:53.0 (36138841)|STATEMENT_EXECUTE|[213]
14:58:53.0 (36140753)|STATEMENT_EXECUTE|[214]
14:58:53.0 (36147294)|HEAP_ALLOCATE|[214]|Bytes:5
14:58:53.0 (36158355)|VARIABLE_ASSIGNMENT|[214]|this.reserved|false|0x196a44ce
14:58:53.0 (36161219)|STATEMENT_EXECUTE|[216]
14:58:53.0 (36261605)|SYSTEM_MODE_ENTER|true
14:58:53.0 (36279706)|HEAP_ALLOCATE|[EXTERNAL]|Bytes:80
14:58:53.0 (36318579)|VARIABLE_ASSIGNMENT|[EXTERNAL]|this|{"delToHub":true,"delToProj":false,"detail":"0x3680fddf","invoked":false,"rejected":false,"reserved":false,"sublocations1":"0xe95cbec","www":"0x33dec5d0","wwwById":"0x30808ef"}|0x196a44ce
14:58:53.0 (36323383)|STATEMENT_EXECUTE|[21]
14:58:53.0 (36325745)|STATEMENT_EXECUTE|[22]
14:58:53.0 (36326906)|STATEMENT_EXECUTE|[26]
14:58:53.47 (47493549)|SYSTEM_MODE_ENTER|true
14:58:53.47 (47538460)|HEAP_ALLOCATE|[EXTERNAL]|Bytes:8
14:58:53.47 (47545302)|VARIABLE_SCOPE_BEGIN|[88]|this|ApexPage.PageMessagesComponentController|true|false
14:58:53.47 (47563482)|VARIABLE_ASSIGNMENT|[88]|this|{}|0x578b1106
14:58:53.47 (47566070)|VARIABLE_SCOPE_BEGIN|[88]|escape|Boolean|false|false
14:58:53.47 (47570015)|VARIABLE_ASSIGNMENT|[88]|escape|null
14:58:53.47 (47669066)|SYSTEM_MODE_ENTER|true
14:58:53.47 (47691489)|HEAP_ALLOCATE|[EXTERNAL]|Bytes:8
14:58:53.47 (47696144)|VARIABLE_SCOPE_BEGIN|[2]|this|ApexPage.PageMessagesComponentController|true|false
14:58:53.47 (47709305)|VARIABLE_ASSIGNMENT|[2]|this|{}|0x578b1106
14:58:53.0 (49837111)|SYSTEM_MODE_ENTER|true
14:58:53.0 (49864829)|HEAP_ALLOCATE|[EXTERNAL]|Bytes:80
14:58:53.0 (49870976)|VARIABLE_SCOPE_BEGIN|[48]|this|NewDeliveredExtension|true|false
14:58:53.0 (49915413)|VARIABLE_ASSIGNMENT|[48]|this|{"delToHub":true,"delToProj":false,"detail":"0x3680fddf","invoked":false,"rejected":false,"reserved":false,"sublocations1":"0xe95cbec","www":"0x33dec5d0","wwwById":"0x30808ef"}|0x196a44ce
14:58:53.0 (49922792)|STATEMENT_EXECUTE|[48]
14:58:53.0 (49924344)|STATEMENT_EXECUTE|[49]
14:58:53.0 (49928298)|HEAP_ALLOCATE|[49]|Bytes:4
14:58:53.0 (49948520)|VARIABLE_SCOPE_BEGIN|[49]|options|List<System.SelectOption>|true|false
14:58:53.0 (49961202)|HEAP_ALLOCATE|[EXTERNAL]|Bytes:4
14:58:53.0 (49967005)|VARIABLE_ASSIGNMENT|[49]|options|[]|0x5cd7b835
14:58:53.0 (49970052)|STATEMENT_EXECUTE|[50]
14:58:53.0 (49974416)|VARIABLE_SCOPE_BEGIN|[50]|i|Integer|false|false
14:58:53.0 (49977827)|HEAP_ALLOCATE|[50]|Bytes:4
14:58:53.0 (49982273)|VARIABLE_ASSIGNMENT|[50]|i|0
14:58:53.0 (49986551)|STATEMENT_EXECUTE|[50]
14:58:53.0 (49987878)|STATEMENT_EXECUTE|[51]
14:58:53.0 (49989597)|VARIABLE_SCOPE_BEGIN|[51]|j|Integer|false|false
14:58:53.0 (49991433)|HEAP_ALLOCATE|[51]|Bytes:4
14:58:53.0 (49993938)|VARIABLE_ASSIGNMENT|[51]|j|0
14:58:53.0 (49995930)|STATEMENT_EXECUTE|[51]
14:58:53.0 (49998074)|STATEMENT_EXECUTE|[52]
14:58:53.0 (49999248)|STATEMENT_EXECUTE|[53]
14:58:53.0 (50033962)|HEAP_ALLOCATE|[53]|Bytes:1
14:58:53.0 (50046255)|HEAP_ALLOCATE|[53]|Bytes:2
14:58:53.0 (50053172)|HEAP_ALLOCATE|[53]|Bytes:1
14:58:53.0 (50063169)|HEAP_ALLOCATE|[53]|Bytes:4
14:58:53.0 (50068147)|HEAP_ALLOCATE|[53]|Bytes:1
14:58:53.0 (50075147)|HEAP_ALLOCATE|[53]|Bytes:1
14:58:53.0 (50080405)|HEAP_ALLOCATE|[53]|Bytes:4
14:58:53.0 (50115334)|HEAP_ALLOCATE|[EXTERNAL]|Bytes:4
14:58:53.0 (50121868)|HEAP_ALLOCATE|[51]|Bytes:4
14:58:53.0 (50126868)|VARIABLE_ASSIGNMENT|[51]|j|30
14:58:53.0 (50129699)|STATEMENT_EXECUTE|[51]
14:58:53.0 (50131609)|STATEMENT_EXECUTE|[54]
14:58:53.0 (50132696)|STATEMENT_EXECUTE|[55]
14:58:53.0 (50152397)|HEAP_ALLOCATE|[55]|Bytes:1
14:58:53.0 (50159066)|HEAP_ALLOCATE|[55]|Bytes:1
14:58:53.0 (50164546)|HEAP_ALLOCATE|[55]|Bytes:2
14:58:53.0 (50169905)|HEAP_ALLOCATE|[55]|Bytes:4
14:58:53.0 (50174477)|HEAP_ALLOCATE|[55]|Bytes:1
14:58:53.0 (50181311)|HEAP_ALLOCATE|[55]|Bytes:2
14:58:53.0 (50185856)|HEAP_ALLOCATE|[55]|Bytes:4
14:58:53.0 (50197470)|HEAP_ALLOCATE|[EXTERNAL]|Bytes:4
14:58:53.0 (50201637)|HEAP_ALLOCATE|[51]|Bytes:4
14:58:53.0 (50205584)|VARIABLE_ASSIGNMENT|[51]|j|60
14:58:53.0 (50209538)|HEAP_ALLOCATE|[50]|Bytes:4
14:58:53.0 (50212407)|VARIABLE_ASSIGNMENT|[50]|i|1
14:58:53.0 (50214731)|STATEMENT_EXECUTE|[50]
14:58:53.0 (50216315)|STATEMENT_EXECUTE|[51]
14:58:53.0 (50218718)|VARIABLE_SCOPE_BEGIN|[51]|j|Integer|false|false
14:58:53.0 (50220500)|HEAP_ALLOCATE|[51]|Bytes:4
14:58:53.0 (50222911)|VARIABLE_ASSIGNMENT|[51]|j|0
14:58:53.0 (50224549)|STATEMENT_EXECUTE|[51]
14:58:53.0 (50226087)|STATEMENT_EXECUTE|[52]
14:58:53.0 (50227088)|STATEMENT_EXECUTE|[53]
14:58:53.0 (50234707)|HEAP_ALLOCATE|[53]|Bytes:1
14:58:53.0 (50242085)|HEAP_ALLOCATE|[53]|Bytes:1
14:58:53.0 (50246853)|HEAP_ALLOCATE|[53]|Bytes:4
14:58:53.0 (50251260)|HEAP_ALLOCATE|[53]|Bytes:1
14:58:53.0 (50257895)|HEAP_ALLOCATE|[53]|Bytes:1
14:58:53.0 (50262426)|HEAP_ALLOCATE|[53]|Bytes:4
14:58:53.0 (50267932)|HEAP_ALLOCATE|[EXTERNAL]|Bytes:4
14:58:53.0 (50271320)|HEAP_ALLOCATE|[51]|Bytes:4
14:58:53.0 (50274129)|VARIABLE_ASSIGNMENT|[51]|j|30
14:58:53.0 (50276070)|STATEMENT_EXECUTE|[51]
14:58:53.0 (50277497)|STATEMENT_EXECUTE|[54]
14:58:53.0 (50278510)|STATEMENT_EXECUTE|[55]
14:58:53.0 (50284036)|HEAP_ALLOCATE|[55]|Bytes:1
14:58:53.0 (50291044)|HEAP_ALLOCATE|[55]|Bytes:2
14:58:53.0 (50295765)|HEAP_ALLOCATE|[55]|Bytes:4
14:58:53.0 (50300242)|HEAP_ALLOCATE|[55]|Bytes:1
14:58:53.0 (50306764)|HEAP_ALLOCATE|[55]|Bytes:2
14:58:53.0 (50311257)|HEAP_ALLOCATE|[55]|Bytes:4
14:58:53.0 (50315848)|HEAP_ALLOCATE|[EXTERNAL]|Bytes:4
14:58:53.0 (50318895)|HEAP_ALLOCATE|[51]|Bytes:4
14:58:53.0 (50321505)|VARIABLE_ASSIGNMENT|[51]|j|60
14:58:53.0 (50323540)|HEAP_ALLOCATE|[50]|Bytes:4
14:58:53.0 (50325830)|VARIABLE_ASSIGNMENT|[50]|i|2
14:58:53.0 (50327583)|STATEMENT_EXECUTE|[50]
14:58:53.0 (50328923)|STATEMENT_EXECUTE|[51]
14:58:53.0 (50330745)|VARIABLE_SCOPE_BEGIN|[51]|j|Integer|false|false
14:58:53.0 (50332315)|HEAP_ALLOCATE|[51]|Bytes:4
14:58:53.0 (50334559)|VARIABLE_ASSIGNMENT|[51]|j|0
14:58:53.0 (50336150)|STATEMENT_EXECUTE|[51]
14:58:53.0 (50337440)|STATEMENT_EXECUTE|[52]
14:58:53.0 (50338429)|STATEMENT_EXECUTE|[53]
14:58:53.0 (50344110)|HEAP_ALLOCATE|[53]|Bytes:1
14:58:53.0 (50351088)|HEAP_ALLOCATE|[53]|Bytes:1
14:58:53.0 (50355603)|HEAP_ALLOCATE|[53]|Bytes:4
14:58:53.0 (50360125)|HEAP_ALLOCATE|[53]|Bytes:1
14:58:53.0 (50366940)|HEAP_ALLOCATE|[53]|Bytes:1
14:58:53.0 (50371399)|HEAP_ALLOCATE|[53]|Bytes:4
14:58:53.0 (50375536)|HEAP_ALLOCATE|[EXTERNAL]|Bytes:4
14:58:53.0 (50378660)|HEAP_ALLOCATE|[51]|Bytes:4
14:58:53.0 (50381376)|VARIABLE_ASSIGNMENT|[51]|j|30
14:58:53.0 (50383094)|STATEMENT_EXECUTE|[51]
14:58:53.0 (50384517)|STATEMENT_EXECUTE|[54]
14:58:53.0 (50385500)|STATEMENT_EXECUTE|[55]
14:58:53.0 (50390780)|HEAP_ALLOCATE|[55]|Bytes:1
14:58:53.0 (50397676)|HEAP_ALLOCATE|[55]|Bytes:2
14:58:53.0 (50402169)|HEAP_ALLOCATE|[55]|Bytes:4
14:58:53.0 (50406476)|HEAP_ALLOCATE|[55]|Bytes:1
14:58:53.0 (50413007)|HEAP_ALLOCATE|[55]|Bytes:2
14:58:53.0 (50417480)|HEAP_ALLOCATE|[55]|Bytes:4
14:58:53.0 (50421716)|HEAP_ALLOCATE|[EXTERNAL]|Bytes:4
14:58:53.0 (50424628)|HEAP_ALLOCATE|[51]|Bytes:4
14:58:53.0 (50427236)|VARIABLE_ASSIGNMENT|[51]|j|60
14:58:53.0 (50429174)|HEAP_ALLOCATE|[50]|Bytes:4
14:58:53.0 (50431423)|VARIABLE_ASSIGNMENT|[50]|i|3
14:58:53.0 (50433107)|STATEMENT_EXECUTE|[50]
14:58:53.0 (50434445)|STATEMENT_EXECUTE|[51]
14:58:53.0 (50436399)|VARIABLE_SCOPE_BEGIN|[51]|j|Integer|false|false
14:58:53.0 (50437811)|HEAP_ALLOCATE|[51]|Bytes:4
14:58:53.0 (50439992)|VARIABLE_ASSIGNMENT|[51]|j|0
14:58:53.0 (50441552)|STATEMENT_EXECUTE|[51]
14:58:53.0 (50442835)|STATEMENT_EXECUTE|[52]
14:58:53.0 (50443807)|STATEMENT_EXECUTE|[53]
14:58:53.0 (50449236)|HEAP_ALLOCATE|[53]|Bytes:1
14:58:53.0 (50456180)|HEAP_ALLOCATE|[53]|Bytes:1
14:58:53.0 (50460728)|HEAP_ALLOCATE|[53]|Bytes:4
14:58:53.0 (50465021)|HEAP_ALLOCATE|[53]|Bytes:1
14:58:53.0 (50471755)|HEAP_ALLOCATE|[53]|Bytes:1
14:58:53.0 (50476220)|HEAP_ALLOCATE|[53]|Bytes:4
14:58:53.0 (50480404)|HEAP_ALLOCATE|[EXTERNAL]|Bytes:4
14:58:53.0 (50483303)|HEAP_ALLOCATE|[51]|Bytes:4
14:58:53.0 (50485812)|VARIABLE_ASSIGNMENT|[51]|j|30
14:58:53.0 (50487591)|STATEMENT_EXECUTE|[51]
14:58:53.0 (50488989)|STATEMENT_EXECUTE|[54]
14:58:53.0 (50489952)|STATEMENT_EXECUTE|[55]
14:58:53.0 (50494848)|HEAP_ALLOCATE|[55]|Bytes:1
14:58:53.0 (50501730)|HEAP_ALLOCATE|[55]|Bytes:2
14:58:53.0 (50506309)|HEAP_ALLOCATE|[55]|Bytes:4
14:58:53.0 (50510783)|HEAP_ALLOCATE|[55]|Bytes:1
14:58:53.0 (50517355)|HEAP_ALLOCATE|[55]|Bytes:2
14:58:53.0 (50521752)|HEAP_ALLOCATE|[55]|Bytes:4
14:58:53.0 (50525982)|HEAP_ALLOCATE|[EXTERNAL]|Bytes:4
14:58:53.0 (50529024)|HEAP_ALLOCATE|[51]|Bytes:4
14:58:53.0 (50531561)|VARIABLE_ASSIGNMENT|[51]|j|60
14:58:53.0 (50533327)|HEAP_ALLOCATE|[50]|Bytes:4
14:58:53.0 (50535563)|VARIABLE_ASSIGNMENT|[50]|i|4
14:58:53.0 (50537265)|STATEMENT_EXECUTE|[50]
14:58:53.0 (50538625)|STATEMENT_EXECUTE|[51]
14:58:53.0 (50540222)|VARIABLE_SCOPE_BEGIN|[51]|j|Integer|false|false
14:58:53.0 (50541630)|HEAP_ALLOCATE|[51]|Bytes:4
14:58:53.0 (50543836)|VARIABLE_ASSIGNMENT|[51]|j|0
14:58:53.0 (50545353)|STATEMENT_EXECUTE|[51]
14:58:53.0 (50546601)|STATEMENT_EXECUTE|[52]
14:58:53.0 (50547562)|STATEMENT_EXECUTE|[53]
14:58:53.0 (50552874)|HEAP_ALLOCATE|[53]|Bytes:1
14:58:53.0 (50559779)|HEAP_ALLOCATE|[53]|Bytes:1
14:58:53.0 (50564375)|HEAP_ALLOCATE|[53]|Bytes:4
14:58:53.0 (50568689)|HEAP_ALLOCATE|[53]|Bytes:1
14:58:53.0 (50575579)|HEAP_ALLOCATE|[53]|Bytes:1
14:58:53.0 (50580136)|HEAP_ALLOCATE|[53]|Bytes:4
14:58:53.0 (50584163)|HEAP_ALLOCATE|[EXTERNAL]|Bytes:4
14:58:53.0 (50587201)|HEAP_ALLOCATE|[51]|Bytes:4
14:58:53.0 (50589745)|VARIABLE_ASSIGNMENT|[51]|j|30
14:58:53.0 (50591477)|STATEMENT_EXECUTE|[51]
14:58:53.0 (50592842)|STATEMENT_EXECUTE|[54]
14:58:53.0 (50593829)|STATEMENT_EXECUTE|[55]
14:58:53.0 (50598959)|HEAP_ALLOCATE|[55]|Bytes:1
14:58:53.0 (50605869)|HEAP_ALLOCATE|[55]|Bytes:2
14:58:53.0 (50610491)|HEAP_ALLOCATE|[55]|Bytes:4
14:58:53.0 (50614821)|HEAP_ALLOCATE|[55]|Bytes:1
14:58:53.0 (50621402)|HEAP_ALLOCATE|[55]|Bytes:2
14:58:53.0 (50625778)|HEAP_ALLOCATE|[55]|Bytes:4
14:58:53.0 (50629945)|HEAP_ALLOCATE|[EXTERNAL]|Bytes:4
14:58:53.0 (50632910)|HEAP_ALLOCATE|[51]|Bytes:4
14:58:53.0 (50635461)|VARIABLE_ASSIGNMENT|[51]|j|60
14:58:53.0 (50637307)|HEAP_ALLOCATE|[50]|Bytes:4
14:58:53.0 (50639475)|VARIABLE_ASSIGNMENT|[50]|i|5
14:58:53.0 (50641111)|STATEMENT_EXECUTE|[50]
14:58:53.0 (50642428)|STATEMENT_EXECUTE|[51]
14:58:53.0 (50644254)|VARIABLE_SCOPE_BEGIN|[51]|j|Integer|false|false
14:58:53.0 (50645609)|HEAP_ALLOCATE|[51]|Bytes:4
14:58:53.0 (50647847)|VARIABLE_ASSIGNMENT|[51]|j|0
14:58:53.0 (50649406)|STATEMENT_EXECUTE|[51]
14:58:53.0 (50650664)|STATEMENT_EXECUTE|[52]
14:58:53.0 (50651649)|STATEMENT_EXECUTE|[53]
14:58:53.0 (50657013)|HEAP_ALLOCATE|[53]|Bytes:1
14:58:53.0 (50663858)|HEAP_ALLOCATE|[53]|Bytes:1
14:58:53.0 (50668380)|HEAP_ALLOCATE|[53]|Bytes:4
14:58:53.0 (50672728)|HEAP_ALLOCATE|[53]|Bytes:1
14:58:53.0 (50679309)|HEAP_ALLOCATE|[53]|Bytes:1
14:58:53.0 (50683754)|HEAP_ALLOCATE|[53]|Bytes:4
14:58:53.0 (50688032)|HEAP_ALLOCATE|[EXTERNAL]|Bytes:4
14:58:53.0 (50691191)|HEAP_ALLOCATE|[51]|Bytes:4
14:58:53.0 (50693734)|VARIABLE_ASSIGNMENT|[51]|j|30
14:58:53.0 (50695477)|STATEMENT_EXECUTE|[51]
14:58:53.0 (50696837)|STATEMENT_EXECUTE|[54]
14:58:53.0 (50697917)|STATEMENT_EXECUTE|[55]
14:58:53.0 (50703031)|HEAP_ALLOCATE|[55]|Bytes:1
14:58:53.0 (50709885)|HEAP_ALLOCATE|[55]|Bytes:2
14:58:53.0 (50714443)|HEAP_ALLOCATE|[55]|Bytes:4
14:58:53.0 (50718868)|HEAP_ALLOCATE|[55]|Bytes:1
14:58:53.0 (50725424)|HEAP_ALLOCATE|[55]|Bytes:2
14:58:53.0 (50729918)|HEAP_ALLOCATE|[55]|Bytes:4
14:58:53.0 (50733939)|HEAP_ALLOCATE|[EXTERNAL]|Bytes:4
14:58:53.0 (50736868)|HEAP_ALLOCATE|[51]|Bytes:4
14:58:53.0 (50739469)|VARIABLE_ASSIGNMENT|[51]|j|60
14:58:53.0 (50741306)|HEAP_ALLOCATE|[50]|Bytes:4
14:58:53.0 (50743522)|VARIABLE_ASSIGNMENT|[50]|i|6
14:58:53.0 (50745187)|STATEMENT_EXECUTE|[50]
14:58:53.0 (50746500)|STATEMENT_EXECUTE|[51]
14:58:53.0 (50748129)|VARIABLE_SCOPE_BEGIN|[51]|j|Integer|false|false
14:58:53.0 (50749516)|HEAP_ALLOCATE|[51]|Bytes:4
14:58:53.0 (50751745)|VARIABLE_ASSIGNMENT|[51]|j|0
14:58:53.0 (50753327)|STATEMENT_EXECUTE|[51]
14:58:53.0 (50754584)|STATEMENT_EXECUTE|[52]
14:58:53.0 (50755549)|STATEMENT_EXECUTE|[53]
14:58:53.0 (50760710)|HEAP_ALLOCATE|[53]|Bytes:1
14:58:53.0 (50767490)|HEAP_ALLOCATE|[53]|Bytes:1
14:58:53.0 (50772048)|HEAP_ALLOCATE|[53]|Bytes:4
14:58:53.0 (50776292)|HEAP_ALLOCATE|[53]|Bytes:1
14:58:53.0 (50782916)|HEAP_ALLOCATE|[53]|Bytes:1
14:58:53.0 (50787585)|HEAP_ALLOCATE|[53]|Bytes:4
14:58:53.0 (50791780)|HEAP_ALLOCATE|[EXTERNAL]|Bytes:4
14:58:53.0 (50794863)|HEAP_ALLOCATE|[51]|Bytes:4
14:58:53.0 (50797435)|VARIABLE_ASSIGNMENT|[51]|j|30
14:58:53.0 (50799148)|STATEMENT_EXECUTE|[51]
14:58:53.0 (50800530)|STATEMENT_EXECUTE|[54]
14:58:53.0 (50801516)|STATEMENT_EXECUTE|[55]
14:58:53.0 (50806550)|HEAP_ALLOCATE|[55]|Bytes:1
14:58:53.0 (50813395)|HEAP_ALLOCATE|[55]|Bytes:2
14:58:53.0 (50817911)|HEAP_ALLOCATE|[55]|Bytes:4
14:58:53.0 (50822204)|HEAP_ALLOCATE|[55]|Bytes:1
14:58:53.0 (50828837)|HEAP_ALLOCATE|[55]|Bytes:2
14:58:53.0 (50833230)|HEAP_ALLOCATE|[55]|Bytes:4
14:58:53.0 (50837204)|HEAP_ALLOCATE|[EXTERNAL]|Bytes:4
14:58:53.0 (50840183)|HEAP_ALLOCATE|[51]|Bytes:4
14:58:53.0 (50842971)|VARIABLE_ASSIGNMENT|[51]|j|60
14:58:53.0 (50844773)|HEAP_ALLOCATE|[50]|Bytes:4
14:58:53.0 (50847010)|VARIABLE_ASSIGNMENT|[50]|i|7
14:58:53.0 (50848688)|STATEMENT_EXECUTE|[50]
14:58:53.0 (50850150)|STATEMENT_EXECUTE|[51]
14:58:53.0 (50851768)|VARIABLE_SCOPE_BEGIN|[51]|j|Integer|false|false
14:58:53.0 (50853284)|HEAP_ALLOCATE|[51]|Bytes:4
14:58:53.0 (50855577)|VARIABLE_ASSIGNMENT|[51]|j|0
14:58:53.0 (50857164)|STATEMENT_EXECUTE|[51]
14:58:53.0 (50858463)|STATEMENT_EXECUTE|[52]
14:58:53.0 (50859431)|STATEMENT_EXECUTE|[53]
14:58:53.0 (50864816)|HEAP_ALLOCATE|[53]|Bytes:1
14:58:53.0 (50871604)|HEAP_ALLOCATE|[53]|Bytes:1
14:58:53.0 (50876152)|HEAP_ALLOCATE|[53]|Bytes:4
14:58:53.0 (50880397)|HEAP_ALLOCATE|[53]|Bytes:1
14:58:53.0 (50886892)|HEAP_ALLOCATE|[53]|Bytes:1
14:58:53.0 (50891367)|HEAP_ALLOCATE|[53]|Bytes:4
14:58:53.0 (50895446)|HEAP_ALLOCATE|[EXTERNAL]|Bytes:4
14:58:53.0 (50898384)|HEAP_ALLOCATE|[51]|Bytes:4
14:58:53.0 (50900949)|VARIABLE_ASSIGNMENT|[51]|j|30
14:58:53.0 (50902697)|STATEMENT_EXECUTE|[51]
14:58:53.0 (50904061)|STATEMENT_EXECUTE|[54]
14:58:53.0 (50905050)|STATEMENT_EXECUTE|[55]
14:58:53.0 (50909986)|HEAP_ALLOCATE|[55]|Bytes:1
14:58:53.0 (50918191)|HEAP_ALLOCATE|[55]|Bytes:2
14:58:53.0 (50922711)|HEAP_ALLOCATE|[55]|Bytes:4
14:58:53.0 (50927398)|HEAP_ALLOCATE|[55]|Bytes:1
14:58:53.0 (50934367)|HEAP_ALLOCATE|[55]|Bytes:2
14:58:53.0 (50938859)|HEAP_ALLOCATE|[55]|Bytes:4
14:58:53.0 (50942842)|HEAP_ALLOCATE|[EXTERNAL]|Bytes:4
14:58:53.0 (50945902)|HEAP_ALLOCATE|[51]|Bytes:4
14:58:53.0 (50948569)|VARIABLE_ASSIGNMENT|[51]|j|60
14:58:53.0 (50950350)|HEAP_ALLOCATE|[50]|Bytes:4
14:58:53.0 (50952566)|VARIABLE_ASSIGNMENT|[50]|i|8
14:58:53.0 (50954233)|STATEMENT_EXECUTE|[50]
14:58:53.0 (50955529)|STATEMENT_EXECUTE|[51]
14:58:53.0 (50957262)|VARIABLE_SCOPE_BEGIN|[51]|j|Integer|false|false
14:58:53.0 (50958663)|HEAP_ALLOCATE|[51]|Bytes:4
14:58:53.0 (50960819)|VARIABLE_ASSIGNMENT|[51]|j|0
14:58:53.0 (50962443)|STATEMENT_EXECUTE|[51]
14:58:53.0 (50963712)|STATEMENT_EXECUTE|[52]
14:58:53.0 (50964730)|STATEMENT_EXECUTE|[53]
14:58:53.0 (50970088)|HEAP_ALLOCATE|[53]|Bytes:1
14:58:53.0 (50976934)|HEAP_ALLOCATE|[53]|Bytes:1
14:58:53.0 (50981603)|HEAP_ALLOCATE|[53]|Bytes:4
14:58:53.0 (50985852)|HEAP_ALLOCATE|[53]|Bytes:1
14:58:53.0 (50992386)|HEAP_ALLOCATE|[53]|Bytes:1
14:58:53.0 (51017409)|HEAP_ALLOCATE|[53]|Bytes:4
14:58:53.0 (51024230)|HEAP_ALLOCATE|[EXTERNAL]|Bytes:4
14:58:53.0 (51027912)|HEAP_ALLOCATE|[51]|Bytes:4
14:58:53.0 (51031769)|VARIABLE_ASSIGNMENT|[51]|j|30
14:58:53.0 (51034107)|STATEMENT_EXECUTE|[51]
14:58:53.0 (51035645)|STATEMENT_EXECUTE|[54]
14:58:53.0 (51036651)|STATEMENT_EXECUTE|[55]
14:58:53.0 (51043301)|HEAP_ALLOCATE|[55]|Bytes:1
14:58:53.0 (51050462)|HEAP_ALLOCATE|[55]|Bytes:2
14:58:53.0 (51055118)|HEAP_ALLOCATE|[55]|Bytes:4
14:58:53.0 (51061822)|HEAP_ALLOCATE|[55]|Bytes:1
14:58:53.0 (51068730)|HEAP_ALLOCATE|[55]|Bytes:2
14:58:53.0 (51073278)|HEAP_ALLOCATE|[55]|Bytes:4
14:58:53.0 (51077754)|HEAP_ALLOCATE|[EXTERNAL]|Bytes:4
14:58:53.0 (51081147)|HEAP_ALLOCATE|[51]|Bytes:4
14:58:53.0 (51083922)|VARIABLE_ASSIGNMENT|[51]|j|60
14:58:53.0 (51085991)|HEAP_ALLOCATE|[50]|Bytes:4
14:58:53.0 (51088256)|VARIABLE_ASSIGNMENT|[50]|i|9
14:58:53.0 (51090171)|STATEMENT_EXECUTE|[50]
14:58:53.0 (51091631)|STATEMENT_EXECUTE|[51]
14:58:53.0 (51093444)|VARIABLE_SCOPE_BEGIN|[51]|j|Integer|false|false
14:58:53.0 (51095418)|HEAP_ALLOCATE|[51]|Bytes:4
14:58:53.0 (51097683)|VARIABLE_ASSIGNMENT|[51]|j|0
14:58:53.0 (51099308)|STATEMENT_EXECUTE|[51]
14:58:53.0 (51104031)|STATEMENT_EXECUTE|[52]
14:58:53.0 (51105175)|STATEMENT_EXECUTE|[53]
14:58:53.0 (51111811)|HEAP_ALLOCATE|[53]|Bytes:1
14:58:53.0 (51118939)|HEAP_ALLOCATE|[53]|Bytes:1
14:58:53.0 (51123888)|HEAP_ALLOCATE|[53]|Bytes:4
14:58:53.0 (51128151)|HEAP_ALLOCATE|[53]|Bytes:1
14:58:53.0 (51134784)|HEAP_ALLOCATE|[53]|Bytes:1
14:58:53.0 (51139329)|HEAP_ALLOCATE|[53]|Bytes:4
14:58:53.0 (51143772)|HEAP_ALLOCATE|[EXTERNAL]|Bytes:4
14:58:53.0 (51146842)|HEAP_ALLOCATE|[51]|Bytes:4
14:58:53.0 (51149717)|VARIABLE_ASSIGNMENT|[51]|j|30
14:58:53.0 (51151491)|STATEMENT_EXECUTE|[51]
14:58:53.0 (51152841)|STATEMENT_EXECUTE|[54]
14:58:53.0 (51153829)|STATEMENT_EXECUTE|[55]
14:58:53.0 (51159072)|HEAP_ALLOCATE|[55]|Bytes:1
14:58:53.0 (51165979)|HEAP_ALLOCATE|[55]|Bytes:2
14:58:53.0 (51170638)|HEAP_ALLOCATE|[55]|Bytes:4
14:58:53.0 (51175076)|HEAP_ALLOCATE|[55]|Bytes:1
14:58:53.0 (51181915)|HEAP_ALLOCATE|[55]|Bytes:2
14:58:53.0 (51186397)|HEAP_ALLOCATE|[55]|Bytes:4
14:58:53.0 (51190392)|HEAP_ALLOCATE|[EXTERNAL]|Bytes:4
14:58:53.0 (51193356)|HEAP_ALLOCATE|[51]|Bytes:4
14:58:53.0 (51195996)|VARIABLE_ASSIGNMENT|[51]|j|60
14:58:53.0 (51197817)|HEAP_ALLOCATE|[50]|Bytes:4
14:58:53.0 (51200053)|VARIABLE_ASSIGNMENT|[50]|i|10
14:58:53.0 (51201814)|STATEMENT_EXECUTE|[50]
14:58:53.0 (51203231)|STATEMENT_EXECUTE|[51]
14:58:53.0 (51204927)|VARIABLE_SCOPE_BEGIN|[51]|j|Integer|false|false
14:58:53.0 (51206419)|HEAP_ALLOCATE|[51]|Bytes:4
14:58:53.0 (51208655)|VARIABLE_ASSIGNMENT|[51]|j|0
14:58:53.0 (51210165)|STATEMENT_EXECUTE|[51]
14:58:53.0 (51211521)|STATEMENT_EXECUTE|[52]
14:58:53.0 (51212492)|STATEMENT_EXECUTE|[53]
14:58:53.0 (51229319)|HEAP_ALLOCATE|[53]|Bytes:2
14:58:53.0 (51238638)|HEAP_ALLOCATE|[53]|Bytes:1
14:58:53.0 (51244012)|HEAP_ALLOCATE|[53]|Bytes:5
14:58:53.0 (51248516)|HEAP_ALLOCATE|[53]|Bytes:2
14:58:53.0 (51255125)|HEAP_ALLOCATE|[53]|Bytes:1
14:58:53.0 (51259761)|HEAP_ALLOCATE|[53]|Bytes:5
14:58:53.0 (51274204)|HEAP_ALLOCATE|[EXTERNAL]|Bytes:4
14:58:53.0 (51277995)|HEAP_ALLOCATE|[51]|Bytes:4
14:58:53.0 (51281362)|VARIABLE_ASSIGNMENT|[51]|j|30
14:58:53.0 (51283511)|STATEMENT_EXECUTE|[51]
14:58:53.0 (51285136)|STATEMENT_EXECUTE|[54]
14:58:53.0 (51286341)|STATEMENT_EXECUTE|[55]
14:58:53.0 (51292941)|HEAP_ALLOCATE|[55]|Bytes:2
14:58:53.0 (51309688)|HEAP_ALLOCATE|[55]|Bytes:2
14:58:53.0 (51315280)|HEAP_ALLOCATE|[55]|Bytes:5
14:58:53.0 (51319925)|HEAP_ALLOCATE|[55]|Bytes:2
14:58:53.0 (51326566)|HEAP_ALLOCATE|[55]|Bytes:2
14:58:53.0 (51335778)|HEAP_ALLOCATE|[55]|Bytes:5
14:58:53.0 (51341430)|HEAP_ALLOCATE|[EXTERNAL]|Bytes:4
14:58:53.0 (51345101)|HEAP_ALLOCATE|[51]|Bytes:4
14:58:53.0 (51348346)|VARIABLE_ASSIGNMENT|[51]|j|60
14:58:53.0 (51350542)|HEAP_ALLOCATE|[50]|Bytes:4
14:58:53.0 (51352865)|VARIABLE_ASSIGNMENT|[50]|i|11
14:58:53.0 (51354802)|STATEMENT_EXECUTE|[50]
14:58:53.0 (51356353)|STATEMENT_EXECUTE|[51]
14:58:53.0 (51358191)|VARIABLE_SCOPE_BEGIN|[51]|j|Integer|false|false
14:58:53.0 (51359970)|HEAP_ALLOCATE|[51]|Bytes:4
14:58:53.0 (51362333)|VARIABLE_ASSIGNMENT|[51]|j|0
14:58:53.0 (51363892)|STATEMENT_EXECUTE|[51]
14:58:53.0 (51365214)|STATEMENT_EXECUTE|[52]
14:58:53.0 (51366208)|STATEMENT_EXECUTE|[53]
14:58:53.0 (51372859)|HEAP_ALLOCATE|[53]|Bytes:2
14:58:53.0 (51379927)|HEAP_ALLOCATE|[53]|Bytes:1
14:58:53.0 (51384706)|HEAP_ALLOCATE|[53]|Bytes:5
14:58:53.0 (51389031)|HEAP_ALLOCATE|[53]|Bytes:2
14:58:53.0 (51395613)|HEAP_ALLOCATE|[53]|Bytes:1
14:58:53.0 (51400152)|HEAP_ALLOCATE|[53]|Bytes:5
14:58:53.0 (51404450)|HEAP_ALLOCATE|[EXTERNAL]|Bytes:4
14:58:53.0 (51407706)|HEAP_ALLOCATE|[51]|Bytes:4
14:58:53.0 (51410447)|VARIABLE_ASSIGNMENT|[51]|j|30
14:58:53.0 (51412148)|STATEMENT_EXECUTE|[51]
14:58:53.0 (51413542)|STATEMENT_EXECUTE|[54]
14:58:53.0 (51414522)|STATEMENT_EXECUTE|[55]
14:58:53.0 (51419756)|HEAP_ALLOCATE|[55]|Bytes:2
14:58:53.0 (51426762)|HEAP_ALLOCATE|[55]|Bytes:2
14:58:53.0 (51431321)|HEAP_ALLOCATE|[55]|Bytes:5
14:58:53.0 (51435639)|HEAP_ALLOCATE|[55]|Bytes:2
14:58:53.0 (51442413)|HEAP_ALLOCATE|[55]|Bytes:2
14:58:53.0 (51446981)|HEAP_ALLOCATE|[55]|Bytes:5
14:58:53.0 (51450983)|HEAP_ALLOCATE|[EXTERNAL]|Bytes:4
14:58:53.0 (51453971)|HEAP_ALLOCATE|[51]|Bytes:4
14:58:53.0 (51456772)|VARIABLE_ASSIGNMENT|[51]|j|60
14:58:53.0 (51458555)|HEAP_ALLOCATE|[50]|Bytes:4
14:58:53.0 (51460788)|VARIABLE_ASSIGNMENT|[50]|i|12
14:58:53.0 (51462419)|STATEMENT_EXECUTE|[50]
14:58:53.0 (51463761)|STATEMENT_EXECUTE|[51]
14:58:53.0 (51465431)|VARIABLE_SCOPE_BEGIN|[51]|j|Integer|false|false
14:58:53.0 (51466797)|HEAP_ALLOCATE|[51]|Bytes:4
14:58:53.0 (51469026)|VARIABLE_ASSIGNMENT|[51]|j|0
14:58:53.0 (51470591)|STATEMENT_EXECUTE|[51]
14:58:53.0 (51471863)|STATEMENT_EXECUTE|[52]
14:58:53.0 (51472833)|STATEMENT_EXECUTE|[53]
14:58:53.0 (51478289)|HEAP_ALLOCATE|[53]|Bytes:2
14:58:53.0 (51485105)|HEAP_ALLOCATE|[53]|Bytes:1
14:58:53.0 (51489735)|HEAP_ALLOCATE|[53]|Bytes:5
14:58:53.0 (51494026)|HEAP_ALLOCATE|[53]|Bytes:2
14:58:53.0 (51500493)|HEAP_ALLOCATE|[53]|Bytes:1
14:58:53.0 (51505020)|HEAP_ALLOCATE|[53]|Bytes:5
14:58:53.0 (51509078)|HEAP_ALLOCATE|[EXTERNAL]|Bytes:4
14:58:53.0 (51512076)|HEAP_ALLOCATE|[51]|Bytes:4
14:58:53.0 (51514687)|VARIABLE_ASSIGNMENT|[51]|j|30
14:58:53.0 (51516321)|STATEMENT_EXECUTE|[51]
14:58:53.0 (51517727)|STATEMENT_EXECUTE|[54]
14:58:53.0 (51518737)|STATEMENT_EXECUTE|[55]
14:58:53.0 (51523790)|HEAP_ALLOCATE|[55]|Bytes:2
14:58:53.0 (51530835)|HEAP_ALLOCATE|[55]|Bytes:2
14:58:53.0 (51535368)|HEAP_ALLOCATE|[55]|Bytes:5
14:58:53.0 (51539692)|HEAP_ALLOCATE|[55]|Bytes:2
14:58:53.0 (51546201)|HEAP_ALLOCATE|[55]|Bytes:2
14:58:53.0 (51550638)|HEAP_ALLOCATE|[55]|Bytes:5
14:58:53.0 (51554632)|HEAP_ALLOCATE|[EXTERNAL]|Bytes:4
14:58:53.0 (51557495)|HEAP_ALLOCATE|[51]|Bytes:4
14:58:53.0 (51560018)|VARIABLE_ASSIGNMENT|[51]|j|60
14:58:53.0 (51561815)|HEAP_ALLOCATE|[50]|Bytes:4
14:58:53.0 (51564096)|VARIABLE_ASSIGNMENT|[50]|i|13
14:58:53.0 (51565696)|STATEMENT_EXECUTE|[50]
14:58:53.0 (51567020)|STATEMENT_EXECUTE|[51]
14:58:53.0 (51568643)|VARIABLE_SCOPE_BEGIN|[51]|j|Integer|false|false
14:58:53.0 (51570372)|HEAP_ALLOCATE|[51]|Bytes:4
14:58:53.0 (51572690)|VARIABLE_ASSIGNMENT|[51]|j|0
14:58:53.0 (51574185)|STATEMENT_EXECUTE|[51]
14:58:53.0 (51575460)|STATEMENT_EXECUTE|[52]
14:58:53.0 (51576504)|STATEMENT_EXECUTE|[53]
14:58:53.0 (51582044)|HEAP_ALLOCATE|[53]|Bytes:2
14:58:53.0 (51588844)|HEAP_ALLOCATE|[53]|Bytes:1
14:58:53.0 (51593458)|HEAP_ALLOCATE|[53]|Bytes:5
14:58:53.0 (51597746)|HEAP_ALLOCATE|[53]|Bytes:2
14:58:53.0 (51604312)|HEAP_ALLOCATE|[53]|Bytes:1
14:58:53.0 (51608661)|HEAP_ALLOCATE|[53]|Bytes:5
14:58:53.0 (51612836)|HEAP_ALLOCATE|[EXTERNAL]|Bytes:4
14:58:53.0 (51615954)|HEAP_ALLOCATE|[51]|Bytes:4
14:58:53.0 (51618517)|VARIABLE_ASSIGNMENT|[51]|j|30
14:58:53.0 (51620133)|STATEMENT_EXECUTE|[51]
14:58:53.0 (51621520)|STATEMENT_EXECUTE|[54]
14:58:53.0 (51622512)|STATEMENT_EXECUTE|[55]
14:58:53.0 (51627617)|HEAP_ALLOCATE|[55]|Bytes:2
14:58:53.0 (51634527)|HEAP_ALLOCATE|[55]|Bytes:2
14:58:53.0 (51639162)|HEAP_ALLOCATE|[55]|Bytes:5
14:58:53.0 (51643554)|HEAP_ALLOCATE|[55]|Bytes:2
14:58:53.0 (51650274)|HEAP_ALLOCATE|[55]|Bytes:2
14:58:53.0 (51654673)|HEAP_ALLOCATE|[55]|Bytes:5
14:58:53.0 (51658670)|HEAP_ALLOCATE|[EXTERNAL]|Bytes:4
14:58:53.0 (51661607)|HEAP_ALLOCATE|[51]|Bytes:4
14:58:53.0 (51664184)|VARIABLE_ASSIGNMENT|[51]|j|60
14:58:53.0 (51665942)|HEAP_ALLOCATE|[50]|Bytes:4
14:58:53.0 (51668190)|VARIABLE_ASSIGNMENT|[50]|i|14
14:58:53.0 (51669804)|STATEMENT_EXECUTE|[50]
14:58:53.0 (51671112)|STATEMENT_EXECUTE|[51]
14:58:53.0 (51672774)|VARIABLE_SCOPE_BEGIN|[51]|j|Integer|false|false
14:58:53.0 (51674121)|HEAP_ALLOCATE|[51]|Bytes:4
14:58:53.0 (51676330)|VARIABLE_ASSIGNMENT|[51]|j|0
14:58:53.0 (51678102)|STATEMENT_EXECUTE|[51]
14:58:53.0 (51679373)|STATEMENT_EXECUTE|[52]
14:58:53.0 (51680351)|STATEMENT_EXECUTE|[53]
14:58:53.0 (51685764)|HEAP_ALLOCATE|[53]|Bytes:2
14:58:53.0 (51692605)|HEAP_ALLOCATE|[53]|Bytes:1
14:58:53.0 (51697124)|HEAP_ALLOCATE|[53]|Bytes:5
14:58:53.0 (51701626)|HEAP_ALLOCATE|[53]|Bytes:2
14:58:53.0 (51708131)|HEAP_ALLOCATE|[53]|Bytes:1
14:58:53.0 (51712587)|HEAP_ALLOCATE|[53]|Bytes:5
14:58:53.0 (51716872)|HEAP_ALLOCATE|[EXTERNAL]|Bytes:4
14:58:53.0 (51719925)|HEAP_ALLOCATE|[51]|Bytes:4
14:58:53.0 (51722572)|VARIABLE_ASSIGNMENT|[51]|j|30
14:58:53.0 (51724165)|STATEMENT_EXECUTE|[51]
14:58:53.0 (51725564)|STATEMENT_EXECUTE|[54]
14:58:53.0 (51726542)|STATEMENT_EXECUTE|[55]
14:58:53.0 (51731529)|HEAP_ALLOCATE|[55]|Bytes:2
14:58:53.0 (51738509)|HEAP_ALLOCATE|[55]|Bytes:2
14:58:53.0 (51743083)|HEAP_ALLOCATE|[55]|Bytes:5
14:58:53.0 (51747429)|HEAP_ALLOCATE|[55]|Bytes:2
14:58:53.0 (51753942)|HEAP_ALLOCATE|[55]|Bytes:2
14:58:53.0 (51758343)|HEAP_ALLOCATE|[55]|Bytes:5
14:58:53.0 (51762271)|HEAP_ALLOCATE|[EXTERNAL]|Bytes:4
14:58:53.0 (51765148)|HEAP_ALLOCATE|[51]|Bytes:4
14:58:53.0 (51767670)|VARIABLE_ASSIGNMENT|[51]|j|60
14:58:53.0 (51769466)|HEAP_ALLOCATE|[50]|Bytes:4
14:58:53.0 (51771716)|VARIABLE_ASSIGNMENT|[50]|i|15
14:58:53.0 (51773338)|STATEMENT_EXECUTE|[50]
14:58:53.0 (51774639)|STATEMENT_EXECUTE|[51]
14:58:53.0 (51776293)|VARIABLE_SCOPE_BEGIN|[51]|j|Integer|false|false
14:58:53.0 (51778070)|HEAP_ALLOCATE|[51]|Bytes:4
14:58:53.0 (51780351)|VARIABLE_ASSIGNMENT|[51]|j|0
14:58:53.0 (51781854)|STATEMENT_EXECUTE|[51]
14:58:53.0 (51783162)|STATEMENT_EXECUTE|[52]
14:58:53.0 (51784219)|STATEMENT_EXECUTE|[53]
14:58:53.0 (51789599)|HEAP_ALLOCATE|[53]|Bytes:2
14:58:53.0 (51796551)|HEAP_ALLOCATE|[53]|Bytes:1
14:58:53.0 (51801120)|HEAP_ALLOCATE|[53]|Bytes:5
14:58:53.0 (51805346)|HEAP_ALLOCATE|[53]|Bytes:2
14:58:53.0 (51812015)|HEAP_ALLOCATE|[53]|Bytes:1
14:58:53.0 (51816409)|HEAP_ALLOCATE|[53]|Bytes:5
14:58:53.0 (51820524)|HEAP_ALLOCATE|[EXTERNAL]|Bytes:4
14:58:53.0 (51823538)|HEAP_ALLOCATE|[51]|Bytes:4
14:58:53.0 (51826161)|VARIABLE_ASSIGNMENT|[51]|j|30
14:58:53.0 (51827846)|STATEMENT_EXECUTE|[51]
14:58:53.0 (51829230)|STATEMENT_EXECUTE|[54]
14:58:53.0 (51830230)|STATEMENT_EXECUTE|[55]
14:58:53.0 (51835211)|HEAP_ALLOCATE|[55]|Bytes:2
14:58:53.0 (51841998)|HEAP_ALLOCATE|[55]|Bytes:2
14:58:53.0 (51846597)|HEAP_ALLOCATE|[55]|Bytes:5
14:58:53.0 (51850894)|HEAP_ALLOCATE|[55]|Bytes:2
14:58:53.0 (51857815)|HEAP_ALLOCATE|[55]|Bytes:2
14:58:53.0 (51862231)|HEAP_ALLOCATE|[55]|Bytes:5
14:58:53.0 (51866164)|HEAP_ALLOCATE|[EXTERNAL]|Bytes:4
14:58:53.0 (51869063)|HEAP_ALLOCATE|[51]|Bytes:4
14:58:53.0 (51871557)|VARIABLE_ASSIGNMENT|[51]|j|60
14:58:53.0 (51873335)|HEAP_ALLOCATE|[50]|Bytes:4
14:58:53.0 (51875627)|VARIABLE_ASSIGNMENT|[50]|i|16
14:58:53.0 (51877261)|STATEMENT_EXECUTE|[50]
14:58:53.0 (51878567)|STATEMENT_EXECUTE|[51]
14:58:53.0 (51880231)|VARIABLE_SCOPE_BEGIN|[51]|j|Integer|false|false
14:58:53.0 (51881602)|HEAP_ALLOCATE|[51]|Bytes:4
14:58:53.0 (51883776)|VARIABLE_ASSIGNMENT|[51]|j|0
14:58:53.0 (51885298)|STATEMENT_EXECUTE|[51]
14:58:53.0 (51886571)|STATEMENT_EXECUTE|[52]
14:58:53.0 (51887535)|STATEMENT_EXECUTE|[53]
14:58:53.0 (51892750)|HEAP_ALLOCATE|[53]|Bytes:2
14:58:53.0 (51899630)|HEAP_ALLOCATE|[53]|Bytes:1
14:58:53.0 (51904214)|HEAP_ALLOCATE|[53]|Bytes:5
14:58:53.0 (51908457)|HEAP_ALLOCATE|[53]|Bytes:2
14:58:53.0 (51915010)|HEAP_ALLOCATE|[53]|Bytes:1
14:58:53.0 (51919448)|HEAP_ALLOCATE|[53]|Bytes:5
14:58:53.0 (51923711)|HEAP_ALLOCATE|[EXTERNAL]|Bytes:4
14:58:53.0 (51926702)|HEAP_ALLOCATE|[51]|Bytes:4
14:58:53.0 (51929313)|VARIABLE_ASSIGNMENT|[51]|j|30
14:58:53.0 (51930959)|STATEMENT_EXECUTE|[51]
14:58:53.0 (51932372)|STATEMENT_EXECUTE|[54]
14:58:53.0 (51933386)|STATEMENT_EXECUTE|[55]
14:58:53.0 (51938277)|HEAP_ALLOCATE|[55]|Bytes:2
14:58:53.0 (51945046)|HEAP_ALLOCATE|[55]|Bytes:2
14:58:53.0 (51949661)|HEAP_ALLOCATE|[55]|Bytes:5
14:58:53.0 (51953970)|HEAP_ALLOCATE|[55]|Bytes:2
14:58:53.0 (51960488)|HEAP_ALLOCATE|[55]|Bytes:2
14:58:53.0 (51965011)|HEAP_ALLOCATE|[55]|Bytes:5
14:58:53.0 (51968990)|HEAP_ALLOCATE|[EXTERNAL]|Bytes:4
14:58:53.0 (51972012)|HEAP_ALLOCATE|[51]|Bytes:4
14:58:53.0 (51974531)|VARIABLE_ASSIGNMENT|[51]|j|60
14:58:53.0 (51976244)|HEAP_ALLOCATE|[50]|Bytes:4
14:58:53.0 (51978497)|VARIABLE_ASSIGNMENT|[50]|i|17
14:58:53.0 (51980105)|STATEMENT_EXECUTE|[50]
14:58:53.0 (51981428)|STATEMENT_EXECUTE|[51]
14:58:53.0 (51983092)|VARIABLE_SCOPE_BEGIN|[51]|j|Integer|false|false
14:58:53.0 (51984636)|HEAP_ALLOCATE|[51]|Bytes:4
14:58:53.0 (51986892)|VARIABLE_ASSIGNMENT|[51]|j|0
14:58:53.0 (51988401)|STATEMENT_EXECUTE|[51]
14:58:53.0 (51989711)|STATEMENT_EXECUTE|[52]
14:58:53.0 (51990704)|STATEMENT_EXECUTE|[53]
14:58:53.0 (51996025)|HEAP_ALLOCATE|[53]|Bytes:2
14:58:53.0 (52002937)|HEAP_ALLOCATE|[53]|Bytes:1
14:58:53.0 (52008214)|HEAP_ALLOCATE|[53]|Bytes:5
14:58:53.0 (52012517)|HEAP_ALLOCATE|[53]|Bytes:2
14:58:53.0 (52019055)|HEAP_ALLOCATE|[53]|Bytes:1
14:58:53.0 (52023473)|HEAP_ALLOCATE|[53]|Bytes:5
14:58:53.0 (52027567)|HEAP_ALLOCATE|[EXTERNAL]|Bytes:4
14:58:53.0 (52030526)|HEAP_ALLOCATE|[51]|Bytes:4
14:58:53.0 (52033190)|VARIABLE_ASSIGNMENT|[51]|j|30
14:58:53.0 (52034791)|STATEMENT_EXECUTE|[51]
14:58:53.0 (52036354)|STATEMENT_EXECUTE|[54]
14:58:53.0 (52037338)|STATEMENT_EXECUTE|[55]
14:58:53.0 (52042241)|HEAP_ALLOCATE|[55]|Bytes:2
14:58:53.0 (52049332)|HEAP_ALLOCATE|[55]|Bytes:2
14:58:53.0 (52054104)|HEAP_ALLOCATE|[55]|Bytes:5
14:58:53.0 (52058418)|HEAP_ALLOCATE|[55]|Bytes:2
14:58:53.0 (52065289)|HEAP_ALLOCATE|[55]|Bytes:2
14:58:53.0 (52069769)|HEAP_ALLOCATE|[55]|Bytes:5
14:58:53.0 (52073886)|HEAP_ALLOCATE|[EXTERNAL]|Bytes:4
14:58:53.0 (52076780)|HEAP_ALLOCATE|[51]|Bytes:4
14:58:53.0 (52079372)|VARIABLE_ASSIGNMENT|[51]|j|60
14:58:53.0 (52081142)|HEAP_ALLOCATE|[50]|Bytes:4
14:58:53.0 (52083418)|VARIABLE_ASSIGNMENT|[50]|i|18
14:58:53.0 (52084997)|STATEMENT_EXECUTE|[50]
14:58:53.0 (52086306)|STATEMENT_EXECUTE|[51]
14:58:53.0 (52087944)|VARIABLE_SCOPE_BEGIN|[51]|j|Integer|false|false
14:58:53.0 (52089294)|HEAP_ALLOCATE|[51]|Bytes:4
14:58:53.0 (52091514)|VARIABLE_ASSIGNMENT|[51]|j|0
14:58:53.0 (52093012)|STATEMENT_EXECUTE|[51]
14:58:53.0 (52094273)|STATEMENT_EXECUTE|[52]
14:58:53.0 (52095280)|STATEMENT_EXECUTE|[53]
14:58:53.0 (52103875)|HEAP_ALLOCATE|[53]|Bytes:2
14:58:53.0 (52111299)|HEAP_ALLOCATE|[53]|Bytes:1
14:58:53.0 (52115994)|HEAP_ALLOCATE|[53]|Bytes:5
14:58:53.0 (52120353)|HEAP_ALLOCATE|[53]|Bytes:2
14:58:53.0 (52126969)|HEAP_ALLOCATE|[53]|Bytes:1
14:58:53.0 (52131360)|HEAP_ALLOCATE|[53]|Bytes:5
14:58:53.0 (52135923)|HEAP_ALLOCATE|[EXTERNAL]|Bytes:4
14:58:53.0 (52139145)|HEAP_ALLOCATE|[51]|Bytes:4
14:58:53.0 (52141965)|VARIABLE_ASSIGNMENT|[51]|j|30
14:58:53.0 (52143711)|STATEMENT_EXECUTE|[51]
14:58:53.0 (52145049)|STATEMENT_EXECUTE|[54]
14:58:53.0 (52146034)|STATEMENT_EXECUTE|[55]
14:58:53.0 (52151081)|HEAP_ALLOCATE|[55]|Bytes:2
14:58:53.0 (52157988)|HEAP_ALLOCATE|[55]|Bytes:2
14:58:53.0 (52162618)|HEAP_ALLOCATE|[55]|Bytes:5
14:58:53.0 (52166947)|HEAP_ALLOCATE|[55]|Bytes:2
14:58:53.0 (52173508)|HEAP_ALLOCATE|[55]|Bytes:2
14:58:53.0 (52177970)|HEAP_ALLOCATE|[55]|Bytes:5
14:58:53.0 (52182005)|HEAP_ALLOCATE|[EXTERNAL]|Bytes:4
14:58:53.0 (52185006)|HEAP_ALLOCATE|[51]|Bytes:4
14:58:53.0 (52187623)|VARIABLE_ASSIGNMENT|[51]|j|60
14:58:53.0 (52189412)|HEAP_ALLOCATE|[50]|Bytes:4
14:58:53.0 (52191655)|VARIABLE_ASSIGNMENT|[50]|i|19
14:58:53.0 (52193285)|STATEMENT_EXECUTE|[50]
14:58:53.0 (52194626)|STATEMENT_EXECUTE|[51]
14:58:53.0 (52196280)|VARIABLE_SCOPE_BEGIN|[51]|j|Integer|false|false
14:58:53.0 (52197890)|HEAP_ALLOCATE|[51]|Bytes:4
14:58:53.0 (52200158)|VARIABLE_ASSIGNMENT|[51]|j|0
14:58:53.0 (52201693)|STATEMENT_EXECUTE|[51]
14:58:53.0 (52202924)|STATEMENT_EXECUTE|[52]
14:58:53.0 (52203898)|STATEMENT_EXECUTE|[53]
14:58:53.0 (52209198)|HEAP_ALLOCATE|[53]|Bytes:2
14:58:53.0 (52216303)|HEAP_ALLOCATE|[53]|Bytes:1
14:58:53.0 (52220830)|HEAP_ALLOCATE|[53]|Bytes:5
14:58:53.0 (52225132)|HEAP_ALLOCATE|[53]|Bytes:2
14:58:53.0 (52231697)|HEAP_ALLOCATE|[53]|Bytes:1
14:58:53.0 (52236149)|HEAP_ALLOCATE|[53]|Bytes:5
14:58:53.0 (52240251)|HEAP_ALLOCATE|[EXTERNAL]|Bytes:4
14:58:53.0 (52243174)|HEAP_ALLOCATE|[51]|Bytes:4
14:58:53.0 (52245706)|VARIABLE_ASSIGNMENT|[51]|j|30
14:58:53.0 (52247322)|STATEMENT_EXECUTE|[51]
14:58:53.0 (52248655)|STATEMENT_EXECUTE|[54]
14:58:53.0 (52249639)|STATEMENT_EXECUTE|[55]
14:58:53.0 (52254590)|HEAP_ALLOCATE|[55]|Bytes:2
14:58:53.0 (52261397)|HEAP_ALLOCATE|[55]|Bytes:2
14:58:53.0 (52266073)|HEAP_ALLOCATE|[55]|Bytes:5
14:58:53.0 (52270388)|HEAP_ALLOCATE|[55]|Bytes:2
14:58:53.0 (52276893)|HEAP_ALLOCATE|[55]|Bytes:2
14:58:53.0 (52281530)|HEAP_ALLOCATE|[55]|Bytes:5
14:58:53.0 (52285592)|HEAP_ALLOCATE|[EXTERNAL]|Bytes:4
14:58:53.0 (52288439)|HEAP_ALLOCATE|[51]|Bytes:4
14:58:53.0 (52290926)|VARIABLE_ASSIGNMENT|[51]|j|60
14:58:53.0 (52292646)|HEAP_ALLOCATE|[50]|Bytes:4
14:58:53.0 (52294894)|VARIABLE_ASSIGNMENT|[50]|i|20
14:58:53.0 (52296484)|STATEMENT_EXECUTE|[50]
14:58:53.0 (52297790)|STATEMENT_EXECUTE|[51]
14:58:53.0 (52299381)|VARIABLE_SCOPE_BEGIN|[51]|j|Integer|false|false
14:58:53.0 (52300740)|HEAP_ALLOCATE|[51]|Bytes:4
14:58:53.0 (52302916)|VARIABLE_ASSIGNMENT|[51]|j|0
14:58:53.0 (52304480)|STATEMENT_EXECUTE|[51]
14:58:53.0 (52305754)|STATEMENT_EXECUTE|[52]
14:58:53.0 (52306788)|STATEMENT_EXECUTE|[53]
14:58:53.0 (52311930)|HEAP_ALLOCATE|[53]|Bytes:2
14:58:53.0 (52318793)|HEAP_ALLOCATE|[53]|Bytes:1
14:58:53.0 (52323335)|HEAP_ALLOCATE|[53]|Bytes:5
14:58:53.0 (52327612)|HEAP_ALLOCATE|[53]|Bytes:2
14:58:53.0 (52334172)|HEAP_ALLOCATE|[53]|Bytes:1
14:58:53.0 (52338606)|HEAP_ALLOCATE|[53]|Bytes:5
14:58:53.0 (52342942)|HEAP_ALLOCATE|[EXTERNAL]|Bytes:4
14:58:53.0 (52345915)|HEAP_ALLOCATE|[51]|Bytes:4
14:58:53.0 (52348498)|VARIABLE_ASSIGNMENT|[51]|j|30
14:58:53.0 (52350178)|STATEMENT_EXECUTE|[51]
14:58:53.0 (52351533)|STATEMENT_EXECUTE|[54]
14:58:53.0 (52352512)|STATEMENT_EXECUTE|[55]
14:58:53.0 (52357443)|HEAP_ALLOCATE|[55]|Bytes:2
14:58:53.0 (52364229)|HEAP_ALLOCATE|[55]|Bytes:2
14:58:53.0 (52368797)|HEAP_ALLOCATE|[55]|Bytes:5
14:58:53.0 (52373295)|HEAP_ALLOCATE|[55]|Bytes:2
14:58:53.0 (52379868)|HEAP_ALLOCATE|[55]|Bytes:2
14:58:53.0 (52384335)|HEAP_ALLOCATE|[55]|Bytes:5
14:58:53.0 (52388293)|HEAP_ALLOCATE|[EXTERNAL]|Bytes:4
14:58:53.0 (52391197)|HEAP_ALLOCATE|[51]|Bytes:4
14:58:53.0 (52393680)|VARIABLE_ASSIGNMENT|[51]|j|60
14:58:53.0 (52395428)|HEAP_ALLOCATE|[50]|Bytes:4
14:58:53.0 (52397722)|VARIABLE_ASSIGNMENT|[50]|i|21
14:58:53.0 (52399384)|STATEMENT_EXECUTE|[50]
14:58:53.0 (52400748)|STATEMENT_EXECUTE|[51]
14:58:53.0 (52402406)|VARIABLE_SCOPE_BEGIN|[51]|j|Integer|false|false
14:58:53.0 (52403727)|HEAP_ALLOCATE|[51]|Bytes:4
14:58:53.0 (52406297)|VARIABLE_ASSIGNMENT|[51]|j|0
14:58:53.0 (52407819)|STATEMENT_EXECUTE|[51]
14:58:53.0 (52409089)|STATEMENT_EXECUTE|[52]
14:58:53.0 (52410077)|STATEMENT_EXECUTE|[53]
14:58:53.0 (52415265)|HEAP_ALLOCATE|[53]|Bytes:2
14:58:53.0 (52422143)|HEAP_ALLOCATE|[53]|Bytes:1
14:58:53.0 (52426795)|HEAP_ALLOCATE|[53]|Bytes:5
14:58:53.0 (52431071)|HEAP_ALLOCATE|[53]|Bytes:2
14:58:53.0 (52437550)|HEAP_ALLOCATE|[53]|Bytes:1
14:58:53.0 (52442003)|HEAP_ALLOCATE|[53]|Bytes:5
14:58:53.0 (52446067)|HEAP_ALLOCATE|[EXTERNAL]|Bytes:4
14:58:53.0 (52449014)|HEAP_ALLOCATE|[51]|Bytes:4
14:58:53.0 (52451615)|VARIABLE_ASSIGNMENT|[51]|j|30
14:58:53.0 (52453259)|STATEMENT_EXECUTE|[51]
14:58:53.0 (52454608)|STATEMENT_EXECUTE|[54]
14:58:53.0 (52455574)|STATEMENT_EXECUTE|[55]
14:58:53.0 (52460482)|HEAP_ALLOCATE|[55]|Bytes:2
14:58:53.0 (52467246)|HEAP_ALLOCATE|[55]|Bytes:2
14:58:53.0 (52471861)|HEAP_ALLOCATE|[55]|Bytes:5
14:58:53.0 (52476402)|HEAP_ALLOCATE|[55]|Bytes:2
14:58:53.0 (52482926)|HEAP_ALLOCATE|[55]|Bytes:2
14:58:53.0 (52487845)|HEAP_ALLOCATE|[55]|Bytes:5
14:58:53.0 (52491840)|HEAP_ALLOCATE|[EXTERNAL]|Bytes:4
14:58:53.0 (52494722)|HEAP_ALLOCATE|[51]|Bytes:4
14:58:53.0 (52497244)|VARIABLE_ASSIGNMENT|[51]|j|60
14:58:53.0 (52499032)|HEAP_ALLOCATE|[50]|Bytes:4
14:58:53.0 (52501291)|VARIABLE_ASSIGNMENT|[50]|i|22
14:58:53.0 (52502877)|STATEMENT_EXECUTE|[50]
14:58:53.0 (52504170)|STATEMENT_EXECUTE|[51]
14:58:53.0 (52505946)|VARIABLE_SCOPE_BEGIN|[51]|j|Integer|false|false
14:58:53.0 (52507275)|HEAP_ALLOCATE|[51]|Bytes:4
14:58:53.0 (52509480)|VARIABLE_ASSIGNMENT|[51]|j|0
14:58:53.0 (52510986)|STATEMENT_EXECUTE|[51]
14:58:53.0 (52512234)|STATEMENT_EXECUTE|[52]
14:58:53.0 (52513203)|STATEMENT_EXECUTE|[53]
14:58:53.0 (52518321)|HEAP_ALLOCATE|[53]|Bytes:2
14:58:53.0 (52525228)|HEAP_ALLOCATE|[53]|Bytes:1
14:58:53.0 (52529789)|HEAP_ALLOCATE|[53]|Bytes:5
14:58:53.0 (52534132)|HEAP_ALLOCATE|[53]|Bytes:2
14:58:53.0 (52540667)|HEAP_ALLOCATE|[53]|Bytes:1
14:58:53.0 (52545113)|HEAP_ALLOCATE|[53]|Bytes:5
14:58:53.0 (52549476)|HEAP_ALLOCATE|[EXTERNAL]|Bytes:4
14:58:53.0 (52552453)|HEAP_ALLOCATE|[51]|Bytes:4
14:58:53.0 (52555005)|VARIABLE_ASSIGNMENT|[51]|j|30
14:58:53.0 (52556710)|STATEMENT_EXECUTE|[51]
14:58:53.0 (52558077)|STATEMENT_EXECUTE|[54]
14:58:53.0 (52559060)|STATEMENT_EXECUTE|[55]
14:58:53.0 (52563881)|HEAP_ALLOCATE|[55]|Bytes:2
14:58:53.0 (52570837)|HEAP_ALLOCATE|[55]|Bytes:2
14:58:53.0 (52575294)|HEAP_ALLOCATE|[55]|Bytes:5
14:58:53.0 (52579603)|HEAP_ALLOCATE|[55]|Bytes:2
14:58:53.0 (52586235)|HEAP_ALLOCATE|[55]|Bytes:2
14:58:53.0 (52590696)|HEAP_ALLOCATE|[55]|Bytes:5
14:58:53.0 (52594735)|HEAP_ALLOCATE|[EXTERNAL]|Bytes:4
14:58:53.0 (52597700)|HEAP_ALLOCATE|[51]|Bytes:4
14:58:53.0 (52600142)|VARIABLE_ASSIGNMENT|[51]|j|60
14:58:53.0 (52601860)|HEAP_ALLOCATE|[50]|Bytes:4
14:58:53.0 (52604093)|VARIABLE_ASSIGNMENT|[50]|i|23
14:58:53.0 (52605656)|STATEMENT_EXECUTE|[50]
14:58:53.0 (52606997)|STATEMENT_EXECUTE|[51]
14:58:53.0 (52608590)|VARIABLE_SCOPE_BEGIN|[51]|j|Integer|false|false
14:58:53.0 (52610001)|HEAP_ALLOCATE|[51]|Bytes:4
14:58:53.0 (52612380)|VARIABLE_ASSIGNMENT|[51]|j|0
14:58:53.0 (52613871)|STATEMENT_EXECUTE|[51]
14:58:53.0 (52615159)|STATEMENT_EXECUTE|[52]
14:58:53.0 (52616128)|STATEMENT_EXECUTE|[53]
14:58:53.0 (52621381)|HEAP_ALLOCATE|[53]|Bytes:2
14:58:53.0 (52628257)|HEAP_ALLOCATE|[53]|Bytes:1
14:58:53.0 (52632917)|HEAP_ALLOCATE|[53]|Bytes:5
14:58:53.0 (52637308)|HEAP_ALLOCATE|[53]|Bytes:2
14:58:53.0 (52643896)|HEAP_ALLOCATE|[53]|Bytes:1
14:58:53.0 (52648311)|HEAP_ALLOCATE|[53]|Bytes:5
14:58:53.0 (52652409)|HEAP_ALLOCATE|[EXTERNAL]|Bytes:4
14:58:53.0 (52655393)|HEAP_ALLOCATE|[51]|Bytes:4
14:58:53.0 (52658036)|VARIABLE_ASSIGNMENT|[51]|j|30
14:58:53.0 (52659607)|STATEMENT_EXECUTE|[51]
14:58:53.0 (52660951)|STATEMENT_EXECUTE|[54]
14:58:53.0 (52661941)|STATEMENT_EXECUTE|[55]
14:58:53.0 (52666963)|HEAP_ALLOCATE|[55]|Bytes:2
14:58:53.0 (52673752)|HEAP_ALLOCATE|[55]|Bytes:2
14:58:53.0 (52678327)|HEAP_ALLOCATE|[55]|Bytes:5
14:58:53.0 (52682651)|HEAP_ALLOCATE|[55]|Bytes:2
14:58:53.0 (52689326)|HEAP_ALLOCATE|[55]|Bytes:2
14:58:53.0 (52694174)|HEAP_ALLOCATE|[55]|Bytes:5
14:58:53.0 (52698144)|HEAP_ALLOCATE|[EXTERNAL]|Bytes:4
14:58:53.0 (52701128)|HEAP_ALLOCATE|[51]|Bytes:4
14:58:53.0 (52703656)|VARIABLE_ASSIGNMENT|[51]|j|60
14:58:53.0 (52705386)|HEAP_ALLOCATE|[50]|Bytes:4
14:58:53.0 (52707651)|VARIABLE_ASSIGNMENT|[50]|i|24
14:58:53.0 (52709409)|STATEMENT_EXECUTE|[59]
14:58:53.0 (52896102)|SYSTEM_MODE_ENTER|true
14:58:53.0 (52920076)|HEAP_ALLOCATE|[EXTERNAL]|Bytes:80
14:58:53.0 (52964111)|VARIABLE_ASSIGNMENT|[EXTERNAL]|this|{"delToHub":true,"delToProj":false,"detail":"0x3680fddf","invoked":false,"rejected":false,"reserved":false,"sublocations1":"0xe95cbec","www":"0x33dec5d0","wwwById":"0x30808ef"}|0x196a44ce
14:58:53.0 (52969652)|STATEMENT_EXECUTE|[78]
14:58:53.0 (52972660)|STATEMENT_EXECUTE|[80]
14:58:53.0 (52973908)|STATEMENT_EXECUTE|[81]
14:58:53.0 (52976615)|HEAP_ALLOCATE|[81]|Bytes:4
14:58:53.0 (52985576)|VARIABLE_ASSIGNMENT|[81]|this.selectedTime3|"8:00"|0x196a44ce
14:58:53.0 (52987655)|STATEMENT_EXECUTE|[83]
14:58:53.0 (62245499)|VF_SERIALIZE_VIEWSTATE_BEGIN|06624000003h0Dg
14:58:53.0 (66936737)|VF_SERIALIZE_VIEWSTATE_END
14:58:53.69 (69564158)|CUMULATIVE_LIMIT_USAGE
14:58:53.69 (69564158)|LIMIT_USAGE_FOR_NS|(default)|
  Number of SOQL queries: 3 out of 100
  Number of query rows: 12 out of 50000
  Number of SOSL queries: 0 out of 20
  Number of DML statements: 0 out of 150
  Number of DML rows: 0 out of 10000
  Maximum CPU time: 0 out of 10000
  Maximum heap size: 0 out of 6000000
  Number of callouts: 0 out of 100
  Number of Email Invocations: 0 out of 10
  Number of future calls: 0 out of 50
  Number of queueable jobs added to the queue: 0 out of 50
  Number of Mobile Apex push calls: 0 out of 10

14:58:53.69 (69564158)|CUMULATIVE_LIMIT_USAGE_END

14:58:53.0 (69595887)|CODE_UNIT_FINISHED|VF: /apex/New_delivered_detail
14:58:53.0 (70403542)|EXECUTION_FINISHED
