38.0 APEX_CODE,DEBUG;APEX_PROFILING,INFO;CALLOUT,INFO;DB,INFO;SYSTEM,DEBUG;VALIDATION,INFO;VISUALFORCE,INFO;WAVE,INFO;WORKFLOW,INFO
10:52:57.0 (324961)|USER_INFO|[EXTERNAL]|00524000001e3Uj|bedrijfsbureau@gsa.nl.sandbox|Midden-Europese standaardtijd|GMT+02:00
10:52:57.0 (360260)|EXECUTION_STARTED
10:52:57.0 (364896)|CODE_UNIT_STARTED|[EXTERNAL]|06624000003h0Dq|VF: /apex/ChoseRecordType
10:52:57.0 (2212590)|SYSTEM_MODE_ENTER|true
10:52:57.0 (10732588)|SOQL_EXECUTE_BEGIN|[175]|Aggregations:0|SELECT Id, Name, DeveloperName FROM RecordType WHERE sObjectType = 'WWW_detail__c'
10:52:57.0 (21910655)|SOQL_EXECUTE_END|[175]|Rows:5
10:52:57.23 (23900834)|SYSTEM_MODE_ENTER|true
10:52:57.24 (24051971)|SYSTEM_MODE_ENTER|true
10:52:57.24 (24238918)|SYSTEM_MODE_ENTER|true
10:52:57.39 (39940264)|SYSTEM_MODE_ENTER|true
10:52:57.40 (40128112)|SYSTEM_MODE_ENTER|true
10:52:57.0 (40675752)|SYSTEM_MODE_ENTER|true
10:52:57.0 (48336483)|SYSTEM_MODE_ENTER|false
10:52:57.0 (48344445)|SYSTEM_MODE_EXIT|false
10:52:57.0 (48398303)|SYSTEM_MODE_ENTER|false
10:52:57.0 (48745515)|SOQL_EXECUTE_BEGIN|[23]|Aggregations:0|SELECT Id, Name, DeveloperName FROM RecordType WHERE sObjectType = :tmpVar1
10:52:57.0 (51023480)|SOQL_EXECUTE_END|[23]|Rows:5
10:52:57.0 (51577277)|SYSTEM_MODE_EXIT|false
10:52:57.0 (52103656)|SYSTEM_MODE_ENTER|true
10:52:57.0 (54022769)|VF_SERIALIZE_VIEWSTATE_BEGIN|06624000003h0Dq
10:52:57.0 (56873619)|VF_SERIALIZE_VIEWSTATE_END
10:52:57.59 (59534093)|CUMULATIVE_LIMIT_USAGE
10:52:57.59 (59534093)|LIMIT_USAGE_FOR_NS|(default)|
  Number of SOQL queries: 2 out of 100
  Number of query rows: 10 out of 50000
  Number of SOSL queries: 0 out of 20
  Number of DML statements: 0 out of 150
  Number of DML rows: 0 out of 10000
  Maximum CPU time: 0 out of 10000
  Maximum heap size: 0 out of 6000000
  Number of callouts: 0 out of 100
  Number of Email Invocations: 0 out of 10
  Number of future calls: 0 out of 50
  Number of queueable jobs added to the queue: 0 out of 50
  Number of Mobile Apex push calls: 0 out of 10

10:52:57.59 (59534093)|CUMULATIVE_LIMIT_USAGE_END

10:52:57.0 (59569388)|CODE_UNIT_FINISHED|VF: /apex/ChoseRecordType
10:52:57.0 (60328612)|EXECUTION_FINISHED
