38.0 APEX_CODE,FINEST;APEX_PROFILING,INFO;CALLOUT,INFO;DB,INFO;SYSTEM,DEBUG;VALIDATION,INFO;VISUALFORCE,INFO;WAVE,INFO;WORKFLOW,INFO
13:40:13.0 (305018)|USER_INFO|[EXTERNAL]|00524000001e3Uj|bedrijfsbureau@gsa.nl.sandbox|Midden-Europese standaardtijd|GMT+01:00
13:40:13.0 (328875)|EXECUTION_STARTED
13:40:13.0 (332521)|CODE_UNIT_STARTED|[EXTERNAL]|06624000003h0Dg|VF: /apex/New_delivered_detail
13:40:13.0 (457064)|VF_DESERIALIZE_VIEWSTATE_BEGIN|06624000003h0Dg
13:40:13.0 (5282924)|HEAP_ALLOCATE|[72]|Bytes:3
13:40:13.0 (5317965)|HEAP_ALLOCATE|[77]|Bytes:152
13:40:13.0 (5331623)|HEAP_ALLOCATE|[342]|Bytes:408
13:40:13.0 (5345300)|HEAP_ALLOCATE|[355]|Bytes:408
13:40:13.0 (5357731)|HEAP_ALLOCATE|[467]|Bytes:48
13:40:13.0 (5382219)|HEAP_ALLOCATE|[139]|Bytes:6
13:40:13.0 (5415864)|HEAP_ALLOCATE|[50]|Bytes:5
13:40:13.0 (5434383)|HEAP_ALLOCATE|[56]|Bytes:5
13:40:13.0 (5440180)|HEAP_ALLOCATE|[64]|Bytes:7
13:40:13.0 (9443658)|VF_DESERIALIZE_VIEWSTATE_END
13:40:13.10 (10337707)|SYSTEM_MODE_ENTER|true
13:40:13.10 (10390039)|HEAP_ALLOCATE|[EXTERNAL]|Bytes:38
13:40:13.10 (10396227)|HEAP_ALLOCATE|[EXTERNAL]|Bytes:7
13:40:13.10 (10403178)|SYSTEM_METHOD_ENTRY|[1]|PageMessagesComponentController.PageMessagesComponentController()
13:40:13.10 (10407300)|STATEMENT_EXECUTE|[1]
13:40:13.11 (11089085)|SYSTEM_MODE_ENTER|true
13:40:13.11 (11131101)|HEAP_ALLOCATE|[EXTERNAL]|Bytes:8
13:40:13.11 (11136386)|VARIABLE_SCOPE_BEGIN|[88]|this|ApexPage.PageMessagesComponentController|true|false
13:40:13.11 (11165600)|VARIABLE_ASSIGNMENT|[88]|this|{}|0x3bd8003b
13:40:13.11 (11168200)|VARIABLE_SCOPE_BEGIN|[88]|escape|Boolean|false|false
13:40:13.11 (11172840)|VARIABLE_ASSIGNMENT|[88]|escape|null
13:40:13.0 (11374824)|SYSTEM_MODE_ENTER|true
13:40:13.0 (11535051)|HEAP_ALLOCATE|[EXTERNAL]|Bytes:11
13:40:13.0 (11542698)|HEAP_ALLOCATE|[EXTERNAL]|Bytes:408
13:40:13.0 (11545593)|HEAP_ALLOCATE|[EXTERNAL]|Bytes:120
13:40:13.0 (11547939)|HEAP_ALLOCATE|[EXTERNAL]|Bytes:108
13:40:13.0 (11554233)|METHOD_ENTRY|[1]|01p2400000DUtXT|NewDeliveredExtension.NewDeliveredExtension()
13:40:13.0 (11556793)|STATEMENT_EXECUTE|[1]
13:40:13.0 (11560109)|STATEMENT_EXECUTE|[1]
13:40:13.0 (11561377)|STATEMENT_EXECUTE|[527]
13:40:13.0 (11565214)|METHOD_EXIT|[1]|NewDeliveredExtension
13:40:13.0 (11568594)|HEAP_ALLOCATE|[EXTERNAL]|Bytes:80
13:40:13.0 (11631314)|VARIABLE_ASSIGNMENT|[EXTERNAL]|this|{"delToHub":true,"delToProj":false,"detail":"0x3df16a9","invoked":false,"rejected":false,"reserved":false,"selectedTime3":"8:00","sublocations1":"0x59f95b3a","www":"0x5d0b5622","wwwById":"0x32b94928"}|0x7d9259e2
13:40:13.0 (11637274)|STATEMENT_EXECUTE|[196]
13:40:13.0 (11640528)|STATEMENT_EXECUTE|[197]
13:40:13.0 (11642648)|STATEMENT_EXECUTE|[200]
13:40:13.0 (11700400)|SYSTEM_MODE_ENTER|true
13:40:13.0 (11718752)|HEAP_ALLOCATE|[EXTERNAL]|Bytes:80
13:40:13.0 (11756652)|VARIABLE_ASSIGNMENT|[EXTERNAL]|this|{"delToHub":true,"delToProj":false,"detail":"0x3df16a9","invoked":false,"rejected":false,"reserved":false,"selectedTime3":"8:00","sublocations1":"0x59f95b3a","www":"0x5d0b5622","wwwById":"0x32b94928"}|0x7d9259e2
13:40:13.0 (11761659)|STATEMENT_EXECUTE|[229]
13:40:13.0 (11764091)|STATEMENT_EXECUTE|[230]
13:40:13.0 (11765383)|STATEMENT_EXECUTE|[233]
13:40:13.0 (11845781)|SYSTEM_MODE_ENTER|true
13:40:13.0 (11864227)|HEAP_ALLOCATE|[EXTERNAL]|Bytes:80
13:40:13.0 (11901103)|VARIABLE_ASSIGNMENT|[EXTERNAL]|this|{"delToHub":true,"delToProj":false,"detail":"0x3df16a9","invoked":false,"rejected":false,"reserved":false,"selectedTime3":"8:00","sublocations1":"0x59f95b3a","www":"0x5d0b5622","wwwById":"0x32b94928"}|0x7d9259e2
13:40:13.0 (11906185)|STATEMENT_EXECUTE|[3]
13:40:13.0 (11909026)|STATEMENT_EXECUTE|[4]
13:40:13.0 (11910470)|STATEMENT_EXECUTE|[9]
13:40:13.0 (20031425)|SYSTEM_MODE_ENTER|true
13:40:13.0 (20056350)|HEAP_ALLOCATE|[EXTERNAL]|Bytes:80
13:40:13.0 (20103655)|VARIABLE_ASSIGNMENT|[EXTERNAL]|this|{"delToHub":true,"delToProj":false,"detail":"0x3df16a9","invoked":false,"rejected":false,"reserved":false,"selectedTime3":"8:00","sublocations1":"0x59f95b3a","www":"0x5d0b5622","wwwById":"0x32b94928"}|0x7d9259e2
13:40:13.0 (20110062)|STATEMENT_EXECUTE|[186]
13:40:13.0 (20113091)|STATEMENT_EXECUTE|[187]
13:40:13.0 (20114537)|STATEMENT_EXECUTE|[190]
13:40:13.0 (20556404)|SYSTEM_MODE_ENTER|true
13:40:13.0 (20578533)|HEAP_ALLOCATE|[EXTERNAL]|Bytes:80
13:40:13.0 (20636842)|VARIABLE_ASSIGNMENT|[EXTERNAL]|this|{"delToHub":true,"delToProj":false,"detail":"0x3df16a9","invoked":false,"rejected":false,"reserved":false,"selectedTime3":"8:00","sublocations1":"0x59f95b3a","www":"0x5d0b5622","wwwById":"0x32b94928"}|0x7d9259e2
13:40:13.0 (20643291)|STATEMENT_EXECUTE|[204]
13:40:13.0 (20646211)|STATEMENT_EXECUTE|[205]
13:40:13.0 (20647871)|STATEMENT_EXECUTE|[208]
13:40:13.0 (20699379)|SYSTEM_MODE_ENTER|true
13:40:13.0 (20716850)|HEAP_ALLOCATE|[EXTERNAL]|Bytes:80
13:40:13.0 (20753308)|VARIABLE_ASSIGNMENT|[EXTERNAL]|this|{"delToHub":true,"delToProj":false,"detail":"0x3df16a9","invoked":false,"rejected":false,"reserved":false,"selectedTime3":"8:00","sublocations1":"0x59f95b3a","www":"0x5d0b5622","wwwById":"0x32b94928"}|0x7d9259e2
13:40:13.0 (20758295)|STATEMENT_EXECUTE|[220]
13:40:13.0 (20760638)|STATEMENT_EXECUTE|[221]
13:40:13.0 (20761854)|STATEMENT_EXECUTE|[224]
13:40:13.0 (20804521)|SYSTEM_MODE_ENTER|true
13:40:13.0 (20819519)|HEAP_ALLOCATE|[EXTERNAL]|Bytes:80
13:40:13.0 (20853772)|VARIABLE_ASSIGNMENT|[EXTERNAL]|this|{"delToHub":true,"delToProj":false,"detail":"0x3df16a9","invoked":false,"rejected":false,"reserved":false,"selectedTime3":"8:00","sublocations1":"0x59f95b3a","www":"0x5d0b5622","wwwById":"0x32b94928"}|0x7d9259e2
13:40:13.0 (20857879)|STATEMENT_EXECUTE|[212]
13:40:13.0 (20859907)|STATEMENT_EXECUTE|[213]
13:40:13.0 (20861555)|STATEMENT_EXECUTE|[216]
13:40:13.0 (20927569)|SYSTEM_MODE_ENTER|true
13:40:13.0 (20945093)|HEAP_ALLOCATE|[EXTERNAL]|Bytes:80
13:40:13.0 (20981078)|VARIABLE_ASSIGNMENT|[EXTERNAL]|this|{"delToHub":true,"delToProj":false,"detail":"0x3df16a9","invoked":false,"rejected":false,"reserved":false,"selectedTime3":"8:00","sublocations1":"0x59f95b3a","www":"0x5d0b5622","wwwById":"0x32b94928"}|0x7d9259e2
13:40:13.0 (20985567)|STATEMENT_EXECUTE|[21]
13:40:13.0 (20987871)|STATEMENT_EXECUTE|[22]
13:40:13.0 (20989273)|STATEMENT_EXECUTE|[26]
13:40:13.0 (43189020)|SYSTEM_MODE_ENTER|true
13:40:13.0 (43214641)|HEAP_ALLOCATE|[EXTERNAL]|Bytes:80
13:40:13.0 (43220269)|VARIABLE_SCOPE_BEGIN|[48]|this|NewDeliveredExtension|true|false
13:40:13.0 (43263888)|VARIABLE_ASSIGNMENT|[48]|this|{"delToHub":true,"delToProj":false,"detail":"0x3df16a9","invoked":false,"rejected":false,"reserved":false,"selectedTime3":"8:00","sublocations1":"0x59f95b3a","www":"0x5d0b5622","wwwById":"0x32b94928"}|0x7d9259e2
13:40:13.0 (43271325)|STATEMENT_EXECUTE|[48]
13:40:13.0 (43272839)|STATEMENT_EXECUTE|[49]
13:40:13.0 (43279351)|HEAP_ALLOCATE|[49]|Bytes:4
13:40:13.0 (43302511)|VARIABLE_SCOPE_BEGIN|[49]|options|List<System.SelectOption>|true|false
13:40:13.0 (43324407)|HEAP_ALLOCATE|[EXTERNAL]|Bytes:4
13:40:13.0 (43331766)|VARIABLE_ASSIGNMENT|[49]|options|[]|0x1fe12186
13:40:13.0 (43334506)|STATEMENT_EXECUTE|[50]
13:40:13.0 (43338676)|VARIABLE_SCOPE_BEGIN|[50]|i|Integer|false|false
13:40:13.0 (43342328)|HEAP_ALLOCATE|[50]|Bytes:4
13:40:13.0 (43346751)|VARIABLE_ASSIGNMENT|[50]|i|0
13:40:13.0 (43351101)|STATEMENT_EXECUTE|[50]
13:40:13.0 (43352440)|STATEMENT_EXECUTE|[51]
13:40:13.0 (43354102)|VARIABLE_SCOPE_BEGIN|[51]|j|Integer|false|false
13:40:13.0 (43355844)|HEAP_ALLOCATE|[51]|Bytes:4
13:40:13.0 (43358457)|VARIABLE_ASSIGNMENT|[51]|j|0
13:40:13.0 (43360499)|STATEMENT_EXECUTE|[51]
13:40:13.0 (43362724)|STATEMENT_EXECUTE|[52]
13:40:13.0 (43363740)|STATEMENT_EXECUTE|[53]
13:40:13.0 (43407155)|HEAP_ALLOCATE|[53]|Bytes:1
13:40:13.0 (43416276)|HEAP_ALLOCATE|[53]|Bytes:2
13:40:13.0 (43422734)|HEAP_ALLOCATE|[53]|Bytes:1
13:40:13.0 (43433854)|HEAP_ALLOCATE|[53]|Bytes:4
13:40:13.0 (43439352)|HEAP_ALLOCATE|[53]|Bytes:1
13:40:13.0 (43446351)|HEAP_ALLOCATE|[53]|Bytes:1
13:40:13.0 (43451114)|HEAP_ALLOCATE|[53]|Bytes:4
13:40:13.0 (43477973)|HEAP_ALLOCATE|[EXTERNAL]|Bytes:4
13:40:13.0 (43484014)|HEAP_ALLOCATE|[51]|Bytes:4
13:40:13.0 (43488490)|VARIABLE_ASSIGNMENT|[51]|j|30
13:40:13.0 (43491416)|STATEMENT_EXECUTE|[51]
13:40:13.0 (43493053)|STATEMENT_EXECUTE|[54]
13:40:13.0 (43494095)|STATEMENT_EXECUTE|[55]
13:40:13.0 (43510837)|HEAP_ALLOCATE|[55]|Bytes:1
13:40:13.0 (43516717)|HEAP_ALLOCATE|[55]|Bytes:1
13:40:13.0 (43521830)|HEAP_ALLOCATE|[55]|Bytes:2
13:40:13.0 (43526735)|HEAP_ALLOCATE|[55]|Bytes:4
13:40:13.0 (43531357)|HEAP_ALLOCATE|[55]|Bytes:1
13:40:13.0 (43538234)|HEAP_ALLOCATE|[55]|Bytes:2
13:40:13.0 (43543018)|HEAP_ALLOCATE|[55]|Bytes:4
13:40:13.0 (43554387)|HEAP_ALLOCATE|[EXTERNAL]|Bytes:4
13:40:13.0 (43558596)|HEAP_ALLOCATE|[51]|Bytes:4
13:40:13.0 (43562521)|VARIABLE_ASSIGNMENT|[51]|j|60
13:40:13.0 (43565580)|HEAP_ALLOCATE|[50]|Bytes:4
13:40:13.0 (43568255)|VARIABLE_ASSIGNMENT|[50]|i|1
13:40:13.0 (43570307)|STATEMENT_EXECUTE|[50]
13:40:13.0 (43571745)|STATEMENT_EXECUTE|[51]
13:40:13.0 (43573716)|VARIABLE_SCOPE_BEGIN|[51]|j|Integer|false|false
13:40:13.0 (43575617)|HEAP_ALLOCATE|[51]|Bytes:4
13:40:13.0 (43577954)|VARIABLE_ASSIGNMENT|[51]|j|0
13:40:13.0 (43579504)|STATEMENT_EXECUTE|[51]
13:40:13.0 (43580937)|STATEMENT_EXECUTE|[52]
13:40:13.0 (43581936)|STATEMENT_EXECUTE|[53]
13:40:13.0 (43588867)|HEAP_ALLOCATE|[53]|Bytes:1
13:40:13.0 (43595997)|HEAP_ALLOCATE|[53]|Bytes:1
13:40:13.0 (43600562)|HEAP_ALLOCATE|[53]|Bytes:4
13:40:13.0 (43610140)|HEAP_ALLOCATE|[53]|Bytes:1
13:40:13.0 (43616925)|HEAP_ALLOCATE|[53]|Bytes:1
13:40:13.0 (43621425)|HEAP_ALLOCATE|[53]|Bytes:4
13:40:13.0 (43627417)|HEAP_ALLOCATE|[EXTERNAL]|Bytes:4
13:40:13.0 (43630931)|HEAP_ALLOCATE|[51]|Bytes:4
13:40:13.0 (43633888)|VARIABLE_ASSIGNMENT|[51]|j|30
13:40:13.0 (43635841)|STATEMENT_EXECUTE|[51]
13:40:13.0 (43637523)|STATEMENT_EXECUTE|[54]
13:40:13.0 (43638649)|STATEMENT_EXECUTE|[55]
13:40:13.0 (43644137)|HEAP_ALLOCATE|[55]|Bytes:1
13:40:13.0 (43651157)|HEAP_ALLOCATE|[55]|Bytes:2
13:40:13.0 (43655630)|HEAP_ALLOCATE|[55]|Bytes:4
13:40:13.0 (43660107)|HEAP_ALLOCATE|[55]|Bytes:1
13:40:13.0 (43666695)|HEAP_ALLOCATE|[55]|Bytes:2
13:40:13.0 (43671028)|HEAP_ALLOCATE|[55]|Bytes:4
13:40:13.0 (43675513)|HEAP_ALLOCATE|[EXTERNAL]|Bytes:4
13:40:13.0 (43678471)|HEAP_ALLOCATE|[51]|Bytes:4
13:40:13.0 (43681159)|VARIABLE_ASSIGNMENT|[51]|j|60
13:40:13.0 (43683179)|HEAP_ALLOCATE|[50]|Bytes:4
13:40:13.0 (43685687)|VARIABLE_ASSIGNMENT|[50]|i|2
13:40:13.0 (43688246)|STATEMENT_EXECUTE|[50]
13:40:13.0 (43690066)|STATEMENT_EXECUTE|[51]
13:40:13.0 (43692651)|VARIABLE_SCOPE_BEGIN|[51]|j|Integer|false|false
13:40:13.0 (43694755)|HEAP_ALLOCATE|[51]|Bytes:4
13:40:13.0 (43697134)|VARIABLE_ASSIGNMENT|[51]|j|0
13:40:13.0 (43698677)|STATEMENT_EXECUTE|[51]
13:40:13.0 (43700000)|STATEMENT_EXECUTE|[52]
13:40:13.0 (43701220)|STATEMENT_EXECUTE|[53]
13:40:13.0 (43707244)|HEAP_ALLOCATE|[53]|Bytes:1
13:40:13.0 (43714207)|HEAP_ALLOCATE|[53]|Bytes:1
13:40:13.0 (43718712)|HEAP_ALLOCATE|[53]|Bytes:4
13:40:13.0 (43723104)|HEAP_ALLOCATE|[53]|Bytes:1
13:40:13.0 (43729706)|HEAP_ALLOCATE|[53]|Bytes:1
13:40:13.0 (43733980)|HEAP_ALLOCATE|[53]|Bytes:4
13:40:13.0 (43738887)|HEAP_ALLOCATE|[EXTERNAL]|Bytes:4
13:40:13.0 (43742252)|HEAP_ALLOCATE|[51]|Bytes:4
13:40:13.0 (43744791)|VARIABLE_ASSIGNMENT|[51]|j|30
13:40:13.0 (43746945)|STATEMENT_EXECUTE|[51]
13:40:13.0 (43748365)|STATEMENT_EXECUTE|[54]
13:40:13.0 (43749390)|STATEMENT_EXECUTE|[55]
13:40:13.0 (43757234)|HEAP_ALLOCATE|[55]|Bytes:1
13:40:13.0 (43767148)|HEAP_ALLOCATE|[55]|Bytes:2
13:40:13.0 (43771961)|HEAP_ALLOCATE|[55]|Bytes:4
13:40:13.0 (43776416)|HEAP_ALLOCATE|[55]|Bytes:1
13:40:13.0 (43782969)|HEAP_ALLOCATE|[55]|Bytes:2
13:40:13.0 (43787308)|HEAP_ALLOCATE|[55]|Bytes:4
13:40:13.0 (43792178)|HEAP_ALLOCATE|[EXTERNAL]|Bytes:4
13:40:13.0 (43795392)|HEAP_ALLOCATE|[51]|Bytes:4
13:40:13.0 (43798465)|VARIABLE_ASSIGNMENT|[51]|j|60
13:40:13.0 (43800637)|HEAP_ALLOCATE|[50]|Bytes:4
13:40:13.0 (43802852)|VARIABLE_ASSIGNMENT|[50]|i|3
13:40:13.0 (43804530)|STATEMENT_EXECUTE|[50]
13:40:13.0 (43805795)|STATEMENT_EXECUTE|[51]
13:40:13.0 (43807421)|VARIABLE_SCOPE_BEGIN|[51]|j|Integer|false|false
13:40:13.0 (43808860)|HEAP_ALLOCATE|[51]|Bytes:4
13:40:13.0 (43811097)|VARIABLE_ASSIGNMENT|[51]|j|0
13:40:13.0 (43812558)|STATEMENT_EXECUTE|[51]
13:40:13.0 (43813904)|STATEMENT_EXECUTE|[52]
13:40:13.0 (43814852)|STATEMENT_EXECUTE|[53]
13:40:13.0 (43820168)|HEAP_ALLOCATE|[53]|Bytes:1
13:40:13.0 (43827043)|HEAP_ALLOCATE|[53]|Bytes:1
13:40:13.0 (43831472)|HEAP_ALLOCATE|[53]|Bytes:4
13:40:13.0 (43835932)|HEAP_ALLOCATE|[53]|Bytes:1
13:40:13.0 (43842573)|HEAP_ALLOCATE|[53]|Bytes:1
13:40:13.0 (43846928)|HEAP_ALLOCATE|[53]|Bytes:4
13:40:13.0 (43851007)|HEAP_ALLOCATE|[EXTERNAL]|Bytes:4
13:40:13.0 (43854074)|HEAP_ALLOCATE|[51]|Bytes:4
13:40:13.0 (43856632)|VARIABLE_ASSIGNMENT|[51]|j|30
13:40:13.0 (43858306)|STATEMENT_EXECUTE|[51]
13:40:13.0 (43859836)|STATEMENT_EXECUTE|[54]
13:40:13.0 (43860803)|STATEMENT_EXECUTE|[55]
13:40:13.0 (43865891)|HEAP_ALLOCATE|[55]|Bytes:1
13:40:13.0 (43872737)|HEAP_ALLOCATE|[55]|Bytes:2
13:40:13.0 (43877299)|HEAP_ALLOCATE|[55]|Bytes:4
13:40:13.0 (43881618)|HEAP_ALLOCATE|[55]|Bytes:1
13:40:13.0 (43888214)|HEAP_ALLOCATE|[55]|Bytes:2
13:40:13.0 (43892536)|HEAP_ALLOCATE|[55]|Bytes:4
13:40:13.0 (43896623)|HEAP_ALLOCATE|[EXTERNAL]|Bytes:4
13:40:13.0 (43899453)|HEAP_ALLOCATE|[51]|Bytes:4
13:40:13.0 (43902007)|VARIABLE_ASSIGNMENT|[51]|j|60
13:40:13.0 (43903888)|HEAP_ALLOCATE|[50]|Bytes:4
13:40:13.0 (43906028)|VARIABLE_ASSIGNMENT|[50]|i|4
13:40:13.0 (43907579)|STATEMENT_EXECUTE|[50]
13:40:13.0 (43908715)|STATEMENT_EXECUTE|[51]
13:40:13.0 (43910310)|VARIABLE_SCOPE_BEGIN|[51]|j|Integer|false|false
13:40:13.0 (43911646)|HEAP_ALLOCATE|[51]|Bytes:4
13:40:13.0 (43913855)|VARIABLE_ASSIGNMENT|[51]|j|0
13:40:13.0 (43915291)|STATEMENT_EXECUTE|[51]
13:40:13.0 (43916606)|STATEMENT_EXECUTE|[52]
13:40:13.0 (43917561)|STATEMENT_EXECUTE|[53]
13:40:13.0 (43922886)|HEAP_ALLOCATE|[53]|Bytes:1
13:40:13.0 (43929721)|HEAP_ALLOCATE|[53]|Bytes:1
13:40:13.0 (43934029)|HEAP_ALLOCATE|[53]|Bytes:4
13:40:13.0 (43938362)|HEAP_ALLOCATE|[53]|Bytes:1
13:40:13.0 (43944865)|HEAP_ALLOCATE|[53]|Bytes:1
13:40:13.0 (43949203)|HEAP_ALLOCATE|[53]|Bytes:4
13:40:13.0 (43953172)|HEAP_ALLOCATE|[EXTERNAL]|Bytes:4
13:40:13.0 (43956133)|HEAP_ALLOCATE|[51]|Bytes:4
13:40:13.0 (43958641)|VARIABLE_ASSIGNMENT|[51]|j|30
13:40:13.0 (43960323)|STATEMENT_EXECUTE|[51]
13:40:13.0 (43961672)|STATEMENT_EXECUTE|[54]
13:40:13.0 (43962625)|STATEMENT_EXECUTE|[55]
13:40:13.0 (43967777)|HEAP_ALLOCATE|[55]|Bytes:1
13:40:13.0 (43974655)|HEAP_ALLOCATE|[55]|Bytes:2
13:40:13.0 (43979178)|HEAP_ALLOCATE|[55]|Bytes:4
13:40:13.0 (43983706)|HEAP_ALLOCATE|[55]|Bytes:1
13:40:13.0 (43990356)|HEAP_ALLOCATE|[55]|Bytes:2
13:40:13.0 (43994782)|HEAP_ALLOCATE|[55]|Bytes:4
13:40:13.0 (43998881)|HEAP_ALLOCATE|[EXTERNAL]|Bytes:4
13:40:13.0 (44001767)|HEAP_ALLOCATE|[51]|Bytes:4
13:40:13.0 (44005020)|VARIABLE_ASSIGNMENT|[51]|j|60
13:40:13.0 (44007105)|HEAP_ALLOCATE|[50]|Bytes:4
13:40:13.0 (44009357)|VARIABLE_ASSIGNMENT|[50]|i|5
13:40:13.0 (44010978)|STATEMENT_EXECUTE|[50]
13:40:13.0 (44012119)|STATEMENT_EXECUTE|[51]
13:40:13.0 (44013701)|VARIABLE_SCOPE_BEGIN|[51]|j|Integer|false|false
13:40:13.0 (44014982)|HEAP_ALLOCATE|[51]|Bytes:4
13:40:13.0 (44017274)|VARIABLE_ASSIGNMENT|[51]|j|0
13:40:13.0 (44018735)|STATEMENT_EXECUTE|[51]
13:40:13.0 (44020022)|STATEMENT_EXECUTE|[52]
13:40:13.0 (44020970)|STATEMENT_EXECUTE|[53]
13:40:13.0 (44026337)|HEAP_ALLOCATE|[53]|Bytes:1
13:40:13.0 (44033452)|HEAP_ALLOCATE|[53]|Bytes:1
13:40:13.0 (44037870)|HEAP_ALLOCATE|[53]|Bytes:4
13:40:13.0 (44042227)|HEAP_ALLOCATE|[53]|Bytes:1
13:40:13.0 (44048644)|HEAP_ALLOCATE|[53]|Bytes:1
13:40:13.0 (44053178)|HEAP_ALLOCATE|[53]|Bytes:4
13:40:13.0 (44057148)|HEAP_ALLOCATE|[EXTERNAL]|Bytes:4
13:40:13.0 (44060437)|HEAP_ALLOCATE|[51]|Bytes:4
13:40:13.0 (44063051)|VARIABLE_ASSIGNMENT|[51]|j|30
13:40:13.0 (44064951)|STATEMENT_EXECUTE|[51]
13:40:13.0 (44066495)|STATEMENT_EXECUTE|[54]
13:40:13.0 (44067511)|STATEMENT_EXECUTE|[55]
13:40:13.0 (44072647)|HEAP_ALLOCATE|[55]|Bytes:1
13:40:13.0 (44079387)|HEAP_ALLOCATE|[55]|Bytes:2
13:40:13.0 (44083880)|HEAP_ALLOCATE|[55]|Bytes:4
13:40:13.0 (44088301)|HEAP_ALLOCATE|[55]|Bytes:1
13:40:13.0 (44094742)|HEAP_ALLOCATE|[55]|Bytes:2
13:40:13.0 (44099251)|HEAP_ALLOCATE|[55]|Bytes:4
13:40:13.0 (44103341)|HEAP_ALLOCATE|[EXTERNAL]|Bytes:4
13:40:13.0 (44106266)|HEAP_ALLOCATE|[51]|Bytes:4
13:40:13.0 (44108714)|VARIABLE_ASSIGNMENT|[51]|j|60
13:40:13.0 (44110622)|HEAP_ALLOCATE|[50]|Bytes:4
13:40:13.0 (44112827)|VARIABLE_ASSIGNMENT|[50]|i|6
13:40:13.0 (44114397)|STATEMENT_EXECUTE|[50]
13:40:13.0 (44115493)|STATEMENT_EXECUTE|[51]
13:40:13.0 (44117057)|VARIABLE_SCOPE_BEGIN|[51]|j|Integer|false|false
13:40:13.0 (44118361)|HEAP_ALLOCATE|[51]|Bytes:4
13:40:13.0 (44120622)|VARIABLE_ASSIGNMENT|[51]|j|0
13:40:13.0 (44122084)|STATEMENT_EXECUTE|[51]
13:40:13.0 (44123364)|STATEMENT_EXECUTE|[52]
13:40:13.0 (44124308)|STATEMENT_EXECUTE|[53]
13:40:13.0 (44129409)|HEAP_ALLOCATE|[53]|Bytes:1
13:40:13.0 (44136271)|HEAP_ALLOCATE|[53]|Bytes:1
13:40:13.0 (44140695)|HEAP_ALLOCATE|[53]|Bytes:4
13:40:13.0 (44145041)|HEAP_ALLOCATE|[53]|Bytes:1
13:40:13.0 (44151541)|HEAP_ALLOCATE|[53]|Bytes:1
13:40:13.0 (44155827)|HEAP_ALLOCATE|[53]|Bytes:4
13:40:13.0 (44159801)|HEAP_ALLOCATE|[EXTERNAL]|Bytes:4
13:40:13.0 (44162747)|HEAP_ALLOCATE|[51]|Bytes:4
13:40:13.0 (44165216)|VARIABLE_ASSIGNMENT|[51]|j|30
13:40:13.0 (44166931)|STATEMENT_EXECUTE|[51]
13:40:13.0 (44168277)|STATEMENT_EXECUTE|[54]
13:40:13.0 (44169215)|STATEMENT_EXECUTE|[55]
13:40:13.0 (44174144)|HEAP_ALLOCATE|[55]|Bytes:1
13:40:13.0 (44181112)|HEAP_ALLOCATE|[55]|Bytes:2
13:40:13.0 (44185555)|HEAP_ALLOCATE|[55]|Bytes:4
13:40:13.0 (44189977)|HEAP_ALLOCATE|[55]|Bytes:1
13:40:13.0 (44196714)|HEAP_ALLOCATE|[55]|Bytes:2
13:40:13.0 (44201070)|HEAP_ALLOCATE|[55]|Bytes:4
13:40:13.0 (44205056)|HEAP_ALLOCATE|[EXTERNAL]|Bytes:4
13:40:13.0 (44207924)|HEAP_ALLOCATE|[51]|Bytes:4
13:40:13.0 (44210415)|VARIABLE_ASSIGNMENT|[51]|j|60
13:40:13.0 (44212467)|HEAP_ALLOCATE|[50]|Bytes:4
13:40:13.0 (44214642)|VARIABLE_ASSIGNMENT|[50]|i|7
13:40:13.0 (44216213)|STATEMENT_EXECUTE|[50]
13:40:13.0 (44217315)|STATEMENT_EXECUTE|[51]
13:40:13.0 (44218930)|VARIABLE_SCOPE_BEGIN|[51]|j|Integer|false|false
13:40:13.0 (44220215)|HEAP_ALLOCATE|[51]|Bytes:4
13:40:13.0 (44222544)|VARIABLE_ASSIGNMENT|[51]|j|0
13:40:13.0 (44224042)|STATEMENT_EXECUTE|[51]
13:40:13.0 (44225344)|STATEMENT_EXECUTE|[52]
13:40:13.0 (44226287)|STATEMENT_EXECUTE|[53]
13:40:13.0 (44231283)|HEAP_ALLOCATE|[53]|Bytes:1
13:40:13.0 (44237972)|HEAP_ALLOCATE|[53]|Bytes:1
13:40:13.0 (44242532)|HEAP_ALLOCATE|[53]|Bytes:4
13:40:13.0 (44246948)|HEAP_ALLOCATE|[53]|Bytes:1
13:40:13.0 (44253486)|HEAP_ALLOCATE|[53]|Bytes:1
13:40:13.0 (44257864)|HEAP_ALLOCATE|[53]|Bytes:4
13:40:13.0 (44261926)|HEAP_ALLOCATE|[EXTERNAL]|Bytes:4
13:40:13.0 (44264869)|HEAP_ALLOCATE|[51]|Bytes:4
13:40:13.0 (44267365)|VARIABLE_ASSIGNMENT|[51]|j|30
13:40:13.0 (44269095)|STATEMENT_EXECUTE|[51]
13:40:13.0 (44270414)|STATEMENT_EXECUTE|[54]
13:40:13.0 (44271648)|STATEMENT_EXECUTE|[55]
13:40:13.0 (44276832)|HEAP_ALLOCATE|[55]|Bytes:1
13:40:13.0 (44283635)|HEAP_ALLOCATE|[55]|Bytes:2
13:40:13.0 (44287996)|HEAP_ALLOCATE|[55]|Bytes:4
13:40:13.0 (44292350)|HEAP_ALLOCATE|[55]|Bytes:1
13:40:13.0 (44299093)|HEAP_ALLOCATE|[55]|Bytes:2
13:40:13.0 (44303469)|HEAP_ALLOCATE|[55]|Bytes:4
13:40:13.0 (44307718)|HEAP_ALLOCATE|[EXTERNAL]|Bytes:4
13:40:13.0 (44310892)|HEAP_ALLOCATE|[51]|Bytes:4
13:40:13.0 (44313575)|VARIABLE_ASSIGNMENT|[51]|j|60
13:40:13.0 (44315569)|HEAP_ALLOCATE|[50]|Bytes:4
13:40:13.0 (44317773)|VARIABLE_ASSIGNMENT|[50]|i|8
13:40:13.0 (44319383)|STATEMENT_EXECUTE|[50]
13:40:13.0 (44320503)|STATEMENT_EXECUTE|[51]
13:40:13.0 (44322164)|VARIABLE_SCOPE_BEGIN|[51]|j|Integer|false|false
13:40:13.0 (44323472)|HEAP_ALLOCATE|[51]|Bytes:4
13:40:13.0 (44325704)|VARIABLE_ASSIGNMENT|[51]|j|0
13:40:13.0 (44327165)|STATEMENT_EXECUTE|[51]
13:40:13.0 (44328453)|STATEMENT_EXECUTE|[52]
13:40:13.0 (44329401)|STATEMENT_EXECUTE|[53]
13:40:13.0 (44334625)|HEAP_ALLOCATE|[53]|Bytes:1
13:40:13.0 (44341282)|HEAP_ALLOCATE|[53]|Bytes:1
13:40:13.0 (44345645)|HEAP_ALLOCATE|[53]|Bytes:4
13:40:13.0 (44350057)|HEAP_ALLOCATE|[53]|Bytes:1
13:40:13.0 (44356750)|HEAP_ALLOCATE|[53]|Bytes:1
13:40:13.0 (44361163)|HEAP_ALLOCATE|[53]|Bytes:4
13:40:13.0 (44365195)|HEAP_ALLOCATE|[EXTERNAL]|Bytes:4
13:40:13.0 (44368180)|HEAP_ALLOCATE|[51]|Bytes:4
13:40:13.0 (44370629)|VARIABLE_ASSIGNMENT|[51]|j|30
13:40:13.0 (44372357)|STATEMENT_EXECUTE|[51]
13:40:13.0 (44373692)|STATEMENT_EXECUTE|[54]
13:40:13.0 (44374652)|STATEMENT_EXECUTE|[55]
13:40:13.0 (44379633)|HEAP_ALLOCATE|[55]|Bytes:1
13:40:13.0 (44386432)|HEAP_ALLOCATE|[55]|Bytes:2
13:40:13.0 (44390919)|HEAP_ALLOCATE|[55]|Bytes:4
13:40:13.0 (44395281)|HEAP_ALLOCATE|[55]|Bytes:1
13:40:13.0 (44401901)|HEAP_ALLOCATE|[55]|Bytes:2
13:40:13.0 (44406294)|HEAP_ALLOCATE|[55]|Bytes:4
13:40:13.0 (44410320)|HEAP_ALLOCATE|[EXTERNAL]|Bytes:4
13:40:13.0 (44413210)|HEAP_ALLOCATE|[51]|Bytes:4
13:40:13.0 (44415613)|VARIABLE_ASSIGNMENT|[51]|j|60
13:40:13.0 (44417950)|HEAP_ALLOCATE|[50]|Bytes:4
13:40:13.0 (44420227)|VARIABLE_ASSIGNMENT|[50]|i|9
13:40:13.0 (44421827)|STATEMENT_EXECUTE|[50]
13:40:13.0 (44422965)|STATEMENT_EXECUTE|[51]
13:40:13.0 (44424527)|VARIABLE_SCOPE_BEGIN|[51]|j|Integer|false|false
13:40:13.0 (44425832)|HEAP_ALLOCATE|[51]|Bytes:4
13:40:13.0 (44428086)|VARIABLE_ASSIGNMENT|[51]|j|0
13:40:13.0 (44429559)|STATEMENT_EXECUTE|[51]
13:40:13.0 (44430829)|STATEMENT_EXECUTE|[52]
13:40:13.0 (44431810)|STATEMENT_EXECUTE|[53]
13:40:13.0 (44436789)|HEAP_ALLOCATE|[53]|Bytes:1
13:40:13.0 (44443619)|HEAP_ALLOCATE|[53]|Bytes:1
13:40:13.0 (44448031)|HEAP_ALLOCATE|[53]|Bytes:4
13:40:13.0 (44452379)|HEAP_ALLOCATE|[53]|Bytes:1
13:40:13.0 (44459104)|HEAP_ALLOCATE|[53]|Bytes:1
13:40:13.0 (44463474)|HEAP_ALLOCATE|[53]|Bytes:4
13:40:13.0 (44467478)|HEAP_ALLOCATE|[EXTERNAL]|Bytes:4
13:40:13.0 (44470399)|HEAP_ALLOCATE|[51]|Bytes:4
13:40:13.0 (44472868)|VARIABLE_ASSIGNMENT|[51]|j|30
13:40:13.0 (44474587)|STATEMENT_EXECUTE|[51]
13:40:13.0 (44475931)|STATEMENT_EXECUTE|[54]
13:40:13.0 (44477111)|STATEMENT_EXECUTE|[55]
13:40:13.0 (44482151)|HEAP_ALLOCATE|[55]|Bytes:1
13:40:13.0 (44488980)|HEAP_ALLOCATE|[55]|Bytes:2
13:40:13.0 (44493388)|HEAP_ALLOCATE|[55]|Bytes:4
13:40:13.0 (44497818)|HEAP_ALLOCATE|[55]|Bytes:1
13:40:13.0 (44504416)|HEAP_ALLOCATE|[55]|Bytes:2
13:40:13.0 (44508831)|HEAP_ALLOCATE|[55]|Bytes:4
13:40:13.0 (44513035)|HEAP_ALLOCATE|[EXTERNAL]|Bytes:4
13:40:13.0 (44515850)|HEAP_ALLOCATE|[51]|Bytes:4
13:40:13.0 (44518280)|VARIABLE_ASSIGNMENT|[51]|j|60
13:40:13.0 (44520180)|HEAP_ALLOCATE|[50]|Bytes:4
13:40:13.0 (44522289)|VARIABLE_ASSIGNMENT|[50]|i|10
13:40:13.0 (44523904)|STATEMENT_EXECUTE|[50]
13:40:13.0 (44525011)|STATEMENT_EXECUTE|[51]
13:40:13.0 (44526574)|VARIABLE_SCOPE_BEGIN|[51]|j|Integer|false|false
13:40:13.0 (44527831)|HEAP_ALLOCATE|[51]|Bytes:4
13:40:13.0 (44530076)|VARIABLE_ASSIGNMENT|[51]|j|0
13:40:13.0 (44531566)|STATEMENT_EXECUTE|[51]
13:40:13.0 (44532867)|STATEMENT_EXECUTE|[52]
13:40:13.0 (44533823)|STATEMENT_EXECUTE|[53]
13:40:13.0 (44538846)|HEAP_ALLOCATE|[53]|Bytes:2
13:40:13.0 (44545612)|HEAP_ALLOCATE|[53]|Bytes:1
13:40:13.0 (44550062)|HEAP_ALLOCATE|[53]|Bytes:5
13:40:13.0 (44554455)|HEAP_ALLOCATE|[53]|Bytes:2
13:40:13.0 (44560969)|HEAP_ALLOCATE|[53]|Bytes:1
13:40:13.0 (44565357)|HEAP_ALLOCATE|[53]|Bytes:5
13:40:13.0 (44569342)|HEAP_ALLOCATE|[EXTERNAL]|Bytes:4
13:40:13.0 (44572315)|HEAP_ALLOCATE|[51]|Bytes:4
13:40:13.0 (44574756)|VARIABLE_ASSIGNMENT|[51]|j|30
13:40:13.0 (44576561)|STATEMENT_EXECUTE|[51]
13:40:13.0 (44577909)|STATEMENT_EXECUTE|[54]
13:40:13.0 (44578850)|STATEMENT_EXECUTE|[55]
13:40:13.0 (44583808)|HEAP_ALLOCATE|[55]|Bytes:2
13:40:13.0 (44590607)|HEAP_ALLOCATE|[55]|Bytes:2
13:40:13.0 (44595012)|HEAP_ALLOCATE|[55]|Bytes:5
13:40:13.0 (44599390)|HEAP_ALLOCATE|[55]|Bytes:2
13:40:13.0 (44616668)|HEAP_ALLOCATE|[55]|Bytes:2
13:40:13.0 (44621379)|HEAP_ALLOCATE|[55]|Bytes:5
13:40:13.0 (44625756)|HEAP_ALLOCATE|[EXTERNAL]|Bytes:4
13:40:13.0 (44628882)|HEAP_ALLOCATE|[51]|Bytes:4
13:40:13.0 (44631507)|VARIABLE_ASSIGNMENT|[51]|j|60
13:40:13.0 (44633907)|HEAP_ALLOCATE|[50]|Bytes:4
13:40:13.0 (44636225)|VARIABLE_ASSIGNMENT|[50]|i|11
13:40:13.0 (44637923)|STATEMENT_EXECUTE|[50]
13:40:13.0 (44639093)|STATEMENT_EXECUTE|[51]
13:40:13.0 (44640765)|VARIABLE_SCOPE_BEGIN|[51]|j|Integer|false|false
13:40:13.0 (44642121)|HEAP_ALLOCATE|[51]|Bytes:4
13:40:13.0 (44644320)|VARIABLE_ASSIGNMENT|[51]|j|0
13:40:13.0 (44645786)|STATEMENT_EXECUTE|[51]
13:40:13.0 (44647098)|STATEMENT_EXECUTE|[52]
13:40:13.0 (44648044)|STATEMENT_EXECUTE|[53]
13:40:13.0 (44653234)|HEAP_ALLOCATE|[53]|Bytes:2
13:40:13.0 (44659988)|HEAP_ALLOCATE|[53]|Bytes:1
13:40:13.0 (44664424)|HEAP_ALLOCATE|[53]|Bytes:5
13:40:13.0 (44668910)|HEAP_ALLOCATE|[53]|Bytes:2
13:40:13.0 (44675436)|HEAP_ALLOCATE|[53]|Bytes:1
13:40:13.0 (44679722)|HEAP_ALLOCATE|[53]|Bytes:5
13:40:13.0 (44683684)|HEAP_ALLOCATE|[EXTERNAL]|Bytes:4
13:40:13.0 (44687733)|HEAP_ALLOCATE|[51]|Bytes:4
13:40:13.0 (44691204)|VARIABLE_ASSIGNMENT|[51]|j|30
13:40:13.0 (44693107)|STATEMENT_EXECUTE|[51]
13:40:13.0 (44694508)|STATEMENT_EXECUTE|[54]
13:40:13.0 (44695660)|STATEMENT_EXECUTE|[55]
13:40:13.0 (44701192)|HEAP_ALLOCATE|[55]|Bytes:2
13:40:13.0 (44708128)|HEAP_ALLOCATE|[55]|Bytes:2
13:40:13.0 (44712644)|HEAP_ALLOCATE|[55]|Bytes:5
13:40:13.0 (44717005)|HEAP_ALLOCATE|[55]|Bytes:2
13:40:13.0 (44723690)|HEAP_ALLOCATE|[55]|Bytes:2
13:40:13.0 (44728015)|HEAP_ALLOCATE|[55]|Bytes:5
13:40:13.0 (44732364)|HEAP_ALLOCATE|[EXTERNAL]|Bytes:4
13:40:13.0 (44735389)|HEAP_ALLOCATE|[51]|Bytes:4
13:40:13.0 (44737886)|VARIABLE_ASSIGNMENT|[51]|j|60
13:40:13.0 (44739829)|HEAP_ALLOCATE|[50]|Bytes:4
13:40:13.0 (44742015)|VARIABLE_ASSIGNMENT|[50]|i|12
13:40:13.0 (44743714)|STATEMENT_EXECUTE|[50]
13:40:13.0 (44744891)|STATEMENT_EXECUTE|[51]
13:40:13.0 (44746512)|VARIABLE_SCOPE_BEGIN|[51]|j|Integer|false|false
13:40:13.0 (44747814)|HEAP_ALLOCATE|[51]|Bytes:4
13:40:13.0 (44750047)|VARIABLE_ASSIGNMENT|[51]|j|0
13:40:13.0 (44751565)|STATEMENT_EXECUTE|[51]
13:40:13.0 (44752849)|STATEMENT_EXECUTE|[52]
13:40:13.0 (44753805)|STATEMENT_EXECUTE|[53]
13:40:13.0 (44758850)|HEAP_ALLOCATE|[53]|Bytes:2
13:40:13.0 (44765657)|HEAP_ALLOCATE|[53]|Bytes:1
13:40:13.0 (44770032)|HEAP_ALLOCATE|[53]|Bytes:5
13:40:13.0 (44774368)|HEAP_ALLOCATE|[53]|Bytes:2
13:40:13.0 (44780937)|HEAP_ALLOCATE|[53]|Bytes:1
13:40:13.0 (44785317)|HEAP_ALLOCATE|[53]|Bytes:5
13:40:13.0 (44789327)|HEAP_ALLOCATE|[EXTERNAL]|Bytes:4
13:40:13.0 (44792416)|HEAP_ALLOCATE|[51]|Bytes:4
13:40:13.0 (44794856)|VARIABLE_ASSIGNMENT|[51]|j|30
13:40:13.0 (44796594)|STATEMENT_EXECUTE|[51]
13:40:13.0 (44797912)|STATEMENT_EXECUTE|[54]
13:40:13.0 (44798886)|STATEMENT_EXECUTE|[55]
13:40:13.0 (44803798)|HEAP_ALLOCATE|[55]|Bytes:2
13:40:13.0 (44810653)|HEAP_ALLOCATE|[55]|Bytes:2
13:40:13.0 (44815063)|HEAP_ALLOCATE|[55]|Bytes:5
13:40:13.0 (44819398)|HEAP_ALLOCATE|[55]|Bytes:2
13:40:13.0 (44826093)|HEAP_ALLOCATE|[55]|Bytes:2
13:40:13.0 (44830585)|HEAP_ALLOCATE|[55]|Bytes:5
13:40:13.0 (44834841)|HEAP_ALLOCATE|[EXTERNAL]|Bytes:4
13:40:13.0 (44837887)|HEAP_ALLOCATE|[51]|Bytes:4
13:40:13.0 (44840373)|VARIABLE_ASSIGNMENT|[51]|j|60
13:40:13.0 (44842431)|HEAP_ALLOCATE|[50]|Bytes:4
13:40:13.0 (44844594)|VARIABLE_ASSIGNMENT|[50]|i|13
13:40:13.0 (44846140)|STATEMENT_EXECUTE|[50]
13:40:13.0 (44847252)|STATEMENT_EXECUTE|[51]
13:40:13.0 (44848850)|VARIABLE_SCOPE_BEGIN|[51]|j|Integer|false|false
13:40:13.0 (44850134)|HEAP_ALLOCATE|[51]|Bytes:4
13:40:13.0 (44852355)|VARIABLE_ASSIGNMENT|[51]|j|0
13:40:13.0 (44853824)|STATEMENT_EXECUTE|[51]
13:40:13.0 (44855120)|STATEMENT_EXECUTE|[52]
13:40:13.0 (44856065)|STATEMENT_EXECUTE|[53]
13:40:13.0 (44861109)|HEAP_ALLOCATE|[53]|Bytes:2
13:40:13.0 (44867793)|HEAP_ALLOCATE|[53]|Bytes:1
13:40:13.0 (44872341)|HEAP_ALLOCATE|[53]|Bytes:5
13:40:13.0 (44876750)|HEAP_ALLOCATE|[53]|Bytes:2
13:40:13.0 (44883362)|HEAP_ALLOCATE|[53]|Bytes:1
13:40:13.0 (44887707)|HEAP_ALLOCATE|[53]|Bytes:5
13:40:13.0 (44891705)|HEAP_ALLOCATE|[EXTERNAL]|Bytes:4
13:40:13.0 (44894717)|HEAP_ALLOCATE|[51]|Bytes:4
13:40:13.0 (44897194)|VARIABLE_ASSIGNMENT|[51]|j|30
13:40:13.0 (44898938)|STATEMENT_EXECUTE|[51]
13:40:13.0 (44900260)|STATEMENT_EXECUTE|[54]
13:40:13.0 (44901342)|STATEMENT_EXECUTE|[55]
13:40:13.0 (44906309)|HEAP_ALLOCATE|[55]|Bytes:2
13:40:13.0 (44913132)|HEAP_ALLOCATE|[55]|Bytes:2
13:40:13.0 (44917521)|HEAP_ALLOCATE|[55]|Bytes:5
13:40:13.0 (44921855)|HEAP_ALLOCATE|[55]|Bytes:2
13:40:13.0 (44928389)|HEAP_ALLOCATE|[55]|Bytes:2
13:40:13.0 (44932741)|HEAP_ALLOCATE|[55]|Bytes:5
13:40:13.0 (44936974)|HEAP_ALLOCATE|[EXTERNAL]|Bytes:4
13:40:13.0 (44939949)|HEAP_ALLOCATE|[51]|Bytes:4
13:40:13.0 (44942392)|VARIABLE_ASSIGNMENT|[51]|j|60
13:40:13.0 (44944348)|HEAP_ALLOCATE|[50]|Bytes:4
13:40:13.0 (44946573)|VARIABLE_ASSIGNMENT|[50]|i|14
13:40:13.0 (44948150)|STATEMENT_EXECUTE|[50]
13:40:13.0 (44949427)|STATEMENT_EXECUTE|[51]
13:40:13.0 (44950982)|VARIABLE_SCOPE_BEGIN|[51]|j|Integer|false|false
13:40:13.0 (44952233)|HEAP_ALLOCATE|[51]|Bytes:4
13:40:13.0 (44954473)|VARIABLE_ASSIGNMENT|[51]|j|0
13:40:13.0 (44955946)|STATEMENT_EXECUTE|[51]
13:40:13.0 (44957443)|STATEMENT_EXECUTE|[52]
13:40:13.0 (44958899)|STATEMENT_EXECUTE|[53]
13:40:13.0 (44967608)|HEAP_ALLOCATE|[53]|Bytes:2
13:40:13.0 (44980616)|HEAP_ALLOCATE|[53]|Bytes:1
13:40:13.0 (44988942)|HEAP_ALLOCATE|[53]|Bytes:5
13:40:13.0 (44996184)|HEAP_ALLOCATE|[53]|Bytes:2
13:40:13.0 (45007621)|HEAP_ALLOCATE|[53]|Bytes:1
13:40:13.0 (45016735)|HEAP_ALLOCATE|[53]|Bytes:5
13:40:13.0 (45025964)|HEAP_ALLOCATE|[EXTERNAL]|Bytes:4
13:40:13.0 (45031772)|HEAP_ALLOCATE|[51]|Bytes:4
13:40:13.0 (45037122)|VARIABLE_ASSIGNMENT|[51]|j|30
13:40:13.0 (45040441)|STATEMENT_EXECUTE|[51]
13:40:13.0 (45042868)|STATEMENT_EXECUTE|[54]
13:40:13.0 (45044342)|STATEMENT_EXECUTE|[55]
13:40:13.0 (45055153)|HEAP_ALLOCATE|[55]|Bytes:2
13:40:13.0 (45067357)|HEAP_ALLOCATE|[55]|Bytes:2
13:40:13.0 (45075406)|HEAP_ALLOCATE|[55]|Bytes:5
13:40:13.0 (45083021)|HEAP_ALLOCATE|[55]|Bytes:2
13:40:13.0 (45095041)|HEAP_ALLOCATE|[55]|Bytes:2
13:40:13.0 (45102745)|HEAP_ALLOCATE|[55]|Bytes:5
13:40:13.0 (45108697)|HEAP_ALLOCATE|[EXTERNAL]|Bytes:4
13:40:13.0 (45112760)|HEAP_ALLOCATE|[51]|Bytes:4
13:40:13.0 (45117821)|VARIABLE_ASSIGNMENT|[51]|j|60
13:40:13.0 (45121030)|HEAP_ALLOCATE|[50]|Bytes:4
13:40:13.0 (45124067)|VARIABLE_ASSIGNMENT|[50]|i|15
13:40:13.0 (45125915)|STATEMENT_EXECUTE|[50]
13:40:13.0 (45127377)|STATEMENT_EXECUTE|[51]
13:40:13.0 (45129188)|VARIABLE_SCOPE_BEGIN|[51]|j|Integer|false|false
13:40:13.0 (45130835)|HEAP_ALLOCATE|[51]|Bytes:4
13:40:13.0 (45133098)|VARIABLE_ASSIGNMENT|[51]|j|0
13:40:13.0 (45134593)|STATEMENT_EXECUTE|[51]
13:40:13.0 (45136042)|STATEMENT_EXECUTE|[52]
13:40:13.0 (45136992)|STATEMENT_EXECUTE|[53]
13:40:13.0 (45143542)|HEAP_ALLOCATE|[53]|Bytes:2
13:40:13.0 (45150798)|HEAP_ALLOCATE|[53]|Bytes:1
13:40:13.0 (45155378)|HEAP_ALLOCATE|[53]|Bytes:5
13:40:13.0 (45159789)|HEAP_ALLOCATE|[53]|Bytes:2
13:40:13.0 (45166443)|HEAP_ALLOCATE|[53]|Bytes:1
13:40:13.0 (45170821)|HEAP_ALLOCATE|[53]|Bytes:5
13:40:13.0 (45175426)|HEAP_ALLOCATE|[EXTERNAL]|Bytes:4
13:40:13.0 (45178617)|HEAP_ALLOCATE|[51]|Bytes:4
13:40:13.0 (45181198)|VARIABLE_ASSIGNMENT|[51]|j|30
13:40:13.0 (45183141)|STATEMENT_EXECUTE|[51]
13:40:13.0 (45184536)|STATEMENT_EXECUTE|[54]
13:40:13.0 (45185669)|STATEMENT_EXECUTE|[55]
13:40:13.0 (45190878)|HEAP_ALLOCATE|[55]|Bytes:2
13:40:13.0 (45201023)|HEAP_ALLOCATE|[55]|Bytes:2
13:40:13.0 (45205662)|HEAP_ALLOCATE|[55]|Bytes:5
13:40:13.0 (45210066)|HEAP_ALLOCATE|[55]|Bytes:2
13:40:13.0 (45216605)|HEAP_ALLOCATE|[55]|Bytes:2
13:40:13.0 (45221149)|HEAP_ALLOCATE|[55]|Bytes:5
13:40:13.0 (45225427)|HEAP_ALLOCATE|[EXTERNAL]|Bytes:4
13:40:13.0 (45228402)|HEAP_ALLOCATE|[51]|Bytes:4
13:40:13.0 (45231042)|VARIABLE_ASSIGNMENT|[51]|j|60
13:40:13.0 (45233084)|HEAP_ALLOCATE|[50]|Bytes:4
13:40:13.0 (45235256)|VARIABLE_ASSIGNMENT|[50]|i|16
13:40:13.0 (45237022)|STATEMENT_EXECUTE|[50]
13:40:13.0 (45238207)|STATEMENT_EXECUTE|[51]
13:40:13.0 (45239888)|VARIABLE_SCOPE_BEGIN|[51]|j|Integer|false|false
13:40:13.0 (45241169)|HEAP_ALLOCATE|[51]|Bytes:4
13:40:13.0 (45243418)|VARIABLE_ASSIGNMENT|[51]|j|0
13:40:13.0 (45244872)|STATEMENT_EXECUTE|[51]
13:40:13.0 (45246210)|STATEMENT_EXECUTE|[52]
13:40:13.0 (45247160)|STATEMENT_EXECUTE|[53]
13:40:13.0 (45254561)|HEAP_ALLOCATE|[53]|Bytes:2
13:40:13.0 (45261931)|HEAP_ALLOCATE|[53]|Bytes:1
13:40:13.0 (45266557)|HEAP_ALLOCATE|[53]|Bytes:5
13:40:13.0 (45270968)|HEAP_ALLOCATE|[53]|Bytes:2
13:40:13.0 (45277439)|HEAP_ALLOCATE|[53]|Bytes:1
13:40:13.0 (45281684)|HEAP_ALLOCATE|[53]|Bytes:5
13:40:13.0 (45285819)|HEAP_ALLOCATE|[EXTERNAL]|Bytes:4
13:40:13.0 (45288886)|HEAP_ALLOCATE|[51]|Bytes:4
13:40:13.0 (45291581)|VARIABLE_ASSIGNMENT|[51]|j|30
13:40:13.0 (45293353)|STATEMENT_EXECUTE|[51]
13:40:13.0 (45294703)|STATEMENT_EXECUTE|[54]
13:40:13.0 (45295675)|STATEMENT_EXECUTE|[55]
13:40:13.0 (45300719)|HEAP_ALLOCATE|[55]|Bytes:2
13:40:13.0 (45307667)|HEAP_ALLOCATE|[55]|Bytes:2
13:40:13.0 (45312151)|HEAP_ALLOCATE|[55]|Bytes:5
13:40:13.0 (45316492)|HEAP_ALLOCATE|[55]|Bytes:2
13:40:13.0 (45323069)|HEAP_ALLOCATE|[55]|Bytes:2
13:40:13.0 (45327521)|HEAP_ALLOCATE|[55]|Bytes:5
13:40:13.0 (45331701)|HEAP_ALLOCATE|[EXTERNAL]|Bytes:4
13:40:13.0 (45334841)|HEAP_ALLOCATE|[51]|Bytes:4
13:40:13.0 (45337357)|VARIABLE_ASSIGNMENT|[51]|j|60
13:40:13.0 (45339336)|HEAP_ALLOCATE|[50]|Bytes:4
13:40:13.0 (45341939)|VARIABLE_ASSIGNMENT|[50]|i|17
13:40:13.0 (45343566)|STATEMENT_EXECUTE|[50]
13:40:13.0 (45344731)|STATEMENT_EXECUTE|[51]
13:40:13.0 (45346314)|VARIABLE_SCOPE_BEGIN|[51]|j|Integer|false|false
13:40:13.0 (45347589)|HEAP_ALLOCATE|[51]|Bytes:4
13:40:13.0 (45349861)|VARIABLE_ASSIGNMENT|[51]|j|0
13:40:13.0 (45351348)|STATEMENT_EXECUTE|[51]
13:40:13.0 (45352665)|STATEMENT_EXECUTE|[52]
13:40:13.0 (45353601)|STATEMENT_EXECUTE|[53]
13:40:13.0 (45359142)|HEAP_ALLOCATE|[53]|Bytes:2
13:40:13.0 (45365750)|HEAP_ALLOCATE|[53]|Bytes:1
13:40:13.0 (45370166)|HEAP_ALLOCATE|[53]|Bytes:5
13:40:13.0 (45374481)|HEAP_ALLOCATE|[53]|Bytes:2
13:40:13.0 (45380998)|HEAP_ALLOCATE|[53]|Bytes:1
13:40:13.0 (45385340)|HEAP_ALLOCATE|[53]|Bytes:5
13:40:13.0 (45389416)|HEAP_ALLOCATE|[EXTERNAL]|Bytes:4
13:40:13.0 (45392405)|HEAP_ALLOCATE|[51]|Bytes:4
13:40:13.0 (45394911)|VARIABLE_ASSIGNMENT|[51]|j|30
13:40:13.0 (45396690)|STATEMENT_EXECUTE|[51]
13:40:13.0 (45397995)|STATEMENT_EXECUTE|[54]
13:40:13.0 (45398963)|STATEMENT_EXECUTE|[55]
13:40:13.0 (45404371)|HEAP_ALLOCATE|[55]|Bytes:2
13:40:13.0 (45411230)|HEAP_ALLOCATE|[55]|Bytes:2
13:40:13.0 (45415589)|HEAP_ALLOCATE|[55]|Bytes:5
13:40:13.0 (45420033)|HEAP_ALLOCATE|[55]|Bytes:2
13:40:13.0 (45426629)|HEAP_ALLOCATE|[55]|Bytes:2
13:40:13.0 (45431010)|HEAP_ALLOCATE|[55]|Bytes:5
13:40:13.0 (45435151)|HEAP_ALLOCATE|[EXTERNAL]|Bytes:4
13:40:13.0 (45438081)|HEAP_ALLOCATE|[51]|Bytes:4
13:40:13.0 (45440618)|VARIABLE_ASSIGNMENT|[51]|j|60
13:40:13.0 (45442581)|HEAP_ALLOCATE|[50]|Bytes:4
13:40:13.0 (45444781)|VARIABLE_ASSIGNMENT|[50]|i|18
13:40:13.0 (45446293)|STATEMENT_EXECUTE|[50]
13:40:13.0 (45447515)|STATEMENT_EXECUTE|[51]
13:40:13.0 (45449102)|VARIABLE_SCOPE_BEGIN|[51]|j|Integer|false|false
13:40:13.0 (45450326)|HEAP_ALLOCATE|[51]|Bytes:4
13:40:13.0 (45452575)|VARIABLE_ASSIGNMENT|[51]|j|0
13:40:13.0 (45454040)|STATEMENT_EXECUTE|[51]
13:40:13.0 (45455336)|STATEMENT_EXECUTE|[52]
13:40:13.0 (45456282)|STATEMENT_EXECUTE|[53]
13:40:13.0 (45461464)|HEAP_ALLOCATE|[53]|Bytes:2
13:40:13.0 (45468687)|HEAP_ALLOCATE|[53]|Bytes:1
13:40:13.0 (45473101)|HEAP_ALLOCATE|[53]|Bytes:5
13:40:13.0 (45477455)|HEAP_ALLOCATE|[53]|Bytes:2
13:40:13.0 (45484005)|HEAP_ALLOCATE|[53]|Bytes:1
13:40:13.0 (45488291)|HEAP_ALLOCATE|[53]|Bytes:5
13:40:13.0 (45492280)|HEAP_ALLOCATE|[EXTERNAL]|Bytes:4
13:40:13.0 (45495404)|HEAP_ALLOCATE|[51]|Bytes:4
13:40:13.0 (45497866)|VARIABLE_ASSIGNMENT|[51]|j|30
13:40:13.0 (45499669)|STATEMENT_EXECUTE|[51]
13:40:13.0 (45501010)|STATEMENT_EXECUTE|[54]
13:40:13.0 (45501984)|STATEMENT_EXECUTE|[55]
13:40:13.0 (45507000)|HEAP_ALLOCATE|[55]|Bytes:2
13:40:13.0 (45513819)|HEAP_ALLOCATE|[55]|Bytes:2
13:40:13.0 (45518421)|HEAP_ALLOCATE|[55]|Bytes:5
13:40:13.0 (45522841)|HEAP_ALLOCATE|[55]|Bytes:2
13:40:13.0 (45529406)|HEAP_ALLOCATE|[55]|Bytes:2
13:40:13.0 (45533761)|HEAP_ALLOCATE|[55]|Bytes:5
13:40:13.0 (45537852)|HEAP_ALLOCATE|[EXTERNAL]|Bytes:4
13:40:13.0 (45540757)|HEAP_ALLOCATE|[51]|Bytes:4
13:40:13.0 (45543270)|VARIABLE_ASSIGNMENT|[51]|j|60
13:40:13.0 (45545180)|HEAP_ALLOCATE|[50]|Bytes:4
13:40:13.0 (45547570)|VARIABLE_ASSIGNMENT|[50]|i|19
13:40:13.0 (45549169)|STATEMENT_EXECUTE|[50]
13:40:13.0 (45550309)|STATEMENT_EXECUTE|[51]
13:40:13.0 (45551848)|VARIABLE_SCOPE_BEGIN|[51]|j|Integer|false|false
13:40:13.0 (45553086)|HEAP_ALLOCATE|[51]|Bytes:4
13:40:13.0 (45555333)|VARIABLE_ASSIGNMENT|[51]|j|0
13:40:13.0 (45556799)|STATEMENT_EXECUTE|[51]
13:40:13.0 (45558087)|STATEMENT_EXECUTE|[52]
13:40:13.0 (45559074)|STATEMENT_EXECUTE|[53]
13:40:13.0 (45564043)|HEAP_ALLOCATE|[53]|Bytes:2
13:40:13.0 (45570847)|HEAP_ALLOCATE|[53]|Bytes:1
13:40:13.0 (45575316)|HEAP_ALLOCATE|[53]|Bytes:5
13:40:13.0 (45579645)|HEAP_ALLOCATE|[53]|Bytes:2
13:40:13.0 (45586100)|HEAP_ALLOCATE|[53]|Bytes:1
13:40:13.0 (45590467)|HEAP_ALLOCATE|[53]|Bytes:5
13:40:13.0 (45594436)|HEAP_ALLOCATE|[EXTERNAL]|Bytes:4
13:40:13.0 (45597607)|HEAP_ALLOCATE|[51]|Bytes:4
13:40:13.0 (45600089)|VARIABLE_ASSIGNMENT|[51]|j|30
13:40:13.0 (45606615)|STATEMENT_EXECUTE|[51]
13:40:13.0 (45608212)|STATEMENT_EXECUTE|[54]
13:40:13.0 (45609185)|STATEMENT_EXECUTE|[55]
13:40:13.0 (45614868)|HEAP_ALLOCATE|[55]|Bytes:2
13:40:13.0 (45622069)|HEAP_ALLOCATE|[55]|Bytes:2
13:40:13.0 (45626675)|HEAP_ALLOCATE|[55]|Bytes:5
13:40:13.0 (45631017)|HEAP_ALLOCATE|[55]|Bytes:2
13:40:13.0 (45637558)|HEAP_ALLOCATE|[55]|Bytes:2
13:40:13.0 (45641926)|HEAP_ALLOCATE|[55]|Bytes:5
13:40:13.0 (45646293)|HEAP_ALLOCATE|[EXTERNAL]|Bytes:4
13:40:13.0 (45649314)|HEAP_ALLOCATE|[51]|Bytes:4
13:40:13.0 (45651941)|VARIABLE_ASSIGNMENT|[51]|j|60
13:40:13.0 (45653985)|HEAP_ALLOCATE|[50]|Bytes:4
13:40:13.0 (45656163)|VARIABLE_ASSIGNMENT|[50]|i|20
13:40:13.0 (45657772)|STATEMENT_EXECUTE|[50]
13:40:13.0 (45658954)|STATEMENT_EXECUTE|[51]
13:40:13.0 (45660496)|VARIABLE_SCOPE_BEGIN|[51]|j|Integer|false|false
13:40:13.0 (45661786)|HEAP_ALLOCATE|[51]|Bytes:4
13:40:13.0 (45664024)|VARIABLE_ASSIGNMENT|[51]|j|0
13:40:13.0 (45665533)|STATEMENT_EXECUTE|[51]
13:40:13.0 (45666834)|STATEMENT_EXECUTE|[52]
13:40:13.0 (45667786)|STATEMENT_EXECUTE|[53]
13:40:13.0 (45673080)|HEAP_ALLOCATE|[53]|Bytes:2
13:40:13.0 (45679900)|HEAP_ALLOCATE|[53]|Bytes:1
13:40:13.0 (45684481)|HEAP_ALLOCATE|[53]|Bytes:5
13:40:13.0 (45691106)|HEAP_ALLOCATE|[53]|Bytes:2
13:40:13.0 (45698252)|HEAP_ALLOCATE|[53]|Bytes:1
13:40:13.0 (45702681)|HEAP_ALLOCATE|[53]|Bytes:5
13:40:13.0 (45706940)|HEAP_ALLOCATE|[EXTERNAL]|Bytes:4
13:40:13.0 (45710085)|HEAP_ALLOCATE|[51]|Bytes:4
13:40:13.0 (45712796)|VARIABLE_ASSIGNMENT|[51]|j|30
13:40:13.0 (45714760)|STATEMENT_EXECUTE|[51]
13:40:13.0 (45716141)|STATEMENT_EXECUTE|[54]
13:40:13.0 (45717081)|STATEMENT_EXECUTE|[55]
13:40:13.0 (45722170)|HEAP_ALLOCATE|[55]|Bytes:2
13:40:13.0 (45728914)|HEAP_ALLOCATE|[55]|Bytes:2
13:40:13.0 (45733363)|HEAP_ALLOCATE|[55]|Bytes:5
13:40:13.0 (45737688)|HEAP_ALLOCATE|[55]|Bytes:2
13:40:13.0 (45744314)|HEAP_ALLOCATE|[55]|Bytes:2
13:40:13.0 (45748827)|HEAP_ALLOCATE|[55]|Bytes:5
13:40:13.0 (45752966)|HEAP_ALLOCATE|[EXTERNAL]|Bytes:4
13:40:13.0 (45755889)|HEAP_ALLOCATE|[51]|Bytes:4
13:40:13.0 (45758421)|VARIABLE_ASSIGNMENT|[51]|j|60
13:40:13.0 (45760665)|HEAP_ALLOCATE|[50]|Bytes:4
13:40:13.0 (45763072)|VARIABLE_ASSIGNMENT|[50]|i|21
13:40:13.0 (45764739)|STATEMENT_EXECUTE|[50]
13:40:13.0 (45765910)|STATEMENT_EXECUTE|[51]
13:40:13.0 (45767557)|VARIABLE_SCOPE_BEGIN|[51]|j|Integer|false|false
13:40:13.0 (45768817)|HEAP_ALLOCATE|[51]|Bytes:4
13:40:13.0 (45771093)|VARIABLE_ASSIGNMENT|[51]|j|0
13:40:13.0 (45772600)|STATEMENT_EXECUTE|[51]
13:40:13.0 (45773938)|STATEMENT_EXECUTE|[52]
13:40:13.0 (45774916)|STATEMENT_EXECUTE|[53]
13:40:13.0 (45779978)|HEAP_ALLOCATE|[53]|Bytes:2
13:40:13.0 (45786871)|HEAP_ALLOCATE|[53]|Bytes:1
13:40:13.0 (45791318)|HEAP_ALLOCATE|[53]|Bytes:5
13:40:13.0 (45795669)|HEAP_ALLOCATE|[53]|Bytes:2
13:40:13.0 (45802262)|HEAP_ALLOCATE|[53]|Bytes:1
13:40:13.0 (45806572)|HEAP_ALLOCATE|[53]|Bytes:5
13:40:13.0 (45810650)|HEAP_ALLOCATE|[EXTERNAL]|Bytes:4
13:40:13.0 (45813602)|HEAP_ALLOCATE|[51]|Bytes:4
13:40:13.0 (45816076)|VARIABLE_ASSIGNMENT|[51]|j|30
13:40:13.0 (45817809)|STATEMENT_EXECUTE|[51]
13:40:13.0 (45819176)|STATEMENT_EXECUTE|[54]
13:40:13.0 (45820120)|STATEMENT_EXECUTE|[55]
13:40:13.0 (45825308)|HEAP_ALLOCATE|[55]|Bytes:2
13:40:13.0 (45832216)|HEAP_ALLOCATE|[55]|Bytes:2
13:40:13.0 (45836572)|HEAP_ALLOCATE|[55]|Bytes:5
13:40:13.0 (45840932)|HEAP_ALLOCATE|[55]|Bytes:2
13:40:13.0 (45847443)|HEAP_ALLOCATE|[55]|Bytes:2
13:40:13.0 (45851845)|HEAP_ALLOCATE|[55]|Bytes:5
13:40:13.0 (45855977)|HEAP_ALLOCATE|[EXTERNAL]|Bytes:4
13:40:13.0 (45858858)|HEAP_ALLOCATE|[51]|Bytes:4
13:40:13.0 (45861347)|VARIABLE_ASSIGNMENT|[51]|j|60
13:40:13.0 (45863264)|HEAP_ALLOCATE|[50]|Bytes:4
13:40:13.0 (45865469)|VARIABLE_ASSIGNMENT|[50]|i|22
13:40:13.0 (45867089)|STATEMENT_EXECUTE|[50]
13:40:13.0 (45868187)|STATEMENT_EXECUTE|[51]
13:40:13.0 (45869758)|VARIABLE_SCOPE_BEGIN|[51]|j|Integer|false|false
13:40:13.0 (45871091)|HEAP_ALLOCATE|[51]|Bytes:4
13:40:13.0 (45873293)|VARIABLE_ASSIGNMENT|[51]|j|0
13:40:13.0 (45874818)|STATEMENT_EXECUTE|[51]
13:40:13.0 (45876127)|STATEMENT_EXECUTE|[52]
13:40:13.0 (45877087)|STATEMENT_EXECUTE|[53]
13:40:13.0 (45882167)|HEAP_ALLOCATE|[53]|Bytes:2
13:40:13.0 (45888998)|HEAP_ALLOCATE|[53]|Bytes:1
13:40:13.0 (45893754)|HEAP_ALLOCATE|[53]|Bytes:5
13:40:13.0 (45898040)|HEAP_ALLOCATE|[53]|Bytes:2
13:40:13.0 (45904632)|HEAP_ALLOCATE|[53]|Bytes:1
13:40:13.0 (45908985)|HEAP_ALLOCATE|[53]|Bytes:5
13:40:13.0 (45913020)|HEAP_ALLOCATE|[EXTERNAL]|Bytes:4
13:40:13.0 (45916026)|HEAP_ALLOCATE|[51]|Bytes:4
13:40:13.0 (45918516)|VARIABLE_ASSIGNMENT|[51]|j|30
13:40:13.0 (45920271)|STATEMENT_EXECUTE|[51]
13:40:13.0 (45921605)|STATEMENT_EXECUTE|[54]
13:40:13.0 (45922573)|STATEMENT_EXECUTE|[55]
13:40:13.0 (45927681)|HEAP_ALLOCATE|[55]|Bytes:2
13:40:13.0 (45934511)|HEAP_ALLOCATE|[55]|Bytes:2
13:40:13.0 (45938929)|HEAP_ALLOCATE|[55]|Bytes:5
13:40:13.0 (45943284)|HEAP_ALLOCATE|[55]|Bytes:2
13:40:13.0 (45949941)|HEAP_ALLOCATE|[55]|Bytes:2
13:40:13.0 (45954292)|HEAP_ALLOCATE|[55]|Bytes:5
13:40:13.0 (45958320)|HEAP_ALLOCATE|[EXTERNAL]|Bytes:4
13:40:13.0 (45961198)|HEAP_ALLOCATE|[51]|Bytes:4
13:40:13.0 (45963649)|VARIABLE_ASSIGNMENT|[51]|j|60
13:40:13.0 (45965526)|HEAP_ALLOCATE|[50]|Bytes:4
13:40:13.0 (45967731)|VARIABLE_ASSIGNMENT|[50]|i|23
13:40:13.0 (45969523)|STATEMENT_EXECUTE|[50]
13:40:13.0 (45970842)|STATEMENT_EXECUTE|[51]
13:40:13.0 (45972445)|VARIABLE_SCOPE_BEGIN|[51]|j|Integer|false|false
13:40:13.0 (45973667)|HEAP_ALLOCATE|[51]|Bytes:4
13:40:13.0 (45975914)|VARIABLE_ASSIGNMENT|[51]|j|0
13:40:13.0 (45977434)|STATEMENT_EXECUTE|[51]
13:40:13.0 (45978733)|STATEMENT_EXECUTE|[52]
13:40:13.0 (45979681)|STATEMENT_EXECUTE|[53]
13:40:13.0 (45984740)|HEAP_ALLOCATE|[53]|Bytes:2
13:40:13.0 (45991513)|HEAP_ALLOCATE|[53]|Bytes:1
13:40:13.0 (45995942)|HEAP_ALLOCATE|[53]|Bytes:5
13:40:13.0 (46000491)|HEAP_ALLOCATE|[53]|Bytes:2
13:40:13.0 (46007911)|HEAP_ALLOCATE|[53]|Bytes:1
13:40:13.0 (46012257)|HEAP_ALLOCATE|[53]|Bytes:5
13:40:13.0 (46016379)|HEAP_ALLOCATE|[EXTERNAL]|Bytes:4
13:40:13.0 (46019425)|HEAP_ALLOCATE|[51]|Bytes:4
13:40:13.0 (46021956)|VARIABLE_ASSIGNMENT|[51]|j|30
13:40:13.0 (46023718)|STATEMENT_EXECUTE|[51]
13:40:13.0 (46025195)|STATEMENT_EXECUTE|[54]
13:40:13.0 (46026137)|STATEMENT_EXECUTE|[55]
13:40:13.0 (46031339)|HEAP_ALLOCATE|[55]|Bytes:2
13:40:13.0 (46038307)|HEAP_ALLOCATE|[55]|Bytes:2
13:40:13.0 (46042847)|HEAP_ALLOCATE|[55]|Bytes:5
13:40:13.0 (46047193)|HEAP_ALLOCATE|[55]|Bytes:2
13:40:13.0 (46053750)|HEAP_ALLOCATE|[55]|Bytes:2
13:40:13.0 (46058233)|HEAP_ALLOCATE|[55]|Bytes:5
13:40:13.0 (46062317)|HEAP_ALLOCATE|[EXTERNAL]|Bytes:4
13:40:13.0 (46065199)|HEAP_ALLOCATE|[51]|Bytes:4
13:40:13.0 (46067681)|VARIABLE_ASSIGNMENT|[51]|j|60
13:40:13.0 (46069679)|HEAP_ALLOCATE|[50]|Bytes:4
13:40:13.0 (46071882)|VARIABLE_ASSIGNMENT|[50]|i|24
13:40:13.0 (46073784)|STATEMENT_EXECUTE|[59]
13:40:13.0 (46165547)|SYSTEM_MODE_ENTER|true
13:40:13.0 (46186923)|HEAP_ALLOCATE|[EXTERNAL]|Bytes:80
13:40:13.0 (46230449)|VARIABLE_ASSIGNMENT|[EXTERNAL]|this|{"delToHub":true,"delToProj":false,"detail":"0x3df16a9","invoked":false,"rejected":false,"reserved":false,"selectedTime3":"8:00","sublocations1":"0x59f95b3a","www":"0x5d0b5622","wwwById":"0x32b94928"}|0x7d9259e2
13:40:13.0 (46236092)|STATEMENT_EXECUTE|[78]
13:40:13.0 (46238822)|STATEMENT_EXECUTE|[79]
13:40:13.0 (46240385)|STATEMENT_EXECUTE|[83]
13:40:13.48 (48847342)|SYSTEM_MODE_ENTER|true
13:40:13.48 (48888074)|HEAP_ALLOCATE|[EXTERNAL]|Bytes:8
13:40:13.48 (48893230)|VARIABLE_SCOPE_BEGIN|[88]|this|ApexPage.PageMessagesComponentController|true|false
13:40:13.48 (48908693)|VARIABLE_ASSIGNMENT|[88]|this|{}|0x3bd8003b
13:40:13.48 (48911187)|VARIABLE_SCOPE_BEGIN|[88]|escape|Boolean|false|false
13:40:13.48 (48914483)|VARIABLE_ASSIGNMENT|[88]|escape|null
13:40:13.0 (49217454)|SYSTEM_MODE_ENTER|true
13:40:13.0 (49239526)|HEAP_ALLOCATE|[EXTERNAL]|Bytes:4
13:40:13.0 (49242874)|HEAP_ALLOCATE|[EXTERNAL]|Bytes:80
13:40:13.0 (49251808)|VARIABLE_ASSIGNMENT|[EXTERNAL]|this.selectedTime3|"8:00"|0x7d9259e2
13:40:13.0 (49280006)|SYSTEM_MODE_ENTER|true
13:40:13.0 (49299148)|HEAP_ALLOCATE|[EXTERNAL]|Bytes:80
13:40:13.0 (49341055)|VARIABLE_ASSIGNMENT|[EXTERNAL]|this|{"delToHub":true,"delToProj":false,"detail":"0x3df16a9","invoked":false,"rejected":false,"reserved":false,"selectedTime3":"8:00","sublocations1":"0x59f95b3a","www":"0x5d0b5622","wwwById":"0x32b94928"}|0x7d9259e2
13:40:13.0 (49346999)|STATEMENT_EXECUTE|[3]
13:40:13.0 (49349554)|STATEMENT_EXECUTE|[4]
13:40:13.0 (49350940)|STATEMENT_EXECUTE|[9]
13:40:13.0 (49685057)|SYSTEM_MODE_ENTER|true
13:40:13.0 (49707594)|HEAP_ALLOCATE|[EXTERNAL]|Bytes:80
13:40:13.0 (49748396)|VARIABLE_ASSIGNMENT|[EXTERNAL]|this|{"delToHub":true,"delToProj":false,"detail":"0x3df16a9","invoked":false,"rejected":false,"reserved":false,"selectedTime3":"8:00","sublocations1":"0x59f95b3a","www":"0x5d0b5622","wwwById":"0x32b94928"}|0x7d9259e2
13:40:13.0 (49753622)|STATEMENT_EXECUTE|[204]
13:40:13.0 (49755985)|STATEMENT_EXECUTE|[205]
13:40:13.0 (49757171)|STATEMENT_EXECUTE|[208]
13:40:13.0 (49794115)|SYSTEM_MODE_ENTER|true
13:40:13.0 (49808810)|HEAP_ALLOCATE|[EXTERNAL]|Bytes:80
13:40:13.0 (49843320)|VARIABLE_ASSIGNMENT|[EXTERNAL]|this|{"delToHub":true,"delToProj":false,"detail":"0x3df16a9","invoked":false,"rejected":false,"reserved":false,"selectedTime3":"8:00","sublocations1":"0x59f95b3a","www":"0x5d0b5622","wwwById":"0x32b94928"}|0x7d9259e2
13:40:13.0 (49847964)|STATEMENT_EXECUTE|[220]
13:40:13.0 (49850013)|STATEMENT_EXECUTE|[221]
13:40:13.0 (49851173)|STATEMENT_EXECUTE|[224]
13:40:13.0 (49883410)|SYSTEM_MODE_ENTER|true
13:40:13.0 (49896772)|HEAP_ALLOCATE|[EXTERNAL]|Bytes:80
13:40:13.0 (49929085)|VARIABLE_ASSIGNMENT|[EXTERNAL]|this|{"delToHub":true,"delToProj":false,"detail":"0x3df16a9","invoked":false,"rejected":false,"reserved":false,"selectedTime3":"8:00","sublocations1":"0x59f95b3a","www":"0x5d0b5622","wwwById":"0x32b94928"}|0x7d9259e2
13:40:13.0 (49932812)|STATEMENT_EXECUTE|[212]
13:40:13.0 (49934671)|STATEMENT_EXECUTE|[213]
13:40:13.0 (49935798)|STATEMENT_EXECUTE|[216]
13:40:13.0 (49967798)|SYSTEM_MODE_ENTER|true
13:40:13.0 (49980932)|HEAP_ALLOCATE|[EXTERNAL]|Bytes:80
13:40:13.0 (50013019)|VARIABLE_ASSIGNMENT|[EXTERNAL]|this|{"delToHub":true,"delToProj":false,"detail":"0x3df16a9","invoked":false,"rejected":false,"reserved":false,"selectedTime3":"8:00","sublocations1":"0x59f95b3a","www":"0x5d0b5622","wwwById":"0x32b94928"}|0x7d9259e2
13:40:13.0 (50018172)|STATEMENT_EXECUTE|[21]
13:40:13.0 (50019966)|STATEMENT_EXECUTE|[22]
13:40:13.0 (50021093)|STATEMENT_EXECUTE|[26]
13:40:13.0 (50616560)|HEAP_ALLOCATE|[EXTERNAL]|Bytes:80
13:40:13.0 (50622672)|VARIABLE_SCOPE_BEGIN|[245]|this|NewDeliveredExtension|true|false
13:40:13.0 (50662810)|VARIABLE_ASSIGNMENT|[245]|this|{"delToHub":true,"delToProj":false,"detail":"0x3df16a9","invoked":false,"rejected":false,"reserved":false,"selectedTime3":"8:00","sublocations1":"0x59f95b3a","www":"0x5d0b5622","wwwById":"0x32b94928"}|0x7d9259e2
13:40:13.0 (50669384)|STATEMENT_EXECUTE|[245]
13:40:13.0 (50670896)|STATEMENT_EXECUTE|[246]
13:40:13.0 (50675152)|HEAP_ALLOCATE|[246]|Bytes:4
13:40:13.0 (50758769)|VARIABLE_ASSIGNMENT|[EXTERNAL]|this|{"delToHub":true,"delToProj":false,"detail":"0x3df16a9","invoked":false,"rejected":false,"reserved":false,"selectedTime3":"8:00","sublocations1":"0x59f95b3a","www":"0x5d0b5622","wwwById":"0x32b94928"}|0x7d9259e2
13:40:13.0 (50776077)|HEAP_ALLOCATE|[EXTERNAL]|Bytes:4
13:40:13.0 (50781208)|VARIABLE_ASSIGNMENT|[EXTERNAL]|value|[]|0x739e7c53
13:40:13.0 (50789299)|VARIABLE_ASSIGNMENT|[185]|this.sublocations1|[]|0x7d9259e2
13:40:13.0 (50795329)|STATEMENT_EXECUTE|[247]
13:40:13.0 (50799106)|HEAP_ALLOCATE|[247]|Bytes:4
13:40:13.0 (50812603)|VARIABLE_SCOPE_BEGIN|[247]|options|List<NewDeliveredExtension.SubLocation>|true|false
13:40:13.0 (50819370)|HEAP_ALLOCATE|[EXTERNAL]|Bytes:4
13:40:13.0 (50823019)|VARIABLE_ASSIGNMENT|[247]|options|[]|0x2af0c1e
13:40:13.0 (50824821)|STATEMENT_EXECUTE|[248]
13:40:13.0 (50827861)|HEAP_ALLOCATE|[248]|Bytes:18
13:40:13.0 (50872468)|VARIABLE_ASSIGNMENT|[EXTERNAL]|this|{"delToHub":true,"delToProj":false,"detail":"0x3df16a9","invoked":false,"rejected":false,"reserved":false,"selectedTime3":"8:00","sublocations1":"0x739e7c53","www":"0x5d0b5622","wwwById":"0x32b94928"}|0x7d9259e2
13:40:13.0 (50876633)|STATEMENT_EXECUTE|[3]
13:40:13.0 (50878814)|STATEMENT_EXECUTE|[4]
13:40:13.0 (50879937)|STATEMENT_EXECUTE|[9]
13:40:13.0 (50935103)|HEAP_ALLOCATE|[248]|Bytes:18
13:40:13.0 (50946359)|HEAP_ALLOCATE|[248]|Bytes:36
13:40:13.0 (50965063)|USER_DEBUG|[248]|DEBUG|detail.Location__ca0B0E0000009MiwUAE
13:40:13.0 (51013237)|VARIABLE_ASSIGNMENT|[EXTERNAL]|this|{"delToHub":true,"delToProj":false,"detail":"0x3df16a9","invoked":false,"rejected":false,"reserved":false,"selectedTime3":"8:00","sublocations1":"0x739e7c53","www":"0x5d0b5622","wwwById":"0x32b94928"}|0x7d9259e2
13:40:13.0 (51017573)|STATEMENT_EXECUTE|[3]
13:40:13.0 (51019468)|STATEMENT_EXECUTE|[4]
13:40:13.0 (51020669)|STATEMENT_EXECUTE|[9]
13:40:13.0 (51027894)|STATEMENT_EXECUTE|[250]
13:40:13.0 (51031036)|HEAP_ALLOCATE|[251]|Bytes:68
13:40:13.0 (51037998)|HEAP_ALLOCATE|[251]|Bytes:4
13:40:13.0 (51044744)|HEAP_ALLOCATE|[251]|Bytes:7
13:40:13.0 (51082617)|VARIABLE_ASSIGNMENT|[EXTERNAL]|this|{"delToHub":true,"delToProj":false,"detail":"0x3df16a9","invoked":false,"rejected":false,"reserved":false,"selectedTime3":"8:00","sublocations1":"0x739e7c53","www":"0x5d0b5622","wwwById":"0x32b94928"}|0x7d9259e2
13:40:13.0 (51086245)|STATEMENT_EXECUTE|[3]
13:40:13.0 (51088026)|STATEMENT_EXECUTE|[4]
13:40:13.0 (51089100)|STATEMENT_EXECUTE|[9]
13:40:13.0 (51426615)|SOQL_EXECUTE_BEGIN|[251]|Aggregations:0|SELECT Name, Id FROM Location__c 
13:40:13.0 (54830516)|SOQL_EXECUTE_END|[251]|Rows:1
13:40:13.0 (54846968)|HEAP_ALLOCATE|[EXTERNAL]|Bytes:8
13:40:13.0 (54963608)|HEAP_ALLOCATE|[251]|Bytes:49
13:40:13.0 (54968810)|HEAP_ALLOCATE|[251]|Bytes:8
13:40:13.0 (54975874)|SYSTEM_METHOD_ENTRY|[7]|QueryLocatorIterator.QueryLocatorIterator()
13:40:13.0 (54978366)|STATEMENT_EXECUTE|[7]
13:40:13.0 (54984966)|SYSTEM_METHOD_EXIT|[7]|QueryLocatorIterator
13:40:13.0 (54990280)|HEAP_ALLOCATE|[251]|Bytes:28
13:40:13.0 (55040583)|HEAP_ALLOCATE|[251]|Bytes:8
13:40:13.0 (55053226)|HEAP_ALLOCATE|[251]|Bytes:8
13:40:13.0 (55054774)|HEAP_ALLOCATE|[251]|Bytes:8
13:40:13.0 (55058540)|VARIABLE_SCOPE_BEGIN|[15]|this|Database.QueryLocatorIterator|true|false
13:40:13.0 (55076677)|VARIABLE_ASSIGNMENT|[15]|this|{}|0x12bc3f19
13:40:13.0 (55078975)|VARIABLE_SCOPE_BEGIN|[15]|values|List<SObject>|true|false
13:40:13.0 (55091675)|VARIABLE_ASSIGNMENT|[15]|values|[{"Name":"27I3A","Id":"a0B0E0000009WnWUAU","RecordTypeId":"01224000000B1zdAAC"}]|0x138eacb8
13:40:13.0 (55094214)|VARIABLE_SCOPE_BEGIN|[15]|ql|Database.QueryLocator|true|false
13:40:13.0 (55104900)|VARIABLE_ASSIGNMENT|[15]|ql|{"query":"SELECT Name, Id FROM (48 more) ..."}|0x248c7f86
13:40:13.0 (55106881)|VARIABLE_SCOPE_BEGIN|[15]|totalNumRecords|Integer|false|false
13:40:13.0 (55110070)|VARIABLE_ASSIGNMENT|[15]|totalNumRecords|1
13:40:13.0 (55111780)|VARIABLE_SCOPE_BEGIN|[15]|queryMoreSize|Integer|false|false
13:40:13.0 (55114057)|VARIABLE_ASSIGNMENT|[15]|queryMoreSize|49999
13:40:13.0 (55174779)|HEAP_ALLOCATE|[251]|Bytes:28
13:40:13.0 (55189309)|METHOD_ENTRY|[251]||Database.QueryLocatorIterator.hasNext()
13:40:13.0 (55238674)|METHOD_EXIT|[251]||Database.QueryLocatorIterator.hasNext()
13:40:13.0 (55244866)|METHOD_ENTRY|[251]||Database.QueryLocatorIterator.next()
13:40:13.0 (55313971)|METHOD_EXIT|[251]||Database.QueryLocatorIterator.next()
13:40:13.0 (55320267)|VARIABLE_SCOPE_BEGIN|[251]|loc|Location__c|true|false
13:40:13.0 (55332080)|VARIABLE_ASSIGNMENT|[251]|loc|{"Name":"27I3A","Id":"a0B0E0000009WnWUAU","RecordTypeId":"01224000000B1zdAAC"}|0x169d9d2c
13:40:13.0 (55335022)|STATEMENT_EXECUTE|[251]
13:40:13.0 (55336359)|STATEMENT_EXECUTE|[252]
13:40:13.0 (55389040)|VARIABLE_ASSIGNMENT|[EXTERNAL]|this|{"delToHub":true,"delToProj":false,"detail":"0x3df16a9","invoked":false,"rejected":false,"reserved":false,"selectedTime3":"8:00","sublocations1":"0x739e7c53","www":"0x5d0b5622","wwwById":"0x32b94928"}|0x7d9259e2
13:40:13.0 (55393514)|STATEMENT_EXECUTE|[186]
13:40:13.0 (55395517)|STATEMENT_EXECUTE|[187]
13:40:13.0 (55396673)|STATEMENT_EXECUTE|[190]
13:40:13.0 (55408409)|HEAP_ALLOCATE|[252]|Bytes:112
13:40:13.0 (55411741)|HEAP_ALLOCATE|[252]|Bytes:11
13:40:13.0 (55416691)|HEAP_ALLOCATE|[252]|Bytes:12
13:40:13.0 (55428861)|CONSTRUCTOR_ENTRY|[252]|01p2400000DUtXT|<init>(Boolean,Location__c)
13:40:13.0 (55433426)|VARIABLE_SCOPE_BEGIN|[530]|this|NewDeliveredExtension.SubLocation|true|false
13:40:13.0 (55457505)|VARIABLE_ASSIGNMENT|[530]|this|{}|0x7090082b
13:40:13.0 (55463642)|VARIABLE_SCOPE_BEGIN|[530]|isChecked|Boolean|false|false
13:40:13.0 (55468905)|VARIABLE_ASSIGNMENT|[530]|isChecked|false
13:40:13.0 (55471713)|VARIABLE_SCOPE_BEGIN|[530]|sub|Location__c|true|false
13:40:13.0 (55480556)|VARIABLE_ASSIGNMENT|[530]|sub|{"Name":"27I3A","Id":"a0B0E0000009WnWUAU","RecordTypeId":"01224000000B1zdAAC"}|0x169d9d2c
13:40:13.0 (55484610)|STATEMENT_EXECUTE|[527]
13:40:13.0 (55485977)|STATEMENT_EXECUTE|[528]
13:40:13.0 (55487209)|STATEMENT_EXECUTE|[529]
13:40:13.0 (55497616)|STATEMENT_EXECUTE|[530]
13:40:13.0 (55498871)|STATEMENT_EXECUTE|[531]
13:40:13.0 (55523468)|VARIABLE_ASSIGNMENT|[EXTERNAL]|this|{}|0x7090082b
13:40:13.0 (55528374)|VARIABLE_ASSIGNMENT|[EXTERNAL]|value|false
13:40:13.0 (55532413)|HEAP_ALLOCATE|[528]|Bytes:5
13:40:13.0 (55536901)|VARIABLE_ASSIGNMENT|[528]|this.isChecked|false|0x7090082b
13:40:13.0 (55541643)|STATEMENT_EXECUTE|[532]
13:40:13.0 (55559430)|VARIABLE_ASSIGNMENT|[EXTERNAL]|this|{"isChecked":false}|0x7090082b
13:40:13.0 (55566228)|VARIABLE_ASSIGNMENT|[EXTERNAL]|value|{"Name":"27I3A","Id":"a0B0E0000009WnWUAU","RecordTypeId":"01224000000B1zdAAC"}|0x169d9d2c
13:40:13.0 (55572319)|VARIABLE_ASSIGNMENT|[529]|this.sub|{"Name":"27I3A","Id":"a0B0E0000009WnWUAU","RecordTypeId":"01224000000B1zdAAC"}|0x7090082b
13:40:13.0 (55580750)|CONSTRUCTOR_EXIT|[252]|01p2400000DUtXT|<init>(Boolean,Location__c)
13:40:13.0 (55589516)|HEAP_ALLOCATE|[EXTERNAL]|Bytes:4
13:40:13.0 (55596073)|METHOD_ENTRY|[251]||Database.QueryLocatorIterator.hasNext()
13:40:13.0 (55612436)|METHOD_EXIT|[251]||Database.QueryLocatorIterator.hasNext()
13:40:13.0 (55618442)|VARIABLE_ASSIGNMENT|[251]|loc|null|
13:40:13.67 (67252564)|SYSTEM_MODE_ENTER|true
13:40:13.67 (67309704)|HEAP_ALLOCATE|[EXTERNAL]|Bytes:8
13:40:13.67 (67316953)|VARIABLE_SCOPE_BEGIN|[88]|this|ApexPage.PageMessagesComponentController|true|false
13:40:13.67 (67338511)|VARIABLE_ASSIGNMENT|[88]|this|{}|0x3bd8003b
13:40:13.67 (67342034)|VARIABLE_SCOPE_BEGIN|[88]|escape|Boolean|false|false
13:40:13.67 (67346317)|VARIABLE_ASSIGNMENT|[88]|escape|null
13:40:13.67 (67454696)|SYSTEM_MODE_ENTER|true
13:40:13.67 (67501752)|HEAP_ALLOCATE|[EXTERNAL]|Bytes:8
13:40:13.67 (67507870)|VARIABLE_SCOPE_BEGIN|[2]|this|ApexPage.PageMessagesComponentController|true|false
13:40:13.67 (67527128)|VARIABLE_ASSIGNMENT|[2]|this|{}|0x3bd8003b
13:40:13.0 (67870188)|SYSTEM_MODE_ENTER|true
13:40:13.0 (67897253)|HEAP_ALLOCATE|[EXTERNAL]|Bytes:80
13:40:13.0 (67961772)|VARIABLE_ASSIGNMENT|[EXTERNAL]|this|{"delToHub":true,"delToProj":false,"detail":"0x3df16a9","invoked":false,"rejected":false,"reserved":false,"selectedTime3":"8:00","sublocations1":"0x739e7c53","www":"0x5d0b5622","wwwById":"0x32b94928"}|0x7d9259e2
13:40:13.0 (67970758)|STATEMENT_EXECUTE|[196]
13:40:13.0 (67974703)|STATEMENT_EXECUTE|[197]
13:40:13.0 (67976959)|STATEMENT_EXECUTE|[200]
13:40:13.0 (68039148)|SYSTEM_MODE_ENTER|true
13:40:13.0 (68074600)|HEAP_ALLOCATE|[EXTERNAL]|Bytes:80
13:40:13.0 (68114849)|VARIABLE_ASSIGNMENT|[EXTERNAL]|this|{"delToHub":true,"delToProj":false,"detail":"0x3df16a9","invoked":false,"rejected":false,"reserved":false,"selectedTime3":"8:00","sublocations1":"0x739e7c53","www":"0x5d0b5622","wwwById":"0x32b94928"}|0x7d9259e2
13:40:13.0 (68120352)|STATEMENT_EXECUTE|[229]
13:40:13.0 (68122519)|STATEMENT_EXECUTE|[230]
13:40:13.0 (68123838)|STATEMENT_EXECUTE|[233]
13:40:13.0 (68181092)|SYSTEM_MODE_ENTER|true
13:40:13.0 (68198119)|HEAP_ALLOCATE|[EXTERNAL]|Bytes:80
13:40:13.0 (68248781)|VARIABLE_ASSIGNMENT|[EXTERNAL]|this|{"delToHub":true,"delToProj":false,"detail":"0x3df16a9","invoked":false,"rejected":false,"reserved":false,"selectedTime3":"8:00","sublocations1":"0x739e7c53","www":"0x5d0b5622","wwwById":"0x32b94928"}|0x7d9259e2
13:40:13.0 (68253966)|STATEMENT_EXECUTE|[3]
13:40:13.0 (68256071)|STATEMENT_EXECUTE|[4]
13:40:13.0 (68257319)|STATEMENT_EXECUTE|[9]
13:40:13.0 (73546479)|SYSTEM_MODE_ENTER|true
13:40:13.0 (73571468)|HEAP_ALLOCATE|[EXTERNAL]|Bytes:80
13:40:13.0 (73622837)|VARIABLE_ASSIGNMENT|[EXTERNAL]|this|{"delToHub":true,"delToProj":false,"detail":"0x3df16a9","invoked":false,"rejected":false,"reserved":false,"selectedTime3":"8:00","sublocations1":"0x739e7c53","www":"0x5d0b5622","wwwById":"0x32b94928"}|0x7d9259e2
13:40:13.0 (73628987)|STATEMENT_EXECUTE|[186]
13:40:13.0 (73631471)|STATEMENT_EXECUTE|[187]
13:40:13.0 (73632902)|STATEMENT_EXECUTE|[190]
13:40:13.0 (74094374)|SYSTEM_MODE_ENTER|true
13:40:13.0 (74117616)|HEAP_ALLOCATE|[EXTERNAL]|Bytes:80
13:40:13.0 (74161732)|VARIABLE_ASSIGNMENT|[EXTERNAL]|this|{"delToHub":true,"delToProj":false,"detail":"0x3df16a9","invoked":false,"rejected":false,"reserved":false,"selectedTime3":"8:00","sublocations1":"0x739e7c53","www":"0x5d0b5622","wwwById":"0x32b94928"}|0x7d9259e2
13:40:13.0 (74167634)|STATEMENT_EXECUTE|[204]
13:40:13.0 (74170156)|STATEMENT_EXECUTE|[205]
13:40:13.0 (74171490)|STATEMENT_EXECUTE|[208]
13:40:13.0 (74226924)|SYSTEM_MODE_ENTER|true
13:40:13.0 (74250809)|HEAP_ALLOCATE|[EXTERNAL]|Bytes:80
13:40:13.0 (74304912)|VARIABLE_ASSIGNMENT|[EXTERNAL]|this|{"delToHub":true,"delToProj":false,"detail":"0x3df16a9","invoked":false,"rejected":false,"reserved":false,"selectedTime3":"8:00","sublocations1":"0x739e7c53","www":"0x5d0b5622","wwwById":"0x32b94928"}|0x7d9259e2
13:40:13.0 (74311877)|STATEMENT_EXECUTE|[220]
13:40:13.0 (74314648)|STATEMENT_EXECUTE|[221]
13:40:13.0 (74316461)|STATEMENT_EXECUTE|[224]
13:40:13.0 (74366761)|SYSTEM_MODE_ENTER|true
13:40:13.0 (74387082)|HEAP_ALLOCATE|[EXTERNAL]|Bytes:80
13:40:13.0 (74436328)|VARIABLE_ASSIGNMENT|[EXTERNAL]|this|{"delToHub":true,"delToProj":false,"detail":"0x3df16a9","invoked":false,"rejected":false,"reserved":false,"selectedTime3":"8:00","sublocations1":"0x739e7c53","www":"0x5d0b5622","wwwById":"0x32b94928"}|0x7d9259e2
13:40:13.0 (74442854)|STATEMENT_EXECUTE|[212]
13:40:13.0 (74445678)|STATEMENT_EXECUTE|[213]
13:40:13.0 (74447609)|STATEMENT_EXECUTE|[216]
13:40:13.0 (74522040)|SYSTEM_MODE_ENTER|true
13:40:13.0 (74542917)|HEAP_ALLOCATE|[EXTERNAL]|Bytes:80
13:40:13.0 (74591745)|VARIABLE_ASSIGNMENT|[EXTERNAL]|this|{"delToHub":true,"delToProj":false,"detail":"0x3df16a9","invoked":false,"rejected":false,"reserved":false,"selectedTime3":"8:00","sublocations1":"0x739e7c53","www":"0x5d0b5622","wwwById":"0x32b94928"}|0x7d9259e2
13:40:13.0 (74597672)|STATEMENT_EXECUTE|[21]
13:40:13.0 (74600695)|STATEMENT_EXECUTE|[22]
13:40:13.0 (74607718)|STATEMENT_EXECUTE|[26]
13:40:13.0 (79682381)|VF_SERIALIZE_VIEWSTATE_BEGIN|06624000003h0Dg
13:40:13.0 (83796483)|VF_SERIALIZE_VIEWSTATE_END
13:40:13.86 (86355980)|CUMULATIVE_LIMIT_USAGE
13:40:13.86 (86355980)|LIMIT_USAGE_FOR_NS|(default)|
  Number of SOQL queries: 1 out of 100
  Number of query rows: 1 out of 50000
  Number of SOSL queries: 0 out of 20
  Number of DML statements: 0 out of 150
  Number of DML rows: 0 out of 10000
  Maximum CPU time: 0 out of 10000
  Maximum heap size: 0 out of 6000000
  Number of callouts: 0 out of 100
  Number of Email Invocations: 0 out of 10
  Number of future calls: 0 out of 50
  Number of queueable jobs added to the queue: 0 out of 50
  Number of Mobile Apex push calls: 0 out of 10

13:40:13.86 (86355980)|CUMULATIVE_LIMIT_USAGE_END

13:40:13.0 (86387563)|CODE_UNIT_FINISHED|VF: /apex/New_delivered_detail
13:40:13.0 (87140822)|EXECUTION_FINISHED
