38.0 APEX_CODE,FINEST;APEX_PROFILING,INFO;CALLOUT,INFO;DB,INFO;SYSTEM,DEBUG;VALIDATION,INFO;VISUALFORCE,INFO;WAVE,INFO;WORKFLOW,INFO
12:26:08.0 (54686)|USER_INFO|[EXTERNAL]|00524000001e3Uj|bedrijfsbureau@gsa.nl.sandbox|Midden-Europese standaardtijd|GMT+01:00
12:26:08.0 (84242)|EXECUTION_STARTED
12:26:08.0 (87820)|CODE_UNIT_STARTED|[EXTERNAL]|06624000003h0Dq|VF: /apex/ChoseRecordType
12:26:08.0 (4258279)|SYSTEM_MODE_ENTER|true
12:26:08.0 (4545922)|HEAP_ALLOCATE|[72]|Bytes:3
12:26:08.0 (4586322)|HEAP_ALLOCATE|[77]|Bytes:152
12:26:08.0 (4601894)|HEAP_ALLOCATE|[342]|Bytes:408
12:26:08.0 (4616957)|HEAP_ALLOCATE|[355]|Bytes:408
12:26:08.0 (4630086)|HEAP_ALLOCATE|[467]|Bytes:48
12:26:08.0 (4657176)|HEAP_ALLOCATE|[139]|Bytes:6
12:26:08.0 (4721036)|HEAP_ALLOCATE|[EXTERNAL]|Bytes:11
12:26:08.0 (4725583)|HEAP_ALLOCATE|[EXTERNAL]|Bytes:408
12:26:08.0 (4728025)|HEAP_ALLOCATE|[EXTERNAL]|Bytes:120
12:26:08.0 (4730732)|HEAP_ALLOCATE|[EXTERNAL]|Bytes:108
12:26:08.0 (4737217)|METHOD_ENTRY|[1]|01p2400000DUtXT|NewDeliveredExtension.NewDeliveredExtension()
12:26:08.0 (4741316)|STATEMENT_EXECUTE|[1]
12:26:08.0 (4746661)|STATEMENT_EXECUTE|[1]
12:26:08.0 (4747861)|STATEMENT_EXECUTE|[527]
12:26:08.0 (4752987)|METHOD_EXIT|[1]|NewDeliveredExtension
12:26:08.0 (4759826)|HEAP_ALLOCATE|[EXTERNAL]|Bytes:80
12:26:08.0 (4774567)|VARIABLE_SCOPE_BEGIN|[163]|this|NewDeliveredExtension|true|false
12:26:08.0 (4838712)|VARIABLE_ASSIGNMENT|[163]|this|{}|0x58839f90
12:26:08.0 (4842190)|VARIABLE_SCOPE_BEGIN|[163]|controller|ApexPages.StandardController|true|false
12:26:08.0 (4981157)|VARIABLE_ASSIGNMENT|[163]|controller|"StandardController [null]"|0x5f296840
12:26:08.0 (4990166)|STATEMENT_EXECUTE|[1]
12:26:08.0 (4991906)|STATEMENT_EXECUTE|[2]
12:26:08.0 (4993708)|STATEMENT_EXECUTE|[20]
12:26:08.0 (4995048)|STATEMENT_EXECUTE|[61]
12:26:08.0 (4996147)|STATEMENT_EXECUTE|[69]
12:26:08.0 (4997395)|STATEMENT_EXECUTE|[77]
12:26:08.0 (4998482)|STATEMENT_EXECUTE|[85]
12:26:08.0 (4999581)|STATEMENT_EXECUTE|[93]
12:26:08.0 (5000673)|STATEMENT_EXECUTE|[101]
12:26:08.0 (5002583)|STATEMENT_EXECUTE|[123]
12:26:08.0 (5102330)|HEAP_ALLOCATE|[123]|Bytes:4
12:26:08.0 (5108241)|HEAP_ALLOCATE|[123]|Bytes:258
12:26:08.0 (5112584)|HEAP_ALLOCATE|[123]|Bytes:4
12:26:08.0 (5152532)|HEAP_ALLOCATE|[50]|Bytes:5
12:26:08.0 (5173635)|HEAP_ALLOCATE|[56]|Bytes:5
12:26:08.0 (5178932)|HEAP_ALLOCATE|[64]|Bytes:7
12:26:08.0 (5707203)|SOQL_EXECUTE_BEGIN|[123]|Aggregations:0|SELECT Id, Project__c, Item__c, Actueel_aantal_palletplaatsenworkflow__c, Ticket_Number_ILIPS__c, Filecardnumber__c, Projectmember__c, Hub_Building_Site__c, Actueel_aantal_palletplaatsen__c, Supplier__c, Name FROM WWW__c ORDER BY CreatedDate DESC NULLS FIRST
12:26:08.0 (10450552)|SOQL_EXECUTE_END|[123]|Rows:4
12:26:08.0 (10467032)|HEAP_ALLOCATE|[123]|Bytes:20
12:26:08.0 (10500861)|HEAP_ALLOCATE|[123]|Bytes:884
12:26:08.0 (10569559)|HEAP_ALLOCATE|[123]|Bytes:20
12:26:08.0 (10631020)|HEAP_ALLOCATE|[123]|Bytes:28
12:26:08.0 (10640656)|HEAP_ALLOCATE|[123]|Bytes:4
12:26:08.0 (10650050)|HEAP_ALLOCATE|[123]|Bytes:28
12:26:08.0 (10653594)|HEAP_ALLOCATE|[123]|Bytes:4
12:26:08.0 (10658454)|HEAP_ALLOCATE|[123]|Bytes:28
12:26:08.0 (10661478)|HEAP_ALLOCATE|[123]|Bytes:4
12:26:08.0 (10665933)|HEAP_ALLOCATE|[123]|Bytes:28
12:26:08.0 (10668964)|HEAP_ALLOCATE|[123]|Bytes:4
12:26:08.0 (10725252)|VARIABLE_ASSIGNMENT|[123]|this.wwwById|{"a0t0E0000004UTUQA2":{"Id":"a0t0E0000004UTUQA2","Project__c":"a0q0E0000008S3WQAU","Item__c":"a0A0E0000001PiqUAE","Hub_Building_Site__c":"a020E000000zFeUQAU","Actueel_aantal_palle (12 more) ...":0,"Name":"WWW-13532"},"a0t0E0000004NFcQAM":{"Id":"a0t0E0000004NFcQAM","Project__c":"a0q0E0000008S3bQAE","Item__c":"a0A0E0000001Pj0UAE","Hub_Building_Site__c":"a020E000000zEM2QAM","Actueel_aantal_palle (12 more) ...":0,"Name":"WWW-13490"},"a0t0E0000004NFXQA2":{"Id":"a0t0E0000004NFXQA2","Project__c":"a0q0E0000008S3WQAU","Item__c":"a0A0E0000001PiqUAE","Hub_Building_Site__c":"a020E000000zEM2QAM","Actueel_aantal_palle (12 more) ...":0,"Name":"WWW-13489"},"a0t0E0000004NFNQA2":{"Id":"a0t0E0000004NFNQA2","Project__c":"a0q0E0000008S3WQAU","Item__c":"a0A0E0000001PilUAE","Hub_Building_Site__c":"a020E000000zEM2QAM","Actueel_aantal_palle (12 more) ...":0,"Name":"WWW-13487"}}|0x58839f90
12:26:08.0 (10737204)|STATEMENT_EXECUTE|[155]
12:26:08.0 (10739398)|STATEMENT_EXECUTE|[156]
12:26:08.0 (10740611)|STATEMENT_EXECUTE|[184]
12:26:08.0 (10741760)|STATEMENT_EXECUTE|[185]
12:26:08.0 (10742851)|STATEMENT_EXECUTE|[195]
12:26:08.0 (10744052)|STATEMENT_EXECUTE|[203]
12:26:08.0 (10745157)|STATEMENT_EXECUTE|[211]
12:26:08.0 (10746253)|STATEMENT_EXECUTE|[219]
12:26:08.0 (10747341)|STATEMENT_EXECUTE|[228]
12:26:08.0 (10748499)|STATEMENT_EXECUTE|[236]
12:26:08.0 (10756191)|HEAP_ALLOCATE|[123]|Bytes:6
12:26:08.0 (10778827)|STATEMENT_EXECUTE|[163]
12:26:08.0 (10780602)|STATEMENT_EXECUTE|[164]
12:26:08.0 (10822192)|HEAP_ALLOCATE|[164]|Bytes:140
12:26:08.0 (10869230)|HEAP_ALLOCATE|[164]|Bytes:115
12:26:08.0 (10882438)|HEAP_ALLOCATE|[164]|Bytes:10
12:26:08.0 (10953505)|VARIABLE_ASSIGNMENT|[EXTERNAL]|this|{"wwwById":"0x27f0a6f3"}|0x58839f90
12:26:08.0 (10958745)|STATEMENT_EXECUTE|[3]
12:26:08.0 (10963338)|STATEMENT_EXECUTE|[4]
12:26:08.0 (10964519)|STATEMENT_EXECUTE|[5]
12:26:08.0 (10995867)|HEAP_ALLOCATE|[5]|Bytes:4
12:26:08.0 (11087371)|VARIABLE_ASSIGNMENT|[5]|this.detail|{}|0x58839f90
12:26:08.0 (11091466)|STATEMENT_EXECUTE|[6]
12:26:08.0 (11142352)|VARIABLE_ASSIGNMENT|[EXTERNAL]|this|{"detail":"0x680db557","wwwById":"0x27f0a6f3"}|0x58839f90
12:26:08.0 (11146753)|STATEMENT_EXECUTE|[21]
12:26:08.0 (11149532)|STATEMENT_EXECUTE|[22]
12:26:08.0 (11150791)|STATEMENT_EXECUTE|[23]
12:26:08.0 (11161816)|HEAP_ALLOCATE|[23]|Bytes:4
12:26:08.0 (11207622)|VARIABLE_ASSIGNMENT|[23]|this.www|{}|0x58839f90
12:26:08.0 (11212719)|STATEMENT_EXECUTE|[26]
12:26:08.0 (11581726)|VARIABLE_ASSIGNMENT|[6]|this.WWW__c|null|0x680db557
12:26:08.0 (11587183)|STATEMENT_EXECUTE|[7]
12:26:08.0 (11664686)|VARIABLE_ASSIGNMENT|[EXTERNAL]|this|{"detail":"0x680db557","www":"0x78135079","wwwById":"0x27f0a6f3"}|0x58839f90
12:26:08.0 (11750448)|VARIABLE_ASSIGNMENT|[7]|this.Project__c|null|0x680db557
12:26:08.0 (11756881)|STATEMENT_EXECUTE|[9]
12:26:08.0 (11864482)|VARIABLE_ASSIGNMENT|[164]|this.RecordTypeId|null|0x680db557
12:26:08.0 (11869496)|STATEMENT_EXECUTE|[165]
12:26:08.0 (11930900)|VARIABLE_ASSIGNMENT|[EXTERNAL]|this|{"detail":"0x680db557","www":"0x78135079","wwwById":"0x27f0a6f3"}|0x58839f90
12:26:08.0 (11935601)|STATEMENT_EXECUTE|[3]
12:26:08.0 (11938115)|STATEMENT_EXECUTE|[4]
12:26:08.0 (11939288)|STATEMENT_EXECUTE|[9]
12:26:08.0 (11969238)|USER_DEBUG|[165]|DEBUG|null
12:26:08.0 (11974301)|STATEMENT_EXECUTE|[166]
12:26:08.0 (12022829)|HEAP_ALLOCATE|[166]|Bytes:4
12:26:08.0 (12029283)|HEAP_ALLOCATE|[166]|Bytes:82
12:26:08.0 (12032224)|HEAP_ALLOCATE|[166]|Bytes:4
12:26:08.0 (12216466)|SOQL_EXECUTE_BEGIN|[166]|Aggregations:0|SELECT Id, Name, DeveloperName FROM RecordType WHERE sobjectType = 'WWW_detail__c'
12:26:08.0 (19487886)|SOQL_EXECUTE_END|[166]|Rows:5
12:26:08.0 (19508502)|HEAP_ALLOCATE|[166]|Bytes:24
12:26:08.0 (19531134)|HEAP_ALLOCATE|[166]|Bytes:371
12:26:08.0 (19569950)|HEAP_ALLOCATE|[166]|Bytes:24
12:26:08.0 (19618409)|HEAP_ALLOCATE|[166]|Bytes:16
12:26:08.0 (19626223)|HEAP_ALLOCATE|[166]|Bytes:4
12:26:08.0 (19633019)|HEAP_ALLOCATE|[166]|Bytes:16
12:26:08.0 (19636406)|HEAP_ALLOCATE|[166]|Bytes:4
12:26:08.0 (19640676)|HEAP_ALLOCATE|[166]|Bytes:16
12:26:08.0 (19643824)|HEAP_ALLOCATE|[166]|Bytes:4
12:26:08.0 (19647771)|HEAP_ALLOCATE|[166]|Bytes:16
12:26:08.0 (19650904)|HEAP_ALLOCATE|[166]|Bytes:4
12:26:08.0 (19654730)|HEAP_ALLOCATE|[166]|Bytes:16
12:26:08.0 (19658000)|HEAP_ALLOCATE|[166]|Bytes:4
12:26:08.0 (19665309)|VARIABLE_SCOPE_BEGIN|[166]|recByNames|Map<Id,RecordType>|true|false
12:26:08.0 (19697445)|VARIABLE_ASSIGNMENT|[166]|recByNames|{"01224000000Sn4NAAS":{"Id":"01224000000Sn4NAAS","Name":"Afleveren","DeveloperName":"Delivered_2_Project"},"01224000000Sn4OAAS":{"Id":"01224000000Sn4OAAS","Name":"Afroepen","DeveloperName":"Invoked"},"01224000000Sn4PAAS":{"Id":"01224000000Sn4PAAS","Name":"Afwijzen","DeveloperName":"Rejected"},"01224000000Sn4MAAS":{"Id":"01224000000Sn4MAAS","Name":"Ontvangen","DeveloperName":"Delivered_2_Hub"},"01224000000Sn4QAAS":{"Id":"01224000000Sn4QAAS","Name":"Verwachten","DeveloperName":"Reserved"}}|0x2932fd9
12:26:08.0 (19755665)|VARIABLE_ASSIGNMENT|[EXTERNAL]|this|{"detail":"0x680db557","www":"0x78135079","wwwById":"0x27f0a6f3"}|0x58839f90
12:26:08.0 (19760467)|STATEMENT_EXECUTE|[3]
12:26:08.0 (19763545)|STATEMENT_EXECUTE|[4]
12:26:08.0 (19764783)|STATEMENT_EXECUTE|[9]
12:26:08.0 (19773210)|STATEMENT_EXECUTE|[168]
12:26:08.0 (19774686)|STATEMENT_EXECUTE|[181]
12:26:08.0 (19790838)|METHOD_ENTRY|[181]|01p2400000DUtXT|NewDeliveredExtension.getProjects()
12:26:08.0 (19801337)|VARIABLE_SCOPE_BEGIN|[139]|this|NewDeliveredExtension|true|false
12:26:08.0 (19829562)|VARIABLE_ASSIGNMENT|[139]|this|{"detail":"0x680db557","www":"0x78135079","wwwById":"0x27f0a6f3"}|0x58839f90
12:26:08.0 (19835884)|STATEMENT_EXECUTE|[139]
12:26:08.0 (19837176)|STATEMENT_EXECUTE|[141]
12:26:08.0 (19844658)|HEAP_ALLOCATE|[141]|Bytes:4
12:26:08.0 (19869149)|VARIABLE_SCOPE_BEGIN|[141]|options|List<System.SelectOption>|true|false
12:26:08.0 (19894729)|HEAP_ALLOCATE|[EXTERNAL]|Bytes:4
12:26:08.0 (19903459)|VARIABLE_ASSIGNMENT|[141]|options|[]|0x67f68f83
12:26:08.0 (19905880)|STATEMENT_EXECUTE|[142]
12:26:08.0 (19944826)|HEAP_ALLOCATE|[142]|Bytes:4
12:26:08.0 (19949732)|HEAP_ALLOCATE|[142]|Bytes:71
12:26:08.0 (19952420)|HEAP_ALLOCATE|[142]|Bytes:4
12:26:08.0 (20160003)|SOQL_EXECUTE_BEGIN|[142]|Aggregations:0|SELECT Id, Name FROM Projecten__c ORDER BY CreatedDate DESC NULLS FIRST
12:26:08.0 (21250410)|SOQL_EXECUTE_END|[142]|Rows:2
12:26:08.0 (21264995)|HEAP_ALLOCATE|[142]|Bytes:12
12:26:08.0 (21277105)|HEAP_ALLOCATE|[142]|Bytes:85
12:26:08.0 (21309308)|HEAP_ALLOCATE|[142]|Bytes:12
12:26:08.0 (21351408)|HEAP_ALLOCATE|[142]|Bytes:12
12:26:08.0 (21359706)|HEAP_ALLOCATE|[142]|Bytes:4
12:26:08.0 (21367458)|HEAP_ALLOCATE|[142]|Bytes:12
12:26:08.0 (21371035)|HEAP_ALLOCATE|[142]|Bytes:4
12:26:08.0 (21377838)|VARIABLE_SCOPE_BEGIN|[142]|prById|Map<Id,Projecten__c>|true|false
12:26:08.0 (21398872)|VARIABLE_ASSIGNMENT|[142]|prById|{"a0q0E0000008S3bQAE":{"Id":"a0q0E0000008S3bQAE","Name":"2165103"},"a0q0E0000008S3WQAU":{"Id":"a0q0E0000008S3WQAU","Name":"5700"}}|0x55083fd4
12:26:08.0 (21403324)|STATEMENT_EXECUTE|[143]
12:26:08.0 (21406345)|HEAP_ALLOCATE|[143]|Bytes:6
12:26:08.0 (21492011)|HEAP_ALLOCATE|[143]|Bytes:139
12:26:08.0 (21514422)|HEAP_ALLOCATE|[143]|Bytes:145
12:26:08.0 (21525867)|USER_DEBUG|[143]|DEBUG|prById{a0q0E0000008S3WQAU=Projecten__c:{Id=a0q0E0000008S3WQAU, Name=5700}, a0q0E0000008S3bQAE=Projecten__c:{Id=a0q0E0000008S3bQAE, Name=2165103}}
12:26:08.0 (21532163)|STATEMENT_EXECUTE|[144]
12:26:08.0 (21560402)|HEAP_ALLOCATE|[EXTERNAL]|Bytes:12
12:26:08.0 (21568158)|HEAP_ALLOCATE|[144]|Bytes:95
12:26:08.0 (21616350)|HEAP_ALLOCATE|[144]|Bytes:12
12:26:08.0 (21688777)|VARIABLE_ASSIGNMENT|[EXTERNAL]|this|{"detail":"0x680db557","www":"0x78135079","wwwById":"0x27f0a6f3"}|0x58839f90
12:26:08.0 (21693583)|STATEMENT_EXECUTE|[3]
12:26:08.0 (21696334)|STATEMENT_EXECUTE|[4]
12:26:08.0 (21697558)|STATEMENT_EXECUTE|[9]
12:26:08.0 (21739598)|VARIABLE_ASSIGNMENT|[144]|this.Project__c|"a0q0E0000008S3bQAE"|0x680db557
12:26:08.0 (21762388)|HEAP_ALLOCATE|[EXTERNAL]|Bytes:12
12:26:08.0 (21768736)|HEAP_ALLOCATE|[145]|Bytes:95
12:26:08.0 (21912048)|HEAP_ALLOCATE|[145]|Bytes:5
12:26:08.0 (21925037)|HEAP_ALLOCATE|[145]|Bytes:12
12:26:08.0 (21931780)|VARIABLE_SCOPE_BEGIN|[145]|rec|Projecten__c|true|false
12:26:08.0 (21943987)|VARIABLE_ASSIGNMENT|[145]|rec|{"Id":"a0q0E0000008S3bQAE","Name":"2165103"}|0x56a21a49
12:26:08.0 (21948144)|STATEMENT_EXECUTE|[145]
12:26:08.0 (21995829)|VARIABLE_ASSIGNMENT|[EXTERNAL]|this|{"detail":"0x680db557","www":"0x78135079","wwwById":"0x27f0a6f3"}|0x58839f90
12:26:08.0 (22000019)|STATEMENT_EXECUTE|[21]
12:26:08.0 (22003676)|STATEMENT_EXECUTE|[22]
12:26:08.0 (22004953)|STATEMENT_EXECUTE|[26]
12:26:08.0 (22012148)|STATEMENT_EXECUTE|[146]
12:26:08.0 (22013449)|STATEMENT_EXECUTE|[147]
12:26:08.0 (22052446)|VARIABLE_ASSIGNMENT|[EXTERNAL]|this|{"detail":"0x680db557","www":"0x78135079","wwwById":"0x27f0a6f3"}|0x58839f90
12:26:08.0 (22055724)|STATEMENT_EXECUTE|[21]
12:26:08.0 (22057470)|STATEMENT_EXECUTE|[22]
12:26:08.0 (22058598)|STATEMENT_EXECUTE|[26]
12:26:08.0 (22107715)|VARIABLE_ASSIGNMENT|[147]|this.Project__c|"a0q0E0000008S3bQAE"|0x78135079
12:26:08.0 (22111318)|STATEMENT_EXECUTE|[150]
12:26:08.0 (22128898)|HEAP_ALLOCATE|[150]|Bytes:18
12:26:08.0 (22191541)|HEAP_ALLOCATE|[EXTERNAL]|Bytes:4
12:26:08.0 (22205753)|HEAP_ALLOCATE|[145]|Bytes:5
12:26:08.0 (22214415)|HEAP_ALLOCATE|[145]|Bytes:12
12:26:08.0 (22219920)|VARIABLE_SCOPE_BEGIN|[145]|rec|Projecten__c|true|false
12:26:08.0 (22230505)|VARIABLE_ASSIGNMENT|[145]|rec|{"Id":"a0q0E0000008S3WQAU","Name":"5700"}|0x419dae50
12:26:08.0 (22233775)|STATEMENT_EXECUTE|[145]
12:26:08.0 (22267570)|VARIABLE_ASSIGNMENT|[EXTERNAL]|this|{"detail":"0x680db557","www":"0x78135079","wwwById":"0x27f0a6f3"}|0x58839f90
12:26:08.0 (22270468)|STATEMENT_EXECUTE|[21]
12:26:08.0 (22272287)|STATEMENT_EXECUTE|[22]
12:26:08.0 (22273589)|STATEMENT_EXECUTE|[26]
12:26:08.0 (22295707)|STATEMENT_EXECUTE|[146]
12:26:08.0 (22297343)|STATEMENT_EXECUTE|[150]
12:26:08.0 (22305063)|HEAP_ALLOCATE|[150]|Bytes:18
12:26:08.0 (22316303)|HEAP_ALLOCATE|[EXTERNAL]|Bytes:4
12:26:08.0 (22325586)|HEAP_ALLOCATE|[145]|Bytes:5
12:26:08.0 (22334804)|VARIABLE_ASSIGNMENT|[145]|rec|null|
12:26:08.0 (22338150)|STATEMENT_EXECUTE|[152]
12:26:08.0 (22342011)|METHOD_EXIT|[181]|01p2400000DUtXT|NewDeliveredExtension.getProjects()
12:26:08.23 (23642312)|SYSTEM_MODE_ENTER|true
12:26:08.23 (23672535)|HEAP_ALLOCATE|[EXTERNAL]|Bytes:38
12:26:08.23 (23678071)|HEAP_ALLOCATE|[EXTERNAL]|Bytes:7
12:26:08.23 (23685272)|SYSTEM_METHOD_ENTRY|[1]|PageMessagesComponentController.PageMessagesComponentController()
12:26:08.23 (23688232)|STATEMENT_EXECUTE|[1]
12:26:08.23 (23815522)|SYSTEM_MODE_ENTER|true
12:26:08.23 (23859988)|HEAP_ALLOCATE|[EXTERNAL]|Bytes:8
12:26:08.23 (23865922)|VARIABLE_SCOPE_BEGIN|[88]|this|ApexPage.PageMessagesComponentController|true|false
12:26:08.23 (23886276)|VARIABLE_ASSIGNMENT|[88]|this|{}|0x6bb6c7f
12:26:08.23 (23889185)|VARIABLE_SCOPE_BEGIN|[88]|escape|Boolean|false|false
12:26:08.23 (23892334)|VARIABLE_ASSIGNMENT|[88]|escape|null
12:26:08.24 (24031280)|SYSTEM_MODE_ENTER|true
12:26:08.24 (24055251)|HEAP_ALLOCATE|[EXTERNAL]|Bytes:8
12:26:08.24 (24059784)|VARIABLE_SCOPE_BEGIN|[2]|this|ApexPage.PageMessagesComponentController|true|false
12:26:08.24 (24074544)|VARIABLE_ASSIGNMENT|[2]|this|{}|0x6bb6c7f
12:26:08.33 (33130227)|SYSTEM_MODE_ENTER|true
12:26:08.33 (33175997)|HEAP_ALLOCATE|[EXTERNAL]|Bytes:8
12:26:08.33 (33182685)|VARIABLE_SCOPE_BEGIN|[88]|this|ApexPage.PageMessagesComponentController|true|false
12:26:08.33 (33202675)|VARIABLE_ASSIGNMENT|[88]|this|{}|0x6bb6c7f
12:26:08.33 (33205621)|VARIABLE_SCOPE_BEGIN|[88]|escape|Boolean|false|false
12:26:08.33 (33208917)|VARIABLE_ASSIGNMENT|[88]|escape|null
12:26:08.33 (33309891)|SYSTEM_MODE_ENTER|true
12:26:08.33 (33332811)|HEAP_ALLOCATE|[EXTERNAL]|Bytes:8
12:26:08.33 (33337122)|VARIABLE_SCOPE_BEGIN|[2]|this|ApexPage.PageMessagesComponentController|true|false
12:26:08.33 (33352715)|VARIABLE_ASSIGNMENT|[2]|this|{}|0x6bb6c7f
12:26:08.0 (33822929)|SYSTEM_MODE_ENTER|true
12:26:08.0 (33847847)|HEAP_ALLOCATE|[EXTERNAL]|Bytes:80
12:26:08.0 (33853743)|VARIABLE_SCOPE_BEGIN|[109]|this|NewDeliveredExtension|true|false
12:26:08.0 (33894125)|VARIABLE_ASSIGNMENT|[109]|this|{"detail":"0x680db557","www":"0x78135079","wwwById":"0x27f0a6f3"}|0x58839f90
12:26:08.0 (33901006)|STATEMENT_EXECUTE|[109]
12:26:08.0 (33902915)|STATEMENT_EXECUTE|[111]
12:26:08.0 (33907279)|HEAP_ALLOCATE|[111]|Bytes:4
12:26:08.0 (33927825)|VARIABLE_SCOPE_BEGIN|[111]|options|List<System.SelectOption>|true|false
12:26:08.0 (33940058)|HEAP_ALLOCATE|[EXTERNAL]|Bytes:4
12:26:08.0 (33946987)|VARIABLE_ASSIGNMENT|[111]|options|[]|0x5ee069b6
12:26:08.0 (33949397)|STATEMENT_EXECUTE|[112]
12:26:08.0 (33952933)|HEAP_ALLOCATE|[112]|Bytes:4
12:26:08.0 (33956832)|HEAP_ALLOCATE|[112]|Bytes:4
12:26:08.0 (34108472)|SOQL_EXECUTE_BEGIN|[112]|Aggregations:0|SELECT Id, Name, DeveloperName FROM RecordType WHERE sobjectType = 'WWW_detail__c'
12:26:08.0 (37563125)|SOQL_EXECUTE_END|[112]|Rows:5
12:26:08.0 (37576945)|HEAP_ALLOCATE|[112]|Bytes:24
12:26:08.0 (37597545)|HEAP_ALLOCATE|[112]|Bytes:371
12:26:08.0 (37610455)|HEAP_ALLOCATE|[112]|Bytes:24
12:26:08.0 (37629653)|HEAP_ALLOCATE|[112]|Bytes:16
12:26:08.0 (37637046)|HEAP_ALLOCATE|[112]|Bytes:4
12:26:08.0 (37643066)|HEAP_ALLOCATE|[112]|Bytes:16
12:26:08.0 (37646494)|HEAP_ALLOCATE|[112]|Bytes:4
12:26:08.0 (37650822)|HEAP_ALLOCATE|[112]|Bytes:16
12:26:08.0 (37653923)|HEAP_ALLOCATE|[112]|Bytes:4
12:26:08.0 (37657763)|HEAP_ALLOCATE|[112]|Bytes:16
12:26:08.0 (37660789)|HEAP_ALLOCATE|[112]|Bytes:4
12:26:08.0 (37664659)|HEAP_ALLOCATE|[112]|Bytes:16
12:26:08.0 (37667649)|HEAP_ALLOCATE|[112]|Bytes:4
12:26:08.0 (37672947)|VARIABLE_SCOPE_BEGIN|[112]|recByNames|Map<Id,RecordType>|true|false
12:26:08.0 (37703738)|VARIABLE_ASSIGNMENT|[112]|recByNames|{"01224000000Sn4NAAS":{"Id":"01224000000Sn4NAAS","Name":"Afleveren","DeveloperName":"Delivered_2_Project"},"01224000000Sn4OAAS":{"Id":"01224000000Sn4OAAS","Name":"Afroepen","DeveloperName":"Invoked"},"01224000000Sn4PAAS":{"Id":"01224000000Sn4PAAS","Name":"Afwijzen","DeveloperName":"Rejected"},"01224000000Sn4MAAS":{"Id":"01224000000Sn4MAAS","Name":"Ontvangen","DeveloperName":"Delivered_2_Hub"},"01224000000Sn4QAAS":{"Id":"01224000000Sn4QAAS","Name":"Verwachten","DeveloperName":"Reserved"}}|0x2e83ee43
12:26:08.0 (37733355)|HEAP_ALLOCATE|[EXTERNAL]|Bytes:24
12:26:08.0 (37744809)|HEAP_ALLOCATE|[114]|Bytes:390
12:26:08.0 (37859122)|HEAP_ALLOCATE|[114]|Bytes:5
12:26:08.0 (37870104)|HEAP_ALLOCATE|[114]|Bytes:16
12:26:08.0 (37876870)|VARIABLE_SCOPE_BEGIN|[114]|rec|RecordType|true|false
12:26:08.0 (37888205)|VARIABLE_ASSIGNMENT|[114]|rec|{"Id":"01224000000Sn4NAAS","Name":"Afleveren","DeveloperName":"Delivered_2_Project"}|0x1e68d8f7
12:26:08.0 (37892287)|STATEMENT_EXECUTE|[114]
12:26:08.0 (37894262)|STATEMENT_EXECUTE|[116]
12:26:08.0 (37924723)|HEAP_ALLOCATE|[116]|Bytes:18
12:26:08.0 (37975127)|HEAP_ALLOCATE|[EXTERNAL]|Bytes:4
12:26:08.0 (37988227)|HEAP_ALLOCATE|[114]|Bytes:5
12:26:08.0 (37995804)|HEAP_ALLOCATE|[114]|Bytes:16
12:26:08.0 (38000703)|VARIABLE_SCOPE_BEGIN|[114]|rec|RecordType|true|false
12:26:08.0 (38011329)|VARIABLE_ASSIGNMENT|[114]|rec|{"Id":"01224000000Sn4OAAS","Name":"Afroepen","DeveloperName":"Invoked"}|0x7e64cf10
12:26:08.0 (38014383)|STATEMENT_EXECUTE|[114]
12:26:08.0 (38015752)|STATEMENT_EXECUTE|[116]
12:26:08.0 (38025176)|HEAP_ALLOCATE|[116]|Bytes:18
12:26:08.0 (38035311)|HEAP_ALLOCATE|[EXTERNAL]|Bytes:4
12:26:08.0 (38042709)|HEAP_ALLOCATE|[114]|Bytes:5
12:26:08.0 (38048442)|HEAP_ALLOCATE|[114]|Bytes:16
12:26:08.0 (38051821)|VARIABLE_SCOPE_BEGIN|[114]|rec|RecordType|true|false
12:26:08.0 (38058855)|VARIABLE_ASSIGNMENT|[114]|rec|{"Id":"01224000000Sn4PAAS","Name":"Afwijzen","DeveloperName":"Rejected"}|0x5804d151
12:26:08.0 (38061383)|STATEMENT_EXECUTE|[114]
12:26:08.0 (38062488)|STATEMENT_EXECUTE|[116]
12:26:08.0 (38068094)|HEAP_ALLOCATE|[116]|Bytes:18
12:26:08.0 (38074981)|HEAP_ALLOCATE|[EXTERNAL]|Bytes:4
12:26:08.0 (38081170)|HEAP_ALLOCATE|[114]|Bytes:5
12:26:08.0 (38085915)|HEAP_ALLOCATE|[114]|Bytes:16
12:26:08.0 (38088845)|VARIABLE_SCOPE_BEGIN|[114]|rec|RecordType|true|false
12:26:08.0 (38094825)|VARIABLE_ASSIGNMENT|[114]|rec|{"Id":"01224000000Sn4MAAS","Name":"Ontvangen","DeveloperName":"Delivered_2_Hub"}|0x1d239bf6
12:26:08.0 (38097017)|STATEMENT_EXECUTE|[114]
12:26:08.0 (38098064)|STATEMENT_EXECUTE|[116]
12:26:08.0 (38102873)|HEAP_ALLOCATE|[116]|Bytes:18
12:26:08.0 (38109922)|HEAP_ALLOCATE|[EXTERNAL]|Bytes:4
12:26:08.0 (38115983)|HEAP_ALLOCATE|[114]|Bytes:5
12:26:08.0 (38120735)|HEAP_ALLOCATE|[114]|Bytes:16
12:26:08.0 (38123531)|VARIABLE_SCOPE_BEGIN|[114]|rec|RecordType|true|false
12:26:08.0 (38129223)|VARIABLE_ASSIGNMENT|[114]|rec|{"Id":"01224000000Sn4QAAS","Name":"Verwachten","DeveloperName":"Reserved"}|0x455447c5
12:26:08.0 (38131494)|STATEMENT_EXECUTE|[114]
12:26:08.0 (38132609)|STATEMENT_EXECUTE|[116]
12:26:08.0 (38137184)|HEAP_ALLOCATE|[116]|Bytes:18
12:26:08.0 (38143736)|HEAP_ALLOCATE|[EXTERNAL]|Bytes:4
12:26:08.0 (38149518)|HEAP_ALLOCATE|[114]|Bytes:5
12:26:08.0 (38155683)|VARIABLE_ASSIGNMENT|[114]|rec|null|
12:26:08.0 (38158310)|STATEMENT_EXECUTE|[120]
12:26:08.0 (38669183)|SYSTEM_MODE_ENTER|true
12:26:08.0 (39757085)|VF_SERIALIZE_VIEWSTATE_BEGIN|06624000003h0Dq
12:26:08.0 (42296936)|VF_SERIALIZE_VIEWSTATE_END
12:26:08.44 (44300219)|CUMULATIVE_LIMIT_USAGE
12:26:08.44 (44300219)|LIMIT_USAGE_FOR_NS|(default)|
  Number of SOQL queries: 4 out of 100
  Number of query rows: 16 out of 50000
  Number of SOSL queries: 0 out of 20
  Number of DML statements: 0 out of 150
  Number of DML rows: 0 out of 10000
  Maximum CPU time: 0 out of 10000
  Maximum heap size: 0 out of 6000000
  Number of callouts: 0 out of 100
  Number of Email Invocations: 0 out of 10
  Number of future calls: 0 out of 50
  Number of queueable jobs added to the queue: 0 out of 50
  Number of Mobile Apex push calls: 0 out of 10

12:26:08.44 (44300219)|CUMULATIVE_LIMIT_USAGE_END

12:26:08.0 (44332715)|CODE_UNIT_FINISHED|VF: /apex/ChoseRecordType
12:26:08.0 (45177013)|EXECUTION_FINISHED
