38.0 APEX_CODE,FINEST;APEX_PROFILING,INFO;CALLOUT,INFO;DB,INFO;SYSTEM,DEBUG;VALIDATION,INFO;VISUALFORCE,INFO;WAVE,INFO;WORKFLOW,INFO
13:45:58.0 (53199)|USER_INFO|[EXTERNAL]|00524000001e3Uj|bedrijfsbureau@gsa.nl.sandbox|Midden-Europese standaardtijd|GMT+01:00
13:45:58.0 (82227)|EXECUTION_STARTED
13:45:58.0 (86415)|CODE_UNIT_STARTED|[EXTERNAL]|06624000003h0Dq|VF: /apex/ChoseRecordType
13:45:58.0 (179800)|VF_DESERIALIZE_VIEWSTATE_BEGIN|06624000003h0Dq
13:45:58.0 (5947001)|HEAP_ALLOCATE|[72]|Bytes:3
13:45:58.0 (5988021)|HEAP_ALLOCATE|[77]|Bytes:152
13:45:58.0 (6003912)|HEAP_ALLOCATE|[342]|Bytes:408
13:45:58.0 (6019207)|HEAP_ALLOCATE|[355]|Bytes:408
13:45:58.0 (6032906)|HEAP_ALLOCATE|[467]|Bytes:48
13:45:58.0 (6060937)|HEAP_ALLOCATE|[139]|Bytes:6
13:45:58.0 (7600165)|VF_DESERIALIZE_VIEWSTATE_END
13:45:58.8 (8372897)|SYSTEM_MODE_ENTER|true
13:45:58.8 (8437461)|HEAP_ALLOCATE|[EXTERNAL]|Bytes:38
13:45:58.8 (8443669)|HEAP_ALLOCATE|[EXTERNAL]|Bytes:7
13:45:58.8 (8451125)|SYSTEM_METHOD_ENTRY|[1]|PageMessagesComponentController.PageMessagesComponentController()
13:45:58.8 (8454914)|STATEMENT_EXECUTE|[1]
13:45:58.9 (9248276)|SYSTEM_MODE_ENTER|true
13:45:58.9 (9290556)|HEAP_ALLOCATE|[EXTERNAL]|Bytes:8
13:45:58.9 (9296445)|VARIABLE_SCOPE_BEGIN|[88]|this|ApexPage.PageMessagesComponentController|true|false
13:45:58.9 (9326066)|VARIABLE_ASSIGNMENT|[88]|this|{}|0x5847e75a
13:45:58.9 (9328528)|VARIABLE_SCOPE_BEGIN|[88]|escape|Boolean|false|false
13:45:58.9 (9333676)|VARIABLE_ASSIGNMENT|[88]|escape|null
13:45:58.0 (9635887)|SYSTEM_MODE_ENTER|true
13:45:58.0 (9796748)|HEAP_ALLOCATE|[EXTERNAL]|Bytes:11
13:45:58.0 (9804338)|HEAP_ALLOCATE|[EXTERNAL]|Bytes:408
13:45:58.0 (9807522)|HEAP_ALLOCATE|[EXTERNAL]|Bytes:120
13:45:58.0 (9809719)|HEAP_ALLOCATE|[EXTERNAL]|Bytes:108
13:45:58.0 (9815316)|METHOD_ENTRY|[1]|01p2400000DUtXT|NewDeliveredExtension.NewDeliveredExtension()
13:45:58.0 (9817782)|STATEMENT_EXECUTE|[1]
13:45:58.0 (9821266)|STATEMENT_EXECUTE|[1]
13:45:58.0 (9822842)|STATEMENT_EXECUTE|[527]
13:45:58.0 (9826452)|METHOD_EXIT|[1]|NewDeliveredExtension
13:45:58.0 (9830321)|HEAP_ALLOCATE|[EXTERNAL]|Bytes:80
13:45:58.0 (9834978)|VARIABLE_SCOPE_BEGIN|[109]|this|NewDeliveredExtension|true|false
13:45:58.0 (9890352)|VARIABLE_ASSIGNMENT|[109]|this|{"detail":"0x5a804e0","www":"0x52820439","wwwById":"0x300c768b"}|0x388574fb
13:45:58.0 (9896369)|STATEMENT_EXECUTE|[109]
13:45:58.0 (9897999)|STATEMENT_EXECUTE|[111]
13:45:58.0 (9904671)|HEAP_ALLOCATE|[111]|Bytes:4
13:45:58.0 (9928135)|VARIABLE_SCOPE_BEGIN|[111]|options|List<System.SelectOption>|true|false
13:45:58.0 (9949244)|HEAP_ALLOCATE|[EXTERNAL]|Bytes:4
13:45:58.0 (9957077)|VARIABLE_ASSIGNMENT|[111]|options|[]|0x23bdeedd
13:45:58.0 (9959421)|STATEMENT_EXECUTE|[112]
13:45:58.0 (10007527)|HEAP_ALLOCATE|[112]|Bytes:4
13:45:58.0 (10013240)|HEAP_ALLOCATE|[112]|Bytes:82
13:45:58.0 (10017243)|HEAP_ALLOCATE|[112]|Bytes:4
13:45:58.0 (10220869)|SOQL_EXECUTE_BEGIN|[112]|Aggregations:0|SELECT Id, Name, DeveloperName FROM RecordType WHERE sobjectType = 'WWW_detail__c'
13:45:58.0 (17530453)|SOQL_EXECUTE_END|[112]|Rows:5
13:45:58.0 (17547182)|HEAP_ALLOCATE|[112]|Bytes:24
13:45:58.0 (17571785)|HEAP_ALLOCATE|[112]|Bytes:371
13:45:58.0 (17607901)|HEAP_ALLOCATE|[112]|Bytes:24
13:45:58.0 (17650273)|HEAP_ALLOCATE|[112]|Bytes:16
13:45:58.0 (17658383)|HEAP_ALLOCATE|[112]|Bytes:4
13:45:58.0 (17665699)|HEAP_ALLOCATE|[112]|Bytes:16
13:45:58.0 (17668841)|HEAP_ALLOCATE|[112]|Bytes:4
13:45:58.0 (17672923)|HEAP_ALLOCATE|[112]|Bytes:16
13:45:58.0 (17675898)|HEAP_ALLOCATE|[112]|Bytes:4
13:45:58.0 (17679448)|HEAP_ALLOCATE|[112]|Bytes:16
13:45:58.0 (17682297)|HEAP_ALLOCATE|[112]|Bytes:4
13:45:58.0 (17686013)|HEAP_ALLOCATE|[112]|Bytes:16
13:45:58.0 (17688855)|HEAP_ALLOCATE|[112]|Bytes:4
13:45:58.0 (17694957)|VARIABLE_SCOPE_BEGIN|[112]|recByNames|Map<Id,RecordType>|true|false
13:45:58.0 (17726763)|VARIABLE_ASSIGNMENT|[112]|recByNames|{"01224000000Sn4NAAS":{"Id":"01224000000Sn4NAAS","Name":"Afleveren","DeveloperName":"Delivered_2_Project"},"01224000000Sn4OAAS":{"Id":"01224000000Sn4OAAS","Name":"Afroepen","DeveloperName":"Invoked"},"01224000000Sn4PAAS":{"Id":"01224000000Sn4PAAS","Name":"Afwijzen","DeveloperName":"Rejected"},"01224000000Sn4MAAS":{"Id":"01224000000Sn4MAAS","Name":"Ontvangen","DeveloperName":"Delivered_2_Hub"},"01224000000Sn4QAAS":{"Id":"01224000000Sn4QAAS","Name":"Verwachten","DeveloperName":"Reserved"}}|0x4067a702
13:45:58.0 (17759847)|HEAP_ALLOCATE|[EXTERNAL]|Bytes:24
13:45:58.0 (17772228)|HEAP_ALLOCATE|[114]|Bytes:390
13:45:58.0 (17894780)|HEAP_ALLOCATE|[114]|Bytes:5
13:45:58.0 (17906709)|HEAP_ALLOCATE|[114]|Bytes:16
13:45:58.0 (17914001)|VARIABLE_SCOPE_BEGIN|[114]|rec|RecordType|true|false
13:45:58.0 (17925676)|VARIABLE_ASSIGNMENT|[114]|rec|{"Id":"01224000000Sn4NAAS","Name":"Afleveren","DeveloperName":"Delivered_2_Project"}|0x7e79c341
13:45:58.0 (17929618)|STATEMENT_EXECUTE|[114]
13:45:58.0 (17931343)|STATEMENT_EXECUTE|[116]
13:45:58.0 (17978631)|HEAP_ALLOCATE|[116]|Bytes:18
13:45:58.0 (18035705)|HEAP_ALLOCATE|[EXTERNAL]|Bytes:4
13:45:58.0 (18049448)|HEAP_ALLOCATE|[114]|Bytes:5
13:45:58.0 (18056632)|HEAP_ALLOCATE|[114]|Bytes:16
13:45:58.0 (18061475)|VARIABLE_SCOPE_BEGIN|[114]|rec|RecordType|true|false
13:45:58.0 (18071580)|VARIABLE_ASSIGNMENT|[114]|rec|{"Id":"01224000000Sn4OAAS","Name":"Afroepen","DeveloperName":"Invoked"}|0x15220a23
13:45:58.0 (18074624)|STATEMENT_EXECUTE|[114]
13:45:58.0 (18075886)|STATEMENT_EXECUTE|[116]
13:45:58.0 (18084410)|HEAP_ALLOCATE|[116]|Bytes:18
13:45:58.0 (18094290)|HEAP_ALLOCATE|[EXTERNAL]|Bytes:4
13:45:58.0 (18101583)|HEAP_ALLOCATE|[114]|Bytes:5
13:45:58.0 (18106834)|HEAP_ALLOCATE|[114]|Bytes:16
13:45:58.0 (18109728)|VARIABLE_SCOPE_BEGIN|[114]|rec|RecordType|true|false
13:45:58.0 (18116573)|VARIABLE_ASSIGNMENT|[114]|rec|{"Id":"01224000000Sn4PAAS","Name":"Afwijzen","DeveloperName":"Rejected"}|0x6dd3e108
13:45:58.0 (18118788)|STATEMENT_EXECUTE|[114]
13:45:58.0 (18120080)|STATEMENT_EXECUTE|[116]
13:45:58.0 (18125412)|HEAP_ALLOCATE|[116]|Bytes:18
13:45:58.0 (18132177)|HEAP_ALLOCATE|[EXTERNAL]|Bytes:4
13:45:58.0 (18138146)|HEAP_ALLOCATE|[114]|Bytes:5
13:45:58.0 (18142696)|HEAP_ALLOCATE|[114]|Bytes:16
13:45:58.0 (18145765)|VARIABLE_SCOPE_BEGIN|[114]|rec|RecordType|true|false
13:45:58.0 (18151949)|VARIABLE_ASSIGNMENT|[114]|rec|{"Id":"01224000000Sn4MAAS","Name":"Ontvangen","DeveloperName":"Delivered_2_Hub"}|0x7c2123a1
13:45:58.0 (18153890)|STATEMENT_EXECUTE|[114]
13:45:58.0 (18154959)|STATEMENT_EXECUTE|[116]
13:45:58.0 (18159410)|HEAP_ALLOCATE|[116]|Bytes:18
13:45:58.0 (18165648)|HEAP_ALLOCATE|[EXTERNAL]|Bytes:4
13:45:58.0 (18171516)|HEAP_ALLOCATE|[114]|Bytes:5
13:45:58.0 (18176070)|HEAP_ALLOCATE|[114]|Bytes:16
13:45:58.0 (18178592)|VARIABLE_SCOPE_BEGIN|[114]|rec|RecordType|true|false
13:45:58.0 (18184116)|VARIABLE_ASSIGNMENT|[114]|rec|{"Id":"01224000000Sn4QAAS","Name":"Verwachten","DeveloperName":"Reserved"}|0x4c7284af
13:45:58.0 (18186201)|STATEMENT_EXECUTE|[114]
13:45:58.0 (18187452)|STATEMENT_EXECUTE|[116]
13:45:58.0 (18192014)|HEAP_ALLOCATE|[116]|Bytes:18
13:45:58.0 (18198020)|HEAP_ALLOCATE|[EXTERNAL]|Bytes:4
13:45:58.0 (18203678)|HEAP_ALLOCATE|[114]|Bytes:5
13:45:58.0 (18210038)|VARIABLE_ASSIGNMENT|[114]|rec|null|
13:45:58.0 (18212629)|STATEMENT_EXECUTE|[120]
13:45:58.0 (18608828)|SYSTEM_MODE_ENTER|true
13:45:58.18 (18792253)|SYSTEM_MODE_ENTER|true
13:45:58.18 (18830979)|HEAP_ALLOCATE|[EXTERNAL]|Bytes:8
13:45:58.18 (18836411)|VARIABLE_SCOPE_BEGIN|[88]|this|ApexPage.PageMessagesComponentController|true|false
13:45:58.18 (18853306)|VARIABLE_ASSIGNMENT|[88]|this|{}|0x5847e75a
13:45:58.18 (18855868)|VARIABLE_SCOPE_BEGIN|[88]|escape|Boolean|false|false
13:45:58.18 (18858841)|VARIABLE_ASSIGNMENT|[88]|escape|null
13:45:58.0 (18907470)|SYSTEM_MODE_ENTER|true
13:45:58.0 (18925365)|HEAP_ALLOCATE|[EXTERNAL]|Bytes:4
13:45:58.0 (18928154)|HEAP_ALLOCATE|[EXTERNAL]|Bytes:80
13:45:58.0 (19038927)|VARIABLE_ASSIGNMENT|[EXTERNAL]|this.isChecked|"01224000000Sn4MAAS"|0x388574fb
13:45:58.0 (19179347)|HEAP_ALLOCATE|[EXTERNAL]|Bytes:80
13:45:58.0 (19185500)|VARIABLE_SCOPE_BEGIN|[157]|this|NewDeliveredExtension|true|false
13:45:58.0 (19329213)|VARIABLE_ASSIGNMENT|[157]|this|{"detail":"0x5a804e0","isChecked":"01224000000Sn4MAAS","www":"0x52820439","wwwById":"0x300c768b"}|0x388574fb
13:45:58.0 (19337036)|STATEMENT_EXECUTE|[157]
13:45:58.0 (19338570)|STATEMENT_EXECUTE|[158]
13:45:58.0 (19470557)|VARIABLE_ASSIGNMENT|[EXTERNAL]|this|{"detail":"0x5a804e0","isChecked":"01224000000Sn4MAAS","www":"0x52820439","wwwById":"0x300c768b"}|0x388574fb
13:45:58.0 (19499529)|USER_DEBUG|[158]|DEBUG|01224000000Sn4MAAS
13:45:58.0 (19504502)|STATEMENT_EXECUTE|[159]
13:45:58.0 (19510585)|HEAP_ALLOCATE|[159]|Bytes:38
13:45:58.0 (19625779)|VARIABLE_ASSIGNMENT|[EXTERNAL]|this|{"detail":"0x5a804e0","isChecked":"01224000000Sn4MAAS","www":"0x52820439","wwwById":"0x300c768b"}|0x388574fb
13:45:58.0 (19654015)|HEAP_ALLOCATE|[159]|Bytes:18
13:45:58.0 (19666266)|HEAP_ALLOCATE|[159]|Bytes:56
13:45:58.0 (19696069)|VARIABLE_SCOPE_BEGIN|[159]|pr|System.PageReference|true|false
13:45:58.0 (19767407)|VARIABLE_ASSIGNMENT|[159]|pr|"/apex/New_delivered_detail?RecordType=01224000000Sn4MAAS"|0x210db9
13:45:58.0 (19771740)|STATEMENT_EXECUTE|[160]
13:45:58.0 (19819568)|STATEMENT_EXECUTE|[161]
13:45:58.21 (21472079)|CUMULATIVE_LIMIT_USAGE
13:45:58.21 (21472079)|LIMIT_USAGE_FOR_NS|(default)|
  Number of SOQL queries: 1 out of 100
  Number of query rows: 5 out of 50000
  Number of SOSL queries: 0 out of 20
  Number of DML statements: 0 out of 150
  Number of DML rows: 0 out of 10000
  Maximum CPU time: 0 out of 10000
  Maximum heap size: 0 out of 6000000
  Number of callouts: 0 out of 100
  Number of Email Invocations: 0 out of 10
  Number of future calls: 0 out of 50
  Number of queueable jobs added to the queue: 0 out of 50
  Number of Mobile Apex push calls: 0 out of 10

13:45:58.21 (21472079)|CUMULATIVE_LIMIT_USAGE_END

13:45:58.0 (21501430)|CODE_UNIT_FINISHED|VF: /apex/ChoseRecordType
13:45:58.0 (22255149)|EXECUTION_FINISHED
