38.0 APEX_CODE,FINEST;APEX_PROFILING,INFO;CALLOUT,INFO;DB,INFO;SYSTEM,DEBUG;VALIDATION,INFO;VISUALFORCE,INFO;WAVE,INFO;WORKFLOW,INFO
14:06:19.0 (313468)|USER_INFO|[EXTERNAL]|00524000001e3Uj|bedrijfsbureau@gsa.nl.sandbox|Midden-Europese standaardtijd|GMT+01:00
14:06:19.0 (336515)|EXECUTION_STARTED
14:06:19.0 (344702)|CODE_UNIT_STARTED|[EXTERNAL]|06624000003h0Dg|VF: /apex/New_delivered_detail
14:06:19.0 (498159)|VF_DESERIALIZE_VIEWSTATE_BEGIN|06624000003h0Dg
14:06:19.0 (17864695)|HEAP_ALLOCATE|[72]|Bytes:3
14:06:19.0 (17910967)|HEAP_ALLOCATE|[77]|Bytes:152
14:06:19.0 (17923540)|HEAP_ALLOCATE|[342]|Bytes:408
14:06:19.0 (17939752)|HEAP_ALLOCATE|[355]|Bytes:408
14:06:19.0 (17953579)|HEAP_ALLOCATE|[467]|Bytes:48
14:06:19.0 (17984663)|HEAP_ALLOCATE|[139]|Bytes:6
14:06:19.0 (18023329)|HEAP_ALLOCATE|[50]|Bytes:5
14:06:19.0 (18050360)|HEAP_ALLOCATE|[56]|Bytes:5
14:06:19.0 (18056975)|HEAP_ALLOCATE|[64]|Bytes:7
14:06:19.0 (23212914)|VF_DESERIALIZE_VIEWSTATE_END
14:06:19.24 (24269352)|SYSTEM_MODE_ENTER|true
14:06:19.24 (24334534)|HEAP_ALLOCATE|[EXTERNAL]|Bytes:38
14:06:19.24 (24345829)|HEAP_ALLOCATE|[EXTERNAL]|Bytes:7
14:06:19.24 (24354846)|SYSTEM_METHOD_ENTRY|[1]|PageMessagesComponentController.PageMessagesComponentController()
14:06:19.24 (24358991)|STATEMENT_EXECUTE|[1]
14:06:19.25 (25163613)|SYSTEM_MODE_ENTER|true
14:06:19.25 (25213693)|HEAP_ALLOCATE|[EXTERNAL]|Bytes:8
14:06:19.25 (25221223)|VARIABLE_SCOPE_BEGIN|[88]|this|ApexPage.PageMessagesComponentController|true|false
14:06:19.25 (25258975)|VARIABLE_ASSIGNMENT|[88]|this|{}|0x10443c00
14:06:19.25 (25261908)|VARIABLE_SCOPE_BEGIN|[88]|escape|Boolean|false|false
14:06:19.25 (25266632)|VARIABLE_ASSIGNMENT|[88]|escape|null
14:06:19.0 (25563503)|SYSTEM_MODE_ENTER|true
14:06:19.0 (25729190)|HEAP_ALLOCATE|[EXTERNAL]|Bytes:11
14:06:19.0 (25737742)|HEAP_ALLOCATE|[EXTERNAL]|Bytes:408
14:06:19.0 (25740719)|HEAP_ALLOCATE|[EXTERNAL]|Bytes:120
14:06:19.0 (25742967)|HEAP_ALLOCATE|[EXTERNAL]|Bytes:120
14:06:19.0 (25750572)|METHOD_ENTRY|[1]|01p2400000DUtXT|NewDeliveredExtension.NewDeliveredExtension()
14:06:19.0 (25753274)|STATEMENT_EXECUTE|[1]
14:06:19.0 (25757198)|STATEMENT_EXECUTE|[1]
14:06:19.0 (25758514)|STATEMENT_EXECUTE|[543]
14:06:19.0 (25762570)|METHOD_EXIT|[1]|NewDeliveredExtension
14:06:19.0 (25772611)|HEAP_ALLOCATE|[EXTERNAL]|Bytes:80
14:06:19.0 (25889825)|VARIABLE_ASSIGNMENT|[EXTERNAL]|this|{"delToHub":true,"delToProj":false,"detail":"0x50f7c737","invoked":false,"rejected":false,"reserved":false,"selectedTime3":"8:00","sublocations1":"0x5a336206","www":"0x37718fe0","wwwById":"0x34ff030"}|0x2bede159
14:06:19.0 (25896920)|STATEMENT_EXECUTE|[196]
14:06:19.0 (25901734)|STATEMENT_EXECUTE|[197]
14:06:19.0 (25903127)|STATEMENT_EXECUTE|[200]
14:06:19.0 (25970197)|SYSTEM_MODE_ENTER|true
14:06:19.0 (25993312)|HEAP_ALLOCATE|[EXTERNAL]|Bytes:80
14:06:19.0 (26039633)|VARIABLE_ASSIGNMENT|[EXTERNAL]|this|{"delToHub":true,"delToProj":false,"detail":"0x50f7c737","invoked":false,"rejected":false,"reserved":false,"selectedTime3":"8:00","sublocations1":"0x5a336206","www":"0x37718fe0","wwwById":"0x34ff030"}|0x2bede159
14:06:19.0 (26047199)|STATEMENT_EXECUTE|[229]
14:06:19.0 (26050452)|STATEMENT_EXECUTE|[230]
14:06:19.0 (26051563)|STATEMENT_EXECUTE|[233]
14:06:19.0 (26145472)|SYSTEM_MODE_ENTER|true
14:06:19.0 (26172004)|HEAP_ALLOCATE|[EXTERNAL]|Bytes:80
14:06:19.0 (26214138)|VARIABLE_ASSIGNMENT|[EXTERNAL]|this|{"delToHub":true,"delToProj":false,"detail":"0x50f7c737","invoked":false,"rejected":false,"reserved":false,"selectedTime3":"8:00","sublocations1":"0x5a336206","www":"0x37718fe0","wwwById":"0x34ff030"}|0x2bede159
14:06:19.0 (26223722)|STATEMENT_EXECUTE|[3]
14:06:19.0 (26227392)|STATEMENT_EXECUTE|[4]
14:06:19.0 (26228717)|STATEMENT_EXECUTE|[9]
14:06:19.0 (50302136)|SYSTEM_MODE_ENTER|true
14:06:19.0 (50339368)|HEAP_ALLOCATE|[EXTERNAL]|Bytes:80
14:06:19.0 (50393942)|VARIABLE_ASSIGNMENT|[EXTERNAL]|this|{"delToHub":true,"delToProj":false,"detail":"0x50f7c737","invoked":false,"rejected":false,"reserved":false,"selectedTime3":"8:00","sublocations1":"0x5a336206","www":"0x37718fe0","wwwById":"0x34ff030"}|0x2bede159
14:06:19.0 (50401857)|STATEMENT_EXECUTE|[186]
14:06:19.0 (50406142)|STATEMENT_EXECUTE|[187]
14:06:19.0 (50407392)|STATEMENT_EXECUTE|[190]
14:06:19.0 (50964996)|SYSTEM_MODE_ENTER|true
14:06:19.0 (50991321)|HEAP_ALLOCATE|[EXTERNAL]|Bytes:80
14:06:19.0 (51037946)|VARIABLE_ASSIGNMENT|[EXTERNAL]|this|{"delToHub":true,"delToProj":false,"detail":"0x50f7c737","invoked":false,"rejected":false,"reserved":false,"selectedTime3":"8:00","sublocations1":"0x5a336206","www":"0x37718fe0","wwwById":"0x34ff030"}|0x2bede159
14:06:19.0 (51045590)|STATEMENT_EXECUTE|[204]
14:06:19.0 (51049680)|STATEMENT_EXECUTE|[205]
14:06:19.0 (51057236)|STATEMENT_EXECUTE|[208]
14:06:19.0 (51113393)|SYSTEM_MODE_ENTER|true
14:06:19.0 (51137753)|HEAP_ALLOCATE|[EXTERNAL]|Bytes:80
14:06:19.0 (51179963)|VARIABLE_ASSIGNMENT|[EXTERNAL]|this|{"delToHub":true,"delToProj":false,"detail":"0x50f7c737","invoked":false,"rejected":false,"reserved":false,"selectedTime3":"8:00","sublocations1":"0x5a336206","www":"0x37718fe0","wwwById":"0x34ff030"}|0x2bede159
14:06:19.0 (51185655)|STATEMENT_EXECUTE|[220]
14:06:19.0 (51192407)|STATEMENT_EXECUTE|[221]
14:06:19.0 (51193623)|STATEMENT_EXECUTE|[224]
14:06:19.0 (51242133)|SYSTEM_MODE_ENTER|true
14:06:19.0 (51265626)|HEAP_ALLOCATE|[EXTERNAL]|Bytes:80
14:06:19.0 (51307056)|VARIABLE_ASSIGNMENT|[EXTERNAL]|this|{"delToHub":true,"delToProj":false,"detail":"0x50f7c737","invoked":false,"rejected":false,"reserved":false,"selectedTime3":"8:00","sublocations1":"0x5a336206","www":"0x37718fe0","wwwById":"0x34ff030"}|0x2bede159
14:06:19.0 (51316901)|STATEMENT_EXECUTE|[212]
14:06:19.0 (51320672)|STATEMENT_EXECUTE|[213]
14:06:19.0 (51326871)|STATEMENT_EXECUTE|[216]
14:06:19.0 (51406230)|SYSTEM_MODE_ENTER|true
14:06:19.0 (51429232)|HEAP_ALLOCATE|[EXTERNAL]|Bytes:80
14:06:19.0 (51472229)|VARIABLE_ASSIGNMENT|[EXTERNAL]|this|{"delToHub":true,"delToProj":false,"detail":"0x50f7c737","invoked":false,"rejected":false,"reserved":false,"selectedTime3":"8:00","sublocations1":"0x5a336206","www":"0x37718fe0","wwwById":"0x34ff030"}|0x2bede159
14:06:19.0 (51477963)|STATEMENT_EXECUTE|[21]
14:06:19.0 (51482035)|STATEMENT_EXECUTE|[22]
14:06:19.0 (51483763)|STATEMENT_EXECUTE|[26]
14:06:19.0 (73169626)|SYSTEM_MODE_ENTER|true
14:06:19.0 (73197858)|HEAP_ALLOCATE|[EXTERNAL]|Bytes:80
14:06:19.0 (73204475)|VARIABLE_SCOPE_BEGIN|[48]|this|NewDeliveredExtension|true|false
14:06:19.0 (73253190)|VARIABLE_ASSIGNMENT|[48]|this|{"delToHub":true,"delToProj":false,"detail":"0x50f7c737","invoked":false,"rejected":false,"reserved":false,"selectedTime3":"8:00","sublocations1":"0x5a336206","www":"0x37718fe0","wwwById":"0x34ff030"}|0x2bede159
14:06:19.0 (73261692)|STATEMENT_EXECUTE|[48]
14:06:19.0 (73263863)|STATEMENT_EXECUTE|[49]
14:06:19.0 (73271158)|HEAP_ALLOCATE|[49]|Bytes:4
14:06:19.0 (73308063)|VARIABLE_SCOPE_BEGIN|[49]|options|List<System.SelectOption>|true|false
14:06:19.0 (73340845)|HEAP_ALLOCATE|[EXTERNAL]|Bytes:4
14:06:19.0 (73349619)|VARIABLE_ASSIGNMENT|[49]|options|[]|0x925cf68
14:06:19.0 (73353087)|STATEMENT_EXECUTE|[50]
14:06:19.0 (73357964)|VARIABLE_SCOPE_BEGIN|[50]|i|Integer|false|false
14:06:19.0 (73361513)|HEAP_ALLOCATE|[50]|Bytes:4
14:06:19.0 (73366316)|VARIABLE_ASSIGNMENT|[50]|i|0
14:06:19.0 (73371286)|STATEMENT_EXECUTE|[50]
14:06:19.0 (73377732)|STATEMENT_EXECUTE|[51]
14:06:19.0 (73379502)|VARIABLE_SCOPE_BEGIN|[51]|j|Integer|false|false
14:06:19.0 (73381339)|HEAP_ALLOCATE|[51]|Bytes:4
14:06:19.0 (73383935)|VARIABLE_ASSIGNMENT|[51]|j|0
14:06:19.0 (73385745)|STATEMENT_EXECUTE|[51]
14:06:19.0 (73388244)|STATEMENT_EXECUTE|[52]
14:06:19.0 (73389324)|STATEMENT_EXECUTE|[53]
14:06:19.0 (73434813)|HEAP_ALLOCATE|[53]|Bytes:1
14:06:19.0 (73448746)|HEAP_ALLOCATE|[53]|Bytes:2
14:06:19.0 (73455902)|HEAP_ALLOCATE|[53]|Bytes:1
14:06:19.0 (73468115)|HEAP_ALLOCATE|[53]|Bytes:4
14:06:19.0 (73474843)|HEAP_ALLOCATE|[53]|Bytes:1
14:06:19.0 (73482244)|HEAP_ALLOCATE|[53]|Bytes:1
14:06:19.0 (73487301)|HEAP_ALLOCATE|[53]|Bytes:4
14:06:19.0 (73521281)|HEAP_ALLOCATE|[EXTERNAL]|Bytes:4
14:06:19.0 (73528799)|HEAP_ALLOCATE|[51]|Bytes:4
14:06:19.0 (73534265)|VARIABLE_ASSIGNMENT|[51]|j|30
14:06:19.0 (73538338)|STATEMENT_EXECUTE|[51]
14:06:19.0 (73540459)|STATEMENT_EXECUTE|[54]
14:06:19.0 (73541990)|STATEMENT_EXECUTE|[55]
14:06:19.0 (73558998)|HEAP_ALLOCATE|[55]|Bytes:1
14:06:19.0 (73565280)|HEAP_ALLOCATE|[55]|Bytes:1
14:06:19.0 (73571838)|HEAP_ALLOCATE|[55]|Bytes:2
14:06:19.0 (73582137)|HEAP_ALLOCATE|[55]|Bytes:4
14:06:19.0 (73587104)|HEAP_ALLOCATE|[55]|Bytes:1
14:06:19.0 (73594335)|HEAP_ALLOCATE|[55]|Bytes:2
14:06:19.0 (73599158)|HEAP_ALLOCATE|[55]|Bytes:4
14:06:19.0 (73614308)|HEAP_ALLOCATE|[EXTERNAL]|Bytes:4
14:06:19.0 (73619210)|HEAP_ALLOCATE|[51]|Bytes:4
14:06:19.0 (73624197)|VARIABLE_ASSIGNMENT|[51]|j|60
14:06:19.0 (73628059)|HEAP_ALLOCATE|[50]|Bytes:4
14:06:19.0 (73630607)|VARIABLE_ASSIGNMENT|[50]|i|1
14:06:19.0 (73632815)|STATEMENT_EXECUTE|[50]
14:06:19.0 (73634366)|STATEMENT_EXECUTE|[51]
14:06:19.0 (73636441)|VARIABLE_SCOPE_BEGIN|[51]|j|Integer|false|false
14:06:19.0 (73638282)|HEAP_ALLOCATE|[51]|Bytes:4
14:06:19.0 (73640619)|VARIABLE_ASSIGNMENT|[51]|j|0
14:06:19.0 (73646821)|STATEMENT_EXECUTE|[51]
14:06:19.0 (73648239)|STATEMENT_EXECUTE|[52]
14:06:19.0 (73649187)|STATEMENT_EXECUTE|[53]
14:06:19.0 (73657053)|HEAP_ALLOCATE|[53]|Bytes:1
14:06:19.0 (73665193)|HEAP_ALLOCATE|[53]|Bytes:1
14:06:19.0 (73671013)|HEAP_ALLOCATE|[53]|Bytes:4
14:06:19.0 (73676998)|HEAP_ALLOCATE|[53]|Bytes:1
14:06:19.0 (73683806)|HEAP_ALLOCATE|[53]|Bytes:1
14:06:19.0 (73688489)|HEAP_ALLOCATE|[53]|Bytes:4
14:06:19.0 (73694520)|HEAP_ALLOCATE|[EXTERNAL]|Bytes:4
14:06:19.0 (73698479)|HEAP_ALLOCATE|[51]|Bytes:4
14:06:19.0 (73701643)|VARIABLE_ASSIGNMENT|[51]|j|30
14:06:19.0 (73703732)|STATEMENT_EXECUTE|[51]
14:06:19.0 (73708886)|STATEMENT_EXECUTE|[54]
14:06:19.0 (73709974)|STATEMENT_EXECUTE|[55]
14:06:19.0 (73715872)|HEAP_ALLOCATE|[55]|Bytes:1
14:06:19.0 (73723411)|HEAP_ALLOCATE|[55]|Bytes:2
14:06:19.0 (73728481)|HEAP_ALLOCATE|[55]|Bytes:4
14:06:19.0 (73735403)|HEAP_ALLOCATE|[55]|Bytes:1
14:06:19.0 (73742564)|HEAP_ALLOCATE|[55]|Bytes:2
14:06:19.0 (73747253)|HEAP_ALLOCATE|[55]|Bytes:4
14:06:19.0 (73751996)|HEAP_ALLOCATE|[EXTERNAL]|Bytes:4
14:06:19.0 (73755480)|HEAP_ALLOCATE|[51]|Bytes:4
14:06:19.0 (73758290)|VARIABLE_ASSIGNMENT|[51]|j|60
14:06:19.0 (73760229)|HEAP_ALLOCATE|[50]|Bytes:4
14:06:19.0 (73762415)|VARIABLE_ASSIGNMENT|[50]|i|2
14:06:19.0 (73764203)|STATEMENT_EXECUTE|[50]
14:06:19.0 (73765578)|STATEMENT_EXECUTE|[51]
14:06:19.0 (73767203)|VARIABLE_SCOPE_BEGIN|[51]|j|Integer|false|false
14:06:19.0 (73768981)|HEAP_ALLOCATE|[51]|Bytes:4
14:06:19.0 (73771257)|VARIABLE_ASSIGNMENT|[51]|j|0
14:06:19.0 (73772732)|STATEMENT_EXECUTE|[51]
14:06:19.0 (73774047)|STATEMENT_EXECUTE|[52]
14:06:19.0 (73775307)|STATEMENT_EXECUTE|[53]
14:06:19.0 (73780736)|HEAP_ALLOCATE|[53]|Bytes:1
14:06:19.0 (73787940)|HEAP_ALLOCATE|[53]|Bytes:1
14:06:19.0 (73792756)|HEAP_ALLOCATE|[53]|Bytes:4
14:06:19.0 (73797133)|HEAP_ALLOCATE|[53]|Bytes:1
14:06:19.0 (73816337)|HEAP_ALLOCATE|[53]|Bytes:1
14:06:19.0 (73827585)|HEAP_ALLOCATE|[53]|Bytes:4
14:06:19.0 (73833482)|HEAP_ALLOCATE|[EXTERNAL]|Bytes:4
14:06:19.0 (73837472)|HEAP_ALLOCATE|[51]|Bytes:4
14:06:19.0 (73841510)|VARIABLE_ASSIGNMENT|[51]|j|30
14:06:19.0 (73843844)|STATEMENT_EXECUTE|[51]
14:06:19.0 (73845216)|STATEMENT_EXECUTE|[54]
14:06:19.0 (73846146)|STATEMENT_EXECUTE|[55]
14:06:19.0 (73856290)|HEAP_ALLOCATE|[55]|Bytes:1
14:06:19.0 (73864329)|HEAP_ALLOCATE|[55]|Bytes:2
14:06:19.0 (73869242)|HEAP_ALLOCATE|[55]|Bytes:4
14:06:19.0 (73873805)|HEAP_ALLOCATE|[55]|Bytes:1
14:06:19.0 (73880557)|HEAP_ALLOCATE|[55]|Bytes:2
14:06:19.0 (73894995)|HEAP_ALLOCATE|[55]|Bytes:4
14:06:19.0 (73900899)|HEAP_ALLOCATE|[EXTERNAL]|Bytes:4
14:06:19.0 (73905576)|HEAP_ALLOCATE|[51]|Bytes:4
14:06:19.0 (73909301)|VARIABLE_ASSIGNMENT|[51]|j|60
14:06:19.0 (73911687)|HEAP_ALLOCATE|[50]|Bytes:4
14:06:19.0 (73914914)|VARIABLE_ASSIGNMENT|[50]|i|3
14:06:19.0 (73917569)|STATEMENT_EXECUTE|[50]
14:06:19.0 (73919416)|STATEMENT_EXECUTE|[51]
14:06:19.0 (73921400)|VARIABLE_SCOPE_BEGIN|[51]|j|Integer|false|false
14:06:19.0 (73923163)|HEAP_ALLOCATE|[51]|Bytes:4
14:06:19.0 (73925447)|VARIABLE_ASSIGNMENT|[51]|j|0
14:06:19.0 (73926940)|STATEMENT_EXECUTE|[51]
14:06:19.0 (73928241)|STATEMENT_EXECUTE|[52]
14:06:19.0 (73929186)|STATEMENT_EXECUTE|[53]
14:06:19.0 (73935755)|HEAP_ALLOCATE|[53]|Bytes:1
14:06:19.0 (73943447)|HEAP_ALLOCATE|[53]|Bytes:1
14:06:19.0 (73948347)|HEAP_ALLOCATE|[53]|Bytes:4
14:06:19.0 (73952832)|HEAP_ALLOCATE|[53]|Bytes:1
14:06:19.0 (73962923)|HEAP_ALLOCATE|[53]|Bytes:1
14:06:19.0 (73967798)|HEAP_ALLOCATE|[53]|Bytes:4
14:06:19.0 (73972755)|HEAP_ALLOCATE|[EXTERNAL]|Bytes:4
14:06:19.0 (73976286)|HEAP_ALLOCATE|[51]|Bytes:4
14:06:19.0 (73979109)|VARIABLE_ASSIGNMENT|[51]|j|30
14:06:19.0 (73980940)|STATEMENT_EXECUTE|[51]
14:06:19.0 (73982535)|STATEMENT_EXECUTE|[54]
14:06:19.0 (73983467)|STATEMENT_EXECUTE|[55]
14:06:19.0 (73990983)|HEAP_ALLOCATE|[55]|Bytes:1
14:06:19.0 (73998703)|HEAP_ALLOCATE|[55]|Bytes:2
14:06:19.0 (74003552)|HEAP_ALLOCATE|[55]|Bytes:4
14:06:19.0 (74008964)|HEAP_ALLOCATE|[55]|Bytes:1
14:06:19.0 (74015684)|HEAP_ALLOCATE|[55]|Bytes:2
14:06:19.0 (74020407)|HEAP_ALLOCATE|[55]|Bytes:4
14:06:19.0 (74027999)|HEAP_ALLOCATE|[EXTERNAL]|Bytes:4
14:06:19.0 (74031565)|HEAP_ALLOCATE|[51]|Bytes:4
14:06:19.0 (74034547)|VARIABLE_ASSIGNMENT|[51]|j|60
14:06:19.0 (74036408)|HEAP_ALLOCATE|[50]|Bytes:4
14:06:19.0 (74038760)|VARIABLE_ASSIGNMENT|[50]|i|4
14:06:19.0 (74040535)|STATEMENT_EXECUTE|[50]
14:06:19.0 (74041905)|STATEMENT_EXECUTE|[51]
14:06:19.0 (74043619)|VARIABLE_SCOPE_BEGIN|[51]|j|Integer|false|false
14:06:19.0 (74045039)|HEAP_ALLOCATE|[51]|Bytes:4
14:06:19.0 (74047381)|VARIABLE_ASSIGNMENT|[51]|j|0
14:06:19.0 (74049449)|STATEMENT_EXECUTE|[51]
14:06:19.0 (74051684)|STATEMENT_EXECUTE|[52]
14:06:19.0 (74053297)|STATEMENT_EXECUTE|[53]
14:06:19.0 (74059435)|HEAP_ALLOCATE|[53]|Bytes:1
14:06:19.0 (74066628)|HEAP_ALLOCATE|[53]|Bytes:1
14:06:19.0 (74071498)|HEAP_ALLOCATE|[53]|Bytes:4
14:06:19.0 (74075896)|HEAP_ALLOCATE|[53]|Bytes:1
14:06:19.0 (74082741)|HEAP_ALLOCATE|[53]|Bytes:1
14:06:19.0 (74087387)|HEAP_ALLOCATE|[53]|Bytes:4
14:06:19.0 (74095603)|HEAP_ALLOCATE|[EXTERNAL]|Bytes:4
14:06:19.0 (74099131)|HEAP_ALLOCATE|[51]|Bytes:4
14:06:19.0 (74102192)|VARIABLE_ASSIGNMENT|[51]|j|30
14:06:19.0 (74103883)|STATEMENT_EXECUTE|[51]
14:06:19.0 (74105424)|STATEMENT_EXECUTE|[54]
14:06:19.0 (74106584)|STATEMENT_EXECUTE|[55]
14:06:19.0 (74111961)|HEAP_ALLOCATE|[55]|Bytes:1
14:06:19.0 (74120672)|HEAP_ALLOCATE|[55]|Bytes:2
14:06:19.0 (74126635)|HEAP_ALLOCATE|[55]|Bytes:4
14:06:19.0 (74131105)|HEAP_ALLOCATE|[55]|Bytes:1
14:06:19.0 (74137967)|HEAP_ALLOCATE|[55]|Bytes:2
14:06:19.0 (74142521)|HEAP_ALLOCATE|[55]|Bytes:4
14:06:19.0 (74146902)|HEAP_ALLOCATE|[EXTERNAL]|Bytes:4
14:06:19.0 (74150377)|HEAP_ALLOCATE|[51]|Bytes:4
14:06:19.0 (74158438)|VARIABLE_ASSIGNMENT|[51]|j|60
14:06:19.0 (74160529)|HEAP_ALLOCATE|[50]|Bytes:4
14:06:19.0 (74162922)|VARIABLE_ASSIGNMENT|[50]|i|5
14:06:19.0 (74164773)|STATEMENT_EXECUTE|[50]
14:06:19.0 (74166177)|STATEMENT_EXECUTE|[51]
14:06:19.0 (74167899)|VARIABLE_SCOPE_BEGIN|[51]|j|Integer|false|false
14:06:19.0 (74169231)|HEAP_ALLOCATE|[51]|Bytes:4
14:06:19.0 (74171509)|VARIABLE_ASSIGNMENT|[51]|j|0
14:06:19.0 (74172912)|STATEMENT_EXECUTE|[51]
14:06:19.0 (74174245)|STATEMENT_EXECUTE|[52]
14:06:19.0 (74175155)|STATEMENT_EXECUTE|[53]
14:06:19.0 (74181143)|HEAP_ALLOCATE|[53]|Bytes:1
14:06:19.0 (74190203)|HEAP_ALLOCATE|[53]|Bytes:1
14:06:19.0 (74195157)|HEAP_ALLOCATE|[53]|Bytes:4
14:06:19.0 (74199562)|HEAP_ALLOCATE|[53]|Bytes:1
14:06:19.0 (74206226)|HEAP_ALLOCATE|[53]|Bytes:1
14:06:19.0 (74210770)|HEAP_ALLOCATE|[53]|Bytes:4
14:06:19.0 (74215285)|HEAP_ALLOCATE|[EXTERNAL]|Bytes:4
14:06:19.0 (74219010)|HEAP_ALLOCATE|[51]|Bytes:4
14:06:19.0 (74221741)|VARIABLE_ASSIGNMENT|[51]|j|30
14:06:19.0 (74228630)|STATEMENT_EXECUTE|[51]
14:06:19.0 (74230338)|STATEMENT_EXECUTE|[54]
14:06:19.0 (74231304)|STATEMENT_EXECUTE|[55]
14:06:19.0 (74236848)|HEAP_ALLOCATE|[55]|Bytes:1
14:06:19.0 (74244129)|HEAP_ALLOCATE|[55]|Bytes:2
14:06:19.0 (74249041)|HEAP_ALLOCATE|[55]|Bytes:4
14:06:19.0 (74255311)|HEAP_ALLOCATE|[55]|Bytes:1
14:06:19.0 (74262825)|HEAP_ALLOCATE|[55]|Bytes:2
14:06:19.0 (74267397)|HEAP_ALLOCATE|[55]|Bytes:4
14:06:19.0 (74271717)|HEAP_ALLOCATE|[EXTERNAL]|Bytes:4
14:06:19.0 (74275105)|HEAP_ALLOCATE|[51]|Bytes:4
14:06:19.0 (74278072)|VARIABLE_ASSIGNMENT|[51]|j|60
14:06:19.0 (74279936)|HEAP_ALLOCATE|[50]|Bytes:4
14:06:19.0 (74282274)|VARIABLE_ASSIGNMENT|[50]|i|6
14:06:19.0 (74283984)|STATEMENT_EXECUTE|[50]
14:06:19.0 (74285386)|STATEMENT_EXECUTE|[51]
14:06:19.0 (74287181)|VARIABLE_SCOPE_BEGIN|[51]|j|Integer|false|false
14:06:19.0 (74288691)|HEAP_ALLOCATE|[51]|Bytes:4
14:06:19.0 (74295897)|VARIABLE_ASSIGNMENT|[51]|j|0
14:06:19.0 (74297492)|STATEMENT_EXECUTE|[51]
14:06:19.0 (74298727)|STATEMENT_EXECUTE|[52]
14:06:19.0 (74299741)|STATEMENT_EXECUTE|[53]
14:06:19.0 (74305548)|HEAP_ALLOCATE|[53]|Bytes:1
14:06:19.0 (74318392)|HEAP_ALLOCATE|[53]|Bytes:1
14:06:19.0 (74326160)|HEAP_ALLOCATE|[53]|Bytes:4
14:06:19.0 (74330772)|HEAP_ALLOCATE|[53]|Bytes:1
14:06:19.0 (74337557)|HEAP_ALLOCATE|[53]|Bytes:1
14:06:19.0 (74342086)|HEAP_ALLOCATE|[53]|Bytes:4
14:06:19.0 (74346951)|HEAP_ALLOCATE|[EXTERNAL]|Bytes:4
14:06:19.0 (74350421)|HEAP_ALLOCATE|[51]|Bytes:4
14:06:19.0 (74353385)|VARIABLE_ASSIGNMENT|[51]|j|30
14:06:19.0 (74355267)|STATEMENT_EXECUTE|[51]
14:06:19.0 (74356579)|STATEMENT_EXECUTE|[54]
14:06:19.0 (74357496)|STATEMENT_EXECUTE|[55]
14:06:19.0 (74362722)|HEAP_ALLOCATE|[55]|Bytes:1
14:06:19.0 (74369796)|HEAP_ALLOCATE|[55]|Bytes:2
14:06:19.0 (74374440)|HEAP_ALLOCATE|[55]|Bytes:4
14:06:19.0 (74378787)|HEAP_ALLOCATE|[55]|Bytes:1
14:06:19.0 (74385352)|HEAP_ALLOCATE|[55]|Bytes:2
14:06:19.0 (74390033)|HEAP_ALLOCATE|[55]|Bytes:4
14:06:19.0 (74394351)|HEAP_ALLOCATE|[EXTERNAL]|Bytes:4
14:06:19.0 (74397892)|HEAP_ALLOCATE|[51]|Bytes:4
14:06:19.0 (74400479)|VARIABLE_ASSIGNMENT|[51]|j|60
14:06:19.0 (74402702)|HEAP_ALLOCATE|[50]|Bytes:4
14:06:19.0 (74405035)|VARIABLE_ASSIGNMENT|[50]|i|7
14:06:19.0 (74406900)|STATEMENT_EXECUTE|[50]
14:06:19.0 (74408247)|STATEMENT_EXECUTE|[51]
14:06:19.0 (74414122)|VARIABLE_SCOPE_BEGIN|[51]|j|Integer|false|false
14:06:19.0 (74415712)|HEAP_ALLOCATE|[51]|Bytes:4
14:06:19.0 (74418129)|VARIABLE_ASSIGNMENT|[51]|j|0
14:06:19.0 (74419752)|STATEMENT_EXECUTE|[51]
14:06:19.0 (74420989)|STATEMENT_EXECUTE|[52]
14:06:19.0 (74422166)|STATEMENT_EXECUTE|[53]
14:06:19.0 (74427828)|HEAP_ALLOCATE|[53]|Bytes:1
14:06:19.0 (74435074)|HEAP_ALLOCATE|[53]|Bytes:1
14:06:19.0 (74441225)|HEAP_ALLOCATE|[53]|Bytes:4
14:06:19.0 (74446780)|HEAP_ALLOCATE|[53]|Bytes:1
14:06:19.0 (74453535)|HEAP_ALLOCATE|[53]|Bytes:1
14:06:19.0 (74457899)|HEAP_ALLOCATE|[53]|Bytes:4
14:06:19.0 (74462588)|HEAP_ALLOCATE|[EXTERNAL]|Bytes:4
14:06:19.0 (74466241)|HEAP_ALLOCATE|[51]|Bytes:4
14:06:19.0 (74468948)|VARIABLE_ASSIGNMENT|[51]|j|30
14:06:19.0 (74470647)|STATEMENT_EXECUTE|[51]
14:06:19.0 (74472291)|STATEMENT_EXECUTE|[54]
14:06:19.0 (74473218)|STATEMENT_EXECUTE|[55]
14:06:19.0 (74482004)|HEAP_ALLOCATE|[55]|Bytes:1
14:06:19.0 (74489290)|HEAP_ALLOCATE|[55]|Bytes:2
14:06:19.0 (74494089)|HEAP_ALLOCATE|[55]|Bytes:4
14:06:19.0 (74498549)|HEAP_ALLOCATE|[55]|Bytes:1
14:06:19.0 (74508022)|HEAP_ALLOCATE|[55]|Bytes:2
14:06:19.0 (74512776)|HEAP_ALLOCATE|[55]|Bytes:4
14:06:19.0 (74517360)|HEAP_ALLOCATE|[EXTERNAL]|Bytes:4
14:06:19.0 (74520856)|HEAP_ALLOCATE|[51]|Bytes:4
14:06:19.0 (74523635)|VARIABLE_ASSIGNMENT|[51]|j|60
14:06:19.0 (74525456)|HEAP_ALLOCATE|[50]|Bytes:4
14:06:19.0 (74527564)|VARIABLE_ASSIGNMENT|[50]|i|8
14:06:19.0 (74529267)|STATEMENT_EXECUTE|[50]
14:06:19.0 (74530749)|STATEMENT_EXECUTE|[51]
14:06:19.0 (74532464)|VARIABLE_SCOPE_BEGIN|[51]|j|Integer|false|false
14:06:19.0 (74533766)|HEAP_ALLOCATE|[51]|Bytes:4
14:06:19.0 (74535976)|VARIABLE_ASSIGNMENT|[51]|j|0
14:06:19.0 (74537431)|STATEMENT_EXECUTE|[51]
14:06:19.0 (74538753)|STATEMENT_EXECUTE|[52]
14:06:19.0 (74539678)|STATEMENT_EXECUTE|[53]
14:06:19.0 (74550371)|HEAP_ALLOCATE|[53]|Bytes:1
14:06:19.0 (74557907)|HEAP_ALLOCATE|[53]|Bytes:1
14:06:19.0 (74562740)|HEAP_ALLOCATE|[53]|Bytes:4
14:06:19.0 (74567105)|HEAP_ALLOCATE|[53]|Bytes:1
14:06:19.0 (74573936)|HEAP_ALLOCATE|[53]|Bytes:1
14:06:19.0 (74581180)|HEAP_ALLOCATE|[53]|Bytes:4
14:06:19.0 (74586031)|HEAP_ALLOCATE|[EXTERNAL]|Bytes:4
14:06:19.0 (74589335)|HEAP_ALLOCATE|[51]|Bytes:4
14:06:19.0 (74592070)|VARIABLE_ASSIGNMENT|[51]|j|30
14:06:19.0 (74593803)|STATEMENT_EXECUTE|[51]
14:06:19.0 (74595159)|STATEMENT_EXECUTE|[54]
14:06:19.0 (74596071)|STATEMENT_EXECUTE|[55]
14:06:19.0 (74601467)|HEAP_ALLOCATE|[55]|Bytes:1
14:06:19.0 (74608659)|HEAP_ALLOCATE|[55]|Bytes:2
14:06:19.0 (74616843)|HEAP_ALLOCATE|[55]|Bytes:4
14:06:19.0 (74621410)|HEAP_ALLOCATE|[55]|Bytes:1
14:06:19.0 (74628630)|HEAP_ALLOCATE|[55]|Bytes:2
14:06:19.0 (74633185)|HEAP_ALLOCATE|[55]|Bytes:4
14:06:19.0 (74638463)|HEAP_ALLOCATE|[EXTERNAL]|Bytes:4
14:06:19.0 (74643358)|HEAP_ALLOCATE|[51]|Bytes:4
14:06:19.0 (74646621)|VARIABLE_ASSIGNMENT|[51]|j|60
14:06:19.0 (74648976)|HEAP_ALLOCATE|[50]|Bytes:4
14:06:19.0 (74651143)|VARIABLE_ASSIGNMENT|[50]|i|9
14:06:19.0 (74652897)|STATEMENT_EXECUTE|[50]
14:06:19.0 (74654193)|STATEMENT_EXECUTE|[51]
14:06:19.0 (74655875)|VARIABLE_SCOPE_BEGIN|[51]|j|Integer|false|false
14:06:19.0 (74657164)|HEAP_ALLOCATE|[51]|Bytes:4
14:06:19.0 (74659331)|VARIABLE_ASSIGNMENT|[51]|j|0
14:06:19.0 (74660751)|STATEMENT_EXECUTE|[51]
14:06:19.0 (74661958)|STATEMENT_EXECUTE|[52]
14:06:19.0 (74662864)|STATEMENT_EXECUTE|[53]
14:06:19.0 (74668423)|HEAP_ALLOCATE|[53]|Bytes:1
14:06:19.0 (74676048)|HEAP_ALLOCATE|[53]|Bytes:1
14:06:19.0 (74683945)|HEAP_ALLOCATE|[53]|Bytes:4
14:06:19.0 (74688644)|HEAP_ALLOCATE|[53]|Bytes:1
14:06:19.0 (74695659)|HEAP_ALLOCATE|[53]|Bytes:1
14:06:19.0 (74700260)|HEAP_ALLOCATE|[53]|Bytes:4
14:06:19.0 (74705044)|HEAP_ALLOCATE|[EXTERNAL]|Bytes:4
14:06:19.0 (74709816)|HEAP_ALLOCATE|[51]|Bytes:4
14:06:19.0 (74713437)|VARIABLE_ASSIGNMENT|[51]|j|30
14:06:19.0 (74715176)|STATEMENT_EXECUTE|[51]
14:06:19.0 (74716537)|STATEMENT_EXECUTE|[54]
14:06:19.0 (74717735)|STATEMENT_EXECUTE|[55]
14:06:19.0 (74723093)|HEAP_ALLOCATE|[55]|Bytes:1
14:06:19.0 (74730408)|HEAP_ALLOCATE|[55]|Bytes:2
14:06:19.0 (74735115)|HEAP_ALLOCATE|[55]|Bytes:4
14:06:19.0 (74739590)|HEAP_ALLOCATE|[55]|Bytes:1
14:06:19.0 (74749962)|HEAP_ALLOCATE|[55]|Bytes:2
14:06:19.0 (74754660)|HEAP_ALLOCATE|[55]|Bytes:4
14:06:19.0 (74759014)|HEAP_ALLOCATE|[EXTERNAL]|Bytes:4
14:06:19.0 (74762375)|HEAP_ALLOCATE|[51]|Bytes:4
14:06:19.0 (74765061)|VARIABLE_ASSIGNMENT|[51]|j|60
14:06:19.0 (74766914)|HEAP_ALLOCATE|[50]|Bytes:4
14:06:19.0 (74769078)|VARIABLE_ASSIGNMENT|[50]|i|10
14:06:19.0 (74771302)|STATEMENT_EXECUTE|[50]
14:06:19.0 (74773180)|STATEMENT_EXECUTE|[51]
14:06:19.0 (74775859)|VARIABLE_SCOPE_BEGIN|[51]|j|Integer|false|false
14:06:19.0 (74777311)|HEAP_ALLOCATE|[51]|Bytes:4
14:06:19.0 (74779868)|VARIABLE_ASSIGNMENT|[51]|j|0
14:06:19.0 (74781379)|STATEMENT_EXECUTE|[51]
14:06:19.0 (74782591)|STATEMENT_EXECUTE|[52]
14:06:19.0 (74783497)|STATEMENT_EXECUTE|[53]
14:06:19.0 (74789195)|HEAP_ALLOCATE|[53]|Bytes:2
14:06:19.0 (74796363)|HEAP_ALLOCATE|[53]|Bytes:1
14:06:19.0 (74801258)|HEAP_ALLOCATE|[53]|Bytes:5
14:06:19.0 (74805886)|HEAP_ALLOCATE|[53]|Bytes:2
14:06:19.0 (74816916)|HEAP_ALLOCATE|[53]|Bytes:1
14:06:19.0 (74821692)|HEAP_ALLOCATE|[53]|Bytes:5
14:06:19.0 (74826632)|HEAP_ALLOCATE|[EXTERNAL]|Bytes:4
14:06:19.0 (74830246)|HEAP_ALLOCATE|[51]|Bytes:4
14:06:19.0 (74833095)|VARIABLE_ASSIGNMENT|[51]|j|30
14:06:19.0 (74834753)|STATEMENT_EXECUTE|[51]
14:06:19.0 (74836065)|STATEMENT_EXECUTE|[54]
14:06:19.0 (74836993)|STATEMENT_EXECUTE|[55]
14:06:19.0 (74844341)|HEAP_ALLOCATE|[55]|Bytes:2
14:06:19.0 (74852093)|HEAP_ALLOCATE|[55]|Bytes:2
14:06:19.0 (74856798)|HEAP_ALLOCATE|[55]|Bytes:5
14:06:19.0 (74861147)|HEAP_ALLOCATE|[55]|Bytes:2
14:06:19.0 (74867870)|HEAP_ALLOCATE|[55]|Bytes:2
14:06:19.0 (74872539)|HEAP_ALLOCATE|[55]|Bytes:5
14:06:19.0 (74880542)|HEAP_ALLOCATE|[EXTERNAL]|Bytes:4
14:06:19.0 (74883975)|HEAP_ALLOCATE|[51]|Bytes:4
14:06:19.0 (74886788)|VARIABLE_ASSIGNMENT|[51]|j|60
14:06:19.0 (74888919)|HEAP_ALLOCATE|[50]|Bytes:4
14:06:19.0 (74891178)|VARIABLE_ASSIGNMENT|[50]|i|11
14:06:19.0 (74892840)|STATEMENT_EXECUTE|[50]
14:06:19.0 (74894196)|STATEMENT_EXECUTE|[51]
14:06:19.0 (74895901)|VARIABLE_SCOPE_BEGIN|[51]|j|Integer|false|false
14:06:19.0 (74897226)|HEAP_ALLOCATE|[51]|Bytes:4
14:06:19.0 (74899404)|VARIABLE_ASSIGNMENT|[51]|j|0
14:06:19.0 (74900812)|STATEMENT_EXECUTE|[51]
14:06:19.0 (74902735)|STATEMENT_EXECUTE|[52]
14:06:19.0 (74904109)|STATEMENT_EXECUTE|[53]
14:06:19.0 (74910987)|HEAP_ALLOCATE|[53]|Bytes:2
14:06:19.0 (74918178)|HEAP_ALLOCATE|[53]|Bytes:1
14:06:19.0 (74922941)|HEAP_ALLOCATE|[53]|Bytes:5
14:06:19.0 (74927236)|HEAP_ALLOCATE|[53]|Bytes:2
14:06:19.0 (74933882)|HEAP_ALLOCATE|[53]|Bytes:1
14:06:19.0 (74938458)|HEAP_ALLOCATE|[53]|Bytes:5
14:06:19.0 (74942774)|HEAP_ALLOCATE|[EXTERNAL]|Bytes:4
14:06:19.0 (74946171)|HEAP_ALLOCATE|[51]|Bytes:4
14:06:19.0 (74948819)|VARIABLE_ASSIGNMENT|[51]|j|30
14:06:19.0 (74950386)|STATEMENT_EXECUTE|[51]
14:06:19.0 (74951695)|STATEMENT_EXECUTE|[54]
14:06:19.0 (74952813)|STATEMENT_EXECUTE|[55]
14:06:19.0 (74957863)|HEAP_ALLOCATE|[55]|Bytes:2
14:06:19.0 (74965038)|HEAP_ALLOCATE|[55]|Bytes:2
14:06:19.0 (74969826)|HEAP_ALLOCATE|[55]|Bytes:5
14:06:19.0 (74974258)|HEAP_ALLOCATE|[55]|Bytes:2
14:06:19.0 (74981258)|HEAP_ALLOCATE|[55]|Bytes:2
14:06:19.0 (74985890)|HEAP_ALLOCATE|[55]|Bytes:5
14:06:19.0 (74990815)|HEAP_ALLOCATE|[EXTERNAL]|Bytes:4
14:06:19.0 (74998279)|HEAP_ALLOCATE|[51]|Bytes:4
14:06:19.0 (75001110)|VARIABLE_ASSIGNMENT|[51]|j|60
14:06:19.0 (75003569)|HEAP_ALLOCATE|[50]|Bytes:4
14:06:19.0 (75005769)|VARIABLE_ASSIGNMENT|[50]|i|12
14:06:19.0 (75007520)|STATEMENT_EXECUTE|[50]
14:06:19.0 (75008917)|STATEMENT_EXECUTE|[51]
14:06:19.0 (75010641)|VARIABLE_SCOPE_BEGIN|[51]|j|Integer|false|false
14:06:19.0 (75011943)|HEAP_ALLOCATE|[51]|Bytes:4
14:06:19.0 (75014271)|VARIABLE_ASSIGNMENT|[51]|j|0
14:06:19.0 (75015773)|STATEMENT_EXECUTE|[51]
14:06:19.0 (75016974)|STATEMENT_EXECUTE|[52]
14:06:19.0 (75017883)|STATEMENT_EXECUTE|[53]
14:06:19.0 (75025722)|HEAP_ALLOCATE|[53]|Bytes:2
14:06:19.0 (75033564)|HEAP_ALLOCATE|[53]|Bytes:1
14:06:19.0 (75038549)|HEAP_ALLOCATE|[53]|Bytes:5
14:06:19.0 (75043114)|HEAP_ALLOCATE|[53]|Bytes:2
14:06:19.0 (75049785)|HEAP_ALLOCATE|[53]|Bytes:1
14:06:19.0 (75054517)|HEAP_ALLOCATE|[53]|Bytes:5
14:06:19.0 (75062739)|HEAP_ALLOCATE|[EXTERNAL]|Bytes:4
14:06:19.0 (75066230)|HEAP_ALLOCATE|[51]|Bytes:4
14:06:19.0 (75069084)|VARIABLE_ASSIGNMENT|[51]|j|30
14:06:19.0 (75070741)|STATEMENT_EXECUTE|[51]
14:06:19.0 (75072046)|STATEMENT_EXECUTE|[54]
14:06:19.0 (75073115)|STATEMENT_EXECUTE|[55]
14:06:19.0 (75078531)|HEAP_ALLOCATE|[55]|Bytes:2
14:06:19.0 (75087795)|HEAP_ALLOCATE|[55]|Bytes:2
14:06:19.0 (75093508)|HEAP_ALLOCATE|[55]|Bytes:5
14:06:19.0 (75097948)|HEAP_ALLOCATE|[55]|Bytes:2
14:06:19.0 (75104562)|HEAP_ALLOCATE|[55]|Bytes:2
14:06:19.0 (75109069)|HEAP_ALLOCATE|[55]|Bytes:5
14:06:19.0 (75113517)|HEAP_ALLOCATE|[EXTERNAL]|Bytes:4
14:06:19.0 (75116830)|HEAP_ALLOCATE|[51]|Bytes:4
14:06:19.0 (75119610)|VARIABLE_ASSIGNMENT|[51]|j|60
14:06:19.0 (75121791)|HEAP_ALLOCATE|[50]|Bytes:4
14:06:19.0 (75124185)|VARIABLE_ASSIGNMENT|[50]|i|13
14:06:19.0 (75125900)|STATEMENT_EXECUTE|[50]
14:06:19.0 (75128001)|STATEMENT_EXECUTE|[51]
14:06:19.0 (75133660)|VARIABLE_SCOPE_BEGIN|[51]|j|Integer|false|false
14:06:19.0 (75135127)|HEAP_ALLOCATE|[51]|Bytes:4
14:06:19.0 (75137423)|VARIABLE_ASSIGNMENT|[51]|j|0
14:06:19.0 (75139044)|STATEMENT_EXECUTE|[51]
14:06:19.0 (75140255)|STATEMENT_EXECUTE|[52]
14:06:19.0 (75141250)|STATEMENT_EXECUTE|[53]
14:06:19.0 (75146714)|HEAP_ALLOCATE|[53]|Bytes:2
14:06:19.0 (75153921)|HEAP_ALLOCATE|[53]|Bytes:1
14:06:19.0 (75160913)|HEAP_ALLOCATE|[53]|Bytes:5
14:06:19.0 (75165760)|HEAP_ALLOCATE|[53]|Bytes:2
14:06:19.0 (75172420)|HEAP_ALLOCATE|[53]|Bytes:1
14:06:19.0 (75176943)|HEAP_ALLOCATE|[53]|Bytes:5
14:06:19.0 (75181475)|HEAP_ALLOCATE|[EXTERNAL]|Bytes:4
14:06:19.0 (75185078)|HEAP_ALLOCATE|[51]|Bytes:4
14:06:19.0 (75188166)|VARIABLE_ASSIGNMENT|[51]|j|30
14:06:19.0 (75189858)|STATEMENT_EXECUTE|[51]
14:06:19.0 (75191663)|STATEMENT_EXECUTE|[54]
14:06:19.0 (75197379)|STATEMENT_EXECUTE|[55]
14:06:19.0 (75202702)|HEAP_ALLOCATE|[55]|Bytes:2
14:06:19.0 (75210043)|HEAP_ALLOCATE|[55]|Bytes:2
14:06:19.0 (75214750)|HEAP_ALLOCATE|[55]|Bytes:5
14:06:19.0 (75219801)|HEAP_ALLOCATE|[55]|Bytes:2
14:06:19.0 (75228312)|HEAP_ALLOCATE|[55]|Bytes:2
14:06:19.0 (75233061)|HEAP_ALLOCATE|[55]|Bytes:5
14:06:19.0 (75237393)|HEAP_ALLOCATE|[EXTERNAL]|Bytes:4
14:06:19.0 (75240701)|HEAP_ALLOCATE|[51]|Bytes:4
14:06:19.0 (75243482)|VARIABLE_ASSIGNMENT|[51]|j|60
14:06:19.0 (75245338)|HEAP_ALLOCATE|[50]|Bytes:4
14:06:19.0 (75247833)|VARIABLE_ASSIGNMENT|[50]|i|14
14:06:19.0 (75249638)|STATEMENT_EXECUTE|[50]
14:06:19.0 (75250943)|STATEMENT_EXECUTE|[51]
14:06:19.0 (75252805)|VARIABLE_SCOPE_BEGIN|[51]|j|Integer|false|false
14:06:19.0 (75254282)|HEAP_ALLOCATE|[51]|Bytes:4
14:06:19.0 (75256472)|VARIABLE_ASSIGNMENT|[51]|j|0
14:06:19.0 (75257891)|STATEMENT_EXECUTE|[51]
14:06:19.0 (75259142)|STATEMENT_EXECUTE|[52]
14:06:19.0 (75260146)|STATEMENT_EXECUTE|[53]
14:06:19.0 (75268813)|HEAP_ALLOCATE|[53]|Bytes:2
14:06:19.0 (75276585)|HEAP_ALLOCATE|[53]|Bytes:1
14:06:19.0 (75281380)|HEAP_ALLOCATE|[53]|Bytes:5
14:06:19.0 (75285714)|HEAP_ALLOCATE|[53]|Bytes:2
14:06:19.0 (75292539)|HEAP_ALLOCATE|[53]|Bytes:1
14:06:19.0 (75297713)|HEAP_ALLOCATE|[53]|Bytes:5
14:06:19.0 (75303914)|HEAP_ALLOCATE|[EXTERNAL]|Bytes:4
14:06:19.0 (75307503)|HEAP_ALLOCATE|[51]|Bytes:4
14:06:19.0 (75313387)|VARIABLE_ASSIGNMENT|[51]|j|30
14:06:19.0 (75315193)|STATEMENT_EXECUTE|[51]
14:06:19.0 (75316510)|STATEMENT_EXECUTE|[54]
14:06:19.0 (75317430)|STATEMENT_EXECUTE|[55]
14:06:19.0 (75322956)|HEAP_ALLOCATE|[55]|Bytes:2
14:06:19.0 (75330227)|HEAP_ALLOCATE|[55]|Bytes:2
14:06:19.0 (75335070)|HEAP_ALLOCATE|[55]|Bytes:5
14:06:19.0 (75343382)|HEAP_ALLOCATE|[55]|Bytes:2
14:06:19.0 (75350325)|HEAP_ALLOCATE|[55]|Bytes:2
14:06:19.0 (75354946)|HEAP_ALLOCATE|[55]|Bytes:5
14:06:19.0 (75359689)|HEAP_ALLOCATE|[EXTERNAL]|Bytes:4
14:06:19.0 (75363013)|HEAP_ALLOCATE|[51]|Bytes:4
14:06:19.0 (75366538)|VARIABLE_ASSIGNMENT|[51]|j|60
14:06:19.0 (75369303)|HEAP_ALLOCATE|[50]|Bytes:4
14:06:19.0 (75372492)|VARIABLE_ASSIGNMENT|[50]|i|15
14:06:19.0 (75374273)|STATEMENT_EXECUTE|[50]
14:06:19.0 (75375578)|STATEMENT_EXECUTE|[51]
14:06:19.0 (75377236)|VARIABLE_SCOPE_BEGIN|[51]|j|Integer|false|false
14:06:19.0 (75378667)|HEAP_ALLOCATE|[51]|Bytes:4
14:06:19.0 (75380768)|VARIABLE_ASSIGNMENT|[51]|j|0
14:06:19.0 (75382170)|STATEMENT_EXECUTE|[51]
14:06:19.0 (75383371)|STATEMENT_EXECUTE|[52]
14:06:19.0 (75384280)|STATEMENT_EXECUTE|[53]
14:06:19.0 (75389875)|HEAP_ALLOCATE|[53]|Bytes:2
14:06:19.0 (75397184)|HEAP_ALLOCATE|[53]|Bytes:1
14:06:19.0 (75402111)|HEAP_ALLOCATE|[53]|Bytes:5
14:06:19.0 (75406659)|HEAP_ALLOCATE|[53]|Bytes:2
14:06:19.0 (75416703)|HEAP_ALLOCATE|[53]|Bytes:1
14:06:19.0 (75421238)|HEAP_ALLOCATE|[53]|Bytes:5
14:06:19.0 (75425926)|HEAP_ALLOCATE|[EXTERNAL]|Bytes:4
14:06:19.0 (75429312)|HEAP_ALLOCATE|[51]|Bytes:4
14:06:19.0 (75431931)|VARIABLE_ASSIGNMENT|[51]|j|30
14:06:19.0 (75433561)|STATEMENT_EXECUTE|[51]
14:06:19.0 (75435095)|STATEMENT_EXECUTE|[54]
14:06:19.0 (75436790)|STATEMENT_EXECUTE|[55]
14:06:19.0 (75443585)|HEAP_ALLOCATE|[55]|Bytes:2
14:06:19.0 (75450971)|HEAP_ALLOCATE|[55]|Bytes:2
14:06:19.0 (75455963)|HEAP_ALLOCATE|[55]|Bytes:5
14:06:19.0 (75460256)|HEAP_ALLOCATE|[55]|Bytes:2
14:06:19.0 (75467041)|HEAP_ALLOCATE|[55]|Bytes:2
14:06:19.0 (75471648)|HEAP_ALLOCATE|[55]|Bytes:5
14:06:19.0 (75480620)|HEAP_ALLOCATE|[EXTERNAL]|Bytes:4
14:06:19.0 (75483913)|HEAP_ALLOCATE|[51]|Bytes:4
14:06:19.0 (75486605)|VARIABLE_ASSIGNMENT|[51]|j|60
14:06:19.0 (75488486)|HEAP_ALLOCATE|[50]|Bytes:4
14:06:19.0 (75490622)|VARIABLE_ASSIGNMENT|[50]|i|16
14:06:19.0 (75492479)|STATEMENT_EXECUTE|[50]
14:06:19.0 (75493818)|STATEMENT_EXECUTE|[51]
14:06:19.0 (75495505)|VARIABLE_SCOPE_BEGIN|[51]|j|Integer|false|false
14:06:19.0 (75496802)|HEAP_ALLOCATE|[51]|Bytes:4
14:06:19.0 (75498985)|VARIABLE_ASSIGNMENT|[51]|j|0
14:06:19.0 (75500930)|STATEMENT_EXECUTE|[51]
14:06:19.0 (75502748)|STATEMENT_EXECUTE|[52]
14:06:19.0 (75504307)|STATEMENT_EXECUTE|[53]
14:06:19.0 (75510641)|HEAP_ALLOCATE|[53]|Bytes:2
14:06:19.0 (75518307)|HEAP_ALLOCATE|[53]|Bytes:1
14:06:19.0 (75522974)|HEAP_ALLOCATE|[53]|Bytes:5
14:06:19.0 (75527406)|HEAP_ALLOCATE|[53]|Bytes:2
14:06:19.0 (75534124)|HEAP_ALLOCATE|[53]|Bytes:1
14:06:19.0 (75538609)|HEAP_ALLOCATE|[53]|Bytes:5
14:06:19.0 (75542997)|HEAP_ALLOCATE|[EXTERNAL]|Bytes:4
14:06:19.0 (75546281)|HEAP_ALLOCATE|[51]|Bytes:4
14:06:19.0 (75549020)|VARIABLE_ASSIGNMENT|[51]|j|30
14:06:19.0 (75550769)|STATEMENT_EXECUTE|[51]
14:06:19.0 (75552089)|STATEMENT_EXECUTE|[54]
14:06:19.0 (75553013)|STATEMENT_EXECUTE|[55]
14:06:19.0 (75558047)|HEAP_ALLOCATE|[55]|Bytes:2
14:06:19.0 (75565165)|HEAP_ALLOCATE|[55]|Bytes:2
14:06:19.0 (75569772)|HEAP_ALLOCATE|[55]|Bytes:5
14:06:19.0 (75574353)|HEAP_ALLOCATE|[55]|Bytes:2
14:06:19.0 (75581428)|HEAP_ALLOCATE|[55]|Bytes:2
14:06:19.0 (75585980)|HEAP_ALLOCATE|[55]|Bytes:5
14:06:19.0 (75593711)|HEAP_ALLOCATE|[EXTERNAL]|Bytes:4
14:06:19.0 (75597157)|HEAP_ALLOCATE|[51]|Bytes:4
14:06:19.0 (75599705)|VARIABLE_ASSIGNMENT|[51]|j|60
14:06:19.0 (75601491)|HEAP_ALLOCATE|[50]|Bytes:4
14:06:19.0 (75604012)|VARIABLE_ASSIGNMENT|[50]|i|17
14:06:19.0 (75605845)|STATEMENT_EXECUTE|[50]
14:06:19.0 (75607289)|STATEMENT_EXECUTE|[51]
14:06:19.0 (75608897)|VARIABLE_SCOPE_BEGIN|[51]|j|Integer|false|false
14:06:19.0 (75610227)|HEAP_ALLOCATE|[51]|Bytes:4
14:06:19.0 (75612360)|VARIABLE_ASSIGNMENT|[51]|j|0
14:06:19.0 (75613815)|STATEMENT_EXECUTE|[51]
14:06:19.0 (75615745)|STATEMENT_EXECUTE|[52]
14:06:19.0 (75617194)|STATEMENT_EXECUTE|[53]
14:06:19.0 (75623971)|HEAP_ALLOCATE|[53]|Bytes:2
14:06:19.0 (75631274)|HEAP_ALLOCATE|[53]|Bytes:1
14:06:19.0 (75635981)|HEAP_ALLOCATE|[53]|Bytes:5
14:06:19.0 (75640370)|HEAP_ALLOCATE|[53]|Bytes:2
14:06:19.0 (75647190)|HEAP_ALLOCATE|[53]|Bytes:1
14:06:19.0 (75652380)|HEAP_ALLOCATE|[53]|Bytes:5
14:06:19.0 (75660265)|HEAP_ALLOCATE|[EXTERNAL]|Bytes:4
14:06:19.0 (75663760)|HEAP_ALLOCATE|[51]|Bytes:4
14:06:19.0 (75666556)|VARIABLE_ASSIGNMENT|[51]|j|30
14:06:19.0 (75668320)|STATEMENT_EXECUTE|[51]
14:06:19.0 (75669646)|STATEMENT_EXECUTE|[54]
14:06:19.0 (75671048)|STATEMENT_EXECUTE|[55]
14:06:19.0 (75676198)|HEAP_ALLOCATE|[55]|Bytes:2
14:06:19.0 (75685562)|HEAP_ALLOCATE|[55]|Bytes:2
14:06:19.0 (75690902)|HEAP_ALLOCATE|[55]|Bytes:5
14:06:19.0 (75695356)|HEAP_ALLOCATE|[55]|Bytes:2
14:06:19.0 (75701940)|HEAP_ALLOCATE|[55]|Bytes:2
14:06:19.0 (75706499)|HEAP_ALLOCATE|[55]|Bytes:5
14:06:19.0 (75710837)|HEAP_ALLOCATE|[EXTERNAL]|Bytes:4
14:06:19.0 (75714113)|HEAP_ALLOCATE|[51]|Bytes:4
14:06:19.0 (75716810)|VARIABLE_ASSIGNMENT|[51]|j|60
14:06:19.0 (75718583)|HEAP_ALLOCATE|[50]|Bytes:4
14:06:19.0 (75721034)|VARIABLE_ASSIGNMENT|[50]|i|18
14:06:19.0 (75722661)|STATEMENT_EXECUTE|[50]
14:06:19.0 (75728558)|STATEMENT_EXECUTE|[51]
14:06:19.0 (75730446)|VARIABLE_SCOPE_BEGIN|[51]|j|Integer|false|false
14:06:19.0 (75731797)|HEAP_ALLOCATE|[51]|Bytes:4
14:06:19.0 (75734110)|VARIABLE_ASSIGNMENT|[51]|j|0
14:06:19.0 (75735605)|STATEMENT_EXECUTE|[51]
14:06:19.0 (75736814)|STATEMENT_EXECUTE|[52]
14:06:19.0 (75737717)|STATEMENT_EXECUTE|[53]
14:06:19.0 (75742931)|HEAP_ALLOCATE|[53]|Bytes:2
14:06:19.0 (75750541)|HEAP_ALLOCATE|[53]|Bytes:1
14:06:19.0 (75757436)|HEAP_ALLOCATE|[53]|Bytes:5
14:06:19.0 (75762303)|HEAP_ALLOCATE|[53]|Bytes:2
14:06:19.0 (75769017)|HEAP_ALLOCATE|[53]|Bytes:1
14:06:19.0 (75773651)|HEAP_ALLOCATE|[53]|Bytes:5
14:06:19.0 (75778116)|HEAP_ALLOCATE|[EXTERNAL]|Bytes:4
14:06:19.0 (75781545)|HEAP_ALLOCATE|[51]|Bytes:4
14:06:19.0 (75784294)|VARIABLE_ASSIGNMENT|[51]|j|30
14:06:19.0 (75785989)|STATEMENT_EXECUTE|[51]
14:06:19.0 (75787384)|STATEMENT_EXECUTE|[54]
14:06:19.0 (75793012)|STATEMENT_EXECUTE|[55]
14:06:19.0 (75798245)|HEAP_ALLOCATE|[55]|Bytes:2
14:06:19.0 (75805514)|HEAP_ALLOCATE|[55]|Bytes:2
14:06:19.0 (75810367)|HEAP_ALLOCATE|[55]|Bytes:5
14:06:19.0 (75815599)|HEAP_ALLOCATE|[55]|Bytes:2
14:06:19.0 (75824340)|HEAP_ALLOCATE|[55]|Bytes:2
14:06:19.0 (75829152)|HEAP_ALLOCATE|[55]|Bytes:5
14:06:19.0 (75833599)|HEAP_ALLOCATE|[EXTERNAL]|Bytes:4
14:06:19.0 (75836713)|HEAP_ALLOCATE|[51]|Bytes:4
14:06:19.0 (75839325)|VARIABLE_ASSIGNMENT|[51]|j|60
14:06:19.0 (75841236)|HEAP_ALLOCATE|[50]|Bytes:4
14:06:19.0 (75843765)|VARIABLE_ASSIGNMENT|[50]|i|19
14:06:19.0 (75845489)|STATEMENT_EXECUTE|[50]
14:06:19.0 (75846810)|STATEMENT_EXECUTE|[51]
14:06:19.0 (75848712)|VARIABLE_SCOPE_BEGIN|[51]|j|Integer|false|false
14:06:19.0 (75850025)|HEAP_ALLOCATE|[51]|Bytes:4
14:06:19.0 (75852252)|VARIABLE_ASSIGNMENT|[51]|j|0
14:06:19.0 (75853688)|STATEMENT_EXECUTE|[51]
14:06:19.0 (75855009)|STATEMENT_EXECUTE|[52]
14:06:19.0 (75855919)|STATEMENT_EXECUTE|[53]
14:06:19.0 (75865169)|HEAP_ALLOCATE|[53]|Bytes:2
14:06:19.0 (75872562)|HEAP_ALLOCATE|[53]|Bytes:1
14:06:19.0 (75877296)|HEAP_ALLOCATE|[53]|Bytes:5
14:06:19.0 (75881656)|HEAP_ALLOCATE|[53]|Bytes:2
14:06:19.0 (75890840)|HEAP_ALLOCATE|[53]|Bytes:1
14:06:19.0 (75895588)|HEAP_ALLOCATE|[53]|Bytes:5
14:06:19.0 (75900104)|HEAP_ALLOCATE|[EXTERNAL]|Bytes:4
14:06:19.0 (75903508)|HEAP_ALLOCATE|[51]|Bytes:4
14:06:19.0 (75906473)|VARIABLE_ASSIGNMENT|[51]|j|30
14:06:19.0 (75908200)|STATEMENT_EXECUTE|[51]
14:06:19.0 (75909565)|STATEMENT_EXECUTE|[54]
14:06:19.0 (75910735)|STATEMENT_EXECUTE|[55]
14:06:19.0 (75916172)|HEAP_ALLOCATE|[55]|Bytes:2
14:06:19.0 (75926662)|HEAP_ALLOCATE|[55]|Bytes:2
14:06:19.0 (75931573)|HEAP_ALLOCATE|[55]|Bytes:5
14:06:19.0 (75936057)|HEAP_ALLOCATE|[55]|Bytes:2
14:06:19.0 (75942644)|HEAP_ALLOCATE|[55]|Bytes:2
14:06:19.0 (75948030)|HEAP_ALLOCATE|[55]|Bytes:5
14:06:19.0 (75953945)|HEAP_ALLOCATE|[EXTERNAL]|Bytes:4
14:06:19.0 (75957457)|HEAP_ALLOCATE|[51]|Bytes:4
14:06:19.0 (75959985)|VARIABLE_ASSIGNMENT|[51]|j|60
14:06:19.0 (75961894)|HEAP_ALLOCATE|[50]|Bytes:4
14:06:19.0 (75964018)|VARIABLE_ASSIGNMENT|[50]|i|20
14:06:19.0 (75965629)|STATEMENT_EXECUTE|[50]
14:06:19.0 (75966913)|STATEMENT_EXECUTE|[51]
14:06:19.0 (75968564)|VARIABLE_SCOPE_BEGIN|[51]|j|Integer|false|false
14:06:19.0 (75969885)|HEAP_ALLOCATE|[51]|Bytes:4
14:06:19.0 (75972026)|VARIABLE_ASSIGNMENT|[51]|j|0
14:06:19.0 (75973658)|STATEMENT_EXECUTE|[51]
14:06:19.0 (75974878)|STATEMENT_EXECUTE|[52]
14:06:19.0 (75975953)|STATEMENT_EXECUTE|[53]
14:06:19.0 (75981438)|HEAP_ALLOCATE|[53]|Bytes:2
14:06:19.0 (75988884)|HEAP_ALLOCATE|[53]|Bytes:1
14:06:19.0 (75997430)|HEAP_ALLOCATE|[53]|Bytes:5
14:06:19.0 (76002006)|HEAP_ALLOCATE|[53]|Bytes:2
14:06:19.0 (76009498)|HEAP_ALLOCATE|[53]|Bytes:1
14:06:19.0 (76014016)|HEAP_ALLOCATE|[53]|Bytes:5
14:06:19.0 (76020456)|HEAP_ALLOCATE|[EXTERNAL]|Bytes:4
14:06:19.0 (76024339)|HEAP_ALLOCATE|[51]|Bytes:4
14:06:19.0 (76027155)|VARIABLE_ASSIGNMENT|[51]|j|30
14:06:19.0 (76028912)|STATEMENT_EXECUTE|[51]
14:06:19.0 (76030241)|STATEMENT_EXECUTE|[54]
14:06:19.0 (76031182)|STATEMENT_EXECUTE|[55]
14:06:19.0 (76036725)|HEAP_ALLOCATE|[55]|Bytes:2
14:06:19.0 (76044088)|HEAP_ALLOCATE|[55]|Bytes:2
14:06:19.0 (76048968)|HEAP_ALLOCATE|[55]|Bytes:5
14:06:19.0 (76057163)|HEAP_ALLOCATE|[55]|Bytes:2
14:06:19.0 (76064224)|HEAP_ALLOCATE|[55]|Bytes:2
14:06:19.0 (76068946)|HEAP_ALLOCATE|[55]|Bytes:5
14:06:19.0 (76073367)|HEAP_ALLOCATE|[EXTERNAL]|Bytes:4
14:06:19.0 (76076480)|HEAP_ALLOCATE|[51]|Bytes:4
14:06:19.0 (76079713)|VARIABLE_ASSIGNMENT|[51]|j|60
14:06:19.0 (76082364)|HEAP_ALLOCATE|[50]|Bytes:4
14:06:19.0 (76085811)|VARIABLE_ASSIGNMENT|[50]|i|21
14:06:19.0 (76087585)|STATEMENT_EXECUTE|[50]
14:06:19.0 (76088949)|STATEMENT_EXECUTE|[51]
14:06:19.0 (76090654)|VARIABLE_SCOPE_BEGIN|[51]|j|Integer|false|false
14:06:19.0 (76092034)|HEAP_ALLOCATE|[51]|Bytes:4
14:06:19.0 (76094148)|VARIABLE_ASSIGNMENT|[51]|j|0
14:06:19.0 (76095634)|STATEMENT_EXECUTE|[51]
14:06:19.0 (76096832)|STATEMENT_EXECUTE|[52]
14:06:19.0 (76097759)|STATEMENT_EXECUTE|[53]
14:06:19.0 (76102997)|HEAP_ALLOCATE|[53]|Bytes:2
14:06:19.0 (76110097)|HEAP_ALLOCATE|[53]|Bytes:1
14:06:19.0 (76114890)|HEAP_ALLOCATE|[53]|Bytes:5
14:06:19.0 (76119260)|HEAP_ALLOCATE|[53]|Bytes:2
14:06:19.0 (76125866)|HEAP_ALLOCATE|[53]|Bytes:1
14:06:19.0 (76130255)|HEAP_ALLOCATE|[53]|Bytes:5
14:06:19.0 (76134675)|HEAP_ALLOCATE|[EXTERNAL]|Bytes:4
14:06:19.0 (76137807)|HEAP_ALLOCATE|[51]|Bytes:4
14:06:19.0 (76140427)|VARIABLE_ASSIGNMENT|[51]|j|30
14:06:19.0 (76142074)|STATEMENT_EXECUTE|[51]
14:06:19.0 (76143369)|STATEMENT_EXECUTE|[54]
14:06:19.0 (76144296)|STATEMENT_EXECUTE|[55]
14:06:19.0 (76149563)|HEAP_ALLOCATE|[55]|Bytes:2
14:06:19.0 (76156778)|HEAP_ALLOCATE|[55]|Bytes:2
14:06:19.0 (76161718)|HEAP_ALLOCATE|[55]|Bytes:5
14:06:19.0 (76166125)|HEAP_ALLOCATE|[55]|Bytes:2
14:06:19.0 (76176391)|HEAP_ALLOCATE|[55]|Bytes:2
14:06:19.0 (76181076)|HEAP_ALLOCATE|[55]|Bytes:5
14:06:19.0 (76185492)|HEAP_ALLOCATE|[EXTERNAL]|Bytes:4
14:06:19.0 (76188590)|HEAP_ALLOCATE|[51]|Bytes:4
14:06:19.0 (76191282)|VARIABLE_ASSIGNMENT|[51]|j|60
14:06:19.0 (76193088)|HEAP_ALLOCATE|[50]|Bytes:4
14:06:19.0 (76195373)|VARIABLE_ASSIGNMENT|[50]|i|22
14:06:19.0 (76197832)|STATEMENT_EXECUTE|[50]
14:06:19.0 (76199829)|STATEMENT_EXECUTE|[51]
14:06:19.0 (76202223)|VARIABLE_SCOPE_BEGIN|[51]|j|Integer|false|false
14:06:19.0 (76203638)|HEAP_ALLOCATE|[51]|Bytes:4
14:06:19.0 (76205997)|VARIABLE_ASSIGNMENT|[51]|j|0
14:06:19.0 (76207411)|STATEMENT_EXECUTE|[51]
14:06:19.0 (76208640)|STATEMENT_EXECUTE|[52]
14:06:19.0 (76209565)|STATEMENT_EXECUTE|[53]
14:06:19.0 (76214955)|HEAP_ALLOCATE|[53]|Bytes:2
14:06:19.0 (76222282)|HEAP_ALLOCATE|[53]|Bytes:1
14:06:19.0 (76227511)|HEAP_ALLOCATE|[53]|Bytes:5
14:06:19.0 (76232430)|HEAP_ALLOCATE|[53]|Bytes:2
14:06:19.0 (76243501)|HEAP_ALLOCATE|[53]|Bytes:1
14:06:19.0 (76248285)|HEAP_ALLOCATE|[53]|Bytes:5
14:06:19.0 (76252777)|HEAP_ALLOCATE|[EXTERNAL]|Bytes:4
14:06:19.0 (76256158)|HEAP_ALLOCATE|[51]|Bytes:4
14:06:19.0 (76258985)|VARIABLE_ASSIGNMENT|[51]|j|30
14:06:19.0 (76261295)|STATEMENT_EXECUTE|[51]
14:06:19.0 (76263186)|STATEMENT_EXECUTE|[54]
14:06:19.0 (76264597)|STATEMENT_EXECUTE|[55]
14:06:19.0 (76270284)|HEAP_ALLOCATE|[55]|Bytes:2
14:06:19.0 (76277604)|HEAP_ALLOCATE|[55]|Bytes:2
14:06:19.0 (76282433)|HEAP_ALLOCATE|[55]|Bytes:5
14:06:19.0 (76286772)|HEAP_ALLOCATE|[55]|Bytes:2
14:06:19.0 (76293543)|HEAP_ALLOCATE|[55]|Bytes:2
14:06:19.0 (76298113)|HEAP_ALLOCATE|[55]|Bytes:5
14:06:19.0 (76302440)|HEAP_ALLOCATE|[EXTERNAL]|Bytes:4
14:06:19.0 (76313555)|HEAP_ALLOCATE|[51]|Bytes:4
14:06:19.0 (76316840)|VARIABLE_ASSIGNMENT|[51]|j|60
14:06:19.0 (76318971)|HEAP_ALLOCATE|[50]|Bytes:4
14:06:19.0 (76321730)|VARIABLE_ASSIGNMENT|[50]|i|23
14:06:19.0 (76323464)|STATEMENT_EXECUTE|[50]
14:06:19.0 (76324855)|STATEMENT_EXECUTE|[51]
14:06:19.0 (76326537)|VARIABLE_SCOPE_BEGIN|[51]|j|Integer|false|false
14:06:19.0 (76327920)|HEAP_ALLOCATE|[51]|Bytes:4
14:06:19.0 (76330094)|VARIABLE_ASSIGNMENT|[51]|j|0
14:06:19.0 (76331888)|STATEMENT_EXECUTE|[51]
14:06:19.0 (76333091)|STATEMENT_EXECUTE|[52]
14:06:19.0 (76334090)|STATEMENT_EXECUTE|[53]
14:06:19.0 (76342018)|HEAP_ALLOCATE|[53]|Bytes:2
14:06:19.0 (76349798)|HEAP_ALLOCATE|[53]|Bytes:1
14:06:19.0 (76354621)|HEAP_ALLOCATE|[53]|Bytes:5
14:06:19.0 (76359126)|HEAP_ALLOCATE|[53]|Bytes:2
14:06:19.0 (76365797)|HEAP_ALLOCATE|[53]|Bytes:1
14:06:19.0 (76370429)|HEAP_ALLOCATE|[53]|Bytes:5
14:06:19.0 (76378442)|HEAP_ALLOCATE|[EXTERNAL]|Bytes:4
14:06:19.0 (76381853)|HEAP_ALLOCATE|[51]|Bytes:4
14:06:19.0 (76384883)|VARIABLE_ASSIGNMENT|[51]|j|30
14:06:19.0 (76386815)|STATEMENT_EXECUTE|[51]
14:06:19.0 (76388197)|STATEMENT_EXECUTE|[54]
14:06:19.0 (76389135)|STATEMENT_EXECUTE|[55]
14:06:19.0 (76394735)|HEAP_ALLOCATE|[55]|Bytes:2
14:06:19.0 (76404072)|HEAP_ALLOCATE|[55]|Bytes:2
14:06:19.0 (76409118)|HEAP_ALLOCATE|[55]|Bytes:5
14:06:19.0 (76413720)|HEAP_ALLOCATE|[55]|Bytes:2
14:06:19.0 (76420309)|HEAP_ALLOCATE|[55]|Bytes:2
14:06:19.0 (76425084)|HEAP_ALLOCATE|[55]|Bytes:5
14:06:19.0 (76429738)|HEAP_ALLOCATE|[EXTERNAL]|Bytes:4
14:06:19.0 (76432863)|HEAP_ALLOCATE|[51]|Bytes:4
14:06:19.0 (76435534)|VARIABLE_ASSIGNMENT|[51]|j|60
14:06:19.0 (76437338)|HEAP_ALLOCATE|[50]|Bytes:4
14:06:19.0 (76439661)|VARIABLE_ASSIGNMENT|[50]|i|24
14:06:19.0 (76445313)|STATEMENT_EXECUTE|[59]
14:06:19.0 (76546326)|SYSTEM_MODE_ENTER|true
14:06:19.0 (76569920)|HEAP_ALLOCATE|[EXTERNAL]|Bytes:80
14:06:19.0 (76624191)|VARIABLE_ASSIGNMENT|[EXTERNAL]|this|{"delToHub":true,"delToProj":false,"detail":"0x50f7c737","invoked":false,"rejected":false,"reserved":false,"selectedTime3":"8:00","sublocations1":"0x5a336206","www":"0x37718fe0","wwwById":"0x34ff030"}|0x2bede159
14:06:19.0 (76630772)|STATEMENT_EXECUTE|[78]
14:06:19.0 (76635188)|STATEMENT_EXECUTE|[79]
14:06:19.0 (76636637)|STATEMENT_EXECUTE|[83]
14:06:19.79 (79696565)|SYSTEM_MODE_ENTER|true
14:06:19.79 (79749232)|HEAP_ALLOCATE|[EXTERNAL]|Bytes:8
14:06:19.79 (79755176)|VARIABLE_SCOPE_BEGIN|[88]|this|ApexPage.PageMessagesComponentController|true|false
14:06:19.79 (79775453)|VARIABLE_ASSIGNMENT|[88]|this|{}|0x10443c00
14:06:19.79 (79778307)|VARIABLE_SCOPE_BEGIN|[88]|escape|Boolean|false|false
14:06:19.79 (79781449)|VARIABLE_ASSIGNMENT|[88]|escape|null
14:06:19.0 (80142347)|SYSTEM_MODE_ENTER|true
14:06:19.0 (80172301)|HEAP_ALLOCATE|[EXTERNAL]|Bytes:4
14:06:19.0 (80176657)|HEAP_ALLOCATE|[EXTERNAL]|Bytes:80
14:06:19.0 (80186004)|VARIABLE_ASSIGNMENT|[EXTERNAL]|this.selectedTime3|"8:00"|0x2bede159
14:06:19.0 (80218874)|SYSTEM_MODE_ENTER|true
14:06:19.0 (80238355)|HEAP_ALLOCATE|[EXTERNAL]|Bytes:80
14:06:19.0 (80289051)|VARIABLE_ASSIGNMENT|[EXTERNAL]|this|{"delToHub":true,"delToProj":false,"detail":"0x50f7c737","invoked":false,"rejected":false,"reserved":false,"selectedTime3":"8:00","sublocations1":"0x5a336206","www":"0x37718fe0","wwwById":"0x34ff030"}|0x2bede159
14:06:19.0 (80296098)|STATEMENT_EXECUTE|[3]
14:06:19.0 (80298949)|STATEMENT_EXECUTE|[4]
14:06:19.0 (80300183)|STATEMENT_EXECUTE|[9]
14:06:19.0 (80698659)|SYSTEM_MODE_ENTER|true
14:06:19.0 (80719621)|HEAP_ALLOCATE|[EXTERNAL]|Bytes:80
14:06:19.0 (80769132)|VARIABLE_ASSIGNMENT|[EXTERNAL]|this|{"delToHub":true,"delToProj":false,"detail":"0x50f7c737","invoked":false,"rejected":false,"reserved":false,"selectedTime3":"8:00","sublocations1":"0x5a336206","www":"0x37718fe0","wwwById":"0x34ff030"}|0x2bede159
14:06:19.0 (80775426)|STATEMENT_EXECUTE|[204]
14:06:19.0 (80777973)|STATEMENT_EXECUTE|[205]
14:06:19.0 (80779479)|STATEMENT_EXECUTE|[208]
14:06:19.0 (80819452)|SYSTEM_MODE_ENTER|true
14:06:19.0 (80835568)|HEAP_ALLOCATE|[EXTERNAL]|Bytes:80
14:06:19.0 (80879241)|VARIABLE_ASSIGNMENT|[EXTERNAL]|this|{"delToHub":true,"delToProj":false,"detail":"0x50f7c737","invoked":false,"rejected":false,"reserved":false,"selectedTime3":"8:00","sublocations1":"0x5a336206","www":"0x37718fe0","wwwById":"0x34ff030"}|0x2bede159
14:06:19.0 (80884820)|STATEMENT_EXECUTE|[220]
14:06:19.0 (80887056)|STATEMENT_EXECUTE|[221]
14:06:19.0 (80888330)|STATEMENT_EXECUTE|[224]
14:06:19.0 (80928953)|SYSTEM_MODE_ENTER|true
14:06:19.0 (80945778)|HEAP_ALLOCATE|[EXTERNAL]|Bytes:80
14:06:19.0 (80986251)|VARIABLE_ASSIGNMENT|[EXTERNAL]|this|{"delToHub":true,"delToProj":false,"detail":"0x50f7c737","invoked":false,"rejected":false,"reserved":false,"selectedTime3":"8:00","sublocations1":"0x5a336206","www":"0x37718fe0","wwwById":"0x34ff030"}|0x2bede159
14:06:19.0 (80991016)|STATEMENT_EXECUTE|[212]
14:06:19.0 (80992940)|STATEMENT_EXECUTE|[213]
14:06:19.0 (80993911)|STATEMENT_EXECUTE|[216]
14:06:19.0 (81031508)|SYSTEM_MODE_ENTER|true
14:06:19.0 (81051248)|HEAP_ALLOCATE|[EXTERNAL]|Bytes:80
14:06:19.0 (81088262)|VARIABLE_ASSIGNMENT|[EXTERNAL]|this|{"delToHub":true,"delToProj":false,"detail":"0x50f7c737","invoked":false,"rejected":false,"reserved":false,"selectedTime3":"8:00","sublocations1":"0x5a336206","www":"0x37718fe0","wwwById":"0x34ff030"}|0x2bede159
14:06:19.0 (81093437)|STATEMENT_EXECUTE|[21]
14:06:19.0 (81095359)|STATEMENT_EXECUTE|[22]
14:06:19.0 (81096469)|STATEMENT_EXECUTE|[26]
14:06:19.0 (81788038)|HEAP_ALLOCATE|[EXTERNAL]|Bytes:80
14:06:19.0 (81795311)|VARIABLE_SCOPE_BEGIN|[245]|this|NewDeliveredExtension|true|false
14:06:19.0 (81840240)|VARIABLE_ASSIGNMENT|[245]|this|{"delToHub":true,"delToProj":false,"detail":"0x50f7c737","invoked":false,"rejected":false,"reserved":false,"selectedTime3":"8:00","sublocations1":"0x5a336206","www":"0x37718fe0","wwwById":"0x34ff030"}|0x2bede159
14:06:19.0 (81847428)|STATEMENT_EXECUTE|[245]
14:06:19.0 (81848975)|STATEMENT_EXECUTE|[246]
14:06:19.0 (81853858)|HEAP_ALLOCATE|[246]|Bytes:4
14:06:19.0 (81957170)|VARIABLE_ASSIGNMENT|[EXTERNAL]|this|{"delToHub":true,"delToProj":false,"detail":"0x50f7c737","invoked":false,"rejected":false,"reserved":false,"selectedTime3":"8:00","sublocations1":"0x5a336206","www":"0x37718fe0","wwwById":"0x34ff030"}|0x2bede159
14:06:19.0 (81974276)|HEAP_ALLOCATE|[EXTERNAL]|Bytes:4
14:06:19.0 (81979672)|VARIABLE_ASSIGNMENT|[EXTERNAL]|value|[]|0x3665d2b9
14:06:19.0 (81989174)|VARIABLE_ASSIGNMENT|[185]|this.sublocations1|[]|0x2bede159
14:06:19.0 (81996671)|STATEMENT_EXECUTE|[247]
14:06:19.0 (82000726)|HEAP_ALLOCATE|[247]|Bytes:4
14:06:19.0 (82021942)|VARIABLE_SCOPE_BEGIN|[247]|options|List<NewDeliveredExtension.SubLocation>|true|false
14:06:19.0 (82029110)|HEAP_ALLOCATE|[EXTERNAL]|Bytes:4
14:06:19.0 (82034044)|VARIABLE_ASSIGNMENT|[247]|options|[]|0x72e01798
14:06:19.0 (82036639)|STATEMENT_EXECUTE|[248]
14:06:19.0 (82040803)|HEAP_ALLOCATE|[248]|Bytes:18
14:06:19.0 (82094298)|VARIABLE_ASSIGNMENT|[EXTERNAL]|this|{"delToHub":true,"delToProj":false,"detail":"0x50f7c737","invoked":false,"rejected":false,"reserved":false,"selectedTime3":"8:00","sublocations1":"0x3665d2b9","www":"0x37718fe0","wwwById":"0x34ff030"}|0x2bede159
14:06:19.0 (82099265)|STATEMENT_EXECUTE|[3]
14:06:19.0 (82102063)|STATEMENT_EXECUTE|[4]
14:06:19.0 (82103204)|STATEMENT_EXECUTE|[9]
14:06:19.0 (82165746)|HEAP_ALLOCATE|[248]|Bytes:18
14:06:19.0 (82179741)|HEAP_ALLOCATE|[248]|Bytes:36
14:06:19.0 (82201056)|USER_DEBUG|[248]|DEBUG|detail.Location__ca0B0E0000009YBFUA2
14:06:19.0 (82258718)|VARIABLE_ASSIGNMENT|[EXTERNAL]|this|{"delToHub":true,"delToProj":false,"detail":"0x50f7c737","invoked":false,"rejected":false,"reserved":false,"selectedTime3":"8:00","sublocations1":"0x3665d2b9","www":"0x37718fe0","wwwById":"0x34ff030"}|0x2bede159
14:06:19.0 (82263290)|STATEMENT_EXECUTE|[3]
14:06:19.0 (82265274)|STATEMENT_EXECUTE|[4]
14:06:19.0 (82266521)|STATEMENT_EXECUTE|[9]
14:06:19.0 (82279149)|STATEMENT_EXECUTE|[250]
14:06:19.0 (82283374)|HEAP_ALLOCATE|[251]|Bytes:68
14:06:19.0 (82293976)|HEAP_ALLOCATE|[251]|Bytes:4
14:06:19.0 (82302354)|HEAP_ALLOCATE|[251]|Bytes:7
14:06:19.0 (82354796)|VARIABLE_ASSIGNMENT|[EXTERNAL]|this|{"delToHub":true,"delToProj":false,"detail":"0x50f7c737","invoked":false,"rejected":false,"reserved":false,"selectedTime3":"8:00","sublocations1":"0x3665d2b9","www":"0x37718fe0","wwwById":"0x34ff030"}|0x2bede159
14:06:19.0 (82358595)|STATEMENT_EXECUTE|[3]
14:06:19.0 (82360377)|STATEMENT_EXECUTE|[4]
14:06:19.0 (82361568)|STATEMENT_EXECUTE|[9]
14:06:19.0 (82728291)|SOQL_EXECUTE_BEGIN|[251]|Aggregations:0|SELECT Name, Id FROM Location__c 
14:06:19.0 (106264195)|SOQL_EXECUTE_END|[251]|Rows:4
14:06:19.0 (106283073)|HEAP_ALLOCATE|[EXTERNAL]|Bytes:20
14:06:19.0 (106435619)|HEAP_ALLOCATE|[251]|Bytes:49
14:06:19.0 (106442418)|HEAP_ALLOCATE|[251]|Bytes:8
14:06:19.0 (106450319)|SYSTEM_METHOD_ENTRY|[7]|QueryLocatorIterator.QueryLocatorIterator()
14:06:19.0 (106453050)|STATEMENT_EXECUTE|[7]
14:06:19.0 (106460337)|SYSTEM_METHOD_EXIT|[7]|QueryLocatorIterator
14:06:19.0 (106466147)|HEAP_ALLOCATE|[251]|Bytes:28
14:06:19.0 (106527155)|HEAP_ALLOCATE|[251]|Bytes:20
14:06:19.0 (106545317)|HEAP_ALLOCATE|[251]|Bytes:8
14:06:19.0 (106547176)|HEAP_ALLOCATE|[251]|Bytes:8
14:06:19.0 (106551204)|VARIABLE_SCOPE_BEGIN|[15]|this|Database.QueryLocatorIterator|true|false
14:06:19.0 (106572045)|VARIABLE_ASSIGNMENT|[15]|this|{}|0x652805b3
14:06:19.0 (106574846)|VARIABLE_SCOPE_BEGIN|[15]|values|List<SObject>|true|false
14:06:19.0 (106592714)|VARIABLE_ASSIGNMENT|[15]|values|[{"Name":"1Q2WA","Id":"a0B0E0000009YBKUA2","RecordTypeId":"01224000000B1zdAAC"},{"Name":"1Q2WB","Id":"a0B0E0000009YBPUA2","RecordTypeId":"01224000000B1zdAAC"},{"Name":"1Q2WC","Id":"a0B0E0000009YBUUA2","RecordTypeId":"01224000000B1zdAAC"},{"Name":"1Q2WD","Id":"a0B0E0000009YBZUA2","RecordTypeId":"01224000000B1zdAAC"}]|0x7cde492b
14:06:19.0 (106596447)|VARIABLE_SCOPE_BEGIN|[15]|ql|Database.QueryLocator|true|false
14:06:19.0 (106610770)|VARIABLE_ASSIGNMENT|[15]|ql|{"query":"SELECT Name, Id FROM (48 more) ..."}|0x1c76327b
14:06:19.0 (106613007)|VARIABLE_SCOPE_BEGIN|[15]|totalNumRecords|Integer|false|false
14:06:19.0 (106616543)|VARIABLE_ASSIGNMENT|[15]|totalNumRecords|4
14:06:19.0 (106618255)|VARIABLE_SCOPE_BEGIN|[15]|queryMoreSize|Integer|false|false
14:06:19.0 (106620523)|VARIABLE_ASSIGNMENT|[15]|queryMoreSize|49996
14:06:19.0 (106694245)|HEAP_ALLOCATE|[251]|Bytes:28
14:06:19.0 (106713916)|METHOD_ENTRY|[251]||Database.QueryLocatorIterator.hasNext()
14:06:19.0 (106774855)|METHOD_EXIT|[251]||Database.QueryLocatorIterator.hasNext()
14:06:19.0 (106780688)|METHOD_ENTRY|[251]||Database.QueryLocatorIterator.next()
14:06:19.0 (106861235)|METHOD_EXIT|[251]||Database.QueryLocatorIterator.next()
14:06:19.0 (106869043)|VARIABLE_SCOPE_BEGIN|[251]|loc|Location__c|true|false
14:06:19.0 (106883737)|VARIABLE_ASSIGNMENT|[251]|loc|{"Name":"1Q2WA","Id":"a0B0E0000009YBKUA2","RecordTypeId":"01224000000B1zdAAC"}|0x3b52a6a1
14:06:19.0 (106887071)|STATEMENT_EXECUTE|[251]
14:06:19.0 (106888645)|STATEMENT_EXECUTE|[252]
14:06:19.0 (106949333)|VARIABLE_ASSIGNMENT|[EXTERNAL]|this|{"delToHub":true,"delToProj":false,"detail":"0x50f7c737","invoked":false,"rejected":false,"reserved":false,"selectedTime3":"8:00","sublocations1":"0x3665d2b9","www":"0x37718fe0","wwwById":"0x34ff030"}|0x2bede159
14:06:19.0 (106953974)|STATEMENT_EXECUTE|[186]
14:06:19.0 (106956306)|STATEMENT_EXECUTE|[187]
14:06:19.0 (106957387)|STATEMENT_EXECUTE|[190]
14:06:19.0 (107018507)|HEAP_ALLOCATE|[252]|Bytes:112
14:06:19.0 (107024341)|HEAP_ALLOCATE|[252]|Bytes:11
14:06:19.0 (107037728)|HEAP_ALLOCATE|[252]|Bytes:12
14:06:19.0 (107060648)|CONSTRUCTOR_ENTRY|[252]|01p2400000DUtXT|<init>(Boolean,Location__c)
14:06:19.0 (107072924)|VARIABLE_SCOPE_BEGIN|[546]|this|NewDeliveredExtension.SubLocation|true|false
14:06:19.0 (107094361)|VARIABLE_ASSIGNMENT|[546]|this|{}|0x18832ed9
14:06:19.0 (107101542)|VARIABLE_SCOPE_BEGIN|[546]|isChecked|Boolean|false|false
14:06:19.0 (107105089)|VARIABLE_ASSIGNMENT|[546]|isChecked|false
14:06:19.0 (107107572)|VARIABLE_SCOPE_BEGIN|[546]|sub|Location__c|true|false
14:06:19.0 (107118104)|VARIABLE_ASSIGNMENT|[546]|sub|{"Name":"1Q2WA","Id":"a0B0E0000009YBKUA2","RecordTypeId":"01224000000B1zdAAC"}|0x3b52a6a1
14:06:19.0 (107121819)|STATEMENT_EXECUTE|[543]
14:06:19.0 (107123508)|STATEMENT_EXECUTE|[544]
14:06:19.0 (107124637)|STATEMENT_EXECUTE|[545]
14:06:19.0 (107135869)|STATEMENT_EXECUTE|[546]
14:06:19.0 (107137225)|STATEMENT_EXECUTE|[547]
14:06:19.0 (107190564)|VARIABLE_ASSIGNMENT|[EXTERNAL]|this|{}|0x18832ed9
14:06:19.0 (107196620)|VARIABLE_ASSIGNMENT|[EXTERNAL]|value|false
14:06:19.0 (107201778)|HEAP_ALLOCATE|[544]|Bytes:5
14:06:19.0 (107207366)|VARIABLE_ASSIGNMENT|[544]|this.isChecked|false|0x18832ed9
14:06:19.0 (107214962)|STATEMENT_EXECUTE|[548]
14:06:19.0 (107252393)|VARIABLE_ASSIGNMENT|[EXTERNAL]|this|{"isChecked":false}|0x18832ed9
14:06:19.0 (107260057)|VARIABLE_ASSIGNMENT|[EXTERNAL]|value|{"Name":"1Q2WA","Id":"a0B0E0000009YBKUA2","RecordTypeId":"01224000000B1zdAAC"}|0x3b52a6a1
14:06:19.0 (107267829)|VARIABLE_ASSIGNMENT|[545]|this.sub|{"Name":"1Q2WA","Id":"a0B0E0000009YBKUA2","RecordTypeId":"01224000000B1zdAAC"}|0x18832ed9
14:06:19.0 (107278600)|CONSTRUCTOR_EXIT|[252]|01p2400000DUtXT|<init>(Boolean,Location__c)
14:06:19.0 (107288698)|HEAP_ALLOCATE|[EXTERNAL]|Bytes:4
14:06:19.0 (107296208)|METHOD_ENTRY|[251]||Database.QueryLocatorIterator.hasNext()
14:06:19.0 (107317054)|METHOD_EXIT|[251]||Database.QueryLocatorIterator.hasNext()
14:06:19.0 (107320746)|METHOD_ENTRY|[251]||Database.QueryLocatorIterator.next()
14:06:19.0 (107380183)|METHOD_EXIT|[251]||Database.QueryLocatorIterator.next()
14:06:19.0 (107384828)|VARIABLE_SCOPE_BEGIN|[251]|loc|Location__c|true|false
14:06:19.0 (107393223)|VARIABLE_ASSIGNMENT|[251]|loc|{"Name":"1Q2WB","Id":"a0B0E0000009YBPUA2","RecordTypeId":"01224000000B1zdAAC"}|0x67137de1
14:06:19.0 (107399703)|STATEMENT_EXECUTE|[251]
14:06:19.0 (107400819)|STATEMENT_EXECUTE|[252]
14:06:19.0 (107442786)|VARIABLE_ASSIGNMENT|[EXTERNAL]|this|{"delToHub":true,"delToProj":false,"detail":"0x50f7c737","invoked":false,"rejected":false,"reserved":false,"selectedTime3":"8:00","sublocations1":"0x3665d2b9","www":"0x37718fe0","wwwById":"0x34ff030"}|0x2bede159
14:06:19.0 (107446593)|STATEMENT_EXECUTE|[186]
14:06:19.0 (107448487)|STATEMENT_EXECUTE|[187]
14:06:19.0 (107449528)|STATEMENT_EXECUTE|[190]
14:06:19.0 (107456595)|HEAP_ALLOCATE|[252]|Bytes:12
14:06:19.0 (107464822)|CONSTRUCTOR_ENTRY|[252]|01p2400000DUtXT|<init>(Boolean,Location__c)
14:06:19.0 (107471626)|VARIABLE_SCOPE_BEGIN|[546]|this|NewDeliveredExtension.SubLocation|true|false
14:06:19.0 (107480268)|VARIABLE_ASSIGNMENT|[546]|this|{}|0x34c7bd18
14:06:19.0 (107483843)|VARIABLE_SCOPE_BEGIN|[546]|isChecked|Boolean|false|false
14:06:19.0 (107486647)|VARIABLE_ASSIGNMENT|[546]|isChecked|false
14:06:19.0 (107488082)|VARIABLE_SCOPE_BEGIN|[546]|sub|Location__c|true|false
14:06:19.0 (107494438)|VARIABLE_ASSIGNMENT|[546]|sub|{"Name":"1Q2WB","Id":"a0B0E0000009YBPUA2","RecordTypeId":"01224000000B1zdAAC"}|0x67137de1
14:06:19.0 (107497695)|STATEMENT_EXECUTE|[543]
14:06:19.0 (107498791)|STATEMENT_EXECUTE|[544]
14:06:19.0 (107499704)|STATEMENT_EXECUTE|[545]
14:06:19.0 (107508554)|STATEMENT_EXECUTE|[546]
14:06:19.0 (107509705)|STATEMENT_EXECUTE|[547]
14:06:19.0 (107519001)|VARIABLE_ASSIGNMENT|[EXTERNAL]|this|{}|0x34c7bd18
14:06:19.0 (107523166)|VARIABLE_ASSIGNMENT|[EXTERNAL]|value|false
14:06:19.0 (107526893)|HEAP_ALLOCATE|[544]|Bytes:5
14:06:19.0 (107535667)|VARIABLE_ASSIGNMENT|[544]|this.isChecked|false|0x34c7bd18
14:06:19.0 (107540289)|STATEMENT_EXECUTE|[548]
14:06:19.0 (107549942)|VARIABLE_ASSIGNMENT|[EXTERNAL]|this|{"isChecked":false}|0x34c7bd18
14:06:19.0 (107556165)|VARIABLE_ASSIGNMENT|[EXTERNAL]|value|{"Name":"1Q2WB","Id":"a0B0E0000009YBPUA2","RecordTypeId":"01224000000B1zdAAC"}|0x67137de1
14:06:19.0 (107563128)|VARIABLE_ASSIGNMENT|[545]|this.sub|{"Name":"1Q2WB","Id":"a0B0E0000009YBPUA2","RecordTypeId":"01224000000B1zdAAC"}|0x34c7bd18
14:06:19.0 (107570362)|CONSTRUCTOR_EXIT|[252]|01p2400000DUtXT|<init>(Boolean,Location__c)
14:06:19.0 (107576288)|HEAP_ALLOCATE|[EXTERNAL]|Bytes:4
14:06:19.0 (107582428)|METHOD_ENTRY|[251]||Database.QueryLocatorIterator.hasNext()
14:06:19.0 (107596110)|METHOD_EXIT|[251]||Database.QueryLocatorIterator.hasNext()
14:06:19.0 (107599040)|METHOD_ENTRY|[251]||Database.QueryLocatorIterator.next()
14:06:19.0 (107643797)|METHOD_EXIT|[251]||Database.QueryLocatorIterator.next()
14:06:19.0 (107651895)|VARIABLE_SCOPE_BEGIN|[251]|loc|Location__c|true|false
14:06:19.0 (107659498)|VARIABLE_ASSIGNMENT|[251]|loc|{"Name":"1Q2WC","Id":"a0B0E0000009YBUUA2","RecordTypeId":"01224000000B1zdAAC"}|0x4946680a
14:06:19.0 (107661847)|STATEMENT_EXECUTE|[251]
14:06:19.0 (107662989)|STATEMENT_EXECUTE|[252]
14:06:19.0 (107702137)|VARIABLE_ASSIGNMENT|[EXTERNAL]|this|{"delToHub":true,"delToProj":false,"detail":"0x50f7c737","invoked":false,"rejected":false,"reserved":false,"selectedTime3":"8:00","sublocations1":"0x3665d2b9","www":"0x37718fe0","wwwById":"0x34ff030"}|0x2bede159
14:06:19.0 (107706103)|STATEMENT_EXECUTE|[186]
14:06:19.0 (107708032)|STATEMENT_EXECUTE|[187]
14:06:19.0 (107708985)|STATEMENT_EXECUTE|[190]
14:06:19.0 (107718950)|HEAP_ALLOCATE|[252]|Bytes:12
14:06:19.0 (107726444)|CONSTRUCTOR_ENTRY|[252]|01p2400000DUtXT|<init>(Boolean,Location__c)
14:06:19.0 (107729597)|VARIABLE_SCOPE_BEGIN|[546]|this|NewDeliveredExtension.SubLocation|true|false
14:06:19.0 (107738001)|VARIABLE_ASSIGNMENT|[546]|this|{}|0x15deab1e
14:06:19.0 (107742174)|VARIABLE_SCOPE_BEGIN|[546]|isChecked|Boolean|false|false
14:06:19.0 (107745579)|VARIABLE_ASSIGNMENT|[546]|isChecked|false
14:06:19.0 (107746967)|VARIABLE_SCOPE_BEGIN|[546]|sub|Location__c|true|false
14:06:19.0 (107751843)|VARIABLE_ASSIGNMENT|[546]|sub|{"Name":"1Q2WC","Id":"a0B0E0000009YBUUA2","RecordTypeId":"01224000000B1zdAAC"}|0x4946680a
14:06:19.0 (107754228)|STATEMENT_EXECUTE|[543]
14:06:19.0 (107755310)|STATEMENT_EXECUTE|[544]
14:06:19.0 (107756297)|STATEMENT_EXECUTE|[545]
14:06:19.0 (107764166)|STATEMENT_EXECUTE|[546]
14:06:19.0 (107765387)|STATEMENT_EXECUTE|[547]
14:06:19.0 (107774973)|VARIABLE_ASSIGNMENT|[EXTERNAL]|this|{}|0x15deab1e
14:06:19.0 (107778607)|VARIABLE_ASSIGNMENT|[EXTERNAL]|value|false
14:06:19.0 (107786131)|HEAP_ALLOCATE|[544]|Bytes:5
14:06:19.0 (107790480)|VARIABLE_ASSIGNMENT|[544]|this.isChecked|false|0x15deab1e
14:06:19.0 (107794276)|STATEMENT_EXECUTE|[548]
14:06:19.0 (107803728)|VARIABLE_ASSIGNMENT|[EXTERNAL]|this|{"isChecked":false}|0x15deab1e
14:06:19.0 (107809374)|VARIABLE_ASSIGNMENT|[EXTERNAL]|value|{"Name":"1Q2WC","Id":"a0B0E0000009YBUUA2","RecordTypeId":"01224000000B1zdAAC"}|0x4946680a
14:06:19.0 (107816510)|VARIABLE_ASSIGNMENT|[545]|this.sub|{"Name":"1Q2WC","Id":"a0B0E0000009YBUUA2","RecordTypeId":"01224000000B1zdAAC"}|0x15deab1e
14:06:19.0 (107823786)|CONSTRUCTOR_EXIT|[252]|01p2400000DUtXT|<init>(Boolean,Location__c)
14:06:19.0 (107829057)|HEAP_ALLOCATE|[EXTERNAL]|Bytes:4
14:06:19.0 (107835101)|METHOD_ENTRY|[251]||Database.QueryLocatorIterator.hasNext()
14:06:19.0 (107852679)|METHOD_EXIT|[251]||Database.QueryLocatorIterator.hasNext()
14:06:19.0 (107855926)|METHOD_ENTRY|[251]||Database.QueryLocatorIterator.next()
14:06:19.0 (107901688)|METHOD_EXIT|[251]||Database.QueryLocatorIterator.next()
14:06:19.0 (107905849)|VARIABLE_SCOPE_BEGIN|[251]|loc|Location__c|true|false
14:06:19.0 (107912941)|VARIABLE_ASSIGNMENT|[251]|loc|{"Name":"1Q2WD","Id":"a0B0E0000009YBZUA2","RecordTypeId":"01224000000B1zdAAC"}|0x695e3031
14:06:19.0 (107915376)|STATEMENT_EXECUTE|[251]
14:06:19.0 (107920600)|STATEMENT_EXECUTE|[252]
14:06:19.0 (107958790)|VARIABLE_ASSIGNMENT|[EXTERNAL]|this|{"delToHub":true,"delToProj":false,"detail":"0x50f7c737","invoked":false,"rejected":false,"reserved":false,"selectedTime3":"8:00","sublocations1":"0x3665d2b9","www":"0x37718fe0","wwwById":"0x34ff030"}|0x2bede159
14:06:19.0 (107962035)|STATEMENT_EXECUTE|[186]
14:06:19.0 (107963710)|STATEMENT_EXECUTE|[187]
14:06:19.0 (107964677)|STATEMENT_EXECUTE|[190]
14:06:19.0 (107970581)|HEAP_ALLOCATE|[252]|Bytes:12
14:06:19.0 (107977577)|CONSTRUCTOR_ENTRY|[252]|01p2400000DUtXT|<init>(Boolean,Location__c)
14:06:19.0 (107984158)|VARIABLE_SCOPE_BEGIN|[546]|this|NewDeliveredExtension.SubLocation|true|false
14:06:19.0 (107991972)|VARIABLE_ASSIGNMENT|[546]|this|{}|0x60f87f7f
14:06:19.0 (107995100)|VARIABLE_SCOPE_BEGIN|[546]|isChecked|Boolean|false|false
14:06:19.0 (107997701)|VARIABLE_ASSIGNMENT|[546]|isChecked|false
14:06:19.0 (107998996)|VARIABLE_SCOPE_BEGIN|[546]|sub|Location__c|true|false
14:06:19.0 (108004405)|VARIABLE_ASSIGNMENT|[546]|sub|{"Name":"1Q2WD","Id":"a0B0E0000009YBZUA2","RecordTypeId":"01224000000B1zdAAC"}|0x695e3031
14:06:19.0 (108009268)|STATEMENT_EXECUTE|[543]
14:06:19.0 (108010502)|STATEMENT_EXECUTE|[544]
14:06:19.0 (108011487)|STATEMENT_EXECUTE|[545]
14:06:19.0 (108019256)|STATEMENT_EXECUTE|[546]
14:06:19.0 (108020339)|STATEMENT_EXECUTE|[547]
14:06:19.0 (108029134)|VARIABLE_ASSIGNMENT|[EXTERNAL]|this|{}|0x60f87f7f
14:06:19.0 (108032599)|VARIABLE_ASSIGNMENT|[EXTERNAL]|value|false
14:06:19.0 (108035787)|HEAP_ALLOCATE|[544]|Bytes:5
14:06:19.0 (108039860)|VARIABLE_ASSIGNMENT|[544]|this.isChecked|false|0x60f87f7f
14:06:19.0 (108043325)|STATEMENT_EXECUTE|[548]
14:06:19.0 (108057938)|VARIABLE_ASSIGNMENT|[EXTERNAL]|this|{"isChecked":false}|0x60f87f7f
14:06:19.0 (108063323)|VARIABLE_ASSIGNMENT|[EXTERNAL]|value|{"Name":"1Q2WD","Id":"a0B0E0000009YBZUA2","RecordTypeId":"01224000000B1zdAAC"}|0x695e3031
14:06:19.0 (108068738)|VARIABLE_ASSIGNMENT|[545]|this.sub|{"Name":"1Q2WD","Id":"a0B0E0000009YBZUA2","RecordTypeId":"01224000000B1zdAAC"}|0x60f87f7f
14:06:19.0 (108076668)|CONSTRUCTOR_EXIT|[252]|01p2400000DUtXT|<init>(Boolean,Location__c)
14:06:19.0 (108083319)|HEAP_ALLOCATE|[EXTERNAL]|Bytes:4
14:06:19.0 (108089588)|METHOD_ENTRY|[251]||Database.QueryLocatorIterator.hasNext()
14:06:19.0 (108099071)|METHOD_EXIT|[251]||Database.QueryLocatorIterator.hasNext()
14:06:19.0 (108103997)|VARIABLE_ASSIGNMENT|[251]|loc|null|
14:06:19.120 (120377570)|SYSTEM_MODE_ENTER|true
14:06:19.120 (120434761)|HEAP_ALLOCATE|[EXTERNAL]|Bytes:8
14:06:19.120 (120440988)|VARIABLE_SCOPE_BEGIN|[88]|this|ApexPage.PageMessagesComponentController|true|false
14:06:19.120 (120460486)|VARIABLE_ASSIGNMENT|[88]|this|{}|0x10443c00
14:06:19.120 (120463425)|VARIABLE_SCOPE_BEGIN|[88]|escape|Boolean|false|false
14:06:19.120 (120466532)|VARIABLE_ASSIGNMENT|[88]|escape|null
14:06:19.120 (120550810)|SYSTEM_MODE_ENTER|true
14:06:19.120 (120580951)|HEAP_ALLOCATE|[EXTERNAL]|Bytes:8
14:06:19.120 (120586416)|VARIABLE_SCOPE_BEGIN|[2]|this|ApexPage.PageMessagesComponentController|true|false
14:06:19.120 (120601672)|VARIABLE_ASSIGNMENT|[2]|this|{}|0x10443c00
14:06:19.0 (120890336)|SYSTEM_MODE_ENTER|true
14:06:19.0 (120916358)|HEAP_ALLOCATE|[EXTERNAL]|Bytes:80
14:06:19.0 (120964192)|VARIABLE_ASSIGNMENT|[EXTERNAL]|this|{"delToHub":true,"delToProj":false,"detail":"0x50f7c737","invoked":false,"rejected":false,"reserved":false,"selectedTime3":"8:00","sublocations1":"0x3665d2b9","www":"0x37718fe0","wwwById":"0x34ff030"}|0x2bede159
14:06:19.0 (120971482)|STATEMENT_EXECUTE|[196]
14:06:19.0 (120974344)|STATEMENT_EXECUTE|[197]
14:06:19.0 (120975565)|STATEMENT_EXECUTE|[200]
14:06:19.0 (121025766)|SYSTEM_MODE_ENTER|true
14:06:19.0 (121043342)|HEAP_ALLOCATE|[EXTERNAL]|Bytes:80
14:06:19.0 (121088786)|VARIABLE_ASSIGNMENT|[EXTERNAL]|this|{"delToHub":true,"delToProj":false,"detail":"0x50f7c737","invoked":false,"rejected":false,"reserved":false,"selectedTime3":"8:00","sublocations1":"0x3665d2b9","www":"0x37718fe0","wwwById":"0x34ff030"}|0x2bede159
14:06:19.0 (121094360)|STATEMENT_EXECUTE|[229]
14:06:19.0 (121096688)|STATEMENT_EXECUTE|[230]
14:06:19.0 (121097908)|STATEMENT_EXECUTE|[233]
14:06:19.0 (121159720)|SYSTEM_MODE_ENTER|true
14:06:19.0 (121176267)|HEAP_ALLOCATE|[EXTERNAL]|Bytes:80
14:06:19.0 (121217886)|VARIABLE_ASSIGNMENT|[EXTERNAL]|this|{"delToHub":true,"delToProj":false,"detail":"0x50f7c737","invoked":false,"rejected":false,"reserved":false,"selectedTime3":"8:00","sublocations1":"0x3665d2b9","www":"0x37718fe0","wwwById":"0x34ff030"}|0x2bede159
14:06:19.0 (121224606)|STATEMENT_EXECUTE|[3]
14:06:19.0 (121226764)|STATEMENT_EXECUTE|[4]
14:06:19.0 (121227926)|STATEMENT_EXECUTE|[9]
14:06:19.0 (150350316)|SYSTEM_MODE_ENTER|true
14:06:19.0 (150374471)|HEAP_ALLOCATE|[EXTERNAL]|Bytes:80
14:06:19.0 (150428202)|VARIABLE_ASSIGNMENT|[EXTERNAL]|this|{"delToHub":true,"delToProj":false,"detail":"0x50f7c737","invoked":false,"rejected":false,"reserved":false,"selectedTime3":"8:00","sublocations1":"0x3665d2b9","www":"0x37718fe0","wwwById":"0x34ff030"}|0x2bede159
14:06:19.0 (150435036)|STATEMENT_EXECUTE|[186]
14:06:19.0 (150437962)|STATEMENT_EXECUTE|[187]
14:06:19.0 (150439107)|STATEMENT_EXECUTE|[190]
14:06:19.0 (151040082)|SYSTEM_MODE_ENTER|true
14:06:19.0 (151063168)|HEAP_ALLOCATE|[EXTERNAL]|Bytes:80
14:06:19.0 (151113933)|VARIABLE_ASSIGNMENT|[EXTERNAL]|this|{"delToHub":true,"delToProj":false,"detail":"0x50f7c737","invoked":false,"rejected":false,"reserved":false,"selectedTime3":"8:00","sublocations1":"0x3665d2b9","www":"0x37718fe0","wwwById":"0x34ff030"}|0x2bede159
14:06:19.0 (151120768)|STATEMENT_EXECUTE|[204]
14:06:19.0 (151123426)|STATEMENT_EXECUTE|[205]
14:06:19.0 (151124558)|STATEMENT_EXECUTE|[208]
14:06:19.0 (151174393)|SYSTEM_MODE_ENTER|true
14:06:19.0 (151194077)|HEAP_ALLOCATE|[EXTERNAL]|Bytes:80
14:06:19.0 (151237303)|VARIABLE_ASSIGNMENT|[EXTERNAL]|this|{"delToHub":true,"delToProj":false,"detail":"0x50f7c737","invoked":false,"rejected":false,"reserved":false,"selectedTime3":"8:00","sublocations1":"0x3665d2b9","www":"0x37718fe0","wwwById":"0x34ff030"}|0x2bede159
14:06:19.0 (151243257)|STATEMENT_EXECUTE|[220]
14:06:19.0 (151246312)|STATEMENT_EXECUTE|[221]
14:06:19.0 (151248131)|STATEMENT_EXECUTE|[224]
14:06:19.0 (151286566)|SYSTEM_MODE_ENTER|true
14:06:19.0 (151306621)|HEAP_ALLOCATE|[EXTERNAL]|Bytes:80
14:06:19.0 (151348946)|VARIABLE_ASSIGNMENT|[EXTERNAL]|this|{"delToHub":true,"delToProj":false,"detail":"0x50f7c737","invoked":false,"rejected":false,"reserved":false,"selectedTime3":"8:00","sublocations1":"0x3665d2b9","www":"0x37718fe0","wwwById":"0x34ff030"}|0x2bede159
14:06:19.0 (151354112)|STATEMENT_EXECUTE|[212]
14:06:19.0 (151360639)|STATEMENT_EXECUTE|[213]
14:06:19.0 (151361770)|STATEMENT_EXECUTE|[216]
14:06:19.0 (151419716)|SYSTEM_MODE_ENTER|true
14:06:19.0 (151436393)|HEAP_ALLOCATE|[EXTERNAL]|Bytes:80
14:06:19.0 (151479316)|VARIABLE_ASSIGNMENT|[EXTERNAL]|this|{"delToHub":true,"delToProj":false,"detail":"0x50f7c737","invoked":false,"rejected":false,"reserved":false,"selectedTime3":"8:00","sublocations1":"0x3665d2b9","www":"0x37718fe0","wwwById":"0x34ff030"}|0x2bede159
14:06:19.0 (151484407)|STATEMENT_EXECUTE|[21]
14:06:19.0 (151486599)|STATEMENT_EXECUTE|[22]
14:06:19.0 (151487810)|STATEMENT_EXECUTE|[26]
14:06:19.0 (156200851)|VF_SERIALIZE_VIEWSTATE_BEGIN|06624000003h0Dg
14:06:19.0 (160788515)|VF_SERIALIZE_VIEWSTATE_END
14:06:19.163 (163165942)|CUMULATIVE_LIMIT_USAGE
14:06:19.163 (163165942)|LIMIT_USAGE_FOR_NS|(default)|
  Number of SOQL queries: 1 out of 100
  Number of query rows: 4 out of 50000
  Number of SOSL queries: 0 out of 20
  Number of DML statements: 0 out of 150
  Number of DML rows: 0 out of 10000
  Maximum CPU time: 0 out of 10000
  Maximum heap size: 0 out of 6000000
  Number of callouts: 0 out of 100
  Number of Email Invocations: 0 out of 10
  Number of future calls: 0 out of 50
  Number of queueable jobs added to the queue: 0 out of 50
  Number of Mobile Apex push calls: 0 out of 10

14:06:19.163 (163165942)|CUMULATIVE_LIMIT_USAGE_END

14:06:19.0 (163204354)|CODE_UNIT_FINISHED|VF: /apex/New_delivered_detail
14:06:19.0 (163919491)|EXECUTION_FINISHED
