36.0 APEX_CODE,DEBUG;APEX_PROFILING,INFO;CALLOUT,INFO;DB,INFO;SYSTEM,DEBUG;VALIDATION,INFO;VISUALFORCE,INFO;WAVE,INFO;WORKFLOW,INFO
16:39:47.0 (498163)|USER_INFO|[EXTERNAL]|00524000001e3Uj|bedrijfsbureau@gsa.nl.sandbox|Midden-Europese standaardtijd|GMT+02:00
16:39:47.0 (533124)|EXECUTION_STARTED
16:39:47.0 (536888)|CODE_UNIT_STARTED|[EXTERNAL]|01p2400000Cr5V4|ChangePasswordControllerTest.testChangePasswordController
16:39:47.0 (1738033)|SYSTEM_MODE_ENTER|false
16:39:47.0 (1745937)|SYSTEM_MODE_EXIT|false
16:39:47.0 (1785925)|SYSTEM_MODE_ENTER|false
16:39:47.0 (3435322)|SYSTEM_MODE_EXIT|false
16:39:47.3 (3446321)|CUMULATIVE_LIMIT_USAGE
16:39:47.3 (3446321)|LIMIT_USAGE_FOR_NS|(default)|
  Number of SOQL queries: 0 out of 100
  Number of query rows: 0 out of 50000
  Number of SOSL queries: 0 out of 20
  Number of DML statements: 0 out of 150
  Number of DML rows: 0 out of 10000
  Maximum CPU time: 0 out of 10000
  Maximum heap size: 0 out of 6000000
  Number of callouts: 0 out of 100
  Number of Email Invocations: 0 out of 10
  Number of future calls: 0 out of 50
  Number of queueable jobs added to the queue: 0 out of 50
  Number of Mobile Apex push calls: 0 out of 10

16:39:47.3 (3446321)|CUMULATIVE_LIMIT_USAGE_END

16:39:47.0 (3476621)|CODE_UNIT_FINISHED|ChangePasswordControllerTest.testChangePasswordController
16:39:47.0 (4552417)|EXECUTION_FINISHED
