38.0 APEX_CODE,FINEST;APEX_PROFILING,INFO;CALLOUT,INFO;DB,INFO;SYSTEM,DEBUG;VALIDATION,INFO;VISUALFORCE,INFO;WAVE,INFO;WORKFLOW,INFO
12:03:59.0 (59282)|USER_INFO|[EXTERNAL]|00524000001e3Uj|bedrijfsbureau@gsa.nl.sandbox|Midden-Europese standaardtijd|GMT+01:00
12:03:59.0 (87035)|EXECUTION_STARTED
12:03:59.0 (90662)|CODE_UNIT_STARTED|[EXTERNAL]|06624000003h0Dg|VF: /apex/New_delivered_detail
12:03:59.0 (228310)|VF_DESERIALIZE_VIEWSTATE_BEGIN|06624000003h0Dg
12:03:59.0 (4873479)|HEAP_ALLOCATE|[72]|Bytes:3
12:03:59.0 (4914348)|HEAP_ALLOCATE|[77]|Bytes:152
12:03:59.0 (4928297)|HEAP_ALLOCATE|[342]|Bytes:408
12:03:59.0 (4942662)|HEAP_ALLOCATE|[355]|Bytes:408
12:03:59.0 (4956085)|HEAP_ALLOCATE|[467]|Bytes:48
12:03:59.0 (4982059)|HEAP_ALLOCATE|[139]|Bytes:6
12:03:59.0 (5015352)|HEAP_ALLOCATE|[50]|Bytes:5
12:03:59.0 (5034774)|HEAP_ALLOCATE|[56]|Bytes:5
12:03:59.0 (5040784)|HEAP_ALLOCATE|[64]|Bytes:7
12:03:59.0 (9267485)|VF_DESERIALIZE_VIEWSTATE_END
12:03:59.9 (9974280)|SYSTEM_MODE_ENTER|true
12:03:59.9 (10033287)|HEAP_ALLOCATE|[EXTERNAL]|Bytes:38
12:03:59.9 (10039846)|HEAP_ALLOCATE|[EXTERNAL]|Bytes:7
12:03:59.9 (10047315)|SYSTEM_METHOD_ENTRY|[1]|PageMessagesComponentController.PageMessagesComponentController()
12:03:59.9 (10051738)|STATEMENT_EXECUTE|[1]
12:03:59.10 (10783551)|SYSTEM_MODE_ENTER|true
12:03:59.10 (10827017)|HEAP_ALLOCATE|[EXTERNAL]|Bytes:8
12:03:59.10 (10832485)|VARIABLE_SCOPE_BEGIN|[88]|this|ApexPage.PageMessagesComponentController|true|false
12:03:59.10 (10863263)|VARIABLE_ASSIGNMENT|[88]|this|{}|0x3f47a2eb
12:03:59.10 (10865621)|VARIABLE_SCOPE_BEGIN|[88]|escape|Boolean|false|false
12:03:59.10 (10870929)|VARIABLE_ASSIGNMENT|[88]|escape|null
12:03:59.0 (11084724)|SYSTEM_MODE_ENTER|true
12:03:59.0 (11282612)|HEAP_ALLOCATE|[EXTERNAL]|Bytes:11
12:03:59.0 (11290763)|HEAP_ALLOCATE|[EXTERNAL]|Bytes:408
12:03:59.0 (11293820)|HEAP_ALLOCATE|[EXTERNAL]|Bytes:120
12:03:59.0 (11296199)|HEAP_ALLOCATE|[EXTERNAL]|Bytes:108
12:03:59.0 (11302354)|METHOD_ENTRY|[1]|01p2400000DUtXT|NewDeliveredExtension.NewDeliveredExtension()
12:03:59.0 (11304964)|STATEMENT_EXECUTE|[1]
12:03:59.0 (11308653)|STATEMENT_EXECUTE|[1]
12:03:59.0 (11309953)|STATEMENT_EXECUTE|[527]
12:03:59.0 (11313569)|METHOD_EXIT|[1]|NewDeliveredExtension
12:03:59.0 (11317204)|HEAP_ALLOCATE|[EXTERNAL]|Bytes:80
12:03:59.0 (11409819)|VARIABLE_ASSIGNMENT|[EXTERNAL]|this|{"delToHub":true,"delToProj":false,"detail":"0x1f0fd25f","invoked":false,"rejected":false,"reserved":false,"selectedTime3":"8:00","sublocations1":"0x1f6cf272","www":"0x8a7a83b","wwwById":"0x3b2ad87d"}|0x3f351d31
12:03:59.0 (11416703)|STATEMENT_EXECUTE|[196]
12:03:59.0 (11420099)|STATEMENT_EXECUTE|[197]
12:03:59.0 (11421640)|STATEMENT_EXECUTE|[200]
12:03:59.0 (11481922)|SYSTEM_MODE_ENTER|true
12:03:59.0 (11503399)|HEAP_ALLOCATE|[EXTERNAL]|Bytes:80
12:03:59.0 (11543219)|VARIABLE_ASSIGNMENT|[EXTERNAL]|this|{"delToHub":true,"delToProj":false,"detail":"0x1f0fd25f","invoked":false,"rejected":false,"reserved":false,"selectedTime3":"8:00","sublocations1":"0x1f6cf272","www":"0x8a7a83b","wwwById":"0x3b2ad87d"}|0x3f351d31
12:03:59.0 (11549113)|STATEMENT_EXECUTE|[229]
12:03:59.0 (11551578)|STATEMENT_EXECUTE|[230]
12:03:59.0 (11552724)|STATEMENT_EXECUTE|[233]
12:03:59.0 (11644421)|SYSTEM_MODE_ENTER|true
12:03:59.0 (11687942)|HEAP_ALLOCATE|[EXTERNAL]|Bytes:80
12:03:59.0 (11728374)|VARIABLE_ASSIGNMENT|[EXTERNAL]|this|{"delToHub":true,"delToProj":false,"detail":"0x1f0fd25f","invoked":false,"rejected":false,"reserved":false,"selectedTime3":"8:00","sublocations1":"0x1f6cf272","www":"0x8a7a83b","wwwById":"0x3b2ad87d"}|0x3f351d31
12:03:59.0 (11734527)|STATEMENT_EXECUTE|[3]
12:03:59.0 (11737290)|STATEMENT_EXECUTE|[4]
12:03:59.0 (11738953)|STATEMENT_EXECUTE|[9]
12:03:59.0 (17432410)|SYSTEM_MODE_ENTER|true
12:03:59.0 (17463877)|HEAP_ALLOCATE|[EXTERNAL]|Bytes:80
12:03:59.0 (17512583)|VARIABLE_ASSIGNMENT|[EXTERNAL]|this|{"delToHub":true,"delToProj":false,"detail":"0x1f0fd25f","invoked":false,"rejected":false,"reserved":false,"selectedTime3":"8:00","sublocations1":"0x1f6cf272","www":"0x8a7a83b","wwwById":"0x3b2ad87d"}|0x3f351d31
12:03:59.0 (17519401)|STATEMENT_EXECUTE|[186]
12:03:59.0 (17523655)|STATEMENT_EXECUTE|[187]
12:03:59.0 (17524777)|STATEMENT_EXECUTE|[190]
12:03:59.0 (18009512)|SYSTEM_MODE_ENTER|true
12:03:59.0 (18036899)|HEAP_ALLOCATE|[EXTERNAL]|Bytes:80
12:03:59.0 (18082923)|VARIABLE_ASSIGNMENT|[EXTERNAL]|this|{"delToHub":true,"delToProj":false,"detail":"0x1f0fd25f","invoked":false,"rejected":false,"reserved":false,"selectedTime3":"8:00","sublocations1":"0x1f6cf272","www":"0x8a7a83b","wwwById":"0x3b2ad87d"}|0x3f351d31
12:03:59.0 (18089832)|STATEMENT_EXECUTE|[204]
12:03:59.0 (18092562)|STATEMENT_EXECUTE|[205]
12:03:59.0 (18094004)|STATEMENT_EXECUTE|[208]
12:03:59.0 (18143750)|SYSTEM_MODE_ENTER|true
12:03:59.0 (18163569)|HEAP_ALLOCATE|[EXTERNAL]|Bytes:80
12:03:59.0 (18201800)|VARIABLE_ASSIGNMENT|[EXTERNAL]|this|{"delToHub":true,"delToProj":false,"detail":"0x1f0fd25f","invoked":false,"rejected":false,"reserved":false,"selectedTime3":"8:00","sublocations1":"0x1f6cf272","www":"0x8a7a83b","wwwById":"0x3b2ad87d"}|0x3f351d31
12:03:59.0 (18207120)|STATEMENT_EXECUTE|[220]
12:03:59.0 (18209070)|STATEMENT_EXECUTE|[221]
12:03:59.0 (18210049)|STATEMENT_EXECUTE|[224]
12:03:59.0 (18253445)|SYSTEM_MODE_ENTER|true
12:03:59.0 (18271241)|HEAP_ALLOCATE|[EXTERNAL]|Bytes:80
12:03:59.0 (18306598)|VARIABLE_ASSIGNMENT|[EXTERNAL]|this|{"delToHub":true,"delToProj":false,"detail":"0x1f0fd25f","invoked":false,"rejected":false,"reserved":false,"selectedTime3":"8:00","sublocations1":"0x1f6cf272","www":"0x8a7a83b","wwwById":"0x3b2ad87d"}|0x3f351d31
12:03:59.0 (18311222)|STATEMENT_EXECUTE|[212]
12:03:59.0 (18313226)|STATEMENT_EXECUTE|[213]
12:03:59.0 (18314820)|STATEMENT_EXECUTE|[216]
12:03:59.0 (18383020)|SYSTEM_MODE_ENTER|true
12:03:59.0 (18406514)|HEAP_ALLOCATE|[EXTERNAL]|Bytes:80
12:03:59.0 (18443906)|VARIABLE_ASSIGNMENT|[EXTERNAL]|this|{"delToHub":true,"delToProj":false,"detail":"0x1f0fd25f","invoked":false,"rejected":false,"reserved":false,"selectedTime3":"8:00","sublocations1":"0x1f6cf272","www":"0x8a7a83b","wwwById":"0x3b2ad87d"}|0x3f351d31
12:03:59.0 (18449575)|STATEMENT_EXECUTE|[21]
12:03:59.0 (18451859)|STATEMENT_EXECUTE|[22]
12:03:59.0 (18452970)|STATEMENT_EXECUTE|[26]
12:03:59.0 (23783892)|SYSTEM_MODE_ENTER|true
12:03:59.0 (23815919)|HEAP_ALLOCATE|[EXTERNAL]|Bytes:80
12:03:59.0 (23822138)|VARIABLE_SCOPE_BEGIN|[48]|this|NewDeliveredExtension|true|false
12:03:59.0 (23865995)|VARIABLE_ASSIGNMENT|[48]|this|{"delToHub":true,"delToProj":false,"detail":"0x1f0fd25f","invoked":false,"rejected":false,"reserved":false,"selectedTime3":"8:00","sublocations1":"0x1f6cf272","www":"0x8a7a83b","wwwById":"0x3b2ad87d"}|0x3f351d31
12:03:59.0 (23873908)|STATEMENT_EXECUTE|[48]
12:03:59.0 (23875587)|STATEMENT_EXECUTE|[49]
12:03:59.0 (23880446)|HEAP_ALLOCATE|[49]|Bytes:4
12:03:59.0 (23907803)|VARIABLE_SCOPE_BEGIN|[49]|options|List<System.SelectOption>|true|false
12:03:59.0 (23935116)|HEAP_ALLOCATE|[EXTERNAL]|Bytes:4
12:03:59.0 (23943425)|VARIABLE_ASSIGNMENT|[49]|options|[]|0x2cea1766
12:03:59.0 (23946451)|STATEMENT_EXECUTE|[50]
12:03:59.0 (23950909)|VARIABLE_SCOPE_BEGIN|[50]|i|Integer|false|false
12:03:59.0 (23954270)|HEAP_ALLOCATE|[50]|Bytes:4
12:03:59.0 (23958658)|VARIABLE_ASSIGNMENT|[50]|i|0
12:03:59.0 (23963481)|STATEMENT_EXECUTE|[50]
12:03:59.0 (23964831)|STATEMENT_EXECUTE|[51]
12:03:59.0 (23966332)|VARIABLE_SCOPE_BEGIN|[51]|j|Integer|false|false
12:03:59.0 (23968070)|HEAP_ALLOCATE|[51]|Bytes:4
12:03:59.0 (23970657)|VARIABLE_ASSIGNMENT|[51]|j|0
12:03:59.0 (23972480)|STATEMENT_EXECUTE|[51]
12:03:59.0 (23974541)|STATEMENT_EXECUTE|[52]
12:03:59.0 (23975617)|STATEMENT_EXECUTE|[53]
12:03:59.0 (24019326)|HEAP_ALLOCATE|[53]|Bytes:1
12:03:59.0 (24029303)|HEAP_ALLOCATE|[53]|Bytes:2
12:03:59.0 (24035875)|HEAP_ALLOCATE|[53]|Bytes:1
12:03:59.0 (24046063)|HEAP_ALLOCATE|[53]|Bytes:4
12:03:59.0 (24051329)|HEAP_ALLOCATE|[53]|Bytes:1
12:03:59.0 (24058801)|HEAP_ALLOCATE|[53]|Bytes:1
12:03:59.0 (24063795)|HEAP_ALLOCATE|[53]|Bytes:4
12:03:59.0 (24092353)|HEAP_ALLOCATE|[EXTERNAL]|Bytes:4
12:03:59.0 (24098833)|HEAP_ALLOCATE|[51]|Bytes:4
12:03:59.0 (24103641)|VARIABLE_ASSIGNMENT|[51]|j|30
12:03:59.0 (24106468)|STATEMENT_EXECUTE|[51]
12:03:59.0 (24108190)|STATEMENT_EXECUTE|[54]
12:03:59.0 (24109400)|STATEMENT_EXECUTE|[55]
12:03:59.0 (24125099)|HEAP_ALLOCATE|[55]|Bytes:1
12:03:59.0 (24131458)|HEAP_ALLOCATE|[55]|Bytes:1
12:03:59.0 (24136921)|HEAP_ALLOCATE|[55]|Bytes:2
12:03:59.0 (24142124)|HEAP_ALLOCATE|[55]|Bytes:4
12:03:59.0 (24146759)|HEAP_ALLOCATE|[55]|Bytes:1
12:03:59.0 (24153768)|HEAP_ALLOCATE|[55]|Bytes:2
12:03:59.0 (24158442)|HEAP_ALLOCATE|[55]|Bytes:4
12:03:59.0 (24169780)|HEAP_ALLOCATE|[EXTERNAL]|Bytes:4
12:03:59.0 (24173689)|HEAP_ALLOCATE|[51]|Bytes:4
12:03:59.0 (24177694)|VARIABLE_ASSIGNMENT|[51]|j|60
12:03:59.0 (24181002)|HEAP_ALLOCATE|[50]|Bytes:4
12:03:59.0 (24183732)|VARIABLE_ASSIGNMENT|[50]|i|1
12:03:59.0 (24185820)|STATEMENT_EXECUTE|[50]
12:03:59.0 (24187219)|STATEMENT_EXECUTE|[51]
12:03:59.0 (24189148)|VARIABLE_SCOPE_BEGIN|[51]|j|Integer|false|false
12:03:59.0 (24190914)|HEAP_ALLOCATE|[51]|Bytes:4
12:03:59.0 (24193155)|VARIABLE_ASSIGNMENT|[51]|j|0
12:03:59.0 (24194587)|STATEMENT_EXECUTE|[51]
12:03:59.0 (24195914)|STATEMENT_EXECUTE|[52]
12:03:59.0 (24196874)|STATEMENT_EXECUTE|[53]
12:03:59.0 (24203475)|HEAP_ALLOCATE|[53]|Bytes:1
12:03:59.0 (24210973)|HEAP_ALLOCATE|[53]|Bytes:1
12:03:59.0 (24215932)|HEAP_ALLOCATE|[53]|Bytes:4
12:03:59.0 (24220384)|HEAP_ALLOCATE|[53]|Bytes:1
12:03:59.0 (24227054)|HEAP_ALLOCATE|[53]|Bytes:1
12:03:59.0 (24231486)|HEAP_ALLOCATE|[53]|Bytes:4
12:03:59.0 (24237127)|HEAP_ALLOCATE|[EXTERNAL]|Bytes:4
12:03:59.0 (24240442)|HEAP_ALLOCATE|[51]|Bytes:4
12:03:59.0 (24243315)|VARIABLE_ASSIGNMENT|[51]|j|30
12:03:59.0 (24245132)|STATEMENT_EXECUTE|[51]
12:03:59.0 (24246892)|STATEMENT_EXECUTE|[54]
12:03:59.0 (24247919)|STATEMENT_EXECUTE|[55]
12:03:59.0 (24253387)|HEAP_ALLOCATE|[55]|Bytes:1
12:03:59.0 (24260521)|HEAP_ALLOCATE|[55]|Bytes:2
12:03:59.0 (24265159)|HEAP_ALLOCATE|[55]|Bytes:4
12:03:59.0 (24269665)|HEAP_ALLOCATE|[55]|Bytes:1
12:03:59.0 (24276298)|HEAP_ALLOCATE|[55]|Bytes:2
12:03:59.0 (24280687)|HEAP_ALLOCATE|[55]|Bytes:4
12:03:59.0 (24284892)|HEAP_ALLOCATE|[EXTERNAL]|Bytes:4
12:03:59.0 (24287867)|HEAP_ALLOCATE|[51]|Bytes:4
12:03:59.0 (24290398)|VARIABLE_ASSIGNMENT|[51]|j|60
12:03:59.0 (24292219)|HEAP_ALLOCATE|[50]|Bytes:4
12:03:59.0 (24294434)|VARIABLE_ASSIGNMENT|[50]|i|2
12:03:59.0 (24296062)|STATEMENT_EXECUTE|[50]
12:03:59.0 (24297294)|STATEMENT_EXECUTE|[51]
12:03:59.0 (24298777)|VARIABLE_SCOPE_BEGIN|[51]|j|Integer|false|false
12:03:59.0 (24300211)|HEAP_ALLOCATE|[51]|Bytes:4
12:03:59.0 (24302388)|VARIABLE_ASSIGNMENT|[51]|j|0
12:03:59.0 (24303721)|STATEMENT_EXECUTE|[51]
12:03:59.0 (24305132)|STATEMENT_EXECUTE|[52]
12:03:59.0 (24306087)|STATEMENT_EXECUTE|[53]
12:03:59.0 (24311280)|HEAP_ALLOCATE|[53]|Bytes:1
12:03:59.0 (24318271)|HEAP_ALLOCATE|[53]|Bytes:1
12:03:59.0 (24322894)|HEAP_ALLOCATE|[53]|Bytes:4
12:03:59.0 (24327228)|HEAP_ALLOCATE|[53]|Bytes:1
12:03:59.0 (24333785)|HEAP_ALLOCATE|[53]|Bytes:1
12:03:59.0 (24338113)|HEAP_ALLOCATE|[53]|Bytes:4
12:03:59.0 (24342118)|HEAP_ALLOCATE|[EXTERNAL]|Bytes:4
12:03:59.0 (24345124)|HEAP_ALLOCATE|[51]|Bytes:4
12:03:59.0 (24347702)|VARIABLE_ASSIGNMENT|[51]|j|30
12:03:59.0 (24349685)|STATEMENT_EXECUTE|[51]
12:03:59.0 (24351025)|STATEMENT_EXECUTE|[54]
12:03:59.0 (24351950)|STATEMENT_EXECUTE|[55]
12:03:59.0 (24357005)|HEAP_ALLOCATE|[55]|Bytes:1
12:03:59.0 (24363964)|HEAP_ALLOCATE|[55]|Bytes:2
12:03:59.0 (24368464)|HEAP_ALLOCATE|[55]|Bytes:4
12:03:59.0 (24372844)|HEAP_ALLOCATE|[55]|Bytes:1
12:03:59.0 (24379485)|HEAP_ALLOCATE|[55]|Bytes:2
12:03:59.0 (24383818)|HEAP_ALLOCATE|[55]|Bytes:4
12:03:59.0 (24387781)|HEAP_ALLOCATE|[EXTERNAL]|Bytes:4
12:03:59.0 (24390771)|HEAP_ALLOCATE|[51]|Bytes:4
12:03:59.0 (24393302)|VARIABLE_ASSIGNMENT|[51]|j|60
12:03:59.0 (24395517)|HEAP_ALLOCATE|[50]|Bytes:4
12:03:59.0 (24397752)|VARIABLE_ASSIGNMENT|[50]|i|3
12:03:59.0 (24399310)|STATEMENT_EXECUTE|[50]
12:03:59.0 (24400505)|STATEMENT_EXECUTE|[51]
12:03:59.0 (24401937)|VARIABLE_SCOPE_BEGIN|[51]|j|Integer|false|false
12:03:59.0 (24403287)|HEAP_ALLOCATE|[51]|Bytes:4
12:03:59.0 (24405440)|VARIABLE_ASSIGNMENT|[51]|j|0
12:03:59.0 (24406796)|STATEMENT_EXECUTE|[51]
12:03:59.0 (24408046)|STATEMENT_EXECUTE|[52]
12:03:59.0 (24408994)|STATEMENT_EXECUTE|[53]
12:03:59.0 (24414317)|HEAP_ALLOCATE|[53]|Bytes:1
12:03:59.0 (24421376)|HEAP_ALLOCATE|[53]|Bytes:1
12:03:59.0 (24426011)|HEAP_ALLOCATE|[53]|Bytes:4
12:03:59.0 (24430485)|HEAP_ALLOCATE|[53]|Bytes:1
12:03:59.0 (24437125)|HEAP_ALLOCATE|[53]|Bytes:1
12:03:59.0 (24441483)|HEAP_ALLOCATE|[53]|Bytes:4
12:03:59.0 (24445449)|HEAP_ALLOCATE|[EXTERNAL]|Bytes:4
12:03:59.0 (24448428)|HEAP_ALLOCATE|[51]|Bytes:4
12:03:59.0 (24451050)|VARIABLE_ASSIGNMENT|[51]|j|30
12:03:59.0 (24452709)|STATEMENT_EXECUTE|[51]
12:03:59.0 (24454224)|STATEMENT_EXECUTE|[54]
12:03:59.0 (24455160)|STATEMENT_EXECUTE|[55]
12:03:59.0 (24460191)|HEAP_ALLOCATE|[55]|Bytes:1
12:03:59.0 (24467246)|HEAP_ALLOCATE|[55]|Bytes:2
12:03:59.0 (24471735)|HEAP_ALLOCATE|[55]|Bytes:4
12:03:59.0 (24476103)|HEAP_ALLOCATE|[55]|Bytes:1
12:03:59.0 (24482941)|HEAP_ALLOCATE|[55]|Bytes:2
12:03:59.0 (24487415)|HEAP_ALLOCATE|[55]|Bytes:4
12:03:59.0 (24491351)|HEAP_ALLOCATE|[EXTERNAL]|Bytes:4
12:03:59.0 (24494243)|HEAP_ALLOCATE|[51]|Bytes:4
12:03:59.0 (24496708)|VARIABLE_ASSIGNMENT|[51]|j|60
12:03:59.0 (24498459)|HEAP_ALLOCATE|[50]|Bytes:4
12:03:59.0 (24500740)|VARIABLE_ASSIGNMENT|[50]|i|4
12:03:59.0 (24502244)|STATEMENT_EXECUTE|[50]
12:03:59.0 (24503422)|STATEMENT_EXECUTE|[51]
12:03:59.0 (24504877)|VARIABLE_SCOPE_BEGIN|[51]|j|Integer|false|false
12:03:59.0 (24506137)|HEAP_ALLOCATE|[51]|Bytes:4
12:03:59.0 (24508274)|VARIABLE_ASSIGNMENT|[51]|j|0
12:03:59.0 (24509617)|STATEMENT_EXECUTE|[51]
12:03:59.0 (24510900)|STATEMENT_EXECUTE|[52]
12:03:59.0 (24511861)|STATEMENT_EXECUTE|[53]
12:03:59.0 (24517088)|HEAP_ALLOCATE|[53]|Bytes:1
12:03:59.0 (24523986)|HEAP_ALLOCATE|[53]|Bytes:1
12:03:59.0 (24528550)|HEAP_ALLOCATE|[53]|Bytes:4
12:03:59.0 (24533070)|HEAP_ALLOCATE|[53]|Bytes:1
12:03:59.0 (24539765)|HEAP_ALLOCATE|[53]|Bytes:1
12:03:59.0 (24544178)|HEAP_ALLOCATE|[53]|Bytes:4
12:03:59.0 (24548173)|HEAP_ALLOCATE|[EXTERNAL]|Bytes:4
12:03:59.0 (24551171)|HEAP_ALLOCATE|[51]|Bytes:4
12:03:59.0 (24553700)|VARIABLE_ASSIGNMENT|[51]|j|30
12:03:59.0 (24555344)|STATEMENT_EXECUTE|[51]
12:03:59.0 (24556663)|STATEMENT_EXECUTE|[54]
12:03:59.0 (24557584)|STATEMENT_EXECUTE|[55]
12:03:59.0 (24575324)|HEAP_ALLOCATE|[55]|Bytes:1
12:03:59.0 (24582915)|HEAP_ALLOCATE|[55]|Bytes:2
12:03:59.0 (24587784)|HEAP_ALLOCATE|[55]|Bytes:4
12:03:59.0 (24592127)|HEAP_ALLOCATE|[55]|Bytes:1
12:03:59.0 (24598876)|HEAP_ALLOCATE|[55]|Bytes:2
12:03:59.0 (24603316)|HEAP_ALLOCATE|[55]|Bytes:4
12:03:59.0 (24608014)|HEAP_ALLOCATE|[EXTERNAL]|Bytes:4
12:03:59.0 (24611149)|HEAP_ALLOCATE|[51]|Bytes:4
12:03:59.0 (24614134)|VARIABLE_ASSIGNMENT|[51]|j|60
12:03:59.0 (24617034)|HEAP_ALLOCATE|[50]|Bytes:4
12:03:59.0 (24619369)|VARIABLE_ASSIGNMENT|[50]|i|5
12:03:59.0 (24621032)|STATEMENT_EXECUTE|[50]
12:03:59.0 (24622382)|STATEMENT_EXECUTE|[51]
12:03:59.0 (24623920)|VARIABLE_SCOPE_BEGIN|[51]|j|Integer|false|false
12:03:59.0 (24625388)|HEAP_ALLOCATE|[51]|Bytes:4
12:03:59.0 (24627506)|VARIABLE_ASSIGNMENT|[51]|j|0
12:03:59.0 (24628894)|STATEMENT_EXECUTE|[51]
12:03:59.0 (24630181)|STATEMENT_EXECUTE|[52]
12:03:59.0 (24631124)|STATEMENT_EXECUTE|[53]
12:03:59.0 (24636402)|HEAP_ALLOCATE|[53]|Bytes:1
12:03:59.0 (24643454)|HEAP_ALLOCATE|[53]|Bytes:1
12:03:59.0 (24648073)|HEAP_ALLOCATE|[53]|Bytes:4
12:03:59.0 (24652482)|HEAP_ALLOCATE|[53]|Bytes:1
12:03:59.0 (24659061)|HEAP_ALLOCATE|[53]|Bytes:1
12:03:59.0 (24663394)|HEAP_ALLOCATE|[53]|Bytes:4
12:03:59.0 (24667431)|HEAP_ALLOCATE|[EXTERNAL]|Bytes:4
12:03:59.0 (24670608)|HEAP_ALLOCATE|[51]|Bytes:4
12:03:59.0 (24673319)|VARIABLE_ASSIGNMENT|[51]|j|30
12:03:59.0 (24674944)|STATEMENT_EXECUTE|[51]
12:03:59.0 (24676443)|STATEMENT_EXECUTE|[54]
12:03:59.0 (24677585)|STATEMENT_EXECUTE|[55]
12:03:59.0 (24682529)|HEAP_ALLOCATE|[55]|Bytes:1
12:03:59.0 (24689475)|HEAP_ALLOCATE|[55]|Bytes:2
12:03:59.0 (24694216)|HEAP_ALLOCATE|[55]|Bytes:4
12:03:59.0 (24698619)|HEAP_ALLOCATE|[55]|Bytes:1
12:03:59.0 (24705367)|HEAP_ALLOCATE|[55]|Bytes:2
12:03:59.0 (24709854)|HEAP_ALLOCATE|[55]|Bytes:4
12:03:59.0 (24713847)|HEAP_ALLOCATE|[EXTERNAL]|Bytes:4
12:03:59.0 (24716689)|HEAP_ALLOCATE|[51]|Bytes:4
12:03:59.0 (24719225)|VARIABLE_ASSIGNMENT|[51]|j|60
12:03:59.0 (24720918)|HEAP_ALLOCATE|[50]|Bytes:4
12:03:59.0 (24723057)|VARIABLE_ASSIGNMENT|[50]|i|6
12:03:59.0 (24724669)|STATEMENT_EXECUTE|[50]
12:03:59.0 (24726048)|STATEMENT_EXECUTE|[51]
12:03:59.0 (24727584)|VARIABLE_SCOPE_BEGIN|[51]|j|Integer|false|false
12:03:59.0 (24728865)|HEAP_ALLOCATE|[51]|Bytes:4
12:03:59.0 (24730975)|VARIABLE_ASSIGNMENT|[51]|j|0
12:03:59.0 (24732309)|STATEMENT_EXECUTE|[51]
12:03:59.0 (24733507)|STATEMENT_EXECUTE|[52]
12:03:59.0 (24734459)|STATEMENT_EXECUTE|[53]
12:03:59.0 (24739817)|HEAP_ALLOCATE|[53]|Bytes:1
12:03:59.0 (24747036)|HEAP_ALLOCATE|[53]|Bytes:1
12:03:59.0 (24751701)|HEAP_ALLOCATE|[53]|Bytes:4
12:03:59.0 (24756085)|HEAP_ALLOCATE|[53]|Bytes:1
12:03:59.0 (24762669)|HEAP_ALLOCATE|[53]|Bytes:1
12:03:59.0 (24766989)|HEAP_ALLOCATE|[53]|Bytes:4
12:03:59.0 (24771060)|HEAP_ALLOCATE|[EXTERNAL]|Bytes:4
12:03:59.0 (24774107)|HEAP_ALLOCATE|[51]|Bytes:4
12:03:59.0 (24776752)|VARIABLE_ASSIGNMENT|[51]|j|30
12:03:59.0 (24778454)|STATEMENT_EXECUTE|[51]
12:03:59.0 (24779829)|STATEMENT_EXECUTE|[54]
12:03:59.0 (24780776)|STATEMENT_EXECUTE|[55]
12:03:59.0 (24785561)|HEAP_ALLOCATE|[55]|Bytes:1
12:03:59.0 (24792610)|HEAP_ALLOCATE|[55]|Bytes:2
12:03:59.0 (24797123)|HEAP_ALLOCATE|[55]|Bytes:4
12:03:59.0 (24801694)|HEAP_ALLOCATE|[55]|Bytes:1
12:03:59.0 (24808433)|HEAP_ALLOCATE|[55]|Bytes:2
12:03:59.0 (24812849)|HEAP_ALLOCATE|[55]|Bytes:4
12:03:59.0 (24816864)|HEAP_ALLOCATE|[EXTERNAL]|Bytes:4
12:03:59.0 (24819710)|HEAP_ALLOCATE|[51]|Bytes:4
12:03:59.0 (24822198)|VARIABLE_ASSIGNMENT|[51]|j|60
12:03:59.0 (24824505)|HEAP_ALLOCATE|[50]|Bytes:4
12:03:59.0 (24826765)|VARIABLE_ASSIGNMENT|[50]|i|7
12:03:59.0 (24828266)|STATEMENT_EXECUTE|[50]
12:03:59.0 (24829545)|STATEMENT_EXECUTE|[51]
12:03:59.0 (24831088)|VARIABLE_SCOPE_BEGIN|[51]|j|Integer|false|false
12:03:59.0 (24832405)|HEAP_ALLOCATE|[51]|Bytes:4
12:03:59.0 (24834508)|VARIABLE_ASSIGNMENT|[51]|j|0
12:03:59.0 (24835910)|STATEMENT_EXECUTE|[51]
12:03:59.0 (24837121)|STATEMENT_EXECUTE|[52]
12:03:59.0 (24838093)|STATEMENT_EXECUTE|[53]
12:03:59.0 (24843218)|HEAP_ALLOCATE|[53]|Bytes:1
12:03:59.0 (24850067)|HEAP_ALLOCATE|[53]|Bytes:1
12:03:59.0 (24854682)|HEAP_ALLOCATE|[53]|Bytes:4
12:03:59.0 (24858979)|HEAP_ALLOCATE|[53]|Bytes:1
12:03:59.0 (24865599)|HEAP_ALLOCATE|[53]|Bytes:1
12:03:59.0 (24869975)|HEAP_ALLOCATE|[53]|Bytes:4
12:03:59.0 (24874015)|HEAP_ALLOCATE|[EXTERNAL]|Bytes:4
12:03:59.0 (24877106)|HEAP_ALLOCATE|[51]|Bytes:4
12:03:59.0 (24879649)|VARIABLE_ASSIGNMENT|[51]|j|30
12:03:59.0 (24881363)|STATEMENT_EXECUTE|[51]
12:03:59.0 (24882687)|STATEMENT_EXECUTE|[54]
12:03:59.0 (24883990)|STATEMENT_EXECUTE|[55]
12:03:59.0 (24888966)|HEAP_ALLOCATE|[55]|Bytes:1
12:03:59.0 (24895904)|HEAP_ALLOCATE|[55]|Bytes:2
12:03:59.0 (24900423)|HEAP_ALLOCATE|[55]|Bytes:4
12:03:59.0 (24904852)|HEAP_ALLOCATE|[55]|Bytes:1
12:03:59.0 (24911474)|HEAP_ALLOCATE|[55]|Bytes:2
12:03:59.0 (24915803)|HEAP_ALLOCATE|[55]|Bytes:4
12:03:59.0 (24919906)|HEAP_ALLOCATE|[EXTERNAL]|Bytes:4
12:03:59.0 (24922865)|HEAP_ALLOCATE|[51]|Bytes:4
12:03:59.0 (24925374)|VARIABLE_ASSIGNMENT|[51]|j|60
12:03:59.0 (24927150)|HEAP_ALLOCATE|[50]|Bytes:4
12:03:59.0 (24929348)|VARIABLE_ASSIGNMENT|[50]|i|8
12:03:59.0 (24930906)|STATEMENT_EXECUTE|[50]
12:03:59.0 (24932067)|STATEMENT_EXECUTE|[51]
12:03:59.0 (24933605)|VARIABLE_SCOPE_BEGIN|[51]|j|Integer|false|false
12:03:59.0 (24934949)|HEAP_ALLOCATE|[51]|Bytes:4
12:03:59.0 (24937154)|VARIABLE_ASSIGNMENT|[51]|j|0
12:03:59.0 (24938516)|STATEMENT_EXECUTE|[51]
12:03:59.0 (24939713)|STATEMENT_EXECUTE|[52]
12:03:59.0 (24940660)|STATEMENT_EXECUTE|[53]
12:03:59.0 (24946307)|HEAP_ALLOCATE|[53]|Bytes:1
12:03:59.0 (24953233)|HEAP_ALLOCATE|[53]|Bytes:1
12:03:59.0 (24957958)|HEAP_ALLOCATE|[53]|Bytes:4
12:03:59.0 (24962279)|HEAP_ALLOCATE|[53]|Bytes:1
12:03:59.0 (24968888)|HEAP_ALLOCATE|[53]|Bytes:1
12:03:59.0 (24973223)|HEAP_ALLOCATE|[53]|Bytes:4
12:03:59.0 (24977207)|HEAP_ALLOCATE|[EXTERNAL]|Bytes:4
12:03:59.0 (24980231)|HEAP_ALLOCATE|[51]|Bytes:4
12:03:59.0 (24982769)|VARIABLE_ASSIGNMENT|[51]|j|30
12:03:59.0 (24984397)|STATEMENT_EXECUTE|[51]
12:03:59.0 (24985704)|STATEMENT_EXECUTE|[54]
12:03:59.0 (24986686)|STATEMENT_EXECUTE|[55]
12:03:59.0 (24991633)|HEAP_ALLOCATE|[55]|Bytes:1
12:03:59.0 (24998452)|HEAP_ALLOCATE|[55]|Bytes:2
12:03:59.0 (25003000)|HEAP_ALLOCATE|[55]|Bytes:4
12:03:59.0 (25008103)|HEAP_ALLOCATE|[55]|Bytes:1
12:03:59.0 (25014777)|HEAP_ALLOCATE|[55]|Bytes:2
12:03:59.0 (25019156)|HEAP_ALLOCATE|[55]|Bytes:4
12:03:59.0 (25023106)|HEAP_ALLOCATE|[EXTERNAL]|Bytes:4
12:03:59.0 (25026028)|HEAP_ALLOCATE|[51]|Bytes:4
12:03:59.0 (25028648)|VARIABLE_ASSIGNMENT|[51]|j|60
12:03:59.0 (25030581)|HEAP_ALLOCATE|[50]|Bytes:4
12:03:59.0 (25032772)|VARIABLE_ASSIGNMENT|[50]|i|9
12:03:59.0 (25034349)|STATEMENT_EXECUTE|[50]
12:03:59.0 (25035530)|STATEMENT_EXECUTE|[51]
12:03:59.0 (25037044)|VARIABLE_SCOPE_BEGIN|[51]|j|Integer|false|false
12:03:59.0 (25038447)|HEAP_ALLOCATE|[51]|Bytes:4
12:03:59.0 (25040601)|VARIABLE_ASSIGNMENT|[51]|j|0
12:03:59.0 (25042142)|STATEMENT_EXECUTE|[51]
12:03:59.0 (25043344)|STATEMENT_EXECUTE|[52]
12:03:59.0 (25044290)|STATEMENT_EXECUTE|[53]
12:03:59.0 (25049421)|HEAP_ALLOCATE|[53]|Bytes:1
12:03:59.0 (25056419)|HEAP_ALLOCATE|[53]|Bytes:1
12:03:59.0 (25060932)|HEAP_ALLOCATE|[53]|Bytes:4
12:03:59.0 (25065374)|HEAP_ALLOCATE|[53]|Bytes:1
12:03:59.0 (25071965)|HEAP_ALLOCATE|[53]|Bytes:1
12:03:59.0 (25076287)|HEAP_ALLOCATE|[53]|Bytes:4
12:03:59.0 (25080317)|HEAP_ALLOCATE|[EXTERNAL]|Bytes:4
12:03:59.0 (25083410)|HEAP_ALLOCATE|[51]|Bytes:4
12:03:59.0 (25086056)|VARIABLE_ASSIGNMENT|[51]|j|30
12:03:59.0 (25087756)|STATEMENT_EXECUTE|[51]
12:03:59.0 (25089088)|STATEMENT_EXECUTE|[54]
12:03:59.0 (25090183)|STATEMENT_EXECUTE|[55]
12:03:59.0 (25095133)|HEAP_ALLOCATE|[55]|Bytes:1
12:03:59.0 (25102086)|HEAP_ALLOCATE|[55]|Bytes:2
12:03:59.0 (25106637)|HEAP_ALLOCATE|[55]|Bytes:4
12:03:59.0 (25110963)|HEAP_ALLOCATE|[55]|Bytes:1
12:03:59.0 (25117700)|HEAP_ALLOCATE|[55]|Bytes:2
12:03:59.0 (25122124)|HEAP_ALLOCATE|[55]|Bytes:4
12:03:59.0 (25126099)|HEAP_ALLOCATE|[EXTERNAL]|Bytes:4
12:03:59.0 (25129009)|HEAP_ALLOCATE|[51]|Bytes:4
12:03:59.0 (25131579)|VARIABLE_ASSIGNMENT|[51]|j|60
12:03:59.0 (25133437)|HEAP_ALLOCATE|[50]|Bytes:4
12:03:59.0 (25135681)|VARIABLE_ASSIGNMENT|[50]|i|10
12:03:59.0 (25137208)|STATEMENT_EXECUTE|[50]
12:03:59.0 (25138397)|STATEMENT_EXECUTE|[51]
12:03:59.0 (25139882)|VARIABLE_SCOPE_BEGIN|[51]|j|Integer|false|false
12:03:59.0 (25141184)|HEAP_ALLOCATE|[51]|Bytes:4
12:03:59.0 (25143406)|VARIABLE_ASSIGNMENT|[51]|j|0
12:03:59.0 (25144746)|STATEMENT_EXECUTE|[51]
12:03:59.0 (25145946)|STATEMENT_EXECUTE|[52]
12:03:59.0 (25146995)|STATEMENT_EXECUTE|[53]
12:03:59.0 (25152089)|HEAP_ALLOCATE|[53]|Bytes:2
12:03:59.0 (25159160)|HEAP_ALLOCATE|[53]|Bytes:1
12:03:59.0 (25163698)|HEAP_ALLOCATE|[53]|Bytes:5
12:03:59.0 (25168137)|HEAP_ALLOCATE|[53]|Bytes:2
12:03:59.0 (25174706)|HEAP_ALLOCATE|[53]|Bytes:1
12:03:59.0 (25179015)|HEAP_ALLOCATE|[53]|Bytes:5
12:03:59.0 (25183059)|HEAP_ALLOCATE|[EXTERNAL]|Bytes:4
12:03:59.0 (25186136)|HEAP_ALLOCATE|[51]|Bytes:4
12:03:59.0 (25188701)|VARIABLE_ASSIGNMENT|[51]|j|30
12:03:59.0 (25190328)|STATEMENT_EXECUTE|[51]
12:03:59.0 (25191707)|STATEMENT_EXECUTE|[54]
12:03:59.0 (25192619)|STATEMENT_EXECUTE|[55]
12:03:59.0 (25197630)|HEAP_ALLOCATE|[55]|Bytes:2
12:03:59.0 (25204615)|HEAP_ALLOCATE|[55]|Bytes:2
12:03:59.0 (25209224)|HEAP_ALLOCATE|[55]|Bytes:5
12:03:59.0 (25213607)|HEAP_ALLOCATE|[55]|Bytes:2
12:03:59.0 (25220378)|HEAP_ALLOCATE|[55]|Bytes:2
12:03:59.0 (25224916)|HEAP_ALLOCATE|[55]|Bytes:5
12:03:59.0 (25228926)|HEAP_ALLOCATE|[EXTERNAL]|Bytes:4
12:03:59.0 (25231874)|HEAP_ALLOCATE|[51]|Bytes:4
12:03:59.0 (25234373)|VARIABLE_ASSIGNMENT|[51]|j|60
12:03:59.0 (25236580)|HEAP_ALLOCATE|[50]|Bytes:4
12:03:59.0 (25238752)|VARIABLE_ASSIGNMENT|[50]|i|11
12:03:59.0 (25240283)|STATEMENT_EXECUTE|[50]
12:03:59.0 (25241508)|STATEMENT_EXECUTE|[51]
12:03:59.0 (25242978)|VARIABLE_SCOPE_BEGIN|[51]|j|Integer|false|false
12:03:59.0 (25244266)|HEAP_ALLOCATE|[51]|Bytes:4
12:03:59.0 (25246425)|VARIABLE_ASSIGNMENT|[51]|j|0
12:03:59.0 (25247889)|STATEMENT_EXECUTE|[51]
12:03:59.0 (25249082)|STATEMENT_EXECUTE|[52]
12:03:59.0 (25250026)|STATEMENT_EXECUTE|[53]
12:03:59.0 (25255081)|HEAP_ALLOCATE|[53]|Bytes:2
12:03:59.0 (25261986)|HEAP_ALLOCATE|[53]|Bytes:1
12:03:59.0 (25266452)|HEAP_ALLOCATE|[53]|Bytes:5
12:03:59.0 (25270817)|HEAP_ALLOCATE|[53]|Bytes:2
12:03:59.0 (25277486)|HEAP_ALLOCATE|[53]|Bytes:1
12:03:59.0 (25281803)|HEAP_ALLOCATE|[53]|Bytes:5
12:03:59.0 (25285910)|HEAP_ALLOCATE|[EXTERNAL]|Bytes:4
12:03:59.0 (25289031)|HEAP_ALLOCATE|[51]|Bytes:4
12:03:59.0 (25291678)|VARIABLE_ASSIGNMENT|[51]|j|30
12:03:59.0 (25293328)|STATEMENT_EXECUTE|[51]
12:03:59.0 (25294647)|STATEMENT_EXECUTE|[54]
12:03:59.0 (25295715)|STATEMENT_EXECUTE|[55]
12:03:59.0 (25301037)|HEAP_ALLOCATE|[55]|Bytes:2
12:03:59.0 (25308054)|HEAP_ALLOCATE|[55]|Bytes:2
12:03:59.0 (25312621)|HEAP_ALLOCATE|[55]|Bytes:5
12:03:59.0 (25317014)|HEAP_ALLOCATE|[55]|Bytes:2
12:03:59.0 (25323590)|HEAP_ALLOCATE|[55]|Bytes:2
12:03:59.0 (25328083)|HEAP_ALLOCATE|[55]|Bytes:5
12:03:59.0 (25332118)|HEAP_ALLOCATE|[EXTERNAL]|Bytes:4
12:03:59.0 (25335073)|HEAP_ALLOCATE|[51]|Bytes:4
12:03:59.0 (25337635)|VARIABLE_ASSIGNMENT|[51]|j|60
12:03:59.0 (25339451)|HEAP_ALLOCATE|[50]|Bytes:4
12:03:59.0 (25341600)|VARIABLE_ASSIGNMENT|[50]|i|12
12:03:59.0 (25343104)|STATEMENT_EXECUTE|[50]
12:03:59.0 (25344263)|STATEMENT_EXECUTE|[51]
12:03:59.0 (25345735)|VARIABLE_SCOPE_BEGIN|[51]|j|Integer|false|false
12:03:59.0 (25347049)|HEAP_ALLOCATE|[51]|Bytes:4
12:03:59.0 (25349190)|VARIABLE_ASSIGNMENT|[51]|j|0
12:03:59.0 (25350571)|STATEMENT_EXECUTE|[51]
12:03:59.0 (25351770)|STATEMENT_EXECUTE|[52]
12:03:59.0 (25352789)|STATEMENT_EXECUTE|[53]
12:03:59.0 (25357778)|HEAP_ALLOCATE|[53]|Bytes:2
12:03:59.0 (25365311)|HEAP_ALLOCATE|[53]|Bytes:1
12:03:59.0 (25369895)|HEAP_ALLOCATE|[53]|Bytes:5
12:03:59.0 (25374208)|HEAP_ALLOCATE|[53]|Bytes:2
12:03:59.0 (25380924)|HEAP_ALLOCATE|[53]|Bytes:1
12:03:59.0 (25385222)|HEAP_ALLOCATE|[53]|Bytes:5
12:03:59.0 (25389133)|HEAP_ALLOCATE|[EXTERNAL]|Bytes:4
12:03:59.0 (25392182)|HEAP_ALLOCATE|[51]|Bytes:4
12:03:59.0 (25394793)|VARIABLE_ASSIGNMENT|[51]|j|30
12:03:59.0 (25396436)|STATEMENT_EXECUTE|[51]
12:03:59.0 (25397781)|STATEMENT_EXECUTE|[54]
12:03:59.0 (25398694)|STATEMENT_EXECUTE|[55]
12:03:59.0 (25403600)|HEAP_ALLOCATE|[55]|Bytes:2
12:03:59.0 (25410593)|HEAP_ALLOCATE|[55]|Bytes:2
12:03:59.0 (25415421)|HEAP_ALLOCATE|[55]|Bytes:5
12:03:59.0 (25419863)|HEAP_ALLOCATE|[55]|Bytes:2
12:03:59.0 (25426547)|HEAP_ALLOCATE|[55]|Bytes:2
12:03:59.0 (25431056)|HEAP_ALLOCATE|[55]|Bytes:5
12:03:59.0 (25435064)|HEAP_ALLOCATE|[EXTERNAL]|Bytes:4
12:03:59.0 (25437893)|HEAP_ALLOCATE|[51]|Bytes:4
12:03:59.0 (25440526)|VARIABLE_ASSIGNMENT|[51]|j|60
12:03:59.0 (25442284)|HEAP_ALLOCATE|[50]|Bytes:4
12:03:59.0 (25444861)|VARIABLE_ASSIGNMENT|[50]|i|13
12:03:59.0 (25446358)|STATEMENT_EXECUTE|[50]
12:03:59.0 (25447557)|STATEMENT_EXECUTE|[51]
12:03:59.0 (25449064)|VARIABLE_SCOPE_BEGIN|[51]|j|Integer|false|false
12:03:59.0 (25450397)|HEAP_ALLOCATE|[51]|Bytes:4
12:03:59.0 (25452530)|VARIABLE_ASSIGNMENT|[51]|j|0
12:03:59.0 (25453912)|STATEMENT_EXECUTE|[51]
12:03:59.0 (25455128)|STATEMENT_EXECUTE|[52]
12:03:59.0 (25456084)|STATEMENT_EXECUTE|[53]
12:03:59.0 (25461170)|HEAP_ALLOCATE|[53]|Bytes:2
12:03:59.0 (25468139)|HEAP_ALLOCATE|[53]|Bytes:1
12:03:59.0 (25472859)|HEAP_ALLOCATE|[53]|Bytes:5
12:03:59.0 (25478386)|HEAP_ALLOCATE|[53]|Bytes:2
12:03:59.0 (25489432)|HEAP_ALLOCATE|[53]|Bytes:1
12:03:59.0 (25494421)|HEAP_ALLOCATE|[53]|Bytes:5
12:03:59.0 (25498998)|HEAP_ALLOCATE|[EXTERNAL]|Bytes:4
12:03:59.0 (25502195)|HEAP_ALLOCATE|[51]|Bytes:4
12:03:59.0 (25505009)|VARIABLE_ASSIGNMENT|[51]|j|30
12:03:59.0 (25506963)|STATEMENT_EXECUTE|[51]
12:03:59.0 (25508450)|STATEMENT_EXECUTE|[54]
12:03:59.0 (25509725)|STATEMENT_EXECUTE|[55]
12:03:59.0 (25515198)|HEAP_ALLOCATE|[55]|Bytes:2
12:03:59.0 (25522290)|HEAP_ALLOCATE|[55]|Bytes:2
12:03:59.0 (25526915)|HEAP_ALLOCATE|[55]|Bytes:5
12:03:59.0 (25531353)|HEAP_ALLOCATE|[55]|Bytes:2
12:03:59.0 (25538237)|HEAP_ALLOCATE|[55]|Bytes:2
12:03:59.0 (25542783)|HEAP_ALLOCATE|[55]|Bytes:5
12:03:59.0 (25546791)|HEAP_ALLOCATE|[EXTERNAL]|Bytes:4
12:03:59.0 (25549702)|HEAP_ALLOCATE|[51]|Bytes:4
12:03:59.0 (25552273)|VARIABLE_ASSIGNMENT|[51]|j|60
12:03:59.0 (25554170)|HEAP_ALLOCATE|[50]|Bytes:4
12:03:59.0 (25556379)|VARIABLE_ASSIGNMENT|[50]|i|14
12:03:59.0 (25561453)|STATEMENT_EXECUTE|[50]
12:03:59.0 (25562808)|STATEMENT_EXECUTE|[51]
12:03:59.0 (25564432)|VARIABLE_SCOPE_BEGIN|[51]|j|Integer|false|false
12:03:59.0 (25565769)|HEAP_ALLOCATE|[51]|Bytes:4
12:03:59.0 (25568002)|VARIABLE_ASSIGNMENT|[51]|j|0
12:03:59.0 (25569465)|STATEMENT_EXECUTE|[51]
12:03:59.0 (25570757)|STATEMENT_EXECUTE|[52]
12:03:59.0 (25571718)|STATEMENT_EXECUTE|[53]
12:03:59.0 (25577272)|HEAP_ALLOCATE|[53]|Bytes:2
12:03:59.0 (25585292)|HEAP_ALLOCATE|[53]|Bytes:1
12:03:59.0 (25589942)|HEAP_ALLOCATE|[53]|Bytes:5
12:03:59.0 (25594429)|HEAP_ALLOCATE|[53]|Bytes:2
12:03:59.0 (25601135)|HEAP_ALLOCATE|[53]|Bytes:1
12:03:59.0 (25605467)|HEAP_ALLOCATE|[53]|Bytes:5
12:03:59.0 (25609684)|HEAP_ALLOCATE|[EXTERNAL]|Bytes:4
12:03:59.0 (25612687)|HEAP_ALLOCATE|[51]|Bytes:4
12:03:59.0 (25615370)|VARIABLE_ASSIGNMENT|[51]|j|30
12:03:59.0 (25617160)|STATEMENT_EXECUTE|[51]
12:03:59.0 (25618493)|STATEMENT_EXECUTE|[54]
12:03:59.0 (25619453)|STATEMENT_EXECUTE|[55]
12:03:59.0 (25624555)|HEAP_ALLOCATE|[55]|Bytes:2
12:03:59.0 (25631455)|HEAP_ALLOCATE|[55]|Bytes:2
12:03:59.0 (25636015)|HEAP_ALLOCATE|[55]|Bytes:5
12:03:59.0 (25640368)|HEAP_ALLOCATE|[55]|Bytes:2
12:03:59.0 (25647121)|HEAP_ALLOCATE|[55]|Bytes:2
12:03:59.0 (25651601)|HEAP_ALLOCATE|[55]|Bytes:5
12:03:59.0 (25655560)|HEAP_ALLOCATE|[EXTERNAL]|Bytes:4
12:03:59.0 (25658454)|HEAP_ALLOCATE|[51]|Bytes:4
12:03:59.0 (25660986)|VARIABLE_ASSIGNMENT|[51]|j|60
12:03:59.0 (25662806)|HEAP_ALLOCATE|[50]|Bytes:4
12:03:59.0 (25665404)|VARIABLE_ASSIGNMENT|[50]|i|15
12:03:59.0 (25666893)|STATEMENT_EXECUTE|[50]
12:03:59.0 (25668098)|STATEMENT_EXECUTE|[51]
12:03:59.0 (25669674)|VARIABLE_SCOPE_BEGIN|[51]|j|Integer|false|false
12:03:59.0 (25671039)|HEAP_ALLOCATE|[51]|Bytes:4
12:03:59.0 (25673238)|VARIABLE_ASSIGNMENT|[51]|j|0
12:03:59.0 (25674577)|STATEMENT_EXECUTE|[51]
12:03:59.0 (25675807)|STATEMENT_EXECUTE|[52]
12:03:59.0 (25676768)|STATEMENT_EXECUTE|[53]
12:03:59.0 (25681927)|HEAP_ALLOCATE|[53]|Bytes:2
12:03:59.0 (25688882)|HEAP_ALLOCATE|[53]|Bytes:1
12:03:59.0 (25693396)|HEAP_ALLOCATE|[53]|Bytes:5
12:03:59.0 (25697829)|HEAP_ALLOCATE|[53]|Bytes:2
12:03:59.0 (25704454)|HEAP_ALLOCATE|[53]|Bytes:1
12:03:59.0 (25708767)|HEAP_ALLOCATE|[53]|Bytes:5
12:03:59.0 (25712729)|HEAP_ALLOCATE|[EXTERNAL]|Bytes:4
12:03:59.0 (25715768)|HEAP_ALLOCATE|[51]|Bytes:4
12:03:59.0 (25718511)|VARIABLE_ASSIGNMENT|[51]|j|30
12:03:59.0 (25720135)|STATEMENT_EXECUTE|[51]
12:03:59.0 (25721476)|STATEMENT_EXECUTE|[54]
12:03:59.0 (25722401)|STATEMENT_EXECUTE|[55]
12:03:59.0 (25727741)|HEAP_ALLOCATE|[55]|Bytes:2
12:03:59.0 (25734677)|HEAP_ALLOCATE|[55]|Bytes:2
12:03:59.0 (25739318)|HEAP_ALLOCATE|[55]|Bytes:5
12:03:59.0 (25743643)|HEAP_ALLOCATE|[55]|Bytes:2
12:03:59.0 (25750514)|HEAP_ALLOCATE|[55]|Bytes:2
12:03:59.0 (25754847)|HEAP_ALLOCATE|[55]|Bytes:5
12:03:59.0 (25758837)|HEAP_ALLOCATE|[EXTERNAL]|Bytes:4
12:03:59.0 (25761745)|HEAP_ALLOCATE|[51]|Bytes:4
12:03:59.0 (25764212)|VARIABLE_ASSIGNMENT|[51]|j|60
12:03:59.0 (25766050)|HEAP_ALLOCATE|[50]|Bytes:4
12:03:59.0 (25768241)|VARIABLE_ASSIGNMENT|[50]|i|16
12:03:59.0 (25769709)|STATEMENT_EXECUTE|[50]
12:03:59.0 (25770936)|STATEMENT_EXECUTE|[51]
12:03:59.0 (25772415)|VARIABLE_SCOPE_BEGIN|[51]|j|Integer|false|false
12:03:59.0 (25773815)|HEAP_ALLOCATE|[51]|Bytes:4
12:03:59.0 (25775980)|VARIABLE_ASSIGNMENT|[51]|j|0
12:03:59.0 (25777335)|STATEMENT_EXECUTE|[51]
12:03:59.0 (25778598)|STATEMENT_EXECUTE|[52]
12:03:59.0 (25779550)|STATEMENT_EXECUTE|[53]
12:03:59.0 (25784628)|HEAP_ALLOCATE|[53]|Bytes:2
12:03:59.0 (25792179)|HEAP_ALLOCATE|[53]|Bytes:1
12:03:59.0 (25796754)|HEAP_ALLOCATE|[53]|Bytes:5
12:03:59.0 (25801199)|HEAP_ALLOCATE|[53]|Bytes:2
12:03:59.0 (25807789)|HEAP_ALLOCATE|[53]|Bytes:1
12:03:59.0 (25812085)|HEAP_ALLOCATE|[53]|Bytes:5
12:03:59.0 (25816059)|HEAP_ALLOCATE|[EXTERNAL]|Bytes:4
12:03:59.0 (25819022)|HEAP_ALLOCATE|[51]|Bytes:4
12:03:59.0 (25821646)|VARIABLE_ASSIGNMENT|[51]|j|30
12:03:59.0 (25823291)|STATEMENT_EXECUTE|[51]
12:03:59.0 (25824616)|STATEMENT_EXECUTE|[54]
12:03:59.0 (25825543)|STATEMENT_EXECUTE|[55]
12:03:59.0 (25830629)|HEAP_ALLOCATE|[55]|Bytes:2
12:03:59.0 (25837577)|HEAP_ALLOCATE|[55]|Bytes:2
12:03:59.0 (25842121)|HEAP_ALLOCATE|[55]|Bytes:5
12:03:59.0 (25846495)|HEAP_ALLOCATE|[55]|Bytes:2
12:03:59.0 (25853149)|HEAP_ALLOCATE|[55]|Bytes:2
12:03:59.0 (25857649)|HEAP_ALLOCATE|[55]|Bytes:5
12:03:59.0 (25861602)|HEAP_ALLOCATE|[EXTERNAL]|Bytes:4
12:03:59.0 (25864512)|HEAP_ALLOCATE|[51]|Bytes:4
12:03:59.0 (25867036)|VARIABLE_ASSIGNMENT|[51]|j|60
12:03:59.0 (25868711)|HEAP_ALLOCATE|[50]|Bytes:4
12:03:59.0 (25871095)|VARIABLE_ASSIGNMENT|[50]|i|17
12:03:59.0 (25872588)|STATEMENT_EXECUTE|[50]
12:03:59.0 (25873852)|STATEMENT_EXECUTE|[51]
12:03:59.0 (25875352)|VARIABLE_SCOPE_BEGIN|[51]|j|Integer|false|false
12:03:59.0 (25876673)|HEAP_ALLOCATE|[51]|Bytes:4
12:03:59.0 (25878882)|VARIABLE_ASSIGNMENT|[51]|j|0
12:03:59.0 (25880312)|STATEMENT_EXECUTE|[51]
12:03:59.0 (25881502)|STATEMENT_EXECUTE|[52]
12:03:59.0 (25882457)|STATEMENT_EXECUTE|[53]
12:03:59.0 (25887620)|HEAP_ALLOCATE|[53]|Bytes:2
12:03:59.0 (25894608)|HEAP_ALLOCATE|[53]|Bytes:1
12:03:59.0 (25899146)|HEAP_ALLOCATE|[53]|Bytes:5
12:03:59.0 (25903469)|HEAP_ALLOCATE|[53]|Bytes:2
12:03:59.0 (25910096)|HEAP_ALLOCATE|[53]|Bytes:1
12:03:59.0 (25914381)|HEAP_ALLOCATE|[53]|Bytes:5
12:03:59.0 (25918381)|HEAP_ALLOCATE|[EXTERNAL]|Bytes:4
12:03:59.0 (25921526)|HEAP_ALLOCATE|[51]|Bytes:4
12:03:59.0 (25924109)|VARIABLE_ASSIGNMENT|[51]|j|30
12:03:59.0 (25925737)|STATEMENT_EXECUTE|[51]
12:03:59.0 (25927053)|STATEMENT_EXECUTE|[54]
12:03:59.0 (25928153)|STATEMENT_EXECUTE|[55]
12:03:59.0 (25933234)|HEAP_ALLOCATE|[55]|Bytes:2
12:03:59.0 (25940211)|HEAP_ALLOCATE|[55]|Bytes:2
12:03:59.0 (25944789)|HEAP_ALLOCATE|[55]|Bytes:5
12:03:59.0 (25949154)|HEAP_ALLOCATE|[55]|Bytes:2
12:03:59.0 (25955752)|HEAP_ALLOCATE|[55]|Bytes:2
12:03:59.0 (25960132)|HEAP_ALLOCATE|[55]|Bytes:5
12:03:59.0 (25964072)|HEAP_ALLOCATE|[EXTERNAL]|Bytes:4
12:03:59.0 (25967012)|HEAP_ALLOCATE|[51]|Bytes:4
12:03:59.0 (25969529)|VARIABLE_ASSIGNMENT|[51]|j|60
12:03:59.0 (25971280)|HEAP_ALLOCATE|[50]|Bytes:4
12:03:59.0 (25973472)|VARIABLE_ASSIGNMENT|[50]|i|18
12:03:59.0 (25974967)|STATEMENT_EXECUTE|[50]
12:03:59.0 (25976147)|STATEMENT_EXECUTE|[51]
12:03:59.0 (25977623)|VARIABLE_SCOPE_BEGIN|[51]|j|Integer|false|false
12:03:59.0 (25978945)|HEAP_ALLOCATE|[51]|Bytes:4
12:03:59.0 (25981070)|VARIABLE_ASSIGNMENT|[51]|j|0
12:03:59.0 (25982448)|STATEMENT_EXECUTE|[51]
12:03:59.0 (25983655)|STATEMENT_EXECUTE|[52]
12:03:59.0 (25984673)|STATEMENT_EXECUTE|[53]
12:03:59.0 (25989692)|HEAP_ALLOCATE|[53]|Bytes:2
12:03:59.0 (25996899)|HEAP_ALLOCATE|[53]|Bytes:1
12:03:59.0 (26001464)|HEAP_ALLOCATE|[53]|Bytes:5
12:03:59.0 (26006361)|HEAP_ALLOCATE|[53]|Bytes:2
12:03:59.0 (26012971)|HEAP_ALLOCATE|[53]|Bytes:1
12:03:59.0 (26017256)|HEAP_ALLOCATE|[53]|Bytes:5
12:03:59.0 (26021287)|HEAP_ALLOCATE|[EXTERNAL]|Bytes:4
12:03:59.0 (26024390)|HEAP_ALLOCATE|[51]|Bytes:4
12:03:59.0 (26027015)|VARIABLE_ASSIGNMENT|[51]|j|30
12:03:59.0 (26028644)|STATEMENT_EXECUTE|[51]
12:03:59.0 (26029936)|STATEMENT_EXECUTE|[54]
12:03:59.0 (26030865)|STATEMENT_EXECUTE|[55]
12:03:59.0 (26035695)|HEAP_ALLOCATE|[55]|Bytes:2
12:03:59.0 (26042803)|HEAP_ALLOCATE|[55]|Bytes:2
12:03:59.0 (26047355)|HEAP_ALLOCATE|[55]|Bytes:5
12:03:59.0 (26051712)|HEAP_ALLOCATE|[55]|Bytes:2
12:03:59.0 (26058351)|HEAP_ALLOCATE|[55]|Bytes:2
12:03:59.0 (26062746)|HEAP_ALLOCATE|[55]|Bytes:5
12:03:59.0 (26066799)|HEAP_ALLOCATE|[EXTERNAL]|Bytes:4
12:03:59.0 (26069615)|HEAP_ALLOCATE|[51]|Bytes:4
12:03:59.0 (26072178)|VARIABLE_ASSIGNMENT|[51]|j|60
12:03:59.0 (26073922)|HEAP_ALLOCATE|[50]|Bytes:4
12:03:59.0 (26076645)|VARIABLE_ASSIGNMENT|[50]|i|19
12:03:59.0 (26078287)|STATEMENT_EXECUTE|[50]
12:03:59.0 (26079468)|STATEMENT_EXECUTE|[51]
12:03:59.0 (26080942)|VARIABLE_SCOPE_BEGIN|[51]|j|Integer|false|false
12:03:59.0 (26082251)|HEAP_ALLOCATE|[51]|Bytes:4
12:03:59.0 (26084390)|VARIABLE_ASSIGNMENT|[51]|j|0
12:03:59.0 (26085833)|STATEMENT_EXECUTE|[51]
12:03:59.0 (26087057)|STATEMENT_EXECUTE|[52]
12:03:59.0 (26088003)|STATEMENT_EXECUTE|[53]
12:03:59.0 (26093181)|HEAP_ALLOCATE|[53]|Bytes:2
12:03:59.0 (26100231)|HEAP_ALLOCATE|[53]|Bytes:1
12:03:59.0 (26104753)|HEAP_ALLOCATE|[53]|Bytes:5
12:03:59.0 (26109017)|HEAP_ALLOCATE|[53]|Bytes:2
12:03:59.0 (26115594)|HEAP_ALLOCATE|[53]|Bytes:1
12:03:59.0 (26119959)|HEAP_ALLOCATE|[53]|Bytes:5
12:03:59.0 (26124364)|HEAP_ALLOCATE|[EXTERNAL]|Bytes:4
12:03:59.0 (26127390)|HEAP_ALLOCATE|[51]|Bytes:4
12:03:59.0 (26130041)|VARIABLE_ASSIGNMENT|[51]|j|30
12:03:59.0 (26131722)|STATEMENT_EXECUTE|[51]
12:03:59.0 (26133012)|STATEMENT_EXECUTE|[54]
12:03:59.0 (26133943)|STATEMENT_EXECUTE|[55]
12:03:59.0 (26139014)|HEAP_ALLOCATE|[55]|Bytes:2
12:03:59.0 (26146073)|HEAP_ALLOCATE|[55]|Bytes:2
12:03:59.0 (26150830)|HEAP_ALLOCATE|[55]|Bytes:5
12:03:59.0 (26155151)|HEAP_ALLOCATE|[55]|Bytes:2
12:03:59.0 (26161784)|HEAP_ALLOCATE|[55]|Bytes:2
12:03:59.0 (26166256)|HEAP_ALLOCATE|[55]|Bytes:5
12:03:59.0 (26170301)|HEAP_ALLOCATE|[EXTERNAL]|Bytes:4
12:03:59.0 (26173298)|HEAP_ALLOCATE|[51]|Bytes:4
12:03:59.0 (26175902)|VARIABLE_ASSIGNMENT|[51]|j|60
12:03:59.0 (26177646)|HEAP_ALLOCATE|[50]|Bytes:4
12:03:59.0 (26179890)|VARIABLE_ASSIGNMENT|[50]|i|20
12:03:59.0 (26181379)|STATEMENT_EXECUTE|[50]
12:03:59.0 (26182573)|STATEMENT_EXECUTE|[51]
12:03:59.0 (26184066)|VARIABLE_SCOPE_BEGIN|[51]|j|Integer|false|false
12:03:59.0 (26185357)|HEAP_ALLOCATE|[51]|Bytes:4
12:03:59.0 (26187513)|VARIABLE_ASSIGNMENT|[51]|j|0
12:03:59.0 (26188866)|STATEMENT_EXECUTE|[51]
12:03:59.0 (26190082)|STATEMENT_EXECUTE|[52]
12:03:59.0 (26191045)|STATEMENT_EXECUTE|[53]
12:03:59.0 (26196229)|HEAP_ALLOCATE|[53]|Bytes:2
12:03:59.0 (26203257)|HEAP_ALLOCATE|[53]|Bytes:1
12:03:59.0 (26208209)|HEAP_ALLOCATE|[53]|Bytes:5
12:03:59.0 (26212596)|HEAP_ALLOCATE|[53]|Bytes:2
12:03:59.0 (26219126)|HEAP_ALLOCATE|[53]|Bytes:1
12:03:59.0 (26223469)|HEAP_ALLOCATE|[53]|Bytes:5
12:03:59.0 (26227494)|HEAP_ALLOCATE|[EXTERNAL]|Bytes:4
12:03:59.0 (26230545)|HEAP_ALLOCATE|[51]|Bytes:4
12:03:59.0 (26233239)|VARIABLE_ASSIGNMENT|[51]|j|30
12:03:59.0 (26234810)|STATEMENT_EXECUTE|[51]
12:03:59.0 (26236161)|STATEMENT_EXECUTE|[54]
12:03:59.0 (26237089)|STATEMENT_EXECUTE|[55]
12:03:59.0 (26242039)|HEAP_ALLOCATE|[55]|Bytes:2
12:03:59.0 (26248967)|HEAP_ALLOCATE|[55]|Bytes:2
12:03:59.0 (26257600)|HEAP_ALLOCATE|[55]|Bytes:5
12:03:59.0 (26262232)|HEAP_ALLOCATE|[55]|Bytes:2
12:03:59.0 (26268909)|HEAP_ALLOCATE|[55]|Bytes:2
12:03:59.0 (26273317)|HEAP_ALLOCATE|[55]|Bytes:5
12:03:59.0 (26277622)|HEAP_ALLOCATE|[EXTERNAL]|Bytes:4
12:03:59.0 (26280712)|HEAP_ALLOCATE|[51]|Bytes:4
12:03:59.0 (26283429)|VARIABLE_ASSIGNMENT|[51]|j|60
12:03:59.0 (26285358)|HEAP_ALLOCATE|[50]|Bytes:4
12:03:59.0 (26288113)|VARIABLE_ASSIGNMENT|[50]|i|21
12:03:59.0 (26289684)|STATEMENT_EXECUTE|[50]
12:03:59.0 (26290913)|STATEMENT_EXECUTE|[51]
12:03:59.0 (26292459)|VARIABLE_SCOPE_BEGIN|[51]|j|Integer|false|false
12:03:59.0 (26293817)|HEAP_ALLOCATE|[51]|Bytes:4
12:03:59.0 (26295956)|VARIABLE_ASSIGNMENT|[51]|j|0
12:03:59.0 (26297297)|STATEMENT_EXECUTE|[51]
12:03:59.0 (26298526)|STATEMENT_EXECUTE|[52]
12:03:59.0 (26299545)|STATEMENT_EXECUTE|[53]
12:03:59.0 (26304704)|HEAP_ALLOCATE|[53]|Bytes:2
12:03:59.0 (26311793)|HEAP_ALLOCATE|[53]|Bytes:1
12:03:59.0 (26316443)|HEAP_ALLOCATE|[53]|Bytes:5
12:03:59.0 (26320848)|HEAP_ALLOCATE|[53]|Bytes:2
12:03:59.0 (26327478)|HEAP_ALLOCATE|[53]|Bytes:1
12:03:59.0 (26331978)|HEAP_ALLOCATE|[53]|Bytes:5
12:03:59.0 (26335937)|HEAP_ALLOCATE|[EXTERNAL]|Bytes:4
12:03:59.0 (26338887)|HEAP_ALLOCATE|[51]|Bytes:4
12:03:59.0 (26341563)|VARIABLE_ASSIGNMENT|[51]|j|30
12:03:59.0 (26343238)|STATEMENT_EXECUTE|[51]
12:03:59.0 (26344582)|STATEMENT_EXECUTE|[54]
12:03:59.0 (26345527)|STATEMENT_EXECUTE|[55]
12:03:59.0 (26350841)|HEAP_ALLOCATE|[55]|Bytes:2
12:03:59.0 (26357837)|HEAP_ALLOCATE|[55]|Bytes:2
12:03:59.0 (26362700)|HEAP_ALLOCATE|[55]|Bytes:5
12:03:59.0 (26367227)|HEAP_ALLOCATE|[55]|Bytes:2
12:03:59.0 (26373950)|HEAP_ALLOCATE|[55]|Bytes:2
12:03:59.0 (26378429)|HEAP_ALLOCATE|[55]|Bytes:5
12:03:59.0 (26382410)|HEAP_ALLOCATE|[EXTERNAL]|Bytes:4
12:03:59.0 (26385269)|HEAP_ALLOCATE|[51]|Bytes:4
12:03:59.0 (26387780)|VARIABLE_ASSIGNMENT|[51]|j|60
12:03:59.0 (26389483)|HEAP_ALLOCATE|[50]|Bytes:4
12:03:59.0 (26391632)|VARIABLE_ASSIGNMENT|[50]|i|22
12:03:59.0 (26393190)|STATEMENT_EXECUTE|[50]
12:03:59.0 (26394393)|STATEMENT_EXECUTE|[51]
12:03:59.0 (26395893)|VARIABLE_SCOPE_BEGIN|[51]|j|Integer|false|false
12:03:59.0 (26397213)|HEAP_ALLOCATE|[51]|Bytes:4
12:03:59.0 (26399365)|VARIABLE_ASSIGNMENT|[51]|j|0
12:03:59.0 (26400713)|STATEMENT_EXECUTE|[51]
12:03:59.0 (26401920)|STATEMENT_EXECUTE|[52]
12:03:59.0 (26402864)|STATEMENT_EXECUTE|[53]
12:03:59.0 (26407964)|HEAP_ALLOCATE|[53]|Bytes:2
12:03:59.0 (26414938)|HEAP_ALLOCATE|[53]|Bytes:1
12:03:59.0 (26419684)|HEAP_ALLOCATE|[53]|Bytes:5
12:03:59.0 (26424008)|HEAP_ALLOCATE|[53]|Bytes:2
12:03:59.0 (26430661)|HEAP_ALLOCATE|[53]|Bytes:1
12:03:59.0 (26435133)|HEAP_ALLOCATE|[53]|Bytes:5
12:03:59.0 (26439146)|HEAP_ALLOCATE|[EXTERNAL]|Bytes:4
12:03:59.0 (26442210)|HEAP_ALLOCATE|[51]|Bytes:4
12:03:59.0 (26444788)|VARIABLE_ASSIGNMENT|[51]|j|30
12:03:59.0 (26446367)|STATEMENT_EXECUTE|[51]
12:03:59.0 (26447725)|STATEMENT_EXECUTE|[54]
12:03:59.0 (26448653)|STATEMENT_EXECUTE|[55]
12:03:59.0 (26453642)|HEAP_ALLOCATE|[55]|Bytes:2
12:03:59.0 (26460653)|HEAP_ALLOCATE|[55]|Bytes:2
12:03:59.0 (26465291)|HEAP_ALLOCATE|[55]|Bytes:5
12:03:59.0 (26469632)|HEAP_ALLOCATE|[55]|Bytes:2
12:03:59.0 (26476232)|HEAP_ALLOCATE|[55]|Bytes:2
12:03:59.0 (26480683)|HEAP_ALLOCATE|[55]|Bytes:5
12:03:59.0 (26484554)|HEAP_ALLOCATE|[EXTERNAL]|Bytes:4
12:03:59.0 (26487606)|HEAP_ALLOCATE|[51]|Bytes:4
12:03:59.0 (26490318)|VARIABLE_ASSIGNMENT|[51]|j|60
12:03:59.0 (26492091)|HEAP_ALLOCATE|[50]|Bytes:4
12:03:59.0 (26494315)|VARIABLE_ASSIGNMENT|[50]|i|23
12:03:59.0 (26496022)|STATEMENT_EXECUTE|[50]
12:03:59.0 (26497230)|STATEMENT_EXECUTE|[51]
12:03:59.0 (26498750)|VARIABLE_SCOPE_BEGIN|[51]|j|Integer|false|false
12:03:59.0 (26500088)|HEAP_ALLOCATE|[51]|Bytes:4
12:03:59.0 (26502257)|VARIABLE_ASSIGNMENT|[51]|j|0
12:03:59.0 (26503614)|STATEMENT_EXECUTE|[51]
12:03:59.0 (26504844)|STATEMENT_EXECUTE|[52]
12:03:59.0 (26505806)|STATEMENT_EXECUTE|[53]
12:03:59.0 (26510860)|HEAP_ALLOCATE|[53]|Bytes:2
12:03:59.0 (26517907)|HEAP_ALLOCATE|[53]|Bytes:1
12:03:59.0 (26522476)|HEAP_ALLOCATE|[53]|Bytes:5
12:03:59.0 (26526737)|HEAP_ALLOCATE|[53]|Bytes:2
12:03:59.0 (26533541)|HEAP_ALLOCATE|[53]|Bytes:1
12:03:59.0 (26537924)|HEAP_ALLOCATE|[53]|Bytes:5
12:03:59.0 (26541960)|HEAP_ALLOCATE|[EXTERNAL]|Bytes:4
12:03:59.0 (26544999)|HEAP_ALLOCATE|[51]|Bytes:4
12:03:59.0 (26547610)|VARIABLE_ASSIGNMENT|[51]|j|30
12:03:59.0 (26549226)|STATEMENT_EXECUTE|[51]
12:03:59.0 (26550528)|STATEMENT_EXECUTE|[54]
12:03:59.0 (26551497)|STATEMENT_EXECUTE|[55]
12:03:59.0 (26556893)|HEAP_ALLOCATE|[55]|Bytes:2
12:03:59.0 (26566954)|HEAP_ALLOCATE|[55]|Bytes:2
12:03:59.0 (26571739)|HEAP_ALLOCATE|[55]|Bytes:5
12:03:59.0 (26576139)|HEAP_ALLOCATE|[55]|Bytes:2
12:03:59.0 (26582751)|HEAP_ALLOCATE|[55]|Bytes:2
12:03:59.0 (26587310)|HEAP_ALLOCATE|[55]|Bytes:5
12:03:59.0 (26591373)|HEAP_ALLOCATE|[EXTERNAL]|Bytes:4
12:03:59.0 (26594258)|HEAP_ALLOCATE|[51]|Bytes:4
12:03:59.0 (26597081)|VARIABLE_ASSIGNMENT|[51]|j|60
12:03:59.0 (26598927)|HEAP_ALLOCATE|[50]|Bytes:4
12:03:59.0 (26601108)|VARIABLE_ASSIGNMENT|[50]|i|24
12:03:59.0 (26602914)|STATEMENT_EXECUTE|[59]
12:03:59.29 (29404507)|SYSTEM_MODE_ENTER|true
12:03:59.29 (29446782)|HEAP_ALLOCATE|[EXTERNAL]|Bytes:8
12:03:59.29 (29452236)|VARIABLE_SCOPE_BEGIN|[88]|this|ApexPage.PageMessagesComponentController|true|false
12:03:59.29 (29469386)|VARIABLE_ASSIGNMENT|[88]|this|{}|0x3f47a2eb
12:03:59.29 (29471558)|VARIABLE_SCOPE_BEGIN|[88]|escape|Boolean|false|false
12:03:59.29 (29475430)|VARIABLE_ASSIGNMENT|[88]|escape|null
12:03:59.0 (29797383)|SYSTEM_MODE_ENTER|true
12:03:59.0 (29820805)|HEAP_ALLOCATE|[EXTERNAL]|Bytes:4
12:03:59.0 (29824873)|HEAP_ALLOCATE|[EXTERNAL]|Bytes:80
12:03:59.0 (29834227)|VARIABLE_ASSIGNMENT|[EXTERNAL]|this.selectedTime3|"8:00"|0x3f351d31
12:03:59.0 (29865766)|SYSTEM_MODE_ENTER|true
12:03:59.0 (29884936)|HEAP_ALLOCATE|[EXTERNAL]|Bytes:80
12:03:59.0 (29927870)|VARIABLE_ASSIGNMENT|[EXTERNAL]|this|{"delToHub":true,"delToProj":false,"detail":"0x1f0fd25f","invoked":false,"rejected":false,"reserved":false,"selectedTime3":"8:00","sublocations1":"0x1f6cf272","www":"0x8a7a83b","wwwById":"0x3b2ad87d"}|0x3f351d31
12:03:59.0 (29934539)|STATEMENT_EXECUTE|[3]
12:03:59.0 (29937076)|STATEMENT_EXECUTE|[4]
12:03:59.0 (29938243)|STATEMENT_EXECUTE|[9]
12:03:59.0 (30271728)|SYSTEM_MODE_ENTER|true
12:03:59.0 (30292293)|HEAP_ALLOCATE|[EXTERNAL]|Bytes:80
12:03:59.0 (30334740)|VARIABLE_ASSIGNMENT|[EXTERNAL]|this|{"delToHub":true,"delToProj":false,"detail":"0x1f0fd25f","invoked":false,"rejected":false,"reserved":false,"selectedTime3":"8:00","sublocations1":"0x1f6cf272","www":"0x8a7a83b","wwwById":"0x3b2ad87d"}|0x3f351d31
12:03:59.0 (30341101)|STATEMENT_EXECUTE|[204]
12:03:59.0 (30343697)|STATEMENT_EXECUTE|[205]
12:03:59.0 (30344757)|STATEMENT_EXECUTE|[208]
12:03:59.0 (30382983)|SYSTEM_MODE_ENTER|true
12:03:59.0 (30398881)|HEAP_ALLOCATE|[EXTERNAL]|Bytes:80
12:03:59.0 (30435478)|VARIABLE_ASSIGNMENT|[EXTERNAL]|this|{"delToHub":true,"delToProj":false,"detail":"0x1f0fd25f","invoked":false,"rejected":false,"reserved":false,"selectedTime3":"8:00","sublocations1":"0x1f6cf272","www":"0x8a7a83b","wwwById":"0x3b2ad87d"}|0x3f351d31
12:03:59.0 (30440309)|STATEMENT_EXECUTE|[220]
12:03:59.0 (30442613)|STATEMENT_EXECUTE|[221]
12:03:59.0 (30443582)|STATEMENT_EXECUTE|[224]
12:03:59.0 (30477528)|SYSTEM_MODE_ENTER|true
12:03:59.0 (30492107)|HEAP_ALLOCATE|[EXTERNAL]|Bytes:80
12:03:59.0 (30526044)|VARIABLE_ASSIGNMENT|[EXTERNAL]|this|{"delToHub":true,"delToProj":false,"detail":"0x1f0fd25f","invoked":false,"rejected":false,"reserved":false,"selectedTime3":"8:00","sublocations1":"0x1f6cf272","www":"0x8a7a83b","wwwById":"0x3b2ad87d"}|0x3f351d31
12:03:59.0 (30531083)|STATEMENT_EXECUTE|[212]
12:03:59.0 (30532944)|STATEMENT_EXECUTE|[213]
12:03:59.0 (30533928)|STATEMENT_EXECUTE|[216]
12:03:59.0 (30572396)|SYSTEM_MODE_ENTER|true
12:03:59.0 (30586906)|HEAP_ALLOCATE|[EXTERNAL]|Bytes:80
12:03:59.0 (30620526)|VARIABLE_ASSIGNMENT|[EXTERNAL]|this|{"delToHub":true,"delToProj":false,"detail":"0x1f0fd25f","invoked":false,"rejected":false,"reserved":false,"selectedTime3":"8:00","sublocations1":"0x1f6cf272","www":"0x8a7a83b","wwwById":"0x3b2ad87d"}|0x3f351d31
12:03:59.0 (30625253)|STATEMENT_EXECUTE|[21]
12:03:59.0 (30627256)|STATEMENT_EXECUTE|[22]
12:03:59.0 (30628247)|STATEMENT_EXECUTE|[26]
12:03:59.0 (31285998)|HEAP_ALLOCATE|[EXTERNAL]|Bytes:80
12:03:59.0 (31295628)|VARIABLE_SCOPE_BEGIN|[294]|this|NewDeliveredExtension|true|false
12:03:59.0 (31337414)|VARIABLE_ASSIGNMENT|[294]|this|{"delToHub":true,"delToProj":false,"detail":"0x1f0fd25f","invoked":false,"rejected":false,"reserved":false,"selectedTime3":"8:00","sublocations1":"0x1f6cf272","www":"0x8a7a83b","wwwById":"0x3b2ad87d"}|0x3f351d31
12:03:59.0 (31344153)|STATEMENT_EXECUTE|[294]
12:03:59.0 (31345955)|STATEMENT_EXECUTE|[295]
12:03:59.0 (31407113)|VARIABLE_ASSIGNMENT|[EXTERNAL]|this|{"delToHub":true,"delToProj":false,"detail":"0x1f0fd25f","invoked":false,"rejected":false,"reserved":false,"selectedTime3":"8:00","sublocations1":"0x1f6cf272","www":"0x8a7a83b","wwwById":"0x3b2ad87d"}|0x3f351d31
12:03:59.0 (31411707)|STATEMENT_EXECUTE|[3]
12:03:59.0 (31413982)|STATEMENT_EXECUTE|[4]
12:03:59.0 (31415001)|STATEMENT_EXECUTE|[9]
12:03:59.0 (31479136)|VARIABLE_ASSIGNMENT|[295]|this.Location__c|null|0x1f0fd25f
12:03:59.0 (31481876)|STATEMENT_EXECUTE|[296]
12:03:59.0 (31486086)|HEAP_ALLOCATE|[296]|Bytes:7
12:03:59.0 (31539713)|VARIABLE_ASSIGNMENT|[EXTERNAL]|this|{"delToHub":true,"delToProj":false,"detail":"0x1f0fd25f","invoked":false,"rejected":false,"reserved":false,"selectedTime3":"8:00","sublocations1":"0x1f6cf272","www":"0x8a7a83b","wwwById":"0x3b2ad87d"}|0x3f351d31
12:03:59.0 (31544440)|STATEMENT_EXECUTE|[21]
12:03:59.0 (31546320)|STATEMENT_EXECUTE|[22]
12:03:59.0 (31547367)|STATEMENT_EXECUTE|[26]
12:03:59.0 (31597173)|HEAP_ALLOCATE|[296]|Bytes:38
12:03:59.0 (31611879)|HEAP_ALLOCATE|[296]|Bytes:45
12:03:59.0 (31635121)|USER_DEBUG|[296]|DEBUG|set wwwWWW__c:{Project__c=a0q0E0000008S3bQAE}
12:03:59.0 (31640024)|STATEMENT_EXECUTE|[297]
12:03:59.0 (31688764)|VARIABLE_ASSIGNMENT|[EXTERNAL]|this|{"delToHub":true,"delToProj":false,"detail":"0x1f0fd25f","invoked":false,"rejected":false,"reserved":false,"selectedTime3":"8:00","sublocations1":"0x1f6cf272","www":"0x8a7a83b","wwwById":"0x3b2ad87d"}|0x3f351d31
12:03:59.0 (31693097)|STATEMENT_EXECUTE|[3]
12:03:59.0 (31694945)|STATEMENT_EXECUTE|[4]
12:03:59.0 (31695931)|STATEMENT_EXECUTE|[9]
12:03:59.0 (31819257)|VARIABLE_ASSIGNMENT|[EXTERNAL]|this|{"delToHub":true,"delToProj":false,"detail":"0x1f0fd25f","invoked":false,"rejected":false,"reserved":false,"selectedTime3":"8:00","sublocations1":"0x1f6cf272","www":"0x8a7a83b","wwwById":"0x3b2ad87d"}|0x3f351d31
12:03:59.0 (31837389)|VARIABLE_ASSIGNMENT|[EXTERNAL]|value|{"Id":"a0t0E0000004ULmQAM","Project__c":"a0q0E0000008S3WQAU","Item__c":"a0A0E0000001PiqUAE","Hub_Building_Site__c":"a020E000000zFeUQAU","Actueel_aantal_palle (12 more) ...":0,"Name":"WWW-13531"}|0x5a791ab2
12:03:59.0 (31850423)|VARIABLE_ASSIGNMENT|[20]|this.www|{"Id":"a0t0E0000004ULmQAM","Project__c":"a0q0E0000008S3WQAU","Item__c":"a0A0E0000001PiqUAE","Hub_Building_Site__c":"a020E000000zFeUQAU","Actueel_aantal_palle (12 more) ...":0,"Name":"WWW-13531"}|0x3f351d31
12:03:59.0 (31856535)|STATEMENT_EXECUTE|[298]
12:03:59.0 (31896936)|VARIABLE_ASSIGNMENT|[EXTERNAL]|this|{"delToHub":true,"delToProj":false,"detail":"0x1f0fd25f","invoked":false,"rejected":false,"reserved":false,"selectedTime3":"8:00","sublocations1":"0x1f6cf272","www":"0x5a791ab2","wwwById":"0x3b2ad87d"}|0x3f351d31
12:03:59.0 (31900615)|STATEMENT_EXECUTE|[21]
12:03:59.0 (31902396)|STATEMENT_EXECUTE|[22]
12:03:59.0 (31903396)|STATEMENT_EXECUTE|[26]
12:03:59.0 (31973848)|HEAP_ALLOCATE|[298]|Bytes:182
12:03:59.0 (31986902)|HEAP_ALLOCATE|[298]|Bytes:189
12:03:59.0 (31995865)|USER_DEBUG|[298]|DEBUG|set wwwWWW__c:{Id=a0t0E0000004ULmQAM, Project__c=a0q0E0000008S3WQAU, Item__c=a0A0E0000001PiqUAE, Hub_Building_Site__c=a020E000000zFeUQAU, Actueel_aantal_palletplaatsen__c=0, Name=WWW-13531}
12:03:59.42 (42508337)|SYSTEM_MODE_ENTER|true
12:03:59.42 (42552468)|HEAP_ALLOCATE|[EXTERNAL]|Bytes:8
12:03:59.42 (42561879)|VARIABLE_SCOPE_BEGIN|[88]|this|ApexPage.PageMessagesComponentController|true|false
12:03:59.42 (42578533)|VARIABLE_ASSIGNMENT|[88]|this|{}|0x3f47a2eb
12:03:59.42 (42580878)|VARIABLE_SCOPE_BEGIN|[88]|escape|Boolean|false|false
12:03:59.42 (42584218)|VARIABLE_ASSIGNMENT|[88]|escape|null
12:03:59.42 (42658908)|SYSTEM_MODE_ENTER|true
12:03:59.42 (42682011)|HEAP_ALLOCATE|[EXTERNAL]|Bytes:8
12:03:59.42 (42686087)|VARIABLE_SCOPE_BEGIN|[2]|this|ApexPage.PageMessagesComponentController|true|false
12:03:59.42 (42699092)|VARIABLE_ASSIGNMENT|[2]|this|{}|0x3f47a2eb
12:03:59.0 (42966610)|SYSTEM_MODE_ENTER|true
12:03:59.0 (42988452)|HEAP_ALLOCATE|[EXTERNAL]|Bytes:80
12:03:59.0 (43034260)|VARIABLE_ASSIGNMENT|[EXTERNAL]|this|{"delToHub":true,"delToProj":false,"detail":"0x1f0fd25f","invoked":false,"rejected":false,"reserved":false,"selectedTime3":"8:00","sublocations1":"0x1f6cf272","www":"0x5a791ab2","wwwById":"0x3b2ad87d"}|0x3f351d31
12:03:59.0 (43041344)|STATEMENT_EXECUTE|[196]
12:03:59.0 (43044217)|STATEMENT_EXECUTE|[197]
12:03:59.0 (43045564)|STATEMENT_EXECUTE|[200]
12:03:59.0 (43089378)|SYSTEM_MODE_ENTER|true
12:03:59.0 (43105987)|HEAP_ALLOCATE|[EXTERNAL]|Bytes:80
12:03:59.0 (43144575)|VARIABLE_ASSIGNMENT|[EXTERNAL]|this|{"delToHub":true,"delToProj":false,"detail":"0x1f0fd25f","invoked":false,"rejected":false,"reserved":false,"selectedTime3":"8:00","sublocations1":"0x1f6cf272","www":"0x5a791ab2","wwwById":"0x3b2ad87d"}|0x3f351d31
12:03:59.0 (43150418)|STATEMENT_EXECUTE|[229]
12:03:59.0 (43152460)|STATEMENT_EXECUTE|[230]
12:03:59.0 (43153616)|STATEMENT_EXECUTE|[233]
12:03:59.0 (43209987)|SYSTEM_MODE_ENTER|true
12:03:59.0 (43226889)|HEAP_ALLOCATE|[EXTERNAL]|Bytes:80
12:03:59.0 (43266185)|VARIABLE_ASSIGNMENT|[EXTERNAL]|this|{"delToHub":true,"delToProj":false,"detail":"0x1f0fd25f","invoked":false,"rejected":false,"reserved":false,"selectedTime3":"8:00","sublocations1":"0x1f6cf272","www":"0x5a791ab2","wwwById":"0x3b2ad87d"}|0x3f351d31
12:03:59.0 (43271609)|STATEMENT_EXECUTE|[3]
12:03:59.0 (43273632)|STATEMENT_EXECUTE|[4]
12:03:59.0 (43274732)|STATEMENT_EXECUTE|[9]
12:03:59.0 (45448553)|SYSTEM_MODE_ENTER|true
12:03:59.0 (45471592)|HEAP_ALLOCATE|[EXTERNAL]|Bytes:80
12:03:59.0 (45518082)|VARIABLE_ASSIGNMENT|[EXTERNAL]|this|{"delToHub":true,"delToProj":false,"detail":"0x1f0fd25f","invoked":false,"rejected":false,"reserved":false,"selectedTime3":"8:00","sublocations1":"0x1f6cf272","www":"0x5a791ab2","wwwById":"0x3b2ad87d"}|0x3f351d31
12:03:59.0 (45524861)|STATEMENT_EXECUTE|[186]
12:03:59.0 (45527785)|STATEMENT_EXECUTE|[187]
12:03:59.0 (45528876)|STATEMENT_EXECUTE|[190]
12:03:59.0 (45930264)|SYSTEM_MODE_ENTER|true
12:03:59.0 (45952077)|HEAP_ALLOCATE|[EXTERNAL]|Bytes:80
12:03:59.0 (45996742)|VARIABLE_ASSIGNMENT|[EXTERNAL]|this|{"delToHub":true,"delToProj":false,"detail":"0x1f0fd25f","invoked":false,"rejected":false,"reserved":false,"selectedTime3":"8:00","sublocations1":"0x1f6cf272","www":"0x5a791ab2","wwwById":"0x3b2ad87d"}|0x3f351d31
12:03:59.0 (46002953)|STATEMENT_EXECUTE|[204]
12:03:59.0 (46005929)|STATEMENT_EXECUTE|[205]
12:03:59.0 (46007029)|STATEMENT_EXECUTE|[208]
12:03:59.0 (46048679)|SYSTEM_MODE_ENTER|true
12:03:59.0 (46064565)|HEAP_ALLOCATE|[EXTERNAL]|Bytes:80
12:03:59.0 (46101823)|VARIABLE_ASSIGNMENT|[EXTERNAL]|this|{"delToHub":true,"delToProj":false,"detail":"0x1f0fd25f","invoked":false,"rejected":false,"reserved":false,"selectedTime3":"8:00","sublocations1":"0x1f6cf272","www":"0x5a791ab2","wwwById":"0x3b2ad87d"}|0x3f351d31
12:03:59.0 (46107306)|STATEMENT_EXECUTE|[220]
12:03:59.0 (46109252)|STATEMENT_EXECUTE|[221]
12:03:59.0 (46110272)|STATEMENT_EXECUTE|[224]
12:03:59.0 (46145072)|SYSTEM_MODE_ENTER|true
12:03:59.0 (46159929)|HEAP_ALLOCATE|[EXTERNAL]|Bytes:80
12:03:59.0 (46194435)|VARIABLE_ASSIGNMENT|[EXTERNAL]|this|{"delToHub":true,"delToProj":false,"detail":"0x1f0fd25f","invoked":false,"rejected":false,"reserved":false,"selectedTime3":"8:00","sublocations1":"0x1f6cf272","www":"0x5a791ab2","wwwById":"0x3b2ad87d"}|0x3f351d31
12:03:59.0 (46199089)|STATEMENT_EXECUTE|[212]
12:03:59.0 (46200825)|STATEMENT_EXECUTE|[213]
12:03:59.0 (46201816)|STATEMENT_EXECUTE|[216]
12:03:59.0 (46255199)|SYSTEM_MODE_ENTER|true
12:03:59.0 (46270271)|HEAP_ALLOCATE|[EXTERNAL]|Bytes:80
12:03:59.0 (46306406)|VARIABLE_ASSIGNMENT|[EXTERNAL]|this|{"delToHub":true,"delToProj":false,"detail":"0x1f0fd25f","invoked":false,"rejected":false,"reserved":false,"selectedTime3":"8:00","sublocations1":"0x1f6cf272","www":"0x5a791ab2","wwwById":"0x3b2ad87d"}|0x3f351d31
12:03:59.0 (46311142)|STATEMENT_EXECUTE|[21]
12:03:59.0 (46313093)|STATEMENT_EXECUTE|[22]
12:03:59.0 (46314100)|STATEMENT_EXECUTE|[26]
12:03:59.0 (57037855)|VF_SERIALIZE_VIEWSTATE_BEGIN|06624000003h0Dg
12:03:59.0 (60900315)|VF_SERIALIZE_VIEWSTATE_END
12:03:59.63 (63395152)|CUMULATIVE_LIMIT_USAGE
12:03:59.63 (63395152)|LIMIT_USAGE_FOR_NS|(default)|
  Number of SOQL queries: 0 out of 100
  Number of query rows: 0 out of 50000
  Number of SOSL queries: 0 out of 20
  Number of DML statements: 0 out of 150
  Number of DML rows: 0 out of 10000
  Maximum CPU time: 0 out of 10000
  Maximum heap size: 0 out of 6000000
  Number of callouts: 0 out of 100
  Number of Email Invocations: 0 out of 10
  Number of future calls: 0 out of 50
  Number of queueable jobs added to the queue: 0 out of 50
  Number of Mobile Apex push calls: 0 out of 10

12:03:59.63 (63395152)|CUMULATIVE_LIMIT_USAGE_END

12:03:59.0 (63425749)|CODE_UNIT_FINISHED|VF: /apex/New_delivered_detail
12:03:59.0 (64181141)|EXECUTION_FINISHED
