38.0 APEX_CODE,FINEST;APEX_PROFILING,INFO;CALLOUT,INFO;DB,INFO;SYSTEM,DEBUG;VALIDATION,INFO;VISUALFORCE,INFO;WAVE,INFO;WORKFLOW,INFO
16:24:13.0 (290850)|USER_INFO|[EXTERNAL]|00524000001e3Uj|bedrijfsbureau@gsa.nl.sandbox|Midden-Europese standaardtijd|GMT+01:00
16:24:13.0 (315231)|EXECUTION_STARTED
16:24:13.0 (318883)|CODE_UNIT_STARTED|[EXTERNAL]|06624000003h0Dg|VF: /apex/New_delivered_detail
16:24:13.0 (810245)|VF_DESERIALIZE_VIEWSTATE_BEGIN|06624000003h0Dg
16:24:13.0 (10019159)|HEAP_ALLOCATE|[72]|Bytes:3
16:24:13.0 (10058156)|HEAP_ALLOCATE|[77]|Bytes:152
16:24:13.0 (10070366)|HEAP_ALLOCATE|[342]|Bytes:408
16:24:13.0 (10083811)|HEAP_ALLOCATE|[355]|Bytes:408
16:24:13.0 (10097322)|HEAP_ALLOCATE|[467]|Bytes:48
16:24:13.0 (10121282)|HEAP_ALLOCATE|[139]|Bytes:6
16:24:13.0 (10154488)|HEAP_ALLOCATE|[50]|Bytes:5
16:24:13.0 (10174126)|HEAP_ALLOCATE|[56]|Bytes:5
16:24:13.0 (10180660)|HEAP_ALLOCATE|[64]|Bytes:7
16:24:13.0 (14519795)|VF_DESERIALIZE_VIEWSTATE_END
16:24:13.15 (15503971)|SYSTEM_MODE_ENTER|true
16:24:13.15 (15560613)|HEAP_ALLOCATE|[EXTERNAL]|Bytes:38
16:24:13.15 (15566927)|HEAP_ALLOCATE|[EXTERNAL]|Bytes:7
16:24:13.15 (15574892)|SYSTEM_METHOD_ENTRY|[1]|PageMessagesComponentController.PageMessagesComponentController()
16:24:13.15 (15578600)|STATEMENT_EXECUTE|[1]
16:24:13.16 (16300353)|SYSTEM_MODE_ENTER|true
16:24:13.16 (16342859)|HEAP_ALLOCATE|[EXTERNAL]|Bytes:8
16:24:13.16 (16348064)|VARIABLE_SCOPE_BEGIN|[88]|this|ApexPage.PageMessagesComponentController|true|false
16:24:13.16 (16378126)|VARIABLE_ASSIGNMENT|[88]|this|{}|0x78958f35
16:24:13.16 (16380486)|VARIABLE_SCOPE_BEGIN|[88]|escape|Boolean|false|false
16:24:13.16 (16385671)|VARIABLE_ASSIGNMENT|[88]|escape|null
16:24:13.0 (16645287)|SYSTEM_MODE_ENTER|true
16:24:13.0 (16820948)|HEAP_ALLOCATE|[EXTERNAL]|Bytes:11
16:24:13.0 (16828799)|HEAP_ALLOCATE|[EXTERNAL]|Bytes:408
16:24:13.0 (16832020)|HEAP_ALLOCATE|[EXTERNAL]|Bytes:120
16:24:13.0 (16834175)|HEAP_ALLOCATE|[EXTERNAL]|Bytes:116
16:24:13.0 (16841131)|METHOD_ENTRY|[1]|01p2400000DUtXT|NewDeliveredExtension.NewDeliveredExtension()
16:24:13.0 (16843901)|STATEMENT_EXECUTE|[1]
16:24:13.0 (16847229)|STATEMENT_EXECUTE|[1]
16:24:13.0 (16848457)|STATEMENT_EXECUTE|[542]
16:24:13.0 (16851792)|METHOD_EXIT|[1]|NewDeliveredExtension
16:24:13.0 (16861311)|HEAP_ALLOCATE|[EXTERNAL]|Bytes:80
16:24:13.0 (16965131)|VARIABLE_ASSIGNMENT|[EXTERNAL]|this|{"delToHub":false,"delToProj":true,"detail":"0x6ed2336a","invoked":false,"rejected":false,"reserved":false,"selectedTime4":"8:00","sublocations1":"0x74f64098","www":"0x4bb2793f","wwwById":"0x41ea78e9"}|0x2c2c06e6
16:24:13.0 (16971938)|STATEMENT_EXECUTE|[196]
16:24:13.0 (16976473)|STATEMENT_EXECUTE|[197]
16:24:13.0 (16977821)|STATEMENT_EXECUTE|[200]
16:24:13.0 (17041225)|SYSTEM_MODE_ENTER|true
16:24:13.0 (17063412)|HEAP_ALLOCATE|[EXTERNAL]|Bytes:80
16:24:13.0 (17105163)|VARIABLE_ASSIGNMENT|[EXTERNAL]|this|{"delToHub":false,"delToProj":true,"detail":"0x6ed2336a","invoked":false,"rejected":false,"reserved":false,"selectedTime4":"8:00","sublocations1":"0x74f64098","www":"0x4bb2793f","wwwById":"0x41ea78e9"}|0x2c2c06e6
16:24:13.0 (17111005)|STATEMENT_EXECUTE|[229]
16:24:13.0 (17113964)|STATEMENT_EXECUTE|[230]
16:24:13.0 (17114976)|STATEMENT_EXECUTE|[233]
16:24:13.0 (17163747)|SYSTEM_MODE_ENTER|true
16:24:13.0 (17181272)|HEAP_ALLOCATE|[EXTERNAL]|Bytes:80
16:24:13.0 (17219453)|VARIABLE_ASSIGNMENT|[EXTERNAL]|this|{"delToHub":false,"delToProj":true,"detail":"0x6ed2336a","invoked":false,"rejected":false,"reserved":false,"selectedTime4":"8:00","sublocations1":"0x74f64098","www":"0x4bb2793f","wwwById":"0x41ea78e9"}|0x2c2c06e6
16:24:13.0 (17225122)|STATEMENT_EXECUTE|[204]
16:24:13.0 (17228210)|STATEMENT_EXECUTE|[205]
16:24:13.0 (17229209)|STATEMENT_EXECUTE|[208]
16:24:13.0 (17274207)|SYSTEM_MODE_ENTER|true
16:24:13.0 (17291403)|HEAP_ALLOCATE|[EXTERNAL]|Bytes:80
16:24:13.0 (17328399)|VARIABLE_ASSIGNMENT|[EXTERNAL]|this|{"delToHub":false,"delToProj":true,"detail":"0x6ed2336a","invoked":false,"rejected":false,"reserved":false,"selectedTime4":"8:00","sublocations1":"0x74f64098","www":"0x4bb2793f","wwwById":"0x41ea78e9"}|0x2c2c06e6
16:24:13.0 (17333043)|STATEMENT_EXECUTE|[220]
16:24:13.0 (17335634)|STATEMENT_EXECUTE|[221]
16:24:13.0 (17336611)|STATEMENT_EXECUTE|[224]
16:24:13.0 (17418884)|SYSTEM_MODE_ENTER|true
16:24:13.0 (17439660)|HEAP_ALLOCATE|[EXTERNAL]|Bytes:80
16:24:13.0 (17478615)|VARIABLE_ASSIGNMENT|[EXTERNAL]|this|{"delToHub":false,"delToProj":true,"detail":"0x6ed2336a","invoked":false,"rejected":false,"reserved":false,"selectedTime4":"8:00","sublocations1":"0x74f64098","www":"0x4bb2793f","wwwById":"0x41ea78e9"}|0x2c2c06e6
16:24:13.0 (17483793)|STATEMENT_EXECUTE|[3]
16:24:13.0 (17487046)|STATEMENT_EXECUTE|[4]
16:24:13.0 (17488290)|STATEMENT_EXECUTE|[9]
16:24:13.0 (26972151)|SYSTEM_MODE_ENTER|true
16:24:13.0 (27003033)|HEAP_ALLOCATE|[EXTERNAL]|Bytes:80
16:24:13.0 (27053124)|VARIABLE_ASSIGNMENT|[EXTERNAL]|this|{"delToHub":false,"delToProj":true,"detail":"0x6ed2336a","invoked":false,"rejected":false,"reserved":false,"selectedTime4":"8:00","sublocations1":"0x74f64098","www":"0x4bb2793f","wwwById":"0x41ea78e9"}|0x2c2c06e6
16:24:13.0 (27060430)|STATEMENT_EXECUTE|[186]
16:24:13.0 (27064496)|STATEMENT_EXECUTE|[187]
16:24:13.0 (27065720)|STATEMENT_EXECUTE|[190]
16:24:13.0 (29815958)|SYSTEM_MODE_ENTER|true
16:24:13.0 (29843178)|HEAP_ALLOCATE|[EXTERNAL]|Bytes:80
16:24:13.0 (29892063)|VARIABLE_ASSIGNMENT|[EXTERNAL]|this|{"delToHub":false,"delToProj":true,"detail":"0x6ed2336a","invoked":false,"rejected":false,"reserved":false,"selectedTime4":"8:00","sublocations1":"0x74f64098","www":"0x4bb2793f","wwwById":"0x41ea78e9"}|0x2c2c06e6
16:24:13.0 (29899250)|STATEMENT_EXECUTE|[212]
16:24:13.0 (29903529)|STATEMENT_EXECUTE|[213]
16:24:13.0 (29904794)|STATEMENT_EXECUTE|[216]
16:24:13.0 (29983090)|SYSTEM_MODE_ENTER|true
16:24:13.0 (30006854)|HEAP_ALLOCATE|[EXTERNAL]|Bytes:80
16:24:13.0 (30050835)|VARIABLE_ASSIGNMENT|[EXTERNAL]|this|{"delToHub":false,"delToProj":true,"detail":"0x6ed2336a","invoked":false,"rejected":false,"reserved":false,"selectedTime4":"8:00","sublocations1":"0x74f64098","www":"0x4bb2793f","wwwById":"0x41ea78e9"}|0x2c2c06e6
16:24:13.0 (30056603)|STATEMENT_EXECUTE|[21]
16:24:13.0 (30059685)|STATEMENT_EXECUTE|[22]
16:24:13.0 (30060735)|STATEMENT_EXECUTE|[26]
16:24:13.0 (39119658)|SYSTEM_MODE_ENTER|true
16:24:13.0 (39148571)|HEAP_ALLOCATE|[EXTERNAL]|Bytes:80
16:24:13.0 (39155188)|VARIABLE_SCOPE_BEGIN|[284]|this|NewDeliveredExtension|true|false
16:24:13.0 (39200071)|VARIABLE_ASSIGNMENT|[284]|this|{"delToHub":false,"delToProj":true,"detail":"0x6ed2336a","invoked":false,"rejected":false,"reserved":false,"selectedTime4":"8:00","sublocations1":"0x74f64098","www":"0x4bb2793f","wwwById":"0x41ea78e9"}|0x2c2c06e6
16:24:13.0 (39212691)|STATEMENT_EXECUTE|[284]
16:24:13.0 (39214135)|STATEMENT_EXECUTE|[285]
16:24:13.0 (39266123)|VARIABLE_ASSIGNMENT|[EXTERNAL]|this|{"delToHub":false,"delToProj":true,"detail":"0x6ed2336a","invoked":false,"rejected":false,"reserved":false,"selectedTime4":"8:00","sublocations1":"0x74f64098","www":"0x4bb2793f","wwwById":"0x41ea78e9"}|0x2c2c06e6
16:24:13.0 (39270549)|STATEMENT_EXECUTE|[21]
16:24:13.0 (39272888)|STATEMENT_EXECUTE|[22]
16:24:13.0 (39273848)|STATEMENT_EXECUTE|[26]
16:24:13.0 (39334584)|HEAP_ALLOCATE|[285]|Bytes:18
16:24:13.0 (39343965)|HEAP_ALLOCATE|[285]|Bytes:16
16:24:13.0 (39352005)|HEAP_ALLOCATE|[285]|Bytes:34
16:24:13.0 (39371961)|USER_DEBUG|[285]|DEBUG|a0t0E0000004UUSQA2 Delivered_2_Hub
16:24:13.0 (39376968)|STATEMENT_EXECUTE|[286]
16:24:13.0 (39382606)|HEAP_ALLOCATE|[286]|Bytes:4
16:24:13.0 (39403541)|VARIABLE_SCOPE_BEGIN|[286]|options|List<System.SelectOption>|true|false
16:24:13.0 (39427603)|HEAP_ALLOCATE|[EXTERNAL]|Bytes:4
16:24:13.0 (39435702)|VARIABLE_ASSIGNMENT|[286]|options|[]|0x18b2167
16:24:13.0 (39438420)|STATEMENT_EXECUTE|[287]
16:24:13.0 (39441684)|HEAP_ALLOCATE|[287]|Bytes:4
16:24:13.0 (39534887)|VARIABLE_ASSIGNMENT|[EXTERNAL]|this|{"delToHub":false,"delToProj":true,"detail":"0x6ed2336a","invoked":false,"rejected":false,"reserved":false,"selectedTime4":"8:00","sublocations1":"0x74f64098","www":"0x4bb2793f","wwwById":"0x41ea78e9"}|0x2c2c06e6
16:24:13.0 (39551507)|HEAP_ALLOCATE|[EXTERNAL]|Bytes:4
16:24:13.0 (39556015)|VARIABLE_ASSIGNMENT|[EXTERNAL]|value|[]|0x1159ea1a
16:24:13.0 (39564622)|VARIABLE_ASSIGNMENT|[185]|this.sublocations1|[]|0x2c2c06e6
16:24:13.0 (39610442)|VARIABLE_ASSIGNMENT|[EXTERNAL]|this|{"delToHub":false,"delToProj":true,"detail":"0x6ed2336a","invoked":false,"rejected":false,"reserved":false,"selectedTime4":"8:00","sublocations1":"0x1159ea1a","www":"0x4bb2793f","wwwById":"0x41ea78e9"}|0x2c2c06e6
16:24:13.0 (39614888)|STATEMENT_EXECUTE|[21]
16:24:13.0 (39616981)|STATEMENT_EXECUTE|[22]
16:24:13.0 (39617962)|STATEMENT_EXECUTE|[26]
16:24:13.0 (39657293)|VARIABLE_ASSIGNMENT|[EXTERNAL]|this|{"delToHub":false,"delToProj":true,"detail":"0x6ed2336a","invoked":false,"rejected":false,"reserved":false,"selectedTime4":"8:00","sublocations1":"0x1159ea1a","www":"0x4bb2793f","wwwById":"0x41ea78e9"}|0x2c2c06e6
16:24:13.0 (39660649)|STATEMENT_EXECUTE|[21]
16:24:13.0 (39662130)|STATEMENT_EXECUTE|[22]
16:24:13.0 (39663131)|STATEMENT_EXECUTE|[26]
16:24:13.0 (39673321)|STATEMENT_EXECUTE|[289]
16:24:13.0 (39674656)|STATEMENT_EXECUTE|[290]
16:24:13.0 (39677301)|HEAP_ALLOCATE|[290]|Bytes:134
16:24:13.0 (39684408)|HEAP_ALLOCATE|[290]|Bytes:4
16:24:13.0 (39691091)|HEAP_ALLOCATE|[290]|Bytes:7
16:24:13.0 (39733050)|VARIABLE_ASSIGNMENT|[EXTERNAL]|this|{"delToHub":false,"delToProj":true,"detail":"0x6ed2336a","invoked":false,"rejected":false,"reserved":false,"selectedTime4":"8:00","sublocations1":"0x1159ea1a","www":"0x4bb2793f","wwwById":"0x41ea78e9"}|0x2c2c06e6
16:24:13.0 (39736661)|STATEMENT_EXECUTE|[21]
16:24:13.0 (39738327)|STATEMENT_EXECUTE|[22]
16:24:13.0 (39739623)|STATEMENT_EXECUTE|[26]
16:24:13.0 (41284711)|SOQL_EXECUTE_BEGIN|[290]|Aggregations:0|SELECT Id, Location__c, Location__r.Name FROM WWW_detail__c WHERE (WWW__c = :tmpVar1 AND RecordType.DeveloperName = 'Delivered_2_Hub')
16:24:13.0 (45172197)|SOQL_EXECUTE_END|[290]|Rows:1
16:24:13.0 (45188334)|HEAP_ALLOCATE|[290]|Bytes:8
16:24:13.0 (45208157)|HEAP_ALLOCATE|[290]|Bytes:185
16:24:13.0 (45246245)|HEAP_ALLOCATE|[290]|Bytes:8
16:24:13.0 (45255668)|VARIABLE_SCOPE_BEGIN|[290]|detailsDelToHub|List<WWW_Detail__c>|true|false
16:24:13.0 (45276438)|VARIABLE_ASSIGNMENT|[290]|detailsDelToHub|[{"Id":"a0s0E0000004KPGQA2","Location__c":"a0B0E0000009YBFUA2","RecordTypeId":"01224000000Sn4MAAS","Location__r":{"Name":"1Q2W","Id":"a0B0E0000009YBFUA2","RecordTypeId":"01224000000B1zdAAC"}}]|0x6252bbb
16:24:13.0 (45280380)|STATEMENT_EXECUTE|[293]
16:24:13.0 (45286658)|HEAP_ALLOCATE|[293]|Bytes:4
16:24:13.0 (45295608)|VARIABLE_SCOPE_BEGIN|[293]|locationsMap|Map<String,String>|true|false
16:24:13.0 (45304325)|VARIABLE_ASSIGNMENT|[293]|locationsMap|{}|0x5b1ad06c
16:24:13.0 (45443276)|HEAP_ALLOCATE|[294]|Bytes:5
16:24:13.0 (45474562)|HEAP_ALLOCATE|[294]|Bytes:20
16:24:13.0 (45483337)|VARIABLE_SCOPE_BEGIN|[294]|det|WWW_Detail__c|true|false
16:24:13.0 (45497788)|VARIABLE_ASSIGNMENT|[294]|det|{"Id":"a0s0E0000004KPGQA2","Location__c":"a0B0E0000009YBFUA2","RecordTypeId":"01224000000Sn4MAAS","Location__r":{"Name":"1Q2W","Id":"a0B0E0000009YBFUA2","RecordTypeId":"01224000000B1zdAAC"}}|0x1929e990
16:24:13.0 (45502016)|STATEMENT_EXECUTE|[294]
16:24:13.0 (45525403)|STATEMENT_EXECUTE|[295]
16:24:13.0 (45527041)|STATEMENT_EXECUTE|[297]
16:24:13.0 (45623894)|HEAP_ALLOCATE|[EXTERNAL]|Bytes:-4
16:24:13.0 (45643724)|HEAP_ALLOCATE|[294]|Bytes:5
16:24:13.0 (45654663)|VARIABLE_ASSIGNMENT|[294]|det|null|
16:24:13.0 (45657472)|STATEMENT_EXECUTE|[301]
16:24:13.0 (45706971)|HEAP_ALLOCATE|[EXTERNAL]|Bytes:4
16:24:13.0 (45715911)|HEAP_ALLOCATE|[302]|Bytes:4
16:24:13.0 (45756675)|HEAP_ALLOCATE|[302]|Bytes:26
16:24:13.0 (45769108)|HEAP_ALLOCATE|[302]|Bytes:4
16:24:13.0 (45784700)|HEAP_ALLOCATE|[302]|Bytes:5
16:24:13.0 (45793891)|VARIABLE_SCOPE_BEGIN|[302]|lcId|String|false|false
16:24:13.0 (45800190)|VARIABLE_ASSIGNMENT|[302]|lcId|"a0B0E0000009YBFUA2"
16:24:13.0 (45802513)|STATEMENT_EXECUTE|[303]
16:24:13.0 (45803961)|STATEMENT_EXECUTE|[304]
16:24:13.0 (45838083)|HEAP_ALLOCATE|[EXTERNAL]|Bytes:4
16:24:13.0 (45846512)|HEAP_ALLOCATE|[302]|Bytes:5
16:24:13.0 (45853812)|VARIABLE_ASSIGNMENT|[302]|lcId|null
16:24:13.0 (45856382)|STATEMENT_EXECUTE|[307]
16:24:13.0 (46825178)|SYSTEM_MODE_ENTER|true
16:24:13.0 (46853641)|HEAP_ALLOCATE|[EXTERNAL]|Bytes:80
16:24:13.0 (46860005)|VARIABLE_SCOPE_BEGIN|[48]|this|NewDeliveredExtension|true|false
16:24:13.0 (46905421)|VARIABLE_ASSIGNMENT|[48]|this|{"delToHub":false,"delToProj":true,"detail":"0x6ed2336a","invoked":false,"rejected":false,"reserved":false,"selectedTime4":"8:00","sublocations1":"0x1159ea1a","www":"0x4bb2793f","wwwById":"0x41ea78e9"}|0x2c2c06e6
16:24:13.0 (46912831)|STATEMENT_EXECUTE|[48]
16:24:13.0 (46914263)|STATEMENT_EXECUTE|[49]
16:24:13.0 (46918480)|HEAP_ALLOCATE|[49]|Bytes:4
16:24:13.0 (46937924)|VARIABLE_SCOPE_BEGIN|[49]|options|List<System.SelectOption>|true|false
16:24:13.0 (46950991)|HEAP_ALLOCATE|[EXTERNAL]|Bytes:4
16:24:13.0 (46956321)|VARIABLE_ASSIGNMENT|[49]|options|[]|0x40bc7444
16:24:13.0 (46959399)|STATEMENT_EXECUTE|[50]
16:24:13.0 (46963237)|VARIABLE_SCOPE_BEGIN|[50]|i|Integer|false|false
16:24:13.0 (46966012)|HEAP_ALLOCATE|[50]|Bytes:4
16:24:13.0 (46970172)|VARIABLE_ASSIGNMENT|[50]|i|0
16:24:13.0 (46974339)|STATEMENT_EXECUTE|[50]
16:24:13.0 (46975621)|STATEMENT_EXECUTE|[51]
16:24:13.0 (46977296)|VARIABLE_SCOPE_BEGIN|[51]|j|Integer|false|false
16:24:13.0 (46978890)|HEAP_ALLOCATE|[51]|Bytes:4
16:24:13.0 (46981393)|VARIABLE_ASSIGNMENT|[51]|j|0
16:24:13.0 (46983069)|STATEMENT_EXECUTE|[51]
16:24:13.0 (46985033)|STATEMENT_EXECUTE|[52]
16:24:13.0 (46986034)|STATEMENT_EXECUTE|[53]
16:24:13.0 (47017262)|HEAP_ALLOCATE|[53]|Bytes:1
16:24:13.0 (47027136)|HEAP_ALLOCATE|[53]|Bytes:2
16:24:13.0 (47033705)|HEAP_ALLOCATE|[53]|Bytes:1
16:24:13.0 (47042852)|HEAP_ALLOCATE|[53]|Bytes:4
16:24:13.0 (47048191)|HEAP_ALLOCATE|[53]|Bytes:1
16:24:13.0 (47055887)|HEAP_ALLOCATE|[53]|Bytes:1
16:24:13.0 (47060922)|HEAP_ALLOCATE|[53]|Bytes:4
16:24:13.0 (47078630)|HEAP_ALLOCATE|[EXTERNAL]|Bytes:4
16:24:13.0 (47084524)|HEAP_ALLOCATE|[51]|Bytes:4
16:24:13.0 (47089253)|VARIABLE_ASSIGNMENT|[51]|j|30
16:24:13.0 (47091987)|STATEMENT_EXECUTE|[51]
16:24:13.0 (47093824)|STATEMENT_EXECUTE|[54]
16:24:13.0 (47094965)|STATEMENT_EXECUTE|[55]
16:24:13.0 (47110129)|HEAP_ALLOCATE|[55]|Bytes:1
16:24:13.0 (47116407)|HEAP_ALLOCATE|[55]|Bytes:1
16:24:13.0 (47121840)|HEAP_ALLOCATE|[55]|Bytes:2
16:24:13.0 (47127253)|HEAP_ALLOCATE|[55]|Bytes:4
16:24:13.0 (47132139)|HEAP_ALLOCATE|[55]|Bytes:1
16:24:13.0 (47139902)|HEAP_ALLOCATE|[55]|Bytes:2
16:24:13.0 (47144943)|HEAP_ALLOCATE|[55]|Bytes:4
16:24:13.0 (47156141)|HEAP_ALLOCATE|[EXTERNAL]|Bytes:4
16:24:13.0 (47160095)|HEAP_ALLOCATE|[51]|Bytes:4
16:24:13.0 (47163819)|VARIABLE_ASSIGNMENT|[51]|j|60
16:24:13.0 (47166755)|HEAP_ALLOCATE|[50]|Bytes:4
16:24:13.0 (47169438)|VARIABLE_ASSIGNMENT|[50]|i|1
16:24:13.0 (47171262)|STATEMENT_EXECUTE|[50]
16:24:13.0 (47172594)|STATEMENT_EXECUTE|[51]
16:24:13.0 (47174529)|VARIABLE_SCOPE_BEGIN|[51]|j|Integer|false|false
16:24:13.0 (47176336)|HEAP_ALLOCATE|[51]|Bytes:4
16:24:13.0 (47178506)|VARIABLE_ASSIGNMENT|[51]|j|0
16:24:13.0 (47179922)|STATEMENT_EXECUTE|[51]
16:24:13.0 (47181331)|STATEMENT_EXECUTE|[52]
16:24:13.0 (47182310)|STATEMENT_EXECUTE|[53]
16:24:13.0 (47189713)|HEAP_ALLOCATE|[53]|Bytes:1
16:24:13.0 (47197634)|HEAP_ALLOCATE|[53]|Bytes:1
16:24:13.0 (47202677)|HEAP_ALLOCATE|[53]|Bytes:4
16:24:13.0 (47207452)|HEAP_ALLOCATE|[53]|Bytes:1
16:24:13.0 (47214559)|HEAP_ALLOCATE|[53]|Bytes:1
16:24:13.0 (47219273)|HEAP_ALLOCATE|[53]|Bytes:4
16:24:13.0 (47224884)|HEAP_ALLOCATE|[EXTERNAL]|Bytes:4
16:24:13.0 (47228336)|HEAP_ALLOCATE|[51]|Bytes:4
16:24:13.0 (47231081)|VARIABLE_ASSIGNMENT|[51]|j|30
16:24:13.0 (47232901)|STATEMENT_EXECUTE|[51]
16:24:13.0 (47234374)|STATEMENT_EXECUTE|[54]
16:24:13.0 (47235303)|STATEMENT_EXECUTE|[55]
16:24:13.0 (47240925)|HEAP_ALLOCATE|[55]|Bytes:1
16:24:13.0 (47248654)|HEAP_ALLOCATE|[55]|Bytes:2
16:24:13.0 (47253616)|HEAP_ALLOCATE|[55]|Bytes:4
16:24:13.0 (47258248)|HEAP_ALLOCATE|[55]|Bytes:1
16:24:13.0 (47265502)|HEAP_ALLOCATE|[55]|Bytes:2
16:24:13.0 (47270351)|HEAP_ALLOCATE|[55]|Bytes:4
16:24:13.0 (47274882)|HEAP_ALLOCATE|[EXTERNAL]|Bytes:4
16:24:13.0 (47278015)|HEAP_ALLOCATE|[51]|Bytes:4
16:24:13.0 (47280592)|VARIABLE_ASSIGNMENT|[51]|j|60
16:24:13.0 (47282549)|HEAP_ALLOCATE|[50]|Bytes:4
16:24:13.0 (47284977)|VARIABLE_ASSIGNMENT|[50]|i|2
16:24:13.0 (47286519)|STATEMENT_EXECUTE|[50]
16:24:13.0 (47287799)|STATEMENT_EXECUTE|[51]
16:24:13.0 (47289855)|VARIABLE_SCOPE_BEGIN|[51]|j|Integer|false|false
16:24:13.0 (47291222)|HEAP_ALLOCATE|[51]|Bytes:4
16:24:13.0 (47293362)|VARIABLE_ASSIGNMENT|[51]|j|0
16:24:13.0 (47294749)|STATEMENT_EXECUTE|[51]
16:24:13.0 (47296021)|STATEMENT_EXECUTE|[52]
16:24:13.0 (47296958)|STATEMENT_EXECUTE|[53]
16:24:13.0 (47302531)|HEAP_ALLOCATE|[53]|Bytes:1
16:24:13.0 (47310120)|HEAP_ALLOCATE|[53]|Bytes:1
16:24:13.0 (47314899)|HEAP_ALLOCATE|[53]|Bytes:4
16:24:13.0 (47319632)|HEAP_ALLOCATE|[53]|Bytes:1
16:24:13.0 (47326808)|HEAP_ALLOCATE|[53]|Bytes:1
16:24:13.0 (47331487)|HEAP_ALLOCATE|[53]|Bytes:4
16:24:13.0 (47335843)|HEAP_ALLOCATE|[EXTERNAL]|Bytes:4
16:24:13.0 (47338886)|HEAP_ALLOCATE|[51]|Bytes:4
16:24:13.0 (47341484)|VARIABLE_ASSIGNMENT|[51]|j|30
16:24:13.0 (47343131)|STATEMENT_EXECUTE|[51]
16:24:13.0 (47344457)|STATEMENT_EXECUTE|[54]
16:24:13.0 (47345583)|STATEMENT_EXECUTE|[55]
16:24:13.0 (47350947)|HEAP_ALLOCATE|[55]|Bytes:1
16:24:13.0 (47358588)|HEAP_ALLOCATE|[55]|Bytes:2
16:24:13.0 (47363485)|HEAP_ALLOCATE|[55]|Bytes:4
16:24:13.0 (47368177)|HEAP_ALLOCATE|[55]|Bytes:1
16:24:13.0 (47375268)|HEAP_ALLOCATE|[55]|Bytes:2
16:24:13.0 (47379944)|HEAP_ALLOCATE|[55]|Bytes:4
16:24:13.0 (47384017)|HEAP_ALLOCATE|[EXTERNAL]|Bytes:4
16:24:13.0 (47387089)|HEAP_ALLOCATE|[51]|Bytes:4
16:24:13.0 (47389683)|VARIABLE_ASSIGNMENT|[51]|j|60
16:24:13.0 (47391500)|HEAP_ALLOCATE|[50]|Bytes:4
16:24:13.0 (47393755)|VARIABLE_ASSIGNMENT|[50]|i|3
16:24:13.0 (47395281)|STATEMENT_EXECUTE|[50]
16:24:13.0 (47396458)|STATEMENT_EXECUTE|[51]
16:24:13.0 (47398043)|VARIABLE_SCOPE_BEGIN|[51]|j|Integer|false|false
16:24:13.0 (47399300)|HEAP_ALLOCATE|[51]|Bytes:4
16:24:13.0 (47401830)|VARIABLE_ASSIGNMENT|[51]|j|0
16:24:13.0 (47403190)|STATEMENT_EXECUTE|[51]
16:24:13.0 (47404400)|STATEMENT_EXECUTE|[52]
16:24:13.0 (47405412)|STATEMENT_EXECUTE|[53]
16:24:13.0 (47411068)|HEAP_ALLOCATE|[53]|Bytes:1
16:24:13.0 (47418725)|HEAP_ALLOCATE|[53]|Bytes:1
16:24:13.0 (47423535)|HEAP_ALLOCATE|[53]|Bytes:4
16:24:13.0 (47428225)|HEAP_ALLOCATE|[53]|Bytes:1
16:24:13.0 (47435368)|HEAP_ALLOCATE|[53]|Bytes:1
16:24:13.0 (47439998)|HEAP_ALLOCATE|[53]|Bytes:4
16:24:13.0 (47444053)|HEAP_ALLOCATE|[EXTERNAL]|Bytes:4
16:24:13.0 (47447003)|HEAP_ALLOCATE|[51]|Bytes:4
16:24:13.0 (47449614)|VARIABLE_ASSIGNMENT|[51]|j|30
16:24:13.0 (47451342)|STATEMENT_EXECUTE|[51]
16:24:13.0 (47452653)|STATEMENT_EXECUTE|[54]
16:24:13.0 (47453611)|STATEMENT_EXECUTE|[55]
16:24:13.0 (47458972)|HEAP_ALLOCATE|[55]|Bytes:1
16:24:13.0 (47466734)|HEAP_ALLOCATE|[55]|Bytes:2
16:24:13.0 (47471535)|HEAP_ALLOCATE|[55]|Bytes:4
16:24:13.0 (47476178)|HEAP_ALLOCATE|[55]|Bytes:1
16:24:13.0 (47483289)|HEAP_ALLOCATE|[55]|Bytes:2
16:24:13.0 (47488263)|HEAP_ALLOCATE|[55]|Bytes:4
16:24:13.0 (47492351)|HEAP_ALLOCATE|[EXTERNAL]|Bytes:4
16:24:13.0 (47495323)|HEAP_ALLOCATE|[51]|Bytes:4
16:24:13.0 (47497930)|VARIABLE_ASSIGNMENT|[51]|j|60
16:24:13.0 (47499721)|HEAP_ALLOCATE|[50]|Bytes:4
16:24:13.0 (47501970)|VARIABLE_ASSIGNMENT|[50]|i|4
16:24:13.0 (47503520)|STATEMENT_EXECUTE|[50]
16:24:13.0 (47504732)|STATEMENT_EXECUTE|[51]
16:24:13.0 (47506325)|VARIABLE_SCOPE_BEGIN|[51]|j|Integer|false|false
16:24:13.0 (47507561)|HEAP_ALLOCATE|[51]|Bytes:4
16:24:13.0 (47509670)|VARIABLE_ASSIGNMENT|[51]|j|0
16:24:13.0 (47511045)|STATEMENT_EXECUTE|[51]
16:24:13.0 (47512421)|STATEMENT_EXECUTE|[52]
16:24:13.0 (47513608)|STATEMENT_EXECUTE|[53]
16:24:13.0 (47519375)|HEAP_ALLOCATE|[53]|Bytes:1
16:24:13.0 (47526909)|HEAP_ALLOCATE|[53]|Bytes:1
16:24:13.0 (47531643)|HEAP_ALLOCATE|[53]|Bytes:4
16:24:13.0 (47536324)|HEAP_ALLOCATE|[53]|Bytes:1
16:24:13.0 (47543438)|HEAP_ALLOCATE|[53]|Bytes:1
16:24:13.0 (47548012)|HEAP_ALLOCATE|[53]|Bytes:4
16:24:13.0 (47552432)|HEAP_ALLOCATE|[EXTERNAL]|Bytes:4
16:24:13.0 (47555508)|HEAP_ALLOCATE|[51]|Bytes:4
16:24:13.0 (47558155)|VARIABLE_ASSIGNMENT|[51]|j|30
16:24:13.0 (47560041)|STATEMENT_EXECUTE|[51]
16:24:13.0 (47561378)|STATEMENT_EXECUTE|[54]
16:24:13.0 (47562397)|STATEMENT_EXECUTE|[55]
16:24:13.0 (47567742)|HEAP_ALLOCATE|[55]|Bytes:1
16:24:13.0 (47575214)|HEAP_ALLOCATE|[55]|Bytes:2
16:24:13.0 (47580025)|HEAP_ALLOCATE|[55]|Bytes:4
16:24:13.0 (47584716)|HEAP_ALLOCATE|[55]|Bytes:1
16:24:13.0 (47591890)|HEAP_ALLOCATE|[55]|Bytes:2
16:24:13.0 (47596477)|HEAP_ALLOCATE|[55]|Bytes:4
16:24:13.0 (47600486)|HEAP_ALLOCATE|[EXTERNAL]|Bytes:4
16:24:13.0 (47603465)|HEAP_ALLOCATE|[51]|Bytes:4
16:24:13.0 (47606048)|VARIABLE_ASSIGNMENT|[51]|j|60
16:24:13.0 (47607776)|HEAP_ALLOCATE|[50]|Bytes:4
16:24:13.0 (47609984)|VARIABLE_ASSIGNMENT|[50]|i|5
16:24:13.0 (47611550)|STATEMENT_EXECUTE|[50]
16:24:13.0 (47612714)|STATEMENT_EXECUTE|[51]
16:24:13.0 (47614333)|VARIABLE_SCOPE_BEGIN|[51]|j|Integer|false|false
16:24:13.0 (47615586)|HEAP_ALLOCATE|[51]|Bytes:4
16:24:13.0 (47618124)|VARIABLE_ASSIGNMENT|[51]|j|0
16:24:13.0 (47619595)|STATEMENT_EXECUTE|[51]
16:24:13.0 (47620792)|STATEMENT_EXECUTE|[52]
16:24:13.0 (47621844)|STATEMENT_EXECUTE|[53]
16:24:13.0 (47627412)|HEAP_ALLOCATE|[53]|Bytes:1
16:24:13.0 (47639590)|HEAP_ALLOCATE|[53]|Bytes:1
16:24:13.0 (47644393)|HEAP_ALLOCATE|[53]|Bytes:4
16:24:13.0 (47649130)|HEAP_ALLOCATE|[53]|Bytes:1
16:24:13.0 (47656349)|HEAP_ALLOCATE|[53]|Bytes:1
16:24:13.0 (47661017)|HEAP_ALLOCATE|[53]|Bytes:4
16:24:13.0 (47665444)|HEAP_ALLOCATE|[EXTERNAL]|Bytes:4
16:24:13.0 (47668672)|HEAP_ALLOCATE|[51]|Bytes:4
16:24:13.0 (47671460)|VARIABLE_ASSIGNMENT|[51]|j|30
16:24:13.0 (47673326)|STATEMENT_EXECUTE|[51]
16:24:13.0 (47674654)|STATEMENT_EXECUTE|[54]
16:24:13.0 (47675635)|STATEMENT_EXECUTE|[55]
16:24:13.0 (47681227)|HEAP_ALLOCATE|[55]|Bytes:1
16:24:13.0 (47688840)|HEAP_ALLOCATE|[55]|Bytes:2
16:24:13.0 (47693551)|HEAP_ALLOCATE|[55]|Bytes:4
16:24:13.0 (47698267)|HEAP_ALLOCATE|[55]|Bytes:1
16:24:13.0 (47705319)|HEAP_ALLOCATE|[55]|Bytes:2
16:24:13.0 (47710324)|HEAP_ALLOCATE|[55]|Bytes:4
16:24:13.0 (47714387)|HEAP_ALLOCATE|[EXTERNAL]|Bytes:4
16:24:13.0 (47717408)|HEAP_ALLOCATE|[51]|Bytes:4
16:24:13.0 (47719986)|VARIABLE_ASSIGNMENT|[51]|j|60
16:24:13.0 (47721861)|HEAP_ALLOCATE|[50]|Bytes:4
16:24:13.0 (47724107)|VARIABLE_ASSIGNMENT|[50]|i|6
16:24:13.0 (47725892)|STATEMENT_EXECUTE|[50]
16:24:13.0 (47727173)|STATEMENT_EXECUTE|[51]
16:24:13.0 (47728814)|VARIABLE_SCOPE_BEGIN|[51]|j|Integer|false|false
16:24:13.0 (47730082)|HEAP_ALLOCATE|[51]|Bytes:4
16:24:13.0 (47732270)|VARIABLE_ASSIGNMENT|[51]|j|0
16:24:13.0 (47733652)|STATEMENT_EXECUTE|[51]
16:24:13.0 (47734856)|STATEMENT_EXECUTE|[52]
16:24:13.0 (47735842)|STATEMENT_EXECUTE|[53]
16:24:13.0 (47741429)|HEAP_ALLOCATE|[53]|Bytes:1
16:24:13.0 (47748945)|HEAP_ALLOCATE|[53]|Bytes:1
16:24:13.0 (47753690)|HEAP_ALLOCATE|[53]|Bytes:4
16:24:13.0 (47758399)|HEAP_ALLOCATE|[53]|Bytes:1
16:24:13.0 (47765431)|HEAP_ALLOCATE|[53]|Bytes:1
16:24:13.0 (47770000)|HEAP_ALLOCATE|[53]|Bytes:4
16:24:13.0 (47774089)|HEAP_ALLOCATE|[EXTERNAL]|Bytes:4
16:24:13.0 (47777464)|HEAP_ALLOCATE|[51]|Bytes:4
16:24:13.0 (47779933)|VARIABLE_ASSIGNMENT|[51]|j|30
16:24:13.0 (47781604)|STATEMENT_EXECUTE|[51]
16:24:13.0 (47782911)|STATEMENT_EXECUTE|[54]
16:24:13.0 (47783907)|STATEMENT_EXECUTE|[55]
16:24:13.0 (47789335)|HEAP_ALLOCATE|[55]|Bytes:1
16:24:13.0 (47796941)|HEAP_ALLOCATE|[55]|Bytes:2
16:24:13.0 (47801679)|HEAP_ALLOCATE|[55]|Bytes:4
16:24:13.0 (47806337)|HEAP_ALLOCATE|[55]|Bytes:1
16:24:13.0 (47813449)|HEAP_ALLOCATE|[55]|Bytes:2
16:24:13.0 (47818114)|HEAP_ALLOCATE|[55]|Bytes:4
16:24:13.0 (47822239)|HEAP_ALLOCATE|[EXTERNAL]|Bytes:4
16:24:13.0 (47825255)|HEAP_ALLOCATE|[51]|Bytes:4
16:24:13.0 (47827829)|VARIABLE_ASSIGNMENT|[51]|j|60
16:24:13.0 (47829590)|HEAP_ALLOCATE|[50]|Bytes:4
16:24:13.0 (47831862)|VARIABLE_ASSIGNMENT|[50]|i|7
16:24:13.0 (47833375)|STATEMENT_EXECUTE|[50]
16:24:13.0 (47834611)|STATEMENT_EXECUTE|[51]
16:24:13.0 (47836255)|VARIABLE_SCOPE_BEGIN|[51]|j|Integer|false|false
16:24:13.0 (47837761)|HEAP_ALLOCATE|[51]|Bytes:4
16:24:13.0 (47840062)|VARIABLE_ASSIGNMENT|[51]|j|0
16:24:13.0 (47841484)|STATEMENT_EXECUTE|[51]
16:24:13.0 (47842708)|STATEMENT_EXECUTE|[52]
16:24:13.0 (47843823)|STATEMENT_EXECUTE|[53]
16:24:13.0 (47849388)|HEAP_ALLOCATE|[53]|Bytes:1
16:24:13.0 (47856751)|HEAP_ALLOCATE|[53]|Bytes:1
16:24:13.0 (47861587)|HEAP_ALLOCATE|[53]|Bytes:4
16:24:13.0 (47866229)|HEAP_ALLOCATE|[53]|Bytes:1
16:24:13.0 (47873335)|HEAP_ALLOCATE|[53]|Bytes:1
16:24:13.0 (47877936)|HEAP_ALLOCATE|[53]|Bytes:4
16:24:13.0 (47882103)|HEAP_ALLOCATE|[EXTERNAL]|Bytes:4
16:24:13.0 (47885181)|HEAP_ALLOCATE|[51]|Bytes:4
16:24:13.0 (47887815)|VARIABLE_ASSIGNMENT|[51]|j|30
16:24:13.0 (47889561)|STATEMENT_EXECUTE|[51]
16:24:13.0 (47890861)|STATEMENT_EXECUTE|[54]
16:24:13.0 (47891819)|STATEMENT_EXECUTE|[55]
16:24:13.0 (47897159)|HEAP_ALLOCATE|[55]|Bytes:1
16:24:13.0 (47904805)|HEAP_ALLOCATE|[55]|Bytes:2
16:24:13.0 (47909691)|HEAP_ALLOCATE|[55]|Bytes:4
16:24:13.0 (47914319)|HEAP_ALLOCATE|[55]|Bytes:1
16:24:13.0 (47921337)|HEAP_ALLOCATE|[55]|Bytes:2
16:24:13.0 (47926338)|HEAP_ALLOCATE|[55]|Bytes:4
16:24:13.0 (47930377)|HEAP_ALLOCATE|[EXTERNAL]|Bytes:4
16:24:13.0 (47933570)|HEAP_ALLOCATE|[51]|Bytes:4
16:24:13.0 (47936193)|VARIABLE_ASSIGNMENT|[51]|j|60
16:24:13.0 (47937966)|HEAP_ALLOCATE|[50]|Bytes:4
16:24:13.0 (47940153)|VARIABLE_ASSIGNMENT|[50]|i|8
16:24:13.0 (47941714)|STATEMENT_EXECUTE|[50]
16:24:13.0 (47942942)|STATEMENT_EXECUTE|[51]
16:24:13.0 (47944604)|VARIABLE_SCOPE_BEGIN|[51]|j|Integer|false|false
16:24:13.0 (47945824)|HEAP_ALLOCATE|[51]|Bytes:4
16:24:13.0 (47947940)|VARIABLE_ASSIGNMENT|[51]|j|0
16:24:13.0 (47949391)|STATEMENT_EXECUTE|[51]
16:24:13.0 (47950603)|STATEMENT_EXECUTE|[52]
16:24:13.0 (47951570)|STATEMENT_EXECUTE|[53]
16:24:13.0 (47957013)|HEAP_ALLOCATE|[53]|Bytes:1
16:24:13.0 (47964443)|HEAP_ALLOCATE|[53]|Bytes:1
16:24:13.0 (47969182)|HEAP_ALLOCATE|[53]|Bytes:4
16:24:13.0 (47974134)|HEAP_ALLOCATE|[53]|Bytes:1
16:24:13.0 (47981180)|HEAP_ALLOCATE|[53]|Bytes:1
16:24:13.0 (47985786)|HEAP_ALLOCATE|[53]|Bytes:4
16:24:13.0 (47989934)|HEAP_ALLOCATE|[EXTERNAL]|Bytes:4
16:24:13.0 (47993255)|HEAP_ALLOCATE|[51]|Bytes:4
16:24:13.0 (47995980)|VARIABLE_ASSIGNMENT|[51]|j|30
16:24:13.0 (47997664)|STATEMENT_EXECUTE|[51]
16:24:13.0 (47998960)|STATEMENT_EXECUTE|[54]
16:24:13.0 (47999938)|STATEMENT_EXECUTE|[55]
16:24:13.0 (48005349)|HEAP_ALLOCATE|[55]|Bytes:1
16:24:13.0 (48013449)|HEAP_ALLOCATE|[55]|Bytes:2
16:24:13.0 (48018223)|HEAP_ALLOCATE|[55]|Bytes:4
16:24:13.0 (48023033)|HEAP_ALLOCATE|[55]|Bytes:1
16:24:13.0 (48030056)|HEAP_ALLOCATE|[55]|Bytes:2
16:24:13.0 (48034624)|HEAP_ALLOCATE|[55]|Bytes:4
16:24:13.0 (48038785)|HEAP_ALLOCATE|[EXTERNAL]|Bytes:4
16:24:13.0 (48041792)|HEAP_ALLOCATE|[51]|Bytes:4
16:24:13.0 (48044366)|VARIABLE_ASSIGNMENT|[51]|j|60
16:24:13.0 (48046101)|HEAP_ALLOCATE|[50]|Bytes:4
16:24:13.0 (48048365)|VARIABLE_ASSIGNMENT|[50]|i|9
16:24:13.0 (48049963)|STATEMENT_EXECUTE|[50]
16:24:13.0 (48051133)|STATEMENT_EXECUTE|[51]
16:24:13.0 (48052768)|VARIABLE_SCOPE_BEGIN|[51]|j|Integer|false|false
16:24:13.0 (48054023)|HEAP_ALLOCATE|[51]|Bytes:4
16:24:13.0 (48056332)|VARIABLE_ASSIGNMENT|[51]|j|0
16:24:13.0 (48057692)|STATEMENT_EXECUTE|[51]
16:24:13.0 (48058966)|STATEMENT_EXECUTE|[52]
16:24:13.0 (48059929)|STATEMENT_EXECUTE|[53]
16:24:13.0 (48065410)|HEAP_ALLOCATE|[53]|Bytes:1
16:24:13.0 (48072883)|HEAP_ALLOCATE|[53]|Bytes:1
16:24:13.0 (48077594)|HEAP_ALLOCATE|[53]|Bytes:4
16:24:13.0 (48082359)|HEAP_ALLOCATE|[53]|Bytes:1
16:24:13.0 (48089510)|HEAP_ALLOCATE|[53]|Bytes:1
16:24:13.0 (48094122)|HEAP_ALLOCATE|[53]|Bytes:4
16:24:13.0 (48098116)|HEAP_ALLOCATE|[EXTERNAL]|Bytes:4
16:24:13.0 (48101173)|HEAP_ALLOCATE|[51]|Bytes:4
16:24:13.0 (48103697)|VARIABLE_ASSIGNMENT|[51]|j|30
16:24:13.0 (48105399)|STATEMENT_EXECUTE|[51]
16:24:13.0 (48106719)|STATEMENT_EXECUTE|[54]
16:24:13.0 (48107750)|STATEMENT_EXECUTE|[55]
16:24:13.0 (48113091)|HEAP_ALLOCATE|[55]|Bytes:1
16:24:13.0 (48120507)|HEAP_ALLOCATE|[55]|Bytes:2
16:24:13.0 (48125353)|HEAP_ALLOCATE|[55]|Bytes:4
16:24:13.0 (48129993)|HEAP_ALLOCATE|[55]|Bytes:1
16:24:13.0 (48137106)|HEAP_ALLOCATE|[55]|Bytes:2
16:24:13.0 (48141786)|HEAP_ALLOCATE|[55]|Bytes:4
16:24:13.0 (48146075)|HEAP_ALLOCATE|[EXTERNAL]|Bytes:4
16:24:13.0 (48149096)|HEAP_ALLOCATE|[51]|Bytes:4
16:24:13.0 (48151663)|VARIABLE_ASSIGNMENT|[51]|j|60
16:24:13.0 (48153591)|HEAP_ALLOCATE|[50]|Bytes:4
16:24:13.0 (48155742)|VARIABLE_ASSIGNMENT|[50]|i|10
16:24:13.0 (48157258)|STATEMENT_EXECUTE|[50]
16:24:13.0 (48158418)|STATEMENT_EXECUTE|[51]
16:24:13.0 (48160064)|VARIABLE_SCOPE_BEGIN|[51]|j|Integer|false|false
16:24:13.0 (48161294)|HEAP_ALLOCATE|[51]|Bytes:4
16:24:13.0 (48163491)|VARIABLE_ASSIGNMENT|[51]|j|0
16:24:13.0 (48164849)|STATEMENT_EXECUTE|[51]
16:24:13.0 (48166067)|STATEMENT_EXECUTE|[52]
16:24:13.0 (48167032)|STATEMENT_EXECUTE|[53]
16:24:13.0 (48172665)|HEAP_ALLOCATE|[53]|Bytes:2
16:24:13.0 (48180065)|HEAP_ALLOCATE|[53]|Bytes:1
16:24:13.0 (48184789)|HEAP_ALLOCATE|[53]|Bytes:5
16:24:13.0 (48189527)|HEAP_ALLOCATE|[53]|Bytes:2
16:24:13.0 (48196550)|HEAP_ALLOCATE|[53]|Bytes:1
16:24:13.0 (48201274)|HEAP_ALLOCATE|[53]|Bytes:5
16:24:13.0 (48205357)|HEAP_ALLOCATE|[EXTERNAL]|Bytes:4
16:24:13.0 (48208562)|HEAP_ALLOCATE|[51]|Bytes:4
16:24:13.0 (48211225)|VARIABLE_ASSIGNMENT|[51]|j|30
16:24:13.0 (48212962)|STATEMENT_EXECUTE|[51]
16:24:13.0 (48214257)|STATEMENT_EXECUTE|[54]
16:24:13.0 (48215251)|STATEMENT_EXECUTE|[55]
16:24:13.0 (48220755)|HEAP_ALLOCATE|[55]|Bytes:2
16:24:13.0 (48228111)|HEAP_ALLOCATE|[55]|Bytes:2
16:24:13.0 (48232846)|HEAP_ALLOCATE|[55]|Bytes:5
16:24:13.0 (48237521)|HEAP_ALLOCATE|[55]|Bytes:2
16:24:13.0 (48244521)|HEAP_ALLOCATE|[55]|Bytes:2
16:24:13.0 (48249108)|HEAP_ALLOCATE|[55]|Bytes:5
16:24:13.0 (48253194)|HEAP_ALLOCATE|[EXTERNAL]|Bytes:4
16:24:13.0 (48256296)|HEAP_ALLOCATE|[51]|Bytes:4
16:24:13.0 (48258959)|VARIABLE_ASSIGNMENT|[51]|j|60
16:24:13.0 (48260809)|HEAP_ALLOCATE|[50]|Bytes:4
16:24:13.0 (48263011)|VARIABLE_ASSIGNMENT|[50]|i|11
16:24:13.0 (48264500)|STATEMENT_EXECUTE|[50]
16:24:13.0 (48265755)|STATEMENT_EXECUTE|[51]
16:24:13.0 (48267414)|VARIABLE_SCOPE_BEGIN|[51]|j|Integer|false|false
16:24:13.0 (48268745)|HEAP_ALLOCATE|[51]|Bytes:4
16:24:13.0 (48270842)|VARIABLE_ASSIGNMENT|[51]|j|0
16:24:13.0 (48272539)|STATEMENT_EXECUTE|[51]
16:24:13.0 (48273903)|STATEMENT_EXECUTE|[52]
16:24:13.0 (48274881)|STATEMENT_EXECUTE|[53]
16:24:13.0 (48280381)|HEAP_ALLOCATE|[53]|Bytes:2
16:24:13.0 (48287874)|HEAP_ALLOCATE|[53]|Bytes:1
16:24:13.0 (48292551)|HEAP_ALLOCATE|[53]|Bytes:5
16:24:13.0 (48297211)|HEAP_ALLOCATE|[53]|Bytes:2
16:24:13.0 (48304309)|HEAP_ALLOCATE|[53]|Bytes:1
16:24:13.0 (48308934)|HEAP_ALLOCATE|[53]|Bytes:5
16:24:13.0 (48313129)|HEAP_ALLOCATE|[EXTERNAL]|Bytes:4
16:24:13.0 (48316250)|HEAP_ALLOCATE|[51]|Bytes:4
16:24:13.0 (48318896)|VARIABLE_ASSIGNMENT|[51]|j|30
16:24:13.0 (48320583)|STATEMENT_EXECUTE|[51]
16:24:13.0 (48321985)|STATEMENT_EXECUTE|[54]
16:24:13.0 (48322974)|STATEMENT_EXECUTE|[55]
16:24:13.0 (48328275)|HEAP_ALLOCATE|[55]|Bytes:2
16:24:13.0 (48335641)|HEAP_ALLOCATE|[55]|Bytes:2
16:24:13.0 (48340421)|HEAP_ALLOCATE|[55]|Bytes:5
16:24:13.0 (48345007)|HEAP_ALLOCATE|[55]|Bytes:2
16:24:13.0 (48352180)|HEAP_ALLOCATE|[55]|Bytes:2
16:24:13.0 (48356907)|HEAP_ALLOCATE|[55]|Bytes:5
16:24:13.0 (48361420)|HEAP_ALLOCATE|[EXTERNAL]|Bytes:4
16:24:13.0 (48364576)|HEAP_ALLOCATE|[51]|Bytes:4
16:24:13.0 (48367248)|VARIABLE_ASSIGNMENT|[51]|j|60
16:24:13.0 (48369121)|HEAP_ALLOCATE|[50]|Bytes:4
16:24:13.0 (48371373)|VARIABLE_ASSIGNMENT|[50]|i|12
16:24:13.0 (48372870)|STATEMENT_EXECUTE|[50]
16:24:13.0 (48374128)|STATEMENT_EXECUTE|[51]
16:24:13.0 (48375814)|VARIABLE_SCOPE_BEGIN|[51]|j|Integer|false|false
16:24:13.0 (48377521)|HEAP_ALLOCATE|[51]|Bytes:4
16:24:13.0 (48379661)|VARIABLE_ASSIGNMENT|[51]|j|0
16:24:13.0 (48381042)|STATEMENT_EXECUTE|[51]
16:24:13.0 (48382277)|STATEMENT_EXECUTE|[52]
16:24:13.0 (48383281)|STATEMENT_EXECUTE|[53]
16:24:13.0 (48388798)|HEAP_ALLOCATE|[53]|Bytes:2
16:24:13.0 (48396265)|HEAP_ALLOCATE|[53]|Bytes:1
16:24:13.0 (48400981)|HEAP_ALLOCATE|[53]|Bytes:5
16:24:13.0 (48405628)|HEAP_ALLOCATE|[53]|Bytes:2
16:24:13.0 (48412705)|HEAP_ALLOCATE|[53]|Bytes:1
16:24:13.0 (48417358)|HEAP_ALLOCATE|[53]|Bytes:5
16:24:13.0 (48421435)|HEAP_ALLOCATE|[EXTERNAL]|Bytes:4
16:24:13.0 (48425124)|HEAP_ALLOCATE|[51]|Bytes:4
16:24:13.0 (48427761)|VARIABLE_ASSIGNMENT|[51]|j|30
16:24:13.0 (48429443)|STATEMENT_EXECUTE|[51]
16:24:13.0 (48430746)|STATEMENT_EXECUTE|[54]
16:24:13.0 (48431860)|STATEMENT_EXECUTE|[55]
16:24:13.0 (48437103)|HEAP_ALLOCATE|[55]|Bytes:2
16:24:13.0 (48444410)|HEAP_ALLOCATE|[55]|Bytes:2
16:24:13.0 (48449225)|HEAP_ALLOCATE|[55]|Bytes:5
16:24:13.0 (48453869)|HEAP_ALLOCATE|[55]|Bytes:2
16:24:13.0 (48460881)|HEAP_ALLOCATE|[55]|Bytes:2
16:24:13.0 (48465492)|HEAP_ALLOCATE|[55]|Bytes:5
16:24:13.0 (48469657)|HEAP_ALLOCATE|[EXTERNAL]|Bytes:4
16:24:13.0 (48472828)|HEAP_ALLOCATE|[51]|Bytes:4
16:24:13.0 (48475522)|VARIABLE_ASSIGNMENT|[51]|j|60
16:24:13.0 (48477359)|HEAP_ALLOCATE|[50]|Bytes:4
16:24:13.0 (48479790)|VARIABLE_ASSIGNMENT|[50]|i|13
16:24:13.0 (48481299)|STATEMENT_EXECUTE|[50]
16:24:13.0 (48482515)|STATEMENT_EXECUTE|[51]
16:24:13.0 (48484103)|VARIABLE_SCOPE_BEGIN|[51]|j|Integer|false|false
16:24:13.0 (48485365)|HEAP_ALLOCATE|[51]|Bytes:4
16:24:13.0 (48487472)|VARIABLE_ASSIGNMENT|[51]|j|0
16:24:13.0 (48489082)|STATEMENT_EXECUTE|[51]
16:24:13.0 (48490410)|STATEMENT_EXECUTE|[52]
16:24:13.0 (48491411)|STATEMENT_EXECUTE|[53]
16:24:13.0 (48496801)|HEAP_ALLOCATE|[53]|Bytes:2
16:24:13.0 (48504206)|HEAP_ALLOCATE|[53]|Bytes:1
16:24:13.0 (48508943)|HEAP_ALLOCATE|[53]|Bytes:5
16:24:13.0 (48513598)|HEAP_ALLOCATE|[53]|Bytes:2
16:24:13.0 (48520828)|HEAP_ALLOCATE|[53]|Bytes:1
16:24:13.0 (48525486)|HEAP_ALLOCATE|[53]|Bytes:5
16:24:13.0 (48529681)|HEAP_ALLOCATE|[EXTERNAL]|Bytes:4
16:24:13.0 (48532818)|HEAP_ALLOCATE|[51]|Bytes:4
16:24:13.0 (48535428)|VARIABLE_ASSIGNMENT|[51]|j|30
16:24:13.0 (48537042)|STATEMENT_EXECUTE|[51]
16:24:13.0 (48538338)|STATEMENT_EXECUTE|[54]
16:24:13.0 (48539287)|STATEMENT_EXECUTE|[55]
16:24:13.0 (48544596)|HEAP_ALLOCATE|[55]|Bytes:2
16:24:13.0 (48551979)|HEAP_ALLOCATE|[55]|Bytes:2
16:24:13.0 (48556727)|HEAP_ALLOCATE|[55]|Bytes:5
16:24:13.0 (48561436)|HEAP_ALLOCATE|[55]|Bytes:2
16:24:13.0 (48568481)|HEAP_ALLOCATE|[55]|Bytes:2
16:24:13.0 (48573108)|HEAP_ALLOCATE|[55]|Bytes:5
16:24:13.0 (48577530)|HEAP_ALLOCATE|[EXTERNAL]|Bytes:4
16:24:13.0 (48580547)|HEAP_ALLOCATE|[51]|Bytes:4
16:24:13.0 (48583139)|VARIABLE_ASSIGNMENT|[51]|j|60
16:24:13.0 (48585004)|HEAP_ALLOCATE|[50]|Bytes:4
16:24:13.0 (48587253)|VARIABLE_ASSIGNMENT|[50]|i|14
16:24:13.0 (48588794)|STATEMENT_EXECUTE|[50]
16:24:13.0 (48590000)|STATEMENT_EXECUTE|[51]
16:24:13.0 (48591609)|VARIABLE_SCOPE_BEGIN|[51]|j|Integer|false|false
16:24:13.0 (48592880)|HEAP_ALLOCATE|[51]|Bytes:4
16:24:13.0 (48595005)|VARIABLE_ASSIGNMENT|[51]|j|0
16:24:13.0 (48596366)|STATEMENT_EXECUTE|[51]
16:24:13.0 (48597624)|STATEMENT_EXECUTE|[52]
16:24:13.0 (48598569)|STATEMENT_EXECUTE|[53]
16:24:13.0 (48603981)|HEAP_ALLOCATE|[53]|Bytes:2
16:24:13.0 (48611394)|HEAP_ALLOCATE|[53]|Bytes:1
16:24:13.0 (48616138)|HEAP_ALLOCATE|[53]|Bytes:5
16:24:13.0 (48620852)|HEAP_ALLOCATE|[53]|Bytes:2
16:24:13.0 (48630676)|HEAP_ALLOCATE|[53]|Bytes:1
16:24:13.0 (48635602)|HEAP_ALLOCATE|[53]|Bytes:5
16:24:13.0 (48640106)|HEAP_ALLOCATE|[EXTERNAL]|Bytes:4
16:24:13.0 (48643565)|HEAP_ALLOCATE|[51]|Bytes:4
16:24:13.0 (48646305)|VARIABLE_ASSIGNMENT|[51]|j|30
16:24:13.0 (48648030)|STATEMENT_EXECUTE|[51]
16:24:13.0 (48649349)|STATEMENT_EXECUTE|[54]
16:24:13.0 (48650685)|STATEMENT_EXECUTE|[55]
16:24:13.0 (48656107)|HEAP_ALLOCATE|[55]|Bytes:2
16:24:13.0 (48663501)|HEAP_ALLOCATE|[55]|Bytes:2
16:24:13.0 (48668341)|HEAP_ALLOCATE|[55]|Bytes:5
16:24:13.0 (48673001)|HEAP_ALLOCATE|[55]|Bytes:2
16:24:13.0 (48680099)|HEAP_ALLOCATE|[55]|Bytes:2
16:24:13.0 (48684766)|HEAP_ALLOCATE|[55]|Bytes:5
16:24:13.0 (48688978)|HEAP_ALLOCATE|[EXTERNAL]|Bytes:4
16:24:13.0 (48692147)|HEAP_ALLOCATE|[51]|Bytes:4
16:24:13.0 (48694681)|VARIABLE_ASSIGNMENT|[51]|j|60
16:24:13.0 (48696522)|HEAP_ALLOCATE|[50]|Bytes:4
16:24:13.0 (48698663)|VARIABLE_ASSIGNMENT|[50]|i|15
16:24:13.0 (48700194)|STATEMENT_EXECUTE|[50]
16:24:13.0 (48701419)|STATEMENT_EXECUTE|[51]
16:24:13.0 (48703036)|VARIABLE_SCOPE_BEGIN|[51]|j|Integer|false|false
16:24:13.0 (48704299)|HEAP_ALLOCATE|[51]|Bytes:4
16:24:13.0 (48706414)|VARIABLE_ASSIGNMENT|[51]|j|0
16:24:13.0 (48707895)|STATEMENT_EXECUTE|[51]
16:24:13.0 (48709145)|STATEMENT_EXECUTE|[52]
16:24:13.0 (48710087)|STATEMENT_EXECUTE|[53]
16:24:13.0 (48715586)|HEAP_ALLOCATE|[53]|Bytes:2
16:24:13.0 (48723082)|HEAP_ALLOCATE|[53]|Bytes:1
16:24:13.0 (48727915)|HEAP_ALLOCATE|[53]|Bytes:5
16:24:13.0 (48732592)|HEAP_ALLOCATE|[53]|Bytes:2
16:24:13.0 (48739848)|HEAP_ALLOCATE|[53]|Bytes:1
16:24:13.0 (48744680)|HEAP_ALLOCATE|[53]|Bytes:5
16:24:13.0 (48748893)|HEAP_ALLOCATE|[EXTERNAL]|Bytes:4
16:24:13.0 (48751952)|HEAP_ALLOCATE|[51]|Bytes:4
16:24:13.0 (48754610)|VARIABLE_ASSIGNMENT|[51]|j|30
16:24:13.0 (48756363)|STATEMENT_EXECUTE|[51]
16:24:13.0 (48760647)|STATEMENT_EXECUTE|[54]
16:24:13.0 (48761638)|STATEMENT_EXECUTE|[55]
16:24:13.0 (48767689)|HEAP_ALLOCATE|[55]|Bytes:2
16:24:13.0 (48775389)|HEAP_ALLOCATE|[55]|Bytes:2
16:24:13.0 (48780202)|HEAP_ALLOCATE|[55]|Bytes:5
16:24:13.0 (48784871)|HEAP_ALLOCATE|[55]|Bytes:2
16:24:13.0 (48792018)|HEAP_ALLOCATE|[55]|Bytes:2
16:24:13.0 (48796760)|HEAP_ALLOCATE|[55]|Bytes:5
16:24:13.0 (48801174)|HEAP_ALLOCATE|[EXTERNAL]|Bytes:4
16:24:13.0 (48804325)|HEAP_ALLOCATE|[51]|Bytes:4
16:24:13.0 (48806961)|VARIABLE_ASSIGNMENT|[51]|j|60
16:24:13.0 (48808855)|HEAP_ALLOCATE|[50]|Bytes:4
16:24:13.0 (48811060)|VARIABLE_ASSIGNMENT|[50]|i|16
16:24:13.0 (48812578)|STATEMENT_EXECUTE|[50]
16:24:13.0 (48813837)|STATEMENT_EXECUTE|[51]
16:24:13.0 (48815495)|VARIABLE_SCOPE_BEGIN|[51]|j|Integer|false|false
16:24:13.0 (48816837)|HEAP_ALLOCATE|[51]|Bytes:4
16:24:13.0 (48818966)|VARIABLE_ASSIGNMENT|[51]|j|0
16:24:13.0 (48820350)|STATEMENT_EXECUTE|[51]
16:24:13.0 (48821567)|STATEMENT_EXECUTE|[52]
16:24:13.0 (48822526)|STATEMENT_EXECUTE|[53]
16:24:13.0 (48828165)|HEAP_ALLOCATE|[53]|Bytes:2
16:24:13.0 (48835667)|HEAP_ALLOCATE|[53]|Bytes:1
16:24:13.0 (48840445)|HEAP_ALLOCATE|[53]|Bytes:5
16:24:13.0 (48845116)|HEAP_ALLOCATE|[53]|Bytes:2
16:24:13.0 (48852298)|HEAP_ALLOCATE|[53]|Bytes:1
16:24:13.0 (48856923)|HEAP_ALLOCATE|[53]|Bytes:5
16:24:13.0 (48861010)|HEAP_ALLOCATE|[EXTERNAL]|Bytes:4
16:24:13.0 (48864144)|HEAP_ALLOCATE|[51]|Bytes:4
16:24:13.0 (48866882)|VARIABLE_ASSIGNMENT|[51]|j|30
16:24:13.0 (48868516)|STATEMENT_EXECUTE|[51]
16:24:13.0 (48869828)|STATEMENT_EXECUTE|[54]
16:24:13.0 (48870825)|STATEMENT_EXECUTE|[55]
16:24:13.0 (48876197)|HEAP_ALLOCATE|[55]|Bytes:2
16:24:13.0 (48883604)|HEAP_ALLOCATE|[55]|Bytes:2
16:24:13.0 (48888447)|HEAP_ALLOCATE|[55]|Bytes:5
16:24:13.0 (48893207)|HEAP_ALLOCATE|[55]|Bytes:2
16:24:13.0 (48900346)|HEAP_ALLOCATE|[55]|Bytes:2
16:24:13.0 (48905109)|HEAP_ALLOCATE|[55]|Bytes:5
16:24:13.0 (48909305)|HEAP_ALLOCATE|[EXTERNAL]|Bytes:4
16:24:13.0 (48912451)|HEAP_ALLOCATE|[51]|Bytes:4
16:24:13.0 (48914991)|VARIABLE_ASSIGNMENT|[51]|j|60
16:24:13.0 (48916876)|HEAP_ALLOCATE|[50]|Bytes:4
16:24:13.0 (48919066)|VARIABLE_ASSIGNMENT|[50]|i|17
16:24:13.0 (48920527)|STATEMENT_EXECUTE|[50]
16:24:13.0 (48921689)|STATEMENT_EXECUTE|[51]
16:24:13.0 (48923323)|VARIABLE_SCOPE_BEGIN|[51]|j|Integer|false|false
16:24:13.0 (48924693)|HEAP_ALLOCATE|[51]|Bytes:4
16:24:13.0 (48926795)|VARIABLE_ASSIGNMENT|[51]|j|0
16:24:13.0 (48928325)|STATEMENT_EXECUTE|[51]
16:24:13.0 (48929581)|STATEMENT_EXECUTE|[52]
16:24:13.0 (48930552)|STATEMENT_EXECUTE|[53]
16:24:13.0 (48936041)|HEAP_ALLOCATE|[53]|Bytes:2
16:24:13.0 (48943563)|HEAP_ALLOCATE|[53]|Bytes:1
16:24:13.0 (48948376)|HEAP_ALLOCATE|[53]|Bytes:5
16:24:13.0 (48953115)|HEAP_ALLOCATE|[53]|Bytes:2
16:24:13.0 (48960402)|HEAP_ALLOCATE|[53]|Bytes:1
16:24:13.0 (48965042)|HEAP_ALLOCATE|[53]|Bytes:5
16:24:13.0 (48969057)|HEAP_ALLOCATE|[EXTERNAL]|Bytes:4
16:24:13.0 (48972096)|HEAP_ALLOCATE|[51]|Bytes:4
16:24:13.0 (48974714)|VARIABLE_ASSIGNMENT|[51]|j|30
16:24:13.0 (48976505)|STATEMENT_EXECUTE|[51]
16:24:13.0 (48977858)|STATEMENT_EXECUTE|[54]
16:24:13.0 (48978810)|STATEMENT_EXECUTE|[55]
16:24:13.0 (48984036)|HEAP_ALLOCATE|[55]|Bytes:2
16:24:13.0 (48991430)|HEAP_ALLOCATE|[55]|Bytes:2
16:24:13.0 (48996215)|HEAP_ALLOCATE|[55]|Bytes:5
16:24:13.0 (49000969)|HEAP_ALLOCATE|[55]|Bytes:2
16:24:13.0 (49008553)|HEAP_ALLOCATE|[55]|Bytes:2
16:24:13.0 (49013218)|HEAP_ALLOCATE|[55]|Bytes:5
16:24:13.0 (49017484)|HEAP_ALLOCATE|[EXTERNAL]|Bytes:4
16:24:13.0 (49020601)|HEAP_ALLOCATE|[51]|Bytes:4
16:24:13.0 (49023217)|VARIABLE_ASSIGNMENT|[51]|j|60
16:24:13.0 (49025065)|HEAP_ALLOCATE|[50]|Bytes:4
16:24:13.0 (49027219)|VARIABLE_ASSIGNMENT|[50]|i|18
16:24:13.0 (49028781)|STATEMENT_EXECUTE|[50]
16:24:13.0 (49029963)|STATEMENT_EXECUTE|[51]
16:24:13.0 (49031576)|VARIABLE_SCOPE_BEGIN|[51]|j|Integer|false|false
16:24:13.0 (49032840)|HEAP_ALLOCATE|[51]|Bytes:4
16:24:13.0 (49034944)|VARIABLE_ASSIGNMENT|[51]|j|0
16:24:13.0 (49036300)|STATEMENT_EXECUTE|[51]
16:24:13.0 (49037499)|STATEMENT_EXECUTE|[52]
16:24:13.0 (49038458)|STATEMENT_EXECUTE|[53]
16:24:13.0 (49043966)|HEAP_ALLOCATE|[53]|Bytes:2
16:24:13.0 (49051547)|HEAP_ALLOCATE|[53]|Bytes:1
16:24:13.0 (49056422)|HEAP_ALLOCATE|[53]|Bytes:5
16:24:13.0 (49061165)|HEAP_ALLOCATE|[53]|Bytes:2
16:24:13.0 (49068291)|HEAP_ALLOCATE|[53]|Bytes:1
16:24:13.0 (49072885)|HEAP_ALLOCATE|[53]|Bytes:5
16:24:13.0 (49076978)|HEAP_ALLOCATE|[EXTERNAL]|Bytes:4
16:24:13.0 (49080002)|HEAP_ALLOCATE|[51]|Bytes:4
16:24:13.0 (49082950)|VARIABLE_ASSIGNMENT|[51]|j|30
16:24:13.0 (49084713)|STATEMENT_EXECUTE|[51]
16:24:13.0 (49086012)|STATEMENT_EXECUTE|[54]
16:24:13.0 (49086971)|STATEMENT_EXECUTE|[55]
16:24:13.0 (49092406)|HEAP_ALLOCATE|[55]|Bytes:2
16:24:13.0 (49099816)|HEAP_ALLOCATE|[55]|Bytes:2
16:24:13.0 (49104674)|HEAP_ALLOCATE|[55]|Bytes:5
16:24:13.0 (49109421)|HEAP_ALLOCATE|[55]|Bytes:2
16:24:13.0 (49116553)|HEAP_ALLOCATE|[55]|Bytes:2
16:24:13.0 (49121236)|HEAP_ALLOCATE|[55]|Bytes:5
16:24:13.0 (49125458)|HEAP_ALLOCATE|[EXTERNAL]|Bytes:4
16:24:13.0 (49128469)|HEAP_ALLOCATE|[51]|Bytes:4
16:24:13.0 (49131053)|VARIABLE_ASSIGNMENT|[51]|j|60
16:24:13.0 (49132917)|HEAP_ALLOCATE|[50]|Bytes:4
16:24:13.0 (49135109)|VARIABLE_ASSIGNMENT|[50]|i|19
16:24:13.0 (49136681)|STATEMENT_EXECUTE|[50]
16:24:13.0 (49137860)|STATEMENT_EXECUTE|[51]
16:24:13.0 (49139490)|VARIABLE_SCOPE_BEGIN|[51]|j|Integer|false|false
16:24:13.0 (49140772)|HEAP_ALLOCATE|[51]|Bytes:4
16:24:13.0 (49142875)|VARIABLE_ASSIGNMENT|[51]|j|0
16:24:13.0 (49144488)|STATEMENT_EXECUTE|[51]
16:24:13.0 (49145825)|STATEMENT_EXECUTE|[52]
16:24:13.0 (49146793)|STATEMENT_EXECUTE|[53]
16:24:13.0 (49152344)|HEAP_ALLOCATE|[53]|Bytes:2
16:24:13.0 (49159880)|HEAP_ALLOCATE|[53]|Bytes:1
16:24:13.0 (49164865)|HEAP_ALLOCATE|[53]|Bytes:5
16:24:13.0 (49169539)|HEAP_ALLOCATE|[53]|Bytes:2
16:24:13.0 (49176660)|HEAP_ALLOCATE|[53]|Bytes:1
16:24:13.0 (49181282)|HEAP_ALLOCATE|[53]|Bytes:5
16:24:13.0 (49185344)|HEAP_ALLOCATE|[EXTERNAL]|Bytes:4
16:24:13.0 (49188487)|HEAP_ALLOCATE|[51]|Bytes:4
16:24:13.0 (49191111)|VARIABLE_ASSIGNMENT|[51]|j|30
16:24:13.0 (49192799)|STATEMENT_EXECUTE|[51]
16:24:13.0 (49194080)|STATEMENT_EXECUTE|[54]
16:24:13.0 (49195096)|STATEMENT_EXECUTE|[55]
16:24:13.0 (49200434)|HEAP_ALLOCATE|[55]|Bytes:2
16:24:13.0 (49207977)|HEAP_ALLOCATE|[55]|Bytes:2
16:24:13.0 (49212815)|HEAP_ALLOCATE|[55]|Bytes:5
16:24:13.0 (49217663)|HEAP_ALLOCATE|[55]|Bytes:2
16:24:13.0 (49224735)|HEAP_ALLOCATE|[55]|Bytes:2
16:24:13.0 (49229438)|HEAP_ALLOCATE|[55]|Bytes:5
16:24:13.0 (49233604)|HEAP_ALLOCATE|[EXTERNAL]|Bytes:4
16:24:13.0 (49237116)|HEAP_ALLOCATE|[51]|Bytes:4
16:24:13.0 (49239735)|VARIABLE_ASSIGNMENT|[51]|j|60
16:24:13.0 (49241541)|HEAP_ALLOCATE|[50]|Bytes:4
16:24:13.0 (49243733)|VARIABLE_ASSIGNMENT|[50]|i|20
16:24:13.0 (49245275)|STATEMENT_EXECUTE|[50]
16:24:13.0 (49246455)|STATEMENT_EXECUTE|[51]
16:24:13.0 (49248087)|VARIABLE_SCOPE_BEGIN|[51]|j|Integer|false|false
16:24:13.0 (49249397)|HEAP_ALLOCATE|[51]|Bytes:4
16:24:13.0 (49251519)|VARIABLE_ASSIGNMENT|[51]|j|0
16:24:13.0 (49252911)|STATEMENT_EXECUTE|[51]
16:24:13.0 (49254121)|STATEMENT_EXECUTE|[52]
16:24:13.0 (49255087)|STATEMENT_EXECUTE|[53]
16:24:13.0 (49260663)|HEAP_ALLOCATE|[53]|Bytes:2
16:24:13.0 (49268358)|HEAP_ALLOCATE|[53]|Bytes:1
16:24:13.0 (49273199)|HEAP_ALLOCATE|[53]|Bytes:5
16:24:13.0 (49277954)|HEAP_ALLOCATE|[53]|Bytes:2
16:24:13.0 (49285067)|HEAP_ALLOCATE|[53]|Bytes:1
16:24:13.0 (49289857)|HEAP_ALLOCATE|[53]|Bytes:5
16:24:13.0 (49293912)|HEAP_ALLOCATE|[EXTERNAL]|Bytes:4
16:24:13.0 (49296954)|HEAP_ALLOCATE|[51]|Bytes:4
16:24:13.0 (49300161)|VARIABLE_ASSIGNMENT|[51]|j|30
16:24:13.0 (49301943)|STATEMENT_EXECUTE|[51]
16:24:13.0 (49303250)|STATEMENT_EXECUTE|[54]
16:24:13.0 (49304222)|STATEMENT_EXECUTE|[55]
16:24:13.0 (49309705)|HEAP_ALLOCATE|[55]|Bytes:2
16:24:13.0 (49317186)|HEAP_ALLOCATE|[55]|Bytes:2
16:24:13.0 (49322070)|HEAP_ALLOCATE|[55]|Bytes:5
16:24:13.0 (49326906)|HEAP_ALLOCATE|[55]|Bytes:2
16:24:13.0 (49333928)|HEAP_ALLOCATE|[55]|Bytes:2
16:24:13.0 (49338654)|HEAP_ALLOCATE|[55]|Bytes:5
16:24:13.0 (49342807)|HEAP_ALLOCATE|[EXTERNAL]|Bytes:4
16:24:13.0 (49345883)|HEAP_ALLOCATE|[51]|Bytes:4
16:24:13.0 (49348480)|VARIABLE_ASSIGNMENT|[51]|j|60
16:24:13.0 (49350244)|HEAP_ALLOCATE|[50]|Bytes:4
16:24:13.0 (49352409)|VARIABLE_ASSIGNMENT|[50]|i|21
16:24:13.0 (49353879)|STATEMENT_EXECUTE|[50]
16:24:13.0 (49355079)|STATEMENT_EXECUTE|[51]
16:24:13.0 (49356667)|VARIABLE_SCOPE_BEGIN|[51]|j|Integer|false|false
16:24:13.0 (49357909)|HEAP_ALLOCATE|[51]|Bytes:4
16:24:13.0 (49360058)|VARIABLE_ASSIGNMENT|[51]|j|0
16:24:13.0 (49361389)|STATEMENT_EXECUTE|[51]
16:24:13.0 (49362732)|STATEMENT_EXECUTE|[52]
16:24:13.0 (49363889)|STATEMENT_EXECUTE|[53]
16:24:13.0 (49369419)|HEAP_ALLOCATE|[53]|Bytes:2
16:24:13.0 (49377150)|HEAP_ALLOCATE|[53]|Bytes:1
16:24:13.0 (49381909)|HEAP_ALLOCATE|[53]|Bytes:5
16:24:13.0 (49386587)|HEAP_ALLOCATE|[53]|Bytes:2
16:24:13.0 (49393706)|HEAP_ALLOCATE|[53]|Bytes:1
16:24:13.0 (49398368)|HEAP_ALLOCATE|[53]|Bytes:5
16:24:13.0 (49402699)|HEAP_ALLOCATE|[EXTERNAL]|Bytes:4
16:24:13.0 (49405769)|HEAP_ALLOCATE|[51]|Bytes:4
16:24:13.0 (49408420)|VARIABLE_ASSIGNMENT|[51]|j|30
16:24:13.0 (49410142)|STATEMENT_EXECUTE|[51]
16:24:13.0 (49411469)|STATEMENT_EXECUTE|[54]
16:24:13.0 (49412405)|STATEMENT_EXECUTE|[55]
16:24:13.0 (49417620)|HEAP_ALLOCATE|[55]|Bytes:2
16:24:13.0 (49425270)|HEAP_ALLOCATE|[55]|Bytes:2
16:24:13.0 (49430104)|HEAP_ALLOCATE|[55]|Bytes:5
16:24:13.0 (49434790)|HEAP_ALLOCATE|[55]|Bytes:2
16:24:13.0 (49441944)|HEAP_ALLOCATE|[55]|Bytes:2
16:24:13.0 (49446630)|HEAP_ALLOCATE|[55]|Bytes:5
16:24:13.0 (49450668)|HEAP_ALLOCATE|[EXTERNAL]|Bytes:4
16:24:13.0 (49454013)|HEAP_ALLOCATE|[51]|Bytes:4
16:24:13.0 (49456530)|VARIABLE_ASSIGNMENT|[51]|j|60
16:24:13.0 (49458502)|HEAP_ALLOCATE|[50]|Bytes:4
16:24:13.0 (49460739)|VARIABLE_ASSIGNMENT|[50]|i|22
16:24:13.0 (49462307)|STATEMENT_EXECUTE|[50]
16:24:13.0 (49463518)|STATEMENT_EXECUTE|[51]
16:24:13.0 (49465115)|VARIABLE_SCOPE_BEGIN|[51]|j|Integer|false|false
16:24:13.0 (49466469)|HEAP_ALLOCATE|[51]|Bytes:4
16:24:13.0 (49468631)|VARIABLE_ASSIGNMENT|[51]|j|0
16:24:13.0 (49470022)|STATEMENT_EXECUTE|[51]
16:24:13.0 (49471234)|STATEMENT_EXECUTE|[52]
16:24:13.0 (49472282)|STATEMENT_EXECUTE|[53]
16:24:13.0 (49477846)|HEAP_ALLOCATE|[53]|Bytes:2
16:24:13.0 (49485413)|HEAP_ALLOCATE|[53]|Bytes:1
16:24:13.0 (49490329)|HEAP_ALLOCATE|[53]|Bytes:5
16:24:13.0 (49495003)|HEAP_ALLOCATE|[53]|Bytes:2
16:24:13.0 (49502131)|HEAP_ALLOCATE|[53]|Bytes:1
16:24:13.0 (49506833)|HEAP_ALLOCATE|[53]|Bytes:5
16:24:13.0 (49510907)|HEAP_ALLOCATE|[EXTERNAL]|Bytes:4
16:24:13.0 (49513992)|HEAP_ALLOCATE|[51]|Bytes:4
16:24:13.0 (49517039)|VARIABLE_ASSIGNMENT|[51]|j|30
16:24:13.0 (49518782)|STATEMENT_EXECUTE|[51]
16:24:13.0 (49520095)|STATEMENT_EXECUTE|[54]
16:24:13.0 (49521062)|STATEMENT_EXECUTE|[55]
16:24:13.0 (49526379)|HEAP_ALLOCATE|[55]|Bytes:2
16:24:13.0 (49533769)|HEAP_ALLOCATE|[55]|Bytes:2
16:24:13.0 (49538630)|HEAP_ALLOCATE|[55]|Bytes:5
16:24:13.0 (49543338)|HEAP_ALLOCATE|[55]|Bytes:2
16:24:13.0 (49550472)|HEAP_ALLOCATE|[55]|Bytes:2
16:24:13.0 (49555169)|HEAP_ALLOCATE|[55]|Bytes:5
16:24:13.0 (49559293)|HEAP_ALLOCATE|[EXTERNAL]|Bytes:4
16:24:13.0 (49562266)|HEAP_ALLOCATE|[51]|Bytes:4
16:24:13.0 (49565036)|VARIABLE_ASSIGNMENT|[51]|j|60
16:24:13.0 (49566867)|HEAP_ALLOCATE|[50]|Bytes:4
16:24:13.0 (49569036)|VARIABLE_ASSIGNMENT|[50]|i|23
16:24:13.0 (49570542)|STATEMENT_EXECUTE|[50]
16:24:13.0 (49571713)|STATEMENT_EXECUTE|[51]
16:24:13.0 (49573304)|VARIABLE_SCOPE_BEGIN|[51]|j|Integer|false|false
16:24:13.0 (49574551)|HEAP_ALLOCATE|[51]|Bytes:4
16:24:13.0 (49576680)|VARIABLE_ASSIGNMENT|[51]|j|0
16:24:13.0 (49578042)|STATEMENT_EXECUTE|[51]
16:24:13.0 (49579390)|STATEMENT_EXECUTE|[52]
16:24:13.0 (49580382)|STATEMENT_EXECUTE|[53]
16:24:13.0 (49585893)|HEAP_ALLOCATE|[53]|Bytes:2
16:24:13.0 (49593626)|HEAP_ALLOCATE|[53]|Bytes:1
16:24:13.0 (49598490)|HEAP_ALLOCATE|[53]|Bytes:5
16:24:13.0 (49603144)|HEAP_ALLOCATE|[53]|Bytes:2
16:24:13.0 (49610213)|HEAP_ALLOCATE|[53]|Bytes:1
16:24:13.0 (49614871)|HEAP_ALLOCATE|[53]|Bytes:5
16:24:13.0 (49618897)|HEAP_ALLOCATE|[EXTERNAL]|Bytes:4
16:24:13.0 (49622052)|HEAP_ALLOCATE|[51]|Bytes:4
16:24:13.0 (49624671)|VARIABLE_ASSIGNMENT|[51]|j|30
16:24:13.0 (49626584)|STATEMENT_EXECUTE|[51]
16:24:13.0 (49630518)|STATEMENT_EXECUTE|[54]
16:24:13.0 (49631508)|STATEMENT_EXECUTE|[55]
16:24:13.0 (49637243)|HEAP_ALLOCATE|[55]|Bytes:2
16:24:13.0 (49644863)|HEAP_ALLOCATE|[55]|Bytes:2
16:24:13.0 (49649911)|HEAP_ALLOCATE|[55]|Bytes:5
16:24:13.0 (49654607)|HEAP_ALLOCATE|[55]|Bytes:2
16:24:13.0 (49661655)|HEAP_ALLOCATE|[55]|Bytes:2
16:24:13.0 (49666330)|HEAP_ALLOCATE|[55]|Bytes:5
16:24:13.0 (49670536)|HEAP_ALLOCATE|[EXTERNAL]|Bytes:4
16:24:13.0 (49673849)|HEAP_ALLOCATE|[51]|Bytes:4
16:24:13.0 (49676514)|VARIABLE_ASSIGNMENT|[51]|j|60
16:24:13.0 (49678395)|HEAP_ALLOCATE|[50]|Bytes:4
16:24:13.0 (49680676)|VARIABLE_ASSIGNMENT|[50]|i|24
16:24:13.0 (49682522)|STATEMENT_EXECUTE|[59]
16:24:13.0 (49772605)|SYSTEM_MODE_ENTER|true
16:24:13.0 (49796082)|HEAP_ALLOCATE|[EXTERNAL]|Bytes:80
16:24:13.0 (49842095)|VARIABLE_ASSIGNMENT|[EXTERNAL]|this|{"delToHub":false,"delToProj":true,"detail":"0x6ed2336a","invoked":false,"rejected":false,"reserved":false,"selectedTime4":"8:00","sublocations1":"0x1159ea1a","www":"0x4bb2793f","wwwById":"0x41ea78e9"}|0x2c2c06e6
16:24:13.0 (49848978)|STATEMENT_EXECUTE|[86]
16:24:13.0 (49852880)|STATEMENT_EXECUTE|[87]
16:24:13.0 (49854123)|STATEMENT_EXECUTE|[91]
16:24:13.52 (52369945)|SYSTEM_MODE_ENTER|true
16:24:13.52 (52412138)|HEAP_ALLOCATE|[EXTERNAL]|Bytes:8
16:24:13.52 (52417646)|VARIABLE_SCOPE_BEGIN|[88]|this|ApexPage.PageMessagesComponentController|true|false
16:24:13.52 (52434704)|VARIABLE_ASSIGNMENT|[88]|this|{}|0x78958f35
16:24:13.52 (52437506)|VARIABLE_SCOPE_BEGIN|[88]|escape|Boolean|false|false
16:24:13.52 (52440846)|VARIABLE_ASSIGNMENT|[88]|escape|null
16:24:13.0 (53028913)|SYSTEM_MODE_ENTER|true
16:24:13.0 (53049805)|HEAP_ALLOCATE|[EXTERNAL]|Bytes:4
16:24:13.0 (53053691)|HEAP_ALLOCATE|[EXTERNAL]|Bytes:80
16:24:13.0 (53063142)|VARIABLE_ASSIGNMENT|[EXTERNAL]|this.selectedTime4|"8:00"|0x2c2c06e6
16:24:13.0 (53096506)|SYSTEM_MODE_ENTER|true
16:24:13.0 (53115779)|HEAP_ALLOCATE|[EXTERNAL]|Bytes:80
16:24:13.0 (53160823)|VARIABLE_ASSIGNMENT|[EXTERNAL]|this|{"delToHub":false,"delToProj":true,"detail":"0x6ed2336a","invoked":false,"rejected":false,"reserved":false,"selectedTime4":"8:00","sublocations1":"0x1159ea1a","www":"0x4bb2793f","wwwById":"0x41ea78e9"}|0x2c2c06e6
16:24:13.0 (53167227)|STATEMENT_EXECUTE|[3]
16:24:13.0 (53170044)|STATEMENT_EXECUTE|[4]
16:24:13.0 (53171256)|STATEMENT_EXECUTE|[9]
16:24:13.0 (53481529)|SYSTEM_MODE_ENTER|true
16:24:13.0 (53505113)|HEAP_ALLOCATE|[EXTERNAL]|Bytes:80
16:24:13.0 (53548268)|VARIABLE_ASSIGNMENT|[EXTERNAL]|this|{"delToHub":false,"delToProj":true,"detail":"0x6ed2336a","invoked":false,"rejected":false,"reserved":false,"selectedTime4":"8:00","sublocations1":"0x1159ea1a","www":"0x4bb2793f","wwwById":"0x41ea78e9"}|0x2c2c06e6
16:24:13.0 (53554601)|STATEMENT_EXECUTE|[212]
16:24:13.0 (53557423)|STATEMENT_EXECUTE|[213]
16:24:13.0 (53558599)|STATEMENT_EXECUTE|[216]
16:24:13.0 (53597465)|SYSTEM_MODE_ENTER|true
16:24:13.0 (53613402)|HEAP_ALLOCATE|[EXTERNAL]|Bytes:80
16:24:13.0 (53655982)|VARIABLE_ASSIGNMENT|[EXTERNAL]|this|{"delToHub":false,"delToProj":true,"detail":"0x6ed2336a","invoked":false,"rejected":false,"reserved":false,"selectedTime4":"8:00","sublocations1":"0x1159ea1a","www":"0x4bb2793f","wwwById":"0x41ea78e9"}|0x2c2c06e6
16:24:13.0 (53661722)|STATEMENT_EXECUTE|[21]
16:24:13.0 (53663896)|STATEMENT_EXECUTE|[22]
16:24:13.0 (53664884)|STATEMENT_EXECUTE|[26]
16:24:13.0 (54267862)|HEAP_ALLOCATE|[EXTERNAL]|Bytes:80
16:24:13.0 (54275330)|VARIABLE_SCOPE_BEGIN|[257]|this|NewDeliveredExtension|true|false
16:24:13.0 (54318678)|VARIABLE_ASSIGNMENT|[257]|this|{"delToHub":false,"delToProj":true,"detail":"0x6ed2336a","invoked":false,"rejected":false,"reserved":false,"selectedTime4":"8:00","sublocations1":"0x1159ea1a","www":"0x4bb2793f","wwwById":"0x41ea78e9"}|0x2c2c06e6
16:24:13.0 (54325879)|STATEMENT_EXECUTE|[257]
16:24:13.0 (54327361)|STATEMENT_EXECUTE|[258]
16:24:13.0 (54331762)|HEAP_ALLOCATE|[258]|Bytes:4
16:24:13.0 (54389394)|VARIABLE_ASSIGNMENT|[EXTERNAL]|this|{"delToHub":false,"delToProj":true,"detail":"0x6ed2336a","invoked":false,"rejected":false,"reserved":false,"selectedTime4":"8:00","sublocations1":"0x1159ea1a","www":"0x4bb2793f","wwwById":"0x41ea78e9"}|0x2c2c06e6
16:24:13.0 (54399053)|HEAP_ALLOCATE|[EXTERNAL]|Bytes:4
16:24:13.0 (54403865)|VARIABLE_ASSIGNMENT|[EXTERNAL]|value|[]|0x567f6a86
16:24:13.0 (54411237)|VARIABLE_ASSIGNMENT|[185]|this.sublocations1|[]|0x2c2c06e6
16:24:13.0 (54417647)|STATEMENT_EXECUTE|[260]
16:24:13.0 (54420914)|HEAP_ALLOCATE|[260]|Bytes:18
16:24:13.0 (54468142)|VARIABLE_ASSIGNMENT|[EXTERNAL]|this|{"delToHub":false,"delToProj":true,"detail":"0x6ed2336a","invoked":false,"rejected":false,"reserved":false,"selectedTime4":"8:00","sublocations1":"0x567f6a86","www":"0x4bb2793f","wwwById":"0x41ea78e9"}|0x2c2c06e6
16:24:13.0 (54472565)|STATEMENT_EXECUTE|[3]
16:24:13.0 (54474754)|STATEMENT_EXECUTE|[4]
16:24:13.0 (54475774)|STATEMENT_EXECUTE|[9]
16:24:13.0 (54516860)|HEAP_ALLOCATE|[260]|Bytes:18
16:24:13.0 (54525493)|HEAP_ALLOCATE|[260]|Bytes:36
16:24:13.0 (54536705)|USER_DEBUG|[260]|DEBUG|detail.Location__ca0B0E0000009YBFUA2
16:24:13.0 (54584561)|VARIABLE_ASSIGNMENT|[EXTERNAL]|this|{"delToHub":false,"delToProj":true,"detail":"0x6ed2336a","invoked":false,"rejected":false,"reserved":false,"selectedTime4":"8:00","sublocations1":"0x567f6a86","www":"0x4bb2793f","wwwById":"0x41ea78e9"}|0x2c2c06e6
16:24:13.0 (54589042)|STATEMENT_EXECUTE|[3]
16:24:13.0 (54590874)|STATEMENT_EXECUTE|[4]
16:24:13.0 (54591938)|STATEMENT_EXECUTE|[9]
16:24:13.0 (54598791)|STATEMENT_EXECUTE|[262]
16:24:13.0 (54600339)|STATEMENT_EXECUTE|[263]
16:24:13.0 (54643214)|VARIABLE_ASSIGNMENT|[EXTERNAL]|this|{"delToHub":false,"delToProj":true,"detail":"0x6ed2336a","invoked":false,"rejected":false,"reserved":false,"selectedTime4":"8:00","sublocations1":"0x567f6a86","www":"0x4bb2793f","wwwById":"0x41ea78e9"}|0x2c2c06e6
16:24:13.0 (54646909)|STATEMENT_EXECUTE|[21]
16:24:13.0 (54648699)|STATEMENT_EXECUTE|[22]
16:24:13.0 (54649697)|STATEMENT_EXECUTE|[26]
16:24:13.0 (54662225)|HEAP_ALLOCATE|[263]|Bytes:18
16:24:13.0 (54666384)|VARIABLE_SCOPE_BEGIN|[263]|wwwId|String|false|false
16:24:13.0 (54671354)|VARIABLE_ASSIGNMENT|[263]|wwwId|"a0t0E0000004UUSQA2"
16:24:13.0 (54673187)|STATEMENT_EXECUTE|[264]
16:24:13.0 (54705874)|HEAP_ALLOCATE|[264]|Bytes:15
16:24:13.0 (54713879)|VARIABLE_ASSIGNMENT|[264]|wwwId|"a0t0E0000004UUS"
16:24:13.0 (54715967)|STATEMENT_EXECUTE|[265]
16:24:13.0 (54718398)|HEAP_ALLOCATE|[265]|Bytes:208
16:24:13.0 (54725260)|HEAP_ALLOCATE|[265]|Bytes:4
16:24:13.0 (65857376)|SOQL_EXECUTE_BEGIN|[265]|Aggregations:0|SELECT Id, Location__c, WWW_Detail__c, WWW_Detail_r_RecordType_DeveloperName__c, WWWid__c FROM SublocationDetail__c WHERE (WWW_Detail_r_RecordType_DeveloperName__c = 'Delivered_2_Hub' AND WWWid__c = :tmpVar1)
16:24:13.0 (73538233)|SOQL_EXECUTE_END|[265]|Rows:2
16:24:13.0 (73552845)|HEAP_ALLOCATE|[265]|Bytes:12
16:24:13.0 (73570050)|HEAP_ALLOCATE|[265]|Bytes:366
16:24:13.0 (73617976)|HEAP_ALLOCATE|[265]|Bytes:12
16:24:13.0 (73632614)|VARIABLE_SCOPE_BEGIN|[265]|sublocsToCheck|List<SublocationDetail__c>|true|false
16:24:13.0 (73658032)|VARIABLE_ASSIGNMENT|[265]|sublocsToCheck|[{"Id":"a080E000000EwlkQAC","Location__c":"a0B0E0000009YBKUA2","WWW_Detail__c":"a0s0E0000004KPGQA2","WWW_Detail_r_RecordT (20 more) ...":"Delivered_2_Hub","WWWid__c":"a0t0E0000004UUS"},{"Id":"a080E000000EwllQAC","Location__c":"a0B0E0000009YBUUA2","WWW_Detail__c":"a0s0E0000004KPGQA2","WWW_Detail_r_RecordT (20 more) ...":"Delivered_2_Hub","WWWid__c":"a0t0E0000004UUS"}]|0x75dc6eb6
16:24:13.0 (73662486)|STATEMENT_EXECUTE|[269]
16:24:13.0 (73665768)|HEAP_ALLOCATE|[269]|Bytes:26
16:24:13.0 (73757309)|HEAP_ALLOCATE|[269]|Bytes:392
16:24:13.0 (73771448)|HEAP_ALLOCATE|[269]|Bytes:418
16:24:13.0 (73782278)|USER_DEBUG|[269]|DEBUG|OBDEB sublocsToCheck -->> (SublocationDetail__c:{Id=a080E000000EwlkQAC, Location__c=a0B0E0000009YBKUA2, WWW_Detail__c=a0s0E0000004KPGQA2, WWW_Detail_r_RecordType_DeveloperName__c=Delivered_2_Hub, WWWid__c=a0t0E0000004UUS}, SublocationDetail__c:{Id=a080E000000EwllQAC, Location__c=a0B0E0000009YBUUA2, WWW_Detail__c=a0s0E0000004KPGQA2, WWW_Detail_r_RecordType_DeveloperName__c=Delivered_2_Hub, WWWid__c=a0t0E0000004UUS})
16:24:13.0 (73788927)|STATEMENT_EXECUTE|[270]
16:24:13.0 (73791312)|HEAP_ALLOCATE|[270]|Bytes:18
16:24:13.0 (73794760)|HEAP_ALLOCATE|[270]|Bytes:33
16:24:13.0 (73811071)|USER_DEBUG|[270]|DEBUG|OBDEB www.id -->> a0t0E0000004UUS
16:24:13.0 (73816366)|HEAP_ALLOCATE|[272]|Bytes:93
16:24:13.0 (73820938)|HEAP_ALLOCATE|[272]|Bytes:4
16:24:13.0 (73880074)|VARIABLE_ASSIGNMENT|[EXTERNAL]|this|{"delToHub":false,"delToProj":true,"detail":"0x6ed2336a","invoked":false,"rejected":false,"reserved":false,"selectedTime4":"8:00","sublocations1":"0x567f6a86","www":"0x4bb2793f","wwwById":"0x41ea78e9"}|0x2c2c06e6
16:24:13.0 (73885019)|STATEMENT_EXECUTE|[3]
16:24:13.0 (73887389)|STATEMENT_EXECUTE|[4]
16:24:13.0 (73888482)|STATEMENT_EXECUTE|[9]
16:24:13.0 (74113143)|SOQL_EXECUTE_BEGIN|[272]|Aggregations:0|SELECT Name, Id FROM Location__c 
16:24:13.0 (76712665)|SOQL_EXECUTE_END|[272]|Rows:4
16:24:13.0 (76724354)|HEAP_ALLOCATE|[EXTERNAL]|Bytes:20
16:24:13.0 (76859291)|HEAP_ALLOCATE|[272]|Bytes:49
16:24:13.0 (76865654)|HEAP_ALLOCATE|[272]|Bytes:8
16:24:13.0 (76873999)|SYSTEM_METHOD_ENTRY|[7]|QueryLocatorIterator.QueryLocatorIterator()
16:24:13.0 (76876629)|STATEMENT_EXECUTE|[7]
16:24:13.0 (76897812)|SYSTEM_METHOD_EXIT|[7]|QueryLocatorIterator
16:24:13.0 (76904753)|HEAP_ALLOCATE|[272]|Bytes:28
16:24:13.0 (76937945)|HEAP_ALLOCATE|[272]|Bytes:20
16:24:13.0 (76951328)|HEAP_ALLOCATE|[272]|Bytes:8
16:24:13.0 (76953067)|HEAP_ALLOCATE|[272]|Bytes:8
16:24:13.0 (76956374)|VARIABLE_SCOPE_BEGIN|[15]|this|Database.QueryLocatorIterator|true|false
16:24:13.0 (76974965)|VARIABLE_ASSIGNMENT|[15]|this|{}|0x56415563
16:24:13.0 (76977335)|VARIABLE_SCOPE_BEGIN|[15]|values|List<SObject>|true|false
16:24:13.0 (76993943)|VARIABLE_ASSIGNMENT|[15]|values|[{"Name":"1Q2WA","Id":"a0B0E0000009YBKUA2","RecordTypeId":"01224000000B1zdAAC"},{"Name":"1Q2WB","Id":"a0B0E0000009YBPUA2","RecordTypeId":"01224000000B1zdAAC"},{"Name":"1Q2WC","Id":"a0B0E0000009YBUUA2","RecordTypeId":"01224000000B1zdAAC"},{"Name":"1Q2WD","Id":"a0B0E0000009YBZUA2","RecordTypeId":"01224000000B1zdAAC"}]|0x66901ad1
16:24:13.0 (76998018)|VARIABLE_SCOPE_BEGIN|[15]|ql|Database.QueryLocator|true|false
16:24:13.0 (77009429)|VARIABLE_ASSIGNMENT|[15]|ql|{"query":"SELECT Name, Id FROM (73 more) ..."}|0x64e7dbc7
16:24:13.0 (77012278)|VARIABLE_SCOPE_BEGIN|[15]|totalNumRecords|Integer|false|false
16:24:13.0 (77015448)|VARIABLE_ASSIGNMENT|[15]|totalNumRecords|4
16:24:13.0 (77017228)|VARIABLE_SCOPE_BEGIN|[15]|queryMoreSize|Integer|false|false
16:24:13.0 (77019259)|VARIABLE_ASSIGNMENT|[15]|queryMoreSize|49993
16:24:13.0 (77086332)|HEAP_ALLOCATE|[272]|Bytes:28
16:24:13.0 (77101590)|METHOD_ENTRY|[272]||Database.QueryLocatorIterator.hasNext()
16:24:13.0 (77156498)|METHOD_EXIT|[272]||Database.QueryLocatorIterator.hasNext()
16:24:13.0 (77163165)|METHOD_ENTRY|[272]||Database.QueryLocatorIterator.next()
16:24:13.0 (77229141)|METHOD_EXIT|[272]||Database.QueryLocatorIterator.next()
16:24:13.0 (77235427)|VARIABLE_SCOPE_BEGIN|[272]|loc|Location__c|true|false
16:24:13.0 (77246581)|VARIABLE_ASSIGNMENT|[272]|loc|{"Name":"1Q2WA","Id":"a0B0E0000009YBKUA2","RecordTypeId":"01224000000B1zdAAC"}|0x1568d1d9
16:24:13.0 (77249580)|STATEMENT_EXECUTE|[272]
16:24:13.0 (77287150)|STATEMENT_EXECUTE|[273]
16:24:13.0 (77377149)|HEAP_ALLOCATE|[274]|Bytes:5
16:24:13.0 (77406248)|HEAP_ALLOCATE|[274]|Bytes:24
16:24:13.0 (77413005)|VARIABLE_SCOPE_BEGIN|[274]|subLoc|SublocationDetail__c|true|false
16:24:13.0 (77427053)|VARIABLE_ASSIGNMENT|[274]|subLoc|{"Id":"a080E000000EwlkQAC","Location__c":"a0B0E0000009YBKUA2","WWW_Detail__c":"a0s0E0000004KPGQA2","WWW_Detail_r_RecordT (20 more) ...":"Delivered_2_Hub","WWWid__c":"a0t0E0000004UUS"}|0x1331691c
16:24:13.0 (77430326)|STATEMENT_EXECUTE|[274]
16:24:13.0 (77503661)|STATEMENT_EXECUTE|[275]
16:24:13.0 (77505634)|STATEMENT_EXECUTE|[276]
16:24:13.0 (77560186)|VARIABLE_ASSIGNMENT|[EXTERNAL]|this|{"delToHub":false,"delToProj":true,"detail":"0x6ed2336a","invoked":false,"rejected":false,"reserved":false,"selectedTime4":"8:00","sublocations1":"0x567f6a86","www":"0x4bb2793f","wwwById":"0x41ea78e9"}|0x2c2c06e6
16:24:13.0 (77564610)|STATEMENT_EXECUTE|[186]
16:24:13.0 (77566967)|STATEMENT_EXECUTE|[187]
16:24:13.0 (77568016)|STATEMENT_EXECUTE|[190]
16:24:13.0 (77624523)|HEAP_ALLOCATE|[276]|Bytes:112
16:24:13.0 (77634069)|HEAP_ALLOCATE|[276]|Bytes:11
16:24:13.0 (77648669)|HEAP_ALLOCATE|[276]|Bytes:12
16:24:13.0 (77669696)|CONSTRUCTOR_ENTRY|[276]|01p2400000DUtXT|<init>(Boolean,Location__c)
16:24:13.0 (77681724)|VARIABLE_SCOPE_BEGIN|[545]|this|NewDeliveredExtension.SubLocation|true|false
16:24:13.0 (77701963)|VARIABLE_ASSIGNMENT|[545]|this|{}|0x4816fa3
16:24:13.0 (77706975)|VARIABLE_SCOPE_BEGIN|[545]|isChecked|Boolean|false|false
16:24:13.0 (77710513)|VARIABLE_ASSIGNMENT|[545]|isChecked|false
16:24:13.0 (77712998)|VARIABLE_SCOPE_BEGIN|[545]|sub|Location__c|true|false
16:24:13.0 (77720442)|VARIABLE_ASSIGNMENT|[545]|sub|{"Name":"1Q2WA","Id":"a0B0E0000009YBKUA2","RecordTypeId":"01224000000B1zdAAC"}|0x1568d1d9
16:24:13.0 (77723888)|STATEMENT_EXECUTE|[542]
16:24:13.0 (77725059)|STATEMENT_EXECUTE|[543]
16:24:13.0 (77726312)|STATEMENT_EXECUTE|[544]
16:24:13.0 (77737189)|STATEMENT_EXECUTE|[545]
16:24:13.0 (77738414)|STATEMENT_EXECUTE|[546]
16:24:13.0 (77784186)|VARIABLE_ASSIGNMENT|[EXTERNAL]|this|{}|0x4816fa3
16:24:13.0 (77789663)|VARIABLE_ASSIGNMENT|[EXTERNAL]|value|false
16:24:13.0 (77794189)|HEAP_ALLOCATE|[543]|Bytes:5
16:24:13.0 (77799648)|VARIABLE_ASSIGNMENT|[543]|this.isChecked|false|0x4816fa3
16:24:13.0 (77805318)|STATEMENT_EXECUTE|[547]
16:24:13.0 (77834181)|VARIABLE_ASSIGNMENT|[EXTERNAL]|this|{"isChecked":false}|0x4816fa3
16:24:13.0 (77841696)|VARIABLE_ASSIGNMENT|[EXTERNAL]|value|{"Name":"1Q2WA","Id":"a0B0E0000009YBKUA2","RecordTypeId":"01224000000B1zdAAC"}|0x1568d1d9
16:24:13.0 (77849230)|VARIABLE_ASSIGNMENT|[544]|this.sub|{"Name":"1Q2WA","Id":"a0B0E0000009YBKUA2","RecordTypeId":"01224000000B1zdAAC"}|0x4816fa3
16:24:13.0 (77857559)|CONSTRUCTOR_EXIT|[276]|01p2400000DUtXT|<init>(Boolean,Location__c)
16:24:13.0 (77866623)|HEAP_ALLOCATE|[EXTERNAL]|Bytes:4
16:24:13.0 (77877152)|HEAP_ALLOCATE|[274]|Bytes:5
16:24:13.0 (77900491)|HEAP_ALLOCATE|[274]|Bytes:24
16:24:13.0 (77906745)|VARIABLE_SCOPE_BEGIN|[274]|subLoc|SublocationDetail__c|true|false
16:24:13.0 (77918861)|VARIABLE_ASSIGNMENT|[274]|subLoc|{"Id":"a080E000000EwllQAC","Location__c":"a0B0E0000009YBUUA2","WWW_Detail__c":"a0s0E0000004KPGQA2","WWW_Detail_r_RecordT (20 more) ...":"Delivered_2_Hub","WWWid__c":"a0t0E0000004UUS"}|0x2ac14b13
16:24:13.0 (77922118)|STATEMENT_EXECUTE|[274]
16:24:13.0 (77944851)|STATEMENT_EXECUTE|[275]
16:24:13.0 (77951523)|HEAP_ALLOCATE|[274]|Bytes:5
16:24:13.0 (77958978)|VARIABLE_ASSIGNMENT|[274]|subLoc|null|
16:24:13.0 (77965094)|METHOD_ENTRY|[272]||Database.QueryLocatorIterator.hasNext()
16:24:13.0 (77982664)|METHOD_EXIT|[272]||Database.QueryLocatorIterator.hasNext()
16:24:13.0 (77986208)|METHOD_ENTRY|[272]||Database.QueryLocatorIterator.next()
16:24:13.0 (78031631)|METHOD_EXIT|[272]||Database.QueryLocatorIterator.next()
16:24:13.0 (78036718)|VARIABLE_SCOPE_BEGIN|[272]|loc|Location__c|true|false
16:24:13.0 (78045219)|VARIABLE_ASSIGNMENT|[272]|loc|{"Name":"1Q2WB","Id":"a0B0E0000009YBPUA2","RecordTypeId":"01224000000B1zdAAC"}|0x7dfd6cd6
16:24:13.0 (78047352)|STATEMENT_EXECUTE|[272]
16:24:13.0 (78055093)|STATEMENT_EXECUTE|[273]
16:24:13.0 (78065469)|HEAP_ALLOCATE|[274]|Bytes:5
16:24:13.0 (78072269)|HEAP_ALLOCATE|[274]|Bytes:24
16:24:13.0 (78075652)|VARIABLE_SCOPE_BEGIN|[274]|subLoc|SublocationDetail__c|true|false
16:24:13.0 (78084349)|VARIABLE_ASSIGNMENT|[274]|subLoc|{"Id":"a080E000000EwlkQAC","Location__c":"a0B0E0000009YBKUA2","WWW_Detail__c":"a0s0E0000004KPGQA2","WWW_Detail_r_RecordT (20 more) ...":"Delivered_2_Hub","WWWid__c":"a0t0E0000004UUS"}|0x1331691c
16:24:13.0 (78086575)|STATEMENT_EXECUTE|[274]
16:24:13.0 (78106216)|STATEMENT_EXECUTE|[275]
16:24:13.0 (78111987)|HEAP_ALLOCATE|[274]|Bytes:5
16:24:13.0 (78117494)|HEAP_ALLOCATE|[274]|Bytes:24
16:24:13.0 (78120730)|VARIABLE_SCOPE_BEGIN|[274]|subLoc|SublocationDetail__c|true|false
16:24:13.0 (78129104)|VARIABLE_ASSIGNMENT|[274]|subLoc|{"Id":"a080E000000EwllQAC","Location__c":"a0B0E0000009YBUUA2","WWW_Detail__c":"a0s0E0000004KPGQA2","WWW_Detail_r_RecordT (20 more) ...":"Delivered_2_Hub","WWWid__c":"a0t0E0000004UUS"}|0x2ac14b13
16:24:13.0 (78131446)|STATEMENT_EXECUTE|[274]
16:24:13.0 (78144538)|STATEMENT_EXECUTE|[275]
16:24:13.0 (78149188)|HEAP_ALLOCATE|[274]|Bytes:5
16:24:13.0 (78155612)|VARIABLE_ASSIGNMENT|[274]|subLoc|null|
16:24:13.0 (78159858)|METHOD_ENTRY|[272]||Database.QueryLocatorIterator.hasNext()
16:24:13.0 (78172998)|METHOD_EXIT|[272]||Database.QueryLocatorIterator.hasNext()
16:24:13.0 (78175907)|METHOD_ENTRY|[272]||Database.QueryLocatorIterator.next()
16:24:13.0 (78214500)|METHOD_EXIT|[272]||Database.QueryLocatorIterator.next()
16:24:13.0 (78218321)|VARIABLE_SCOPE_BEGIN|[272]|loc|Location__c|true|false
16:24:13.0 (78226365)|VARIABLE_ASSIGNMENT|[272]|loc|{"Name":"1Q2WC","Id":"a0B0E0000009YBUUA2","RecordTypeId":"01224000000B1zdAAC"}|0x7bd5beaa
16:24:13.0 (78228575)|STATEMENT_EXECUTE|[272]
16:24:13.0 (78235587)|STATEMENT_EXECUTE|[273]
16:24:13.0 (78244669)|HEAP_ALLOCATE|[274]|Bytes:5
16:24:13.0 (78250617)|HEAP_ALLOCATE|[274]|Bytes:24
16:24:13.0 (78253941)|VARIABLE_SCOPE_BEGIN|[274]|subLoc|SublocationDetail__c|true|false
16:24:13.0 (78261068)|VARIABLE_ASSIGNMENT|[274]|subLoc|{"Id":"a080E000000EwlkQAC","Location__c":"a0B0E0000009YBKUA2","WWW_Detail__c":"a0s0E0000004KPGQA2","WWW_Detail_r_RecordT (20 more) ...":"Delivered_2_Hub","WWWid__c":"a0t0E0000004UUS"}|0x1331691c
16:24:13.0 (78263550)|STATEMENT_EXECUTE|[274]
16:24:13.0 (78279956)|STATEMENT_EXECUTE|[275]
16:24:13.0 (78284887)|HEAP_ALLOCATE|[274]|Bytes:5
16:24:13.0 (78290387)|HEAP_ALLOCATE|[274]|Bytes:24
16:24:13.0 (78293433)|VARIABLE_SCOPE_BEGIN|[274]|subLoc|SublocationDetail__c|true|false
16:24:13.0 (78300550)|VARIABLE_ASSIGNMENT|[274]|subLoc|{"Id":"a080E000000EwllQAC","Location__c":"a0B0E0000009YBUUA2","WWW_Detail__c":"a0s0E0000004KPGQA2","WWW_Detail_r_RecordT (20 more) ...":"Delivered_2_Hub","WWWid__c":"a0t0E0000004UUS"}|0x2ac14b13
16:24:13.0 (78303086)|STATEMENT_EXECUTE|[274]
16:24:13.0 (78315520)|STATEMENT_EXECUTE|[275]
16:24:13.0 (78316770)|STATEMENT_EXECUTE|[276]
16:24:13.0 (78357922)|VARIABLE_ASSIGNMENT|[EXTERNAL]|this|{"delToHub":false,"delToProj":true,"detail":"0x6ed2336a","invoked":false,"rejected":false,"reserved":false,"selectedTime4":"8:00","sublocations1":"0x567f6a86","www":"0x4bb2793f","wwwById":"0x41ea78e9"}|0x2c2c06e6
16:24:13.0 (78361923)|STATEMENT_EXECUTE|[186]
16:24:13.0 (78363638)|STATEMENT_EXECUTE|[187]
16:24:13.0 (78364633)|STATEMENT_EXECUTE|[190]
16:24:13.0 (78370951)|HEAP_ALLOCATE|[276]|Bytes:12
16:24:13.0 (78379100)|CONSTRUCTOR_ENTRY|[276]|01p2400000DUtXT|<init>(Boolean,Location__c)
16:24:13.0 (78382050)|VARIABLE_SCOPE_BEGIN|[545]|this|NewDeliveredExtension.SubLocation|true|false
16:24:13.0 (78390638)|VARIABLE_ASSIGNMENT|[545]|this|{}|0x6e7e70fd
16:24:13.0 (78393558)|VARIABLE_SCOPE_BEGIN|[545]|isChecked|Boolean|false|false
16:24:13.0 (78396176)|VARIABLE_ASSIGNMENT|[545]|isChecked|false
16:24:13.0 (78397577)|VARIABLE_SCOPE_BEGIN|[545]|sub|Location__c|true|false
16:24:13.0 (78402776)|VARIABLE_ASSIGNMENT|[545]|sub|{"Name":"1Q2WC","Id":"a0B0E0000009YBUUA2","RecordTypeId":"01224000000B1zdAAC"}|0x7bd5beaa
16:24:13.0 (78405132)|STATEMENT_EXECUTE|[542]
16:24:13.0 (78406481)|STATEMENT_EXECUTE|[543]
16:24:13.0 (78407688)|STATEMENT_EXECUTE|[544]
16:24:13.0 (78416208)|STATEMENT_EXECUTE|[545]
16:24:13.0 (78417338)|STATEMENT_EXECUTE|[546]
16:24:13.0 (78426670)|VARIABLE_ASSIGNMENT|[EXTERNAL]|this|{}|0x6e7e70fd
16:24:13.0 (78430207)|VARIABLE_ASSIGNMENT|[EXTERNAL]|value|false
16:24:13.0 (78433127)|HEAP_ALLOCATE|[543]|Bytes:5
16:24:13.0 (78437297)|VARIABLE_ASSIGNMENT|[543]|this.isChecked|false|0x6e7e70fd
16:24:13.0 (78440992)|STATEMENT_EXECUTE|[547]
16:24:13.0 (78449792)|VARIABLE_ASSIGNMENT|[EXTERNAL]|this|{"isChecked":false}|0x6e7e70fd
16:24:13.0 (78454889)|VARIABLE_ASSIGNMENT|[EXTERNAL]|value|{"Name":"1Q2WC","Id":"a0B0E0000009YBUUA2","RecordTypeId":"01224000000B1zdAAC"}|0x7bd5beaa
16:24:13.0 (78460642)|VARIABLE_ASSIGNMENT|[544]|this.sub|{"Name":"1Q2WC","Id":"a0B0E0000009YBUUA2","RecordTypeId":"01224000000B1zdAAC"}|0x6e7e70fd
16:24:13.0 (78467734)|CONSTRUCTOR_EXIT|[276]|01p2400000DUtXT|<init>(Boolean,Location__c)
16:24:13.0 (78473361)|HEAP_ALLOCATE|[EXTERNAL]|Bytes:4
16:24:13.0 (78481081)|HEAP_ALLOCATE|[274]|Bytes:5
16:24:13.0 (78488308)|VARIABLE_ASSIGNMENT|[274]|subLoc|null|
16:24:13.0 (78492837)|METHOD_ENTRY|[272]||Database.QueryLocatorIterator.hasNext()
16:24:13.0 (78506768)|METHOD_EXIT|[272]||Database.QueryLocatorIterator.hasNext()
16:24:13.0 (78509792)|METHOD_ENTRY|[272]||Database.QueryLocatorIterator.next()
16:24:13.0 (78553287)|METHOD_EXIT|[272]||Database.QueryLocatorIterator.next()
16:24:13.0 (78557474)|VARIABLE_SCOPE_BEGIN|[272]|loc|Location__c|true|false
16:24:13.0 (78565286)|VARIABLE_ASSIGNMENT|[272]|loc|{"Name":"1Q2WD","Id":"a0B0E0000009YBZUA2","RecordTypeId":"01224000000B1zdAAC"}|0x4ec737f2
16:24:13.0 (78567493)|STATEMENT_EXECUTE|[272]
16:24:13.0 (78574720)|STATEMENT_EXECUTE|[273]
16:24:13.0 (78584488)|HEAP_ALLOCATE|[274]|Bytes:5
16:24:13.0 (78590358)|HEAP_ALLOCATE|[274]|Bytes:24
16:24:13.0 (78593315)|VARIABLE_SCOPE_BEGIN|[274]|subLoc|SublocationDetail__c|true|false
16:24:13.0 (78601542)|VARIABLE_ASSIGNMENT|[274]|subLoc|{"Id":"a080E000000EwlkQAC","Location__c":"a0B0E0000009YBKUA2","WWW_Detail__c":"a0s0E0000004KPGQA2","WWW_Detail_r_RecordT (20 more) ...":"Delivered_2_Hub","WWWid__c":"a0t0E0000004UUS"}|0x1331691c
16:24:13.0 (78603701)|STATEMENT_EXECUTE|[274]
16:24:13.0 (78622683)|STATEMENT_EXECUTE|[275]
16:24:13.0 (78632504)|HEAP_ALLOCATE|[274]|Bytes:5
16:24:13.0 (78638494)|HEAP_ALLOCATE|[274]|Bytes:24
16:24:13.0 (78641793)|VARIABLE_SCOPE_BEGIN|[274]|subLoc|SublocationDetail__c|true|false
16:24:13.0 (78650133)|VARIABLE_ASSIGNMENT|[274]|subLoc|{"Id":"a080E000000EwllQAC","Location__c":"a0B0E0000009YBUUA2","WWW_Detail__c":"a0s0E0000004KPGQA2","WWW_Detail_r_RecordT (20 more) ...":"Delivered_2_Hub","WWWid__c":"a0t0E0000004UUS"}|0x2ac14b13
16:24:13.0 (78652642)|STATEMENT_EXECUTE|[274]
16:24:13.0 (78665826)|STATEMENT_EXECUTE|[275]
16:24:13.0 (78670692)|HEAP_ALLOCATE|[274]|Bytes:5
16:24:13.0 (78676914)|VARIABLE_ASSIGNMENT|[274]|subLoc|null|
16:24:13.0 (78680804)|METHOD_ENTRY|[272]||Database.QueryLocatorIterator.hasNext()
16:24:13.0 (78689460)|METHOD_EXIT|[272]||Database.QueryLocatorIterator.hasNext()
16:24:13.0 (78693244)|VARIABLE_ASSIGNMENT|[272]|loc|null|
16:24:13.89 (89476343)|SYSTEM_MODE_ENTER|true
16:24:13.89 (89522528)|HEAP_ALLOCATE|[EXTERNAL]|Bytes:8
16:24:13.89 (89528293)|VARIABLE_SCOPE_BEGIN|[88]|this|ApexPage.PageMessagesComponentController|true|false
16:24:13.89 (89544829)|VARIABLE_ASSIGNMENT|[88]|this|{}|0x78958f35
16:24:13.89 (89546942)|VARIABLE_SCOPE_BEGIN|[88]|escape|Boolean|false|false
16:24:13.89 (89550380)|VARIABLE_ASSIGNMENT|[88]|escape|null
16:24:13.89 (89632991)|SYSTEM_MODE_ENTER|true
16:24:13.89 (89658396)|HEAP_ALLOCATE|[EXTERNAL]|Bytes:8
16:24:13.89 (89662513)|VARIABLE_SCOPE_BEGIN|[2]|this|ApexPage.PageMessagesComponentController|true|false
16:24:13.89 (89675469)|VARIABLE_ASSIGNMENT|[2]|this|{}|0x78958f35
16:24:13.0 (89941451)|SYSTEM_MODE_ENTER|true
16:24:13.0 (89962274)|HEAP_ALLOCATE|[EXTERNAL]|Bytes:80
16:24:13.0 (90009597)|VARIABLE_ASSIGNMENT|[EXTERNAL]|this|{"delToHub":false,"delToProj":true,"detail":"0x6ed2336a","invoked":false,"rejected":false,"reserved":false,"selectedTime4":"8:00","sublocations1":"0x567f6a86","www":"0x4bb2793f","wwwById":"0x41ea78e9"}|0x2c2c06e6
16:24:13.0 (90016663)|STATEMENT_EXECUTE|[196]
16:24:13.0 (90019419)|STATEMENT_EXECUTE|[197]
16:24:13.0 (90020621)|STATEMENT_EXECUTE|[200]
16:24:13.0 (90064234)|SYSTEM_MODE_ENTER|true
16:24:13.0 (90080359)|HEAP_ALLOCATE|[EXTERNAL]|Bytes:80
16:24:13.0 (90119977)|VARIABLE_ASSIGNMENT|[EXTERNAL]|this|{"delToHub":false,"delToProj":true,"detail":"0x6ed2336a","invoked":false,"rejected":false,"reserved":false,"selectedTime4":"8:00","sublocations1":"0x567f6a86","www":"0x4bb2793f","wwwById":"0x41ea78e9"}|0x2c2c06e6
16:24:13.0 (90125487)|STATEMENT_EXECUTE|[229]
16:24:13.0 (90127497)|STATEMENT_EXECUTE|[230]
16:24:13.0 (90128594)|STATEMENT_EXECUTE|[233]
16:24:13.0 (90165833)|SYSTEM_MODE_ENTER|true
16:24:13.0 (90180537)|HEAP_ALLOCATE|[EXTERNAL]|Bytes:80
16:24:13.0 (90217421)|VARIABLE_ASSIGNMENT|[EXTERNAL]|this|{"delToHub":false,"delToProj":true,"detail":"0x6ed2336a","invoked":false,"rejected":false,"reserved":false,"selectedTime4":"8:00","sublocations1":"0x567f6a86","www":"0x4bb2793f","wwwById":"0x41ea78e9"}|0x2c2c06e6
16:24:13.0 (90221677)|STATEMENT_EXECUTE|[204]
16:24:13.0 (90224025)|STATEMENT_EXECUTE|[205]
16:24:13.0 (90225019)|STATEMENT_EXECUTE|[208]
16:24:13.0 (90259674)|SYSTEM_MODE_ENTER|true
16:24:13.0 (90273893)|HEAP_ALLOCATE|[EXTERNAL]|Bytes:80
16:24:13.0 (90309411)|VARIABLE_ASSIGNMENT|[EXTERNAL]|this|{"delToHub":false,"delToProj":true,"detail":"0x6ed2336a","invoked":false,"rejected":false,"reserved":false,"selectedTime4":"8:00","sublocations1":"0x567f6a86","www":"0x4bb2793f","wwwById":"0x41ea78e9"}|0x2c2c06e6
16:24:13.0 (90314705)|STATEMENT_EXECUTE|[220]
16:24:13.0 (90316431)|STATEMENT_EXECUTE|[221]
16:24:13.0 (90317363)|STATEMENT_EXECUTE|[224]
16:24:13.0 (90369163)|SYSTEM_MODE_ENTER|true
16:24:13.0 (90384561)|HEAP_ALLOCATE|[EXTERNAL]|Bytes:80
16:24:13.0 (90420367)|VARIABLE_ASSIGNMENT|[EXTERNAL]|this|{"delToHub":false,"delToProj":true,"detail":"0x6ed2336a","invoked":false,"rejected":false,"reserved":false,"selectedTime4":"8:00","sublocations1":"0x567f6a86","www":"0x4bb2793f","wwwById":"0x41ea78e9"}|0x2c2c06e6
16:24:13.0 (90424467)|STATEMENT_EXECUTE|[3]
16:24:13.0 (90426537)|STATEMENT_EXECUTE|[4]
16:24:13.0 (90427617)|STATEMENT_EXECUTE|[9]
16:24:13.0 (92737628)|SYSTEM_MODE_ENTER|true
16:24:13.0 (92761332)|HEAP_ALLOCATE|[EXTERNAL]|Bytes:80
16:24:13.0 (92809228)|VARIABLE_ASSIGNMENT|[EXTERNAL]|this|{"delToHub":false,"delToProj":true,"detail":"0x6ed2336a","invoked":false,"rejected":false,"reserved":false,"selectedTime4":"8:00","sublocations1":"0x567f6a86","www":"0x4bb2793f","wwwById":"0x41ea78e9"}|0x2c2c06e6
16:24:13.0 (92816037)|STATEMENT_EXECUTE|[186]
16:24:13.0 (92818794)|STATEMENT_EXECUTE|[187]
16:24:13.0 (92819855)|STATEMENT_EXECUTE|[190]
16:24:13.0 (94694580)|SYSTEM_MODE_ENTER|true
16:24:13.0 (94718270)|HEAP_ALLOCATE|[EXTERNAL]|Bytes:80
16:24:13.0 (94765950)|VARIABLE_ASSIGNMENT|[EXTERNAL]|this|{"delToHub":false,"delToProj":true,"detail":"0x6ed2336a","invoked":false,"rejected":false,"reserved":false,"selectedTime4":"8:00","sublocations1":"0x567f6a86","www":"0x4bb2793f","wwwById":"0x41ea78e9"}|0x2c2c06e6
16:24:13.0 (94772657)|STATEMENT_EXECUTE|[212]
16:24:13.0 (94775398)|STATEMENT_EXECUTE|[213]
16:24:13.0 (94776588)|STATEMENT_EXECUTE|[216]
16:24:13.0 (94838919)|SYSTEM_MODE_ENTER|true
16:24:13.0 (94857349)|HEAP_ALLOCATE|[EXTERNAL]|Bytes:80
16:24:13.0 (94897322)|VARIABLE_ASSIGNMENT|[EXTERNAL]|this|{"delToHub":false,"delToProj":true,"detail":"0x6ed2336a","invoked":false,"rejected":false,"reserved":false,"selectedTime4":"8:00","sublocations1":"0x567f6a86","www":"0x4bb2793f","wwwById":"0x41ea78e9"}|0x2c2c06e6
16:24:13.0 (94902964)|STATEMENT_EXECUTE|[21]
16:24:13.0 (94905024)|STATEMENT_EXECUTE|[22]
16:24:13.0 (94905999)|STATEMENT_EXECUTE|[26]
16:24:13.0 (99027882)|VF_SERIALIZE_VIEWSTATE_BEGIN|06624000003h0Dg
16:24:13.0 (103025323)|VF_SERIALIZE_VIEWSTATE_END
16:24:13.105 (105242319)|CUMULATIVE_LIMIT_USAGE
16:24:13.105 (105242319)|LIMIT_USAGE_FOR_NS|(default)|
  Number of SOQL queries: 3 out of 100
  Number of query rows: 7 out of 50000
  Number of SOSL queries: 0 out of 20
  Number of DML statements: 0 out of 150
  Number of DML rows: 0 out of 10000
  Maximum CPU time: 0 out of 10000
  Maximum heap size: 0 out of 6000000
  Number of callouts: 0 out of 100
  Number of Email Invocations: 0 out of 10
  Number of future calls: 0 out of 50
  Number of queueable jobs added to the queue: 0 out of 50
  Number of Mobile Apex push calls: 0 out of 10

16:24:13.105 (105242319)|CUMULATIVE_LIMIT_USAGE_END

16:24:13.0 (105278751)|CODE_UNIT_FINISHED|VF: /apex/New_delivered_detail
16:24:13.0 (106064350)|EXECUTION_FINISHED
