38.0 APEX_CODE,FINEST;APEX_PROFILING,INFO;CALLOUT,INFO;DB,INFO;SYSTEM,DEBUG;VALIDATION,INFO;VISUALFORCE,INFO;WAVE,INFO;WORKFLOW,INFO
13:23:11.0 (43261)|USER_INFO|[EXTERNAL]|00524000001e3Uj|bedrijfsbureau@gsa.nl.sandbox|Midden-Europese standaardtijd|GMT+01:00
13:23:11.0 (64375)|EXECUTION_STARTED
13:23:11.0 (67698)|CODE_UNIT_STARTED|[EXTERNAL]|06624000003h0Dq|VF: /apex/ChoseRecordType
13:23:11.0 (191242)|VF_DESERIALIZE_VIEWSTATE_BEGIN|06624000003h0Dq
13:23:11.0 (5635887)|HEAP_ALLOCATE|[72]|Bytes:3
13:23:11.0 (5659851)|HEAP_ALLOCATE|[77]|Bytes:152
13:23:11.0 (5671156)|HEAP_ALLOCATE|[342]|Bytes:408
13:23:11.0 (5684210)|HEAP_ALLOCATE|[355]|Bytes:408
13:23:11.0 (5697081)|HEAP_ALLOCATE|[467]|Bytes:48
13:23:11.0 (5719041)|HEAP_ALLOCATE|[139]|Bytes:6
13:23:11.0 (7200410)|VF_DESERIALIZE_VIEWSTATE_END
13:23:11.7 (7944465)|SYSTEM_MODE_ENTER|true
13:23:11.7 (7996049)|HEAP_ALLOCATE|[EXTERNAL]|Bytes:38
13:23:11.7 (8002155)|HEAP_ALLOCATE|[EXTERNAL]|Bytes:7
13:23:11.7 (8008947)|SYSTEM_METHOD_ENTRY|[1]|PageMessagesComponentController.PageMessagesComponentController()
13:23:11.7 (8012690)|STATEMENT_EXECUTE|[1]
13:23:11.8 (8703981)|SYSTEM_MODE_ENTER|true
13:23:11.8 (8745229)|HEAP_ALLOCATE|[EXTERNAL]|Bytes:8
13:23:11.8 (8750735)|VARIABLE_SCOPE_BEGIN|[88]|this|ApexPage.PageMessagesComponentController|true|false
13:23:11.8 (8801450)|VARIABLE_ASSIGNMENT|[88]|this|{}|0x702b3375
13:23:11.8 (8804628)|VARIABLE_SCOPE_BEGIN|[88]|escape|Boolean|false|false
13:23:11.8 (8809198)|VARIABLE_ASSIGNMENT|[88]|escape|null
13:23:11.0 (9210878)|SYSTEM_MODE_ENTER|true
13:23:11.0 (9365457)|HEAP_ALLOCATE|[EXTERNAL]|Bytes:11
13:23:11.0 (9372832)|HEAP_ALLOCATE|[EXTERNAL]|Bytes:408
13:23:11.0 (9376192)|HEAP_ALLOCATE|[EXTERNAL]|Bytes:120
13:23:11.0 (9378575)|HEAP_ALLOCATE|[EXTERNAL]|Bytes:108
13:23:11.0 (9384583)|METHOD_ENTRY|[1]|01p2400000DUtXT|NewDeliveredExtension.NewDeliveredExtension()
13:23:11.0 (9387035)|STATEMENT_EXECUTE|[1]
13:23:11.0 (9390390)|STATEMENT_EXECUTE|[1]
13:23:11.0 (9391730)|STATEMENT_EXECUTE|[527]
13:23:11.0 (9395216)|METHOD_EXIT|[1]|NewDeliveredExtension
13:23:11.0 (9398600)|HEAP_ALLOCATE|[EXTERNAL]|Bytes:80
13:23:11.0 (9402257)|VARIABLE_SCOPE_BEGIN|[109]|this|NewDeliveredExtension|true|false
13:23:11.0 (9451734)|VARIABLE_ASSIGNMENT|[109]|this|{"detail":"0x1ba06bb3","www":"0xac9718c","wwwById":"0x7b1a8bc6"}|0x2d7cec0d
13:23:11.0 (9457551)|STATEMENT_EXECUTE|[109]
13:23:11.0 (9458822)|STATEMENT_EXECUTE|[111]
13:23:11.0 (9465356)|HEAP_ALLOCATE|[111]|Bytes:4
13:23:11.0 (9487746)|VARIABLE_SCOPE_BEGIN|[111]|options|List<System.SelectOption>|true|false
13:23:11.0 (9509716)|HEAP_ALLOCATE|[EXTERNAL]|Bytes:4
13:23:11.0 (9517219)|VARIABLE_ASSIGNMENT|[111]|options|[]|0x31cc0c2c
13:23:11.0 (9519642)|STATEMENT_EXECUTE|[112]
13:23:11.0 (9565921)|HEAP_ALLOCATE|[112]|Bytes:4
13:23:11.0 (9570721)|HEAP_ALLOCATE|[112]|Bytes:82
13:23:11.0 (9573940)|HEAP_ALLOCATE|[112]|Bytes:4
13:23:11.0 (9749118)|SOQL_EXECUTE_BEGIN|[112]|Aggregations:0|SELECT Id, Name, DeveloperName FROM RecordType WHERE sobjectType = 'WWW_detail__c'
13:23:11.0 (18501087)|SOQL_EXECUTE_END|[112]|Rows:5
13:23:11.0 (18514504)|HEAP_ALLOCATE|[112]|Bytes:24
13:23:11.0 (18532138)|HEAP_ALLOCATE|[112]|Bytes:371
13:23:11.0 (18564163)|HEAP_ALLOCATE|[112]|Bytes:24
13:23:11.0 (18601422)|HEAP_ALLOCATE|[112]|Bytes:16
13:23:11.0 (18608329)|HEAP_ALLOCATE|[112]|Bytes:4
13:23:11.0 (18613947)|HEAP_ALLOCATE|[112]|Bytes:16
13:23:11.0 (18616938)|HEAP_ALLOCATE|[112]|Bytes:4
13:23:11.0 (18620587)|HEAP_ALLOCATE|[112]|Bytes:16
13:23:11.0 (18623270)|HEAP_ALLOCATE|[112]|Bytes:4
13:23:11.0 (18626768)|HEAP_ALLOCATE|[112]|Bytes:16
13:23:11.0 (18629423)|HEAP_ALLOCATE|[112]|Bytes:4
13:23:11.0 (18632737)|HEAP_ALLOCATE|[112]|Bytes:16
13:23:11.0 (18635287)|HEAP_ALLOCATE|[112]|Bytes:4
13:23:11.0 (18641216)|VARIABLE_SCOPE_BEGIN|[112]|recByNames|Map<Id,RecordType>|true|false
13:23:11.0 (18671398)|VARIABLE_ASSIGNMENT|[112]|recByNames|{"01224000000Sn4NAAS":{"Id":"01224000000Sn4NAAS","Name":"Afleveren","DeveloperName":"Delivered_2_Project"},"01224000000Sn4OAAS":{"Id":"01224000000Sn4OAAS","Name":"Afroepen","DeveloperName":"Invoked"},"01224000000Sn4PAAS":{"Id":"01224000000Sn4PAAS","Name":"Afwijzen","DeveloperName":"Rejected"},"01224000000Sn4MAAS":{"Id":"01224000000Sn4MAAS","Name":"Ontvangen","DeveloperName":"Delivered_2_Hub"},"01224000000Sn4QAAS":{"Id":"01224000000Sn4QAAS","Name":"Verwachten","DeveloperName":"Reserved"}}|0x6039666f
13:23:11.0 (18703048)|HEAP_ALLOCATE|[EXTERNAL]|Bytes:24
13:23:11.0 (18713339)|HEAP_ALLOCATE|[114]|Bytes:390
13:23:11.0 (18822767)|HEAP_ALLOCATE|[114]|Bytes:5
13:23:11.0 (18845202)|HEAP_ALLOCATE|[114]|Bytes:16
13:23:11.0 (18851758)|VARIABLE_SCOPE_BEGIN|[114]|rec|RecordType|true|false
13:23:11.0 (18863125)|VARIABLE_ASSIGNMENT|[114]|rec|{"Id":"01224000000Sn4NAAS","Name":"Afleveren","DeveloperName":"Delivered_2_Project"}|0x385d5273
13:23:11.0 (18866977)|STATEMENT_EXECUTE|[114]
13:23:11.0 (18868963)|STATEMENT_EXECUTE|[116]
13:23:11.0 (18907501)|HEAP_ALLOCATE|[116]|Bytes:18
13:23:11.0 (18959559)|HEAP_ALLOCATE|[EXTERNAL]|Bytes:4
13:23:11.0 (18971538)|HEAP_ALLOCATE|[114]|Bytes:5
13:23:11.0 (18978944)|HEAP_ALLOCATE|[114]|Bytes:16
13:23:11.0 (18983690)|VARIABLE_SCOPE_BEGIN|[114]|rec|RecordType|true|false
13:23:11.0 (18993157)|VARIABLE_ASSIGNMENT|[114]|rec|{"Id":"01224000000Sn4OAAS","Name":"Afroepen","DeveloperName":"Invoked"}|0x50962b1e
13:23:11.0 (18995726)|STATEMENT_EXECUTE|[114]
13:23:11.0 (18996976)|STATEMENT_EXECUTE|[116]
13:23:11.0 (19005767)|HEAP_ALLOCATE|[116]|Bytes:18
13:23:11.0 (19016661)|HEAP_ALLOCATE|[EXTERNAL]|Bytes:4
13:23:11.0 (19023941)|HEAP_ALLOCATE|[114]|Bytes:5
13:23:11.0 (19029205)|HEAP_ALLOCATE|[114]|Bytes:16
13:23:11.0 (19032319)|VARIABLE_SCOPE_BEGIN|[114]|rec|RecordType|true|false
13:23:11.0 (19038908)|VARIABLE_ASSIGNMENT|[114]|rec|{"Id":"01224000000Sn4PAAS","Name":"Afwijzen","DeveloperName":"Rejected"}|0x5a01963a
13:23:11.0 (19041215)|STATEMENT_EXECUTE|[114]
13:23:11.0 (19042554)|STATEMENT_EXECUTE|[116]
13:23:11.0 (19048510)|HEAP_ALLOCATE|[116]|Bytes:18
13:23:11.0 (19061301)|HEAP_ALLOCATE|[EXTERNAL]|Bytes:4
13:23:11.0 (19068022)|HEAP_ALLOCATE|[114]|Bytes:5
13:23:11.0 (19073053)|HEAP_ALLOCATE|[114]|Bytes:16
13:23:11.0 (19076168)|VARIABLE_SCOPE_BEGIN|[114]|rec|RecordType|true|false
13:23:11.0 (19082381)|VARIABLE_ASSIGNMENT|[114]|rec|{"Id":"01224000000Sn4MAAS","Name":"Ontvangen","DeveloperName":"Delivered_2_Hub"}|0x4581d611
13:23:11.0 (19084763)|STATEMENT_EXECUTE|[114]
13:23:11.0 (19085904)|STATEMENT_EXECUTE|[116]
13:23:11.0 (19091278)|HEAP_ALLOCATE|[116]|Bytes:18
13:23:11.0 (19098018)|HEAP_ALLOCATE|[EXTERNAL]|Bytes:4
13:23:11.0 (19103996)|HEAP_ALLOCATE|[114]|Bytes:5
13:23:11.0 (19108705)|HEAP_ALLOCATE|[114]|Bytes:16
13:23:11.0 (19111296)|VARIABLE_SCOPE_BEGIN|[114]|rec|RecordType|true|false
13:23:11.0 (19116803)|VARIABLE_ASSIGNMENT|[114]|rec|{"Id":"01224000000Sn4QAAS","Name":"Verwachten","DeveloperName":"Reserved"}|0x179dda18
13:23:11.0 (19118805)|STATEMENT_EXECUTE|[114]
13:23:11.0 (19120014)|STATEMENT_EXECUTE|[116]
13:23:11.0 (19124868)|HEAP_ALLOCATE|[116]|Bytes:18
13:23:11.0 (19131664)|HEAP_ALLOCATE|[EXTERNAL]|Bytes:4
13:23:11.0 (19140166)|HEAP_ALLOCATE|[114]|Bytes:5
13:23:11.0 (19146641)|VARIABLE_ASSIGNMENT|[114]|rec|null|
13:23:11.0 (19149165)|STATEMENT_EXECUTE|[120]
13:23:11.0 (19541483)|SYSTEM_MODE_ENTER|true
13:23:11.19 (19742484)|SYSTEM_MODE_ENTER|true
13:23:11.19 (19781030)|HEAP_ALLOCATE|[EXTERNAL]|Bytes:8
13:23:11.19 (19785793)|VARIABLE_SCOPE_BEGIN|[88]|this|ApexPage.PageMessagesComponentController|true|false
13:23:11.19 (19804040)|VARIABLE_ASSIGNMENT|[88]|this|{}|0x702b3375
13:23:11.19 (19806518)|VARIABLE_SCOPE_BEGIN|[88]|escape|Boolean|false|false
13:23:11.19 (19809372)|VARIABLE_ASSIGNMENT|[88]|escape|null
13:23:11.0 (19884919)|SYSTEM_MODE_ENTER|true
13:23:11.0 (19900907)|HEAP_ALLOCATE|[EXTERNAL]|Bytes:4
13:23:11.0 (19903771)|HEAP_ALLOCATE|[EXTERNAL]|Bytes:80
13:23:11.0 (20008294)|VARIABLE_ASSIGNMENT|[EXTERNAL]|this.isChecked|"01224000000Sn4MAAS"|0x2d7cec0d
13:23:11.0 (20153459)|HEAP_ALLOCATE|[EXTERNAL]|Bytes:80
13:23:11.0 (20159060)|VARIABLE_SCOPE_BEGIN|[157]|this|NewDeliveredExtension|true|false
13:23:11.0 (20289677)|VARIABLE_ASSIGNMENT|[157]|this|{"detail":"0x1ba06bb3","isChecked":"01224000000Sn4MAAS","www":"0xac9718c","wwwById":"0x7b1a8bc6"}|0x2d7cec0d
13:23:11.0 (20297051)|STATEMENT_EXECUTE|[157]
13:23:11.0 (20298573)|STATEMENT_EXECUTE|[158]
13:23:11.0 (20419215)|VARIABLE_ASSIGNMENT|[EXTERNAL]|this|{"detail":"0x1ba06bb3","isChecked":"01224000000Sn4MAAS","www":"0xac9718c","wwwById":"0x7b1a8bc6"}|0x2d7cec0d
13:23:11.0 (20446883)|USER_DEBUG|[158]|DEBUG|01224000000Sn4MAAS
13:23:11.0 (20452487)|STATEMENT_EXECUTE|[159]
13:23:11.0 (20458788)|HEAP_ALLOCATE|[159]|Bytes:38
13:23:11.0 (20567881)|VARIABLE_ASSIGNMENT|[EXTERNAL]|this|{"detail":"0x1ba06bb3","isChecked":"01224000000Sn4MAAS","www":"0xac9718c","wwwById":"0x7b1a8bc6"}|0x2d7cec0d
13:23:11.0 (20595879)|HEAP_ALLOCATE|[159]|Bytes:18
13:23:11.0 (20606809)|HEAP_ALLOCATE|[159]|Bytes:56
13:23:11.0 (20635710)|VARIABLE_SCOPE_BEGIN|[159]|pr|System.PageReference|true|false
13:23:11.0 (20703600)|VARIABLE_ASSIGNMENT|[159]|pr|"/apex/New_delivered_detail?RecordType=01224000000Sn4MAAS"|0x57cfd03c
13:23:11.0 (20707862)|STATEMENT_EXECUTE|[160]
13:23:11.0 (20747643)|STATEMENT_EXECUTE|[161]
13:23:11.22 (22353653)|CUMULATIVE_LIMIT_USAGE
13:23:11.22 (22353653)|LIMIT_USAGE_FOR_NS|(default)|
  Number of SOQL queries: 1 out of 100
  Number of query rows: 5 out of 50000
  Number of SOSL queries: 0 out of 20
  Number of DML statements: 0 out of 150
  Number of DML rows: 0 out of 10000
  Maximum CPU time: 0 out of 10000
  Maximum heap size: 0 out of 6000000
  Number of callouts: 0 out of 100
  Number of Email Invocations: 0 out of 10
  Number of future calls: 0 out of 50
  Number of queueable jobs added to the queue: 0 out of 50
  Number of Mobile Apex push calls: 0 out of 10

13:23:11.22 (22353653)|CUMULATIVE_LIMIT_USAGE_END

13:23:11.0 (22381030)|CODE_UNIT_FINISHED|VF: /apex/ChoseRecordType
13:23:11.0 (23177757)|EXECUTION_FINISHED
