31.0 APEX_CODE,FINEST;APEX_PROFILING,INFO;CALLOUT,INFO;DB,INFO;SYSTEM,DEBUG;VALIDATION,INFO;VISUALFORCE,INFO;WAVE,INFO;WORKFLOW,INFO
17:01:22.0 (365757)|USER_INFO|[EXTERNAL]|00524000001e3Uj|bedrijfsbureau@gsa.nl.sandbox|Midden-Europese standaardtijd|GMT+01:00
17:01:22.0 (394232)|EXECUTION_STARTED
17:01:22.0 (400658)|CODE_UNIT_STARTED|[EXTERNAL]|06624000003p4fH|VF: /apex/LocationQRCode
17:01:22.12 (12231929)|CUMULATIVE_LIMIT_USAGE
17:01:22.12 (12231929)|LIMIT_USAGE_FOR_NS|(default)|
  Number of SOQL queries: 0 out of 100
  Number of query rows: 0 out of 50000
  Number of SOSL queries: 0 out of 20
  Number of DML statements: 0 out of 150
  Number of DML rows: 0 out of 10000
  Maximum CPU time: 0 out of 10000
  Maximum heap size: 0 out of 6000000
  Number of callouts: 0 out of 100
  Number of Email Invocations: 0 out of 10
  Number of future calls: 0 out of 50
  Number of queueable jobs added to the queue: 0 out of 50
  Number of Mobile Apex push calls: 0 out of 10

17:01:22.12 (12231929)|CUMULATIVE_LIMIT_USAGE_END

17:01:22.0 (12267936)|CODE_UNIT_FINISHED|VF: /apex/LocationQRCode
17:01:22.0 (13065554)|EXECUTION_FINISHED
