37.0 APEX_CODE,FINEST;APEX_PROFILING,INFO;CALLOUT,INFO;DB,INFO;SYSTEM,DEBUG;VALIDATION,INFO;VISUALFORCE,INFO;WAVE,INFO;WORKFLOW,INFO
15:04:59.0 (58225)|USER_INFO|[EXTERNAL]|00524000001e3Uj|bedrijfsbureau@gsa.nl.sandbox|Midden-Europese standaardtijd|GMT+01:00
15:04:59.0 (85961)|EXECUTION_STARTED
15:04:59.0 (90327)|CODE_UNIT_STARTED|[EXTERNAL]|FutureHandler - state load
15:04:59.0 (1330036)|CODE_UNIT_FINISHED|FutureHandler - state load
15:04:59.0 (2100294)|EXECUTION_FINISHED
15:04:59.8 (8692999)|USER_INFO|[EXTERNAL]|00524000001e3Uj|bedrijfsbureau@gsa.nl.sandbox|Midden-Europese standaardtijd|GMT+01:00
15:04:59.8 (8700608)|EXECUTION_STARTED
15:04:59.8 (8702874)|CODE_UNIT_STARTED|[EXTERNAL]|01p2400000DcTyQ|ProjectUtil.addShares
15:04:59.8 (8853911)|HEAP_ALLOCATE|[72]|Bytes:3
15:04:59.8 (8891779)|HEAP_ALLOCATE|[77]|Bytes:152
15:04:59.8 (8905838)|HEAP_ALLOCATE|[342]|Bytes:408
15:04:59.8 (8919414)|HEAP_ALLOCATE|[355]|Bytes:408
15:04:59.8 (8932128)|HEAP_ALLOCATE|[467]|Bytes:48
15:04:59.8 (8959551)|HEAP_ALLOCATE|[139]|Bytes:6
15:04:59.8 (9017760)|HEAP_ALLOCATE|[EXTERNAL]|Bytes:14
15:04:59.8 (9022054)|HEAP_ALLOCATE|[EXTERNAL]|Bytes:23
15:04:59.8 (9028774)|METHOD_ENTRY|[1]|01p2400000DcTyQ|ProjectUtil.ProjectUtil()
15:04:59.8 (9032805)|STATEMENT_EXECUTE|[1]
15:04:59.8 (9036875)|STATEMENT_EXECUTE|[1]
15:04:59.8 (9040184)|METHOD_EXIT|[1]|ProjectUtil
15:04:59.8 (9068350)|HEAP_ALLOCATE|[EXTERNAL]|Bytes:8
15:04:59.8 (9074312)|VARIABLE_SCOPE_BEGIN|[104]|projectsIds|Set<Id>|true|false
15:04:59.8 (9100613)|VARIABLE_ASSIGNMENT|[104]|projectsIds|["a0q0E0000008ahlQAA"]|0x251c30fa
15:04:59.8 (9108075)|STATEMENT_EXECUTE|[104]
15:04:59.8 (9109625)|STATEMENT_EXECUTE|[105]
15:04:59.8 (9112741)|HEAP_ALLOCATE|[105]|Bytes:59
15:04:59.8 (9122430)|HEAP_ALLOCATE|[105]|Bytes:4
15:04:59.8 (9132629)|HEAP_ALLOCATE|[105]|Bytes:7
15:04:59.8 (9175316)|HEAP_ALLOCATE|[50]|Bytes:5
15:04:59.8 (9195251)|HEAP_ALLOCATE|[56]|Bytes:5
15:04:59.8 (9201187)|HEAP_ALLOCATE|[64]|Bytes:7
15:04:59.8 (9242005)|HEAP_ALLOCATE|[105]|Bytes:8
15:04:59.8 (9246817)|HEAP_ALLOCATE|[105]|Bytes:8
15:04:59.8 (9658552)|SOQL_EXECUTE_BEGIN|[105]|Aggregations:0|SELECT Id, Account__c FROM Projecten__c WHERE id = :tmpVar1
15:04:59.8 (10847676)|SOQL_EXECUTE_END|[105]|Rows:1
15:04:59.8 (10863485)|HEAP_ALLOCATE|[105]|Bytes:8
15:04:59.8 (10879468)|HEAP_ALLOCATE|[105]|Bytes:61
15:04:59.8 (10944259)|HEAP_ALLOCATE|[105]|Bytes:8
15:04:59.8 (10954057)|VARIABLE_SCOPE_BEGIN|[105]|projects|List<Projecten__c>|true|false
15:04:59.8 (10978665)|VARIABLE_ASSIGNMENT|[105]|projects|[{"Id":"a0q0E0000008ahlQAA","Account__c":"0010E000002eEwIQAU"}]|0x2a965453
15:04:59.8 (10982209)|STATEMENT_EXECUTE|[106]
15:04:59.8 (10988736)|HEAP_ALLOCATE|[106]|Bytes:4
15:04:59.8 (11024215)|VARIABLE_SCOPE_BEGIN|[106]|accIds|Set<Id>|true|false
15:04:59.8 (11045344)|VARIABLE_ASSIGNMENT|[106]|accIds|[]|0x66c8e0b8
15:04:59.8 (11047871)|STATEMENT_EXECUTE|[107]
15:04:59.8 (11050804)|HEAP_ALLOCATE|[107]|Bytes:4
15:04:59.8 (11063630)|VARIABLE_SCOPE_BEGIN|[107]|prIds|Set<Id>|true|false
15:04:59.8 (11070749)|VARIABLE_ASSIGNMENT|[107]|prIds|[]|0x441f990
15:04:59.8 (11258149)|HEAP_ALLOCATE|[108]|Bytes:5
15:04:59.8 (11294228)|HEAP_ALLOCATE|[108]|Bytes:12
15:04:59.8 (11303336)|VARIABLE_SCOPE_BEGIN|[108]|pr|Projecten__c|true|false
15:04:59.8 (11314362)|VARIABLE_ASSIGNMENT|[108]|pr|{"Id":"a0q0E0000008ahlQAA","Account__c":"0010E000002eEwIQAU"}|0x76a1badd
15:04:59.8 (11317805)|STATEMENT_EXECUTE|[108]
15:04:59.8 (11319183)|STATEMENT_EXECUTE|[109]
15:04:59.8 (11368911)|HEAP_ALLOCATE|[EXTERNAL]|Bytes:4
15:04:59.8 (11374743)|STATEMENT_EXECUTE|[110]
15:04:59.8 (11405625)|HEAP_ALLOCATE|[EXTERNAL]|Bytes:4
15:04:59.8 (11417929)|HEAP_ALLOCATE|[108]|Bytes:5
15:04:59.8 (11428320)|VARIABLE_ASSIGNMENT|[108]|pr|null|
15:04:59.8 (11431072)|STATEMENT_EXECUTE|[112]
15:04:59.8 (11433654)|HEAP_ALLOCATE|[112]|Bytes:85
15:04:59.8 (11438392)|HEAP_ALLOCATE|[112]|Bytes:4
15:04:59.8 (11459810)|HEAP_ALLOCATE|[112]|Bytes:8
15:04:59.8 (11464172)|HEAP_ALLOCATE|[112]|Bytes:8
15:04:59.8 (12323060)|SOQL_EXECUTE_BEGIN|[112]|Aggregations:0|SELECT Id, AccountId__c FROM User WHERE (AccountId__c = :tmpVar1 AND isActive = TRUE)
15:04:59.8 (14421051)|SOQL_EXECUTE_END|[112]|Rows:0
15:04:59.8 (14436805)|HEAP_ALLOCATE|[112]|Bytes:4
15:04:59.8 (14443388)|HEAP_ALLOCATE|[112]|Bytes:0
15:04:59.8 (14485479)|HEAP_ALLOCATE|[112]|Bytes:4
15:04:59.8 (14494417)|VARIABLE_SCOPE_BEGIN|[112]|users|List<User>|true|false
15:04:59.8 (14504068)|VARIABLE_ASSIGNMENT|[112]|users|[]|0x52ae7f42
15:04:59.8 (14506681)|STATEMENT_EXECUTE|[113]
15:04:59.8 (14538293)|HEAP_ALLOCATE|[113]|Bytes:4
15:04:59.8 (14564086)|VARIABLE_SCOPE_BEGIN|[113]|userByAccId|Map<Id,List<User>>|true|false
15:04:59.8 (14575121)|VARIABLE_ASSIGNMENT|[113]|userByAccId|{}|0xe8e874f
15:04:59.8 (14577224)|STATEMENT_EXECUTE|[114]
15:04:59.8 (14580859)|HEAP_ALLOCATE|[114]|Bytes:4
15:04:59.8 (14602213)|VARIABLE_SCOPE_BEGIN|[114]|usersIds|Set<Id>|true|false
15:04:59.8 (14611378)|VARIABLE_ASSIGNMENT|[114]|usersIds|[]|0x4a2bed0a
15:04:59.8 (14703112)|HEAP_ALLOCATE|[115]|Bytes:5
15:04:59.8 (14724282)|VARIABLE_ASSIGNMENT|[115]|u|null|
15:04:59.8 (14727367)|STATEMENT_EXECUTE|[115]
15:04:59.8 (14728848)|STATEMENT_EXECUTE|[123]
15:04:59.8 (14731947)|HEAP_ALLOCATE|[123]|Bytes:57
15:04:59.8 (14736893)|HEAP_ALLOCATE|[123]|Bytes:4
15:04:59.8 (14759292)|HEAP_ALLOCATE|[123]|Bytes:8
15:04:59.8 (14764089)|HEAP_ALLOCATE|[123]|Bytes:8
15:04:59.8 (15003483)|SOQL_EXECUTE_BEGIN|[123]|Aggregations:0|SELECT Id FROM Projecten__Share WHERE ParentId = :tmpVar1
15:04:59.8 (16775931)|SOQL_EXECUTE_END|[123]|Rows:1
15:04:59.8 (16794968)|HEAP_ALLOCATE|[123]|Bytes:8
15:04:59.8 (16804400)|HEAP_ALLOCATE|[123]|Bytes:29
15:04:59.8 (16854303)|HEAP_ALLOCATE|[123]|Bytes:8
15:04:59.8 (16862855)|VARIABLE_SCOPE_BEGIN|[123]|shares|List<Projecten__Share>|true|false
15:04:59.8 (16876748)|VARIABLE_ASSIGNMENT|[123]|shares|[{"Id":"02c0E000002ve5UQAQ"}]|0x46379d9
15:04:59.8 (16879686)|STATEMENT_EXECUTE|[124]
15:04:59.8 (16880953)|STATEMENT_EXECUTE|[124]
15:04:59.8 (16882315)|STATEMENT_EXECUTE|[125]
15:04:59.8 (16929783)|DML_BEGIN|[125]|Op:Delete|Type:Projecten__Share|Rows:1
15:04:59.8 (16950138)|HEAP_ALLOCATE|[EXTERNAL]|Bytes:8
15:04:59.8 (22614922)|DML_END|[125]
15:04:59.8 (22662909)|HEAP_ALLOCATE|[EXTERNAL]|Bytes:8
15:04:59.8 (22672746)|STATEMENT_EXECUTE|[130]
15:04:59.8 (22678926)|HEAP_ALLOCATE|[130]|Bytes:4
15:04:59.8 (22716382)|VARIABLE_SCOPE_BEGIN|[130]|toInsert|List<Projecten__Share>|true|false
15:04:59.8 (22723165)|HEAP_ALLOCATE|[EXTERNAL]|Bytes:4
15:04:59.8 (22729387)|VARIABLE_ASSIGNMENT|[130]|toInsert|[]|0xce647e0
15:04:59.8 (22759603)|HEAP_ALLOCATE|[131]|Bytes:5
15:04:59.8 (22771859)|HEAP_ALLOCATE|[131]|Bytes:12
15:04:59.8 (22778944)|VARIABLE_SCOPE_BEGIN|[131]|pr|Projecten__c|true|false
15:04:59.8 (22789364)|VARIABLE_ASSIGNMENT|[131]|pr|{"Id":"a0q0E0000008ahlQAA","Account__c":"0010E000002eEwIQAU"}|0x76a1badd
15:04:59.8 (22792800)|STATEMENT_EXECUTE|[131]
15:04:59.8 (22794191)|STATEMENT_EXECUTE|[132]
15:04:59.8 (22847444)|USER_DEBUG|[132]|DEBUG|null
15:04:59.8 (22872917)|STATEMENT_EXECUTE|[133]
15:04:59.8 (22881593)|HEAP_ALLOCATE|[131]|Bytes:5
15:04:59.8 (22890146)|VARIABLE_ASSIGNMENT|[131]|pr|null|
15:04:59.8 (22892628)|STATEMENT_EXECUTE|[142]
15:04:59.8 (22951750)|HEAP_ALLOCATE|[EXTERNAL]|Bytes:4
15:04:59.8 (22956528)|STATEMENT_EXECUTE|[143]
15:04:59.8 (22959786)|HEAP_ALLOCATE|[143]|Bytes:9
15:04:59.8 (23009076)|HEAP_ALLOCATE|[143]|Bytes:2
15:04:59.8 (23023233)|HEAP_ALLOCATE|[143]|Bytes:11
15:04:59.8 (23032090)|USER_DEBUG|[143]|DEBUG|toInsert ()
15:04:59.23 (23042079)|CUMULATIVE_LIMIT_USAGE
15:04:59.23 (23042079)|LIMIT_USAGE_FOR_NS|(default)|
  Number of SOQL queries: 3 out of 200
  Number of query rows: 2 out of 50000
  Number of SOSL queries: 0 out of 20
  Number of DML statements: 1 out of 150
  Number of DML rows: 1 out of 10000
  Maximum CPU time: 0 out of 60000
  Maximum heap size: 0 out of 12000000
  Number of callouts: 0 out of 100
  Number of Email Invocations: 0 out of 10
  Number of future calls: 0 out of 50
  Number of queueable jobs added to the queue: 0 out of 1
  Number of Mobile Apex push calls: 0 out of 10

15:04:59.23 (23042079)|CUMULATIVE_LIMIT_USAGE_END

15:04:59.8 (23070130)|CODE_UNIT_FINISHED|ProjectUtil.addShares
15:04:59.8 (23815618)|EXECUTION_FINISHED
