36.0 APEX_CODE,DEBUG;APEX_PROFILING,INFO;CALLOUT,INFO;DB,INFO;SYSTEM,DEBUG;VALIDATION,INFO;VISUALFORCE,INFO;WAVE,INFO;WORKFLOW,INFO
16:40:14.0 (302167)|USER_INFO|[EXTERNAL]|00524000001e3Uj|bedrijfsbureau@gsa.nl.sandbox|Midden-Europese standaardtijd|GMT+02:00
16:40:14.0 (354960)|EXECUTION_STARTED
16:40:14.0 (360036)|CODE_UNIT_STARTED|[EXTERNAL]|01p2400000Cr5VG|CommunitiesSelfRegConfirmControllerTest.testCommunitiesSelfRegConfirmController
16:40:14.0 (1395601)|SYSTEM_MODE_ENTER|false
16:40:14.0 (1405421)|SYSTEM_MODE_EXIT|false
16:40:14.0 (1458154)|SYSTEM_MODE_ENTER|false
16:40:14.0 (3459885)|SYSTEM_MODE_EXIT|false
16:40:14.3 (3472425)|CUMULATIVE_LIMIT_USAGE
16:40:14.3 (3472425)|LIMIT_USAGE_FOR_NS|(default)|
  Number of SOQL queries: 0 out of 100
  Number of query rows: 0 out of 50000
  Number of SOSL queries: 0 out of 20
  Number of DML statements: 0 out of 150
  Number of DML rows: 0 out of 10000
  Maximum CPU time: 0 out of 10000
  Maximum heap size: 0 out of 6000000
  Number of callouts: 0 out of 100
  Number of Email Invocations: 0 out of 10
  Number of future calls: 0 out of 50
  Number of queueable jobs added to the queue: 0 out of 50
  Number of Mobile Apex push calls: 0 out of 10

16:40:14.3 (3472425)|CUMULATIVE_LIMIT_USAGE_END

16:40:14.0 (3512100)|CODE_UNIT_FINISHED|CommunitiesSelfRegConfirmControllerTest.testCommunitiesSelfRegConfirmController
16:40:14.0 (5113599)|EXECUTION_FINISHED
