38.0 APEX_CODE,FINEST;APEX_PROFILING,INFO;CALLOUT,INFO;DB,INFO;SYSTEM,DEBUG;VALIDATION,INFO;VISUALFORCE,INFO;WAVE,INFO;WORKFLOW,INFO
13:29:37.0 (63785)|USER_INFO|[EXTERNAL]|00524000001e3Uj|bedrijfsbureau@gsa.nl.sandbox|Midden-Europese standaardtijd|GMT+01:00
13:29:37.0 (94750)|EXECUTION_STARTED
13:29:37.0 (99088)|CODE_UNIT_STARTED|[EXTERNAL]|06624000003h0Dq|VF: /apex/ChoseRecordType
13:29:37.0 (4612121)|SYSTEM_MODE_ENTER|true
13:29:37.0 (4939642)|HEAP_ALLOCATE|[72]|Bytes:3
13:29:37.0 (4978688)|HEAP_ALLOCATE|[77]|Bytes:152
13:29:37.0 (4992311)|HEAP_ALLOCATE|[342]|Bytes:408
13:29:37.0 (5005967)|HEAP_ALLOCATE|[355]|Bytes:408
13:29:37.0 (5019010)|HEAP_ALLOCATE|[467]|Bytes:48
13:29:37.0 (5045954)|HEAP_ALLOCATE|[139]|Bytes:6
13:29:37.0 (5105498)|HEAP_ALLOCATE|[EXTERNAL]|Bytes:11
13:29:37.0 (5110457)|HEAP_ALLOCATE|[EXTERNAL]|Bytes:408
13:29:37.0 (5113025)|HEAP_ALLOCATE|[EXTERNAL]|Bytes:120
13:29:37.0 (5115769)|HEAP_ALLOCATE|[EXTERNAL]|Bytes:108
13:29:37.0 (5123377)|METHOD_ENTRY|[1]|01p2400000DUtXT|NewDeliveredExtension.NewDeliveredExtension()
13:29:37.0 (5127124)|STATEMENT_EXECUTE|[1]
13:29:37.0 (5132193)|STATEMENT_EXECUTE|[1]
13:29:37.0 (5133472)|STATEMENT_EXECUTE|[527]
13:29:37.0 (5137480)|METHOD_EXIT|[1]|NewDeliveredExtension
13:29:37.0 (5143558)|HEAP_ALLOCATE|[EXTERNAL]|Bytes:80
13:29:37.0 (5156839)|VARIABLE_SCOPE_BEGIN|[163]|this|NewDeliveredExtension|true|false
13:29:37.0 (5214408)|VARIABLE_ASSIGNMENT|[163]|this|{}|0x47faec2c
13:29:37.0 (5217330)|VARIABLE_SCOPE_BEGIN|[163]|controller|ApexPages.StandardController|true|false
13:29:37.0 (5411618)|VARIABLE_ASSIGNMENT|[163]|controller|"StandardController [null]"|0x2e14f159
13:29:37.0 (5419647)|STATEMENT_EXECUTE|[1]
13:29:37.0 (5421146)|STATEMENT_EXECUTE|[2]
13:29:37.0 (5422702)|STATEMENT_EXECUTE|[20]
13:29:37.0 (5424573)|STATEMENT_EXECUTE|[61]
13:29:37.0 (5425673)|STATEMENT_EXECUTE|[69]
13:29:37.0 (5426789)|STATEMENT_EXECUTE|[77]
13:29:37.0 (5427913)|STATEMENT_EXECUTE|[85]
13:29:37.0 (5428929)|STATEMENT_EXECUTE|[93]
13:29:37.0 (5429931)|STATEMENT_EXECUTE|[101]
13:29:37.0 (5431039)|STATEMENT_EXECUTE|[123]
13:29:37.0 (5534967)|HEAP_ALLOCATE|[123]|Bytes:4
13:29:37.0 (5540476)|HEAP_ALLOCATE|[123]|Bytes:258
13:29:37.0 (5544149)|HEAP_ALLOCATE|[123]|Bytes:4
13:29:37.0 (5581100)|HEAP_ALLOCATE|[50]|Bytes:5
13:29:37.0 (5599843)|HEAP_ALLOCATE|[56]|Bytes:5
13:29:37.0 (5605072)|HEAP_ALLOCATE|[64]|Bytes:7
13:29:37.0 (6182641)|SOQL_EXECUTE_BEGIN|[123]|Aggregations:0|SELECT Id, Project__c, Item__c, Actueel_aantal_palletplaatsenworkflow__c, Ticket_Number_ILIPS__c, Filecardnumber__c, Projectmember__c, Hub_Building_Site__c, Actueel_aantal_palletplaatsen__c, Supplier__c, Name FROM WWW__c ORDER BY CreatedDate DESC NULLS FIRST
13:29:37.0 (15223686)|SOQL_EXECUTE_END|[123]|Rows:4
13:29:37.0 (15246612)|HEAP_ALLOCATE|[123]|Bytes:20
13:29:37.0 (15298418)|HEAP_ALLOCATE|[123]|Bytes:884
13:29:37.0 (15399880)|HEAP_ALLOCATE|[123]|Bytes:20
13:29:37.0 (15467330)|HEAP_ALLOCATE|[123]|Bytes:28
13:29:37.0 (15477930)|HEAP_ALLOCATE|[123]|Bytes:4
13:29:37.0 (15487646)|HEAP_ALLOCATE|[123]|Bytes:28
13:29:37.0 (15491082)|HEAP_ALLOCATE|[123]|Bytes:4
13:29:37.0 (15495815)|HEAP_ALLOCATE|[123]|Bytes:28
13:29:37.0 (15498749)|HEAP_ALLOCATE|[123]|Bytes:4
13:29:37.0 (15502886)|HEAP_ALLOCATE|[123]|Bytes:28
13:29:37.0 (15505797)|HEAP_ALLOCATE|[123]|Bytes:4
13:29:37.0 (15564324)|VARIABLE_ASSIGNMENT|[123]|this.wwwById|{"a0t0E0000004UTyQAM":{"Id":"a0t0E0000004UTyQAM","Project__c":"a0q0E0000008S3WQAU","Item__c":"a0A0E0000001PiqUAE","Hub_Building_Site__c":"a020E000000zFeUQAU","Actueel_aantal_palle (12 more) ...":0,"Name":"WWW-13537"},"a0t0E0000004NFcQAM":{"Id":"a0t0E0000004NFcQAM","Project__c":"a0q0E0000008S3bQAE","Item__c":"a0A0E0000001Pj0UAE","Hub_Building_Site__c":"a020E000000zEM2QAM","Actueel_aantal_palle (12 more) ...":0,"Name":"WWW-13490"},"a0t0E0000004NFXQA2":{"Id":"a0t0E0000004NFXQA2","Project__c":"a0q0E0000008S3WQAU","Item__c":"a0A0E0000001PiqUAE","Hub_Building_Site__c":"a020E000000zEM2QAM","Actueel_aantal_palle (12 more) ...":0,"Name":"WWW-13489"},"a0t0E0000004NFNQA2":{"Id":"a0t0E0000004NFNQA2","Project__c":"a0q0E0000008S3WQAU","Item__c":"a0A0E0000001PilUAE","Hub_Building_Site__c":"a020E000000zEM2QAM","Actueel_aantal_palle (12 more) ...":0,"Name":"WWW-13487"}}|0x47faec2c
13:29:37.0 (15572058)|STATEMENT_EXECUTE|[155]
13:29:37.0 (15574182)|STATEMENT_EXECUTE|[156]
13:29:37.0 (15575209)|STATEMENT_EXECUTE|[184]
13:29:37.0 (15576493)|STATEMENT_EXECUTE|[185]
13:29:37.0 (15577550)|STATEMENT_EXECUTE|[195]
13:29:37.0 (15578554)|STATEMENT_EXECUTE|[203]
13:29:37.0 (15579564)|STATEMENT_EXECUTE|[211]
13:29:37.0 (15580716)|STATEMENT_EXECUTE|[219]
13:29:37.0 (15581715)|STATEMENT_EXECUTE|[228]
13:29:37.0 (15582732)|STATEMENT_EXECUTE|[236]
13:29:37.0 (15592203)|HEAP_ALLOCATE|[123]|Bytes:6
13:29:37.0 (15623097)|STATEMENT_EXECUTE|[163]
13:29:37.0 (15624471)|STATEMENT_EXECUTE|[164]
13:29:37.0 (15676679)|HEAP_ALLOCATE|[164]|Bytes:140
13:29:37.0 (15723870)|HEAP_ALLOCATE|[164]|Bytes:115
13:29:37.0 (15736745)|HEAP_ALLOCATE|[164]|Bytes:10
13:29:37.0 (15816540)|VARIABLE_ASSIGNMENT|[EXTERNAL]|this|{"wwwById":"0x3ca16c5d"}|0x47faec2c
13:29:37.0 (15821179)|STATEMENT_EXECUTE|[3]
13:29:37.0 (15825405)|STATEMENT_EXECUTE|[4]
13:29:37.0 (15826624)|STATEMENT_EXECUTE|[5]
13:29:37.0 (15860480)|HEAP_ALLOCATE|[5]|Bytes:4
13:29:37.0 (15956380)|VARIABLE_ASSIGNMENT|[5]|this.detail|{}|0x47faec2c
13:29:37.0 (15959201)|STATEMENT_EXECUTE|[6]
13:29:37.0 (16011434)|VARIABLE_ASSIGNMENT|[EXTERNAL]|this|{"detail":"0xdda5557","wwwById":"0x3ca16c5d"}|0x47faec2c
13:29:37.0 (16016067)|STATEMENT_EXECUTE|[21]
13:29:37.0 (16018394)|STATEMENT_EXECUTE|[22]
13:29:37.0 (16019336)|STATEMENT_EXECUTE|[23]
13:29:37.0 (16029979)|HEAP_ALLOCATE|[23]|Bytes:4
13:29:37.0 (16073419)|VARIABLE_ASSIGNMENT|[23]|this.www|{}|0x47faec2c
13:29:37.0 (16077173)|STATEMENT_EXECUTE|[26]
13:29:37.0 (16341422)|VARIABLE_ASSIGNMENT|[6]|this.WWW__c|null|0xdda5557
13:29:37.0 (16344855)|STATEMENT_EXECUTE|[7]
13:29:37.0 (16396273)|VARIABLE_ASSIGNMENT|[EXTERNAL]|this|{"detail":"0xdda5557","www":"0x7e4f33d2","wwwById":"0x3ca16c5d"}|0x47faec2c
13:29:37.0 (16443357)|VARIABLE_ASSIGNMENT|[7]|this.Project__c|null|0xdda5557
13:29:37.0 (16446366)|STATEMENT_EXECUTE|[9]
13:29:37.0 (16534428)|VARIABLE_ASSIGNMENT|[164]|this.RecordTypeId|null|0xdda5557
13:29:37.0 (16537594)|STATEMENT_EXECUTE|[165]
13:29:37.0 (16581896)|VARIABLE_ASSIGNMENT|[EXTERNAL]|this|{"detail":"0xdda5557","www":"0x7e4f33d2","wwwById":"0x3ca16c5d"}|0x47faec2c
13:29:37.0 (16585100)|STATEMENT_EXECUTE|[3]
13:29:37.0 (16587094)|STATEMENT_EXECUTE|[4]
13:29:37.0 (16588084)|STATEMENT_EXECUTE|[9]
13:29:37.0 (16611213)|USER_DEBUG|[165]|DEBUG|null
13:29:37.0 (16615497)|STATEMENT_EXECUTE|[166]
13:29:37.0 (16669902)|HEAP_ALLOCATE|[166]|Bytes:4
13:29:37.0 (16675534)|HEAP_ALLOCATE|[166]|Bytes:82
13:29:37.0 (16679018)|HEAP_ALLOCATE|[166]|Bytes:4
13:29:37.0 (16924352)|SOQL_EXECUTE_BEGIN|[166]|Aggregations:0|SELECT Id, Name, DeveloperName FROM RecordType WHERE sobjectType = 'WWW_detail__c'
13:29:37.0 (24617478)|SOQL_EXECUTE_END|[166]|Rows:5
13:29:37.0 (24631855)|HEAP_ALLOCATE|[166]|Bytes:24
13:29:37.0 (24654832)|HEAP_ALLOCATE|[166]|Bytes:371
13:29:37.0 (24692343)|HEAP_ALLOCATE|[166]|Bytes:24
13:29:37.0 (24733035)|HEAP_ALLOCATE|[166]|Bytes:16
13:29:37.0 (24741104)|HEAP_ALLOCATE|[166]|Bytes:4
13:29:37.0 (24748207)|HEAP_ALLOCATE|[166]|Bytes:16
13:29:37.0 (24751695)|HEAP_ALLOCATE|[166]|Bytes:4
13:29:37.0 (24755906)|HEAP_ALLOCATE|[166]|Bytes:16
13:29:37.0 (24758987)|HEAP_ALLOCATE|[166]|Bytes:4
13:29:37.0 (24762770)|HEAP_ALLOCATE|[166]|Bytes:16
13:29:37.0 (24765845)|HEAP_ALLOCATE|[166]|Bytes:4
13:29:37.0 (24769452)|HEAP_ALLOCATE|[166]|Bytes:16
13:29:37.0 (24776552)|HEAP_ALLOCATE|[166]|Bytes:4
13:29:37.0 (24783715)|VARIABLE_SCOPE_BEGIN|[166]|recByNames|Map<Id,RecordType>|true|false
13:29:37.0 (24814664)|VARIABLE_ASSIGNMENT|[166]|recByNames|{"01224000000Sn4NAAS":{"Id":"01224000000Sn4NAAS","Name":"Afleveren","DeveloperName":"Delivered_2_Project"},"01224000000Sn4OAAS":{"Id":"01224000000Sn4OAAS","Name":"Afroepen","DeveloperName":"Invoked"},"01224000000Sn4PAAS":{"Id":"01224000000Sn4PAAS","Name":"Afwijzen","DeveloperName":"Rejected"},"01224000000Sn4MAAS":{"Id":"01224000000Sn4MAAS","Name":"Ontvangen","DeveloperName":"Delivered_2_Hub"},"01224000000Sn4QAAS":{"Id":"01224000000Sn4QAAS","Name":"Verwachten","DeveloperName":"Reserved"}}|0x2cb10630
13:29:37.0 (24874118)|VARIABLE_ASSIGNMENT|[EXTERNAL]|this|{"detail":"0xdda5557","www":"0x7e4f33d2","wwwById":"0x3ca16c5d"}|0x47faec2c
13:29:37.0 (24878524)|STATEMENT_EXECUTE|[3]
13:29:37.0 (24880955)|STATEMENT_EXECUTE|[4]
13:29:37.0 (24882044)|STATEMENT_EXECUTE|[9]
13:29:37.0 (24893875)|STATEMENT_EXECUTE|[168]
13:29:37.0 (24895469)|STATEMENT_EXECUTE|[181]
13:29:37.0 (24909926)|METHOD_ENTRY|[181]|01p2400000DUtXT|NewDeliveredExtension.getProjects()
13:29:37.0 (24923341)|VARIABLE_SCOPE_BEGIN|[139]|this|NewDeliveredExtension|true|false
13:29:37.0 (24953992)|VARIABLE_ASSIGNMENT|[139]|this|{"detail":"0xdda5557","www":"0x7e4f33d2","wwwById":"0x3ca16c5d"}|0x47faec2c
13:29:37.0 (24960845)|STATEMENT_EXECUTE|[139]
13:29:37.0 (24962155)|STATEMENT_EXECUTE|[141]
13:29:37.0 (24969265)|HEAP_ALLOCATE|[141]|Bytes:4
13:29:37.0 (24994438)|VARIABLE_SCOPE_BEGIN|[141]|options|List<System.SelectOption>|true|false
13:29:37.0 (25023728)|HEAP_ALLOCATE|[EXTERNAL]|Bytes:4
13:29:37.0 (25034063)|VARIABLE_ASSIGNMENT|[141]|options|[]|0x14743d44
13:29:37.0 (25036391)|STATEMENT_EXECUTE|[142]
13:29:37.0 (25076255)|HEAP_ALLOCATE|[142]|Bytes:4
13:29:37.0 (25081085)|HEAP_ALLOCATE|[142]|Bytes:71
13:29:37.0 (25083866)|HEAP_ALLOCATE|[142]|Bytes:4
13:29:37.0 (25298367)|SOQL_EXECUTE_BEGIN|[142]|Aggregations:0|SELECT Id, Name FROM Projecten__c ORDER BY CreatedDate DESC NULLS FIRST
13:29:37.0 (26430571)|SOQL_EXECUTE_END|[142]|Rows:2
13:29:37.0 (26444326)|HEAP_ALLOCATE|[142]|Bytes:12
13:29:37.0 (26455533)|HEAP_ALLOCATE|[142]|Bytes:85
13:29:37.0 (26486582)|HEAP_ALLOCATE|[142]|Bytes:12
13:29:37.0 (26520786)|HEAP_ALLOCATE|[142]|Bytes:12
13:29:37.0 (26528851)|HEAP_ALLOCATE|[142]|Bytes:4
13:29:37.0 (26536230)|HEAP_ALLOCATE|[142]|Bytes:12
13:29:37.0 (26539477)|HEAP_ALLOCATE|[142]|Bytes:4
13:29:37.0 (26545411)|VARIABLE_SCOPE_BEGIN|[142]|prById|Map<Id,Projecten__c>|true|false
13:29:37.0 (26567926)|VARIABLE_ASSIGNMENT|[142]|prById|{"a0q0E0000008S3bQAE":{"Id":"a0q0E0000008S3bQAE","Name":"2165103"},"a0q0E0000008S3WQAU":{"Id":"a0q0E0000008S3WQAU","Name":"5700"}}|0x7f614ad5
13:29:37.0 (26571494)|STATEMENT_EXECUTE|[143]
13:29:37.0 (26574350)|HEAP_ALLOCATE|[143]|Bytes:6
13:29:37.0 (26656504)|HEAP_ALLOCATE|[143]|Bytes:139
13:29:37.0 (26673266)|HEAP_ALLOCATE|[143]|Bytes:145
13:29:37.0 (26684136)|USER_DEBUG|[143]|DEBUG|prById{a0q0E0000008S3WQAU=Projecten__c:{Id=a0q0E0000008S3WQAU, Name=5700}, a0q0E0000008S3bQAE=Projecten__c:{Id=a0q0E0000008S3bQAE, Name=2165103}}
13:29:37.0 (26689203)|STATEMENT_EXECUTE|[144]
13:29:37.0 (26716540)|HEAP_ALLOCATE|[EXTERNAL]|Bytes:12
13:29:37.0 (26724645)|HEAP_ALLOCATE|[144]|Bytes:95
13:29:37.0 (26772074)|HEAP_ALLOCATE|[144]|Bytes:12
13:29:37.0 (26839771)|VARIABLE_ASSIGNMENT|[EXTERNAL]|this|{"detail":"0xdda5557","www":"0x7e4f33d2","wwwById":"0x3ca16c5d"}|0x47faec2c
13:29:37.0 (26843844)|STATEMENT_EXECUTE|[3]
13:29:37.0 (26846264)|STATEMENT_EXECUTE|[4]
13:29:37.0 (26847250)|STATEMENT_EXECUTE|[9]
13:29:37.0 (26884942)|VARIABLE_ASSIGNMENT|[144]|this.Project__c|"a0q0E0000008S3bQAE"|0xdda5557
13:29:37.0 (26912219)|HEAP_ALLOCATE|[EXTERNAL]|Bytes:12
13:29:37.0 (26918810)|HEAP_ALLOCATE|[145]|Bytes:95
13:29:37.0 (27067778)|HEAP_ALLOCATE|[145]|Bytes:5
13:29:37.0 (27082155)|HEAP_ALLOCATE|[145]|Bytes:12
13:29:37.0 (27088659)|VARIABLE_SCOPE_BEGIN|[145]|rec|Projecten__c|true|false
13:29:37.0 (27098900)|VARIABLE_ASSIGNMENT|[145]|rec|{"Id":"a0q0E0000008S3bQAE","Name":"2165103"}|0x644babd0
13:29:37.0 (27102203)|STATEMENT_EXECUTE|[145]
13:29:37.0 (27147715)|VARIABLE_ASSIGNMENT|[EXTERNAL]|this|{"detail":"0xdda5557","www":"0x7e4f33d2","wwwById":"0x3ca16c5d"}|0x47faec2c
13:29:37.0 (27151641)|STATEMENT_EXECUTE|[21]
13:29:37.0 (27153679)|STATEMENT_EXECUTE|[22]
13:29:37.0 (27154738)|STATEMENT_EXECUTE|[26]
13:29:37.0 (27161224)|STATEMENT_EXECUTE|[146]
13:29:37.0 (27162352)|STATEMENT_EXECUTE|[147]
13:29:37.0 (27198968)|VARIABLE_ASSIGNMENT|[EXTERNAL]|this|{"detail":"0xdda5557","www":"0x7e4f33d2","wwwById":"0x3ca16c5d"}|0x47faec2c
13:29:37.0 (27201979)|STATEMENT_EXECUTE|[21]
13:29:37.0 (27203363)|STATEMENT_EXECUTE|[22]
13:29:37.0 (27204444)|STATEMENT_EXECUTE|[26]
13:29:37.0 (27248687)|VARIABLE_ASSIGNMENT|[147]|this.Project__c|"a0q0E0000008S3bQAE"|0x7e4f33d2
13:29:37.0 (27251969)|STATEMENT_EXECUTE|[150]
13:29:37.0 (27268142)|HEAP_ALLOCATE|[150]|Bytes:18
13:29:37.0 (27329870)|HEAP_ALLOCATE|[EXTERNAL]|Bytes:4
13:29:37.0 (27343374)|HEAP_ALLOCATE|[145]|Bytes:5
13:29:37.0 (27351928)|HEAP_ALLOCATE|[145]|Bytes:12
13:29:37.0 (27356652)|VARIABLE_SCOPE_BEGIN|[145]|rec|Projecten__c|true|false
13:29:37.0 (27366114)|VARIABLE_ASSIGNMENT|[145]|rec|{"Id":"a0q0E0000008S3WQAU","Name":"5700"}|0x486ca86a
13:29:37.0 (27368910)|STATEMENT_EXECUTE|[145]
13:29:37.0 (27400975)|VARIABLE_ASSIGNMENT|[EXTERNAL]|this|{"detail":"0xdda5557","www":"0x7e4f33d2","wwwById":"0x3ca16c5d"}|0x47faec2c
13:29:37.0 (27403655)|STATEMENT_EXECUTE|[21]
13:29:37.0 (27405312)|STATEMENT_EXECUTE|[22]
13:29:37.0 (27406338)|STATEMENT_EXECUTE|[26]
13:29:37.0 (27426071)|STATEMENT_EXECUTE|[146]
13:29:37.0 (27427566)|STATEMENT_EXECUTE|[150]
13:29:37.0 (27435125)|HEAP_ALLOCATE|[150]|Bytes:18
13:29:37.0 (27446373)|HEAP_ALLOCATE|[EXTERNAL]|Bytes:4
13:29:37.0 (27455015)|HEAP_ALLOCATE|[145]|Bytes:5
13:29:37.0 (27463136)|VARIABLE_ASSIGNMENT|[145]|rec|null|
13:29:37.0 (27466117)|STATEMENT_EXECUTE|[152]
13:29:37.0 (27469733)|METHOD_EXIT|[181]|01p2400000DUtXT|NewDeliveredExtension.getProjects()
13:29:37.28 (28795528)|SYSTEM_MODE_ENTER|true
13:29:37.28 (28828361)|HEAP_ALLOCATE|[EXTERNAL]|Bytes:38
13:29:37.28 (28833302)|HEAP_ALLOCATE|[EXTERNAL]|Bytes:7
13:29:37.28 (28841491)|SYSTEM_METHOD_ENTRY|[1]|PageMessagesComponentController.PageMessagesComponentController()
13:29:37.28 (28844240)|STATEMENT_EXECUTE|[1]
13:29:37.28 (28975521)|SYSTEM_MODE_ENTER|true
13:29:37.28 (29020924)|HEAP_ALLOCATE|[EXTERNAL]|Bytes:8
13:29:37.28 (29026834)|VARIABLE_SCOPE_BEGIN|[88]|this|ApexPage.PageMessagesComponentController|true|false
13:29:37.28 (29044891)|VARIABLE_ASSIGNMENT|[88]|this|{}|0x1288d8c7
13:29:37.28 (29047303)|VARIABLE_SCOPE_BEGIN|[88]|escape|Boolean|false|false
13:29:37.28 (29050253)|VARIABLE_ASSIGNMENT|[88]|escape|null
13:29:37.29 (29181888)|SYSTEM_MODE_ENTER|true
13:29:37.29 (29205124)|HEAP_ALLOCATE|[EXTERNAL]|Bytes:8
13:29:37.29 (29209339)|VARIABLE_SCOPE_BEGIN|[2]|this|ApexPage.PageMessagesComponentController|true|false
13:29:37.29 (29222301)|VARIABLE_ASSIGNMENT|[2]|this|{}|0x1288d8c7
13:29:37.42 (42441046)|SYSTEM_MODE_ENTER|true
13:29:37.42 (42488766)|HEAP_ALLOCATE|[EXTERNAL]|Bytes:8
13:29:37.42 (42494447)|VARIABLE_SCOPE_BEGIN|[88]|this|ApexPage.PageMessagesComponentController|true|false
13:29:37.42 (42511509)|VARIABLE_ASSIGNMENT|[88]|this|{}|0x1288d8c7
13:29:37.42 (42513967)|VARIABLE_SCOPE_BEGIN|[88]|escape|Boolean|false|false
13:29:37.42 (42517197)|VARIABLE_ASSIGNMENT|[88]|escape|null
13:29:37.42 (42616609)|SYSTEM_MODE_ENTER|true
13:29:37.42 (42639292)|HEAP_ALLOCATE|[EXTERNAL]|Bytes:8
13:29:37.42 (42643361)|VARIABLE_SCOPE_BEGIN|[2]|this|ApexPage.PageMessagesComponentController|true|false
13:29:37.42 (42655785)|VARIABLE_ASSIGNMENT|[2]|this|{}|0x1288d8c7
13:29:37.0 (43147585)|SYSTEM_MODE_ENTER|true
13:29:37.0 (43173141)|HEAP_ALLOCATE|[EXTERNAL]|Bytes:80
13:29:37.0 (43178441)|VARIABLE_SCOPE_BEGIN|[109]|this|NewDeliveredExtension|true|false
13:29:37.0 (43216602)|VARIABLE_ASSIGNMENT|[109]|this|{"detail":"0xdda5557","www":"0x7e4f33d2","wwwById":"0x3ca16c5d"}|0x47faec2c
13:29:37.0 (43223315)|STATEMENT_EXECUTE|[109]
13:29:37.0 (43224877)|STATEMENT_EXECUTE|[111]
13:29:37.0 (43229340)|HEAP_ALLOCATE|[111]|Bytes:4
13:29:37.0 (43248793)|VARIABLE_SCOPE_BEGIN|[111]|options|List<System.SelectOption>|true|false
13:29:37.0 (43260635)|HEAP_ALLOCATE|[EXTERNAL]|Bytes:4
13:29:37.0 (43267623)|VARIABLE_ASSIGNMENT|[111]|options|[]|0x37a858a9
13:29:37.0 (43269829)|STATEMENT_EXECUTE|[112]
13:29:37.0 (43273340)|HEAP_ALLOCATE|[112]|Bytes:4
13:29:37.0 (43277226)|HEAP_ALLOCATE|[112]|Bytes:4
13:29:37.0 (43437167)|SOQL_EXECUTE_BEGIN|[112]|Aggregations:0|SELECT Id, Name, DeveloperName FROM RecordType WHERE sobjectType = 'WWW_detail__c'
13:29:37.0 (45764158)|SOQL_EXECUTE_END|[112]|Rows:5
13:29:37.0 (45777958)|HEAP_ALLOCATE|[112]|Bytes:24
13:29:37.0 (45798477)|HEAP_ALLOCATE|[112]|Bytes:371
13:29:37.0 (45811931)|HEAP_ALLOCATE|[112]|Bytes:24
13:29:37.0 (45831284)|HEAP_ALLOCATE|[112]|Bytes:16
13:29:37.0 (45839081)|HEAP_ALLOCATE|[112]|Bytes:4
13:29:37.0 (45845861)|HEAP_ALLOCATE|[112]|Bytes:16
13:29:37.0 (45849304)|HEAP_ALLOCATE|[112]|Bytes:4
13:29:37.0 (45853338)|HEAP_ALLOCATE|[112]|Bytes:16
13:29:37.0 (45856293)|HEAP_ALLOCATE|[112]|Bytes:4
13:29:37.0 (45859975)|HEAP_ALLOCATE|[112]|Bytes:16
13:29:37.0 (45862940)|HEAP_ALLOCATE|[112]|Bytes:4
13:29:37.0 (45866579)|HEAP_ALLOCATE|[112]|Bytes:16
13:29:37.0 (45869551)|HEAP_ALLOCATE|[112]|Bytes:4
13:29:37.0 (45874145)|VARIABLE_SCOPE_BEGIN|[112]|recByNames|Map<Id,RecordType>|true|false
13:29:37.0 (45905461)|VARIABLE_ASSIGNMENT|[112]|recByNames|{"01224000000Sn4NAAS":{"Id":"01224000000Sn4NAAS","Name":"Afleveren","DeveloperName":"Delivered_2_Project"},"01224000000Sn4OAAS":{"Id":"01224000000Sn4OAAS","Name":"Afroepen","DeveloperName":"Invoked"},"01224000000Sn4PAAS":{"Id":"01224000000Sn4PAAS","Name":"Afwijzen","DeveloperName":"Rejected"},"01224000000Sn4MAAS":{"Id":"01224000000Sn4MAAS","Name":"Ontvangen","DeveloperName":"Delivered_2_Hub"},"01224000000Sn4QAAS":{"Id":"01224000000Sn4QAAS","Name":"Verwachten","DeveloperName":"Reserved"}}|0x47072d98
13:29:37.0 (45935244)|HEAP_ALLOCATE|[EXTERNAL]|Bytes:24
13:29:37.0 (45946380)|HEAP_ALLOCATE|[114]|Bytes:390
13:29:37.0 (46072519)|HEAP_ALLOCATE|[114]|Bytes:5
13:29:37.0 (46084150)|HEAP_ALLOCATE|[114]|Bytes:16
13:29:37.0 (46090800)|VARIABLE_SCOPE_BEGIN|[114]|rec|RecordType|true|false
13:29:37.0 (46101421)|VARIABLE_ASSIGNMENT|[114]|rec|{"Id":"01224000000Sn4NAAS","Name":"Afleveren","DeveloperName":"Delivered_2_Project"}|0x1757b8e4
13:29:37.0 (46105031)|STATEMENT_EXECUTE|[114]
13:29:37.0 (46106453)|STATEMENT_EXECUTE|[116]
13:29:37.0 (46138141)|HEAP_ALLOCATE|[116]|Bytes:18
13:29:37.0 (46192096)|HEAP_ALLOCATE|[EXTERNAL]|Bytes:4
13:29:37.0 (46204337)|HEAP_ALLOCATE|[114]|Bytes:5
13:29:37.0 (46212103)|HEAP_ALLOCATE|[114]|Bytes:16
13:29:37.0 (46216822)|VARIABLE_SCOPE_BEGIN|[114]|rec|RecordType|true|false
13:29:37.0 (46225930)|VARIABLE_ASSIGNMENT|[114]|rec|{"Id":"01224000000Sn4OAAS","Name":"Afroepen","DeveloperName":"Invoked"}|0x75f065b2
13:29:37.0 (46228657)|STATEMENT_EXECUTE|[114]
13:29:37.0 (46229786)|STATEMENT_EXECUTE|[116]
13:29:37.0 (46238109)|HEAP_ALLOCATE|[116]|Bytes:18
13:29:37.0 (46247761)|HEAP_ALLOCATE|[EXTERNAL]|Bytes:4
13:29:37.0 (46255284)|HEAP_ALLOCATE|[114]|Bytes:5
13:29:37.0 (46260561)|HEAP_ALLOCATE|[114]|Bytes:16
13:29:37.0 (46263794)|VARIABLE_SCOPE_BEGIN|[114]|rec|RecordType|true|false
13:29:37.0 (46270037)|VARIABLE_ASSIGNMENT|[114]|rec|{"Id":"01224000000Sn4PAAS","Name":"Afwijzen","DeveloperName":"Rejected"}|0x146221be
13:29:37.0 (46272528)|STATEMENT_EXECUTE|[114]
13:29:37.0 (46273767)|STATEMENT_EXECUTE|[116]
13:29:37.0 (46278774)|HEAP_ALLOCATE|[116]|Bytes:18
13:29:37.0 (46286015)|HEAP_ALLOCATE|[EXTERNAL]|Bytes:4
13:29:37.0 (46292257)|HEAP_ALLOCATE|[114]|Bytes:5
13:29:37.0 (46296686)|HEAP_ALLOCATE|[114]|Bytes:16
13:29:37.0 (46299315)|VARIABLE_SCOPE_BEGIN|[114]|rec|RecordType|true|false
13:29:37.0 (46305052)|VARIABLE_ASSIGNMENT|[114]|rec|{"Id":"01224000000Sn4MAAS","Name":"Ontvangen","DeveloperName":"Delivered_2_Hub"}|0x45c77417
13:29:37.0 (46307087)|STATEMENT_EXECUTE|[114]
13:29:37.0 (46308132)|STATEMENT_EXECUTE|[116]
13:29:37.0 (46312775)|HEAP_ALLOCATE|[116]|Bytes:18
13:29:37.0 (46319050)|HEAP_ALLOCATE|[EXTERNAL]|Bytes:4
13:29:37.0 (46324885)|HEAP_ALLOCATE|[114]|Bytes:5
13:29:37.0 (46329311)|HEAP_ALLOCATE|[114]|Bytes:16
13:29:37.0 (46331856)|VARIABLE_SCOPE_BEGIN|[114]|rec|RecordType|true|false
13:29:37.0 (46337051)|VARIABLE_ASSIGNMENT|[114]|rec|{"Id":"01224000000Sn4QAAS","Name":"Verwachten","DeveloperName":"Reserved"}|0x6f7d64d3
13:29:37.0 (46339050)|STATEMENT_EXECUTE|[114]
13:29:37.0 (46340104)|STATEMENT_EXECUTE|[116]
13:29:37.0 (46344302)|HEAP_ALLOCATE|[116]|Bytes:18
13:29:37.0 (46350404)|HEAP_ALLOCATE|[EXTERNAL]|Bytes:4
13:29:37.0 (46356061)|HEAP_ALLOCATE|[114]|Bytes:5
13:29:37.0 (46361869)|VARIABLE_ASSIGNMENT|[114]|rec|null|
13:29:37.0 (46364302)|STATEMENT_EXECUTE|[120]
13:29:37.0 (46945129)|SYSTEM_MODE_ENTER|true
13:29:37.0 (48024098)|VF_SERIALIZE_VIEWSTATE_BEGIN|06624000003h0Dq
13:29:37.0 (50441733)|VF_SERIALIZE_VIEWSTATE_END
13:29:37.52 (52943991)|CUMULATIVE_LIMIT_USAGE
13:29:37.52 (52943991)|LIMIT_USAGE_FOR_NS|(default)|
  Number of SOQL queries: 4 out of 100
  Number of query rows: 16 out of 50000
  Number of SOSL queries: 0 out of 20
  Number of DML statements: 0 out of 150
  Number of DML rows: 0 out of 10000
  Maximum CPU time: 0 out of 10000
  Maximum heap size: 0 out of 6000000
  Number of callouts: 0 out of 100
  Number of Email Invocations: 0 out of 10
  Number of future calls: 0 out of 50
  Number of queueable jobs added to the queue: 0 out of 50
  Number of Mobile Apex push calls: 0 out of 10

13:29:37.52 (52943991)|CUMULATIVE_LIMIT_USAGE_END

13:29:37.0 (52976952)|CODE_UNIT_FINISHED|VF: /apex/ChoseRecordType
13:29:37.0 (54004682)|EXECUTION_FINISHED
