38.0 APEX_CODE,FINEST;APEX_PROFILING,INFO;CALLOUT,INFO;DB,INFO;SYSTEM,DEBUG;VALIDATION,INFO;VISUALFORCE,INFO;WAVE,INFO;WORKFLOW,INFO
12:13:38.0 (63495)|USER_INFO|[EXTERNAL]|00524000001e3Uj|bedrijfsbureau@gsa.nl.sandbox|Midden-Europese standaardtijd|GMT+01:00
12:13:38.0 (96954)|EXECUTION_STARTED
12:13:38.0 (101228)|CODE_UNIT_STARTED|[EXTERNAL]|06624000003h0Dg|VF: /apex/New_delivered_detail
12:13:38.0 (244596)|VF_DESERIALIZE_VIEWSTATE_BEGIN|06624000003h0Dg
12:13:38.0 (5237648)|HEAP_ALLOCATE|[72]|Bytes:3
12:13:38.0 (5280640)|HEAP_ALLOCATE|[77]|Bytes:152
12:13:38.0 (5296393)|HEAP_ALLOCATE|[342]|Bytes:408
12:13:38.0 (5311179)|HEAP_ALLOCATE|[355]|Bytes:408
12:13:38.0 (5324797)|HEAP_ALLOCATE|[467]|Bytes:48
12:13:38.0 (5354534)|HEAP_ALLOCATE|[139]|Bytes:6
12:13:38.0 (5391905)|HEAP_ALLOCATE|[50]|Bytes:5
12:13:38.0 (5413001)|HEAP_ALLOCATE|[56]|Bytes:5
12:13:38.0 (5419618)|HEAP_ALLOCATE|[64]|Bytes:7
12:13:38.0 (9759472)|VF_DESERIALIZE_VIEWSTATE_END
12:13:38.10 (10452803)|SYSTEM_MODE_ENTER|true
12:13:38.10 (10511247)|HEAP_ALLOCATE|[EXTERNAL]|Bytes:38
12:13:38.10 (10518063)|HEAP_ALLOCATE|[EXTERNAL]|Bytes:7
12:13:38.10 (10525741)|SYSTEM_METHOD_ENTRY|[1]|PageMessagesComponentController.PageMessagesComponentController()
12:13:38.10 (10529297)|STATEMENT_EXECUTE|[1]
12:13:38.11 (11305005)|SYSTEM_MODE_ENTER|true
12:13:38.11 (11348886)|HEAP_ALLOCATE|[EXTERNAL]|Bytes:8
12:13:38.11 (11354885)|VARIABLE_SCOPE_BEGIN|[88]|this|ApexPage.PageMessagesComponentController|true|false
12:13:38.11 (11392162)|VARIABLE_ASSIGNMENT|[88]|this|{}|0x5d820c0b
12:13:38.11 (11394811)|VARIABLE_SCOPE_BEGIN|[88]|escape|Boolean|false|false
12:13:38.11 (11399983)|VARIABLE_ASSIGNMENT|[88]|escape|null
12:13:38.0 (11618774)|SYSTEM_MODE_ENTER|true
12:13:38.0 (11798084)|HEAP_ALLOCATE|[EXTERNAL]|Bytes:11
12:13:38.0 (11805689)|HEAP_ALLOCATE|[EXTERNAL]|Bytes:408
12:13:38.0 (11808737)|HEAP_ALLOCATE|[EXTERNAL]|Bytes:120
12:13:38.0 (11810969)|HEAP_ALLOCATE|[EXTERNAL]|Bytes:108
12:13:38.0 (11816982)|METHOD_ENTRY|[1]|01p2400000DUtXT|NewDeliveredExtension.NewDeliveredExtension()
12:13:38.0 (11819464)|STATEMENT_EXECUTE|[1]
12:13:38.0 (11823037)|STATEMENT_EXECUTE|[1]
12:13:38.0 (11824487)|STATEMENT_EXECUTE|[527]
12:13:38.0 (11828067)|METHOD_EXIT|[1]|NewDeliveredExtension
12:13:38.0 (11831927)|HEAP_ALLOCATE|[EXTERNAL]|Bytes:80
12:13:38.0 (11898263)|VARIABLE_ASSIGNMENT|[EXTERNAL]|this|{"delToHub":true,"delToProj":false,"detail":"0x4a4ccfe5","invoked":false,"rejected":false,"reserved":false,"selectedTime3":"8:00","sublocations1":"0x7911feb1","www":"0x2034b26d","wwwById":"0x49702345"}|0x16d1806
12:13:38.0 (11904879)|STATEMENT_EXECUTE|[196]
12:13:38.0 (11908575)|STATEMENT_EXECUTE|[197]
12:13:38.0 (11910142)|STATEMENT_EXECUTE|[200]
12:13:38.0 (11971995)|SYSTEM_MODE_ENTER|true
12:13:38.0 (11999408)|HEAP_ALLOCATE|[EXTERNAL]|Bytes:80
12:13:38.0 (12041118)|VARIABLE_ASSIGNMENT|[EXTERNAL]|this|{"delToHub":true,"delToProj":false,"detail":"0x4a4ccfe5","invoked":false,"rejected":false,"reserved":false,"selectedTime3":"8:00","sublocations1":"0x7911feb1","www":"0x2034b26d","wwwById":"0x49702345"}|0x16d1806
12:13:38.0 (12047724)|STATEMENT_EXECUTE|[229]
12:13:38.0 (12050175)|STATEMENT_EXECUTE|[230]
12:13:38.0 (12051475)|STATEMENT_EXECUTE|[233]
12:13:38.0 (12134994)|SYSTEM_MODE_ENTER|true
12:13:38.0 (12153775)|HEAP_ALLOCATE|[EXTERNAL]|Bytes:80
12:13:38.0 (12194333)|VARIABLE_ASSIGNMENT|[EXTERNAL]|this|{"delToHub":true,"delToProj":false,"detail":"0x4a4ccfe5","invoked":false,"rejected":false,"reserved":false,"selectedTime3":"8:00","sublocations1":"0x7911feb1","www":"0x2034b26d","wwwById":"0x49702345"}|0x16d1806
12:13:38.0 (12200372)|STATEMENT_EXECUTE|[3]
12:13:38.0 (12203483)|STATEMENT_EXECUTE|[4]
12:13:38.0 (12204886)|STATEMENT_EXECUTE|[9]
12:13:38.0 (163854969)|SYSTEM_MODE_ENTER|true
12:13:38.0 (163908577)|HEAP_ALLOCATE|[EXTERNAL]|Bytes:80
12:13:38.0 (164004116)|VARIABLE_ASSIGNMENT|[EXTERNAL]|this|{"delToHub":true,"delToProj":false,"detail":"0x4a4ccfe5","invoked":false,"rejected":false,"reserved":false,"selectedTime3":"8:00","sublocations1":"0x7911feb1","www":"0x2034b26d","wwwById":"0x49702345"}|0x16d1806
12:13:38.0 (164015078)|STATEMENT_EXECUTE|[186]
12:13:38.0 (164019325)|STATEMENT_EXECUTE|[187]
12:13:38.0 (164021064)|STATEMENT_EXECUTE|[190]
12:13:38.0 (164552164)|SYSTEM_MODE_ENTER|true
12:13:38.0 (164579171)|HEAP_ALLOCATE|[EXTERNAL]|Bytes:80
12:13:38.0 (164628146)|VARIABLE_ASSIGNMENT|[EXTERNAL]|this|{"delToHub":true,"delToProj":false,"detail":"0x4a4ccfe5","invoked":false,"rejected":false,"reserved":false,"selectedTime3":"8:00","sublocations1":"0x7911feb1","www":"0x2034b26d","wwwById":"0x49702345"}|0x16d1806
12:13:38.0 (164634876)|STATEMENT_EXECUTE|[204]
12:13:38.0 (164638290)|STATEMENT_EXECUTE|[205]
12:13:38.0 (164639641)|STATEMENT_EXECUTE|[208]
12:13:38.0 (164693303)|SYSTEM_MODE_ENTER|true
12:13:38.0 (164713664)|HEAP_ALLOCATE|[EXTERNAL]|Bytes:80
12:13:38.0 (164753070)|VARIABLE_ASSIGNMENT|[EXTERNAL]|this|{"delToHub":true,"delToProj":false,"detail":"0x4a4ccfe5","invoked":false,"rejected":false,"reserved":false,"selectedTime3":"8:00","sublocations1":"0x7911feb1","www":"0x2034b26d","wwwById":"0x49702345"}|0x16d1806
12:13:38.0 (164758704)|STATEMENT_EXECUTE|[220]
12:13:38.0 (164760824)|STATEMENT_EXECUTE|[221]
12:13:38.0 (164761976)|STATEMENT_EXECUTE|[224]
12:13:38.0 (164808741)|SYSTEM_MODE_ENTER|true
12:13:38.0 (164827424)|HEAP_ALLOCATE|[EXTERNAL]|Bytes:80
12:13:38.0 (164864808)|VARIABLE_ASSIGNMENT|[EXTERNAL]|this|{"delToHub":true,"delToProj":false,"detail":"0x4a4ccfe5","invoked":false,"rejected":false,"reserved":false,"selectedTime3":"8:00","sublocations1":"0x7911feb1","www":"0x2034b26d","wwwById":"0x49702345"}|0x16d1806
12:13:38.0 (164869508)|STATEMENT_EXECUTE|[212]
12:13:38.0 (164872341)|STATEMENT_EXECUTE|[213]
12:13:38.0 (164873609)|STATEMENT_EXECUTE|[216]
12:13:38.0 (164950872)|SYSTEM_MODE_ENTER|true
12:13:38.0 (164968410)|HEAP_ALLOCATE|[EXTERNAL]|Bytes:80
12:13:38.0 (165015387)|VARIABLE_ASSIGNMENT|[EXTERNAL]|this|{"delToHub":true,"delToProj":false,"detail":"0x4a4ccfe5","invoked":false,"rejected":false,"reserved":false,"selectedTime3":"8:00","sublocations1":"0x7911feb1","www":"0x2034b26d","wwwById":"0x49702345"}|0x16d1806
12:13:38.0 (165021812)|STATEMENT_EXECUTE|[21]
12:13:38.0 (165024214)|STATEMENT_EXECUTE|[22]
12:13:38.0 (165025476)|STATEMENT_EXECUTE|[26]
12:13:38.0 (335645082)|SYSTEM_MODE_ENTER|true
12:13:38.0 (335707559)|HEAP_ALLOCATE|[EXTERNAL]|Bytes:80
12:13:38.0 (335719922)|VARIABLE_SCOPE_BEGIN|[48]|this|NewDeliveredExtension|true|false
12:13:38.0 (335802608)|VARIABLE_ASSIGNMENT|[48]|this|{"delToHub":true,"delToProj":false,"detail":"0x4a4ccfe5","invoked":false,"rejected":false,"reserved":false,"selectedTime3":"8:00","sublocations1":"0x7911feb1","www":"0x2034b26d","wwwById":"0x49702345"}|0x16d1806
12:13:38.0 (335814642)|STATEMENT_EXECUTE|[48]
12:13:38.0 (335816443)|STATEMENT_EXECUTE|[49]
12:13:38.0 (335823106)|HEAP_ALLOCATE|[49]|Bytes:4
12:13:38.0 (335869375)|VARIABLE_SCOPE_BEGIN|[49]|options|List<System.SelectOption>|true|false
12:13:38.0 (335913979)|HEAP_ALLOCATE|[EXTERNAL]|Bytes:4
12:13:38.0 (335924015)|VARIABLE_ASSIGNMENT|[49]|options|[]|0x4f1344b0
12:13:38.0 (335928023)|STATEMENT_EXECUTE|[50]
12:13:38.0 (335934217)|VARIABLE_SCOPE_BEGIN|[50]|i|Integer|false|false
12:13:38.0 (335938065)|HEAP_ALLOCATE|[50]|Bytes:4
12:13:38.0 (335955821)|VARIABLE_ASSIGNMENT|[50]|i|0
12:13:38.0 (335963205)|STATEMENT_EXECUTE|[50]
12:13:38.0 (335966050)|STATEMENT_EXECUTE|[51]
12:13:38.0 (335968636)|VARIABLE_SCOPE_BEGIN|[51]|j|Integer|false|false
12:13:38.0 (335970797)|HEAP_ALLOCATE|[51]|Bytes:4
12:13:38.0 (335973893)|VARIABLE_ASSIGNMENT|[51]|j|0
12:13:38.0 (335976379)|STATEMENT_EXECUTE|[51]
12:13:38.0 (335978408)|STATEMENT_EXECUTE|[52]
12:13:38.0 (335979503)|STATEMENT_EXECUTE|[53]
12:13:38.0 (336056602)|HEAP_ALLOCATE|[53]|Bytes:1
12:13:38.0 (336077566)|HEAP_ALLOCATE|[53]|Bytes:2
12:13:38.0 (336092486)|HEAP_ALLOCATE|[53]|Bytes:1
12:13:38.0 (336109770)|HEAP_ALLOCATE|[53]|Bytes:4
12:13:38.0 (336116550)|HEAP_ALLOCATE|[53]|Bytes:1
12:13:38.0 (336124972)|HEAP_ALLOCATE|[53]|Bytes:1
12:13:38.0 (336130817)|HEAP_ALLOCATE|[53]|Bytes:4
12:13:38.0 (336163420)|HEAP_ALLOCATE|[EXTERNAL]|Bytes:4
12:13:38.0 (336174595)|HEAP_ALLOCATE|[51]|Bytes:4
12:13:38.0 (336181102)|VARIABLE_ASSIGNMENT|[51]|j|30
12:13:38.0 (336184745)|STATEMENT_EXECUTE|[51]
12:13:38.0 (336187446)|STATEMENT_EXECUTE|[54]
12:13:38.0 (336188509)|STATEMENT_EXECUTE|[55]
12:13:38.0 (336208231)|HEAP_ALLOCATE|[55]|Bytes:1
12:13:38.0 (336215494)|HEAP_ALLOCATE|[55]|Bytes:1
12:13:38.0 (336224586)|HEAP_ALLOCATE|[55]|Bytes:2
12:13:38.0 (336230981)|HEAP_ALLOCATE|[55]|Bytes:4
12:13:38.0 (336236179)|HEAP_ALLOCATE|[55]|Bytes:1
12:13:38.0 (336244038)|HEAP_ALLOCATE|[55]|Bytes:2
12:13:38.0 (336249426)|HEAP_ALLOCATE|[55]|Bytes:4
12:13:38.0 (336262714)|HEAP_ALLOCATE|[EXTERNAL]|Bytes:4
12:13:38.0 (336267801)|HEAP_ALLOCATE|[51]|Bytes:4
12:13:38.0 (336272294)|VARIABLE_ASSIGNMENT|[51]|j|60
12:13:38.0 (336276447)|HEAP_ALLOCATE|[50]|Bytes:4
12:13:38.0 (336279948)|VARIABLE_ASSIGNMENT|[50]|i|1
12:13:38.0 (336282645)|STATEMENT_EXECUTE|[50]
12:13:38.0 (336284218)|STATEMENT_EXECUTE|[51]
12:13:38.0 (336286568)|VARIABLE_SCOPE_BEGIN|[51]|j|Integer|false|false
12:13:38.0 (336288525)|HEAP_ALLOCATE|[51]|Bytes:4
12:13:38.0 (336291465)|VARIABLE_ASSIGNMENT|[51]|j|0
12:13:38.0 (336293143)|STATEMENT_EXECUTE|[51]
12:13:38.0 (336294619)|STATEMENT_EXECUTE|[52]
12:13:38.0 (336295597)|STATEMENT_EXECUTE|[53]
12:13:38.0 (336303671)|HEAP_ALLOCATE|[53]|Bytes:1
12:13:38.0 (336314597)|HEAP_ALLOCATE|[53]|Bytes:1
12:13:38.0 (336320546)|HEAP_ALLOCATE|[53]|Bytes:4
12:13:38.0 (336325572)|HEAP_ALLOCATE|[53]|Bytes:1
12:13:38.0 (336333213)|HEAP_ALLOCATE|[53]|Bytes:1
12:13:38.0 (336338451)|HEAP_ALLOCATE|[53]|Bytes:4
12:13:38.0 (336344629)|HEAP_ALLOCATE|[EXTERNAL]|Bytes:4
12:13:38.0 (336348342)|HEAP_ALLOCATE|[51]|Bytes:4
12:13:38.0 (336352164)|VARIABLE_ASSIGNMENT|[51]|j|30
12:13:38.0 (336354263)|STATEMENT_EXECUTE|[51]
12:13:38.0 (336355835)|STATEMENT_EXECUTE|[54]
12:13:38.0 (336356819)|STATEMENT_EXECUTE|[55]
12:13:38.0 (336363077)|HEAP_ALLOCATE|[55]|Bytes:1
12:13:38.0 (336371349)|HEAP_ALLOCATE|[55]|Bytes:2
12:13:38.0 (336376647)|HEAP_ALLOCATE|[55]|Bytes:4
12:13:38.0 (336381661)|HEAP_ALLOCATE|[55]|Bytes:1
12:13:38.0 (336389380)|HEAP_ALLOCATE|[55]|Bytes:2
12:13:38.0 (336394473)|HEAP_ALLOCATE|[55]|Bytes:4
12:13:38.0 (336399174)|HEAP_ALLOCATE|[EXTERNAL]|Bytes:4
12:13:38.0 (336402360)|HEAP_ALLOCATE|[51]|Bytes:4
12:13:38.0 (336405328)|VARIABLE_ASSIGNMENT|[51]|j|60
12:13:38.0 (336407343)|HEAP_ALLOCATE|[50]|Bytes:4
12:13:38.0 (336410153)|VARIABLE_ASSIGNMENT|[50]|i|2
12:13:38.0 (336411866)|STATEMENT_EXECUTE|[50]
12:13:38.0 (336413116)|STATEMENT_EXECUTE|[51]
12:13:38.0 (336414989)|VARIABLE_SCOPE_BEGIN|[51]|j|Integer|false|false
12:13:38.0 (336416667)|HEAP_ALLOCATE|[51]|Bytes:4
12:13:38.0 (336419293)|VARIABLE_ASSIGNMENT|[51]|j|0
12:13:38.0 (336421402)|STATEMENT_EXECUTE|[51]
12:13:38.0 (336422925)|STATEMENT_EXECUTE|[52]
12:13:38.0 (336423926)|STATEMENT_EXECUTE|[53]
12:13:38.0 (336429930)|HEAP_ALLOCATE|[53]|Bytes:1
12:13:38.0 (336438035)|HEAP_ALLOCATE|[53]|Bytes:1
12:13:38.0 (336443520)|HEAP_ALLOCATE|[53]|Bytes:4
12:13:38.0 (336448424)|HEAP_ALLOCATE|[53]|Bytes:1
12:13:38.0 (336455955)|HEAP_ALLOCATE|[53]|Bytes:1
12:13:38.0 (336461088)|HEAP_ALLOCATE|[53]|Bytes:4
12:13:38.0 (336465796)|HEAP_ALLOCATE|[EXTERNAL]|Bytes:4
12:13:38.0 (336469061)|HEAP_ALLOCATE|[51]|Bytes:4
12:13:38.0 (336472122)|VARIABLE_ASSIGNMENT|[51]|j|30
12:13:38.0 (336474113)|STATEMENT_EXECUTE|[51]
12:13:38.0 (336475547)|STATEMENT_EXECUTE|[54]
12:13:38.0 (336476562)|STATEMENT_EXECUTE|[55]
12:13:38.0 (336482225)|HEAP_ALLOCATE|[55]|Bytes:1
12:13:38.0 (336490554)|HEAP_ALLOCATE|[55]|Bytes:2
12:13:38.0 (336495882)|HEAP_ALLOCATE|[55]|Bytes:4
12:13:38.0 (336500944)|HEAP_ALLOCATE|[55]|Bytes:1
12:13:38.0 (336508633)|HEAP_ALLOCATE|[55]|Bytes:2
12:13:38.0 (336513700)|HEAP_ALLOCATE|[55]|Bytes:4
12:13:38.0 (336518692)|HEAP_ALLOCATE|[EXTERNAL]|Bytes:4
12:13:38.0 (336522016)|HEAP_ALLOCATE|[51]|Bytes:4
12:13:38.0 (336526448)|VARIABLE_ASSIGNMENT|[51]|j|60
12:13:38.0 (336528295)|HEAP_ALLOCATE|[50]|Bytes:4
12:13:38.0 (336530969)|VARIABLE_ASSIGNMENT|[50]|i|3
12:13:38.0 (336532569)|STATEMENT_EXECUTE|[50]
12:13:38.0 (336533804)|STATEMENT_EXECUTE|[51]
12:13:38.0 (336535709)|VARIABLE_SCOPE_BEGIN|[51]|j|Integer|false|false
12:13:38.0 (336537171)|HEAP_ALLOCATE|[51]|Bytes:4
12:13:38.0 (336539751)|VARIABLE_ASSIGNMENT|[51]|j|0
12:13:38.0 (336541413)|STATEMENT_EXECUTE|[51]
12:13:38.0 (336542725)|STATEMENT_EXECUTE|[52]
12:13:38.0 (336543762)|STATEMENT_EXECUTE|[53]
12:13:38.0 (336549650)|HEAP_ALLOCATE|[53]|Bytes:1
12:13:38.0 (336557565)|HEAP_ALLOCATE|[53]|Bytes:1
12:13:38.0 (336562843)|HEAP_ALLOCATE|[53]|Bytes:4
12:13:38.0 (336567681)|HEAP_ALLOCATE|[53]|Bytes:1
12:13:38.0 (336575204)|HEAP_ALLOCATE|[53]|Bytes:1
12:13:38.0 (336580325)|HEAP_ALLOCATE|[53]|Bytes:4
12:13:38.0 (336584831)|HEAP_ALLOCATE|[EXTERNAL]|Bytes:4
12:13:38.0 (336588652)|HEAP_ALLOCATE|[51]|Bytes:4
12:13:38.0 (336591543)|VARIABLE_ASSIGNMENT|[51]|j|30
12:13:38.0 (336593301)|STATEMENT_EXECUTE|[51]
12:13:38.0 (336594732)|STATEMENT_EXECUTE|[54]
12:13:38.0 (336595815)|STATEMENT_EXECUTE|[55]
12:13:38.0 (336601387)|HEAP_ALLOCATE|[55]|Bytes:1
12:13:38.0 (336609263)|HEAP_ALLOCATE|[55]|Bytes:2
12:13:38.0 (336614478)|HEAP_ALLOCATE|[55]|Bytes:4
12:13:38.0 (336619409)|HEAP_ALLOCATE|[55]|Bytes:1
12:13:38.0 (336627004)|HEAP_ALLOCATE|[55]|Bytes:2
12:13:38.0 (336632031)|HEAP_ALLOCATE|[55]|Bytes:4
12:13:38.0 (336636461)|HEAP_ALLOCATE|[EXTERNAL]|Bytes:4
12:13:38.0 (336639766)|HEAP_ALLOCATE|[51]|Bytes:4
12:13:38.0 (336642539)|VARIABLE_ASSIGNMENT|[51]|j|60
12:13:38.0 (336644318)|HEAP_ALLOCATE|[50]|Bytes:4
12:13:38.0 (336646994)|VARIABLE_ASSIGNMENT|[50]|i|4
12:13:38.0 (336648711)|STATEMENT_EXECUTE|[50]
12:13:38.0 (336649945)|STATEMENT_EXECUTE|[51]
12:13:38.0 (336651813)|VARIABLE_SCOPE_BEGIN|[51]|j|Integer|false|false
12:13:38.0 (336653283)|HEAP_ALLOCATE|[51]|Bytes:4
12:13:38.0 (336656257)|VARIABLE_ASSIGNMENT|[51]|j|0
12:13:38.0 (336657841)|STATEMENT_EXECUTE|[51]
12:13:38.0 (336659157)|STATEMENT_EXECUTE|[52]
12:13:38.0 (336660173)|STATEMENT_EXECUTE|[53]
12:13:38.0 (336666220)|HEAP_ALLOCATE|[53]|Bytes:1
12:13:38.0 (336674531)|HEAP_ALLOCATE|[53]|Bytes:1
12:13:38.0 (336679662)|HEAP_ALLOCATE|[53]|Bytes:4
12:13:38.0 (336684511)|HEAP_ALLOCATE|[53]|Bytes:1
12:13:38.0 (336692061)|HEAP_ALLOCATE|[53]|Bytes:1
12:13:38.0 (336697205)|HEAP_ALLOCATE|[53]|Bytes:4
12:13:38.0 (336701740)|HEAP_ALLOCATE|[EXTERNAL]|Bytes:4
12:13:38.0 (336705084)|HEAP_ALLOCATE|[51]|Bytes:4
12:13:38.0 (336708125)|VARIABLE_ASSIGNMENT|[51]|j|30
12:13:38.0 (336709819)|STATEMENT_EXECUTE|[51]
12:13:38.0 (336711183)|STATEMENT_EXECUTE|[54]
12:13:38.0 (336712194)|STATEMENT_EXECUTE|[55]
12:13:38.0 (336717836)|HEAP_ALLOCATE|[55]|Bytes:1
12:13:38.0 (336725627)|HEAP_ALLOCATE|[55]|Bytes:2
12:13:38.0 (336730774)|HEAP_ALLOCATE|[55]|Bytes:4
12:13:38.0 (336735727)|HEAP_ALLOCATE|[55]|Bytes:1
12:13:38.0 (336743215)|HEAP_ALLOCATE|[55]|Bytes:2
12:13:38.0 (336748832)|HEAP_ALLOCATE|[55]|Bytes:4
12:13:38.0 (336753361)|HEAP_ALLOCATE|[EXTERNAL]|Bytes:4
12:13:38.0 (336756681)|HEAP_ALLOCATE|[51]|Bytes:4
12:13:38.0 (336759547)|VARIABLE_ASSIGNMENT|[51]|j|60
12:13:38.0 (336761397)|HEAP_ALLOCATE|[50]|Bytes:4
12:13:38.0 (336763991)|VARIABLE_ASSIGNMENT|[50]|i|5
12:13:38.0 (336765677)|STATEMENT_EXECUTE|[50]
12:13:38.0 (336766918)|STATEMENT_EXECUTE|[51]
12:13:38.0 (336768786)|VARIABLE_SCOPE_BEGIN|[51]|j|Integer|false|false
12:13:38.0 (336770177)|HEAP_ALLOCATE|[51]|Bytes:4
12:13:38.0 (336772672)|VARIABLE_ASSIGNMENT|[51]|j|0
12:13:38.0 (336774233)|STATEMENT_EXECUTE|[51]
12:13:38.0 (336775543)|STATEMENT_EXECUTE|[52]
12:13:38.0 (336776553)|STATEMENT_EXECUTE|[53]
12:13:38.0 (336782383)|HEAP_ALLOCATE|[53]|Bytes:1
12:13:38.0 (336790453)|HEAP_ALLOCATE|[53]|Bytes:1
12:13:38.0 (336795628)|HEAP_ALLOCATE|[53]|Bytes:4
12:13:38.0 (336800506)|HEAP_ALLOCATE|[53]|Bytes:1
12:13:38.0 (336808019)|HEAP_ALLOCATE|[53]|Bytes:1
12:13:38.0 (336813247)|HEAP_ALLOCATE|[53]|Bytes:4
12:13:38.0 (336818043)|HEAP_ALLOCATE|[EXTERNAL]|Bytes:4
12:13:38.0 (336821683)|HEAP_ALLOCATE|[51]|Bytes:4
12:13:38.0 (336824572)|VARIABLE_ASSIGNMENT|[51]|j|30
12:13:38.0 (336826274)|STATEMENT_EXECUTE|[51]
12:13:38.0 (336827637)|STATEMENT_EXECUTE|[54]
12:13:38.0 (336828651)|STATEMENT_EXECUTE|[55]
12:13:38.0 (336834152)|HEAP_ALLOCATE|[55]|Bytes:1
12:13:38.0 (336842119)|HEAP_ALLOCATE|[55]|Bytes:2
12:13:38.0 (336847286)|HEAP_ALLOCATE|[55]|Bytes:4
12:13:38.0 (336852211)|HEAP_ALLOCATE|[55]|Bytes:1
12:13:38.0 (336859705)|HEAP_ALLOCATE|[55]|Bytes:2
12:13:38.0 (336864831)|HEAP_ALLOCATE|[55]|Bytes:4
12:13:38.0 (336869324)|HEAP_ALLOCATE|[EXTERNAL]|Bytes:4
12:13:38.0 (336872578)|HEAP_ALLOCATE|[51]|Bytes:4
12:13:38.0 (336875491)|VARIABLE_ASSIGNMENT|[51]|j|60
12:13:38.0 (336877286)|HEAP_ALLOCATE|[50]|Bytes:4
12:13:38.0 (336879929)|VARIABLE_ASSIGNMENT|[50]|i|6
12:13:38.0 (336881640)|STATEMENT_EXECUTE|[50]
12:13:38.0 (336882882)|STATEMENT_EXECUTE|[51]
12:13:38.0 (336884603)|VARIABLE_SCOPE_BEGIN|[51]|j|Integer|false|false
12:13:38.0 (336886416)|HEAP_ALLOCATE|[51]|Bytes:4
12:13:38.0 (336888916)|VARIABLE_ASSIGNMENT|[51]|j|0
12:13:38.0 (336890448)|STATEMENT_EXECUTE|[51]
12:13:38.0 (336891788)|STATEMENT_EXECUTE|[52]
12:13:38.0 (336892789)|STATEMENT_EXECUTE|[53]
12:13:38.0 (336898610)|HEAP_ALLOCATE|[53]|Bytes:1
12:13:38.0 (336906667)|HEAP_ALLOCATE|[53]|Bytes:1
12:13:38.0 (336911880)|HEAP_ALLOCATE|[53]|Bytes:4
12:13:38.0 (336916852)|HEAP_ALLOCATE|[53]|Bytes:1
12:13:38.0 (336924460)|HEAP_ALLOCATE|[53]|Bytes:1
12:13:38.0 (336929611)|HEAP_ALLOCATE|[53]|Bytes:4
12:13:38.0 (336934066)|HEAP_ALLOCATE|[EXTERNAL]|Bytes:4
12:13:38.0 (336937429)|HEAP_ALLOCATE|[51]|Bytes:4
12:13:38.0 (336940243)|VARIABLE_ASSIGNMENT|[51]|j|30
12:13:38.0 (336941935)|STATEMENT_EXECUTE|[51]
12:13:38.0 (336943300)|STATEMENT_EXECUTE|[54]
12:13:38.0 (336944266)|STATEMENT_EXECUTE|[55]
12:13:38.0 (336949930)|HEAP_ALLOCATE|[55]|Bytes:1
12:13:38.0 (336957814)|HEAP_ALLOCATE|[55]|Bytes:2
12:13:38.0 (336962879)|HEAP_ALLOCATE|[55]|Bytes:4
12:13:38.0 (336967751)|HEAP_ALLOCATE|[55]|Bytes:1
12:13:38.0 (336975928)|HEAP_ALLOCATE|[55]|Bytes:2
12:13:38.0 (336981061)|HEAP_ALLOCATE|[55]|Bytes:4
12:13:38.0 (336991508)|HEAP_ALLOCATE|[EXTERNAL]|Bytes:4
12:13:38.0 (336995240)|HEAP_ALLOCATE|[51]|Bytes:4
12:13:38.0 (336998314)|VARIABLE_ASSIGNMENT|[51]|j|60
12:13:38.0 (337000251)|HEAP_ALLOCATE|[50]|Bytes:4
12:13:38.0 (337003498)|VARIABLE_ASSIGNMENT|[50]|i|7
12:13:38.0 (337005256)|STATEMENT_EXECUTE|[50]
12:13:38.0 (337006524)|STATEMENT_EXECUTE|[51]
12:13:38.0 (337008404)|VARIABLE_SCOPE_BEGIN|[51]|j|Integer|false|false
12:13:38.0 (337009959)|HEAP_ALLOCATE|[51]|Bytes:4
12:13:38.0 (337012467)|VARIABLE_ASSIGNMENT|[51]|j|0
12:13:38.0 (337014032)|STATEMENT_EXECUTE|[51]
12:13:38.0 (337015543)|STATEMENT_EXECUTE|[52]
12:13:38.0 (337016577)|STATEMENT_EXECUTE|[53]
12:13:38.0 (337023118)|HEAP_ALLOCATE|[53]|Bytes:1
12:13:38.0 (337031166)|HEAP_ALLOCATE|[53]|Bytes:1
12:13:38.0 (337036521)|HEAP_ALLOCATE|[53]|Bytes:4
12:13:38.0 (337041400)|HEAP_ALLOCATE|[53]|Bytes:1
12:13:38.0 (337048902)|HEAP_ALLOCATE|[53]|Bytes:1
12:13:38.0 (337054371)|HEAP_ALLOCATE|[53]|Bytes:4
12:13:38.0 (337058984)|HEAP_ALLOCATE|[EXTERNAL]|Bytes:4
12:13:38.0 (337062264)|HEAP_ALLOCATE|[51]|Bytes:4
12:13:38.0 (337065131)|VARIABLE_ASSIGNMENT|[51]|j|30
12:13:38.0 (337067661)|STATEMENT_EXECUTE|[51]
12:13:38.0 (337069846)|STATEMENT_EXECUTE|[54]
12:13:38.0 (337071370)|STATEMENT_EXECUTE|[55]
12:13:38.0 (337078747)|HEAP_ALLOCATE|[55]|Bytes:1
12:13:38.0 (337086987)|HEAP_ALLOCATE|[55]|Bytes:2
12:13:38.0 (337092365)|HEAP_ALLOCATE|[55]|Bytes:4
12:13:38.0 (337097258)|HEAP_ALLOCATE|[55]|Bytes:1
12:13:38.0 (337104918)|HEAP_ALLOCATE|[55]|Bytes:2
12:13:38.0 (337110097)|HEAP_ALLOCATE|[55]|Bytes:4
12:13:38.0 (337114866)|HEAP_ALLOCATE|[EXTERNAL]|Bytes:4
12:13:38.0 (337118549)|HEAP_ALLOCATE|[51]|Bytes:4
12:13:38.0 (337121705)|VARIABLE_ASSIGNMENT|[51]|j|60
12:13:38.0 (337123598)|HEAP_ALLOCATE|[50]|Bytes:4
12:13:38.0 (337126193)|VARIABLE_ASSIGNMENT|[50]|i|8
12:13:38.0 (337127972)|STATEMENT_EXECUTE|[50]
12:13:38.0 (337129284)|STATEMENT_EXECUTE|[51]
12:13:38.0 (337131476)|VARIABLE_SCOPE_BEGIN|[51]|j|Integer|false|false
12:13:38.0 (337132904)|HEAP_ALLOCATE|[51]|Bytes:4
12:13:38.0 (337135425)|VARIABLE_ASSIGNMENT|[51]|j|0
12:13:38.0 (337136963)|STATEMENT_EXECUTE|[51]
12:13:38.0 (337138336)|STATEMENT_EXECUTE|[52]
12:13:38.0 (337139329)|STATEMENT_EXECUTE|[53]
12:13:38.0 (337145294)|HEAP_ALLOCATE|[53]|Bytes:1
12:13:38.0 (337153227)|HEAP_ALLOCATE|[53]|Bytes:1
12:13:38.0 (337158489)|HEAP_ALLOCATE|[53]|Bytes:4
12:13:38.0 (337163361)|HEAP_ALLOCATE|[53]|Bytes:1
12:13:38.0 (337170902)|HEAP_ALLOCATE|[53]|Bytes:1
12:13:38.0 (337176089)|HEAP_ALLOCATE|[53]|Bytes:4
12:13:38.0 (337180753)|HEAP_ALLOCATE|[EXTERNAL]|Bytes:4
12:13:38.0 (337184109)|HEAP_ALLOCATE|[51]|Bytes:4
12:13:38.0 (337187142)|VARIABLE_ASSIGNMENT|[51]|j|30
12:13:38.0 (337188864)|STATEMENT_EXECUTE|[51]
12:13:38.0 (337190364)|STATEMENT_EXECUTE|[54]
12:13:38.0 (337191376)|STATEMENT_EXECUTE|[55]
12:13:38.0 (337197119)|HEAP_ALLOCATE|[55]|Bytes:1
12:13:38.0 (337205040)|HEAP_ALLOCATE|[55]|Bytes:2
12:13:38.0 (337210147)|HEAP_ALLOCATE|[55]|Bytes:4
12:13:38.0 (337215507)|HEAP_ALLOCATE|[55]|Bytes:1
12:13:38.0 (337222970)|HEAP_ALLOCATE|[55]|Bytes:2
12:13:38.0 (337228075)|HEAP_ALLOCATE|[55]|Bytes:4
12:13:38.0 (337232485)|HEAP_ALLOCATE|[EXTERNAL]|Bytes:4
12:13:38.0 (337235684)|HEAP_ALLOCATE|[51]|Bytes:4
12:13:38.0 (337238707)|VARIABLE_ASSIGNMENT|[51]|j|60
12:13:38.0 (337240543)|HEAP_ALLOCATE|[50]|Bytes:4
12:13:38.0 (337243207)|VARIABLE_ASSIGNMENT|[50]|i|9
12:13:38.0 (337244888)|STATEMENT_EXECUTE|[50]
12:13:38.0 (337246160)|STATEMENT_EXECUTE|[51]
12:13:38.0 (337247930)|VARIABLE_SCOPE_BEGIN|[51]|j|Integer|false|false
12:13:38.0 (337249319)|HEAP_ALLOCATE|[51]|Bytes:4
12:13:38.0 (337251801)|VARIABLE_ASSIGNMENT|[51]|j|0
12:13:38.0 (337253367)|STATEMENT_EXECUTE|[51]
12:13:38.0 (337254728)|STATEMENT_EXECUTE|[52]
12:13:38.0 (337255813)|STATEMENT_EXECUTE|[53]
12:13:38.0 (337261660)|HEAP_ALLOCATE|[53]|Bytes:1
12:13:38.0 (337269495)|HEAP_ALLOCATE|[53]|Bytes:1
12:13:38.0 (337274691)|HEAP_ALLOCATE|[53]|Bytes:4
12:13:38.0 (337279691)|HEAP_ALLOCATE|[53]|Bytes:1
12:13:38.0 (337287912)|HEAP_ALLOCATE|[53]|Bytes:1
12:13:38.0 (337293153)|HEAP_ALLOCATE|[53]|Bytes:4
12:13:38.0 (337297683)|HEAP_ALLOCATE|[EXTERNAL]|Bytes:4
12:13:38.0 (337300933)|HEAP_ALLOCATE|[51]|Bytes:4
12:13:38.0 (337303770)|VARIABLE_ASSIGNMENT|[51]|j|30
12:13:38.0 (337305430)|STATEMENT_EXECUTE|[51]
12:13:38.0 (337306819)|STATEMENT_EXECUTE|[54]
12:13:38.0 (337307827)|STATEMENT_EXECUTE|[55]
12:13:38.0 (337313467)|HEAP_ALLOCATE|[55]|Bytes:1
12:13:38.0 (337321440)|HEAP_ALLOCATE|[55]|Bytes:2
12:13:38.0 (337326669)|HEAP_ALLOCATE|[55]|Bytes:4
12:13:38.0 (337331672)|HEAP_ALLOCATE|[55]|Bytes:1
12:13:38.0 (337339281)|HEAP_ALLOCATE|[55]|Bytes:2
12:13:38.0 (337344415)|HEAP_ALLOCATE|[55]|Bytes:4
12:13:38.0 (337348853)|HEAP_ALLOCATE|[EXTERNAL]|Bytes:4
12:13:38.0 (337352100)|HEAP_ALLOCATE|[51]|Bytes:4
12:13:38.0 (337354862)|VARIABLE_ASSIGNMENT|[51]|j|60
12:13:38.0 (337356640)|HEAP_ALLOCATE|[50]|Bytes:4
12:13:38.0 (337359242)|VARIABLE_ASSIGNMENT|[50]|i|10
12:13:38.0 (337360911)|STATEMENT_EXECUTE|[50]
12:13:38.0 (337362396)|STATEMENT_EXECUTE|[51]
12:13:38.0 (337364108)|VARIABLE_SCOPE_BEGIN|[51]|j|Integer|false|false
12:13:38.0 (337365522)|HEAP_ALLOCATE|[51]|Bytes:4
12:13:38.0 (337368056)|VARIABLE_ASSIGNMENT|[51]|j|0
12:13:38.0 (337369607)|STATEMENT_EXECUTE|[51]
12:13:38.0 (337370904)|STATEMENT_EXECUTE|[52]
12:13:38.0 (337371897)|STATEMENT_EXECUTE|[53]
12:13:38.0 (337377830)|HEAP_ALLOCATE|[53]|Bytes:2
12:13:38.0 (337385685)|HEAP_ALLOCATE|[53]|Bytes:1
12:13:38.0 (337390871)|HEAP_ALLOCATE|[53]|Bytes:5
12:13:38.0 (337395777)|HEAP_ALLOCATE|[53]|Bytes:2
12:13:38.0 (337403386)|HEAP_ALLOCATE|[53]|Bytes:1
12:13:38.0 (337408485)|HEAP_ALLOCATE|[53]|Bytes:5
12:13:38.0 (337412989)|HEAP_ALLOCATE|[EXTERNAL]|Bytes:4
12:13:38.0 (337416235)|HEAP_ALLOCATE|[51]|Bytes:4
12:13:38.0 (337419111)|VARIABLE_ASSIGNMENT|[51]|j|30
12:13:38.0 (337420817)|STATEMENT_EXECUTE|[51]
12:13:38.0 (337422193)|STATEMENT_EXECUTE|[54]
12:13:38.0 (337423196)|STATEMENT_EXECUTE|[55]
12:13:38.0 (337428782)|HEAP_ALLOCATE|[55]|Bytes:2
12:13:38.0 (337436630)|HEAP_ALLOCATE|[55]|Bytes:2
12:13:38.0 (337442196)|HEAP_ALLOCATE|[55]|Bytes:5
12:13:38.0 (337447062)|HEAP_ALLOCATE|[55]|Bytes:2
12:13:38.0 (337454770)|HEAP_ALLOCATE|[55]|Bytes:2
12:13:38.0 (337459958)|HEAP_ALLOCATE|[55]|Bytes:5
12:13:38.0 (337464332)|HEAP_ALLOCATE|[EXTERNAL]|Bytes:4
12:13:38.0 (337467596)|HEAP_ALLOCATE|[51]|Bytes:4
12:13:38.0 (337470456)|VARIABLE_ASSIGNMENT|[51]|j|60
12:13:38.0 (337472264)|HEAP_ALLOCATE|[50]|Bytes:4
12:13:38.0 (337474923)|VARIABLE_ASSIGNMENT|[50]|i|11
12:13:38.0 (337476581)|STATEMENT_EXECUTE|[50]
12:13:38.0 (337477971)|STATEMENT_EXECUTE|[51]
12:13:38.0 (337479712)|VARIABLE_SCOPE_BEGIN|[51]|j|Integer|false|false
12:13:38.0 (337481107)|HEAP_ALLOCATE|[51]|Bytes:4
12:13:38.0 (337483630)|VARIABLE_ASSIGNMENT|[51]|j|0
12:13:38.0 (337485209)|STATEMENT_EXECUTE|[51]
12:13:38.0 (337486493)|STATEMENT_EXECUTE|[52]
12:13:38.0 (337487479)|STATEMENT_EXECUTE|[53]
12:13:38.0 (337493410)|HEAP_ALLOCATE|[53]|Bytes:2
12:13:38.0 (337501493)|HEAP_ALLOCATE|[53]|Bytes:1
12:13:38.0 (337506860)|HEAP_ALLOCATE|[53]|Bytes:5
12:13:38.0 (337512431)|HEAP_ALLOCATE|[53]|Bytes:2
12:13:38.0 (337520012)|HEAP_ALLOCATE|[53]|Bytes:1
12:13:38.0 (337525063)|HEAP_ALLOCATE|[53]|Bytes:5
12:13:38.0 (337529578)|HEAP_ALLOCATE|[EXTERNAL]|Bytes:4
12:13:38.0 (337533043)|HEAP_ALLOCATE|[51]|Bytes:4
12:13:38.0 (337536112)|VARIABLE_ASSIGNMENT|[51]|j|30
12:13:38.0 (337537761)|STATEMENT_EXECUTE|[51]
12:13:38.0 (337539154)|STATEMENT_EXECUTE|[54]
12:13:38.0 (337540140)|STATEMENT_EXECUTE|[55]
12:13:38.0 (337545747)|HEAP_ALLOCATE|[55]|Bytes:2
12:13:38.0 (337553684)|HEAP_ALLOCATE|[55]|Bytes:2
12:13:38.0 (337558893)|HEAP_ALLOCATE|[55]|Bytes:5
12:13:38.0 (337563860)|HEAP_ALLOCATE|[55]|Bytes:2
12:13:38.0 (337571320)|HEAP_ALLOCATE|[55]|Bytes:2
12:13:38.0 (337576336)|HEAP_ALLOCATE|[55]|Bytes:5
12:13:38.0 (337580743)|HEAP_ALLOCATE|[EXTERNAL]|Bytes:4
12:13:38.0 (337584023)|HEAP_ALLOCATE|[51]|Bytes:4
12:13:38.0 (337586838)|VARIABLE_ASSIGNMENT|[51]|j|60
12:13:38.0 (337588650)|HEAP_ALLOCATE|[50]|Bytes:4
12:13:38.0 (337591197)|VARIABLE_ASSIGNMENT|[50]|i|12
12:13:38.0 (337593022)|STATEMENT_EXECUTE|[50]
12:13:38.0 (337594375)|STATEMENT_EXECUTE|[51]
12:13:38.0 (337596147)|VARIABLE_SCOPE_BEGIN|[51]|j|Integer|false|false
12:13:38.0 (337597511)|HEAP_ALLOCATE|[51]|Bytes:4
12:13:38.0 (337600059)|VARIABLE_ASSIGNMENT|[51]|j|0
12:13:38.0 (337601602)|STATEMENT_EXECUTE|[51]
12:13:38.0 (337602910)|STATEMENT_EXECUTE|[52]
12:13:38.0 (337603912)|STATEMENT_EXECUTE|[53]
12:13:38.0 (337609758)|HEAP_ALLOCATE|[53]|Bytes:2
12:13:38.0 (337617702)|HEAP_ALLOCATE|[53]|Bytes:1
12:13:38.0 (337622847)|HEAP_ALLOCATE|[53]|Bytes:5
12:13:38.0 (337627775)|HEAP_ALLOCATE|[53]|Bytes:2
12:13:38.0 (337635363)|HEAP_ALLOCATE|[53]|Bytes:1
12:13:38.0 (337640473)|HEAP_ALLOCATE|[53]|Bytes:5
12:13:38.0 (337645236)|HEAP_ALLOCATE|[EXTERNAL]|Bytes:4
12:13:38.0 (337648581)|HEAP_ALLOCATE|[51]|Bytes:4
12:13:38.0 (337651473)|VARIABLE_ASSIGNMENT|[51]|j|30
12:13:38.0 (337653170)|STATEMENT_EXECUTE|[51]
12:13:38.0 (337654522)|STATEMENT_EXECUTE|[54]
12:13:38.0 (337655548)|STATEMENT_EXECUTE|[55]
12:13:38.0 (337661083)|HEAP_ALLOCATE|[55]|Bytes:2
12:13:38.0 (337669371)|HEAP_ALLOCATE|[55]|Bytes:2
12:13:38.0 (337674395)|HEAP_ALLOCATE|[55]|Bytes:5
12:13:38.0 (337679364)|HEAP_ALLOCATE|[55]|Bytes:2
12:13:38.0 (337686929)|HEAP_ALLOCATE|[55]|Bytes:2
12:13:38.0 (337691951)|HEAP_ALLOCATE|[55]|Bytes:5
12:13:38.0 (337696441)|HEAP_ALLOCATE|[EXTERNAL]|Bytes:4
12:13:38.0 (337699754)|HEAP_ALLOCATE|[51]|Bytes:4
12:13:38.0 (337702693)|VARIABLE_ASSIGNMENT|[51]|j|60
12:13:38.0 (337704433)|HEAP_ALLOCATE|[50]|Bytes:4
12:13:38.0 (337707051)|VARIABLE_ASSIGNMENT|[50]|i|13
12:13:38.0 (337708590)|STATEMENT_EXECUTE|[50]
12:13:38.0 (337709817)|STATEMENT_EXECUTE|[51]
12:13:38.0 (337711468)|VARIABLE_SCOPE_BEGIN|[51]|j|Integer|false|false
12:13:38.0 (337713021)|HEAP_ALLOCATE|[51]|Bytes:4
12:13:38.0 (337715541)|VARIABLE_ASSIGNMENT|[51]|j|0
12:13:38.0 (337717180)|STATEMENT_EXECUTE|[51]
12:13:38.0 (337718515)|STATEMENT_EXECUTE|[52]
12:13:38.0 (337719512)|STATEMENT_EXECUTE|[53]
12:13:38.0 (337725430)|HEAP_ALLOCATE|[53]|Bytes:2
12:13:38.0 (337733419)|HEAP_ALLOCATE|[53]|Bytes:1
12:13:38.0 (337739314)|HEAP_ALLOCATE|[53]|Bytes:5
12:13:38.0 (337744105)|HEAP_ALLOCATE|[53]|Bytes:2
12:13:38.0 (337751908)|HEAP_ALLOCATE|[53]|Bytes:1
12:13:38.0 (337757024)|HEAP_ALLOCATE|[53]|Bytes:5
12:13:38.0 (337761725)|HEAP_ALLOCATE|[EXTERNAL]|Bytes:4
12:13:38.0 (337764996)|HEAP_ALLOCATE|[51]|Bytes:4
12:13:38.0 (337768008)|VARIABLE_ASSIGNMENT|[51]|j|30
12:13:38.0 (337769776)|STATEMENT_EXECUTE|[51]
12:13:38.0 (337771180)|STATEMENT_EXECUTE|[54]
12:13:38.0 (337772201)|STATEMENT_EXECUTE|[55]
12:13:38.0 (337777767)|HEAP_ALLOCATE|[55]|Bytes:2
12:13:38.0 (337785649)|HEAP_ALLOCATE|[55]|Bytes:2
12:13:38.0 (337790744)|HEAP_ALLOCATE|[55]|Bytes:5
12:13:38.0 (337795626)|HEAP_ALLOCATE|[55]|Bytes:2
12:13:38.0 (337803184)|HEAP_ALLOCATE|[55]|Bytes:2
12:13:38.0 (337808274)|HEAP_ALLOCATE|[55]|Bytes:5
12:13:38.0 (337812805)|HEAP_ALLOCATE|[EXTERNAL]|Bytes:4
12:13:38.0 (337816075)|HEAP_ALLOCATE|[51]|Bytes:4
12:13:38.0 (337818974)|VARIABLE_ASSIGNMENT|[51]|j|60
12:13:38.0 (337820625)|HEAP_ALLOCATE|[50]|Bytes:4
12:13:38.0 (337823584)|VARIABLE_ASSIGNMENT|[50]|i|14
12:13:38.0 (337825192)|STATEMENT_EXECUTE|[50]
12:13:38.0 (337826552)|STATEMENT_EXECUTE|[51]
12:13:38.0 (337828253)|VARIABLE_SCOPE_BEGIN|[51]|j|Integer|false|false
12:13:38.0 (337829635)|HEAP_ALLOCATE|[51]|Bytes:4
12:13:38.0 (337832147)|VARIABLE_ASSIGNMENT|[51]|j|0
12:13:38.0 (337833741)|STATEMENT_EXECUTE|[51]
12:13:38.0 (337835045)|STATEMENT_EXECUTE|[52]
12:13:38.0 (337836042)|STATEMENT_EXECUTE|[53]
12:13:38.0 (337841827)|HEAP_ALLOCATE|[53]|Bytes:2
12:13:38.0 (337849757)|HEAP_ALLOCATE|[53]|Bytes:1
12:13:38.0 (337854853)|HEAP_ALLOCATE|[53]|Bytes:5
12:13:38.0 (337859771)|HEAP_ALLOCATE|[53]|Bytes:2
12:13:38.0 (337867348)|HEAP_ALLOCATE|[53]|Bytes:1
12:13:38.0 (337872506)|HEAP_ALLOCATE|[53]|Bytes:5
12:13:38.0 (337877224)|HEAP_ALLOCATE|[EXTERNAL]|Bytes:4
12:13:38.0 (337880506)|HEAP_ALLOCATE|[51]|Bytes:4
12:13:38.0 (337883359)|VARIABLE_ASSIGNMENT|[51]|j|30
12:13:38.0 (337885000)|STATEMENT_EXECUTE|[51]
12:13:38.0 (337886390)|STATEMENT_EXECUTE|[54]
12:13:38.0 (337887387)|STATEMENT_EXECUTE|[55]
12:13:38.0 (337893188)|HEAP_ALLOCATE|[55]|Bytes:2
12:13:38.0 (337900917)|HEAP_ALLOCATE|[55]|Bytes:2
12:13:38.0 (337905967)|HEAP_ALLOCATE|[55]|Bytes:5
12:13:38.0 (337910944)|HEAP_ALLOCATE|[55]|Bytes:2
12:13:38.0 (337918532)|HEAP_ALLOCATE|[55]|Bytes:2
12:13:38.0 (337923754)|HEAP_ALLOCATE|[55]|Bytes:5
12:13:38.0 (337928130)|HEAP_ALLOCATE|[EXTERNAL]|Bytes:4
12:13:38.0 (337931316)|HEAP_ALLOCATE|[51]|Bytes:4
12:13:38.0 (337934045)|VARIABLE_ASSIGNMENT|[51]|j|60
12:13:38.0 (337935914)|HEAP_ALLOCATE|[50]|Bytes:4
12:13:38.0 (337938466)|VARIABLE_ASSIGNMENT|[50]|i|15
12:13:38.0 (337940005)|STATEMENT_EXECUTE|[50]
12:13:38.0 (337941244)|STATEMENT_EXECUTE|[51]
12:13:38.0 (337942961)|VARIABLE_SCOPE_BEGIN|[51]|j|Integer|false|false
12:13:38.0 (337944409)|HEAP_ALLOCATE|[51]|Bytes:4
12:13:38.0 (337946943)|VARIABLE_ASSIGNMENT|[51]|j|0
12:13:38.0 (337948527)|STATEMENT_EXECUTE|[51]
12:13:38.0 (337949835)|STATEMENT_EXECUTE|[52]
12:13:38.0 (337950915)|STATEMENT_EXECUTE|[53]
12:13:38.0 (337956747)|HEAP_ALLOCATE|[53]|Bytes:2
12:13:38.0 (337965509)|HEAP_ALLOCATE|[53]|Bytes:1
12:13:38.0 (337970580)|HEAP_ALLOCATE|[53]|Bytes:5
12:13:38.0 (337975500)|HEAP_ALLOCATE|[53]|Bytes:2
12:13:38.0 (337991816)|HEAP_ALLOCATE|[53]|Bytes:1
12:13:38.0 (337997355)|HEAP_ALLOCATE|[53]|Bytes:5
12:13:38.0 (338002220)|HEAP_ALLOCATE|[EXTERNAL]|Bytes:4
12:13:38.0 (338005954)|HEAP_ALLOCATE|[51]|Bytes:4
12:13:38.0 (338009098)|VARIABLE_ASSIGNMENT|[51]|j|30
12:13:38.0 (338010896)|STATEMENT_EXECUTE|[51]
12:13:38.0 (338012371)|STATEMENT_EXECUTE|[54]
12:13:38.0 (338013405)|STATEMENT_EXECUTE|[55]
12:13:38.0 (338019613)|HEAP_ALLOCATE|[55]|Bytes:2
12:13:38.0 (338027500)|HEAP_ALLOCATE|[55]|Bytes:2
12:13:38.0 (338032770)|HEAP_ALLOCATE|[55]|Bytes:5
12:13:38.0 (338037711)|HEAP_ALLOCATE|[55]|Bytes:2
12:13:38.0 (338045298)|HEAP_ALLOCATE|[55]|Bytes:2
12:13:38.0 (338050264)|HEAP_ALLOCATE|[55]|Bytes:5
12:13:38.0 (338054616)|HEAP_ALLOCATE|[EXTERNAL]|Bytes:4
12:13:38.0 (338057883)|HEAP_ALLOCATE|[51]|Bytes:4
12:13:38.0 (338060705)|VARIABLE_ASSIGNMENT|[51]|j|60
12:13:38.0 (338063147)|HEAP_ALLOCATE|[50]|Bytes:4
12:13:38.0 (338066149)|VARIABLE_ASSIGNMENT|[50]|i|16
12:13:38.0 (338068675)|STATEMENT_EXECUTE|[50]
12:13:38.0 (338070733)|STATEMENT_EXECUTE|[51]
12:13:38.0 (338072695)|VARIABLE_SCOPE_BEGIN|[51]|j|Integer|false|false
12:13:38.0 (338074180)|HEAP_ALLOCATE|[51]|Bytes:4
12:13:38.0 (338076781)|VARIABLE_ASSIGNMENT|[51]|j|0
12:13:38.0 (338078366)|STATEMENT_EXECUTE|[51]
12:13:38.0 (338079698)|STATEMENT_EXECUTE|[52]
12:13:38.0 (338080727)|STATEMENT_EXECUTE|[53]
12:13:38.0 (338087048)|HEAP_ALLOCATE|[53]|Bytes:2
12:13:38.0 (338095023)|HEAP_ALLOCATE|[53]|Bytes:1
12:13:38.0 (338100285)|HEAP_ALLOCATE|[53]|Bytes:5
12:13:38.0 (338105104)|HEAP_ALLOCATE|[53]|Bytes:2
12:13:38.0 (338112615)|HEAP_ALLOCATE|[53]|Bytes:1
12:13:38.0 (338117601)|HEAP_ALLOCATE|[53]|Bytes:5
12:13:38.0 (338122397)|HEAP_ALLOCATE|[EXTERNAL]|Bytes:4
12:13:38.0 (338125809)|HEAP_ALLOCATE|[51]|Bytes:4
12:13:38.0 (338128658)|VARIABLE_ASSIGNMENT|[51]|j|30
12:13:38.0 (338130300)|STATEMENT_EXECUTE|[51]
12:13:38.0 (338131927)|STATEMENT_EXECUTE|[54]
12:13:38.0 (338132965)|STATEMENT_EXECUTE|[55]
12:13:38.0 (338138613)|HEAP_ALLOCATE|[55]|Bytes:2
12:13:38.0 (338146365)|HEAP_ALLOCATE|[55]|Bytes:2
12:13:38.0 (338151444)|HEAP_ALLOCATE|[55]|Bytes:5
12:13:38.0 (338156345)|HEAP_ALLOCATE|[55]|Bytes:2
12:13:38.0 (338164012)|HEAP_ALLOCATE|[55]|Bytes:2
12:13:38.0 (338169042)|HEAP_ALLOCATE|[55]|Bytes:5
12:13:38.0 (338173415)|HEAP_ALLOCATE|[EXTERNAL]|Bytes:4
12:13:38.0 (338176871)|HEAP_ALLOCATE|[51]|Bytes:4
12:13:38.0 (338179746)|VARIABLE_ASSIGNMENT|[51]|j|60
12:13:38.0 (338181514)|HEAP_ALLOCATE|[50]|Bytes:4
12:13:38.0 (338184090)|VARIABLE_ASSIGNMENT|[50]|i|17
12:13:38.0 (338185740)|STATEMENT_EXECUTE|[50]
12:13:38.0 (338186967)|STATEMENT_EXECUTE|[51]
12:13:38.0 (338188742)|VARIABLE_SCOPE_BEGIN|[51]|j|Integer|false|false
12:13:38.0 (338190210)|HEAP_ALLOCATE|[51]|Bytes:4
12:13:38.0 (338192712)|VARIABLE_ASSIGNMENT|[51]|j|0
12:13:38.0 (338194300)|STATEMENT_EXECUTE|[51]
12:13:38.0 (338195620)|STATEMENT_EXECUTE|[52]
12:13:38.0 (338196638)|STATEMENT_EXECUTE|[53]
12:13:38.0 (338203032)|HEAP_ALLOCATE|[53]|Bytes:2
12:13:38.0 (338210942)|HEAP_ALLOCATE|[53]|Bytes:1
12:13:38.0 (338216122)|HEAP_ALLOCATE|[53]|Bytes:5
12:13:38.0 (338220848)|HEAP_ALLOCATE|[53]|Bytes:2
12:13:38.0 (338228492)|HEAP_ALLOCATE|[53]|Bytes:1
12:13:38.0 (338233637)|HEAP_ALLOCATE|[53]|Bytes:5
12:13:38.0 (338238067)|HEAP_ALLOCATE|[EXTERNAL]|Bytes:4
12:13:38.0 (338241462)|HEAP_ALLOCATE|[51]|Bytes:4
12:13:38.0 (338244421)|VARIABLE_ASSIGNMENT|[51]|j|30
12:13:38.0 (338246054)|STATEMENT_EXECUTE|[51]
12:13:38.0 (338247483)|STATEMENT_EXECUTE|[54]
12:13:38.0 (338248478)|STATEMENT_EXECUTE|[55]
12:13:38.0 (338254030)|HEAP_ALLOCATE|[55]|Bytes:2
12:13:38.0 (338261797)|HEAP_ALLOCATE|[55]|Bytes:2
12:13:38.0 (338266913)|HEAP_ALLOCATE|[55]|Bytes:5
12:13:38.0 (338271825)|HEAP_ALLOCATE|[55]|Bytes:2
12:13:38.0 (338279455)|HEAP_ALLOCATE|[55]|Bytes:2
12:13:38.0 (338284636)|HEAP_ALLOCATE|[55]|Bytes:5
12:13:38.0 (338288980)|HEAP_ALLOCATE|[EXTERNAL]|Bytes:4
12:13:38.0 (338292196)|HEAP_ALLOCATE|[51]|Bytes:4
12:13:38.0 (338295520)|VARIABLE_ASSIGNMENT|[51]|j|60
12:13:38.0 (338297228)|HEAP_ALLOCATE|[50]|Bytes:4
12:13:38.0 (338299784)|VARIABLE_ASSIGNMENT|[50]|i|18
12:13:38.0 (338301426)|STATEMENT_EXECUTE|[50]
12:13:38.0 (338302665)|STATEMENT_EXECUTE|[51]
12:13:38.0 (338304363)|VARIABLE_SCOPE_BEGIN|[51]|j|Integer|false|false
12:13:38.0 (338305720)|HEAP_ALLOCATE|[51]|Bytes:4
12:13:38.0 (338308245)|VARIABLE_ASSIGNMENT|[51]|j|0
12:13:38.0 (338309785)|STATEMENT_EXECUTE|[51]
12:13:38.0 (338311092)|STATEMENT_EXECUTE|[52]
12:13:38.0 (338312085)|STATEMENT_EXECUTE|[53]
12:13:38.0 (338317802)|HEAP_ALLOCATE|[53]|Bytes:2
12:13:38.0 (338325730)|HEAP_ALLOCATE|[53]|Bytes:1
12:13:38.0 (338330900)|HEAP_ALLOCATE|[53]|Bytes:5
12:13:38.0 (338335764)|HEAP_ALLOCATE|[53]|Bytes:2
12:13:38.0 (338343324)|HEAP_ALLOCATE|[53]|Bytes:1
12:13:38.0 (338348562)|HEAP_ALLOCATE|[53]|Bytes:5
12:13:38.0 (338353036)|HEAP_ALLOCATE|[EXTERNAL]|Bytes:4
12:13:38.0 (338356450)|HEAP_ALLOCATE|[51]|Bytes:4
12:13:38.0 (338359321)|VARIABLE_ASSIGNMENT|[51]|j|30
12:13:38.0 (338361314)|STATEMENT_EXECUTE|[51]
12:13:38.0 (338362889)|STATEMENT_EXECUTE|[54]
12:13:38.0 (338363879)|STATEMENT_EXECUTE|[55]
12:13:38.0 (338369395)|HEAP_ALLOCATE|[55]|Bytes:2
12:13:38.0 (338377126)|HEAP_ALLOCATE|[55]|Bytes:2
12:13:38.0 (338382314)|HEAP_ALLOCATE|[55]|Bytes:5
12:13:38.0 (338387383)|HEAP_ALLOCATE|[55]|Bytes:2
12:13:38.0 (338394906)|HEAP_ALLOCATE|[55]|Bytes:2
12:13:38.0 (338400092)|HEAP_ALLOCATE|[55]|Bytes:5
12:13:38.0 (338404511)|HEAP_ALLOCATE|[EXTERNAL]|Bytes:4
12:13:38.0 (338407685)|HEAP_ALLOCATE|[51]|Bytes:4
12:13:38.0 (338410493)|VARIABLE_ASSIGNMENT|[51]|j|60
12:13:38.0 (338412189)|HEAP_ALLOCATE|[50]|Bytes:4
12:13:38.0 (338414873)|VARIABLE_ASSIGNMENT|[50]|i|19
12:13:38.0 (338416456)|STATEMENT_EXECUTE|[50]
12:13:38.0 (338417715)|STATEMENT_EXECUTE|[51]
12:13:38.0 (338419435)|VARIABLE_SCOPE_BEGIN|[51]|j|Integer|false|false
12:13:38.0 (338420842)|HEAP_ALLOCATE|[51]|Bytes:4
12:13:38.0 (338423327)|VARIABLE_ASSIGNMENT|[51]|j|0
12:13:38.0 (338424906)|STATEMENT_EXECUTE|[51]
12:13:38.0 (338426221)|STATEMENT_EXECUTE|[52]
12:13:38.0 (338427740)|STATEMENT_EXECUTE|[53]
12:13:38.0 (338433753)|HEAP_ALLOCATE|[53]|Bytes:2
12:13:38.0 (338441986)|HEAP_ALLOCATE|[53]|Bytes:1
12:13:38.0 (338447080)|HEAP_ALLOCATE|[53]|Bytes:5
12:13:38.0 (338452020)|HEAP_ALLOCATE|[53]|Bytes:2
12:13:38.0 (338459745)|HEAP_ALLOCATE|[53]|Bytes:1
12:13:38.0 (338464853)|HEAP_ALLOCATE|[53]|Bytes:5
12:13:38.0 (338469310)|HEAP_ALLOCATE|[EXTERNAL]|Bytes:4
12:13:38.0 (338472534)|HEAP_ALLOCATE|[51]|Bytes:4
12:13:38.0 (338475641)|VARIABLE_ASSIGNMENT|[51]|j|30
12:13:38.0 (338477344)|STATEMENT_EXECUTE|[51]
12:13:38.0 (338478746)|STATEMENT_EXECUTE|[54]
12:13:38.0 (338479730)|STATEMENT_EXECUTE|[55]
12:13:38.0 (338485338)|HEAP_ALLOCATE|[55]|Bytes:2
12:13:38.0 (338493283)|HEAP_ALLOCATE|[55]|Bytes:2
12:13:38.0 (338498495)|HEAP_ALLOCATE|[55]|Bytes:5
12:13:38.0 (338503389)|HEAP_ALLOCATE|[55]|Bytes:2
12:13:38.0 (338511150)|HEAP_ALLOCATE|[55]|Bytes:2
12:13:38.0 (338516260)|HEAP_ALLOCATE|[55]|Bytes:5
12:13:38.0 (338520636)|HEAP_ALLOCATE|[EXTERNAL]|Bytes:4
12:13:38.0 (338524324)|HEAP_ALLOCATE|[51]|Bytes:4
12:13:38.0 (338527146)|VARIABLE_ASSIGNMENT|[51]|j|60
12:13:38.0 (338528922)|HEAP_ALLOCATE|[50]|Bytes:4
12:13:38.0 (338531583)|VARIABLE_ASSIGNMENT|[50]|i|20
12:13:38.0 (338533184)|STATEMENT_EXECUTE|[50]
12:13:38.0 (338534429)|STATEMENT_EXECUTE|[51]
12:13:38.0 (338536163)|VARIABLE_SCOPE_BEGIN|[51]|j|Integer|false|false
12:13:38.0 (338537654)|HEAP_ALLOCATE|[51]|Bytes:4
12:13:38.0 (338540415)|VARIABLE_ASSIGNMENT|[51]|j|0
12:13:38.0 (338542054)|STATEMENT_EXECUTE|[51]
12:13:38.0 (338543360)|STATEMENT_EXECUTE|[52]
12:13:38.0 (338544460)|STATEMENT_EXECUTE|[53]
12:13:38.0 (338550427)|HEAP_ALLOCATE|[53]|Bytes:2
12:13:38.0 (338558499)|HEAP_ALLOCATE|[53]|Bytes:1
12:13:38.0 (338563606)|HEAP_ALLOCATE|[53]|Bytes:5
12:13:38.0 (338568501)|HEAP_ALLOCATE|[53]|Bytes:2
12:13:38.0 (338575923)|HEAP_ALLOCATE|[53]|Bytes:1
12:13:38.0 (338580962)|HEAP_ALLOCATE|[53]|Bytes:5
12:13:38.0 (338585423)|HEAP_ALLOCATE|[EXTERNAL]|Bytes:4
12:13:38.0 (338588679)|HEAP_ALLOCATE|[51]|Bytes:4
12:13:38.0 (338592072)|VARIABLE_ASSIGNMENT|[51]|j|30
12:13:38.0 (338593732)|STATEMENT_EXECUTE|[51]
12:13:38.0 (338595200)|STATEMENT_EXECUTE|[54]
12:13:38.0 (338596217)|STATEMENT_EXECUTE|[55]
12:13:38.0 (338601761)|HEAP_ALLOCATE|[55]|Bytes:2
12:13:38.0 (338609595)|HEAP_ALLOCATE|[55]|Bytes:2
12:13:38.0 (338614810)|HEAP_ALLOCATE|[55]|Bytes:5
12:13:38.0 (338619733)|HEAP_ALLOCATE|[55]|Bytes:2
12:13:38.0 (338627305)|HEAP_ALLOCATE|[55]|Bytes:2
12:13:38.0 (338632475)|HEAP_ALLOCATE|[55]|Bytes:5
12:13:38.0 (338636821)|HEAP_ALLOCATE|[EXTERNAL]|Bytes:4
12:13:38.0 (338640008)|HEAP_ALLOCATE|[51]|Bytes:4
12:13:38.0 (338642870)|VARIABLE_ASSIGNMENT|[51]|j|60
12:13:38.0 (338644582)|HEAP_ALLOCATE|[50]|Bytes:4
12:13:38.0 (338647283)|VARIABLE_ASSIGNMENT|[50]|i|21
12:13:38.0 (338648870)|STATEMENT_EXECUTE|[50]
12:13:38.0 (338650251)|STATEMENT_EXECUTE|[51]
12:13:38.0 (338652006)|VARIABLE_SCOPE_BEGIN|[51]|j|Integer|false|false
12:13:38.0 (338653405)|HEAP_ALLOCATE|[51]|Bytes:4
12:13:38.0 (338655930)|VARIABLE_ASSIGNMENT|[51]|j|0
12:13:38.0 (338657457)|STATEMENT_EXECUTE|[51]
12:13:38.0 (338658941)|STATEMENT_EXECUTE|[52]
12:13:38.0 (338659961)|STATEMENT_EXECUTE|[53]
12:13:38.0 (338665720)|HEAP_ALLOCATE|[53]|Bytes:2
12:13:38.0 (338673573)|HEAP_ALLOCATE|[53]|Bytes:1
12:13:38.0 (338678663)|HEAP_ALLOCATE|[53]|Bytes:5
12:13:38.0 (338683501)|HEAP_ALLOCATE|[53]|Bytes:2
12:13:38.0 (338691079)|HEAP_ALLOCATE|[53]|Bytes:1
12:13:38.0 (338696178)|HEAP_ALLOCATE|[53]|Bytes:5
12:13:38.0 (338700762)|HEAP_ALLOCATE|[EXTERNAL]|Bytes:4
12:13:38.0 (338704085)|HEAP_ALLOCATE|[51]|Bytes:4
12:13:38.0 (338707011)|VARIABLE_ASSIGNMENT|[51]|j|30
12:13:38.0 (338708870)|STATEMENT_EXECUTE|[51]
12:13:38.0 (338710298)|STATEMENT_EXECUTE|[54]
12:13:38.0 (338711313)|STATEMENT_EXECUTE|[55]
12:13:38.0 (338717017)|HEAP_ALLOCATE|[55]|Bytes:2
12:13:38.0 (338724950)|HEAP_ALLOCATE|[55]|Bytes:2
12:13:38.0 (338730116)|HEAP_ALLOCATE|[55]|Bytes:5
12:13:38.0 (338734968)|HEAP_ALLOCATE|[55]|Bytes:2
12:13:38.0 (338742709)|HEAP_ALLOCATE|[55]|Bytes:2
12:13:38.0 (338747873)|HEAP_ALLOCATE|[55]|Bytes:5
12:13:38.0 (338752769)|HEAP_ALLOCATE|[EXTERNAL]|Bytes:4
12:13:38.0 (338756134)|HEAP_ALLOCATE|[51]|Bytes:4
12:13:38.0 (338758997)|VARIABLE_ASSIGNMENT|[51]|j|60
12:13:38.0 (338760758)|HEAP_ALLOCATE|[50]|Bytes:4
12:13:38.0 (338763369)|VARIABLE_ASSIGNMENT|[50]|i|22
12:13:38.0 (338765002)|STATEMENT_EXECUTE|[50]
12:13:38.0 (338766298)|STATEMENT_EXECUTE|[51]
12:13:38.0 (338768107)|VARIABLE_SCOPE_BEGIN|[51]|j|Integer|false|false
12:13:38.0 (338769539)|HEAP_ALLOCATE|[51]|Bytes:4
12:13:38.0 (338772058)|VARIABLE_ASSIGNMENT|[51]|j|0
12:13:38.0 (338773628)|STATEMENT_EXECUTE|[51]
12:13:38.0 (338774942)|STATEMENT_EXECUTE|[52]
12:13:38.0 (338775956)|STATEMENT_EXECUTE|[53]
12:13:38.0 (338781850)|HEAP_ALLOCATE|[53]|Bytes:2
12:13:38.0 (338789704)|HEAP_ALLOCATE|[53]|Bytes:1
12:13:38.0 (338794916)|HEAP_ALLOCATE|[53]|Bytes:5
12:13:38.0 (338799869)|HEAP_ALLOCATE|[53]|Bytes:2
12:13:38.0 (338807427)|HEAP_ALLOCATE|[53]|Bytes:1
12:13:38.0 (338812517)|HEAP_ALLOCATE|[53]|Bytes:5
12:13:38.0 (338816985)|HEAP_ALLOCATE|[EXTERNAL]|Bytes:4
12:13:38.0 (338820784)|HEAP_ALLOCATE|[51]|Bytes:4
12:13:38.0 (338823729)|VARIABLE_ASSIGNMENT|[51]|j|30
12:13:38.0 (338825380)|STATEMENT_EXECUTE|[51]
12:13:38.0 (338826769)|STATEMENT_EXECUTE|[54]
12:13:38.0 (338827855)|STATEMENT_EXECUTE|[55]
12:13:38.0 (338833328)|HEAP_ALLOCATE|[55]|Bytes:2
12:13:38.0 (338841144)|HEAP_ALLOCATE|[55]|Bytes:2
12:13:38.0 (338846283)|HEAP_ALLOCATE|[55]|Bytes:5
12:13:38.0 (338851123)|HEAP_ALLOCATE|[55]|Bytes:2
12:13:38.0 (338858777)|HEAP_ALLOCATE|[55]|Bytes:2
12:13:38.0 (338863898)|HEAP_ALLOCATE|[55]|Bytes:5
12:13:38.0 (338868261)|HEAP_ALLOCATE|[EXTERNAL]|Bytes:4
12:13:38.0 (338871499)|HEAP_ALLOCATE|[51]|Bytes:4
12:13:38.0 (338874442)|VARIABLE_ASSIGNMENT|[51]|j|60
12:13:38.0 (338876158)|HEAP_ALLOCATE|[50]|Bytes:4
12:13:38.0 (338878802)|VARIABLE_ASSIGNMENT|[50]|i|23
12:13:38.0 (338880476)|STATEMENT_EXECUTE|[50]
12:13:38.0 (338881693)|STATEMENT_EXECUTE|[51]
12:13:38.0 (338883380)|VARIABLE_SCOPE_BEGIN|[51]|j|Integer|false|false
12:13:38.0 (338884758)|HEAP_ALLOCATE|[51]|Bytes:4
12:13:38.0 (338887306)|VARIABLE_ASSIGNMENT|[51]|j|0
12:13:38.0 (338888987)|STATEMENT_EXECUTE|[51]
12:13:38.0 (338890282)|STATEMENT_EXECUTE|[52]
12:13:38.0 (338891288)|STATEMENT_EXECUTE|[53]
12:13:38.0 (338897068)|HEAP_ALLOCATE|[53]|Bytes:2
12:13:38.0 (338904923)|HEAP_ALLOCATE|[53]|Bytes:1
12:13:38.0 (338910162)|HEAP_ALLOCATE|[53]|Bytes:5
12:13:38.0 (338914993)|HEAP_ALLOCATE|[53]|Bytes:2
12:13:38.0 (338922603)|HEAP_ALLOCATE|[53]|Bytes:1
12:13:38.0 (338927793)|HEAP_ALLOCATE|[53]|Bytes:5
12:13:38.0 (338932298)|HEAP_ALLOCATE|[EXTERNAL]|Bytes:4
12:13:38.0 (338935608)|HEAP_ALLOCATE|[51]|Bytes:4
12:13:38.0 (338938419)|VARIABLE_ASSIGNMENT|[51]|j|30
12:13:38.0 (338940005)|STATEMENT_EXECUTE|[51]
12:13:38.0 (338941396)|STATEMENT_EXECUTE|[54]
12:13:38.0 (338942390)|STATEMENT_EXECUTE|[55]
12:13:38.0 (338947823)|HEAP_ALLOCATE|[55]|Bytes:2
12:13:38.0 (338955644)|HEAP_ALLOCATE|[55]|Bytes:2
12:13:38.0 (338960841)|HEAP_ALLOCATE|[55]|Bytes:5
12:13:38.0 (338965753)|HEAP_ALLOCATE|[55]|Bytes:2
12:13:38.0 (338973419)|HEAP_ALLOCATE|[55]|Bytes:2
12:13:38.0 (338979061)|HEAP_ALLOCATE|[55]|Bytes:5
12:13:38.0 (338987273)|HEAP_ALLOCATE|[EXTERNAL]|Bytes:4
12:13:38.0 (338990884)|HEAP_ALLOCATE|[51]|Bytes:4
12:13:38.0 (338993954)|VARIABLE_ASSIGNMENT|[51]|j|60
12:13:38.0 (338995807)|HEAP_ALLOCATE|[50]|Bytes:4
12:13:38.0 (338998444)|VARIABLE_ASSIGNMENT|[50]|i|24
12:13:38.0 (339000406)|STATEMENT_EXECUTE|[59]
12:13:38.0 (339114970)|SYSTEM_MODE_ENTER|true
12:13:38.0 (339140627)|HEAP_ALLOCATE|[EXTERNAL]|Bytes:80
12:13:38.0 (339191314)|VARIABLE_ASSIGNMENT|[EXTERNAL]|this|{"delToHub":true,"delToProj":false,"detail":"0x4a4ccfe5","invoked":false,"rejected":false,"reserved":false,"selectedTime3":"8:00","sublocations1":"0x7911feb1","www":"0x2034b26d","wwwById":"0x49702345"}|0x16d1806
12:13:38.0 (339198226)|STATEMENT_EXECUTE|[78]
12:13:38.0 (339202757)|STATEMENT_EXECUTE|[79]
12:13:38.0 (339203948)|STATEMENT_EXECUTE|[83]
12:13:38.343 (343780863)|SYSTEM_MODE_ENTER|true
12:13:38.343 (343855143)|HEAP_ALLOCATE|[EXTERNAL]|Bytes:8
12:13:38.343 (343866038)|VARIABLE_SCOPE_BEGIN|[88]|this|ApexPage.PageMessagesComponentController|true|false
12:13:38.343 (343903392)|VARIABLE_ASSIGNMENT|[88]|this|{}|0x5d820c0b
12:13:38.343 (343906578)|VARIABLE_SCOPE_BEGIN|[88]|escape|Boolean|false|false
12:13:38.343 (343910973)|VARIABLE_ASSIGNMENT|[88]|escape|null
12:13:38.0 (344280148)|SYSTEM_MODE_ENTER|true
12:13:38.0 (344306999)|HEAP_ALLOCATE|[EXTERNAL]|Bytes:4
12:13:38.0 (344311126)|HEAP_ALLOCATE|[EXTERNAL]|Bytes:80
12:13:38.0 (344325571)|VARIABLE_ASSIGNMENT|[EXTERNAL]|this.selectedTime3|"8:00"|0x16d1806
12:13:38.0 (344359690)|SYSTEM_MODE_ENTER|true
12:13:38.0 (344381435)|HEAP_ALLOCATE|[EXTERNAL]|Bytes:80
12:13:38.0 (344441545)|VARIABLE_ASSIGNMENT|[EXTERNAL]|this|{"delToHub":true,"delToProj":false,"detail":"0x4a4ccfe5","invoked":false,"rejected":false,"reserved":false,"selectedTime3":"8:00","sublocations1":"0x7911feb1","www":"0x2034b26d","wwwById":"0x49702345"}|0x16d1806
12:13:38.0 (344448881)|STATEMENT_EXECUTE|[3]
12:13:38.0 (344453110)|STATEMENT_EXECUTE|[4]
12:13:38.0 (344454542)|STATEMENT_EXECUTE|[9]
12:13:38.0 (344818484)|SYSTEM_MODE_ENTER|true
12:13:38.0 (344839085)|HEAP_ALLOCATE|[EXTERNAL]|Bytes:80
12:13:38.0 (344884131)|VARIABLE_ASSIGNMENT|[EXTERNAL]|this|{"delToHub":true,"delToProj":false,"detail":"0x4a4ccfe5","invoked":false,"rejected":false,"reserved":false,"selectedTime3":"8:00","sublocations1":"0x7911feb1","www":"0x2034b26d","wwwById":"0x49702345"}|0x16d1806
12:13:38.0 (344890413)|STATEMENT_EXECUTE|[204]
12:13:38.0 (344893041)|STATEMENT_EXECUTE|[205]
12:13:38.0 (344894234)|STATEMENT_EXECUTE|[208]
12:13:38.0 (344934081)|SYSTEM_MODE_ENTER|true
12:13:38.0 (344950064)|HEAP_ALLOCATE|[EXTERNAL]|Bytes:80
12:13:38.0 (344986807)|VARIABLE_ASSIGNMENT|[EXTERNAL]|this|{"delToHub":true,"delToProj":false,"detail":"0x4a4ccfe5","invoked":false,"rejected":false,"reserved":false,"selectedTime3":"8:00","sublocations1":"0x7911feb1","www":"0x2034b26d","wwwById":"0x49702345"}|0x16d1806
12:13:38.0 (344991553)|STATEMENT_EXECUTE|[220]
12:13:38.0 (344993703)|STATEMENT_EXECUTE|[221]
12:13:38.0 (344994916)|STATEMENT_EXECUTE|[224]
12:13:38.0 (345030567)|SYSTEM_MODE_ENTER|true
12:13:38.0 (345045745)|HEAP_ALLOCATE|[EXTERNAL]|Bytes:80
12:13:38.0 (345081558)|VARIABLE_ASSIGNMENT|[EXTERNAL]|this|{"delToHub":true,"delToProj":false,"detail":"0x4a4ccfe5","invoked":false,"rejected":false,"reserved":false,"selectedTime3":"8:00","sublocations1":"0x7911feb1","www":"0x2034b26d","wwwById":"0x49702345"}|0x16d1806
12:13:38.0 (345085830)|STATEMENT_EXECUTE|[212]
12:13:38.0 (345087745)|STATEMENT_EXECUTE|[213]
12:13:38.0 (345089134)|STATEMENT_EXECUTE|[216]
12:13:38.0 (345129594)|SYSTEM_MODE_ENTER|true
12:13:38.0 (345143800)|HEAP_ALLOCATE|[EXTERNAL]|Bytes:80
12:13:38.0 (345178560)|VARIABLE_ASSIGNMENT|[EXTERNAL]|this|{"delToHub":true,"delToProj":false,"detail":"0x4a4ccfe5","invoked":false,"rejected":false,"reserved":false,"selectedTime3":"8:00","sublocations1":"0x7911feb1","www":"0x2034b26d","wwwById":"0x49702345"}|0x16d1806
12:13:38.0 (345183128)|STATEMENT_EXECUTE|[21]
12:13:38.0 (345185276)|STATEMENT_EXECUTE|[22]
12:13:38.0 (345186541)|STATEMENT_EXECUTE|[26]
12:13:38.0 (345812961)|HEAP_ALLOCATE|[EXTERNAL]|Bytes:80
12:13:38.0 (345820863)|VARIABLE_SCOPE_BEGIN|[245]|this|NewDeliveredExtension|true|false
12:13:38.0 (345864526)|VARIABLE_ASSIGNMENT|[245]|this|{"delToHub":true,"delToProj":false,"detail":"0x4a4ccfe5","invoked":false,"rejected":false,"reserved":false,"selectedTime3":"8:00","sublocations1":"0x7911feb1","www":"0x2034b26d","wwwById":"0x49702345"}|0x16d1806
12:13:38.0 (345871989)|STATEMENT_EXECUTE|[245]
12:13:38.0 (345873635)|STATEMENT_EXECUTE|[246]
12:13:38.0 (345880635)|HEAP_ALLOCATE|[246]|Bytes:4
12:13:38.0 (346005917)|VARIABLE_ASSIGNMENT|[EXTERNAL]|this|{"delToHub":true,"delToProj":false,"detail":"0x4a4ccfe5","invoked":false,"rejected":false,"reserved":false,"selectedTime3":"8:00","sublocations1":"0x7911feb1","www":"0x2034b26d","wwwById":"0x49702345"}|0x16d1806
12:13:38.0 (346031810)|HEAP_ALLOCATE|[EXTERNAL]|Bytes:4
12:13:38.0 (346039336)|VARIABLE_ASSIGNMENT|[EXTERNAL]|value|[]|0x7fe93485
12:13:38.0 (346050603)|VARIABLE_ASSIGNMENT|[185]|this.sublocations1|[]|0x16d1806
12:13:38.0 (346057805)|STATEMENT_EXECUTE|[247]
12:13:38.0 (346061388)|HEAP_ALLOCATE|[247]|Bytes:4
12:13:38.0 (346077014)|VARIABLE_SCOPE_BEGIN|[247]|options|List<NewDeliveredExtension.SubLocation>|true|false
12:13:38.0 (346085940)|HEAP_ALLOCATE|[EXTERNAL]|Bytes:4
12:13:38.0 (346094134)|VARIABLE_ASSIGNMENT|[247]|options|[]|0x440cac6c
12:13:38.0 (346096267)|STATEMENT_EXECUTE|[248]
12:13:38.0 (346099922)|HEAP_ALLOCATE|[248]|Bytes:18
12:13:38.0 (346151396)|VARIABLE_ASSIGNMENT|[EXTERNAL]|this|{"delToHub":true,"delToProj":false,"detail":"0x4a4ccfe5","invoked":false,"rejected":false,"reserved":false,"selectedTime3":"8:00","sublocations1":"0x7fe93485","www":"0x2034b26d","wwwById":"0x49702345"}|0x16d1806
12:13:38.0 (346154904)|STATEMENT_EXECUTE|[3]
12:13:38.0 (346157315)|STATEMENT_EXECUTE|[4]
12:13:38.0 (346158442)|STATEMENT_EXECUTE|[9]
12:13:38.0 (346226176)|HEAP_ALLOCATE|[248]|Bytes:18
12:13:38.0 (346239742)|HEAP_ALLOCATE|[248]|Bytes:36
12:13:38.0 (346265005)|USER_DEBUG|[248]|DEBUG|detail.Location__ca0B0E0000009MiwUAE
12:13:38.0 (346314862)|VARIABLE_ASSIGNMENT|[EXTERNAL]|this|{"delToHub":true,"delToProj":false,"detail":"0x4a4ccfe5","invoked":false,"rejected":false,"reserved":false,"selectedTime3":"8:00","sublocations1":"0x7fe93485","www":"0x2034b26d","wwwById":"0x49702345"}|0x16d1806
12:13:38.0 (346319092)|STATEMENT_EXECUTE|[3]
12:13:38.0 (346321006)|STATEMENT_EXECUTE|[4]
12:13:38.0 (346322258)|STATEMENT_EXECUTE|[9]
12:13:38.0 (346330484)|STATEMENT_EXECUTE|[250]
12:13:38.0 (346334447)|HEAP_ALLOCATE|[251]|Bytes:68
12:13:38.0 (346343736)|HEAP_ALLOCATE|[251]|Bytes:4
12:13:38.0 (346351097)|HEAP_ALLOCATE|[251]|Bytes:7
12:13:38.0 (346391447)|VARIABLE_ASSIGNMENT|[EXTERNAL]|this|{"delToHub":true,"delToProj":false,"detail":"0x4a4ccfe5","invoked":false,"rejected":false,"reserved":false,"selectedTime3":"8:00","sublocations1":"0x7fe93485","www":"0x2034b26d","wwwById":"0x49702345"}|0x16d1806
12:13:38.0 (346395040)|STATEMENT_EXECUTE|[3]
12:13:38.0 (346396512)|STATEMENT_EXECUTE|[4]
12:13:38.0 (346397571)|STATEMENT_EXECUTE|[9]
12:13:38.0 (346769574)|SOQL_EXECUTE_BEGIN|[251]|Aggregations:0|SELECT Name, Id FROM Location__c 
12:13:38.0 (349374140)|SOQL_EXECUTE_END|[251]|Rows:1
12:13:38.0 (349390648)|HEAP_ALLOCATE|[EXTERNAL]|Bytes:8
12:13:38.0 (349561485)|HEAP_ALLOCATE|[251]|Bytes:49
12:13:38.0 (349568280)|HEAP_ALLOCATE|[251]|Bytes:8
12:13:38.0 (349577534)|SYSTEM_METHOD_ENTRY|[7]|QueryLocatorIterator.QueryLocatorIterator()
12:13:38.0 (349580384)|STATEMENT_EXECUTE|[7]
12:13:38.0 (349590477)|SYSTEM_METHOD_EXIT|[7]|QueryLocatorIterator
12:13:38.0 (349597168)|HEAP_ALLOCATE|[251]|Bytes:28
12:13:38.0 (349690055)|HEAP_ALLOCATE|[251]|Bytes:8
12:13:38.0 (349711592)|HEAP_ALLOCATE|[251]|Bytes:8
12:13:38.0 (349714471)|HEAP_ALLOCATE|[251]|Bytes:8
12:13:38.0 (349720130)|VARIABLE_SCOPE_BEGIN|[15]|this|Database.QueryLocatorIterator|true|false
12:13:38.0 (349747118)|VARIABLE_ASSIGNMENT|[15]|this|{}|0x2da605bc
12:13:38.0 (349751541)|VARIABLE_SCOPE_BEGIN|[15]|values|List<SObject>|true|false
12:13:38.0 (349769557)|VARIABLE_ASSIGNMENT|[15]|values|[{"Name":"27I3A","Id":"a0B0E0000009WnWUAU","RecordTypeId":"01224000000B1zdAAC"}]|0x5f74a4aa
12:13:38.0 (349773388)|VARIABLE_SCOPE_BEGIN|[15]|ql|Database.QueryLocator|true|false
12:13:38.0 (349791143)|VARIABLE_ASSIGNMENT|[15]|ql|{"query":"SELECT Name, Id FROM (48 more) ..."}|0x57c4efeb
12:13:38.0 (349794367)|VARIABLE_SCOPE_BEGIN|[15]|totalNumRecords|Integer|false|false
12:13:38.0 (349799359)|VARIABLE_ASSIGNMENT|[15]|totalNumRecords|1
12:13:38.0 (349802075)|VARIABLE_SCOPE_BEGIN|[15]|queryMoreSize|Integer|false|false
12:13:38.0 (349805224)|VARIABLE_ASSIGNMENT|[15]|queryMoreSize|49999
12:13:38.0 (349913822)|HEAP_ALLOCATE|[251]|Bytes:28
12:13:38.0 (349939369)|METHOD_ENTRY|[251]||Database.QueryLocatorIterator.hasNext()
12:13:38.0 (350040728)|METHOD_EXIT|[251]||Database.QueryLocatorIterator.hasNext()
12:13:38.0 (350051981)|METHOD_ENTRY|[251]||Database.QueryLocatorIterator.next()
12:13:38.0 (350140603)|METHOD_EXIT|[251]||Database.QueryLocatorIterator.next()
12:13:38.0 (350148214)|VARIABLE_SCOPE_BEGIN|[251]|loc|Location__c|true|false
12:13:38.0 (350161242)|VARIABLE_ASSIGNMENT|[251]|loc|{"Name":"27I3A","Id":"a0B0E0000009WnWUAU","RecordTypeId":"01224000000B1zdAAC"}|0x6ebdf281
12:13:38.0 (350164825)|STATEMENT_EXECUTE|[251]
12:13:38.0 (350166317)|STATEMENT_EXECUTE|[252]
12:13:38.0 (350225707)|VARIABLE_ASSIGNMENT|[EXTERNAL]|this|{"delToHub":true,"delToProj":false,"detail":"0x4a4ccfe5","invoked":false,"rejected":false,"reserved":false,"selectedTime3":"8:00","sublocations1":"0x7fe93485","www":"0x2034b26d","wwwById":"0x49702345"}|0x16d1806
12:13:38.0 (350231388)|STATEMENT_EXECUTE|[186]
12:13:38.0 (350233740)|STATEMENT_EXECUTE|[187]
12:13:38.0 (350234821)|STATEMENT_EXECUTE|[190]
12:13:38.0 (350249214)|HEAP_ALLOCATE|[252]|Bytes:112
12:13:38.0 (350253750)|HEAP_ALLOCATE|[252]|Bytes:11
12:13:38.0 (350259487)|HEAP_ALLOCATE|[252]|Bytes:12
12:13:38.0 (350272736)|CONSTRUCTOR_ENTRY|[252]|01p2400000DUtXT|<init>(Boolean,Location__c)
12:13:38.0 (350286864)|VARIABLE_SCOPE_BEGIN|[530]|this|NewDeliveredExtension.SubLocation|true|false
12:13:38.0 (350304497)|VARIABLE_ASSIGNMENT|[530]|this|{}|0x64dd54c6
12:13:38.0 (350311221)|VARIABLE_SCOPE_BEGIN|[530]|isChecked|Boolean|false|false
12:13:38.0 (350314598)|VARIABLE_ASSIGNMENT|[530]|isChecked|false
12:13:38.0 (350316990)|VARIABLE_SCOPE_BEGIN|[530]|sub|Location__c|true|false
12:13:38.0 (350323755)|VARIABLE_ASSIGNMENT|[530]|sub|{"Name":"27I3A","Id":"a0B0E0000009WnWUAU","RecordTypeId":"01224000000B1zdAAC"}|0x6ebdf281
12:13:38.0 (350327509)|STATEMENT_EXECUTE|[527]
12:13:38.0 (350329006)|STATEMENT_EXECUTE|[528]
12:13:38.0 (350330049)|STATEMENT_EXECUTE|[529]
12:13:38.0 (350340101)|STATEMENT_EXECUTE|[530]
12:13:38.0 (350341456)|STATEMENT_EXECUTE|[531]
12:13:38.0 (350380828)|VARIABLE_ASSIGNMENT|[EXTERNAL]|this|{}|0x64dd54c6
12:13:38.0 (350387036)|VARIABLE_ASSIGNMENT|[EXTERNAL]|value|false
12:13:38.0 (350391376)|HEAP_ALLOCATE|[528]|Bytes:5
12:13:38.0 (350397501)|VARIABLE_ASSIGNMENT|[528]|this.isChecked|false|0x64dd54c6
12:13:38.0 (350402397)|STATEMENT_EXECUTE|[532]
12:13:38.0 (350433331)|VARIABLE_ASSIGNMENT|[EXTERNAL]|this|{"isChecked":false}|0x64dd54c6
12:13:38.0 (350440406)|VARIABLE_ASSIGNMENT|[EXTERNAL]|value|{"Name":"27I3A","Id":"a0B0E0000009WnWUAU","RecordTypeId":"01224000000B1zdAAC"}|0x6ebdf281
12:13:38.0 (350448370)|VARIABLE_ASSIGNMENT|[529]|this.sub|{"Name":"27I3A","Id":"a0B0E0000009WnWUAU","RecordTypeId":"01224000000B1zdAAC"}|0x64dd54c6
12:13:38.0 (350457344)|CONSTRUCTOR_EXIT|[252]|01p2400000DUtXT|<init>(Boolean,Location__c)
12:13:38.0 (350467181)|HEAP_ALLOCATE|[EXTERNAL]|Bytes:4
12:13:38.0 (350475061)|METHOD_ENTRY|[251]||Database.QueryLocatorIterator.hasNext()
12:13:38.0 (350486904)|METHOD_EXIT|[251]||Database.QueryLocatorIterator.hasNext()
12:13:38.0 (350493038)|VARIABLE_ASSIGNMENT|[251]|loc|null|
12:13:38.361 (361517574)|SYSTEM_MODE_ENTER|true
12:13:38.361 (361570740)|HEAP_ALLOCATE|[EXTERNAL]|Bytes:8
12:13:38.361 (361577692)|VARIABLE_SCOPE_BEGIN|[88]|this|ApexPage.PageMessagesComponentController|true|false
12:13:38.361 (361599075)|VARIABLE_ASSIGNMENT|[88]|this|{}|0x5d820c0b
12:13:38.361 (361601825)|VARIABLE_SCOPE_BEGIN|[88]|escape|Boolean|false|false
12:13:38.361 (361605155)|VARIABLE_ASSIGNMENT|[88]|escape|null
12:13:38.361 (361688146)|SYSTEM_MODE_ENTER|true
12:13:38.361 (361714035)|HEAP_ALLOCATE|[EXTERNAL]|Bytes:8
12:13:38.361 (361718958)|VARIABLE_SCOPE_BEGIN|[2]|this|ApexPage.PageMessagesComponentController|true|false
12:13:38.361 (361734312)|VARIABLE_ASSIGNMENT|[2]|this|{}|0x5d820c0b
12:13:38.0 (362041317)|SYSTEM_MODE_ENTER|true
12:13:38.0 (362074464)|HEAP_ALLOCATE|[EXTERNAL]|Bytes:80
12:13:38.0 (362145340)|VARIABLE_ASSIGNMENT|[EXTERNAL]|this|{"delToHub":true,"delToProj":false,"detail":"0x4a4ccfe5","invoked":false,"rejected":false,"reserved":false,"selectedTime3":"8:00","sublocations1":"0x7fe93485","www":"0x2034b26d","wwwById":"0x49702345"}|0x16d1806
12:13:38.0 (362155447)|STATEMENT_EXECUTE|[196]
12:13:38.0 (362159745)|STATEMENT_EXECUTE|[197]
12:13:38.0 (362161950)|STATEMENT_EXECUTE|[200]
12:13:38.0 (362233944)|SYSTEM_MODE_ENTER|true
12:13:38.0 (362261588)|HEAP_ALLOCATE|[EXTERNAL]|Bytes:80
12:13:38.0 (362326139)|VARIABLE_ASSIGNMENT|[EXTERNAL]|this|{"delToHub":true,"delToProj":false,"detail":"0x4a4ccfe5","invoked":false,"rejected":false,"reserved":false,"selectedTime3":"8:00","sublocations1":"0x7fe93485","www":"0x2034b26d","wwwById":"0x49702345"}|0x16d1806
12:13:38.0 (362334593)|STATEMENT_EXECUTE|[229]
12:13:38.0 (362337731)|STATEMENT_EXECUTE|[230]
12:13:38.0 (362339760)|STATEMENT_EXECUTE|[233]
12:13:38.0 (362428641)|SYSTEM_MODE_ENTER|true
12:13:38.0 (362455370)|HEAP_ALLOCATE|[EXTERNAL]|Bytes:80
12:13:38.0 (362516123)|VARIABLE_ASSIGNMENT|[EXTERNAL]|this|{"delToHub":true,"delToProj":false,"detail":"0x4a4ccfe5","invoked":false,"rejected":false,"reserved":false,"selectedTime3":"8:00","sublocations1":"0x7fe93485","www":"0x2034b26d","wwwById":"0x49702345"}|0x16d1806
12:13:38.0 (362523948)|STATEMENT_EXECUTE|[3]
12:13:38.0 (362527159)|STATEMENT_EXECUTE|[4]
12:13:38.0 (362528620)|STATEMENT_EXECUTE|[9]
12:13:38.0 (479323785)|SYSTEM_MODE_ENTER|true
12:13:38.0 (479349572)|HEAP_ALLOCATE|[EXTERNAL]|Bytes:80
12:13:38.0 (479400614)|VARIABLE_ASSIGNMENT|[EXTERNAL]|this|{"delToHub":true,"delToProj":false,"detail":"0x4a4ccfe5","invoked":false,"rejected":false,"reserved":false,"selectedTime3":"8:00","sublocations1":"0x7fe93485","www":"0x2034b26d","wwwById":"0x49702345"}|0x16d1806
12:13:38.0 (479407342)|STATEMENT_EXECUTE|[186]
12:13:38.0 (479410336)|STATEMENT_EXECUTE|[187]
12:13:38.0 (479411573)|STATEMENT_EXECUTE|[190]
12:13:38.0 (479919673)|SYSTEM_MODE_ENTER|true
12:13:38.0 (479941710)|HEAP_ALLOCATE|[EXTERNAL]|Bytes:80
12:13:38.0 (479995584)|VARIABLE_ASSIGNMENT|[EXTERNAL]|this|{"delToHub":true,"delToProj":false,"detail":"0x4a4ccfe5","invoked":false,"rejected":false,"reserved":false,"selectedTime3":"8:00","sublocations1":"0x7fe93485","www":"0x2034b26d","wwwById":"0x49702345"}|0x16d1806
12:13:38.0 (480002324)|STATEMENT_EXECUTE|[204]
12:13:38.0 (480005806)|STATEMENT_EXECUTE|[205]
12:13:38.0 (480007231)|STATEMENT_EXECUTE|[208]
12:13:38.0 (480051742)|SYSTEM_MODE_ENTER|true
12:13:38.0 (480068205)|HEAP_ALLOCATE|[EXTERNAL]|Bytes:80
12:13:38.0 (480106568)|VARIABLE_ASSIGNMENT|[EXTERNAL]|this|{"delToHub":true,"delToProj":false,"detail":"0x4a4ccfe5","invoked":false,"rejected":false,"reserved":false,"selectedTime3":"8:00","sublocations1":"0x7fe93485","www":"0x2034b26d","wwwById":"0x49702345"}|0x16d1806
12:13:38.0 (480112007)|STATEMENT_EXECUTE|[220]
12:13:38.0 (480114097)|STATEMENT_EXECUTE|[221]
12:13:38.0 (480115379)|STATEMENT_EXECUTE|[224]
12:13:38.0 (480152052)|SYSTEM_MODE_ENTER|true
12:13:38.0 (480166808)|HEAP_ALLOCATE|[EXTERNAL]|Bytes:80
12:13:38.0 (480202879)|VARIABLE_ASSIGNMENT|[EXTERNAL]|this|{"delToHub":true,"delToProj":false,"detail":"0x4a4ccfe5","invoked":false,"rejected":false,"reserved":false,"selectedTime3":"8:00","sublocations1":"0x7fe93485","www":"0x2034b26d","wwwById":"0x49702345"}|0x16d1806
12:13:38.0 (480207348)|STATEMENT_EXECUTE|[212]
12:13:38.0 (480210041)|STATEMENT_EXECUTE|[213]
12:13:38.0 (480211323)|STATEMENT_EXECUTE|[216]
12:13:38.0 (480265792)|SYSTEM_MODE_ENTER|true
12:13:38.0 (480281411)|HEAP_ALLOCATE|[EXTERNAL]|Bytes:80
12:13:38.0 (480317269)|VARIABLE_ASSIGNMENT|[EXTERNAL]|this|{"delToHub":true,"delToProj":false,"detail":"0x4a4ccfe5","invoked":false,"rejected":false,"reserved":false,"selectedTime3":"8:00","sublocations1":"0x7fe93485","www":"0x2034b26d","wwwById":"0x49702345"}|0x16d1806
12:13:38.0 (480322197)|STATEMENT_EXECUTE|[21]
12:13:38.0 (480324342)|STATEMENT_EXECUTE|[22]
12:13:38.0 (480325624)|STATEMENT_EXECUTE|[26]
12:13:38.0 (484299400)|VF_SERIALIZE_VIEWSTATE_BEGIN|06624000003h0Dg
12:13:38.0 (488478153)|VF_SERIALIZE_VIEWSTATE_END
12:13:38.490 (490534926)|CUMULATIVE_LIMIT_USAGE
12:13:38.490 (490534926)|LIMIT_USAGE_FOR_NS|(default)|
  Number of SOQL queries: 1 out of 100
  Number of query rows: 1 out of 50000
  Number of SOSL queries: 0 out of 20
  Number of DML statements: 0 out of 150
  Number of DML rows: 0 out of 10000
  Maximum CPU time: 0 out of 10000
  Maximum heap size: 0 out of 6000000
  Number of callouts: 0 out of 100
  Number of Email Invocations: 0 out of 10
  Number of future calls: 0 out of 50
  Number of queueable jobs added to the queue: 0 out of 50
  Number of Mobile Apex push calls: 0 out of 10

12:13:38.490 (490534926)|CUMULATIVE_LIMIT_USAGE_END

12:13:38.0 (490571202)|CODE_UNIT_FINISHED|VF: /apex/New_delivered_detail
12:13:38.0 (491270506)|EXECUTION_FINISHED
