39.0 APEX_CODE,DEBUG;APEX_PROFILING,INFO;CALLOUT,INFO;DB,INFO;SYSTEM,DEBUG;VALIDATION,INFO;VISUALFORCE,INFO;WAVE,INFO;WORKFLOW,INFO
15:01:00.0 (256629)|USER_INFO|[EXTERNAL]|00524000001e3Uj|bedrijfsbureau@gsa.nl.sandbox|Midden-Europese standaardtijd|GMT+02:00
15:01:00.0 (279748)|EXECUTION_STARTED
15:01:00.0 (283735)|CODE_UNIT_STARTED|[EXTERNAL]|0669E0000000KhW|VF: /apex/ProjectItemsAfroepen
15:01:00.0 (388927)|VF_DESERIALIZE_VIEWSTATE_BEGIN|0669E0000000KhW
15:01:00.0 (7651812)|VF_DESERIALIZE_VIEWSTATE_END
15:01:00.0 (12747239)|SYSTEM_MODE_ENTER|true
15:01:00.0 (12991272)|SYSTEM_MODE_ENTER|false
15:01:00.0 (12998243)|SYSTEM_MODE_EXIT|false
15:01:00.0 (13016442)|SYSTEM_MODE_ENTER|false
15:01:00.0 (13023136)|SYSTEM_MODE_EXIT|false
15:01:00.0 (13169698)|SYSTEM_MODE_ENTER|true
15:01:00.0 (13197663)|SYSTEM_MODE_ENTER|false
15:01:00.0 (13203798)|SYSTEM_MODE_EXIT|false
15:01:00.0 (13261481)|SYSTEM_MODE_ENTER|true
15:01:00.0 (13581765)|SYSTEM_MODE_ENTER|false
15:01:00.0 (13669494)|USER_DEBUG|[40]|DEBUG|OBDEB PROJ ID -->> null
15:01:00.0 (14895470)|SOQL_EXECUTE_BEGIN|[45]|Aggregations:0|SELECT Id, Name, Project__c, Hub_Building_Site__c, Hub_Building_Site__r.Name, Curr_Items_To_Invoke__c, Item__c, Item__r.Name, Item__r.Staat__c, Item__r.Sizes__c, Item__r.Diameter__c, Item__r.Merk__c, Item__r.Materiaal__c, Item__r.Kleur__c, Item__r.Kind_Of_Packages__c FROM WWW__c WHERE Project__c = :tmpVar1
15:01:00.0 (17691029)|SOQL_EXECUTE_END|[45]|Rows:0
15:01:00.0 (17878866)|USER_DEBUG|[58]|DEBUG|()
15:01:00.0 (17886633)|SYSTEM_MODE_EXIT|false
15:01:00.0 (22329210)|SYSTEM_MODE_ENTER|true
15:01:00.0 (22363310)|SYSTEM_MODE_ENTER|false
15:01:00.0 (22368728)|SYSTEM_MODE_EXIT|false
15:01:00.0 (22487247)|SYSTEM_MODE_ENTER|true
15:01:00.0 (22510294)|SYSTEM_MODE_ENTER|false
15:01:00.0 (22514816)|SYSTEM_MODE_EXIT|false
15:01:00.0 (22558157)|SYSTEM_MODE_ENTER|true
15:01:00.0 (23563103)|VF_SERIALIZE_VIEWSTATE_BEGIN|0669E0000000KhW
15:01:00.0 (25685588)|VF_SERIALIZE_VIEWSTATE_END
15:01:00.28 (28202424)|CUMULATIVE_LIMIT_USAGE
15:01:00.28 (28202424)|LIMIT_USAGE_FOR_NS|(default)|
  Number of SOQL queries: 1 out of 100
  Number of query rows: 0 out of 50000
  Number of SOSL queries: 0 out of 20
  Number of DML statements: 0 out of 150
  Number of DML rows: 0 out of 10000
  Maximum CPU time: 0 out of 10000
  Maximum heap size: 0 out of 6000000
  Number of callouts: 0 out of 100
  Number of Email Invocations: 0 out of 10
  Number of future calls: 0 out of 50
  Number of queueable jobs added to the queue: 0 out of 50
  Number of Mobile Apex push calls: 0 out of 10

15:01:00.28 (28202424)|CUMULATIVE_LIMIT_USAGE_END

15:01:00.0 (28243804)|CODE_UNIT_FINISHED|VF: /apex/ProjectItemsAfroepen
15:01:00.0 (29288773)|EXECUTION_FINISHED
