39.0 APEX_CODE,DEBUG;APEX_PROFILING,INFO;CALLOUT,INFO;DB,INFO;SYSTEM,DEBUG;VALIDATION,INFO;VISUALFORCE,INFO;WAVE,INFO;WORKFLOW,INFO
15:04:43.0 (317246)|USER_INFO|[EXTERNAL]|00524000001e3Uj|bedrijfsbureau@gsa.nl.sandbox|Midden-Europese standaardtijd|GMT+02:00
15:04:43.0 (339896)|EXECUTION_STARTED
15:04:43.0 (343024)|CODE_UNIT_STARTED|[EXTERNAL]|0669E0000000KhW|VF: /apex/ProjectItemsAfroepen
15:04:43.0 (881954)|VF_DESERIALIZE_VIEWSTATE_BEGIN|0669E0000000KhW
15:04:43.0 (8374050)|VF_DESERIALIZE_VIEWSTATE_END
15:04:43.0 (8872137)|SYSTEM_MODE_ENTER|true
15:04:43.0 (9090321)|SYSTEM_MODE_ENTER|false
15:04:43.0 (9097771)|SYSTEM_MODE_EXIT|false
15:04:43.0 (9113018)|SYSTEM_MODE_ENTER|false
15:04:43.0 (9119124)|SYSTEM_MODE_EXIT|false
15:04:43.0 (9243431)|SYSTEM_MODE_ENTER|true
15:04:43.0 (9274846)|SYSTEM_MODE_ENTER|false
15:04:43.0 (9285128)|SYSTEM_MODE_EXIT|false
15:04:43.0 (9414336)|SYSTEM_MODE_ENTER|true
15:04:43.0 (9565697)|SYSTEM_MODE_ENTER|false
15:04:43.0 (11587618)|SOQL_EXECUTE_BEGIN|[34]|Aggregations:0|SELECT Id, Name FROM Projecten__c WHERE Name LIKE :tmpVar1 LIMIT 5
15:04:43.0 (16776680)|SOQL_EXECUTE_END|[34]|Rows:1
15:04:43.0 (17036931)|SYSTEM_MODE_EXIT|false
15:04:43.0 (21472677)|SYSTEM_MODE_ENTER|true
15:04:43.0 (21521383)|SYSTEM_MODE_ENTER|false
15:04:43.0 (21528084)|SYSTEM_MODE_EXIT|false
15:04:43.0 (21705105)|SYSTEM_MODE_ENTER|true
15:04:43.0 (21738780)|SYSTEM_MODE_ENTER|false
15:04:43.0 (21745167)|SYSTEM_MODE_EXIT|false
15:04:43.0 (23289013)|VF_SERIALIZE_VIEWSTATE_BEGIN|0669E0000000KhW
15:04:43.0 (25484417)|VF_SERIALIZE_VIEWSTATE_END
15:04:43.27 (27493647)|CUMULATIVE_LIMIT_USAGE
15:04:43.27 (27493647)|LIMIT_USAGE_FOR_NS|(default)|
  Number of SOQL queries: 1 out of 100
  Number of query rows: 1 out of 50000
  Number of SOSL queries: 0 out of 20
  Number of DML statements: 0 out of 150
  Number of DML rows: 0 out of 10000
  Maximum CPU time: 0 out of 10000
  Maximum heap size: 0 out of 6000000
  Number of callouts: 0 out of 100
  Number of Email Invocations: 0 out of 10
  Number of future calls: 0 out of 50
  Number of queueable jobs added to the queue: 0 out of 50
  Number of Mobile Apex push calls: 0 out of 10

15:04:43.27 (27493647)|CUMULATIVE_LIMIT_USAGE_END

15:04:43.0 (27536231)|CODE_UNIT_FINISHED|VF: /apex/ProjectItemsAfroepen
15:04:43.0 (28535600)|EXECUTION_FINISHED
