38.0 APEX_CODE,DEBUG;APEX_PROFILING,INFO;CALLOUT,INFO;DB,INFO;SYSTEM,DEBUG;VALIDATION,INFO;VISUALFORCE,INFO;WAVE,INFO;WORKFLOW,INFO
10:13:14.0 (347437)|USER_INFO|[EXTERNAL]|00524000001e3Uj|bedrijfsbureau@gsa.nl.sandbox|Midden-Europese standaardtijd|GMT+02:00
10:13:14.0 (381104)|EXECUTION_STARTED
10:13:14.0 (384321)|CODE_UNIT_STARTED|[EXTERNAL]|06624000003h0Dg|VF: /apex/New_delivered_detail
10:13:14.0 (1025926)|VF_DESERIALIZE_VIEWSTATE_BEGIN|06624000003h0Dg
10:13:14.0 (14802184)|VF_DESERIALIZE_VIEWSTATE_END
10:13:14.15 (15893342)|SYSTEM_MODE_ENTER|true
10:13:14.16 (16605191)|SYSTEM_MODE_ENTER|true
10:13:14.0 (16950843)|SYSTEM_MODE_ENTER|true
10:13:14.0 (17174694)|SYSTEM_MODE_ENTER|true
10:13:14.0 (17247911)|SYSTEM_MODE_ENTER|true
10:13:14.0 (17310100)|SYSTEM_MODE_ENTER|true
10:13:14.0 (17368668)|SYSTEM_MODE_ENTER|true
10:13:14.0 (17501876)|SYSTEM_MODE_ENTER|true
10:13:14.0 (23808756)|SYSTEM_MODE_ENTER|true
10:13:14.0 (29557762)|SYSTEM_MODE_ENTER|true
10:13:14.0 (34519535)|SYSTEM_MODE_ENTER|false
10:13:14.0 (34528743)|SYSTEM_MODE_EXIT|false
10:13:14.0 (34579544)|SYSTEM_MODE_ENTER|false
10:13:14.0 (36302592)|SOQL_EXECUTE_BEGIN|[35]|Aggregations:0|SELECT Id, Name FROM Projecten__c ORDER BY CreatedDate DESC NULLS FIRST
10:13:14.0 (38252469)|SOQL_EXECUTE_END|[35]|Rows:2
10:13:14.0 (38785549)|SYSTEM_MODE_EXIT|false
10:13:14.0 (40043411)|SYSTEM_MODE_ENTER|true
10:13:14.0 (40101454)|SYSTEM_MODE_ENTER|false
10:13:14.0 (41271153)|SYSTEM_MODE_EXIT|false
10:13:14.0 (41395494)|SYSTEM_MODE_ENTER|true
10:13:14.0 (41510670)|SYSTEM_MODE_ENTER|true
10:13:14.0 (42885691)|VF_PAGE_MESSAGE|You must enter a value
10:13:14.0 (42939304)|VF_PAGE_MESSAGE|Project: You must enter a value
10:13:14.55 (55937107)|SYSTEM_MODE_ENTER|true
10:13:14.56 (56088294)|SYSTEM_MODE_ENTER|true
10:13:14.57 (57265489)|SYSTEM_MODE_ENTER|true
10:13:14.57 (57412993)|SYSTEM_MODE_ENTER|true
10:13:14.57 (57513389)|SYSTEM_MODE_ENTER|true
10:13:14.57 (57696762)|SYSTEM_MODE_ENTER|true
10:13:14.57 (57767305)|SYSTEM_MODE_ENTER|true
10:13:14.0 (58047599)|SYSTEM_MODE_ENTER|true
10:13:14.0 (58110639)|SYSTEM_MODE_ENTER|true
10:13:14.0 (58157803)|SYSTEM_MODE_ENTER|true
10:13:14.0 (58199568)|SYSTEM_MODE_ENTER|true
10:13:14.0 (58239658)|SYSTEM_MODE_ENTER|true
10:13:14.0 (58302992)|SYSTEM_MODE_ENTER|true
10:13:14.59 (59019342)|SYSTEM_MODE_ENTER|true
10:13:14.59 (59164264)|SYSTEM_MODE_ENTER|true
10:13:14.59 (59674925)|SYSTEM_MODE_ENTER|true
10:13:14.59 (59753821)|SYSTEM_MODE_ENTER|true
10:13:14.59 (59864531)|SYSTEM_MODE_ENTER|true
10:13:14.59 (59912679)|SYSTEM_MODE_ENTER|true
10:13:14.60 (60017666)|SYSTEM_MODE_ENTER|true
10:13:14.60 (60632613)|SYSTEM_MODE_ENTER|true
10:13:14.0 (62319567)|VF_SERIALIZE_VIEWSTATE_BEGIN|06624000003h0Dg
10:13:14.0 (66075404)|VF_SERIALIZE_VIEWSTATE_END
10:13:14.68 (68748671)|CUMULATIVE_LIMIT_USAGE
10:13:14.68 (68748671)|LIMIT_USAGE_FOR_NS|(default)|
  Number of SOQL queries: 1 out of 100
  Number of query rows: 2 out of 50000
  Number of SOSL queries: 0 out of 20
  Number of DML statements: 0 out of 150
  Number of DML rows: 0 out of 10000
  Maximum CPU time: 0 out of 10000
  Maximum heap size: 0 out of 6000000
  Number of callouts: 0 out of 100
  Number of Email Invocations: 0 out of 10
  Number of future calls: 0 out of 50
  Number of queueable jobs added to the queue: 0 out of 50
  Number of Mobile Apex push calls: 0 out of 10

10:13:14.68 (68748671)|CUMULATIVE_LIMIT_USAGE_END

10:13:14.0 (68780211)|CODE_UNIT_FINISHED|VF: /apex/New_delivered_detail
10:13:14.0 (69537520)|EXECUTION_FINISHED
