39.0 APEX_CODE,DEBUG;APEX_PROFILING,INFO;CALLOUT,INFO;DB,INFO;SYSTEM,DEBUG;VALIDATION,INFO;VISUALFORCE,INFO;WAVE,INFO;WORKFLOW,INFO
13:52:26.0 (355653)|USER_INFO|[EXTERNAL]|00524000001e3Uj|bedrijfsbureau@gsa.nl.sandbox|Midden-Europese standaardtijd|GMT+02:00
13:52:26.0 (392297)|EXECUTION_STARTED
13:52:26.0 (397846)|CODE_UNIT_STARTED|[EXTERNAL]|0669E0000000KhW|VF: /apex/ProjectItemsAfroepen
13:52:26.0 (1019942)|VF_DESERIALIZE_VIEWSTATE_BEGIN|0669E0000000KhW
13:52:26.0 (6788103)|VF_DESERIALIZE_VIEWSTATE_END
13:52:26.0 (7218792)|SYSTEM_MODE_ENTER|true
13:52:26.0 (7426169)|SYSTEM_MODE_ENTER|false
13:52:26.0 (7433051)|SYSTEM_MODE_EXIT|false
13:52:26.0 (7443579)|SYSTEM_MODE_ENTER|false
13:52:26.0 (7448406)|SYSTEM_MODE_EXIT|false
13:52:26.0 (7579677)|SYSTEM_MODE_ENTER|true
13:52:26.0 (7606707)|SYSTEM_MODE_ENTER|false
13:52:26.0 (7611774)|SYSTEM_MODE_EXIT|false
13:52:26.0 (7747143)|SYSTEM_MODE_ENTER|true
13:52:26.0 (7879162)|SYSTEM_MODE_ENTER|false
13:52:26.0 (9729226)|SOQL_EXECUTE_BEGIN|[41]|Aggregations:0|SELECT Id, Name FROM Projecten__c WHERE Name LIKE :tmpVar1 LIMIT 5
13:52:26.0 (14733668)|SOQL_EXECUTE_END|[41]|Rows:1
13:52:26.0 (14926088)|SYSTEM_MODE_EXIT|false
13:52:26.0 (18600523)|SYSTEM_MODE_ENTER|true
13:52:26.0 (18648812)|SYSTEM_MODE_ENTER|false
13:52:26.0 (18656760)|SYSTEM_MODE_EXIT|false
13:52:26.0 (18796039)|SYSTEM_MODE_ENTER|true
13:52:26.0 (18820377)|SYSTEM_MODE_ENTER|false
13:52:26.0 (18825158)|SYSTEM_MODE_EXIT|false
13:52:26.0 (19971246)|VF_SERIALIZE_VIEWSTATE_BEGIN|0669E0000000KhW
13:52:26.0 (21761258)|VF_SERIALIZE_VIEWSTATE_END
13:52:26.23 (23659846)|CUMULATIVE_LIMIT_USAGE
13:52:26.23 (23659846)|LIMIT_USAGE_FOR_NS|(default)|
  Number of SOQL queries: 1 out of 100
  Number of query rows: 1 out of 50000
  Number of SOSL queries: 0 out of 20
  Number of DML statements: 0 out of 150
  Number of DML rows: 0 out of 10000
  Maximum CPU time: 0 out of 10000
  Maximum heap size: 0 out of 6000000
  Number of callouts: 0 out of 100
  Number of Email Invocations: 0 out of 10
  Number of future calls: 0 out of 50
  Number of queueable jobs added to the queue: 0 out of 50
  Number of Mobile Apex push calls: 0 out of 10

13:52:26.23 (23659846)|CUMULATIVE_LIMIT_USAGE_END

13:52:26.0 (23694812)|CODE_UNIT_FINISHED|VF: /apex/ProjectItemsAfroepen
13:52:26.0 (24595396)|EXECUTION_FINISHED
