31.0 APEX_CODE,DEBUG;APEX_PROFILING,INFO;CALLOUT,INFO;DB,INFO;SYSTEM,DEBUG;VALIDATION,INFO;VISUALFORCE,INFO;WAVE,INFO;WORKFLOW,INFO
15:18:42.0 (297376)|USER_INFO|[EXTERNAL]|00524000001e3Uj|bedrijfsbureau@gsa.nl.sandbox|Midden-Europese standaardtijd|GMT+02:00
15:18:42.0 (328427)|EXECUTION_STARTED
15:18:42.0 (332310)|CODE_UNIT_STARTED|[EXTERNAL]|01p2400000Cr9rU|CreateTicketAndCallendarTest.test_createTicket1
15:18:42.0 (850363)|SOQL_EXECUTE_BEGIN|[113]|Aggregations:0|SELECT Id, Name FROM RecordType WHERE Name = 'Building Site'
15:18:42.0 (7286128)|SOQL_EXECUTE_END|[113]|Rows:1
15:18:42.0 (7592748)|SOQL_EXECUTE_BEGIN|[114]|Aggregations:0|SELECT Id, Name FROM RecordType WHERE Name = 'Client'
15:18:42.0 (12945693)|SOQL_EXECUTE_END|[114]|Rows:1
15:18:42.0 (13189132)|DML_BEGIN|[116]|Op:Insert|Type:Account|Rows:1
15:18:42.0 (461094980)|DML_END|[116]
15:18:42.0 (461335662)|DML_BEGIN|[119]|Op:Insert|Type:Contact|Rows:1
15:18:42.0 (584302514)|DML_END|[119]
15:18:42.0 (584490229)|SOQL_EXECUTE_BEGIN|[122]|Aggregations:0|SELECT Id FROM Profile WHERE Name = 'Bouwticket account'
15:18:42.0 (592263984)|SOQL_EXECUTE_END|[122]|Rows:1
15:18:42.0 (593894902)|DML_BEGIN|[139]|Op:Insert|Type:User|Rows:1
15:18:42.0 (599717520)|CODE_UNIT_STARTED|[EXTERNAL]|01q24000000PhJT|UserTrigger on User trigger event BeforeInsert for [new]
15:18:42.0 (600109053)|EXCEPTION_THROWN|[5]|System.NullPointerException: Attempt to de-reference a null object
15:18:42.0 (600287933)|FATAL_ERROR|System.NullPointerException: Attempt to de-reference a null object

Trigger.UserTrigger: line 5, column 1
15:18:42.0 (600294327)|FATAL_ERROR|System.NullPointerException: Attempt to de-reference a null object

Trigger.UserTrigger: line 5, column 1
15:18:42.600 (600337718)|CUMULATIVE_LIMIT_USAGE
15:18:42.600 (600337718)|LIMIT_USAGE_FOR_NS|(default)|
  Number of SOQL queries: 3 out of 100
  Number of query rows: 3 out of 50000
  Number of SOSL queries: 0 out of 20
  Number of DML statements: 3 out of 150
  Number of DML rows: 3 out of 10000
  Maximum CPU time: 0 out of 10000
  Maximum heap size: 0 out of 6000000
  Number of callouts: 0 out of 100
  Number of Email Invocations: 0 out of 10
  Number of future calls: 0 out of 50
  Number of queueable jobs added to the queue: 0 out of 50
  Number of Mobile Apex push calls: 0 out of 10

15:18:42.600 (600337718)|TESTING_LIMITS
15:18:42.600 (600337718)|LIMIT_USAGE_FOR_NS|(default)|
  Number of SOQL queries: 0 out of 100
  Number of query rows: 0 out of 50000
  Number of SOSL queries: 0 out of 20
  Number of DML statements: 0 out of 150
  Number of DML rows: 0 out of 10000
  Maximum CPU time: 0 out of 10000
  Maximum heap size: 0 out of 6000000
  Number of callouts: 0 out of 100
  Number of Email Invocations: 0 out of 10
  Number of future calls: 0 out of 50
  Number of queueable jobs added to the queue: 0 out of 50
  Number of Mobile Apex push calls: 0 out of 10

15:18:42.600 (600337718)|CUMULATIVE_LIMIT_USAGE_END

15:18:42.0 (601074895)|CODE_UNIT_FINISHED|UserTrigger on User trigger event BeforeInsert for [new]
15:18:42.0 (601929565)|DML_END|[139]
15:18:42.0 (601993641)|EXCEPTION_THROWN|[139]|System.DmlException: Insert failed. First exception on row 0; first error: CANNOT_INSERT_UPDATE_ACTIVATE_ENTITY, UserTrigger: execution of BeforeInsert

caused by: System.NullPointerException: Attempt to de-reference a null object

Trigger.UserTrigger: line 5, column 1: []
15:18:42.0 (602521912)|FATAL_ERROR|System.DmlException: Insert failed. First exception on row 0; first error: CANNOT_INSERT_UPDATE_ACTIVATE_ENTITY, UserTrigger: execution of BeforeInsert

caused by: System.NullPointerException: Attempt to de-reference a null object

Trigger.UserTrigger: line 5, column 1: []

Class.CreateTicketAndCallendarTest.test_createTicket1: line 139, column 1
15:18:42.0 (602531928)|FATAL_ERROR|System.DmlException: Insert failed. First exception on row 0; first error: CANNOT_INSERT_UPDATE_ACTIVATE_ENTITY, UserTrigger: execution of BeforeInsert

caused by: System.NullPointerException: Attempt to de-reference a null object

Trigger.UserTrigger: line 5, column 1: []

Class.CreateTicketAndCallendarTest.test_createTicket1: line 139, column 1
15:18:42.602 (602537029)|CUMULATIVE_LIMIT_USAGE
15:18:42.602 (602537029)|LIMIT_USAGE_FOR_NS|(default)|
  Number of SOQL queries: 3 out of 100
  Number of query rows: 3 out of 50000
  Number of SOSL queries: 0 out of 20
  Number of DML statements: 3 out of 150
  Number of DML rows: 3 out of 10000
  Maximum CPU time: 0 out of 10000
  Maximum heap size: 0 out of 6000000
  Number of callouts: 0 out of 100
  Number of Email Invocations: 0 out of 10
  Number of future calls: 0 out of 50
  Number of queueable jobs added to the queue: 0 out of 50
  Number of Mobile Apex push calls: 0 out of 10

15:18:42.602 (602537029)|TESTING_LIMITS
15:18:42.602 (602537029)|LIMIT_USAGE_FOR_NS|(default)|
  Number of SOQL queries: 0 out of 100
  Number of query rows: 0 out of 50000
  Number of SOSL queries: 0 out of 20
  Number of DML statements: 0 out of 150
  Number of DML rows: 0 out of 10000
  Maximum CPU time: 0 out of 10000
  Maximum heap size: 0 out of 6000000
  Number of callouts: 0 out of 100
  Number of Email Invocations: 0 out of 10
  Number of future calls: 0 out of 50
  Number of queueable jobs added to the queue: 0 out of 50
  Number of Mobile Apex push calls: 0 out of 10

15:18:42.602 (602537029)|CUMULATIVE_LIMIT_USAGE_END

15:18:42.0 (602563798)|CODE_UNIT_FINISHED|CreateTicketAndCallendarTest.test_createTicket1
15:18:42.0 (603308602)|EXECUTION_FINISHED
