39.0 APEX_CODE,DEBUG;APEX_PROFILING,INFO;CALLOUT,INFO;DB,INFO;SYSTEM,DEBUG;VALIDATION,INFO;VISUALFORCE,INFO;WAVE,INFO;WORKFLOW,INFO
13:48:28.0 (75537)|USER_INFO|[EXTERNAL]|00524000001e3Uj|bedrijfsbureau@gsa.nl.sandbox|Midden-Europese standaardtijd|GMT+02:00
13:48:28.0 (103089)|EXECUTION_STARTED
13:48:28.0 (107700)|CODE_UNIT_STARTED|[EXTERNAL]|0669E0000000KhW|VF: /apex/ProjectItemsAfroepen
13:48:28.0 (267138)|VF_DESERIALIZE_VIEWSTATE_BEGIN|0669E0000000KhW
13:48:28.0 (6156356)|VF_DESERIALIZE_VIEWSTATE_END
13:48:28.0 (6696305)|SYSTEM_MODE_ENTER|true
13:48:28.0 (6965515)|SYSTEM_MODE_ENTER|false
13:48:28.0 (6973336)|SYSTEM_MODE_EXIT|false
13:48:28.0 (6985968)|SYSTEM_MODE_ENTER|false
13:48:28.0 (6991174)|SYSTEM_MODE_EXIT|false
13:48:28.0 (7180697)|SYSTEM_MODE_ENTER|true
13:48:28.0 (7220752)|SYSTEM_MODE_ENTER|false
13:48:28.0 (7226545)|SYSTEM_MODE_EXIT|false
13:48:28.0 (7506562)|SYSTEM_MODE_ENTER|false
13:48:28.0 (7590944)|USER_DEBUG|[38]|DEBUG|OBDEB PROJ ID -->> null
13:48:28.0 (10777357)|SOQL_EXECUTE_BEGIN|[40]|Aggregations:0|SELECT Id, Name, Project__c, Hub_Building_Site__c, Curr_Items_To_Invoke__c, Item__c, Item__r.Name, Item__r.Staat__c, Item__r.Sizes__c, Item__r.Diameter__c, Item__r.Merk__c, Item__r.Materiaal__c, Item__r.Kleur__c, Item__r.Kind_Of_Packages__c FROM WWW__c WHERE Project__c = :tmpVar1
13:48:28.0 (13670713)|SOQL_EXECUTE_END|[40]|Rows:0
13:48:28.0 (13792361)|SYSTEM_MODE_EXIT|false
13:48:28.0 (17920388)|SYSTEM_MODE_ENTER|true
13:48:28.0 (17956151)|SYSTEM_MODE_ENTER|false
13:48:28.0 (17962398)|SYSTEM_MODE_EXIT|false
13:48:28.0 (18107417)|SYSTEM_MODE_ENTER|true
13:48:28.0 (18134147)|SYSTEM_MODE_ENTER|false
13:48:28.0 (18139983)|SYSTEM_MODE_EXIT|false
13:48:28.0 (19129107)|VF_SERIALIZE_VIEWSTATE_BEGIN|0669E0000000KhW
13:48:28.0 (20933056)|VF_SERIALIZE_VIEWSTATE_END
13:48:28.22 (22708204)|CUMULATIVE_LIMIT_USAGE
13:48:28.22 (22708204)|LIMIT_USAGE_FOR_NS|(default)|
  Number of SOQL queries: 1 out of 100
  Number of query rows: 0 out of 50000
  Number of SOSL queries: 0 out of 20
  Number of DML statements: 0 out of 150
  Number of DML rows: 0 out of 10000
  Maximum CPU time: 0 out of 10000
  Maximum heap size: 0 out of 6000000
  Number of callouts: 0 out of 100
  Number of Email Invocations: 0 out of 10
  Number of future calls: 0 out of 50
  Number of queueable jobs added to the queue: 0 out of 50
  Number of Mobile Apex push calls: 0 out of 10

13:48:28.22 (22708204)|CUMULATIVE_LIMIT_USAGE_END

13:48:28.0 (22745207)|CODE_UNIT_FINISHED|VF: /apex/ProjectItemsAfroepen
13:48:28.0 (23519914)|EXECUTION_FINISHED
