38.0 APEX_CODE,DEBUG;APEX_PROFILING,INFO;CALLOUT,INFO;DB,INFO;SYSTEM,DEBUG;VALIDATION,INFO;VISUALFORCE,INFO;WAVE,INFO;WORKFLOW,INFO
15:37:17.0 (49482)|USER_INFO|[EXTERNAL]|00524000001e3Uj|bedrijfsbureau@gsa.nl.sandbox|Midden-Europese standaardtijd|GMT+02:00
15:37:17.0 (75767)|EXECUTION_STARTED
15:37:17.0 (78775)|CODE_UNIT_STARTED|[EXTERNAL]|06624000003h0Dg|VF: /apex/New_delivered_detail
15:37:17.0 (204598)|VF_DESERIALIZE_VIEWSTATE_BEGIN|06624000003h0Dg
15:37:17.0 (9458956)|VF_DESERIALIZE_VIEWSTATE_END
15:37:17.10 (10235672)|SYSTEM_MODE_ENTER|true
15:37:17.11 (11042266)|SYSTEM_MODE_ENTER|true
15:37:17.0 (11315951)|SYSTEM_MODE_ENTER|true
15:37:17.0 (11581166)|SYSTEM_MODE_ENTER|true
15:37:17.0 (11697637)|SYSTEM_MODE_ENTER|true
15:37:17.0 (11802784)|SYSTEM_MODE_ENTER|true
15:37:17.0 (11915963)|SYSTEM_MODE_ENTER|true
15:37:17.0 (16592797)|SYSTEM_MODE_ENTER|true
15:37:17.0 (18823203)|SYSTEM_MODE_ENTER|true
15:37:17.0 (18932618)|SYSTEM_MODE_ENTER|true
15:37:17.0 (28107907)|SYSTEM_MODE_ENTER|true
15:37:17.0 (30350159)|SYSTEM_MODE_ENTER|true
15:37:17.33 (33836555)|SYSTEM_MODE_ENTER|true
15:37:17.0 (34341494)|SYSTEM_MODE_ENTER|true
15:37:17.0 (34411385)|SYSTEM_MODE_ENTER|true
15:37:17.0 (34796354)|SYSTEM_MODE_ENTER|true
15:37:17.0 (34857955)|SYSTEM_MODE_ENTER|true
15:37:17.0 (35878206)|USER_DEBUG|[326]|DEBUG|set wwwWWW__c:{Project__c=a0q9E0000006AJvQAM}
15:37:17.0 (36080618)|USER_DEBUG|[328]|DEBUG|set wwwWWW__c:{Id=a0t9E0000001c7AQAQ, Project__c=a0q9E0000006AJvQAM, Curr_Items_To_Invoke__c=9, Item__c=a0A9E000000h4EwUAI, Hub_Building_Site__c=a029E000001WpiQQAS, Actueel_aantal_palletplaatsen__c=0, Name=WWW-13998}
15:37:17.48 (48610310)|SYSTEM_MODE_ENTER|true
15:37:17.48 (48805481)|SYSTEM_MODE_ENTER|true
15:37:17.0 (49172506)|SYSTEM_MODE_ENTER|true
15:37:17.0 (49244612)|SYSTEM_MODE_ENTER|true
15:37:17.0 (49293307)|SYSTEM_MODE_ENTER|true
15:37:17.0 (49336046)|SYSTEM_MODE_ENTER|true
15:37:17.0 (49397544)|SYSTEM_MODE_ENTER|true
15:37:17.0 (51198728)|SYSTEM_MODE_ENTER|true
15:37:17.0 (52559046)|SYSTEM_MODE_ENTER|true
15:37:17.0 (52648843)|SYSTEM_MODE_ENTER|true
15:37:17.0 (57224533)|SYSTEM_MODE_ENTER|true
15:37:17.0 (57349181)|USER_DEBUG|[300]|DEBUG|a0t9E0000001c7AQAQ Delivered_2_Hub
15:37:17.0 (59820763)|SOQL_EXECUTE_BEGIN|[305]|Aggregations:0|SELECT Id, Location__c, Location__r.Name FROM WWW_detail__c WHERE (WWW__c = :tmpVar1 AND RecordType.DeveloperName = 'Delivered_2_Hub')
15:37:17.0 (64969404)|SOQL_EXECUTE_END|[305]|Rows:1
15:37:17.0 (74892675)|VF_SERIALIZE_VIEWSTATE_BEGIN|06624000003h0Dg
15:37:17.0 (79069457)|VF_SERIALIZE_VIEWSTATE_END
15:37:17.82 (82294134)|CUMULATIVE_LIMIT_USAGE
15:37:17.82 (82294134)|LIMIT_USAGE_FOR_NS|(default)|
  Number of SOQL queries: 1 out of 100
  Number of query rows: 1 out of 50000
  Number of SOSL queries: 0 out of 20
  Number of DML statements: 0 out of 150
  Number of DML rows: 0 out of 10000
  Maximum CPU time: 0 out of 10000
  Maximum heap size: 0 out of 6000000
  Number of callouts: 0 out of 100
  Number of Email Invocations: 0 out of 10
  Number of future calls: 0 out of 50
  Number of queueable jobs added to the queue: 0 out of 50
  Number of Mobile Apex push calls: 0 out of 10

15:37:17.82 (82294134)|CUMULATIVE_LIMIT_USAGE_END

15:37:17.0 (82325725)|CODE_UNIT_FINISHED|VF: /apex/New_delivered_detail
15:37:17.0 (83063068)|EXECUTION_FINISHED
