36.0 APEX_CODE,FINEST;APEX_PROFILING,INFO;CALLOUT,INFO;DB,INFO;SYSTEM,DEBUG;VALIDATION,INFO;VISUALFORCE,INFO;WORKFLOW,INFO
10:44:45.0 (498443)|USER_INFO|[EXTERNAL]|00524000001e3Uj|bedrijfsbureau@gsa.nl.sandbox|Midden-Europese standaardtijd|GMT+01:00
10:44:45.0 (545319)|EXECUTION_STARTED
10:44:45.0 (549954)|CODE_UNIT_STARTED|[EXTERNAL]|01p2400000Cr5V6|ForgotPasswordControllerTest.testForgotPasswordController
10:44:45.0 (940372)|HEAP_ALLOCATE|[72]|Bytes:3
10:44:45.0 (974222)|HEAP_ALLOCATE|[77]|Bytes:152
10:44:45.0 (988982)|HEAP_ALLOCATE|[342]|Bytes:408
10:44:45.0 (1003920)|HEAP_ALLOCATE|[355]|Bytes:408
10:44:45.0 (1018117)|HEAP_ALLOCATE|[467]|Bytes:48
10:44:45.0 (1044739)|HEAP_ALLOCATE|[139]|Bytes:6
10:44:45.0 (1055800)|HEAP_ALLOCATE|[EXTERNAL]|Bytes:6
10:44:45.0 (1064442)|METHOD_ENTRY|[4]|01p2400000Cr5V6|ForgotPasswordControllerTest.ForgotPasswordControllerTest()
10:44:45.0 (1067937)|STATEMENT_EXECUTE|[4]
10:44:45.0 (1071688)|STATEMENT_EXECUTE|[4]
10:44:45.0 (1099187)|HEAP_ALLOCATE|[50]|Bytes:5
10:44:45.0 (1117911)|HEAP_ALLOCATE|[56]|Bytes:5
10:44:45.0 (1124324)|HEAP_ALLOCATE|[64]|Bytes:7
10:44:45.0 (1475569)|SYSTEM_MODE_ENTER|false
10:44:45.0 (1491464)|HEAP_ALLOCATE|[EXTERNAL]|Bytes:5
10:44:45.0 (1499245)|SYSTEM_MODE_EXIT|false
10:44:45.0 (1505939)|METHOD_EXIT|[4]|ForgotPasswordControllerTest
10:44:45.0 (1555382)|SYSTEM_MODE_ENTER|false
10:44:45.0 (1559366)|HEAP_ALLOCATE|[7]|Bytes:5
10:44:45.0 (1562288)|STATEMENT_EXECUTE|[5]
10:44:45.0 (1563633)|STATEMENT_EXECUTE|[7]
10:44:45.0 (6115136)|HEAP_ALLOCATE|[7]|Bytes:84
10:44:45.0 (6121455)|HEAP_ALLOCATE|[7]|Bytes:5
10:44:45.0 (6134466)|METHOD_ENTRY|[4]|01p2400000Cr5V5|ForgotPasswordController.ForgotPasswordController()
10:44:45.0 (6137022)|STATEMENT_EXECUTE|[4]
10:44:45.0 (6140636)|STATEMENT_EXECUTE|[4]
10:44:45.0 (6146274)|HEAP_ALLOCATE|[7]|Bytes:5
10:44:45.0 (6152688)|METHOD_EXIT|[4]|ForgotPasswordController
10:44:45.0 (6170674)|HEAP_ALLOCATE|[7]|Bytes:8
10:44:45.0 (6180582)|CONSTRUCTOR_ENTRY|[7]|01p2400000Cr5V5|<init>()
10:44:45.0 (6207413)|VARIABLE_SCOPE_BEGIN|[7]|this|ForgotPasswordController|true|false
10:44:45.0 (6256261)|VARIABLE_ASSIGNMENT|[7]|this|{}|0x19bdbfd5
10:44:45.0 (6265893)|HEAP_ALLOCATE|[EXTERNAL]|Bytes:5
10:44:45.0 (6269017)|STATEMENT_EXECUTE|[4]
10:44:45.0 (6271007)|HEAP_ALLOCATE|[EXTERNAL]|Bytes:5
10:44:45.0 (6272328)|STATEMENT_EXECUTE|[5]
10:44:45.0 (6279721)|HEAP_ALLOCATE|[EXTERNAL]|Bytes:6
10:44:45.0 (6296200)|STATEMENT_EXECUTE|[7]
10:44:45.0 (6300908)|CONSTRUCTOR_EXIT|[7]|01p2400000Cr5V5|<init>()
10:44:45.0 (6304664)|VARIABLE_SCOPE_BEGIN|[7]|controller|ForgotPasswordController|true|false
10:44:45.0 (6316419)|VARIABLE_ASSIGNMENT|[7]|controller|{}|0x19bdbfd5
10:44:45.0 (6318315)|STATEMENT_EXECUTE|[8]
10:44:45.0 (6320746)|HEAP_ALLOCATE|[8]|Bytes:19
10:44:45.0 (6360852)|VARIABLE_ASSIGNMENT|[EXTERNAL]|this|{}|0x19bdbfd5
10:44:45.0 (6369482)|VARIABLE_ASSIGNMENT|[EXTERNAL]|value|"test@salesforce.com"
10:44:45.0 (6378123)|VARIABLE_ASSIGNMENT|[5]|this.username|"test@salesforce.com"|0x19bdbfd5
10:44:45.0 (6384341)|STATEMENT_EXECUTE|[10]
10:44:45.0 (6403128)|METHOD_ENTRY|[10]|01p2400000Cr5V5|ForgotPasswordController.forgotPassword()
10:44:45.0 (6417978)|VARIABLE_SCOPE_BEGIN|[9]|this|ForgotPasswordController|true|false
10:44:45.0 (6427947)|VARIABLE_ASSIGNMENT|[9]|this|{"username":"test@salesforce.com"}|0x19bdbfd5
10:44:45.0 (6439705)|HEAP_ALLOCATE|[10]|Bytes:5
10:44:45.0 (6442395)|STATEMENT_EXECUTE|[9]
10:44:45.0 (6443584)|STATEMENT_EXECUTE|[10]
10:44:45.0 (6475504)|VARIABLE_ASSIGNMENT|[EXTERNAL]|this|{"username":"test@salesforce.com"}|0x19bdbfd5
10:44:45.0 (6516531)|HEAP_ALLOCATE|[10]|Bytes:145
10:44:45.0 (6523346)|SYSTEM_METHOD_ENTRY|[1]|Site.Site()
10:44:45.0 (6525407)|STATEMENT_EXECUTE|[1]
10:44:45.0 (6530240)|SYSTEM_METHOD_EXIT|[1]|Site
10:44:45.0 (6545570)|METHOD_ENTRY|[10]||System.Site.forgotPassword(String)
10:44:45.0 (6588753)|METHOD_EXIT|[10]||System.Site.forgotPassword(String)
10:44:45.0 (6592984)|VARIABLE_SCOPE_BEGIN|[10]|success|Boolean|false|false
10:44:45.0 (6597909)|HEAP_ALLOCATE|[10]|Bytes:5
10:44:45.0 (6604538)|VARIABLE_ASSIGNMENT|[10]|success|false
10:44:45.0 (6607109)|STATEMENT_EXECUTE|[11]
10:44:45.0 (6612002)|HEAP_ALLOCATE|[11]|Bytes:27
10:44:45.0 (6658114)|VARIABLE_SCOPE_BEGIN|[11]|pr|System.PageReference|true|false
10:44:45.0 (6730691)|VARIABLE_ASSIGNMENT|[11]|pr|"/apex/forgotpasswordconfirm"|0x21ba1661
10:44:45.0 (6734270)|STATEMENT_EXECUTE|[12]
10:44:45.0 (6783794)|STATEMENT_EXECUTE|[14]
10:44:45.0 (6785434)|STATEMENT_EXECUTE|[17]
10:44:45.0 (6793094)|METHOD_EXIT|[10]|01p2400000Cr5V5|ForgotPasswordController.forgotPassword()
10:44:45.0 (6822444)|SYSTEM_MODE_EXIT|false
10:44:45.6 (6834052)|CUMULATIVE_LIMIT_USAGE
10:44:45.6 (6834052)|LIMIT_USAGE_FOR_NS|(default)|
  Number of SOQL queries: 0 out of 100
  Number of query rows: 0 out of 50000
  Number of SOSL queries: 0 out of 20
  Number of DML statements: 0 out of 150
  Number of DML rows: 0 out of 10000
  Maximum CPU time: 0 out of 10000
  Maximum heap size: 0 out of 6000000
  Number of callouts: 0 out of 100
  Number of Email Invocations: 0 out of 10
  Number of future calls: 0 out of 50
  Number of queueable jobs added to the queue: 0 out of 50
  Number of Mobile Apex push calls: 0 out of 10

10:44:45.6 (6834052)|CUMULATIVE_LIMIT_USAGE_END

10:44:45.0 (6868861)|CODE_UNIT_FINISHED|ForgotPasswordControllerTest.testForgotPasswordController
10:44:45.0 (7852813)|EXECUTION_FINISHED
