38.0 APEX_CODE,FINEST;APEX_PROFILING,INFO;CALLOUT,INFO;DB,INFO;SYSTEM,DEBUG;VALIDATION,INFO;VISUALFORCE,INFO;WAVE,INFO;WORKFLOW,INFO
13:50:35.0 (51933)|USER_INFO|[EXTERNAL]|00524000001e3Uj|bedrijfsbureau@gsa.nl.sandbox|Midden-Europese standaardtijd|GMT+01:00
13:50:35.0 (81395)|EXECUTION_STARTED
13:50:35.0 (84904)|CODE_UNIT_STARTED|[EXTERNAL]|06624000003h0Dg|VF: /apex/New_delivered_detail
13:50:35.0 (13915441)|SYSTEM_MODE_ENTER|true
13:50:35.0 (14294904)|HEAP_ALLOCATE|[72]|Bytes:3
13:50:35.0 (14325235)|HEAP_ALLOCATE|[77]|Bytes:152
13:50:35.0 (14336639)|HEAP_ALLOCATE|[342]|Bytes:408
13:50:35.0 (14350097)|HEAP_ALLOCATE|[355]|Bytes:408
13:50:35.0 (14363088)|HEAP_ALLOCATE|[467]|Bytes:48
13:50:35.0 (14387306)|HEAP_ALLOCATE|[139]|Bytes:6
13:50:35.0 (14400346)|HEAP_ALLOCATE|[EXTERNAL]|Bytes:11
13:50:35.0 (14404611)|HEAP_ALLOCATE|[EXTERNAL]|Bytes:408
13:50:35.0 (14407164)|HEAP_ALLOCATE|[EXTERNAL]|Bytes:120
13:50:35.0 (14409924)|HEAP_ALLOCATE|[EXTERNAL]|Bytes:108
13:50:35.0 (14418302)|METHOD_ENTRY|[1]|01p2400000DUtXT|NewDeliveredExtension.NewDeliveredExtension()
13:50:35.0 (14421691)|STATEMENT_EXECUTE|[1]
13:50:35.0 (14425396)|STATEMENT_EXECUTE|[1]
13:50:35.0 (14426499)|STATEMENT_EXECUTE|[535]
13:50:35.0 (14430502)|METHOD_EXIT|[1]|NewDeliveredExtension
13:50:35.0 (14694385)|HEAP_ALLOCATE|[EXTERNAL]|Bytes:80
13:50:35.0 (14709525)|VARIABLE_SCOPE_BEGIN|[163]|this|NewDeliveredExtension|true|false
13:50:35.0 (14808869)|VARIABLE_ASSIGNMENT|[163]|this|{}|0x20089837
13:50:35.0 (14813189)|VARIABLE_SCOPE_BEGIN|[163]|controller|ApexPages.StandardController|true|false
13:50:35.0 (14946804)|VARIABLE_ASSIGNMENT|[163]|controller|"StandardController [null]"|0x6b85c993
13:50:35.0 (14953916)|STATEMENT_EXECUTE|[1]
13:50:35.0 (14955505)|STATEMENT_EXECUTE|[2]
13:50:35.0 (14957095)|STATEMENT_EXECUTE|[20]
13:50:35.0 (14958357)|STATEMENT_EXECUTE|[61]
13:50:35.0 (14959324)|STATEMENT_EXECUTE|[69]
13:50:35.0 (14960256)|STATEMENT_EXECUTE|[77]
13:50:35.0 (14961185)|STATEMENT_EXECUTE|[85]
13:50:35.0 (14962099)|STATEMENT_EXECUTE|[93]
13:50:35.0 (14963034)|STATEMENT_EXECUTE|[101]
13:50:35.0 (14964098)|STATEMENT_EXECUTE|[123]
13:50:35.0 (14970509)|HEAP_ALLOCATE|[123]|Bytes:4
13:50:35.0 (14974634)|HEAP_ALLOCATE|[123]|Bytes:258
13:50:35.0 (14979187)|HEAP_ALLOCATE|[123]|Bytes:4
13:50:35.0 (15013439)|HEAP_ALLOCATE|[50]|Bytes:5
13:50:35.0 (15031846)|HEAP_ALLOCATE|[56]|Bytes:5
13:50:35.0 (15037286)|HEAP_ALLOCATE|[64]|Bytes:7
13:50:35.0 (15582999)|SOQL_EXECUTE_BEGIN|[123]|Aggregations:0|SELECT Id, Project__c, Item__c, Actueel_aantal_palletplaatsenworkflow__c, Ticket_Number_ILIPS__c, Filecardnumber__c, Projectmember__c, Hub_Building_Site__c, Actueel_aantal_palletplaatsen__c, Supplier__c, Name FROM WWW__c ORDER BY CreatedDate DESC NULLS FIRST
13:50:35.0 (22527323)|SOQL_EXECUTE_END|[123]|Rows:4
13:50:35.0 (22544089)|HEAP_ALLOCATE|[123]|Bytes:20
13:50:35.0 (22569918)|HEAP_ALLOCATE|[123]|Bytes:884
13:50:35.0 (22607671)|HEAP_ALLOCATE|[123]|Bytes:20
13:50:35.0 (22649501)|HEAP_ALLOCATE|[123]|Bytes:28
13:50:35.0 (22658523)|HEAP_ALLOCATE|[123]|Bytes:4
13:50:35.0 (22665833)|HEAP_ALLOCATE|[123]|Bytes:28
13:50:35.0 (22668775)|HEAP_ALLOCATE|[123]|Bytes:4
13:50:35.0 (22673088)|HEAP_ALLOCATE|[123]|Bytes:28
13:50:35.0 (22675755)|HEAP_ALLOCATE|[123]|Bytes:4
13:50:35.0 (22679768)|HEAP_ALLOCATE|[123]|Bytes:28
13:50:35.0 (22682313)|HEAP_ALLOCATE|[123]|Bytes:4
13:50:35.0 (22730412)|VARIABLE_ASSIGNMENT|[123]|this.wwwById|{"a0t0E0000004UTyQAM":{"Id":"a0t0E0000004UTyQAM","Project__c":"a0q0E0000008S3WQAU","Item__c":"a0A0E0000001PiqUAE","Hub_Building_Site__c":"a020E000000zFeUQAU","Actueel_aantal_palle (12 more) ...":0,"Name":"WWW-13537"},"a0t0E0000004NFcQAM":{"Id":"a0t0E0000004NFcQAM","Project__c":"a0q0E0000008S3bQAE","Item__c":"a0A0E0000001Pj0UAE","Hub_Building_Site__c":"a020E000000zEM2QAM","Actueel_aantal_palle (12 more) ...":0,"Name":"WWW-13490"},"a0t0E0000004NFXQA2":{"Id":"a0t0E0000004NFXQA2","Project__c":"a0q0E0000008S3WQAU","Item__c":"a0A0E0000001PiqUAE","Hub_Building_Site__c":"a020E000000zEM2QAM","Actueel_aantal_palle (12 more) ...":0,"Name":"WWW-13489"},"a0t0E0000004NFNQA2":{"Id":"a0t0E0000004NFNQA2","Project__c":"a0q0E0000008S3WQAU","Item__c":"a0A0E0000001PilUAE","Hub_Building_Site__c":"a020E000000zEM2QAM","Actueel_aantal_palle (12 more) ...":0,"Name":"WWW-13487"}}|0x20089837
13:50:35.0 (22738720)|STATEMENT_EXECUTE|[155]
13:50:35.0 (22740490)|STATEMENT_EXECUTE|[156]
13:50:35.0 (22741523)|STATEMENT_EXECUTE|[184]
13:50:35.0 (22742499)|STATEMENT_EXECUTE|[185]
13:50:35.0 (22743551)|STATEMENT_EXECUTE|[195]
13:50:35.0 (22744513)|STATEMENT_EXECUTE|[203]
13:50:35.0 (22745470)|STATEMENT_EXECUTE|[211]
13:50:35.0 (22746435)|STATEMENT_EXECUTE|[219]
13:50:35.0 (22747363)|STATEMENT_EXECUTE|[228]
13:50:35.0 (22748354)|STATEMENT_EXECUTE|[236]
13:50:35.0 (22755081)|HEAP_ALLOCATE|[123]|Bytes:6
13:50:35.0 (22777039)|STATEMENT_EXECUTE|[163]
13:50:35.0 (22778483)|STATEMENT_EXECUTE|[164]
13:50:35.0 (22820148)|HEAP_ALLOCATE|[164]|Bytes:58
13:50:35.0 (22863046)|HEAP_ALLOCATE|[164]|Bytes:28
13:50:35.0 (22873752)|HEAP_ALLOCATE|[164]|Bytes:10
13:50:35.0 (22900435)|HEAP_ALLOCATE|[164]|Bytes:4
13:50:35.0 (22941057)|VARIABLE_ASSIGNMENT|[EXTERNAL]|this|{"wwwById":"0x4643eb97"}|0x20089837
13:50:35.0 (22945015)|STATEMENT_EXECUTE|[3]
13:50:35.0 (22949463)|STATEMENT_EXECUTE|[4]
13:50:35.0 (22950569)|STATEMENT_EXECUTE|[5]
13:50:35.0 (22963527)|HEAP_ALLOCATE|[5]|Bytes:4
13:50:35.0 (23046391)|VARIABLE_ASSIGNMENT|[5]|this.detail|{}|0x20089837
13:50:35.0 (23050274)|STATEMENT_EXECUTE|[6]
13:50:35.0 (23104422)|VARIABLE_ASSIGNMENT|[EXTERNAL]|this|{"detail":"0x4bd4f817","wwwById":"0x4643eb97"}|0x20089837
13:50:35.0 (23107915)|STATEMENT_EXECUTE|[21]
13:50:35.0 (23111147)|STATEMENT_EXECUTE|[22]
13:50:35.0 (23112097)|STATEMENT_EXECUTE|[23]
13:50:35.0 (23120944)|HEAP_ALLOCATE|[23]|Bytes:4
13:50:35.0 (23162895)|VARIABLE_ASSIGNMENT|[23]|this.www|{}|0x20089837
13:50:35.0 (23165961)|STATEMENT_EXECUTE|[26]
13:50:35.0 (23392629)|VARIABLE_ASSIGNMENT|[6]|this.WWW__c|null|0x4bd4f817
13:50:35.0 (23395873)|STATEMENT_EXECUTE|[7]
13:50:35.0 (23447173)|VARIABLE_ASSIGNMENT|[EXTERNAL]|this|{"detail":"0x4bd4f817","www":"0x35deb31","wwwById":"0x4643eb97"}|0x20089837
13:50:35.0 (23496505)|VARIABLE_ASSIGNMENT|[7]|this.Project__c|null|0x4bd4f817
13:50:35.0 (23499617)|STATEMENT_EXECUTE|[9]
13:50:35.0 (23574708)|VARIABLE_ASSIGNMENT|[164]|this.RecordTypeId|"01224000000Sn4OAAS"|0x4bd4f817
13:50:35.0 (23577616)|STATEMENT_EXECUTE|[165]
13:50:35.0 (23630037)|VARIABLE_ASSIGNMENT|[EXTERNAL]|this|{"detail":"0x4bd4f817","www":"0x35deb31","wwwById":"0x4643eb97"}|0x20089837
13:50:35.0 (23633483)|STATEMENT_EXECUTE|[3]
13:50:35.0 (23635501)|STATEMENT_EXECUTE|[4]
13:50:35.0 (23636662)|STATEMENT_EXECUTE|[9]
13:50:35.0 (23676361)|USER_DEBUG|[165]|DEBUG|01224000000Sn4OAAS
13:50:35.0 (23681913)|STATEMENT_EXECUTE|[166]
13:50:35.0 (23722818)|HEAP_ALLOCATE|[166]|Bytes:4
13:50:35.0 (23727681)|HEAP_ALLOCATE|[166]|Bytes:82
13:50:35.0 (23730549)|HEAP_ALLOCATE|[166]|Bytes:4
13:50:35.0 (23909041)|SOQL_EXECUTE_BEGIN|[166]|Aggregations:0|SELECT Id, Name, DeveloperName FROM RecordType WHERE sobjectType = 'WWW_detail__c'
13:50:35.0 (31558652)|SOQL_EXECUTE_END|[166]|Rows:5
13:50:35.0 (31572748)|HEAP_ALLOCATE|[166]|Bytes:24
13:50:35.0 (31591024)|HEAP_ALLOCATE|[166]|Bytes:371
13:50:35.0 (31622883)|HEAP_ALLOCATE|[166]|Bytes:24
13:50:35.0 (31659633)|HEAP_ALLOCATE|[166]|Bytes:16
13:50:35.0 (31667023)|HEAP_ALLOCATE|[166]|Bytes:4
13:50:35.0 (31672603)|HEAP_ALLOCATE|[166]|Bytes:16
13:50:35.0 (31675753)|HEAP_ALLOCATE|[166]|Bytes:4
13:50:35.0 (31679505)|HEAP_ALLOCATE|[166]|Bytes:16
13:50:35.0 (31682215)|HEAP_ALLOCATE|[166]|Bytes:4
13:50:35.0 (31685675)|HEAP_ALLOCATE|[166]|Bytes:16
13:50:35.0 (31688303)|HEAP_ALLOCATE|[166]|Bytes:4
13:50:35.0 (31691717)|HEAP_ALLOCATE|[166]|Bytes:16
13:50:35.0 (31694361)|HEAP_ALLOCATE|[166]|Bytes:4
13:50:35.0 (31701069)|VARIABLE_SCOPE_BEGIN|[166]|recByNames|Map<Id,RecordType>|true|false
13:50:35.0 (31730121)|VARIABLE_ASSIGNMENT|[166]|recByNames|{"01224000000Sn4NAAS":{"Id":"01224000000Sn4NAAS","Name":"Afleveren","DeveloperName":"Delivered_2_Project"},"01224000000Sn4OAAS":{"Id":"01224000000Sn4OAAS","Name":"Afroepen","DeveloperName":"Invoked"},"01224000000Sn4PAAS":{"Id":"01224000000Sn4PAAS","Name":"Afwijzen","DeveloperName":"Rejected"},"01224000000Sn4MAAS":{"Id":"01224000000Sn4MAAS","Name":"Ontvangen","DeveloperName":"Delivered_2_Hub"},"01224000000Sn4QAAS":{"Id":"01224000000Sn4QAAS","Name":"Verwachten","DeveloperName":"Reserved"}}|0x730baa24
13:50:35.0 (31783391)|VARIABLE_ASSIGNMENT|[EXTERNAL]|this|{"detail":"0x4bd4f817","www":"0x35deb31","wwwById":"0x4643eb97"}|0x20089837
13:50:35.0 (31787103)|STATEMENT_EXECUTE|[3]
13:50:35.0 (31789594)|STATEMENT_EXECUTE|[4]
13:50:35.0 (31790821)|STATEMENT_EXECUTE|[9]
13:50:35.0 (31800808)|STATEMENT_EXECUTE|[168]
13:50:35.0 (31833924)|VARIABLE_ASSIGNMENT|[EXTERNAL]|this|{"detail":"0x4bd4f817","www":"0x35deb31","wwwById":"0x4643eb97"}|0x20089837
13:50:35.0 (31836968)|STATEMENT_EXECUTE|[3]
13:50:35.0 (31838467)|STATEMENT_EXECUTE|[4]
13:50:35.0 (31839518)|STATEMENT_EXECUTE|[9]
13:50:35.0 (31877676)|HEAP_ALLOCATE|[169]|Bytes:7
13:50:35.0 (31896841)|STATEMENT_EXECUTE|[169]
13:50:35.0 (31898309)|STATEMENT_EXECUTE|[170]
13:50:35.0 (31957445)|VARIABLE_ASSIGNMENT|[EXTERNAL]|this|{"detail":"0x4bd4f817","www":"0x35deb31","wwwById":"0x4643eb97"}|0x20089837
13:50:35.0 (31970242)|VARIABLE_ASSIGNMENT|[EXTERNAL]|value|true
13:50:35.0 (31974890)|HEAP_ALLOCATE|[195]|Bytes:5
13:50:35.0 (31981168)|VARIABLE_ASSIGNMENT|[195]|this.invoked|true|0x20089837
13:50:35.0 (31987186)|STATEMENT_EXECUTE|[181]
13:50:35.0 (32018137)|METHOD_ENTRY|[181]|01p2400000DUtXT|NewDeliveredExtension.getProjects()
13:50:35.0 (32033163)|VARIABLE_SCOPE_BEGIN|[139]|this|NewDeliveredExtension|true|false
13:50:35.0 (32060466)|VARIABLE_ASSIGNMENT|[139]|this|{"detail":"0x4bd4f817","invoked":true,"www":"0x35deb31","wwwById":"0x4643eb97"}|0x20089837
13:50:35.0 (32066252)|STATEMENT_EXECUTE|[139]
13:50:35.0 (32072351)|STATEMENT_EXECUTE|[141]
13:50:35.0 (32077757)|HEAP_ALLOCATE|[141]|Bytes:4
13:50:35.0 (32102383)|VARIABLE_SCOPE_BEGIN|[141]|options|List<System.SelectOption>|true|false
13:50:35.0 (32127906)|HEAP_ALLOCATE|[EXTERNAL]|Bytes:4
13:50:35.0 (32135867)|VARIABLE_ASSIGNMENT|[141]|options|[]|0x53f45539
13:50:35.0 (32138079)|STATEMENT_EXECUTE|[142]
13:50:35.0 (32175707)|HEAP_ALLOCATE|[142]|Bytes:4
13:50:35.0 (32180030)|HEAP_ALLOCATE|[142]|Bytes:71
13:50:35.0 (32182857)|HEAP_ALLOCATE|[142]|Bytes:4
13:50:35.0 (32378522)|SOQL_EXECUTE_BEGIN|[142]|Aggregations:0|SELECT Id, Name FROM Projecten__c ORDER BY CreatedDate DESC NULLS FIRST
13:50:35.0 (33407026)|SOQL_EXECUTE_END|[142]|Rows:2
13:50:35.0 (33420612)|HEAP_ALLOCATE|[142]|Bytes:12
13:50:35.0 (33431486)|HEAP_ALLOCATE|[142]|Bytes:85
13:50:35.0 (33459394)|HEAP_ALLOCATE|[142]|Bytes:12
13:50:35.0 (33492221)|HEAP_ALLOCATE|[142]|Bytes:12
13:50:35.0 (33498903)|HEAP_ALLOCATE|[142]|Bytes:4
13:50:35.0 (33505617)|HEAP_ALLOCATE|[142]|Bytes:12
13:50:35.0 (33508594)|HEAP_ALLOCATE|[142]|Bytes:4
13:50:35.0 (33514710)|VARIABLE_SCOPE_BEGIN|[142]|prById|Map<Id,Projecten__c>|true|false
13:50:35.0 (33533501)|VARIABLE_ASSIGNMENT|[142]|prById|{"a0q0E0000008S3bQAE":{"Id":"a0q0E0000008S3bQAE","Name":"2165103"},"a0q0E0000008S3WQAU":{"Id":"a0q0E0000008S3WQAU","Name":"5700"}}|0xe17620d
13:50:35.0 (33536816)|STATEMENT_EXECUTE|[143]
13:50:35.0 (33539356)|HEAP_ALLOCATE|[143]|Bytes:6
13:50:35.0 (33619002)|HEAP_ALLOCATE|[143]|Bytes:139
13:50:35.0 (33636071)|HEAP_ALLOCATE|[143]|Bytes:145
13:50:35.0 (33646408)|USER_DEBUG|[143]|DEBUG|prById{a0q0E0000008S3WQAU=Projecten__c:{Id=a0q0E0000008S3WQAU, Name=5700}, a0q0E0000008S3bQAE=Projecten__c:{Id=a0q0E0000008S3bQAE, Name=2165103}}
13:50:35.0 (33652105)|STATEMENT_EXECUTE|[144]
13:50:35.0 (33681268)|HEAP_ALLOCATE|[EXTERNAL]|Bytes:12
13:50:35.0 (33688622)|HEAP_ALLOCATE|[144]|Bytes:95
13:50:35.0 (33727956)|HEAP_ALLOCATE|[144]|Bytes:12
13:50:35.0 (33792651)|VARIABLE_ASSIGNMENT|[EXTERNAL]|this|{"detail":"0x4bd4f817","invoked":true,"www":"0x35deb31","wwwById":"0x4643eb97"}|0x20089837
13:50:35.0 (33796774)|STATEMENT_EXECUTE|[3]
13:50:35.0 (33799158)|STATEMENT_EXECUTE|[4]
13:50:35.0 (33800389)|STATEMENT_EXECUTE|[9]
13:50:35.0 (33837554)|VARIABLE_ASSIGNMENT|[144]|this.Project__c|"a0q0E0000008S3bQAE"|0x4bd4f817
13:50:35.0 (33859847)|HEAP_ALLOCATE|[EXTERNAL]|Bytes:12
13:50:35.0 (33865974)|HEAP_ALLOCATE|[145]|Bytes:95
13:50:35.0 (33999804)|HEAP_ALLOCATE|[145]|Bytes:5
13:50:35.0 (34014611)|HEAP_ALLOCATE|[145]|Bytes:12
13:50:35.0 (34021616)|VARIABLE_SCOPE_BEGIN|[145]|rec|Projecten__c|true|false
13:50:35.0 (34032506)|VARIABLE_ASSIGNMENT|[145]|rec|{"Id":"a0q0E0000008S3bQAE","Name":"2165103"}|0x3564e74a
13:50:35.0 (34035595)|STATEMENT_EXECUTE|[145]
13:50:35.0 (34084287)|VARIABLE_ASSIGNMENT|[EXTERNAL]|this|{"detail":"0x4bd4f817","invoked":true,"www":"0x35deb31","wwwById":"0x4643eb97"}|0x20089837
13:50:35.0 (34088204)|STATEMENT_EXECUTE|[21]
13:50:35.0 (34090516)|STATEMENT_EXECUTE|[22]
13:50:35.0 (34091580)|STATEMENT_EXECUTE|[26]
13:50:35.0 (34098046)|STATEMENT_EXECUTE|[146]
13:50:35.0 (34099147)|STATEMENT_EXECUTE|[147]
13:50:35.0 (34136202)|VARIABLE_ASSIGNMENT|[EXTERNAL]|this|{"detail":"0x4bd4f817","invoked":true,"www":"0x35deb31","wwwById":"0x4643eb97"}|0x20089837
13:50:35.0 (34139091)|STATEMENT_EXECUTE|[21]
13:50:35.0 (34140626)|STATEMENT_EXECUTE|[22]
13:50:35.0 (34141676)|STATEMENT_EXECUTE|[26]
13:50:35.0 (34186731)|VARIABLE_ASSIGNMENT|[147]|this.Project__c|"a0q0E0000008S3bQAE"|0x35deb31
13:50:35.0 (34189450)|STATEMENT_EXECUTE|[150]
13:50:35.0 (34205767)|HEAP_ALLOCATE|[150]|Bytes:18
13:50:35.0 (34263936)|HEAP_ALLOCATE|[EXTERNAL]|Bytes:4
13:50:35.0 (34277073)|HEAP_ALLOCATE|[145]|Bytes:5
13:50:35.0 (34285301)|HEAP_ALLOCATE|[145]|Bytes:12
13:50:35.0 (34290257)|VARIABLE_SCOPE_BEGIN|[145]|rec|Projecten__c|true|false
13:50:35.0 (34300545)|VARIABLE_ASSIGNMENT|[145]|rec|{"Id":"a0q0E0000008S3WQAU","Name":"5700"}|0x1c5605ec
13:50:35.0 (34303501)|STATEMENT_EXECUTE|[145]
13:50:35.0 (34335303)|VARIABLE_ASSIGNMENT|[EXTERNAL]|this|{"detail":"0x4bd4f817","invoked":true,"www":"0x35deb31","wwwById":"0x4643eb97"}|0x20089837
13:50:35.0 (34338050)|STATEMENT_EXECUTE|[21]
13:50:35.0 (34339782)|STATEMENT_EXECUTE|[22]
13:50:35.0 (34340816)|STATEMENT_EXECUTE|[26]
13:50:35.0 (34361075)|STATEMENT_EXECUTE|[146]
13:50:35.0 (34362396)|STATEMENT_EXECUTE|[150]
13:50:35.0 (34370590)|HEAP_ALLOCATE|[150]|Bytes:18
13:50:35.0 (34381691)|HEAP_ALLOCATE|[EXTERNAL]|Bytes:4
13:50:35.0 (34390512)|HEAP_ALLOCATE|[145]|Bytes:5
13:50:35.0 (34399365)|VARIABLE_ASSIGNMENT|[145]|rec|null|
13:50:35.0 (34402262)|STATEMENT_EXECUTE|[152]
13:50:35.0 (34405943)|METHOD_EXIT|[181]|01p2400000DUtXT|NewDeliveredExtension.getProjects()
13:50:35.37 (37215151)|SYSTEM_MODE_ENTER|true
13:50:35.37 (37245370)|HEAP_ALLOCATE|[EXTERNAL]|Bytes:38
13:50:35.37 (37250744)|HEAP_ALLOCATE|[EXTERNAL]|Bytes:7
13:50:35.37 (37258050)|SYSTEM_METHOD_ENTRY|[1]|PageMessagesComponentController.PageMessagesComponentController()
13:50:35.37 (37260888)|STATEMENT_EXECUTE|[1]
13:50:35.37 (37382791)|SYSTEM_MODE_ENTER|true
13:50:35.37 (37426517)|HEAP_ALLOCATE|[EXTERNAL]|Bytes:8
13:50:35.37 (37431696)|VARIABLE_SCOPE_BEGIN|[88]|this|ApexPage.PageMessagesComponentController|true|false
13:50:35.37 (37448754)|VARIABLE_ASSIGNMENT|[88]|this|{}|0x2b5da14f
13:50:35.37 (37451307)|VARIABLE_SCOPE_BEGIN|[88]|escape|Boolean|false|false
13:50:35.37 (37454489)|VARIABLE_ASSIGNMENT|[88]|escape|null
13:50:35.37 (37584598)|SYSTEM_MODE_ENTER|true
13:50:35.37 (37609962)|HEAP_ALLOCATE|[EXTERNAL]|Bytes:8
13:50:35.37 (37614472)|VARIABLE_SCOPE_BEGIN|[2]|this|ApexPage.PageMessagesComponentController|true|false
13:50:35.37 (37626838)|VARIABLE_ASSIGNMENT|[2]|this|{}|0x2b5da14f
13:50:35.0 (38301202)|SYSTEM_MODE_ENTER|true
13:50:35.0 (38325605)|HEAP_ALLOCATE|[EXTERNAL]|Bytes:80
13:50:35.0 (38367575)|VARIABLE_ASSIGNMENT|[EXTERNAL]|this|{"detail":"0x4bd4f817","invoked":true,"www":"0x35deb31","wwwById":"0x4643eb97"}|0x20089837
13:50:35.0 (38373716)|STATEMENT_EXECUTE|[196]
13:50:35.0 (38377720)|STATEMENT_EXECUTE|[197]
13:50:35.0 (38378988)|STATEMENT_EXECUTE|[200]
13:50:35.0 (38468272)|SYSTEM_MODE_ENTER|true
13:50:35.0 (38486512)|HEAP_ALLOCATE|[EXTERNAL]|Bytes:80
13:50:35.0 (38520745)|VARIABLE_ASSIGNMENT|[EXTERNAL]|this|{"detail":"0x4bd4f817","invoked":true,"www":"0x35deb31","wwwById":"0x4643eb97"}|0x20089837
13:50:35.0 (38525541)|STATEMENT_EXECUTE|[3]
13:50:35.0 (38527809)|STATEMENT_EXECUTE|[4]
13:50:35.0 (38528998)|STATEMENT_EXECUTE|[9]
13:50:35.0 (41019163)|SYSTEM_MODE_ENTER|true
13:50:35.0 (41044251)|HEAP_ALLOCATE|[EXTERNAL]|Bytes:80
13:50:35.0 (41089710)|VARIABLE_ASSIGNMENT|[EXTERNAL]|this|{"detail":"0x4bd4f817","invoked":true,"www":"0x35deb31","wwwById":"0x4643eb97"}|0x20089837
13:50:35.0 (41096108)|STATEMENT_EXECUTE|[229]
13:50:35.0 (41100276)|STATEMENT_EXECUTE|[230]
13:50:35.0 (41101502)|STATEMENT_EXECUTE|[231]
13:50:35.0 (41107226)|HEAP_ALLOCATE|[231]|Bytes:5
13:50:35.0 (41113794)|VARIABLE_ASSIGNMENT|[231]|this.delToHub|false|0x20089837
13:50:35.0 (41116031)|STATEMENT_EXECUTE|[233]
13:50:35.0 (41169657)|SYSTEM_MODE_ENTER|true
13:50:35.0 (41189153)|HEAP_ALLOCATE|[EXTERNAL]|Bytes:80
13:50:35.0 (41223550)|VARIABLE_ASSIGNMENT|[EXTERNAL]|this|{"delToHub":false,"detail":"0x4bd4f817","invoked":true,"www":"0x35deb31","wwwById":"0x4643eb97"}|0x20089837
13:50:35.0 (41228285)|STATEMENT_EXECUTE|[204]
13:50:35.0 (41231389)|STATEMENT_EXECUTE|[205]
13:50:35.0 (41232485)|STATEMENT_EXECUTE|[206]
13:50:35.0 (41236711)|HEAP_ALLOCATE|[206]|Bytes:5
13:50:35.0 (41242031)|VARIABLE_ASSIGNMENT|[206]|this.rejected|false|0x20089837
13:50:35.0 (41243954)|STATEMENT_EXECUTE|[208]
13:50:35.0 (41290580)|SYSTEM_MODE_ENTER|true
13:50:35.0 (41307526)|HEAP_ALLOCATE|[EXTERNAL]|Bytes:80
13:50:35.0 (41340415)|VARIABLE_ASSIGNMENT|[EXTERNAL]|this|{"delToHub":false,"detail":"0x4bd4f817","invoked":true,"rejected":false,"www":"0x35deb31","wwwById":"0x4643eb97"}|0x20089837
13:50:35.0 (41345194)|STATEMENT_EXECUTE|[220]
13:50:35.0 (41348076)|STATEMENT_EXECUTE|[221]
13:50:35.0 (41349538)|STATEMENT_EXECUTE|[222]
13:50:35.0 (41353634)|HEAP_ALLOCATE|[222]|Bytes:5
13:50:35.0 (41358290)|VARIABLE_ASSIGNMENT|[222]|this.delToProj|false|0x20089837
13:50:35.0 (41360135)|STATEMENT_EXECUTE|[224]
13:50:35.0 (41402899)|SYSTEM_MODE_ENTER|true
13:50:35.0 (41419262)|HEAP_ALLOCATE|[EXTERNAL]|Bytes:80
13:50:35.0 (41451179)|VARIABLE_ASSIGNMENT|[EXTERNAL]|this|{"delToHub":false,"delToProj":false,"detail":"0x4bd4f817","invoked":true,"rejected":false,"www":"0x35deb31","wwwById":"0x4643eb97"}|0x20089837
13:50:35.0 (41455387)|STATEMENT_EXECUTE|[212]
13:50:35.0 (41458383)|STATEMENT_EXECUTE|[213]
13:50:35.0 (41459465)|STATEMENT_EXECUTE|[214]
13:50:35.0 (41463033)|HEAP_ALLOCATE|[214]|Bytes:5
13:50:35.0 (41467565)|VARIABLE_ASSIGNMENT|[214]|this.reserved|false|0x20089837
13:50:35.0 (41469118)|STATEMENT_EXECUTE|[216]
13:50:35.0 (41545946)|SYSTEM_MODE_ENTER|true
13:50:35.0 (41562545)|HEAP_ALLOCATE|[EXTERNAL]|Bytes:80
13:50:35.0 (41595928)|VARIABLE_ASSIGNMENT|[EXTERNAL]|this|{"delToHub":false,"delToProj":false,"detail":"0x4bd4f817","invoked":true,"rejected":false,"reserved":false,"www":"0x35deb31","wwwById":"0x4643eb97"}|0x20089837
13:50:35.0 (41601102)|STATEMENT_EXECUTE|[21]
13:50:35.0 (41603161)|STATEMENT_EXECUTE|[22]
13:50:35.0 (41604363)|STATEMENT_EXECUTE|[26]
13:50:35.53 (53599678)|SYSTEM_MODE_ENTER|true
13:50:35.53 (53648111)|HEAP_ALLOCATE|[EXTERNAL]|Bytes:8
13:50:35.53 (53654825)|VARIABLE_SCOPE_BEGIN|[88]|this|ApexPage.PageMessagesComponentController|true|false
13:50:35.53 (53673199)|VARIABLE_ASSIGNMENT|[88]|this|{}|0x2b5da14f
13:50:35.53 (53675887)|VARIABLE_SCOPE_BEGIN|[88]|escape|Boolean|false|false
13:50:35.53 (53679295)|VARIABLE_ASSIGNMENT|[88]|escape|null
13:50:35.53 (53782621)|SYSTEM_MODE_ENTER|true
13:50:35.53 (53805237)|HEAP_ALLOCATE|[EXTERNAL]|Bytes:8
13:50:35.53 (53809725)|VARIABLE_SCOPE_BEGIN|[2]|this|ApexPage.PageMessagesComponentController|true|false
13:50:35.53 (53822198)|VARIABLE_ASSIGNMENT|[2]|this|{}|0x2b5da14f
13:50:35.0 (55575268)|SYSTEM_MODE_ENTER|true
13:50:35.0 (55603685)|HEAP_ALLOCATE|[EXTERNAL]|Bytes:80
13:50:35.0 (55610102)|VARIABLE_SCOPE_BEGIN|[48]|this|NewDeliveredExtension|true|false
13:50:35.0 (55651583)|VARIABLE_ASSIGNMENT|[48]|this|{"delToHub":false,"delToProj":false,"detail":"0x4bd4f817","invoked":true,"rejected":false,"reserved":false,"www":"0x35deb31","wwwById":"0x4643eb97"}|0x20089837
13:50:35.0 (55658699)|STATEMENT_EXECUTE|[48]
13:50:35.0 (55660170)|STATEMENT_EXECUTE|[49]
13:50:35.0 (55664697)|HEAP_ALLOCATE|[49]|Bytes:4
13:50:35.0 (55687339)|VARIABLE_SCOPE_BEGIN|[49]|options|List<System.SelectOption>|true|false
13:50:35.0 (55700110)|HEAP_ALLOCATE|[EXTERNAL]|Bytes:4
13:50:35.0 (55720001)|VARIABLE_ASSIGNMENT|[49]|options|[]|0xb461004
13:50:35.0 (55723964)|STATEMENT_EXECUTE|[50]
13:50:35.0 (55729314)|VARIABLE_SCOPE_BEGIN|[50]|i|Integer|false|false
13:50:35.0 (55734874)|HEAP_ALLOCATE|[50]|Bytes:4
13:50:35.0 (55741847)|VARIABLE_ASSIGNMENT|[50]|i|0
13:50:35.0 (55748053)|STATEMENT_EXECUTE|[50]
13:50:35.0 (55749468)|STATEMENT_EXECUTE|[51]
13:50:35.0 (55751409)|VARIABLE_SCOPE_BEGIN|[51]|j|Integer|false|false
13:50:35.0 (55753437)|HEAP_ALLOCATE|[51]|Bytes:4
13:50:35.0 (55756181)|VARIABLE_ASSIGNMENT|[51]|j|0
13:50:35.0 (55758141)|STATEMENT_EXECUTE|[51]
13:50:35.0 (55760270)|STATEMENT_EXECUTE|[52]
13:50:35.0 (55761322)|STATEMENT_EXECUTE|[53]
13:50:35.0 (55798107)|HEAP_ALLOCATE|[53]|Bytes:1
13:50:35.0 (55807273)|HEAP_ALLOCATE|[53]|Bytes:2
13:50:35.0 (55814132)|HEAP_ALLOCATE|[53]|Bytes:1
13:50:35.0 (55824534)|HEAP_ALLOCATE|[53]|Bytes:4
13:50:35.0 (55830279)|HEAP_ALLOCATE|[53]|Bytes:1
13:50:35.0 (55837955)|HEAP_ALLOCATE|[53]|Bytes:1
13:50:35.0 (55843206)|HEAP_ALLOCATE|[53]|Bytes:4
13:50:35.0 (55868490)|HEAP_ALLOCATE|[EXTERNAL]|Bytes:4
13:50:35.0 (55874934)|HEAP_ALLOCATE|[51]|Bytes:4
13:50:35.0 (55879618)|VARIABLE_ASSIGNMENT|[51]|j|30
13:50:35.0 (55882422)|STATEMENT_EXECUTE|[51]
13:50:35.0 (55884003)|STATEMENT_EXECUTE|[54]
13:50:35.0 (55885081)|STATEMENT_EXECUTE|[55]
13:50:35.0 (55901184)|HEAP_ALLOCATE|[55]|Bytes:1
13:50:35.0 (55907587)|HEAP_ALLOCATE|[55]|Bytes:1
13:50:35.0 (55915686)|HEAP_ALLOCATE|[55]|Bytes:2
13:50:35.0 (55921232)|HEAP_ALLOCATE|[55]|Bytes:4
13:50:35.0 (55926397)|HEAP_ALLOCATE|[55]|Bytes:1
13:50:35.0 (55933771)|HEAP_ALLOCATE|[55]|Bytes:2
13:50:35.0 (55938810)|HEAP_ALLOCATE|[55]|Bytes:4
13:50:35.0 (55950068)|HEAP_ALLOCATE|[EXTERNAL]|Bytes:4
13:50:35.0 (55954325)|HEAP_ALLOCATE|[51]|Bytes:4
13:50:35.0 (55958106)|VARIABLE_ASSIGNMENT|[51]|j|60
13:50:35.0 (55961335)|HEAP_ALLOCATE|[50]|Bytes:4
13:50:35.0 (55963942)|VARIABLE_ASSIGNMENT|[50]|i|1
13:50:35.0 (55965894)|STATEMENT_EXECUTE|[50]
13:50:35.0 (55967237)|STATEMENT_EXECUTE|[51]
13:50:35.0 (55968904)|VARIABLE_SCOPE_BEGIN|[51]|j|Integer|false|false
13:50:35.0 (55970600)|HEAP_ALLOCATE|[51]|Bytes:4
13:50:35.0 (55972852)|VARIABLE_ASSIGNMENT|[51]|j|0
13:50:35.0 (55974263)|STATEMENT_EXECUTE|[51]
13:50:35.0 (55975628)|STATEMENT_EXECUTE|[52]
13:50:35.0 (55976575)|STATEMENT_EXECUTE|[53]
13:50:35.0 (55983809)|HEAP_ALLOCATE|[53]|Bytes:1
13:50:35.0 (55991556)|HEAP_ALLOCATE|[53]|Bytes:1
13:50:35.0 (55996680)|HEAP_ALLOCATE|[53]|Bytes:4
13:50:35.0 (56001639)|HEAP_ALLOCATE|[53]|Bytes:1
13:50:35.0 (56009374)|HEAP_ALLOCATE|[53]|Bytes:1
13:50:35.0 (56014101)|HEAP_ALLOCATE|[53]|Bytes:4
13:50:35.0 (56019964)|HEAP_ALLOCATE|[EXTERNAL]|Bytes:4
13:50:35.0 (56023484)|HEAP_ALLOCATE|[51]|Bytes:4
13:50:35.0 (56026644)|VARIABLE_ASSIGNMENT|[51]|j|30
13:50:35.0 (56028371)|STATEMENT_EXECUTE|[51]
13:50:35.0 (56029781)|STATEMENT_EXECUTE|[54]
13:50:35.0 (56030755)|STATEMENT_EXECUTE|[55]
13:50:35.0 (56036404)|HEAP_ALLOCATE|[55]|Bytes:1
13:50:35.0 (56043910)|HEAP_ALLOCATE|[55]|Bytes:2
13:50:35.0 (56048903)|HEAP_ALLOCATE|[55]|Bytes:4
13:50:35.0 (56053687)|HEAP_ALLOCATE|[55]|Bytes:1
13:50:35.0 (56060543)|HEAP_ALLOCATE|[55]|Bytes:2
13:50:35.0 (56065151)|HEAP_ALLOCATE|[55]|Bytes:4
13:50:35.0 (56075131)|HEAP_ALLOCATE|[EXTERNAL]|Bytes:4
13:50:35.0 (56078923)|HEAP_ALLOCATE|[51]|Bytes:4
13:50:35.0 (56081726)|VARIABLE_ASSIGNMENT|[51]|j|60
13:50:35.0 (56083963)|HEAP_ALLOCATE|[50]|Bytes:4
13:50:35.0 (56086344)|VARIABLE_ASSIGNMENT|[50]|i|2
13:50:35.0 (56087959)|STATEMENT_EXECUTE|[50]
13:50:35.0 (56089338)|STATEMENT_EXECUTE|[51]
13:50:35.0 (56090877)|VARIABLE_SCOPE_BEGIN|[51]|j|Integer|false|false
13:50:35.0 (56092547)|HEAP_ALLOCATE|[51]|Bytes:4
13:50:35.0 (56094785)|VARIABLE_ASSIGNMENT|[51]|j|0
13:50:35.0 (56096359)|STATEMENT_EXECUTE|[51]
13:50:35.0 (56097626)|STATEMENT_EXECUTE|[52]
13:50:35.0 (56098738)|STATEMENT_EXECUTE|[53]
13:50:35.0 (56105060)|HEAP_ALLOCATE|[53]|Bytes:1
13:50:35.0 (56113113)|HEAP_ALLOCATE|[53]|Bytes:1
13:50:35.0 (56118295)|HEAP_ALLOCATE|[53]|Bytes:4
13:50:35.0 (56122910)|HEAP_ALLOCATE|[53]|Bytes:1
13:50:35.0 (56129913)|HEAP_ALLOCATE|[53]|Bytes:1
13:50:35.0 (56134809)|HEAP_ALLOCATE|[53]|Bytes:4
13:50:35.0 (56139544)|HEAP_ALLOCATE|[EXTERNAL]|Bytes:4
13:50:35.0 (56142865)|HEAP_ALLOCATE|[51]|Bytes:4
13:50:35.0 (56145616)|VARIABLE_ASSIGNMENT|[51]|j|30
13:50:35.0 (56147369)|STATEMENT_EXECUTE|[51]
13:50:35.0 (56148704)|STATEMENT_EXECUTE|[54]
13:50:35.0 (56149612)|STATEMENT_EXECUTE|[55]
13:50:35.0 (56154900)|HEAP_ALLOCATE|[55]|Bytes:1
13:50:35.0 (56162541)|HEAP_ALLOCATE|[55]|Bytes:2
13:50:35.0 (56167336)|HEAP_ALLOCATE|[55]|Bytes:4
13:50:35.0 (56171860)|HEAP_ALLOCATE|[55]|Bytes:1
13:50:35.0 (56178614)|HEAP_ALLOCATE|[55]|Bytes:2
13:50:35.0 (56183280)|HEAP_ALLOCATE|[55]|Bytes:4
13:50:35.0 (56187577)|HEAP_ALLOCATE|[EXTERNAL]|Bytes:4
13:50:35.0 (56190803)|HEAP_ALLOCATE|[51]|Bytes:4
13:50:35.0 (56193466)|VARIABLE_ASSIGNMENT|[51]|j|60
13:50:35.0 (56195267)|HEAP_ALLOCATE|[50]|Bytes:4
13:50:35.0 (56197510)|VARIABLE_ASSIGNMENT|[50]|i|3
13:50:35.0 (56199042)|STATEMENT_EXECUTE|[50]
13:50:35.0 (56200193)|STATEMENT_EXECUTE|[51]
13:50:35.0 (56201669)|VARIABLE_SCOPE_BEGIN|[51]|j|Integer|false|false
13:50:35.0 (56203035)|HEAP_ALLOCATE|[51]|Bytes:4
13:50:35.0 (56205185)|VARIABLE_ASSIGNMENT|[51]|j|0
13:50:35.0 (56206591)|STATEMENT_EXECUTE|[51]
13:50:35.0 (56207863)|STATEMENT_EXECUTE|[52]
13:50:35.0 (56208879)|STATEMENT_EXECUTE|[53]
13:50:35.0 (56214272)|HEAP_ALLOCATE|[53]|Bytes:1
13:50:35.0 (56221512)|HEAP_ALLOCATE|[53]|Bytes:1
13:50:35.0 (56226328)|HEAP_ALLOCATE|[53]|Bytes:4
13:50:35.0 (56231145)|HEAP_ALLOCATE|[53]|Bytes:1
13:50:35.0 (56237998)|HEAP_ALLOCATE|[53]|Bytes:1
13:50:35.0 (56242728)|HEAP_ALLOCATE|[53]|Bytes:4
13:50:35.0 (56247104)|HEAP_ALLOCATE|[EXTERNAL]|Bytes:4
13:50:35.0 (56250382)|HEAP_ALLOCATE|[51]|Bytes:4
13:50:35.0 (56253169)|VARIABLE_ASSIGNMENT|[51]|j|30
13:50:35.0 (56254772)|STATEMENT_EXECUTE|[51]
13:50:35.0 (56256095)|STATEMENT_EXECUTE|[54]
13:50:35.0 (56257036)|STATEMENT_EXECUTE|[55]
13:50:35.0 (56262378)|HEAP_ALLOCATE|[55]|Bytes:1
13:50:35.0 (56269528)|HEAP_ALLOCATE|[55]|Bytes:2
13:50:35.0 (56274321)|HEAP_ALLOCATE|[55]|Bytes:4
13:50:35.0 (56278801)|HEAP_ALLOCATE|[55]|Bytes:1
13:50:35.0 (56285852)|HEAP_ALLOCATE|[55]|Bytes:2
13:50:35.0 (56290581)|HEAP_ALLOCATE|[55]|Bytes:4
13:50:35.0 (56294942)|HEAP_ALLOCATE|[EXTERNAL]|Bytes:4
13:50:35.0 (56298085)|HEAP_ALLOCATE|[51]|Bytes:4
13:50:35.0 (56300770)|VARIABLE_ASSIGNMENT|[51]|j|60
13:50:35.0 (56302476)|HEAP_ALLOCATE|[50]|Bytes:4
13:50:35.0 (56304734)|VARIABLE_ASSIGNMENT|[50]|i|4
13:50:35.0 (56306206)|STATEMENT_EXECUTE|[50]
13:50:35.0 (56307501)|STATEMENT_EXECUTE|[51]
13:50:35.0 (56308991)|VARIABLE_SCOPE_BEGIN|[51]|j|Integer|false|false
13:50:35.0 (56310405)|HEAP_ALLOCATE|[51]|Bytes:4
13:50:35.0 (56312588)|VARIABLE_ASSIGNMENT|[51]|j|0
13:50:35.0 (56313984)|STATEMENT_EXECUTE|[51]
13:50:35.0 (56315262)|STATEMENT_EXECUTE|[52]
13:50:35.0 (56316180)|STATEMENT_EXECUTE|[53]
13:50:35.0 (56321644)|HEAP_ALLOCATE|[53]|Bytes:1
13:50:35.0 (56328868)|HEAP_ALLOCATE|[53]|Bytes:1
13:50:35.0 (56333586)|HEAP_ALLOCATE|[53]|Bytes:4
13:50:35.0 (56338014)|HEAP_ALLOCATE|[53]|Bytes:1
13:50:35.0 (56344784)|HEAP_ALLOCATE|[53]|Bytes:1
13:50:35.0 (56349369)|HEAP_ALLOCATE|[53]|Bytes:4
13:50:35.0 (56353824)|HEAP_ALLOCATE|[EXTERNAL]|Bytes:4
13:50:35.0 (56357079)|HEAP_ALLOCATE|[51]|Bytes:4
13:50:35.0 (56359692)|VARIABLE_ASSIGNMENT|[51]|j|30
13:50:35.0 (56361275)|STATEMENT_EXECUTE|[51]
13:50:35.0 (56362594)|STATEMENT_EXECUTE|[54]
13:50:35.0 (56363538)|STATEMENT_EXECUTE|[55]
13:50:35.0 (56368787)|HEAP_ALLOCATE|[55]|Bytes:1
13:50:35.0 (56376115)|HEAP_ALLOCATE|[55]|Bytes:2
13:50:35.0 (56381260)|HEAP_ALLOCATE|[55]|Bytes:4
13:50:35.0 (56385718)|HEAP_ALLOCATE|[55]|Bytes:1
13:50:35.0 (56392721)|HEAP_ALLOCATE|[55]|Bytes:2
13:50:35.0 (56397293)|HEAP_ALLOCATE|[55]|Bytes:4
13:50:35.0 (56401588)|HEAP_ALLOCATE|[EXTERNAL]|Bytes:4
13:50:35.0 (56404742)|HEAP_ALLOCATE|[51]|Bytes:4
13:50:35.0 (56407367)|VARIABLE_ASSIGNMENT|[51]|j|60
13:50:35.0 (56409153)|HEAP_ALLOCATE|[50]|Bytes:4
13:50:35.0 (56411337)|VARIABLE_ASSIGNMENT|[50]|i|5
13:50:35.0 (56412874)|STATEMENT_EXECUTE|[50]
13:50:35.0 (56414027)|STATEMENT_EXECUTE|[51]
13:50:35.0 (56415442)|VARIABLE_SCOPE_BEGIN|[51]|j|Integer|false|false
13:50:35.0 (56416798)|HEAP_ALLOCATE|[51]|Bytes:4
13:50:35.0 (56418949)|VARIABLE_ASSIGNMENT|[51]|j|0
13:50:35.0 (56420360)|STATEMENT_EXECUTE|[51]
13:50:35.0 (56421668)|STATEMENT_EXECUTE|[52]
13:50:35.0 (56422606)|STATEMENT_EXECUTE|[53]
13:50:35.0 (56428035)|HEAP_ALLOCATE|[53]|Bytes:1
13:50:35.0 (56435211)|HEAP_ALLOCATE|[53]|Bytes:1
13:50:35.0 (56440046)|HEAP_ALLOCATE|[53]|Bytes:4
13:50:35.0 (56445000)|HEAP_ALLOCATE|[53]|Bytes:1
13:50:35.0 (56451843)|HEAP_ALLOCATE|[53]|Bytes:1
13:50:35.0 (56456444)|HEAP_ALLOCATE|[53]|Bytes:4
13:50:35.0 (56460765)|HEAP_ALLOCATE|[EXTERNAL]|Bytes:4
13:50:35.0 (56464183)|HEAP_ALLOCATE|[51]|Bytes:4
13:50:35.0 (56466863)|VARIABLE_ASSIGNMENT|[51]|j|30
13:50:35.0 (56468497)|STATEMENT_EXECUTE|[51]
13:50:35.0 (56469809)|STATEMENT_EXECUTE|[54]
13:50:35.0 (56470739)|STATEMENT_EXECUTE|[55]
13:50:35.0 (56475967)|HEAP_ALLOCATE|[55]|Bytes:1
13:50:35.0 (56483275)|HEAP_ALLOCATE|[55]|Bytes:2
13:50:35.0 (56487978)|HEAP_ALLOCATE|[55]|Bytes:4
13:50:35.0 (56492447)|HEAP_ALLOCATE|[55]|Bytes:1
13:50:35.0 (56499259)|HEAP_ALLOCATE|[55]|Bytes:2
13:50:35.0 (56503936)|HEAP_ALLOCATE|[55]|Bytes:4
13:50:35.0 (56508249)|HEAP_ALLOCATE|[EXTERNAL]|Bytes:4
13:50:35.0 (56511390)|HEAP_ALLOCATE|[51]|Bytes:4
13:50:35.0 (56513995)|VARIABLE_ASSIGNMENT|[51]|j|60
13:50:35.0 (56515730)|HEAP_ALLOCATE|[50]|Bytes:4
13:50:35.0 (56517893)|VARIABLE_ASSIGNMENT|[50]|i|6
13:50:35.0 (56519326)|STATEMENT_EXECUTE|[50]
13:50:35.0 (56520625)|STATEMENT_EXECUTE|[51]
13:50:35.0 (56522047)|VARIABLE_SCOPE_BEGIN|[51]|j|Integer|false|false
13:50:35.0 (56523423)|HEAP_ALLOCATE|[51]|Bytes:4
13:50:35.0 (56525625)|VARIABLE_ASSIGNMENT|[51]|j|0
13:50:35.0 (56527050)|STATEMENT_EXECUTE|[51]
13:50:35.0 (56528319)|STATEMENT_EXECUTE|[52]
13:50:35.0 (56529248)|STATEMENT_EXECUTE|[53]
13:50:35.0 (56534677)|HEAP_ALLOCATE|[53]|Bytes:1
13:50:35.0 (56541844)|HEAP_ALLOCATE|[53]|Bytes:1
13:50:35.0 (56546734)|HEAP_ALLOCATE|[53]|Bytes:4
13:50:35.0 (56551351)|HEAP_ALLOCATE|[53]|Bytes:1
13:50:35.0 (56558223)|HEAP_ALLOCATE|[53]|Bytes:1
13:50:35.0 (56562875)|HEAP_ALLOCATE|[53]|Bytes:4
13:50:35.0 (56567311)|HEAP_ALLOCATE|[EXTERNAL]|Bytes:4
13:50:35.0 (56570692)|HEAP_ALLOCATE|[51]|Bytes:4
13:50:35.0 (56573370)|VARIABLE_ASSIGNMENT|[51]|j|30
13:50:35.0 (56574957)|STATEMENT_EXECUTE|[51]
13:50:35.0 (56576309)|STATEMENT_EXECUTE|[54]
13:50:35.0 (56577233)|STATEMENT_EXECUTE|[55]
13:50:35.0 (56582500)|HEAP_ALLOCATE|[55]|Bytes:1
13:50:35.0 (56589742)|HEAP_ALLOCATE|[55]|Bytes:2
13:50:35.0 (56594935)|HEAP_ALLOCATE|[55]|Bytes:4
13:50:35.0 (56599434)|HEAP_ALLOCATE|[55]|Bytes:1
13:50:35.0 (56606289)|HEAP_ALLOCATE|[55]|Bytes:2
13:50:35.0 (56610929)|HEAP_ALLOCATE|[55]|Bytes:4
13:50:35.0 (56615332)|HEAP_ALLOCATE|[EXTERNAL]|Bytes:4
13:50:35.0 (56618481)|HEAP_ALLOCATE|[51]|Bytes:4
13:50:35.0 (56621073)|VARIABLE_ASSIGNMENT|[51]|j|60
13:50:35.0 (56622846)|HEAP_ALLOCATE|[50]|Bytes:4
13:50:35.0 (56625066)|VARIABLE_ASSIGNMENT|[50]|i|7
13:50:35.0 (56626600)|STATEMENT_EXECUTE|[50]
13:50:35.0 (56627718)|STATEMENT_EXECUTE|[51]
13:50:35.0 (56629240)|VARIABLE_SCOPE_BEGIN|[51]|j|Integer|false|false
13:50:35.0 (56630667)|HEAP_ALLOCATE|[51]|Bytes:4
13:50:35.0 (56632793)|VARIABLE_ASSIGNMENT|[51]|j|0
13:50:35.0 (56634142)|STATEMENT_EXECUTE|[51]
13:50:35.0 (56635370)|STATEMENT_EXECUTE|[52]
13:50:35.0 (56636296)|STATEMENT_EXECUTE|[53]
13:50:35.0 (56641761)|HEAP_ALLOCATE|[53]|Bytes:1
13:50:35.0 (56649003)|HEAP_ALLOCATE|[53]|Bytes:1
13:50:35.0 (56653758)|HEAP_ALLOCATE|[53]|Bytes:4
13:50:35.0 (56658296)|HEAP_ALLOCATE|[53]|Bytes:1
13:50:35.0 (56665285)|HEAP_ALLOCATE|[53]|Bytes:1
13:50:35.0 (56669923)|HEAP_ALLOCATE|[53]|Bytes:4
13:50:35.0 (56674200)|HEAP_ALLOCATE|[EXTERNAL]|Bytes:4
13:50:35.0 (56677530)|HEAP_ALLOCATE|[51]|Bytes:4
13:50:35.0 (56680247)|VARIABLE_ASSIGNMENT|[51]|j|30
13:50:35.0 (56681846)|STATEMENT_EXECUTE|[51]
13:50:35.0 (56683165)|STATEMENT_EXECUTE|[54]
13:50:35.0 (56684078)|STATEMENT_EXECUTE|[55]
13:50:35.0 (56689264)|HEAP_ALLOCATE|[55]|Bytes:1
13:50:35.0 (56696414)|HEAP_ALLOCATE|[55]|Bytes:2
13:50:35.0 (56701205)|HEAP_ALLOCATE|[55]|Bytes:4
13:50:35.0 (56705789)|HEAP_ALLOCATE|[55]|Bytes:1
13:50:35.0 (56712627)|HEAP_ALLOCATE|[55]|Bytes:2
13:50:35.0 (56717236)|HEAP_ALLOCATE|[55]|Bytes:4
13:50:35.0 (56721437)|HEAP_ALLOCATE|[EXTERNAL]|Bytes:4
13:50:35.0 (56724678)|HEAP_ALLOCATE|[51]|Bytes:4
13:50:35.0 (56727342)|VARIABLE_ASSIGNMENT|[51]|j|60
13:50:35.0 (56729156)|HEAP_ALLOCATE|[50]|Bytes:4
13:50:35.0 (56731385)|VARIABLE_ASSIGNMENT|[50]|i|8
13:50:35.0 (56732881)|STATEMENT_EXECUTE|[50]
13:50:35.0 (56734253)|STATEMENT_EXECUTE|[51]
13:50:35.0 (56735884)|VARIABLE_SCOPE_BEGIN|[51]|j|Integer|false|false
13:50:35.0 (56737230)|HEAP_ALLOCATE|[51]|Bytes:4
13:50:35.0 (56739383)|VARIABLE_ASSIGNMENT|[51]|j|0
13:50:35.0 (56740855)|STATEMENT_EXECUTE|[51]
13:50:35.0 (56742171)|STATEMENT_EXECUTE|[52]
13:50:35.0 (56743125)|STATEMENT_EXECUTE|[53]
13:50:35.0 (56748689)|HEAP_ALLOCATE|[53]|Bytes:1
13:50:35.0 (56755919)|HEAP_ALLOCATE|[53]|Bytes:1
13:50:35.0 (56760712)|HEAP_ALLOCATE|[53]|Bytes:4
13:50:35.0 (56765233)|HEAP_ALLOCATE|[53]|Bytes:1
13:50:35.0 (56772099)|HEAP_ALLOCATE|[53]|Bytes:1
13:50:35.0 (56776684)|HEAP_ALLOCATE|[53]|Bytes:4
13:50:35.0 (56781079)|HEAP_ALLOCATE|[EXTERNAL]|Bytes:4
13:50:35.0 (56784373)|HEAP_ALLOCATE|[51]|Bytes:4
13:50:35.0 (56787048)|VARIABLE_ASSIGNMENT|[51]|j|30
13:50:35.0 (56788647)|STATEMENT_EXECUTE|[51]
13:50:35.0 (56789930)|STATEMENT_EXECUTE|[54]
13:50:35.0 (56790849)|STATEMENT_EXECUTE|[55]
13:50:35.0 (56796085)|HEAP_ALLOCATE|[55]|Bytes:1
13:50:35.0 (56803353)|HEAP_ALLOCATE|[55]|Bytes:2
13:50:35.0 (56808313)|HEAP_ALLOCATE|[55]|Bytes:4
13:50:35.0 (56812793)|HEAP_ALLOCATE|[55]|Bytes:1
13:50:35.0 (56819656)|HEAP_ALLOCATE|[55]|Bytes:2
13:50:35.0 (56824247)|HEAP_ALLOCATE|[55]|Bytes:4
13:50:35.0 (56828503)|HEAP_ALLOCATE|[EXTERNAL]|Bytes:4
13:50:35.0 (56831569)|HEAP_ALLOCATE|[51]|Bytes:4
13:50:35.0 (56834221)|VARIABLE_ASSIGNMENT|[51]|j|60
13:50:35.0 (56836009)|HEAP_ALLOCATE|[50]|Bytes:4
13:50:35.0 (56838273)|VARIABLE_ASSIGNMENT|[50]|i|9
13:50:35.0 (56839764)|STATEMENT_EXECUTE|[50]
13:50:35.0 (56840934)|STATEMENT_EXECUTE|[51]
13:50:35.0 (56842332)|VARIABLE_SCOPE_BEGIN|[51]|j|Integer|false|false
13:50:35.0 (56843730)|HEAP_ALLOCATE|[51]|Bytes:4
13:50:35.0 (56845896)|VARIABLE_ASSIGNMENT|[51]|j|0
13:50:35.0 (56847299)|STATEMENT_EXECUTE|[51]
13:50:35.0 (56848506)|STATEMENT_EXECUTE|[52]
13:50:35.0 (56849424)|STATEMENT_EXECUTE|[53]
13:50:35.0 (56854954)|HEAP_ALLOCATE|[53]|Bytes:1
13:50:35.0 (56862313)|HEAP_ALLOCATE|[53]|Bytes:1
13:50:35.0 (56867035)|HEAP_ALLOCATE|[53]|Bytes:4
13:50:35.0 (56871532)|HEAP_ALLOCATE|[53]|Bytes:1
13:50:35.0 (56878513)|HEAP_ALLOCATE|[53]|Bytes:1
13:50:35.0 (56883161)|HEAP_ALLOCATE|[53]|Bytes:4
13:50:35.0 (56887567)|HEAP_ALLOCATE|[EXTERNAL]|Bytes:4
13:50:35.0 (56890775)|HEAP_ALLOCATE|[51]|Bytes:4
13:50:35.0 (56893510)|VARIABLE_ASSIGNMENT|[51]|j|30
13:50:35.0 (56895134)|STATEMENT_EXECUTE|[51]
13:50:35.0 (56896431)|STATEMENT_EXECUTE|[54]
13:50:35.0 (56897381)|STATEMENT_EXECUTE|[55]
13:50:35.0 (56902587)|HEAP_ALLOCATE|[55]|Bytes:1
13:50:35.0 (56909734)|HEAP_ALLOCATE|[55]|Bytes:2
13:50:35.0 (56914452)|HEAP_ALLOCATE|[55]|Bytes:4
13:50:35.0 (56918979)|HEAP_ALLOCATE|[55]|Bytes:1
13:50:35.0 (56925845)|HEAP_ALLOCATE|[55]|Bytes:2
13:50:35.0 (56930663)|HEAP_ALLOCATE|[55]|Bytes:4
13:50:35.0 (56934977)|HEAP_ALLOCATE|[EXTERNAL]|Bytes:4
13:50:35.0 (56938106)|HEAP_ALLOCATE|[51]|Bytes:4
13:50:35.0 (56940743)|VARIABLE_ASSIGNMENT|[51]|j|60
13:50:35.0 (56942574)|HEAP_ALLOCATE|[50]|Bytes:4
13:50:35.0 (56944782)|VARIABLE_ASSIGNMENT|[50]|i|10
13:50:35.0 (56946364)|STATEMENT_EXECUTE|[50]
13:50:35.0 (56947515)|STATEMENT_EXECUTE|[51]
13:50:35.0 (56949235)|VARIABLE_SCOPE_BEGIN|[51]|j|Integer|false|false
13:50:35.0 (56950593)|HEAP_ALLOCATE|[51]|Bytes:4
13:50:35.0 (56952710)|VARIABLE_ASSIGNMENT|[51]|j|0
13:50:35.0 (56954122)|STATEMENT_EXECUTE|[51]
13:50:35.0 (56955379)|STATEMENT_EXECUTE|[52]
13:50:35.0 (56956313)|STATEMENT_EXECUTE|[53]
13:50:35.0 (56961853)|HEAP_ALLOCATE|[53]|Bytes:2
13:50:35.0 (56968970)|HEAP_ALLOCATE|[53]|Bytes:1
13:50:35.0 (56973744)|HEAP_ALLOCATE|[53]|Bytes:5
13:50:35.0 (56978310)|HEAP_ALLOCATE|[53]|Bytes:2
13:50:35.0 (56985143)|HEAP_ALLOCATE|[53]|Bytes:1
13:50:35.0 (56989730)|HEAP_ALLOCATE|[53]|Bytes:5
13:50:35.0 (56994119)|HEAP_ALLOCATE|[EXTERNAL]|Bytes:4
13:50:35.0 (56997336)|HEAP_ALLOCATE|[51]|Bytes:4
13:50:35.0 (57000050)|VARIABLE_ASSIGNMENT|[51]|j|30
13:50:35.0 (57002133)|STATEMENT_EXECUTE|[51]
13:50:35.0 (57003465)|STATEMENT_EXECUTE|[54]
13:50:35.0 (57004377)|STATEMENT_EXECUTE|[55]
13:50:35.0 (57009663)|HEAP_ALLOCATE|[55]|Bytes:2
13:50:35.0 (57017312)|HEAP_ALLOCATE|[55]|Bytes:2
13:50:35.0 (57022265)|HEAP_ALLOCATE|[55]|Bytes:5
13:50:35.0 (57026827)|HEAP_ALLOCATE|[55]|Bytes:2
13:50:35.0 (57033691)|HEAP_ALLOCATE|[55]|Bytes:2
13:50:35.0 (57038300)|HEAP_ALLOCATE|[55]|Bytes:5
13:50:35.0 (57042615)|HEAP_ALLOCATE|[EXTERNAL]|Bytes:4
13:50:35.0 (57045727)|HEAP_ALLOCATE|[51]|Bytes:4
13:50:35.0 (57048321)|VARIABLE_ASSIGNMENT|[51]|j|60
13:50:35.0 (57050049)|HEAP_ALLOCATE|[50]|Bytes:4
13:50:35.0 (57052363)|VARIABLE_ASSIGNMENT|[50]|i|11
13:50:35.0 (57053847)|STATEMENT_EXECUTE|[50]
13:50:35.0 (57054982)|STATEMENT_EXECUTE|[51]
13:50:35.0 (57056442)|VARIABLE_SCOPE_BEGIN|[51]|j|Integer|false|false
13:50:35.0 (57057893)|HEAP_ALLOCATE|[51]|Bytes:4
13:50:35.0 (57060048)|VARIABLE_ASSIGNMENT|[51]|j|0
13:50:35.0 (57061465)|STATEMENT_EXECUTE|[51]
13:50:35.0 (57062697)|STATEMENT_EXECUTE|[52]
13:50:35.0 (57063616)|STATEMENT_EXECUTE|[53]
13:50:35.0 (57071880)|HEAP_ALLOCATE|[53]|Bytes:2
13:50:35.0 (57079427)|HEAP_ALLOCATE|[53]|Bytes:1
13:50:35.0 (57084344)|HEAP_ALLOCATE|[53]|Bytes:5
13:50:35.0 (57088873)|HEAP_ALLOCATE|[53]|Bytes:2
13:50:35.0 (57096123)|HEAP_ALLOCATE|[53]|Bytes:1
13:50:35.0 (57100910)|HEAP_ALLOCATE|[53]|Bytes:5
13:50:35.0 (57105515)|HEAP_ALLOCATE|[EXTERNAL]|Bytes:4
13:50:35.0 (57108927)|HEAP_ALLOCATE|[51]|Bytes:4
13:50:35.0 (57111785)|VARIABLE_ASSIGNMENT|[51]|j|30
13:50:35.0 (57113491)|STATEMENT_EXECUTE|[51]
13:50:35.0 (57114819)|STATEMENT_EXECUTE|[54]
13:50:35.0 (57115747)|STATEMENT_EXECUTE|[55]
13:50:35.0 (57121292)|HEAP_ALLOCATE|[55]|Bytes:2
13:50:35.0 (57128562)|HEAP_ALLOCATE|[55]|Bytes:2
13:50:35.0 (57133295)|HEAP_ALLOCATE|[55]|Bytes:5
13:50:35.0 (57138073)|HEAP_ALLOCATE|[55]|Bytes:2
13:50:35.0 (57144818)|HEAP_ALLOCATE|[55]|Bytes:2
13:50:35.0 (57149383)|HEAP_ALLOCATE|[55]|Bytes:5
13:50:35.0 (57153800)|HEAP_ALLOCATE|[EXTERNAL]|Bytes:4
13:50:35.0 (57156896)|HEAP_ALLOCATE|[51]|Bytes:4
13:50:35.0 (57159644)|VARIABLE_ASSIGNMENT|[51]|j|60
13:50:35.0 (57161519)|HEAP_ALLOCATE|[50]|Bytes:4
13:50:35.0 (57163690)|VARIABLE_ASSIGNMENT|[50]|i|12
13:50:35.0 (57165153)|STATEMENT_EXECUTE|[50]
13:50:35.0 (57166294)|STATEMENT_EXECUTE|[51]
13:50:35.0 (57167892)|VARIABLE_SCOPE_BEGIN|[51]|j|Integer|false|false
13:50:35.0 (57169342)|HEAP_ALLOCATE|[51]|Bytes:4
13:50:35.0 (57171614)|VARIABLE_ASSIGNMENT|[51]|j|0
13:50:35.0 (57173022)|STATEMENT_EXECUTE|[51]
13:50:35.0 (57174238)|STATEMENT_EXECUTE|[52]
13:50:35.0 (57175200)|STATEMENT_EXECUTE|[53]
13:50:35.0 (57180751)|HEAP_ALLOCATE|[53]|Bytes:2
13:50:35.0 (57187961)|HEAP_ALLOCATE|[53]|Bytes:1
13:50:35.0 (57192819)|HEAP_ALLOCATE|[53]|Bytes:5
13:50:35.0 (57197354)|HEAP_ALLOCATE|[53]|Bytes:2
13:50:35.0 (57204200)|HEAP_ALLOCATE|[53]|Bytes:1
13:50:35.0 (57208815)|HEAP_ALLOCATE|[53]|Bytes:5
13:50:35.0 (57213221)|HEAP_ALLOCATE|[EXTERNAL]|Bytes:4
13:50:35.0 (57216451)|HEAP_ALLOCATE|[51]|Bytes:4
13:50:35.0 (57219120)|VARIABLE_ASSIGNMENT|[51]|j|30
13:50:35.0 (57220656)|STATEMENT_EXECUTE|[51]
13:50:35.0 (57221936)|STATEMENT_EXECUTE|[54]
13:50:35.0 (57222900)|STATEMENT_EXECUTE|[55]
13:50:35.0 (57228204)|HEAP_ALLOCATE|[55]|Bytes:2
13:50:35.0 (57235428)|HEAP_ALLOCATE|[55]|Bytes:2
13:50:35.0 (57240199)|HEAP_ALLOCATE|[55]|Bytes:5
13:50:35.0 (57245016)|HEAP_ALLOCATE|[55]|Bytes:2
13:50:35.0 (57251833)|HEAP_ALLOCATE|[55]|Bytes:2
13:50:35.0 (57256463)|HEAP_ALLOCATE|[55]|Bytes:5
13:50:35.0 (57260713)|HEAP_ALLOCATE|[EXTERNAL]|Bytes:4
13:50:35.0 (57263842)|HEAP_ALLOCATE|[51]|Bytes:4
13:50:35.0 (57266474)|VARIABLE_ASSIGNMENT|[51]|j|60
13:50:35.0 (57268195)|HEAP_ALLOCATE|[50]|Bytes:4
13:50:35.0 (57270909)|VARIABLE_ASSIGNMENT|[50]|i|13
13:50:35.0 (57272392)|STATEMENT_EXECUTE|[50]
13:50:35.0 (57273563)|STATEMENT_EXECUTE|[51]
13:50:35.0 (57275050)|VARIABLE_SCOPE_BEGIN|[51]|j|Integer|false|false
13:50:35.0 (57276432)|HEAP_ALLOCATE|[51]|Bytes:4
13:50:35.0 (57278655)|VARIABLE_ASSIGNMENT|[51]|j|0
13:50:35.0 (57280081)|STATEMENT_EXECUTE|[51]
13:50:35.0 (57281339)|STATEMENT_EXECUTE|[52]
13:50:35.0 (57282365)|STATEMENT_EXECUTE|[53]
13:50:35.0 (57287918)|HEAP_ALLOCATE|[53]|Bytes:2
13:50:35.0 (57295178)|HEAP_ALLOCATE|[53]|Bytes:1
13:50:35.0 (57299961)|HEAP_ALLOCATE|[53]|Bytes:5
13:50:35.0 (57304592)|HEAP_ALLOCATE|[53]|Bytes:2
13:50:35.0 (57311779)|HEAP_ALLOCATE|[53]|Bytes:1
13:50:35.0 (57316400)|HEAP_ALLOCATE|[53]|Bytes:5
13:50:35.0 (57320755)|HEAP_ALLOCATE|[EXTERNAL]|Bytes:4
13:50:35.0 (57323936)|HEAP_ALLOCATE|[51]|Bytes:4
13:50:35.0 (57326674)|VARIABLE_ASSIGNMENT|[51]|j|30
13:50:35.0 (57328239)|STATEMENT_EXECUTE|[51]
13:50:35.0 (57329538)|STATEMENT_EXECUTE|[54]
13:50:35.0 (57330461)|STATEMENT_EXECUTE|[55]
13:50:35.0 (57335681)|HEAP_ALLOCATE|[55]|Bytes:2
13:50:35.0 (57342840)|HEAP_ALLOCATE|[55]|Bytes:2
13:50:35.0 (57347658)|HEAP_ALLOCATE|[55]|Bytes:5
13:50:35.0 (57352122)|HEAP_ALLOCATE|[55]|Bytes:2
13:50:35.0 (57358940)|HEAP_ALLOCATE|[55]|Bytes:2
13:50:35.0 (57363545)|HEAP_ALLOCATE|[55]|Bytes:5
13:50:35.0 (57367719)|HEAP_ALLOCATE|[EXTERNAL]|Bytes:4
13:50:35.0 (57370814)|HEAP_ALLOCATE|[51]|Bytes:4
13:50:35.0 (57373550)|VARIABLE_ASSIGNMENT|[51]|j|60
13:50:35.0 (57375250)|HEAP_ALLOCATE|[50]|Bytes:4
13:50:35.0 (57377510)|VARIABLE_ASSIGNMENT|[50]|i|14
13:50:35.0 (57378979)|STATEMENT_EXECUTE|[50]
13:50:35.0 (57380133)|STATEMENT_EXECUTE|[51]
13:50:35.0 (57381708)|VARIABLE_SCOPE_BEGIN|[51]|j|Integer|false|false
13:50:35.0 (57383129)|HEAP_ALLOCATE|[51]|Bytes:4
13:50:35.0 (57385347)|VARIABLE_ASSIGNMENT|[51]|j|0
13:50:35.0 (57386734)|STATEMENT_EXECUTE|[51]
13:50:35.0 (57387982)|STATEMENT_EXECUTE|[52]
13:50:35.0 (57388907)|STATEMENT_EXECUTE|[53]
13:50:35.0 (57394353)|HEAP_ALLOCATE|[53]|Bytes:2
13:50:35.0 (57401647)|HEAP_ALLOCATE|[53]|Bytes:1
13:50:35.0 (57406615)|HEAP_ALLOCATE|[53]|Bytes:5
13:50:35.0 (57411079)|HEAP_ALLOCATE|[53]|Bytes:2
13:50:35.0 (57417985)|HEAP_ALLOCATE|[53]|Bytes:1
13:50:35.0 (57422551)|HEAP_ALLOCATE|[53]|Bytes:5
13:50:35.0 (57427020)|HEAP_ALLOCATE|[EXTERNAL]|Bytes:4
13:50:35.0 (57430175)|HEAP_ALLOCATE|[51]|Bytes:4
13:50:35.0 (57432863)|VARIABLE_ASSIGNMENT|[51]|j|30
13:50:35.0 (57434433)|STATEMENT_EXECUTE|[51]
13:50:35.0 (57435689)|STATEMENT_EXECUTE|[54]
13:50:35.0 (57436629)|STATEMENT_EXECUTE|[55]
13:50:35.0 (57441853)|HEAP_ALLOCATE|[55]|Bytes:2
13:50:35.0 (57449192)|HEAP_ALLOCATE|[55]|Bytes:2
13:50:35.0 (57453946)|HEAP_ALLOCATE|[55]|Bytes:5
13:50:35.0 (57458774)|HEAP_ALLOCATE|[55]|Bytes:2
13:50:35.0 (57465632)|HEAP_ALLOCATE|[55]|Bytes:2
13:50:35.0 (57470337)|HEAP_ALLOCATE|[55]|Bytes:5
13:50:35.0 (57474515)|HEAP_ALLOCATE|[EXTERNAL]|Bytes:4
13:50:35.0 (57477577)|HEAP_ALLOCATE|[51]|Bytes:4
13:50:35.0 (57480209)|VARIABLE_ASSIGNMENT|[51]|j|60
13:50:35.0 (57481976)|HEAP_ALLOCATE|[50]|Bytes:4
13:50:35.0 (57484186)|VARIABLE_ASSIGNMENT|[50]|i|15
13:50:35.0 (57485760)|STATEMENT_EXECUTE|[50]
13:50:35.0 (57486883)|STATEMENT_EXECUTE|[51]
13:50:35.0 (57488282)|VARIABLE_SCOPE_BEGIN|[51]|j|Integer|false|false
13:50:35.0 (57489651)|HEAP_ALLOCATE|[51]|Bytes:4
13:50:35.0 (57491805)|VARIABLE_ASSIGNMENT|[51]|j|0
13:50:35.0 (57493222)|STATEMENT_EXECUTE|[51]
13:50:35.0 (57494458)|STATEMENT_EXECUTE|[52]
13:50:35.0 (57495373)|STATEMENT_EXECUTE|[53]
13:50:35.0 (57500803)|HEAP_ALLOCATE|[53]|Bytes:2
13:50:35.0 (57508053)|HEAP_ALLOCATE|[53]|Bytes:1
13:50:35.0 (57512833)|HEAP_ALLOCATE|[53]|Bytes:5
13:50:35.0 (57517393)|HEAP_ALLOCATE|[53]|Bytes:2
13:50:35.0 (57524402)|HEAP_ALLOCATE|[53]|Bytes:1
13:50:35.0 (57528976)|HEAP_ALLOCATE|[53]|Bytes:5
13:50:35.0 (57533281)|HEAP_ALLOCATE|[EXTERNAL]|Bytes:4
13:50:35.0 (57536483)|HEAP_ALLOCATE|[51]|Bytes:4
13:50:35.0 (57539244)|VARIABLE_ASSIGNMENT|[51]|j|30
13:50:35.0 (57540804)|STATEMENT_EXECUTE|[51]
13:50:35.0 (57542113)|STATEMENT_EXECUTE|[54]
13:50:35.0 (57543033)|STATEMENT_EXECUTE|[55]
13:50:35.0 (57548310)|HEAP_ALLOCATE|[55]|Bytes:2
13:50:35.0 (57555585)|HEAP_ALLOCATE|[55]|Bytes:2
13:50:35.0 (57560325)|HEAP_ALLOCATE|[55]|Bytes:5
13:50:35.0 (57564754)|HEAP_ALLOCATE|[55]|Bytes:2
13:50:35.0 (57571584)|HEAP_ALLOCATE|[55]|Bytes:2
13:50:35.0 (57576169)|HEAP_ALLOCATE|[55]|Bytes:5
13:50:35.0 (57580330)|HEAP_ALLOCATE|[EXTERNAL]|Bytes:4
13:50:35.0 (57583491)|HEAP_ALLOCATE|[51]|Bytes:4
13:50:35.0 (57586203)|VARIABLE_ASSIGNMENT|[51]|j|60
13:50:35.0 (57587915)|HEAP_ALLOCATE|[50]|Bytes:4
13:50:35.0 (57590101)|VARIABLE_ASSIGNMENT|[50]|i|16
13:50:35.0 (57591515)|STATEMENT_EXECUTE|[50]
13:50:35.0 (57592648)|STATEMENT_EXECUTE|[51]
13:50:35.0 (57594323)|VARIABLE_SCOPE_BEGIN|[51]|j|Integer|false|false
13:50:35.0 (57595701)|HEAP_ALLOCATE|[51]|Bytes:4
13:50:35.0 (57597831)|VARIABLE_ASSIGNMENT|[51]|j|0
13:50:35.0 (57599252)|STATEMENT_EXECUTE|[51]
13:50:35.0 (57600473)|STATEMENT_EXECUTE|[52]
13:50:35.0 (57601406)|STATEMENT_EXECUTE|[53]
13:50:35.0 (57606943)|HEAP_ALLOCATE|[53]|Bytes:2
13:50:35.0 (57614146)|HEAP_ALLOCATE|[53]|Bytes:1
13:50:35.0 (57618898)|HEAP_ALLOCATE|[53]|Bytes:5
13:50:35.0 (57623433)|HEAP_ALLOCATE|[53]|Bytes:2
13:50:35.0 (57630346)|HEAP_ALLOCATE|[53]|Bytes:1
13:50:35.0 (57634940)|HEAP_ALLOCATE|[53]|Bytes:5
13:50:35.0 (57639275)|HEAP_ALLOCATE|[EXTERNAL]|Bytes:4
13:50:35.0 (57642550)|HEAP_ALLOCATE|[51]|Bytes:4
13:50:35.0 (57645284)|VARIABLE_ASSIGNMENT|[51]|j|30
13:50:35.0 (57646832)|STATEMENT_EXECUTE|[51]
13:50:35.0 (57648110)|STATEMENT_EXECUTE|[54]
13:50:35.0 (57649053)|STATEMENT_EXECUTE|[55]
13:50:35.0 (57654298)|HEAP_ALLOCATE|[55]|Bytes:2
13:50:35.0 (57661502)|HEAP_ALLOCATE|[55]|Bytes:2
13:50:35.0 (57666216)|HEAP_ALLOCATE|[55]|Bytes:5
13:50:35.0 (57670937)|HEAP_ALLOCATE|[55]|Bytes:2
13:50:35.0 (57677777)|HEAP_ALLOCATE|[55]|Bytes:2
13:50:35.0 (57682515)|HEAP_ALLOCATE|[55]|Bytes:5
13:50:35.0 (57686745)|HEAP_ALLOCATE|[EXTERNAL]|Bytes:4
13:50:35.0 (57690062)|HEAP_ALLOCATE|[51]|Bytes:4
13:50:35.0 (57692646)|VARIABLE_ASSIGNMENT|[51]|j|60
13:50:35.0 (57694458)|HEAP_ALLOCATE|[50]|Bytes:4
13:50:35.0 (57696658)|VARIABLE_ASSIGNMENT|[50]|i|17
13:50:35.0 (57698158)|STATEMENT_EXECUTE|[50]
13:50:35.0 (57699335)|STATEMENT_EXECUTE|[51]
13:50:35.0 (57700757)|VARIABLE_SCOPE_BEGIN|[51]|j|Integer|false|false
13:50:35.0 (57702150)|HEAP_ALLOCATE|[51]|Bytes:4
13:50:35.0 (57704275)|VARIABLE_ASSIGNMENT|[51]|j|0
13:50:35.0 (57705688)|STATEMENT_EXECUTE|[51]
13:50:35.0 (57706899)|STATEMENT_EXECUTE|[52]
13:50:35.0 (57707815)|STATEMENT_EXECUTE|[53]
13:50:35.0 (57713368)|HEAP_ALLOCATE|[53]|Bytes:2
13:50:35.0 (57720504)|HEAP_ALLOCATE|[53]|Bytes:1
13:50:35.0 (57725214)|HEAP_ALLOCATE|[53]|Bytes:5
13:50:35.0 (57729740)|HEAP_ALLOCATE|[53]|Bytes:2
13:50:35.0 (57736597)|HEAP_ALLOCATE|[53]|Bytes:1
13:50:35.0 (57741571)|HEAP_ALLOCATE|[53]|Bytes:5
13:50:35.0 (57745954)|HEAP_ALLOCATE|[EXTERNAL]|Bytes:4
13:50:35.0 (57749227)|HEAP_ALLOCATE|[51]|Bytes:4
13:50:35.0 (57751888)|VARIABLE_ASSIGNMENT|[51]|j|30
13:50:35.0 (57753445)|STATEMENT_EXECUTE|[51]
13:50:35.0 (57754744)|STATEMENT_EXECUTE|[54]
13:50:35.0 (57755665)|STATEMENT_EXECUTE|[55]
13:50:35.0 (57760894)|HEAP_ALLOCATE|[55]|Bytes:2
13:50:35.0 (57768110)|HEAP_ALLOCATE|[55]|Bytes:2
13:50:35.0 (57772909)|HEAP_ALLOCATE|[55]|Bytes:5
13:50:35.0 (57777395)|HEAP_ALLOCATE|[55]|Bytes:2
13:50:35.0 (57784285)|HEAP_ALLOCATE|[55]|Bytes:2
13:50:35.0 (57788947)|HEAP_ALLOCATE|[55]|Bytes:5
13:50:35.0 (57793150)|HEAP_ALLOCATE|[EXTERNAL]|Bytes:4
13:50:35.0 (57796248)|HEAP_ALLOCATE|[51]|Bytes:4
13:50:35.0 (57798908)|VARIABLE_ASSIGNMENT|[51]|j|60
13:50:35.0 (57800647)|HEAP_ALLOCATE|[50]|Bytes:4
13:50:35.0 (57802810)|VARIABLE_ASSIGNMENT|[50]|i|18
13:50:35.0 (57804254)|STATEMENT_EXECUTE|[50]
13:50:35.0 (57805414)|STATEMENT_EXECUTE|[51]
13:50:35.0 (57806879)|VARIABLE_SCOPE_BEGIN|[51]|j|Integer|false|false
13:50:35.0 (57808473)|HEAP_ALLOCATE|[51]|Bytes:4
13:50:35.0 (57810671)|VARIABLE_ASSIGNMENT|[51]|j|0
13:50:35.0 (57812072)|STATEMENT_EXECUTE|[51]
13:50:35.0 (57813418)|STATEMENT_EXECUTE|[52]
13:50:35.0 (57814342)|STATEMENT_EXECUTE|[53]
13:50:35.0 (57819874)|HEAP_ALLOCATE|[53]|Bytes:2
13:50:35.0 (57827101)|HEAP_ALLOCATE|[53]|Bytes:1
13:50:35.0 (57831955)|HEAP_ALLOCATE|[53]|Bytes:5
13:50:35.0 (57836413)|HEAP_ALLOCATE|[53]|Bytes:2
13:50:35.0 (57843292)|HEAP_ALLOCATE|[53]|Bytes:1
13:50:35.0 (57847914)|HEAP_ALLOCATE|[53]|Bytes:5
13:50:35.0 (57852299)|HEAP_ALLOCATE|[EXTERNAL]|Bytes:4
13:50:35.0 (57855583)|HEAP_ALLOCATE|[51]|Bytes:4
13:50:35.0 (57858198)|VARIABLE_ASSIGNMENT|[51]|j|30
13:50:35.0 (57859768)|STATEMENT_EXECUTE|[51]
13:50:35.0 (57861052)|STATEMENT_EXECUTE|[54]
13:50:35.0 (57861991)|STATEMENT_EXECUTE|[55]
13:50:35.0 (57867322)|HEAP_ALLOCATE|[55]|Bytes:2
13:50:35.0 (57874493)|HEAP_ALLOCATE|[55]|Bytes:2
13:50:35.0 (57879231)|HEAP_ALLOCATE|[55]|Bytes:5
13:50:35.0 (57883869)|HEAP_ALLOCATE|[55]|Bytes:2
13:50:35.0 (57890708)|HEAP_ALLOCATE|[55]|Bytes:2
13:50:35.0 (57895342)|HEAP_ALLOCATE|[55]|Bytes:5
13:50:35.0 (57899583)|HEAP_ALLOCATE|[EXTERNAL]|Bytes:4
13:50:35.0 (57902689)|HEAP_ALLOCATE|[51]|Bytes:4
13:50:35.0 (57905305)|VARIABLE_ASSIGNMENT|[51]|j|60
13:50:35.0 (57907129)|HEAP_ALLOCATE|[50]|Bytes:4
13:50:35.0 (57909444)|VARIABLE_ASSIGNMENT|[50]|i|19
13:50:35.0 (57910939)|STATEMENT_EXECUTE|[50]
13:50:35.0 (57912080)|STATEMENT_EXECUTE|[51]
13:50:35.0 (57913553)|VARIABLE_SCOPE_BEGIN|[51]|j|Integer|false|false
13:50:35.0 (57914936)|HEAP_ALLOCATE|[51]|Bytes:4
13:50:35.0 (57917082)|VARIABLE_ASSIGNMENT|[51]|j|0
13:50:35.0 (57918485)|STATEMENT_EXECUTE|[51]
13:50:35.0 (57919735)|STATEMENT_EXECUTE|[52]
13:50:35.0 (57920688)|STATEMENT_EXECUTE|[53]
13:50:35.0 (57926090)|HEAP_ALLOCATE|[53]|Bytes:2
13:50:35.0 (57933213)|HEAP_ALLOCATE|[53]|Bytes:1
13:50:35.0 (57937957)|HEAP_ALLOCATE|[53]|Bytes:5
13:50:35.0 (57942493)|HEAP_ALLOCATE|[53]|Bytes:2
13:50:35.0 (57949619)|HEAP_ALLOCATE|[53]|Bytes:1
13:50:35.0 (57954646)|HEAP_ALLOCATE|[53]|Bytes:5
13:50:35.0 (57958973)|HEAP_ALLOCATE|[EXTERNAL]|Bytes:4
13:50:35.0 (57962199)|HEAP_ALLOCATE|[51]|Bytes:4
13:50:35.0 (57964857)|VARIABLE_ASSIGNMENT|[51]|j|30
13:50:35.0 (57966436)|STATEMENT_EXECUTE|[51]
13:50:35.0 (57967715)|STATEMENT_EXECUTE|[54]
13:50:35.0 (57968626)|STATEMENT_EXECUTE|[55]
13:50:35.0 (57973905)|HEAP_ALLOCATE|[55]|Bytes:2
13:50:35.0 (57981041)|HEAP_ALLOCATE|[55]|Bytes:2
13:50:35.0 (57985677)|HEAP_ALLOCATE|[55]|Bytes:5
13:50:35.0 (57990133)|HEAP_ALLOCATE|[55]|Bytes:2
13:50:35.0 (57996986)|HEAP_ALLOCATE|[55]|Bytes:2
13:50:35.0 (58001712)|HEAP_ALLOCATE|[55]|Bytes:5
13:50:35.0 (58006280)|HEAP_ALLOCATE|[EXTERNAL]|Bytes:4
13:50:35.0 (58009522)|HEAP_ALLOCATE|[51]|Bytes:4
13:50:35.0 (58012214)|VARIABLE_ASSIGNMENT|[51]|j|60
13:50:35.0 (58014076)|HEAP_ALLOCATE|[50]|Bytes:4
13:50:35.0 (58016222)|VARIABLE_ASSIGNMENT|[50]|i|20
13:50:35.0 (58017671)|STATEMENT_EXECUTE|[50]
13:50:35.0 (58018783)|STATEMENT_EXECUTE|[51]
13:50:35.0 (58020232)|VARIABLE_SCOPE_BEGIN|[51]|j|Integer|false|false
13:50:35.0 (58021785)|HEAP_ALLOCATE|[51]|Bytes:4
13:50:35.0 (58023917)|VARIABLE_ASSIGNMENT|[51]|j|0
13:50:35.0 (58025346)|STATEMENT_EXECUTE|[51]
13:50:35.0 (58026624)|STATEMENT_EXECUTE|[52]
13:50:35.0 (58027533)|STATEMENT_EXECUTE|[53]
13:50:35.0 (58033034)|HEAP_ALLOCATE|[53]|Bytes:2
13:50:35.0 (58040155)|HEAP_ALLOCATE|[53]|Bytes:1
13:50:35.0 (58044910)|HEAP_ALLOCATE|[53]|Bytes:5
13:50:35.0 (58049468)|HEAP_ALLOCATE|[53]|Bytes:2
13:50:35.0 (58056323)|HEAP_ALLOCATE|[53]|Bytes:1
13:50:35.0 (58060959)|HEAP_ALLOCATE|[53]|Bytes:5
13:50:35.0 (58065317)|HEAP_ALLOCATE|[EXTERNAL]|Bytes:4
13:50:35.0 (58070957)|HEAP_ALLOCATE|[51]|Bytes:4
13:50:35.0 (58074114)|VARIABLE_ASSIGNMENT|[51]|j|30
13:50:35.0 (58075761)|STATEMENT_EXECUTE|[51]
13:50:35.0 (58077060)|STATEMENT_EXECUTE|[54]
13:50:35.0 (58077968)|STATEMENT_EXECUTE|[55]
13:50:35.0 (58083630)|HEAP_ALLOCATE|[55]|Bytes:2
13:50:35.0 (58091016)|HEAP_ALLOCATE|[55]|Bytes:2
13:50:35.0 (58095814)|HEAP_ALLOCATE|[55]|Bytes:5
13:50:35.0 (58100493)|HEAP_ALLOCATE|[55]|Bytes:2
13:50:35.0 (58107357)|HEAP_ALLOCATE|[55]|Bytes:2
13:50:35.0 (58111939)|HEAP_ALLOCATE|[55]|Bytes:5
13:50:35.0 (58116307)|HEAP_ALLOCATE|[EXTERNAL]|Bytes:4
13:50:35.0 (58119521)|HEAP_ALLOCATE|[51]|Bytes:4
13:50:35.0 (58122191)|VARIABLE_ASSIGNMENT|[51]|j|60
13:50:35.0 (58123952)|HEAP_ALLOCATE|[50]|Bytes:4
13:50:35.0 (58126160)|VARIABLE_ASSIGNMENT|[50]|i|21
13:50:35.0 (58127692)|STATEMENT_EXECUTE|[50]
13:50:35.0 (58128865)|STATEMENT_EXECUTE|[51]
13:50:35.0 (58130319)|VARIABLE_SCOPE_BEGIN|[51]|j|Integer|false|false
13:50:35.0 (58131817)|HEAP_ALLOCATE|[51]|Bytes:4
13:50:35.0 (58133954)|VARIABLE_ASSIGNMENT|[51]|j|0
13:50:35.0 (58135426)|STATEMENT_EXECUTE|[51]
13:50:35.0 (58136652)|STATEMENT_EXECUTE|[52]
13:50:35.0 (58137601)|STATEMENT_EXECUTE|[53]
13:50:35.0 (58143108)|HEAP_ALLOCATE|[53]|Bytes:2
13:50:35.0 (58150318)|HEAP_ALLOCATE|[53]|Bytes:1
13:50:35.0 (58155131)|HEAP_ALLOCATE|[53]|Bytes:5
13:50:35.0 (58159689)|HEAP_ALLOCATE|[53]|Bytes:2
13:50:35.0 (58166604)|HEAP_ALLOCATE|[53]|Bytes:1
13:50:35.0 (58171356)|HEAP_ALLOCATE|[53]|Bytes:5
13:50:35.0 (58175797)|HEAP_ALLOCATE|[EXTERNAL]|Bytes:4
13:50:35.0 (58179056)|HEAP_ALLOCATE|[51]|Bytes:4
13:50:35.0 (58181765)|VARIABLE_ASSIGNMENT|[51]|j|30
13:50:35.0 (58183323)|STATEMENT_EXECUTE|[51]
13:50:35.0 (58184643)|STATEMENT_EXECUTE|[54]
13:50:35.0 (58185567)|STATEMENT_EXECUTE|[55]
13:50:35.0 (58190851)|HEAP_ALLOCATE|[55]|Bytes:2
13:50:35.0 (58197968)|HEAP_ALLOCATE|[55]|Bytes:2
13:50:35.0 (58202717)|HEAP_ALLOCATE|[55]|Bytes:5
13:50:35.0 (58207197)|HEAP_ALLOCATE|[55]|Bytes:2
13:50:35.0 (58213964)|HEAP_ALLOCATE|[55]|Bytes:2
13:50:35.0 (58218521)|HEAP_ALLOCATE|[55]|Bytes:5
13:50:35.0 (58222698)|HEAP_ALLOCATE|[EXTERNAL]|Bytes:4
13:50:35.0 (58225805)|HEAP_ALLOCATE|[51]|Bytes:4
13:50:35.0 (58228441)|VARIABLE_ASSIGNMENT|[51]|j|60
13:50:35.0 (58230200)|HEAP_ALLOCATE|[50]|Bytes:4
13:50:35.0 (58232393)|VARIABLE_ASSIGNMENT|[50]|i|22
13:50:35.0 (58233900)|STATEMENT_EXECUTE|[50]
13:50:35.0 (58235032)|STATEMENT_EXECUTE|[51]
13:50:35.0 (58236502)|VARIABLE_SCOPE_BEGIN|[51]|j|Integer|false|false
13:50:35.0 (58238070)|HEAP_ALLOCATE|[51]|Bytes:4
13:50:35.0 (58240252)|VARIABLE_ASSIGNMENT|[51]|j|0
13:50:35.0 (58241700)|STATEMENT_EXECUTE|[51]
13:50:35.0 (58242913)|STATEMENT_EXECUTE|[52]
13:50:35.0 (58243855)|STATEMENT_EXECUTE|[53]
13:50:35.0 (58249229)|HEAP_ALLOCATE|[53]|Bytes:2
13:50:35.0 (58256420)|HEAP_ALLOCATE|[53]|Bytes:1
13:50:35.0 (58261232)|HEAP_ALLOCATE|[53]|Bytes:5
13:50:35.0 (58265788)|HEAP_ALLOCATE|[53]|Bytes:2
13:50:35.0 (58272688)|HEAP_ALLOCATE|[53]|Bytes:1
13:50:35.0 (58277276)|HEAP_ALLOCATE|[53]|Bytes:5
13:50:35.0 (58281677)|HEAP_ALLOCATE|[EXTERNAL]|Bytes:4
13:50:35.0 (58284910)|HEAP_ALLOCATE|[51]|Bytes:4
13:50:35.0 (58287564)|VARIABLE_ASSIGNMENT|[51]|j|30
13:50:35.0 (58289133)|STATEMENT_EXECUTE|[51]
13:50:35.0 (58290456)|STATEMENT_EXECUTE|[54]
13:50:35.0 (58291412)|STATEMENT_EXECUTE|[55]
13:50:35.0 (58296712)|HEAP_ALLOCATE|[55]|Bytes:2
13:50:35.0 (58303935)|HEAP_ALLOCATE|[55]|Bytes:2
13:50:35.0 (58308641)|HEAP_ALLOCATE|[55]|Bytes:5
13:50:35.0 (58313143)|HEAP_ALLOCATE|[55]|Bytes:2
13:50:35.0 (58320115)|HEAP_ALLOCATE|[55]|Bytes:2
13:50:35.0 (58324705)|HEAP_ALLOCATE|[55]|Bytes:5
13:50:35.0 (58328854)|HEAP_ALLOCATE|[EXTERNAL]|Bytes:4
13:50:35.0 (58331967)|HEAP_ALLOCATE|[51]|Bytes:4
13:50:35.0 (58334571)|VARIABLE_ASSIGNMENT|[51]|j|60
13:50:35.0 (58336264)|HEAP_ALLOCATE|[50]|Bytes:4
13:50:35.0 (58338453)|VARIABLE_ASSIGNMENT|[50]|i|23
13:50:35.0 (58339875)|STATEMENT_EXECUTE|[50]
13:50:35.0 (58341043)|STATEMENT_EXECUTE|[51]
13:50:35.0 (58354643)|VARIABLE_SCOPE_BEGIN|[51]|j|Integer|false|false
13:50:35.0 (58357525)|HEAP_ALLOCATE|[51]|Bytes:4
13:50:35.0 (58362042)|VARIABLE_ASSIGNMENT|[51]|j|0
13:50:35.0 (58364833)|STATEMENT_EXECUTE|[51]
13:50:35.0 (58366663)|STATEMENT_EXECUTE|[52]
13:50:35.0 (58368235)|STATEMENT_EXECUTE|[53]
13:50:35.0 (58381044)|HEAP_ALLOCATE|[53]|Bytes:2
13:50:35.0 (58393594)|HEAP_ALLOCATE|[53]|Bytes:1
13:50:35.0 (58399106)|HEAP_ALLOCATE|[53]|Bytes:5
13:50:35.0 (58403790)|HEAP_ALLOCATE|[53]|Bytes:2
13:50:35.0 (58410593)|HEAP_ALLOCATE|[53]|Bytes:1
13:50:35.0 (58422967)|HEAP_ALLOCATE|[53]|Bytes:5
13:50:35.0 (58429633)|HEAP_ALLOCATE|[EXTERNAL]|Bytes:4
13:50:35.0 (58433701)|HEAP_ALLOCATE|[51]|Bytes:4
13:50:35.0 (58437026)|VARIABLE_ASSIGNMENT|[51]|j|30
13:50:35.0 (58438958)|STATEMENT_EXECUTE|[51]
13:50:35.0 (58440389)|STATEMENT_EXECUTE|[54]
13:50:35.0 (58441467)|STATEMENT_EXECUTE|[55]
13:50:35.0 (58447969)|HEAP_ALLOCATE|[55]|Bytes:2
13:50:35.0 (58455277)|HEAP_ALLOCATE|[55]|Bytes:2
13:50:35.0 (58460086)|HEAP_ALLOCATE|[55]|Bytes:5
13:50:35.0 (58464647)|HEAP_ALLOCATE|[55]|Bytes:2
13:50:35.0 (58471470)|HEAP_ALLOCATE|[55]|Bytes:2
13:50:35.0 (58476086)|HEAP_ALLOCATE|[55]|Bytes:5
13:50:35.0 (58480532)|HEAP_ALLOCATE|[EXTERNAL]|Bytes:4
13:50:35.0 (58483854)|HEAP_ALLOCATE|[51]|Bytes:4
13:50:35.0 (58486595)|VARIABLE_ASSIGNMENT|[51]|j|60
13:50:35.0 (58488659)|HEAP_ALLOCATE|[50]|Bytes:4
13:50:35.0 (58490859)|VARIABLE_ASSIGNMENT|[50]|i|24
13:50:35.0 (58492830)|STATEMENT_EXECUTE|[59]
13:50:35.0 (58675891)|SYSTEM_MODE_ENTER|true
13:50:35.0 (58699565)|HEAP_ALLOCATE|[EXTERNAL]|Bytes:80
13:50:35.0 (58740616)|VARIABLE_ASSIGNMENT|[EXTERNAL]|this|{"delToHub":false,"delToProj":false,"detail":"0x4bd4f817","invoked":true,"rejected":false,"reserved":false,"www":"0x35deb31","wwwById":"0x4643eb97"}|0x20089837
13:50:35.0 (58746559)|STATEMENT_EXECUTE|[102]
13:50:35.0 (58750768)|STATEMENT_EXECUTE|[104]
13:50:35.0 (58751886)|STATEMENT_EXECUTE|[105]
13:50:35.0 (58754815)|HEAP_ALLOCATE|[105]|Bytes:4
13:50:35.0 (58762722)|VARIABLE_ASSIGNMENT|[105]|this.selectedTime6|"8:00"|0x20089837
13:50:35.0 (58764809)|STATEMENT_EXECUTE|[107]
13:50:35.0 (68362754)|VF_SERIALIZE_VIEWSTATE_BEGIN|06624000003h0Dg
13:50:35.0 (73010895)|VF_SERIALIZE_VIEWSTATE_END
13:50:35.75 (75519471)|CUMULATIVE_LIMIT_USAGE
13:50:35.75 (75519471)|LIMIT_USAGE_FOR_NS|(default)|
  Number of SOQL queries: 3 out of 100
  Number of query rows: 11 out of 50000
  Number of SOSL queries: 0 out of 20
  Number of DML statements: 0 out of 150
  Number of DML rows: 0 out of 10000
  Maximum CPU time: 0 out of 10000
  Maximum heap size: 0 out of 6000000
  Number of callouts: 0 out of 100
  Number of Email Invocations: 0 out of 10
  Number of future calls: 0 out of 50
  Number of queueable jobs added to the queue: 0 out of 50
  Number of Mobile Apex push calls: 0 out of 10

13:50:35.75 (75519471)|CUMULATIVE_LIMIT_USAGE_END

13:50:35.0 (75550509)|CODE_UNIT_FINISHED|VF: /apex/New_delivered_detail
13:50:35.0 (76285040)|EXECUTION_FINISHED
