38.0 APEX_CODE,FINEST;APEX_PROFILING,INFO;CALLOUT,INFO;DB,INFO;SYSTEM,DEBUG;VALIDATION,INFO;VISUALFORCE,INFO;WAVE,INFO;WORKFLOW,INFO
16:44:41.0 (290226)|USER_INFO|[EXTERNAL]|00524000001e3Uj|bedrijfsbureau@gsa.nl.sandbox|Midden-Europese standaardtijd|GMT+01:00
16:44:41.0 (313744)|EXECUTION_STARTED
16:44:41.0 (317244)|CODE_UNIT_STARTED|[EXTERNAL]|06624000003h0Dq|VF: /apex/ChoseRecordType
16:44:41.0 (786890)|VF_DESERIALIZE_VIEWSTATE_BEGIN|06624000003h0Dq
16:44:41.0 (10587721)|HEAP_ALLOCATE|[72]|Bytes:3
16:44:41.0 (10625943)|HEAP_ALLOCATE|[77]|Bytes:152
16:44:41.0 (10636691)|HEAP_ALLOCATE|[342]|Bytes:408
16:44:41.0 (10649932)|HEAP_ALLOCATE|[355]|Bytes:408
16:44:41.0 (10662542)|HEAP_ALLOCATE|[467]|Bytes:48
16:44:41.0 (10688351)|HEAP_ALLOCATE|[139]|Bytes:6
16:44:41.0 (12509899)|VF_DESERIALIZE_VIEWSTATE_END
16:44:41.13 (13338220)|SYSTEM_MODE_ENTER|true
16:44:41.13 (13393860)|HEAP_ALLOCATE|[EXTERNAL]|Bytes:38
16:44:41.13 (13399873)|HEAP_ALLOCATE|[EXTERNAL]|Bytes:7
16:44:41.13 (13407833)|SYSTEM_METHOD_ENTRY|[1]|PageMessagesComponentController.PageMessagesComponentController()
16:44:41.13 (13411452)|STATEMENT_EXECUTE|[1]
16:44:41.14 (14131375)|SYSTEM_MODE_ENTER|true
16:44:41.14 (14172456)|HEAP_ALLOCATE|[EXTERNAL]|Bytes:8
16:44:41.14 (14177723)|VARIABLE_SCOPE_BEGIN|[88]|this|ApexPage.PageMessagesComponentController|true|false
16:44:41.14 (14207982)|VARIABLE_ASSIGNMENT|[88]|this|{}|0x2dfbcc2
16:44:41.14 (14210651)|VARIABLE_SCOPE_BEGIN|[88]|escape|Boolean|false|false
16:44:41.14 (14215970)|VARIABLE_ASSIGNMENT|[88]|escape|null
16:44:41.0 (14599332)|SYSTEM_MODE_ENTER|true
16:44:41.0 (14798496)|HEAP_ALLOCATE|[EXTERNAL]|Bytes:11
16:44:41.0 (14805678)|HEAP_ALLOCATE|[EXTERNAL]|Bytes:408
16:44:41.0 (14808569)|HEAP_ALLOCATE|[EXTERNAL]|Bytes:120
16:44:41.0 (14810683)|HEAP_ALLOCATE|[EXTERNAL]|Bytes:120
16:44:41.0 (14817272)|METHOD_ENTRY|[1]|01p2400000DUtXT|NewDeliveredExtension.NewDeliveredExtension()
16:44:41.0 (14820110)|STATEMENT_EXECUTE|[1]
16:44:41.0 (14823391)|STATEMENT_EXECUTE|[1]
16:44:41.0 (14824594)|STATEMENT_EXECUTE|[543]
16:44:41.0 (14828454)|METHOD_EXIT|[1]|NewDeliveredExtension
16:44:41.0 (14836607)|HEAP_ALLOCATE|[EXTERNAL]|Bytes:80
16:44:41.0 (14840472)|VARIABLE_SCOPE_BEGIN|[109]|this|NewDeliveredExtension|true|false
16:44:41.0 (14935134)|VARIABLE_ASSIGNMENT|[109]|this|{"detail":"0x5acaed60","www":"0x4f5cd59d","wwwById":"0x4b95cc46"}|0x4e1a5f6e
16:44:41.0 (14941086)|STATEMENT_EXECUTE|[109]
16:44:41.0 (14942421)|STATEMENT_EXECUTE|[111]
16:44:41.0 (14947467)|HEAP_ALLOCATE|[111]|Bytes:4
16:44:41.0 (14970276)|VARIABLE_SCOPE_BEGIN|[111]|options|List<System.SelectOption>|true|false
16:44:41.0 (14990886)|HEAP_ALLOCATE|[EXTERNAL]|Bytes:4
16:44:41.0 (14998525)|VARIABLE_ASSIGNMENT|[111]|options|[]|0x3402bec0
16:44:41.0 (15000633)|STATEMENT_EXECUTE|[112]
16:44:41.0 (15048354)|HEAP_ALLOCATE|[112]|Bytes:4
16:44:41.0 (15052807)|HEAP_ALLOCATE|[112]|Bytes:82
16:44:41.0 (15056558)|HEAP_ALLOCATE|[112]|Bytes:4
16:44:41.0 (15268371)|SOQL_EXECUTE_BEGIN|[112]|Aggregations:0|SELECT Id, Name, DeveloperName FROM RecordType WHERE sobjectType = 'WWW_detail__c'
16:44:41.0 (25177247)|SOQL_EXECUTE_END|[112]|Rows:5
16:44:41.0 (25192963)|HEAP_ALLOCATE|[112]|Bytes:24
16:44:41.0 (25215489)|HEAP_ALLOCATE|[112]|Bytes:371
16:44:41.0 (25254279)|HEAP_ALLOCATE|[112]|Bytes:24
16:44:41.0 (25296920)|HEAP_ALLOCATE|[112]|Bytes:16
16:44:41.0 (25304470)|HEAP_ALLOCATE|[112]|Bytes:4
16:44:41.0 (25310918)|HEAP_ALLOCATE|[112]|Bytes:16
16:44:41.0 (25314262)|HEAP_ALLOCATE|[112]|Bytes:4
16:44:41.0 (25318378)|HEAP_ALLOCATE|[112]|Bytes:16
16:44:41.0 (25321371)|HEAP_ALLOCATE|[112]|Bytes:4
16:44:41.0 (25325376)|HEAP_ALLOCATE|[112]|Bytes:16
16:44:41.0 (25328283)|HEAP_ALLOCATE|[112]|Bytes:4
16:44:41.0 (25332065)|HEAP_ALLOCATE|[112]|Bytes:16
16:44:41.0 (25334936)|HEAP_ALLOCATE|[112]|Bytes:4
16:44:41.0 (25341760)|VARIABLE_SCOPE_BEGIN|[112]|recByNames|Map<Id,RecordType>|true|false
16:44:41.0 (25373854)|VARIABLE_ASSIGNMENT|[112]|recByNames|{"01224000000Sn4NAAS":{"Id":"01224000000Sn4NAAS","Name":"Afleveren","DeveloperName":"Delivered_2_Project"},"01224000000Sn4OAAS":{"Id":"01224000000Sn4OAAS","Name":"Afroepen","DeveloperName":"Invoked"},"01224000000Sn4PAAS":{"Id":"01224000000Sn4PAAS","Name":"Afwijzen","DeveloperName":"Rejected"},"01224000000Sn4MAAS":{"Id":"01224000000Sn4MAAS","Name":"Ontvangen","DeveloperName":"Delivered_2_Hub"},"01224000000Sn4QAAS":{"Id":"01224000000Sn4QAAS","Name":"Verwachten","DeveloperName":"Reserved"}}|0x56f3a817
16:44:41.0 (25406586)|HEAP_ALLOCATE|[EXTERNAL]|Bytes:24
16:44:41.0 (25417579)|HEAP_ALLOCATE|[114]|Bytes:390
16:44:41.0 (25535915)|HEAP_ALLOCATE|[114]|Bytes:5
16:44:41.0 (25547335)|HEAP_ALLOCATE|[114]|Bytes:16
16:44:41.0 (25553982)|VARIABLE_SCOPE_BEGIN|[114]|rec|RecordType|true|false
16:44:41.0 (25564989)|VARIABLE_ASSIGNMENT|[114]|rec|{"Id":"01224000000Sn4NAAS","Name":"Afleveren","DeveloperName":"Delivered_2_Project"}|0xf252222
16:44:41.0 (25568679)|STATEMENT_EXECUTE|[114]
16:44:41.0 (25570162)|STATEMENT_EXECUTE|[116]
16:44:41.0 (25616550)|HEAP_ALLOCATE|[116]|Bytes:18
16:44:41.0 (25672999)|HEAP_ALLOCATE|[EXTERNAL]|Bytes:4
16:44:41.0 (25700298)|HEAP_ALLOCATE|[114]|Bytes:5
16:44:41.0 (25708058)|HEAP_ALLOCATE|[114]|Bytes:16
16:44:41.0 (25712732)|VARIABLE_SCOPE_BEGIN|[114]|rec|RecordType|true|false
16:44:41.0 (25723219)|VARIABLE_ASSIGNMENT|[114]|rec|{"Id":"01224000000Sn4OAAS","Name":"Afroepen","DeveloperName":"Invoked"}|0x543f35db
16:44:41.0 (25726056)|STATEMENT_EXECUTE|[114]
16:44:41.0 (25727205)|STATEMENT_EXECUTE|[116]
16:44:41.0 (25736877)|HEAP_ALLOCATE|[116]|Bytes:18
16:44:41.0 (25747143)|HEAP_ALLOCATE|[EXTERNAL]|Bytes:4
16:44:41.0 (25754434)|HEAP_ALLOCATE|[114]|Bytes:5
16:44:41.0 (25759976)|HEAP_ALLOCATE|[114]|Bytes:16
16:44:41.0 (25763044)|VARIABLE_SCOPE_BEGIN|[114]|rec|RecordType|true|false
16:44:41.0 (25769846)|VARIABLE_ASSIGNMENT|[114]|rec|{"Id":"01224000000Sn4PAAS","Name":"Afwijzen","DeveloperName":"Rejected"}|0x1817b39a
16:44:41.0 (25772139)|STATEMENT_EXECUTE|[114]
16:44:41.0 (25773194)|STATEMENT_EXECUTE|[116]
16:44:41.0 (25778389)|HEAP_ALLOCATE|[116]|Bytes:18
16:44:41.0 (25785144)|HEAP_ALLOCATE|[EXTERNAL]|Bytes:4
16:44:41.0 (25791217)|HEAP_ALLOCATE|[114]|Bytes:5
16:44:41.0 (25796210)|HEAP_ALLOCATE|[114]|Bytes:16
16:44:41.0 (25798794)|VARIABLE_SCOPE_BEGIN|[114]|rec|RecordType|true|false
16:44:41.0 (25804674)|VARIABLE_ASSIGNMENT|[114]|rec|{"Id":"01224000000Sn4MAAS","Name":"Ontvangen","DeveloperName":"Delivered_2_Hub"}|0x7ffe207c
16:44:41.0 (25806690)|STATEMENT_EXECUTE|[114]
16:44:41.0 (25807650)|STATEMENT_EXECUTE|[116]
16:44:41.0 (25812314)|HEAP_ALLOCATE|[116]|Bytes:18
16:44:41.0 (25818486)|HEAP_ALLOCATE|[EXTERNAL]|Bytes:4
16:44:41.0 (25824153)|HEAP_ALLOCATE|[114]|Bytes:5
16:44:41.0 (25828902)|HEAP_ALLOCATE|[114]|Bytes:16
16:44:41.0 (25831506)|VARIABLE_SCOPE_BEGIN|[114]|rec|RecordType|true|false
16:44:41.0 (25837089)|VARIABLE_ASSIGNMENT|[114]|rec|{"Id":"01224000000Sn4QAAS","Name":"Verwachten","DeveloperName":"Reserved"}|0x596c2993
16:44:41.0 (25839417)|STATEMENT_EXECUTE|[114]
16:44:41.0 (25840382)|STATEMENT_EXECUTE|[116]
16:44:41.0 (25844787)|HEAP_ALLOCATE|[116]|Bytes:18
16:44:41.0 (25850923)|HEAP_ALLOCATE|[EXTERNAL]|Bytes:4
16:44:41.0 (25856706)|HEAP_ALLOCATE|[114]|Bytes:5
16:44:41.0 (25864145)|VARIABLE_ASSIGNMENT|[114]|rec|null|
16:44:41.0 (25866510)|STATEMENT_EXECUTE|[120]
16:44:41.0 (26265005)|SYSTEM_MODE_ENTER|true
16:44:41.26 (26462685)|SYSTEM_MODE_ENTER|true
16:44:41.26 (26502792)|HEAP_ALLOCATE|[EXTERNAL]|Bytes:8
16:44:41.26 (26507878)|VARIABLE_SCOPE_BEGIN|[88]|this|ApexPage.PageMessagesComponentController|true|false
16:44:41.26 (26524115)|VARIABLE_ASSIGNMENT|[88]|this|{}|0x2dfbcc2
16:44:41.26 (26526341)|VARIABLE_SCOPE_BEGIN|[88]|escape|Boolean|false|false
16:44:41.26 (26529254)|VARIABLE_ASSIGNMENT|[88]|escape|null
16:44:41.0 (26577397)|SYSTEM_MODE_ENTER|true
16:44:41.0 (26595370)|HEAP_ALLOCATE|[EXTERNAL]|Bytes:4
16:44:41.0 (26598210)|HEAP_ALLOCATE|[EXTERNAL]|Bytes:80
16:44:41.0 (26705810)|VARIABLE_ASSIGNMENT|[EXTERNAL]|this.isChecked|"01224000000Sn4NAAS"|0x4e1a5f6e
16:44:41.0 (26855880)|HEAP_ALLOCATE|[EXTERNAL]|Bytes:80
16:44:41.0 (26862129)|VARIABLE_SCOPE_BEGIN|[157]|this|NewDeliveredExtension|true|false
16:44:41.0 (26995729)|VARIABLE_ASSIGNMENT|[157]|this|{"detail":"0x5acaed60","isChecked":"01224000000Sn4NAAS","www":"0x4f5cd59d","wwwById":"0x4b95cc46"}|0x4e1a5f6e
16:44:41.0 (27002980)|STATEMENT_EXECUTE|[157]
16:44:41.0 (27005089)|STATEMENT_EXECUTE|[158]
16:44:41.0 (27130700)|VARIABLE_ASSIGNMENT|[EXTERNAL]|this|{"detail":"0x5acaed60","isChecked":"01224000000Sn4NAAS","www":"0x4f5cd59d","wwwById":"0x4b95cc46"}|0x4e1a5f6e
16:44:41.0 (27162564)|USER_DEBUG|[158]|DEBUG|01224000000Sn4NAAS
16:44:41.0 (27167870)|STATEMENT_EXECUTE|[159]
16:44:41.0 (27173408)|HEAP_ALLOCATE|[159]|Bytes:38
16:44:41.0 (27285109)|VARIABLE_ASSIGNMENT|[EXTERNAL]|this|{"detail":"0x5acaed60","isChecked":"01224000000Sn4NAAS","www":"0x4f5cd59d","wwwById":"0x4b95cc46"}|0x4e1a5f6e
16:44:41.0 (27313583)|HEAP_ALLOCATE|[159]|Bytes:18
16:44:41.0 (27325881)|HEAP_ALLOCATE|[159]|Bytes:56
16:44:41.0 (27358948)|VARIABLE_SCOPE_BEGIN|[159]|pr|System.PageReference|true|false
16:44:41.0 (27427878)|VARIABLE_ASSIGNMENT|[159]|pr|"/apex/New_delivered_detail?RecordType=01224000000Sn4NAAS"|0x1eaeba42
16:44:41.0 (27432112)|STATEMENT_EXECUTE|[160]
16:44:41.0 (27478407)|STATEMENT_EXECUTE|[161]
16:44:41.29 (29160952)|CUMULATIVE_LIMIT_USAGE
16:44:41.29 (29160952)|LIMIT_USAGE_FOR_NS|(default)|
  Number of SOQL queries: 1 out of 100
  Number of query rows: 5 out of 50000
  Number of SOSL queries: 0 out of 20
  Number of DML statements: 0 out of 150
  Number of DML rows: 0 out of 10000
  Maximum CPU time: 0 out of 10000
  Maximum heap size: 0 out of 6000000
  Number of callouts: 0 out of 100
  Number of Email Invocations: 0 out of 10
  Number of future calls: 0 out of 50
  Number of queueable jobs added to the queue: 0 out of 50
  Number of Mobile Apex push calls: 0 out of 10

16:44:41.29 (29160952)|CUMULATIVE_LIMIT_USAGE_END

16:44:41.0 (29190207)|CODE_UNIT_FINISHED|VF: /apex/ChoseRecordType
16:44:41.0 (29928500)|EXECUTION_FINISHED
