38.0 APEX_CODE,FINEST;APEX_PROFILING,INFO;CALLOUT,INFO;DB,INFO;SYSTEM,DEBUG;VALIDATION,INFO;VISUALFORCE,INFO;WAVE,INFO;WORKFLOW,INFO
17:07:34.0 (57448)|USER_INFO|[EXTERNAL]|00524000001e3Uj|bedrijfsbureau@gsa.nl.sandbox|Midden-Europese standaardtijd|GMT+01:00
17:07:34.0 (85876)|EXECUTION_STARTED
17:07:34.0 (89692)|CODE_UNIT_STARTED|[EXTERNAL]|06624000003h0Dg|VF: /apex/New_delivered_detail
17:07:34.0 (229145)|VF_DESERIALIZE_VIEWSTATE_BEGIN|06624000003h0Dg
17:07:34.0 (5154076)|HEAP_ALLOCATE|[72]|Bytes:3
17:07:34.0 (5195318)|HEAP_ALLOCATE|[77]|Bytes:152
17:07:34.0 (5210910)|HEAP_ALLOCATE|[342]|Bytes:408
17:07:34.0 (5224668)|HEAP_ALLOCATE|[355]|Bytes:408
17:07:34.0 (5237335)|HEAP_ALLOCATE|[467]|Bytes:48
17:07:34.0 (5261907)|HEAP_ALLOCATE|[139]|Bytes:6
17:07:34.0 (5297229)|HEAP_ALLOCATE|[50]|Bytes:5
17:07:34.0 (5317215)|HEAP_ALLOCATE|[56]|Bytes:5
17:07:34.0 (5323848)|HEAP_ALLOCATE|[64]|Bytes:7
17:07:34.0 (9909889)|VF_DESERIALIZE_VIEWSTATE_END
17:07:34.10 (10943373)|SYSTEM_MODE_ENTER|true
17:07:34.10 (11011856)|HEAP_ALLOCATE|[EXTERNAL]|Bytes:38
17:07:34.10 (11018685)|HEAP_ALLOCATE|[EXTERNAL]|Bytes:7
17:07:34.10 (11026690)|SYSTEM_METHOD_ENTRY|[1]|PageMessagesComponentController.PageMessagesComponentController()
17:07:34.10 (11030601)|STATEMENT_EXECUTE|[1]
17:07:34.11 (11774896)|SYSTEM_MODE_ENTER|true
17:07:34.11 (11821687)|HEAP_ALLOCATE|[EXTERNAL]|Bytes:8
17:07:34.11 (11827466)|VARIABLE_SCOPE_BEGIN|[88]|this|ApexPage.PageMessagesComponentController|true|false
17:07:34.11 (11861338)|VARIABLE_ASSIGNMENT|[88]|this|{}|0xf6d7f61
17:07:34.11 (11864147)|VARIABLE_SCOPE_BEGIN|[88]|escape|Boolean|false|false
17:07:34.11 (11869031)|VARIABLE_ASSIGNMENT|[88]|escape|null
17:07:34.0 (12080896)|SYSTEM_MODE_ENTER|true
17:07:34.0 (12275593)|HEAP_ALLOCATE|[EXTERNAL]|Bytes:11
17:07:34.0 (12285216)|HEAP_ALLOCATE|[EXTERNAL]|Bytes:408
17:07:34.0 (12288197)|HEAP_ALLOCATE|[EXTERNAL]|Bytes:120
17:07:34.0 (12290502)|HEAP_ALLOCATE|[EXTERNAL]|Bytes:120
17:07:34.0 (12297658)|METHOD_ENTRY|[1]|01p2400000DUtXT|NewDeliveredExtension.NewDeliveredExtension()
17:07:34.0 (12300244)|STATEMENT_EXECUTE|[1]
17:07:34.0 (12303871)|STATEMENT_EXECUTE|[1]
17:07:34.0 (12305140)|STATEMENT_EXECUTE|[543]
17:07:34.0 (12308676)|METHOD_EXIT|[1]|NewDeliveredExtension
17:07:34.0 (12312665)|HEAP_ALLOCATE|[EXTERNAL]|Bytes:80
17:07:34.0 (12373610)|VARIABLE_ASSIGNMENT|[EXTERNAL]|this|{"delToHub":false,"delToProj":true,"detail":"0x605b5eea","invoked":false,"rejected":false,"reserved":false,"selectedTime4":"8:00","sublocations1":"0x206177e2","www":"0x13173092","wwwById":"0x6dbe4dc7"}|0x217256fa
17:07:34.0 (12379945)|STATEMENT_EXECUTE|[196]
17:07:34.0 (12384409)|STATEMENT_EXECUTE|[197]
17:07:34.0 (12386227)|STATEMENT_EXECUTE|[200]
17:07:34.0 (12456322)|SYSTEM_MODE_ENTER|true
17:07:34.0 (12477391)|HEAP_ALLOCATE|[EXTERNAL]|Bytes:80
17:07:34.0 (12516228)|VARIABLE_ASSIGNMENT|[EXTERNAL]|this|{"delToHub":false,"delToProj":true,"detail":"0x605b5eea","invoked":false,"rejected":false,"reserved":false,"selectedTime4":"8:00","sublocations1":"0x206177e2","www":"0x13173092","wwwById":"0x6dbe4dc7"}|0x217256fa
17:07:34.0 (12521816)|STATEMENT_EXECUTE|[229]
17:07:34.0 (12525334)|STATEMENT_EXECUTE|[230]
17:07:34.0 (12526489)|STATEMENT_EXECUTE|[233]
17:07:34.0 (12574872)|SYSTEM_MODE_ENTER|true
17:07:34.0 (12592206)|HEAP_ALLOCATE|[EXTERNAL]|Bytes:80
17:07:34.0 (12627137)|VARIABLE_ASSIGNMENT|[EXTERNAL]|this|{"delToHub":false,"delToProj":true,"detail":"0x605b5eea","invoked":false,"rejected":false,"reserved":false,"selectedTime4":"8:00","sublocations1":"0x206177e2","www":"0x13173092","wwwById":"0x6dbe4dc7"}|0x217256fa
17:07:34.0 (12632028)|STATEMENT_EXECUTE|[204]
17:07:34.0 (12634907)|STATEMENT_EXECUTE|[205]
17:07:34.0 (12636180)|STATEMENT_EXECUTE|[208]
17:07:34.0 (12678042)|SYSTEM_MODE_ENTER|true
17:07:34.0 (12694169)|HEAP_ALLOCATE|[EXTERNAL]|Bytes:80
17:07:34.0 (12732406)|VARIABLE_ASSIGNMENT|[EXTERNAL]|this|{"delToHub":false,"delToProj":true,"detail":"0x605b5eea","invoked":false,"rejected":false,"reserved":false,"selectedTime4":"8:00","sublocations1":"0x206177e2","www":"0x13173092","wwwById":"0x6dbe4dc7"}|0x217256fa
17:07:34.0 (12737196)|STATEMENT_EXECUTE|[220]
17:07:34.0 (12739799)|STATEMENT_EXECUTE|[221]
17:07:34.0 (12740912)|STATEMENT_EXECUTE|[224]
17:07:34.0 (12838229)|SYSTEM_MODE_ENTER|true
17:07:34.0 (12857966)|HEAP_ALLOCATE|[EXTERNAL]|Bytes:80
17:07:34.0 (12893212)|VARIABLE_ASSIGNMENT|[EXTERNAL]|this|{"delToHub":false,"delToProj":true,"detail":"0x605b5eea","invoked":false,"rejected":false,"reserved":false,"selectedTime4":"8:00","sublocations1":"0x206177e2","www":"0x13173092","wwwById":"0x6dbe4dc7"}|0x217256fa
17:07:34.0 (12898042)|STATEMENT_EXECUTE|[3]
17:07:34.0 (12901065)|STATEMENT_EXECUTE|[4]
17:07:34.0 (12902390)|STATEMENT_EXECUTE|[9]
17:07:34.0 (20369498)|SYSTEM_MODE_ENTER|true
17:07:34.0 (20423772)|HEAP_ALLOCATE|[EXTERNAL]|Bytes:80
17:07:34.0 (20503059)|VARIABLE_ASSIGNMENT|[EXTERNAL]|this|{"delToHub":false,"delToProj":true,"detail":"0x605b5eea","invoked":false,"rejected":false,"reserved":false,"selectedTime4":"8:00","sublocations1":"0x206177e2","www":"0x13173092","wwwById":"0x6dbe4dc7"}|0x217256fa
17:07:34.0 (20515799)|STATEMENT_EXECUTE|[186]
17:07:34.0 (20523149)|STATEMENT_EXECUTE|[187]
17:07:34.0 (20525150)|STATEMENT_EXECUTE|[190]
17:07:34.0 (23863748)|SYSTEM_MODE_ENTER|true
17:07:34.0 (23892541)|HEAP_ALLOCATE|[EXTERNAL]|Bytes:80
17:07:34.0 (23945862)|VARIABLE_ASSIGNMENT|[EXTERNAL]|this|{"delToHub":false,"delToProj":true,"detail":"0x605b5eea","invoked":false,"rejected":false,"reserved":false,"selectedTime4":"8:00","sublocations1":"0x206177e2","www":"0x13173092","wwwById":"0x6dbe4dc7"}|0x217256fa
17:07:34.0 (23953628)|STATEMENT_EXECUTE|[212]
17:07:34.0 (23957879)|STATEMENT_EXECUTE|[213]
17:07:34.0 (23959567)|STATEMENT_EXECUTE|[216]
17:07:34.0 (24044614)|SYSTEM_MODE_ENTER|true
17:07:34.0 (24065744)|HEAP_ALLOCATE|[EXTERNAL]|Bytes:80
17:07:34.0 (24105033)|VARIABLE_ASSIGNMENT|[EXTERNAL]|this|{"delToHub":false,"delToProj":true,"detail":"0x605b5eea","invoked":false,"rejected":false,"reserved":false,"selectedTime4":"8:00","sublocations1":"0x206177e2","www":"0x13173092","wwwById":"0x6dbe4dc7"}|0x217256fa
17:07:34.0 (24111252)|STATEMENT_EXECUTE|[21]
17:07:34.0 (24114324)|STATEMENT_EXECUTE|[22]
17:07:34.0 (24115464)|STATEMENT_EXECUTE|[26]
17:07:34.0 (34104359)|SYSTEM_MODE_ENTER|true
17:07:34.0 (34159789)|HEAP_ALLOCATE|[EXTERNAL]|Bytes:80
17:07:34.0 (34169844)|VARIABLE_SCOPE_BEGIN|[285]|this|NewDeliveredExtension|true|false
17:07:34.0 (34241486)|VARIABLE_ASSIGNMENT|[285]|this|{"delToHub":false,"delToProj":true,"detail":"0x605b5eea","invoked":false,"rejected":false,"reserved":false,"selectedTime4":"8:00","sublocations1":"0x206177e2","www":"0x13173092","wwwById":"0x6dbe4dc7"}|0x217256fa
17:07:34.0 (34255380)|STATEMENT_EXECUTE|[285]
17:07:34.0 (34257666)|STATEMENT_EXECUTE|[286]
17:07:34.0 (34359128)|VARIABLE_ASSIGNMENT|[EXTERNAL]|this|{"delToHub":false,"delToProj":true,"detail":"0x605b5eea","invoked":false,"rejected":false,"reserved":false,"selectedTime4":"8:00","sublocations1":"0x206177e2","www":"0x13173092","wwwById":"0x6dbe4dc7"}|0x217256fa
17:07:34.0 (34366565)|STATEMENT_EXECUTE|[21]
17:07:34.0 (34370768)|STATEMENT_EXECUTE|[22]
17:07:34.0 (34372485)|STATEMENT_EXECUTE|[26]
17:07:34.0 (34489647)|HEAP_ALLOCATE|[286]|Bytes:18
17:07:34.0 (34502942)|HEAP_ALLOCATE|[286]|Bytes:16
17:07:34.0 (34513847)|HEAP_ALLOCATE|[286]|Bytes:34
17:07:34.0 (34541902)|USER_DEBUG|[286]|DEBUG|a0t0E0000004UUSQA2 Delivered_2_Hub
17:07:34.0 (34549216)|STATEMENT_EXECUTE|[287]
17:07:34.0 (34557952)|HEAP_ALLOCATE|[287]|Bytes:4
17:07:34.0 (34588365)|VARIABLE_SCOPE_BEGIN|[287]|options|List<System.SelectOption>|true|false
17:07:34.0 (34617535)|HEAP_ALLOCATE|[EXTERNAL]|Bytes:4
17:07:34.0 (34628571)|VARIABLE_ASSIGNMENT|[287]|options|[]|0x7676b526
17:07:34.0 (34678853)|VARIABLE_ASSIGNMENT|[EXTERNAL]|this|{"delToHub":false,"delToProj":true,"detail":"0x605b5eea","invoked":false,"rejected":false,"reserved":false,"selectedTime4":"8:00","sublocations1":"0x206177e2","www":"0x13173092","wwwById":"0x6dbe4dc7"}|0x217256fa
17:07:34.0 (34682733)|STATEMENT_EXECUTE|[21]
17:07:34.0 (34684814)|STATEMENT_EXECUTE|[22]
17:07:34.0 (34685842)|STATEMENT_EXECUTE|[26]
17:07:34.0 (34722978)|VARIABLE_ASSIGNMENT|[EXTERNAL]|this|{"delToHub":false,"delToProj":true,"detail":"0x605b5eea","invoked":false,"rejected":false,"reserved":false,"selectedTime4":"8:00","sublocations1":"0x206177e2","www":"0x13173092","wwwById":"0x6dbe4dc7"}|0x217256fa
17:07:34.0 (34725687)|STATEMENT_EXECUTE|[21]
17:07:34.0 (34727114)|STATEMENT_EXECUTE|[22]
17:07:34.0 (34728188)|STATEMENT_EXECUTE|[26]
17:07:34.0 (34740836)|STATEMENT_EXECUTE|[290]
17:07:34.0 (34742133)|STATEMENT_EXECUTE|[291]
17:07:34.0 (34744730)|HEAP_ALLOCATE|[291]|Bytes:134
17:07:34.0 (34754213)|HEAP_ALLOCATE|[291]|Bytes:4
17:07:34.0 (34763042)|HEAP_ALLOCATE|[291]|Bytes:7
17:07:34.0 (34801566)|VARIABLE_ASSIGNMENT|[EXTERNAL]|this|{"delToHub":false,"delToProj":true,"detail":"0x605b5eea","invoked":false,"rejected":false,"reserved":false,"selectedTime4":"8:00","sublocations1":"0x206177e2","www":"0x13173092","wwwById":"0x6dbe4dc7"}|0x217256fa
17:07:34.0 (34804929)|STATEMENT_EXECUTE|[21]
17:07:34.0 (34806536)|STATEMENT_EXECUTE|[22]
17:07:34.0 (34807563)|STATEMENT_EXECUTE|[26]
17:07:34.0 (35486782)|SOQL_EXECUTE_BEGIN|[291]|Aggregations:0|SELECT Id, Location__c, Location__r.Name FROM WWW_detail__c WHERE (WWW__c = :tmpVar1 AND RecordType.DeveloperName = 'Delivered_2_Hub')
17:07:34.0 (40353570)|SOQL_EXECUTE_END|[291]|Rows:1
17:07:34.0 (40374700)|HEAP_ALLOCATE|[291]|Bytes:8
17:07:34.0 (40394866)|HEAP_ALLOCATE|[291]|Bytes:185
17:07:34.0 (40471421)|HEAP_ALLOCATE|[291]|Bytes:8
17:07:34.0 (40483099)|VARIABLE_SCOPE_BEGIN|[291]|detailsDelToHub|List<WWW_Detail__c>|true|false
17:07:34.0 (40507956)|VARIABLE_ASSIGNMENT|[291]|detailsDelToHub|[{"Id":"a0s0E0000004KQJQA2","Location__c":"a0B0E0000009YBFUA2","RecordTypeId":"01224000000Sn4MAAS","Location__r":{"Name":"1Q2W","Id":"a0B0E0000009YBFUA2","RecordTypeId":"01224000000B1zdAAC"}}]|0x18520684
17:07:34.0 (40512024)|STATEMENT_EXECUTE|[294]
17:07:34.0 (40520871)|HEAP_ALLOCATE|[294]|Bytes:4
17:07:34.0 (40532312)|VARIABLE_SCOPE_BEGIN|[294]|locationsMap|Map<String,String>|true|false
17:07:34.0 (40542337)|VARIABLE_ASSIGNMENT|[294]|locationsMap|{}|0x5832d2f
17:07:34.0 (40721086)|HEAP_ALLOCATE|[295]|Bytes:5
17:07:34.0 (40759039)|HEAP_ALLOCATE|[295]|Bytes:20
17:07:34.0 (40767227)|VARIABLE_SCOPE_BEGIN|[295]|det|WWW_Detail__c|true|false
17:07:34.0 (40794318)|VARIABLE_ASSIGNMENT|[295]|det|{"Id":"a0s0E0000004KQJQA2","Location__c":"a0B0E0000009YBFUA2","RecordTypeId":"01224000000Sn4MAAS","Location__r":{"Name":"1Q2W","Id":"a0B0E0000009YBFUA2","RecordTypeId":"01224000000B1zdAAC"}}|0x25cfe8fb
17:07:34.0 (40798579)|STATEMENT_EXECUTE|[295]
17:07:34.0 (40826609)|STATEMENT_EXECUTE|[296]
17:07:34.0 (40829080)|STATEMENT_EXECUTE|[298]
17:07:34.0 (40965729)|HEAP_ALLOCATE|[EXTERNAL]|Bytes:-4
17:07:34.0 (40983875)|HEAP_ALLOCATE|[295]|Bytes:5
17:07:34.0 (40996727)|VARIABLE_ASSIGNMENT|[295]|det|null|
17:07:34.0 (41000767)|STATEMENT_EXECUTE|[302]
17:07:34.0 (41082471)|HEAP_ALLOCATE|[EXTERNAL]|Bytes:4
17:07:34.0 (41098188)|HEAP_ALLOCATE|[303]|Bytes:4
17:07:34.0 (41173930)|HEAP_ALLOCATE|[303]|Bytes:26
17:07:34.0 (41192367)|HEAP_ALLOCATE|[303]|Bytes:4
17:07:34.0 (41215596)|HEAP_ALLOCATE|[303]|Bytes:5
17:07:34.0 (41228997)|VARIABLE_SCOPE_BEGIN|[303]|lcId|String|false|false
17:07:34.0 (41238012)|VARIABLE_ASSIGNMENT|[303]|lcId|"a0B0E0000009YBFUA2"
17:07:34.0 (41241691)|STATEMENT_EXECUTE|[304]
17:07:34.0 (41243511)|STATEMENT_EXECUTE|[305]
17:07:34.0 (41293487)|HEAP_ALLOCATE|[EXTERNAL]|Bytes:4
17:07:34.0 (41306405)|HEAP_ALLOCATE|[303]|Bytes:5
17:07:34.0 (41317630)|VARIABLE_ASSIGNMENT|[303]|lcId|null
17:07:34.0 (41321353)|STATEMENT_EXECUTE|[308]
17:07:34.0 (42234584)|HEAP_ALLOCATE|[EXTERNAL]|Bytes:112
17:07:34.0 (42246246)|HEAP_ALLOCATE|[EXTERNAL]|Bytes:11
17:07:34.0 (43260176)|SYSTEM_MODE_ENTER|true
17:07:34.0 (43313595)|HEAP_ALLOCATE|[EXTERNAL]|Bytes:80
17:07:34.0 (43327025)|VARIABLE_SCOPE_BEGIN|[48]|this|NewDeliveredExtension|true|false
17:07:34.0 (43393575)|VARIABLE_ASSIGNMENT|[48]|this|{"delToHub":false,"delToProj":true,"detail":"0x605b5eea","invoked":false,"rejected":false,"reserved":false,"selectedTime4":"8:00","sublocations1":"0x206177e2","www":"0x13173092","wwwById":"0x6dbe4dc7"}|0x217256fa
17:07:34.0 (43404085)|STATEMENT_EXECUTE|[48]
17:07:34.0 (43406263)|STATEMENT_EXECUTE|[49]
17:07:34.0 (43411898)|HEAP_ALLOCATE|[49]|Bytes:4
17:07:34.0 (43438349)|VARIABLE_SCOPE_BEGIN|[49]|options|List<System.SelectOption>|true|false
17:07:34.0 (43456812)|HEAP_ALLOCATE|[EXTERNAL]|Bytes:4
17:07:34.0 (43465160)|VARIABLE_ASSIGNMENT|[49]|options|[]|0x60caa93b
17:07:34.0 (43468981)|STATEMENT_EXECUTE|[50]
17:07:34.0 (43475331)|VARIABLE_SCOPE_BEGIN|[50]|i|Integer|false|false
17:07:34.0 (43479976)|HEAP_ALLOCATE|[50]|Bytes:4
17:07:34.0 (43485919)|VARIABLE_ASSIGNMENT|[50]|i|0
17:07:34.0 (43492484)|STATEMENT_EXECUTE|[50]
17:07:34.0 (43494473)|STATEMENT_EXECUTE|[51]
17:07:34.0 (43497007)|VARIABLE_SCOPE_BEGIN|[51]|j|Integer|false|false
17:07:34.0 (43499736)|HEAP_ALLOCATE|[51]|Bytes:4
17:07:34.0 (43503674)|VARIABLE_ASSIGNMENT|[51]|j|0
17:07:34.0 (43506766)|STATEMENT_EXECUTE|[51]
17:07:34.0 (43509765)|STATEMENT_EXECUTE|[52]
17:07:34.0 (43511351)|STATEMENT_EXECUTE|[53]
17:07:34.0 (43556669)|HEAP_ALLOCATE|[53]|Bytes:1
17:07:34.0 (43568811)|HEAP_ALLOCATE|[53]|Bytes:2
17:07:34.0 (43578321)|HEAP_ALLOCATE|[53]|Bytes:1
17:07:34.0 (43594301)|HEAP_ALLOCATE|[53]|Bytes:4
17:07:34.0 (43602581)|HEAP_ALLOCATE|[53]|Bytes:1
17:07:34.0 (43614086)|HEAP_ALLOCATE|[53]|Bytes:1
17:07:34.0 (43622602)|HEAP_ALLOCATE|[53]|Bytes:4
17:07:34.0 (43646227)|HEAP_ALLOCATE|[EXTERNAL]|Bytes:4
17:07:34.0 (43654797)|HEAP_ALLOCATE|[51]|Bytes:4
17:07:34.0 (43661117)|VARIABLE_ASSIGNMENT|[51]|j|30
17:07:34.0 (43665384)|STATEMENT_EXECUTE|[51]
17:07:34.0 (43667828)|STATEMENT_EXECUTE|[54]
17:07:34.0 (43669559)|STATEMENT_EXECUTE|[55]
17:07:34.0 (43690875)|HEAP_ALLOCATE|[55]|Bytes:1
17:07:34.0 (43705771)|HEAP_ALLOCATE|[55]|Bytes:1
17:07:34.0 (43714463)|HEAP_ALLOCATE|[55]|Bytes:2
17:07:34.0 (43723509)|HEAP_ALLOCATE|[55]|Bytes:4
17:07:34.0 (43731227)|HEAP_ALLOCATE|[55]|Bytes:1
17:07:34.0 (43742975)|HEAP_ALLOCATE|[55]|Bytes:2
17:07:34.0 (43750942)|HEAP_ALLOCATE|[55]|Bytes:4
17:07:34.0 (43767888)|HEAP_ALLOCATE|[EXTERNAL]|Bytes:4
17:07:34.0 (43774608)|HEAP_ALLOCATE|[51]|Bytes:4
17:07:34.0 (43780062)|VARIABLE_ASSIGNMENT|[51]|j|60
17:07:34.0 (43784981)|HEAP_ALLOCATE|[50]|Bytes:4
17:07:34.0 (43788845)|VARIABLE_ASSIGNMENT|[50]|i|1
17:07:34.0 (43792154)|STATEMENT_EXECUTE|[50]
17:07:34.0 (43794377)|STATEMENT_EXECUTE|[51]
17:07:34.0 (43797258)|VARIABLE_SCOPE_BEGIN|[51]|j|Integer|false|false
17:07:34.0 (43800070)|HEAP_ALLOCATE|[51]|Bytes:4
17:07:34.0 (43803853)|VARIABLE_ASSIGNMENT|[51]|j|0
17:07:34.0 (43806316)|STATEMENT_EXECUTE|[51]
17:07:34.0 (43808455)|STATEMENT_EXECUTE|[52]
17:07:34.0 (43809994)|STATEMENT_EXECUTE|[53]
17:07:34.0 (43820216)|HEAP_ALLOCATE|[53]|Bytes:1
17:07:34.0 (43832438)|HEAP_ALLOCATE|[53]|Bytes:1
17:07:34.0 (43840569)|HEAP_ALLOCATE|[53]|Bytes:4
17:07:34.0 (43847895)|HEAP_ALLOCATE|[53]|Bytes:1
17:07:34.0 (43858859)|HEAP_ALLOCATE|[53]|Bytes:1
17:07:34.0 (43866786)|HEAP_ALLOCATE|[53]|Bytes:4
17:07:34.0 (43874725)|HEAP_ALLOCATE|[EXTERNAL]|Bytes:4
17:07:34.0 (43880370)|HEAP_ALLOCATE|[51]|Bytes:4
17:07:34.0 (43884868)|VARIABLE_ASSIGNMENT|[51]|j|30
17:07:34.0 (43888008)|STATEMENT_EXECUTE|[51]
17:07:34.0 (43890250)|STATEMENT_EXECUTE|[54]
17:07:34.0 (43891863)|STATEMENT_EXECUTE|[55]
17:07:34.0 (43900465)|HEAP_ALLOCATE|[55]|Bytes:1
17:07:34.0 (43912288)|HEAP_ALLOCATE|[55]|Bytes:2
17:07:34.0 (43920020)|HEAP_ALLOCATE|[55]|Bytes:4
17:07:34.0 (43927335)|HEAP_ALLOCATE|[55]|Bytes:1
17:07:34.0 (43938517)|HEAP_ALLOCATE|[55]|Bytes:2
17:07:34.0 (43946081)|HEAP_ALLOCATE|[55]|Bytes:4
17:07:34.0 (43952745)|HEAP_ALLOCATE|[EXTERNAL]|Bytes:4
17:07:34.0 (43957886)|HEAP_ALLOCATE|[51]|Bytes:4
17:07:34.0 (43962075)|VARIABLE_ASSIGNMENT|[51]|j|60
17:07:34.0 (43965382)|HEAP_ALLOCATE|[50]|Bytes:4
17:07:34.0 (43968908)|VARIABLE_ASSIGNMENT|[50]|i|2
17:07:34.0 (43971648)|STATEMENT_EXECUTE|[50]
17:07:34.0 (43973544)|STATEMENT_EXECUTE|[51]
17:07:34.0 (43976130)|VARIABLE_SCOPE_BEGIN|[51]|j|Integer|false|false
17:07:34.0 (43978877)|HEAP_ALLOCATE|[51]|Bytes:4
17:07:34.0 (43982429)|VARIABLE_ASSIGNMENT|[51]|j|0
17:07:34.0 (43984865)|STATEMENT_EXECUTE|[51]
17:07:34.0 (43986987)|STATEMENT_EXECUTE|[52]
17:07:34.0 (43988544)|STATEMENT_EXECUTE|[53]
17:07:34.0 (43997569)|HEAP_ALLOCATE|[53]|Bytes:1
17:07:34.0 (44009146)|HEAP_ALLOCATE|[53]|Bytes:1
17:07:34.0 (44017719)|HEAP_ALLOCATE|[53]|Bytes:4
17:07:34.0 (44025061)|HEAP_ALLOCATE|[53]|Bytes:1
17:07:34.0 (44036459)|HEAP_ALLOCATE|[53]|Bytes:1
17:07:34.0 (44044087)|HEAP_ALLOCATE|[53]|Bytes:4
17:07:34.0 (44051250)|HEAP_ALLOCATE|[EXTERNAL]|Bytes:4
17:07:34.0 (44056597)|HEAP_ALLOCATE|[51]|Bytes:4
17:07:34.0 (44060913)|VARIABLE_ASSIGNMENT|[51]|j|30
17:07:34.0 (44063766)|STATEMENT_EXECUTE|[51]
17:07:34.0 (44065911)|STATEMENT_EXECUTE|[54]
17:07:34.0 (44067449)|STATEMENT_EXECUTE|[55]
17:07:34.0 (44076052)|HEAP_ALLOCATE|[55]|Bytes:1
17:07:34.0 (44087696)|HEAP_ALLOCATE|[55]|Bytes:2
17:07:34.0 (44095382)|HEAP_ALLOCATE|[55]|Bytes:4
17:07:34.0 (44102780)|HEAP_ALLOCATE|[55]|Bytes:1
17:07:34.0 (44114504)|HEAP_ALLOCATE|[55]|Bytes:2
17:07:34.0 (44122032)|HEAP_ALLOCATE|[55]|Bytes:4
17:07:34.0 (44128941)|HEAP_ALLOCATE|[EXTERNAL]|Bytes:4
17:07:34.0 (44134048)|HEAP_ALLOCATE|[51]|Bytes:4
17:07:34.0 (44138128)|VARIABLE_ASSIGNMENT|[51]|j|60
17:07:34.0 (44141196)|HEAP_ALLOCATE|[50]|Bytes:4
17:07:34.0 (44144735)|VARIABLE_ASSIGNMENT|[50]|i|3
17:07:34.0 (44147504)|STATEMENT_EXECUTE|[50]
17:07:34.0 (44149481)|STATEMENT_EXECUTE|[51]
17:07:34.0 (44152005)|VARIABLE_SCOPE_BEGIN|[51]|j|Integer|false|false
17:07:34.0 (44154474)|HEAP_ALLOCATE|[51]|Bytes:4
17:07:34.0 (44158113)|VARIABLE_ASSIGNMENT|[51]|j|0
17:07:34.0 (44160565)|STATEMENT_EXECUTE|[51]
17:07:34.0 (44162626)|STATEMENT_EXECUTE|[52]
17:07:34.0 (44164193)|STATEMENT_EXECUTE|[53]
17:07:34.0 (44172856)|HEAP_ALLOCATE|[53]|Bytes:1
17:07:34.0 (44184369)|HEAP_ALLOCATE|[53]|Bytes:1
17:07:34.0 (44192143)|HEAP_ALLOCATE|[53]|Bytes:4
17:07:34.0 (44199393)|HEAP_ALLOCATE|[53]|Bytes:1
17:07:34.0 (44210460)|HEAP_ALLOCATE|[53]|Bytes:1
17:07:34.0 (44217935)|HEAP_ALLOCATE|[53]|Bytes:4
17:07:34.0 (44224832)|HEAP_ALLOCATE|[EXTERNAL]|Bytes:4
17:07:34.0 (44230049)|HEAP_ALLOCATE|[51]|Bytes:4
17:07:34.0 (44234330)|VARIABLE_ASSIGNMENT|[51]|j|30
17:07:34.0 (44237094)|STATEMENT_EXECUTE|[51]
17:07:34.0 (44239224)|STATEMENT_EXECUTE|[54]
17:07:34.0 (44240767)|STATEMENT_EXECUTE|[55]
17:07:34.0 (44249206)|HEAP_ALLOCATE|[55]|Bytes:1
17:07:34.0 (44261070)|HEAP_ALLOCATE|[55]|Bytes:2
17:07:34.0 (44268863)|HEAP_ALLOCATE|[55]|Bytes:4
17:07:34.0 (44276256)|HEAP_ALLOCATE|[55]|Bytes:1
17:07:34.0 (44287444)|HEAP_ALLOCATE|[55]|Bytes:2
17:07:34.0 (44295094)|HEAP_ALLOCATE|[55]|Bytes:4
17:07:34.0 (44301823)|HEAP_ALLOCATE|[EXTERNAL]|Bytes:4
17:07:34.0 (44306883)|HEAP_ALLOCATE|[51]|Bytes:4
17:07:34.0 (44311107)|VARIABLE_ASSIGNMENT|[51]|j|60
17:07:34.0 (44314197)|HEAP_ALLOCATE|[50]|Bytes:4
17:07:34.0 (44317647)|VARIABLE_ASSIGNMENT|[50]|i|4
17:07:34.0 (44320398)|STATEMENT_EXECUTE|[50]
17:07:34.0 (44322329)|STATEMENT_EXECUTE|[51]
17:07:34.0 (44324871)|VARIABLE_SCOPE_BEGIN|[51]|j|Integer|false|false
17:07:34.0 (44327541)|HEAP_ALLOCATE|[51]|Bytes:4
17:07:34.0 (44331111)|VARIABLE_ASSIGNMENT|[51]|j|0
17:07:34.0 (44333623)|STATEMENT_EXECUTE|[51]
17:07:34.0 (44335685)|STATEMENT_EXECUTE|[52]
17:07:34.0 (44337231)|STATEMENT_EXECUTE|[53]
17:07:34.0 (44345976)|HEAP_ALLOCATE|[53]|Bytes:1
17:07:34.0 (44357307)|HEAP_ALLOCATE|[53]|Bytes:1
17:07:34.0 (44365125)|HEAP_ALLOCATE|[53]|Bytes:4
17:07:34.0 (44372531)|HEAP_ALLOCATE|[53]|Bytes:1
17:07:34.0 (44383535)|HEAP_ALLOCATE|[53]|Bytes:1
17:07:34.0 (44390993)|HEAP_ALLOCATE|[53]|Bytes:4
17:07:34.0 (44397968)|HEAP_ALLOCATE|[EXTERNAL]|Bytes:4
17:07:34.0 (44403355)|HEAP_ALLOCATE|[51]|Bytes:4
17:07:34.0 (44407629)|VARIABLE_ASSIGNMENT|[51]|j|30
17:07:34.0 (44410406)|STATEMENT_EXECUTE|[51]
17:07:34.0 (44412605)|STATEMENT_EXECUTE|[54]
17:07:34.0 (44414148)|STATEMENT_EXECUTE|[55]
17:07:34.0 (44422756)|HEAP_ALLOCATE|[55]|Bytes:1
17:07:34.0 (44434639)|HEAP_ALLOCATE|[55]|Bytes:2
17:07:34.0 (44442339)|HEAP_ALLOCATE|[55]|Bytes:4
17:07:34.0 (44449714)|HEAP_ALLOCATE|[55]|Bytes:1
17:07:34.0 (44461236)|HEAP_ALLOCATE|[55]|Bytes:2
17:07:34.0 (44468781)|HEAP_ALLOCATE|[55]|Bytes:4
17:07:34.0 (44475685)|HEAP_ALLOCATE|[EXTERNAL]|Bytes:4
17:07:34.0 (44480970)|HEAP_ALLOCATE|[51]|Bytes:4
17:07:34.0 (44485123)|VARIABLE_ASSIGNMENT|[51]|j|60
17:07:34.0 (44488184)|HEAP_ALLOCATE|[50]|Bytes:4
17:07:34.0 (44491709)|VARIABLE_ASSIGNMENT|[50]|i|5
17:07:34.0 (44494324)|STATEMENT_EXECUTE|[50]
17:07:34.0 (44496196)|STATEMENT_EXECUTE|[51]
17:07:34.0 (44498684)|VARIABLE_SCOPE_BEGIN|[51]|j|Integer|false|false
17:07:34.0 (44501101)|HEAP_ALLOCATE|[51]|Bytes:4
17:07:34.0 (44504676)|VARIABLE_ASSIGNMENT|[51]|j|0
17:07:34.0 (44507018)|STATEMENT_EXECUTE|[51]
17:07:34.0 (44509039)|STATEMENT_EXECUTE|[52]
17:07:34.0 (44510539)|STATEMENT_EXECUTE|[53]
17:07:34.0 (44519456)|HEAP_ALLOCATE|[53]|Bytes:1
17:07:34.0 (44531056)|HEAP_ALLOCATE|[53]|Bytes:1
17:07:34.0 (44538672)|HEAP_ALLOCATE|[53]|Bytes:4
17:07:34.0 (44545913)|HEAP_ALLOCATE|[53]|Bytes:1
17:07:34.0 (44556818)|HEAP_ALLOCATE|[53]|Bytes:1
17:07:34.0 (44564392)|HEAP_ALLOCATE|[53]|Bytes:4
17:07:34.0 (44571439)|HEAP_ALLOCATE|[EXTERNAL]|Bytes:4
17:07:34.0 (44577085)|HEAP_ALLOCATE|[51]|Bytes:4
17:07:34.0 (44581151)|VARIABLE_ASSIGNMENT|[51]|j|30
17:07:34.0 (44583949)|STATEMENT_EXECUTE|[51]
17:07:34.0 (44586873)|STATEMENT_EXECUTE|[54]
17:07:34.0 (44588412)|STATEMENT_EXECUTE|[55]
17:07:34.0 (44596784)|HEAP_ALLOCATE|[55]|Bytes:1
17:07:34.0 (44608555)|HEAP_ALLOCATE|[55]|Bytes:2
17:07:34.0 (44616261)|HEAP_ALLOCATE|[55]|Bytes:4
17:07:34.0 (44623855)|HEAP_ALLOCATE|[55]|Bytes:1
17:07:34.0 (44667232)|HEAP_ALLOCATE|[55]|Bytes:2
17:07:34.0 (44685545)|HEAP_ALLOCATE|[55]|Bytes:4
17:07:34.0 (44699474)|HEAP_ALLOCATE|[EXTERNAL]|Bytes:4
17:07:34.0 (44707158)|HEAP_ALLOCATE|[51]|Bytes:4
17:07:34.0 (44717021)|VARIABLE_ASSIGNMENT|[51]|j|60
17:07:34.0 (44722567)|HEAP_ALLOCATE|[50]|Bytes:4
17:07:34.0 (44725790)|VARIABLE_ASSIGNMENT|[50]|i|6
17:07:34.0 (44729040)|STATEMENT_EXECUTE|[50]
17:07:34.0 (44731156)|STATEMENT_EXECUTE|[51]
17:07:34.0 (44733756)|VARIABLE_SCOPE_BEGIN|[51]|j|Integer|false|false
17:07:34.0 (44736735)|HEAP_ALLOCATE|[51]|Bytes:4
17:07:34.0 (44739244)|VARIABLE_ASSIGNMENT|[51]|j|0
17:07:34.0 (44740997)|STATEMENT_EXECUTE|[51]
17:07:34.0 (44742679)|STATEMENT_EXECUTE|[52]
17:07:34.0 (44743622)|STATEMENT_EXECUTE|[53]
17:07:34.0 (44756205)|HEAP_ALLOCATE|[53]|Bytes:1
17:07:34.0 (44765852)|HEAP_ALLOCATE|[53]|Bytes:1
17:07:34.0 (44771332)|HEAP_ALLOCATE|[53]|Bytes:4
17:07:34.0 (44776201)|HEAP_ALLOCATE|[53]|Bytes:1
17:07:34.0 (44783268)|HEAP_ALLOCATE|[53]|Bytes:1
17:07:34.0 (44788053)|HEAP_ALLOCATE|[53]|Bytes:4
17:07:34.0 (44794320)|HEAP_ALLOCATE|[EXTERNAL]|Bytes:4
17:07:34.0 (44798610)|HEAP_ALLOCATE|[51]|Bytes:4
17:07:34.0 (44801799)|VARIABLE_ASSIGNMENT|[51]|j|30
17:07:34.0 (44803841)|STATEMENT_EXECUTE|[51]
17:07:34.0 (44805224)|STATEMENT_EXECUTE|[54]
17:07:34.0 (44806185)|STATEMENT_EXECUTE|[55]
17:07:34.0 (44812367)|HEAP_ALLOCATE|[55]|Bytes:1
17:07:34.0 (44819977)|HEAP_ALLOCATE|[55]|Bytes:2
17:07:34.0 (44825024)|HEAP_ALLOCATE|[55]|Bytes:4
17:07:34.0 (44829777)|HEAP_ALLOCATE|[55]|Bytes:1
17:07:34.0 (44836921)|HEAP_ALLOCATE|[55]|Bytes:2
17:07:34.0 (44841785)|HEAP_ALLOCATE|[55]|Bytes:4
17:07:34.0 (44846380)|HEAP_ALLOCATE|[EXTERNAL]|Bytes:4
17:07:34.0 (44849784)|HEAP_ALLOCATE|[51]|Bytes:4
17:07:34.0 (44852359)|VARIABLE_ASSIGNMENT|[51]|j|60
17:07:34.0 (44854571)|HEAP_ALLOCATE|[50]|Bytes:4
17:07:34.0 (44856798)|VARIABLE_ASSIGNMENT|[50]|i|7
17:07:34.0 (44858493)|STATEMENT_EXECUTE|[50]
17:07:34.0 (44859753)|STATEMENT_EXECUTE|[51]
17:07:34.0 (44861509)|VARIABLE_SCOPE_BEGIN|[51]|j|Integer|false|false
17:07:34.0 (44863548)|HEAP_ALLOCATE|[51]|Bytes:4
17:07:34.0 (44865762)|VARIABLE_ASSIGNMENT|[51]|j|0
17:07:34.0 (44867288)|STATEMENT_EXECUTE|[51]
17:07:34.0 (44868504)|STATEMENT_EXECUTE|[52]
17:07:34.0 (44869428)|STATEMENT_EXECUTE|[53]
17:07:34.0 (44874981)|HEAP_ALLOCATE|[53]|Bytes:1
17:07:34.0 (44882478)|HEAP_ALLOCATE|[53]|Bytes:1
17:07:34.0 (44887263)|HEAP_ALLOCATE|[53]|Bytes:4
17:07:34.0 (44891810)|HEAP_ALLOCATE|[53]|Bytes:1
17:07:34.0 (44898850)|HEAP_ALLOCATE|[53]|Bytes:1
17:07:34.0 (44903655)|HEAP_ALLOCATE|[53]|Bytes:4
17:07:34.0 (44908388)|HEAP_ALLOCATE|[EXTERNAL]|Bytes:4
17:07:34.0 (44911821)|HEAP_ALLOCATE|[51]|Bytes:4
17:07:34.0 (44914424)|VARIABLE_ASSIGNMENT|[51]|j|30
17:07:34.0 (44916070)|STATEMENT_EXECUTE|[51]
17:07:34.0 (44917462)|STATEMENT_EXECUTE|[54]
17:07:34.0 (44918380)|STATEMENT_EXECUTE|[55]
17:07:34.0 (44923632)|HEAP_ALLOCATE|[55]|Bytes:1
17:07:34.0 (44930920)|HEAP_ALLOCATE|[55]|Bytes:2
17:07:34.0 (44935872)|HEAP_ALLOCATE|[55]|Bytes:4
17:07:34.0 (44940516)|HEAP_ALLOCATE|[55]|Bytes:1
17:07:34.0 (44947437)|HEAP_ALLOCATE|[55]|Bytes:2
17:07:34.0 (44952349)|HEAP_ALLOCATE|[55]|Bytes:4
17:07:34.0 (44956592)|HEAP_ALLOCATE|[EXTERNAL]|Bytes:4
17:07:34.0 (44960210)|HEAP_ALLOCATE|[51]|Bytes:4
17:07:34.0 (44962683)|VARIABLE_ASSIGNMENT|[51]|j|60
17:07:34.0 (44964595)|HEAP_ALLOCATE|[50]|Bytes:4
17:07:34.0 (44966745)|VARIABLE_ASSIGNMENT|[50]|i|8
17:07:34.0 (44968342)|STATEMENT_EXECUTE|[50]
17:07:34.0 (44969463)|STATEMENT_EXECUTE|[51]
17:07:34.0 (44971006)|VARIABLE_SCOPE_BEGIN|[51]|j|Integer|false|false
17:07:34.0 (44972910)|HEAP_ALLOCATE|[51]|Bytes:4
17:07:34.0 (44975076)|VARIABLE_ASSIGNMENT|[51]|j|0
17:07:34.0 (44976542)|STATEMENT_EXECUTE|[51]
17:07:34.0 (44977770)|STATEMENT_EXECUTE|[52]
17:07:34.0 (44978695)|STATEMENT_EXECUTE|[53]
17:07:34.0 (44984091)|HEAP_ALLOCATE|[53]|Bytes:1
17:07:34.0 (44991609)|HEAP_ALLOCATE|[53]|Bytes:1
17:07:34.0 (44996549)|HEAP_ALLOCATE|[53]|Bytes:4
17:07:34.0 (45001125)|HEAP_ALLOCATE|[53]|Bytes:1
17:07:34.0 (45009235)|HEAP_ALLOCATE|[53]|Bytes:1
17:07:34.0 (45014005)|HEAP_ALLOCATE|[53]|Bytes:4
17:07:34.0 (45018716)|HEAP_ALLOCATE|[EXTERNAL]|Bytes:4
17:07:34.0 (45022199)|HEAP_ALLOCATE|[51]|Bytes:4
17:07:34.0 (45024736)|VARIABLE_ASSIGNMENT|[51]|j|30
17:07:34.0 (45026385)|STATEMENT_EXECUTE|[51]
17:07:34.0 (45027660)|STATEMENT_EXECUTE|[54]
17:07:34.0 (45028602)|STATEMENT_EXECUTE|[55]
17:07:34.0 (45033888)|HEAP_ALLOCATE|[55]|Bytes:1
17:07:34.0 (45041224)|HEAP_ALLOCATE|[55]|Bytes:2
17:07:34.0 (45046148)|HEAP_ALLOCATE|[55]|Bytes:4
17:07:34.0 (45050944)|HEAP_ALLOCATE|[55]|Bytes:1
17:07:34.0 (45057916)|HEAP_ALLOCATE|[55]|Bytes:2
17:07:34.0 (45063193)|HEAP_ALLOCATE|[55]|Bytes:4
17:07:34.0 (45067575)|HEAP_ALLOCATE|[EXTERNAL]|Bytes:4
17:07:34.0 (45070777)|HEAP_ALLOCATE|[51]|Bytes:4
17:07:34.0 (45073409)|VARIABLE_ASSIGNMENT|[51]|j|60
17:07:34.0 (45075431)|HEAP_ALLOCATE|[50]|Bytes:4
17:07:34.0 (45077577)|VARIABLE_ASSIGNMENT|[50]|i|9
17:07:34.0 (45079146)|STATEMENT_EXECUTE|[50]
17:07:34.0 (45080342)|STATEMENT_EXECUTE|[51]
17:07:34.0 (45081872)|VARIABLE_SCOPE_BEGIN|[51]|j|Integer|false|false
17:07:34.0 (45083451)|HEAP_ALLOCATE|[51]|Bytes:4
17:07:34.0 (45085660)|VARIABLE_ASSIGNMENT|[51]|j|0
17:07:34.0 (45087084)|STATEMENT_EXECUTE|[51]
17:07:34.0 (45088366)|STATEMENT_EXECUTE|[52]
17:07:34.0 (45089279)|STATEMENT_EXECUTE|[53]
17:07:34.0 (45094671)|HEAP_ALLOCATE|[53]|Bytes:1
17:07:34.0 (45101878)|HEAP_ALLOCATE|[53]|Bytes:1
17:07:34.0 (45106711)|HEAP_ALLOCATE|[53]|Bytes:4
17:07:34.0 (45111285)|HEAP_ALLOCATE|[53]|Bytes:1
17:07:34.0 (45118378)|HEAP_ALLOCATE|[53]|Bytes:1
17:07:34.0 (45123130)|HEAP_ALLOCATE|[53]|Bytes:4
17:07:34.0 (45127808)|HEAP_ALLOCATE|[EXTERNAL]|Bytes:4
17:07:34.0 (45131046)|HEAP_ALLOCATE|[51]|Bytes:4
17:07:34.0 (45133583)|VARIABLE_ASSIGNMENT|[51]|j|30
17:07:34.0 (45135301)|STATEMENT_EXECUTE|[51]
17:07:34.0 (45136523)|STATEMENT_EXECUTE|[54]
17:07:34.0 (45137444)|STATEMENT_EXECUTE|[55]
17:07:34.0 (45145648)|HEAP_ALLOCATE|[55]|Bytes:1
17:07:34.0 (45153052)|HEAP_ALLOCATE|[55]|Bytes:2
17:07:34.0 (45158010)|HEAP_ALLOCATE|[55]|Bytes:4
17:07:34.0 (45162749)|HEAP_ALLOCATE|[55]|Bytes:1
17:07:34.0 (45169724)|HEAP_ALLOCATE|[55]|Bytes:2
17:07:34.0 (45174582)|HEAP_ALLOCATE|[55]|Bytes:4
17:07:34.0 (45179055)|HEAP_ALLOCATE|[EXTERNAL]|Bytes:4
17:07:34.0 (45182258)|HEAP_ALLOCATE|[51]|Bytes:4
17:07:34.0 (45184910)|VARIABLE_ASSIGNMENT|[51]|j|60
17:07:34.0 (45186880)|HEAP_ALLOCATE|[50]|Bytes:4
17:07:34.0 (45188996)|VARIABLE_ASSIGNMENT|[50]|i|10
17:07:34.0 (45190527)|STATEMENT_EXECUTE|[50]
17:07:34.0 (45191617)|STATEMENT_EXECUTE|[51]
17:07:34.0 (45193167)|VARIABLE_SCOPE_BEGIN|[51]|j|Integer|false|false
17:07:34.0 (45194784)|HEAP_ALLOCATE|[51]|Bytes:4
17:07:34.0 (45197112)|VARIABLE_ASSIGNMENT|[51]|j|0
17:07:34.0 (45198477)|STATEMENT_EXECUTE|[51]
17:07:34.0 (45199719)|STATEMENT_EXECUTE|[52]
17:07:34.0 (45200649)|STATEMENT_EXECUTE|[53]
17:07:34.0 (45206187)|HEAP_ALLOCATE|[53]|Bytes:2
17:07:34.0 (45213523)|HEAP_ALLOCATE|[53]|Bytes:1
17:07:34.0 (45218400)|HEAP_ALLOCATE|[53]|Bytes:5
17:07:34.0 (45223051)|HEAP_ALLOCATE|[53]|Bytes:2
17:07:34.0 (45230042)|HEAP_ALLOCATE|[53]|Bytes:1
17:07:34.0 (45234698)|HEAP_ALLOCATE|[53]|Bytes:5
17:07:34.0 (45239019)|HEAP_ALLOCATE|[EXTERNAL]|Bytes:4
17:07:34.0 (45242297)|HEAP_ALLOCATE|[51]|Bytes:4
17:07:34.0 (45244858)|VARIABLE_ASSIGNMENT|[51]|j|30
17:07:34.0 (45246598)|STATEMENT_EXECUTE|[51]
17:07:34.0 (45247852)|STATEMENT_EXECUTE|[54]
17:07:34.0 (45248774)|STATEMENT_EXECUTE|[55]
17:07:34.0 (45253989)|HEAP_ALLOCATE|[55]|Bytes:2
17:07:34.0 (45261183)|HEAP_ALLOCATE|[55]|Bytes:2
17:07:34.0 (45266051)|HEAP_ALLOCATE|[55]|Bytes:5
17:07:34.0 (45270798)|HEAP_ALLOCATE|[55]|Bytes:2
17:07:34.0 (45277948)|HEAP_ALLOCATE|[55]|Bytes:2
17:07:34.0 (45283116)|HEAP_ALLOCATE|[55]|Bytes:5
17:07:34.0 (45287436)|HEAP_ALLOCATE|[EXTERNAL]|Bytes:4
17:07:34.0 (45290660)|HEAP_ALLOCATE|[51]|Bytes:4
17:07:34.0 (45293200)|VARIABLE_ASSIGNMENT|[51]|j|60
17:07:34.0 (45295142)|HEAP_ALLOCATE|[50]|Bytes:4
17:07:34.0 (45297329)|VARIABLE_ASSIGNMENT|[50]|i|11
17:07:34.0 (45298948)|STATEMENT_EXECUTE|[50]
17:07:34.0 (45300064)|STATEMENT_EXECUTE|[51]
17:07:34.0 (45301638)|VARIABLE_SCOPE_BEGIN|[51]|j|Integer|false|false
17:07:34.0 (45303071)|HEAP_ALLOCATE|[51]|Bytes:4
17:07:34.0 (45305311)|VARIABLE_ASSIGNMENT|[51]|j|0
17:07:34.0 (45306670)|STATEMENT_EXECUTE|[51]
17:07:34.0 (45307883)|STATEMENT_EXECUTE|[52]
17:07:34.0 (45308803)|STATEMENT_EXECUTE|[53]
17:07:34.0 (45314163)|HEAP_ALLOCATE|[53]|Bytes:2
17:07:34.0 (45321470)|HEAP_ALLOCATE|[53]|Bytes:1
17:07:34.0 (45326392)|HEAP_ALLOCATE|[53]|Bytes:5
17:07:34.0 (45330990)|HEAP_ALLOCATE|[53]|Bytes:2
17:07:34.0 (45337904)|HEAP_ALLOCATE|[53]|Bytes:1
17:07:34.0 (45342661)|HEAP_ALLOCATE|[53]|Bytes:5
17:07:34.0 (45347178)|HEAP_ALLOCATE|[EXTERNAL]|Bytes:4
17:07:34.0 (45352815)|HEAP_ALLOCATE|[51]|Bytes:4
17:07:34.0 (45355475)|VARIABLE_ASSIGNMENT|[51]|j|30
17:07:34.0 (45357167)|STATEMENT_EXECUTE|[51]
17:07:34.0 (45358431)|STATEMENT_EXECUTE|[54]
17:07:34.0 (45359359)|STATEMENT_EXECUTE|[55]
17:07:34.0 (45364898)|HEAP_ALLOCATE|[55]|Bytes:2
17:07:34.0 (45372215)|HEAP_ALLOCATE|[55]|Bytes:2
17:07:34.0 (45377165)|HEAP_ALLOCATE|[55]|Bytes:5
17:07:34.0 (45381882)|HEAP_ALLOCATE|[55]|Bytes:2
17:07:34.0 (45388828)|HEAP_ALLOCATE|[55]|Bytes:2
17:07:34.0 (45393616)|HEAP_ALLOCATE|[55]|Bytes:5
17:07:34.0 (45398095)|HEAP_ALLOCATE|[EXTERNAL]|Bytes:4
17:07:34.0 (45401171)|HEAP_ALLOCATE|[51]|Bytes:4
17:07:34.0 (45403630)|VARIABLE_ASSIGNMENT|[51]|j|60
17:07:34.0 (45405546)|HEAP_ALLOCATE|[50]|Bytes:4
17:07:34.0 (45407660)|VARIABLE_ASSIGNMENT|[50]|i|12
17:07:34.0 (45409211)|STATEMENT_EXECUTE|[50]
17:07:34.0 (45410311)|STATEMENT_EXECUTE|[51]
17:07:34.0 (45411814)|VARIABLE_SCOPE_BEGIN|[51]|j|Integer|false|false
17:07:34.0 (45413303)|HEAP_ALLOCATE|[51]|Bytes:4
17:07:34.0 (45415605)|VARIABLE_ASSIGNMENT|[51]|j|0
17:07:34.0 (45417166)|STATEMENT_EXECUTE|[51]
17:07:34.0 (45418493)|STATEMENT_EXECUTE|[52]
17:07:34.0 (45419471)|STATEMENT_EXECUTE|[53]
17:07:34.0 (45425174)|HEAP_ALLOCATE|[53]|Bytes:2
17:07:34.0 (45432613)|HEAP_ALLOCATE|[53]|Bytes:1
17:07:34.0 (45437649)|HEAP_ALLOCATE|[53]|Bytes:5
17:07:34.0 (45442230)|HEAP_ALLOCATE|[53]|Bytes:2
17:07:34.0 (45449003)|HEAP_ALLOCATE|[53]|Bytes:1
17:07:34.0 (45453719)|HEAP_ALLOCATE|[53]|Bytes:5
17:07:34.0 (45458137)|HEAP_ALLOCATE|[EXTERNAL]|Bytes:4
17:07:34.0 (45461421)|HEAP_ALLOCATE|[51]|Bytes:4
17:07:34.0 (45464037)|VARIABLE_ASSIGNMENT|[51]|j|30
17:07:34.0 (45465693)|STATEMENT_EXECUTE|[51]
17:07:34.0 (45466939)|STATEMENT_EXECUTE|[54]
17:07:34.0 (45467877)|STATEMENT_EXECUTE|[55]
17:07:34.0 (45473123)|HEAP_ALLOCATE|[55]|Bytes:2
17:07:34.0 (45480412)|HEAP_ALLOCATE|[55]|Bytes:2
17:07:34.0 (45487306)|HEAP_ALLOCATE|[55]|Bytes:5
17:07:34.0 (45492070)|HEAP_ALLOCATE|[55]|Bytes:2
17:07:34.0 (45499083)|HEAP_ALLOCATE|[55]|Bytes:2
17:07:34.0 (45504064)|HEAP_ALLOCATE|[55]|Bytes:5
17:07:34.0 (45508446)|HEAP_ALLOCATE|[EXTERNAL]|Bytes:4
17:07:34.0 (45511540)|HEAP_ALLOCATE|[51]|Bytes:4
17:07:34.0 (45514174)|VARIABLE_ASSIGNMENT|[51]|j|60
17:07:34.0 (45516090)|HEAP_ALLOCATE|[50]|Bytes:4
17:07:34.0 (45518252)|VARIABLE_ASSIGNMENT|[50]|i|13
17:07:34.0 (45519830)|STATEMENT_EXECUTE|[50]
17:07:34.0 (45520958)|STATEMENT_EXECUTE|[51]
17:07:34.0 (45522466)|VARIABLE_SCOPE_BEGIN|[51]|j|Integer|false|false
17:07:34.0 (45523963)|HEAP_ALLOCATE|[51]|Bytes:4
17:07:34.0 (45526174)|VARIABLE_ASSIGNMENT|[51]|j|0
17:07:34.0 (45527615)|STATEMENT_EXECUTE|[51]
17:07:34.0 (45528846)|STATEMENT_EXECUTE|[52]
17:07:34.0 (45529772)|STATEMENT_EXECUTE|[53]
17:07:34.0 (45535276)|HEAP_ALLOCATE|[53]|Bytes:2
17:07:34.0 (45542748)|HEAP_ALLOCATE|[53]|Bytes:1
17:07:34.0 (45547627)|HEAP_ALLOCATE|[53]|Bytes:5
17:07:34.0 (45552251)|HEAP_ALLOCATE|[53]|Bytes:2
17:07:34.0 (45559050)|HEAP_ALLOCATE|[53]|Bytes:1
17:07:34.0 (45563948)|HEAP_ALLOCATE|[53]|Bytes:5
17:07:34.0 (45568302)|HEAP_ALLOCATE|[EXTERNAL]|Bytes:4
17:07:34.0 (45571779)|HEAP_ALLOCATE|[51]|Bytes:4
17:07:34.0 (45574468)|VARIABLE_ASSIGNMENT|[51]|j|30
17:07:34.0 (45576119)|STATEMENT_EXECUTE|[51]
17:07:34.0 (45577348)|STATEMENT_EXECUTE|[54]
17:07:34.0 (45578282)|STATEMENT_EXECUTE|[55]
17:07:34.0 (45583434)|HEAP_ALLOCATE|[55]|Bytes:2
17:07:34.0 (45590736)|HEAP_ALLOCATE|[55]|Bytes:2
17:07:34.0 (45595808)|HEAP_ALLOCATE|[55]|Bytes:5
17:07:34.0 (45600551)|HEAP_ALLOCATE|[55]|Bytes:2
17:07:34.0 (45607463)|HEAP_ALLOCATE|[55]|Bytes:2
17:07:34.0 (45612169)|HEAP_ALLOCATE|[55]|Bytes:5
17:07:34.0 (45616434)|HEAP_ALLOCATE|[EXTERNAL]|Bytes:4
17:07:34.0 (45619512)|HEAP_ALLOCATE|[51]|Bytes:4
17:07:34.0 (45621997)|VARIABLE_ASSIGNMENT|[51]|j|60
17:07:34.0 (45623929)|HEAP_ALLOCATE|[50]|Bytes:4
17:07:34.0 (45626118)|VARIABLE_ASSIGNMENT|[50]|i|14
17:07:34.0 (45627705)|STATEMENT_EXECUTE|[50]
17:07:34.0 (45628820)|STATEMENT_EXECUTE|[51]
17:07:34.0 (45636450)|VARIABLE_SCOPE_BEGIN|[51]|j|Integer|false|false
17:07:34.0 (45638264)|HEAP_ALLOCATE|[51]|Bytes:4
17:07:34.0 (45641109)|VARIABLE_ASSIGNMENT|[51]|j|0
17:07:34.0 (45642851)|STATEMENT_EXECUTE|[51]
17:07:34.0 (45644190)|STATEMENT_EXECUTE|[52]
17:07:34.0 (45645148)|STATEMENT_EXECUTE|[53]
17:07:34.0 (45651597)|HEAP_ALLOCATE|[53]|Bytes:2
17:07:34.0 (45659244)|HEAP_ALLOCATE|[53]|Bytes:1
17:07:34.0 (45664273)|HEAP_ALLOCATE|[53]|Bytes:5
17:07:34.0 (45668919)|HEAP_ALLOCATE|[53]|Bytes:2
17:07:34.0 (45675810)|HEAP_ALLOCATE|[53]|Bytes:1
17:07:34.0 (45680569)|HEAP_ALLOCATE|[53]|Bytes:5
17:07:34.0 (45685328)|HEAP_ALLOCATE|[EXTERNAL]|Bytes:4
17:07:34.0 (45688769)|HEAP_ALLOCATE|[51]|Bytes:4
17:07:34.0 (45691475)|VARIABLE_ASSIGNMENT|[51]|j|30
17:07:34.0 (45693297)|STATEMENT_EXECUTE|[51]
17:07:34.0 (45694565)|STATEMENT_EXECUTE|[54]
17:07:34.0 (45695488)|STATEMENT_EXECUTE|[55]
17:07:34.0 (45700898)|HEAP_ALLOCATE|[55]|Bytes:2
17:07:34.0 (45708435)|HEAP_ALLOCATE|[55]|Bytes:2
17:07:34.0 (45713574)|HEAP_ALLOCATE|[55]|Bytes:5
17:07:34.0 (45720167)|HEAP_ALLOCATE|[55]|Bytes:2
17:07:34.0 (45727367)|HEAP_ALLOCATE|[55]|Bytes:2
17:07:34.0 (45732425)|HEAP_ALLOCATE|[55]|Bytes:5
17:07:34.0 (45736998)|HEAP_ALLOCATE|[EXTERNAL]|Bytes:4
17:07:34.0 (45740281)|HEAP_ALLOCATE|[51]|Bytes:4
17:07:34.0 (45742865)|VARIABLE_ASSIGNMENT|[51]|j|60
17:07:34.0 (45744978)|HEAP_ALLOCATE|[50]|Bytes:4
17:07:34.0 (45747146)|VARIABLE_ASSIGNMENT|[50]|i|15
17:07:34.0 (45748721)|STATEMENT_EXECUTE|[50]
17:07:34.0 (45749885)|STATEMENT_EXECUTE|[51]
17:07:34.0 (45751537)|VARIABLE_SCOPE_BEGIN|[51]|j|Integer|false|false
17:07:34.0 (45753066)|HEAP_ALLOCATE|[51]|Bytes:4
17:07:34.0 (45755230)|VARIABLE_ASSIGNMENT|[51]|j|0
17:07:34.0 (45756754)|STATEMENT_EXECUTE|[51]
17:07:34.0 (45758012)|STATEMENT_EXECUTE|[52]
17:07:34.0 (45758950)|STATEMENT_EXECUTE|[53]
17:07:34.0 (45764678)|HEAP_ALLOCATE|[53]|Bytes:2
17:07:34.0 (45771965)|HEAP_ALLOCATE|[53]|Bytes:1
17:07:34.0 (45776811)|HEAP_ALLOCATE|[53]|Bytes:5
17:07:34.0 (45781407)|HEAP_ALLOCATE|[53]|Bytes:2
17:07:34.0 (45790287)|HEAP_ALLOCATE|[53]|Bytes:1
17:07:34.0 (45795332)|HEAP_ALLOCATE|[53]|Bytes:5
17:07:34.0 (45799760)|HEAP_ALLOCATE|[EXTERNAL]|Bytes:4
17:07:34.0 (45803415)|HEAP_ALLOCATE|[51]|Bytes:4
17:07:34.0 (45805947)|VARIABLE_ASSIGNMENT|[51]|j|30
17:07:34.0 (45807631)|STATEMENT_EXECUTE|[51]
17:07:34.0 (45808928)|STATEMENT_EXECUTE|[54]
17:07:34.0 (45809865)|STATEMENT_EXECUTE|[55]
17:07:34.0 (45815221)|HEAP_ALLOCATE|[55]|Bytes:2
17:07:34.0 (45822464)|HEAP_ALLOCATE|[55]|Bytes:2
17:07:34.0 (45827445)|HEAP_ALLOCATE|[55]|Bytes:5
17:07:34.0 (45832075)|HEAP_ALLOCATE|[55]|Bytes:2
17:07:34.0 (45838923)|HEAP_ALLOCATE|[55]|Bytes:2
17:07:34.0 (45843656)|HEAP_ALLOCATE|[55]|Bytes:5
17:07:34.0 (45847944)|HEAP_ALLOCATE|[EXTERNAL]|Bytes:4
17:07:34.0 (45851090)|HEAP_ALLOCATE|[51]|Bytes:4
17:07:34.0 (45853590)|VARIABLE_ASSIGNMENT|[51]|j|60
17:07:34.0 (45855478)|HEAP_ALLOCATE|[50]|Bytes:4
17:07:34.0 (45857599)|VARIABLE_ASSIGNMENT|[50]|i|16
17:07:34.0 (45859093)|STATEMENT_EXECUTE|[50]
17:07:34.0 (45860214)|STATEMENT_EXECUTE|[51]
17:07:34.0 (45861769)|VARIABLE_SCOPE_BEGIN|[51]|j|Integer|false|false
17:07:34.0 (45863216)|HEAP_ALLOCATE|[51]|Bytes:4
17:07:34.0 (45865875)|VARIABLE_ASSIGNMENT|[51]|j|0
17:07:34.0 (45867282)|STATEMENT_EXECUTE|[51]
17:07:34.0 (45868510)|STATEMENT_EXECUTE|[52]
17:07:34.0 (45869432)|STATEMENT_EXECUTE|[53]
17:07:34.0 (45874793)|HEAP_ALLOCATE|[53]|Bytes:2
17:07:34.0 (45882121)|HEAP_ALLOCATE|[53]|Bytes:1
17:07:34.0 (45887004)|HEAP_ALLOCATE|[53]|Bytes:5
17:07:34.0 (45891555)|HEAP_ALLOCATE|[53]|Bytes:2
17:07:34.0 (45898454)|HEAP_ALLOCATE|[53]|Bytes:1
17:07:34.0 (45903120)|HEAP_ALLOCATE|[53]|Bytes:5
17:07:34.0 (45907434)|HEAP_ALLOCATE|[EXTERNAL]|Bytes:4
17:07:34.0 (45910633)|HEAP_ALLOCATE|[51]|Bytes:4
17:07:34.0 (45913149)|VARIABLE_ASSIGNMENT|[51]|j|30
17:07:34.0 (45914792)|STATEMENT_EXECUTE|[51]
17:07:34.0 (45916034)|STATEMENT_EXECUTE|[54]
17:07:34.0 (45916965)|STATEMENT_EXECUTE|[55]
17:07:34.0 (45922192)|HEAP_ALLOCATE|[55]|Bytes:2
17:07:34.0 (45929479)|HEAP_ALLOCATE|[55]|Bytes:2
17:07:34.0 (45934316)|HEAP_ALLOCATE|[55]|Bytes:5
17:07:34.0 (45938978)|HEAP_ALLOCATE|[55]|Bytes:2
17:07:34.0 (45945894)|HEAP_ALLOCATE|[55]|Bytes:2
17:07:34.0 (45950904)|HEAP_ALLOCATE|[55]|Bytes:5
17:07:34.0 (45955105)|HEAP_ALLOCATE|[EXTERNAL]|Bytes:4
17:07:34.0 (45958410)|HEAP_ALLOCATE|[51]|Bytes:4
17:07:34.0 (45960838)|VARIABLE_ASSIGNMENT|[51]|j|60
17:07:34.0 (45962650)|HEAP_ALLOCATE|[50]|Bytes:4
17:07:34.0 (45964793)|VARIABLE_ASSIGNMENT|[50]|i|17
17:07:34.0 (45966273)|STATEMENT_EXECUTE|[50]
17:07:34.0 (45967407)|STATEMENT_EXECUTE|[51]
17:07:34.0 (45968965)|VARIABLE_SCOPE_BEGIN|[51]|j|Integer|false|false
17:07:34.0 (45970342)|HEAP_ALLOCATE|[51]|Bytes:4
17:07:34.0 (45972558)|VARIABLE_ASSIGNMENT|[51]|j|0
17:07:34.0 (45974089)|STATEMENT_EXECUTE|[51]
17:07:34.0 (45975327)|STATEMENT_EXECUTE|[52]
17:07:34.0 (45976249)|STATEMENT_EXECUTE|[53]
17:07:34.0 (45981431)|HEAP_ALLOCATE|[53]|Bytes:2
17:07:34.0 (45988665)|HEAP_ALLOCATE|[53]|Bytes:1
17:07:34.0 (45993454)|HEAP_ALLOCATE|[53]|Bytes:5
17:07:34.0 (45998009)|HEAP_ALLOCATE|[53]|Bytes:2
17:07:34.0 (46004801)|HEAP_ALLOCATE|[53]|Bytes:1
17:07:34.0 (46010182)|HEAP_ALLOCATE|[53]|Bytes:5
17:07:34.0 (46014539)|HEAP_ALLOCATE|[EXTERNAL]|Bytes:4
17:07:34.0 (46018124)|HEAP_ALLOCATE|[51]|Bytes:4
17:07:34.0 (46020583)|VARIABLE_ASSIGNMENT|[51]|j|30
17:07:34.0 (46022266)|STATEMENT_EXECUTE|[51]
17:07:34.0 (46023521)|STATEMENT_EXECUTE|[54]
17:07:34.0 (46024437)|STATEMENT_EXECUTE|[55]
17:07:34.0 (46029675)|HEAP_ALLOCATE|[55]|Bytes:2
17:07:34.0 (46036937)|HEAP_ALLOCATE|[55]|Bytes:2
17:07:34.0 (46041824)|HEAP_ALLOCATE|[55]|Bytes:5
17:07:34.0 (46046443)|HEAP_ALLOCATE|[55]|Bytes:2
17:07:34.0 (46053371)|HEAP_ALLOCATE|[55]|Bytes:2
17:07:34.0 (46058130)|HEAP_ALLOCATE|[55]|Bytes:5
17:07:34.0 (46062488)|HEAP_ALLOCATE|[EXTERNAL]|Bytes:4
17:07:34.0 (46065560)|HEAP_ALLOCATE|[51]|Bytes:4
17:07:34.0 (46067993)|VARIABLE_ASSIGNMENT|[51]|j|60
17:07:34.0 (46069863)|HEAP_ALLOCATE|[50]|Bytes:4
17:07:34.0 (46071997)|VARIABLE_ASSIGNMENT|[50]|i|18
17:07:34.0 (46073677)|STATEMENT_EXECUTE|[50]
17:07:34.0 (46074784)|STATEMENT_EXECUTE|[51]
17:07:34.0 (46076330)|VARIABLE_SCOPE_BEGIN|[51]|j|Integer|false|false
17:07:34.0 (46077752)|HEAP_ALLOCATE|[51]|Bytes:4
17:07:34.0 (46079897)|VARIABLE_ASSIGNMENT|[51]|j|0
17:07:34.0 (46081511)|STATEMENT_EXECUTE|[51]
17:07:34.0 (46082740)|STATEMENT_EXECUTE|[52]
17:07:34.0 (46083740)|STATEMENT_EXECUTE|[53]
17:07:34.0 (46089107)|HEAP_ALLOCATE|[53]|Bytes:2
17:07:34.0 (46096420)|HEAP_ALLOCATE|[53]|Bytes:1
17:07:34.0 (46101339)|HEAP_ALLOCATE|[53]|Bytes:5
17:07:34.0 (46105903)|HEAP_ALLOCATE|[53]|Bytes:2
17:07:34.0 (46112751)|HEAP_ALLOCATE|[53]|Bytes:1
17:07:34.0 (46117434)|HEAP_ALLOCATE|[53]|Bytes:5
17:07:34.0 (46121693)|HEAP_ALLOCATE|[EXTERNAL]|Bytes:4
17:07:34.0 (46124981)|HEAP_ALLOCATE|[51]|Bytes:4
17:07:34.0 (46127472)|VARIABLE_ASSIGNMENT|[51]|j|30
17:07:34.0 (46129063)|STATEMENT_EXECUTE|[51]
17:07:34.0 (46130307)|STATEMENT_EXECUTE|[54]
17:07:34.0 (46131226)|STATEMENT_EXECUTE|[55]
17:07:34.0 (46136346)|HEAP_ALLOCATE|[55]|Bytes:2
17:07:34.0 (46143727)|HEAP_ALLOCATE|[55]|Bytes:2
17:07:34.0 (46148624)|HEAP_ALLOCATE|[55]|Bytes:5
17:07:34.0 (46153206)|HEAP_ALLOCATE|[55]|Bytes:2
17:07:34.0 (46160123)|HEAP_ALLOCATE|[55]|Bytes:2
17:07:34.0 (46164870)|HEAP_ALLOCATE|[55]|Bytes:5
17:07:34.0 (46169400)|HEAP_ALLOCATE|[EXTERNAL]|Bytes:4
17:07:34.0 (46172504)|HEAP_ALLOCATE|[51]|Bytes:4
17:07:34.0 (46174980)|VARIABLE_ASSIGNMENT|[51]|j|60
17:07:34.0 (46176758)|HEAP_ALLOCATE|[50]|Bytes:4
17:07:34.0 (46178885)|VARIABLE_ASSIGNMENT|[50]|i|19
17:07:34.0 (46180399)|STATEMENT_EXECUTE|[50]
17:07:34.0 (46181505)|STATEMENT_EXECUTE|[51]
17:07:34.0 (46183006)|VARIABLE_SCOPE_BEGIN|[51]|j|Integer|false|false
17:07:34.0 (46184472)|HEAP_ALLOCATE|[51]|Bytes:4
17:07:34.0 (46186606)|VARIABLE_ASSIGNMENT|[51]|j|0
17:07:34.0 (46188067)|STATEMENT_EXECUTE|[51]
17:07:34.0 (46189328)|STATEMENT_EXECUTE|[52]
17:07:34.0 (46190243)|STATEMENT_EXECUTE|[53]
17:07:34.0 (46195519)|HEAP_ALLOCATE|[53]|Bytes:2
17:07:34.0 (46202899)|HEAP_ALLOCATE|[53]|Bytes:1
17:07:34.0 (46209974)|HEAP_ALLOCATE|[53]|Bytes:5
17:07:34.0 (46214690)|HEAP_ALLOCATE|[53]|Bytes:2
17:07:34.0 (46221538)|HEAP_ALLOCATE|[53]|Bytes:1
17:07:34.0 (46226322)|HEAP_ALLOCATE|[53]|Bytes:5
17:07:34.0 (46230666)|HEAP_ALLOCATE|[EXTERNAL]|Bytes:4
17:07:34.0 (46234274)|HEAP_ALLOCATE|[51]|Bytes:4
17:07:34.0 (46236983)|VARIABLE_ASSIGNMENT|[51]|j|30
17:07:34.0 (46238654)|STATEMENT_EXECUTE|[51]
17:07:34.0 (46239907)|STATEMENT_EXECUTE|[54]
17:07:34.0 (46240823)|STATEMENT_EXECUTE|[55]
17:07:34.0 (46245976)|HEAP_ALLOCATE|[55]|Bytes:2
17:07:34.0 (46253362)|HEAP_ALLOCATE|[55]|Bytes:2
17:07:34.0 (46258234)|HEAP_ALLOCATE|[55]|Bytes:5
17:07:34.0 (46262904)|HEAP_ALLOCATE|[55]|Bytes:2
17:07:34.0 (46269909)|HEAP_ALLOCATE|[55]|Bytes:2
17:07:34.0 (46274806)|HEAP_ALLOCATE|[55]|Bytes:5
17:07:34.0 (46279166)|HEAP_ALLOCATE|[EXTERNAL]|Bytes:4
17:07:34.0 (46282241)|HEAP_ALLOCATE|[51]|Bytes:4
17:07:34.0 (46284730)|VARIABLE_ASSIGNMENT|[51]|j|60
17:07:34.0 (46286676)|HEAP_ALLOCATE|[50]|Bytes:4
17:07:34.0 (46288876)|VARIABLE_ASSIGNMENT|[50]|i|20
17:07:34.0 (46290477)|STATEMENT_EXECUTE|[50]
17:07:34.0 (46291567)|STATEMENT_EXECUTE|[51]
17:07:34.0 (46293077)|VARIABLE_SCOPE_BEGIN|[51]|j|Integer|false|false
17:07:34.0 (46294514)|HEAP_ALLOCATE|[51]|Bytes:4
17:07:34.0 (46296674)|VARIABLE_ASSIGNMENT|[51]|j|0
17:07:34.0 (46298264)|STATEMENT_EXECUTE|[51]
17:07:34.0 (46299531)|STATEMENT_EXECUTE|[52]
17:07:34.0 (46300445)|STATEMENT_EXECUTE|[53]
17:07:34.0 (46305714)|HEAP_ALLOCATE|[53]|Bytes:2
17:07:34.0 (46313124)|HEAP_ALLOCATE|[53]|Bytes:1
17:07:34.0 (46318092)|HEAP_ALLOCATE|[53]|Bytes:5
17:07:34.0 (46322613)|HEAP_ALLOCATE|[53]|Bytes:2
17:07:34.0 (46329844)|HEAP_ALLOCATE|[53]|Bytes:1
17:07:34.0 (46334630)|HEAP_ALLOCATE|[53]|Bytes:5
17:07:34.0 (46338812)|HEAP_ALLOCATE|[EXTERNAL]|Bytes:4
17:07:34.0 (46342024)|HEAP_ALLOCATE|[51]|Bytes:4
17:07:34.0 (46344543)|VARIABLE_ASSIGNMENT|[51]|j|30
17:07:34.0 (46346151)|STATEMENT_EXECUTE|[51]
17:07:34.0 (46347377)|STATEMENT_EXECUTE|[54]
17:07:34.0 (46348295)|STATEMENT_EXECUTE|[55]
17:07:34.0 (46353233)|HEAP_ALLOCATE|[55]|Bytes:2
17:07:34.0 (46360477)|HEAP_ALLOCATE|[55]|Bytes:2
17:07:34.0 (46365321)|HEAP_ALLOCATE|[55]|Bytes:5
17:07:34.0 (46369978)|HEAP_ALLOCATE|[55]|Bytes:2
17:07:34.0 (46376932)|HEAP_ALLOCATE|[55]|Bytes:2
17:07:34.0 (46381779)|HEAP_ALLOCATE|[55]|Bytes:5
17:07:34.0 (46386287)|HEAP_ALLOCATE|[EXTERNAL]|Bytes:4
17:07:34.0 (46389394)|HEAP_ALLOCATE|[51]|Bytes:4
17:07:34.0 (46391872)|VARIABLE_ASSIGNMENT|[51]|j|60
17:07:34.0 (46393705)|HEAP_ALLOCATE|[50]|Bytes:4
17:07:34.0 (46395975)|VARIABLE_ASSIGNMENT|[50]|i|21
17:07:34.0 (46397541)|STATEMENT_EXECUTE|[50]
17:07:34.0 (46398659)|STATEMENT_EXECUTE|[51]
17:07:34.0 (46400182)|VARIABLE_SCOPE_BEGIN|[51]|j|Integer|false|false
17:07:34.0 (46401698)|HEAP_ALLOCATE|[51]|Bytes:4
17:07:34.0 (46404188)|VARIABLE_ASSIGNMENT|[51]|j|0
17:07:34.0 (46405612)|STATEMENT_EXECUTE|[51]
17:07:34.0 (46406843)|STATEMENT_EXECUTE|[52]
17:07:34.0 (46407773)|STATEMENT_EXECUTE|[53]
17:07:34.0 (46413182)|HEAP_ALLOCATE|[53]|Bytes:2
17:07:34.0 (46420506)|HEAP_ALLOCATE|[53]|Bytes:1
17:07:34.0 (46425440)|HEAP_ALLOCATE|[53]|Bytes:5
17:07:34.0 (46430114)|HEAP_ALLOCATE|[53]|Bytes:2
17:07:34.0 (46437007)|HEAP_ALLOCATE|[53]|Bytes:1
17:07:34.0 (46441781)|HEAP_ALLOCATE|[53]|Bytes:5
17:07:34.0 (46446128)|HEAP_ALLOCATE|[EXTERNAL]|Bytes:4
17:07:34.0 (46450402)|HEAP_ALLOCATE|[51]|Bytes:4
17:07:34.0 (46467955)|VARIABLE_ASSIGNMENT|[51]|j|30
17:07:34.0 (46472122)|STATEMENT_EXECUTE|[51]
17:07:34.0 (46474230)|STATEMENT_EXECUTE|[54]
17:07:34.0 (46475601)|STATEMENT_EXECUTE|[55]
17:07:34.0 (46491160)|HEAP_ALLOCATE|[55]|Bytes:2
17:07:34.0 (46505745)|HEAP_ALLOCATE|[55]|Bytes:2
17:07:34.0 (46514898)|HEAP_ALLOCATE|[55]|Bytes:5
17:07:34.0 (46521927)|HEAP_ALLOCATE|[55]|Bytes:2
17:07:34.0 (46544849)|HEAP_ALLOCATE|[55]|Bytes:2
17:07:34.0 (46552220)|HEAP_ALLOCATE|[55]|Bytes:5
17:07:34.0 (46562955)|HEAP_ALLOCATE|[EXTERNAL]|Bytes:4
17:07:34.0 (46569690)|HEAP_ALLOCATE|[51]|Bytes:4
17:07:34.0 (46575967)|VARIABLE_ASSIGNMENT|[51]|j|60
17:07:34.0 (46579198)|HEAP_ALLOCATE|[50]|Bytes:4
17:07:34.0 (46581570)|VARIABLE_ASSIGNMENT|[50]|i|22
17:07:34.0 (46583527)|STATEMENT_EXECUTE|[50]
17:07:34.0 (46585075)|STATEMENT_EXECUTE|[51]
17:07:34.0 (46587103)|VARIABLE_SCOPE_BEGIN|[51]|j|Integer|false|false
17:07:34.0 (46589119)|HEAP_ALLOCATE|[51]|Bytes:4
17:07:34.0 (46591479)|VARIABLE_ASSIGNMENT|[51]|j|0
17:07:34.0 (46593196)|STATEMENT_EXECUTE|[51]
17:07:34.0 (46594548)|STATEMENT_EXECUTE|[52]
17:07:34.0 (46595483)|STATEMENT_EXECUTE|[53]
17:07:34.0 (46611063)|HEAP_ALLOCATE|[53]|Bytes:2
17:07:34.0 (46620068)|HEAP_ALLOCATE|[53]|Bytes:1
17:07:34.0 (46625333)|HEAP_ALLOCATE|[53]|Bytes:5
17:07:34.0 (46633565)|HEAP_ALLOCATE|[53]|Bytes:2
17:07:34.0 (46641184)|HEAP_ALLOCATE|[53]|Bytes:1
17:07:34.0 (46646048)|HEAP_ALLOCATE|[53]|Bytes:5
17:07:34.0 (46651850)|HEAP_ALLOCATE|[EXTERNAL]|Bytes:4
17:07:34.0 (46655831)|HEAP_ALLOCATE|[51]|Bytes:4
17:07:34.0 (46658802)|VARIABLE_ASSIGNMENT|[51]|j|30
17:07:34.0 (46660852)|STATEMENT_EXECUTE|[51]
17:07:34.0 (46662255)|STATEMENT_EXECUTE|[54]
17:07:34.0 (46663200)|STATEMENT_EXECUTE|[55]
17:07:34.0 (46669227)|HEAP_ALLOCATE|[55]|Bytes:2
17:07:34.0 (46676775)|HEAP_ALLOCATE|[55]|Bytes:2
17:07:34.0 (46681777)|HEAP_ALLOCATE|[55]|Bytes:5
17:07:34.0 (46686332)|HEAP_ALLOCATE|[55]|Bytes:2
17:07:34.0 (46693236)|HEAP_ALLOCATE|[55]|Bytes:2
17:07:34.0 (46698082)|HEAP_ALLOCATE|[55]|Bytes:5
17:07:34.0 (46702753)|HEAP_ALLOCATE|[EXTERNAL]|Bytes:4
17:07:34.0 (46705990)|HEAP_ALLOCATE|[51]|Bytes:4
17:07:34.0 (46708608)|VARIABLE_ASSIGNMENT|[51]|j|60
17:07:34.0 (46710514)|HEAP_ALLOCATE|[50]|Bytes:4
17:07:34.0 (46712708)|VARIABLE_ASSIGNMENT|[50]|i|23
17:07:34.0 (46714885)|STATEMENT_EXECUTE|[50]
17:07:34.0 (46716746)|STATEMENT_EXECUTE|[51]
17:07:34.0 (46719287)|VARIABLE_SCOPE_BEGIN|[51]|j|Integer|false|false
17:07:34.0 (46721386)|HEAP_ALLOCATE|[51]|Bytes:4
17:07:34.0 (46723800)|VARIABLE_ASSIGNMENT|[51]|j|0
17:07:34.0 (46725297)|STATEMENT_EXECUTE|[51]
17:07:34.0 (46726517)|STATEMENT_EXECUTE|[52]
17:07:34.0 (46727435)|STATEMENT_EXECUTE|[53]
17:07:34.0 (46733690)|HEAP_ALLOCATE|[53]|Bytes:2
17:07:34.0 (46741285)|HEAP_ALLOCATE|[53]|Bytes:1
17:07:34.0 (46746181)|HEAP_ALLOCATE|[53]|Bytes:5
17:07:34.0 (46750846)|HEAP_ALLOCATE|[53]|Bytes:2
17:07:34.0 (46757784)|HEAP_ALLOCATE|[53]|Bytes:1
17:07:34.0 (46762518)|HEAP_ALLOCATE|[53]|Bytes:5
17:07:34.0 (46767144)|HEAP_ALLOCATE|[EXTERNAL]|Bytes:4
17:07:34.0 (46770550)|HEAP_ALLOCATE|[51]|Bytes:4
17:07:34.0 (46773518)|VARIABLE_ASSIGNMENT|[51]|j|30
17:07:34.0 (46775166)|STATEMENT_EXECUTE|[51]
17:07:34.0 (46776413)|STATEMENT_EXECUTE|[54]
17:07:34.0 (46777341)|STATEMENT_EXECUTE|[55]
17:07:34.0 (46782605)|HEAP_ALLOCATE|[55]|Bytes:2
17:07:34.0 (46789851)|HEAP_ALLOCATE|[55]|Bytes:2
17:07:34.0 (46794767)|HEAP_ALLOCATE|[55]|Bytes:5
17:07:34.0 (46799524)|HEAP_ALLOCATE|[55]|Bytes:2
17:07:34.0 (46806462)|HEAP_ALLOCATE|[55]|Bytes:2
17:07:34.0 (46811233)|HEAP_ALLOCATE|[55]|Bytes:5
17:07:34.0 (46815512)|HEAP_ALLOCATE|[EXTERNAL]|Bytes:4
17:07:34.0 (46818676)|HEAP_ALLOCATE|[51]|Bytes:4
17:07:34.0 (46821279)|VARIABLE_ASSIGNMENT|[51]|j|60
17:07:34.0 (46823103)|HEAP_ALLOCATE|[50]|Bytes:4
17:07:34.0 (46825278)|VARIABLE_ASSIGNMENT|[50]|i|24
17:07:34.0 (46827218)|STATEMENT_EXECUTE|[59]
17:07:34.0 (46968295)|SYSTEM_MODE_ENTER|true
17:07:34.0 (47015857)|HEAP_ALLOCATE|[EXTERNAL]|Bytes:80
17:07:34.0 (47073538)|VARIABLE_ASSIGNMENT|[EXTERNAL]|this|{"delToHub":false,"delToProj":true,"detail":"0x605b5eea","invoked":false,"rejected":false,"reserved":false,"selectedTime4":"8:00","sublocations1":"0x206177e2","www":"0x13173092","wwwById":"0x6dbe4dc7"}|0x217256fa
17:07:34.0 (47080619)|STATEMENT_EXECUTE|[86]
17:07:34.0 (47086094)|STATEMENT_EXECUTE|[87]
17:07:34.0 (47087306)|STATEMENT_EXECUTE|[91]
17:07:34.50 (50051583)|SYSTEM_MODE_ENTER|true
17:07:34.50 (50127229)|HEAP_ALLOCATE|[EXTERNAL]|Bytes:8
17:07:34.50 (50134216)|VARIABLE_SCOPE_BEGIN|[88]|this|ApexPage.PageMessagesComponentController|true|false
17:07:34.50 (50156920)|VARIABLE_ASSIGNMENT|[88]|this|{}|0xf6d7f61
17:07:34.50 (50159928)|VARIABLE_SCOPE_BEGIN|[88]|escape|Boolean|false|false
17:07:34.50 (50163486)|VARIABLE_ASSIGNMENT|[88]|escape|null
17:07:34.0 (50620434)|HEAP_ALLOCATE|[EXTERNAL]|Bytes:5
17:07:34.0 (50636193)|HEAP_ALLOCATE|[EXTERNAL]|Bytes:12
17:07:34.0 (50646625)|VARIABLE_ASSIGNMENT|[EXTERNAL]|this.isChecked|true|0x5649fef2
17:07:34.0 (50697891)|HEAP_ALLOCATE|[EXTERNAL]|Bytes:5
17:07:34.0 (50701075)|HEAP_ALLOCATE|[EXTERNAL]|Bytes:12
17:07:34.0 (50706591)|VARIABLE_ASSIGNMENT|[EXTERNAL]|this.isChecked|false|0x7e3fdf40
17:07:34.0 (50956466)|SYSTEM_MODE_ENTER|true
17:07:34.0 (50972563)|HEAP_ALLOCATE|[EXTERNAL]|Bytes:4
17:07:34.0 (50975226)|HEAP_ALLOCATE|[EXTERNAL]|Bytes:80
17:07:34.0 (50983170)|VARIABLE_ASSIGNMENT|[EXTERNAL]|this.selectedTime4|"8:00"|0x217256fa
17:07:34.0 (51012054)|SYSTEM_MODE_ENTER|true
17:07:34.0 (51033161)|HEAP_ALLOCATE|[EXTERNAL]|Bytes:80
17:07:34.0 (51077177)|VARIABLE_ASSIGNMENT|[EXTERNAL]|this|{"delToHub":false,"delToProj":true,"detail":"0x605b5eea","invoked":false,"rejected":false,"reserved":false,"selectedTime4":"8:00","sublocations1":"0x206177e2","www":"0x13173092","wwwById":"0x6dbe4dc7"}|0x217256fa
17:07:34.0 (51083764)|STATEMENT_EXECUTE|[3]
17:07:34.0 (51086798)|STATEMENT_EXECUTE|[4]
17:07:34.0 (51087923)|STATEMENT_EXECUTE|[9]
17:07:34.0 (51391080)|SYSTEM_MODE_ENTER|true
17:07:34.0 (51410490)|HEAP_ALLOCATE|[EXTERNAL]|Bytes:80
17:07:34.0 (51449318)|VARIABLE_ASSIGNMENT|[EXTERNAL]|this|{"delToHub":false,"delToProj":true,"detail":"0x605b5eea","invoked":false,"rejected":false,"reserved":false,"selectedTime4":"8:00","sublocations1":"0x206177e2","www":"0x13173092","wwwById":"0x6dbe4dc7"}|0x217256fa
17:07:34.0 (51455113)|STATEMENT_EXECUTE|[212]
17:07:34.0 (51457864)|STATEMENT_EXECUTE|[213]
17:07:34.0 (51459003)|STATEMENT_EXECUTE|[216]
17:07:34.0 (51495830)|SYSTEM_MODE_ENTER|true
17:07:34.0 (51514503)|HEAP_ALLOCATE|[EXTERNAL]|Bytes:80
17:07:34.0 (51563524)|VARIABLE_ASSIGNMENT|[EXTERNAL]|this|{"delToHub":false,"delToProj":true,"detail":"0x605b5eea","invoked":false,"rejected":false,"reserved":false,"selectedTime4":"8:00","sublocations1":"0x206177e2","www":"0x13173092","wwwById":"0x6dbe4dc7"}|0x217256fa
17:07:34.0 (51569268)|STATEMENT_EXECUTE|[21]
17:07:34.0 (51571571)|STATEMENT_EXECUTE|[22]
17:07:34.0 (51572716)|STATEMENT_EXECUTE|[26]
17:07:34.0 (52224630)|HEAP_ALLOCATE|[EXTERNAL]|Bytes:80
17:07:34.0 (52232981)|VARIABLE_SCOPE_BEGIN|[316]|this|NewDeliveredExtension|true|false
17:07:34.0 (52272279)|VARIABLE_ASSIGNMENT|[316]|this|{"delToHub":false,"delToProj":true,"detail":"0x605b5eea","invoked":false,"rejected":false,"reserved":false,"selectedTime4":"8:00","sublocations1":"0x206177e2","www":"0x13173092","wwwById":"0x6dbe4dc7"}|0x217256fa
17:07:34.0 (52279518)|STATEMENT_EXECUTE|[316]
17:07:34.0 (52281037)|STATEMENT_EXECUTE|[317]
17:07:34.0 (52282049)|STATEMENT_EXECUTE|[317]
17:07:34.0 (52283199)|STATEMENT_EXECUTE|[321]
17:07:34.0 (52286886)|HEAP_ALLOCATE|[321]|Bytes:7
17:07:34.0 (52344557)|VARIABLE_ASSIGNMENT|[EXTERNAL]|this|{"delToHub":false,"delToProj":true,"detail":"0x605b5eea","invoked":false,"rejected":false,"reserved":false,"selectedTime4":"8:00","sublocations1":"0x206177e2","www":"0x13173092","wwwById":"0x6dbe4dc7"}|0x217256fa
17:07:34.0 (52348328)|STATEMENT_EXECUTE|[3]
17:07:34.0 (52350584)|STATEMENT_EXECUTE|[4]
17:07:34.0 (52351622)|STATEMENT_EXECUTE|[9]
17:07:34.0 (52463012)|HEAP_ALLOCATE|[321]|Bytes:181
17:07:34.0 (52480147)|HEAP_ALLOCATE|[321]|Bytes:188
17:07:34.0 (52498619)|USER_DEBUG|[321]|DEBUG|detail WWW_Detail__c:{WWW__c=a0t0E0000004UUSQA2, Project__c=a0q0E0000008ahlQAA, RecordTypeId=01224000000Sn4NAAS, Number_Of_Items__c=10, Toelichting__c=null, Location__c=a0B0E0000009YBFUA2}
17:07:34.0 (52506349)|STATEMENT_EXECUTE|[322]
17:07:34.0 (52510968)|VARIABLE_SCOPE_BEGIN|[322]|hours|Integer|false|false
17:07:34.0 (52515161)|HEAP_ALLOCATE|[322]|Bytes:4
17:07:34.0 (52521009)|VARIABLE_ASSIGNMENT|[322]|hours|0
17:07:34.0 (52522772)|STATEMENT_EXECUTE|[323]
17:07:34.0 (52524533)|VARIABLE_SCOPE_BEGIN|[323]|min|Integer|false|false
17:07:34.0 (52526533)|HEAP_ALLOCATE|[323]|Bytes:4
17:07:34.0 (52529077)|VARIABLE_ASSIGNMENT|[323]|min|0
17:07:34.0 (52530364)|STATEMENT_EXECUTE|[324]
17:07:34.0 (52573308)|HEAP_ALLOCATE|[324]|Bytes:1839
17:07:34.0 (52627334)|HEAP_ALLOCATE|[324]|Bytes:1809
17:07:34.0 (52645140)|HEAP_ALLOCATE|[324]|Bytes:16
17:07:34.0 (52668459)|VARIABLE_SCOPE_BEGIN|[324]|paramDateOfDelivery|String|false|false
17:07:34.0 (52674007)|VARIABLE_ASSIGNMENT|[324]|paramDateOfDelivery|null
17:07:34.0 (52679582)|STATEMENT_EXECUTE|[325]
17:07:34.0 (52681059)|STATEMENT_EXECUTE|[335]
17:07:34.0 (52703480)|HEAP_ALLOCATE|[335]|Bytes:1839
17:07:34.0 (52724416)|HEAP_ALLOCATE|[335]|Bytes:1809
17:07:34.0 (52732440)|HEAP_ALLOCATE|[335]|Bytes:13
17:07:34.0 (52743694)|VARIABLE_ASSIGNMENT|[335]|paramDateOfDelivery|null
17:07:34.0 (52746834)|STATEMENT_EXECUTE|[336]
17:07:34.0 (52748062)|STATEMENT_EXECUTE|[346]
17:07:34.0 (52765509)|HEAP_ALLOCATE|[346]|Bytes:1839
17:07:34.0 (52780436)|HEAP_ALLOCATE|[346]|Bytes:1809
17:07:34.0 (52786539)|HEAP_ALLOCATE|[346]|Bytes:23
17:07:34.0 (52795845)|VARIABLE_ASSIGNMENT|[346]|paramDateOfDelivery|null
17:07:34.0 (52798759)|STATEMENT_EXECUTE|[347]
17:07:34.0 (52799979)|STATEMENT_EXECUTE|[361]
17:07:34.0 (52817773)|HEAP_ALLOCATE|[361]|Bytes:1839
17:07:34.0 (52832236)|HEAP_ALLOCATE|[361]|Bytes:1809
17:07:34.0 (52838257)|HEAP_ALLOCATE|[361]|Bytes:27
17:07:34.0 (52849273)|VARIABLE_ASSIGNMENT|[361]|paramDateOfDelivery|"17.02.2017"
17:07:34.0 (52915562)|VARIABLE_ASSIGNMENT|[EXTERNAL]|this|{"delToHub":false,"delToProj":true,"detail":"0x605b5eea","invoked":false,"rejected":false,"reserved":false,"selectedTime4":"8:00","sublocations1":"0x206177e2","www":"0x13173092","wwwById":"0x6dbe4dc7"}|0x217256fa
17:07:34.0 (52919897)|STATEMENT_EXECUTE|[86]
17:07:34.0 (52921991)|STATEMENT_EXECUTE|[87]
17:07:34.0 (52923183)|STATEMENT_EXECUTE|[91]
17:07:34.0 (52929209)|STATEMENT_EXECUTE|[362]
17:07:34.0 (52930454)|STATEMENT_EXECUTE|[363]
17:07:34.0 (52965403)|VARIABLE_ASSIGNMENT|[EXTERNAL]|this|{"delToHub":false,"delToProj":true,"detail":"0x605b5eea","invoked":false,"rejected":false,"reserved":false,"selectedTime4":"8:00","sublocations1":"0x206177e2","www":"0x13173092","wwwById":"0x6dbe4dc7"}|0x217256fa
17:07:34.0 (52968332)|STATEMENT_EXECUTE|[86]
17:07:34.0 (52969946)|STATEMENT_EXECUTE|[87]
17:07:34.0 (52970916)|STATEMENT_EXECUTE|[91]
17:07:34.0 (52999564)|VARIABLE_ASSIGNMENT|[EXTERNAL]|this|{"delToHub":false,"delToProj":true,"detail":"0x605b5eea","invoked":false,"rejected":false,"reserved":false,"selectedTime4":"8:00","sublocations1":"0x206177e2","www":"0x13173092","wwwById":"0x6dbe4dc7"}|0x217256fa
17:07:34.0 (53002303)|STATEMENT_EXECUTE|[86]
17:07:34.0 (53004390)|STATEMENT_EXECUTE|[87]
17:07:34.0 (53005419)|STATEMENT_EXECUTE|[91]
17:07:34.0 (53035328)|HEAP_ALLOCATE|[363]|Bytes:1
17:07:34.0 (53057989)|HEAP_ALLOCATE|[363]|Bytes:4
17:07:34.0 (53062792)|VARIABLE_ASSIGNMENT|[363]|hours|8
17:07:34.0 (53064889)|STATEMENT_EXECUTE|[364]
17:07:34.0 (53102598)|VARIABLE_ASSIGNMENT|[EXTERNAL]|this|{"delToHub":false,"delToProj":true,"detail":"0x605b5eea","invoked":false,"rejected":false,"reserved":false,"selectedTime4":"8:00","sublocations1":"0x206177e2","www":"0x13173092","wwwById":"0x6dbe4dc7"}|0x217256fa
17:07:34.0 (53105753)|STATEMENT_EXECUTE|[86]
17:07:34.0 (53107323)|STATEMENT_EXECUTE|[87]
17:07:34.0 (53108306)|STATEMENT_EXECUTE|[91]
17:07:34.0 (53135639)|VARIABLE_ASSIGNMENT|[EXTERNAL]|this|{"delToHub":false,"delToProj":true,"detail":"0x605b5eea","invoked":false,"rejected":false,"reserved":false,"selectedTime4":"8:00","sublocations1":"0x206177e2","www":"0x13173092","wwwById":"0x6dbe4dc7"}|0x217256fa
17:07:34.0 (53138120)|STATEMENT_EXECUTE|[86]
17:07:34.0 (53139400)|STATEMENT_EXECUTE|[87]
17:07:34.0 (53140367)|STATEMENT_EXECUTE|[91]
17:07:34.0 (53178760)|VARIABLE_ASSIGNMENT|[EXTERNAL]|this|{"delToHub":false,"delToProj":true,"detail":"0x605b5eea","invoked":false,"rejected":false,"reserved":false,"selectedTime4":"8:00","sublocations1":"0x206177e2","www":"0x13173092","wwwById":"0x6dbe4dc7"}|0x217256fa
17:07:34.0 (53181416)|STATEMENT_EXECUTE|[86]
17:07:34.0 (53182805)|STATEMENT_EXECUTE|[87]
17:07:34.0 (53183796)|STATEMENT_EXECUTE|[91]
17:07:34.0 (53203305)|HEAP_ALLOCATE|[364]|Bytes:2
17:07:34.0 (53214717)|HEAP_ALLOCATE|[364]|Bytes:4
17:07:34.0 (53218195)|VARIABLE_ASSIGNMENT|[364]|min|0
17:07:34.0 (53219866)|STATEMENT_EXECUTE|[367]
17:07:34.0 (53242239)|HEAP_ALLOCATE|[367]|Bytes:4
17:07:34.0 (53265816)|HEAP_ALLOCATE|[368]|Bytes:2
17:07:34.0 (53284173)|HEAP_ALLOCATE|[368]|Bytes:2
17:07:34.0 (53320312)|HEAP_ALLOCATE|[367]|Bytes:56
17:07:34.0 (53357680)|VARIABLE_ASSIGNMENT|[EXTERNAL]|this|{"delToHub":false,"delToProj":true,"detail":"0x605b5eea","invoked":false,"rejected":false,"reserved":false,"selectedTime4":"8:00","sublocations1":"0x206177e2","www":"0x13173092","wwwById":"0x6dbe4dc7"}|0x217256fa
17:07:34.0 (53361098)|STATEMENT_EXECUTE|[3]
17:07:34.0 (53362926)|STATEMENT_EXECUTE|[4]
17:07:34.0 (53364029)|STATEMENT_EXECUTE|[9]
17:07:34.0 (53446033)|VARIABLE_ASSIGNMENT|[367]|this.Arrival_Truck_On_Project__c|"2017-02-17T07:00:00.000Z"|0x605b5eea
17:07:34.0 (53449392)|STATEMENT_EXECUTE|[372]
17:07:34.0 (53479824)|HEAP_ALLOCATE|[372]|Bytes:1839
17:07:34.0 (53501891)|HEAP_ALLOCATE|[372]|Bytes:1809
17:07:34.0 (53511050)|HEAP_ALLOCATE|[372]|Bytes:18
17:07:34.0 (53524980)|VARIABLE_ASSIGNMENT|[372]|paramDateOfDelivery|null
17:07:34.0 (53529133)|STATEMENT_EXECUTE|[373]
17:07:34.0 (53530344)|STATEMENT_EXECUTE|[383]
17:07:34.0 (53549024)|HEAP_ALLOCATE|[383]|Bytes:1839
17:07:34.0 (53564334)|HEAP_ALLOCATE|[383]|Bytes:1809
17:07:34.0 (53570979)|HEAP_ALLOCATE|[383]|Bytes:26
17:07:34.0 (53580830)|VARIABLE_ASSIGNMENT|[383]|paramDateOfDelivery|null
17:07:34.0 (53584248)|STATEMENT_EXECUTE|[384]
17:07:34.0 (53629110)|VARIABLE_ASSIGNMENT|[EXTERNAL]|this|{"delToHub":false,"delToProj":true,"detail":"0x605b5eea","invoked":false,"rejected":false,"reserved":false,"selectedTime4":"8:00","sublocations1":"0x206177e2","www":"0x13173092","wwwById":"0x6dbe4dc7"}|0x217256fa
17:07:34.0 (53638452)|STATEMENT_EXECUTE|[212]
17:07:34.0 (53640227)|STATEMENT_EXECUTE|[213]
17:07:34.0 (53641222)|STATEMENT_EXECUTE|[216]
17:07:34.0 (53646680)|STATEMENT_EXECUTE|[394]
17:07:34.0 (53647850)|STATEMENT_EXECUTE|[400]
17:07:34.0 (53650464)|HEAP_ALLOCATE|[400]|Bytes:32
17:07:34.0 (53686242)|VARIABLE_ASSIGNMENT|[EXTERNAL]|this|{"delToHub":false,"delToProj":true,"detail":"0x605b5eea","invoked":false,"rejected":false,"reserved":false,"selectedTime4":"8:00","sublocations1":"0x206177e2","www":"0x13173092","wwwById":"0x6dbe4dc7"}|0x217256fa
17:07:34.0 (53689014)|STATEMENT_EXECUTE|[3]
17:07:34.0 (53690652)|STATEMENT_EXECUTE|[4]
17:07:34.0 (53691704)|STATEMENT_EXECUTE|[9]
17:07:34.0 (53711588)|HEAP_ALLOCATE|[400]|Bytes:36
17:07:34.0 (53721986)|USER_DEBUG|[400]|DEBUG|  detail.Arrival_Truck_On_Hub__cnull
17:07:34.0 (53760500)|VARIABLE_ASSIGNMENT|[EXTERNAL]|this|{"delToHub":false,"delToProj":true,"detail":"0x605b5eea","invoked":false,"rejected":false,"reserved":false,"selectedTime4":"8:00","sublocations1":"0x206177e2","www":"0x13173092","wwwById":"0x6dbe4dc7"}|0x217256fa
17:07:34.0 (53763701)|STATEMENT_EXECUTE|[3]
17:07:34.0 (53765305)|STATEMENT_EXECUTE|[4]
17:07:34.0 (53766528)|STATEMENT_EXECUTE|[9]
17:07:34.0 (53812665)|HEAP_ALLOCATE|[402]|Bytes:28
17:07:34.0 (53816448)|STATEMENT_EXECUTE|[402]
17:07:34.0 (53857072)|VARIABLE_ASSIGNMENT|[EXTERNAL]|this|{"delToHub":false,"delToProj":true,"detail":"0x605b5eea","invoked":false,"rejected":false,"reserved":false,"selectedTime4":"8:00","sublocations1":"0x206177e2","www":"0x13173092","wwwById":"0x6dbe4dc7"}|0x217256fa
17:07:34.0 (53860415)|STATEMENT_EXECUTE|[3]
17:07:34.0 (53861914)|STATEMENT_EXECUTE|[4]
17:07:34.0 (53863177)|STATEMENT_EXECUTE|[9]
17:07:34.0 (53868382)|STATEMENT_EXECUTE|[413]
17:07:34.0 (53901873)|VARIABLE_ASSIGNMENT|[EXTERNAL]|this|{"delToHub":false,"delToProj":true,"detail":"0x605b5eea","invoked":false,"rejected":false,"reserved":false,"selectedTime4":"8:00","sublocations1":"0x206177e2","www":"0x13173092","wwwById":"0x6dbe4dc7"}|0x217256fa
17:07:34.0 (53904738)|STATEMENT_EXECUTE|[196]
17:07:34.0 (53906340)|STATEMENT_EXECUTE|[197]
17:07:34.0 (53907495)|STATEMENT_EXECUTE|[200]
17:07:34.0 (53911125)|STATEMENT_EXECUTE|[414]
17:07:34.0 (53940534)|VARIABLE_ASSIGNMENT|[EXTERNAL]|this|{"delToHub":false,"delToProj":true,"detail":"0x605b5eea","invoked":false,"rejected":false,"reserved":false,"selectedTime4":"8:00","sublocations1":"0x206177e2","www":"0x13173092","wwwById":"0x6dbe4dc7"}|0x217256fa
17:07:34.0 (53943058)|STATEMENT_EXECUTE|[3]
17:07:34.0 (53944525)|STATEMENT_EXECUTE|[4]
17:07:34.0 (53945556)|STATEMENT_EXECUTE|[9]
17:07:34.0 (53966826)|STATEMENT_EXECUTE|[422]
17:07:34.0 (54003024)|VARIABLE_ASSIGNMENT|[EXTERNAL]|this|{"delToHub":false,"delToProj":true,"detail":"0x605b5eea","invoked":false,"rejected":false,"reserved":false,"selectedTime4":"8:00","sublocations1":"0x206177e2","www":"0x13173092","wwwById":"0x6dbe4dc7"}|0x217256fa
17:07:34.0 (54006754)|STATEMENT_EXECUTE|[3]
17:07:34.0 (54008358)|STATEMENT_EXECUTE|[4]
17:07:34.0 (54009386)|STATEMENT_EXECUTE|[9]
17:07:34.0 (54014110)|STATEMENT_EXECUTE|[433]
17:07:34.0 (54046595)|VARIABLE_ASSIGNMENT|[EXTERNAL]|this|{"delToHub":false,"delToProj":true,"detail":"0x605b5eea","invoked":false,"rejected":false,"reserved":false,"selectedTime4":"8:00","sublocations1":"0x206177e2","www":"0x13173092","wwwById":"0x6dbe4dc7"}|0x217256fa
17:07:34.0 (54049396)|STATEMENT_EXECUTE|[229]
17:07:34.0 (54051114)|STATEMENT_EXECUTE|[230]
17:07:34.0 (54052187)|STATEMENT_EXECUTE|[233]
17:07:34.0 (54056122)|STATEMENT_EXECUTE|[434]
17:07:34.0 (54057652)|STATEMENT_EXECUTE|[442]
17:07:34.0 (54060577)|VARIABLE_SCOPE_BEGIN|[442]|subLocsSelected|Boolean|false|false
17:07:34.0 (54065745)|HEAP_ALLOCATE|[442]|Bytes:5
17:07:34.0 (54070297)|VARIABLE_ASSIGNMENT|[442]|subLocsSelected|false
17:07:34.0 (54071918)|STATEMENT_EXECUTE|[443]
17:07:34.0 (54073909)|HEAP_ALLOCATE|[443]|Bytes:25
17:07:34.0 (54110262)|VARIABLE_ASSIGNMENT|[EXTERNAL]|this|{"delToHub":false,"delToProj":true,"detail":"0x605b5eea","invoked":false,"rejected":false,"reserved":false,"selectedTime4":"8:00","sublocations1":"0x206177e2","www":"0x13173092","wwwById":"0x6dbe4dc7"}|0x217256fa
17:07:34.0 (54113511)|STATEMENT_EXECUTE|[186]
17:07:34.0 (54115273)|STATEMENT_EXECUTE|[187]
17:07:34.0 (54116583)|STATEMENT_EXECUTE|[190]
17:07:34.0 (54206361)|HEAP_ALLOCATE|[443]|Bytes:233
17:07:34.0 (54222601)|HEAP_ALLOCATE|[443]|Bytes:258
17:07:34.0 (54231904)|USER_DEBUG|[443]|DEBUG|OBDEB sublocations1 -->> (SubLocation:[isChecked=true, sub=Location__c:{Name=1Q2WB, Id=a0B0E0000009YBPUA2, RecordTypeId=01224000000B1zdAAC}], SubLocation:[isChecked=false, sub=Location__c:{Name=1Q2WD, Id=a0B0E0000009YBZUA2, RecordTypeId=01224000000B1zdAAC}])
17:07:34.0 (54277700)|VARIABLE_ASSIGNMENT|[EXTERNAL]|this|{"delToHub":false,"delToProj":true,"detail":"0x605b5eea","invoked":false,"rejected":false,"reserved":false,"selectedTime4":"8:00","sublocations1":"0x206177e2","www":"0x13173092","wwwById":"0x6dbe4dc7"}|0x217256fa
17:07:34.0 (54281301)|STATEMENT_EXECUTE|[186]
17:07:34.0 (54282988)|STATEMENT_EXECUTE|[187]
17:07:34.0 (54284088)|STATEMENT_EXECUTE|[190]
17:07:34.0 (54450259)|HEAP_ALLOCATE|[444]|Bytes:5
17:07:34.0 (54462877)|HEAP_ALLOCATE|[444]|Bytes:12
17:07:34.0 (54469401)|VARIABLE_SCOPE_BEGIN|[444]|subLocation|NewDeliveredExtension.SubLocation|true|false
17:07:34.0 (54493033)|VARIABLE_ASSIGNMENT|[444]|subLocation|{"isChecked":true,"sub":"0x2be6e8f0"}|0x5649fef2
17:07:34.0 (54496441)|STATEMENT_EXECUTE|[445]
17:07:34.0 (54520639)|VARIABLE_ASSIGNMENT|[EXTERNAL]|this|{"isChecked":true,"sub":"0x2be6e8f0"}|0x5649fef2
17:07:34.0 (54528549)|STATEMENT_EXECUTE|[447]
17:07:34.0 (54529769)|STATEMENT_EXECUTE|[448]
17:07:34.0 (54533830)|HEAP_ALLOCATE|[448]|Bytes:5
17:07:34.0 (54537728)|VARIABLE_ASSIGNMENT|[448]|subLocsSelected|true
17:07:34.0 (54545993)|HEAP_ALLOCATE|[444]|Bytes:5
17:07:34.0 (54551791)|HEAP_ALLOCATE|[444]|Bytes:12
17:07:34.0 (54555244)|VARIABLE_SCOPE_BEGIN|[444]|subLocation|NewDeliveredExtension.SubLocation|true|false
17:07:34.0 (54564255)|VARIABLE_ASSIGNMENT|[444]|subLocation|{"isChecked":false,"sub":"0x31197ce3"}|0x7e3fdf40
17:07:34.0 (54566432)|STATEMENT_EXECUTE|[445]
17:07:34.0 (54575539)|VARIABLE_ASSIGNMENT|[EXTERNAL]|this|{"isChecked":false,"sub":"0x31197ce3"}|0x7e3fdf40
17:07:34.0 (54579735)|STATEMENT_EXECUTE|[446]
17:07:34.0 (54585279)|HEAP_ALLOCATE|[444]|Bytes:5
17:07:34.0 (54592199)|VARIABLE_ASSIGNMENT|[444]|subLocation|null|
17:07:34.0 (54594622)|STATEMENT_EXECUTE|[451]
17:07:34.0 (54597013)|HEAP_ALLOCATE|[451]|Bytes:27
17:07:34.0 (54621696)|HEAP_ALLOCATE|[451]|Bytes:4
17:07:34.0 (54634192)|HEAP_ALLOCATE|[451]|Bytes:31
17:07:34.0 (54643545)|USER_DEBUG|[451]|DEBUG|OBDEB subLocsSelected -->> true
17:07:34.0 (54649934)|STATEMENT_EXECUTE|[452]
17:07:34.0 (54690000)|VARIABLE_ASSIGNMENT|[EXTERNAL]|this|{"delToHub":false,"delToProj":true,"detail":"0x605b5eea","invoked":false,"rejected":false,"reserved":false,"selectedTime4":"8:00","sublocations1":"0x206177e2","www":"0x13173092","wwwById":"0x6dbe4dc7"}|0x217256fa
17:07:34.0 (54693428)|STATEMENT_EXECUTE|[229]
17:07:34.0 (54695163)|STATEMENT_EXECUTE|[230]
17:07:34.0 (54696151)|STATEMENT_EXECUTE|[233]
17:07:34.0 (54700158)|STATEMENT_EXECUTE|[462]
17:07:34.0 (54737096)|VARIABLE_ASSIGNMENT|[EXTERNAL]|this|{"delToHub":false,"delToProj":true,"detail":"0x605b5eea","invoked":false,"rejected":false,"reserved":false,"selectedTime4":"8:00","sublocations1":"0x206177e2","www":"0x13173092","wwwById":"0x6dbe4dc7"}|0x217256fa
17:07:34.0 (54740336)|STATEMENT_EXECUTE|[220]
17:07:34.0 (54742058)|STATEMENT_EXECUTE|[221]
17:07:34.0 (54743174)|STATEMENT_EXECUTE|[224]
17:07:34.0 (54746623)|STATEMENT_EXECUTE|[473]
17:07:34.0 (54777625)|VARIABLE_ASSIGNMENT|[EXTERNAL]|this|{"delToHub":false,"delToProj":true,"detail":"0x605b5eea","invoked":false,"rejected":false,"reserved":false,"selectedTime4":"8:00","sublocations1":"0x206177e2","www":"0x13173092","wwwById":"0x6dbe4dc7"}|0x217256fa
17:07:34.0 (54780447)|STATEMENT_EXECUTE|[3]
17:07:34.0 (54782045)|STATEMENT_EXECUTE|[4]
17:07:34.0 (54783109)|STATEMENT_EXECUTE|[9]
17:07:34.0 (54788419)|STATEMENT_EXECUTE|[475]
17:07:34.0 (54789516)|STATEMENT_EXECUTE|[476]
17:07:34.0 (54802505)|HEAP_ALLOCATE|[476]|Bytes:37
17:07:34.0 (54837915)|VARIABLE_SCOPE_BEGIN|[476]|myMsg|ApexPages.Message|true|false
17:07:34.0 (54965955)|VARIABLE_ASSIGNMENT|[476]|myMsg|"core.apexpages.framework.ApexPagesMessage@ff33c14"|0x6728203a
17:07:34.0 (54969805)|STATEMENT_EXECUTE|[477]
17:07:34.0 (55003805)|VF_PAGE_MESSAGE|Compleet klaargezet is required field
17:07:34.0 (55010071)|STATEMENT_EXECUTE|[478]
17:07:34.65 (65102143)|SYSTEM_MODE_ENTER|true
17:07:34.65 (65163262)|HEAP_ALLOCATE|[EXTERNAL]|Bytes:8
17:07:34.65 (65170413)|VARIABLE_SCOPE_BEGIN|[88]|this|ApexPage.PageMessagesComponentController|true|false
17:07:34.65 (65195870)|VARIABLE_ASSIGNMENT|[88]|this|{}|0xf6d7f61
17:07:34.65 (65199229)|VARIABLE_SCOPE_BEGIN|[88]|escape|Boolean|false|false
17:07:34.65 (65202517)|VARIABLE_ASSIGNMENT|[88]|escape|null
17:07:34.65 (65287837)|SYSTEM_MODE_ENTER|true
17:07:34.65 (65312680)|HEAP_ALLOCATE|[EXTERNAL]|Bytes:8
17:07:34.65 (65317459)|VARIABLE_SCOPE_BEGIN|[2]|this|ApexPage.PageMessagesComponentController|true|false
17:07:34.65 (65331315)|VARIABLE_ASSIGNMENT|[2]|this|{}|0xf6d7f61
17:07:34.66 (66352666)|SYSTEM_MODE_ENTER|true
17:07:34.66 (66378424)|HEAP_ALLOCATE|[EXTERNAL]|Bytes:120
17:07:34.66 (66383223)|HEAP_ALLOCATE|[EXTERNAL]|Bytes:10
17:07:34.66 (66390620)|SYSTEM_METHOD_ENTRY|[1]|pagemessagecomponentcontroller.pagemessagecomponentcontroller()
17:07:34.66 (66393962)|STATEMENT_EXECUTE|[1]
17:07:34.66 (66506339)|SYSTEM_MODE_ENTER|true
17:07:34.66 (66532607)|HEAP_ALLOCATE|[EXTERNAL]|Bytes:8
17:07:34.66 (66537221)|VARIABLE_SCOPE_BEGIN|[84]|this|ApexPage.PageMessagesComponentController|true|false
17:07:34.66 (66553103)|VARIABLE_ASSIGNMENT|[84]|this|{}|0xf6d7f61
17:07:34.66 (66615712)|SYSTEM_MODE_ENTER|true
17:07:34.66 (66655552)|HEAP_ALLOCATE|[EXTERNAL]|Bytes:16
17:07:34.66 (66660036)|HEAP_ALLOCATE|[EXTERNAL]|Bytes:5
17:07:34.66 (66663480)|VARIABLE_SCOPE_BEGIN|[9]|this|ApexPage.pagemessagecomponentcontroller|true|false
17:07:34.66 (66680921)|VARIABLE_ASSIGNMENT|[9]|this|{}|0x60383566
17:07:34.66 (66683602)|VARIABLE_SCOPE_BEGIN|[9]|escape|Boolean|false|false
17:07:34.66 (66686978)|VARIABLE_ASSIGNMENT|[9]|escape|true
17:07:34.66 (66804016)|SYSTEM_MODE_ENTER|true
17:07:34.66 (66825946)|HEAP_ALLOCATE|[EXTERNAL]|Bytes:5
17:07:34.66 (66828465)|HEAP_ALLOCATE|[EXTERNAL]|Bytes:16
17:07:34.66 (66838152)|VARIABLE_ASSIGNMENT|[EXTERNAL]|this.conSeverity|"ERROR"|0x60383566
17:07:34.66 (66886756)|SYSTEM_MODE_ENTER|true
17:07:34.66 (66901304)|HEAP_ALLOCATE|[EXTERNAL]|Bytes:8
17:07:34.66 (66903556)|HEAP_ALLOCATE|[EXTERNAL]|Bytes:16
17:07:34.66 (66911125)|VARIABLE_ASSIGNMENT|[EXTERNAL]|this.conStrength|2|0x60383566
17:07:34.67 (67038030)|HEAP_ALLOCATE|[EXTERNAL]|Bytes:28
17:07:34.67 (67068553)|VARIABLE_ASSIGNMENT|[EXTERNAL]|this|{"messages":"0x27768b51","severity":"ERROR"}|0x405f3cdc
17:07:34.0 (67203675)|SYSTEM_MODE_ENTER|true
17:07:34.0 (67224660)|HEAP_ALLOCATE|[EXTERNAL]|Bytes:80
17:07:34.0 (67270457)|VARIABLE_ASSIGNMENT|[EXTERNAL]|this|{"delToHub":false,"delToProj":true,"detail":"0x605b5eea","invoked":false,"rejected":false,"reserved":false,"selectedTime4":"8:00","sublocations1":"0x206177e2","www":"0x13173092","wwwById":"0x6dbe4dc7"}|0x217256fa
17:07:34.0 (67276448)|STATEMENT_EXECUTE|[196]
17:07:34.0 (67279148)|STATEMENT_EXECUTE|[197]
17:07:34.0 (67280349)|STATEMENT_EXECUTE|[200]
17:07:34.0 (67320312)|SYSTEM_MODE_ENTER|true
17:07:34.0 (67334795)|HEAP_ALLOCATE|[EXTERNAL]|Bytes:80
17:07:34.0 (67369573)|VARIABLE_ASSIGNMENT|[EXTERNAL]|this|{"delToHub":false,"delToProj":true,"detail":"0x605b5eea","invoked":false,"rejected":false,"reserved":false,"selectedTime4":"8:00","sublocations1":"0x206177e2","www":"0x13173092","wwwById":"0x6dbe4dc7"}|0x217256fa
17:07:34.0 (67374515)|STATEMENT_EXECUTE|[229]
17:07:34.0 (67376704)|STATEMENT_EXECUTE|[230]
17:07:34.0 (67377964)|STATEMENT_EXECUTE|[233]
17:07:34.0 (67412150)|SYSTEM_MODE_ENTER|true
17:07:34.0 (67426392)|HEAP_ALLOCATE|[EXTERNAL]|Bytes:80
17:07:34.0 (67458086)|VARIABLE_ASSIGNMENT|[EXTERNAL]|this|{"delToHub":false,"delToProj":true,"detail":"0x605b5eea","invoked":false,"rejected":false,"reserved":false,"selectedTime4":"8:00","sublocations1":"0x206177e2","www":"0x13173092","wwwById":"0x6dbe4dc7"}|0x217256fa
17:07:34.0 (67462308)|STATEMENT_EXECUTE|[204]
17:07:34.0 (67464093)|STATEMENT_EXECUTE|[205]
17:07:34.0 (67465138)|STATEMENT_EXECUTE|[208]
17:07:34.0 (67498400)|SYSTEM_MODE_ENTER|true
17:07:34.0 (67511072)|HEAP_ALLOCATE|[EXTERNAL]|Bytes:80
17:07:34.0 (67542091)|VARIABLE_ASSIGNMENT|[EXTERNAL]|this|{"delToHub":false,"delToProj":true,"detail":"0x605b5eea","invoked":false,"rejected":false,"reserved":false,"selectedTime4":"8:00","sublocations1":"0x206177e2","www":"0x13173092","wwwById":"0x6dbe4dc7"}|0x217256fa
17:07:34.0 (67546092)|STATEMENT_EXECUTE|[220]
17:07:34.0 (67548013)|STATEMENT_EXECUTE|[221]
17:07:34.0 (67549139)|STATEMENT_EXECUTE|[224]
17:07:34.0 (67599015)|SYSTEM_MODE_ENTER|true
17:07:34.0 (67613124)|HEAP_ALLOCATE|[EXTERNAL]|Bytes:80
17:07:34.0 (67649766)|VARIABLE_ASSIGNMENT|[EXTERNAL]|this|{"delToHub":false,"delToProj":true,"detail":"0x605b5eea","invoked":false,"rejected":false,"reserved":false,"selectedTime4":"8:00","sublocations1":"0x206177e2","www":"0x13173092","wwwById":"0x6dbe4dc7"}|0x217256fa
17:07:34.0 (67653958)|STATEMENT_EXECUTE|[3]
17:07:34.0 (67656114)|STATEMENT_EXECUTE|[4]
17:07:34.0 (67657261)|STATEMENT_EXECUTE|[9]
17:07:34.0 (70839207)|SYSTEM_MODE_ENTER|true
17:07:34.0 (70873542)|HEAP_ALLOCATE|[EXTERNAL]|Bytes:80
17:07:34.0 (70937943)|VARIABLE_ASSIGNMENT|[EXTERNAL]|this|{"delToHub":false,"delToProj":true,"detail":"0x605b5eea","invoked":false,"rejected":false,"reserved":false,"selectedTime4":"8:00","sublocations1":"0x206177e2","www":"0x13173092","wwwById":"0x6dbe4dc7"}|0x217256fa
17:07:34.0 (70948187)|STATEMENT_EXECUTE|[186]
17:07:34.0 (70952627)|STATEMENT_EXECUTE|[187]
17:07:34.0 (70954894)|STATEMENT_EXECUTE|[190]
17:07:34.0 (73324334)|SYSTEM_MODE_ENTER|true
17:07:34.0 (73348568)|HEAP_ALLOCATE|[EXTERNAL]|Bytes:80
17:07:34.0 (73395643)|VARIABLE_ASSIGNMENT|[EXTERNAL]|this|{"delToHub":false,"delToProj":true,"detail":"0x605b5eea","invoked":false,"rejected":false,"reserved":false,"selectedTime4":"8:00","sublocations1":"0x206177e2","www":"0x13173092","wwwById":"0x6dbe4dc7"}|0x217256fa
17:07:34.0 (73402456)|STATEMENT_EXECUTE|[212]
17:07:34.0 (73405327)|STATEMENT_EXECUTE|[213]
17:07:34.0 (73406517)|STATEMENT_EXECUTE|[216]
17:07:34.0 (73468702)|SYSTEM_MODE_ENTER|true
17:07:34.0 (73487102)|HEAP_ALLOCATE|[EXTERNAL]|Bytes:80
17:07:34.0 (73524612)|VARIABLE_ASSIGNMENT|[EXTERNAL]|this|{"delToHub":false,"delToProj":true,"detail":"0x605b5eea","invoked":false,"rejected":false,"reserved":false,"selectedTime4":"8:00","sublocations1":"0x206177e2","www":"0x13173092","wwwById":"0x6dbe4dc7"}|0x217256fa
17:07:34.0 (73529606)|STATEMENT_EXECUTE|[21]
17:07:34.0 (73532360)|STATEMENT_EXECUTE|[22]
17:07:34.0 (73533506)|STATEMENT_EXECUTE|[26]
17:07:34.76 (76011828)|SYSTEM_MODE_ENTER|true
17:07:34.76 (76061590)|HEAP_ALLOCATE|[EXTERNAL]|Bytes:8
17:07:34.76 (76068017)|VARIABLE_SCOPE_BEGIN|[88]|this|ApexPage.PageMessagesComponentController|true|false
17:07:34.76 (76086885)|VARIABLE_ASSIGNMENT|[88]|this|{}|0xf6d7f61
17:07:34.76 (76089821)|VARIABLE_SCOPE_BEGIN|[88]|escape|Boolean|false|false
17:07:34.76 (76093264)|VARIABLE_ASSIGNMENT|[88]|escape|null
17:07:34.76 (76200590)|SYSTEM_MODE_ENTER|true
17:07:34.76 (76226155)|HEAP_ALLOCATE|[EXTERNAL]|Bytes:8
17:07:34.76 (76230625)|VARIABLE_SCOPE_BEGIN|[2]|this|ApexPage.PageMessagesComponentController|true|false
17:07:34.76 (76244998)|VARIABLE_ASSIGNMENT|[2]|this|{}|0xf6d7f61
17:07:34.76 (76857727)|SYSTEM_MODE_ENTER|true
17:07:34.76 (76886415)|HEAP_ALLOCATE|[EXTERNAL]|Bytes:8
17:07:34.76 (76891749)|VARIABLE_SCOPE_BEGIN|[84]|this|ApexPage.PageMessagesComponentController|true|false
17:07:34.76 (76908109)|VARIABLE_ASSIGNMENT|[84]|this|{}|0xf6d7f61
17:07:34.76 (76972428)|SYSTEM_MODE_ENTER|true
17:07:34.76 (77007510)|HEAP_ALLOCATE|[EXTERNAL]|Bytes:16
17:07:34.76 (77012267)|HEAP_ALLOCATE|[EXTERNAL]|Bytes:5
17:07:34.76 (77015332)|VARIABLE_SCOPE_BEGIN|[9]|this|ApexPage.pagemessagecomponentcontroller|true|false
17:07:34.76 (77038194)|VARIABLE_ASSIGNMENT|[9]|this|{"conSeverity":"ERROR","conStrength":2,"escape":true}|0x60383566
17:07:34.76 (77040841)|VARIABLE_SCOPE_BEGIN|[9]|escape|Boolean|false|false
17:07:34.76 (77043354)|VARIABLE_ASSIGNMENT|[9]|escape|true
17:07:34.77 (77136165)|SYSTEM_MODE_ENTER|true
17:07:34.77 (77155063)|HEAP_ALLOCATE|[EXTERNAL]|Bytes:5
17:07:34.77 (77157712)|HEAP_ALLOCATE|[EXTERNAL]|Bytes:16
17:07:34.77 (77167357)|VARIABLE_ASSIGNMENT|[EXTERNAL]|this.conSeverity|"ERROR"|0x60383566
17:07:34.77 (77205290)|SYSTEM_MODE_ENTER|true
17:07:34.77 (77219760)|HEAP_ALLOCATE|[EXTERNAL]|Bytes:8
17:07:34.77 (77221724)|HEAP_ALLOCATE|[EXTERNAL]|Bytes:16
17:07:34.77 (77228449)|VARIABLE_ASSIGNMENT|[EXTERNAL]|this.conStrength|2|0x60383566
17:07:34.77 (77321518)|SYSTEM_MODE_ENTER|true
17:07:34.77 (77346102)|HEAP_ALLOCATE|[EXTERNAL]|Bytes:16
17:07:34.77 (77350447)|VARIABLE_SCOPE_BEGIN|[13]|this|ApexPage.pagemessagecomponentcontroller|true|false
17:07:34.77 (77369840)|VARIABLE_ASSIGNMENT|[13]|this|{"conSeverity":"ERROR","conStrength":2,"escape":true}|0x60383566
17:07:34.77 (77825817)|HEAP_ALLOCATE|[EXTERNAL]|Bytes:28
17:07:34.77 (77837338)|VARIABLE_SCOPE_BEGIN|[38]|this|ApexPage.PageMessagesComponentController.severityMessages|true|false
17:07:34.77 (77864170)|VARIABLE_ASSIGNMENT|[38]|this|{"messages":"0x7f3643e1","severity":"ERROR"}|0x7be1a708
17:07:34.78 (78172215)|SYSTEM_MODE_ENTER|true
17:07:34.78 (78198188)|HEAP_ALLOCATE|[EXTERNAL]|Bytes:16
17:07:34.78 (78202813)|VARIABLE_SCOPE_BEGIN|[5]|this|ApexPage.pagemessagecomponentcontroller|true|false
17:07:34.78 (78224506)|VARIABLE_ASSIGNMENT|[5]|this|{"conSeverity":"ERROR","conStrength":2,"escape":true}|0x60383566
17:07:34.78 (78334674)|HEAP_ALLOCATE|[EXTERNAL]|Bytes:28
17:07:34.78 (78361542)|VARIABLE_ASSIGNMENT|[EXTERNAL]|this|{"messages":"0x7f3643e1","severity":"ERROR"}|0x7be1a708
17:07:34.78 (78444677)|HEAP_ALLOCATE|[EXTERNAL]|Bytes:28
17:07:34.78 (78471935)|VARIABLE_ASSIGNMENT|[EXTERNAL]|this|{"messages":"0x7f3643e1","severity":"ERROR"}|0x7be1a708
17:07:34.0 (80243301)|VF_SERIALIZE_VIEWSTATE_BEGIN|06624000003h0Dg
17:07:34.0 (84440481)|VF_SERIALIZE_VIEWSTATE_END
17:07:34.86 (86389859)|CUMULATIVE_LIMIT_USAGE
17:07:34.86 (86389859)|LIMIT_USAGE_FOR_NS|(default)|
  Number of SOQL queries: 1 out of 100
  Number of query rows: 1 out of 50000
  Number of SOSL queries: 0 out of 20
  Number of DML statements: 0 out of 150
  Number of DML rows: 0 out of 10000
  Maximum CPU time: 0 out of 10000
  Maximum heap size: 0 out of 6000000
  Number of callouts: 0 out of 100
  Number of Email Invocations: 0 out of 10
  Number of future calls: 0 out of 50
  Number of queueable jobs added to the queue: 0 out of 50
  Number of Mobile Apex push calls: 0 out of 10

17:07:34.86 (86389859)|CUMULATIVE_LIMIT_USAGE_END

17:07:34.0 (86422589)|CODE_UNIT_FINISHED|VF: /apex/New_delivered_detail
17:07:34.0 (87184782)|EXECUTION_FINISHED
