38.0 APEX_CODE,FINEST;APEX_PROFILING,INFO;CALLOUT,INFO;DB,INFO;SYSTEM,DEBUG;VALIDATION,INFO;VISUALFORCE,INFO;WAVE,INFO;WORKFLOW,INFO
14:59:33.0 (279652)|USER_INFO|[EXTERNAL]|00524000001e3Uj|bedrijfsbureau@gsa.nl.sandbox|Midden-Europese standaardtijd|GMT+01:00
14:59:33.0 (302299)|EXECUTION_STARTED
14:59:33.0 (305995)|CODE_UNIT_STARTED|[EXTERNAL]|06624000003h0Dq|VF: /apex/ChoseRecordType
14:59:33.0 (4368896)|SYSTEM_MODE_ENTER|true
14:59:33.0 (4639756)|HEAP_ALLOCATE|[72]|Bytes:3
14:59:33.0 (4678586)|HEAP_ALLOCATE|[77]|Bytes:152
14:59:33.0 (4692685)|HEAP_ALLOCATE|[342]|Bytes:408
14:59:33.0 (4705658)|HEAP_ALLOCATE|[355]|Bytes:408
14:59:33.0 (4718280)|HEAP_ALLOCATE|[467]|Bytes:48
14:59:33.0 (4745286)|HEAP_ALLOCATE|[139]|Bytes:6
14:59:33.0 (4809158)|HEAP_ALLOCATE|[EXTERNAL]|Bytes:11
14:59:33.0 (4814007)|HEAP_ALLOCATE|[EXTERNAL]|Bytes:408
14:59:33.0 (4816491)|HEAP_ALLOCATE|[EXTERNAL]|Bytes:120
14:59:33.0 (4819297)|HEAP_ALLOCATE|[EXTERNAL]|Bytes:108
14:59:33.0 (4827265)|METHOD_ENTRY|[1]|01p2400000DUtXT|NewDeliveredExtension.NewDeliveredExtension()
14:59:33.0 (4830770)|STATEMENT_EXECUTE|[1]
14:59:33.0 (4835966)|STATEMENT_EXECUTE|[1]
14:59:33.0 (4837288)|STATEMENT_EXECUTE|[537]
14:59:33.0 (4842116)|METHOD_EXIT|[1]|NewDeliveredExtension
14:59:33.0 (4849382)|HEAP_ALLOCATE|[EXTERNAL]|Bytes:80
14:59:33.0 (4862781)|VARIABLE_SCOPE_BEGIN|[163]|this|NewDeliveredExtension|true|false
14:59:33.0 (4920383)|VARIABLE_ASSIGNMENT|[163]|this|{}|0x2a4e153c
14:59:33.0 (4923290)|VARIABLE_SCOPE_BEGIN|[163]|controller|ApexPages.StandardController|true|false
14:59:33.0 (5061190)|VARIABLE_ASSIGNMENT|[163]|controller|"StandardController [null]"|0x25495065
14:59:33.0 (5070369)|STATEMENT_EXECUTE|[1]
14:59:33.0 (5071919)|STATEMENT_EXECUTE|[2]
14:59:33.0 (5073745)|STATEMENT_EXECUTE|[20]
14:59:33.0 (5075063)|STATEMENT_EXECUTE|[61]
14:59:33.0 (5076106)|STATEMENT_EXECUTE|[69]
14:59:33.0 (5077128)|STATEMENT_EXECUTE|[77]
14:59:33.0 (5078174)|STATEMENT_EXECUTE|[85]
14:59:33.0 (5079317)|STATEMENT_EXECUTE|[93]
14:59:33.0 (5080417)|STATEMENT_EXECUTE|[101]
14:59:33.0 (5081588)|STATEMENT_EXECUTE|[123]
14:59:33.0 (5185534)|HEAP_ALLOCATE|[123]|Bytes:4
14:59:33.0 (5191537)|HEAP_ALLOCATE|[123]|Bytes:258
14:59:33.0 (5195006)|HEAP_ALLOCATE|[123]|Bytes:4
14:59:33.0 (5235234)|HEAP_ALLOCATE|[50]|Bytes:5
14:59:33.0 (5256441)|HEAP_ALLOCATE|[56]|Bytes:5
14:59:33.0 (5262276)|HEAP_ALLOCATE|[64]|Bytes:7
14:59:33.0 (5773475)|SOQL_EXECUTE_BEGIN|[123]|Aggregations:0|SELECT Id, Project__c, Item__c, Actueel_aantal_palletplaatsenworkflow__c, Ticket_Number_ILIPS__c, Filecardnumber__c, Projectmember__c, Hub_Building_Site__c, Actueel_aantal_palletplaatsen__c, Supplier__c, Name FROM WWW__c ORDER BY CreatedDate DESC NULLS FIRST
14:59:33.0 (17023415)|SOQL_EXECUTE_END|[123]|Rows:4
14:59:33.0 (17039149)|HEAP_ALLOCATE|[123]|Bytes:20
14:59:33.0 (17066893)|HEAP_ALLOCATE|[123]|Bytes:884
14:59:33.0 (17137084)|HEAP_ALLOCATE|[123]|Bytes:20
14:59:33.0 (17201657)|HEAP_ALLOCATE|[123]|Bytes:28
14:59:33.0 (17210015)|HEAP_ALLOCATE|[123]|Bytes:4
14:59:33.0 (17218293)|HEAP_ALLOCATE|[123]|Bytes:28
14:59:33.0 (17221511)|HEAP_ALLOCATE|[123]|Bytes:4
14:59:33.0 (17226538)|HEAP_ALLOCATE|[123]|Bytes:28
14:59:33.0 (17229472)|HEAP_ALLOCATE|[123]|Bytes:4
14:59:33.0 (17233991)|HEAP_ALLOCATE|[123]|Bytes:28
14:59:33.0 (17236806)|HEAP_ALLOCATE|[123]|Bytes:4
14:59:33.0 (17284200)|VARIABLE_ASSIGNMENT|[123]|this.wwwById|{"a0t0E0000004UUNQA2":{"Id":"a0t0E0000004UUNQA2","Project__c":"a0q0E0000008S3WQAU","Item__c":"a0A0E0000001PiqUAE","Hub_Building_Site__c":"a020E000000zFeUQAU","Actueel_aantal_palle (12 more) ...":0,"Name":"WWW-13540"},"a0t0E0000004NFcQAM":{"Id":"a0t0E0000004NFcQAM","Project__c":"a0q0E0000008S3bQAE","Item__c":"a0A0E0000001Pj0UAE","Hub_Building_Site__c":"a020E000000zEM2QAM","Actueel_aantal_palle (12 more) ...":0,"Name":"WWW-13490"},"a0t0E0000004NFXQA2":{"Id":"a0t0E0000004NFXQA2","Project__c":"a0q0E0000008S3WQAU","Item__c":"a0A0E0000001PiqUAE","Hub_Building_Site__c":"a020E000000zEM2QAM","Actueel_aantal_palle (12 more) ...":0,"Name":"WWW-13489"},"a0t0E0000004NFNQA2":{"Id":"a0t0E0000004NFNQA2","Project__c":"a0q0E0000008S3WQAU","Item__c":"a0A0E0000001PilUAE","Hub_Building_Site__c":"a020E000000zEM2QAM","Actueel_aantal_palle (12 more) ...":0,"Name":"WWW-13487"}}|0x2a4e153c
14:59:33.0 (17291727)|STATEMENT_EXECUTE|[155]
14:59:33.0 (17293374)|STATEMENT_EXECUTE|[156]
14:59:33.0 (17294484)|STATEMENT_EXECUTE|[184]
14:59:33.0 (17295526)|STATEMENT_EXECUTE|[185]
14:59:33.0 (17296630)|STATEMENT_EXECUTE|[195]
14:59:33.0 (17297759)|STATEMENT_EXECUTE|[203]
14:59:33.0 (17298793)|STATEMENT_EXECUTE|[211]
14:59:33.0 (17299818)|STATEMENT_EXECUTE|[219]
14:59:33.0 (17300843)|STATEMENT_EXECUTE|[228]
14:59:33.0 (17301904)|STATEMENT_EXECUTE|[236]
14:59:33.0 (17309123)|HEAP_ALLOCATE|[123]|Bytes:6
14:59:33.0 (17330551)|STATEMENT_EXECUTE|[163]
14:59:33.0 (17332045)|STATEMENT_EXECUTE|[164]
14:59:33.0 (17379095)|HEAP_ALLOCATE|[164]|Bytes:140
14:59:33.0 (17428927)|HEAP_ALLOCATE|[164]|Bytes:115
14:59:33.0 (17441979)|HEAP_ALLOCATE|[164]|Bytes:10
14:59:33.0 (17512985)|VARIABLE_ASSIGNMENT|[EXTERNAL]|this|{"wwwById":"0x426e9291"}|0x2a4e153c
14:59:33.0 (17517990)|STATEMENT_EXECUTE|[3]
14:59:33.0 (17522288)|STATEMENT_EXECUTE|[4]
14:59:33.0 (17523391)|STATEMENT_EXECUTE|[5]
14:59:33.0 (17555288)|HEAP_ALLOCATE|[5]|Bytes:4
14:59:33.0 (17651076)|VARIABLE_ASSIGNMENT|[5]|this.detail|{}|0x2a4e153c
14:59:33.0 (17653788)|STATEMENT_EXECUTE|[6]
14:59:33.0 (17703327)|VARIABLE_ASSIGNMENT|[EXTERNAL]|this|{"detail":"0x41540eb8","wwwById":"0x426e9291"}|0x2a4e153c
14:59:33.0 (17707060)|STATEMENT_EXECUTE|[21]
14:59:33.0 (17709528)|STATEMENT_EXECUTE|[22]
14:59:33.0 (17710586)|STATEMENT_EXECUTE|[23]
14:59:33.0 (17720547)|HEAP_ALLOCATE|[23]|Bytes:4
14:59:33.0 (17766354)|VARIABLE_ASSIGNMENT|[23]|this.www|{}|0x2a4e153c
14:59:33.0 (17769607)|STATEMENT_EXECUTE|[26]
14:59:33.0 (18006620)|VARIABLE_ASSIGNMENT|[6]|this.WWW__c|null|0x41540eb8
14:59:33.0 (18010697)|STATEMENT_EXECUTE|[7]
14:59:33.0 (18063002)|VARIABLE_ASSIGNMENT|[EXTERNAL]|this|{"detail":"0x41540eb8","www":"0x21bea2ee","wwwById":"0x426e9291"}|0x2a4e153c
14:59:33.0 (18114585)|VARIABLE_ASSIGNMENT|[7]|this.Project__c|null|0x41540eb8
14:59:33.0 (18118081)|STATEMENT_EXECUTE|[9]
14:59:33.0 (18189366)|VARIABLE_ASSIGNMENT|[164]|this.RecordTypeId|null|0x41540eb8
14:59:33.0 (18192509)|STATEMENT_EXECUTE|[165]
14:59:33.0 (18236144)|VARIABLE_ASSIGNMENT|[EXTERNAL]|this|{"detail":"0x41540eb8","www":"0x21bea2ee","wwwById":"0x426e9291"}|0x2a4e153c
14:59:33.0 (18239382)|STATEMENT_EXECUTE|[3]
14:59:33.0 (18241285)|STATEMENT_EXECUTE|[4]
14:59:33.0 (18242295)|STATEMENT_EXECUTE|[9]
14:59:33.0 (18268270)|USER_DEBUG|[165]|DEBUG|null
14:59:33.0 (18273236)|STATEMENT_EXECUTE|[166]
14:59:33.0 (18318336)|HEAP_ALLOCATE|[166]|Bytes:4
14:59:33.0 (18323682)|HEAP_ALLOCATE|[166]|Bytes:82
14:59:33.0 (18326623)|HEAP_ALLOCATE|[166]|Bytes:4
14:59:33.0 (18503591)|SOQL_EXECUTE_BEGIN|[166]|Aggregations:0|SELECT Id, Name, DeveloperName FROM RecordType WHERE sobjectType = 'WWW_detail__c'
14:59:33.0 (28031812)|SOQL_EXECUTE_END|[166]|Rows:5
14:59:33.0 (28045033)|HEAP_ALLOCATE|[166]|Bytes:24
14:59:33.0 (28063395)|HEAP_ALLOCATE|[166]|Bytes:371
14:59:33.0 (28096368)|HEAP_ALLOCATE|[166]|Bytes:24
14:59:33.0 (28135046)|HEAP_ALLOCATE|[166]|Bytes:16
14:59:33.0 (28142041)|HEAP_ALLOCATE|[166]|Bytes:4
14:59:33.0 (28147948)|HEAP_ALLOCATE|[166]|Bytes:16
14:59:33.0 (28151416)|HEAP_ALLOCATE|[166]|Bytes:4
14:59:33.0 (28155455)|HEAP_ALLOCATE|[166]|Bytes:16
14:59:33.0 (28158477)|HEAP_ALLOCATE|[166]|Bytes:4
14:59:33.0 (28162171)|HEAP_ALLOCATE|[166]|Bytes:16
14:59:33.0 (28165156)|HEAP_ALLOCATE|[166]|Bytes:4
14:59:33.0 (28168764)|HEAP_ALLOCATE|[166]|Bytes:16
14:59:33.0 (28171731)|HEAP_ALLOCATE|[166]|Bytes:4
14:59:33.0 (28179109)|VARIABLE_SCOPE_BEGIN|[166]|recByNames|Map<Id,RecordType>|true|false
14:59:33.0 (28207757)|VARIABLE_ASSIGNMENT|[166]|recByNames|{"01224000000Sn4NAAS":{"Id":"01224000000Sn4NAAS","Name":"Afleveren","DeveloperName":"Delivered_2_Project"},"01224000000Sn4OAAS":{"Id":"01224000000Sn4OAAS","Name":"Afroepen","DeveloperName":"Invoked"},"01224000000Sn4PAAS":{"Id":"01224000000Sn4PAAS","Name":"Afwijzen","DeveloperName":"Rejected"},"01224000000Sn4MAAS":{"Id":"01224000000Sn4MAAS","Name":"Ontvangen","DeveloperName":"Delivered_2_Hub"},"01224000000Sn4QAAS":{"Id":"01224000000Sn4QAAS","Name":"Verwachten","DeveloperName":"Reserved"}}|0x6c88e8e0
14:59:33.0 (28262466)|VARIABLE_ASSIGNMENT|[EXTERNAL]|this|{"detail":"0x41540eb8","www":"0x21bea2ee","wwwById":"0x426e9291"}|0x2a4e153c
14:59:33.0 (28266577)|STATEMENT_EXECUTE|[3]
14:59:33.0 (28269042)|STATEMENT_EXECUTE|[4]
14:59:33.0 (28270272)|STATEMENT_EXECUTE|[9]
14:59:33.0 (28278403)|STATEMENT_EXECUTE|[168]
14:59:33.0 (28279727)|STATEMENT_EXECUTE|[181]
14:59:33.0 (28293016)|METHOD_ENTRY|[181]|01p2400000DUtXT|NewDeliveredExtension.getProjects()
14:59:33.0 (28302942)|VARIABLE_SCOPE_BEGIN|[139]|this|NewDeliveredExtension|true|false
14:59:33.0 (28329403)|VARIABLE_ASSIGNMENT|[139]|this|{"detail":"0x41540eb8","www":"0x21bea2ee","wwwById":"0x426e9291"}|0x2a4e153c
14:59:33.0 (28335353)|STATEMENT_EXECUTE|[139]
14:59:33.0 (28336620)|STATEMENT_EXECUTE|[141]
14:59:33.0 (28343893)|HEAP_ALLOCATE|[141]|Bytes:4
14:59:33.0 (28367944)|VARIABLE_SCOPE_BEGIN|[141]|options|List<System.SelectOption>|true|false
14:59:33.0 (28399826)|HEAP_ALLOCATE|[EXTERNAL]|Bytes:4
14:59:33.0 (28407872)|VARIABLE_ASSIGNMENT|[141]|options|[]|0x7dfa4b2e
14:59:33.0 (28410677)|STATEMENT_EXECUTE|[142]
14:59:33.0 (28450736)|HEAP_ALLOCATE|[142]|Bytes:4
14:59:33.0 (28455784)|HEAP_ALLOCATE|[142]|Bytes:71
14:59:33.0 (28458447)|HEAP_ALLOCATE|[142]|Bytes:4
14:59:33.0 (28654741)|SOQL_EXECUTE_BEGIN|[142]|Aggregations:0|SELECT Id, Name FROM Projecten__c ORDER BY CreatedDate DESC NULLS FIRST
14:59:33.0 (29685814)|SOQL_EXECUTE_END|[142]|Rows:3
14:59:33.0 (29699063)|HEAP_ALLOCATE|[142]|Bytes:16
14:59:33.0 (29711358)|HEAP_ALLOCATE|[142]|Bytes:126
14:59:33.0 (29742836)|HEAP_ALLOCATE|[142]|Bytes:16
14:59:33.0 (29782195)|HEAP_ALLOCATE|[142]|Bytes:12
14:59:33.0 (29789878)|HEAP_ALLOCATE|[142]|Bytes:4
14:59:33.0 (29796704)|HEAP_ALLOCATE|[142]|Bytes:12
14:59:33.0 (29799878)|HEAP_ALLOCATE|[142]|Bytes:4
14:59:33.0 (29804682)|HEAP_ALLOCATE|[142]|Bytes:12
14:59:33.0 (29807574)|HEAP_ALLOCATE|[142]|Bytes:4
14:59:33.0 (29814399)|VARIABLE_SCOPE_BEGIN|[142]|prById|Map<Id,Projecten__c>|true|false
14:59:33.0 (29835335)|VARIABLE_ASSIGNMENT|[142]|prById|{"a0q0E0000008ahlQAA":{"Id":"a0q0E0000008ahlQAA","Name":"1111"},"a0q0E0000008S3bQAE":{"Id":"a0q0E0000008S3bQAE","Name":"2165103"},"a0q0E0000008S3WQAU":{"Id":"a0q0E0000008S3WQAU","Name":"5700"}}|0x63949ece
14:59:33.0 (29839212)|STATEMENT_EXECUTE|[143]
14:59:33.0 (29842479)|HEAP_ALLOCATE|[143]|Bytes:6
14:59:33.0 (29926048)|HEAP_ALLOCATE|[143]|Bytes:207
14:59:33.0 (29943946)|HEAP_ALLOCATE|[143]|Bytes:213
14:59:33.0 (29954128)|USER_DEBUG|[143]|DEBUG|prById{a0q0E0000008S3WQAU=Projecten__c:{Id=a0q0E0000008S3WQAU, Name=5700}, a0q0E0000008S3bQAE=Projecten__c:{Id=a0q0E0000008S3bQAE, Name=2165103}, a0q0E0000008ahlQAA=Projecten__c:{Id=a0q0E0000008ahlQAA, Name=1111}}
14:59:33.0 (29959425)|STATEMENT_EXECUTE|[144]
14:59:33.0 (29986912)|HEAP_ALLOCATE|[EXTERNAL]|Bytes:16
14:59:33.0 (29994662)|HEAP_ALLOCATE|[144]|Bytes:139
14:59:33.0 (30038724)|HEAP_ALLOCATE|[144]|Bytes:12
14:59:33.0 (30110442)|VARIABLE_ASSIGNMENT|[EXTERNAL]|this|{"detail":"0x41540eb8","www":"0x21bea2ee","wwwById":"0x426e9291"}|0x2a4e153c
14:59:33.0 (30114975)|STATEMENT_EXECUTE|[3]
14:59:33.0 (30117368)|STATEMENT_EXECUTE|[4]
14:59:33.0 (30118535)|STATEMENT_EXECUTE|[9]
14:59:33.0 (30176704)|VARIABLE_ASSIGNMENT|[144]|this.Project__c|"a0q0E0000008ahlQAA"|0x41540eb8
14:59:33.0 (30209109)|HEAP_ALLOCATE|[EXTERNAL]|Bytes:16
14:59:33.0 (30218427)|HEAP_ALLOCATE|[145]|Bytes:139
14:59:33.0 (30365309)|HEAP_ALLOCATE|[145]|Bytes:5
14:59:33.0 (30386055)|HEAP_ALLOCATE|[145]|Bytes:12
14:59:33.0 (30393978)|VARIABLE_SCOPE_BEGIN|[145]|rec|Projecten__c|true|false
14:59:33.0 (30405329)|VARIABLE_ASSIGNMENT|[145]|rec|{"Id":"a0q0E0000008ahlQAA","Name":"1111"}|0x5de5bb76
14:59:33.0 (30408491)|STATEMENT_EXECUTE|[145]
14:59:33.0 (30455104)|VARIABLE_ASSIGNMENT|[EXTERNAL]|this|{"detail":"0x41540eb8","www":"0x21bea2ee","wwwById":"0x426e9291"}|0x2a4e153c
14:59:33.0 (30458467)|STATEMENT_EXECUTE|[21]
14:59:33.0 (30460703)|STATEMENT_EXECUTE|[22]
14:59:33.0 (30461789)|STATEMENT_EXECUTE|[26]
14:59:33.0 (30468664)|STATEMENT_EXECUTE|[146]
14:59:33.0 (30469825)|STATEMENT_EXECUTE|[147]
14:59:33.0 (30507408)|VARIABLE_ASSIGNMENT|[EXTERNAL]|this|{"detail":"0x41540eb8","www":"0x21bea2ee","wwwById":"0x426e9291"}|0x2a4e153c
14:59:33.0 (30510671)|STATEMENT_EXECUTE|[21]
14:59:33.0 (30512214)|STATEMENT_EXECUTE|[22]
14:59:33.0 (30513203)|STATEMENT_EXECUTE|[26]
14:59:33.0 (30560218)|VARIABLE_ASSIGNMENT|[147]|this.Project__c|"a0q0E0000008ahlQAA"|0x21bea2ee
14:59:33.0 (30563506)|STATEMENT_EXECUTE|[150]
14:59:33.0 (30580763)|HEAP_ALLOCATE|[150]|Bytes:18
14:59:33.0 (30645129)|HEAP_ALLOCATE|[EXTERNAL]|Bytes:4
14:59:33.0 (30658915)|HEAP_ALLOCATE|[145]|Bytes:5
14:59:33.0 (30667399)|HEAP_ALLOCATE|[145]|Bytes:12
14:59:33.0 (30673066)|VARIABLE_SCOPE_BEGIN|[145]|rec|Projecten__c|true|false
14:59:33.0 (30683040)|VARIABLE_ASSIGNMENT|[145]|rec|{"Id":"a0q0E0000008S3bQAE","Name":"2165103"}|0x7fa24c77
14:59:33.0 (30685543)|STATEMENT_EXECUTE|[145]
14:59:33.0 (30718494)|VARIABLE_ASSIGNMENT|[EXTERNAL]|this|{"detail":"0x41540eb8","www":"0x21bea2ee","wwwById":"0x426e9291"}|0x2a4e153c
14:59:33.0 (30721569)|STATEMENT_EXECUTE|[21]
14:59:33.0 (30723424)|STATEMENT_EXECUTE|[22]
14:59:33.0 (30724475)|STATEMENT_EXECUTE|[26]
14:59:33.0 (30747365)|STATEMENT_EXECUTE|[146]
14:59:33.0 (30748798)|STATEMENT_EXECUTE|[150]
14:59:33.0 (30757112)|HEAP_ALLOCATE|[150]|Bytes:18
14:59:33.0 (30769132)|HEAP_ALLOCATE|[EXTERNAL]|Bytes:4
14:59:33.0 (30778392)|HEAP_ALLOCATE|[145]|Bytes:5
14:59:33.0 (30785412)|HEAP_ALLOCATE|[145]|Bytes:12
14:59:33.0 (30789634)|VARIABLE_SCOPE_BEGIN|[145]|rec|Projecten__c|true|false
14:59:33.0 (30798112)|VARIABLE_ASSIGNMENT|[145]|rec|{"Id":"a0q0E0000008S3WQAU","Name":"5700"}|0x52278782
14:59:33.0 (30800258)|STATEMENT_EXECUTE|[145]
14:59:33.0 (30830193)|VARIABLE_ASSIGNMENT|[EXTERNAL]|this|{"detail":"0x41540eb8","www":"0x21bea2ee","wwwById":"0x426e9291"}|0x2a4e153c
14:59:33.0 (30832881)|STATEMENT_EXECUTE|[21]
14:59:33.0 (30834413)|STATEMENT_EXECUTE|[22]
14:59:33.0 (30835439)|STATEMENT_EXECUTE|[26]
14:59:33.0 (30841141)|STATEMENT_EXECUTE|[146]
14:59:33.0 (30842254)|STATEMENT_EXECUTE|[150]
14:59:33.0 (30848557)|HEAP_ALLOCATE|[150]|Bytes:18
14:59:33.0 (30857542)|HEAP_ALLOCATE|[EXTERNAL]|Bytes:4
14:59:33.0 (30865224)|HEAP_ALLOCATE|[145]|Bytes:5
14:59:33.0 (30873188)|VARIABLE_ASSIGNMENT|[145]|rec|null|
14:59:33.0 (30875927)|STATEMENT_EXECUTE|[152]
14:59:33.0 (30879435)|METHOD_EXIT|[181]|01p2400000DUtXT|NewDeliveredExtension.getProjects()
14:59:33.32 (32035669)|SYSTEM_MODE_ENTER|true
14:59:33.32 (32064421)|HEAP_ALLOCATE|[EXTERNAL]|Bytes:38
14:59:33.32 (32069637)|HEAP_ALLOCATE|[EXTERNAL]|Bytes:7
14:59:33.32 (32076521)|SYSTEM_METHOD_ENTRY|[1]|PageMessagesComponentController.PageMessagesComponentController()
14:59:33.32 (32079683)|STATEMENT_EXECUTE|[1]
14:59:33.32 (32202442)|SYSTEM_MODE_ENTER|true
14:59:33.32 (32246140)|HEAP_ALLOCATE|[EXTERNAL]|Bytes:8
14:59:33.32 (32252139)|VARIABLE_SCOPE_BEGIN|[88]|this|ApexPage.PageMessagesComponentController|true|false
14:59:33.32 (32269386)|VARIABLE_ASSIGNMENT|[88]|this|{}|0x391f7a73
14:59:33.32 (32272000)|VARIABLE_SCOPE_BEGIN|[88]|escape|Boolean|false|false
14:59:33.32 (32274986)|VARIABLE_ASSIGNMENT|[88]|escape|null
14:59:33.32 (32417195)|SYSTEM_MODE_ENTER|true
14:59:33.32 (32442664)|HEAP_ALLOCATE|[EXTERNAL]|Bytes:8
14:59:33.32 (32447986)|VARIABLE_SCOPE_BEGIN|[2]|this|ApexPage.PageMessagesComponentController|true|false
14:59:33.32 (32461047)|VARIABLE_ASSIGNMENT|[2]|this|{}|0x391f7a73
14:59:33.46 (46227568)|SYSTEM_MODE_ENTER|true
14:59:33.46 (46287778)|HEAP_ALLOCATE|[EXTERNAL]|Bytes:8
14:59:33.46 (46295781)|VARIABLE_SCOPE_BEGIN|[88]|this|ApexPage.PageMessagesComponentController|true|false
14:59:33.46 (46316829)|VARIABLE_ASSIGNMENT|[88]|this|{}|0x391f7a73
14:59:33.46 (46319613)|VARIABLE_SCOPE_BEGIN|[88]|escape|Boolean|false|false
14:59:33.46 (46323016)|VARIABLE_ASSIGNMENT|[88]|escape|null
14:59:33.46 (46454078)|SYSTEM_MODE_ENTER|true
14:59:33.46 (46479991)|HEAP_ALLOCATE|[EXTERNAL]|Bytes:8
14:59:33.46 (46484999)|VARIABLE_SCOPE_BEGIN|[2]|this|ApexPage.PageMessagesComponentController|true|false
14:59:33.46 (46499002)|VARIABLE_ASSIGNMENT|[2]|this|{}|0x391f7a73
14:59:33.0 (47014981)|SYSTEM_MODE_ENTER|true
14:59:33.0 (47039894)|HEAP_ALLOCATE|[EXTERNAL]|Bytes:80
14:59:33.0 (47045063)|VARIABLE_SCOPE_BEGIN|[109]|this|NewDeliveredExtension|true|false
14:59:33.0 (47086959)|VARIABLE_ASSIGNMENT|[109]|this|{"detail":"0x41540eb8","www":"0x21bea2ee","wwwById":"0x426e9291"}|0x2a4e153c
14:59:33.0 (47094743)|STATEMENT_EXECUTE|[109]
14:59:33.0 (47096401)|STATEMENT_EXECUTE|[111]
14:59:33.0 (47100966)|HEAP_ALLOCATE|[111]|Bytes:4
14:59:33.0 (47124755)|VARIABLE_SCOPE_BEGIN|[111]|options|List<System.SelectOption>|true|false
14:59:33.0 (47137763)|HEAP_ALLOCATE|[EXTERNAL]|Bytes:4
14:59:33.0 (47144344)|VARIABLE_ASSIGNMENT|[111]|options|[]|0x18d017ae
14:59:33.0 (47146743)|STATEMENT_EXECUTE|[112]
14:59:33.0 (47150764)|HEAP_ALLOCATE|[112]|Bytes:4
14:59:33.0 (47155169)|HEAP_ALLOCATE|[112]|Bytes:4
14:59:33.0 (47344098)|SOQL_EXECUTE_BEGIN|[112]|Aggregations:0|SELECT Id, Name, DeveloperName FROM RecordType WHERE sobjectType = 'WWW_detail__c'
14:59:33.0 (49445978)|SOQL_EXECUTE_END|[112]|Rows:5
14:59:33.0 (49459363)|HEAP_ALLOCATE|[112]|Bytes:24
14:59:33.0 (49479484)|HEAP_ALLOCATE|[112]|Bytes:371
14:59:33.0 (49493026)|HEAP_ALLOCATE|[112]|Bytes:24
14:59:33.0 (49514668)|HEAP_ALLOCATE|[112]|Bytes:16
14:59:33.0 (49522341)|HEAP_ALLOCATE|[112]|Bytes:4
14:59:33.0 (49528539)|HEAP_ALLOCATE|[112]|Bytes:16
14:59:33.0 (49531767)|HEAP_ALLOCATE|[112]|Bytes:4
14:59:33.0 (49535748)|HEAP_ALLOCATE|[112]|Bytes:16
14:59:33.0 (49538610)|HEAP_ALLOCATE|[112]|Bytes:4
14:59:33.0 (49542322)|HEAP_ALLOCATE|[112]|Bytes:16
14:59:33.0 (49545177)|HEAP_ALLOCATE|[112]|Bytes:4
14:59:33.0 (49549292)|HEAP_ALLOCATE|[112]|Bytes:16
14:59:33.0 (49552094)|HEAP_ALLOCATE|[112]|Bytes:4
14:59:33.0 (49557535)|VARIABLE_SCOPE_BEGIN|[112]|recByNames|Map<Id,RecordType>|true|false
14:59:33.0 (49586479)|VARIABLE_ASSIGNMENT|[112]|recByNames|{"01224000000Sn4NAAS":{"Id":"01224000000Sn4NAAS","Name":"Afleveren","DeveloperName":"Delivered_2_Project"},"01224000000Sn4OAAS":{"Id":"01224000000Sn4OAAS","Name":"Afroepen","DeveloperName":"Invoked"},"01224000000Sn4PAAS":{"Id":"01224000000Sn4PAAS","Name":"Afwijzen","DeveloperName":"Rejected"},"01224000000Sn4MAAS":{"Id":"01224000000Sn4MAAS","Name":"Ontvangen","DeveloperName":"Delivered_2_Hub"},"01224000000Sn4QAAS":{"Id":"01224000000Sn4QAAS","Name":"Verwachten","DeveloperName":"Reserved"}}|0x4f226ae7
14:59:33.0 (49619143)|HEAP_ALLOCATE|[EXTERNAL]|Bytes:24
14:59:33.0 (49628865)|HEAP_ALLOCATE|[114]|Bytes:390
14:59:33.0 (49760110)|HEAP_ALLOCATE|[114]|Bytes:5
14:59:33.0 (49771087)|HEAP_ALLOCATE|[114]|Bytes:16
14:59:33.0 (49778840)|VARIABLE_SCOPE_BEGIN|[114]|rec|RecordType|true|false
14:59:33.0 (49789373)|VARIABLE_ASSIGNMENT|[114]|rec|{"Id":"01224000000Sn4NAAS","Name":"Afleveren","DeveloperName":"Delivered_2_Project"}|0x67b3e6a2
14:59:33.0 (49792955)|STATEMENT_EXECUTE|[114]
14:59:33.0 (49794479)|STATEMENT_EXECUTE|[116]
14:59:33.0 (49827477)|HEAP_ALLOCATE|[116]|Bytes:18
14:59:33.0 (49886544)|HEAP_ALLOCATE|[EXTERNAL]|Bytes:4
14:59:33.0 (49899784)|HEAP_ALLOCATE|[114]|Bytes:5
14:59:33.0 (49906919)|HEAP_ALLOCATE|[114]|Bytes:16
14:59:33.0 (49911646)|VARIABLE_SCOPE_BEGIN|[114]|rec|RecordType|true|false
14:59:33.0 (49920657)|VARIABLE_ASSIGNMENT|[114]|rec|{"Id":"01224000000Sn4OAAS","Name":"Afroepen","DeveloperName":"Invoked"}|0x1fb9bc73
14:59:33.0 (49923666)|STATEMENT_EXECUTE|[114]
14:59:33.0 (49924846)|STATEMENT_EXECUTE|[116]
14:59:33.0 (49934404)|HEAP_ALLOCATE|[116]|Bytes:18
14:59:33.0 (49945191)|HEAP_ALLOCATE|[EXTERNAL]|Bytes:4
14:59:33.0 (49952589)|HEAP_ALLOCATE|[114]|Bytes:5
14:59:33.0 (49958219)|HEAP_ALLOCATE|[114]|Bytes:16
14:59:33.0 (49961505)|VARIABLE_SCOPE_BEGIN|[114]|rec|RecordType|true|false
14:59:33.0 (49968116)|VARIABLE_ASSIGNMENT|[114]|rec|{"Id":"01224000000Sn4PAAS","Name":"Afwijzen","DeveloperName":"Rejected"}|0xe755d2
14:59:33.0 (49970450)|STATEMENT_EXECUTE|[114]
14:59:33.0 (49971543)|STATEMENT_EXECUTE|[116]
14:59:33.0 (49977403)|HEAP_ALLOCATE|[116]|Bytes:18
14:59:33.0 (49984654)|HEAP_ALLOCATE|[EXTERNAL]|Bytes:4
14:59:33.0 (49991158)|HEAP_ALLOCATE|[114]|Bytes:5
14:59:33.0 (49996226)|HEAP_ALLOCATE|[114]|Bytes:16
14:59:33.0 (49999093)|VARIABLE_SCOPE_BEGIN|[114]|rec|RecordType|true|false
14:59:33.0 (50005286)|VARIABLE_ASSIGNMENT|[114]|rec|{"Id":"01224000000Sn4MAAS","Name":"Ontvangen","DeveloperName":"Delivered_2_Hub"}|0xff3f625
14:59:33.0 (50007968)|STATEMENT_EXECUTE|[114]
14:59:33.0 (50008967)|STATEMENT_EXECUTE|[116]
14:59:33.0 (50013954)|HEAP_ALLOCATE|[116]|Bytes:18
14:59:33.0 (50020742)|HEAP_ALLOCATE|[EXTERNAL]|Bytes:4
14:59:33.0 (50026780)|HEAP_ALLOCATE|[114]|Bytes:5
14:59:33.0 (50031903)|HEAP_ALLOCATE|[114]|Bytes:16
14:59:33.0 (50034867)|VARIABLE_SCOPE_BEGIN|[114]|rec|RecordType|true|false
14:59:33.0 (50040652)|VARIABLE_ASSIGNMENT|[114]|rec|{"Id":"01224000000Sn4QAAS","Name":"Verwachten","DeveloperName":"Reserved"}|0x770d878f
14:59:33.0 (50042682)|STATEMENT_EXECUTE|[114]
14:59:33.0 (50043645)|STATEMENT_EXECUTE|[116]
14:59:33.0 (50048567)|HEAP_ALLOCATE|[116]|Bytes:18
14:59:33.0 (50055298)|HEAP_ALLOCATE|[EXTERNAL]|Bytes:4
14:59:33.0 (50061367)|HEAP_ALLOCATE|[114]|Bytes:5
14:59:33.0 (50067903)|VARIABLE_ASSIGNMENT|[114]|rec|null|
14:59:33.0 (50070230)|STATEMENT_EXECUTE|[120]
14:59:33.0 (50559125)|SYSTEM_MODE_ENTER|true
14:59:33.0 (51776714)|VF_SERIALIZE_VIEWSTATE_BEGIN|06624000003h0Dq
14:59:33.0 (55009851)|VF_SERIALIZE_VIEWSTATE_END
14:59:33.57 (57675775)|CUMULATIVE_LIMIT_USAGE
14:59:33.57 (57675775)|LIMIT_USAGE_FOR_NS|(default)|
  Number of SOQL queries: 4 out of 100
  Number of query rows: 17 out of 50000
  Number of SOSL queries: 0 out of 20
  Number of DML statements: 0 out of 150
  Number of DML rows: 0 out of 10000
  Maximum CPU time: 0 out of 10000
  Maximum heap size: 0 out of 6000000
  Number of callouts: 0 out of 100
  Number of Email Invocations: 0 out of 10
  Number of future calls: 0 out of 50
  Number of queueable jobs added to the queue: 0 out of 50
  Number of Mobile Apex push calls: 0 out of 10

14:59:33.57 (57675775)|CUMULATIVE_LIMIT_USAGE_END

14:59:33.0 (57708022)|CODE_UNIT_FINISHED|VF: /apex/ChoseRecordType
14:59:33.0 (58459033)|EXECUTION_FINISHED
