38.0 APEX_CODE,FINEST;APEX_PROFILING,INFO;CALLOUT,INFO;DB,INFO;SYSTEM,DEBUG;VALIDATION,INFO;VISUALFORCE,INFO;WAVE,INFO;WORKFLOW,INFO
16:25:17.0 (283032)|USER_INFO|[EXTERNAL]|00524000001e3Uj|bedrijfsbureau@gsa.nl.sandbox|Midden-Europese standaardtijd|GMT+01:00
16:25:17.0 (305581)|EXECUTION_STARTED
16:25:17.0 (309376)|CODE_UNIT_STARTED|[EXTERNAL]|06624000003h0Dg|VF: /apex/New_delivered_detail
16:25:17.0 (14428228)|SYSTEM_MODE_ENTER|true
16:25:17.0 (14809873)|HEAP_ALLOCATE|[72]|Bytes:3
16:25:17.0 (14844466)|HEAP_ALLOCATE|[77]|Bytes:152
16:25:17.0 (14855287)|HEAP_ALLOCATE|[342]|Bytes:408
16:25:17.0 (14868825)|HEAP_ALLOCATE|[355]|Bytes:408
16:25:17.0 (14881932)|HEAP_ALLOCATE|[467]|Bytes:48
16:25:17.0 (14905990)|HEAP_ALLOCATE|[139]|Bytes:6
16:25:17.0 (14918594)|HEAP_ALLOCATE|[EXTERNAL]|Bytes:11
16:25:17.0 (14923333)|HEAP_ALLOCATE|[EXTERNAL]|Bytes:408
16:25:17.0 (14925754)|HEAP_ALLOCATE|[EXTERNAL]|Bytes:120
16:25:17.0 (14928487)|HEAP_ALLOCATE|[EXTERNAL]|Bytes:116
16:25:17.0 (14936381)|METHOD_ENTRY|[1]|01p2400000DUtXT|NewDeliveredExtension.NewDeliveredExtension()
16:25:17.0 (14940163)|STATEMENT_EXECUTE|[1]
16:25:17.0 (14944497)|STATEMENT_EXECUTE|[1]
16:25:17.0 (14945718)|STATEMENT_EXECUTE|[542]
16:25:17.0 (14950177)|METHOD_EXIT|[1]|NewDeliveredExtension
16:25:17.0 (15234969)|HEAP_ALLOCATE|[EXTERNAL]|Bytes:80
16:25:17.0 (15251648)|VARIABLE_SCOPE_BEGIN|[163]|this|NewDeliveredExtension|true|false
16:25:17.0 (15363918)|VARIABLE_ASSIGNMENT|[163]|this|{}|0x7b74331f
16:25:17.0 (15368194)|VARIABLE_SCOPE_BEGIN|[163]|controller|ApexPages.StandardController|true|false
16:25:17.0 (15522822)|VARIABLE_ASSIGNMENT|[163]|controller|"StandardController [null]"|0x443c69a9
16:25:17.0 (15531537)|STATEMENT_EXECUTE|[1]
16:25:17.0 (15532853)|STATEMENT_EXECUTE|[2]
16:25:17.0 (15534692)|STATEMENT_EXECUTE|[20]
16:25:17.0 (15535916)|STATEMENT_EXECUTE|[61]
16:25:17.0 (15536908)|STATEMENT_EXECUTE|[69]
16:25:17.0 (15537868)|STATEMENT_EXECUTE|[77]
16:25:17.0 (15538813)|STATEMENT_EXECUTE|[85]
16:25:17.0 (15539750)|STATEMENT_EXECUTE|[93]
16:25:17.0 (15540767)|STATEMENT_EXECUTE|[101]
16:25:17.0 (15541919)|STATEMENT_EXECUTE|[123]
16:25:17.0 (15548304)|HEAP_ALLOCATE|[123]|Bytes:4
16:25:17.0 (15552629)|HEAP_ALLOCATE|[123]|Bytes:258
16:25:17.0 (15557239)|HEAP_ALLOCATE|[123]|Bytes:4
16:25:17.0 (15592560)|HEAP_ALLOCATE|[50]|Bytes:5
16:25:17.0 (15611840)|HEAP_ALLOCATE|[56]|Bytes:5
16:25:17.0 (15617601)|HEAP_ALLOCATE|[64]|Bytes:7
16:25:17.0 (16220679)|SOQL_EXECUTE_BEGIN|[123]|Aggregations:0|SELECT Id, Project__c, Item__c, Actueel_aantal_palletplaatsenworkflow__c, Ticket_Number_ILIPS__c, Filecardnumber__c, Projectmember__c, Hub_Building_Site__c, Actueel_aantal_palletplaatsen__c, Supplier__c, Name FROM WWW__c ORDER BY CreatedDate DESC NULLS FIRST
16:25:17.0 (22619408)|SOQL_EXECUTE_END|[123]|Rows:5
16:25:17.0 (22635472)|HEAP_ALLOCATE|[123]|Bytes:24
16:25:17.0 (22664851)|HEAP_ALLOCATE|[123]|Bytes:1105
16:25:17.0 (22707551)|HEAP_ALLOCATE|[123]|Bytes:24
16:25:17.0 (22751842)|HEAP_ALLOCATE|[123]|Bytes:28
16:25:17.0 (22760968)|HEAP_ALLOCATE|[123]|Bytes:4
16:25:17.0 (22768660)|HEAP_ALLOCATE|[123]|Bytes:28
16:25:17.0 (22772418)|HEAP_ALLOCATE|[123]|Bytes:4
16:25:17.0 (22778045)|HEAP_ALLOCATE|[123]|Bytes:28
16:25:17.0 (22781150)|HEAP_ALLOCATE|[123]|Bytes:4
16:25:17.0 (22786364)|HEAP_ALLOCATE|[123]|Bytes:28
16:25:17.0 (22789453)|HEAP_ALLOCATE|[123]|Bytes:4
16:25:17.0 (22794810)|HEAP_ALLOCATE|[123]|Bytes:28
16:25:17.0 (22797910)|HEAP_ALLOCATE|[123]|Bytes:4
16:25:17.0 (22851409)|VARIABLE_ASSIGNMENT|[123]|this.wwwById|{"a0t0E0000004UUSQA2":{"Id":"a0t0E0000004UUSQA2","Project__c":"a0q0E0000008ahlQAA","Item__c":"a0A0E0000001PilUAE","Hub_Building_Site__c":"a020E000000zEM2QAM","Actueel_aantal_palle (12 more) ...":0,"Name":"WWW-13541"},"a0t0E0000004UUNQA2":{"Id":"a0t0E0000004UUNQA2","Project__c":"a0q0E0000008S3WQAU","Item__c":"a0A0E0000001PiqUAE","Hub_Building_Site__c":"a020E000000zFeUQAU","Actueel_aantal_palle (12 more) ...":0,"Name":"WWW-13540"},"a0t0E0000004NFcQAM":{"Id":"a0t0E0000004NFcQAM","Project__c":"a0q0E0000008S3bQAE","Item__c":"a0A0E0000001Pj0UAE","Hub_Building_Site__c":"a020E000000zEM2QAM","Actueel_aantal_palle (12 more) ...":0,"Name":"WWW-13490"},"a0t0E0000004NFXQA2":{"Id":"a0t0E0000004NFXQA2","Project__c":"a0q0E0000008S3WQAU","Item__c":"a0A0E0000001PiqUAE","Hub_Building_Site__c":"a020E000000zEM2QAM","Actueel_aantal_palle (12 more) ...":0,"Name":"WWW-13489"},"a0t0E0000004NFNQA2":{"Id":"a0t0E0000004NFNQA2","Project__c":"a0q0E0000008S3WQAU","Item__c":"a0A0E0000001PilUAE","Hub_Building_Site__c":"a020E000000zEM2QAM","Actueel_aantal_palle (12 more) ...":0,"Name":"WWW-13487"}}|0x7b74331f
16:25:17.0 (22861739)|STATEMENT_EXECUTE|[155]
16:25:17.0 (22863589)|STATEMENT_EXECUTE|[156]
16:25:17.0 (22864621)|STATEMENT_EXECUTE|[184]
16:25:17.0 (22865555)|STATEMENT_EXECUTE|[185]
16:25:17.0 (22866543)|STATEMENT_EXECUTE|[195]
16:25:17.0 (22867518)|STATEMENT_EXECUTE|[203]
16:25:17.0 (22868511)|STATEMENT_EXECUTE|[211]
16:25:17.0 (22869460)|STATEMENT_EXECUTE|[219]
16:25:17.0 (22870414)|STATEMENT_EXECUTE|[228]
16:25:17.0 (22871358)|STATEMENT_EXECUTE|[236]
16:25:17.0 (22879211)|HEAP_ALLOCATE|[123]|Bytes:6
16:25:17.0 (22907035)|STATEMENT_EXECUTE|[163]
16:25:17.0 (22908532)|STATEMENT_EXECUTE|[164]
16:25:17.0 (22949026)|HEAP_ALLOCATE|[164]|Bytes:58
16:25:17.0 (22993422)|HEAP_ALLOCATE|[164]|Bytes:28
16:25:17.0 (23005769)|HEAP_ALLOCATE|[164]|Bytes:10
16:25:17.0 (23033388)|HEAP_ALLOCATE|[164]|Bytes:4
16:25:17.0 (23079827)|VARIABLE_ASSIGNMENT|[EXTERNAL]|this|{"wwwById":"0x323c953d"}|0x7b74331f
16:25:17.0 (23084183)|STATEMENT_EXECUTE|[3]
16:25:17.0 (23089353)|STATEMENT_EXECUTE|[4]
16:25:17.0 (23090435)|STATEMENT_EXECUTE|[5]
16:25:17.0 (23106830)|HEAP_ALLOCATE|[5]|Bytes:4
16:25:17.0 (23198413)|VARIABLE_ASSIGNMENT|[5]|this.detail|{}|0x7b74331f
16:25:17.0 (23201562)|STATEMENT_EXECUTE|[6]
16:25:17.0 (23257478)|VARIABLE_ASSIGNMENT|[EXTERNAL]|this|{"detail":"0x4f96c683","wwwById":"0x323c953d"}|0x7b74331f
16:25:17.0 (23261304)|STATEMENT_EXECUTE|[21]
16:25:17.0 (23264333)|STATEMENT_EXECUTE|[22]
16:25:17.0 (23265391)|STATEMENT_EXECUTE|[23]
16:25:17.0 (23276970)|HEAP_ALLOCATE|[23]|Bytes:4
16:25:17.0 (23327137)|VARIABLE_ASSIGNMENT|[23]|this.www|{}|0x7b74331f
16:25:17.0 (23330524)|STATEMENT_EXECUTE|[26]
16:25:17.0 (23564727)|VARIABLE_ASSIGNMENT|[6]|this.WWW__c|null|0x4f96c683
16:25:17.0 (23568172)|STATEMENT_EXECUTE|[7]
16:25:17.0 (23627541)|VARIABLE_ASSIGNMENT|[EXTERNAL]|this|{"detail":"0x4f96c683","www":"0x5d8f78b7","wwwById":"0x323c953d"}|0x7b74331f
16:25:17.0 (23685712)|VARIABLE_ASSIGNMENT|[7]|this.Project__c|null|0x4f96c683
16:25:17.0 (23689011)|STATEMENT_EXECUTE|[9]
16:25:17.0 (23767472)|VARIABLE_ASSIGNMENT|[164]|this.RecordTypeId|"01224000000Sn4OAAS"|0x4f96c683
16:25:17.0 (23770745)|STATEMENT_EXECUTE|[165]
16:25:17.0 (23821906)|VARIABLE_ASSIGNMENT|[EXTERNAL]|this|{"detail":"0x4f96c683","www":"0x5d8f78b7","wwwById":"0x323c953d"}|0x7b74331f
16:25:17.0 (23825477)|STATEMENT_EXECUTE|[3]
16:25:17.0 (23827632)|STATEMENT_EXECUTE|[4]
16:25:17.0 (23828703)|STATEMENT_EXECUTE|[9]
16:25:17.0 (23871799)|USER_DEBUG|[165]|DEBUG|01224000000Sn4OAAS
16:25:17.0 (23877158)|STATEMENT_EXECUTE|[166]
16:25:17.0 (23926370)|HEAP_ALLOCATE|[166]|Bytes:4
16:25:17.0 (23931657)|HEAP_ALLOCATE|[166]|Bytes:82
16:25:17.0 (23934937)|HEAP_ALLOCATE|[166]|Bytes:4
16:25:17.0 (24127843)|SOQL_EXECUTE_BEGIN|[166]|Aggregations:0|SELECT Id, Name, DeveloperName FROM RecordType WHERE sobjectType = 'WWW_detail__c'
16:25:17.0 (35096230)|SOQL_EXECUTE_END|[166]|Rows:5
16:25:17.0 (35109901)|HEAP_ALLOCATE|[166]|Bytes:24
16:25:17.0 (35129352)|HEAP_ALLOCATE|[166]|Bytes:371
16:25:17.0 (35163666)|HEAP_ALLOCATE|[166]|Bytes:24
16:25:17.0 (35200653)|HEAP_ALLOCATE|[166]|Bytes:16
16:25:17.0 (35208353)|HEAP_ALLOCATE|[166]|Bytes:4
16:25:17.0 (35214813)|HEAP_ALLOCATE|[166]|Bytes:16
16:25:17.0 (35218395)|HEAP_ALLOCATE|[166]|Bytes:4
16:25:17.0 (35223130)|HEAP_ALLOCATE|[166]|Bytes:16
16:25:17.0 (35226264)|HEAP_ALLOCATE|[166]|Bytes:4
16:25:17.0 (35230685)|HEAP_ALLOCATE|[166]|Bytes:16
16:25:17.0 (35233747)|HEAP_ALLOCATE|[166]|Bytes:4
16:25:17.0 (35238116)|HEAP_ALLOCATE|[166]|Bytes:16
16:25:17.0 (35241398)|HEAP_ALLOCATE|[166]|Bytes:4
16:25:17.0 (35248683)|VARIABLE_SCOPE_BEGIN|[166]|recByNames|Map<Id,RecordType>|true|false
16:25:17.0 (35277485)|VARIABLE_ASSIGNMENT|[166]|recByNames|{"01224000000Sn4NAAS":{"Id":"01224000000Sn4NAAS","Name":"Afleveren","DeveloperName":"Delivered_2_Project"},"01224000000Sn4OAAS":{"Id":"01224000000Sn4OAAS","Name":"Afroepen","DeveloperName":"Invoked"},"01224000000Sn4PAAS":{"Id":"01224000000Sn4PAAS","Name":"Afwijzen","DeveloperName":"Rejected"},"01224000000Sn4MAAS":{"Id":"01224000000Sn4MAAS","Name":"Ontvangen","DeveloperName":"Delivered_2_Hub"},"01224000000Sn4QAAS":{"Id":"01224000000Sn4QAAS","Name":"Verwachten","DeveloperName":"Reserved"}}|0x3bfe7cc5
16:25:17.0 (35335906)|VARIABLE_ASSIGNMENT|[EXTERNAL]|this|{"detail":"0x4f96c683","www":"0x5d8f78b7","wwwById":"0x323c953d"}|0x7b74331f
16:25:17.0 (35340009)|STATEMENT_EXECUTE|[3]
16:25:17.0 (35342640)|STATEMENT_EXECUTE|[4]
16:25:17.0 (35344013)|STATEMENT_EXECUTE|[9]
16:25:17.0 (35354192)|STATEMENT_EXECUTE|[168]
16:25:17.0 (35392551)|VARIABLE_ASSIGNMENT|[EXTERNAL]|this|{"detail":"0x4f96c683","www":"0x5d8f78b7","wwwById":"0x323c953d"}|0x7b74331f
16:25:17.0 (35395530)|STATEMENT_EXECUTE|[3]
16:25:17.0 (35397319)|STATEMENT_EXECUTE|[4]
16:25:17.0 (35398374)|STATEMENT_EXECUTE|[9]
16:25:17.0 (35440506)|HEAP_ALLOCATE|[169]|Bytes:7
16:25:17.0 (35459832)|STATEMENT_EXECUTE|[169]
16:25:17.0 (35461354)|STATEMENT_EXECUTE|[170]
16:25:17.0 (35527239)|VARIABLE_ASSIGNMENT|[EXTERNAL]|this|{"detail":"0x4f96c683","www":"0x5d8f78b7","wwwById":"0x323c953d"}|0x7b74331f
16:25:17.0 (35540277)|VARIABLE_ASSIGNMENT|[EXTERNAL]|value|true
16:25:17.0 (35545344)|HEAP_ALLOCATE|[195]|Bytes:5
16:25:17.0 (35551954)|VARIABLE_ASSIGNMENT|[195]|this.invoked|true|0x7b74331f
16:25:17.0 (35557617)|STATEMENT_EXECUTE|[181]
16:25:17.0 (35590180)|METHOD_ENTRY|[181]|01p2400000DUtXT|NewDeliveredExtension.getProjects()
16:25:17.0 (35605909)|VARIABLE_SCOPE_BEGIN|[139]|this|NewDeliveredExtension|true|false
16:25:17.0 (35638605)|VARIABLE_ASSIGNMENT|[139]|this|{"detail":"0x4f96c683","invoked":true,"www":"0x5d8f78b7","wwwById":"0x323c953d"}|0x7b74331f
16:25:17.0 (35644537)|STATEMENT_EXECUTE|[139]
16:25:17.0 (35645683)|STATEMENT_EXECUTE|[141]
16:25:17.0 (35650400)|HEAP_ALLOCATE|[141]|Bytes:4
16:25:17.0 (35673680)|VARIABLE_SCOPE_BEGIN|[141]|options|List<System.SelectOption>|true|false
16:25:17.0 (35697969)|HEAP_ALLOCATE|[EXTERNAL]|Bytes:4
16:25:17.0 (35705942)|VARIABLE_ASSIGNMENT|[141]|options|[]|0x78c4d673
16:25:17.0 (35708025)|STATEMENT_EXECUTE|[142]
16:25:17.0 (35749594)|HEAP_ALLOCATE|[142]|Bytes:4
16:25:17.0 (35754274)|HEAP_ALLOCATE|[142]|Bytes:71
16:25:17.0 (35757050)|HEAP_ALLOCATE|[142]|Bytes:4
16:25:17.0 (37146883)|SOQL_EXECUTE_BEGIN|[142]|Aggregations:0|SELECT Id, Name FROM Projecten__c ORDER BY CreatedDate DESC NULLS FIRST
16:25:17.0 (38267699)|SOQL_EXECUTE_END|[142]|Rows:3
16:25:17.0 (38281715)|HEAP_ALLOCATE|[142]|Bytes:16
16:25:17.0 (38294128)|HEAP_ALLOCATE|[142]|Bytes:126
16:25:17.0 (38327267)|HEAP_ALLOCATE|[142]|Bytes:16
16:25:17.0 (38364216)|HEAP_ALLOCATE|[142]|Bytes:12
16:25:17.0 (38372200)|HEAP_ALLOCATE|[142]|Bytes:4
16:25:17.0 (38379951)|HEAP_ALLOCATE|[142]|Bytes:12
16:25:17.0 (38383459)|HEAP_ALLOCATE|[142]|Bytes:4
16:25:17.0 (38389206)|HEAP_ALLOCATE|[142]|Bytes:12
16:25:17.0 (38392469)|HEAP_ALLOCATE|[142]|Bytes:4
16:25:17.0 (38399293)|VARIABLE_SCOPE_BEGIN|[142]|prById|Map<Id,Projecten__c>|true|false
16:25:17.0 (38420671)|VARIABLE_ASSIGNMENT|[142]|prById|{"a0q0E0000008ahlQAA":{"Id":"a0q0E0000008ahlQAA","Name":"1111"},"a0q0E0000008S3bQAE":{"Id":"a0q0E0000008S3bQAE","Name":"2165103"},"a0q0E0000008S3WQAU":{"Id":"a0q0E0000008S3WQAU","Name":"5700"}}|0x6bcde38a
16:25:17.0 (38425439)|STATEMENT_EXECUTE|[143]
16:25:17.0 (38428619)|HEAP_ALLOCATE|[143]|Bytes:6
16:25:17.0 (38519290)|HEAP_ALLOCATE|[143]|Bytes:207
16:25:17.0 (38536386)|HEAP_ALLOCATE|[143]|Bytes:213
16:25:17.0 (38546632)|USER_DEBUG|[143]|DEBUG|prById{a0q0E0000008S3WQAU=Projecten__c:{Id=a0q0E0000008S3WQAU, Name=5700}, a0q0E0000008S3bQAE=Projecten__c:{Id=a0q0E0000008S3bQAE, Name=2165103}, a0q0E0000008ahlQAA=Projecten__c:{Id=a0q0E0000008ahlQAA, Name=1111}}
16:25:17.0 (38552451)|STATEMENT_EXECUTE|[144]
16:25:17.0 (38578497)|HEAP_ALLOCATE|[EXTERNAL]|Bytes:16
16:25:17.0 (38586028)|HEAP_ALLOCATE|[144]|Bytes:139
16:25:17.0 (38621640)|HEAP_ALLOCATE|[144]|Bytes:12
16:25:17.0 (38693611)|VARIABLE_ASSIGNMENT|[EXTERNAL]|this|{"detail":"0x4f96c683","invoked":true,"www":"0x5d8f78b7","wwwById":"0x323c953d"}|0x7b74331f
16:25:17.0 (38698261)|STATEMENT_EXECUTE|[3]
16:25:17.0 (38700411)|STATEMENT_EXECUTE|[4]
16:25:17.0 (38701671)|STATEMENT_EXECUTE|[9]
16:25:17.0 (38744420)|VARIABLE_ASSIGNMENT|[144]|this.Project__c|"a0q0E0000008ahlQAA"|0x4f96c683
16:25:17.0 (38766761)|HEAP_ALLOCATE|[EXTERNAL]|Bytes:16
16:25:17.0 (38773256)|HEAP_ALLOCATE|[145]|Bytes:139
16:25:17.0 (38898910)|HEAP_ALLOCATE|[145]|Bytes:5
16:25:17.0 (38917551)|HEAP_ALLOCATE|[145]|Bytes:12
16:25:17.0 (38924453)|VARIABLE_SCOPE_BEGIN|[145]|rec|Projecten__c|true|false
16:25:17.0 (38935185)|VARIABLE_ASSIGNMENT|[145]|rec|{"Id":"a0q0E0000008ahlQAA","Name":"1111"}|0x24dc4669
16:25:17.0 (38938324)|STATEMENT_EXECUTE|[145]
16:25:17.0 (38990570)|VARIABLE_ASSIGNMENT|[EXTERNAL]|this|{"detail":"0x4f96c683","invoked":true,"www":"0x5d8f78b7","wwwById":"0x323c953d"}|0x7b74331f
16:25:17.0 (38994957)|STATEMENT_EXECUTE|[21]
16:25:17.0 (38997224)|STATEMENT_EXECUTE|[22]
16:25:17.0 (38998507)|STATEMENT_EXECUTE|[26]
16:25:17.0 (39004490)|STATEMENT_EXECUTE|[146]
16:25:17.0 (39006312)|STATEMENT_EXECUTE|[147]
16:25:17.0 (39049953)|VARIABLE_ASSIGNMENT|[EXTERNAL]|this|{"detail":"0x4f96c683","invoked":true,"www":"0x5d8f78b7","wwwById":"0x323c953d"}|0x7b74331f
16:25:17.0 (39053682)|STATEMENT_EXECUTE|[21]
16:25:17.0 (39055544)|STATEMENT_EXECUTE|[22]
16:25:17.0 (39056594)|STATEMENT_EXECUTE|[26]
16:25:17.0 (39105956)|VARIABLE_ASSIGNMENT|[147]|this.Project__c|"a0q0E0000008ahlQAA"|0x5d8f78b7
16:25:17.0 (39108936)|STATEMENT_EXECUTE|[150]
16:25:17.0 (39125865)|HEAP_ALLOCATE|[150]|Bytes:18
16:25:17.0 (39189048)|HEAP_ALLOCATE|[EXTERNAL]|Bytes:4
16:25:17.0 (39202207)|HEAP_ALLOCATE|[145]|Bytes:5
16:25:17.0 (39210452)|HEAP_ALLOCATE|[145]|Bytes:12
16:25:17.0 (39215763)|VARIABLE_SCOPE_BEGIN|[145]|rec|Projecten__c|true|false
16:25:17.0 (39225609)|VARIABLE_ASSIGNMENT|[145]|rec|{"Id":"a0q0E0000008S3bQAE","Name":"2165103"}|0x79ef7737
16:25:17.0 (39228441)|STATEMENT_EXECUTE|[145]
16:25:17.0 (39265552)|VARIABLE_ASSIGNMENT|[EXTERNAL]|this|{"detail":"0x4f96c683","invoked":true,"www":"0x5d8f78b7","wwwById":"0x323c953d"}|0x7b74331f
16:25:17.0 (39268604)|STATEMENT_EXECUTE|[21]
16:25:17.0 (39270293)|STATEMENT_EXECUTE|[22]
16:25:17.0 (39271501)|STATEMENT_EXECUTE|[26]
16:25:17.0 (39295982)|STATEMENT_EXECUTE|[146]
16:25:17.0 (39297557)|STATEMENT_EXECUTE|[150]
16:25:17.0 (39305822)|HEAP_ALLOCATE|[150]|Bytes:18
16:25:17.0 (39318712)|HEAP_ALLOCATE|[EXTERNAL]|Bytes:4
16:25:17.0 (39327753)|HEAP_ALLOCATE|[145]|Bytes:5
16:25:17.0 (39334889)|HEAP_ALLOCATE|[145]|Bytes:12
16:25:17.0 (39339473)|VARIABLE_SCOPE_BEGIN|[145]|rec|Projecten__c|true|false
16:25:17.0 (39347944)|VARIABLE_ASSIGNMENT|[145]|rec|{"Id":"a0q0E0000008S3WQAU","Name":"5700"}|0x357e3fa
16:25:17.0 (39350311)|STATEMENT_EXECUTE|[145]
16:25:17.0 (39384119)|VARIABLE_ASSIGNMENT|[EXTERNAL]|this|{"detail":"0x4f96c683","invoked":true,"www":"0x5d8f78b7","wwwById":"0x323c953d"}|0x7b74331f
16:25:17.0 (39387136)|STATEMENT_EXECUTE|[21]
16:25:17.0 (39388654)|STATEMENT_EXECUTE|[22]
16:25:17.0 (39389811)|STATEMENT_EXECUTE|[26]
16:25:17.0 (39395454)|STATEMENT_EXECUTE|[146]
16:25:17.0 (39396540)|STATEMENT_EXECUTE|[150]
16:25:17.0 (39403250)|HEAP_ALLOCATE|[150]|Bytes:18
16:25:17.0 (39412312)|HEAP_ALLOCATE|[EXTERNAL]|Bytes:4
16:25:17.0 (39421075)|HEAP_ALLOCATE|[145]|Bytes:5
16:25:17.0 (39428980)|VARIABLE_ASSIGNMENT|[145]|rec|null|
16:25:17.0 (39431239)|STATEMENT_EXECUTE|[152]
16:25:17.0 (39434736)|METHOD_EXIT|[181]|01p2400000DUtXT|NewDeliveredExtension.getProjects()
16:25:17.42 (42222857)|SYSTEM_MODE_ENTER|true
16:25:17.42 (42254000)|HEAP_ALLOCATE|[EXTERNAL]|Bytes:38
16:25:17.42 (42258840)|HEAP_ALLOCATE|[EXTERNAL]|Bytes:7
16:25:17.42 (42266266)|SYSTEM_METHOD_ENTRY|[1]|PageMessagesComponentController.PageMessagesComponentController()
16:25:17.42 (42268886)|STATEMENT_EXECUTE|[1]
16:25:17.42 (42396018)|SYSTEM_MODE_ENTER|true
16:25:17.42 (42440761)|HEAP_ALLOCATE|[EXTERNAL]|Bytes:8
16:25:17.42 (42446065)|VARIABLE_SCOPE_BEGIN|[88]|this|ApexPage.PageMessagesComponentController|true|false
16:25:17.42 (42463190)|VARIABLE_ASSIGNMENT|[88]|this|{}|0x490238e4
16:25:17.42 (42465539)|VARIABLE_SCOPE_BEGIN|[88]|escape|Boolean|false|false
16:25:17.42 (42468461)|VARIABLE_ASSIGNMENT|[88]|escape|null
16:25:17.42 (42605870)|SYSTEM_MODE_ENTER|true
16:25:17.42 (42632371)|HEAP_ALLOCATE|[EXTERNAL]|Bytes:8
16:25:17.42 (42637224)|VARIABLE_SCOPE_BEGIN|[2]|this|ApexPage.PageMessagesComponentController|true|false
16:25:17.42 (42651497)|VARIABLE_ASSIGNMENT|[2]|this|{}|0x490238e4
16:25:17.0 (43353639)|SYSTEM_MODE_ENTER|true
16:25:17.0 (43381117)|HEAP_ALLOCATE|[EXTERNAL]|Bytes:80
16:25:17.0 (43427911)|VARIABLE_ASSIGNMENT|[EXTERNAL]|this|{"detail":"0x4f96c683","invoked":true,"www":"0x5d8f78b7","wwwById":"0x323c953d"}|0x7b74331f
16:25:17.0 (43434164)|STATEMENT_EXECUTE|[196]
16:25:17.0 (43438577)|STATEMENT_EXECUTE|[197]
16:25:17.0 (43440007)|STATEMENT_EXECUTE|[200]
16:25:17.0 (43536952)|SYSTEM_MODE_ENTER|true
16:25:17.0 (43556525)|HEAP_ALLOCATE|[EXTERNAL]|Bytes:80
16:25:17.0 (43595524)|VARIABLE_ASSIGNMENT|[EXTERNAL]|this|{"detail":"0x4f96c683","invoked":true,"www":"0x5d8f78b7","wwwById":"0x323c953d"}|0x7b74331f
16:25:17.0 (43600332)|STATEMENT_EXECUTE|[3]
16:25:17.0 (43602656)|STATEMENT_EXECUTE|[4]
16:25:17.0 (43603894)|STATEMENT_EXECUTE|[9]
16:25:17.0 (46426474)|SYSTEM_MODE_ENTER|true
16:25:17.0 (46454221)|HEAP_ALLOCATE|[EXTERNAL]|Bytes:80
16:25:17.0 (46499463)|VARIABLE_ASSIGNMENT|[EXTERNAL]|this|{"detail":"0x4f96c683","invoked":true,"www":"0x5d8f78b7","wwwById":"0x323c953d"}|0x7b74331f
16:25:17.0 (46506132)|STATEMENT_EXECUTE|[229]
16:25:17.0 (46510827)|STATEMENT_EXECUTE|[230]
16:25:17.0 (46512066)|STATEMENT_EXECUTE|[231]
16:25:17.0 (46517755)|HEAP_ALLOCATE|[231]|Bytes:5
16:25:17.0 (46524473)|VARIABLE_ASSIGNMENT|[231]|this.delToHub|false|0x7b74331f
16:25:17.0 (46526591)|STATEMENT_EXECUTE|[233]
16:25:17.0 (46587574)|SYSTEM_MODE_ENTER|true
16:25:17.0 (46608500)|HEAP_ALLOCATE|[EXTERNAL]|Bytes:80
16:25:17.0 (46647459)|VARIABLE_ASSIGNMENT|[EXTERNAL]|this|{"delToHub":false,"detail":"0x4f96c683","invoked":true,"www":"0x5d8f78b7","wwwById":"0x323c953d"}|0x7b74331f
16:25:17.0 (46653092)|STATEMENT_EXECUTE|[204]
16:25:17.0 (46655993)|STATEMENT_EXECUTE|[205]
16:25:17.0 (46657225)|STATEMENT_EXECUTE|[206]
16:25:17.0 (46661676)|HEAP_ALLOCATE|[206]|Bytes:5
16:25:17.0 (46667326)|VARIABLE_ASSIGNMENT|[206]|this.rejected|false|0x7b74331f
16:25:17.0 (46669217)|STATEMENT_EXECUTE|[208]
16:25:17.0 (46722978)|SYSTEM_MODE_ENTER|true
16:25:17.0 (46741873)|HEAP_ALLOCATE|[EXTERNAL]|Bytes:80
16:25:17.0 (46778682)|VARIABLE_ASSIGNMENT|[EXTERNAL]|this|{"delToHub":false,"detail":"0x4f96c683","invoked":true,"rejected":false,"www":"0x5d8f78b7","wwwById":"0x323c953d"}|0x7b74331f
16:25:17.0 (46783383)|STATEMENT_EXECUTE|[220]
16:25:17.0 (46786147)|STATEMENT_EXECUTE|[221]
16:25:17.0 (46787296)|STATEMENT_EXECUTE|[222]
16:25:17.0 (46791050)|HEAP_ALLOCATE|[222]|Bytes:5
16:25:17.0 (46795739)|VARIABLE_ASSIGNMENT|[222]|this.delToProj|false|0x7b74331f
16:25:17.0 (46797462)|STATEMENT_EXECUTE|[224]
16:25:17.0 (46847445)|SYSTEM_MODE_ENTER|true
16:25:17.0 (46865000)|HEAP_ALLOCATE|[EXTERNAL]|Bytes:80
16:25:17.0 (46901679)|VARIABLE_ASSIGNMENT|[EXTERNAL]|this|{"delToHub":false,"delToProj":false,"detail":"0x4f96c683","invoked":true,"rejected":false,"www":"0x5d8f78b7","wwwById":"0x323c953d"}|0x7b74331f
16:25:17.0 (46906713)|STATEMENT_EXECUTE|[212]
16:25:17.0 (46909587)|STATEMENT_EXECUTE|[213]
16:25:17.0 (46910583)|STATEMENT_EXECUTE|[214]
16:25:17.0 (46914601)|HEAP_ALLOCATE|[214]|Bytes:5
16:25:17.0 (46919524)|VARIABLE_ASSIGNMENT|[214]|this.reserved|false|0x7b74331f
16:25:17.0 (46921176)|STATEMENT_EXECUTE|[216]
16:25:17.0 (47013985)|SYSTEM_MODE_ENTER|true
16:25:17.0 (47032463)|HEAP_ALLOCATE|[EXTERNAL]|Bytes:80
16:25:17.0 (47070607)|VARIABLE_ASSIGNMENT|[EXTERNAL]|this|{"delToHub":false,"delToProj":false,"detail":"0x4f96c683","invoked":true,"rejected":false,"reserved":false,"www":"0x5d8f78b7","wwwById":"0x323c953d"}|0x7b74331f
16:25:17.0 (47074962)|STATEMENT_EXECUTE|[21]
16:25:17.0 (47077056)|STATEMENT_EXECUTE|[22]
16:25:17.0 (47078426)|STATEMENT_EXECUTE|[26]
16:25:17.59 (59994425)|SYSTEM_MODE_ENTER|true
16:25:17.59 (60042093)|HEAP_ALLOCATE|[EXTERNAL]|Bytes:8
16:25:17.59 (60048019)|VARIABLE_SCOPE_BEGIN|[88]|this|ApexPage.PageMessagesComponentController|true|false
16:25:17.59 (60065062)|VARIABLE_ASSIGNMENT|[88]|this|{}|0x490238e4
16:25:17.59 (60067669)|VARIABLE_SCOPE_BEGIN|[88]|escape|Boolean|false|false
16:25:17.59 (60070864)|VARIABLE_ASSIGNMENT|[88]|escape|null
16:25:17.60 (60179153)|SYSTEM_MODE_ENTER|true
16:25:17.60 (60203936)|HEAP_ALLOCATE|[EXTERNAL]|Bytes:8
16:25:17.60 (60208276)|VARIABLE_SCOPE_BEGIN|[2]|this|ApexPage.PageMessagesComponentController|true|false
16:25:17.60 (60222049)|VARIABLE_ASSIGNMENT|[2]|this|{}|0x490238e4
16:25:17.0 (62294559)|SYSTEM_MODE_ENTER|true
16:25:17.0 (62324556)|HEAP_ALLOCATE|[EXTERNAL]|Bytes:80
16:25:17.0 (62330855)|VARIABLE_SCOPE_BEGIN|[48]|this|NewDeliveredExtension|true|false
16:25:17.0 (62374508)|VARIABLE_ASSIGNMENT|[48]|this|{"delToHub":false,"delToProj":false,"detail":"0x4f96c683","invoked":true,"rejected":false,"reserved":false,"www":"0x5d8f78b7","wwwById":"0x323c953d"}|0x7b74331f
16:25:17.0 (62381888)|STATEMENT_EXECUTE|[48]
16:25:17.0 (62383365)|STATEMENT_EXECUTE|[49]
16:25:17.0 (62387694)|HEAP_ALLOCATE|[49]|Bytes:4
16:25:17.0 (62407916)|VARIABLE_SCOPE_BEGIN|[49]|options|List<System.SelectOption>|true|false
16:25:17.0 (62421786)|HEAP_ALLOCATE|[EXTERNAL]|Bytes:4
16:25:17.0 (62427452)|VARIABLE_ASSIGNMENT|[49]|options|[]|0x50a16a3d
16:25:17.0 (62430336)|STATEMENT_EXECUTE|[50]
16:25:17.0 (62433577)|VARIABLE_SCOPE_BEGIN|[50]|i|Integer|false|false
16:25:17.0 (62436930)|HEAP_ALLOCATE|[50]|Bytes:4
16:25:17.0 (62441147)|VARIABLE_ASSIGNMENT|[50]|i|0
16:25:17.0 (62444977)|STATEMENT_EXECUTE|[50]
16:25:17.0 (62446423)|STATEMENT_EXECUTE|[51]
16:25:17.0 (62448155)|VARIABLE_SCOPE_BEGIN|[51]|j|Integer|false|false
16:25:17.0 (62449779)|HEAP_ALLOCATE|[51]|Bytes:4
16:25:17.0 (62452544)|VARIABLE_ASSIGNMENT|[51]|j|0
16:25:17.0 (62454652)|STATEMENT_EXECUTE|[51]
16:25:17.0 (62456613)|STATEMENT_EXECUTE|[52]
16:25:17.0 (62457625)|STATEMENT_EXECUTE|[53]
16:25:17.0 (62489522)|HEAP_ALLOCATE|[53]|Bytes:1
16:25:17.0 (62498517)|HEAP_ALLOCATE|[53]|Bytes:2
16:25:17.0 (62505317)|HEAP_ALLOCATE|[53]|Bytes:1
16:25:17.0 (62514631)|HEAP_ALLOCATE|[53]|Bytes:4
16:25:17.0 (62520672)|HEAP_ALLOCATE|[53]|Bytes:1
16:25:17.0 (62528771)|HEAP_ALLOCATE|[53]|Bytes:1
16:25:17.0 (62533897)|HEAP_ALLOCATE|[53]|Bytes:4
16:25:17.0 (62554303)|HEAP_ALLOCATE|[EXTERNAL]|Bytes:4
16:25:17.0 (62560178)|HEAP_ALLOCATE|[51]|Bytes:4
16:25:17.0 (62564859)|VARIABLE_ASSIGNMENT|[51]|j|30
16:25:17.0 (62567778)|STATEMENT_EXECUTE|[51]
16:25:17.0 (62569455)|STATEMENT_EXECUTE|[54]
16:25:17.0 (62570490)|STATEMENT_EXECUTE|[55]
16:25:17.0 (62588254)|HEAP_ALLOCATE|[55]|Bytes:1
16:25:17.0 (62594390)|HEAP_ALLOCATE|[55]|Bytes:1
16:25:17.0 (62602010)|HEAP_ALLOCATE|[55]|Bytes:2
16:25:17.0 (62607766)|HEAP_ALLOCATE|[55]|Bytes:4
16:25:17.0 (62612868)|HEAP_ALLOCATE|[55]|Bytes:1
16:25:17.0 (62620968)|HEAP_ALLOCATE|[55]|Bytes:2
16:25:17.0 (62625955)|HEAP_ALLOCATE|[55]|Bytes:4
16:25:17.0 (62638053)|HEAP_ALLOCATE|[EXTERNAL]|Bytes:4
16:25:17.0 (62642095)|HEAP_ALLOCATE|[51]|Bytes:4
16:25:17.0 (62645966)|VARIABLE_ASSIGNMENT|[51]|j|60
16:25:17.0 (62649089)|HEAP_ALLOCATE|[50]|Bytes:4
16:25:17.0 (62651763)|VARIABLE_ASSIGNMENT|[50]|i|1
16:25:17.0 (62653815)|STATEMENT_EXECUTE|[50]
16:25:17.0 (62655207)|STATEMENT_EXECUTE|[51]
16:25:17.0 (62657305)|VARIABLE_SCOPE_BEGIN|[51]|j|Integer|false|false
16:25:17.0 (62659244)|HEAP_ALLOCATE|[51]|Bytes:4
16:25:17.0 (62661737)|VARIABLE_ASSIGNMENT|[51]|j|0
16:25:17.0 (62663208)|STATEMENT_EXECUTE|[51]
16:25:17.0 (62664599)|STATEMENT_EXECUTE|[52]
16:25:17.0 (62665526)|STATEMENT_EXECUTE|[53]
16:25:17.0 (62673153)|HEAP_ALLOCATE|[53]|Bytes:1
16:25:17.0 (62681369)|HEAP_ALLOCATE|[53]|Bytes:1
16:25:17.0 (62686618)|HEAP_ALLOCATE|[53]|Bytes:4
16:25:17.0 (62691577)|HEAP_ALLOCATE|[53]|Bytes:1
16:25:17.0 (62699192)|HEAP_ALLOCATE|[53]|Bytes:1
16:25:17.0 (62704107)|HEAP_ALLOCATE|[53]|Bytes:4
16:25:17.0 (62710054)|HEAP_ALLOCATE|[EXTERNAL]|Bytes:4
16:25:17.0 (62713519)|HEAP_ALLOCATE|[51]|Bytes:4
16:25:17.0 (62716383)|VARIABLE_ASSIGNMENT|[51]|j|30
16:25:17.0 (62718250)|STATEMENT_EXECUTE|[51]
16:25:17.0 (62719604)|STATEMENT_EXECUTE|[54]
16:25:17.0 (62720570)|STATEMENT_EXECUTE|[55]
16:25:17.0 (62726393)|HEAP_ALLOCATE|[55]|Bytes:1
16:25:17.0 (62734405)|HEAP_ALLOCATE|[55]|Bytes:2
16:25:17.0 (62739392)|HEAP_ALLOCATE|[55]|Bytes:4
16:25:17.0 (62744334)|HEAP_ALLOCATE|[55]|Bytes:1
16:25:17.0 (62752305)|HEAP_ALLOCATE|[55]|Bytes:2
16:25:17.0 (62757269)|HEAP_ALLOCATE|[55]|Bytes:4
16:25:17.0 (62761918)|HEAP_ALLOCATE|[EXTERNAL]|Bytes:4
16:25:17.0 (62765107)|HEAP_ALLOCATE|[51]|Bytes:4
16:25:17.0 (62767918)|VARIABLE_ASSIGNMENT|[51]|j|60
16:25:17.0 (62769920)|HEAP_ALLOCATE|[50]|Bytes:4
16:25:17.0 (62772422)|VARIABLE_ASSIGNMENT|[50]|i|2
16:25:17.0 (62774129)|STATEMENT_EXECUTE|[50]
16:25:17.0 (62775272)|STATEMENT_EXECUTE|[51]
16:25:17.0 (62776908)|VARIABLE_SCOPE_BEGIN|[51]|j|Integer|false|false
16:25:17.0 (62778359)|HEAP_ALLOCATE|[51]|Bytes:4
16:25:17.0 (62780719)|VARIABLE_ASSIGNMENT|[51]|j|0
16:25:17.0 (62782197)|STATEMENT_EXECUTE|[51]
16:25:17.0 (62783544)|STATEMENT_EXECUTE|[52]
16:25:17.0 (62784464)|STATEMENT_EXECUTE|[53]
16:25:17.0 (62790323)|HEAP_ALLOCATE|[53]|Bytes:1
16:25:17.0 (62798145)|HEAP_ALLOCATE|[53]|Bytes:1
16:25:17.0 (62803108)|HEAP_ALLOCATE|[53]|Bytes:4
16:25:17.0 (62807936)|HEAP_ALLOCATE|[53]|Bytes:1
16:25:17.0 (62815726)|HEAP_ALLOCATE|[53]|Bytes:1
16:25:17.0 (62820667)|HEAP_ALLOCATE|[53]|Bytes:4
16:25:17.0 (62825417)|HEAP_ALLOCATE|[EXTERNAL]|Bytes:4
16:25:17.0 (62828753)|HEAP_ALLOCATE|[51]|Bytes:4
16:25:17.0 (62831539)|VARIABLE_ASSIGNMENT|[51]|j|30
16:25:17.0 (62833282)|STATEMENT_EXECUTE|[51]
16:25:17.0 (62834655)|STATEMENT_EXECUTE|[54]
16:25:17.0 (62835655)|STATEMENT_EXECUTE|[55]
16:25:17.0 (62841213)|HEAP_ALLOCATE|[55]|Bytes:1
16:25:17.0 (62849035)|HEAP_ALLOCATE|[55]|Bytes:2
16:25:17.0 (62853990)|HEAP_ALLOCATE|[55]|Bytes:4
16:25:17.0 (62858942)|HEAP_ALLOCATE|[55]|Bytes:1
16:25:17.0 (62866760)|HEAP_ALLOCATE|[55]|Bytes:2
16:25:17.0 (62871658)|HEAP_ALLOCATE|[55]|Bytes:4
16:25:17.0 (62876191)|HEAP_ALLOCATE|[EXTERNAL]|Bytes:4
16:25:17.0 (62879337)|HEAP_ALLOCATE|[51]|Bytes:4
16:25:17.0 (62882202)|VARIABLE_ASSIGNMENT|[51]|j|60
16:25:17.0 (62884140)|HEAP_ALLOCATE|[50]|Bytes:4
16:25:17.0 (62886489)|VARIABLE_ASSIGNMENT|[50]|i|3
16:25:17.0 (62888177)|STATEMENT_EXECUTE|[50]
16:25:17.0 (62889377)|STATEMENT_EXECUTE|[51]
16:25:17.0 (62891005)|VARIABLE_SCOPE_BEGIN|[51]|j|Integer|false|false
16:25:17.0 (62892376)|HEAP_ALLOCATE|[51]|Bytes:4
16:25:17.0 (62894895)|VARIABLE_ASSIGNMENT|[51]|j|0
16:25:17.0 (62896348)|STATEMENT_EXECUTE|[51]
16:25:17.0 (62897609)|STATEMENT_EXECUTE|[52]
16:25:17.0 (62898563)|STATEMENT_EXECUTE|[53]
16:25:17.0 (62904601)|HEAP_ALLOCATE|[53]|Bytes:1
16:25:17.0 (62912459)|HEAP_ALLOCATE|[53]|Bytes:1
16:25:17.0 (62917415)|HEAP_ALLOCATE|[53]|Bytes:4
16:25:17.0 (62922305)|HEAP_ALLOCATE|[53]|Bytes:1
16:25:17.0 (62929919)|HEAP_ALLOCATE|[53]|Bytes:1
16:25:17.0 (62934836)|HEAP_ALLOCATE|[53]|Bytes:4
16:25:17.0 (62939528)|HEAP_ALLOCATE|[EXTERNAL]|Bytes:4
16:25:17.0 (62942814)|HEAP_ALLOCATE|[51]|Bytes:4
16:25:17.0 (62945447)|VARIABLE_ASSIGNMENT|[51]|j|30
16:25:17.0 (62947190)|STATEMENT_EXECUTE|[51]
16:25:17.0 (62948477)|STATEMENT_EXECUTE|[54]
16:25:17.0 (62949414)|STATEMENT_EXECUTE|[55]
16:25:17.0 (62954948)|HEAP_ALLOCATE|[55]|Bytes:1
16:25:17.0 (62962791)|HEAP_ALLOCATE|[55]|Bytes:2
16:25:17.0 (62967747)|HEAP_ALLOCATE|[55]|Bytes:4
16:25:17.0 (62972619)|HEAP_ALLOCATE|[55]|Bytes:1
16:25:17.0 (62980227)|HEAP_ALLOCATE|[55]|Bytes:2
16:25:17.0 (62990667)|HEAP_ALLOCATE|[55]|Bytes:4
16:25:17.0 (62995707)|HEAP_ALLOCATE|[EXTERNAL]|Bytes:4
16:25:17.0 (62999011)|HEAP_ALLOCATE|[51]|Bytes:4
16:25:17.0 (63002060)|VARIABLE_ASSIGNMENT|[51]|j|60
16:25:17.0 (63004772)|HEAP_ALLOCATE|[50]|Bytes:4
16:25:17.0 (63007273)|VARIABLE_ASSIGNMENT|[50]|i|4
16:25:17.0 (63009160)|STATEMENT_EXECUTE|[50]
16:25:17.0 (63010400)|STATEMENT_EXECUTE|[51]
16:25:17.0 (63012084)|VARIABLE_SCOPE_BEGIN|[51]|j|Integer|false|false
16:25:17.0 (63013508)|HEAP_ALLOCATE|[51]|Bytes:4
16:25:17.0 (63016011)|VARIABLE_ASSIGNMENT|[51]|j|0
16:25:17.0 (63017455)|STATEMENT_EXECUTE|[51]
16:25:17.0 (63018730)|STATEMENT_EXECUTE|[52]
16:25:17.0 (63019690)|STATEMENT_EXECUTE|[53]
16:25:17.0 (63026563)|HEAP_ALLOCATE|[53]|Bytes:1
16:25:17.0 (63034540)|HEAP_ALLOCATE|[53]|Bytes:1
16:25:17.0 (63039673)|HEAP_ALLOCATE|[53]|Bytes:4
16:25:17.0 (63044522)|HEAP_ALLOCATE|[53]|Bytes:1
16:25:17.0 (63052184)|HEAP_ALLOCATE|[53]|Bytes:1
16:25:17.0 (63057103)|HEAP_ALLOCATE|[53]|Bytes:4
16:25:17.0 (63062017)|HEAP_ALLOCATE|[EXTERNAL]|Bytes:4
16:25:17.0 (63065249)|HEAP_ALLOCATE|[51]|Bytes:4
16:25:17.0 (63068007)|VARIABLE_ASSIGNMENT|[51]|j|30
16:25:17.0 (63069740)|STATEMENT_EXECUTE|[51]
16:25:17.0 (63071039)|STATEMENT_EXECUTE|[54]
16:25:17.0 (63072019)|STATEMENT_EXECUTE|[55]
16:25:17.0 (63077815)|HEAP_ALLOCATE|[55]|Bytes:1
16:25:17.0 (63085866)|HEAP_ALLOCATE|[55]|Bytes:2
16:25:17.0 (63090835)|HEAP_ALLOCATE|[55]|Bytes:4
16:25:17.0 (63095682)|HEAP_ALLOCATE|[55]|Bytes:1
16:25:17.0 (63103396)|HEAP_ALLOCATE|[55]|Bytes:2
16:25:17.0 (63108302)|HEAP_ALLOCATE|[55]|Bytes:4
16:25:17.0 (63112647)|HEAP_ALLOCATE|[EXTERNAL]|Bytes:4
16:25:17.0 (63115679)|HEAP_ALLOCATE|[51]|Bytes:4
16:25:17.0 (63118372)|VARIABLE_ASSIGNMENT|[51]|j|60
16:25:17.0 (63120248)|HEAP_ALLOCATE|[50]|Bytes:4
16:25:17.0 (63122565)|VARIABLE_ASSIGNMENT|[50]|i|5
16:25:17.0 (63124139)|STATEMENT_EXECUTE|[50]
16:25:17.0 (63125373)|STATEMENT_EXECUTE|[51]
16:25:17.0 (63126974)|VARIABLE_SCOPE_BEGIN|[51]|j|Integer|false|false
16:25:17.0 (63128236)|HEAP_ALLOCATE|[51]|Bytes:4
16:25:17.0 (63130637)|VARIABLE_ASSIGNMENT|[51]|j|0
16:25:17.0 (63132147)|STATEMENT_EXECUTE|[51]
16:25:17.0 (63133406)|STATEMENT_EXECUTE|[52]
16:25:17.0 (63134343)|STATEMENT_EXECUTE|[53]
16:25:17.0 (63140288)|HEAP_ALLOCATE|[53]|Bytes:1
16:25:17.0 (63148295)|HEAP_ALLOCATE|[53]|Bytes:1
16:25:17.0 (63153353)|HEAP_ALLOCATE|[53]|Bytes:4
16:25:17.0 (63158254)|HEAP_ALLOCATE|[53]|Bytes:1
16:25:17.0 (63165915)|HEAP_ALLOCATE|[53]|Bytes:1
16:25:17.0 (63170850)|HEAP_ALLOCATE|[53]|Bytes:4
16:25:17.0 (63175397)|HEAP_ALLOCATE|[EXTERNAL]|Bytes:4
16:25:17.0 (63178982)|HEAP_ALLOCATE|[51]|Bytes:4
16:25:17.0 (63181624)|VARIABLE_ASSIGNMENT|[51]|j|30
16:25:17.0 (63183319)|STATEMENT_EXECUTE|[51]
16:25:17.0 (63184730)|STATEMENT_EXECUTE|[54]
16:25:17.0 (63185663)|STATEMENT_EXECUTE|[55]
16:25:17.0 (63191409)|HEAP_ALLOCATE|[55]|Bytes:1
16:25:17.0 (63199128)|HEAP_ALLOCATE|[55]|Bytes:2
16:25:17.0 (63204210)|HEAP_ALLOCATE|[55]|Bytes:4
16:25:17.0 (63209118)|HEAP_ALLOCATE|[55]|Bytes:1
16:25:17.0 (63217039)|HEAP_ALLOCATE|[55]|Bytes:2
16:25:17.0 (63222123)|HEAP_ALLOCATE|[55]|Bytes:4
16:25:17.0 (63226637)|HEAP_ALLOCATE|[EXTERNAL]|Bytes:4
16:25:17.0 (63229758)|HEAP_ALLOCATE|[51]|Bytes:4
16:25:17.0 (63232515)|VARIABLE_ASSIGNMENT|[51]|j|60
16:25:17.0 (63234401)|HEAP_ALLOCATE|[50]|Bytes:4
16:25:17.0 (63236717)|VARIABLE_ASSIGNMENT|[50]|i|6
16:25:17.0 (63238372)|STATEMENT_EXECUTE|[50]
16:25:17.0 (63239544)|STATEMENT_EXECUTE|[51]
16:25:17.0 (63241265)|VARIABLE_SCOPE_BEGIN|[51]|j|Integer|false|false
16:25:17.0 (63242590)|HEAP_ALLOCATE|[51]|Bytes:4
16:25:17.0 (63244949)|VARIABLE_ASSIGNMENT|[51]|j|0
16:25:17.0 (63246433)|STATEMENT_EXECUTE|[51]
16:25:17.0 (63247700)|STATEMENT_EXECUTE|[52]
16:25:17.0 (63248637)|STATEMENT_EXECUTE|[53]
16:25:17.0 (63254610)|HEAP_ALLOCATE|[53]|Bytes:1
16:25:17.0 (63262470)|HEAP_ALLOCATE|[53]|Bytes:1
16:25:17.0 (63267464)|HEAP_ALLOCATE|[53]|Bytes:4
16:25:17.0 (63272344)|HEAP_ALLOCATE|[53]|Bytes:1
16:25:17.0 (63279933)|HEAP_ALLOCATE|[53]|Bytes:1
16:25:17.0 (63284784)|HEAP_ALLOCATE|[53]|Bytes:4
16:25:17.0 (63289250)|HEAP_ALLOCATE|[EXTERNAL]|Bytes:4
16:25:17.0 (63292894)|HEAP_ALLOCATE|[51]|Bytes:4
16:25:17.0 (63295580)|VARIABLE_ASSIGNMENT|[51]|j|30
16:25:17.0 (63297261)|STATEMENT_EXECUTE|[51]
16:25:17.0 (63298602)|STATEMENT_EXECUTE|[54]
16:25:17.0 (63299543)|STATEMENT_EXECUTE|[55]
16:25:17.0 (63305222)|HEAP_ALLOCATE|[55]|Bytes:1
16:25:17.0 (63313107)|HEAP_ALLOCATE|[55]|Bytes:2
16:25:17.0 (63318154)|HEAP_ALLOCATE|[55]|Bytes:4
16:25:17.0 (63323096)|HEAP_ALLOCATE|[55]|Bytes:1
16:25:17.0 (63330798)|HEAP_ALLOCATE|[55]|Bytes:2
16:25:17.0 (63335741)|HEAP_ALLOCATE|[55]|Bytes:4
16:25:17.0 (63340040)|HEAP_ALLOCATE|[EXTERNAL]|Bytes:4
16:25:17.0 (63343168)|HEAP_ALLOCATE|[51]|Bytes:4
16:25:17.0 (63345968)|VARIABLE_ASSIGNMENT|[51]|j|60
16:25:17.0 (63347792)|HEAP_ALLOCATE|[50]|Bytes:4
16:25:17.0 (63350160)|VARIABLE_ASSIGNMENT|[50]|i|7
16:25:17.0 (63351738)|STATEMENT_EXECUTE|[50]
16:25:17.0 (63352857)|STATEMENT_EXECUTE|[51]
16:25:17.0 (63354468)|VARIABLE_SCOPE_BEGIN|[51]|j|Integer|false|false
16:25:17.0 (63355728)|HEAP_ALLOCATE|[51]|Bytes:4
16:25:17.0 (63358419)|VARIABLE_ASSIGNMENT|[51]|j|0
16:25:17.0 (63359888)|STATEMENT_EXECUTE|[51]
16:25:17.0 (63361153)|STATEMENT_EXECUTE|[52]
16:25:17.0 (63362082)|STATEMENT_EXECUTE|[53]
16:25:17.0 (63367778)|HEAP_ALLOCATE|[53]|Bytes:1
16:25:17.0 (63375600)|HEAP_ALLOCATE|[53]|Bytes:1
16:25:17.0 (63380555)|HEAP_ALLOCATE|[53]|Bytes:4
16:25:17.0 (63385457)|HEAP_ALLOCATE|[53]|Bytes:1
16:25:17.0 (63393143)|HEAP_ALLOCATE|[53]|Bytes:1
16:25:17.0 (63398196)|HEAP_ALLOCATE|[53]|Bytes:4
16:25:17.0 (63402697)|HEAP_ALLOCATE|[EXTERNAL]|Bytes:4
16:25:17.0 (63405839)|HEAP_ALLOCATE|[51]|Bytes:4
16:25:17.0 (63408361)|VARIABLE_ASSIGNMENT|[51]|j|30
16:25:17.0 (63410109)|STATEMENT_EXECUTE|[51]
16:25:17.0 (63411430)|STATEMENT_EXECUTE|[54]
16:25:17.0 (63412369)|STATEMENT_EXECUTE|[55]
16:25:17.0 (63418077)|HEAP_ALLOCATE|[55]|Bytes:1
16:25:17.0 (63425876)|HEAP_ALLOCATE|[55]|Bytes:2
16:25:17.0 (63430916)|HEAP_ALLOCATE|[55]|Bytes:4
16:25:17.0 (63435856)|HEAP_ALLOCATE|[55]|Bytes:1
16:25:17.0 (63443490)|HEAP_ALLOCATE|[55]|Bytes:2
16:25:17.0 (63448729)|HEAP_ALLOCATE|[55]|Bytes:4
16:25:17.0 (63453099)|HEAP_ALLOCATE|[EXTERNAL]|Bytes:4
16:25:17.0 (63456443)|HEAP_ALLOCATE|[51]|Bytes:4
16:25:17.0 (63459133)|VARIABLE_ASSIGNMENT|[51]|j|60
16:25:17.0 (63460957)|HEAP_ALLOCATE|[50]|Bytes:4
16:25:17.0 (63463364)|VARIABLE_ASSIGNMENT|[50]|i|8
16:25:17.0 (63464930)|STATEMENT_EXECUTE|[50]
16:25:17.0 (63466074)|STATEMENT_EXECUTE|[51]
16:25:17.0 (63467662)|VARIABLE_SCOPE_BEGIN|[51]|j|Integer|false|false
16:25:17.0 (63469028)|HEAP_ALLOCATE|[51]|Bytes:4
16:25:17.0 (63471341)|VARIABLE_ASSIGNMENT|[51]|j|0
16:25:17.0 (63472808)|STATEMENT_EXECUTE|[51]
16:25:17.0 (63474079)|STATEMENT_EXECUTE|[52]
16:25:17.0 (63475017)|STATEMENT_EXECUTE|[53]
16:25:17.0 (63480741)|HEAP_ALLOCATE|[53]|Bytes:1
16:25:17.0 (63488638)|HEAP_ALLOCATE|[53]|Bytes:1
16:25:17.0 (63493614)|HEAP_ALLOCATE|[53]|Bytes:4
16:25:17.0 (63498471)|HEAP_ALLOCATE|[53]|Bytes:1
16:25:17.0 (63506088)|HEAP_ALLOCATE|[53]|Bytes:1
16:25:17.0 (63510947)|HEAP_ALLOCATE|[53]|Bytes:4
16:25:17.0 (63515408)|HEAP_ALLOCATE|[EXTERNAL]|Bytes:4
16:25:17.0 (63518709)|HEAP_ALLOCATE|[51]|Bytes:4
16:25:17.0 (63521309)|VARIABLE_ASSIGNMENT|[51]|j|30
16:25:17.0 (63523066)|STATEMENT_EXECUTE|[51]
16:25:17.0 (63524392)|STATEMENT_EXECUTE|[54]
16:25:17.0 (63525349)|STATEMENT_EXECUTE|[55]
16:25:17.0 (63530920)|HEAP_ALLOCATE|[55]|Bytes:1
16:25:17.0 (63538753)|HEAP_ALLOCATE|[55]|Bytes:2
16:25:17.0 (63543851)|HEAP_ALLOCATE|[55]|Bytes:4
16:25:17.0 (63548766)|HEAP_ALLOCATE|[55]|Bytes:1
16:25:17.0 (63556655)|HEAP_ALLOCATE|[55]|Bytes:2
16:25:17.0 (63561664)|HEAP_ALLOCATE|[55]|Bytes:4
16:25:17.0 (63566137)|HEAP_ALLOCATE|[EXTERNAL]|Bytes:4
16:25:17.0 (63569122)|HEAP_ALLOCATE|[51]|Bytes:4
16:25:17.0 (63571787)|VARIABLE_ASSIGNMENT|[51]|j|60
16:25:17.0 (63573675)|HEAP_ALLOCATE|[50]|Bytes:4
16:25:17.0 (63575998)|VARIABLE_ASSIGNMENT|[50]|i|9
16:25:17.0 (63577610)|STATEMENT_EXECUTE|[50]
16:25:17.0 (63578772)|STATEMENT_EXECUTE|[51]
16:25:17.0 (63580415)|VARIABLE_SCOPE_BEGIN|[51]|j|Integer|false|false
16:25:17.0 (63581716)|HEAP_ALLOCATE|[51]|Bytes:4
16:25:17.0 (63584308)|VARIABLE_ASSIGNMENT|[51]|j|0
16:25:17.0 (63585749)|STATEMENT_EXECUTE|[51]
16:25:17.0 (63587006)|STATEMENT_EXECUTE|[52]
16:25:17.0 (63587949)|STATEMENT_EXECUTE|[53]
16:25:17.0 (63593733)|HEAP_ALLOCATE|[53]|Bytes:1
16:25:17.0 (63601638)|HEAP_ALLOCATE|[53]|Bytes:1
16:25:17.0 (63606737)|HEAP_ALLOCATE|[53]|Bytes:4
16:25:17.0 (63611653)|HEAP_ALLOCATE|[53]|Bytes:1
16:25:17.0 (63619283)|HEAP_ALLOCATE|[53]|Bytes:1
16:25:17.0 (63624256)|HEAP_ALLOCATE|[53]|Bytes:4
16:25:17.0 (63628793)|HEAP_ALLOCATE|[EXTERNAL]|Bytes:4
16:25:17.0 (63631947)|HEAP_ALLOCATE|[51]|Bytes:4
16:25:17.0 (63634675)|VARIABLE_ASSIGNMENT|[51]|j|30
16:25:17.0 (63636402)|STATEMENT_EXECUTE|[51]
16:25:17.0 (63637712)|STATEMENT_EXECUTE|[54]
16:25:17.0 (63638643)|STATEMENT_EXECUTE|[55]
16:25:17.0 (63644181)|HEAP_ALLOCATE|[55]|Bytes:1
16:25:17.0 (63651921)|HEAP_ALLOCATE|[55]|Bytes:2
16:25:17.0 (63656840)|HEAP_ALLOCATE|[55]|Bytes:4
16:25:17.0 (63661696)|HEAP_ALLOCATE|[55]|Bytes:1
16:25:17.0 (63669317)|HEAP_ALLOCATE|[55]|Bytes:2
16:25:17.0 (63674570)|HEAP_ALLOCATE|[55]|Bytes:4
16:25:17.0 (63678860)|HEAP_ALLOCATE|[EXTERNAL]|Bytes:4
16:25:17.0 (63681913)|HEAP_ALLOCATE|[51]|Bytes:4
16:25:17.0 (63684615)|VARIABLE_ASSIGNMENT|[51]|j|60
16:25:17.0 (63686510)|HEAP_ALLOCATE|[50]|Bytes:4
16:25:17.0 (63688821)|VARIABLE_ASSIGNMENT|[50]|i|10
16:25:17.0 (63690408)|STATEMENT_EXECUTE|[50]
16:25:17.0 (63691549)|STATEMENT_EXECUTE|[51]
16:25:17.0 (63693196)|VARIABLE_SCOPE_BEGIN|[51]|j|Integer|false|false
16:25:17.0 (63694458)|HEAP_ALLOCATE|[51]|Bytes:4
16:25:17.0 (63696742)|VARIABLE_ASSIGNMENT|[51]|j|0
16:25:17.0 (63698202)|STATEMENT_EXECUTE|[51]
16:25:17.0 (63699449)|STATEMENT_EXECUTE|[52]
16:25:17.0 (63700377)|STATEMENT_EXECUTE|[53]
16:25:17.0 (63706102)|HEAP_ALLOCATE|[53]|Bytes:2
16:25:17.0 (63714026)|HEAP_ALLOCATE|[53]|Bytes:1
16:25:17.0 (63719053)|HEAP_ALLOCATE|[53]|Bytes:5
16:25:17.0 (63723939)|HEAP_ALLOCATE|[53]|Bytes:2
16:25:17.0 (63731506)|HEAP_ALLOCATE|[53]|Bytes:1
16:25:17.0 (63736494)|HEAP_ALLOCATE|[53]|Bytes:5
16:25:17.0 (63740871)|HEAP_ALLOCATE|[EXTERNAL]|Bytes:4
16:25:17.0 (63744303)|HEAP_ALLOCATE|[51]|Bytes:4
16:25:17.0 (63746872)|VARIABLE_ASSIGNMENT|[51]|j|30
16:25:17.0 (63748552)|STATEMENT_EXECUTE|[51]
16:25:17.0 (63749871)|STATEMENT_EXECUTE|[54]
16:25:17.0 (63750801)|STATEMENT_EXECUTE|[55]
16:25:17.0 (63756340)|HEAP_ALLOCATE|[55]|Bytes:2
16:25:17.0 (63764166)|HEAP_ALLOCATE|[55]|Bytes:2
16:25:17.0 (63769265)|HEAP_ALLOCATE|[55]|Bytes:5
16:25:17.0 (63774140)|HEAP_ALLOCATE|[55]|Bytes:2
16:25:17.0 (63781757)|HEAP_ALLOCATE|[55]|Bytes:2
16:25:17.0 (63786775)|HEAP_ALLOCATE|[55]|Bytes:5
16:25:17.0 (63791208)|HEAP_ALLOCATE|[EXTERNAL]|Bytes:4
16:25:17.0 (63794245)|HEAP_ALLOCATE|[51]|Bytes:4
16:25:17.0 (63796892)|VARIABLE_ASSIGNMENT|[51]|j|60
16:25:17.0 (63798763)|HEAP_ALLOCATE|[50]|Bytes:4
16:25:17.0 (63801115)|VARIABLE_ASSIGNMENT|[50]|i|11
16:25:17.0 (63802638)|STATEMENT_EXECUTE|[50]
16:25:17.0 (63803785)|STATEMENT_EXECUTE|[51]
16:25:17.0 (63805427)|VARIABLE_SCOPE_BEGIN|[51]|j|Integer|false|false
16:25:17.0 (63806687)|HEAP_ALLOCATE|[51]|Bytes:4
16:25:17.0 (63809310)|VARIABLE_ASSIGNMENT|[51]|j|0
16:25:17.0 (63810781)|STATEMENT_EXECUTE|[51]
16:25:17.0 (63812033)|STATEMENT_EXECUTE|[52]
16:25:17.0 (63812982)|STATEMENT_EXECUTE|[53]
16:25:17.0 (63818920)|HEAP_ALLOCATE|[53]|Bytes:2
16:25:17.0 (63826909)|HEAP_ALLOCATE|[53]|Bytes:1
16:25:17.0 (63831911)|HEAP_ALLOCATE|[53]|Bytes:5
16:25:17.0 (63836771)|HEAP_ALLOCATE|[53]|Bytes:2
16:25:17.0 (63844328)|HEAP_ALLOCATE|[53]|Bytes:1
16:25:17.0 (63849143)|HEAP_ALLOCATE|[53]|Bytes:5
16:25:17.0 (63853616)|HEAP_ALLOCATE|[EXTERNAL]|Bytes:4
16:25:17.0 (63856962)|HEAP_ALLOCATE|[51]|Bytes:4
16:25:17.0 (63859506)|VARIABLE_ASSIGNMENT|[51]|j|30
16:25:17.0 (63861255)|STATEMENT_EXECUTE|[51]
16:25:17.0 (63862640)|STATEMENT_EXECUTE|[54]
16:25:17.0 (63863602)|STATEMENT_EXECUTE|[55]
16:25:17.0 (63869314)|HEAP_ALLOCATE|[55]|Bytes:2
16:25:17.0 (63877298)|HEAP_ALLOCATE|[55]|Bytes:2
16:25:17.0 (63882423)|HEAP_ALLOCATE|[55]|Bytes:5
16:25:17.0 (63887311)|HEAP_ALLOCATE|[55]|Bytes:2
16:25:17.0 (63894935)|HEAP_ALLOCATE|[55]|Bytes:2
16:25:17.0 (63899873)|HEAP_ALLOCATE|[55]|Bytes:5
16:25:17.0 (63904601)|HEAP_ALLOCATE|[EXTERNAL]|Bytes:4
16:25:17.0 (63907614)|HEAP_ALLOCATE|[51]|Bytes:4
16:25:17.0 (63910304)|VARIABLE_ASSIGNMENT|[51]|j|60
16:25:17.0 (63912202)|HEAP_ALLOCATE|[50]|Bytes:4
16:25:17.0 (63914531)|VARIABLE_ASSIGNMENT|[50]|i|12
16:25:17.0 (63916112)|STATEMENT_EXECUTE|[50]
16:25:17.0 (63917275)|STATEMENT_EXECUTE|[51]
16:25:17.0 (63918907)|VARIABLE_SCOPE_BEGIN|[51]|j|Integer|false|false
16:25:17.0 (63920179)|HEAP_ALLOCATE|[51]|Bytes:4
16:25:17.0 (63922448)|VARIABLE_ASSIGNMENT|[51]|j|0
16:25:17.0 (63923858)|STATEMENT_EXECUTE|[51]
16:25:17.0 (63925104)|STATEMENT_EXECUTE|[52]
16:25:17.0 (63926037)|STATEMENT_EXECUTE|[53]
16:25:17.0 (63931940)|HEAP_ALLOCATE|[53]|Bytes:2
16:25:17.0 (63939739)|HEAP_ALLOCATE|[53]|Bytes:1
16:25:17.0 (63944708)|HEAP_ALLOCATE|[53]|Bytes:5
16:25:17.0 (63949493)|HEAP_ALLOCATE|[53]|Bytes:2
16:25:17.0 (63957159)|HEAP_ALLOCATE|[53]|Bytes:1
16:25:17.0 (63962215)|HEAP_ALLOCATE|[53]|Bytes:5
16:25:17.0 (63966628)|HEAP_ALLOCATE|[EXTERNAL]|Bytes:4
16:25:17.0 (63969969)|HEAP_ALLOCATE|[51]|Bytes:4
16:25:17.0 (63972505)|VARIABLE_ASSIGNMENT|[51]|j|30
16:25:17.0 (63974238)|STATEMENT_EXECUTE|[51]
16:25:17.0 (63975554)|STATEMENT_EXECUTE|[54]
16:25:17.0 (63976481)|STATEMENT_EXECUTE|[55]
16:25:17.0 (63982076)|HEAP_ALLOCATE|[55]|Bytes:2
16:25:17.0 (63993924)|HEAP_ALLOCATE|[55]|Bytes:2
16:25:17.0 (63999058)|HEAP_ALLOCATE|[55]|Bytes:5
16:25:17.0 (64004033)|HEAP_ALLOCATE|[55]|Bytes:2
16:25:17.0 (64012436)|HEAP_ALLOCATE|[55]|Bytes:2
16:25:17.0 (64017500)|HEAP_ALLOCATE|[55]|Bytes:5
16:25:17.0 (64022463)|HEAP_ALLOCATE|[EXTERNAL]|Bytes:4
16:25:17.0 (64025739)|HEAP_ALLOCATE|[51]|Bytes:4
16:25:17.0 (64028603)|VARIABLE_ASSIGNMENT|[51]|j|60
16:25:17.0 (64030484)|HEAP_ALLOCATE|[50]|Bytes:4
16:25:17.0 (64032825)|VARIABLE_ASSIGNMENT|[50]|i|13
16:25:17.0 (64034408)|STATEMENT_EXECUTE|[50]
16:25:17.0 (64035620)|STATEMENT_EXECUTE|[51]
16:25:17.0 (64037294)|VARIABLE_SCOPE_BEGIN|[51]|j|Integer|false|false
16:25:17.0 (64038589)|HEAP_ALLOCATE|[51]|Bytes:4
16:25:17.0 (64040909)|VARIABLE_ASSIGNMENT|[51]|j|0
16:25:17.0 (64042512)|STATEMENT_EXECUTE|[51]
16:25:17.0 (64043774)|STATEMENT_EXECUTE|[52]
16:25:17.0 (64044720)|STATEMENT_EXECUTE|[53]
16:25:17.0 (64050660)|HEAP_ALLOCATE|[53]|Bytes:2
16:25:17.0 (64058584)|HEAP_ALLOCATE|[53]|Bytes:1
16:25:17.0 (64063540)|HEAP_ALLOCATE|[53]|Bytes:5
16:25:17.0 (64068375)|HEAP_ALLOCATE|[53]|Bytes:2
16:25:17.0 (64075973)|HEAP_ALLOCATE|[53]|Bytes:1
16:25:17.0 (64080898)|HEAP_ALLOCATE|[53]|Bytes:5
16:25:17.0 (64085387)|HEAP_ALLOCATE|[EXTERNAL]|Bytes:4
16:25:17.0 (64088643)|HEAP_ALLOCATE|[51]|Bytes:4
16:25:17.0 (64091306)|VARIABLE_ASSIGNMENT|[51]|j|30
16:25:17.0 (64092958)|STATEMENT_EXECUTE|[51]
16:25:17.0 (64094308)|STATEMENT_EXECUTE|[54]
16:25:17.0 (64095234)|STATEMENT_EXECUTE|[55]
16:25:17.0 (64100859)|HEAP_ALLOCATE|[55]|Bytes:2
16:25:17.0 (64108815)|HEAP_ALLOCATE|[55]|Bytes:2
16:25:17.0 (64113932)|HEAP_ALLOCATE|[55]|Bytes:5
16:25:17.0 (64118815)|HEAP_ALLOCATE|[55]|Bytes:2
16:25:17.0 (64126355)|HEAP_ALLOCATE|[55]|Bytes:2
16:25:17.0 (64131277)|HEAP_ALLOCATE|[55]|Bytes:5
16:25:17.0 (64135906)|HEAP_ALLOCATE|[EXTERNAL]|Bytes:4
16:25:17.0 (64139006)|HEAP_ALLOCATE|[51]|Bytes:4
16:25:17.0 (64141752)|VARIABLE_ASSIGNMENT|[51]|j|60
16:25:17.0 (64143675)|HEAP_ALLOCATE|[50]|Bytes:4
16:25:17.0 (64146119)|VARIABLE_ASSIGNMENT|[50]|i|14
16:25:17.0 (64147875)|STATEMENT_EXECUTE|[50]
16:25:17.0 (64149015)|STATEMENT_EXECUTE|[51]
16:25:17.0 (64150655)|VARIABLE_SCOPE_BEGIN|[51]|j|Integer|false|false
16:25:17.0 (64152001)|HEAP_ALLOCATE|[51]|Bytes:4
16:25:17.0 (64154377)|VARIABLE_ASSIGNMENT|[51]|j|0
16:25:17.0 (64155845)|STATEMENT_EXECUTE|[51]
16:25:17.0 (64157108)|STATEMENT_EXECUTE|[52]
16:25:17.0 (64158046)|STATEMENT_EXECUTE|[53]
16:25:17.0 (64164107)|HEAP_ALLOCATE|[53]|Bytes:2
16:25:17.0 (64171969)|HEAP_ALLOCATE|[53]|Bytes:1
16:25:17.0 (64176987)|HEAP_ALLOCATE|[53]|Bytes:5
16:25:17.0 (64181909)|HEAP_ALLOCATE|[53]|Bytes:2
16:25:17.0 (64189559)|HEAP_ALLOCATE|[53]|Bytes:1
16:25:17.0 (64194642)|HEAP_ALLOCATE|[53]|Bytes:5
16:25:17.0 (64198957)|HEAP_ALLOCATE|[EXTERNAL]|Bytes:4
16:25:17.0 (64202340)|HEAP_ALLOCATE|[51]|Bytes:4
16:25:17.0 (64204853)|VARIABLE_ASSIGNMENT|[51]|j|30
16:25:17.0 (64206541)|STATEMENT_EXECUTE|[51]
16:25:17.0 (64207880)|STATEMENT_EXECUTE|[54]
16:25:17.0 (64208845)|STATEMENT_EXECUTE|[55]
16:25:17.0 (64214458)|HEAP_ALLOCATE|[55]|Bytes:2
16:25:17.0 (64222207)|HEAP_ALLOCATE|[55]|Bytes:2
16:25:17.0 (64227173)|HEAP_ALLOCATE|[55]|Bytes:5
16:25:17.0 (64231982)|HEAP_ALLOCATE|[55]|Bytes:2
16:25:17.0 (64239551)|HEAP_ALLOCATE|[55]|Bytes:2
16:25:17.0 (64244509)|HEAP_ALLOCATE|[55]|Bytes:5
16:25:17.0 (64248943)|HEAP_ALLOCATE|[EXTERNAL]|Bytes:4
16:25:17.0 (64252029)|HEAP_ALLOCATE|[51]|Bytes:4
16:25:17.0 (64254670)|VARIABLE_ASSIGNMENT|[51]|j|60
16:25:17.0 (64256739)|HEAP_ALLOCATE|[50]|Bytes:4
16:25:17.0 (64259116)|VARIABLE_ASSIGNMENT|[50]|i|15
16:25:17.0 (64260631)|STATEMENT_EXECUTE|[50]
16:25:17.0 (64261807)|STATEMENT_EXECUTE|[51]
16:25:17.0 (64263507)|VARIABLE_SCOPE_BEGIN|[51]|j|Integer|false|false
16:25:17.0 (64264784)|HEAP_ALLOCATE|[51]|Bytes:4
16:25:17.0 (64267127)|VARIABLE_ASSIGNMENT|[51]|j|0
16:25:17.0 (64268826)|STATEMENT_EXECUTE|[51]
16:25:17.0 (64270168)|STATEMENT_EXECUTE|[52]
16:25:17.0 (64271100)|STATEMENT_EXECUTE|[53]
16:25:17.0 (64276950)|HEAP_ALLOCATE|[53]|Bytes:2
16:25:17.0 (64284776)|HEAP_ALLOCATE|[53]|Bytes:1
16:25:17.0 (64289782)|HEAP_ALLOCATE|[53]|Bytes:5
16:25:17.0 (64294609)|HEAP_ALLOCATE|[53]|Bytes:2
16:25:17.0 (64302383)|HEAP_ALLOCATE|[53]|Bytes:1
16:25:17.0 (64307250)|HEAP_ALLOCATE|[53]|Bytes:5
16:25:17.0 (64311638)|HEAP_ALLOCATE|[EXTERNAL]|Bytes:4
16:25:17.0 (64314783)|HEAP_ALLOCATE|[51]|Bytes:4
16:25:17.0 (64317315)|VARIABLE_ASSIGNMENT|[51]|j|30
16:25:17.0 (64319037)|STATEMENT_EXECUTE|[51]
16:25:17.0 (64320351)|STATEMENT_EXECUTE|[54]
16:25:17.0 (64321308)|STATEMENT_EXECUTE|[55]
16:25:17.0 (64326941)|HEAP_ALLOCATE|[55]|Bytes:2
16:25:17.0 (64334685)|HEAP_ALLOCATE|[55]|Bytes:2
16:25:17.0 (64339618)|HEAP_ALLOCATE|[55]|Bytes:5
16:25:17.0 (64344474)|HEAP_ALLOCATE|[55]|Bytes:2
16:25:17.0 (64352350)|HEAP_ALLOCATE|[55]|Bytes:2
16:25:17.0 (64357230)|HEAP_ALLOCATE|[55]|Bytes:5
16:25:17.0 (64361881)|HEAP_ALLOCATE|[EXTERNAL]|Bytes:4
16:25:17.0 (64364967)|HEAP_ALLOCATE|[51]|Bytes:4
16:25:17.0 (64367661)|VARIABLE_ASSIGNMENT|[51]|j|60
16:25:17.0 (64369546)|HEAP_ALLOCATE|[50]|Bytes:4
16:25:17.0 (64371966)|VARIABLE_ASSIGNMENT|[50]|i|16
16:25:17.0 (64373541)|STATEMENT_EXECUTE|[50]
16:25:17.0 (64374696)|STATEMENT_EXECUTE|[51]
16:25:17.0 (64376344)|VARIABLE_SCOPE_BEGIN|[51]|j|Integer|false|false
16:25:17.0 (64377615)|HEAP_ALLOCATE|[51]|Bytes:4
16:25:17.0 (64379937)|VARIABLE_ASSIGNMENT|[51]|j|0
16:25:17.0 (64381340)|STATEMENT_EXECUTE|[51]
16:25:17.0 (64382601)|STATEMENT_EXECUTE|[52]
16:25:17.0 (64383529)|STATEMENT_EXECUTE|[53]
16:25:17.0 (64389425)|HEAP_ALLOCATE|[53]|Bytes:2
16:25:17.0 (64397180)|HEAP_ALLOCATE|[53]|Bytes:1
16:25:17.0 (64402284)|HEAP_ALLOCATE|[53]|Bytes:5
16:25:17.0 (64407252)|HEAP_ALLOCATE|[53]|Bytes:2
16:25:17.0 (64414827)|HEAP_ALLOCATE|[53]|Bytes:1
16:25:17.0 (64419742)|HEAP_ALLOCATE|[53]|Bytes:5
16:25:17.0 (64424174)|HEAP_ALLOCATE|[EXTERNAL]|Bytes:4
16:25:17.0 (64427655)|HEAP_ALLOCATE|[51]|Bytes:4
16:25:17.0 (64430311)|VARIABLE_ASSIGNMENT|[51]|j|30
16:25:17.0 (64431984)|STATEMENT_EXECUTE|[51]
16:25:17.0 (64433350)|STATEMENT_EXECUTE|[54]
16:25:17.0 (64434297)|STATEMENT_EXECUTE|[55]
16:25:17.0 (64439944)|HEAP_ALLOCATE|[55]|Bytes:2
16:25:17.0 (64447716)|HEAP_ALLOCATE|[55]|Bytes:2
16:25:17.0 (64452866)|HEAP_ALLOCATE|[55]|Bytes:5
16:25:17.0 (64457926)|HEAP_ALLOCATE|[55]|Bytes:2
16:25:17.0 (64465534)|HEAP_ALLOCATE|[55]|Bytes:2
16:25:17.0 (64470537)|HEAP_ALLOCATE|[55]|Bytes:5
16:25:17.0 (64474916)|HEAP_ALLOCATE|[EXTERNAL]|Bytes:4
16:25:17.0 (64478156)|HEAP_ALLOCATE|[51]|Bytes:4
16:25:17.0 (64480799)|VARIABLE_ASSIGNMENT|[51]|j|60
16:25:17.0 (64482671)|HEAP_ALLOCATE|[50]|Bytes:4
16:25:17.0 (64485023)|VARIABLE_ASSIGNMENT|[50]|i|17
16:25:17.0 (64486606)|STATEMENT_EXECUTE|[50]
16:25:17.0 (64487737)|STATEMENT_EXECUTE|[51]
16:25:17.0 (64489361)|VARIABLE_SCOPE_BEGIN|[51]|j|Integer|false|false
16:25:17.0 (64490608)|HEAP_ALLOCATE|[51]|Bytes:4
16:25:17.0 (64492884)|VARIABLE_ASSIGNMENT|[51]|j|0
16:25:17.0 (64494609)|STATEMENT_EXECUTE|[51]
16:25:17.0 (64495978)|STATEMENT_EXECUTE|[52]
16:25:17.0 (64496907)|STATEMENT_EXECUTE|[53]
16:25:17.0 (64503182)|HEAP_ALLOCATE|[53]|Bytes:2
16:25:17.0 (64511300)|HEAP_ALLOCATE|[53]|Bytes:1
16:25:17.0 (64516352)|HEAP_ALLOCATE|[53]|Bytes:5
16:25:17.0 (64521122)|HEAP_ALLOCATE|[53]|Bytes:2
16:25:17.0 (64528740)|HEAP_ALLOCATE|[53]|Bytes:1
16:25:17.0 (64533724)|HEAP_ALLOCATE|[53]|Bytes:5
16:25:17.0 (64538208)|HEAP_ALLOCATE|[EXTERNAL]|Bytes:4
16:25:17.0 (64541401)|HEAP_ALLOCATE|[51]|Bytes:4
16:25:17.0 (64543917)|VARIABLE_ASSIGNMENT|[51]|j|30
16:25:17.0 (64545587)|STATEMENT_EXECUTE|[51]
16:25:17.0 (64546941)|STATEMENT_EXECUTE|[54]
16:25:17.0 (64547874)|STATEMENT_EXECUTE|[55]
16:25:17.0 (64553384)|HEAP_ALLOCATE|[55]|Bytes:2
16:25:17.0 (64561288)|HEAP_ALLOCATE|[55]|Bytes:2
16:25:17.0 (64566482)|HEAP_ALLOCATE|[55]|Bytes:5
16:25:17.0 (64571482)|HEAP_ALLOCATE|[55]|Bytes:2
16:25:17.0 (64579151)|HEAP_ALLOCATE|[55]|Bytes:2
16:25:17.0 (64584159)|HEAP_ALLOCATE|[55]|Bytes:5
16:25:17.0 (64588739)|HEAP_ALLOCATE|[EXTERNAL]|Bytes:4
16:25:17.0 (64591838)|HEAP_ALLOCATE|[51]|Bytes:4
16:25:17.0 (64594547)|VARIABLE_ASSIGNMENT|[51]|j|60
16:25:17.0 (64596464)|HEAP_ALLOCATE|[50]|Bytes:4
16:25:17.0 (64598759)|VARIABLE_ASSIGNMENT|[50]|i|18
16:25:17.0 (64600321)|STATEMENT_EXECUTE|[50]
16:25:17.0 (64601454)|STATEMENT_EXECUTE|[51]
16:25:17.0 (64603112)|VARIABLE_SCOPE_BEGIN|[51]|j|Integer|false|false
16:25:17.0 (64604407)|HEAP_ALLOCATE|[51]|Bytes:4
16:25:17.0 (64606716)|VARIABLE_ASSIGNMENT|[51]|j|0
16:25:17.0 (64608167)|STATEMENT_EXECUTE|[51]
16:25:17.0 (64609457)|STATEMENT_EXECUTE|[52]
16:25:17.0 (64610399)|STATEMENT_EXECUTE|[53]
16:25:17.0 (64616285)|HEAP_ALLOCATE|[53]|Bytes:2
16:25:17.0 (64624350)|HEAP_ALLOCATE|[53]|Bytes:1
16:25:17.0 (64629490)|HEAP_ALLOCATE|[53]|Bytes:5
16:25:17.0 (64634318)|HEAP_ALLOCATE|[53]|Bytes:2
16:25:17.0 (64641841)|HEAP_ALLOCATE|[53]|Bytes:1
16:25:17.0 (64646673)|HEAP_ALLOCATE|[53]|Bytes:5
16:25:17.0 (64651214)|HEAP_ALLOCATE|[EXTERNAL]|Bytes:4
16:25:17.0 (64654358)|HEAP_ALLOCATE|[51]|Bytes:4
16:25:17.0 (64657098)|VARIABLE_ASSIGNMENT|[51]|j|30
16:25:17.0 (64658779)|STATEMENT_EXECUTE|[51]
16:25:17.0 (64660055)|STATEMENT_EXECUTE|[54]
16:25:17.0 (64661005)|STATEMENT_EXECUTE|[55]
16:25:17.0 (64666678)|HEAP_ALLOCATE|[55]|Bytes:2
16:25:17.0 (64674518)|HEAP_ALLOCATE|[55]|Bytes:2
16:25:17.0 (64679485)|HEAP_ALLOCATE|[55]|Bytes:5
16:25:17.0 (64684296)|HEAP_ALLOCATE|[55]|Bytes:2
16:25:17.0 (64691827)|HEAP_ALLOCATE|[55]|Bytes:2
16:25:17.0 (64696741)|HEAP_ALLOCATE|[55]|Bytes:5
16:25:17.0 (64701169)|HEAP_ALLOCATE|[EXTERNAL]|Bytes:4
16:25:17.0 (64704246)|HEAP_ALLOCATE|[51]|Bytes:4
16:25:17.0 (64706912)|VARIABLE_ASSIGNMENT|[51]|j|60
16:25:17.0 (64708779)|HEAP_ALLOCATE|[50]|Bytes:4
16:25:17.0 (64711102)|VARIABLE_ASSIGNMENT|[50]|i|19
16:25:17.0 (64712656)|STATEMENT_EXECUTE|[50]
16:25:17.0 (64713762)|STATEMENT_EXECUTE|[51]
16:25:17.0 (64715387)|VARIABLE_SCOPE_BEGIN|[51]|j|Integer|false|false
16:25:17.0 (64716722)|HEAP_ALLOCATE|[51]|Bytes:4
16:25:17.0 (64719214)|VARIABLE_ASSIGNMENT|[51]|j|0
16:25:17.0 (64720830)|STATEMENT_EXECUTE|[51]
16:25:17.0 (64722172)|STATEMENT_EXECUTE|[52]
16:25:17.0 (64723108)|STATEMENT_EXECUTE|[53]
16:25:17.0 (64729090)|HEAP_ALLOCATE|[53]|Bytes:2
16:25:17.0 (64736876)|HEAP_ALLOCATE|[53]|Bytes:1
16:25:17.0 (64741841)|HEAP_ALLOCATE|[53]|Bytes:5
16:25:17.0 (64746659)|HEAP_ALLOCATE|[53]|Bytes:2
16:25:17.0 (64754192)|HEAP_ALLOCATE|[53]|Bytes:1
16:25:17.0 (64759029)|HEAP_ALLOCATE|[53]|Bytes:5
16:25:17.0 (64763616)|HEAP_ALLOCATE|[EXTERNAL]|Bytes:4
16:25:17.0 (64766812)|HEAP_ALLOCATE|[51]|Bytes:4
16:25:17.0 (64769385)|VARIABLE_ASSIGNMENT|[51]|j|30
16:25:17.0 (64771044)|STATEMENT_EXECUTE|[51]
16:25:17.0 (64772467)|STATEMENT_EXECUTE|[54]
16:25:17.0 (64773412)|STATEMENT_EXECUTE|[55]
16:25:17.0 (64779140)|HEAP_ALLOCATE|[55]|Bytes:2
16:25:17.0 (64786917)|HEAP_ALLOCATE|[55]|Bytes:2
16:25:17.0 (64791857)|HEAP_ALLOCATE|[55]|Bytes:5
16:25:17.0 (64796692)|HEAP_ALLOCATE|[55]|Bytes:2
16:25:17.0 (64804233)|HEAP_ALLOCATE|[55]|Bytes:2
16:25:17.0 (64809132)|HEAP_ALLOCATE|[55]|Bytes:5
16:25:17.0 (64813736)|HEAP_ALLOCATE|[EXTERNAL]|Bytes:4
16:25:17.0 (64816822)|HEAP_ALLOCATE|[51]|Bytes:4
16:25:17.0 (64819504)|VARIABLE_ASSIGNMENT|[51]|j|60
16:25:17.0 (64821371)|HEAP_ALLOCATE|[50]|Bytes:4
16:25:17.0 (64823675)|VARIABLE_ASSIGNMENT|[50]|i|20
16:25:17.0 (64825347)|STATEMENT_EXECUTE|[50]
16:25:17.0 (64826527)|STATEMENT_EXECUTE|[51]
16:25:17.0 (64828430)|VARIABLE_SCOPE_BEGIN|[51]|j|Integer|false|false
16:25:17.0 (64829706)|HEAP_ALLOCATE|[51]|Bytes:4
16:25:17.0 (64831982)|VARIABLE_ASSIGNMENT|[51]|j|0
16:25:17.0 (64833390)|STATEMENT_EXECUTE|[51]
16:25:17.0 (64834646)|STATEMENT_EXECUTE|[52]
16:25:17.0 (64835626)|STATEMENT_EXECUTE|[53]
16:25:17.0 (64841385)|HEAP_ALLOCATE|[53]|Bytes:2
16:25:17.0 (64849243)|HEAP_ALLOCATE|[53]|Bytes:1
16:25:17.0 (64854253)|HEAP_ALLOCATE|[53]|Bytes:5
16:25:17.0 (64859155)|HEAP_ALLOCATE|[53]|Bytes:2
16:25:17.0 (64866745)|HEAP_ALLOCATE|[53]|Bytes:1
16:25:17.0 (64871752)|HEAP_ALLOCATE|[53]|Bytes:5
16:25:17.0 (64876233)|HEAP_ALLOCATE|[EXTERNAL]|Bytes:4
16:25:17.0 (64879618)|HEAP_ALLOCATE|[51]|Bytes:4
16:25:17.0 (64882438)|VARIABLE_ASSIGNMENT|[51]|j|30
16:25:17.0 (64884067)|STATEMENT_EXECUTE|[51]
16:25:17.0 (64885377)|STATEMENT_EXECUTE|[54]
16:25:17.0 (64886344)|STATEMENT_EXECUTE|[55]
16:25:17.0 (64891851)|HEAP_ALLOCATE|[55]|Bytes:2
16:25:17.0 (64899703)|HEAP_ALLOCATE|[55]|Bytes:2
16:25:17.0 (64904729)|HEAP_ALLOCATE|[55]|Bytes:5
16:25:17.0 (64909570)|HEAP_ALLOCATE|[55]|Bytes:2
16:25:17.0 (64917162)|HEAP_ALLOCATE|[55]|Bytes:2
16:25:17.0 (64922098)|HEAP_ALLOCATE|[55]|Bytes:5
16:25:17.0 (64926428)|HEAP_ALLOCATE|[EXTERNAL]|Bytes:4
16:25:17.0 (64929627)|HEAP_ALLOCATE|[51]|Bytes:4
16:25:17.0 (64932336)|VARIABLE_ASSIGNMENT|[51]|j|60
16:25:17.0 (64934245)|HEAP_ALLOCATE|[50]|Bytes:4
16:25:17.0 (64936600)|VARIABLE_ASSIGNMENT|[50]|i|21
16:25:17.0 (64938128)|STATEMENT_EXECUTE|[50]
16:25:17.0 (64939251)|STATEMENT_EXECUTE|[51]
16:25:17.0 (64940921)|VARIABLE_SCOPE_BEGIN|[51]|j|Integer|false|false
16:25:17.0 (64942236)|HEAP_ALLOCATE|[51]|Bytes:4
16:25:17.0 (64944585)|VARIABLE_ASSIGNMENT|[51]|j|0
16:25:17.0 (64946091)|STATEMENT_EXECUTE|[51]
16:25:17.0 (64947331)|STATEMENT_EXECUTE|[52]
16:25:17.0 (64948275)|STATEMENT_EXECUTE|[53]
16:25:17.0 (64954235)|HEAP_ALLOCATE|[53]|Bytes:2
16:25:17.0 (64962075)|HEAP_ALLOCATE|[53]|Bytes:1
16:25:17.0 (64967040)|HEAP_ALLOCATE|[53]|Bytes:5
16:25:17.0 (64971938)|HEAP_ALLOCATE|[53]|Bytes:2
16:25:17.0 (64979612)|HEAP_ALLOCATE|[53]|Bytes:1
16:25:17.0 (64987994)|HEAP_ALLOCATE|[53]|Bytes:5
16:25:17.0 (64992986)|HEAP_ALLOCATE|[EXTERNAL]|Bytes:4
16:25:17.0 (64996445)|HEAP_ALLOCATE|[51]|Bytes:4
16:25:17.0 (64999230)|VARIABLE_ASSIGNMENT|[51]|j|30
16:25:17.0 (65000979)|STATEMENT_EXECUTE|[51]
16:25:17.0 (65002812)|STATEMENT_EXECUTE|[54]
16:25:17.0 (65003767)|STATEMENT_EXECUTE|[55]
16:25:17.0 (65009899)|HEAP_ALLOCATE|[55]|Bytes:2
16:25:17.0 (65017816)|HEAP_ALLOCATE|[55]|Bytes:2
16:25:17.0 (65022742)|HEAP_ALLOCATE|[55]|Bytes:5
16:25:17.0 (65027711)|HEAP_ALLOCATE|[55]|Bytes:2
16:25:17.0 (65035380)|HEAP_ALLOCATE|[55]|Bytes:2
16:25:17.0 (65040422)|HEAP_ALLOCATE|[55]|Bytes:5
16:25:17.0 (65044991)|HEAP_ALLOCATE|[EXTERNAL]|Bytes:4
16:25:17.0 (65048350)|HEAP_ALLOCATE|[51]|Bytes:4
16:25:17.0 (65050998)|VARIABLE_ASSIGNMENT|[51]|j|60
16:25:17.0 (65052963)|HEAP_ALLOCATE|[50]|Bytes:4
16:25:17.0 (65055412)|VARIABLE_ASSIGNMENT|[50]|i|22
16:25:17.0 (65057074)|STATEMENT_EXECUTE|[50]
16:25:17.0 (65058189)|STATEMENT_EXECUTE|[51]
16:25:17.0 (65059862)|VARIABLE_SCOPE_BEGIN|[51]|j|Integer|false|false
16:25:17.0 (65061161)|HEAP_ALLOCATE|[51]|Bytes:4
16:25:17.0 (65063402)|VARIABLE_ASSIGNMENT|[51]|j|0
16:25:17.0 (65064873)|STATEMENT_EXECUTE|[51]
16:25:17.0 (65066132)|STATEMENT_EXECUTE|[52]
16:25:17.0 (65067078)|STATEMENT_EXECUTE|[53]
16:25:17.0 (65072997)|HEAP_ALLOCATE|[53]|Bytes:2
16:25:17.0 (65080861)|HEAP_ALLOCATE|[53]|Bytes:1
16:25:17.0 (65085915)|HEAP_ALLOCATE|[53]|Bytes:5
16:25:17.0 (65090807)|HEAP_ALLOCATE|[53]|Bytes:2
16:25:17.0 (65098415)|HEAP_ALLOCATE|[53]|Bytes:1
16:25:17.0 (65103315)|HEAP_ALLOCATE|[53]|Bytes:5
16:25:17.0 (65107824)|HEAP_ALLOCATE|[EXTERNAL]|Bytes:4
16:25:17.0 (65111225)|HEAP_ALLOCATE|[51]|Bytes:4
16:25:17.0 (65113925)|VARIABLE_ASSIGNMENT|[51]|j|30
16:25:17.0 (65115655)|STATEMENT_EXECUTE|[51]
16:25:17.0 (65116968)|STATEMENT_EXECUTE|[54]
16:25:17.0 (65117894)|STATEMENT_EXECUTE|[55]
16:25:17.0 (65123595)|HEAP_ALLOCATE|[55]|Bytes:2
16:25:17.0 (65131333)|HEAP_ALLOCATE|[55]|Bytes:2
16:25:17.0 (65136285)|HEAP_ALLOCATE|[55]|Bytes:5
16:25:17.0 (65141280)|HEAP_ALLOCATE|[55]|Bytes:2
16:25:17.0 (65148971)|HEAP_ALLOCATE|[55]|Bytes:2
16:25:17.0 (65153878)|HEAP_ALLOCATE|[55]|Bytes:5
16:25:17.0 (65158354)|HEAP_ALLOCATE|[EXTERNAL]|Bytes:4
16:25:17.0 (65161516)|HEAP_ALLOCATE|[51]|Bytes:4
16:25:17.0 (65164175)|VARIABLE_ASSIGNMENT|[51]|j|60
16:25:17.0 (65165992)|HEAP_ALLOCATE|[50]|Bytes:4
16:25:17.0 (65168264)|VARIABLE_ASSIGNMENT|[50]|i|23
16:25:17.0 (65169832)|STATEMENT_EXECUTE|[50]
16:25:17.0 (65170992)|STATEMENT_EXECUTE|[51]
16:25:17.0 (65172605)|VARIABLE_SCOPE_BEGIN|[51]|j|Integer|false|false
16:25:17.0 (65173877)|HEAP_ALLOCATE|[51]|Bytes:4
16:25:17.0 (65176211)|VARIABLE_ASSIGNMENT|[51]|j|0
16:25:17.0 (65177724)|STATEMENT_EXECUTE|[51]
16:25:17.0 (65179146)|STATEMENT_EXECUTE|[52]
16:25:17.0 (65180203)|STATEMENT_EXECUTE|[53]
16:25:17.0 (65186201)|HEAP_ALLOCATE|[53]|Bytes:2
16:25:17.0 (65194240)|HEAP_ALLOCATE|[53]|Bytes:1
16:25:17.0 (65199297)|HEAP_ALLOCATE|[53]|Bytes:5
16:25:17.0 (65204157)|HEAP_ALLOCATE|[53]|Bytes:2
16:25:17.0 (65211742)|HEAP_ALLOCATE|[53]|Bytes:1
16:25:17.0 (65216649)|HEAP_ALLOCATE|[53]|Bytes:5
16:25:17.0 (65221253)|HEAP_ALLOCATE|[EXTERNAL]|Bytes:4
16:25:17.0 (65224449)|HEAP_ALLOCATE|[51]|Bytes:4
16:25:17.0 (65227034)|VARIABLE_ASSIGNMENT|[51]|j|30
16:25:17.0 (65228675)|STATEMENT_EXECUTE|[51]
16:25:17.0 (65229983)|STATEMENT_EXECUTE|[54]
16:25:17.0 (65230915)|STATEMENT_EXECUTE|[55]
16:25:17.0 (65236366)|HEAP_ALLOCATE|[55]|Bytes:2
16:25:17.0 (65244222)|HEAP_ALLOCATE|[55]|Bytes:2
16:25:17.0 (65249416)|HEAP_ALLOCATE|[55]|Bytes:5
16:25:17.0 (65254242)|HEAP_ALLOCATE|[55]|Bytes:2
16:25:17.0 (65261913)|HEAP_ALLOCATE|[55]|Bytes:2
16:25:17.0 (65266827)|HEAP_ALLOCATE|[55]|Bytes:5
16:25:17.0 (65271249)|HEAP_ALLOCATE|[EXTERNAL]|Bytes:4
16:25:17.0 (65274657)|HEAP_ALLOCATE|[51]|Bytes:4
16:25:17.0 (65277348)|VARIABLE_ASSIGNMENT|[51]|j|60
16:25:17.0 (65279154)|HEAP_ALLOCATE|[50]|Bytes:4
16:25:17.0 (65281438)|VARIABLE_ASSIGNMENT|[50]|i|24
16:25:17.0 (65283282)|STATEMENT_EXECUTE|[59]
16:25:17.0 (65480410)|SYSTEM_MODE_ENTER|true
16:25:17.0 (65507254)|HEAP_ALLOCATE|[EXTERNAL]|Bytes:80
16:25:17.0 (65552555)|VARIABLE_ASSIGNMENT|[EXTERNAL]|this|{"delToHub":false,"delToProj":false,"detail":"0x4f96c683","invoked":true,"rejected":false,"reserved":false,"www":"0x5d8f78b7","wwwById":"0x323c953d"}|0x7b74331f
16:25:17.0 (65558604)|STATEMENT_EXECUTE|[102]
16:25:17.0 (65562858)|STATEMENT_EXECUTE|[104]
16:25:17.0 (65563862)|STATEMENT_EXECUTE|[105]
16:25:17.0 (65566548)|HEAP_ALLOCATE|[105]|Bytes:4
16:25:17.0 (65574842)|VARIABLE_ASSIGNMENT|[105]|this.selectedTime6|"8:00"|0x7b74331f
16:25:17.0 (65577065)|STATEMENT_EXECUTE|[107]
16:25:17.0 (76034544)|VF_SERIALIZE_VIEWSTATE_BEGIN|06624000003h0Dg
16:25:17.0 (79920539)|VF_SERIALIZE_VIEWSTATE_END
16:25:17.82 (82524733)|CUMULATIVE_LIMIT_USAGE
16:25:17.82 (82524733)|LIMIT_USAGE_FOR_NS|(default)|
  Number of SOQL queries: 3 out of 100
  Number of query rows: 13 out of 50000
  Number of SOSL queries: 0 out of 20
  Number of DML statements: 0 out of 150
  Number of DML rows: 0 out of 10000
  Maximum CPU time: 0 out of 10000
  Maximum heap size: 0 out of 6000000
  Number of callouts: 0 out of 100
  Number of Email Invocations: 0 out of 10
  Number of future calls: 0 out of 50
  Number of queueable jobs added to the queue: 0 out of 50
  Number of Mobile Apex push calls: 0 out of 10

16:25:17.82 (82524733)|CUMULATIVE_LIMIT_USAGE_END

16:25:17.0 (82555359)|CODE_UNIT_FINISHED|VF: /apex/New_delivered_detail
16:25:17.0 (83344835)|EXECUTION_FINISHED
