38.0 APEX_CODE,FINEST;APEX_PROFILING,INFO;CALLOUT,INFO;DB,INFO;SYSTEM,DEBUG;VALIDATION,INFO;VISUALFORCE,INFO;WAVE,INFO;WORKFLOW,INFO
16:24:04.0 (359309)|USER_INFO|[EXTERNAL]|00524000001e3Uj|bedrijfsbureau@gsa.nl.sandbox|Midden-Europese standaardtijd|GMT+01:00
16:24:04.0 (384498)|EXECUTION_STARTED
16:24:04.0 (387748)|CODE_UNIT_STARTED|[EXTERNAL]|06624000003h0Dq|VF: /apex/ChoseRecordType
16:24:04.0 (499296)|VF_DESERIALIZE_VIEWSTATE_BEGIN|06624000003h0Dq
16:24:04.0 (7105194)|HEAP_ALLOCATE|[72]|Bytes:3
16:24:04.0 (7133567)|HEAP_ALLOCATE|[77]|Bytes:152
16:24:04.0 (7146874)|HEAP_ALLOCATE|[342]|Bytes:408
16:24:04.0 (7161560)|HEAP_ALLOCATE|[355]|Bytes:408
16:24:04.0 (7174292)|HEAP_ALLOCATE|[467]|Bytes:48
16:24:04.0 (7198383)|HEAP_ALLOCATE|[139]|Bytes:6
16:24:04.0 (8946364)|VF_DESERIALIZE_VIEWSTATE_END
16:24:04.9 (9820488)|SYSTEM_MODE_ENTER|true
16:24:04.9 (9874119)|HEAP_ALLOCATE|[EXTERNAL]|Bytes:38
16:24:04.9 (9879501)|HEAP_ALLOCATE|[EXTERNAL]|Bytes:7
16:24:04.9 (9887207)|SYSTEM_METHOD_ENTRY|[1]|PageMessagesComponentController.PageMessagesComponentController()
16:24:04.9 (9891018)|STATEMENT_EXECUTE|[1]
16:24:04.10 (10627933)|SYSTEM_MODE_ENTER|true
16:24:04.10 (10669219)|HEAP_ALLOCATE|[EXTERNAL]|Bytes:8
16:24:04.10 (10674783)|VARIABLE_SCOPE_BEGIN|[88]|this|ApexPage.PageMessagesComponentController|true|false
16:24:04.10 (10705378)|VARIABLE_ASSIGNMENT|[88]|this|{}|0x356234b
16:24:04.10 (10708221)|VARIABLE_SCOPE_BEGIN|[88]|escape|Boolean|false|false
16:24:04.10 (10713492)|VARIABLE_ASSIGNMENT|[88]|escape|null
16:24:04.0 (11060601)|SYSTEM_MODE_ENTER|true
16:24:04.0 (11271944)|HEAP_ALLOCATE|[EXTERNAL]|Bytes:11
16:24:04.0 (11280072)|HEAP_ALLOCATE|[EXTERNAL]|Bytes:408
16:24:04.0 (11283164)|HEAP_ALLOCATE|[EXTERNAL]|Bytes:120
16:24:04.0 (11285631)|HEAP_ALLOCATE|[EXTERNAL]|Bytes:116
16:24:04.0 (11294997)|METHOD_ENTRY|[1]|01p2400000DUtXT|NewDeliveredExtension.NewDeliveredExtension()
16:24:04.0 (11297574)|STATEMENT_EXECUTE|[1]
16:24:04.0 (11300743)|STATEMENT_EXECUTE|[1]
16:24:04.0 (11302198)|STATEMENT_EXECUTE|[542]
16:24:04.0 (11305568)|METHOD_EXIT|[1]|NewDeliveredExtension
16:24:04.0 (11309550)|HEAP_ALLOCATE|[EXTERNAL]|Bytes:80
16:24:04.0 (11314661)|VARIABLE_SCOPE_BEGIN|[109]|this|NewDeliveredExtension|true|false
16:24:04.0 (11364945)|VARIABLE_ASSIGNMENT|[109]|this|{"detail":"0x3dda733e","www":"0x1d3f22bb","wwwById":"0x741e0399"}|0x11df12ef
16:24:04.0 (11371244)|STATEMENT_EXECUTE|[109]
16:24:04.0 (11372770)|STATEMENT_EXECUTE|[111]
16:24:04.0 (11377076)|HEAP_ALLOCATE|[111]|Bytes:4
16:24:04.0 (11401073)|VARIABLE_SCOPE_BEGIN|[111]|options|List<System.SelectOption>|true|false
16:24:04.0 (11422064)|HEAP_ALLOCATE|[EXTERNAL]|Bytes:4
16:24:04.0 (11430809)|VARIABLE_ASSIGNMENT|[111]|options|[]|0x5cd0ce23
16:24:04.0 (11433282)|STATEMENT_EXECUTE|[112]
16:24:04.0 (11483265)|HEAP_ALLOCATE|[112]|Bytes:4
16:24:04.0 (11488300)|HEAP_ALLOCATE|[112]|Bytes:82
16:24:04.0 (11491910)|HEAP_ALLOCATE|[112]|Bytes:4
16:24:04.0 (11752588)|SOQL_EXECUTE_BEGIN|[112]|Aggregations:0|SELECT Id, Name, DeveloperName FROM RecordType WHERE sobjectType = 'WWW_detail__c'
16:24:04.0 (23881617)|SOQL_EXECUTE_END|[112]|Rows:5
16:24:04.0 (23900251)|HEAP_ALLOCATE|[112]|Bytes:24
16:24:04.0 (23919673)|HEAP_ALLOCATE|[112]|Bytes:371
16:24:04.0 (23957607)|HEAP_ALLOCATE|[112]|Bytes:24
16:24:04.0 (24004138)|HEAP_ALLOCATE|[112]|Bytes:16
16:24:04.0 (24013028)|HEAP_ALLOCATE|[112]|Bytes:4
16:24:04.0 (24019156)|HEAP_ALLOCATE|[112]|Bytes:16
16:24:04.0 (24022587)|HEAP_ALLOCATE|[112]|Bytes:4
16:24:04.0 (24026442)|HEAP_ALLOCATE|[112]|Bytes:16
16:24:04.0 (24029230)|HEAP_ALLOCATE|[112]|Bytes:4
16:24:04.0 (24033026)|HEAP_ALLOCATE|[112]|Bytes:16
16:24:04.0 (24035885)|HEAP_ALLOCATE|[112]|Bytes:4
16:24:04.0 (24039337)|HEAP_ALLOCATE|[112]|Bytes:16
16:24:04.0 (24042123)|HEAP_ALLOCATE|[112]|Bytes:4
16:24:04.0 (24049226)|VARIABLE_SCOPE_BEGIN|[112]|recByNames|Map<Id,RecordType>|true|false
16:24:04.0 (24084511)|VARIABLE_ASSIGNMENT|[112]|recByNames|{"01224000000Sn4NAAS":{"Id":"01224000000Sn4NAAS","Name":"Afleveren","DeveloperName":"Delivered_2_Project"},"01224000000Sn4OAAS":{"Id":"01224000000Sn4OAAS","Name":"Afroepen","DeveloperName":"Invoked"},"01224000000Sn4PAAS":{"Id":"01224000000Sn4PAAS","Name":"Afwijzen","DeveloperName":"Rejected"},"01224000000Sn4MAAS":{"Id":"01224000000Sn4MAAS","Name":"Ontvangen","DeveloperName":"Delivered_2_Hub"},"01224000000Sn4QAAS":{"Id":"01224000000Sn4QAAS","Name":"Verwachten","DeveloperName":"Reserved"}}|0x20353c6
16:24:04.0 (24118091)|HEAP_ALLOCATE|[EXTERNAL]|Bytes:24
16:24:04.0 (24128482)|HEAP_ALLOCATE|[114]|Bytes:390
16:24:04.0 (24268202)|HEAP_ALLOCATE|[114]|Bytes:5
16:24:04.0 (24280033)|HEAP_ALLOCATE|[114]|Bytes:16
16:24:04.0 (24287093)|VARIABLE_SCOPE_BEGIN|[114]|rec|RecordType|true|false
16:24:04.0 (24298390)|VARIABLE_ASSIGNMENT|[114]|rec|{"Id":"01224000000Sn4NAAS","Name":"Afleveren","DeveloperName":"Delivered_2_Project"}|0x569a6b60
16:24:04.0 (24302616)|STATEMENT_EXECUTE|[114]
16:24:04.0 (24304340)|STATEMENT_EXECUTE|[116]
16:24:04.0 (24348221)|HEAP_ALLOCATE|[116]|Bytes:18
16:24:04.0 (24406991)|HEAP_ALLOCATE|[EXTERNAL]|Bytes:4
16:24:04.0 (24419743)|HEAP_ALLOCATE|[114]|Bytes:5
16:24:04.0 (24427905)|HEAP_ALLOCATE|[114]|Bytes:16
16:24:04.0 (24432564)|VARIABLE_SCOPE_BEGIN|[114]|rec|RecordType|true|false
16:24:04.0 (24442402)|VARIABLE_ASSIGNMENT|[114]|rec|{"Id":"01224000000Sn4OAAS","Name":"Afroepen","DeveloperName":"Invoked"}|0x5ada83c2
16:24:04.0 (24445284)|STATEMENT_EXECUTE|[114]
16:24:04.0 (24446419)|STATEMENT_EXECUTE|[116]
16:24:04.0 (24455211)|HEAP_ALLOCATE|[116]|Bytes:18
16:24:04.0 (24465187)|HEAP_ALLOCATE|[EXTERNAL]|Bytes:4
16:24:04.0 (24472571)|HEAP_ALLOCATE|[114]|Bytes:5
16:24:04.0 (24478101)|HEAP_ALLOCATE|[114]|Bytes:16
16:24:04.0 (24481516)|VARIABLE_SCOPE_BEGIN|[114]|rec|RecordType|true|false
16:24:04.0 (24488181)|VARIABLE_ASSIGNMENT|[114]|rec|{"Id":"01224000000Sn4PAAS","Name":"Afwijzen","DeveloperName":"Rejected"}|0x63124f66
16:24:04.0 (24490613)|STATEMENT_EXECUTE|[114]
16:24:04.0 (24491680)|STATEMENT_EXECUTE|[116]
16:24:04.0 (24496980)|HEAP_ALLOCATE|[116]|Bytes:18
16:24:04.0 (24504464)|HEAP_ALLOCATE|[EXTERNAL]|Bytes:4
16:24:04.0 (24510595)|HEAP_ALLOCATE|[114]|Bytes:5
16:24:04.0 (24515805)|HEAP_ALLOCATE|[114]|Bytes:16
16:24:04.0 (24518680)|VARIABLE_SCOPE_BEGIN|[114]|rec|RecordType|true|false
16:24:04.0 (24524617)|VARIABLE_ASSIGNMENT|[114]|rec|{"Id":"01224000000Sn4MAAS","Name":"Ontvangen","DeveloperName":"Delivered_2_Hub"}|0x3e9a795b
16:24:04.0 (24526808)|STATEMENT_EXECUTE|[114]
16:24:04.0 (24527751)|STATEMENT_EXECUTE|[116]
16:24:04.0 (24532384)|HEAP_ALLOCATE|[116]|Bytes:18
16:24:04.0 (24539212)|HEAP_ALLOCATE|[EXTERNAL]|Bytes:4
16:24:04.0 (24545177)|HEAP_ALLOCATE|[114]|Bytes:5
16:24:04.0 (24550626)|HEAP_ALLOCATE|[114]|Bytes:16
16:24:04.0 (24553508)|VARIABLE_SCOPE_BEGIN|[114]|rec|RecordType|true|false
16:24:04.0 (24559069)|VARIABLE_ASSIGNMENT|[114]|rec|{"Id":"01224000000Sn4QAAS","Name":"Verwachten","DeveloperName":"Reserved"}|0x3b5ec483
16:24:04.0 (24561481)|STATEMENT_EXECUTE|[114]
16:24:04.0 (24562434)|STATEMENT_EXECUTE|[116]
16:24:04.0 (24566875)|HEAP_ALLOCATE|[116]|Bytes:18
16:24:04.0 (24573170)|HEAP_ALLOCATE|[EXTERNAL]|Bytes:4
16:24:04.0 (24579212)|HEAP_ALLOCATE|[114]|Bytes:5
16:24:04.0 (24586109)|VARIABLE_ASSIGNMENT|[114]|rec|null|
16:24:04.0 (24588439)|STATEMENT_EXECUTE|[120]
16:24:04.0 (25007099)|SYSTEM_MODE_ENTER|true
16:24:04.25 (25266304)|SYSTEM_MODE_ENTER|true
16:24:04.25 (25308133)|HEAP_ALLOCATE|[EXTERNAL]|Bytes:8
16:24:04.25 (25313941)|VARIABLE_SCOPE_BEGIN|[88]|this|ApexPage.PageMessagesComponentController|true|false
16:24:04.25 (25341897)|VARIABLE_ASSIGNMENT|[88]|this|{}|0x356234b
16:24:04.25 (25344978)|VARIABLE_SCOPE_BEGIN|[88]|escape|Boolean|false|false
16:24:04.25 (25348597)|VARIABLE_ASSIGNMENT|[88]|escape|null
16:24:04.0 (25400577)|SYSTEM_MODE_ENTER|true
16:24:04.0 (25416261)|HEAP_ALLOCATE|[EXTERNAL]|Bytes:4
16:24:04.0 (25419478)|HEAP_ALLOCATE|[EXTERNAL]|Bytes:80
16:24:04.0 (25533592)|VARIABLE_ASSIGNMENT|[EXTERNAL]|this.isChecked|"01224000000Sn4NAAS"|0x11df12ef
16:24:04.0 (25697157)|HEAP_ALLOCATE|[EXTERNAL]|Bytes:80
16:24:04.0 (25704329)|VARIABLE_SCOPE_BEGIN|[157]|this|NewDeliveredExtension|true|false
16:24:04.0 (25843977)|VARIABLE_ASSIGNMENT|[157]|this|{"detail":"0x3dda733e","isChecked":"01224000000Sn4NAAS","www":"0x1d3f22bb","wwwById":"0x741e0399"}|0x11df12ef
16:24:04.0 (25853180)|STATEMENT_EXECUTE|[157]
16:24:04.0 (25855294)|STATEMENT_EXECUTE|[158]
16:24:04.0 (26001380)|VARIABLE_ASSIGNMENT|[EXTERNAL]|this|{"detail":"0x3dda733e","isChecked":"01224000000Sn4NAAS","www":"0x1d3f22bb","wwwById":"0x741e0399"}|0x11df12ef
16:24:04.0 (26031827)|USER_DEBUG|[158]|DEBUG|01224000000Sn4NAAS
16:24:04.0 (26037322)|STATEMENT_EXECUTE|[159]
16:24:04.0 (26043270)|HEAP_ALLOCATE|[159]|Bytes:38
16:24:04.0 (26158590)|VARIABLE_ASSIGNMENT|[EXTERNAL]|this|{"detail":"0x3dda733e","isChecked":"01224000000Sn4NAAS","www":"0x1d3f22bb","wwwById":"0x741e0399"}|0x11df12ef
16:24:04.0 (26188338)|HEAP_ALLOCATE|[159]|Bytes:18
16:24:04.0 (26200356)|HEAP_ALLOCATE|[159]|Bytes:56
16:24:04.0 (26234646)|VARIABLE_SCOPE_BEGIN|[159]|pr|System.PageReference|true|false
16:24:04.0 (26309660)|VARIABLE_ASSIGNMENT|[159]|pr|"/apex/New_delivered_detail?RecordType=01224000000Sn4NAAS"|0x28ccdaa1
16:24:04.0 (26314097)|STATEMENT_EXECUTE|[160]
16:24:04.0 (26365451)|STATEMENT_EXECUTE|[161]
16:24:04.28 (28480263)|CUMULATIVE_LIMIT_USAGE
16:24:04.28 (28480263)|LIMIT_USAGE_FOR_NS|(default)|
  Number of SOQL queries: 1 out of 100
  Number of query rows: 5 out of 50000
  Number of SOSL queries: 0 out of 20
  Number of DML statements: 0 out of 150
  Number of DML rows: 0 out of 10000
  Maximum CPU time: 0 out of 10000
  Maximum heap size: 0 out of 6000000
  Number of callouts: 0 out of 100
  Number of Email Invocations: 0 out of 10
  Number of future calls: 0 out of 50
  Number of queueable jobs added to the queue: 0 out of 50
  Number of Mobile Apex push calls: 0 out of 10

16:24:04.28 (28480263)|CUMULATIVE_LIMIT_USAGE_END

16:24:04.0 (28520832)|CODE_UNIT_FINISHED|VF: /apex/ChoseRecordType
16:24:04.0 (29352362)|EXECUTION_FINISHED
