31.0 APEX_CODE,DEBUG;APEX_PROFILING,INFO;CALLOUT,INFO;DB,INFO;SYSTEM,DEBUG;VALIDATION,INFO;VISUALFORCE,INFO;WAVE,INFO;WORKFLOW,INFO
15:59:00.0 (367505)|USER_INFO|[EXTERNAL]|00524000001e3Uj|bedrijfsbureau@gsa.nl.sandbox|Midden-Europese standaardtijd|GMT+02:00
15:59:00.0 (400853)|EXECUTION_STARTED
15:59:00.0 (406470)|CODE_UNIT_STARTED|[EXTERNAL]|066240000040k2S|VF: /apex/SelectHub
15:59:00.0 (3433661)|SYSTEM_MODE_ENTER|true
15:59:00.0 (4036205)|SYSTEM_MODE_ENTER|false
15:59:00.0 (4045330)|SYSTEM_MODE_EXIT|false
15:59:00.0 (13108353)|SYSTEM_MODE_ENTER|false
15:59:00.0 (14066861)|USER_DEBUG|[40]|DEBUG|compDataComponentData:[dateSelected=null, hubSelected=null, wrap=()]
15:59:00.0 (14101056)|USER_DEBUG|[41]|DEBUG|hubSelectednull
15:59:00.0 (14110664)|SYSTEM_MODE_EXIT|false
15:59:00.0 (20018222)|SYSTEM_MODE_ENTER|true
15:59:00.0 (20082331)|SYSTEM_MODE_ENTER|false
15:59:00.0 (20832426)|SOQL_EXECUTE_BEGIN|[237]|Aggregations:0|SELECT City__c, CreatedById, CreatedDate, IsDeleted, Description_Hub__c, Name, LastActivityDate, LastModifiedById, LastModifiedDate, OwnerId, Postalcode__c, Id, RecordTypeId, SF_ID__c, Street__c, SystemModstamp FROM Hub_Building_Site__c WHERE RecordType.Name = 'Building Site'
15:59:00.0 (25087397)|SOQL_EXECUTE_END|[237]|Rows:1
15:59:00.0 (25842237)|SYSTEM_MODE_EXIT|false
15:59:00.0 (26252567)|SYSTEM_MODE_ENTER|true
15:59:00.0 (27386597)|VF_SERIALIZE_VIEWSTATE_BEGIN|066240000040k2S
15:59:00.0 (30788550)|VF_SERIALIZE_VIEWSTATE_END
15:59:00.33 (33455100)|CUMULATIVE_LIMIT_USAGE
15:59:00.33 (33455100)|LIMIT_USAGE_FOR_NS|(default)|
  Number of SOQL queries: 1 out of 100
  Number of query rows: 1 out of 50000
  Number of SOSL queries: 0 out of 20
  Number of DML statements: 0 out of 150
  Number of DML rows: 0 out of 10000
  Maximum CPU time: 0 out of 10000
  Maximum heap size: 0 out of 6000000
  Number of callouts: 0 out of 100
  Number of Email Invocations: 0 out of 10
  Number of future calls: 0 out of 50
  Number of queueable jobs added to the queue: 0 out of 50
  Number of Mobile Apex push calls: 0 out of 10

15:59:00.33 (33455100)|CUMULATIVE_LIMIT_USAGE_END

15:59:00.0 (33494615)|CODE_UNIT_FINISHED|VF: /apex/SelectHub
15:59:00.0 (34271351)|EXECUTION_FINISHED
