38.0 APEX_CODE,FINEST;APEX_PROFILING,INFO;CALLOUT,INFO;DB,INFO;SYSTEM,DEBUG;VALIDATION,INFO;VISUALFORCE,INFO;WAVE,INFO;WORKFLOW,INFO
16:51:46.0 (269055)|USER_INFO|[EXTERNAL]|00524000001e3Uj|bedrijfsbureau@gsa.nl.sandbox|Midden-Europese standaardtijd|GMT+01:00
16:51:46.0 (291914)|EXECUTION_STARTED
16:51:46.0 (295656)|CODE_UNIT_STARTED|[EXTERNAL]|06624000003h0Dq|VF: /apex/ChoseRecordType
16:51:46.0 (400849)|VF_DESERIALIZE_VIEWSTATE_BEGIN|06624000003h0Dq
16:51:46.0 (10744171)|HEAP_ALLOCATE|[72]|Bytes:3
16:51:46.0 (10773564)|HEAP_ALLOCATE|[77]|Bytes:152
16:51:46.0 (10784100)|HEAP_ALLOCATE|[342]|Bytes:408
16:51:46.0 (10797534)|HEAP_ALLOCATE|[355]|Bytes:408
16:51:46.0 (10810453)|HEAP_ALLOCATE|[467]|Bytes:48
16:51:46.0 (10835261)|HEAP_ALLOCATE|[139]|Bytes:6
16:51:46.0 (12746749)|VF_DESERIALIZE_VIEWSTATE_END
16:51:46.13 (13584583)|SYSTEM_MODE_ENTER|true
16:51:46.13 (13638531)|HEAP_ALLOCATE|[EXTERNAL]|Bytes:38
16:51:46.13 (13644265)|HEAP_ALLOCATE|[EXTERNAL]|Bytes:7
16:51:46.13 (13653168)|SYSTEM_METHOD_ENTRY|[1]|PageMessagesComponentController.PageMessagesComponentController()
16:51:46.13 (13659770)|STATEMENT_EXECUTE|[1]
16:51:46.14 (14350086)|SYSTEM_MODE_ENTER|true
16:51:46.14 (14398649)|HEAP_ALLOCATE|[EXTERNAL]|Bytes:8
16:51:46.14 (14404719)|VARIABLE_SCOPE_BEGIN|[88]|this|ApexPage.PageMessagesComponentController|true|false
16:51:46.14 (14435042)|VARIABLE_ASSIGNMENT|[88]|this|{}|0x4352184e
16:51:46.14 (14437893)|VARIABLE_SCOPE_BEGIN|[88]|escape|Boolean|false|false
16:51:46.14 (14443233)|VARIABLE_ASSIGNMENT|[88]|escape|null
16:51:46.0 (14848054)|SYSTEM_MODE_ENTER|true
16:51:46.0 (15023086)|HEAP_ALLOCATE|[EXTERNAL]|Bytes:11
16:51:46.0 (15030932)|HEAP_ALLOCATE|[EXTERNAL]|Bytes:408
16:51:46.0 (15034001)|HEAP_ALLOCATE|[EXTERNAL]|Bytes:120
16:51:46.0 (15036305)|HEAP_ALLOCATE|[EXTERNAL]|Bytes:120
16:51:46.0 (15042969)|METHOD_ENTRY|[1]|01p2400000DUtXT|NewDeliveredExtension.NewDeliveredExtension()
16:51:46.0 (15045761)|STATEMENT_EXECUTE|[1]
16:51:46.0 (15048952)|STATEMENT_EXECUTE|[1]
16:51:46.0 (15050237)|STATEMENT_EXECUTE|[543]
16:51:46.0 (15054138)|METHOD_EXIT|[1]|NewDeliveredExtension
16:51:46.0 (15063797)|HEAP_ALLOCATE|[EXTERNAL]|Bytes:80
16:51:46.0 (15067716)|VARIABLE_SCOPE_BEGIN|[109]|this|NewDeliveredExtension|true|false
16:51:46.0 (15162011)|VARIABLE_ASSIGNMENT|[109]|this|{"detail":"0x395228fd","www":"0x3c782012","wwwById":"0x555be41f"}|0x3184b387
16:51:46.0 (15168374)|STATEMENT_EXECUTE|[109]
16:51:46.0 (15169857)|STATEMENT_EXECUTE|[111]
16:51:46.0 (15174744)|HEAP_ALLOCATE|[111]|Bytes:4
16:51:46.0 (15198092)|VARIABLE_SCOPE_BEGIN|[111]|options|List<System.SelectOption>|true|false
16:51:46.0 (15219169)|HEAP_ALLOCATE|[EXTERNAL]|Bytes:4
16:51:46.0 (15227533)|VARIABLE_ASSIGNMENT|[111]|options|[]|0xd2f2c80
16:51:46.0 (15230108)|STATEMENT_EXECUTE|[112]
16:51:46.0 (15275346)|HEAP_ALLOCATE|[112]|Bytes:4
16:51:46.0 (15280629)|HEAP_ALLOCATE|[112]|Bytes:82
16:51:46.0 (15284298)|HEAP_ALLOCATE|[112]|Bytes:4
16:51:46.0 (15528407)|SOQL_EXECUTE_BEGIN|[112]|Aggregations:0|SELECT Id, Name, DeveloperName FROM RecordType WHERE sobjectType = 'WWW_detail__c'
16:51:46.0 (22123264)|SOQL_EXECUTE_END|[112]|Rows:5
16:51:46.0 (22140097)|HEAP_ALLOCATE|[112]|Bytes:24
16:51:46.0 (22163367)|HEAP_ALLOCATE|[112]|Bytes:371
16:51:46.0 (22196927)|HEAP_ALLOCATE|[112]|Bytes:24
16:51:46.0 (22233724)|HEAP_ALLOCATE|[112]|Bytes:16
16:51:46.0 (22240918)|HEAP_ALLOCATE|[112]|Bytes:4
16:51:46.0 (22247873)|HEAP_ALLOCATE|[112]|Bytes:16
16:51:46.0 (22251381)|HEAP_ALLOCATE|[112]|Bytes:4
16:51:46.0 (22255522)|HEAP_ALLOCATE|[112]|Bytes:16
16:51:46.0 (22258681)|HEAP_ALLOCATE|[112]|Bytes:4
16:51:46.0 (22262421)|HEAP_ALLOCATE|[112]|Bytes:16
16:51:46.0 (22265454)|HEAP_ALLOCATE|[112]|Bytes:4
16:51:46.0 (22269179)|HEAP_ALLOCATE|[112]|Bytes:16
16:51:46.0 (22272133)|HEAP_ALLOCATE|[112]|Bytes:4
16:51:46.0 (22279005)|VARIABLE_SCOPE_BEGIN|[112]|recByNames|Map<Id,RecordType>|true|false
16:51:46.0 (22316492)|VARIABLE_ASSIGNMENT|[112]|recByNames|{"01224000000Sn4NAAS":{"Id":"01224000000Sn4NAAS","Name":"Afleveren","DeveloperName":"Delivered_2_Project"},"01224000000Sn4OAAS":{"Id":"01224000000Sn4OAAS","Name":"Afroepen","DeveloperName":"Invoked"},"01224000000Sn4PAAS":{"Id":"01224000000Sn4PAAS","Name":"Afwijzen","DeveloperName":"Rejected"},"01224000000Sn4MAAS":{"Id":"01224000000Sn4MAAS","Name":"Ontvangen","DeveloperName":"Delivered_2_Hub"},"01224000000Sn4QAAS":{"Id":"01224000000Sn4QAAS","Name":"Verwachten","DeveloperName":"Reserved"}}|0x59fd1a3d
16:51:46.0 (22349724)|HEAP_ALLOCATE|[EXTERNAL]|Bytes:24
16:51:46.0 (22360647)|HEAP_ALLOCATE|[114]|Bytes:390
16:51:46.0 (22448413)|HEAP_ALLOCATE|[114]|Bytes:5
16:51:46.0 (22460030)|HEAP_ALLOCATE|[114]|Bytes:16
16:51:46.0 (22466153)|VARIABLE_SCOPE_BEGIN|[114]|rec|RecordType|true|false
16:51:46.0 (22477206)|VARIABLE_ASSIGNMENT|[114]|rec|{"Id":"01224000000Sn4NAAS","Name":"Afleveren","DeveloperName":"Delivered_2_Project"}|0x284c25a8
16:51:46.0 (22481168)|STATEMENT_EXECUTE|[114]
16:51:46.0 (22482700)|STATEMENT_EXECUTE|[116]
16:51:46.0 (22518858)|HEAP_ALLOCATE|[116]|Bytes:18
16:51:46.0 (22575659)|HEAP_ALLOCATE|[EXTERNAL]|Bytes:4
16:51:46.0 (22587778)|HEAP_ALLOCATE|[114]|Bytes:5
16:51:46.0 (22595561)|HEAP_ALLOCATE|[114]|Bytes:16
16:51:46.0 (22600094)|VARIABLE_SCOPE_BEGIN|[114]|rec|RecordType|true|false
16:51:46.0 (22609482)|VARIABLE_ASSIGNMENT|[114]|rec|{"Id":"01224000000Sn4OAAS","Name":"Afroepen","DeveloperName":"Invoked"}|0x668ed179
16:51:46.0 (22612458)|STATEMENT_EXECUTE|[114]
16:51:46.0 (22613772)|STATEMENT_EXECUTE|[116]
16:51:46.0 (22622441)|HEAP_ALLOCATE|[116]|Bytes:18
16:51:46.0 (22632305)|HEAP_ALLOCATE|[EXTERNAL]|Bytes:4
16:51:46.0 (22640067)|HEAP_ALLOCATE|[114]|Bytes:5
16:51:46.0 (22645460)|HEAP_ALLOCATE|[114]|Bytes:16
16:51:46.0 (22648879)|VARIABLE_SCOPE_BEGIN|[114]|rec|RecordType|true|false
16:51:46.0 (22655253)|VARIABLE_ASSIGNMENT|[114]|rec|{"Id":"01224000000Sn4PAAS","Name":"Afwijzen","DeveloperName":"Rejected"}|0x54a0fabf
16:51:46.0 (22657698)|STATEMENT_EXECUTE|[114]
16:51:46.0 (22658797)|STATEMENT_EXECUTE|[116]
16:51:46.0 (22663897)|HEAP_ALLOCATE|[116]|Bytes:18
16:51:46.0 (22671373)|HEAP_ALLOCATE|[EXTERNAL]|Bytes:4
16:51:46.0 (22678445)|HEAP_ALLOCATE|[114]|Bytes:5
16:51:46.0 (22683493)|HEAP_ALLOCATE|[114]|Bytes:16
16:51:46.0 (22686507)|VARIABLE_SCOPE_BEGIN|[114]|rec|RecordType|true|false
16:51:46.0 (22692298)|VARIABLE_ASSIGNMENT|[114]|rec|{"Id":"01224000000Sn4MAAS","Name":"Ontvangen","DeveloperName":"Delivered_2_Hub"}|0x3f03fe19
16:51:46.0 (22694585)|STATEMENT_EXECUTE|[114]
16:51:46.0 (22695714)|STATEMENT_EXECUTE|[116]
16:51:46.0 (22700509)|HEAP_ALLOCATE|[116]|Bytes:18
16:51:46.0 (22707310)|HEAP_ALLOCATE|[EXTERNAL]|Bytes:4
16:51:46.0 (22713859)|HEAP_ALLOCATE|[114]|Bytes:5
16:51:46.0 (22718811)|HEAP_ALLOCATE|[114]|Bytes:16
16:51:46.0 (22721675)|VARIABLE_SCOPE_BEGIN|[114]|rec|RecordType|true|false
16:51:46.0 (22727148)|VARIABLE_ASSIGNMENT|[114]|rec|{"Id":"01224000000Sn4QAAS","Name":"Verwachten","DeveloperName":"Reserved"}|0x762bfd34
16:51:46.0 (22729442)|STATEMENT_EXECUTE|[114]
16:51:46.0 (22730515)|STATEMENT_EXECUTE|[116]
16:51:46.0 (22734925)|HEAP_ALLOCATE|[116]|Bytes:18
16:51:46.0 (22741386)|HEAP_ALLOCATE|[EXTERNAL]|Bytes:4
16:51:46.0 (22747835)|HEAP_ALLOCATE|[114]|Bytes:5
16:51:46.0 (22754066)|VARIABLE_ASSIGNMENT|[114]|rec|null|
16:51:46.0 (22756428)|STATEMENT_EXECUTE|[120]
16:51:46.0 (23158091)|SYSTEM_MODE_ENTER|true
16:51:46.23 (23372303)|SYSTEM_MODE_ENTER|true
16:51:46.23 (23413989)|HEAP_ALLOCATE|[EXTERNAL]|Bytes:8
16:51:46.23 (23419225)|VARIABLE_SCOPE_BEGIN|[88]|this|ApexPage.PageMessagesComponentController|true|false
16:51:46.23 (23436094)|VARIABLE_ASSIGNMENT|[88]|this|{}|0x4352184e
16:51:46.23 (23438541)|VARIABLE_SCOPE_BEGIN|[88]|escape|Boolean|false|false
16:51:46.23 (23441984)|VARIABLE_ASSIGNMENT|[88]|escape|null
16:51:46.0 (23490509)|SYSTEM_MODE_ENTER|true
16:51:46.0 (23508124)|HEAP_ALLOCATE|[EXTERNAL]|Bytes:4
16:51:46.0 (23511352)|HEAP_ALLOCATE|[EXTERNAL]|Bytes:80
16:51:46.0 (23624351)|VARIABLE_ASSIGNMENT|[EXTERNAL]|this.isChecked|"01224000000Sn4NAAS"|0x3184b387
16:51:46.0 (23775893)|HEAP_ALLOCATE|[EXTERNAL]|Bytes:80
16:51:46.0 (23781859)|VARIABLE_SCOPE_BEGIN|[157]|this|NewDeliveredExtension|true|false
16:51:46.0 (23920414)|VARIABLE_ASSIGNMENT|[157]|this|{"detail":"0x395228fd","isChecked":"01224000000Sn4NAAS","www":"0x3c782012","wwwById":"0x555be41f"}|0x3184b387
16:51:46.0 (23928129)|STATEMENT_EXECUTE|[157]
16:51:46.0 (23929766)|STATEMENT_EXECUTE|[158]
16:51:46.0 (24056654)|VARIABLE_ASSIGNMENT|[EXTERNAL]|this|{"detail":"0x395228fd","isChecked":"01224000000Sn4NAAS","www":"0x3c782012","wwwById":"0x555be41f"}|0x3184b387
16:51:46.0 (24086449)|USER_DEBUG|[158]|DEBUG|01224000000Sn4NAAS
16:51:46.0 (24092346)|STATEMENT_EXECUTE|[159]
16:51:46.0 (24098711)|HEAP_ALLOCATE|[159]|Bytes:38
16:51:46.0 (24212232)|VARIABLE_ASSIGNMENT|[EXTERNAL]|this|{"detail":"0x395228fd","isChecked":"01224000000Sn4NAAS","www":"0x3c782012","wwwById":"0x555be41f"}|0x3184b387
16:51:46.0 (24254229)|HEAP_ALLOCATE|[159]|Bytes:18
16:51:46.0 (24268921)|HEAP_ALLOCATE|[159]|Bytes:56
16:51:46.0 (24302962)|VARIABLE_SCOPE_BEGIN|[159]|pr|System.PageReference|true|false
16:51:46.0 (24378956)|VARIABLE_ASSIGNMENT|[159]|pr|"/apex/New_delivered_detail?RecordType=01224000000Sn4NAAS"|0x4e84b19d
16:51:46.0 (24383375)|STATEMENT_EXECUTE|[160]
16:51:46.0 (24430612)|STATEMENT_EXECUTE|[161]
16:51:46.26 (26182105)|CUMULATIVE_LIMIT_USAGE
16:51:46.26 (26182105)|LIMIT_USAGE_FOR_NS|(default)|
  Number of SOQL queries: 1 out of 100
  Number of query rows: 5 out of 50000
  Number of SOSL queries: 0 out of 20
  Number of DML statements: 0 out of 150
  Number of DML rows: 0 out of 10000
  Maximum CPU time: 0 out of 10000
  Maximum heap size: 0 out of 6000000
  Number of callouts: 0 out of 100
  Number of Email Invocations: 0 out of 10
  Number of future calls: 0 out of 50
  Number of queueable jobs added to the queue: 0 out of 50
  Number of Mobile Apex push calls: 0 out of 10

16:51:46.26 (26182105)|CUMULATIVE_LIMIT_USAGE_END

16:51:46.0 (26212272)|CODE_UNIT_FINISHED|VF: /apex/ChoseRecordType
16:51:46.0 (26968183)|EXECUTION_FINISHED
