38.0 APEX_CODE,DEBUG;APEX_PROFILING,INFO;CALLOUT,INFO;DB,INFO;SYSTEM,DEBUG;VALIDATION,INFO;VISUALFORCE,INFO;WAVE,INFO;WORKFLOW,INFO
15:38:17.0 (283543)|USER_INFO|[EXTERNAL]|00524000001e3Uj|bedrijfsbureau@gsa.nl.sandbox|Midden-Europese standaardtijd|GMT+02:00
15:38:17.0 (307129)|EXECUTION_STARTED
15:38:17.0 (310827)|CODE_UNIT_STARTED|[EXTERNAL]|TRIGGERS
15:38:17.0 (1003336)|CODE_UNIT_STARTED|[EXTERNAL]|01q2400000133Bx|WWWDetailTrigger on WWW_Detail trigger event BeforeDelete for [a0s9E0000001Cre]
15:38:17.0 (3573723)|SOQL_EXECUTE_BEGIN|[99]|Aggregations:0|SELECT Id, developerName FROM RecordType WHERE sObjectType = 'WWW_detail__c'
15:38:17.0 (10126754)|SOQL_EXECUTE_END|[99]|Rows:5
15:38:17.0 (10986927)|SOQL_EXECUTE_BEGIN|[112]|Aggregations:0|SELECT Id, Toename_Aantal_palletplaatsen1__c, Total_Items_Invoked__c, Total_Items_Delivered_Hub__c, Total_Items_Delivered_Project__c, Total_Items_Rejected_Hub__c, Total_Items_Rejected_Project__c, Total_Items_Reserved__c, Totale_afname_aantal_palletplaatsen1__c, Total1__c FROM WWW__c WHERE id = :tmpVar1
15:38:17.0 (12799221)|SOQL_EXECUTE_END|[112]|Rows:1
15:38:17.0 (13750204)|DML_BEGIN|[285]|Op:Update|Type:WWW__c|Rows:1
15:38:17.0 (33579638)|CODE_UNIT_STARTED|[EXTERNAL]|Workflow:01I24000001DBlX
15:38:17.0 (41197076)|WF_RULE_EVAL_BEGIN|Workflow
15:38:17.0 (41220715)|WF_CRITERIA_BEGIN|[WWW: WWW-13998 a0t9E0000001c7A]|Set unique field|01Q24000000bj9y|ON_ALL_CHANGES|0
15:38:17.0 (43146960)|WF_RULE_FILTER|[WWW : Created By not equal to ]
15:38:17.0 (43172457)|WF_RULE_EVAL_VALUE|00524000001e3Uj
15:38:17.0 (43176567)|WF_CRITERIA_END|true
15:38:17.0 (43614521)|WF_SPOOL_ACTION_BEGIN|Workflow
15:38:17.0 (43975515)|WF_ACTION| Field Update: 1;
15:38:17.0 (43979810)|WF_RULE_EVAL_END
15:38:17.0 (44021803)|WF_ACTIONS_END| Field Update: 1;
15:38:17.0 (44027963)|CODE_UNIT_FINISHED|Workflow:01I24000001DBlX
15:38:17.0 (50386492)|DML_END|[285]
15:38:17.0 (51004733)|SOQL_EXECUTE_BEGIN|[323]|Aggregations:0|SELECT Id, WWW_Detail__c FROM SubLocationDetail__c WHERE WWW_Detail__c = :tmpVar1
15:38:17.0 (54351894)|SOQL_EXECUTE_END|[323]|Rows:2
15:38:17.0 (54540846)|USER_DEBUG|[313]|DEBUG|[***] SubDetToDelete +(SublocationDetail__c:{Id=a089E000000OA8tQAG, WWW_Detail__c=a0s9E0000001CreQAE}, SublocationDetail__c:{Id=a089E000000OA8uQAG, WWW_Detail__c=a0s9E0000001CreQAE})
15:38:17.0 (54579410)|DML_BEGIN|[314]|Op:Delete|Type:SublocationDetail__c|Rows:2
15:38:17.0 (61193574)|CODE_UNIT_STARTED|[EXTERNAL]|01q2400000131KI|SubLocationDetailTrigger on SublocationDetail trigger event BeforeDelete for [a089E000000OA8t, a089E000000OA8u]
15:38:17.0 (62430187)|SYSTEM_MODE_ENTER|false
15:38:17.0 (62438554)|SYSTEM_MODE_EXIT|false
15:38:17.0 (62454581)|SYSTEM_MODE_ENTER|false
15:38:17.0 (62465616)|SYSTEM_MODE_EXIT|false
15:38:17.62 (62472534)|CUMULATIVE_LIMIT_USAGE
15:38:17.62 (62472534)|LIMIT_USAGE_FOR_NS|(default)|
  Number of SOQL queries: 3 out of 100
  Number of query rows: 8 out of 50000
  Number of SOSL queries: 0 out of 20
  Number of DML statements: 2 out of 150
  Number of DML rows: 3 out of 10000
  Maximum CPU time: 0 out of 10000
  Maximum heap size: 0 out of 6000000
  Number of callouts: 0 out of 100
  Number of Email Invocations: 0 out of 10
  Number of future calls: 0 out of 50
  Number of queueable jobs added to the queue: 0 out of 50
  Number of Mobile Apex push calls: 0 out of 10

15:38:17.62 (62472534)|CUMULATIVE_LIMIT_USAGE_END

15:38:17.0 (63503298)|CODE_UNIT_FINISHED|SubLocationDetailTrigger on SublocationDetail trigger event BeforeDelete for [a089E000000OA8t, a089E000000OA8u]
15:38:17.0 (131839195)|CODE_UNIT_STARTED|[EXTERNAL]|01q2400000131KI|SubLocationDetailTrigger on SublocationDetail trigger event AfterDelete for [a089E000000OA8t, a089E000000OA8u]
15:38:17.0 (132484437)|SYSTEM_MODE_ENTER|false
15:38:17.0 (134740747)|SOQL_EXECUTE_BEGIN|[231]|Aggregations:0|SELECT Project__c, Location__c FROM ProjectLocation__c WHERE Project__c = :tmpVar1
15:38:17.0 (136854941)|SOQL_EXECUTE_END|[231]|Rows:2
15:38:17.0 (137282955)|SOQL_EXECUTE_BEGIN|[240]|Aggregations:0|SELECT Id, Name, Location__c, ProjectId__c FROM SublocationDetail__c WHERE ProjectId__c = :tmpVar1
15:38:17.0 (144405624)|SOQL_EXECUTE_END|[240]|Rows:0
15:38:17.0 (144555747)|DML_BEGIN|[266]|Op:Delete|Type:ProjectLocation__c|Rows:2
15:38:17.0 (191963898)|DML_END|[266]
15:38:17.0 (192112513)|USER_DEBUG|[38]|DEBUG|[****] upateSubLocation
15:38:17.0 (192686166)|SOQL_EXECUTE_BEGIN|[50]|Aggregations:0|SELECT Id FROM Location__c WHERE id = :tmpVar1
15:38:17.0 (194192303)|SOQL_EXECUTE_END|[50]|Rows:2
15:38:17.0 (194488409)|SOQL_EXECUTE_BEGIN|[51]|Aggregations:0|SELECT Id, Name, Location__c, Reserved__c, To_Sum__c, Number_of_items__c FROM SubLocationDetail__c WHERE Location__c = :tmpVar1
15:38:17.0 (197845306)|SOQL_EXECUTE_END|[51]|Rows:0
15:38:17.0 (198381901)|USER_DEBUG|[122]|DEBUG|upateSubLocation locationsToUpdate(Location__c:{Id=a0B9E000000RDeiUAG, Current_amount__c=null, Available_amount__c=null}, Location__c:{Id=a0B9E000000RDesUAG, Current_amount__c=null, Available_amount__c=null})
15:38:17.0 (198415469)|DML_BEGIN|[123]|Op:Update|Type:Location__c|Rows:2
15:38:17.0 (206766220)|CODE_UNIT_STARTED|[EXTERNAL]|01q24000000PhJS|LocationTrigger on Location trigger event BeforeUpdate for [a0B9E000000RDei, a0B9E000000RDes]
15:38:17.0 (207046661)|SYSTEM_MODE_ENTER|true
15:38:17.0 (207075831)|SYSTEM_MODE_EXIT|true
15:38:17.207 (207872891)|CUMULATIVE_LIMIT_USAGE
15:38:17.207 (207872891)|LIMIT_USAGE_FOR_NS|(default)|
  Number of SOQL queries: 7 out of 100
  Number of query rows: 12 out of 50000
  Number of SOSL queries: 0 out of 20
  Number of DML statements: 4 out of 150
  Number of DML rows: 7 out of 10000
  Maximum CPU time: 0 out of 10000
  Maximum heap size: 0 out of 6000000
  Number of callouts: 0 out of 100
  Number of Email Invocations: 0 out of 10
  Number of future calls: 0 out of 50
  Number of queueable jobs added to the queue: 0 out of 50
  Number of Mobile Apex push calls: 0 out of 10

15:38:17.207 (207872891)|CUMULATIVE_LIMIT_USAGE_END

15:38:17.0 (208984887)|CODE_UNIT_FINISHED|LocationTrigger on Location trigger event BeforeUpdate for [a0B9E000000RDei, a0B9E000000RDes]
15:38:17.0 (210552924)|CODE_UNIT_STARTED|[EXTERNAL]|Validation:Location:a0B9E000000RDei
15:38:17.0 (210562398)|VALIDATION_RULE|03d24000000aMAV|Amount_can_t_be_less_then_0
15:38:17.0 (210743134)|VALIDATION_FORMULA|OR( Available_amount__c <0,  Current_amount__c <0)|Current_amount__c=null , Available_amount__c=null
15:38:17.0 (210749773)|VALIDATION_PASS
15:38:17.0 (210781621)|CODE_UNIT_FINISHED|Validation:Location:a0B9E000000RDei
15:38:17.0 (211463375)|CODE_UNIT_STARTED|[EXTERNAL]|Validation:Location:a0B9E000000RDes
15:38:17.0 (211469945)|VALIDATION_RULE|03d24000000aMAV|Amount_can_t_be_less_then_0
15:38:17.0 (211600147)|VALIDATION_FORMULA|OR( Available_amount__c <0,  Current_amount__c <0)|Current_amount__c=null , Available_amount__c=null
15:38:17.0 (211607082)|VALIDATION_PASS
15:38:17.0 (211631046)|CODE_UNIT_FINISHED|Validation:Location:a0B9E000000RDes
15:38:17.0 (226592797)|CODE_UNIT_STARTED|[EXTERNAL]|01q24000000PhJS|LocationTrigger on Location trigger event AfterUpdate for [a0B9E000000RDei, a0B9E000000RDes]
15:38:17.0 (226763221)|SYSTEM_MODE_ENTER|true
15:38:17.0 (226790157)|SYSTEM_MODE_EXIT|true
15:38:17.0 (227188927)|SOQL_EXECUTE_BEGIN|[88]|Aggregations:0|SELECT Id FROM Location__c WHERE id = :tmpVar1
15:38:17.0 (228911062)|SOQL_EXECUTE_END|[88]|Rows:1
15:38:17.0 (229314338)|SOQL_EXECUTE_BEGIN|[89]|Aggregations:0|SELECT Id, RecordType.DeveloperName, Location__c, Number_Of_Items__c FROM WWW_Detail__c WHERE ((RecordType.DeveloperName = 'Delivered_2_Hub' OR RecordType.DeveloperName = 'Delivered_2_Project') AND Location__c = :tmpVar1 AND IsDeleted = FALSE)
15:38:17.0 (232734063)|SOQL_EXECUTE_END|[89]|Rows:1
15:38:17.0 (233389727)|USER_DEBUG|[129]|DEBUG|parentLocations 1 {a0B9E000000RDeTUAW=Location__c:{Id=a0B9E000000RDeTUAW, Current_amount__c=10, Available_amount__c=0}}
15:38:17.0 (233442958)|DML_BEGIN|[130]|Op:Update|Type:Location__c|Rows:1
15:38:17.0 (238179543)|CODE_UNIT_STARTED|[EXTERNAL]|01q24000000PhJS|LocationTrigger on Location trigger event BeforeUpdate for [a0B9E000000RDeT]
15:38:17.0 (238290067)|SYSTEM_MODE_ENTER|true
15:38:17.0 (238310110)|SYSTEM_MODE_EXIT|true
15:38:17.238 (238327303)|CUMULATIVE_LIMIT_USAGE
15:38:17.238 (238327303)|LIMIT_USAGE_FOR_NS|(default)|
  Number of SOQL queries: 9 out of 100
  Number of query rows: 14 out of 50000
  Number of SOSL queries: 0 out of 20
  Number of DML statements: 5 out of 150
  Number of DML rows: 8 out of 10000
  Maximum CPU time: 0 out of 10000
  Maximum heap size: 0 out of 6000000
  Number of callouts: 0 out of 100
  Number of Email Invocations: 0 out of 10
  Number of future calls: 0 out of 50
  Number of queueable jobs added to the queue: 0 out of 50
  Number of Mobile Apex push calls: 0 out of 10

15:38:17.238 (238327303)|CUMULATIVE_LIMIT_USAGE_END

15:38:17.0 (239109119)|CODE_UNIT_FINISHED|LocationTrigger on Location trigger event BeforeUpdate for [a0B9E000000RDeT]
15:38:17.0 (240208055)|CODE_UNIT_STARTED|[EXTERNAL]|Validation:Location:a0B9E000000RDeT
15:38:17.0 (240215022)|VALIDATION_RULE|03d24000000aMAV|Amount_can_t_be_less_then_0
15:38:17.0 (240319329)|VALIDATION_FORMULA|OR( Available_amount__c <0,  Current_amount__c <0)|Current_amount__c=10 , Available_amount__c=0
15:38:17.0 (240323353)|VALIDATION_PASS
15:38:17.0 (240344188)|CODE_UNIT_FINISHED|Validation:Location:a0B9E000000RDeT
15:38:17.0 (250454729)|CODE_UNIT_STARTED|[EXTERNAL]|01q24000000PhJS|LocationTrigger on Location trigger event AfterUpdate for [a0B9E000000RDeT]
15:38:17.0 (250567957)|SYSTEM_MODE_ENTER|true
15:38:17.0 (250592111)|SYSTEM_MODE_EXIT|true
15:38:17.0 (250784197)|SOQL_EXECUTE_BEGIN|[88]|Aggregations:0|SELECT Id FROM Location__c WHERE id = :tmpVar1
15:38:17.0 (251594025)|SOQL_EXECUTE_END|[88]|Rows:0
15:38:17.0 (252074261)|SOQL_EXECUTE_BEGIN|[89]|Aggregations:0|SELECT Id, RecordType.DeveloperName, Location__c, Number_Of_Items__c FROM WWW_Detail__c WHERE ((RecordType.DeveloperName = 'Delivered_2_Hub' OR RecordType.DeveloperName = 'Delivered_2_Project') AND Location__c = :tmpVar1 AND IsDeleted = FALSE)
15:38:17.0 (253279328)|SOQL_EXECUTE_END|[89]|Rows:0
15:38:17.0 (253377541)|USER_DEBUG|[129]|DEBUG|parentLocations 0 {}
15:38:17.0 (255588185)|SOQL_EXECUTE_BEGIN|[33]|Aggregations:0|SELECT Id, Hub_Building_Site__r.Project__r.Account__c, OwnerId, Hub_Building_Site__c FROM Location__c WHERE id = :tmpVar1
15:38:17.0 (258335118)|SOQL_EXECUTE_END|[33]|Rows:1
15:38:17.0 (258790112)|SOQL_EXECUTE_BEGIN|[39]|Aggregations:0|SELECT Id, Account__c FROM AccountHub__c WHERE Hub_Building_Site__c = :tmpVar1
15:38:17.0 (260632252)|SOQL_EXECUTE_END|[39]|Rows:0
15:38:17.0 (261122409)|USER_DEBUG|[51]|DEBUG|accs {}
15:38:17.0 (261822616)|SOQL_EXECUTE_BEGIN|[52]|Aggregations:0|SELECT isActive, Id FROM User WHERE (AccountId__c = :tmpVar1 AND isActive = TRUE)
15:38:17.0 (262969396)|SOQL_EXECUTE_END|[52]|Rows:0
15:38:17.0 (263195949)|USER_DEBUG|[54]|DEBUG|users0 ()
15:38:17.0 (263540695)|SOQL_EXECUTE_BEGIN|[55]|Aggregations:0|SELECT ParentId, Id, UserOrGroupId FROM Location__Share WHERE ParentId = :tmpVar1
15:38:17.0 (266144228)|SOQL_EXECUTE_END|[55]|Rows:1
15:38:17.0 (266362431)|USER_DEBUG|[57]|DEBUG|1 (Location__Share:{ParentId=a0B9E000000RDeTUAW, Id=02c9E00000FUGF1QAP, UserOrGroupId=00524000001e3UjAAI})
15:38:17.0 (266686004)|USER_DEBUG|[67]|DEBUG|shareByUserByTicket1 {a0B9E000000RDeTUAW={}}
15:38:17.0 (266820357)|USER_DEBUG|[77]|DEBUG|add sharings 0 ()
15:38:17.0 (267750320)|SOQL_EXECUTE_BEGIN|[187]|Aggregations:0|SELECT Id, Name, Location__c, Location__r.Occupied__c, Location__r.Parent_Location__c, WWW_Detail__c FROM SublocationDetail__c WHERE Location__c = :tmpVar1
15:38:17.0 (268589886)|SOQL_EXECUTE_END|[187]|Rows:0
15:38:17.0 (268955982)|SOQL_EXECUTE_BEGIN|[141]|Aggregations:0|SELECT Id, Name, Project__c FROM WWW_Detail__c WHERE Id = :tmpVar1
15:38:17.0 (269749104)|SOQL_EXECUTE_END|[141]|Rows:0
15:38:17.269 (269957721)|CUMULATIVE_LIMIT_USAGE
15:38:17.269 (269957721)|LIMIT_USAGE_FOR_NS|(default)|
  Number of SOQL queries: 17 out of 100
  Number of query rows: 16 out of 50000
  Number of SOSL queries: 0 out of 20
  Number of DML statements: 5 out of 150
  Number of DML rows: 8 out of 10000
  Maximum CPU time: 13 out of 10000
  Maximum heap size: 0 out of 6000000
  Number of callouts: 0 out of 100
  Number of Email Invocations: 0 out of 10
  Number of future calls: 0 out of 50
  Number of queueable jobs added to the queue: 0 out of 50
  Number of Mobile Apex push calls: 0 out of 10

15:38:17.269 (269957721)|CUMULATIVE_LIMIT_USAGE_END

15:38:17.0 (270818085)|CODE_UNIT_FINISHED|LocationTrigger on Location trigger event AfterUpdate for [a0B9E000000RDeT]
15:38:17.0 (271422765)|DML_END|[130]
15:38:17.0 (271782884)|SOQL_EXECUTE_BEGIN|[33]|Aggregations:0|SELECT Id, Hub_Building_Site__r.Project__r.Account__c, OwnerId, Hub_Building_Site__c FROM Location__c WHERE id = :tmpVar1
15:38:17.0 (294786349)|SOQL_EXECUTE_END|[33]|Rows:2
15:38:17.0 (295060558)|SOQL_EXECUTE_BEGIN|[39]|Aggregations:0|SELECT Id, Account__c FROM AccountHub__c WHERE Hub_Building_Site__c = :tmpVar1
15:38:17.0 (296857318)|SOQL_EXECUTE_END|[39]|Rows:0
15:38:17.0 (296994324)|USER_DEBUG|[51]|DEBUG|accs {}
15:38:17.0 (297162436)|SOQL_EXECUTE_BEGIN|[52]|Aggregations:0|SELECT isActive, Id FROM User WHERE (AccountId__c = :tmpVar1 AND isActive = TRUE)
15:38:17.0 (298280539)|SOQL_EXECUTE_END|[52]|Rows:0
15:38:17.0 (298351942)|USER_DEBUG|[54]|DEBUG|users0 ()
15:38:17.0 (298567108)|SOQL_EXECUTE_BEGIN|[55]|Aggregations:0|SELECT ParentId, Id, UserOrGroupId FROM Location__Share WHERE ParentId = :tmpVar1
15:38:17.0 (300714011)|SOQL_EXECUTE_END|[55]|Rows:2
15:38:17.0 (300836612)|USER_DEBUG|[57]|DEBUG|2 (Location__Share:{ParentId=a0B9E000000RDeiUAG, Id=02c9E00000FUH2hQAH, UserOrGroupId=00524000001e3UjAAI}, Location__Share:{ParentId=a0B9E000000RDesUAG, Id=02c9E00000FUH3LQAX, UserOrGroupId=00524000001e3UjAAI})
15:38:17.0 (300977978)|USER_DEBUG|[67]|DEBUG|shareByUserByTicket2 {a0B9E000000RDeiUAG={}, a0B9E000000RDesUAG={}}
15:38:17.0 (301042472)|USER_DEBUG|[77]|DEBUG|add sharings 0 ()
15:38:17.0 (301722126)|SOQL_EXECUTE_BEGIN|[187]|Aggregations:0|SELECT Id, Name, Location__c, Location__r.Occupied__c, Location__r.Parent_Location__c, WWW_Detail__c FROM SublocationDetail__c WHERE Location__c = :tmpVar1
15:38:17.0 (312153303)|SOQL_EXECUTE_END|[187]|Rows:0
15:38:17.0 (312418070)|SOQL_EXECUTE_BEGIN|[141]|Aggregations:0|SELECT Id, Name, Project__c FROM WWW_Detail__c WHERE Id = :tmpVar1
15:38:17.0 (313207341)|SOQL_EXECUTE_END|[141]|Rows:0
15:38:17.313 (313313376)|CUMULATIVE_LIMIT_USAGE
15:38:17.313 (313313376)|LIMIT_USAGE_FOR_NS|(default)|
  Number of SOQL queries: 23 out of 100
  Number of query rows: 20 out of 50000
  Number of SOSL queries: 0 out of 20
  Number of DML statements: 5 out of 150
  Number of DML rows: 8 out of 10000
  Maximum CPU time: 13 out of 10000
  Maximum heap size: 0 out of 6000000
  Number of callouts: 0 out of 100
  Number of Email Invocations: 0 out of 10
  Number of future calls: 0 out of 50
  Number of queueable jobs added to the queue: 0 out of 50
  Number of Mobile Apex push calls: 0 out of 10

15:38:17.313 (313313376)|CUMULATIVE_LIMIT_USAGE_END

15:38:17.0 (314443849)|CODE_UNIT_FINISHED|LocationTrigger on Location trigger event AfterUpdate for [a0B9E000000RDei, a0B9E000000RDes]
15:38:17.0 (314597298)|DML_END|[123]
15:38:17.0 (314622937)|SYSTEM_MODE_EXIT|false
15:38:17.314 (314632176)|CUMULATIVE_LIMIT_USAGE
15:38:17.314 (314632176)|LIMIT_USAGE_FOR_NS|(default)|
  Number of SOQL queries: 23 out of 100
  Number of query rows: 20 out of 50000
  Number of SOSL queries: 0 out of 20
  Number of DML statements: 5 out of 150
  Number of DML rows: 8 out of 10000
  Maximum CPU time: 13 out of 10000
  Maximum heap size: 0 out of 6000000
  Number of callouts: 0 out of 100
  Number of Email Invocations: 0 out of 10
  Number of future calls: 0 out of 50
  Number of queueable jobs added to the queue: 0 out of 50
  Number of Mobile Apex push calls: 0 out of 10

15:38:17.314 (314632176)|CUMULATIVE_LIMIT_USAGE_END

15:38:17.0 (315794645)|CODE_UNIT_FINISHED|SubLocationDetailTrigger on SublocationDetail trigger event AfterDelete for [a089E000000OA8t, a089E000000OA8u]
15:38:17.0 (316642770)|DML_END|[314]
15:38:17.316 (316682043)|CUMULATIVE_LIMIT_USAGE
15:38:17.316 (316682043)|LIMIT_USAGE_FOR_NS|(default)|
  Number of SOQL queries: 23 out of 100
  Number of query rows: 20 out of 50000
  Number of SOSL queries: 0 out of 20
  Number of DML statements: 5 out of 150
  Number of DML rows: 8 out of 10000
  Maximum CPU time: 13 out of 10000
  Maximum heap size: 0 out of 6000000
  Number of callouts: 0 out of 100
  Number of Email Invocations: 0 out of 10
  Number of future calls: 0 out of 50
  Number of queueable jobs added to the queue: 0 out of 50
  Number of Mobile Apex push calls: 0 out of 10

15:38:17.316 (316682043)|CUMULATIVE_LIMIT_USAGE_END

15:38:17.0 (317634642)|CODE_UNIT_FINISHED|WWWDetailTrigger on WWW_Detail trigger event BeforeDelete for [a0s9E0000001Cre]
15:38:17.0 (378793084)|CODE_UNIT_STARTED|[EXTERNAL]|01q2400000133Bx|WWWDetailTrigger on WWW_Detail trigger event AfterDelete for [a0s9E0000001Cre]
15:38:17.0 (379424434)|SOQL_EXECUTE_BEGIN|[52]|Aggregations:0|SELECT Id FROM Location__c WHERE id = :tmpVar1
15:38:17.0 (380939062)|SOQL_EXECUTE_END|[52]|Rows:1
15:38:17.0 (381350491)|SOQL_EXECUTE_BEGIN|[53]|Aggregations:0|SELECT Id, RecordType.DeveloperName, Location__c, Number_Of_Items__c FROM WWW_Detail__c WHERE ((RecordType.DeveloperName = 'Delivered_2_Hub' OR RecordType.DeveloperName = 'Delivered_2_Project') AND Location__c = :tmpVar1 AND IsDeleted = FALSE)
15:38:17.0 (383952212)|SOQL_EXECUTE_END|[53]|Rows:0
15:38:17.0 (384296485)|USER_DEBUG|[94]|DEBUG|parentLocations 1 {a0B9E000000RDeTUAW=Location__c:{Id=a0B9E000000RDeTUAW, Current_amount__c=0, Available_amount__c=0}}
15:38:17.0 (384351309)|DML_BEGIN|[95]|Op:Update|Type:Location__c|Rows:1
15:38:17.0 (389634270)|CODE_UNIT_STARTED|[EXTERNAL]|01q24000000PhJS|LocationTrigger on Location trigger event BeforeUpdate for [a0B9E000000RDeT]
15:38:17.0 (390111386)|SYSTEM_MODE_ENTER|false
15:38:17.0 (390126468)|SYSTEM_MODE_EXIT|false
15:38:17.390 (390137056)|CUMULATIVE_LIMIT_USAGE
15:38:17.390 (390137056)|LIMIT_USAGE_FOR_NS|(default)|
  Number of SOQL queries: 25 out of 100
  Number of query rows: 21 out of 50000
  Number of SOSL queries: 0 out of 20
  Number of DML statements: 6 out of 150
  Number of DML rows: 9 out of 10000
  Maximum CPU time: 13 out of 10000
  Maximum heap size: 0 out of 6000000
  Number of callouts: 0 out of 100
  Number of Email Invocations: 0 out of 10
  Number of future calls: 0 out of 50
  Number of queueable jobs added to the queue: 0 out of 50
  Number of Mobile Apex push calls: 0 out of 10

15:38:17.390 (390137056)|CUMULATIVE_LIMIT_USAGE_END

15:38:17.0 (391097178)|CODE_UNIT_FINISHED|LocationTrigger on Location trigger event BeforeUpdate for [a0B9E000000RDeT]
15:38:17.0 (392079340)|CODE_UNIT_STARTED|[EXTERNAL]|Validation:Location:a0B9E000000RDeT
15:38:17.0 (392086230)|VALIDATION_RULE|03d24000000aMAV|Amount_can_t_be_less_then_0
15:38:17.0 (392198843)|VALIDATION_FORMULA|OR( Available_amount__c <0,  Current_amount__c <0)|Current_amount__c=0 , Available_amount__c=0
15:38:17.0 (392202867)|VALIDATION_PASS
15:38:17.0 (392225487)|CODE_UNIT_FINISHED|Validation:Location:a0B9E000000RDeT
15:38:17.0 (403766602)|CODE_UNIT_STARTED|[EXTERNAL]|01q24000000PhJS|LocationTrigger on Location trigger event AfterUpdate for [a0B9E000000RDeT]
15:38:17.0 (404192040)|SYSTEM_MODE_ENTER|false
15:38:17.0 (404459779)|SOQL_EXECUTE_BEGIN|[88]|Aggregations:0|SELECT Id FROM Location__c WHERE id = :tmpVar1
15:38:17.0 (405343593)|SOQL_EXECUTE_END|[88]|Rows:0
15:38:17.0 (405827131)|SOQL_EXECUTE_BEGIN|[89]|Aggregations:0|SELECT Id, RecordType.DeveloperName, Location__c, Number_Of_Items__c FROM WWW_Detail__c WHERE ((RecordType.DeveloperName = 'Delivered_2_Hub' OR RecordType.DeveloperName = 'Delivered_2_Project') AND Location__c = :tmpVar1 AND IsDeleted = FALSE)
15:38:17.0 (406866512)|SOQL_EXECUTE_END|[89]|Rows:0
15:38:17.0 (406994670)|USER_DEBUG|[129]|DEBUG|parentLocations 0 {}
15:38:17.0 (407357919)|SOQL_EXECUTE_BEGIN|[33]|Aggregations:0|SELECT Id, Hub_Building_Site__r.Project__r.Account__c, OwnerId, Hub_Building_Site__c FROM Location__c WHERE id = :tmpVar1
15:38:17.0 (410058074)|SOQL_EXECUTE_END|[33]|Rows:1
15:38:17.0 (410319692)|SOQL_EXECUTE_BEGIN|[39]|Aggregations:0|SELECT Id, Account__c FROM AccountHub__c WHERE Hub_Building_Site__c = :tmpVar1
15:38:17.0 (412214947)|SOQL_EXECUTE_END|[39]|Rows:0
15:38:17.0 (412348492)|USER_DEBUG|[51]|DEBUG|accs {}
15:38:17.0 (412518895)|SOQL_EXECUTE_BEGIN|[52]|Aggregations:0|SELECT isActive, Id FROM User WHERE (AccountId__c = :tmpVar1 AND isActive = TRUE)
15:38:17.0 (413569881)|SOQL_EXECUTE_END|[52]|Rows:0
15:38:17.0 (413648990)|USER_DEBUG|[54]|DEBUG|users0 ()
15:38:17.0 (413861275)|SOQL_EXECUTE_BEGIN|[55]|Aggregations:0|SELECT ParentId, Id, UserOrGroupId FROM Location__Share WHERE ParentId = :tmpVar1
15:38:17.0 (415974612)|SOQL_EXECUTE_END|[55]|Rows:1
15:38:17.0 (416081508)|USER_DEBUG|[57]|DEBUG|1 (Location__Share:{ParentId=a0B9E000000RDeTUAW, Id=02c9E00000FUGF1QAP, UserOrGroupId=00524000001e3UjAAI})
15:38:17.0 (416187364)|USER_DEBUG|[67]|DEBUG|shareByUserByTicket1 {a0B9E000000RDeTUAW={}}
15:38:17.0 (416241128)|USER_DEBUG|[77]|DEBUG|add sharings 0 ()
15:38:17.0 (416742380)|SOQL_EXECUTE_BEGIN|[187]|Aggregations:0|SELECT Id, Name, Location__c, Location__r.Occupied__c, Location__r.Parent_Location__c, WWW_Detail__c FROM SublocationDetail__c WHERE Location__c = :tmpVar1
15:38:17.0 (427650160)|SOQL_EXECUTE_END|[187]|Rows:0
15:38:17.0 (427915263)|SOQL_EXECUTE_BEGIN|[141]|Aggregations:0|SELECT Id, Name, Project__c FROM WWW_Detail__c WHERE Id = :tmpVar1
15:38:17.0 (428688943)|SOQL_EXECUTE_END|[141]|Rows:0
15:38:17.0 (428784986)|SYSTEM_MODE_EXIT|false
15:38:17.428 (428798096)|CUMULATIVE_LIMIT_USAGE
15:38:17.428 (428798096)|LIMIT_USAGE_FOR_NS|(default)|
  Number of SOQL queries: 33 out of 100
  Number of query rows: 23 out of 50000
  Number of SOSL queries: 0 out of 20
  Number of DML statements: 6 out of 150
  Number of DML rows: 9 out of 10000
  Maximum CPU time: 13 out of 10000
  Maximum heap size: 0 out of 6000000
  Number of callouts: 0 out of 100
  Number of Email Invocations: 0 out of 10
  Number of future calls: 0 out of 50
  Number of queueable jobs added to the queue: 0 out of 50
  Number of Mobile Apex push calls: 0 out of 10

15:38:17.428 (428798096)|CUMULATIVE_LIMIT_USAGE_END

15:38:17.0 (429961147)|CODE_UNIT_FINISHED|LocationTrigger on Location trigger event AfterUpdate for [a0B9E000000RDeT]
15:38:17.0 (430093978)|DML_END|[95]
15:38:17.430 (430122749)|CUMULATIVE_LIMIT_USAGE
15:38:17.430 (430122749)|LIMIT_USAGE_FOR_NS|(default)|
  Number of SOQL queries: 33 out of 100
  Number of query rows: 23 out of 50000
  Number of SOSL queries: 0 out of 20
  Number of DML statements: 6 out of 150
  Number of DML rows: 9 out of 10000
  Maximum CPU time: 13 out of 10000
  Maximum heap size: 0 out of 6000000
  Number of callouts: 0 out of 100
  Number of Email Invocations: 0 out of 10
  Number of future calls: 0 out of 50
  Number of queueable jobs added to the queue: 0 out of 50
  Number of Mobile Apex push calls: 0 out of 10

15:38:17.430 (430122749)|CUMULATIVE_LIMIT_USAGE_END

15:38:17.0 (430866702)|CODE_UNIT_FINISHED|WWWDetailTrigger on WWW_Detail trigger event AfterDelete for [a0s9E0000001Cre]
15:38:17.0 (442258790)|CODE_UNIT_FINISHED|TRIGGERS
15:38:17.0 (442265224)|EXECUTION_FINISHED
