38.0 APEX_CODE,FINEST;APEX_PROFILING,INFO;CALLOUT,INFO;DB,INFO;SYSTEM,DEBUG;VALIDATION,INFO;VISUALFORCE,INFO;WAVE,INFO;WORKFLOW,INFO
12:21:21.0 (54833)|USER_INFO|[EXTERNAL]|00524000001e3Uj|bedrijfsbureau@gsa.nl.sandbox|Midden-Europese standaardtijd|GMT+01:00
12:21:21.0 (78247)|EXECUTION_STARTED
12:21:21.0 (81993)|CODE_UNIT_STARTED|[EXTERNAL]|06624000003h0Dq|VF: /apex/ChoseRecordType
12:21:21.0 (178075)|VF_DESERIALIZE_VIEWSTATE_BEGIN|06624000003h0Dq
12:21:21.0 (5343527)|HEAP_ALLOCATE|[72]|Bytes:3
12:21:21.0 (5381124)|HEAP_ALLOCATE|[77]|Bytes:152
12:21:21.0 (5394849)|HEAP_ALLOCATE|[342]|Bytes:408
12:21:21.0 (5408608)|HEAP_ALLOCATE|[355]|Bytes:408
12:21:21.0 (5421207)|HEAP_ALLOCATE|[467]|Bytes:48
12:21:21.0 (5447021)|HEAP_ALLOCATE|[139]|Bytes:6
12:21:21.0 (6949544)|VF_DESERIALIZE_VIEWSTATE_END
12:21:21.7 (7711759)|SYSTEM_MODE_ENTER|true
12:21:21.7 (7767743)|HEAP_ALLOCATE|[EXTERNAL]|Bytes:38
12:21:21.7 (7773938)|HEAP_ALLOCATE|[EXTERNAL]|Bytes:7
12:21:21.7 (7780610)|SYSTEM_METHOD_ENTRY|[1]|PageMessagesComponentController.PageMessagesComponentController()
12:21:21.7 (7784179)|STATEMENT_EXECUTE|[1]
12:21:21.8 (8552251)|SYSTEM_MODE_ENTER|true
12:21:21.8 (8596549)|HEAP_ALLOCATE|[EXTERNAL]|Bytes:8
12:21:21.8 (8602087)|VARIABLE_SCOPE_BEGIN|[88]|this|ApexPage.PageMessagesComponentController|true|false
12:21:21.8 (8634387)|VARIABLE_ASSIGNMENT|[88]|this|{}|0x2a6e295b
12:21:21.8 (8637178)|VARIABLE_SCOPE_BEGIN|[88]|escape|Boolean|false|false
12:21:21.8 (8641366)|VARIABLE_ASSIGNMENT|[88]|escape|null
12:21:21.0 (8935822)|SYSTEM_MODE_ENTER|true
12:21:21.0 (9100851)|HEAP_ALLOCATE|[EXTERNAL]|Bytes:11
12:21:21.0 (9109139)|HEAP_ALLOCATE|[EXTERNAL]|Bytes:408
12:21:21.0 (9112319)|HEAP_ALLOCATE|[EXTERNAL]|Bytes:120
12:21:21.0 (9114757)|HEAP_ALLOCATE|[EXTERNAL]|Bytes:108
12:21:21.0 (9120608)|METHOD_ENTRY|[1]|01p2400000DUtXT|NewDeliveredExtension.NewDeliveredExtension()
12:21:21.0 (9122938)|STATEMENT_EXECUTE|[1]
12:21:21.0 (9126328)|STATEMENT_EXECUTE|[1]
12:21:21.0 (9127697)|STATEMENT_EXECUTE|[527]
12:21:21.0 (9131253)|METHOD_EXIT|[1]|NewDeliveredExtension
12:21:21.0 (9134912)|HEAP_ALLOCATE|[EXTERNAL]|Bytes:80
12:21:21.0 (9138352)|VARIABLE_SCOPE_BEGIN|[109]|this|NewDeliveredExtension|true|false
12:21:21.0 (9190504)|VARIABLE_ASSIGNMENT|[109]|this|{"detail":"0x6dbf0ca6","www":"0x590f69d4","wwwById":"0x48d56398"}|0x36ad9a00
12:21:21.0 (9196382)|STATEMENT_EXECUTE|[109]
12:21:21.0 (9197762)|STATEMENT_EXECUTE|[111]
12:21:21.0 (9204831)|HEAP_ALLOCATE|[111]|Bytes:4
12:21:21.0 (9228421)|VARIABLE_SCOPE_BEGIN|[111]|options|List<System.SelectOption>|true|false
12:21:21.0 (9252504)|HEAP_ALLOCATE|[EXTERNAL]|Bytes:4
12:21:21.0 (9259860)|VARIABLE_ASSIGNMENT|[111]|options|[]|0x12728d18
12:21:21.0 (9262435)|STATEMENT_EXECUTE|[112]
12:21:21.0 (9310301)|HEAP_ALLOCATE|[112]|Bytes:4
12:21:21.0 (9315321)|HEAP_ALLOCATE|[112]|Bytes:82
12:21:21.0 (9318973)|HEAP_ALLOCATE|[112]|Bytes:4
12:21:21.0 (9545231)|SOQL_EXECUTE_BEGIN|[112]|Aggregations:0|SELECT Id, Name, DeveloperName FROM RecordType WHERE sobjectType = 'WWW_detail__c'
12:21:21.0 (16194341)|SOQL_EXECUTE_END|[112]|Rows:5
12:21:21.0 (16209440)|HEAP_ALLOCATE|[112]|Bytes:24
12:21:21.0 (16233139)|HEAP_ALLOCATE|[112]|Bytes:371
12:21:21.0 (16267820)|HEAP_ALLOCATE|[112]|Bytes:24
12:21:21.0 (16309061)|HEAP_ALLOCATE|[112]|Bytes:16
12:21:21.0 (16317783)|HEAP_ALLOCATE|[112]|Bytes:4
12:21:21.0 (16324992)|HEAP_ALLOCATE|[112]|Bytes:16
12:21:21.0 (16328681)|HEAP_ALLOCATE|[112]|Bytes:4
12:21:21.0 (16333029)|HEAP_ALLOCATE|[112]|Bytes:16
12:21:21.0 (16336301)|HEAP_ALLOCATE|[112]|Bytes:4
12:21:21.0 (16340333)|HEAP_ALLOCATE|[112]|Bytes:16
12:21:21.0 (16343591)|HEAP_ALLOCATE|[112]|Bytes:4
12:21:21.0 (16347633)|HEAP_ALLOCATE|[112]|Bytes:16
12:21:21.0 (16350785)|HEAP_ALLOCATE|[112]|Bytes:4
12:21:21.0 (16356991)|VARIABLE_SCOPE_BEGIN|[112]|recByNames|Map<Id,RecordType>|true|false
12:21:21.0 (16388063)|VARIABLE_ASSIGNMENT|[112]|recByNames|{"01224000000Sn4NAAS":{"Id":"01224000000Sn4NAAS","Name":"Afleveren","DeveloperName":"Delivered_2_Project"},"01224000000Sn4OAAS":{"Id":"01224000000Sn4OAAS","Name":"Afroepen","DeveloperName":"Invoked"},"01224000000Sn4PAAS":{"Id":"01224000000Sn4PAAS","Name":"Afwijzen","DeveloperName":"Rejected"},"01224000000Sn4MAAS":{"Id":"01224000000Sn4MAAS","Name":"Ontvangen","DeveloperName":"Delivered_2_Hub"},"01224000000Sn4QAAS":{"Id":"01224000000Sn4QAAS","Name":"Verwachten","DeveloperName":"Reserved"}}|0x6f5773
12:21:21.0 (16426586)|HEAP_ALLOCATE|[EXTERNAL]|Bytes:24
12:21:21.0 (16437668)|HEAP_ALLOCATE|[114]|Bytes:390
12:21:21.0 (16557025)|HEAP_ALLOCATE|[114]|Bytes:5
12:21:21.0 (16568319)|HEAP_ALLOCATE|[114]|Bytes:16
12:21:21.0 (16575668)|VARIABLE_SCOPE_BEGIN|[114]|rec|RecordType|true|false
12:21:21.0 (16587114)|VARIABLE_ASSIGNMENT|[114]|rec|{"Id":"01224000000Sn4NAAS","Name":"Afleveren","DeveloperName":"Delivered_2_Project"}|0x7d5efd1e
12:21:21.0 (16590816)|STATEMENT_EXECUTE|[114]
12:21:21.0 (16592777)|STATEMENT_EXECUTE|[116]
12:21:21.0 (16640133)|HEAP_ALLOCATE|[116]|Bytes:18
12:21:21.0 (16697140)|HEAP_ALLOCATE|[EXTERNAL]|Bytes:4
12:21:21.0 (16710284)|HEAP_ALLOCATE|[114]|Bytes:5
12:21:21.0 (16717992)|HEAP_ALLOCATE|[114]|Bytes:16
12:21:21.0 (16722562)|VARIABLE_SCOPE_BEGIN|[114]|rec|RecordType|true|false
12:21:21.0 (16732128)|VARIABLE_ASSIGNMENT|[114]|rec|{"Id":"01224000000Sn4OAAS","Name":"Afroepen","DeveloperName":"Invoked"}|0x6e38ebb4
12:21:21.0 (16734805)|STATEMENT_EXECUTE|[114]
12:21:21.0 (16736075)|STATEMENT_EXECUTE|[116]
12:21:21.0 (16746042)|HEAP_ALLOCATE|[116]|Bytes:18
12:21:21.0 (16757253)|HEAP_ALLOCATE|[EXTERNAL]|Bytes:4
12:21:21.0 (16764935)|HEAP_ALLOCATE|[114]|Bytes:5
12:21:21.0 (16770708)|HEAP_ALLOCATE|[114]|Bytes:16
12:21:21.0 (16773729)|VARIABLE_SCOPE_BEGIN|[114]|rec|RecordType|true|false
12:21:21.0 (16780278)|VARIABLE_ASSIGNMENT|[114]|rec|{"Id":"01224000000Sn4PAAS","Name":"Afwijzen","DeveloperName":"Rejected"}|0x416578d7
12:21:21.0 (16782627)|STATEMENT_EXECUTE|[114]
12:21:21.0 (16784000)|STATEMENT_EXECUTE|[116]
12:21:21.0 (16790235)|HEAP_ALLOCATE|[116]|Bytes:18
12:21:21.0 (16798602)|HEAP_ALLOCATE|[EXTERNAL]|Bytes:4
12:21:21.0 (16805164)|HEAP_ALLOCATE|[114]|Bytes:5
12:21:21.0 (16810228)|HEAP_ALLOCATE|[114]|Bytes:16
12:21:21.0 (16813014)|VARIABLE_SCOPE_BEGIN|[114]|rec|RecordType|true|false
12:21:21.0 (16818862)|VARIABLE_ASSIGNMENT|[114]|rec|{"Id":"01224000000Sn4MAAS","Name":"Ontvangen","DeveloperName":"Delivered_2_Hub"}|0xc758c8b
12:21:21.0 (16821292)|STATEMENT_EXECUTE|[114]
12:21:21.0 (16822426)|STATEMENT_EXECUTE|[116]
12:21:21.0 (16827961)|HEAP_ALLOCATE|[116]|Bytes:18
12:21:21.0 (16835302)|HEAP_ALLOCATE|[EXTERNAL]|Bytes:4
12:21:21.0 (16841685)|HEAP_ALLOCATE|[114]|Bytes:5
12:21:21.0 (16846512)|HEAP_ALLOCATE|[114]|Bytes:16
12:21:21.0 (16849223)|VARIABLE_SCOPE_BEGIN|[114]|rec|RecordType|true|false
12:21:21.0 (16854931)|VARIABLE_ASSIGNMENT|[114]|rec|{"Id":"01224000000Sn4QAAS","Name":"Verwachten","DeveloperName":"Reserved"}|0x6492616
12:21:21.0 (16857146)|STATEMENT_EXECUTE|[114]
12:21:21.0 (16858429)|STATEMENT_EXECUTE|[116]
12:21:21.0 (16863756)|HEAP_ALLOCATE|[116]|Bytes:18
12:21:21.0 (16870954)|HEAP_ALLOCATE|[EXTERNAL]|Bytes:4
12:21:21.0 (16877387)|HEAP_ALLOCATE|[114]|Bytes:5
12:21:21.0 (16883599)|VARIABLE_ASSIGNMENT|[114]|rec|null|
12:21:21.0 (16885767)|STATEMENT_EXECUTE|[120]
12:21:21.0 (17262097)|SYSTEM_MODE_ENTER|true
12:21:21.17 (17451126)|SYSTEM_MODE_ENTER|true
12:21:21.17 (17490945)|HEAP_ALLOCATE|[EXTERNAL]|Bytes:8
12:21:21.17 (17496146)|VARIABLE_SCOPE_BEGIN|[88]|this|ApexPage.PageMessagesComponentController|true|false
12:21:21.17 (17519805)|VARIABLE_ASSIGNMENT|[88]|this|{}|0x2a6e295b
12:21:21.17 (17522660)|VARIABLE_SCOPE_BEGIN|[88]|escape|Boolean|false|false
12:21:21.17 (17525752)|VARIABLE_ASSIGNMENT|[88]|escape|null
12:21:21.0 (17602733)|SYSTEM_MODE_ENTER|true
12:21:21.0 (17622442)|HEAP_ALLOCATE|[EXTERNAL]|Bytes:4
12:21:21.0 (17625549)|HEAP_ALLOCATE|[EXTERNAL]|Bytes:80
12:21:21.0 (17728854)|VARIABLE_ASSIGNMENT|[EXTERNAL]|this.isChecked|"01224000000Sn4MAAS"|0x36ad9a00
12:21:21.0 (17875246)|HEAP_ALLOCATE|[EXTERNAL]|Bytes:80
12:21:21.0 (17881654)|VARIABLE_SCOPE_BEGIN|[157]|this|NewDeliveredExtension|true|false
12:21:21.0 (18019882)|VARIABLE_ASSIGNMENT|[157]|this|{"detail":"0x6dbf0ca6","isChecked":"01224000000Sn4MAAS","www":"0x590f69d4","wwwById":"0x48d56398"}|0x36ad9a00
12:21:21.0 (18028089)|STATEMENT_EXECUTE|[157]
12:21:21.0 (18029691)|STATEMENT_EXECUTE|[158]
12:21:21.0 (18163128)|VARIABLE_ASSIGNMENT|[EXTERNAL]|this|{"detail":"0x6dbf0ca6","isChecked":"01224000000Sn4MAAS","www":"0x590f69d4","wwwById":"0x48d56398"}|0x36ad9a00
12:21:21.0 (18191043)|USER_DEBUG|[158]|DEBUG|01224000000Sn4MAAS
12:21:21.0 (18196399)|STATEMENT_EXECUTE|[159]
12:21:21.0 (18201856)|HEAP_ALLOCATE|[159]|Bytes:38
12:21:21.0 (18316320)|VARIABLE_ASSIGNMENT|[EXTERNAL]|this|{"detail":"0x6dbf0ca6","isChecked":"01224000000Sn4MAAS","www":"0x590f69d4","wwwById":"0x48d56398"}|0x36ad9a00
12:21:21.0 (18345530)|HEAP_ALLOCATE|[159]|Bytes:18
12:21:21.0 (18357966)|HEAP_ALLOCATE|[159]|Bytes:56
12:21:21.0 (18389488)|VARIABLE_SCOPE_BEGIN|[159]|pr|System.PageReference|true|false
12:21:21.0 (18458874)|VARIABLE_ASSIGNMENT|[159]|pr|"/apex/New_delivered_detail?RecordType=01224000000Sn4MAAS"|0x1c67382c
12:21:21.0 (18463297)|STATEMENT_EXECUTE|[160]
12:21:21.0 (18506662)|STATEMENT_EXECUTE|[161]
12:21:21.20 (20027212)|CUMULATIVE_LIMIT_USAGE
12:21:21.20 (20027212)|LIMIT_USAGE_FOR_NS|(default)|
  Number of SOQL queries: 1 out of 100
  Number of query rows: 5 out of 50000
  Number of SOSL queries: 0 out of 20
  Number of DML statements: 0 out of 150
  Number of DML rows: 0 out of 10000
  Maximum CPU time: 0 out of 10000
  Maximum heap size: 0 out of 6000000
  Number of callouts: 0 out of 100
  Number of Email Invocations: 0 out of 10
  Number of future calls: 0 out of 50
  Number of queueable jobs added to the queue: 0 out of 50
  Number of Mobile Apex push calls: 0 out of 10

12:21:21.20 (20027212)|CUMULATIVE_LIMIT_USAGE_END

12:21:21.0 (20055321)|CODE_UNIT_FINISHED|VF: /apex/ChoseRecordType
12:21:21.0 (20791068)|EXECUTION_FINISHED
