39.0 APEX_CODE,DEBUG;APEX_PROFILING,INFO;CALLOUT,INFO;DB,INFO;SYSTEM,DEBUG;VALIDATION,INFO;VISUALFORCE,INFO;WAVE,INFO;WORKFLOW,INFO
13:46:47.0 (65430)|USER_INFO|[EXTERNAL]|00524000001e3Uj|bedrijfsbureau@gsa.nl.sandbox|Midden-Europese standaardtijd|GMT+02:00
13:46:47.0 (94608)|EXECUTION_STARTED
13:46:47.0 (99819)|CODE_UNIT_STARTED|[EXTERNAL]|0669E0000000KhW|VF: /apex/ProjectItemsAfroepen
13:46:47.0 (239110)|VF_DESERIALIZE_VIEWSTATE_BEGIN|0669E0000000KhW
13:46:47.0 (5735347)|VF_DESERIALIZE_VIEWSTATE_END
13:46:47.0 (6221274)|SYSTEM_MODE_ENTER|true
13:46:47.0 (6509326)|SYSTEM_MODE_ENTER|false
13:46:47.0 (6517354)|SYSTEM_MODE_EXIT|false
13:46:47.0 (6531082)|SYSTEM_MODE_ENTER|false
13:46:47.0 (6538151)|SYSTEM_MODE_EXIT|false
13:46:47.0 (6689946)|SYSTEM_MODE_ENTER|true
13:46:47.0 (6740462)|SYSTEM_MODE_ENTER|false
13:46:47.0 (6747848)|SYSTEM_MODE_EXIT|false
13:46:47.0 (6915517)|SYSTEM_MODE_ENTER|true
13:46:47.0 (7099211)|SYSTEM_MODE_ENTER|false
13:46:47.0 (7749786)|SOQL_EXECUTE_BEGIN|[32]|Aggregations:0|SELECT Id, Name FROM Projecten__c WHERE Name LIKE :tmpVar1 LIMIT 5
13:46:47.0 (14527896)|SOQL_EXECUTE_END|[32]|Rows:1
13:46:47.0 (14697530)|SYSTEM_MODE_EXIT|false
13:46:47.0 (18665177)|SYSTEM_MODE_ENTER|true
13:46:47.0 (18696308)|SYSTEM_MODE_ENTER|false
13:46:47.0 (18701295)|SYSTEM_MODE_EXIT|false
13:46:47.0 (18824701)|SYSTEM_MODE_ENTER|true
13:46:47.0 (18847363)|SYSTEM_MODE_ENTER|false
13:46:47.0 (18851479)|SYSTEM_MODE_EXIT|false
13:46:47.0 (20026139)|VF_SERIALIZE_VIEWSTATE_BEGIN|0669E0000000KhW
13:46:47.0 (21685321)|VF_SERIALIZE_VIEWSTATE_END
13:46:47.23 (23421383)|CUMULATIVE_LIMIT_USAGE
13:46:47.23 (23421383)|LIMIT_USAGE_FOR_NS|(default)|
  Number of SOQL queries: 1 out of 100
  Number of query rows: 1 out of 50000
  Number of SOSL queries: 0 out of 20
  Number of DML statements: 0 out of 150
  Number of DML rows: 0 out of 10000
  Maximum CPU time: 0 out of 10000
  Maximum heap size: 0 out of 6000000
  Number of callouts: 0 out of 100
  Number of Email Invocations: 0 out of 10
  Number of future calls: 0 out of 50
  Number of queueable jobs added to the queue: 0 out of 50
  Number of Mobile Apex push calls: 0 out of 10

13:46:47.23 (23421383)|CUMULATIVE_LIMIT_USAGE_END

13:46:47.0 (23466204)|CODE_UNIT_FINISHED|VF: /apex/ProjectItemsAfroepen
13:46:47.0 (24363998)|EXECUTION_FINISHED
