38.0 APEX_CODE,FINEST;APEX_PROFILING,INFO;CALLOUT,INFO;DB,INFO;SYSTEM,DEBUG;VALIDATION,INFO;VISUALFORCE,INFO;WAVE,INFO;WORKFLOW,INFO
13:49:47.0 (325580)|USER_INFO|[EXTERNAL]|00524000001e3Uj|bedrijfsbureau@gsa.nl.sandbox|Midden-Europese standaardtijd|GMT+01:00
13:49:47.0 (354987)|EXECUTION_STARTED
13:49:47.0 (359250)|CODE_UNIT_STARTED|[EXTERNAL]|06624000003h0Dg|VF: /apex/New_delivered_detail
13:49:47.0 (14386880)|SYSTEM_MODE_ENTER|true
13:49:47.0 (14770036)|HEAP_ALLOCATE|[72]|Bytes:3
13:49:47.0 (14806026)|HEAP_ALLOCATE|[77]|Bytes:152
13:49:47.0 (14817379)|HEAP_ALLOCATE|[342]|Bytes:408
13:49:47.0 (14830187)|HEAP_ALLOCATE|[355]|Bytes:408
13:49:47.0 (14842751)|HEAP_ALLOCATE|[467]|Bytes:48
13:49:47.0 (14870319)|HEAP_ALLOCATE|[139]|Bytes:6
13:49:47.0 (14882656)|HEAP_ALLOCATE|[EXTERNAL]|Bytes:11
13:49:47.0 (14887376)|HEAP_ALLOCATE|[EXTERNAL]|Bytes:408
13:49:47.0 (14889959)|HEAP_ALLOCATE|[EXTERNAL]|Bytes:120
13:49:47.0 (14892680)|HEAP_ALLOCATE|[EXTERNAL]|Bytes:108
13:49:47.0 (14900455)|METHOD_ENTRY|[1]|01p2400000DUtXT|NewDeliveredExtension.NewDeliveredExtension()
13:49:47.0 (14904232)|STATEMENT_EXECUTE|[1]
13:49:47.0 (14908685)|STATEMENT_EXECUTE|[1]
13:49:47.0 (14909785)|STATEMENT_EXECUTE|[535]
13:49:47.0 (14913126)|METHOD_EXIT|[1]|NewDeliveredExtension
13:49:47.0 (15195251)|HEAP_ALLOCATE|[EXTERNAL]|Bytes:80
13:49:47.0 (15212299)|VARIABLE_SCOPE_BEGIN|[163]|this|NewDeliveredExtension|true|false
13:49:47.0 (15317570)|VARIABLE_ASSIGNMENT|[163]|this|{}|0x4fc87d75
13:49:47.0 (15321815)|VARIABLE_SCOPE_BEGIN|[163]|controller|ApexPages.StandardController|true|false
13:49:47.0 (15463793)|VARIABLE_ASSIGNMENT|[163]|controller|"StandardController [null]"|0x5e34add9
13:49:47.0 (15471562)|STATEMENT_EXECUTE|[1]
13:49:47.0 (15472918)|STATEMENT_EXECUTE|[2]
13:49:47.0 (15474120)|STATEMENT_EXECUTE|[20]
13:49:47.0 (15475243)|STATEMENT_EXECUTE|[61]
13:49:47.0 (15476236)|STATEMENT_EXECUTE|[69]
13:49:47.0 (15477186)|STATEMENT_EXECUTE|[77]
13:49:47.0 (15478168)|STATEMENT_EXECUTE|[85]
13:49:47.0 (15479078)|STATEMENT_EXECUTE|[93]
13:49:47.0 (15480002)|STATEMENT_EXECUTE|[101]
13:49:47.0 (15481130)|STATEMENT_EXECUTE|[123]
13:49:47.0 (15487916)|HEAP_ALLOCATE|[123]|Bytes:4
13:49:47.0 (15492367)|HEAP_ALLOCATE|[123]|Bytes:258
13:49:47.0 (15496651)|HEAP_ALLOCATE|[123]|Bytes:4
13:49:47.0 (15530060)|HEAP_ALLOCATE|[50]|Bytes:5
13:49:47.0 (15548679)|HEAP_ALLOCATE|[56]|Bytes:5
13:49:47.0 (15554467)|HEAP_ALLOCATE|[64]|Bytes:7
13:49:47.0 (16137411)|SOQL_EXECUTE_BEGIN|[123]|Aggregations:0|SELECT Id, Project__c, Item__c, Actueel_aantal_palletplaatsenworkflow__c, Ticket_Number_ILIPS__c, Filecardnumber__c, Projectmember__c, Hub_Building_Site__c, Actueel_aantal_palletplaatsen__c, Supplier__c, Name FROM WWW__c ORDER BY CreatedDate DESC NULLS FIRST
13:49:47.0 (21922460)|SOQL_EXECUTE_END|[123]|Rows:4
13:49:47.0 (21938547)|HEAP_ALLOCATE|[123]|Bytes:20
13:49:47.0 (21967007)|HEAP_ALLOCATE|[123]|Bytes:884
13:49:47.0 (22011102)|HEAP_ALLOCATE|[123]|Bytes:20
13:49:47.0 (22055823)|HEAP_ALLOCATE|[123]|Bytes:28
13:49:47.0 (22069962)|HEAP_ALLOCATE|[123]|Bytes:4
13:49:47.0 (22077829)|HEAP_ALLOCATE|[123]|Bytes:28
13:49:47.0 (22080896)|HEAP_ALLOCATE|[123]|Bytes:4
13:49:47.0 (22085277)|HEAP_ALLOCATE|[123]|Bytes:28
13:49:47.0 (22087973)|HEAP_ALLOCATE|[123]|Bytes:4
13:49:47.0 (22092065)|HEAP_ALLOCATE|[123]|Bytes:28
13:49:47.0 (22094837)|HEAP_ALLOCATE|[123]|Bytes:4
13:49:47.0 (22140806)|VARIABLE_ASSIGNMENT|[123]|this.wwwById|{"a0t0E0000004UTyQAM":{"Id":"a0t0E0000004UTyQAM","Project__c":"a0q0E0000008S3WQAU","Item__c":"a0A0E0000001PiqUAE","Hub_Building_Site__c":"a020E000000zFeUQAU","Actueel_aantal_palle (12 more) ...":0,"Name":"WWW-13537"},"a0t0E0000004NFcQAM":{"Id":"a0t0E0000004NFcQAM","Project__c":"a0q0E0000008S3bQAE","Item__c":"a0A0E0000001Pj0UAE","Hub_Building_Site__c":"a020E000000zEM2QAM","Actueel_aantal_palle (12 more) ...":0,"Name":"WWW-13490"},"a0t0E0000004NFXQA2":{"Id":"a0t0E0000004NFXQA2","Project__c":"a0q0E0000008S3WQAU","Item__c":"a0A0E0000001PiqUAE","Hub_Building_Site__c":"a020E000000zEM2QAM","Actueel_aantal_palle (12 more) ...":0,"Name":"WWW-13489"},"a0t0E0000004NFNQA2":{"Id":"a0t0E0000004NFNQA2","Project__c":"a0q0E0000008S3WQAU","Item__c":"a0A0E0000001PilUAE","Hub_Building_Site__c":"a020E000000zEM2QAM","Actueel_aantal_palle (12 more) ...":0,"Name":"WWW-13487"}}|0x4fc87d75
13:49:47.0 (22148215)|STATEMENT_EXECUTE|[155]
13:49:47.0 (22149800)|STATEMENT_EXECUTE|[156]
13:49:47.0 (22150943)|STATEMENT_EXECUTE|[184]
13:49:47.0 (22152006)|STATEMENT_EXECUTE|[185]
13:49:47.0 (22152917)|STATEMENT_EXECUTE|[195]
13:49:47.0 (22153821)|STATEMENT_EXECUTE|[203]
13:49:47.0 (22154744)|STATEMENT_EXECUTE|[211]
13:49:47.0 (22155673)|STATEMENT_EXECUTE|[219]
13:49:47.0 (22156720)|STATEMENT_EXECUTE|[228]
13:49:47.0 (22157634)|STATEMENT_EXECUTE|[236]
13:49:47.0 (22164219)|HEAP_ALLOCATE|[123]|Bytes:6
13:49:47.0 (22186565)|STATEMENT_EXECUTE|[163]
13:49:47.0 (22187921)|STATEMENT_EXECUTE|[164]
13:49:47.0 (22228317)|HEAP_ALLOCATE|[164]|Bytes:58
13:49:47.0 (22268874)|HEAP_ALLOCATE|[164]|Bytes:28
13:49:47.0 (22280657)|HEAP_ALLOCATE|[164]|Bytes:10
13:49:47.0 (22307065)|HEAP_ALLOCATE|[164]|Bytes:4
13:49:47.0 (22351032)|VARIABLE_ASSIGNMENT|[EXTERNAL]|this|{"wwwById":"0x5a255cb3"}|0x4fc87d75
13:49:47.0 (22355055)|STATEMENT_EXECUTE|[3]
13:49:47.0 (22359850)|STATEMENT_EXECUTE|[4]
13:49:47.0 (22360970)|STATEMENT_EXECUTE|[5]
13:49:47.0 (22375762)|HEAP_ALLOCATE|[5]|Bytes:4
13:49:47.0 (22464307)|VARIABLE_ASSIGNMENT|[5]|this.detail|{}|0x4fc87d75
13:49:47.0 (22467152)|STATEMENT_EXECUTE|[6]
13:49:47.0 (22516484)|VARIABLE_ASSIGNMENT|[EXTERNAL]|this|{"detail":"0x32008e8c","wwwById":"0x5a255cb3"}|0x4fc87d75
13:49:47.0 (22519865)|STATEMENT_EXECUTE|[21]
13:49:47.0 (22522892)|STATEMENT_EXECUTE|[22]
13:49:47.0 (22523890)|STATEMENT_EXECUTE|[23]
13:49:47.0 (22534125)|HEAP_ALLOCATE|[23]|Bytes:4
13:49:47.0 (22577571)|VARIABLE_ASSIGNMENT|[23]|this.www|{}|0x4fc87d75
13:49:47.0 (22580615)|STATEMENT_EXECUTE|[26]
13:49:47.0 (22799218)|VARIABLE_ASSIGNMENT|[6]|this.WWW__c|null|0x32008e8c
13:49:47.0 (22802342)|STATEMENT_EXECUTE|[7]
13:49:47.0 (22855761)|VARIABLE_ASSIGNMENT|[EXTERNAL]|this|{"detail":"0x32008e8c","www":"0x2cc17db1","wwwById":"0x5a255cb3"}|0x4fc87d75
13:49:47.0 (22904519)|VARIABLE_ASSIGNMENT|[7]|this.Project__c|null|0x32008e8c
13:49:47.0 (22907575)|STATEMENT_EXECUTE|[9]
13:49:47.0 (22980763)|VARIABLE_ASSIGNMENT|[164]|this.RecordTypeId|"01224000000Sn4PAAS"|0x32008e8c
13:49:47.0 (22984291)|STATEMENT_EXECUTE|[165]
13:49:47.0 (23030986)|VARIABLE_ASSIGNMENT|[EXTERNAL]|this|{"detail":"0x32008e8c","www":"0x2cc17db1","wwwById":"0x5a255cb3"}|0x4fc87d75
13:49:47.0 (23034850)|STATEMENT_EXECUTE|[3]
13:49:47.0 (23036635)|STATEMENT_EXECUTE|[4]
13:49:47.0 (23037655)|STATEMENT_EXECUTE|[9]
13:49:47.0 (23081006)|USER_DEBUG|[165]|DEBUG|01224000000Sn4PAAS
13:49:47.0 (23086290)|STATEMENT_EXECUTE|[166]
13:49:47.0 (23131923)|HEAP_ALLOCATE|[166]|Bytes:4
13:49:47.0 (23136964)|HEAP_ALLOCATE|[166]|Bytes:82
13:49:47.0 (23139940)|HEAP_ALLOCATE|[166]|Bytes:4
13:49:47.0 (23328493)|SOQL_EXECUTE_BEGIN|[166]|Aggregations:0|SELECT Id, Name, DeveloperName FROM RecordType WHERE sobjectType = 'WWW_detail__c'
13:49:47.0 (30089370)|SOQL_EXECUTE_END|[166]|Rows:5
13:49:47.0 (30103576)|HEAP_ALLOCATE|[166]|Bytes:24
13:49:47.0 (30122427)|HEAP_ALLOCATE|[166]|Bytes:371
13:49:47.0 (30156237)|HEAP_ALLOCATE|[166]|Bytes:24
13:49:47.0 (30193567)|HEAP_ALLOCATE|[166]|Bytes:16
13:49:47.0 (30201280)|HEAP_ALLOCATE|[166]|Bytes:4
13:49:47.0 (30207457)|HEAP_ALLOCATE|[166]|Bytes:16
13:49:47.0 (30210630)|HEAP_ALLOCATE|[166]|Bytes:4
13:49:47.0 (30214601)|HEAP_ALLOCATE|[166]|Bytes:16
13:49:47.0 (30217530)|HEAP_ALLOCATE|[166]|Bytes:4
13:49:47.0 (30221123)|HEAP_ALLOCATE|[166]|Bytes:16
13:49:47.0 (30223941)|HEAP_ALLOCATE|[166]|Bytes:4
13:49:47.0 (30227563)|HEAP_ALLOCATE|[166]|Bytes:16
13:49:47.0 (30230485)|HEAP_ALLOCATE|[166]|Bytes:4
13:49:47.0 (30236951)|VARIABLE_SCOPE_BEGIN|[166]|recByNames|Map<Id,RecordType>|true|false
13:49:47.0 (30264511)|VARIABLE_ASSIGNMENT|[166]|recByNames|{"01224000000Sn4NAAS":{"Id":"01224000000Sn4NAAS","Name":"Afleveren","DeveloperName":"Delivered_2_Project"},"01224000000Sn4OAAS":{"Id":"01224000000Sn4OAAS","Name":"Afroepen","DeveloperName":"Invoked"},"01224000000Sn4PAAS":{"Id":"01224000000Sn4PAAS","Name":"Afwijzen","DeveloperName":"Rejected"},"01224000000Sn4MAAS":{"Id":"01224000000Sn4MAAS","Name":"Ontvangen","DeveloperName":"Delivered_2_Hub"},"01224000000Sn4QAAS":{"Id":"01224000000Sn4QAAS","Name":"Verwachten","DeveloperName":"Reserved"}}|0x1f5584f0
13:49:47.0 (30318521)|VARIABLE_ASSIGNMENT|[EXTERNAL]|this|{"detail":"0x32008e8c","www":"0x2cc17db1","wwwById":"0x5a255cb3"}|0x4fc87d75
13:49:47.0 (30322462)|STATEMENT_EXECUTE|[3]
13:49:47.0 (30324919)|STATEMENT_EXECUTE|[4]
13:49:47.0 (30326061)|STATEMENT_EXECUTE|[9]
13:49:47.0 (30335956)|STATEMENT_EXECUTE|[168]
13:49:47.0 (30369831)|VARIABLE_ASSIGNMENT|[EXTERNAL]|this|{"detail":"0x32008e8c","www":"0x2cc17db1","wwwById":"0x5a255cb3"}|0x4fc87d75
13:49:47.0 (30372636)|STATEMENT_EXECUTE|[3]
13:49:47.0 (30374237)|STATEMENT_EXECUTE|[4]
13:49:47.0 (30375253)|STATEMENT_EXECUTE|[9]
13:49:47.0 (30413609)|HEAP_ALLOCATE|[169]|Bytes:7
13:49:47.0 (30467943)|VARIABLE_ASSIGNMENT|[EXTERNAL]|this|{"detail":"0x32008e8c","www":"0x2cc17db1","wwwById":"0x5a255cb3"}|0x4fc87d75
13:49:47.0 (30471306)|STATEMENT_EXECUTE|[3]
13:49:47.0 (30472877)|STATEMENT_EXECUTE|[4]
13:49:47.0 (30473875)|STATEMENT_EXECUTE|[9]
13:49:47.0 (30501790)|HEAP_ALLOCATE|[171]|Bytes:8
13:49:47.0 (30544793)|VARIABLE_ASSIGNMENT|[EXTERNAL]|this|{"detail":"0x32008e8c","www":"0x2cc17db1","wwwById":"0x5a255cb3"}|0x4fc87d75
13:49:47.0 (30547772)|STATEMENT_EXECUTE|[3]
13:49:47.0 (30549261)|STATEMENT_EXECUTE|[4]
13:49:47.0 (30550238)|STATEMENT_EXECUTE|[9]
13:49:47.0 (30564732)|HEAP_ALLOCATE|[173]|Bytes:15
13:49:47.0 (30602345)|VARIABLE_ASSIGNMENT|[EXTERNAL]|this|{"detail":"0x32008e8c","www":"0x2cc17db1","wwwById":"0x5a255cb3"}|0x4fc87d75
13:49:47.0 (30604860)|STATEMENT_EXECUTE|[3]
13:49:47.0 (30606283)|STATEMENT_EXECUTE|[4]
13:49:47.0 (30607229)|STATEMENT_EXECUTE|[9]
13:49:47.0 (30620165)|HEAP_ALLOCATE|[175]|Bytes:19
13:49:47.0 (30626542)|STATEMENT_EXECUTE|[177]
13:49:47.0 (30627788)|STATEMENT_EXECUTE|[178]
13:49:47.0 (30683755)|VARIABLE_ASSIGNMENT|[EXTERNAL]|this|{"detail":"0x32008e8c","www":"0x2cc17db1","wwwById":"0x5a255cb3"}|0x4fc87d75
13:49:47.0 (30696849)|VARIABLE_ASSIGNMENT|[EXTERNAL]|value|true
13:49:47.0 (30701615)|HEAP_ALLOCATE|[203]|Bytes:5
13:49:47.0 (30707600)|VARIABLE_ASSIGNMENT|[203]|this.rejected|true|0x4fc87d75
13:49:47.0 (30713536)|STATEMENT_EXECUTE|[181]
13:49:47.0 (30746134)|METHOD_ENTRY|[181]|01p2400000DUtXT|NewDeliveredExtension.getProjects()
13:49:47.0 (30759506)|VARIABLE_SCOPE_BEGIN|[139]|this|NewDeliveredExtension|true|false
13:49:47.0 (30787294)|VARIABLE_ASSIGNMENT|[139]|this|{"detail":"0x32008e8c","rejected":true,"www":"0x2cc17db1","wwwById":"0x5a255cb3"}|0x4fc87d75
13:49:47.0 (30793612)|STATEMENT_EXECUTE|[139]
13:49:47.0 (30794889)|STATEMENT_EXECUTE|[141]
13:49:47.0 (30799808)|HEAP_ALLOCATE|[141]|Bytes:4
13:49:47.0 (30823884)|VARIABLE_SCOPE_BEGIN|[141]|options|List<System.SelectOption>|true|false
13:49:47.0 (30847967)|HEAP_ALLOCATE|[EXTERNAL]|Bytes:4
13:49:47.0 (30855309)|VARIABLE_ASSIGNMENT|[141]|options|[]|0x236b5403
13:49:47.0 (30857380)|STATEMENT_EXECUTE|[142]
13:49:47.0 (30905993)|HEAP_ALLOCATE|[142]|Bytes:4
13:49:47.0 (30910783)|HEAP_ALLOCATE|[142]|Bytes:71
13:49:47.0 (30913409)|HEAP_ALLOCATE|[142]|Bytes:4
13:49:47.0 (31116390)|SOQL_EXECUTE_BEGIN|[142]|Aggregations:0|SELECT Id, Name FROM Projecten__c ORDER BY CreatedDate DESC NULLS FIRST
13:49:47.0 (32218097)|SOQL_EXECUTE_END|[142]|Rows:2
13:49:47.0 (32237598)|HEAP_ALLOCATE|[142]|Bytes:12
13:49:47.0 (32252100)|HEAP_ALLOCATE|[142]|Bytes:85
13:49:47.0 (32289481)|HEAP_ALLOCATE|[142]|Bytes:12
13:49:47.0 (32326114)|HEAP_ALLOCATE|[142]|Bytes:12
13:49:47.0 (32333906)|HEAP_ALLOCATE|[142]|Bytes:4
13:49:47.0 (32340805)|HEAP_ALLOCATE|[142]|Bytes:12
13:49:47.0 (32343728)|HEAP_ALLOCATE|[142]|Bytes:4
13:49:47.0 (32349613)|VARIABLE_SCOPE_BEGIN|[142]|prById|Map<Id,Projecten__c>|true|false
13:49:47.0 (32368010)|VARIABLE_ASSIGNMENT|[142]|prById|{"a0q0E0000008S3bQAE":{"Id":"a0q0E0000008S3bQAE","Name":"2165103"},"a0q0E0000008S3WQAU":{"Id":"a0q0E0000008S3WQAU","Name":"5700"}}|0x15087e1a
13:49:47.0 (32371497)|STATEMENT_EXECUTE|[143]
13:49:47.0 (32374273)|HEAP_ALLOCATE|[143]|Bytes:6
13:49:47.0 (32453134)|HEAP_ALLOCATE|[143]|Bytes:139
13:49:47.0 (32469088)|HEAP_ALLOCATE|[143]|Bytes:145
13:49:47.0 (32479312)|USER_DEBUG|[143]|DEBUG|prById{a0q0E0000008S3WQAU=Projecten__c:{Id=a0q0E0000008S3WQAU, Name=5700}, a0q0E0000008S3bQAE=Projecten__c:{Id=a0q0E0000008S3bQAE, Name=2165103}}
13:49:47.0 (32484285)|STATEMENT_EXECUTE|[144]
13:49:47.0 (32509014)|HEAP_ALLOCATE|[EXTERNAL]|Bytes:12
13:49:47.0 (32516785)|HEAP_ALLOCATE|[144]|Bytes:95
13:49:47.0 (32551615)|HEAP_ALLOCATE|[144]|Bytes:12
13:49:47.0 (32615620)|VARIABLE_ASSIGNMENT|[EXTERNAL]|this|{"detail":"0x32008e8c","rejected":true,"www":"0x2cc17db1","wwwById":"0x5a255cb3"}|0x4fc87d75
13:49:47.0 (32619474)|STATEMENT_EXECUTE|[3]
13:49:47.0 (32621701)|STATEMENT_EXECUTE|[4]
13:49:47.0 (32622751)|STATEMENT_EXECUTE|[9]
13:49:47.0 (32659728)|VARIABLE_ASSIGNMENT|[144]|this.Project__c|"a0q0E0000008S3bQAE"|0x32008e8c
13:49:47.0 (32681229)|HEAP_ALLOCATE|[EXTERNAL]|Bytes:12
13:49:47.0 (32687519)|HEAP_ALLOCATE|[145]|Bytes:95
13:49:47.0 (32820947)|HEAP_ALLOCATE|[145]|Bytes:5
13:49:47.0 (32834383)|HEAP_ALLOCATE|[145]|Bytes:12
13:49:47.0 (32841210)|VARIABLE_SCOPE_BEGIN|[145]|rec|Projecten__c|true|false
13:49:47.0 (32851354)|VARIABLE_ASSIGNMENT|[145]|rec|{"Id":"a0q0E0000008S3bQAE","Name":"2165103"}|0x6691243b
13:49:47.0 (32854558)|STATEMENT_EXECUTE|[145]
13:49:47.0 (32899561)|VARIABLE_ASSIGNMENT|[EXTERNAL]|this|{"detail":"0x32008e8c","rejected":true,"www":"0x2cc17db1","wwwById":"0x5a255cb3"}|0x4fc87d75
13:49:47.0 (32903312)|STATEMENT_EXECUTE|[21]
13:49:47.0 (32905370)|STATEMENT_EXECUTE|[22]
13:49:47.0 (32906471)|STATEMENT_EXECUTE|[26]
13:49:47.0 (32912517)|STATEMENT_EXECUTE|[146]
13:49:47.0 (32913637)|STATEMENT_EXECUTE|[147]
13:49:47.0 (32949940)|VARIABLE_ASSIGNMENT|[EXTERNAL]|this|{"detail":"0x32008e8c","rejected":true,"www":"0x2cc17db1","wwwById":"0x5a255cb3"}|0x4fc87d75
13:49:47.0 (32953005)|STATEMENT_EXECUTE|[21]
13:49:47.0 (32954723)|STATEMENT_EXECUTE|[22]
13:49:47.0 (32955712)|STATEMENT_EXECUTE|[26]
13:49:47.0 (33000106)|VARIABLE_ASSIGNMENT|[147]|this.Project__c|"a0q0E0000008S3bQAE"|0x2cc17db1
13:49:47.0 (33003752)|STATEMENT_EXECUTE|[150]
13:49:47.0 (33019673)|HEAP_ALLOCATE|[150]|Bytes:18
13:49:47.0 (33084806)|HEAP_ALLOCATE|[EXTERNAL]|Bytes:4
13:49:47.0 (33099021)|HEAP_ALLOCATE|[145]|Bytes:5
13:49:47.0 (33107412)|HEAP_ALLOCATE|[145]|Bytes:12
13:49:47.0 (33112454)|VARIABLE_SCOPE_BEGIN|[145]|rec|Projecten__c|true|false
13:49:47.0 (33122602)|VARIABLE_ASSIGNMENT|[145]|rec|{"Id":"a0q0E0000008S3WQAU","Name":"5700"}|0x4b42cf55
13:49:47.0 (33125190)|STATEMENT_EXECUTE|[145]
13:49:47.0 (33158231)|VARIABLE_ASSIGNMENT|[EXTERNAL]|this|{"detail":"0x32008e8c","rejected":true,"www":"0x2cc17db1","wwwById":"0x5a255cb3"}|0x4fc87d75
13:49:47.0 (33161292)|STATEMENT_EXECUTE|[21]
13:49:47.0 (33163130)|STATEMENT_EXECUTE|[22]
13:49:47.0 (33164146)|STATEMENT_EXECUTE|[26]
13:49:47.0 (33184459)|STATEMENT_EXECUTE|[146]
13:49:47.0 (33185931)|STATEMENT_EXECUTE|[150]
13:49:47.0 (33194031)|HEAP_ALLOCATE|[150]|Bytes:18
13:49:47.0 (33205874)|HEAP_ALLOCATE|[EXTERNAL]|Bytes:4
13:49:47.0 (33214750)|HEAP_ALLOCATE|[145]|Bytes:5
13:49:47.0 (33223475)|VARIABLE_ASSIGNMENT|[145]|rec|null|
13:49:47.0 (33226164)|STATEMENT_EXECUTE|[152]
13:49:47.0 (33229483)|METHOD_EXIT|[181]|01p2400000DUtXT|NewDeliveredExtension.getProjects()
13:49:47.36 (36042164)|SYSTEM_MODE_ENTER|true
13:49:47.36 (36079779)|HEAP_ALLOCATE|[EXTERNAL]|Bytes:38
13:49:47.36 (36084831)|HEAP_ALLOCATE|[EXTERNAL]|Bytes:7
13:49:47.36 (36092428)|SYSTEM_METHOD_ENTRY|[1]|PageMessagesComponentController.PageMessagesComponentController()
13:49:47.36 (36095432)|STATEMENT_EXECUTE|[1]
13:49:47.36 (36212663)|SYSTEM_MODE_ENTER|true
13:49:47.36 (36266409)|HEAP_ALLOCATE|[EXTERNAL]|Bytes:8
13:49:47.36 (36271882)|VARIABLE_SCOPE_BEGIN|[88]|this|ApexPage.PageMessagesComponentController|true|false
13:49:47.36 (36289456)|VARIABLE_ASSIGNMENT|[88]|this|{}|0x4bb20bcd
13:49:47.36 (36291819)|VARIABLE_SCOPE_BEGIN|[88]|escape|Boolean|false|false
13:49:47.36 (36299791)|VARIABLE_ASSIGNMENT|[88]|escape|null
13:49:47.36 (36431228)|SYSTEM_MODE_ENTER|true
13:49:47.36 (36455215)|HEAP_ALLOCATE|[EXTERNAL]|Bytes:8
13:49:47.36 (36459361)|VARIABLE_SCOPE_BEGIN|[2]|this|ApexPage.PageMessagesComponentController|true|false
13:49:47.36 (36472509)|VARIABLE_ASSIGNMENT|[2]|this|{}|0x4bb20bcd
13:49:47.0 (37157676)|SYSTEM_MODE_ENTER|true
13:49:47.0 (37181476)|HEAP_ALLOCATE|[EXTERNAL]|Bytes:80
13:49:47.0 (37224914)|VARIABLE_ASSIGNMENT|[EXTERNAL]|this|{"detail":"0x32008e8c","rejected":true,"www":"0x2cc17db1","wwwById":"0x5a255cb3"}|0x4fc87d75
13:49:47.0 (37230815)|STATEMENT_EXECUTE|[196]
13:49:47.0 (37234998)|STATEMENT_EXECUTE|[197]
13:49:47.0 (37236077)|STATEMENT_EXECUTE|[198]
13:49:47.0 (37241459)|HEAP_ALLOCATE|[198]|Bytes:5
13:49:47.0 (37247013)|VARIABLE_ASSIGNMENT|[198]|this.invoked|false|0x4fc87d75
13:49:47.0 (37249374)|STATEMENT_EXECUTE|[200]
13:49:47.0 (37304007)|SYSTEM_MODE_ENTER|true
13:49:47.0 (37323030)|HEAP_ALLOCATE|[EXTERNAL]|Bytes:80
13:49:47.0 (37358738)|VARIABLE_ASSIGNMENT|[EXTERNAL]|this|{"detail":"0x32008e8c","invoked":false,"rejected":true,"www":"0x2cc17db1","wwwById":"0x5a255cb3"}|0x4fc87d75
13:49:47.0 (37363437)|STATEMENT_EXECUTE|[229]
13:49:47.0 (37366844)|STATEMENT_EXECUTE|[230]
13:49:47.0 (37367992)|STATEMENT_EXECUTE|[231]
13:49:47.0 (37372218)|HEAP_ALLOCATE|[231]|Bytes:5
13:49:47.0 (37376970)|VARIABLE_ASSIGNMENT|[231]|this.delToHub|false|0x4fc87d75
13:49:47.0 (37378851)|STATEMENT_EXECUTE|[233]
13:49:47.0 (37424277)|SYSTEM_MODE_ENTER|true
13:49:47.0 (37440046)|HEAP_ALLOCATE|[EXTERNAL]|Bytes:80
13:49:47.0 (37473525)|VARIABLE_ASSIGNMENT|[EXTERNAL]|this|{"delToHub":false,"detail":"0x32008e8c","invoked":false,"rejected":true,"www":"0x2cc17db1","wwwById":"0x5a255cb3"}|0x4fc87d75
13:49:47.0 (37478629)|STATEMENT_EXECUTE|[204]
13:49:47.0 (37481404)|STATEMENT_EXECUTE|[205]
13:49:47.0 (37482597)|STATEMENT_EXECUTE|[208]
13:49:47.0 (37572567)|SYSTEM_MODE_ENTER|true
13:49:47.0 (37589410)|HEAP_ALLOCATE|[EXTERNAL]|Bytes:80
13:49:47.0 (37623504)|VARIABLE_ASSIGNMENT|[EXTERNAL]|this|{"delToHub":false,"detail":"0x32008e8c","invoked":false,"rejected":true,"www":"0x2cc17db1","wwwById":"0x5a255cb3"}|0x4fc87d75
13:49:47.0 (37627326)|STATEMENT_EXECUTE|[3]
13:49:47.0 (37629448)|STATEMENT_EXECUTE|[4]
13:49:47.0 (37630485)|STATEMENT_EXECUTE|[9]
13:49:47.0 (39836260)|SYSTEM_MODE_ENTER|true
13:49:47.0 (39861336)|HEAP_ALLOCATE|[EXTERNAL]|Bytes:80
13:49:47.0 (39903702)|VARIABLE_ASSIGNMENT|[EXTERNAL]|this|{"delToHub":false,"detail":"0x32008e8c","invoked":false,"rejected":true,"www":"0x2cc17db1","wwwById":"0x5a255cb3"}|0x4fc87d75
13:49:47.0 (39919845)|STATEMENT_EXECUTE|[220]
13:49:47.0 (39924690)|STATEMENT_EXECUTE|[221]
13:49:47.0 (39926058)|STATEMENT_EXECUTE|[222]
13:49:47.0 (39931639)|HEAP_ALLOCATE|[222]|Bytes:5
13:49:47.0 (39937709)|VARIABLE_ASSIGNMENT|[222]|this.delToProj|false|0x4fc87d75
13:49:47.0 (39939672)|STATEMENT_EXECUTE|[224]
13:49:47.0 (39993632)|SYSTEM_MODE_ENTER|true
13:49:47.0 (40012370)|HEAP_ALLOCATE|[EXTERNAL]|Bytes:80
13:49:47.0 (40049390)|VARIABLE_ASSIGNMENT|[EXTERNAL]|this|{"delToHub":false,"delToProj":false,"detail":"0x32008e8c","invoked":false,"rejected":true,"www":"0x2cc17db1","wwwById":"0x5a255cb3"}|0x4fc87d75
13:49:47.0 (40054740)|STATEMENT_EXECUTE|[212]
13:49:47.0 (40063366)|STATEMENT_EXECUTE|[213]
13:49:47.0 (40064721)|STATEMENT_EXECUTE|[214]
13:49:47.0 (40069500)|HEAP_ALLOCATE|[214]|Bytes:5
13:49:47.0 (40074912)|VARIABLE_ASSIGNMENT|[214]|this.reserved|false|0x4fc87d75
13:49:47.0 (40076873)|STATEMENT_EXECUTE|[216]
13:49:47.0 (40156952)|SYSTEM_MODE_ENTER|true
13:49:47.0 (40174598)|HEAP_ALLOCATE|[EXTERNAL]|Bytes:80
13:49:47.0 (40210080)|VARIABLE_ASSIGNMENT|[EXTERNAL]|this|{"delToHub":false,"delToProj":false,"detail":"0x32008e8c","invoked":false,"rejected":true,"reserved":false,"www":"0x2cc17db1","wwwById":"0x5a255cb3"}|0x4fc87d75
13:49:47.0 (40214714)|STATEMENT_EXECUTE|[21]
13:49:47.0 (40216904)|STATEMENT_EXECUTE|[22]
13:49:47.0 (40218032)|STATEMENT_EXECUTE|[26]
13:49:47.52 (52178561)|SYSTEM_MODE_ENTER|true
13:49:47.52 (52224706)|HEAP_ALLOCATE|[EXTERNAL]|Bytes:8
13:49:47.52 (52230286)|VARIABLE_SCOPE_BEGIN|[88]|this|ApexPage.PageMessagesComponentController|true|false
13:49:47.52 (52246765)|VARIABLE_ASSIGNMENT|[88]|this|{}|0x4bb20bcd
13:49:47.52 (52249329)|VARIABLE_SCOPE_BEGIN|[88]|escape|Boolean|false|false
13:49:47.52 (52252462)|VARIABLE_ASSIGNMENT|[88]|escape|null
13:49:47.52 (52348550)|SYSTEM_MODE_ENTER|true
13:49:47.52 (52371281)|HEAP_ALLOCATE|[EXTERNAL]|Bytes:8
13:49:47.52 (52375075)|VARIABLE_SCOPE_BEGIN|[2]|this|ApexPage.PageMessagesComponentController|true|false
13:49:47.52 (52387707)|VARIABLE_ASSIGNMENT|[2]|this|{}|0x4bb20bcd
13:49:47.0 (54877907)|SYSTEM_MODE_ENTER|true
13:49:47.0 (54904240)|HEAP_ALLOCATE|[EXTERNAL]|Bytes:80
13:49:47.0 (54910113)|VARIABLE_SCOPE_BEGIN|[48]|this|NewDeliveredExtension|true|false
13:49:47.0 (54950896)|VARIABLE_ASSIGNMENT|[48]|this|{"delToHub":false,"delToProj":false,"detail":"0x32008e8c","invoked":false,"rejected":true,"reserved":false,"www":"0x2cc17db1","wwwById":"0x5a255cb3"}|0x4fc87d75
13:49:47.0 (54958524)|STATEMENT_EXECUTE|[48]
13:49:47.0 (54960019)|STATEMENT_EXECUTE|[49]
13:49:47.0 (54964343)|HEAP_ALLOCATE|[49]|Bytes:4
13:49:47.0 (54984788)|VARIABLE_SCOPE_BEGIN|[49]|options|List<System.SelectOption>|true|false
13:49:47.0 (54997657)|HEAP_ALLOCATE|[EXTERNAL]|Bytes:4
13:49:47.0 (55004365)|VARIABLE_ASSIGNMENT|[49]|options|[]|0x489e2c9c
13:49:47.0 (55007355)|STATEMENT_EXECUTE|[50]
13:49:47.0 (55010276)|VARIABLE_SCOPE_BEGIN|[50]|i|Integer|false|false
13:49:47.0 (55012986)|HEAP_ALLOCATE|[50]|Bytes:4
13:49:47.0 (55017586)|VARIABLE_ASSIGNMENT|[50]|i|0
13:49:47.0 (55021645)|STATEMENT_EXECUTE|[50]
13:49:47.0 (55022901)|STATEMENT_EXECUTE|[51]
13:49:47.0 (55025078)|VARIABLE_SCOPE_BEGIN|[51]|j|Integer|false|false
13:49:47.0 (55026726)|HEAP_ALLOCATE|[51]|Bytes:4
13:49:47.0 (55029238)|VARIABLE_ASSIGNMENT|[51]|j|0
13:49:47.0 (55031456)|STATEMENT_EXECUTE|[51]
13:49:47.0 (55033248)|STATEMENT_EXECUTE|[52]
13:49:47.0 (55034297)|STATEMENT_EXECUTE|[53]
13:49:47.0 (55072243)|HEAP_ALLOCATE|[53]|Bytes:1
13:49:47.0 (55080818)|HEAP_ALLOCATE|[53]|Bytes:2
13:49:47.0 (55087691)|HEAP_ALLOCATE|[53]|Bytes:1
13:49:47.0 (55096950)|HEAP_ALLOCATE|[53]|Bytes:4
13:49:47.0 (55102264)|HEAP_ALLOCATE|[53]|Bytes:1
13:49:47.0 (55109475)|HEAP_ALLOCATE|[53]|Bytes:1
13:49:47.0 (55114284)|HEAP_ALLOCATE|[53]|Bytes:4
13:49:47.0 (55136208)|HEAP_ALLOCATE|[EXTERNAL]|Bytes:4
13:49:47.0 (55141993)|HEAP_ALLOCATE|[51]|Bytes:4
13:49:47.0 (55146926)|VARIABLE_ASSIGNMENT|[51]|j|30
13:49:47.0 (55149479)|STATEMENT_EXECUTE|[51]
13:49:47.0 (55151333)|STATEMENT_EXECUTE|[54]
13:49:47.0 (55152264)|STATEMENT_EXECUTE|[55]
13:49:47.0 (55170181)|HEAP_ALLOCATE|[55]|Bytes:1
13:49:47.0 (55176224)|HEAP_ALLOCATE|[55]|Bytes:1
13:49:47.0 (55182028)|HEAP_ALLOCATE|[55]|Bytes:2
13:49:47.0 (55187465)|HEAP_ALLOCATE|[55]|Bytes:4
13:49:47.0 (55192323)|HEAP_ALLOCATE|[55]|Bytes:1
13:49:47.0 (55199435)|HEAP_ALLOCATE|[55]|Bytes:2
13:49:47.0 (55204255)|HEAP_ALLOCATE|[55]|Bytes:4
13:49:47.0 (55216029)|HEAP_ALLOCATE|[EXTERNAL]|Bytes:4
13:49:47.0 (55220395)|HEAP_ALLOCATE|[51]|Bytes:4
13:49:47.0 (55224313)|VARIABLE_ASSIGNMENT|[51]|j|60
13:49:47.0 (55227372)|HEAP_ALLOCATE|[50]|Bytes:4
13:49:47.0 (55230079)|VARIABLE_ASSIGNMENT|[50]|i|1
13:49:47.0 (55231859)|STATEMENT_EXECUTE|[50]
13:49:47.0 (55233282)|STATEMENT_EXECUTE|[51]
13:49:47.0 (55235101)|VARIABLE_SCOPE_BEGIN|[51]|j|Integer|false|false
13:49:47.0 (55236964)|HEAP_ALLOCATE|[51]|Bytes:4
13:49:47.0 (55239272)|VARIABLE_ASSIGNMENT|[51]|j|0
13:49:47.0 (55240734)|STATEMENT_EXECUTE|[51]
13:49:47.0 (55241998)|STATEMENT_EXECUTE|[52]
13:49:47.0 (55242952)|STATEMENT_EXECUTE|[53]
13:49:47.0 (55249845)|HEAP_ALLOCATE|[53]|Bytes:1
13:49:47.0 (55257193)|HEAP_ALLOCATE|[53]|Bytes:1
13:49:47.0 (55262408)|HEAP_ALLOCATE|[53]|Bytes:4
13:49:47.0 (55266909)|HEAP_ALLOCATE|[53]|Bytes:1
13:49:47.0 (55273546)|HEAP_ALLOCATE|[53]|Bytes:1
13:49:47.0 (55278133)|HEAP_ALLOCATE|[53]|Bytes:4
13:49:47.0 (55283896)|HEAP_ALLOCATE|[EXTERNAL]|Bytes:4
13:49:47.0 (55287565)|HEAP_ALLOCATE|[51]|Bytes:4
13:49:47.0 (55290469)|VARIABLE_ASSIGNMENT|[51]|j|30
13:49:47.0 (55292243)|STATEMENT_EXECUTE|[51]
13:49:47.0 (55293594)|STATEMENT_EXECUTE|[54]
13:49:47.0 (55294520)|STATEMENT_EXECUTE|[55]
13:49:47.0 (55299822)|HEAP_ALLOCATE|[55]|Bytes:1
13:49:47.0 (55307161)|HEAP_ALLOCATE|[55]|Bytes:2
13:49:47.0 (55311889)|HEAP_ALLOCATE|[55]|Bytes:4
13:49:47.0 (55316396)|HEAP_ALLOCATE|[55]|Bytes:1
13:49:47.0 (55323144)|HEAP_ALLOCATE|[55]|Bytes:2
13:49:47.0 (55327687)|HEAP_ALLOCATE|[55]|Bytes:4
13:49:47.0 (55332284)|HEAP_ALLOCATE|[EXTERNAL]|Bytes:4
13:49:47.0 (55335401)|HEAP_ALLOCATE|[51]|Bytes:4
13:49:47.0 (55337937)|VARIABLE_ASSIGNMENT|[51]|j|60
13:49:47.0 (55339911)|HEAP_ALLOCATE|[50]|Bytes:4
13:49:47.0 (55342170)|VARIABLE_ASSIGNMENT|[50]|i|2
13:49:47.0 (55343828)|STATEMENT_EXECUTE|[50]
13:49:47.0 (55345111)|STATEMENT_EXECUTE|[51]
13:49:47.0 (55346738)|VARIABLE_SCOPE_BEGIN|[51]|j|Integer|false|false
13:49:47.0 (55348170)|HEAP_ALLOCATE|[51]|Bytes:4
13:49:47.0 (55350423)|VARIABLE_ASSIGNMENT|[51]|j|0
13:49:47.0 (55351881)|STATEMENT_EXECUTE|[51]
13:49:47.0 (55353061)|STATEMENT_EXECUTE|[52]
13:49:47.0 (55354104)|STATEMENT_EXECUTE|[53]
13:49:47.0 (55359271)|HEAP_ALLOCATE|[53]|Bytes:1
13:49:47.0 (55366475)|HEAP_ALLOCATE|[53]|Bytes:1
13:49:47.0 (55371207)|HEAP_ALLOCATE|[53]|Bytes:4
13:49:47.0 (55375627)|HEAP_ALLOCATE|[53]|Bytes:1
13:49:47.0 (55382339)|HEAP_ALLOCATE|[53]|Bytes:1
13:49:47.0 (55386814)|HEAP_ALLOCATE|[53]|Bytes:4
13:49:47.0 (55391283)|HEAP_ALLOCATE|[EXTERNAL]|Bytes:4
13:49:47.0 (55394588)|HEAP_ALLOCATE|[51]|Bytes:4
13:49:47.0 (55397067)|VARIABLE_ASSIGNMENT|[51]|j|30
13:49:47.0 (55398633)|STATEMENT_EXECUTE|[51]
13:49:47.0 (55399959)|STATEMENT_EXECUTE|[54]
13:49:47.0 (55400903)|STATEMENT_EXECUTE|[55]
13:49:47.0 (55406045)|HEAP_ALLOCATE|[55]|Bytes:1
13:49:47.0 (55413251)|HEAP_ALLOCATE|[55]|Bytes:2
13:49:47.0 (55417915)|HEAP_ALLOCATE|[55]|Bytes:4
13:49:47.0 (55422283)|HEAP_ALLOCATE|[55]|Bytes:1
13:49:47.0 (55428966)|HEAP_ALLOCATE|[55]|Bytes:2
13:49:47.0 (55433522)|HEAP_ALLOCATE|[55]|Bytes:4
13:49:47.0 (55437717)|HEAP_ALLOCATE|[EXTERNAL]|Bytes:4
13:49:47.0 (55440718)|HEAP_ALLOCATE|[51]|Bytes:4
13:49:47.0 (55443166)|VARIABLE_ASSIGNMENT|[51]|j|60
13:49:47.0 (55445028)|HEAP_ALLOCATE|[50]|Bytes:4
13:49:47.0 (55447217)|VARIABLE_ASSIGNMENT|[50]|i|3
13:49:47.0 (55448652)|STATEMENT_EXECUTE|[50]
13:49:47.0 (55449839)|STATEMENT_EXECUTE|[51]
13:49:47.0 (55451431)|VARIABLE_SCOPE_BEGIN|[51]|j|Integer|false|false
13:49:47.0 (55452735)|HEAP_ALLOCATE|[51]|Bytes:4
13:49:47.0 (55454994)|VARIABLE_ASSIGNMENT|[51]|j|0
13:49:47.0 (55456420)|STATEMENT_EXECUTE|[51]
13:49:47.0 (55457666)|STATEMENT_EXECUTE|[52]
13:49:47.0 (55458686)|STATEMENT_EXECUTE|[53]
13:49:47.0 (55463711)|HEAP_ALLOCATE|[53]|Bytes:1
13:49:47.0 (55470576)|HEAP_ALLOCATE|[53]|Bytes:1
13:49:47.0 (55475196)|HEAP_ALLOCATE|[53]|Bytes:4
13:49:47.0 (55479928)|HEAP_ALLOCATE|[53]|Bytes:1
13:49:47.0 (55486611)|HEAP_ALLOCATE|[53]|Bytes:1
13:49:47.0 (55491264)|HEAP_ALLOCATE|[53]|Bytes:4
13:49:47.0 (55495560)|HEAP_ALLOCATE|[EXTERNAL]|Bytes:4
13:49:47.0 (55498726)|HEAP_ALLOCATE|[51]|Bytes:4
13:49:47.0 (55501193)|VARIABLE_ASSIGNMENT|[51]|j|30
13:49:47.0 (55502755)|STATEMENT_EXECUTE|[51]
13:49:47.0 (55504090)|STATEMENT_EXECUTE|[54]
13:49:47.0 (55505012)|STATEMENT_EXECUTE|[55]
13:49:47.0 (55509978)|HEAP_ALLOCATE|[55]|Bytes:1
13:49:47.0 (55516951)|HEAP_ALLOCATE|[55]|Bytes:2
13:49:47.0 (55521775)|HEAP_ALLOCATE|[55]|Bytes:4
13:49:47.0 (55526246)|HEAP_ALLOCATE|[55]|Bytes:1
13:49:47.0 (55533032)|HEAP_ALLOCATE|[55]|Bytes:2
13:49:47.0 (55537556)|HEAP_ALLOCATE|[55]|Bytes:4
13:49:47.0 (55541661)|HEAP_ALLOCATE|[EXTERNAL]|Bytes:4
13:49:47.0 (55544663)|HEAP_ALLOCATE|[51]|Bytes:4
13:49:47.0 (55547151)|VARIABLE_ASSIGNMENT|[51]|j|60
13:49:47.0 (55549092)|HEAP_ALLOCATE|[50]|Bytes:4
13:49:47.0 (55551159)|VARIABLE_ASSIGNMENT|[50]|i|4
13:49:47.0 (55552765)|STATEMENT_EXECUTE|[50]
13:49:47.0 (55554001)|STATEMENT_EXECUTE|[51]
13:49:47.0 (55555513)|VARIABLE_SCOPE_BEGIN|[51]|j|Integer|false|false
13:49:47.0 (55556745)|HEAP_ALLOCATE|[51]|Bytes:4
13:49:47.0 (55558858)|VARIABLE_ASSIGNMENT|[51]|j|0
13:49:47.0 (55560205)|STATEMENT_EXECUTE|[51]
13:49:47.0 (55561483)|STATEMENT_EXECUTE|[52]
13:49:47.0 (55562412)|STATEMENT_EXECUTE|[53]
13:49:47.0 (55567457)|HEAP_ALLOCATE|[53]|Bytes:1
13:49:47.0 (55574502)|HEAP_ALLOCATE|[53]|Bytes:1
13:49:47.0 (55579166)|HEAP_ALLOCATE|[53]|Bytes:4
13:49:47.0 (55583656)|HEAP_ALLOCATE|[53]|Bytes:1
13:49:47.0 (55590328)|HEAP_ALLOCATE|[53]|Bytes:1
13:49:47.0 (55594821)|HEAP_ALLOCATE|[53]|Bytes:4
13:49:47.0 (55599141)|HEAP_ALLOCATE|[EXTERNAL]|Bytes:4
13:49:47.0 (55602326)|HEAP_ALLOCATE|[51]|Bytes:4
13:49:47.0 (55604746)|VARIABLE_ASSIGNMENT|[51]|j|30
13:49:47.0 (55606327)|STATEMENT_EXECUTE|[51]
13:49:47.0 (55607616)|STATEMENT_EXECUTE|[54]
13:49:47.0 (55608565)|STATEMENT_EXECUTE|[55]
13:49:47.0 (55613535)|HEAP_ALLOCATE|[55]|Bytes:1
13:49:47.0 (55620753)|HEAP_ALLOCATE|[55]|Bytes:2
13:49:47.0 (55625490)|HEAP_ALLOCATE|[55]|Bytes:4
13:49:47.0 (55629970)|HEAP_ALLOCATE|[55]|Bytes:1
13:49:47.0 (55636682)|HEAP_ALLOCATE|[55]|Bytes:2
13:49:47.0 (55641203)|HEAP_ALLOCATE|[55]|Bytes:4
13:49:47.0 (55645280)|HEAP_ALLOCATE|[EXTERNAL]|Bytes:4
13:49:47.0 (55648263)|HEAP_ALLOCATE|[51]|Bytes:4
13:49:47.0 (55650643)|VARIABLE_ASSIGNMENT|[51]|j|60
13:49:47.0 (55652531)|HEAP_ALLOCATE|[50]|Bytes:4
13:49:47.0 (55654830)|VARIABLE_ASSIGNMENT|[50]|i|5
13:49:47.0 (55656325)|STATEMENT_EXECUTE|[50]
13:49:47.0 (55657470)|STATEMENT_EXECUTE|[51]
13:49:47.0 (55659011)|VARIABLE_SCOPE_BEGIN|[51]|j|Integer|false|false
13:49:47.0 (55660317)|HEAP_ALLOCATE|[51]|Bytes:4
13:49:47.0 (55662524)|VARIABLE_ASSIGNMENT|[51]|j|0
13:49:47.0 (55663924)|STATEMENT_EXECUTE|[51]
13:49:47.0 (55665131)|STATEMENT_EXECUTE|[52]
13:49:47.0 (55666132)|STATEMENT_EXECUTE|[53]
13:49:47.0 (55671263)|HEAP_ALLOCATE|[53]|Bytes:1
13:49:47.0 (55678237)|HEAP_ALLOCATE|[53]|Bytes:1
13:49:47.0 (55682862)|HEAP_ALLOCATE|[53]|Bytes:4
13:49:47.0 (55687457)|HEAP_ALLOCATE|[53]|Bytes:1
13:49:47.0 (55694092)|HEAP_ALLOCATE|[53]|Bytes:1
13:49:47.0 (55698576)|HEAP_ALLOCATE|[53]|Bytes:4
13:49:47.0 (55702725)|HEAP_ALLOCATE|[EXTERNAL]|Bytes:4
13:49:47.0 (55706190)|HEAP_ALLOCATE|[51]|Bytes:4
13:49:47.0 (55708747)|VARIABLE_ASSIGNMENT|[51]|j|30
13:49:47.0 (55710357)|STATEMENT_EXECUTE|[51]
13:49:47.0 (55711611)|STATEMENT_EXECUTE|[54]
13:49:47.0 (55712540)|STATEMENT_EXECUTE|[55]
13:49:47.0 (55717456)|HEAP_ALLOCATE|[55]|Bytes:1
13:49:47.0 (55724513)|HEAP_ALLOCATE|[55]|Bytes:2
13:49:47.0 (55729322)|HEAP_ALLOCATE|[55]|Bytes:4
13:49:47.0 (55733801)|HEAP_ALLOCATE|[55]|Bytes:1
13:49:47.0 (55740557)|HEAP_ALLOCATE|[55]|Bytes:2
13:49:47.0 (55745055)|HEAP_ALLOCATE|[55]|Bytes:4
13:49:47.0 (55749194)|HEAP_ALLOCATE|[EXTERNAL]|Bytes:4
13:49:47.0 (55752088)|HEAP_ALLOCATE|[51]|Bytes:4
13:49:47.0 (55754526)|VARIABLE_ASSIGNMENT|[51]|j|60
13:49:47.0 (55756308)|HEAP_ALLOCATE|[50]|Bytes:4
13:49:47.0 (55758536)|VARIABLE_ASSIGNMENT|[50]|i|6
13:49:47.0 (55760132)|STATEMENT_EXECUTE|[50]
13:49:47.0 (55761528)|STATEMENT_EXECUTE|[51]
13:49:47.0 (55763112)|VARIABLE_SCOPE_BEGIN|[51]|j|Integer|false|false
13:49:47.0 (55764326)|HEAP_ALLOCATE|[51]|Bytes:4
13:49:47.0 (55766467)|VARIABLE_ASSIGNMENT|[51]|j|0
13:49:47.0 (55767901)|STATEMENT_EXECUTE|[51]
13:49:47.0 (55769125)|STATEMENT_EXECUTE|[52]
13:49:47.0 (55770062)|STATEMENT_EXECUTE|[53]
13:49:47.0 (55775185)|HEAP_ALLOCATE|[53]|Bytes:1
13:49:47.0 (55782202)|HEAP_ALLOCATE|[53]|Bytes:1
13:49:47.0 (55786900)|HEAP_ALLOCATE|[53]|Bytes:4
13:49:47.0 (55791293)|HEAP_ALLOCATE|[53]|Bytes:1
13:49:47.0 (55797969)|HEAP_ALLOCATE|[53]|Bytes:1
13:49:47.0 (55802638)|HEAP_ALLOCATE|[53]|Bytes:4
13:49:47.0 (55806903)|HEAP_ALLOCATE|[EXTERNAL]|Bytes:4
13:49:47.0 (55810024)|HEAP_ALLOCATE|[51]|Bytes:4
13:49:47.0 (55812629)|VARIABLE_ASSIGNMENT|[51]|j|30
13:49:47.0 (55814201)|STATEMENT_EXECUTE|[51]
13:49:47.0 (55815498)|STATEMENT_EXECUTE|[54]
13:49:47.0 (55816441)|STATEMENT_EXECUTE|[55]
13:49:47.0 (55821448)|HEAP_ALLOCATE|[55]|Bytes:1
13:49:47.0 (55828807)|HEAP_ALLOCATE|[55]|Bytes:2
13:49:47.0 (55833597)|HEAP_ALLOCATE|[55]|Bytes:4
13:49:47.0 (55838008)|HEAP_ALLOCATE|[55]|Bytes:1
13:49:47.0 (55844808)|HEAP_ALLOCATE|[55]|Bytes:2
13:49:47.0 (55849410)|HEAP_ALLOCATE|[55]|Bytes:4
13:49:47.0 (55853526)|HEAP_ALLOCATE|[EXTERNAL]|Bytes:4
13:49:47.0 (55856498)|HEAP_ALLOCATE|[51]|Bytes:4
13:49:47.0 (55858934)|VARIABLE_ASSIGNMENT|[51]|j|60
13:49:47.0 (55860712)|HEAP_ALLOCATE|[50]|Bytes:4
13:49:47.0 (55862986)|VARIABLE_ASSIGNMENT|[50]|i|7
13:49:47.0 (55864372)|STATEMENT_EXECUTE|[50]
13:49:47.0 (55865579)|STATEMENT_EXECUTE|[51]
13:49:47.0 (55867110)|VARIABLE_SCOPE_BEGIN|[51]|j|Integer|false|false
13:49:47.0 (55868360)|HEAP_ALLOCATE|[51]|Bytes:4
13:49:47.0 (55870474)|VARIABLE_ASSIGNMENT|[51]|j|0
13:49:47.0 (55871882)|STATEMENT_EXECUTE|[51]
13:49:47.0 (55873096)|STATEMENT_EXECUTE|[52]
13:49:47.0 (55874025)|STATEMENT_EXECUTE|[53]
13:49:47.0 (55879194)|HEAP_ALLOCATE|[53]|Bytes:1
13:49:47.0 (55886302)|HEAP_ALLOCATE|[53]|Bytes:1
13:49:47.0 (55891037)|HEAP_ALLOCATE|[53]|Bytes:4
13:49:47.0 (55895623)|HEAP_ALLOCATE|[53]|Bytes:1
13:49:47.0 (55902220)|HEAP_ALLOCATE|[53]|Bytes:1
13:49:47.0 (55906715)|HEAP_ALLOCATE|[53]|Bytes:4
13:49:47.0 (55910940)|HEAP_ALLOCATE|[EXTERNAL]|Bytes:4
13:49:47.0 (55913993)|HEAP_ALLOCATE|[51]|Bytes:4
13:49:47.0 (55916581)|VARIABLE_ASSIGNMENT|[51]|j|30
13:49:47.0 (55918218)|STATEMENT_EXECUTE|[51]
13:49:47.0 (55919578)|STATEMENT_EXECUTE|[54]
13:49:47.0 (55920605)|STATEMENT_EXECUTE|[55]
13:49:47.0 (55925519)|HEAP_ALLOCATE|[55]|Bytes:1
13:49:47.0 (55932556)|HEAP_ALLOCATE|[55]|Bytes:2
13:49:47.0 (55937255)|HEAP_ALLOCATE|[55]|Bytes:4
13:49:47.0 (55941557)|HEAP_ALLOCATE|[55]|Bytes:1
13:49:47.0 (55948285)|HEAP_ALLOCATE|[55]|Bytes:2
13:49:47.0 (55952774)|HEAP_ALLOCATE|[55]|Bytes:4
13:49:47.0 (55956901)|HEAP_ALLOCATE|[EXTERNAL]|Bytes:4
13:49:47.0 (55960105)|HEAP_ALLOCATE|[51]|Bytes:4
13:49:47.0 (55962511)|VARIABLE_ASSIGNMENT|[51]|j|60
13:49:47.0 (55964275)|HEAP_ALLOCATE|[50]|Bytes:4
13:49:47.0 (55966374)|VARIABLE_ASSIGNMENT|[50]|i|8
13:49:47.0 (55967775)|STATEMENT_EXECUTE|[50]
13:49:47.0 (55969153)|STATEMENT_EXECUTE|[51]
13:49:47.0 (55970625)|VARIABLE_SCOPE_BEGIN|[51]|j|Integer|false|false
13:49:47.0 (55972080)|HEAP_ALLOCATE|[51]|Bytes:4
13:49:47.0 (55974201)|VARIABLE_ASSIGNMENT|[51]|j|0
13:49:47.0 (55975598)|STATEMENT_EXECUTE|[51]
13:49:47.0 (55976841)|STATEMENT_EXECUTE|[52]
13:49:47.0 (55977788)|STATEMENT_EXECUTE|[53]
13:49:47.0 (55982906)|HEAP_ALLOCATE|[53]|Bytes:1
13:49:47.0 (55989937)|HEAP_ALLOCATE|[53]|Bytes:1
13:49:47.0 (55994699)|HEAP_ALLOCATE|[53]|Bytes:4
13:49:47.0 (55999062)|HEAP_ALLOCATE|[53]|Bytes:1
13:49:47.0 (56005737)|HEAP_ALLOCATE|[53]|Bytes:1
13:49:47.0 (56010809)|HEAP_ALLOCATE|[53]|Bytes:4
13:49:47.0 (56015001)|HEAP_ALLOCATE|[EXTERNAL]|Bytes:4
13:49:47.0 (56018039)|HEAP_ALLOCATE|[51]|Bytes:4
13:49:47.0 (56020454)|VARIABLE_ASSIGNMENT|[51]|j|30
13:49:47.0 (56021952)|STATEMENT_EXECUTE|[51]
13:49:47.0 (56023265)|STATEMENT_EXECUTE|[54]
13:49:47.0 (56024182)|STATEMENT_EXECUTE|[55]
13:49:47.0 (56029263)|HEAP_ALLOCATE|[55]|Bytes:1
13:49:47.0 (56036315)|HEAP_ALLOCATE|[55]|Bytes:2
13:49:47.0 (56041379)|HEAP_ALLOCATE|[55]|Bytes:4
13:49:47.0 (56045778)|HEAP_ALLOCATE|[55]|Bytes:1
13:49:47.0 (56052453)|HEAP_ALLOCATE|[55]|Bytes:2
13:49:47.0 (56060626)|HEAP_ALLOCATE|[55]|Bytes:4
13:49:47.0 (56065342)|HEAP_ALLOCATE|[EXTERNAL]|Bytes:4
13:49:47.0 (56068335)|HEAP_ALLOCATE|[51]|Bytes:4
13:49:47.0 (56071002)|VARIABLE_ASSIGNMENT|[51]|j|60
13:49:47.0 (56072769)|HEAP_ALLOCATE|[50]|Bytes:4
13:49:47.0 (56074930)|VARIABLE_ASSIGNMENT|[50]|i|9
13:49:47.0 (56076392)|STATEMENT_EXECUTE|[50]
13:49:47.0 (56077659)|STATEMENT_EXECUTE|[51]
13:49:47.0 (56079179)|VARIABLE_SCOPE_BEGIN|[51]|j|Integer|false|false
13:49:47.0 (56080430)|HEAP_ALLOCATE|[51]|Bytes:4
13:49:47.0 (56082568)|VARIABLE_ASSIGNMENT|[51]|j|0
13:49:47.0 (56083954)|STATEMENT_EXECUTE|[51]
13:49:47.0 (56085146)|STATEMENT_EXECUTE|[52]
13:49:47.0 (56086070)|STATEMENT_EXECUTE|[53]
13:49:47.0 (56091571)|HEAP_ALLOCATE|[53]|Bytes:1
13:49:47.0 (56098603)|HEAP_ALLOCATE|[53]|Bytes:1
13:49:47.0 (56103287)|HEAP_ALLOCATE|[53]|Bytes:4
13:49:47.0 (56108041)|HEAP_ALLOCATE|[53]|Bytes:1
13:49:47.0 (56114626)|HEAP_ALLOCATE|[53]|Bytes:1
13:49:47.0 (56119137)|HEAP_ALLOCATE|[53]|Bytes:4
13:49:47.0 (56123413)|HEAP_ALLOCATE|[EXTERNAL]|Bytes:4
13:49:47.0 (56126515)|HEAP_ALLOCATE|[51]|Bytes:4
13:49:47.0 (56128997)|VARIABLE_ASSIGNMENT|[51]|j|30
13:49:47.0 (56130624)|STATEMENT_EXECUTE|[51]
13:49:47.0 (56131892)|STATEMENT_EXECUTE|[54]
13:49:47.0 (56132818)|STATEMENT_EXECUTE|[55]
13:49:47.0 (56137846)|HEAP_ALLOCATE|[55]|Bytes:1
13:49:47.0 (56144819)|HEAP_ALLOCATE|[55]|Bytes:2
13:49:47.0 (56149525)|HEAP_ALLOCATE|[55]|Bytes:4
13:49:47.0 (56153930)|HEAP_ALLOCATE|[55]|Bytes:1
13:49:47.0 (56160694)|HEAP_ALLOCATE|[55]|Bytes:2
13:49:47.0 (56165162)|HEAP_ALLOCATE|[55]|Bytes:4
13:49:47.0 (56169348)|HEAP_ALLOCATE|[EXTERNAL]|Bytes:4
13:49:47.0 (56172325)|HEAP_ALLOCATE|[51]|Bytes:4
13:49:47.0 (56174777)|VARIABLE_ASSIGNMENT|[51]|j|60
13:49:47.0 (56176500)|HEAP_ALLOCATE|[50]|Bytes:4
13:49:47.0 (56178632)|VARIABLE_ASSIGNMENT|[50]|i|10
13:49:47.0 (56180164)|STATEMENT_EXECUTE|[50]
13:49:47.0 (56181403)|STATEMENT_EXECUTE|[51]
13:49:47.0 (56183010)|VARIABLE_SCOPE_BEGIN|[51]|j|Integer|false|false
13:49:47.0 (56184264)|HEAP_ALLOCATE|[51]|Bytes:4
13:49:47.0 (56186380)|VARIABLE_ASSIGNMENT|[51]|j|0
13:49:47.0 (56187776)|STATEMENT_EXECUTE|[51]
13:49:47.0 (56188973)|STATEMENT_EXECUTE|[52]
13:49:47.0 (56189893)|STATEMENT_EXECUTE|[53]
13:49:47.0 (56195170)|HEAP_ALLOCATE|[53]|Bytes:2
13:49:47.0 (56202111)|HEAP_ALLOCATE|[53]|Bytes:1
13:49:47.0 (56206859)|HEAP_ALLOCATE|[53]|Bytes:5
13:49:47.0 (56211240)|HEAP_ALLOCATE|[53]|Bytes:2
13:49:47.0 (56217859)|HEAP_ALLOCATE|[53]|Bytes:1
13:49:47.0 (56222370)|HEAP_ALLOCATE|[53]|Bytes:5
13:49:47.0 (56226549)|HEAP_ALLOCATE|[EXTERNAL]|Bytes:4
13:49:47.0 (56229620)|HEAP_ALLOCATE|[51]|Bytes:4
13:49:47.0 (56232024)|VARIABLE_ASSIGNMENT|[51]|j|30
13:49:47.0 (56233661)|STATEMENT_EXECUTE|[51]
13:49:47.0 (56234949)|STATEMENT_EXECUTE|[54]
13:49:47.0 (56235991)|STATEMENT_EXECUTE|[55]
13:49:47.0 (56241039)|HEAP_ALLOCATE|[55]|Bytes:2
13:49:47.0 (56248084)|HEAP_ALLOCATE|[55]|Bytes:2
13:49:47.0 (56253037)|HEAP_ALLOCATE|[55]|Bytes:5
13:49:47.0 (56257502)|HEAP_ALLOCATE|[55]|Bytes:2
13:49:47.0 (56264181)|HEAP_ALLOCATE|[55]|Bytes:2
13:49:47.0 (56268719)|HEAP_ALLOCATE|[55]|Bytes:5
13:49:47.0 (56272914)|HEAP_ALLOCATE|[EXTERNAL]|Bytes:4
13:49:47.0 (56275923)|HEAP_ALLOCATE|[51]|Bytes:4
13:49:47.0 (56278389)|VARIABLE_ASSIGNMENT|[51]|j|60
13:49:47.0 (56280136)|HEAP_ALLOCATE|[50]|Bytes:4
13:49:47.0 (56282285)|VARIABLE_ASSIGNMENT|[50]|i|11
13:49:47.0 (56283688)|STATEMENT_EXECUTE|[50]
13:49:47.0 (56284898)|STATEMENT_EXECUTE|[51]
13:49:47.0 (56286389)|VARIABLE_SCOPE_BEGIN|[51]|j|Integer|false|false
13:49:47.0 (56287620)|HEAP_ALLOCATE|[51]|Bytes:4
13:49:47.0 (56289886)|VARIABLE_ASSIGNMENT|[51]|j|0
13:49:47.0 (56291337)|STATEMENT_EXECUTE|[51]
13:49:47.0 (56292584)|STATEMENT_EXECUTE|[52]
13:49:47.0 (56293513)|STATEMENT_EXECUTE|[53]
13:49:47.0 (56298705)|HEAP_ALLOCATE|[53]|Bytes:2
13:49:47.0 (56305662)|HEAP_ALLOCATE|[53]|Bytes:1
13:49:47.0 (56310336)|HEAP_ALLOCATE|[53]|Bytes:5
13:49:47.0 (56314816)|HEAP_ALLOCATE|[53]|Bytes:2
13:49:47.0 (56321525)|HEAP_ALLOCATE|[53]|Bytes:1
13:49:47.0 (56326124)|HEAP_ALLOCATE|[53]|Bytes:5
13:49:47.0 (56330440)|HEAP_ALLOCATE|[EXTERNAL]|Bytes:4
13:49:47.0 (56333878)|HEAP_ALLOCATE|[51]|Bytes:4
13:49:47.0 (56336349)|VARIABLE_ASSIGNMENT|[51]|j|30
13:49:47.0 (56337866)|STATEMENT_EXECUTE|[51]
13:49:47.0 (56339144)|STATEMENT_EXECUTE|[54]
13:49:47.0 (56340066)|STATEMENT_EXECUTE|[55]
13:49:47.0 (56345233)|HEAP_ALLOCATE|[55]|Bytes:2
13:49:47.0 (56352026)|HEAP_ALLOCATE|[55]|Bytes:2
13:49:47.0 (56356702)|HEAP_ALLOCATE|[55]|Bytes:5
13:49:47.0 (56361127)|HEAP_ALLOCATE|[55]|Bytes:2
13:49:47.0 (56367851)|HEAP_ALLOCATE|[55]|Bytes:2
13:49:47.0 (56372395)|HEAP_ALLOCATE|[55]|Bytes:5
13:49:47.0 (56376561)|HEAP_ALLOCATE|[EXTERNAL]|Bytes:4
13:49:47.0 (56379507)|HEAP_ALLOCATE|[51]|Bytes:4
13:49:47.0 (56381970)|VARIABLE_ASSIGNMENT|[51]|j|60
13:49:47.0 (56383655)|HEAP_ALLOCATE|[50]|Bytes:4
13:49:47.0 (56385819)|VARIABLE_ASSIGNMENT|[50]|i|12
13:49:47.0 (56387255)|STATEMENT_EXECUTE|[50]
13:49:47.0 (56388595)|STATEMENT_EXECUTE|[51]
13:49:47.0 (56390349)|VARIABLE_SCOPE_BEGIN|[51]|j|Integer|false|false
13:49:47.0 (56391597)|HEAP_ALLOCATE|[51]|Bytes:4
13:49:47.0 (56393916)|VARIABLE_ASSIGNMENT|[51]|j|0
13:49:47.0 (56395292)|STATEMENT_EXECUTE|[51]
13:49:47.0 (56396506)|STATEMENT_EXECUTE|[52]
13:49:47.0 (56397495)|STATEMENT_EXECUTE|[53]
13:49:47.0 (56402692)|HEAP_ALLOCATE|[53]|Bytes:2
13:49:47.0 (56409801)|HEAP_ALLOCATE|[53]|Bytes:1
13:49:47.0 (56414432)|HEAP_ALLOCATE|[53]|Bytes:5
13:49:47.0 (56418769)|HEAP_ALLOCATE|[53]|Bytes:2
13:49:47.0 (56425398)|HEAP_ALLOCATE|[53]|Bytes:1
13:49:47.0 (56429887)|HEAP_ALLOCATE|[53]|Bytes:5
13:49:47.0 (56434137)|HEAP_ALLOCATE|[EXTERNAL]|Bytes:4
13:49:47.0 (56437185)|HEAP_ALLOCATE|[51]|Bytes:4
13:49:47.0 (56439596)|VARIABLE_ASSIGNMENT|[51]|j|30
13:49:47.0 (56441184)|STATEMENT_EXECUTE|[51]
13:49:47.0 (56442432)|STATEMENT_EXECUTE|[54]
13:49:47.0 (56443433)|STATEMENT_EXECUTE|[55]
13:49:47.0 (56448372)|HEAP_ALLOCATE|[55]|Bytes:2
13:49:47.0 (56455251)|HEAP_ALLOCATE|[55]|Bytes:2
13:49:47.0 (56460381)|HEAP_ALLOCATE|[55]|Bytes:5
13:49:47.0 (56464837)|HEAP_ALLOCATE|[55]|Bytes:2
13:49:47.0 (56471443)|HEAP_ALLOCATE|[55]|Bytes:2
13:49:47.0 (56475927)|HEAP_ALLOCATE|[55]|Bytes:5
13:49:47.0 (56480094)|HEAP_ALLOCATE|[EXTERNAL]|Bytes:4
13:49:47.0 (56483036)|HEAP_ALLOCATE|[51]|Bytes:4
13:49:47.0 (56485562)|VARIABLE_ASSIGNMENT|[51]|j|60
13:49:47.0 (56487312)|HEAP_ALLOCATE|[50]|Bytes:4
13:49:47.0 (56489494)|VARIABLE_ASSIGNMENT|[50]|i|13
13:49:47.0 (56490887)|STATEMENT_EXECUTE|[50]
13:49:47.0 (56492007)|STATEMENT_EXECUTE|[51]
13:49:47.0 (56493498)|VARIABLE_SCOPE_BEGIN|[51]|j|Integer|false|false
13:49:47.0 (56494717)|HEAP_ALLOCATE|[51]|Bytes:4
13:49:47.0 (56496935)|VARIABLE_ASSIGNMENT|[51]|j|0
13:49:47.0 (56498652)|STATEMENT_EXECUTE|[51]
13:49:47.0 (56499884)|STATEMENT_EXECUTE|[52]
13:49:47.0 (56500817)|STATEMENT_EXECUTE|[53]
13:49:47.0 (56505960)|HEAP_ALLOCATE|[53]|Bytes:2
13:49:47.0 (56512907)|HEAP_ALLOCATE|[53]|Bytes:1
13:49:47.0 (56517591)|HEAP_ALLOCATE|[53]|Bytes:5
13:49:47.0 (56521908)|HEAP_ALLOCATE|[53]|Bytes:2
13:49:47.0 (56528738)|HEAP_ALLOCATE|[53]|Bytes:1
13:49:47.0 (56533324)|HEAP_ALLOCATE|[53]|Bytes:5
13:49:47.0 (56537533)|HEAP_ALLOCATE|[EXTERNAL]|Bytes:4
13:49:47.0 (56540657)|HEAP_ALLOCATE|[51]|Bytes:4
13:49:47.0 (56543125)|VARIABLE_ASSIGNMENT|[51]|j|30
13:49:47.0 (56544668)|STATEMENT_EXECUTE|[51]
13:49:47.0 (56545904)|STATEMENT_EXECUTE|[54]
13:49:47.0 (56546826)|STATEMENT_EXECUTE|[55]
13:49:47.0 (56551870)|HEAP_ALLOCATE|[55]|Bytes:2
13:49:47.0 (56558816)|HEAP_ALLOCATE|[55]|Bytes:2
13:49:47.0 (56563657)|HEAP_ALLOCATE|[55]|Bytes:5
13:49:47.0 (56568103)|HEAP_ALLOCATE|[55]|Bytes:2
13:49:47.0 (56574850)|HEAP_ALLOCATE|[55]|Bytes:2
13:49:47.0 (56579328)|HEAP_ALLOCATE|[55]|Bytes:5
13:49:47.0 (56583550)|HEAP_ALLOCATE|[EXTERNAL]|Bytes:4
13:49:47.0 (56586725)|HEAP_ALLOCATE|[51]|Bytes:4
13:49:47.0 (56589162)|VARIABLE_ASSIGNMENT|[51]|j|60
13:49:47.0 (56591030)|HEAP_ALLOCATE|[50]|Bytes:4
13:49:47.0 (56593182)|VARIABLE_ASSIGNMENT|[50]|i|14
13:49:47.0 (56594558)|STATEMENT_EXECUTE|[50]
13:49:47.0 (56595699)|STATEMENT_EXECUTE|[51]
13:49:47.0 (56597479)|VARIABLE_SCOPE_BEGIN|[51]|j|Integer|false|false
13:49:47.0 (56598692)|HEAP_ALLOCATE|[51]|Bytes:4
13:49:47.0 (56600890)|VARIABLE_ASSIGNMENT|[51]|j|0
13:49:47.0 (56602330)|STATEMENT_EXECUTE|[51]
13:49:47.0 (56603523)|STATEMENT_EXECUTE|[52]
13:49:47.0 (56604557)|STATEMENT_EXECUTE|[53]
13:49:47.0 (56609726)|HEAP_ALLOCATE|[53]|Bytes:2
13:49:47.0 (56616859)|HEAP_ALLOCATE|[53]|Bytes:1
13:49:47.0 (56621488)|HEAP_ALLOCATE|[53]|Bytes:5
13:49:47.0 (56625882)|HEAP_ALLOCATE|[53]|Bytes:2
13:49:47.0 (56632612)|HEAP_ALLOCATE|[53]|Bytes:1
13:49:47.0 (56637076)|HEAP_ALLOCATE|[53]|Bytes:5
13:49:47.0 (56641357)|HEAP_ALLOCATE|[EXTERNAL]|Bytes:4
13:49:47.0 (56644358)|HEAP_ALLOCATE|[51]|Bytes:4
13:49:47.0 (56646704)|VARIABLE_ASSIGNMENT|[51]|j|30
13:49:47.0 (56648201)|STATEMENT_EXECUTE|[51]
13:49:47.0 (56649500)|STATEMENT_EXECUTE|[54]
13:49:47.0 (56650439)|STATEMENT_EXECUTE|[55]
13:49:47.0 (56655439)|HEAP_ALLOCATE|[55]|Bytes:2
13:49:47.0 (56662364)|HEAP_ALLOCATE|[55]|Bytes:2
13:49:47.0 (56667260)|HEAP_ALLOCATE|[55]|Bytes:5
13:49:47.0 (56671754)|HEAP_ALLOCATE|[55]|Bytes:2
13:49:47.0 (56678504)|HEAP_ALLOCATE|[55]|Bytes:2
13:49:47.0 (56683083)|HEAP_ALLOCATE|[55]|Bytes:5
13:49:47.0 (56687403)|HEAP_ALLOCATE|[EXTERNAL]|Bytes:4
13:49:47.0 (56690473)|HEAP_ALLOCATE|[51]|Bytes:4
13:49:47.0 (56692856)|VARIABLE_ASSIGNMENT|[51]|j|60
13:49:47.0 (56694598)|HEAP_ALLOCATE|[50]|Bytes:4
13:49:47.0 (56696774)|VARIABLE_ASSIGNMENT|[50]|i|15
13:49:47.0 (56698182)|STATEMENT_EXECUTE|[50]
13:49:47.0 (56699302)|STATEMENT_EXECUTE|[51]
13:49:47.0 (56700830)|VARIABLE_SCOPE_BEGIN|[51]|j|Integer|false|false
13:49:47.0 (56702089)|HEAP_ALLOCATE|[51]|Bytes:4
13:49:47.0 (56704200)|VARIABLE_ASSIGNMENT|[51]|j|0
13:49:47.0 (56705601)|STATEMENT_EXECUTE|[51]
13:49:47.0 (56706864)|STATEMENT_EXECUTE|[52]
13:49:47.0 (56707794)|STATEMENT_EXECUTE|[53]
13:49:47.0 (56713102)|HEAP_ALLOCATE|[53]|Bytes:2
13:49:47.0 (56720047)|HEAP_ALLOCATE|[53]|Bytes:1
13:49:47.0 (56724779)|HEAP_ALLOCATE|[53]|Bytes:5
13:49:47.0 (56729183)|HEAP_ALLOCATE|[53]|Bytes:2
13:49:47.0 (56736065)|HEAP_ALLOCATE|[53]|Bytes:1
13:49:47.0 (56740536)|HEAP_ALLOCATE|[53]|Bytes:5
13:49:47.0 (56744848)|HEAP_ALLOCATE|[EXTERNAL]|Bytes:4
13:49:47.0 (56747918)|HEAP_ALLOCATE|[51]|Bytes:4
13:49:47.0 (56750325)|VARIABLE_ASSIGNMENT|[51]|j|30
13:49:47.0 (56751821)|STATEMENT_EXECUTE|[51]
13:49:47.0 (56753071)|STATEMENT_EXECUTE|[54]
13:49:47.0 (56754000)|STATEMENT_EXECUTE|[55]
13:49:47.0 (56758971)|HEAP_ALLOCATE|[55]|Bytes:2
13:49:47.0 (56765943)|HEAP_ALLOCATE|[55]|Bytes:2
13:49:47.0 (56770710)|HEAP_ALLOCATE|[55]|Bytes:5
13:49:47.0 (56775055)|HEAP_ALLOCATE|[55]|Bytes:2
13:49:47.0 (56781739)|HEAP_ALLOCATE|[55]|Bytes:2
13:49:47.0 (56786183)|HEAP_ALLOCATE|[55]|Bytes:5
13:49:47.0 (56790351)|HEAP_ALLOCATE|[EXTERNAL]|Bytes:4
13:49:47.0 (56793279)|HEAP_ALLOCATE|[51]|Bytes:4
13:49:47.0 (56795701)|VARIABLE_ASSIGNMENT|[51]|j|60
13:49:47.0 (56797429)|HEAP_ALLOCATE|[50]|Bytes:4
13:49:47.0 (56799562)|VARIABLE_ASSIGNMENT|[50]|i|16
13:49:47.0 (56801021)|STATEMENT_EXECUTE|[50]
13:49:47.0 (56802217)|STATEMENT_EXECUTE|[51]
13:49:47.0 (56803868)|VARIABLE_SCOPE_BEGIN|[51]|j|Integer|false|false
13:49:47.0 (56805103)|HEAP_ALLOCATE|[51]|Bytes:4
13:49:47.0 (56807234)|VARIABLE_ASSIGNMENT|[51]|j|0
13:49:47.0 (56808615)|STATEMENT_EXECUTE|[51]
13:49:47.0 (56809797)|STATEMENT_EXECUTE|[52]
13:49:47.0 (56810754)|STATEMENT_EXECUTE|[53]
13:49:47.0 (56816076)|HEAP_ALLOCATE|[53]|Bytes:2
13:49:47.0 (56823085)|HEAP_ALLOCATE|[53]|Bytes:1
13:49:47.0 (56827756)|HEAP_ALLOCATE|[53]|Bytes:5
13:49:47.0 (56832220)|HEAP_ALLOCATE|[53]|Bytes:2
13:49:47.0 (56838892)|HEAP_ALLOCATE|[53]|Bytes:1
13:49:47.0 (56843394)|HEAP_ALLOCATE|[53]|Bytes:5
13:49:47.0 (56847656)|HEAP_ALLOCATE|[EXTERNAL]|Bytes:4
13:49:47.0 (56850713)|HEAP_ALLOCATE|[51]|Bytes:4
13:49:47.0 (56853136)|VARIABLE_ASSIGNMENT|[51]|j|30
13:49:47.0 (56854630)|STATEMENT_EXECUTE|[51]
13:49:47.0 (56855845)|STATEMENT_EXECUTE|[54]
13:49:47.0 (56856761)|STATEMENT_EXECUTE|[55]
13:49:47.0 (56861638)|HEAP_ALLOCATE|[55]|Bytes:2
13:49:47.0 (56868638)|HEAP_ALLOCATE|[55]|Bytes:2
13:49:47.0 (56873300)|HEAP_ALLOCATE|[55]|Bytes:5
13:49:47.0 (56877988)|HEAP_ALLOCATE|[55]|Bytes:2
13:49:47.0 (56884723)|HEAP_ALLOCATE|[55]|Bytes:2
13:49:47.0 (56889257)|HEAP_ALLOCATE|[55]|Bytes:5
13:49:47.0 (56893548)|HEAP_ALLOCATE|[EXTERNAL]|Bytes:4
13:49:47.0 (56896593)|HEAP_ALLOCATE|[51]|Bytes:4
13:49:47.0 (56899016)|VARIABLE_ASSIGNMENT|[51]|j|60
13:49:47.0 (56900755)|HEAP_ALLOCATE|[50]|Bytes:4
13:49:47.0 (56902894)|VARIABLE_ASSIGNMENT|[50]|i|17
13:49:47.0 (56904292)|STATEMENT_EXECUTE|[50]
13:49:47.0 (56905536)|STATEMENT_EXECUTE|[51]
13:49:47.0 (56907141)|VARIABLE_SCOPE_BEGIN|[51]|j|Integer|false|false
13:49:47.0 (56908438)|HEAP_ALLOCATE|[51]|Bytes:4
13:49:47.0 (56910629)|VARIABLE_ASSIGNMENT|[51]|j|0
13:49:47.0 (56912045)|STATEMENT_EXECUTE|[51]
13:49:47.0 (56913235)|STATEMENT_EXECUTE|[52]
13:49:47.0 (56914197)|STATEMENT_EXECUTE|[53]
13:49:47.0 (56919383)|HEAP_ALLOCATE|[53]|Bytes:2
13:49:47.0 (56926402)|HEAP_ALLOCATE|[53]|Bytes:1
13:49:47.0 (56931218)|HEAP_ALLOCATE|[53]|Bytes:5
13:49:47.0 (56935696)|HEAP_ALLOCATE|[53]|Bytes:2
13:49:47.0 (56942670)|HEAP_ALLOCATE|[53]|Bytes:1
13:49:47.0 (56947148)|HEAP_ALLOCATE|[53]|Bytes:5
13:49:47.0 (56951417)|HEAP_ALLOCATE|[EXTERNAL]|Bytes:4
13:49:47.0 (56954498)|HEAP_ALLOCATE|[51]|Bytes:4
13:49:47.0 (56956882)|VARIABLE_ASSIGNMENT|[51]|j|30
13:49:47.0 (56958350)|STATEMENT_EXECUTE|[51]
13:49:47.0 (56959592)|STATEMENT_EXECUTE|[54]
13:49:47.0 (56960525)|STATEMENT_EXECUTE|[55]
13:49:47.0 (56965403)|HEAP_ALLOCATE|[55]|Bytes:2
13:49:47.0 (56972363)|HEAP_ALLOCATE|[55]|Bytes:2
13:49:47.0 (56977060)|HEAP_ALLOCATE|[55]|Bytes:5
13:49:47.0 (56981476)|HEAP_ALLOCATE|[55]|Bytes:2
13:49:47.0 (56988229)|HEAP_ALLOCATE|[55]|Bytes:2
13:49:47.0 (56992777)|HEAP_ALLOCATE|[55]|Bytes:5
13:49:47.0 (56996966)|HEAP_ALLOCATE|[EXTERNAL]|Bytes:4
13:49:47.0 (56999928)|HEAP_ALLOCATE|[51]|Bytes:4
13:49:47.0 (57002350)|VARIABLE_ASSIGNMENT|[51]|j|60
13:49:47.0 (57004575)|HEAP_ALLOCATE|[50]|Bytes:4
13:49:47.0 (57006717)|VARIABLE_ASSIGNMENT|[50]|i|18
13:49:47.0 (57008226)|STATEMENT_EXECUTE|[50]
13:49:47.0 (57009368)|STATEMENT_EXECUTE|[51]
13:49:47.0 (57010985)|VARIABLE_SCOPE_BEGIN|[51]|j|Integer|false|false
13:49:47.0 (57012430)|HEAP_ALLOCATE|[51]|Bytes:4
13:49:47.0 (57014545)|VARIABLE_ASSIGNMENT|[51]|j|0
13:49:47.0 (57015941)|STATEMENT_EXECUTE|[51]
13:49:47.0 (57017135)|STATEMENT_EXECUTE|[52]
13:49:47.0 (57018077)|STATEMENT_EXECUTE|[53]
13:49:47.0 (57023253)|HEAP_ALLOCATE|[53]|Bytes:2
13:49:47.0 (57030386)|HEAP_ALLOCATE|[53]|Bytes:1
13:49:47.0 (57035168)|HEAP_ALLOCATE|[53]|Bytes:5
13:49:47.0 (57039632)|HEAP_ALLOCATE|[53]|Bytes:2
13:49:47.0 (57046352)|HEAP_ALLOCATE|[53]|Bytes:1
13:49:47.0 (57050875)|HEAP_ALLOCATE|[53]|Bytes:5
13:49:47.0 (57055143)|HEAP_ALLOCATE|[EXTERNAL]|Bytes:4
13:49:47.0 (57068618)|HEAP_ALLOCATE|[51]|Bytes:4
13:49:47.0 (57071818)|VARIABLE_ASSIGNMENT|[51]|j|30
13:49:47.0 (57073533)|STATEMENT_EXECUTE|[51]
13:49:47.0 (57074984)|STATEMENT_EXECUTE|[54]
13:49:47.0 (57075894)|STATEMENT_EXECUTE|[55]
13:49:47.0 (57082278)|HEAP_ALLOCATE|[55]|Bytes:2
13:49:47.0 (57089559)|HEAP_ALLOCATE|[55]|Bytes:2
13:49:47.0 (57094412)|HEAP_ALLOCATE|[55]|Bytes:5
13:49:47.0 (57099345)|HEAP_ALLOCATE|[55]|Bytes:2
13:49:47.0 (57106054)|HEAP_ALLOCATE|[55]|Bytes:2
13:49:47.0 (57110626)|HEAP_ALLOCATE|[55]|Bytes:5
13:49:47.0 (57115321)|HEAP_ALLOCATE|[EXTERNAL]|Bytes:4
13:49:47.0 (57118463)|HEAP_ALLOCATE|[51]|Bytes:4
13:49:47.0 (57121067)|VARIABLE_ASSIGNMENT|[51]|j|60
13:49:47.0 (57122887)|HEAP_ALLOCATE|[50]|Bytes:4
13:49:47.0 (57125004)|VARIABLE_ASSIGNMENT|[50]|i|19
13:49:47.0 (57126519)|STATEMENT_EXECUTE|[50]
13:49:47.0 (57127800)|STATEMENT_EXECUTE|[51]
13:49:47.0 (57129297)|VARIABLE_SCOPE_BEGIN|[51]|j|Integer|false|false
13:49:47.0 (57130718)|HEAP_ALLOCATE|[51]|Bytes:4
13:49:47.0 (57132869)|VARIABLE_ASSIGNMENT|[51]|j|0
13:49:47.0 (57134225)|STATEMENT_EXECUTE|[51]
13:49:47.0 (57135403)|STATEMENT_EXECUTE|[52]
13:49:47.0 (57136337)|STATEMENT_EXECUTE|[53]
13:49:47.0 (57141779)|HEAP_ALLOCATE|[53]|Bytes:2
13:49:47.0 (57148746)|HEAP_ALLOCATE|[53]|Bytes:1
13:49:47.0 (57153541)|HEAP_ALLOCATE|[53]|Bytes:5
13:49:47.0 (57157933)|HEAP_ALLOCATE|[53]|Bytes:2
13:49:47.0 (57164957)|HEAP_ALLOCATE|[53]|Bytes:1
13:49:47.0 (57169472)|HEAP_ALLOCATE|[53]|Bytes:5
13:49:47.0 (57173866)|HEAP_ALLOCATE|[EXTERNAL]|Bytes:4
13:49:47.0 (57176971)|HEAP_ALLOCATE|[51]|Bytes:4
13:49:47.0 (57179374)|VARIABLE_ASSIGNMENT|[51]|j|30
13:49:47.0 (57181008)|STATEMENT_EXECUTE|[51]
13:49:47.0 (57182296)|STATEMENT_EXECUTE|[54]
13:49:47.0 (57183306)|STATEMENT_EXECUTE|[55]
13:49:47.0 (57188236)|HEAP_ALLOCATE|[55]|Bytes:2
13:49:47.0 (57195296)|HEAP_ALLOCATE|[55]|Bytes:2
13:49:47.0 (57199984)|HEAP_ALLOCATE|[55]|Bytes:5
13:49:47.0 (57204362)|HEAP_ALLOCATE|[55]|Bytes:2
13:49:47.0 (57211074)|HEAP_ALLOCATE|[55]|Bytes:2
13:49:47.0 (57215729)|HEAP_ALLOCATE|[55]|Bytes:5
13:49:47.0 (57219994)|HEAP_ALLOCATE|[EXTERNAL]|Bytes:4
13:49:47.0 (57223004)|HEAP_ALLOCATE|[51]|Bytes:4
13:49:47.0 (57225408)|VARIABLE_ASSIGNMENT|[51]|j|60
13:49:47.0 (57227121)|HEAP_ALLOCATE|[50]|Bytes:4
13:49:47.0 (57229258)|VARIABLE_ASSIGNMENT|[50]|i|20
13:49:47.0 (57230713)|STATEMENT_EXECUTE|[50]
13:49:47.0 (57231840)|STATEMENT_EXECUTE|[51]
13:49:47.0 (57233540)|VARIABLE_SCOPE_BEGIN|[51]|j|Integer|false|false
13:49:47.0 (57234815)|HEAP_ALLOCATE|[51]|Bytes:4
13:49:47.0 (57237011)|VARIABLE_ASSIGNMENT|[51]|j|0
13:49:47.0 (57238367)|STATEMENT_EXECUTE|[51]
13:49:47.0 (57239530)|STATEMENT_EXECUTE|[52]
13:49:47.0 (57240514)|STATEMENT_EXECUTE|[53]
13:49:47.0 (57245668)|HEAP_ALLOCATE|[53]|Bytes:2
13:49:47.0 (57252578)|HEAP_ALLOCATE|[53]|Bytes:1
13:49:47.0 (57257266)|HEAP_ALLOCATE|[53]|Bytes:5
13:49:47.0 (57261697)|HEAP_ALLOCATE|[53]|Bytes:2
13:49:47.0 (57268386)|HEAP_ALLOCATE|[53]|Bytes:1
13:49:47.0 (57272848)|HEAP_ALLOCATE|[53]|Bytes:5
13:49:47.0 (57277111)|HEAP_ALLOCATE|[EXTERNAL]|Bytes:4
13:49:47.0 (57280136)|HEAP_ALLOCATE|[51]|Bytes:4
13:49:47.0 (57282613)|VARIABLE_ASSIGNMENT|[51]|j|30
13:49:47.0 (57284168)|STATEMENT_EXECUTE|[51]
13:49:47.0 (57285527)|STATEMENT_EXECUTE|[54]
13:49:47.0 (57286445)|STATEMENT_EXECUTE|[55]
13:49:47.0 (57291608)|HEAP_ALLOCATE|[55]|Bytes:2
13:49:47.0 (57298573)|HEAP_ALLOCATE|[55]|Bytes:2
13:49:47.0 (57303349)|HEAP_ALLOCATE|[55]|Bytes:5
13:49:47.0 (57308104)|HEAP_ALLOCATE|[55]|Bytes:2
13:49:47.0 (57314768)|HEAP_ALLOCATE|[55]|Bytes:2
13:49:47.0 (57319307)|HEAP_ALLOCATE|[55]|Bytes:5
13:49:47.0 (57323570)|HEAP_ALLOCATE|[EXTERNAL]|Bytes:4
13:49:47.0 (57326644)|HEAP_ALLOCATE|[51]|Bytes:4
13:49:47.0 (57329071)|VARIABLE_ASSIGNMENT|[51]|j|60
13:49:47.0 (57330838)|HEAP_ALLOCATE|[50]|Bytes:4
13:49:47.0 (57332979)|VARIABLE_ASSIGNMENT|[50]|i|21
13:49:47.0 (57334465)|STATEMENT_EXECUTE|[50]
13:49:47.0 (57335593)|STATEMENT_EXECUTE|[51]
13:49:47.0 (57337078)|VARIABLE_SCOPE_BEGIN|[51]|j|Integer|false|false
13:49:47.0 (57338382)|HEAP_ALLOCATE|[51]|Bytes:4
13:49:47.0 (57340513)|VARIABLE_ASSIGNMENT|[51]|j|0
13:49:47.0 (57341970)|STATEMENT_EXECUTE|[51]
13:49:47.0 (57343145)|STATEMENT_EXECUTE|[52]
13:49:47.0 (57344096)|STATEMENT_EXECUTE|[53]
13:49:47.0 (57349170)|HEAP_ALLOCATE|[53]|Bytes:2
13:49:47.0 (57356272)|HEAP_ALLOCATE|[53]|Bytes:1
13:49:47.0 (57361012)|HEAP_ALLOCATE|[53]|Bytes:5
13:49:47.0 (57365421)|HEAP_ALLOCATE|[53]|Bytes:2
13:49:47.0 (57372058)|HEAP_ALLOCATE|[53]|Bytes:1
13:49:47.0 (57377212)|HEAP_ALLOCATE|[53]|Bytes:5
13:49:47.0 (57381516)|HEAP_ALLOCATE|[EXTERNAL]|Bytes:4
13:49:47.0 (57384471)|HEAP_ALLOCATE|[51]|Bytes:4
13:49:47.0 (57386885)|VARIABLE_ASSIGNMENT|[51]|j|30
13:49:47.0 (57388380)|STATEMENT_EXECUTE|[51]
13:49:47.0 (57389695)|STATEMENT_EXECUTE|[54]
13:49:47.0 (57390801)|STATEMENT_EXECUTE|[55]
13:49:47.0 (57395751)|HEAP_ALLOCATE|[55]|Bytes:2
13:49:47.0 (57402639)|HEAP_ALLOCATE|[55]|Bytes:2
13:49:47.0 (57407363)|HEAP_ALLOCATE|[55]|Bytes:5
13:49:47.0 (57411707)|HEAP_ALLOCATE|[55]|Bytes:2
13:49:47.0 (57418469)|HEAP_ALLOCATE|[55]|Bytes:2
13:49:47.0 (57423033)|HEAP_ALLOCATE|[55]|Bytes:5
13:49:47.0 (57427282)|HEAP_ALLOCATE|[EXTERNAL]|Bytes:4
13:49:47.0 (57430252)|HEAP_ALLOCATE|[51]|Bytes:4
13:49:47.0 (57432628)|VARIABLE_ASSIGNMENT|[51]|j|60
13:49:47.0 (57434357)|HEAP_ALLOCATE|[50]|Bytes:4
13:49:47.0 (57436410)|VARIABLE_ASSIGNMENT|[50]|i|22
13:49:47.0 (57437873)|STATEMENT_EXECUTE|[50]
13:49:47.0 (57438986)|STATEMENT_EXECUTE|[51]
13:49:47.0 (57440620)|VARIABLE_SCOPE_BEGIN|[51]|j|Integer|false|false
13:49:47.0 (57441846)|HEAP_ALLOCATE|[51]|Bytes:4
13:49:47.0 (57444110)|VARIABLE_ASSIGNMENT|[51]|j|0
13:49:47.0 (57445495)|STATEMENT_EXECUTE|[51]
13:49:47.0 (57446751)|STATEMENT_EXECUTE|[52]
13:49:47.0 (57447695)|STATEMENT_EXECUTE|[53]
13:49:47.0 (57452694)|HEAP_ALLOCATE|[53]|Bytes:2
13:49:47.0 (57459748)|HEAP_ALLOCATE|[53]|Bytes:1
13:49:47.0 (57464425)|HEAP_ALLOCATE|[53]|Bytes:5
13:49:47.0 (57468794)|HEAP_ALLOCATE|[53]|Bytes:2
13:49:47.0 (57475501)|HEAP_ALLOCATE|[53]|Bytes:1
13:49:47.0 (57480055)|HEAP_ALLOCATE|[53]|Bytes:5
13:49:47.0 (57484357)|HEAP_ALLOCATE|[EXTERNAL]|Bytes:4
13:49:47.0 (57487415)|HEAP_ALLOCATE|[51]|Bytes:4
13:49:47.0 (57489841)|VARIABLE_ASSIGNMENT|[51]|j|30
13:49:47.0 (57491333)|STATEMENT_EXECUTE|[51]
13:49:47.0 (57492662)|STATEMENT_EXECUTE|[54]
13:49:47.0 (57493586)|STATEMENT_EXECUTE|[55]
13:49:47.0 (57498571)|HEAP_ALLOCATE|[55]|Bytes:2
13:49:47.0 (57505530)|HEAP_ALLOCATE|[55]|Bytes:2
13:49:47.0 (57510322)|HEAP_ALLOCATE|[55]|Bytes:5
13:49:47.0 (57514889)|HEAP_ALLOCATE|[55]|Bytes:2
13:49:47.0 (57521539)|HEAP_ALLOCATE|[55]|Bytes:2
13:49:47.0 (57526062)|HEAP_ALLOCATE|[55]|Bytes:5
13:49:47.0 (57530352)|HEAP_ALLOCATE|[EXTERNAL]|Bytes:4
13:49:47.0 (57533437)|HEAP_ALLOCATE|[51]|Bytes:4
13:49:47.0 (57535907)|VARIABLE_ASSIGNMENT|[51]|j|60
13:49:47.0 (57537609)|HEAP_ALLOCATE|[50]|Bytes:4
13:49:47.0 (57539674)|VARIABLE_ASSIGNMENT|[50]|i|23
13:49:47.0 (57541106)|STATEMENT_EXECUTE|[50]
13:49:47.0 (57542223)|STATEMENT_EXECUTE|[51]
13:49:47.0 (57543669)|VARIABLE_SCOPE_BEGIN|[51]|j|Integer|false|false
13:49:47.0 (57544868)|HEAP_ALLOCATE|[51]|Bytes:4
13:49:47.0 (57547085)|VARIABLE_ASSIGNMENT|[51]|j|0
13:49:47.0 (57548441)|STATEMENT_EXECUTE|[51]
13:49:47.0 (57549713)|STATEMENT_EXECUTE|[52]
13:49:47.0 (57550654)|STATEMENT_EXECUTE|[53]
13:49:47.0 (57555771)|HEAP_ALLOCATE|[53]|Bytes:2
13:49:47.0 (57562870)|HEAP_ALLOCATE|[53]|Bytes:1
13:49:47.0 (57567534)|HEAP_ALLOCATE|[53]|Bytes:5
13:49:47.0 (57572070)|HEAP_ALLOCATE|[53]|Bytes:2
13:49:47.0 (57578719)|HEAP_ALLOCATE|[53]|Bytes:1
13:49:47.0 (57583541)|HEAP_ALLOCATE|[53]|Bytes:5
13:49:47.0 (57587837)|HEAP_ALLOCATE|[EXTERNAL]|Bytes:4
13:49:47.0 (57590924)|HEAP_ALLOCATE|[51]|Bytes:4
13:49:47.0 (57593600)|VARIABLE_ASSIGNMENT|[51]|j|30
13:49:47.0 (57595161)|STATEMENT_EXECUTE|[51]
13:49:47.0 (57596437)|STATEMENT_EXECUTE|[54]
13:49:47.0 (57597368)|STATEMENT_EXECUTE|[55]
13:49:47.0 (57602430)|HEAP_ALLOCATE|[55]|Bytes:2
13:49:47.0 (57609389)|HEAP_ALLOCATE|[55]|Bytes:2
13:49:47.0 (57614164)|HEAP_ALLOCATE|[55]|Bytes:5
13:49:47.0 (57618649)|HEAP_ALLOCATE|[55]|Bytes:2
13:49:47.0 (57625348)|HEAP_ALLOCATE|[55]|Bytes:2
13:49:47.0 (57629862)|HEAP_ALLOCATE|[55]|Bytes:5
13:49:47.0 (57634085)|HEAP_ALLOCATE|[EXTERNAL]|Bytes:4
13:49:47.0 (57637064)|HEAP_ALLOCATE|[51]|Bytes:4
13:49:47.0 (57639524)|VARIABLE_ASSIGNMENT|[51]|j|60
13:49:47.0 (57641381)|HEAP_ALLOCATE|[50]|Bytes:4
13:49:47.0 (57643470)|VARIABLE_ASSIGNMENT|[50]|i|24
13:49:47.0 (57645183)|STATEMENT_EXECUTE|[59]
13:49:47.0 (57822418)|SYSTEM_MODE_ENTER|true
13:49:47.0 (57845723)|HEAP_ALLOCATE|[EXTERNAL]|Bytes:80
13:49:47.0 (57886959)|VARIABLE_ASSIGNMENT|[EXTERNAL]|this|{"delToHub":false,"delToProj":false,"detail":"0x32008e8c","invoked":false,"rejected":true,"reserved":false,"www":"0x2cc17db1","wwwById":"0x5a255cb3"}|0x4fc87d75
13:49:47.0 (57892640)|STATEMENT_EXECUTE|[62]
13:49:47.0 (57896685)|STATEMENT_EXECUTE|[64]
13:49:47.0 (57897844)|STATEMENT_EXECUTE|[65]
13:49:47.0 (57900619)|HEAP_ALLOCATE|[65]|Bytes:4
13:49:47.0 (57907722)|VARIABLE_ASSIGNMENT|[65]|this.selectedTime|"8:00"|0x4fc87d75
13:49:47.0 (57909908)|STATEMENT_EXECUTE|[67]
13:49:47.0 (58677532)|SYSTEM_MODE_ENTER|true
13:49:47.0 (58701860)|HEAP_ALLOCATE|[EXTERNAL]|Bytes:80
13:49:47.0 (58744475)|VARIABLE_ASSIGNMENT|[EXTERNAL]|this|{"delToHub":false,"delToProj":false,"detail":"0x32008e8c","invoked":false,"rejected":true,"reserved":false,"selectedTime":"8:00","www":"0x2cc17db1","wwwById":"0x5a255cb3"}|0x4fc87d75
13:49:47.0 (58750141)|STATEMENT_EXECUTE|[86]
13:49:47.0 (58754132)|STATEMENT_EXECUTE|[88]
13:49:47.0 (58755430)|STATEMENT_EXECUTE|[89]
13:49:47.0 (58761740)|VARIABLE_ASSIGNMENT|[89]|this.selectedTime4|"8:00"|0x4fc87d75
13:49:47.0 (58763958)|STATEMENT_EXECUTE|[91]
13:49:47.0 (67462865)|VF_SERIALIZE_VIEWSTATE_BEGIN|06624000003h0Dg
13:49:47.0 (71984111)|VF_SERIALIZE_VIEWSTATE_END
13:49:47.74 (74724236)|CUMULATIVE_LIMIT_USAGE
13:49:47.74 (74724236)|LIMIT_USAGE_FOR_NS|(default)|
  Number of SOQL queries: 3 out of 100
  Number of query rows: 11 out of 50000
  Number of SOSL queries: 0 out of 20
  Number of DML statements: 0 out of 150
  Number of DML rows: 0 out of 10000
  Maximum CPU time: 0 out of 10000
  Maximum heap size: 0 out of 6000000
  Number of callouts: 0 out of 100
  Number of Email Invocations: 0 out of 10
  Number of future calls: 0 out of 50
  Number of queueable jobs added to the queue: 0 out of 50
  Number of Mobile Apex push calls: 0 out of 10

13:49:47.74 (74724236)|CUMULATIVE_LIMIT_USAGE_END

13:49:47.0 (74754111)|CODE_UNIT_FINISHED|VF: /apex/New_delivered_detail
13:49:47.0 (75515440)|EXECUTION_FINISHED
