38.0 APEX_CODE,DEBUG;APEX_PROFILING,INFO;CALLOUT,INFO;DB,INFO;SYSTEM,DEBUG;VALIDATION,INFO;VISUALFORCE,INFO;WAVE,INFO;WORKFLOW,INFO
15:39:56.0 (271700)|USER_INFO|[EXTERNAL]|00524000001e3Uj|bedrijfsbureau@gsa.nl.sandbox|Midden-Europese standaardtijd|GMT+02:00
15:39:56.0 (293254)|EXECUTION_STARTED
15:39:56.0 (297042)|CODE_UNIT_STARTED|[EXTERNAL]|06624000003h0Dg|VF: /apex/New_delivered_detail
15:39:56.0 (701113)|VF_DESERIALIZE_VIEWSTATE_BEGIN|06624000003h0Dg
15:39:56.0 (12038857)|VF_DESERIALIZE_VIEWSTATE_END
15:39:56.13 (13119473)|SYSTEM_MODE_ENTER|true
15:39:56.13 (13809763)|SYSTEM_MODE_ENTER|true
15:39:56.0 (14043710)|SYSTEM_MODE_ENTER|true
15:39:56.0 (14314159)|SYSTEM_MODE_ENTER|true
15:39:56.0 (14432860)|SYSTEM_MODE_ENTER|true
15:39:56.0 (36704447)|SYSTEM_MODE_ENTER|true
15:39:56.0 (38301562)|SYSTEM_MODE_ENTER|true
15:39:56.0 (38415631)|SYSTEM_MODE_ENTER|true
15:39:56.0 (38482338)|SYSTEM_MODE_ENTER|true
15:39:56.0 (38568655)|SYSTEM_MODE_ENTER|true
15:39:56.0 (52599795)|SYSTEM_MODE_ENTER|true
15:39:56.0 (53921583)|SYSTEM_MODE_ENTER|true
15:39:56.65 (65155230)|SYSTEM_MODE_ENTER|true
15:39:56.0 (65553222)|SYSTEM_MODE_ENTER|true
15:39:56.0 (65605423)|SYSTEM_MODE_ENTER|true
15:39:56.0 (66135018)|SYSTEM_MODE_ENTER|true
15:39:56.0 (66195212)|SYSTEM_MODE_ENTER|true
15:39:56.0 (66239937)|SYSTEM_MODE_ENTER|true
15:39:56.0 (66282764)|SYSTEM_MODE_ENTER|true
15:39:56.0 (67046500)|USER_DEBUG|[335]|DEBUG|detail WWW_Detail__c:{WWW__c=a0t9E0000001c7AQAQ, Project__c=a0q9E0000006AJvQAM, RecordTypeId=01224000000Sn4MAAS, Number_Of_Items__c=100, Extra_Remarks__c=null, Location__c=a0B9E000000RDeTUAW, Arrival_Truck_On_Hub__c=2017-03-30 06:00:00, Einddatum_opslag__c=2017-06-22 06:00:00, Damage_Package__c=No}
15:39:56.0 (67797676)|USER_DEBUG|[426]|DEBUG|  detail.Arrival_Truck_On_Hub__c2017-03-30 06:00:00
15:39:56.0 (69386110)|USER_DEBUG|[492]|DEBUG|OBDEB locationWithSubs -->> 00A1 CBA
15:39:56.0 (69474950)|USER_DEBUG|[496]|DEBUG|OBDEB subLocsSelected -->> true
15:39:56.0 (69541252)|DML_BEGIN|[570]|Op:Insert|Type:WWW_Detail__c|Rows:1
15:39:56.0 (75666194)|CODE_UNIT_STARTED|[EXTERNAL]|01q2400000133Bx|WWWDetailTrigger on WWW_Detail trigger event BeforeInsert for [new]
15:39:56.0 (81766494)|SOQL_EXECUTE_BEGIN|[298]|Aggregations:0|SELECT Id FROM RecordType WHERE (DeveloperName = 'Invoked' AND SobjectType = 'WWW_detail__c')
15:39:56.0 (92456516)|SOQL_EXECUTE_END|[298]|Rows:1
15:39:56.0 (92861754)|SOQL_EXECUTE_BEGIN|[299]|Aggregations:0|SELECT Id, Curr_Items_To_Be_Delivered_On_Hub__c, Curr_Items_To_Be_Delivered_On_Project__c, Curr_Items_To_Invoke__c, Curr_Items_To_Invoke_Incl_Rejected__c FROM WWW__c WHERE id = :tmpVar1
15:39:56.0 (100678144)|SOQL_EXECUTE_END|[299]|Rows:1
15:39:56.101 (101002343)|CUMULATIVE_LIMIT_USAGE
15:39:56.101 (101002343)|LIMIT_USAGE_FOR_NS|(default)|
  Number of SOQL queries: 2 out of 100
  Number of query rows: 2 out of 50000
  Number of SOSL queries: 0 out of 20
  Number of DML statements: 1 out of 150
  Number of DML rows: 1 out of 10000
  Maximum CPU time: 0 out of 10000
  Maximum heap size: 0 out of 6000000
  Number of callouts: 0 out of 100
  Number of Email Invocations: 0 out of 10
  Number of future calls: 0 out of 50
  Number of queueable jobs added to the queue: 0 out of 50
  Number of Mobile Apex push calls: 0 out of 10

15:39:56.101 (101002343)|CUMULATIVE_LIMIT_USAGE_END

15:39:56.0 (101897988)|CODE_UNIT_FINISHED|WWWDetailTrigger on WWW_Detail trigger event BeforeInsert for [new]
15:39:56.0 (120570649)|CODE_UNIT_STARTED|[EXTERNAL]|Validation:WWW_Detail:new
15:39:56.0 (120581642)|VALIDATION_RULE|03d24000000aMzu|Afleveren_if_Compleet_Nee_set_mandatory
15:39:56.0 (121156583)|VALIDATION_FORMULA|IF( AND(RecordType.Name = '5 Delivered to Project',   ISPICKVAL(Compleet_klaargezet__c , 'Nee'),  ISBLANK(TEXT( Reden_niet_compleet_uigevoerd__c ))),true,false)|Reden_niet_compleet_uigevoerd__c=null , RecordType.Name=Ontvangen , Compleet_klaargezet__c=null
15:39:56.0 (121166306)|VALIDATION_PASS
15:39:56.0 (121169051)|VALIDATION_RULE|03d9E0000008jMe|Set_WWW_required
15:39:56.0 (121488538)|VALIDATION_FORMULA|AND(
  OR(
      $RecordType.Name = "Delivered_2_Project",
      $RecordType.Name = "Invoked",
      $RecordType.Name = "Rejected",
      $RecordType.Name = "Delivered_2_Hub"
  ),
  
  ISBLANK(WWW__c)
)|$RecordType.Name=Ontvangen , WWW__c=a0t9E0000001c7A
15:39:56.0 (121496447)|VALIDATION_PASS
15:39:56.0 (121534472)|CODE_UNIT_FINISHED|Validation:WWW_Detail:new
15:39:56.0 (155655468)|CODE_UNIT_STARTED|[EXTERNAL]|01q2400000133Bx|WWWDetailTrigger on WWW_Detail trigger event AfterInsert for [a0s9E0000001DeS]
15:39:56.0 (158457228)|SYSTEM_MODE_ENTER|false
15:39:56.0 (158476394)|SYSTEM_MODE_EXIT|false
15:39:56.0 (158863993)|SOQL_EXECUTE_BEGIN|[99]|Aggregations:0|SELECT Id, developerName FROM RecordType WHERE sObjectType = 'WWW_detail__c'
15:39:56.0 (161787887)|SOQL_EXECUTE_END|[99]|Rows:5
15:39:56.0 (162593688)|SOQL_EXECUTE_BEGIN|[112]|Aggregations:0|SELECT Id, Toename_Aantal_palletplaatsen1__c, Total_Items_Invoked__c, Total_Items_Delivered_Hub__c, Total_Items_Delivered_Project__c, Total_Items_Rejected_Hub__c, Total_Items_Rejected_Project__c, Total_Items_Reserved__c, Totale_afname_aantal_palletplaatsen1__c, Total1__c FROM WWW__c WHERE id = :tmpVar1
15:39:56.0 (164856389)|SOQL_EXECUTE_END|[112]|Rows:1
15:39:56.0 (165897028)|DML_BEGIN|[285]|Op:Update|Type:WWW__c|Rows:1
15:39:56.0 (184426968)|CODE_UNIT_STARTED|[EXTERNAL]|Workflow:01I24000001DBlX
15:39:56.0 (192782554)|WF_RULE_EVAL_BEGIN|Workflow
15:39:56.0 (192808517)|WF_CRITERIA_BEGIN|[WWW: WWW-13998 a0t9E0000001c7A]|Set unique field|01Q24000000bj9y|ON_ALL_CHANGES|0
15:39:56.0 (194560284)|WF_RULE_FILTER|[WWW : Created By not equal to ]
15:39:56.0 (194581016)|WF_RULE_EVAL_VALUE|00524000001e3Uj
15:39:56.0 (194584464)|WF_CRITERIA_END|true
15:39:56.0 (194987193)|WF_SPOOL_ACTION_BEGIN|Workflow
15:39:56.0 (195388763)|WF_ACTION| Field Update: 1;
15:39:56.0 (195392974)|WF_RULE_EVAL_END
15:39:56.0 (195435728)|WF_ACTIONS_END| Field Update: 1;
15:39:56.0 (195442965)|CODE_UNIT_FINISHED|Workflow:01I24000001DBlX
15:39:56.0 (203213646)|DML_END|[285]
15:39:56.0 (203820456)|SYSTEM_MODE_ENTER|false
15:39:56.0 (203844745)|SYSTEM_MODE_EXIT|false
15:39:56.203 (203868441)|CUMULATIVE_LIMIT_USAGE
15:39:56.203 (203868441)|LIMIT_USAGE_FOR_NS|(default)|
  Number of SOQL queries: 4 out of 100
  Number of query rows: 8 out of 50000
  Number of SOSL queries: 0 out of 20
  Number of DML statements: 2 out of 150
  Number of DML rows: 2 out of 10000
  Maximum CPU time: 0 out of 10000
  Maximum heap size: 0 out of 6000000
  Number of callouts: 0 out of 100
  Number of Email Invocations: 0 out of 10
  Number of future calls: 0 out of 50
  Number of queueable jobs added to the queue: 0 out of 50
  Number of Mobile Apex push calls: 0 out of 10

15:39:56.203 (203868441)|CUMULATIVE_LIMIT_USAGE_END

15:39:56.0 (204924127)|CODE_UNIT_FINISHED|WWWDetailTrigger on WWW_Detail trigger event AfterInsert for [a0s9E0000001DeS]
15:39:56.0 (205222209)|CODE_UNIT_STARTED|[EXTERNAL]|Workflow:01I24000001DBlW
15:39:56.0 (209254743)|WF_RULE_EVAL_BEGIN|Workflow
15:39:56.0 (209273247)|WF_CRITERIA_BEGIN|[WWW-Detail: WWW-D-12553 a0s9E0000001DeS]|Update_WWW_detail_1301240000002ByZ|01Q24000000bis4|ON_CREATE_ONLY|0
15:39:56.0 (209344943)|WF_FORMULA|Formula:ENCODED:[treatNullAsNull]true|Values:
15:39:56.0 (209348295)|WF_CRITERIA_END|true
15:39:56.0 (209760672)|WF_CRITERIA_BEGIN|[WWW-Detail: WWW-D-12553 a0s9E0000001DeS]|Change_number_of_items3012400000029op|01Q24000000bis9|ON_ALL_CHANGES|0
15:39:56.0 (209793386)|WF_FORMULA|Formula:ENCODED:[treatNullAsNull]true|Values:
15:39:56.0 (209795668)|WF_CRITERIA_END|true
15:39:56.0 (209809042)|WF_SPOOL_ACTION_BEGIN|Workflow
15:39:56.0 (209826293)|WF_ACTION| Flow Trigger: 2;
15:39:56.0 (209828848)|WF_RULE_EVAL_END
15:39:56.0 (210216330)|WF_FLOW_ACTION_BEGIN|09L24000000TtyF
15:39:56.210 (210267638)|FLOW_CREATE_INTERVIEW_BEGIN|00D9E000000D6H4|300240000004gz9|301240000002ByZ
15:39:56.210 (211435045)|FLOW_CREATE_INTERVIEW_END|57173f822a630dfde4de3dc7086a15b1f63d290-34cd|Update WWW detail 1
15:39:56.211 (211666495)|FLOW_START_INTERVIEWS_BEGIN|1
15:39:56.211 (212328292)|FLOW_START_INTERVIEW_BEGIN|57173f822a630dfde4de3dc7086a15b1f63d290-34cd|Update WWW detail 1
15:39:56.211 (227641671)|FLOW_START_INTERVIEW_END|57173f822a630dfde4de3dc7086a15b1f63d290-34cd|Update WWW detail 1
15:39:56.259 (259598801)|CODE_UNIT_STARTED|[EXTERNAL]|01q2400000133Bx|WWWDetailTrigger on WWW_Detail trigger event BeforeUpdate for [a0s9E0000001DeS]
15:39:56.259 (260268319)|SOQL_EXECUTE_BEGIN|[298]|Aggregations:0|SELECT Id FROM RecordType WHERE (DeveloperName = 'Invoked' AND SobjectType = 'WWW_detail__c')
15:39:56.259 (262108958)|SOQL_EXECUTE_END|[298]|Rows:1
15:39:56.259 (262384115)|SOQL_EXECUTE_BEGIN|[299]|Aggregations:0|SELECT Id, Curr_Items_To_Be_Delivered_On_Hub__c, Curr_Items_To_Be_Delivered_On_Project__c, Curr_Items_To_Invoke__c, Curr_Items_To_Invoke_Incl_Rejected__c FROM WWW__c WHERE id = :tmpVar1
15:39:56.259 (264795518)|SOQL_EXECUTE_END|[299]|Rows:1
15:39:56.264 (264935723)|CUMULATIVE_LIMIT_USAGE
15:39:56.264 (264935723)|LIMIT_USAGE_FOR_NS|(default)|
  Number of SOQL queries: 7 out of 100
  Number of query rows: 11 out of 50000
  Number of SOSL queries: 0 out of 20
  Number of DML statements: 3 out of 150
  Number of DML rows: 3 out of 10000
  Maximum CPU time: 0 out of 10000
  Maximum heap size: 0 out of 6000000
  Number of callouts: 0 out of 100
  Number of Email Invocations: 0 out of 10
  Number of future calls: 0 out of 50
  Number of queueable jobs added to the queue: 0 out of 50
  Number of Mobile Apex push calls: 0 out of 10

15:39:56.264 (264935723)|CUMULATIVE_LIMIT_USAGE_END

15:39:56.259 (265732604)|CODE_UNIT_FINISHED|WWWDetailTrigger on WWW_Detail trigger event BeforeUpdate for [a0s9E0000001DeS]
15:39:56.266 (266712099)|CODE_UNIT_STARTED|[EXTERNAL]|Validation:WWW_Detail:a0s9E0000001DeS
15:39:56.266 (266722598)|VALIDATION_RULE|03d24000000aMzu|Afleveren_if_Compleet_Nee_set_mandatory
15:39:56.266 (267103565)|VALIDATION_FORMULA|IF( AND(RecordType.Name = '5 Delivered to Project',   ISPICKVAL(Compleet_klaargezet__c , 'Nee'),  ISBLANK(TEXT( Reden_niet_compleet_uigevoerd__c ))),true,false)|Reden_niet_compleet_uigevoerd__c=null , RecordType.Name=Ontvangen , Compleet_klaargezet__c=null
15:39:56.266 (267111148)|VALIDATION_PASS
15:39:56.266 (267113023)|VALIDATION_RULE|03d9E0000008jMe|Set_WWW_required
15:39:56.266 (267299297)|VALIDATION_FORMULA|AND(
  OR(
      $RecordType.Name = "Delivered_2_Project",
      $RecordType.Name = "Invoked",
      $RecordType.Name = "Rejected",
      $RecordType.Name = "Delivered_2_Hub"
  ),
  
  ISBLANK(WWW__c)
)|$RecordType.Name=Ontvangen , WWW__c=a0t9E0000001c7A
15:39:56.266 (267304137)|VALIDATION_PASS
15:39:56.266 (267328544)|CODE_UNIT_FINISHED|Validation:WWW_Detail:a0s9E0000001DeS
15:39:56.274 (274389004)|CODE_UNIT_STARTED|[EXTERNAL]|01q2400000133Bx|WWWDetailTrigger on WWW_Detail trigger event AfterUpdate for [a0s9E0000001DeS]
15:39:56.274 (274557247)|CUMULATIVE_LIMIT_USAGE
15:39:56.274 (274557247)|LIMIT_USAGE_FOR_NS|(default)|
  Number of SOQL queries: 7 out of 100
  Number of query rows: 11 out of 50000
  Number of SOSL queries: 0 out of 20
  Number of DML statements: 3 out of 150
  Number of DML rows: 3 out of 10000
  Maximum CPU time: 0 out of 10000
  Maximum heap size: 0 out of 6000000
  Number of callouts: 0 out of 100
  Number of Email Invocations: 0 out of 10
  Number of future calls: 0 out of 50
  Number of queueable jobs added to the queue: 0 out of 50
  Number of Mobile Apex push calls: 0 out of 10

15:39:56.274 (274557247)|CUMULATIVE_LIMIT_USAGE_END

15:39:56.274 (275528202)|CODE_UNIT_FINISHED|WWWDetailTrigger on WWW_Detail trigger event AfterUpdate for [a0s9E0000001DeS]
15:39:56.302 (302573081)|CODE_UNIT_STARTED|[EXTERNAL]|01q2400000133Bx|WWWDetailTrigger on WWW_Detail trigger event BeforeUpdate for [a0s9E0000001DeS]
15:39:56.302 (302948762)|SOQL_EXECUTE_BEGIN|[298]|Aggregations:0|SELECT Id FROM RecordType WHERE (DeveloperName = 'Invoked' AND SobjectType = 'WWW_detail__c')
15:39:56.302 (304715704)|SOQL_EXECUTE_END|[298]|Rows:1
15:39:56.302 (304977215)|SOQL_EXECUTE_BEGIN|[299]|Aggregations:0|SELECT Id, Curr_Items_To_Be_Delivered_On_Hub__c, Curr_Items_To_Be_Delivered_On_Project__c, Curr_Items_To_Invoke__c, Curr_Items_To_Invoke_Incl_Rejected__c FROM WWW__c WHERE id = :tmpVar1
15:39:56.302 (307416530)|SOQL_EXECUTE_END|[299]|Rows:1
15:39:56.307 (307558663)|CUMULATIVE_LIMIT_USAGE
15:39:56.307 (307558663)|LIMIT_USAGE_FOR_NS|(default)|
  Number of SOQL queries: 10 out of 100
  Number of query rows: 14 out of 50000
  Number of SOSL queries: 0 out of 20
  Number of DML statements: 4 out of 150
  Number of DML rows: 4 out of 10000
  Maximum CPU time: 0 out of 10000
  Maximum heap size: 0 out of 6000000
  Number of callouts: 0 out of 100
  Number of Email Invocations: 0 out of 10
  Number of future calls: 0 out of 50
  Number of queueable jobs added to the queue: 0 out of 50
  Number of Mobile Apex push calls: 0 out of 10

15:39:56.307 (307558663)|CUMULATIVE_LIMIT_USAGE_END

15:39:56.302 (308328038)|CODE_UNIT_FINISHED|WWWDetailTrigger on WWW_Detail trigger event BeforeUpdate for [a0s9E0000001DeS]
15:39:56.309 (309377337)|CODE_UNIT_STARTED|[EXTERNAL]|Validation:WWW_Detail:a0s9E0000001DeS
15:39:56.309 (309390658)|VALIDATION_RULE|03d24000000aMzu|Afleveren_if_Compleet_Nee_set_mandatory
15:39:56.309 (309923671)|VALIDATION_FORMULA|IF( AND(RecordType.Name = '5 Delivered to Project',   ISPICKVAL(Compleet_klaargezet__c , 'Nee'),  ISBLANK(TEXT( Reden_niet_compleet_uigevoerd__c ))),true,false)|Reden_niet_compleet_uigevoerd__c=null , RecordType.Name=Ontvangen , Compleet_klaargezet__c=null
15:39:56.309 (309933443)|VALIDATION_PASS
15:39:56.309 (309936059)|VALIDATION_RULE|03d9E0000008jMe|Set_WWW_required
15:39:56.309 (310248407)|VALIDATION_FORMULA|AND(
  OR(
      $RecordType.Name = "Delivered_2_Project",
      $RecordType.Name = "Invoked",
      $RecordType.Name = "Rejected",
      $RecordType.Name = "Delivered_2_Hub"
  ),
  
  ISBLANK(WWW__c)
)|$RecordType.Name=Ontvangen , WWW__c=a0t9E0000001c7A
15:39:56.309 (310257039)|VALIDATION_PASS
15:39:56.309 (310288316)|CODE_UNIT_FINISHED|Validation:WWW_Detail:a0s9E0000001DeS
15:39:56.317 (317272655)|CODE_UNIT_STARTED|[EXTERNAL]|01q2400000133Bx|WWWDetailTrigger on WWW_Detail trigger event AfterUpdate for [a0s9E0000001DeS]
15:39:56.317 (317440856)|CUMULATIVE_LIMIT_USAGE
15:39:56.317 (317440856)|LIMIT_USAGE_FOR_NS|(default)|
  Number of SOQL queries: 10 out of 100
  Number of query rows: 14 out of 50000
  Number of SOSL queries: 0 out of 20
  Number of DML statements: 4 out of 150
  Number of DML rows: 4 out of 10000
  Maximum CPU time: 117 out of 10000
  Maximum heap size: 0 out of 6000000
  Number of callouts: 0 out of 100
  Number of Email Invocations: 0 out of 10
  Number of future calls: 0 out of 50
  Number of queueable jobs added to the queue: 0 out of 50
  Number of Mobile Apex push calls: 0 out of 10

15:39:56.317 (317440856)|CUMULATIVE_LIMIT_USAGE_END

15:39:56.317 (318178294)|CODE_UNIT_FINISHED|WWWDetailTrigger on WWW_Detail trigger event AfterUpdate for [a0s9E0000001DeS]
15:39:56.343 (343760039)|CODE_UNIT_STARTED|[EXTERNAL]|01q2400000133Bx|WWWDetailTrigger on WWW_Detail trigger event BeforeUpdate for [a0s9E0000001DeS]
15:39:56.343 (344309402)|SOQL_EXECUTE_BEGIN|[298]|Aggregations:0|SELECT Id FROM RecordType WHERE (DeveloperName = 'Invoked' AND SobjectType = 'WWW_detail__c')
15:39:56.343 (346479699)|SOQL_EXECUTE_END|[298]|Rows:1
15:39:56.343 (346773132)|SOQL_EXECUTE_BEGIN|[299]|Aggregations:0|SELECT Id, Curr_Items_To_Be_Delivered_On_Hub__c, Curr_Items_To_Be_Delivered_On_Project__c, Curr_Items_To_Invoke__c, Curr_Items_To_Invoke_Incl_Rejected__c FROM WWW__c WHERE id = :tmpVar1
15:39:56.343 (349336919)|SOQL_EXECUTE_END|[299]|Rows:1
15:39:56.349 (349495945)|CUMULATIVE_LIMIT_USAGE
15:39:56.349 (349495945)|LIMIT_USAGE_FOR_NS|(default)|
  Number of SOQL queries: 13 out of 100
  Number of query rows: 17 out of 50000
  Number of SOSL queries: 0 out of 20
  Number of DML statements: 5 out of 150
  Number of DML rows: 5 out of 10000
  Maximum CPU time: 117 out of 10000
  Maximum heap size: 0 out of 6000000
  Number of callouts: 0 out of 100
  Number of Email Invocations: 0 out of 10
  Number of future calls: 0 out of 50
  Number of queueable jobs added to the queue: 0 out of 50
  Number of Mobile Apex push calls: 0 out of 10

15:39:56.349 (349495945)|CUMULATIVE_LIMIT_USAGE_END

15:39:56.343 (350690245)|CODE_UNIT_FINISHED|WWWDetailTrigger on WWW_Detail trigger event BeforeUpdate for [a0s9E0000001DeS]
15:39:56.351 (351668434)|CODE_UNIT_STARTED|[EXTERNAL]|Validation:WWW_Detail:a0s9E0000001DeS
15:39:56.351 (351680994)|VALIDATION_RULE|03d24000000aMzu|Afleveren_if_Compleet_Nee_set_mandatory
15:39:56.351 (352055016)|VALIDATION_FORMULA|IF( AND(RecordType.Name = '5 Delivered to Project',   ISPICKVAL(Compleet_klaargezet__c , 'Nee'),  ISBLANK(TEXT( Reden_niet_compleet_uigevoerd__c ))),true,false)|Reden_niet_compleet_uigevoerd__c=null , RecordType.Name=Ontvangen , Compleet_klaargezet__c=null
15:39:56.351 (352062207)|VALIDATION_PASS
15:39:56.351 (352063979)|VALIDATION_RULE|03d9E0000008jMe|Set_WWW_required
15:39:56.351 (352247787)|VALIDATION_FORMULA|AND(
  OR(
      $RecordType.Name = "Delivered_2_Project",
      $RecordType.Name = "Invoked",
      $RecordType.Name = "Rejected",
      $RecordType.Name = "Delivered_2_Hub"
  ),
  
  ISBLANK(WWW__c)
)|$RecordType.Name=Ontvangen , WWW__c=a0t9E0000001c7A
15:39:56.351 (352251833)|VALIDATION_PASS
15:39:56.351 (352276231)|CODE_UNIT_FINISHED|Validation:WWW_Detail:a0s9E0000001DeS
15:39:56.358 (358954742)|CODE_UNIT_STARTED|[EXTERNAL]|01q2400000133Bx|WWWDetailTrigger on WWW_Detail trigger event AfterUpdate for [a0s9E0000001DeS]
15:39:56.359 (359147571)|CUMULATIVE_LIMIT_USAGE
15:39:56.359 (359147571)|LIMIT_USAGE_FOR_NS|(default)|
  Number of SOQL queries: 13 out of 100
  Number of query rows: 17 out of 50000
  Number of SOSL queries: 0 out of 20
  Number of DML statements: 5 out of 150
  Number of DML rows: 5 out of 10000
  Maximum CPU time: 117 out of 10000
  Maximum heap size: 0 out of 6000000
  Number of callouts: 0 out of 100
  Number of Email Invocations: 0 out of 10
  Number of future calls: 0 out of 50
  Number of queueable jobs added to the queue: 0 out of 50
  Number of Mobile Apex push calls: 0 out of 10

15:39:56.359 (359147571)|CUMULATIVE_LIMIT_USAGE_END

15:39:56.358 (359889232)|CODE_UNIT_FINISHED|WWWDetailTrigger on WWW_Detail trigger event AfterUpdate for [a0s9E0000001DeS]
15:39:56.211 (360301584)|FLOW_START_INTERVIEWS_END|1
15:39:56.0 (361264980)|WF_FLOW_ACTION_END|09L24000000TtyF
15:39:56.0 (361279200)|WF_FLOW_ACTION_BEGIN|09L24000000TtyK
15:39:56.361 (361332340)|FLOW_CREATE_INTERVIEW_BEGIN|00D9E000000D6H4|300240000004gW2|3012400000029op
15:39:56.361 (362879239)|FLOW_CREATE_INTERVIEW_END|57183f822a630dfde4de3dc7086a15b1f63d290-34cc|Change number of items
15:39:56.363 (363085962)|FLOW_START_INTERVIEWS_BEGIN|1
15:39:56.363 (363741211)|FLOW_START_INTERVIEW_BEGIN|57183f822a630dfde4de3dc7086a15b1f63d290-34cc|Change number of items
15:39:56.363 (365670765)|FLOW_START_INTERVIEW_END|57183f822a630dfde4de3dc7086a15b1f63d290-34cc|Change number of items
15:39:56.363 (365676995)|FLOW_START_INTERVIEWS_END|1
15:39:56.0 (366143169)|WF_FLOW_ACTION_END|09L24000000TtyK
15:39:56.0 (366211700)|WF_ACTIONS_END| Flow Trigger: 2;
15:39:56.0 (366216788)|CODE_UNIT_FINISHED|Workflow:01I24000001DBlW
15:39:56.0 (366299666)|DML_END|[570]
15:39:56.0 (366533400)|USER_DEBUG|[571]|DEBUG|sublocations1 4 (SubLocation:[isChecked=true, sub=Location__c:{Name=00A1C, Id=a0B9E000000RDesUAG, RecordTypeId=01224000000B1zdAAC}], SubLocation:[isChecked=true, sub=Location__c:{Name=00A1B, Id=a0B9E000000RDenUAG, RecordTypeId=01224000000B1zdAAC}], SubLocation:[isChecked=false, sub=Location__c:{Name=00A1D, Id=a0B9E000000RDexUAG, RecordTypeId=01224000000B1zdAAC}], SubLocation:[isChecked=true, sub=Location__c:{Name=00A1A, Id=a0B9E000000RDeiUAG, RecordTypeId=01224000000B1zdAAC}])
15:39:56.0 (367029592)|USER_DEBUG|[578]|DEBUG|Sublocation 3 (SublocationDetail__c:{WWW_Detail__c=a0s9E0000001DeSQAU, Location__c=a0B9E000000RDesUAG}, SublocationDetail__c:{WWW_Detail__c=a0s9E0000001DeSQAU, Location__c=a0B9E000000RDenUAG}, SublocationDetail__c:{WWW_Detail__c=a0s9E0000001DeSQAU, Location__c=a0B9E000000RDeiUAG})
15:39:56.0 (367079516)|DML_BEGIN|[579]|Op:Insert|Type:SublocationDetail__c|Rows:3
15:39:56.0 (371352507)|CODE_UNIT_STARTED|[EXTERNAL]|01q2400000131KI|SubLocationDetailTrigger on SublocationDetail trigger event BeforeInsert for [new, new, new]
15:39:56.0 (375543665)|SYSTEM_MODE_ENTER|false
15:39:56.0 (375550527)|SYSTEM_MODE_EXIT|false
15:39:56.0 (375570258)|SYSTEM_MODE_ENTER|false
15:39:56.0 (375618029)|SYSTEM_MODE_EXIT|false
15:39:56.375 (375627585)|CUMULATIVE_LIMIT_USAGE
15:39:56.375 (375627585)|LIMIT_USAGE_FOR_NS|(default)|
  Number of SOQL queries: 13 out of 100
  Number of query rows: 17 out of 50000
  Number of SOSL queries: 0 out of 20
  Number of DML statements: 6 out of 150
  Number of DML rows: 8 out of 10000
  Maximum CPU time: 117 out of 10000
  Maximum heap size: 0 out of 6000000
  Number of callouts: 0 out of 100
  Number of Email Invocations: 0 out of 10
  Number of future calls: 0 out of 50
  Number of queueable jobs added to the queue: 0 out of 50
  Number of Mobile Apex push calls: 0 out of 10

15:39:56.375 (375627585)|CUMULATIVE_LIMIT_USAGE_END

15:39:56.0 (376689032)|CODE_UNIT_FINISHED|SubLocationDetailTrigger on SublocationDetail trigger event BeforeInsert for [new, new, new]
15:39:56.0 (407918063)|CODE_UNIT_STARTED|[EXTERNAL]|01q2400000131KI|SubLocationDetailTrigger on SublocationDetail trigger event AfterInsert for [a089E000000YidK, a089E000000YidL, a089E000000YidM]
15:39:56.0 (408474237)|SYSTEM_MODE_ENTER|false
15:39:56.0 (408621393)|USER_DEBUG|[38]|DEBUG|[****] upateSubLocation
15:39:56.0 (409312797)|SOQL_EXECUTE_BEGIN|[50]|Aggregations:0|SELECT Id FROM Location__c WHERE id = :tmpVar1
15:39:56.0 (418664816)|SOQL_EXECUTE_END|[50]|Rows:3
15:39:56.0 (419040951)|SOQL_EXECUTE_BEGIN|[51]|Aggregations:0|SELECT Id, Name, Location__c, Reserved__c, To_Sum__c, Number_of_items__c FROM SubLocationDetail__c WHERE Location__c = :tmpVar1
15:39:56.0 (446366934)|SOQL_EXECUTE_END|[51]|Rows:3
15:39:56.0 (447375560)|USER_DEBUG|[122]|DEBUG|upateSubLocation locationsToUpdate(Location__c:{Id=a0B9E000000RDeiUAG, RecordTypeId=01224000000B1zdAAC, Current_amount__c=100, Available_amount__c=null}, Location__c:{Id=a0B9E000000RDenUAG, RecordTypeId=01224000000B1zdAAC, Current_amount__c=100, Available_amount__c=null}, Location__c:{Id=a0B9E000000RDesUAG, RecordTypeId=01224000000B1zdAAC, Current_amount__c=100, Available_amount__c=null})
15:39:56.0 (447413859)|DML_BEGIN|[123]|Op:Update|Type:Location__c|Rows:3
15:39:56.0 (455579816)|CODE_UNIT_STARTED|[EXTERNAL]|01q24000000PhJS|LocationTrigger on Location trigger event BeforeUpdate for [a0B9E000000RDei, a0B9E000000RDen, a0B9E000000RDes]
15:39:56.0 (455826773)|SYSTEM_MODE_ENTER|true
15:39:56.0 (455856145)|SYSTEM_MODE_EXIT|true
15:39:56.458 (458556300)|CUMULATIVE_LIMIT_USAGE
15:39:56.458 (458556300)|LIMIT_USAGE_FOR_NS|(default)|
  Number of SOQL queries: 15 out of 100
  Number of query rows: 23 out of 50000
  Number of SOSL queries: 0 out of 20
  Number of DML statements: 7 out of 150
  Number of DML rows: 11 out of 10000
  Maximum CPU time: 117 out of 10000
  Maximum heap size: 0 out of 6000000
  Number of callouts: 0 out of 100
  Number of Email Invocations: 0 out of 10
  Number of future calls: 0 out of 50
  Number of queueable jobs added to the queue: 0 out of 50
  Number of Mobile Apex push calls: 0 out of 10

15:39:56.458 (458556300)|CUMULATIVE_LIMIT_USAGE_END

15:39:56.0 (459653378)|CODE_UNIT_FINISHED|LocationTrigger on Location trigger event BeforeUpdate for [a0B9E000000RDei, a0B9E000000RDen, a0B9E000000RDes]
15:39:56.0 (460258235)|CODE_UNIT_STARTED|[EXTERNAL]|Validation:Location:a0B9E000000RDei
15:39:56.0 (460265394)|VALIDATION_RULE|03d24000000aMAV|Amount_can_t_be_less_then_0
15:39:56.0 (460388209)|VALIDATION_FORMULA|OR( Available_amount__c <0,  Current_amount__c <0)|Current_amount__c=100 , Available_amount__c=null
15:39:56.0 (460392312)|VALIDATION_PASS
15:39:56.0 (460416797)|CODE_UNIT_FINISHED|Validation:Location:a0B9E000000RDei
15:39:56.0 (460433831)|CODE_UNIT_STARTED|[EXTERNAL]|Validation:Location:a0B9E000000RDen
15:39:56.0 (460437040)|VALIDATION_RULE|03d24000000aMAV|Amount_can_t_be_less_then_0
15:39:56.0 (460525230)|VALIDATION_FORMULA|OR( Available_amount__c <0,  Current_amount__c <0)|Current_amount__c=100 , Available_amount__c=null
15:39:56.0 (460528230)|VALIDATION_PASS
15:39:56.0 (460545051)|CODE_UNIT_FINISHED|Validation:Location:a0B9E000000RDen
15:39:56.0 (460559318)|CODE_UNIT_STARTED|[EXTERNAL]|Validation:Location:a0B9E000000RDes
15:39:56.0 (460562182)|VALIDATION_RULE|03d24000000aMAV|Amount_can_t_be_less_then_0
15:39:56.0 (460641996)|VALIDATION_FORMULA|OR( Available_amount__c <0,  Current_amount__c <0)|Current_amount__c=100 , Available_amount__c=null
15:39:56.0 (460645315)|VALIDATION_PASS
15:39:56.0 (460661277)|CODE_UNIT_FINISHED|Validation:Location:a0B9E000000RDes
15:39:56.0 (473679910)|CODE_UNIT_STARTED|[EXTERNAL]|01q24000000PhJS|LocationTrigger on Location trigger event AfterUpdate for [a0B9E000000RDei, a0B9E000000RDen, a0B9E000000RDes]
15:39:56.0 (473831230)|SYSTEM_MODE_ENTER|true
15:39:56.0 (473857211)|SYSTEM_MODE_EXIT|true
15:39:56.0 (474330361)|SOQL_EXECUTE_BEGIN|[88]|Aggregations:0|SELECT Id FROM Location__c WHERE id = :tmpVar1
15:39:56.0 (476517727)|SOQL_EXECUTE_END|[88]|Rows:1
15:39:56.0 (476959316)|SOQL_EXECUTE_BEGIN|[89]|Aggregations:0|SELECT Id, RecordType.DeveloperName, Location__c, Number_Of_Items__c FROM WWW_Detail__c WHERE ((RecordType.DeveloperName = 'Delivered_2_Hub' OR RecordType.DeveloperName = 'Delivered_2_Project') AND Location__c = :tmpVar1 AND IsDeleted = FALSE)
15:39:56.0 (480674321)|SOQL_EXECUTE_END|[89]|Rows:1
15:39:56.0 (481319507)|USER_DEBUG|[129]|DEBUG|parentLocations 1 {a0B9E000000RDeTUAW=Location__c:{Id=a0B9E000000RDeTUAW, RecordTypeId=01224000000B1zdAAC, Current_amount__c=100, Available_amount__c=0}}
15:39:56.0 (481373226)|DML_BEGIN|[130]|Op:Update|Type:Location__c|Rows:1
15:39:56.0 (485825726)|CODE_UNIT_STARTED|[EXTERNAL]|01q24000000PhJS|LocationTrigger on Location trigger event BeforeUpdate for [a0B9E000000RDeT]
15:39:56.0 (485942405)|SYSTEM_MODE_ENTER|true
15:39:56.0 (485963829)|SYSTEM_MODE_EXIT|true
15:39:56.485 (485982367)|CUMULATIVE_LIMIT_USAGE
15:39:56.485 (485982367)|LIMIT_USAGE_FOR_NS|(default)|
  Number of SOQL queries: 17 out of 100
  Number of query rows: 25 out of 50000
  Number of SOSL queries: 0 out of 20
  Number of DML statements: 8 out of 150
  Number of DML rows: 12 out of 10000
  Maximum CPU time: 117 out of 10000
  Maximum heap size: 0 out of 6000000
  Number of callouts: 0 out of 100
  Number of Email Invocations: 0 out of 10
  Number of future calls: 0 out of 50
  Number of queueable jobs added to the queue: 0 out of 50
  Number of Mobile Apex push calls: 0 out of 10

15:39:56.485 (485982367)|CUMULATIVE_LIMIT_USAGE_END

15:39:56.0 (487015293)|CODE_UNIT_FINISHED|LocationTrigger on Location trigger event BeforeUpdate for [a0B9E000000RDeT]
15:39:56.0 (487340027)|CODE_UNIT_STARTED|[EXTERNAL]|Validation:Location:a0B9E000000RDeT
15:39:56.0 (487345707)|VALIDATION_RULE|03d24000000aMAV|Amount_can_t_be_less_then_0
15:39:56.0 (487447838)|VALIDATION_FORMULA|OR( Available_amount__c <0,  Current_amount__c <0)|Current_amount__c=100 , Available_amount__c=0
15:39:56.0 (487451958)|VALIDATION_PASS
15:39:56.0 (487474318)|CODE_UNIT_FINISHED|Validation:Location:a0B9E000000RDeT
15:39:56.0 (495661008)|CODE_UNIT_STARTED|[EXTERNAL]|01q24000000PhJS|LocationTrigger on Location trigger event AfterUpdate for [a0B9E000000RDeT]
15:39:56.0 (495779307)|SYSTEM_MODE_ENTER|true
15:39:56.0 (495799988)|SYSTEM_MODE_EXIT|true
15:39:56.0 (496019140)|SOQL_EXECUTE_BEGIN|[88]|Aggregations:0|SELECT Id FROM Location__c WHERE id = :tmpVar1
15:39:56.0 (496871944)|SOQL_EXECUTE_END|[88]|Rows:0
15:39:56.0 (497216439)|SOQL_EXECUTE_BEGIN|[89]|Aggregations:0|SELECT Id, RecordType.DeveloperName, Location__c, Number_Of_Items__c FROM WWW_Detail__c WHERE ((RecordType.DeveloperName = 'Delivered_2_Hub' OR RecordType.DeveloperName = 'Delivered_2_Project') AND Location__c = :tmpVar1 AND IsDeleted = FALSE)
15:39:56.0 (498201527)|SOQL_EXECUTE_END|[89]|Rows:0
15:39:56.0 (498306087)|USER_DEBUG|[129]|DEBUG|parentLocations 0 {}
15:39:56.0 (500305207)|SOQL_EXECUTE_BEGIN|[33]|Aggregations:0|SELECT Id, Hub_Building_Site__r.Project__r.Account__c, OwnerId, Hub_Building_Site__c FROM Location__c WHERE id = :tmpVar1
15:39:56.0 (503221038)|SOQL_EXECUTE_END|[33]|Rows:1
15:39:56.0 (504599834)|SOQL_EXECUTE_BEGIN|[39]|Aggregations:0|SELECT Id, Account__c FROM AccountHub__c WHERE Hub_Building_Site__c = :tmpVar1
15:39:56.0 (506528264)|SOQL_EXECUTE_END|[39]|Rows:0
15:39:56.0 (506932151)|USER_DEBUG|[51]|DEBUG|accs {}
15:39:56.0 (507599077)|SOQL_EXECUTE_BEGIN|[52]|Aggregations:0|SELECT isActive, Id FROM User WHERE (AccountId__c = :tmpVar1 AND isActive = TRUE)
15:39:56.0 (508798061)|SOQL_EXECUTE_END|[52]|Rows:0
15:39:56.0 (508962148)|USER_DEBUG|[54]|DEBUG|users0 ()
15:39:56.0 (509286102)|SOQL_EXECUTE_BEGIN|[55]|Aggregations:0|SELECT ParentId, Id, UserOrGroupId FROM Location__Share WHERE ParentId = :tmpVar1
15:39:56.0 (511704291)|SOQL_EXECUTE_END|[55]|Rows:1
15:39:56.0 (511886290)|USER_DEBUG|[57]|DEBUG|1 (Location__Share:{ParentId=a0B9E000000RDeTUAW, Id=02c9E00000FUGF1QAP, UserOrGroupId=00524000001e3UjAAI})
15:39:56.0 (512173912)|USER_DEBUG|[67]|DEBUG|shareByUserByTicket1 {a0B9E000000RDeTUAW={}}
15:39:56.0 (512302582)|USER_DEBUG|[77]|DEBUG|add sharings 0 ()
15:39:56.0 (513229642)|SOQL_EXECUTE_BEGIN|[187]|Aggregations:0|SELECT Id, Name, Location__c, Location__r.Occupied__c, Location__r.Parent_Location__c, WWW_Detail__c FROM SublocationDetail__c WHERE Location__c = :tmpVar1
15:39:56.0 (515751136)|SOQL_EXECUTE_END|[187]|Rows:0
15:39:56.0 (516150892)|SOQL_EXECUTE_BEGIN|[141]|Aggregations:0|SELECT Id, Name, Project__c FROM WWW_Detail__c WHERE Id = :tmpVar1
15:39:56.0 (517014525)|SOQL_EXECUTE_END|[141]|Rows:0
15:39:56.517 (517196957)|CUMULATIVE_LIMIT_USAGE
15:39:56.517 (517196957)|LIMIT_USAGE_FOR_NS|(default)|
  Number of SOQL queries: 25 out of 100
  Number of query rows: 27 out of 50000
  Number of SOSL queries: 0 out of 20
  Number of DML statements: 8 out of 150
  Number of DML rows: 12 out of 10000
  Maximum CPU time: 117 out of 10000
  Maximum heap size: 0 out of 6000000
  Number of callouts: 0 out of 100
  Number of Email Invocations: 0 out of 10
  Number of future calls: 0 out of 50
  Number of queueable jobs added to the queue: 0 out of 50
  Number of Mobile Apex push calls: 0 out of 10

15:39:56.517 (517196957)|CUMULATIVE_LIMIT_USAGE_END

15:39:56.0 (518032293)|CODE_UNIT_FINISHED|LocationTrigger on Location trigger event AfterUpdate for [a0B9E000000RDeT]
15:39:56.0 (518618996)|DML_END|[130]
15:39:56.0 (518960164)|SOQL_EXECUTE_BEGIN|[33]|Aggregations:0|SELECT Id, Hub_Building_Site__r.Project__r.Account__c, OwnerId, Hub_Building_Site__c FROM Location__c WHERE id = :tmpVar1
15:39:56.0 (529343656)|SOQL_EXECUTE_END|[33]|Rows:3
15:39:56.0 (529732475)|SOQL_EXECUTE_BEGIN|[39]|Aggregations:0|SELECT Id, Account__c FROM AccountHub__c WHERE Hub_Building_Site__c = :tmpVar1
15:39:56.0 (531822965)|SOQL_EXECUTE_END|[39]|Rows:0
15:39:56.0 (532017830)|USER_DEBUG|[51]|DEBUG|accs {}
15:39:56.0 (532273206)|SOQL_EXECUTE_BEGIN|[52]|Aggregations:0|SELECT isActive, Id FROM User WHERE (AccountId__c = :tmpVar1 AND isActive = TRUE)
15:39:56.0 (533684154)|SOQL_EXECUTE_END|[52]|Rows:0
15:39:56.0 (533762194)|USER_DEBUG|[54]|DEBUG|users0 ()
15:39:56.0 (533976081)|SOQL_EXECUTE_BEGIN|[55]|Aggregations:0|SELECT ParentId, Id, UserOrGroupId FROM Location__Share WHERE ParentId = :tmpVar1
15:39:56.0 (556191117)|SOQL_EXECUTE_END|[55]|Rows:3
15:39:56.0 (556329483)|USER_DEBUG|[57]|DEBUG|3 (Location__Share:{ParentId=a0B9E000000RDeiUAG, Id=02c9E00000FUH2hQAH, UserOrGroupId=00524000001e3UjAAI}, Location__Share:{ParentId=a0B9E000000RDenUAG, Id=02c9E00000FUH3BQAX, UserOrGroupId=00524000001e3UjAAI}, Location__Share:{ParentId=a0B9E000000RDesUAG, Id=02c9E00000FUH3LQAX, UserOrGroupId=00524000001e3UjAAI})
15:39:56.0 (556507548)|USER_DEBUG|[67]|DEBUG|shareByUserByTicket3 {a0B9E000000RDeiUAG={}, a0B9E000000RDenUAG={}, a0B9E000000RDesUAG={}}
15:39:56.0 (556577005)|USER_DEBUG|[77]|DEBUG|add sharings 0 ()
15:39:56.0 (557297308)|SOQL_EXECUTE_BEGIN|[187]|Aggregations:0|SELECT Id, Name, Location__c, Location__r.Occupied__c, Location__r.Parent_Location__c, WWW_Detail__c FROM SublocationDetail__c WHERE Location__c = :tmpVar1
15:39:56.0 (575928222)|SOQL_EXECUTE_END|[187]|Rows:3
15:39:56.0 (576350558)|SOQL_EXECUTE_BEGIN|[141]|Aggregations:0|SELECT Id, Name, Project__c FROM WWW_Detail__c WHERE Id = :tmpVar1
15:39:56.0 (578016922)|SOQL_EXECUTE_END|[141]|Rows:1
15:39:56.0 (578351560)|SOQL_EXECUTE_BEGIN|[148]|Aggregations:0|SELECT Id, Name FROM Projecten__c WHERE Id = :tmpVar1
15:39:56.0 (579633577)|SOQL_EXECUTE_END|[148]|Rows:1
15:39:56.0 (579866486)|SOQL_EXECUTE_BEGIN|[149]|Aggregations:0|SELECT Id, Name, Project__c FROM WWW_Detail__c WHERE Project__c = :tmpVar1
15:39:56.0 (581648310)|SOQL_EXECUTE_END|[149]|Rows:1
15:39:56.0 (582223074)|SOQL_EXECUTE_BEGIN|[164]|Aggregations:0|SELECT Id, Name, Location__r.Occupied__c, Location__r.Parent_Location__c, WWW_Detail__c FROM SublocationDetail__c WHERE (Location__r.Occupied__c = TRUE AND Location__r.Parent_Location__c = NULL AND WWW_Detail__c = :tmpVar1)
15:39:56.0 (601229681)|SOQL_EXECUTE_END|[164]|Rows:0
15:39:56.0 (601538861)|USER_DEBUG|[191]|DEBUG|OBdeb subLocCount -->> 0
15:39:56.0 (601580264)|DML_BEGIN|[194]|Op:Update|Type:Projecten__c|Rows:1
15:39:56.0 (608742333)|CODE_UNIT_STARTED|[EXTERNAL]|01q24000000qIfI|ProjectTrigger on Projecten trigger event BeforeUpdate for [a0q9E0000006AJv]
15:39:56.0 (609018820)|SYSTEM_MODE_ENTER|true
15:39:56.0 (609048633)|SYSTEM_MODE_EXIT|true
15:39:56.0 (611844073)|SOQL_EXECUTE_BEGIN|[89]|Aggregations:0|SELECT Name FROM Projecten__c WHERE Name = :tmpVar1
15:39:56.0 (614507040)|SOQL_EXECUTE_END|[89]|Rows:1
15:39:56.614 (614731106)|CUMULATIVE_LIMIT_USAGE
15:39:56.614 (614731106)|LIMIT_USAGE_FOR_NS|(default)|
  Number of SOQL queries: 35 out of 100
  Number of query rows: 40 out of 50000
  Number of SOSL queries: 0 out of 20
  Number of DML statements: 9 out of 150
  Number of DML rows: 13 out of 10000
  Maximum CPU time: 194 out of 10000
  Maximum heap size: 0 out of 6000000
  Number of callouts: 0 out of 100
  Number of Email Invocations: 0 out of 10
  Number of future calls: 0 out of 50
  Number of queueable jobs added to the queue: 0 out of 50
  Number of Mobile Apex push calls: 0 out of 10

15:39:56.614 (614731106)|CUMULATIVE_LIMIT_USAGE_END

15:39:56.0 (615786063)|CODE_UNIT_FINISHED|ProjectTrigger on Projecten trigger event BeforeUpdate for [a0q9E0000006AJv]
15:39:56.0 (624863179)|CODE_UNIT_STARTED|[EXTERNAL]|01q24000000qIfI|ProjectTrigger on Projecten trigger event AfterUpdate for [a0q9E0000006AJv]
15:39:56.0 (624992534)|SYSTEM_MODE_ENTER|true
15:39:56.0 (625016015)|SYSTEM_MODE_EXIT|true
15:39:56.0 (639129270)|USER_DEBUG|[45]|DEBUG|(Projecten__c:{Id=a0q9E0000006AJvQAM, OwnerId=00524000001e3UjAAI, IsDeleted=false, Name=Test Project, CreatedDate=2017-03-27 10:58:22, CreatedById=00524000001e3UjAAI, LastModifiedDate=2017-03-30 13:39:56, LastModifiedById=00524000001e3UjAAI, SystemModstamp=2017-03-30 13:39:56, LastActivityDate=null, LastViewedDate=null, LastReferencedDate=null, Account__c=0019E000007H080QAC, Project_omschrijving__c=Test Oleg, SF_ID__c=null, Actueel_aantal_palletplaatsen__c=0, Aantal_palletplaatsen__c=0, Projectleider__c=Jessica Sietsema, Project_amscheyving__c=null})
15:39:56.0 (639521632)|SOQL_EXECUTE_BEGIN|[57]|Aggregations:0|SELECT Id, Actueel_aantal_palletplaatsen1__c FROM Account WHERE id = :tmpVar1
15:39:56.0 (641267247)|SOQL_EXECUTE_END|[57]|Rows:1
15:39:56.0 (641656903)|USER_DEBUG|[80]|DEBUG|(Account:{Id=0019E000007H080QAC, Actueel_aantal_palletplaatsen1__c=0, RecordTypeId=01224000000Sn4JAAS})
15:39:56.0 (641702086)|DML_BEGIN|[81]|Op:Update|Type:Account|Rows:1
15:39:56.0 (658749335)|DML_END|[81]
15:39:56.658 (658799547)|CUMULATIVE_LIMIT_USAGE
15:39:56.658 (658799547)|LIMIT_USAGE_FOR_NS|(default)|
  Number of SOQL queries: 36 out of 100
  Number of query rows: 41 out of 50000
  Number of SOSL queries: 0 out of 20
  Number of DML statements: 10 out of 150
  Number of DML rows: 14 out of 10000
  Maximum CPU time: 194 out of 10000
  Maximum heap size: 0 out of 6000000
  Number of callouts: 0 out of 100
  Number of Email Invocations: 0 out of 10
  Number of future calls: 1 out of 50
  Number of queueable jobs added to the queue: 0 out of 50
  Number of Mobile Apex push calls: 0 out of 10

15:39:56.658 (658799547)|CUMULATIVE_LIMIT_USAGE_END

15:39:56.0 (659615593)|CODE_UNIT_FINISHED|ProjectTrigger on Projecten trigger event AfterUpdate for [a0q9E0000006AJv]
15:39:56.0 (660065449)|DML_END|[194]
15:39:56.660 (660104368)|CUMULATIVE_LIMIT_USAGE
15:39:56.660 (660104368)|LIMIT_USAGE_FOR_NS|(default)|
  Number of SOQL queries: 36 out of 100
  Number of query rows: 41 out of 50000
  Number of SOSL queries: 0 out of 20
  Number of DML statements: 10 out of 150
  Number of DML rows: 14 out of 10000
  Maximum CPU time: 194 out of 10000
  Maximum heap size: 0 out of 6000000
  Number of callouts: 0 out of 100
  Number of Email Invocations: 0 out of 10
  Number of future calls: 1 out of 50
  Number of queueable jobs added to the queue: 0 out of 50
  Number of Mobile Apex push calls: 0 out of 10

15:39:56.660 (660104368)|CUMULATIVE_LIMIT_USAGE_END

15:39:56.0 (660825721)|CODE_UNIT_FINISHED|LocationTrigger on Location trigger event AfterUpdate for [a0B9E000000RDei, a0B9E000000RDen, a0B9E000000RDes]
15:39:56.0 (660938957)|DML_END|[123]
15:39:56.0 (661295173)|SOQL_EXECUTE_BEGIN|[141]|Aggregations:0|SELECT Id, Name, Project__c FROM WWW_Detail__c WHERE Id = :tmpVar1
15:39:56.0 (662781540)|SOQL_EXECUTE_END|[141]|Rows:1
15:39:56.0 (663019273)|SOQL_EXECUTE_BEGIN|[148]|Aggregations:0|SELECT Id, Name FROM Projecten__c WHERE Id = :tmpVar1
15:39:56.0 (664219124)|SOQL_EXECUTE_END|[148]|Rows:1
15:39:56.0 (664436030)|SOQL_EXECUTE_BEGIN|[149]|Aggregations:0|SELECT Id, Name, Project__c FROM WWW_Detail__c WHERE Project__c = :tmpVar1
15:39:56.0 (666088541)|SOQL_EXECUTE_END|[149]|Rows:1
15:39:56.0 (666562192)|SOQL_EXECUTE_BEGIN|[164]|Aggregations:0|SELECT Id, Name, Location__r.Occupied__c, Location__r.Parent_Location__c, WWW_Detail__c FROM SublocationDetail__c WHERE (Location__r.Occupied__c = TRUE AND Location__r.Parent_Location__c = NULL AND WWW_Detail__c = :tmpVar1)
15:39:56.0 (669852771)|SOQL_EXECUTE_END|[164]|Rows:0
15:39:56.0 (670040025)|USER_DEBUG|[191]|DEBUG|OBdeb subLocCount -->> 0
15:39:56.0 (670077525)|DML_BEGIN|[194]|Op:Update|Type:Projecten__c|Rows:1
15:39:56.0 (673986244)|CODE_UNIT_STARTED|[EXTERNAL]|01q24000000qIfI|ProjectTrigger on Projecten trigger event BeforeUpdate for [a0q9E0000006AJv]
15:39:56.0 (674118527)|SYSTEM_MODE_ENTER|true
15:39:56.0 (674143377)|SYSTEM_MODE_EXIT|true
15:39:56.0 (674346114)|SOQL_EXECUTE_BEGIN|[89]|Aggregations:0|SELECT Name FROM Projecten__c WHERE Name = :tmpVar1
15:39:56.0 (676838961)|SOQL_EXECUTE_END|[89]|Rows:1
15:39:56.676 (676974509)|CUMULATIVE_LIMIT_USAGE
15:39:56.676 (676974509)|LIMIT_USAGE_FOR_NS|(default)|
  Number of SOQL queries: 41 out of 100
  Number of query rows: 45 out of 50000
  Number of SOSL queries: 0 out of 20
  Number of DML statements: 11 out of 150
  Number of DML rows: 15 out of 10000
  Maximum CPU time: 194 out of 10000
  Maximum heap size: 0 out of 6000000
  Number of callouts: 0 out of 100
  Number of Email Invocations: 0 out of 10
  Number of future calls: 1 out of 50
  Number of queueable jobs added to the queue: 0 out of 50
  Number of Mobile Apex push calls: 0 out of 10

15:39:56.676 (676974509)|CUMULATIVE_LIMIT_USAGE_END

15:39:56.0 (677716542)|CODE_UNIT_FINISHED|ProjectTrigger on Projecten trigger event BeforeUpdate for [a0q9E0000006AJv]
15:39:56.0 (683910929)|CODE_UNIT_STARTED|[EXTERNAL]|01q24000000qIfI|ProjectTrigger on Projecten trigger event AfterUpdate for [a0q9E0000006AJv]
15:39:56.0 (684020814)|SYSTEM_MODE_ENTER|true
15:39:56.0 (684042847)|SYSTEM_MODE_EXIT|true
15:39:56.0 (695498927)|USER_DEBUG|[45]|DEBUG|(Projecten__c:{Id=a0q9E0000006AJvQAM, OwnerId=00524000001e3UjAAI, IsDeleted=false, Name=Test Project, CreatedDate=2017-03-27 10:58:22, CreatedById=00524000001e3UjAAI, LastModifiedDate=2017-03-30 13:39:56, LastModifiedById=00524000001e3UjAAI, SystemModstamp=2017-03-30 13:39:56, LastActivityDate=null, LastViewedDate=null, LastReferencedDate=null, Account__c=0019E000007H080QAC, Project_omschrijving__c=Test Oleg, SF_ID__c=null, Actueel_aantal_palletplaatsen__c=0, Aantal_palletplaatsen__c=0, Projectleider__c=Jessica Sietsema, Project_amscheyving__c=null})
15:39:56.0 (695742605)|SOQL_EXECUTE_BEGIN|[57]|Aggregations:0|SELECT Id, Actueel_aantal_palletplaatsen1__c FROM Account WHERE id = :tmpVar1
15:39:56.0 (698651881)|SOQL_EXECUTE_END|[57]|Rows:1
15:39:56.0 (698895069)|USER_DEBUG|[80]|DEBUG|(Account:{Id=0019E000007H080QAC, Actueel_aantal_palletplaatsen1__c=0, RecordTypeId=01224000000Sn4JAAS})
15:39:56.0 (698928380)|DML_BEGIN|[81]|Op:Update|Type:Account|Rows:1
15:39:56.0 (707868278)|DML_END|[81]
15:39:56.707 (707904122)|CUMULATIVE_LIMIT_USAGE
15:39:56.707 (707904122)|LIMIT_USAGE_FOR_NS|(default)|
  Number of SOQL queries: 42 out of 100
  Number of query rows: 46 out of 50000
  Number of SOSL queries: 0 out of 20
  Number of DML statements: 12 out of 150
  Number of DML rows: 16 out of 10000
  Maximum CPU time: 194 out of 10000
  Maximum heap size: 0 out of 6000000
  Number of callouts: 0 out of 100
  Number of Email Invocations: 0 out of 10
  Number of future calls: 2 out of 50
  Number of queueable jobs added to the queue: 0 out of 50
  Number of Mobile Apex push calls: 0 out of 10

15:39:56.707 (707904122)|CUMULATIVE_LIMIT_USAGE_END

15:39:56.0 (708693718)|CODE_UNIT_FINISHED|ProjectTrigger on Projecten trigger event AfterUpdate for [a0q9E0000006AJv]
15:39:56.0 (708792142)|DML_END|[194]
15:39:56.0 (708955553)|USER_DEBUG|[272]|DEBUG|RUN manageRecordsForReport
15:39:56.0 (711068990)|USER_DEBUG|[295]|DEBUG|OBDEB sublocDetailByWwwDetailId -->> {a0s9E0000001DeSQAU=(SublocationDetail__c:{Id=a089E000000YidKQAS, IsDeleted=false, Name=SD-9117, CreatedDate=2017-03-30 13:39:56, CreatedById=00524000001e3UjAAI, LastModifiedDate=2017-03-30 13:39:56, LastModifiedById=00524000001e3UjAAI, SystemModstamp=2017-03-30 13:39:56, Location__c=a0B9E000000RDesUAG, Number_of_items__c=100, Number_of_items_work__c=null, Reserved__c=false, To_sum__c=true, WWW_Detail__c=a0s9E0000001DeSQAU, WWW_Detail_r_RecordType_DeveloperName__c=Delivered_2_Hub, ProjectId__c=a0q9E0000006AJv, ProjectCode__c=Test Project, WWWid__c=a0t9E0000001c7A}, SublocationDetail__c:{Id=a089E000000YidLQAS, IsDeleted=false, Name=SD-9118, CreatedDate=2017-03-30 13:39:56, CreatedById=00524000001e3UjAAI, LastModifiedDate=2017-03-30 13:39:56, LastModifiedById=00524000001e3UjAAI, SystemModstamp=2017-03-30 13:39:56, Location__c=a0B9E000000RDenUAG, Number_of_items__c=100, Number_of_items_work__c=null, Reserved__c=false, To_sum__c=true, WWW_Detail__c=a0s9E0000001DeSQAU, WWW_Detail_r_RecordType_DeveloperName__c=Delivered_2_Hub, ProjectId__c=a0q9E0000006AJv, ProjectCode__c=Test Project, WWWid__c=a0t9E0000001c7A}, SublocationDetail__c:{Id=a089E000000YidMQAS, IsDeleted=false, Name=SD-9119, CreatedDate=2017-03-30 13:39:56, CreatedById=00524000001e3UjAAI, LastModifiedDate=2017-03-30 13:39:56, LastModifiedById=00524000001e3UjAAI, SystemModstamp=2017-03-30 13:39:56, Location__c=a0B9E000000RDeiUAG, Number_of_items__c=100, Number_of_items_work__c=null, Reserved__c=false, To_sum__c=true, WWW_Detail__c=a0s9E0000001DeSQAU, WWW_Detail_r_RecordType_DeveloperName__c=Delivered_2_Hub, ProjectId__c=a0q9E0000006AJv, ProjectCode__c=Test Project, WWWid__c=a0t9E0000001c7A})}
15:39:56.0 (711269296)|SOQL_EXECUTE_BEGIN|[297]|Aggregations:0|SELECT Id, Name, Project__c FROM WWW_Detail__c WHERE Id = :tmpVar1
15:39:56.0 (713214854)|SOQL_EXECUTE_END|[297]|Rows:1
15:39:56.0 (713479764)|USER_DEBUG|[310]|DEBUG|OBDEB wwwDetailsByProjectId -->> {a0q9E0000006AJvQAM=(WWW_Detail__c:{Id=a0s9E0000001DeSQAU, Name=WWW-D-12553, Project__c=a0q9E0000006AJvQAM, RecordTypeId=01224000000Sn4MAAS})}
15:39:56.0 (713765974)|USER_DEBUG|[327]|DEBUG|OBDEB locationIdsByProjectId -->> {a0q9E0000006AJvQAM={a0B9E000000RDeiUAG, a0B9E000000RDenUAG, a0B9E000000RDesUAG}}
15:39:56.0 (714784248)|SOQL_EXECUTE_BEGIN|[332]|Aggregations:0|SELECT Project__c, Location__c FROM ProjectLocation__c WHERE Project__c = :tmpVar1
15:39:56.0 (716639672)|SOQL_EXECUTE_END|[332]|Rows:0
15:39:56.0 (717246041)|USER_DEBUG|[370]|DEBUG|OBDEB plToCreate -->> (ProjectLocation__c:{Project__c=a0q9E0000006AJvQAM, Location__c=a0B9E000000RDesUAG}, ProjectLocation__c:{Project__c=a0q9E0000006AJvQAM, Location__c=a0B9E000000RDenUAG}, ProjectLocation__c:{Project__c=a0q9E0000006AJvQAM, Location__c=a0B9E000000RDeiUAG})
15:39:56.0 (717299834)|DML_BEGIN|[202]|Op:Insert|Type:ProjectLocation__c|Rows:3
15:39:56.0 (739548335)|DML_END|[202]
15:39:56.0 (739612219)|SYSTEM_MODE_EXIT|false
15:39:56.739 (739626778)|CUMULATIVE_LIMIT_USAGE
15:39:56.739 (739626778)|LIMIT_USAGE_FOR_NS|(default)|
  Number of SOQL queries: 44 out of 100
  Number of query rows: 47 out of 50000
  Number of SOSL queries: 0 out of 20
  Number of DML statements: 13 out of 150
  Number of DML rows: 19 out of 10000
  Maximum CPU time: 194 out of 10000
  Maximum heap size: 0 out of 6000000
  Number of callouts: 0 out of 100
  Number of Email Invocations: 0 out of 10
  Number of future calls: 2 out of 50
  Number of queueable jobs added to the queue: 0 out of 50
  Number of Mobile Apex push calls: 0 out of 10

15:39:56.739 (739626778)|CUMULATIVE_LIMIT_USAGE_END

15:39:56.0 (740757779)|CODE_UNIT_FINISHED|SubLocationDetailTrigger on SublocationDetail trigger event AfterInsert for [a089E000000YidK, a089E000000YidL, a089E000000YidM]
15:39:56.0 (741491070)|DML_END|[579]
15:39:56.759 (759570059)|CUMULATIVE_LIMIT_USAGE
15:39:56.759 (759570059)|LIMIT_USAGE_FOR_NS|(default)|
  Number of SOQL queries: 44 out of 100
  Number of query rows: 47 out of 50000
  Number of SOSL queries: 0 out of 20
  Number of DML statements: 13 out of 150
  Number of DML rows: 19 out of 10000
  Maximum CPU time: 194 out of 10000
  Maximum heap size: 0 out of 6000000
  Number of callouts: 0 out of 100
  Number of Email Invocations: 0 out of 10
  Number of future calls: 2 out of 50
  Number of queueable jobs added to the queue: 0 out of 50
  Number of Mobile Apex push calls: 0 out of 10

15:39:56.759 (759570059)|CUMULATIVE_LIMIT_USAGE_END

15:39:56.0 (759618717)|CODE_UNIT_FINISHED|VF: /apex/New_delivered_detail
15:39:56.0 (760836999)|EXECUTION_FINISHED
