38.0 APEX_CODE,FINEST;APEX_PROFILING,INFO;CALLOUT,INFO;DB,INFO;SYSTEM,DEBUG;VALIDATION,INFO;VISUALFORCE,INFO;WAVE,INFO;WORKFLOW,INFO
15:04:08.0 (92834)|USER_INFO|[EXTERNAL]|00524000001e3Uj|bedrijfsbureau@gsa.nl.sandbox|Midden-Europese standaardtijd|GMT+01:00
15:04:08.0 (131781)|EXECUTION_STARTED
15:04:08.0 (136730)|CODE_UNIT_STARTED|[EXTERNAL]|06624000003h0Dg|VF: /apex/New_delivered_detail
15:04:08.0 (11494745)|SYSTEM_MODE_ENTER|true
15:04:08.0 (11815362)|HEAP_ALLOCATE|[72]|Bytes:3
15:04:08.0 (11849305)|HEAP_ALLOCATE|[77]|Bytes:152
15:04:08.0 (11863311)|HEAP_ALLOCATE|[342]|Bytes:408
15:04:08.0 (11877766)|HEAP_ALLOCATE|[355]|Bytes:408
15:04:08.0 (11890342)|HEAP_ALLOCATE|[467]|Bytes:48
15:04:08.0 (11914307)|HEAP_ALLOCATE|[139]|Bytes:6
15:04:08.0 (11926879)|HEAP_ALLOCATE|[EXTERNAL]|Bytes:11
15:04:08.0 (11932035)|HEAP_ALLOCATE|[EXTERNAL]|Bytes:408
15:04:08.0 (11934526)|HEAP_ALLOCATE|[EXTERNAL]|Bytes:120
15:04:08.0 (11937408)|HEAP_ALLOCATE|[EXTERNAL]|Bytes:108
15:04:08.0 (11944080)|METHOD_ENTRY|[1]|01p2400000DUtXT|NewDeliveredExtension.NewDeliveredExtension()
15:04:08.0 (11948027)|STATEMENT_EXECUTE|[1]
15:04:08.0 (11952176)|STATEMENT_EXECUTE|[1]
15:04:08.0 (11953518)|STATEMENT_EXECUTE|[537]
15:04:08.0 (11957834)|METHOD_EXIT|[1]|NewDeliveredExtension
15:04:08.0 (11963578)|HEAP_ALLOCATE|[EXTERNAL]|Bytes:80
15:04:08.0 (11977764)|VARIABLE_SCOPE_BEGIN|[163]|this|NewDeliveredExtension|true|false
15:04:08.0 (12037148)|VARIABLE_ASSIGNMENT|[163]|this|{}|0x4751a547
15:04:08.0 (12042133)|VARIABLE_SCOPE_BEGIN|[163]|controller|ApexPages.StandardController|true|false
15:04:08.0 (12179276)|VARIABLE_ASSIGNMENT|[163]|controller|"StandardController [null]"|0x180846cf
15:04:08.0 (12187790)|STATEMENT_EXECUTE|[1]
15:04:08.0 (12189342)|STATEMENT_EXECUTE|[2]
15:04:08.0 (12191426)|STATEMENT_EXECUTE|[20]
15:04:08.0 (12192675)|STATEMENT_EXECUTE|[61]
15:04:08.0 (12193866)|STATEMENT_EXECUTE|[69]
15:04:08.0 (12194925)|STATEMENT_EXECUTE|[77]
15:04:08.0 (12195967)|STATEMENT_EXECUTE|[85]
15:04:08.0 (12196935)|STATEMENT_EXECUTE|[93]
15:04:08.0 (12198016)|STATEMENT_EXECUTE|[101]
15:04:08.0 (12199137)|STATEMENT_EXECUTE|[123]
15:04:08.0 (12296090)|HEAP_ALLOCATE|[123]|Bytes:4
15:04:08.0 (12301238)|HEAP_ALLOCATE|[123]|Bytes:258
15:04:08.0 (12304718)|HEAP_ALLOCATE|[123]|Bytes:4
15:04:08.0 (12341948)|HEAP_ALLOCATE|[50]|Bytes:5
15:04:08.0 (12360858)|HEAP_ALLOCATE|[56]|Bytes:5
15:04:08.0 (12366825)|HEAP_ALLOCATE|[64]|Bytes:7
15:04:08.0 (12898668)|SOQL_EXECUTE_BEGIN|[123]|Aggregations:0|SELECT Id, Project__c, Item__c, Actueel_aantal_palletplaatsenworkflow__c, Ticket_Number_ILIPS__c, Filecardnumber__c, Projectmember__c, Hub_Building_Site__c, Actueel_aantal_palletplaatsen__c, Supplier__c, Name FROM WWW__c ORDER BY CreatedDate DESC NULLS FIRST
15:04:08.0 (18915877)|SOQL_EXECUTE_END|[123]|Rows:5
15:04:08.0 (18931101)|HEAP_ALLOCATE|[123]|Bytes:24
15:04:08.0 (18960180)|HEAP_ALLOCATE|[123]|Bytes:1105
15:04:08.0 (19029497)|HEAP_ALLOCATE|[123]|Bytes:24
15:04:08.0 (19083239)|HEAP_ALLOCATE|[123]|Bytes:28
15:04:08.0 (19092779)|HEAP_ALLOCATE|[123]|Bytes:4
15:04:08.0 (19100714)|HEAP_ALLOCATE|[123]|Bytes:28
15:04:08.0 (19104287)|HEAP_ALLOCATE|[123]|Bytes:4
15:04:08.0 (19109347)|HEAP_ALLOCATE|[123]|Bytes:28
15:04:08.0 (19112693)|HEAP_ALLOCATE|[123]|Bytes:4
15:04:08.0 (19117479)|HEAP_ALLOCATE|[123]|Bytes:28
15:04:08.0 (19120727)|HEAP_ALLOCATE|[123]|Bytes:4
15:04:08.0 (19125526)|HEAP_ALLOCATE|[123]|Bytes:28
15:04:08.0 (19128819)|HEAP_ALLOCATE|[123]|Bytes:4
15:04:08.0 (19182679)|VARIABLE_ASSIGNMENT|[123]|this.wwwById|{"a0t0E0000004UUSQA2":{"Id":"a0t0E0000004UUSQA2","Project__c":"a0q0E0000008ahlQAA","Item__c":"a0A0E0000001PilUAE","Hub_Building_Site__c":"a020E000000zEM2QAM","Actueel_aantal_palle (12 more) ...":0,"Name":"WWW-13541"},"a0t0E0000004UUNQA2":{"Id":"a0t0E0000004UUNQA2","Project__c":"a0q0E0000008S3WQAU","Item__c":"a0A0E0000001PiqUAE","Hub_Building_Site__c":"a020E000000zFeUQAU","Actueel_aantal_palle (12 more) ...":0,"Name":"WWW-13540"},"a0t0E0000004NFcQAM":{"Id":"a0t0E0000004NFcQAM","Project__c":"a0q0E0000008S3bQAE","Item__c":"a0A0E0000001Pj0UAE","Hub_Building_Site__c":"a020E000000zEM2QAM","Actueel_aantal_palle (12 more) ...":0,"Name":"WWW-13490"},"a0t0E0000004NFXQA2":{"Id":"a0t0E0000004NFXQA2","Project__c":"a0q0E0000008S3WQAU","Item__c":"a0A0E0000001PiqUAE","Hub_Building_Site__c":"a020E000000zEM2QAM","Actueel_aantal_palle (12 more) ...":0,"Name":"WWW-13489"},"a0t0E0000004NFNQA2":{"Id":"a0t0E0000004NFNQA2","Project__c":"a0q0E0000008S3WQAU","Item__c":"a0A0E0000001PilUAE","Hub_Building_Site__c":"a020E000000zEM2QAM","Actueel_aantal_palle (12 more) ...":0,"Name":"WWW-13487"}}|0x4751a547
15:04:08.0 (19192721)|STATEMENT_EXECUTE|[155]
15:04:08.0 (19195371)|STATEMENT_EXECUTE|[156]
15:04:08.0 (19197079)|STATEMENT_EXECUTE|[184]
15:04:08.0 (19198546)|STATEMENT_EXECUTE|[185]
15:04:08.0 (19200219)|STATEMENT_EXECUTE|[195]
15:04:08.0 (19201337)|STATEMENT_EXECUTE|[203]
15:04:08.0 (19202417)|STATEMENT_EXECUTE|[211]
15:04:08.0 (19203444)|STATEMENT_EXECUTE|[219]
15:04:08.0 (19204440)|STATEMENT_EXECUTE|[228]
15:04:08.0 (19205423)|STATEMENT_EXECUTE|[236]
15:04:08.0 (19213790)|HEAP_ALLOCATE|[123]|Bytes:6
15:04:08.0 (19240943)|STATEMENT_EXECUTE|[163]
15:04:08.0 (19242489)|STATEMENT_EXECUTE|[164]
15:04:08.0 (19284201)|HEAP_ALLOCATE|[164]|Bytes:58
15:04:08.0 (19327567)|HEAP_ALLOCATE|[164]|Bytes:28
15:04:08.0 (19339435)|HEAP_ALLOCATE|[164]|Bytes:10
15:04:08.0 (19366589)|HEAP_ALLOCATE|[164]|Bytes:4
15:04:08.0 (19413744)|VARIABLE_ASSIGNMENT|[EXTERNAL]|this|{"wwwById":"0x4afe5058"}|0x4751a547
15:04:08.0 (19418171)|STATEMENT_EXECUTE|[3]
15:04:08.0 (19421791)|STATEMENT_EXECUTE|[4]
15:04:08.0 (19422935)|STATEMENT_EXECUTE|[5]
15:04:08.0 (19454977)|HEAP_ALLOCATE|[5]|Bytes:4
15:04:08.0 (19544731)|VARIABLE_ASSIGNMENT|[5]|this.detail|{}|0x4751a547
15:04:08.0 (19547739)|STATEMENT_EXECUTE|[6]
15:04:08.0 (19599070)|VARIABLE_ASSIGNMENT|[EXTERNAL]|this|{"detail":"0x76e18f81","wwwById":"0x4afe5058"}|0x4751a547
15:04:08.0 (19603014)|STATEMENT_EXECUTE|[21]
15:04:08.0 (19605135)|STATEMENT_EXECUTE|[22]
15:04:08.0 (19606208)|STATEMENT_EXECUTE|[23]
15:04:08.0 (19617184)|HEAP_ALLOCATE|[23]|Bytes:4
15:04:08.0 (19665948)|VARIABLE_ASSIGNMENT|[23]|this.www|{}|0x4751a547
15:04:08.0 (19669575)|STATEMENT_EXECUTE|[26]
15:04:08.0 (19904149)|VARIABLE_ASSIGNMENT|[6]|this.WWW__c|null|0x76e18f81
15:04:08.0 (19907598)|STATEMENT_EXECUTE|[7]
15:04:08.0 (19970365)|VARIABLE_ASSIGNMENT|[EXTERNAL]|this|{"detail":"0x76e18f81","www":"0x8ef6709","wwwById":"0x4afe5058"}|0x4751a547
15:04:08.0 (20027242)|VARIABLE_ASSIGNMENT|[7]|this.Project__c|null|0x76e18f81
15:04:08.0 (20031657)|STATEMENT_EXECUTE|[9]
15:04:08.0 (20109878)|VARIABLE_ASSIGNMENT|[164]|this.RecordTypeId|"01224000000Sn4MAAS"|0x76e18f81
15:04:08.0 (20113068)|STATEMENT_EXECUTE|[165]
15:04:08.0 (20160848)|VARIABLE_ASSIGNMENT|[EXTERNAL]|this|{"detail":"0x76e18f81","www":"0x8ef6709","wwwById":"0x4afe5058"}|0x4751a547
15:04:08.0 (20164418)|STATEMENT_EXECUTE|[3]
15:04:08.0 (20166243)|STATEMENT_EXECUTE|[4]
15:04:08.0 (20167449)|STATEMENT_EXECUTE|[9]
15:04:08.0 (20210983)|USER_DEBUG|[165]|DEBUG|01224000000Sn4MAAS
15:04:08.0 (20216422)|STATEMENT_EXECUTE|[166]
15:04:08.0 (20269741)|HEAP_ALLOCATE|[166]|Bytes:4
15:04:08.0 (20275292)|HEAP_ALLOCATE|[166]|Bytes:82
15:04:08.0 (20278273)|HEAP_ALLOCATE|[166]|Bytes:4
15:04:08.0 (20474607)|SOQL_EXECUTE_BEGIN|[166]|Aggregations:0|SELECT Id, Name, DeveloperName FROM RecordType WHERE sobjectType = 'WWW_detail__c'
15:04:08.0 (27310292)|SOQL_EXECUTE_END|[166]|Rows:5
15:04:08.0 (27324112)|HEAP_ALLOCATE|[166]|Bytes:24
15:04:08.0 (27343112)|HEAP_ALLOCATE|[166]|Bytes:371
15:04:08.0 (27378210)|HEAP_ALLOCATE|[166]|Bytes:24
15:04:08.0 (27416717)|HEAP_ALLOCATE|[166]|Bytes:16
15:04:08.0 (27424450)|HEAP_ALLOCATE|[166]|Bytes:4
15:04:08.0 (27430897)|HEAP_ALLOCATE|[166]|Bytes:16
15:04:08.0 (27434475)|HEAP_ALLOCATE|[166]|Bytes:4
15:04:08.0 (27438981)|HEAP_ALLOCATE|[166]|Bytes:16
15:04:08.0 (27442285)|HEAP_ALLOCATE|[166]|Bytes:4
15:04:08.0 (27446749)|HEAP_ALLOCATE|[166]|Bytes:16
15:04:08.0 (27452052)|HEAP_ALLOCATE|[166]|Bytes:4
15:04:08.0 (27457157)|HEAP_ALLOCATE|[166]|Bytes:16
15:04:08.0 (27460616)|HEAP_ALLOCATE|[166]|Bytes:4
15:04:08.0 (27467625)|VARIABLE_SCOPE_BEGIN|[166]|recByNames|Map<Id,RecordType>|true|false
15:04:08.0 (27496668)|VARIABLE_ASSIGNMENT|[166]|recByNames|{"01224000000Sn4NAAS":{"Id":"01224000000Sn4NAAS","Name":"Afleveren","DeveloperName":"Delivered_2_Project"},"01224000000Sn4OAAS":{"Id":"01224000000Sn4OAAS","Name":"Afroepen","DeveloperName":"Invoked"},"01224000000Sn4PAAS":{"Id":"01224000000Sn4PAAS","Name":"Afwijzen","DeveloperName":"Rejected"},"01224000000Sn4MAAS":{"Id":"01224000000Sn4MAAS","Name":"Ontvangen","DeveloperName":"Delivered_2_Hub"},"01224000000Sn4QAAS":{"Id":"01224000000Sn4QAAS","Name":"Verwachten","DeveloperName":"Reserved"}}|0x3ceb6fa7
15:04:08.0 (27553851)|VARIABLE_ASSIGNMENT|[EXTERNAL]|this|{"detail":"0x76e18f81","www":"0x8ef6709","wwwById":"0x4afe5058"}|0x4751a547
15:04:08.0 (27558133)|STATEMENT_EXECUTE|[3]
15:04:08.0 (27560591)|STATEMENT_EXECUTE|[4]
15:04:08.0 (27561919)|STATEMENT_EXECUTE|[9]
15:04:08.0 (27572195)|STATEMENT_EXECUTE|[168]
15:04:08.0 (27610929)|VARIABLE_ASSIGNMENT|[EXTERNAL]|this|{"detail":"0x76e18f81","www":"0x8ef6709","wwwById":"0x4afe5058"}|0x4751a547
15:04:08.0 (27614112)|STATEMENT_EXECUTE|[3]
15:04:08.0 (27615638)|STATEMENT_EXECUTE|[4]
15:04:08.0 (27616766)|STATEMENT_EXECUTE|[9]
15:04:08.0 (27658965)|HEAP_ALLOCATE|[169]|Bytes:7
15:04:08.0 (27717754)|VARIABLE_ASSIGNMENT|[EXTERNAL]|this|{"detail":"0x76e18f81","www":"0x8ef6709","wwwById":"0x4afe5058"}|0x4751a547
15:04:08.0 (27721605)|STATEMENT_EXECUTE|[3]
15:04:08.0 (27723258)|STATEMENT_EXECUTE|[4]
15:04:08.0 (27724342)|STATEMENT_EXECUTE|[9]
15:04:08.0 (27743250)|HEAP_ALLOCATE|[171]|Bytes:8
15:04:08.0 (27786547)|VARIABLE_ASSIGNMENT|[EXTERNAL]|this|{"detail":"0x76e18f81","www":"0x8ef6709","wwwById":"0x4afe5058"}|0x4751a547
15:04:08.0 (27789660)|STATEMENT_EXECUTE|[3]
15:04:08.0 (27791132)|STATEMENT_EXECUTE|[4]
15:04:08.0 (27792152)|STATEMENT_EXECUTE|[9]
15:04:08.0 (27806886)|HEAP_ALLOCATE|[173]|Bytes:15
15:04:08.0 (27817859)|STATEMENT_EXECUTE|[173]
15:04:08.0 (27819244)|STATEMENT_EXECUTE|[174]
15:04:08.0 (27881787)|VARIABLE_ASSIGNMENT|[EXTERNAL]|this|{"detail":"0x76e18f81","www":"0x8ef6709","wwwById":"0x4afe5058"}|0x4751a547
15:04:08.0 (27894378)|VARIABLE_ASSIGNMENT|[EXTERNAL]|value|true
15:04:08.0 (27899227)|HEAP_ALLOCATE|[228]|Bytes:5
15:04:08.0 (27906240)|VARIABLE_ASSIGNMENT|[228]|this.delToHub|true|0x4751a547
15:04:08.0 (27911915)|STATEMENT_EXECUTE|[181]
15:04:08.0 (27948500)|METHOD_ENTRY|[181]|01p2400000DUtXT|NewDeliveredExtension.getProjects()
15:04:08.0 (27965058)|VARIABLE_SCOPE_BEGIN|[139]|this|NewDeliveredExtension|true|false
15:04:08.0 (27995555)|VARIABLE_ASSIGNMENT|[139]|this|{"delToHub":true,"detail":"0x76e18f81","www":"0x8ef6709","wwwById":"0x4afe5058"}|0x4751a547
15:04:08.0 (28001349)|STATEMENT_EXECUTE|[139]
15:04:08.0 (28003213)|STATEMENT_EXECUTE|[141]
15:04:08.0 (28007974)|HEAP_ALLOCATE|[141]|Bytes:4
15:04:08.0 (28032418)|VARIABLE_SCOPE_BEGIN|[141]|options|List<System.SelectOption>|true|false
15:04:08.0 (28057053)|HEAP_ALLOCATE|[EXTERNAL]|Bytes:4
15:04:08.0 (28065035)|VARIABLE_ASSIGNMENT|[141]|options|[]|0x48a1df03
15:04:08.0 (28067103)|STATEMENT_EXECUTE|[142]
15:04:08.0 (28107782)|HEAP_ALLOCATE|[142]|Bytes:4
15:04:08.0 (28112095)|HEAP_ALLOCATE|[142]|Bytes:71
15:04:08.0 (28114719)|HEAP_ALLOCATE|[142]|Bytes:4
15:04:08.0 (28331762)|SOQL_EXECUTE_BEGIN|[142]|Aggregations:0|SELECT Id, Name FROM Projecten__c ORDER BY CreatedDate DESC NULLS FIRST
15:04:08.0 (29393928)|SOQL_EXECUTE_END|[142]|Rows:3
15:04:08.0 (29407968)|HEAP_ALLOCATE|[142]|Bytes:16
15:04:08.0 (29420114)|HEAP_ALLOCATE|[142]|Bytes:126
15:04:08.0 (29452062)|HEAP_ALLOCATE|[142]|Bytes:16
15:04:08.0 (29487417)|HEAP_ALLOCATE|[142]|Bytes:12
15:04:08.0 (29495253)|HEAP_ALLOCATE|[142]|Bytes:4
15:04:08.0 (29502517)|HEAP_ALLOCATE|[142]|Bytes:12
15:04:08.0 (29506132)|HEAP_ALLOCATE|[142]|Bytes:4
15:04:08.0 (29511292)|HEAP_ALLOCATE|[142]|Bytes:12
15:04:08.0 (29514708)|HEAP_ALLOCATE|[142]|Bytes:4
15:04:08.0 (29520985)|VARIABLE_SCOPE_BEGIN|[142]|prById|Map<Id,Projecten__c>|true|false
15:04:08.0 (29542104)|VARIABLE_ASSIGNMENT|[142]|prById|{"a0q0E0000008ahlQAA":{"Id":"a0q0E0000008ahlQAA","Name":"1111"},"a0q0E0000008S3bQAE":{"Id":"a0q0E0000008S3bQAE","Name":"2165103"},"a0q0E0000008S3WQAU":{"Id":"a0q0E0000008S3WQAU","Name":"5700"}}|0x6be9d71b
15:04:08.0 (29545853)|STATEMENT_EXECUTE|[143]
15:04:08.0 (29549041)|HEAP_ALLOCATE|[143]|Bytes:6
15:04:08.0 (29634968)|HEAP_ALLOCATE|[143]|Bytes:207
15:04:08.0 (29651984)|HEAP_ALLOCATE|[143]|Bytes:213
15:04:08.0 (29662563)|USER_DEBUG|[143]|DEBUG|prById{a0q0E0000008S3WQAU=Projecten__c:{Id=a0q0E0000008S3WQAU, Name=5700}, a0q0E0000008S3bQAE=Projecten__c:{Id=a0q0E0000008S3bQAE, Name=2165103}, a0q0E0000008ahlQAA=Projecten__c:{Id=a0q0E0000008ahlQAA, Name=1111}}
15:04:08.0 (29668170)|STATEMENT_EXECUTE|[144]
15:04:08.0 (29696237)|HEAP_ALLOCATE|[EXTERNAL]|Bytes:16
15:04:08.0 (29703721)|HEAP_ALLOCATE|[144]|Bytes:139
15:04:08.0 (29741408)|HEAP_ALLOCATE|[144]|Bytes:12
15:04:08.0 (29811911)|VARIABLE_ASSIGNMENT|[EXTERNAL]|this|{"delToHub":true,"detail":"0x76e18f81","www":"0x8ef6709","wwwById":"0x4afe5058"}|0x4751a547
15:04:08.0 (29816609)|STATEMENT_EXECUTE|[3]
15:04:08.0 (29818835)|STATEMENT_EXECUTE|[4]
15:04:08.0 (29819993)|STATEMENT_EXECUTE|[9]
15:04:08.0 (29860685)|VARIABLE_ASSIGNMENT|[144]|this.Project__c|"a0q0E0000008ahlQAA"|0x76e18f81
15:04:08.0 (29883311)|HEAP_ALLOCATE|[EXTERNAL]|Bytes:16
15:04:08.0 (29889869)|HEAP_ALLOCATE|[145]|Bytes:139
15:04:08.0 (30016312)|HEAP_ALLOCATE|[145]|Bytes:5
15:04:08.0 (30029815)|HEAP_ALLOCATE|[145]|Bytes:12
15:04:08.0 (30037175)|VARIABLE_SCOPE_BEGIN|[145]|rec|Projecten__c|true|false
15:04:08.0 (30048592)|VARIABLE_ASSIGNMENT|[145]|rec|{"Id":"a0q0E0000008ahlQAA","Name":"1111"}|0x76eb0083
15:04:08.0 (30051672)|STATEMENT_EXECUTE|[145]
15:04:08.0 (30101098)|VARIABLE_ASSIGNMENT|[EXTERNAL]|this|{"delToHub":true,"detail":"0x76e18f81","www":"0x8ef6709","wwwById":"0x4afe5058"}|0x4751a547
15:04:08.0 (30105044)|STATEMENT_EXECUTE|[21]
15:04:08.0 (30106898)|STATEMENT_EXECUTE|[22]
15:04:08.0 (30108195)|STATEMENT_EXECUTE|[26]
15:04:08.0 (30114716)|STATEMENT_EXECUTE|[146]
15:04:08.0 (30115834)|STATEMENT_EXECUTE|[147]
15:04:08.0 (30155825)|VARIABLE_ASSIGNMENT|[EXTERNAL]|this|{"delToHub":true,"detail":"0x76e18f81","www":"0x8ef6709","wwwById":"0x4afe5058"}|0x4751a547
15:04:08.0 (30159010)|STATEMENT_EXECUTE|[21]
15:04:08.0 (30160596)|STATEMENT_EXECUTE|[22]
15:04:08.0 (30161638)|STATEMENT_EXECUTE|[26]
15:04:08.0 (30208991)|VARIABLE_ASSIGNMENT|[147]|this.Project__c|"a0q0E0000008ahlQAA"|0x8ef6709
15:04:08.0 (30212175)|STATEMENT_EXECUTE|[150]
15:04:08.0 (30234494)|HEAP_ALLOCATE|[150]|Bytes:18
15:04:08.0 (30296309)|HEAP_ALLOCATE|[EXTERNAL]|Bytes:4
15:04:08.0 (30310023)|HEAP_ALLOCATE|[145]|Bytes:5
15:04:08.0 (30318296)|HEAP_ALLOCATE|[145]|Bytes:12
15:04:08.0 (30323825)|VARIABLE_SCOPE_BEGIN|[145]|rec|Projecten__c|true|false
15:04:08.0 (30333920)|VARIABLE_ASSIGNMENT|[145]|rec|{"Id":"a0q0E0000008S3bQAE","Name":"2165103"}|0x5e382d8
15:04:08.0 (30336531)|STATEMENT_EXECUTE|[145]
15:04:08.0 (30371114)|VARIABLE_ASSIGNMENT|[EXTERNAL]|this|{"delToHub":true,"detail":"0x76e18f81","www":"0x8ef6709","wwwById":"0x4afe5058"}|0x4751a547
15:04:08.0 (30373936)|STATEMENT_EXECUTE|[21]
15:04:08.0 (30375554)|STATEMENT_EXECUTE|[22]
15:04:08.0 (30376720)|STATEMENT_EXECUTE|[26]
15:04:08.0 (30398887)|STATEMENT_EXECUTE|[146]
15:04:08.0 (30400530)|STATEMENT_EXECUTE|[150]
15:04:08.0 (30408766)|HEAP_ALLOCATE|[150]|Bytes:18
15:04:08.0 (30420841)|HEAP_ALLOCATE|[EXTERNAL]|Bytes:4
15:04:08.0 (30429939)|HEAP_ALLOCATE|[145]|Bytes:5
15:04:08.0 (30437156)|HEAP_ALLOCATE|[145]|Bytes:12
15:04:08.0 (30441853)|VARIABLE_SCOPE_BEGIN|[145]|rec|Projecten__c|true|false
15:04:08.0 (30450822)|VARIABLE_ASSIGNMENT|[145]|rec|{"Id":"a0q0E0000008S3WQAU","Name":"5700"}|0x144522bd
15:04:08.0 (30453231)|STATEMENT_EXECUTE|[145]
15:04:08.0 (30485308)|VARIABLE_ASSIGNMENT|[EXTERNAL]|this|{"delToHub":true,"detail":"0x76e18f81","www":"0x8ef6709","wwwById":"0x4afe5058"}|0x4751a547
15:04:08.0 (30487907)|STATEMENT_EXECUTE|[21]
15:04:08.0 (30489369)|STATEMENT_EXECUTE|[22]
15:04:08.0 (30490455)|STATEMENT_EXECUTE|[26]
15:04:08.0 (30496079)|STATEMENT_EXECUTE|[146]
15:04:08.0 (30497240)|STATEMENT_EXECUTE|[150]
15:04:08.0 (30504112)|HEAP_ALLOCATE|[150]|Bytes:18
15:04:08.0 (30512843)|HEAP_ALLOCATE|[EXTERNAL]|Bytes:4
15:04:08.0 (30520564)|HEAP_ALLOCATE|[145]|Bytes:5
15:04:08.0 (30528525)|VARIABLE_ASSIGNMENT|[145]|rec|null|
15:04:08.0 (30531036)|STATEMENT_EXECUTE|[152]
15:04:08.0 (30534500)|METHOD_EXIT|[181]|01p2400000DUtXT|NewDeliveredExtension.getProjects()
15:04:08.33 (33355076)|SYSTEM_MODE_ENTER|true
15:04:08.33 (33385952)|HEAP_ALLOCATE|[EXTERNAL]|Bytes:38
15:04:08.33 (33390837)|HEAP_ALLOCATE|[EXTERNAL]|Bytes:7
15:04:08.33 (33397940)|SYSTEM_METHOD_ENTRY|[1]|PageMessagesComponentController.PageMessagesComponentController()
15:04:08.33 (33400920)|STATEMENT_EXECUTE|[1]
15:04:08.33 (33524349)|SYSTEM_MODE_ENTER|true
15:04:08.33 (33568677)|HEAP_ALLOCATE|[EXTERNAL]|Bytes:8
15:04:08.33 (33573822)|VARIABLE_SCOPE_BEGIN|[88]|this|ApexPage.PageMessagesComponentController|true|false
15:04:08.33 (33591788)|VARIABLE_ASSIGNMENT|[88]|this|{}|0x278d24da
15:04:08.33 (33594282)|VARIABLE_SCOPE_BEGIN|[88]|escape|Boolean|false|false
15:04:08.33 (33597203)|VARIABLE_ASSIGNMENT|[88]|escape|null
15:04:08.33 (33733148)|SYSTEM_MODE_ENTER|true
15:04:08.33 (33758972)|HEAP_ALLOCATE|[EXTERNAL]|Bytes:8
15:04:08.33 (33763497)|VARIABLE_SCOPE_BEGIN|[2]|this|ApexPage.PageMessagesComponentController|true|false
15:04:08.33 (33777260)|VARIABLE_ASSIGNMENT|[2]|this|{}|0x278d24da
15:04:08.0 (34462859)|SYSTEM_MODE_ENTER|true
15:04:08.0 (34486226)|HEAP_ALLOCATE|[EXTERNAL]|Bytes:80
15:04:08.0 (34530868)|VARIABLE_ASSIGNMENT|[EXTERNAL]|this|{"delToHub":true,"detail":"0x76e18f81","www":"0x8ef6709","wwwById":"0x4afe5058"}|0x4751a547
15:04:08.0 (34537218)|STATEMENT_EXECUTE|[196]
15:04:08.0 (34540159)|STATEMENT_EXECUTE|[197]
15:04:08.0 (34541279)|STATEMENT_EXECUTE|[198]
15:04:08.0 (34546538)|HEAP_ALLOCATE|[198]|Bytes:5
15:04:08.0 (34554266)|VARIABLE_ASSIGNMENT|[198]|this.invoked|false|0x4751a547
15:04:08.0 (34556393)|STATEMENT_EXECUTE|[200]
15:04:08.0 (34616751)|SYSTEM_MODE_ENTER|true
15:04:08.0 (34634906)|HEAP_ALLOCATE|[EXTERNAL]|Bytes:80
15:04:08.0 (34671802)|VARIABLE_ASSIGNMENT|[EXTERNAL]|this|{"delToHub":true,"detail":"0x76e18f81","invoked":false,"www":"0x8ef6709","wwwById":"0x4afe5058"}|0x4751a547
15:04:08.0 (34676453)|STATEMENT_EXECUTE|[229]
15:04:08.0 (34678708)|STATEMENT_EXECUTE|[230]
15:04:08.0 (34679954)|STATEMENT_EXECUTE|[233]
15:04:08.0 (34766214)|SYSTEM_MODE_ENTER|true
15:04:08.0 (34784303)|HEAP_ALLOCATE|[EXTERNAL]|Bytes:80
15:04:08.0 (34819329)|VARIABLE_ASSIGNMENT|[EXTERNAL]|this|{"delToHub":true,"detail":"0x76e18f81","invoked":false,"www":"0x8ef6709","wwwById":"0x4afe5058"}|0x4751a547
15:04:08.0 (34823738)|STATEMENT_EXECUTE|[3]
15:04:08.0 (34826104)|STATEMENT_EXECUTE|[4]
15:04:08.0 (34827449)|STATEMENT_EXECUTE|[9]
15:04:08.0 (37417450)|SYSTEM_MODE_ENTER|true
15:04:08.0 (37442549)|HEAP_ALLOCATE|[EXTERNAL]|Bytes:80
15:04:08.0 (37488540)|VARIABLE_ASSIGNMENT|[EXTERNAL]|this|{"delToHub":true,"detail":"0x76e18f81","invoked":false,"www":"0x8ef6709","wwwById":"0x4afe5058"}|0x4751a547
15:04:08.0 (37495102)|STATEMENT_EXECUTE|[186]
15:04:08.0 (37498057)|STATEMENT_EXECUTE|[187]
15:04:08.0 (37499181)|STATEMENT_EXECUTE|[188]
15:04:08.0 (37567367)|HEAP_ALLOCATE|[188]|Bytes:4
15:04:08.0 (37624680)|HEAP_ALLOCATE|[EXTERNAL]|Bytes:4
15:04:08.0 (37632387)|VARIABLE_ASSIGNMENT|[188]|this.sublocations1|[]|0x4751a547
15:04:08.0 (37635544)|STATEMENT_EXECUTE|[190]
15:04:08.0 (38107587)|SYSTEM_MODE_ENTER|true
15:04:08.0 (38131225)|HEAP_ALLOCATE|[EXTERNAL]|Bytes:80
15:04:08.0 (38179625)|VARIABLE_ASSIGNMENT|[EXTERNAL]|this|{"delToHub":true,"detail":"0x76e18f81","invoked":false,"sublocations1":"0x441b8962","www":"0x8ef6709","wwwById":"0x4afe5058"}|0x4751a547
15:04:08.0 (38186149)|STATEMENT_EXECUTE|[204]
15:04:08.0 (38189109)|STATEMENT_EXECUTE|[205]
15:04:08.0 (38190261)|STATEMENT_EXECUTE|[206]
15:04:08.0 (38195764)|HEAP_ALLOCATE|[206]|Bytes:5
15:04:08.0 (38203237)|VARIABLE_ASSIGNMENT|[206]|this.rejected|false|0x4751a547
15:04:08.0 (38205208)|STATEMENT_EXECUTE|[208]
15:04:08.0 (38265545)|SYSTEM_MODE_ENTER|true
15:04:08.0 (38283844)|HEAP_ALLOCATE|[EXTERNAL]|Bytes:80
15:04:08.0 (38321749)|VARIABLE_ASSIGNMENT|[EXTERNAL]|this|{"delToHub":true,"detail":"0x76e18f81","invoked":false,"rejected":false,"sublocations1":"0x441b8962","www":"0x8ef6709","wwwById":"0x4afe5058"}|0x4751a547
15:04:08.0 (38327611)|STATEMENT_EXECUTE|[220]
15:04:08.0 (38330674)|STATEMENT_EXECUTE|[221]
15:04:08.0 (38331986)|STATEMENT_EXECUTE|[222]
15:04:08.0 (38336372)|HEAP_ALLOCATE|[222]|Bytes:5
15:04:08.0 (38342190)|VARIABLE_ASSIGNMENT|[222]|this.delToProj|false|0x4751a547
15:04:08.0 (38344229)|STATEMENT_EXECUTE|[224]
15:04:08.0 (38394818)|SYSTEM_MODE_ENTER|true
15:04:08.0 (38411716)|HEAP_ALLOCATE|[EXTERNAL]|Bytes:80
15:04:08.0 (38448458)|VARIABLE_ASSIGNMENT|[EXTERNAL]|this|{"delToHub":true,"delToProj":false,"detail":"0x76e18f81","invoked":false,"rejected":false,"sublocations1":"0x441b8962","www":"0x8ef6709","wwwById":"0x4afe5058"}|0x4751a547
15:04:08.0 (38452826)|STATEMENT_EXECUTE|[212]
15:04:08.0 (38454532)|STATEMENT_EXECUTE|[213]
15:04:08.0 (38455524)|STATEMENT_EXECUTE|[214]
15:04:08.0 (38459344)|HEAP_ALLOCATE|[214]|Bytes:5
15:04:08.0 (38465239)|VARIABLE_ASSIGNMENT|[214]|this.reserved|false|0x4751a547
15:04:08.0 (38466936)|STATEMENT_EXECUTE|[216]
15:04:08.0 (38549907)|SYSTEM_MODE_ENTER|true
15:04:08.0 (38567804)|HEAP_ALLOCATE|[EXTERNAL]|Bytes:80
15:04:08.0 (38605419)|VARIABLE_ASSIGNMENT|[EXTERNAL]|this|{"delToHub":true,"delToProj":false,"detail":"0x76e18f81","invoked":false,"rejected":false,"reserved":false,"sublocations1":"0x441b8962","www":"0x8ef6709","wwwById":"0x4afe5058"}|0x4751a547
15:04:08.0 (38610194)|STATEMENT_EXECUTE|[21]
15:04:08.0 (38612176)|STATEMENT_EXECUTE|[22]
15:04:08.0 (38613435)|STATEMENT_EXECUTE|[26]
15:04:08.56 (56500259)|SYSTEM_MODE_ENTER|true
15:04:08.56 (56547437)|HEAP_ALLOCATE|[EXTERNAL]|Bytes:8
15:04:08.56 (56553129)|VARIABLE_SCOPE_BEGIN|[88]|this|ApexPage.PageMessagesComponentController|true|false
15:04:08.56 (56569787)|VARIABLE_ASSIGNMENT|[88]|this|{}|0x278d24da
15:04:08.56 (56572354)|VARIABLE_SCOPE_BEGIN|[88]|escape|Boolean|false|false
15:04:08.56 (56575576)|VARIABLE_ASSIGNMENT|[88]|escape|null
15:04:08.56 (56678928)|SYSTEM_MODE_ENTER|true
15:04:08.56 (56703569)|HEAP_ALLOCATE|[EXTERNAL]|Bytes:8
15:04:08.56 (56707862)|VARIABLE_SCOPE_BEGIN|[2]|this|ApexPage.PageMessagesComponentController|true|false
15:04:08.56 (56721435)|VARIABLE_ASSIGNMENT|[2]|this|{}|0x278d24da
15:04:08.0 (59745865)|SYSTEM_MODE_ENTER|true
15:04:08.0 (59775808)|HEAP_ALLOCATE|[EXTERNAL]|Bytes:80
15:04:08.0 (59783216)|VARIABLE_SCOPE_BEGIN|[48]|this|NewDeliveredExtension|true|false
15:04:08.0 (59830727)|VARIABLE_ASSIGNMENT|[48]|this|{"delToHub":true,"delToProj":false,"detail":"0x76e18f81","invoked":false,"rejected":false,"reserved":false,"sublocations1":"0x441b8962","www":"0x8ef6709","wwwById":"0x4afe5058"}|0x4751a547
15:04:08.0 (59838676)|STATEMENT_EXECUTE|[48]
15:04:08.0 (59840123)|STATEMENT_EXECUTE|[49]
15:04:08.0 (59844562)|HEAP_ALLOCATE|[49]|Bytes:4
15:04:08.0 (59866049)|VARIABLE_SCOPE_BEGIN|[49]|options|List<System.SelectOption>|true|false
15:04:08.0 (59880240)|HEAP_ALLOCATE|[EXTERNAL]|Bytes:4
15:04:08.0 (59886295)|VARIABLE_ASSIGNMENT|[49]|options|[]|0x4b90e2fc
15:04:08.0 (59889088)|STATEMENT_EXECUTE|[50]
15:04:08.0 (59892940)|VARIABLE_SCOPE_BEGIN|[50]|i|Integer|false|false
15:04:08.0 (59896184)|HEAP_ALLOCATE|[50]|Bytes:4
15:04:08.0 (59900709)|VARIABLE_ASSIGNMENT|[50]|i|0
15:04:08.0 (59904711)|STATEMENT_EXECUTE|[50]
15:04:08.0 (59906059)|STATEMENT_EXECUTE|[51]
15:04:08.0 (59907754)|VARIABLE_SCOPE_BEGIN|[51]|j|Integer|false|false
15:04:08.0 (59909476)|HEAP_ALLOCATE|[51]|Bytes:4
15:04:08.0 (59912203)|VARIABLE_ASSIGNMENT|[51]|j|0
15:04:08.0 (59914218)|STATEMENT_EXECUTE|[51]
15:04:08.0 (59916179)|STATEMENT_EXECUTE|[52]
15:04:08.0 (59917423)|STATEMENT_EXECUTE|[53]
15:04:08.0 (59950745)|HEAP_ALLOCATE|[53]|Bytes:1
15:04:08.0 (59959729)|HEAP_ALLOCATE|[53]|Bytes:2
15:04:08.0 (59966309)|HEAP_ALLOCATE|[53]|Bytes:1
15:04:08.0 (59976340)|HEAP_ALLOCATE|[53]|Bytes:4
15:04:08.0 (59981409)|HEAP_ALLOCATE|[53]|Bytes:1
15:04:08.0 (59988810)|HEAP_ALLOCATE|[53]|Bytes:1
15:04:08.0 (59993899)|HEAP_ALLOCATE|[53]|Bytes:4
15:04:08.0 (60016375)|HEAP_ALLOCATE|[EXTERNAL]|Bytes:4
15:04:08.0 (60023255)|HEAP_ALLOCATE|[51]|Bytes:4
15:04:08.0 (60027889)|VARIABLE_ASSIGNMENT|[51]|j|30
15:04:08.0 (60030952)|STATEMENT_EXECUTE|[51]
15:04:08.0 (60032595)|STATEMENT_EXECUTE|[54]
15:04:08.0 (60033630)|STATEMENT_EXECUTE|[55]
15:04:08.0 (60052856)|HEAP_ALLOCATE|[55]|Bytes:1
15:04:08.0 (60059087)|HEAP_ALLOCATE|[55]|Bytes:1
15:04:08.0 (60064659)|HEAP_ALLOCATE|[55]|Bytes:2
15:04:08.0 (60070212)|HEAP_ALLOCATE|[55]|Bytes:4
15:04:08.0 (60075146)|HEAP_ALLOCATE|[55]|Bytes:1
15:04:08.0 (60082645)|HEAP_ALLOCATE|[55]|Bytes:2
15:04:08.0 (60087438)|HEAP_ALLOCATE|[55]|Bytes:4
15:04:08.0 (60099782)|HEAP_ALLOCATE|[EXTERNAL]|Bytes:4
15:04:08.0 (60103788)|HEAP_ALLOCATE|[51]|Bytes:4
15:04:08.0 (60107600)|VARIABLE_ASSIGNMENT|[51]|j|60
15:04:08.0 (60110747)|HEAP_ALLOCATE|[50]|Bytes:4
15:04:08.0 (60113534)|VARIABLE_ASSIGNMENT|[50]|i|1
15:04:08.0 (60115564)|STATEMENT_EXECUTE|[50]
15:04:08.0 (60116916)|STATEMENT_EXECUTE|[51]
15:04:08.0 (60118852)|VARIABLE_SCOPE_BEGIN|[51]|j|Integer|false|false
15:04:08.0 (60120883)|HEAP_ALLOCATE|[51]|Bytes:4
15:04:08.0 (60123229)|VARIABLE_ASSIGNMENT|[51]|j|0
15:04:08.0 (60124800)|STATEMENT_EXECUTE|[51]
15:04:08.0 (60126227)|STATEMENT_EXECUTE|[52]
15:04:08.0 (60127171)|STATEMENT_EXECUTE|[53]
15:04:08.0 (60134510)|HEAP_ALLOCATE|[53]|Bytes:1
15:04:08.0 (60142192)|HEAP_ALLOCATE|[53]|Bytes:1
15:04:08.0 (60149858)|HEAP_ALLOCATE|[53]|Bytes:4
15:04:08.0 (60155917)|HEAP_ALLOCATE|[53]|Bytes:1
15:04:08.0 (60163208)|HEAP_ALLOCATE|[53]|Bytes:1
15:04:08.0 (60168074)|HEAP_ALLOCATE|[53]|Bytes:4
15:04:08.0 (60174161)|HEAP_ALLOCATE|[EXTERNAL]|Bytes:4
15:04:08.0 (60177852)|HEAP_ALLOCATE|[51]|Bytes:4
15:04:08.0 (60181145)|VARIABLE_ASSIGNMENT|[51]|j|30
15:04:08.0 (60183154)|STATEMENT_EXECUTE|[51]
15:04:08.0 (60184648)|STATEMENT_EXECUTE|[54]
15:04:08.0 (60185641)|STATEMENT_EXECUTE|[55]
15:04:08.0 (60191465)|HEAP_ALLOCATE|[55]|Bytes:1
15:04:08.0 (60198999)|HEAP_ALLOCATE|[55]|Bytes:2
15:04:08.0 (60203930)|HEAP_ALLOCATE|[55]|Bytes:4
15:04:08.0 (60208568)|HEAP_ALLOCATE|[55]|Bytes:1
15:04:08.0 (60215654)|HEAP_ALLOCATE|[55]|Bytes:2
15:04:08.0 (60220402)|HEAP_ALLOCATE|[55]|Bytes:4
15:04:08.0 (60224774)|HEAP_ALLOCATE|[EXTERNAL]|Bytes:4
15:04:08.0 (60231894)|HEAP_ALLOCATE|[51]|Bytes:4
15:04:08.0 (60235277)|VARIABLE_ASSIGNMENT|[51]|j|60
15:04:08.0 (60237389)|HEAP_ALLOCATE|[50]|Bytes:4
15:04:08.0 (60239754)|VARIABLE_ASSIGNMENT|[50]|i|2
15:04:08.0 (60241486)|STATEMENT_EXECUTE|[50]
15:04:08.0 (60242789)|STATEMENT_EXECUTE|[51]
15:04:08.0 (60244593)|VARIABLE_SCOPE_BEGIN|[51]|j|Integer|false|false
15:04:08.0 (60246144)|HEAP_ALLOCATE|[51]|Bytes:4
15:04:08.0 (60248504)|VARIABLE_ASSIGNMENT|[51]|j|0
15:04:08.0 (60250209)|STATEMENT_EXECUTE|[51]
15:04:08.0 (60251551)|STATEMENT_EXECUTE|[52]
15:04:08.0 (60252480)|STATEMENT_EXECUTE|[53]
15:04:08.0 (60258953)|HEAP_ALLOCATE|[53]|Bytes:1
15:04:08.0 (60266529)|HEAP_ALLOCATE|[53]|Bytes:1
15:04:08.0 (60271673)|HEAP_ALLOCATE|[53]|Bytes:4
15:04:08.0 (60276257)|HEAP_ALLOCATE|[53]|Bytes:1
15:04:08.0 (60283291)|HEAP_ALLOCATE|[53]|Bytes:1
15:04:08.0 (60288021)|HEAP_ALLOCATE|[53]|Bytes:4
15:04:08.0 (60292748)|HEAP_ALLOCATE|[EXTERNAL]|Bytes:4
15:04:08.0 (60296172)|HEAP_ALLOCATE|[51]|Bytes:4
15:04:08.0 (60299005)|VARIABLE_ASSIGNMENT|[51]|j|30
15:04:08.0 (60300968)|STATEMENT_EXECUTE|[51]
15:04:08.0 (60302338)|STATEMENT_EXECUTE|[54]
15:04:08.0 (60303255)|STATEMENT_EXECUTE|[55]
15:04:08.0 (60308718)|HEAP_ALLOCATE|[55]|Bytes:1
15:04:08.0 (60316051)|HEAP_ALLOCATE|[55]|Bytes:2
15:04:08.0 (60320865)|HEAP_ALLOCATE|[55]|Bytes:4
15:04:08.0 (60325818)|HEAP_ALLOCATE|[55]|Bytes:1
15:04:08.0 (60332873)|HEAP_ALLOCATE|[55]|Bytes:2
15:04:08.0 (60337499)|HEAP_ALLOCATE|[55]|Bytes:4
15:04:08.0 (60341780)|HEAP_ALLOCATE|[EXTERNAL]|Bytes:4
15:04:08.0 (60345099)|HEAP_ALLOCATE|[51]|Bytes:4
15:04:08.0 (60347729)|VARIABLE_ASSIGNMENT|[51]|j|60
15:04:08.0 (60349791)|HEAP_ALLOCATE|[50]|Bytes:4
15:04:08.0 (60352044)|VARIABLE_ASSIGNMENT|[50]|i|3
15:04:08.0 (60353698)|STATEMENT_EXECUTE|[50]
15:04:08.0 (60354866)|STATEMENT_EXECUTE|[51]
15:04:08.0 (60356460)|VARIABLE_SCOPE_BEGIN|[51]|j|Integer|false|false
15:04:08.0 (60357740)|HEAP_ALLOCATE|[51]|Bytes:4
15:04:08.0 (60360059)|VARIABLE_ASSIGNMENT|[51]|j|0
15:04:08.0 (60361486)|STATEMENT_EXECUTE|[51]
15:04:08.0 (60362759)|STATEMENT_EXECUTE|[52]
15:04:08.0 (60363706)|STATEMENT_EXECUTE|[53]
15:04:08.0 (60369233)|HEAP_ALLOCATE|[53]|Bytes:1
15:04:08.0 (60376822)|HEAP_ALLOCATE|[53]|Bytes:1
15:04:08.0 (60381577)|HEAP_ALLOCATE|[53]|Bytes:4
15:04:08.0 (60386186)|HEAP_ALLOCATE|[53]|Bytes:1
15:04:08.0 (60393352)|HEAP_ALLOCATE|[53]|Bytes:1
15:04:08.0 (60397975)|HEAP_ALLOCATE|[53]|Bytes:4
15:04:08.0 (60402482)|HEAP_ALLOCATE|[EXTERNAL]|Bytes:4
15:04:08.0 (60405682)|HEAP_ALLOCATE|[51]|Bytes:4
15:04:08.0 (60408536)|VARIABLE_ASSIGNMENT|[51]|j|30
15:04:08.0 (60410293)|STATEMENT_EXECUTE|[51]
15:04:08.0 (60411641)|STATEMENT_EXECUTE|[54]
15:04:08.0 (60412590)|STATEMENT_EXECUTE|[55]
15:04:08.0 (60417845)|HEAP_ALLOCATE|[55]|Bytes:1
15:04:08.0 (60425414)|HEAP_ALLOCATE|[55]|Bytes:2
15:04:08.0 (60430220)|HEAP_ALLOCATE|[55]|Bytes:4
15:04:08.0 (60434786)|HEAP_ALLOCATE|[55]|Bytes:1
15:04:08.0 (60441837)|HEAP_ALLOCATE|[55]|Bytes:2
15:04:08.0 (60446444)|HEAP_ALLOCATE|[55]|Bytes:4
15:04:08.0 (60450725)|HEAP_ALLOCATE|[EXTERNAL]|Bytes:4
15:04:08.0 (60453827)|HEAP_ALLOCATE|[51]|Bytes:4
15:04:08.0 (60456522)|VARIABLE_ASSIGNMENT|[51]|j|60
15:04:08.0 (60458408)|HEAP_ALLOCATE|[50]|Bytes:4
15:04:08.0 (60460686)|VARIABLE_ASSIGNMENT|[50]|i|4
15:04:08.0 (60462349)|STATEMENT_EXECUTE|[50]
15:04:08.0 (60463483)|STATEMENT_EXECUTE|[51]
15:04:08.0 (60465146)|VARIABLE_SCOPE_BEGIN|[51]|j|Integer|false|false
15:04:08.0 (60466365)|HEAP_ALLOCATE|[51]|Bytes:4
15:04:08.0 (60468728)|VARIABLE_ASSIGNMENT|[51]|j|0
15:04:08.0 (60470243)|STATEMENT_EXECUTE|[51]
15:04:08.0 (60471690)|STATEMENT_EXECUTE|[52]
15:04:08.0 (60472809)|STATEMENT_EXECUTE|[53]
15:04:08.0 (60478322)|HEAP_ALLOCATE|[53]|Bytes:1
15:04:08.0 (60485721)|HEAP_ALLOCATE|[53]|Bytes:1
15:04:08.0 (60490609)|HEAP_ALLOCATE|[53]|Bytes:4
15:04:08.0 (60495208)|HEAP_ALLOCATE|[53]|Bytes:1
15:04:08.0 (60502361)|HEAP_ALLOCATE|[53]|Bytes:1
15:04:08.0 (60507102)|HEAP_ALLOCATE|[53]|Bytes:4
15:04:08.0 (60511552)|HEAP_ALLOCATE|[EXTERNAL]|Bytes:4
15:04:08.0 (60514703)|HEAP_ALLOCATE|[51]|Bytes:4
15:04:08.0 (60517397)|VARIABLE_ASSIGNMENT|[51]|j|30
15:04:08.0 (60519078)|STATEMENT_EXECUTE|[51]
15:04:08.0 (60520387)|STATEMENT_EXECUTE|[54]
15:04:08.0 (60521347)|STATEMENT_EXECUTE|[55]
15:04:08.0 (60526633)|HEAP_ALLOCATE|[55]|Bytes:1
15:04:08.0 (60534115)|HEAP_ALLOCATE|[55]|Bytes:2
15:04:08.0 (60538911)|HEAP_ALLOCATE|[55]|Bytes:4
15:04:08.0 (60543491)|HEAP_ALLOCATE|[55]|Bytes:1
15:04:08.0 (60550503)|HEAP_ALLOCATE|[55]|Bytes:2
15:04:08.0 (60555159)|HEAP_ALLOCATE|[55]|Bytes:4
15:04:08.0 (60559442)|HEAP_ALLOCATE|[EXTERNAL]|Bytes:4
15:04:08.0 (60562667)|HEAP_ALLOCATE|[51]|Bytes:4
15:04:08.0 (60565318)|VARIABLE_ASSIGNMENT|[51]|j|60
15:04:08.0 (60567113)|HEAP_ALLOCATE|[50]|Bytes:4
15:04:08.0 (60569419)|VARIABLE_ASSIGNMENT|[50]|i|5
15:04:08.0 (60571028)|STATEMENT_EXECUTE|[50]
15:04:08.0 (60572162)|STATEMENT_EXECUTE|[51]
15:04:08.0 (60573789)|VARIABLE_SCOPE_BEGIN|[51]|j|Integer|false|false
15:04:08.0 (60575000)|HEAP_ALLOCATE|[51]|Bytes:4
15:04:08.0 (60577334)|VARIABLE_ASSIGNMENT|[51]|j|0
15:04:08.0 (60578845)|STATEMENT_EXECUTE|[51]
15:04:08.0 (60580117)|STATEMENT_EXECUTE|[52]
15:04:08.0 (60581073)|STATEMENT_EXECUTE|[53]
15:04:08.0 (60586722)|HEAP_ALLOCATE|[53]|Bytes:1
15:04:08.0 (60594091)|HEAP_ALLOCATE|[53]|Bytes:1
15:04:08.0 (60598790)|HEAP_ALLOCATE|[53]|Bytes:4
15:04:08.0 (60603361)|HEAP_ALLOCATE|[53]|Bytes:1
15:04:08.0 (60610368)|HEAP_ALLOCATE|[53]|Bytes:1
15:04:08.0 (60615011)|HEAP_ALLOCATE|[53]|Bytes:4
15:04:08.0 (60619397)|HEAP_ALLOCATE|[EXTERNAL]|Bytes:4
15:04:08.0 (60622853)|HEAP_ALLOCATE|[51]|Bytes:4
15:04:08.0 (60625686)|VARIABLE_ASSIGNMENT|[51]|j|30
15:04:08.0 (60627432)|STATEMENT_EXECUTE|[51]
15:04:08.0 (60628792)|STATEMENT_EXECUTE|[54]
15:04:08.0 (60629771)|STATEMENT_EXECUTE|[55]
15:04:08.0 (60635246)|HEAP_ALLOCATE|[55]|Bytes:1
15:04:08.0 (60642623)|HEAP_ALLOCATE|[55]|Bytes:2
15:04:08.0 (60647386)|HEAP_ALLOCATE|[55]|Bytes:4
15:04:08.0 (60651990)|HEAP_ALLOCATE|[55]|Bytes:1
15:04:08.0 (60659029)|HEAP_ALLOCATE|[55]|Bytes:2
15:04:08.0 (60663630)|HEAP_ALLOCATE|[55]|Bytes:4
15:04:08.0 (60667872)|HEAP_ALLOCATE|[EXTERNAL]|Bytes:4
15:04:08.0 (60670894)|HEAP_ALLOCATE|[51]|Bytes:4
15:04:08.0 (60673558)|VARIABLE_ASSIGNMENT|[51]|j|60
15:04:08.0 (60675358)|HEAP_ALLOCATE|[50]|Bytes:4
15:04:08.0 (60677650)|VARIABLE_ASSIGNMENT|[50]|i|6
15:04:08.0 (60679282)|STATEMENT_EXECUTE|[50]
15:04:08.0 (60680420)|STATEMENT_EXECUTE|[51]
15:04:08.0 (60682083)|VARIABLE_SCOPE_BEGIN|[51]|j|Integer|false|false
15:04:08.0 (60683431)|HEAP_ALLOCATE|[51]|Bytes:4
15:04:08.0 (60685820)|VARIABLE_ASSIGNMENT|[51]|j|0
15:04:08.0 (60687252)|STATEMENT_EXECUTE|[51]
15:04:08.0 (60688851)|STATEMENT_EXECUTE|[52]
15:04:08.0 (60689875)|STATEMENT_EXECUTE|[53]
15:04:08.0 (60695362)|HEAP_ALLOCATE|[53]|Bytes:1
15:04:08.0 (60702700)|HEAP_ALLOCATE|[53]|Bytes:1
15:04:08.0 (60707393)|HEAP_ALLOCATE|[53]|Bytes:4
15:04:08.0 (60711956)|HEAP_ALLOCATE|[53]|Bytes:1
15:04:08.0 (60718969)|HEAP_ALLOCATE|[53]|Bytes:1
15:04:08.0 (60723576)|HEAP_ALLOCATE|[53]|Bytes:4
15:04:08.0 (60727949)|HEAP_ALLOCATE|[EXTERNAL]|Bytes:4
15:04:08.0 (60731157)|HEAP_ALLOCATE|[51]|Bytes:4
15:04:08.0 (60733806)|VARIABLE_ASSIGNMENT|[51]|j|30
15:04:08.0 (60735575)|STATEMENT_EXECUTE|[51]
15:04:08.0 (60736918)|STATEMENT_EXECUTE|[54]
15:04:08.0 (60737887)|STATEMENT_EXECUTE|[55]
15:04:08.0 (60743281)|HEAP_ALLOCATE|[55]|Bytes:1
15:04:08.0 (60750575)|HEAP_ALLOCATE|[55]|Bytes:2
15:04:08.0 (60755349)|HEAP_ALLOCATE|[55]|Bytes:4
15:04:08.0 (60759914)|HEAP_ALLOCATE|[55]|Bytes:1
15:04:08.0 (60767031)|HEAP_ALLOCATE|[55]|Bytes:2
15:04:08.0 (60771698)|HEAP_ALLOCATE|[55]|Bytes:4
15:04:08.0 (60775890)|HEAP_ALLOCATE|[EXTERNAL]|Bytes:4
15:04:08.0 (60779412)|HEAP_ALLOCATE|[51]|Bytes:4
15:04:08.0 (60782048)|VARIABLE_ASSIGNMENT|[51]|j|60
15:04:08.0 (60783864)|HEAP_ALLOCATE|[50]|Bytes:4
15:04:08.0 (60786154)|VARIABLE_ASSIGNMENT|[50]|i|7
15:04:08.0 (60787826)|STATEMENT_EXECUTE|[50]
15:04:08.0 (60788936)|STATEMENT_EXECUTE|[51]
15:04:08.0 (60790608)|VARIABLE_SCOPE_BEGIN|[51]|j|Integer|false|false
15:04:08.0 (60791891)|HEAP_ALLOCATE|[51]|Bytes:4
15:04:08.0 (60794457)|VARIABLE_ASSIGNMENT|[51]|j|0
15:04:08.0 (60796061)|STATEMENT_EXECUTE|[51]
15:04:08.0 (60797316)|STATEMENT_EXECUTE|[52]
15:04:08.0 (60798258)|STATEMENT_EXECUTE|[53]
15:04:08.0 (60803803)|HEAP_ALLOCATE|[53]|Bytes:1
15:04:08.0 (60811037)|HEAP_ALLOCATE|[53]|Bytes:1
15:04:08.0 (60815728)|HEAP_ALLOCATE|[53]|Bytes:4
15:04:08.0 (60820342)|HEAP_ALLOCATE|[53]|Bytes:1
15:04:08.0 (60827318)|HEAP_ALLOCATE|[53]|Bytes:1
15:04:08.0 (60831953)|HEAP_ALLOCATE|[53]|Bytes:4
15:04:08.0 (60836272)|HEAP_ALLOCATE|[EXTERNAL]|Bytes:4
15:04:08.0 (60839429)|HEAP_ALLOCATE|[51]|Bytes:4
15:04:08.0 (60842100)|VARIABLE_ASSIGNMENT|[51]|j|30
15:04:08.0 (60844032)|STATEMENT_EXECUTE|[51]
15:04:08.0 (60845498)|STATEMENT_EXECUTE|[54]
15:04:08.0 (60846456)|STATEMENT_EXECUTE|[55]
15:04:08.0 (60851869)|HEAP_ALLOCATE|[55]|Bytes:1
15:04:08.0 (60859115)|HEAP_ALLOCATE|[55]|Bytes:2
15:04:08.0 (60863825)|HEAP_ALLOCATE|[55]|Bytes:4
15:04:08.0 (60868366)|HEAP_ALLOCATE|[55]|Bytes:1
15:04:08.0 (60875436)|HEAP_ALLOCATE|[55]|Bytes:2
15:04:08.0 (60880077)|HEAP_ALLOCATE|[55]|Bytes:4
15:04:08.0 (60884336)|HEAP_ALLOCATE|[EXTERNAL]|Bytes:4
15:04:08.0 (60887521)|HEAP_ALLOCATE|[51]|Bytes:4
15:04:08.0 (60890113)|VARIABLE_ASSIGNMENT|[51]|j|60
15:04:08.0 (60891948)|HEAP_ALLOCATE|[50]|Bytes:4
15:04:08.0 (60894215)|VARIABLE_ASSIGNMENT|[50]|i|8
15:04:08.0 (60895838)|STATEMENT_EXECUTE|[50]
15:04:08.0 (60896975)|STATEMENT_EXECUTE|[51]
15:04:08.0 (60898635)|VARIABLE_SCOPE_BEGIN|[51]|j|Integer|false|false
15:04:08.0 (60899907)|HEAP_ALLOCATE|[51]|Bytes:4
15:04:08.0 (60902259)|VARIABLE_ASSIGNMENT|[51]|j|0
15:04:08.0 (60903745)|STATEMENT_EXECUTE|[51]
15:04:08.0 (60905333)|STATEMENT_EXECUTE|[52]
15:04:08.0 (60906362)|STATEMENT_EXECUTE|[53]
15:04:08.0 (60911638)|HEAP_ALLOCATE|[53]|Bytes:1
15:04:08.0 (60918973)|HEAP_ALLOCATE|[53]|Bytes:1
15:04:08.0 (60923718)|HEAP_ALLOCATE|[53]|Bytes:4
15:04:08.0 (60928288)|HEAP_ALLOCATE|[53]|Bytes:1
15:04:08.0 (60935317)|HEAP_ALLOCATE|[53]|Bytes:1
15:04:08.0 (60940082)|HEAP_ALLOCATE|[53]|Bytes:4
15:04:08.0 (60944357)|HEAP_ALLOCATE|[EXTERNAL]|Bytes:4
15:04:08.0 (60947474)|HEAP_ALLOCATE|[51]|Bytes:4
15:04:08.0 (60950133)|VARIABLE_ASSIGNMENT|[51]|j|30
15:04:08.0 (60951994)|STATEMENT_EXECUTE|[51]
15:04:08.0 (60953338)|STATEMENT_EXECUTE|[54]
15:04:08.0 (60954395)|STATEMENT_EXECUTE|[55]
15:04:08.0 (60959668)|HEAP_ALLOCATE|[55]|Bytes:1
15:04:08.0 (60966973)|HEAP_ALLOCATE|[55]|Bytes:2
15:04:08.0 (60971648)|HEAP_ALLOCATE|[55]|Bytes:4
15:04:08.0 (60976264)|HEAP_ALLOCATE|[55]|Bytes:1
15:04:08.0 (60983335)|HEAP_ALLOCATE|[55]|Bytes:2
15:04:08.0 (60987916)|HEAP_ALLOCATE|[55]|Bytes:4
15:04:08.0 (60992266)|HEAP_ALLOCATE|[EXTERNAL]|Bytes:4
15:04:08.0 (60995657)|HEAP_ALLOCATE|[51]|Bytes:4
15:04:08.0 (60998309)|VARIABLE_ASSIGNMENT|[51]|j|60
15:04:08.0 (61000156)|HEAP_ALLOCATE|[50]|Bytes:4
15:04:08.0 (61003251)|VARIABLE_ASSIGNMENT|[50]|i|9
15:04:08.0 (61004807)|STATEMENT_EXECUTE|[50]
15:04:08.0 (61005937)|STATEMENT_EXECUTE|[51]
15:04:08.0 (61007683)|VARIABLE_SCOPE_BEGIN|[51]|j|Integer|false|false
15:04:08.0 (61008998)|HEAP_ALLOCATE|[51]|Bytes:4
15:04:08.0 (61011379)|VARIABLE_ASSIGNMENT|[51]|j|0
15:04:08.0 (61012790)|STATEMENT_EXECUTE|[51]
15:04:08.0 (61014077)|STATEMENT_EXECUTE|[52]
15:04:08.0 (61015019)|STATEMENT_EXECUTE|[53]
15:04:08.0 (61020518)|HEAP_ALLOCATE|[53]|Bytes:1
15:04:08.0 (61027870)|HEAP_ALLOCATE|[53]|Bytes:1
15:04:08.0 (61032609)|HEAP_ALLOCATE|[53]|Bytes:4
15:04:08.0 (61037178)|HEAP_ALLOCATE|[53]|Bytes:1
15:04:08.0 (61044269)|HEAP_ALLOCATE|[53]|Bytes:1
15:04:08.0 (61048996)|HEAP_ALLOCATE|[53]|Bytes:4
15:04:08.0 (61053311)|HEAP_ALLOCATE|[EXTERNAL]|Bytes:4
15:04:08.0 (61056531)|HEAP_ALLOCATE|[51]|Bytes:4
15:04:08.0 (61059302)|VARIABLE_ASSIGNMENT|[51]|j|30
15:04:08.0 (61061309)|STATEMENT_EXECUTE|[51]
15:04:08.0 (61062653)|STATEMENT_EXECUTE|[54]
15:04:08.0 (61063611)|STATEMENT_EXECUTE|[55]
15:04:08.0 (61069040)|HEAP_ALLOCATE|[55]|Bytes:1
15:04:08.0 (61076386)|HEAP_ALLOCATE|[55]|Bytes:2
15:04:08.0 (61081164)|HEAP_ALLOCATE|[55]|Bytes:4
15:04:08.0 (61085771)|HEAP_ALLOCATE|[55]|Bytes:1
15:04:08.0 (61092816)|HEAP_ALLOCATE|[55]|Bytes:2
15:04:08.0 (61097424)|HEAP_ALLOCATE|[55]|Bytes:4
15:04:08.0 (61101751)|HEAP_ALLOCATE|[EXTERNAL]|Bytes:4
15:04:08.0 (61104835)|HEAP_ALLOCATE|[51]|Bytes:4
15:04:08.0 (61107535)|VARIABLE_ASSIGNMENT|[51]|j|60
15:04:08.0 (61109421)|HEAP_ALLOCATE|[50]|Bytes:4
15:04:08.0 (61111942)|VARIABLE_ASSIGNMENT|[50]|i|10
15:04:08.0 (61113567)|STATEMENT_EXECUTE|[50]
15:04:08.0 (61114702)|STATEMENT_EXECUTE|[51]
15:04:08.0 (61116361)|VARIABLE_SCOPE_BEGIN|[51]|j|Integer|false|false
15:04:08.0 (61117625)|HEAP_ALLOCATE|[51]|Bytes:4
15:04:08.0 (61119940)|VARIABLE_ASSIGNMENT|[51]|j|0
15:04:08.0 (61121380)|STATEMENT_EXECUTE|[51]
15:04:08.0 (61122823)|STATEMENT_EXECUTE|[52]
15:04:08.0 (61123809)|STATEMENT_EXECUTE|[53]
15:04:08.0 (61129323)|HEAP_ALLOCATE|[53]|Bytes:2
15:04:08.0 (61136614)|HEAP_ALLOCATE|[53]|Bytes:1
15:04:08.0 (61141270)|HEAP_ALLOCATE|[53]|Bytes:5
15:04:08.0 (61147868)|HEAP_ALLOCATE|[53]|Bytes:2
15:04:08.0 (61155597)|HEAP_ALLOCATE|[53]|Bytes:1
15:04:08.0 (61160352)|HEAP_ALLOCATE|[53]|Bytes:5
15:04:08.0 (61164967)|HEAP_ALLOCATE|[EXTERNAL]|Bytes:4
15:04:08.0 (61168296)|HEAP_ALLOCATE|[51]|Bytes:4
15:04:08.0 (61171038)|VARIABLE_ASSIGNMENT|[51]|j|30
15:04:08.0 (61172828)|STATEMENT_EXECUTE|[51]
15:04:08.0 (61174191)|STATEMENT_EXECUTE|[54]
15:04:08.0 (61175140)|STATEMENT_EXECUTE|[55]
15:04:08.0 (61180461)|HEAP_ALLOCATE|[55]|Bytes:2
15:04:08.0 (61187888)|HEAP_ALLOCATE|[55]|Bytes:2
15:04:08.0 (61192622)|HEAP_ALLOCATE|[55]|Bytes:5
15:04:08.0 (61197309)|HEAP_ALLOCATE|[55]|Bytes:2
15:04:08.0 (61204389)|HEAP_ALLOCATE|[55]|Bytes:2
15:04:08.0 (61209000)|HEAP_ALLOCATE|[55]|Bytes:5
15:04:08.0 (61213284)|HEAP_ALLOCATE|[EXTERNAL]|Bytes:4
15:04:08.0 (61216705)|HEAP_ALLOCATE|[51]|Bytes:4
15:04:08.0 (61219546)|VARIABLE_ASSIGNMENT|[51]|j|60
15:04:08.0 (61221335)|HEAP_ALLOCATE|[50]|Bytes:4
15:04:08.0 (61223574)|VARIABLE_ASSIGNMENT|[50]|i|11
15:04:08.0 (61225108)|STATEMENT_EXECUTE|[50]
15:04:08.0 (61226241)|STATEMENT_EXECUTE|[51]
15:04:08.0 (61231377)|VARIABLE_SCOPE_BEGIN|[51]|j|Integer|false|false
15:04:08.0 (61232838)|HEAP_ALLOCATE|[51]|Bytes:4
15:04:08.0 (61235339)|VARIABLE_ASSIGNMENT|[51]|j|0
15:04:08.0 (61236904)|STATEMENT_EXECUTE|[51]
15:04:08.0 (61238168)|STATEMENT_EXECUTE|[52]
15:04:08.0 (61239132)|STATEMENT_EXECUTE|[53]
15:04:08.0 (61244963)|HEAP_ALLOCATE|[53]|Bytes:2
15:04:08.0 (61252397)|HEAP_ALLOCATE|[53]|Bytes:1
15:04:08.0 (61257193)|HEAP_ALLOCATE|[53]|Bytes:5
15:04:08.0 (61261792)|HEAP_ALLOCATE|[53]|Bytes:2
15:04:08.0 (61268896)|HEAP_ALLOCATE|[53]|Bytes:1
15:04:08.0 (61273529)|HEAP_ALLOCATE|[53]|Bytes:5
15:04:08.0 (61277986)|HEAP_ALLOCATE|[EXTERNAL]|Bytes:4
15:04:08.0 (61281306)|HEAP_ALLOCATE|[51]|Bytes:4
15:04:08.0 (61284006)|VARIABLE_ASSIGNMENT|[51]|j|30
15:04:08.0 (61286031)|STATEMENT_EXECUTE|[51]
15:04:08.0 (61287386)|STATEMENT_EXECUTE|[54]
15:04:08.0 (61288346)|STATEMENT_EXECUTE|[55]
15:04:08.0 (61293831)|HEAP_ALLOCATE|[55]|Bytes:2
15:04:08.0 (61301193)|HEAP_ALLOCATE|[55]|Bytes:2
15:04:08.0 (61305988)|HEAP_ALLOCATE|[55]|Bytes:5
15:04:08.0 (61310564)|HEAP_ALLOCATE|[55]|Bytes:2
15:04:08.0 (61317632)|HEAP_ALLOCATE|[55]|Bytes:2
15:04:08.0 (61322286)|HEAP_ALLOCATE|[55]|Bytes:5
15:04:08.0 (61326782)|HEAP_ALLOCATE|[EXTERNAL]|Bytes:4
15:04:08.0 (61329909)|HEAP_ALLOCATE|[51]|Bytes:4
15:04:08.0 (61332572)|VARIABLE_ASSIGNMENT|[51]|j|60
15:04:08.0 (61334413)|HEAP_ALLOCATE|[50]|Bytes:4
15:04:08.0 (61336698)|VARIABLE_ASSIGNMENT|[50]|i|12
15:04:08.0 (61338265)|STATEMENT_EXECUTE|[50]
15:04:08.0 (61339411)|STATEMENT_EXECUTE|[51]
15:04:08.0 (61341087)|VARIABLE_SCOPE_BEGIN|[51]|j|Integer|false|false
15:04:08.0 (61342448)|HEAP_ALLOCATE|[51]|Bytes:4
15:04:08.0 (61344764)|VARIABLE_ASSIGNMENT|[51]|j|0
15:04:08.0 (61346227)|STATEMENT_EXECUTE|[51]
15:04:08.0 (61347475)|STATEMENT_EXECUTE|[52]
15:04:08.0 (61348530)|STATEMENT_EXECUTE|[53]
15:04:08.0 (61353962)|HEAP_ALLOCATE|[53]|Bytes:2
15:04:08.0 (61361275)|HEAP_ALLOCATE|[53]|Bytes:1
15:04:08.0 (61366049)|HEAP_ALLOCATE|[53]|Bytes:5
15:04:08.0 (61370634)|HEAP_ALLOCATE|[53]|Bytes:2
15:04:08.0 (61377790)|HEAP_ALLOCATE|[53]|Bytes:1
15:04:08.0 (61382493)|HEAP_ALLOCATE|[53]|Bytes:5
15:04:08.0 (61386713)|HEAP_ALLOCATE|[EXTERNAL]|Bytes:4
15:04:08.0 (61389787)|HEAP_ALLOCATE|[51]|Bytes:4
15:04:08.0 (61392458)|VARIABLE_ASSIGNMENT|[51]|j|30
15:04:08.0 (61394168)|STATEMENT_EXECUTE|[51]
15:04:08.0 (61395529)|STATEMENT_EXECUTE|[54]
15:04:08.0 (61396470)|STATEMENT_EXECUTE|[55]
15:04:08.0 (61402017)|HEAP_ALLOCATE|[55]|Bytes:2
15:04:08.0 (61409304)|HEAP_ALLOCATE|[55]|Bytes:2
15:04:08.0 (61413984)|HEAP_ALLOCATE|[55]|Bytes:5
15:04:08.0 (61418631)|HEAP_ALLOCATE|[55]|Bytes:2
15:04:08.0 (61425819)|HEAP_ALLOCATE|[55]|Bytes:2
15:04:08.0 (61430491)|HEAP_ALLOCATE|[55]|Bytes:5
15:04:08.0 (61434798)|HEAP_ALLOCATE|[EXTERNAL]|Bytes:4
15:04:08.0 (61437893)|HEAP_ALLOCATE|[51]|Bytes:4
15:04:08.0 (61440778)|VARIABLE_ASSIGNMENT|[51]|j|60
15:04:08.0 (61442565)|HEAP_ALLOCATE|[50]|Bytes:4
15:04:08.0 (61444803)|VARIABLE_ASSIGNMENT|[50]|i|13
15:04:08.0 (61446380)|STATEMENT_EXECUTE|[50]
15:04:08.0 (61447531)|STATEMENT_EXECUTE|[51]
15:04:08.0 (61449205)|VARIABLE_SCOPE_BEGIN|[51]|j|Integer|false|false
15:04:08.0 (61450436)|HEAP_ALLOCATE|[51]|Bytes:4
15:04:08.0 (61452831)|VARIABLE_ASSIGNMENT|[51]|j|0
15:04:08.0 (61454333)|STATEMENT_EXECUTE|[51]
15:04:08.0 (61455671)|STATEMENT_EXECUTE|[52]
15:04:08.0 (61456640)|STATEMENT_EXECUTE|[53]
15:04:08.0 (61462018)|HEAP_ALLOCATE|[53]|Bytes:2
15:04:08.0 (61469356)|HEAP_ALLOCATE|[53]|Bytes:1
15:04:08.0 (61474081)|HEAP_ALLOCATE|[53]|Bytes:5
15:04:08.0 (61478827)|HEAP_ALLOCATE|[53]|Bytes:2
15:04:08.0 (61485919)|HEAP_ALLOCATE|[53]|Bytes:1
15:04:08.0 (61490545)|HEAP_ALLOCATE|[53]|Bytes:5
15:04:08.0 (61494916)|HEAP_ALLOCATE|[EXTERNAL]|Bytes:4
15:04:08.0 (61498071)|HEAP_ALLOCATE|[51]|Bytes:4
15:04:08.0 (61500693)|VARIABLE_ASSIGNMENT|[51]|j|30
15:04:08.0 (61502739)|STATEMENT_EXECUTE|[51]
15:04:08.0 (61504102)|STATEMENT_EXECUTE|[54]
15:04:08.0 (61505113)|STATEMENT_EXECUTE|[55]
15:04:08.0 (61510622)|HEAP_ALLOCATE|[55]|Bytes:2
15:04:08.0 (61517906)|HEAP_ALLOCATE|[55]|Bytes:2
15:04:08.0 (61522772)|HEAP_ALLOCATE|[55]|Bytes:5
15:04:08.0 (61527500)|HEAP_ALLOCATE|[55]|Bytes:2
15:04:08.0 (61534655)|HEAP_ALLOCATE|[55]|Bytes:2
15:04:08.0 (61539276)|HEAP_ALLOCATE|[55]|Bytes:5
15:04:08.0 (61543637)|HEAP_ALLOCATE|[EXTERNAL]|Bytes:4
15:04:08.0 (61546782)|HEAP_ALLOCATE|[51]|Bytes:4
15:04:08.0 (61549473)|VARIABLE_ASSIGNMENT|[51]|j|60
15:04:08.0 (61551462)|HEAP_ALLOCATE|[50]|Bytes:4
15:04:08.0 (61553731)|VARIABLE_ASSIGNMENT|[50]|i|14
15:04:08.0 (61555337)|STATEMENT_EXECUTE|[50]
15:04:08.0 (61556460)|STATEMENT_EXECUTE|[51]
15:04:08.0 (61558089)|VARIABLE_SCOPE_BEGIN|[51]|j|Integer|false|false
15:04:08.0 (61559363)|HEAP_ALLOCATE|[51]|Bytes:4
15:04:08.0 (61561717)|VARIABLE_ASSIGNMENT|[51]|j|0
15:04:08.0 (61563156)|STATEMENT_EXECUTE|[51]
15:04:08.0 (61564390)|STATEMENT_EXECUTE|[52]
15:04:08.0 (61565549)|STATEMENT_EXECUTE|[53]
15:04:08.0 (61571031)|HEAP_ALLOCATE|[53]|Bytes:2
15:04:08.0 (61578384)|HEAP_ALLOCATE|[53]|Bytes:1
15:04:08.0 (61583112)|HEAP_ALLOCATE|[53]|Bytes:5
15:04:08.0 (61587764)|HEAP_ALLOCATE|[53]|Bytes:2
15:04:08.0 (61594757)|HEAP_ALLOCATE|[53]|Bytes:1
15:04:08.0 (61599368)|HEAP_ALLOCATE|[53]|Bytes:5
15:04:08.0 (61603661)|HEAP_ALLOCATE|[EXTERNAL]|Bytes:4
15:04:08.0 (61606756)|HEAP_ALLOCATE|[51]|Bytes:4
15:04:08.0 (61609441)|VARIABLE_ASSIGNMENT|[51]|j|30
15:04:08.0 (61611164)|STATEMENT_EXECUTE|[51]
15:04:08.0 (61612499)|STATEMENT_EXECUTE|[54]
15:04:08.0 (61613445)|STATEMENT_EXECUTE|[55]
15:04:08.0 (61618744)|HEAP_ALLOCATE|[55]|Bytes:2
15:04:08.0 (61626027)|HEAP_ALLOCATE|[55]|Bytes:2
15:04:08.0 (61630763)|HEAP_ALLOCATE|[55]|Bytes:5
15:04:08.0 (61635407)|HEAP_ALLOCATE|[55]|Bytes:2
15:04:08.0 (61642607)|HEAP_ALLOCATE|[55]|Bytes:2
15:04:08.0 (61647223)|HEAP_ALLOCATE|[55]|Bytes:5
15:04:08.0 (61651541)|HEAP_ALLOCATE|[EXTERNAL]|Bytes:4
15:04:08.0 (61654622)|HEAP_ALLOCATE|[51]|Bytes:4
15:04:08.0 (61657510)|VARIABLE_ASSIGNMENT|[51]|j|60
15:04:08.0 (61659365)|HEAP_ALLOCATE|[50]|Bytes:4
15:04:08.0 (61661628)|VARIABLE_ASSIGNMENT|[50]|i|15
15:04:08.0 (61663214)|STATEMENT_EXECUTE|[50]
15:04:08.0 (61664371)|STATEMENT_EXECUTE|[51]
15:04:08.0 (61666053)|VARIABLE_SCOPE_BEGIN|[51]|j|Integer|false|false
15:04:08.0 (61667267)|HEAP_ALLOCATE|[51]|Bytes:4
15:04:08.0 (61669561)|VARIABLE_ASSIGNMENT|[51]|j|0
15:04:08.0 (61671039)|STATEMENT_EXECUTE|[51]
15:04:08.0 (61672293)|STATEMENT_EXECUTE|[52]
15:04:08.0 (61673252)|STATEMENT_EXECUTE|[53]
15:04:08.0 (61678633)|HEAP_ALLOCATE|[53]|Bytes:2
15:04:08.0 (61685921)|HEAP_ALLOCATE|[53]|Bytes:1
15:04:08.0 (61690737)|HEAP_ALLOCATE|[53]|Bytes:5
15:04:08.0 (61695429)|HEAP_ALLOCATE|[53]|Bytes:2
15:04:08.0 (61702496)|HEAP_ALLOCATE|[53]|Bytes:1
15:04:08.0 (61707128)|HEAP_ALLOCATE|[53]|Bytes:5
15:04:08.0 (61711520)|HEAP_ALLOCATE|[EXTERNAL]|Bytes:4
15:04:08.0 (61714662)|HEAP_ALLOCATE|[51]|Bytes:4
15:04:08.0 (61717297)|VARIABLE_ASSIGNMENT|[51]|j|30
15:04:08.0 (61719267)|STATEMENT_EXECUTE|[51]
15:04:08.0 (61720666)|STATEMENT_EXECUTE|[54]
15:04:08.0 (61721601)|STATEMENT_EXECUTE|[55]
15:04:08.0 (61726884)|HEAP_ALLOCATE|[55]|Bytes:2
15:04:08.0 (61734140)|HEAP_ALLOCATE|[55]|Bytes:2
15:04:08.0 (61738818)|HEAP_ALLOCATE|[55]|Bytes:5
15:04:08.0 (61743515)|HEAP_ALLOCATE|[55]|Bytes:2
15:04:08.0 (61750599)|HEAP_ALLOCATE|[55]|Bytes:2
15:04:08.0 (61755181)|HEAP_ALLOCATE|[55]|Bytes:5
15:04:08.0 (61759490)|HEAP_ALLOCATE|[EXTERNAL]|Bytes:4
15:04:08.0 (61762711)|HEAP_ALLOCATE|[51]|Bytes:4
15:04:08.0 (61765378)|VARIABLE_ASSIGNMENT|[51]|j|60
15:04:08.0 (61767165)|HEAP_ALLOCATE|[50]|Bytes:4
15:04:08.0 (61769464)|VARIABLE_ASSIGNMENT|[50]|i|16
15:04:08.0 (61771029)|STATEMENT_EXECUTE|[50]
15:04:08.0 (61772184)|STATEMENT_EXECUTE|[51]
15:04:08.0 (61773807)|VARIABLE_SCOPE_BEGIN|[51]|j|Integer|false|false
15:04:08.0 (61775122)|HEAP_ALLOCATE|[51]|Bytes:4
15:04:08.0 (61777426)|VARIABLE_ASSIGNMENT|[51]|j|0
15:04:08.0 (61778883)|STATEMENT_EXECUTE|[51]
15:04:08.0 (61780160)|STATEMENT_EXECUTE|[52]
15:04:08.0 (61781447)|STATEMENT_EXECUTE|[53]
15:04:08.0 (61786842)|HEAP_ALLOCATE|[53]|Bytes:2
15:04:08.0 (61794065)|HEAP_ALLOCATE|[53]|Bytes:1
15:04:08.0 (61798826)|HEAP_ALLOCATE|[53]|Bytes:5
15:04:08.0 (61803415)|HEAP_ALLOCATE|[53]|Bytes:2
15:04:08.0 (61810484)|HEAP_ALLOCATE|[53]|Bytes:1
15:04:08.0 (61815115)|HEAP_ALLOCATE|[53]|Bytes:5
15:04:08.0 (61819357)|HEAP_ALLOCATE|[EXTERNAL]|Bytes:4
15:04:08.0 (61822473)|HEAP_ALLOCATE|[51]|Bytes:4
15:04:08.0 (61825176)|VARIABLE_ASSIGNMENT|[51]|j|30
15:04:08.0 (61826930)|STATEMENT_EXECUTE|[51]
15:04:08.0 (61828300)|STATEMENT_EXECUTE|[54]
15:04:08.0 (61829247)|STATEMENT_EXECUTE|[55]
15:04:08.0 (61834610)|HEAP_ALLOCATE|[55]|Bytes:2
15:04:08.0 (61841923)|HEAP_ALLOCATE|[55]|Bytes:2
15:04:08.0 (61846765)|HEAP_ALLOCATE|[55]|Bytes:5
15:04:08.0 (61851458)|HEAP_ALLOCATE|[55]|Bytes:2
15:04:08.0 (61858487)|HEAP_ALLOCATE|[55]|Bytes:2
15:04:08.0 (61863122)|HEAP_ALLOCATE|[55]|Bytes:5
15:04:08.0 (61867315)|HEAP_ALLOCATE|[EXTERNAL]|Bytes:4
15:04:08.0 (61870432)|HEAP_ALLOCATE|[51]|Bytes:4
15:04:08.0 (61873425)|VARIABLE_ASSIGNMENT|[51]|j|60
15:04:08.0 (61875288)|HEAP_ALLOCATE|[50]|Bytes:4
15:04:08.0 (61877608)|VARIABLE_ASSIGNMENT|[50]|i|17
15:04:08.0 (61879187)|STATEMENT_EXECUTE|[50]
15:04:08.0 (61880350)|STATEMENT_EXECUTE|[51]
15:04:08.0 (61881953)|VARIABLE_SCOPE_BEGIN|[51]|j|Integer|false|false
15:04:08.0 (61883192)|HEAP_ALLOCATE|[51]|Bytes:4
15:04:08.0 (61885533)|VARIABLE_ASSIGNMENT|[51]|j|0
15:04:08.0 (61887015)|STATEMENT_EXECUTE|[51]
15:04:08.0 (61888262)|STATEMENT_EXECUTE|[52]
15:04:08.0 (61889204)|STATEMENT_EXECUTE|[53]
15:04:08.0 (61894570)|HEAP_ALLOCATE|[53]|Bytes:2
15:04:08.0 (61901853)|HEAP_ALLOCATE|[53]|Bytes:1
15:04:08.0 (61906636)|HEAP_ALLOCATE|[53]|Bytes:5
15:04:08.0 (61911220)|HEAP_ALLOCATE|[53]|Bytes:2
15:04:08.0 (61918206)|HEAP_ALLOCATE|[53]|Bytes:1
15:04:08.0 (61922919)|HEAP_ALLOCATE|[53]|Bytes:5
15:04:08.0 (61927309)|HEAP_ALLOCATE|[EXTERNAL]|Bytes:4
15:04:08.0 (61930420)|HEAP_ALLOCATE|[51]|Bytes:4
15:04:08.0 (61933076)|VARIABLE_ASSIGNMENT|[51]|j|30
15:04:08.0 (61934905)|STATEMENT_EXECUTE|[51]
15:04:08.0 (61936469)|STATEMENT_EXECUTE|[54]
15:04:08.0 (61937472)|STATEMENT_EXECUTE|[55]
15:04:08.0 (61942874)|HEAP_ALLOCATE|[55]|Bytes:2
15:04:08.0 (61950172)|HEAP_ALLOCATE|[55]|Bytes:2
15:04:08.0 (61955041)|HEAP_ALLOCATE|[55]|Bytes:5
15:04:08.0 (61959666)|HEAP_ALLOCATE|[55]|Bytes:2
15:04:08.0 (61966719)|HEAP_ALLOCATE|[55]|Bytes:2
15:04:08.0 (61971407)|HEAP_ALLOCATE|[55]|Bytes:5
15:04:08.0 (61975697)|HEAP_ALLOCATE|[EXTERNAL]|Bytes:4
15:04:08.0 (61978803)|HEAP_ALLOCATE|[51]|Bytes:4
15:04:08.0 (61981488)|VARIABLE_ASSIGNMENT|[51]|j|60
15:04:08.0 (61983322)|HEAP_ALLOCATE|[50]|Bytes:4
15:04:08.0 (61985563)|VARIABLE_ASSIGNMENT|[50]|i|18
15:04:08.0 (61987105)|STATEMENT_EXECUTE|[50]
15:04:08.0 (61988244)|STATEMENT_EXECUTE|[51]
15:04:08.0 (61989833)|VARIABLE_SCOPE_BEGIN|[51]|j|Integer|false|false
15:04:08.0 (61991137)|HEAP_ALLOCATE|[51]|Bytes:4
15:04:08.0 (61993403)|VARIABLE_ASSIGNMENT|[51]|j|0
15:04:08.0 (61994844)|STATEMENT_EXECUTE|[51]
15:04:08.0 (61996081)|STATEMENT_EXECUTE|[52]
15:04:08.0 (61997235)|STATEMENT_EXECUTE|[53]
15:04:08.0 (62002568)|HEAP_ALLOCATE|[53]|Bytes:2
15:04:08.0 (62010651)|HEAP_ALLOCATE|[53]|Bytes:1
15:04:08.0 (62015405)|HEAP_ALLOCATE|[53]|Bytes:5
15:04:08.0 (62019992)|HEAP_ALLOCATE|[53]|Bytes:2
15:04:08.0 (62027054)|HEAP_ALLOCATE|[53]|Bytes:1
15:04:08.0 (62031648)|HEAP_ALLOCATE|[53]|Bytes:5
15:04:08.0 (62036014)|HEAP_ALLOCATE|[EXTERNAL]|Bytes:4
15:04:08.0 (62039057)|HEAP_ALLOCATE|[51]|Bytes:4
15:04:08.0 (62041728)|VARIABLE_ASSIGNMENT|[51]|j|30
15:04:08.0 (62043458)|STATEMENT_EXECUTE|[51]
15:04:08.0 (62044802)|STATEMENT_EXECUTE|[54]
15:04:08.0 (62045764)|STATEMENT_EXECUTE|[55]
15:04:08.0 (62051086)|HEAP_ALLOCATE|[55]|Bytes:2
15:04:08.0 (62058406)|HEAP_ALLOCATE|[55]|Bytes:2
15:04:08.0 (62063214)|HEAP_ALLOCATE|[55]|Bytes:5
15:04:08.0 (62067784)|HEAP_ALLOCATE|[55]|Bytes:2
15:04:08.0 (62074893)|HEAP_ALLOCATE|[55]|Bytes:2
15:04:08.0 (62079520)|HEAP_ALLOCATE|[55]|Bytes:5
15:04:08.0 (62083815)|HEAP_ALLOCATE|[EXTERNAL]|Bytes:4
15:04:08.0 (62087004)|HEAP_ALLOCATE|[51]|Bytes:4
15:04:08.0 (62089802)|VARIABLE_ASSIGNMENT|[51]|j|60
15:04:08.0 (62091656)|HEAP_ALLOCATE|[50]|Bytes:4
15:04:08.0 (62093934)|VARIABLE_ASSIGNMENT|[50]|i|19
15:04:08.0 (62095491)|STATEMENT_EXECUTE|[50]
15:04:08.0 (62096610)|STATEMENT_EXECUTE|[51]
15:04:08.0 (62098210)|VARIABLE_SCOPE_BEGIN|[51]|j|Integer|false|false
15:04:08.0 (62099458)|HEAP_ALLOCATE|[51]|Bytes:4
15:04:08.0 (62101778)|VARIABLE_ASSIGNMENT|[51]|j|0
15:04:08.0 (62103229)|STATEMENT_EXECUTE|[51]
15:04:08.0 (62104468)|STATEMENT_EXECUTE|[52]
15:04:08.0 (62105453)|STATEMENT_EXECUTE|[53]
15:04:08.0 (62110853)|HEAP_ALLOCATE|[53]|Bytes:2
15:04:08.0 (62118155)|HEAP_ALLOCATE|[53]|Bytes:1
15:04:08.0 (62122921)|HEAP_ALLOCATE|[53]|Bytes:5
15:04:08.0 (62127469)|HEAP_ALLOCATE|[53]|Bytes:2
15:04:08.0 (62134553)|HEAP_ALLOCATE|[53]|Bytes:1
15:04:08.0 (62139200)|HEAP_ALLOCATE|[53]|Bytes:5
15:04:08.0 (62144016)|HEAP_ALLOCATE|[EXTERNAL]|Bytes:4
15:04:08.0 (62148779)|HEAP_ALLOCATE|[51]|Bytes:4
15:04:08.0 (62152835)|VARIABLE_ASSIGNMENT|[51]|j|30
15:04:08.0 (62154762)|STATEMENT_EXECUTE|[51]
15:04:08.0 (62156377)|STATEMENT_EXECUTE|[54]
15:04:08.0 (62157408)|STATEMENT_EXECUTE|[55]
15:04:08.0 (62163351)|HEAP_ALLOCATE|[55]|Bytes:2
15:04:08.0 (62170895)|HEAP_ALLOCATE|[55]|Bytes:2
15:04:08.0 (62175762)|HEAP_ALLOCATE|[55]|Bytes:5
15:04:08.0 (62180373)|HEAP_ALLOCATE|[55]|Bytes:2
15:04:08.0 (62187407)|HEAP_ALLOCATE|[55]|Bytes:2
15:04:08.0 (62192024)|HEAP_ALLOCATE|[55]|Bytes:5
15:04:08.0 (62196547)|HEAP_ALLOCATE|[EXTERNAL]|Bytes:4
15:04:08.0 (62199722)|HEAP_ALLOCATE|[51]|Bytes:4
15:04:08.0 (62202422)|VARIABLE_ASSIGNMENT|[51]|j|60
15:04:08.0 (62204265)|HEAP_ALLOCATE|[50]|Bytes:4
15:04:08.0 (62206631)|VARIABLE_ASSIGNMENT|[50]|i|20
15:04:08.0 (62208221)|STATEMENT_EXECUTE|[50]
15:04:08.0 (62209362)|STATEMENT_EXECUTE|[51]
15:04:08.0 (62211042)|VARIABLE_SCOPE_BEGIN|[51]|j|Integer|false|false
15:04:08.0 (62212388)|HEAP_ALLOCATE|[51]|Bytes:4
15:04:08.0 (62214699)|VARIABLE_ASSIGNMENT|[51]|j|0
15:04:08.0 (62216126)|STATEMENT_EXECUTE|[51]
15:04:08.0 (62217390)|STATEMENT_EXECUTE|[52]
15:04:08.0 (62218440)|STATEMENT_EXECUTE|[53]
15:04:08.0 (62224210)|HEAP_ALLOCATE|[53]|Bytes:2
15:04:08.0 (62234869)|HEAP_ALLOCATE|[53]|Bytes:1
15:04:08.0 (62239668)|HEAP_ALLOCATE|[53]|Bytes:5
15:04:08.0 (62244345)|HEAP_ALLOCATE|[53]|Bytes:2
15:04:08.0 (62251321)|HEAP_ALLOCATE|[53]|Bytes:1
15:04:08.0 (62255964)|HEAP_ALLOCATE|[53]|Bytes:5
15:04:08.0 (62260677)|HEAP_ALLOCATE|[EXTERNAL]|Bytes:4
15:04:08.0 (62263948)|HEAP_ALLOCATE|[51]|Bytes:4
15:04:08.0 (62266834)|VARIABLE_ASSIGNMENT|[51]|j|30
15:04:08.0 (62268802)|STATEMENT_EXECUTE|[51]
15:04:08.0 (62270148)|STATEMENT_EXECUTE|[54]
15:04:08.0 (62271164)|STATEMENT_EXECUTE|[55]
15:04:08.0 (62276721)|HEAP_ALLOCATE|[55]|Bytes:2
15:04:08.0 (62284093)|HEAP_ALLOCATE|[55]|Bytes:2
15:04:08.0 (62288825)|HEAP_ALLOCATE|[55]|Bytes:5
15:04:08.0 (62293448)|HEAP_ALLOCATE|[55]|Bytes:2
15:04:08.0 (62300534)|HEAP_ALLOCATE|[55]|Bytes:2
15:04:08.0 (62305233)|HEAP_ALLOCATE|[55]|Bytes:5
15:04:08.0 (62309515)|HEAP_ALLOCATE|[EXTERNAL]|Bytes:4
15:04:08.0 (62312633)|HEAP_ALLOCATE|[51]|Bytes:4
15:04:08.0 (62315431)|VARIABLE_ASSIGNMENT|[51]|j|60
15:04:08.0 (62317354)|HEAP_ALLOCATE|[50]|Bytes:4
15:04:08.0 (62319590)|VARIABLE_ASSIGNMENT|[50]|i|21
15:04:08.0 (62321192)|STATEMENT_EXECUTE|[50]
15:04:08.0 (62322340)|STATEMENT_EXECUTE|[51]
15:04:08.0 (62324093)|VARIABLE_SCOPE_BEGIN|[51]|j|Integer|false|false
15:04:08.0 (62325448)|HEAP_ALLOCATE|[51]|Bytes:4
15:04:08.0 (62327770)|VARIABLE_ASSIGNMENT|[51]|j|0
15:04:08.0 (62329268)|STATEMENT_EXECUTE|[51]
15:04:08.0 (62330511)|STATEMENT_EXECUTE|[52]
15:04:08.0 (62331487)|STATEMENT_EXECUTE|[53]
15:04:08.0 (62336888)|HEAP_ALLOCATE|[53]|Bytes:2
15:04:08.0 (62344254)|HEAP_ALLOCATE|[53]|Bytes:1
15:04:08.0 (62349142)|HEAP_ALLOCATE|[53]|Bytes:5
15:04:08.0 (62353756)|HEAP_ALLOCATE|[53]|Bytes:2
15:04:08.0 (62360807)|HEAP_ALLOCATE|[53]|Bytes:1
15:04:08.0 (62365379)|HEAP_ALLOCATE|[53]|Bytes:5
15:04:08.0 (62369596)|HEAP_ALLOCATE|[EXTERNAL]|Bytes:4
15:04:08.0 (62372772)|HEAP_ALLOCATE|[51]|Bytes:4
15:04:08.0 (62375471)|VARIABLE_ASSIGNMENT|[51]|j|30
15:04:08.0 (62377317)|STATEMENT_EXECUTE|[51]
15:04:08.0 (62378795)|STATEMENT_EXECUTE|[54]
15:04:08.0 (62379754)|STATEMENT_EXECUTE|[55]
15:04:08.0 (62385106)|HEAP_ALLOCATE|[55]|Bytes:2
15:04:08.0 (62392363)|HEAP_ALLOCATE|[55]|Bytes:2
15:04:08.0 (62397150)|HEAP_ALLOCATE|[55]|Bytes:5
15:04:08.0 (62401707)|HEAP_ALLOCATE|[55]|Bytes:2
15:04:08.0 (62408878)|HEAP_ALLOCATE|[55]|Bytes:2
15:04:08.0 (62413481)|HEAP_ALLOCATE|[55]|Bytes:5
15:04:08.0 (62417739)|HEAP_ALLOCATE|[EXTERNAL]|Bytes:4
15:04:08.0 (62420812)|HEAP_ALLOCATE|[51]|Bytes:4
15:04:08.0 (62423529)|VARIABLE_ASSIGNMENT|[51]|j|60
15:04:08.0 (62425353)|HEAP_ALLOCATE|[50]|Bytes:4
15:04:08.0 (62427737)|VARIABLE_ASSIGNMENT|[50]|i|22
15:04:08.0 (62429382)|STATEMENT_EXECUTE|[50]
15:04:08.0 (62430526)|STATEMENT_EXECUTE|[51]
15:04:08.0 (62432145)|VARIABLE_SCOPE_BEGIN|[51]|j|Integer|false|false
15:04:08.0 (62433404)|HEAP_ALLOCATE|[51]|Bytes:4
15:04:08.0 (62435769)|VARIABLE_ASSIGNMENT|[51]|j|0
15:04:08.0 (62437203)|STATEMENT_EXECUTE|[51]
15:04:08.0 (62438445)|STATEMENT_EXECUTE|[52]
15:04:08.0 (62439443)|STATEMENT_EXECUTE|[53]
15:04:08.0 (62445059)|HEAP_ALLOCATE|[53]|Bytes:2
15:04:08.0 (62452288)|HEAP_ALLOCATE|[53]|Bytes:1
15:04:08.0 (62457046)|HEAP_ALLOCATE|[53]|Bytes:5
15:04:08.0 (62461680)|HEAP_ALLOCATE|[53]|Bytes:2
15:04:08.0 (62468697)|HEAP_ALLOCATE|[53]|Bytes:1
15:04:08.0 (62473306)|HEAP_ALLOCATE|[53]|Bytes:5
15:04:08.0 (62477597)|HEAP_ALLOCATE|[EXTERNAL]|Bytes:4
15:04:08.0 (62480746)|HEAP_ALLOCATE|[51]|Bytes:4
15:04:08.0 (62483447)|VARIABLE_ASSIGNMENT|[51]|j|30
15:04:08.0 (62485167)|STATEMENT_EXECUTE|[51]
15:04:08.0 (62486506)|STATEMENT_EXECUTE|[54]
15:04:08.0 (62487453)|STATEMENT_EXECUTE|[55]
15:04:08.0 (62492747)|HEAP_ALLOCATE|[55]|Bytes:2
15:04:08.0 (62500116)|HEAP_ALLOCATE|[55]|Bytes:2
15:04:08.0 (62504866)|HEAP_ALLOCATE|[55]|Bytes:5
15:04:08.0 (62509499)|HEAP_ALLOCATE|[55]|Bytes:2
15:04:08.0 (62516553)|HEAP_ALLOCATE|[55]|Bytes:2
15:04:08.0 (62521150)|HEAP_ALLOCATE|[55]|Bytes:5
15:04:08.0 (62525435)|HEAP_ALLOCATE|[EXTERNAL]|Bytes:4
15:04:08.0 (62528486)|HEAP_ALLOCATE|[51]|Bytes:4
15:04:08.0 (62531218)|VARIABLE_ASSIGNMENT|[51]|j|60
15:04:08.0 (62533494)|HEAP_ALLOCATE|[50]|Bytes:4
15:04:08.0 (62535870)|VARIABLE_ASSIGNMENT|[50]|i|23
15:04:08.0 (62537448)|STATEMENT_EXECUTE|[50]
15:04:08.0 (62538606)|STATEMENT_EXECUTE|[51]
15:04:08.0 (62540224)|VARIABLE_SCOPE_BEGIN|[51]|j|Integer|false|false
15:04:08.0 (62541463)|HEAP_ALLOCATE|[51]|Bytes:4
15:04:08.0 (62543818)|VARIABLE_ASSIGNMENT|[51]|j|0
15:04:08.0 (62545291)|STATEMENT_EXECUTE|[51]
15:04:08.0 (62546559)|STATEMENT_EXECUTE|[52]
15:04:08.0 (62547517)|STATEMENT_EXECUTE|[53]
15:04:08.0 (62552978)|HEAP_ALLOCATE|[53]|Bytes:2
15:04:08.0 (62560218)|HEAP_ALLOCATE|[53]|Bytes:1
15:04:08.0 (62564901)|HEAP_ALLOCATE|[53]|Bytes:5
15:04:08.0 (62569467)|HEAP_ALLOCATE|[53]|Bytes:2
15:04:08.0 (62576530)|HEAP_ALLOCATE|[53]|Bytes:1
15:04:08.0 (62581119)|HEAP_ALLOCATE|[53]|Bytes:5
15:04:08.0 (62585436)|HEAP_ALLOCATE|[EXTERNAL]|Bytes:4
15:04:08.0 (62588627)|HEAP_ALLOCATE|[51]|Bytes:4
15:04:08.0 (62591251)|VARIABLE_ASSIGNMENT|[51]|j|30
15:04:08.0 (62593010)|STATEMENT_EXECUTE|[51]
15:04:08.0 (62594552)|STATEMENT_EXECUTE|[54]
15:04:08.0 (62595907)|STATEMENT_EXECUTE|[55]
15:04:08.0 (62601296)|HEAP_ALLOCATE|[55]|Bytes:2
15:04:08.0 (62608646)|HEAP_ALLOCATE|[55]|Bytes:2
15:04:08.0 (62613348)|HEAP_ALLOCATE|[55]|Bytes:5
15:04:08.0 (62617964)|HEAP_ALLOCATE|[55]|Bytes:2
15:04:08.0 (62625068)|HEAP_ALLOCATE|[55]|Bytes:2
15:04:08.0 (62629667)|HEAP_ALLOCATE|[55]|Bytes:5
15:04:08.0 (62633953)|HEAP_ALLOCATE|[EXTERNAL]|Bytes:4
15:04:08.0 (62637057)|HEAP_ALLOCATE|[51]|Bytes:4
15:04:08.0 (62639794)|VARIABLE_ASSIGNMENT|[51]|j|60
15:04:08.0 (62641610)|HEAP_ALLOCATE|[50]|Bytes:4
15:04:08.0 (62643928)|VARIABLE_ASSIGNMENT|[50]|i|24
15:04:08.0 (62663734)|STATEMENT_EXECUTE|[59]
15:04:08.0 (62878463)|SYSTEM_MODE_ENTER|true
15:04:08.0 (62901177)|HEAP_ALLOCATE|[EXTERNAL]|Bytes:80
15:04:08.0 (62946848)|VARIABLE_ASSIGNMENT|[EXTERNAL]|this|{"delToHub":true,"delToProj":false,"detail":"0x76e18f81","invoked":false,"rejected":false,"reserved":false,"sublocations1":"0x441b8962","www":"0x8ef6709","wwwById":"0x4afe5058"}|0x4751a547
15:04:08.0 (62953037)|STATEMENT_EXECUTE|[78]
15:04:08.0 (62956283)|STATEMENT_EXECUTE|[80]
15:04:08.0 (62957233)|STATEMENT_EXECUTE|[81]
15:04:08.0 (62960050)|HEAP_ALLOCATE|[81]|Bytes:4
15:04:08.0 (62969726)|VARIABLE_ASSIGNMENT|[81]|this.selectedTime3|"8:00"|0x4751a547
15:04:08.0 (62971731)|STATEMENT_EXECUTE|[83]
15:04:08.0 (87631700)|VF_SERIALIZE_VIEWSTATE_BEGIN|06624000003h0Dg
15:04:08.0 (91638552)|VF_SERIALIZE_VIEWSTATE_END
15:04:08.94 (94174546)|CUMULATIVE_LIMIT_USAGE
15:04:08.94 (94174546)|LIMIT_USAGE_FOR_NS|(default)|
  Number of SOQL queries: 3 out of 100
  Number of query rows: 13 out of 50000
  Number of SOSL queries: 0 out of 20
  Number of DML statements: 0 out of 150
  Number of DML rows: 0 out of 10000
  Maximum CPU time: 0 out of 10000
  Maximum heap size: 0 out of 6000000
  Number of callouts: 0 out of 100
  Number of Email Invocations: 0 out of 10
  Number of future calls: 0 out of 50
  Number of queueable jobs added to the queue: 0 out of 50
  Number of Mobile Apex push calls: 0 out of 10

15:04:08.94 (94174546)|CUMULATIVE_LIMIT_USAGE_END

15:04:08.0 (94207702)|CODE_UNIT_FINISHED|VF: /apex/New_delivered_detail
15:04:08.0 (95027927)|EXECUTION_FINISHED
