36.0 APEX_CODE,FINEST;APEX_PROFILING,INFO;CALLOUT,INFO;DB,INFO;SYSTEM,DEBUG;VALIDATION,INFO;VISUALFORCE,INFO;WORKFLOW,INFO
10:50:30.0 (289288)|USER_INFO|[EXTERNAL]|00524000001e3Uj|bedrijfsbureau@gsa.nl.sandbox|Midden-Europese standaardtijd|GMT+01:00
10:50:30.0 (368499)|EXECUTION_STARTED
10:50:30.0 (373123)|CODE_UNIT_STARTED|[EXTERNAL]|01p2400000Cr5V4|ChangePasswordControllerTest.testChangePasswordController
10:50:30.0 (777185)|HEAP_ALLOCATE|[72]|Bytes:3
10:50:30.0 (812219)|HEAP_ALLOCATE|[77]|Bytes:152
10:50:30.0 (828853)|HEAP_ALLOCATE|[342]|Bytes:408
10:50:30.0 (843799)|HEAP_ALLOCATE|[355]|Bytes:408
10:50:30.0 (857478)|HEAP_ALLOCATE|[467]|Bytes:48
10:50:30.0 (883614)|HEAP_ALLOCATE|[139]|Bytes:6
10:50:30.0 (894986)|HEAP_ALLOCATE|[EXTERNAL]|Bytes:11
10:50:30.0 (904716)|METHOD_ENTRY|[4]|01p2400000Cr5V4|ChangePasswordControllerTest.ChangePasswordControllerTest()
10:50:30.0 (908246)|STATEMENT_EXECUTE|[4]
10:50:30.0 (912746)|STATEMENT_EXECUTE|[4]
10:50:30.0 (939773)|HEAP_ALLOCATE|[50]|Bytes:5
10:50:30.0 (959832)|HEAP_ALLOCATE|[56]|Bytes:5
10:50:30.0 (966120)|HEAP_ALLOCATE|[64]|Bytes:7
10:50:30.0 (1272437)|SYSTEM_MODE_ENTER|false
10:50:30.0 (1290404)|HEAP_ALLOCATE|[EXTERNAL]|Bytes:5
10:50:30.0 (1299158)|SYSTEM_MODE_EXIT|false
10:50:30.0 (1306105)|METHOD_EXIT|[4]|ChangePasswordControllerTest
10:50:30.0 (1357195)|SYSTEM_MODE_ENTER|false
10:50:30.0 (1361376)|HEAP_ALLOCATE|[7]|Bytes:5
10:50:30.0 (1364387)|STATEMENT_EXECUTE|[5]
10:50:30.0 (1365828)|STATEMENT_EXECUTE|[7]
10:50:30.0 (2949612)|HEAP_ALLOCATE|[7]|Bytes:132
10:50:30.0 (2956337)|HEAP_ALLOCATE|[7]|Bytes:10
10:50:30.0 (2971109)|METHOD_ENTRY|[4]|01p2400000Cr5V3|ChangePasswordController.ChangePasswordController()
10:50:30.0 (2973672)|STATEMENT_EXECUTE|[4]
10:50:30.0 (2977196)|STATEMENT_EXECUTE|[4]
10:50:30.0 (2983646)|HEAP_ALLOCATE|[7]|Bytes:5
10:50:30.0 (2992152)|METHOD_EXIT|[4]|ChangePasswordController
10:50:30.0 (3015228)|HEAP_ALLOCATE|[7]|Bytes:16
10:50:30.0 (3025906)|CONSTRUCTOR_ENTRY|[7]|01p2400000Cr5V3|<init>()
10:50:30.0 (3060694)|VARIABLE_SCOPE_BEGIN|[13]|this|ChangePasswordController|true|false
10:50:30.0 (3127520)|VARIABLE_ASSIGNMENT|[13]|this|{}|0x45287bd
10:50:30.0 (3137969)|HEAP_ALLOCATE|[EXTERNAL]|Bytes:5
10:50:30.0 (3141326)|STATEMENT_EXECUTE|[4]
10:50:30.0 (3143495)|HEAP_ALLOCATE|[EXTERNAL]|Bytes:5
10:50:30.0 (3144932)|STATEMENT_EXECUTE|[5]
10:50:30.0 (3146038)|STATEMENT_EXECUTE|[6]
10:50:30.0 (3146957)|STATEMENT_EXECUTE|[7]
10:50:30.0 (3154371)|HEAP_ALLOCATE|[EXTERNAL]|Bytes:6
10:50:30.0 (3171180)|STATEMENT_EXECUTE|[13]
10:50:30.0 (3180454)|CONSTRUCTOR_EXIT|[7]|01p2400000Cr5V3|<init>()
10:50:30.0 (3184495)|VARIABLE_SCOPE_BEGIN|[7]|controller|ChangePasswordController|true|false
10:50:30.0 (3198127)|VARIABLE_ASSIGNMENT|[7]|controller|{}|0x45287bd
10:50:30.0 (3200118)|STATEMENT_EXECUTE|[8]
10:50:30.0 (3202854)|HEAP_ALLOCATE|[8]|Bytes:6
10:50:30.0 (3247591)|VARIABLE_ASSIGNMENT|[EXTERNAL]|this|{}|0x45287bd
10:50:30.0 (3256703)|VARIABLE_ASSIGNMENT|[EXTERNAL]|value|"123456"
10:50:30.0 (3265469)|VARIABLE_ASSIGNMENT|[5]|this.oldPassword|"123456"|0x45287bd
10:50:30.0 (3271744)|STATEMENT_EXECUTE|[9]
10:50:30.0 (3275271)|HEAP_ALLOCATE|[9]|Bytes:7
10:50:30.0 (3306882)|VARIABLE_ASSIGNMENT|[EXTERNAL]|this|{"oldPassword":"123456"}|0x45287bd
10:50:30.0 (3311397)|VARIABLE_ASSIGNMENT|[EXTERNAL]|value|"qwerty1"
10:50:30.0 (3316283)|VARIABLE_ASSIGNMENT|[6]|this.newPassword|"qwerty1"|0x45287bd
10:50:30.0 (3321117)|STATEMENT_EXECUTE|[10]
10:50:30.0 (3348483)|VARIABLE_ASSIGNMENT|[EXTERNAL]|this|{"newPassword":"qwerty1","oldPassword":"123456"}|0x45287bd
10:50:30.0 (3352137)|VARIABLE_ASSIGNMENT|[EXTERNAL]|value|"qwerty1"
10:50:30.0 (3356979)|VARIABLE_ASSIGNMENT|[7]|this.verifyNewPassword|"qwerty1"|0x45287bd
10:50:30.0 (3360623)|STATEMENT_EXECUTE|[12]
10:50:30.0 (3379211)|METHOD_ENTRY|[12]|01p2400000Cr5V3|ChangePasswordController.changePassword()
10:50:30.0 (3392321)|VARIABLE_SCOPE_BEGIN|[9]|this|ChangePasswordController|true|false
10:50:30.0 (3404024)|VARIABLE_ASSIGNMENT|[9]|this|{"newPassword":"qwerty1","oldPassword":"123456","verifyNewPassword":"qwerty1"}|0x45287bd
10:50:30.0 (3416283)|HEAP_ALLOCATE|[10]|Bytes:5
10:50:30.0 (3419528)|STATEMENT_EXECUTE|[9]
10:50:30.0 (3420649)|STATEMENT_EXECUTE|[10]
10:50:30.0 (3455528)|VARIABLE_ASSIGNMENT|[EXTERNAL]|this|{"newPassword":"qwerty1","oldPassword":"123456","verifyNewPassword":"qwerty1"}|0x45287bd
10:50:30.0 (3474938)|VARIABLE_ASSIGNMENT|[EXTERNAL]|this|{"newPassword":"qwerty1","oldPassword":"123456","verifyNewPassword":"qwerty1"}|0x45287bd
10:50:30.0 (3488696)|VARIABLE_ASSIGNMENT|[EXTERNAL]|this|{"newPassword":"qwerty1","oldPassword":"123456","verifyNewPassword":"qwerty1"}|0x45287bd
10:50:30.0 (3527776)|HEAP_ALLOCATE|[10]|Bytes:145
10:50:30.0 (3548019)|SYSTEM_METHOD_ENTRY|[1]|Site.Site()
10:50:30.0 (3550463)|STATEMENT_EXECUTE|[1]
10:50:30.0 (3561180)|SYSTEM_METHOD_EXIT|[1]|Site
10:50:30.0 (3577486)|METHOD_ENTRY|[10]||System.Site.changePassword(String, String, String)
10:50:30.0 (3627694)|METHOD_EXIT|[10]||System.Site.changePassword(String, String, String)
10:50:30.0 (3635218)|METHOD_EXIT|[12]|01p2400000Cr5V3|ChangePasswordController.changePassword()
10:50:30.0 (3666220)|SYSTEM_MODE_EXIT|false
10:50:30.3 (3678509)|CUMULATIVE_LIMIT_USAGE
10:50:30.3 (3678509)|LIMIT_USAGE_FOR_NS|(default)|
  Number of SOQL queries: 0 out of 100
  Number of query rows: 0 out of 50000
  Number of SOSL queries: 0 out of 20
  Number of DML statements: 0 out of 150
  Number of DML rows: 0 out of 10000
  Maximum CPU time: 0 out of 10000
  Maximum heap size: 0 out of 6000000
  Number of callouts: 0 out of 100
  Number of Email Invocations: 0 out of 10
  Number of future calls: 0 out of 50
  Number of queueable jobs added to the queue: 0 out of 50
  Number of Mobile Apex push calls: 0 out of 10

10:50:30.3 (3678509)|CUMULATIVE_LIMIT_USAGE_END

10:50:30.0 (3714253)|CODE_UNIT_FINISHED|ChangePasswordControllerTest.testChangePasswordController
10:50:30.0 (4699791)|EXECUTION_FINISHED
