36.0 APEX_CODE,FINEST;APEX_PROFILING,INFO;CALLOUT,INFO;DB,INFO;SYSTEM,DEBUG;VALIDATION,INFO;VISUALFORCE,INFO;WORKFLOW,INFO
10:51:17.0 (276251)|USER_INFO|[EXTERNAL]|00524000001e3Uj|bedrijfsbureau@gsa.nl.sandbox|Midden-Europese standaardtijd|GMT+01:00
10:51:17.0 (322351)|EXECUTION_STARTED
10:51:17.0 (328599)|CODE_UNIT_STARTED|[EXTERNAL]|01p2400000Cr5V8|MyProfilePageControllerTest.testSave
10:51:17.0 (723597)|HEAP_ALLOCATE|[72]|Bytes:3
10:51:17.0 (757133)|HEAP_ALLOCATE|[77]|Bytes:152
10:51:17.0 (772444)|HEAP_ALLOCATE|[342]|Bytes:408
10:51:17.0 (788236)|HEAP_ALLOCATE|[355]|Bytes:408
10:51:17.0 (802450)|HEAP_ALLOCATE|[467]|Bytes:48
10:51:17.0 (828393)|HEAP_ALLOCATE|[139]|Bytes:6
10:51:17.0 (840427)|HEAP_ALLOCATE|[EXTERNAL]|Bytes:147
10:51:17.0 (852858)|METHOD_ENTRY|[5]|01p2400000Cr5V8|MyProfilePageControllerTest.MyProfilePageControllerTest()
10:51:17.0 (857209)|STATEMENT_EXECUTE|[5]
10:51:17.0 (862130)|STATEMENT_EXECUTE|[5]
10:51:17.0 (892773)|HEAP_ALLOCATE|[50]|Bytes:5
10:51:17.0 (913248)|HEAP_ALLOCATE|[56]|Bytes:5
10:51:17.0 (919704)|HEAP_ALLOCATE|[64]|Bytes:7
10:51:17.0 (1207962)|SYSTEM_MODE_ENTER|false
10:51:17.0 (1226510)|HEAP_ALLOCATE|[EXTERNAL]|Bytes:5
10:51:17.0 (1238631)|SYSTEM_MODE_EXIT|false
10:51:17.0 (1248421)|METHOD_EXIT|[5]|MyProfilePageControllerTest
10:51:17.0 (1297046)|SYSTEM_MODE_ENTER|false
10:51:17.0 (1301148)|HEAP_ALLOCATE|[19]|Bytes:5
10:51:17.0 (1304701)|STATEMENT_EXECUTE|[17]
10:51:17.0 (1306447)|STATEMENT_EXECUTE|[19]
10:51:17.0 (1309447)|HEAP_ALLOCATE|[19]|Bytes:102
10:51:17.0 (1318813)|HEAP_ALLOCATE|[19]|Bytes:4
10:51:17.0 (2553373)|SOQL_EXECUTE_BEGIN|[19]|Aggregations:0|SELECT id, profileId, userRoleId FROM User WHERE (UserRoleId != NULL AND UserType = 'CustomerSuccess')
10:51:17.0 (6396038)|SOQL_EXECUTE_END|[19]|Rows:0
10:51:17.0 (6414456)|HEAP_ALLOCATE|[19]|Bytes:4
10:51:17.0 (6423698)|HEAP_ALLOCATE|[19]|Bytes:0
10:51:17.0 (6522380)|HEAP_ALLOCATE|[19]|Bytes:4
10:51:17.0 (6534827)|VARIABLE_SCOPE_BEGIN|[19]|existingPortalUsers|List<User>|true|false
10:51:17.0 (6569013)|VARIABLE_ASSIGNMENT|[19]|existingPortalUsers|{"s":1,"v":[]}|0x79800499
10:51:17.0 (6643539)|STATEMENT_EXECUTE|[21]
10:51:17.0 (6645622)|STATEMENT_EXECUTE|[22]
10:51:17.0 (6649497)|HEAP_ALLOCATE|[22]|Bytes:141
10:51:17.0 (6655576)|HEAP_ALLOCATE|[22]|Bytes:4
10:51:17.0 (6660934)|HEAP_ALLOCATE|[22]|Bytes:7
10:51:17.0 (6689283)|HEAP_ALLOCATE|[23]|Bytes:85
10:51:17.0 (6697742)|SYSTEM_METHOD_ENTRY|[1]|UserInfo.UserInfo()
10:51:17.0 (6700499)|STATEMENT_EXECUTE|[1]
10:51:17.0 (6707863)|SYSTEM_METHOD_EXIT|[1]|UserInfo
10:51:17.0 (6718259)|METHOD_ENTRY|[23]||System.UserInfo.getUserId()
10:51:17.0 (6760068)|METHOD_EXIT|[23]||System.UserInfo.getUserId()
10:51:17.0 (6998524)|SOQL_EXECUTE_BEGIN|[22]|Aggregations:0|SELECT id, title, firstname, lastname, email, phone, mobilephone, fax, street, city, state, postalcode, country FROM User WHERE id = :tmpVar1
10:51:17.0 (8903221)|SOQL_EXECUTE_END|[22]|Rows:1
10:51:17.0 (8916744)|HEAP_ALLOCATE|[22]|Bytes:8
10:51:17.0 (8929457)|HEAP_ALLOCATE|[22]|Bytes:94
10:51:17.0 (8941982)|HEAP_ALLOCATE|[22]|Bytes:8
10:51:17.0 (8953040)|HEAP_ALLOCATE|[22]|Bytes:30
10:51:17.0 (8981158)|HEAP_ALLOCATE|[22]|Bytes:20
10:51:17.0 (8986666)|VARIABLE_SCOPE_BEGIN|[22]|currentUser|User|true|false
10:51:17.0 (9011745)|VARIABLE_ASSIGNMENT|[22]|currentUser|{"s":1,"v":{"Id":"00524000001e3UjAAI","LastName":"Bedrijfsbureau","Email":"j.sietsema@gsa.nl","Country":"NL"}}|0x6ab05e8e
10:51:17.0 (9015993)|STATEMENT_EXECUTE|[24]
10:51:17.0 (10862111)|HEAP_ALLOCATE|[24]|Bytes:23
10:51:17.0 (10881389)|METHOD_ENTRY|[5]|01p2400000Cr5V7|MyProfilePageController.MyProfilePageController()
10:51:17.0 (10884223)|STATEMENT_EXECUTE|[5]
10:51:17.0 (10887859)|STATEMENT_EXECUTE|[5]
10:51:17.0 (10893642)|HEAP_ALLOCATE|[24]|Bytes:5
10:51:17.0 (10902879)|METHOD_EXIT|[5]|MyProfilePageController
10:51:17.0 (10921216)|HEAP_ALLOCATE|[24]|Bytes:12
10:51:17.0 (10931040)|CONSTRUCTOR_ENTRY|[24]|01p2400000Cr5V7|<init>()
10:51:17.0 (10954550)|VARIABLE_SCOPE_BEGIN|[14]|this|MyProfilePageController|true|false
10:51:17.0 (10985448)|VARIABLE_ASSIGNMENT|[14]|this|{}|0x749a0192
10:51:17.0 (10996572)|HEAP_ALLOCATE|[8]|Bytes:5
10:51:17.0 (10999731)|STATEMENT_EXECUTE|[5]
10:51:17.0 (11001832)|HEAP_ALLOCATE|[8]|Bytes:5
10:51:17.0 (11003808)|STATEMENT_EXECUTE|[7]
10:51:17.0 (11005068)|STATEMENT_EXECUTE|[8]
10:51:17.0 (11009108)|HEAP_ALLOCATE|[8]|Bytes:5
10:51:17.0 (11017066)|VARIABLE_ASSIGNMENT|[8]|this.isEdit|false|0x749a0192
10:51:17.0 (11025977)|HEAP_ALLOCATE|[8]|Bytes:6
10:51:17.0 (11044891)|STATEMENT_EXECUTE|[14]
10:51:17.0 (11046432)|STATEMENT_EXECUTE|[15]
10:51:17.0 (11049017)|HEAP_ALLOCATE|[15]|Bytes:255
10:51:17.0 (11053432)|HEAP_ALLOCATE|[15]|Bytes:4
10:51:17.0 (11061722)|METHOD_ENTRY|[18]||System.UserInfo.getUserId()
10:51:17.0 (11120222)|METHOD_EXIT|[18]||System.UserInfo.getUserId()
10:51:17.0 (12782814)|SOQL_EXECUTE_BEGIN|[15]|Aggregations:0|SELECT id, email, username, usertype, communitynickname, timezonesidkey, languagelocalekey, firstname, lastname, phone, title, street, city, country, postalcode, state, localesidkey, mobilephone, extension, fax, contact.email FROM User WHERE id = :tmpVar1
10:51:17.0 (17401011)|SOQL_EXECUTE_END|[15]|Rows:1
10:51:17.0 (17414118)|HEAP_ALLOCATE|[15]|Bytes:8
10:51:17.0 (17429129)|HEAP_ALLOCATE|[15]|Bytes:275
10:51:17.0 (17444368)|HEAP_ALLOCATE|[15]|Bytes:8
10:51:17.0 (17468306)|HEAP_ALLOCATE|[15]|Bytes:44
10:51:17.0 (17501475)|VARIABLE_ASSIGNMENT|[15]|this.user|{"s":1,"v":{"Id":"00524000001e3UjAAI","Email":"j.sietsema@gsa.nl","Username":"bedrijfsbureau@gsa.n (9 more) ...","UserType":"Standard","CommunityNickname":"GSA Bedrijfsbureau","TimeZoneSidKey":"Europe/Amsterdam","LanguageLocaleKey":"en_US","LastName":"Bedrijfsbureau","Country":"NL","LocaleSidKey":"nl_NL"}}|0x749a0192
10:51:17.0 (17528912)|HEAP_ALLOCATE|[20]|Bytes:5
10:51:17.0 (17549138)|STATEMENT_EXECUTE|[20]
10:51:17.0 (17557927)|CONSTRUCTOR_EXIT|[24]|01p2400000Cr5V7|<init>()
10:51:17.0 (17561815)|VARIABLE_SCOPE_BEGIN|[24]|controller|MyProfilePageController|true|false
10:51:17.0 (17581259)|VARIABLE_ASSIGNMENT|[24]|controller|{"isEdit":false,"user":"0x24df5587"}|0x749a0192
10:51:17.0 (17586323)|STATEMENT_EXECUTE|[25]
10:51:17.0 (17621303)|METHOD_ENTRY|[25]|01p2400000Cr5V7|MyProfilePageController.getUser()
10:51:17.0 (17638416)|VARIABLE_SCOPE_BEGIN|[10]|this|MyProfilePageController|true|false
10:51:17.0 (17651159)|VARIABLE_ASSIGNMENT|[10]|this|{"isEdit":false,"user":"0x24df5587"}|0x749a0192
10:51:17.0 (17664851)|HEAP_ALLOCATE|[11]|Bytes:5
10:51:17.0 (17668033)|STATEMENT_EXECUTE|[10]
10:51:17.0 (17669236)|STATEMENT_EXECUTE|[11]
10:51:17.0 (17677172)|METHOD_EXIT|[25]|01p2400000Cr5V7|MyProfilePageController.getUser()
10:51:17.0 (17684645)|HEAP_ALLOCATE|[25]|Bytes:42
10:51:17.0 (17723690)|STATEMENT_EXECUTE|[26]
10:51:17.0 (17730161)|METHOD_ENTRY|[26]|01p2400000Cr5V7|MyProfilePageController.getIsEdit()
10:51:17.0 (17745535)|VARIABLE_SCOPE_BEGIN|[25]|this|MyProfilePageController|true|false
10:51:17.0 (17757717)|VARIABLE_ASSIGNMENT|[25]|this|{"isEdit":false,"user":"0x24df5587"}|0x749a0192
10:51:17.0 (17768023)|HEAP_ALLOCATE|[26]|Bytes:5
10:51:17.0 (17770330)|STATEMENT_EXECUTE|[25]
10:51:17.0 (17771525)|STATEMENT_EXECUTE|[26]
10:51:17.0 (17778146)|METHOD_EXIT|[26]|01p2400000Cr5V7|MyProfilePageController.getIsEdit()
10:51:17.0 (17785328)|HEAP_ALLOCATE|[26]|Bytes:30
10:51:17.0 (17807837)|STATEMENT_EXECUTE|[27]
10:51:17.0 (17813328)|METHOD_ENTRY|[27]|01p2400000Cr5V7|MyProfilePageController.edit()
10:51:17.0 (17832198)|VARIABLE_SCOPE_BEGIN|[29]|this|MyProfilePageController|true|false
10:51:17.0 (17843380)|VARIABLE_ASSIGNMENT|[29]|this|{"isEdit":false,"user":"0x24df5587"}|0x749a0192
10:51:17.0 (17853035)|HEAP_ALLOCATE|[30]|Bytes:5
10:51:17.0 (17855677)|STATEMENT_EXECUTE|[29]
10:51:17.0 (17856855)|STATEMENT_EXECUTE|[30]
10:51:17.0 (17859595)|HEAP_ALLOCATE|[30]|Bytes:5
10:51:17.0 (17864556)|VARIABLE_ASSIGNMENT|[30]|this.isEdit|true|0x749a0192
10:51:17.0 (17870215)|METHOD_EXIT|[27]|01p2400000Cr5V7|MyProfilePageController.edit()
10:51:17.0 (17872593)|STATEMENT_EXECUTE|[28]
10:51:17.0 (17876695)|METHOD_ENTRY|[28]|01p2400000Cr5V7|MyProfilePageController.getIsEdit()
10:51:17.0 (17886365)|VARIABLE_SCOPE_BEGIN|[25]|this|MyProfilePageController|true|false
10:51:17.0 (17896095)|VARIABLE_ASSIGNMENT|[25]|this|{"isEdit":true,"user":"0x24df5587"}|0x749a0192
10:51:17.0 (17903321)|HEAP_ALLOCATE|[26]|Bytes:5
10:51:17.0 (17905563)|STATEMENT_EXECUTE|[25]
10:51:17.0 (17906651)|STATEMENT_EXECUTE|[26]
10:51:17.0 (17910888)|METHOD_EXIT|[28]|01p2400000Cr5V7|MyProfilePageController.getIsEdit()
10:51:17.0 (17927613)|STATEMENT_EXECUTE|[29]
10:51:17.0 (17932585)|METHOD_ENTRY|[29]|01p2400000Cr5V7|MyProfilePageController.cancel()
10:51:17.0 (17945677)|VARIABLE_SCOPE_BEGIN|[53]|this|MyProfilePageController|true|false
10:51:17.0 (17955659)|VARIABLE_ASSIGNMENT|[53]|this|{"isEdit":true,"user":"0x24df5587"}|0x749a0192
10:51:17.0 (17963729)|HEAP_ALLOCATE|[54]|Bytes:5
10:51:17.0 (17966283)|STATEMENT_EXECUTE|[53]
10:51:17.0 (17967548)|STATEMENT_EXECUTE|[54]
10:51:17.0 (17970151)|HEAP_ALLOCATE|[54]|Bytes:5
10:51:17.0 (17974532)|VARIABLE_ASSIGNMENT|[54]|this.isEdit|false|0x749a0192
10:51:17.0 (17976150)|STATEMENT_EXECUTE|[55]
10:51:17.0 (17978373)|HEAP_ALLOCATE|[55]|Bytes:245
10:51:17.0 (17983254)|HEAP_ALLOCATE|[55]|Bytes:4
10:51:17.0 (17991272)|METHOD_ENTRY|[58]||System.UserInfo.getUserId()
10:51:17.0 (18010076)|METHOD_EXIT|[58]||System.UserInfo.getUserId()
10:51:17.0 (18320565)|SOQL_EXECUTE_BEGIN|[55]|Aggregations:0|SELECT id, email, username, communitynickname, timezonesidkey, languagelocalekey, firstname, lastname, phone, title, street, city, country, postalcode, state, localesidkey, mobilephone, extension, fax, contact.email FROM User WHERE id = :tmpVar1
10:51:17.0 (20357052)|SOQL_EXECUTE_END|[55]|Rows:1
10:51:17.0 (20370064)|HEAP_ALLOCATE|[55]|Bytes:8
10:51:17.0 (20382634)|HEAP_ALLOCATE|[55]|Bytes:255
10:51:17.0 (20394433)|HEAP_ALLOCATE|[55]|Bytes:8
10:51:17.0 (20415803)|HEAP_ALLOCATE|[55]|Bytes:40
10:51:17.0 (20442723)|VARIABLE_ASSIGNMENT|[55]|this.user|{"s":1,"v":{"Id":"00524000001e3UjAAI","Email":"j.sietsema@gsa.nl","Username":"bedrijfsbureau@gsa.n (9 more) ...","CommunityNickname":"GSA Bedrijfsbureau","TimeZoneSidKey":"Europe/Amsterdam","LanguageLocaleKey":"en_US","LastName":"Bedrijfsbureau","Country":"NL","LocaleSidKey":"nl_NL"}}|0x749a0192
10:51:17.0 (20454476)|METHOD_EXIT|[29]|01p2400000Cr5V7|MyProfilePageController.cancel()
10:51:17.0 (20458492)|STATEMENT_EXECUTE|[30]
10:51:17.0 (20465221)|METHOD_ENTRY|[30]|01p2400000Cr5V7|MyProfilePageController.getIsEdit()
10:51:17.0 (20477406)|VARIABLE_SCOPE_BEGIN|[25]|this|MyProfilePageController|true|false
10:51:17.0 (20493423)|VARIABLE_ASSIGNMENT|[25]|this|{"isEdit":false,"user":"0x79246346"}|0x749a0192
10:51:17.0 (20509088)|HEAP_ALLOCATE|[26]|Bytes:5
10:51:17.0 (20512237)|STATEMENT_EXECUTE|[25]
10:51:17.0 (20513611)|STATEMENT_EXECUTE|[26]
10:51:17.0 (20519656)|METHOD_EXIT|[30]|01p2400000Cr5V7|MyProfilePageController.getIsEdit()
10:51:17.0 (20557588)|STATEMENT_EXECUTE|[32]
10:51:17.0 (20588556)|HEAP_ALLOCATE|[32]|Bytes:4
10:51:17.0 (20690999)|VARIABLE_SCOPE_BEGIN|[32]|c|Contact|true|false
10:51:17.0 (20703278)|VARIABLE_ASSIGNMENT|[32]|c|{}|0x3559462e
10:51:17.0 (20705881)|STATEMENT_EXECUTE|[33]
10:51:17.0 (20709357)|HEAP_ALLOCATE|[33]|Bytes:11
10:51:17.0 (20777077)|VARIABLE_ASSIGNMENT|[33]|this.LastName|"TestContact"|0x3559462e
10:51:17.0 (20779914)|STATEMENT_EXECUTE|[34]
10:51:17.0 (20801403)|HEAP_ALLOCATE|[34]|Bytes:8
10:51:17.0 (20813665)|DML_BEGIN|[34]|Op:Insert|Type:Contact|Rows:1
10:51:17.0 (20834468)|HEAP_ALLOCATE|[EXTERNAL]|Bytes:8
10:51:17.0 (68539619)|DML_END|[34]
10:51:17.0 (68575542)|STATEMENT_EXECUTE|[36]
10:51:17.0 (68658584)|VARIABLE_ASSIGNMENT|[36]|this.Title|null|0x3559462e
10:51:17.0 (68661867)|STATEMENT_EXECUTE|[37]
10:51:17.0 (68687706)|VARIABLE_ASSIGNMENT|[37]|this.FirstName|null|0x3559462e
10:51:17.0 (68689867)|STATEMENT_EXECUTE|[38]
10:51:17.0 (68734376)|VARIABLE_ASSIGNMENT|[38]|this.LastName|"Bedrijfsbureau"|0x3559462e
10:51:17.0 (68736915)|STATEMENT_EXECUTE|[39]
10:51:17.0 (68762234)|VARIABLE_ASSIGNMENT|[39]|this.Email|"j.sietsema@gsa.nl"|0x3559462e
10:51:17.0 (68764435)|STATEMENT_EXECUTE|[40]
10:51:17.0 (68779464)|VARIABLE_ASSIGNMENT|[40]|this.Phone|null|0x3559462e
10:51:17.0 (68781294)|STATEMENT_EXECUTE|[41]
10:51:17.0 (68798725)|VARIABLE_ASSIGNMENT|[41]|this.MobilePhone|null|0x3559462e
10:51:17.0 (68800721)|STATEMENT_EXECUTE|[42]
10:51:17.0 (68816112)|VARIABLE_ASSIGNMENT|[42]|this.Fax|null|0x3559462e
10:51:17.0 (68818228)|STATEMENT_EXECUTE|[43]
10:51:17.0 (68833232)|VARIABLE_ASSIGNMENT|[43]|this.MailingStreet|null|0x3559462e
10:51:17.0 (68835163)|STATEMENT_EXECUTE|[44]
10:51:17.0 (68857605)|VARIABLE_ASSIGNMENT|[44]|this.MailingCity|null|0x3559462e
10:51:17.0 (68861182)|STATEMENT_EXECUTE|[45]
10:51:17.0 (68892659)|VARIABLE_ASSIGNMENT|[45]|this.MailingState|null|0x3559462e
10:51:17.0 (68896404)|STATEMENT_EXECUTE|[46]
10:51:17.0 (68928489)|VARIABLE_ASSIGNMENT|[46]|this.MailingPostalCode|null|0x3559462e
10:51:17.0 (68932108)|STATEMENT_EXECUTE|[47]
10:51:17.0 (68971540)|VARIABLE_ASSIGNMENT|[47]|this.MailingCountry|"NL"|0x3559462e
10:51:17.0 (68974180)|STATEMENT_EXECUTE|[48]
10:51:17.0 (69001283)|METHOD_ENTRY|[48]|01p2400000Cr5V7|MyProfilePageController.save()
10:51:17.0 (69047407)|VARIABLE_SCOPE_BEGIN|[33]|this|MyProfilePageController|true|false
10:51:17.0 (69084666)|VARIABLE_ASSIGNMENT|[33]|this|{"isEdit":false,"user":"0x79246346"}|0x749a0192
10:51:17.0 (69116584)|HEAP_ALLOCATE|[34]|Bytes:5
10:51:17.0 (69122717)|STATEMENT_EXECUTE|[33]
10:51:17.0 (69151861)|STATEMENT_EXECUTE|[34]
10:51:17.0 (69154264)|STATEMENT_EXECUTE|[38]
10:51:17.0 (69155869)|STATEMENT_EXECUTE|[38]
10:51:17.0 (69157021)|STATEMENT_EXECUTE|[39]
10:51:17.0 (69192136)|HEAP_ALLOCATE|[39]|Bytes:8
10:51:17.0 (69205877)|DML_BEGIN|[39]|Op:Update|Type:User|Rows:1
10:51:17.0 (69235621)|HEAP_ALLOCATE|[EXTERNAL]|Bytes:8
10:51:17.0 (111201726)|CODE_UNIT_STARTED|[EXTERNAL]|01q24000000PhJT|UserTrigger on User trigger event BeforeUpdate for [00524000001e3Uj]
10:51:17.0 (111268469)|HEAP_ALLOCATE|[EXTERNAL]|Bytes:8
10:51:17.0 (111301613)|HEAP_ALLOCATE|[EXTERNAL]|Bytes:8
10:51:17.0 (111407901)|HEAP_ALLOCATE|[EXTERNAL]|Bytes:4
10:51:17.0 (111418589)|VARIABLE_SCOPE_BEGIN|[1]|this|UserTrigger|true|false
10:51:17.0 (111454400)|VARIABLE_ASSIGNMENT|[1]|this|{}|0x552bbedb
10:51:17.0 (111498061)|HEAP_ALLOCATE|[EXTERNAL]|Bytes:4
10:51:17.0 (111504596)|VARIABLE_SCOPE_BEGIN|[1]|this|UserTrigger|true|false
10:51:17.0 (111511914)|VARIABLE_ASSIGNMENT|[1]|this|{}|0x552bbedb
10:51:17.0 (111517088)|STATEMENT_EXECUTE|[1]
10:51:17.0 (111518730)|STATEMENT_EXECUTE|[3]
10:51:17.0 (113129041)|HEAP_ALLOCATE|[3]|Bytes:2
10:51:17.0 (113170844)|METHOD_ENTRY|[1]|01p2400000Cr9rX|TriggerParams.TriggerParams()
10:51:17.0 (113174364)|STATEMENT_EXECUTE|[1]
10:51:17.0 (113178405)|STATEMENT_EXECUTE|[1]
10:51:17.0 (113190867)|HEAP_ALLOCATE|[3]|Bytes:5
10:51:17.0 (113205819)|METHOD_EXIT|[1]|TriggerParams
10:51:17.0 (113229968)|HEAP_ALLOCATE|[3]|Bytes:44
10:51:17.0 (113361657)|CONSTRUCTOR_ENTRY|[3]|01p2400000Cr9rX|<init>(Boolean,Boolean,Boolean,Boolean,Boolean,Boolean,List<SObject>,List<SObject>,Map<Id,SObject>,Map<Id,SObject>)
10:51:17.0 (113396188)|VARIABLE_SCOPE_BEGIN|[13]|this|TriggerParams|true|false
10:51:17.0 (113424347)|VARIABLE_ASSIGNMENT|[13]|this|{}|0x3ef77900
10:51:17.0 (113429617)|VARIABLE_SCOPE_BEGIN|[13]|isBefore|Boolean|false|false
10:51:17.0 (113436243)|VARIABLE_ASSIGNMENT|[13]|isBefore|true
10:51:17.0 (113438575)|VARIABLE_SCOPE_BEGIN|[13]|isAfter|Boolean|false|false
10:51:17.0 (113440996)|VARIABLE_ASSIGNMENT|[13]|isAfter|false
10:51:17.0 (113442930)|VARIABLE_SCOPE_BEGIN|[13]|isInsert|Boolean|false|false
10:51:17.0 (113444955)|VARIABLE_ASSIGNMENT|[13]|isInsert|false
10:51:17.0 (113446861)|VARIABLE_SCOPE_BEGIN|[13]|isUpdate|Boolean|false|false
10:51:17.0 (113448787)|VARIABLE_ASSIGNMENT|[13]|isUpdate|true
10:51:17.0 (113450559)|VARIABLE_SCOPE_BEGIN|[13]|isDelete|Boolean|false|false
10:51:17.0 (113452504)|VARIABLE_ASSIGNMENT|[13]|isDelete|false
10:51:17.0 (113454251)|VARIABLE_SCOPE_BEGIN|[13]|isUndelete|Boolean|false|false
10:51:17.0 (113456572)|VARIABLE_ASSIGNMENT|[13]|isUndelete|false
10:51:17.0 (113458516)|VARIABLE_SCOPE_BEGIN|[13]|triggerNew|List<SObject>|true|false
10:51:17.0 (114905476)|VARIABLE_ASSIGNMENT|[13]|triggerNew|{"s":1,"v":[{"ProfileId":"00e240000016RjAAAU","LastModifiedDate":"2017-01-27T09:44:26.000Z","ReceivesAdminInfoEma (3 more) ...":true,"Email":"j.sietsema@gsa.nl","IsBadged":false,"TimeZoneSidKey":"Europe/Amsterdam","LanguageLocaleKey":"en_US","UserRoleId":"00E24000000MLU5EAO","IsActive":true,"LastLoginDate":"2017-01-27T09:07:13.000Z","ForecastEnabled":false,"DigestFrequency":"D","CompanyName":"GSA","CommunityNickname":"GSA Bedrijfsbureau","CreatedById":"00524000001e3T5AAI","LastPasswordChangeDa (2 more) ...":"2016-11-17T08:28:23.000Z","LocaleSidKey":"nl_NL","EmailEncodingKey":"ISO-8859-1","ReceivesInfoEmails":false,"SystemModstamp":"2017-01-27T09:44:26.000Z","IsPortalEnabled":false,"Username":"bedrijfsbureau@gsa.n (9 more) ...","Alias":"BBGSA","DefaultGroupNotifica (13 more) ...":"N","CreatedDate":"2015-10-12T08:15:46.000Z","Country":"NL","LastName":"Bedrijfsbureau","TIMBASURVEYS__remind (15 more) ...":0,"Id":"00524000001e3UjAAI","UserType":"Standard","LastModifiedById":"00524000001e3UjAAI"}]}|0x71ceb744
10:51:17.0 (114917962)|VARIABLE_SCOPE_BEGIN|[13]|triggerOld|List<SObject>|true|false
10:51:17.0 (115450426)|VARIABLE_ASSIGNMENT|[13]|triggerOld|{"s":1,"v":[{"ProfileId":"00e240000016RjAAAU","LastModifiedDate":"2017-01-27T09:44:26.000Z","ReceivesAdminInfoEma (3 more) ...":true,"Email":"j.sietsema@gsa.nl","IsBadged":false,"TimeZoneSidKey":"Europe/Amsterdam","LanguageLocaleKey":"en_US","UserRoleId":"00E24000000MLU5EAO","IsActive":true,"LastLoginDate":"2017-01-27T09:07:13.000Z","ForecastEnabled":false,"DigestFrequency":"D","CompanyName":"GSA","CommunityNickname":"GSA Bedrijfsbureau","CreatedById":"00524000001e3T5AAI","LastPasswordChangeDa (2 more) ...":"2016-11-17T08:28:23.000Z","LocaleSidKey":"nl_NL","EmailEncodingKey":"ISO-8859-1","ReceivesInfoEmails":false,"SystemModstamp":"2017-01-27T09:44:26.000Z","IsPortalEnabled":false,"Username":"bedrijfsbureau@gsa.n (9 more) ...","Alias":"BBGSA","DefaultGroupNotifica (13 more) ...":"N","CreatedDate":"2015-10-12T08:15:46.000Z","Country":"NL","LastName":"Bedrijfsbureau","TIMBASURVEYS__remind (15 more) ...":0,"Id":"00524000001e3UjAAI","UserType":"Standard","LastModifiedById":"00524000001e3UjAAI"}]}|0x4eee21cc
10:51:17.0 (115461272)|VARIABLE_SCOPE_BEGIN|[13]|newMap|Map<Id,SObject>|true|false
10:51:17.0 (115857150)|VARIABLE_ASSIGNMENT|[13]|newMap|{"s":1,"v":{"00524000001e3UjAAI":{"ProfileId":"00e240000016RjAAAU","LastModifiedDate":"2017-01-27T09:44:26.000Z","ReceivesAdminInfoEma (3 more) ...":true,"Email":"j.sietsema@gsa.nl","IsBadged":false,"TimeZoneSidKey":"Europe/Amsterdam","LanguageLocaleKey":"en_US","UserRoleId":"00E24000000MLU5EAO","IsActive":true,"LastLoginDate":"2017-01-27T09:07:13.000Z","ForecastEnabled":false,"DigestFrequency":"D","CompanyName":"GSA","CommunityNickname":"GSA Bedrijfsbureau","CreatedById":"00524000001e3T5AAI","LastPasswordChangeDa (2 more) ...":"2016-11-17T08:28:23.000Z","LocaleSidKey":"nl_NL","EmailEncodingKey":"ISO-8859-1","ReceivesInfoEmails":false,"SystemModstamp":"2017-01-27T09:44:26.000Z","IsPortalEnabled":false,"Username":"bedrijfsbureau@gsa.n (9 more) ...","Alias":"BBGSA","DefaultGroupNotifica (13 more) ...":"N","CreatedDate":"2015-10-12T08:15:46.000Z","Country":"NL","LastName":"Bedrijfsbureau","TIMBASURVEYS__remind (15 more) ...":0,"Id":"00524000001e3UjAAI","UserType":"Standard","LastModifiedById":"00524000001e3UjAAI"}}}|0x4a1edbc2
10:51:17.0 (115867710)|VARIABLE_SCOPE_BEGIN|[13]|oldMap|Map<Id,SObject>|true|false
10:51:17.0 (116256251)|VARIABLE_ASSIGNMENT|[13]|oldMap|{"s":1,"v":{"00524000001e3UjAAI":{"ProfileId":"00e240000016RjAAAU","LastModifiedDate":"2017-01-27T09:44:26.000Z","ReceivesAdminInfoEma (3 more) ...":true,"Email":"j.sietsema@gsa.nl","IsBadged":false,"TimeZoneSidKey":"Europe/Amsterdam","LanguageLocaleKey":"en_US","UserRoleId":"00E24000000MLU5EAO","IsActive":true,"LastLoginDate":"2017-01-27T09:07:13.000Z","ForecastEnabled":false,"DigestFrequency":"D","CompanyName":"GSA","CommunityNickname":"GSA Bedrijfsbureau","CreatedById":"00524000001e3T5AAI","LastPasswordChangeDa (2 more) ...":"2016-11-17T08:28:23.000Z","LocaleSidKey":"nl_NL","EmailEncodingKey":"ISO-8859-1","ReceivesInfoEmails":false,"SystemModstamp":"2017-01-27T09:44:26.000Z","IsPortalEnabled":false,"Username":"bedrijfsbureau@gsa.n (9 more) ...","Alias":"BBGSA","DefaultGroupNotifica (13 more) ...":"N","CreatedDate":"2015-10-12T08:15:46.000Z","Country":"NL","LastName":"Bedrijfsbureau","TIMBASURVEYS__remind (15 more) ...":0,"Id":"00524000001e3UjAAI","UserType":"Standard","LastModifiedById":"00524000001e3UjAAI"}}}|0x3f13888d
10:51:17.0 (116272049)|HEAP_ALLOCATE|[16]|Bytes:5
10:51:17.0 (116276576)|STATEMENT_EXECUTE|[1]
10:51:17.0 (116279059)|HEAP_ALLOCATE|[16]|Bytes:5
10:51:17.0 (116280539)|STATEMENT_EXECUTE|[2]
10:51:17.0 (116281715)|STATEMENT_EXECUTE|[3]
10:51:17.0 (116282797)|STATEMENT_EXECUTE|[4]
10:51:17.0 (116283853)|STATEMENT_EXECUTE|[5]
10:51:17.0 (116284893)|STATEMENT_EXECUTE|[6]
10:51:17.0 (116285930)|STATEMENT_EXECUTE|[7]
10:51:17.0 (116287009)|STATEMENT_EXECUTE|[8]
10:51:17.0 (116288341)|STATEMENT_EXECUTE|[9]
10:51:17.0 (116289880)|STATEMENT_EXECUTE|[10]
10:51:17.0 (116291538)|STATEMENT_EXECUTE|[11]
10:51:17.0 (116314562)|STATEMENT_EXECUTE|[15]
10:51:17.0 (116316312)|STATEMENT_EXECUTE|[16]
10:51:17.0 (116320891)|HEAP_ALLOCATE|[16]|Bytes:5
10:51:17.0 (116329430)|VARIABLE_ASSIGNMENT|[16]|this.isBefore|true|0x3ef77900
10:51:17.0 (116331342)|STATEMENT_EXECUTE|[17]
10:51:17.0 (116333495)|HEAP_ALLOCATE|[17]|Bytes:5
10:51:17.0 (116336977)|VARIABLE_ASSIGNMENT|[17]|this.isAfter|false|0x3ef77900
10:51:17.0 (116338440)|STATEMENT_EXECUTE|[18]
10:51:17.0 (116340371)|HEAP_ALLOCATE|[18]|Bytes:5
10:51:17.0 (116343964)|VARIABLE_ASSIGNMENT|[18]|this.isInsert|false|0x3ef77900
10:51:17.0 (116345439)|STATEMENT_EXECUTE|[19]
10:51:17.0 (116347278)|HEAP_ALLOCATE|[19]|Bytes:5
10:51:17.0 (116350727)|VARIABLE_ASSIGNMENT|[19]|this.isUpdate|true|0x3ef77900
10:51:17.0 (116352245)|STATEMENT_EXECUTE|[20]
10:51:17.0 (116354215)|HEAP_ALLOCATE|[20]|Bytes:5
10:51:17.0 (116357088)|VARIABLE_ASSIGNMENT|[20]|this.isDelete|false|0x3ef77900
10:51:17.0 (116358465)|STATEMENT_EXECUTE|[21]
10:51:17.0 (116360297)|HEAP_ALLOCATE|[21]|Bytes:5
10:51:17.0 (116363399)|VARIABLE_ASSIGNMENT|[21]|this.isUndelete|false|0x3ef77900
10:51:17.0 (116365238)|STATEMENT_EXECUTE|[22]
10:51:17.0 (116764102)|VARIABLE_ASSIGNMENT|[22]|this.triggerNew|{"s":1,"v":[{"ProfileId":"00e240000016RjAAAU","LastModifiedDate":"2017-01-27T09:44:26.000Z","ReceivesAdminInfoEma (3 more) ...":true,"Email":"j.sietsema@gsa.nl","IsBadged":false,"TimeZoneSidKey":"Europe/Amsterdam","LanguageLocaleKey":"en_US","UserRoleId":"00E24000000MLU5EAO","IsActive":true,"LastLoginDate":"2017-01-27T09:07:13.000Z","ForecastEnabled":false,"DigestFrequency":"D","CompanyName":"GSA","CommunityNickname":"GSA Bedrijfsbureau","CreatedById":"00524000001e3T5AAI","LastPasswordChangeDa (2 more) ...":"2016-11-17T08:28:23.000Z","LocaleSidKey":"nl_NL","EmailEncodingKey":"ISO-8859-1","ReceivesInfoEmails":false,"SystemModstamp":"2017-01-27T09:44:26.000Z","IsPortalEnabled":false,"Username":"bedrijfsbureau@gsa.n (9 more) ...","Alias":"BBGSA","DefaultGroupNotifica (13 more) ...":"N","CreatedDate":"2015-10-12T08:15:46.000Z","Country":"NL","LastName":"Bedrijfsbureau","TIMBASURVEYS__remind (15 more) ...":0,"Id":"00524000001e3UjAAI","UserType":"Standard","LastModifiedById":"00524000001e3UjAAI"}]}|0x3ef77900
10:51:17.0 (116771904)|STATEMENT_EXECUTE|[23]
10:51:17.0 (117161925)|VARIABLE_ASSIGNMENT|[23]|this.triggerOld|{"s":1,"v":[{"ProfileId":"00e240000016RjAAAU","LastModifiedDate":"2017-01-27T09:44:26.000Z","ReceivesAdminInfoEma (3 more) ...":true,"Email":"j.sietsema@gsa.nl","IsBadged":false,"TimeZoneSidKey":"Europe/Amsterdam","LanguageLocaleKey":"en_US","UserRoleId":"00E24000000MLU5EAO","IsActive":true,"LastLoginDate":"2017-01-27T09:07:13.000Z","ForecastEnabled":false,"DigestFrequency":"D","CompanyName":"GSA","CommunityNickname":"GSA Bedrijfsbureau","CreatedById":"00524000001e3T5AAI","LastPasswordChangeDa (2 more) ...":"2016-11-17T08:28:23.000Z","LocaleSidKey":"nl_NL","EmailEncodingKey":"ISO-8859-1","ReceivesInfoEmails":false,"SystemModstamp":"2017-01-27T09:44:26.000Z","IsPortalEnabled":false,"Username":"bedrijfsbureau@gsa.n (9 more) ...","Alias":"BBGSA","DefaultGroupNotifica (13 more) ...":"N","CreatedDate":"2015-10-12T08:15:46.000Z","Country":"NL","LastName":"Bedrijfsbureau","TIMBASURVEYS__remind (15 more) ...":0,"Id":"00524000001e3UjAAI","UserType":"Standard","LastModifiedById":"00524000001e3UjAAI"}]}|0x3ef77900
10:51:17.0 (117170335)|STATEMENT_EXECUTE|[24]
10:51:17.0 (117561469)|VARIABLE_ASSIGNMENT|[24]|this.newMap|{"s":1,"v":{"00524000001e3UjAAI":{"ProfileId":"00e240000016RjAAAU","LastModifiedDate":"2017-01-27T09:44:26.000Z","ReceivesAdminInfoEma (3 more) ...":true,"Email":"j.sietsema@gsa.nl","IsBadged":false,"TimeZoneSidKey":"Europe/Amsterdam","LanguageLocaleKey":"en_US","UserRoleId":"00E24000000MLU5EAO","IsActive":true,"LastLoginDate":"2017-01-27T09:07:13.000Z","ForecastEnabled":false,"DigestFrequency":"D","CompanyName":"GSA","CommunityNickname":"GSA Bedrijfsbureau","CreatedById":"00524000001e3T5AAI","LastPasswordChangeDa (2 more) ...":"2016-11-17T08:28:23.000Z","LocaleSidKey":"nl_NL","EmailEncodingKey":"ISO-8859-1","ReceivesInfoEmails":false,"SystemModstamp":"2017-01-27T09:44:26.000Z","IsPortalEnabled":false,"Username":"bedrijfsbureau@gsa.n (9 more) ...","Alias":"BBGSA","DefaultGroupNotifica (13 more) ...":"N","CreatedDate":"2015-10-12T08:15:46.000Z","Country":"NL","LastName":"Bedrijfsbureau","TIMBASURVEYS__remind (15 more) ...":0,"Id":"00524000001e3UjAAI","UserType":"Standard","LastModifiedById":"00524000001e3UjAAI"}}}|0x3ef77900
10:51:17.0 (117569595)|STATEMENT_EXECUTE|[25]
10:51:17.0 (117953150)|VARIABLE_ASSIGNMENT|[25]|this.oldMap|{"s":1,"v":{"00524000001e3UjAAI":{"ProfileId":"00e240000016RjAAAU","LastModifiedDate":"2017-01-27T09:44:26.000Z","ReceivesAdminInfoEma (3 more) ...":true,"Email":"j.sietsema@gsa.nl","IsBadged":false,"TimeZoneSidKey":"Europe/Amsterdam","LanguageLocaleKey":"en_US","UserRoleId":"00E24000000MLU5EAO","IsActive":true,"LastLoginDate":"2017-01-27T09:07:13.000Z","ForecastEnabled":false,"DigestFrequency":"D","CompanyName":"GSA","CommunityNickname":"GSA Bedrijfsbureau","CreatedById":"00524000001e3T5AAI","LastPasswordChangeDa (2 more) ...":"2016-11-17T08:28:23.000Z","LocaleSidKey":"nl_NL","EmailEncodingKey":"ISO-8859-1","ReceivesInfoEmails":false,"SystemModstamp":"2017-01-27T09:44:26.000Z","IsPortalEnabled":false,"Username":"bedrijfsbureau@gsa.n (9 more) ...","Alias":"BBGSA","DefaultGroupNotifica (13 more) ...":"N","CreatedDate":"2015-10-12T08:15:46.000Z","Country":"NL","LastName":"Bedrijfsbureau","TIMBASURVEYS__remind (15 more) ...":0,"Id":"00524000001e3UjAAI","UserType":"Standard","LastModifiedById":"00524000001e3UjAAI"}}}|0x3ef77900
10:51:17.0 (117977908)|CONSTRUCTOR_EXIT|[3]|01p2400000Cr9rX|<init>(Boolean,Boolean,Boolean,Boolean,Boolean,Boolean,List<SObject>,List<SObject>,Map<Id,SObject>,Map<Id,SObject>)
10:51:17.0 (120508120)|HEAP_ALLOCATE|[3]|Bytes:4
10:51:17.0 (120515391)|HEAP_ALLOCATE|[3]|Bytes:77
10:51:17.0 (120530393)|METHOD_ENTRY|[1]|01p2400000DMxSj|UserUtil.UserUtil()
10:51:17.0 (120532957)|STATEMENT_EXECUTE|[1]
10:51:17.0 (120536383)|STATEMENT_EXECUTE|[1]
10:51:17.0 (120871249)|SYSTEM_MODE_ENTER|false
10:51:17.0 (120880601)|HEAP_ALLOCATE|[3]|Bytes:5
10:51:17.0 (120889370)|SYSTEM_MODE_EXIT|false
10:51:17.0 (120898345)|METHOD_EXIT|[1]|UserUtil
10:51:17.0 (120920340)|METHOD_ENTRY|[3]|01p2400000DMxSj|UserUtil.entry(TriggerParams)
10:51:17.0 (120926109)|VARIABLE_SCOPE_BEGIN|[2]|triggerParams|TriggerParams|true|false
10:51:17.0 (120955591)|VARIABLE_ASSIGNMENT|[2]|triggerParams|{"isAfter":false,"isBefore":true,"isDelete":false,"isInsert":false,"isUndelete":false,"isUpdate":true,"newMap":"0x4a1edbc2","oldMap":"0x3f13888d","triggerNew":"0x71ceb744","triggerOld":"0x4eee21cc"}|0x3ef77900
10:51:17.0 (120977545)|SYSTEM_MODE_ENTER|false
10:51:17.0 (120982399)|HEAP_ALLOCATE|[3]|Bytes:5
10:51:17.0 (120986181)|STATEMENT_EXECUTE|[2]
10:51:17.0 (120987545)|STATEMENT_EXECUTE|[3]
10:51:17.0 (120996025)|VARIABLE_SCOPE_BEGIN|[3]|triggerNew|List<User>|true|false
10:51:17.0 (121715490)|VARIABLE_ASSIGNMENT|[3]|triggerNew|{"s":1,"v":[{"ProfileId":"00e240000016RjAAAU","LastModifiedDate":"2017-01-27T09:44:26.000Z","ReceivesAdminInfoEma (3 more) ...":true,"Email":"j.sietsema@gsa.nl","IsBadged":false,"TimeZoneSidKey":"Europe/Amsterdam","LanguageLocaleKey":"en_US","UserRoleId":"00E24000000MLU5EAO","IsActive":true,"LastLoginDate":"2017-01-27T09:07:13.000Z","ForecastEnabled":false,"DigestFrequency":"D","CompanyName":"GSA","CommunityNickname":"GSA Bedrijfsbureau","CreatedById":"00524000001e3T5AAI","LastPasswordChangeDa (2 more) ...":"2016-11-17T08:28:23.000Z","LocaleSidKey":"nl_NL","EmailEncodingKey":"ISO-8859-1","ReceivesInfoEmails":false,"SystemModstamp":"2017-01-27T09:44:26.000Z","IsPortalEnabled":false,"Username":"bedrijfsbureau@gsa.n (9 more) ...","Alias":"BBGSA","DefaultGroupNotifica (13 more) ...":"N","CreatedDate":"2015-10-12T08:15:46.000Z","Country":"NL","LastName":"Bedrijfsbureau","TIMBASURVEYS__remind (15 more) ...":0,"Id":"00524000001e3UjAAI","UserType":"Standard","LastModifiedById":"00524000001e3UjAAI"}]}|0x71ceb744
10:51:17.0 (121724656)|STATEMENT_EXECUTE|[4]
10:51:17.0 (121733542)|VARIABLE_SCOPE_BEGIN|[4]|triggerOld|List<User>|true|false
10:51:17.0 (122138873)|VARIABLE_ASSIGNMENT|[4]|triggerOld|{"s":1,"v":[{"ProfileId":"00e240000016RjAAAU","LastModifiedDate":"2017-01-27T09:44:26.000Z","ReceivesAdminInfoEma (3 more) ...":true,"Email":"j.sietsema@gsa.nl","IsBadged":false,"TimeZoneSidKey":"Europe/Amsterdam","LanguageLocaleKey":"en_US","UserRoleId":"00E24000000MLU5EAO","IsActive":true,"LastLoginDate":"2017-01-27T09:07:13.000Z","ForecastEnabled":false,"DigestFrequency":"D","CompanyName":"GSA","CommunityNickname":"GSA Bedrijfsbureau","CreatedById":"00524000001e3T5AAI","LastPasswordChangeDa (2 more) ...":"2016-11-17T08:28:23.000Z","LocaleSidKey":"nl_NL","EmailEncodingKey":"ISO-8859-1","ReceivesInfoEmails":false,"SystemModstamp":"2017-01-27T09:44:26.000Z","IsPortalEnabled":false,"Username":"bedrijfsbureau@gsa.n (9 more) ...","Alias":"BBGSA","DefaultGroupNotifica (13 more) ...":"N","CreatedDate":"2015-10-12T08:15:46.000Z","Country":"NL","LastName":"Bedrijfsbureau","TIMBASURVEYS__remind (15 more) ...":0,"Id":"00524000001e3UjAAI","UserType":"Standard","LastModifiedById":"00524000001e3UjAAI"}]}|0x4eee21cc
10:51:17.0 (122147683)|STATEMENT_EXECUTE|[5]
10:51:17.0 (122164210)|VARIABLE_SCOPE_BEGIN|[5]|oldMap|Map<Id,User>|true|false
10:51:17.0 (122560203)|VARIABLE_ASSIGNMENT|[5]|oldMap|{"s":1,"v":{"00524000001e3UjAAI":{"ProfileId":"00e240000016RjAAAU","LastModifiedDate":"2017-01-27T09:44:26.000Z","ReceivesAdminInfoEma (3 more) ...":true,"Email":"j.sietsema@gsa.nl","IsBadged":false,"TimeZoneSidKey":"Europe/Amsterdam","LanguageLocaleKey":"en_US","UserRoleId":"00E24000000MLU5EAO","IsActive":true,"LastLoginDate":"2017-01-27T09:07:13.000Z","ForecastEnabled":false,"DigestFrequency":"D","CompanyName":"GSA","CommunityNickname":"GSA Bedrijfsbureau","CreatedById":"00524000001e3T5AAI","LastPasswordChangeDa (2 more) ...":"2016-11-17T08:28:23.000Z","LocaleSidKey":"nl_NL","EmailEncodingKey":"ISO-8859-1","ReceivesInfoEmails":false,"SystemModstamp":"2017-01-27T09:44:26.000Z","IsPortalEnabled":false,"Username":"bedrijfsbureau@gsa.n (9 more) ...","Alias":"BBGSA","DefaultGroupNotifica (13 more) ...":"N","CreatedDate":"2015-10-12T08:15:46.000Z","Country":"NL","LastName":"Bedrijfsbureau","TIMBASURVEYS__remind (15 more) ...":0,"Id":"00524000001e3UjAAI","UserType":"Standard","LastModifiedById":"00524000001e3UjAAI"}}}|0x3f13888d
10:51:17.0 (122568050)|STATEMENT_EXECUTE|[6]
10:51:17.0 (122574960)|VARIABLE_SCOPE_BEGIN|[6]|newMap|Map<Id,User>|true|false
10:51:17.0 (122964049)|VARIABLE_ASSIGNMENT|[6]|newMap|{"s":1,"v":{"00524000001e3UjAAI":{"ProfileId":"00e240000016RjAAAU","LastModifiedDate":"2017-01-27T09:44:26.000Z","ReceivesAdminInfoEma (3 more) ...":true,"Email":"j.sietsema@gsa.nl","IsBadged":false,"TimeZoneSidKey":"Europe/Amsterdam","LanguageLocaleKey":"en_US","UserRoleId":"00E24000000MLU5EAO","IsActive":true,"LastLoginDate":"2017-01-27T09:07:13.000Z","ForecastEnabled":false,"DigestFrequency":"D","CompanyName":"GSA","CommunityNickname":"GSA Bedrijfsbureau","CreatedById":"00524000001e3T5AAI","LastPasswordChangeDa (2 more) ...":"2016-11-17T08:28:23.000Z","LocaleSidKey":"nl_NL","EmailEncodingKey":"ISO-8859-1","ReceivesInfoEmails":false,"SystemModstamp":"2017-01-27T09:44:26.000Z","IsPortalEnabled":false,"Username":"bedrijfsbureau@gsa.n (9 more) ...","Alias":"BBGSA","DefaultGroupNotifica (13 more) ...":"N","CreatedDate":"2015-10-12T08:15:46.000Z","Country":"NL","LastName":"Bedrijfsbureau","TIMBASURVEYS__remind (15 more) ...":0,"Id":"00524000001e3UjAAI","UserType":"Standard","LastModifiedById":"00524000001e3UjAAI"}}}|0x4a1edbc2
10:51:17.0 (122975723)|STATEMENT_EXECUTE|[9]
10:51:17.0 (122980404)|SYSTEM_MODE_EXIT|false
10:51:17.0 (122991644)|METHOD_EXIT|[3]|01p2400000DMxSj|UserUtil.entry(TriggerParams)
10:51:17.123 (123002164)|CUMULATIVE_LIMIT_USAGE
10:51:17.123 (123002164)|LIMIT_USAGE_FOR_NS|(default)|
  Number of SOQL queries: 4 out of 100
  Number of query rows: 3 out of 50000
  Number of SOSL queries: 0 out of 20
  Number of DML statements: 2 out of 150
  Number of DML rows: 2 out of 10000
  Maximum CPU time: 0 out of 10000
  Maximum heap size: 0 out of 6000000
  Number of callouts: 0 out of 100
  Number of Email Invocations: 0 out of 10
  Number of future calls: 0 out of 50
  Number of queueable jobs added to the queue: 0 out of 50
  Number of Mobile Apex push calls: 0 out of 10

10:51:17.123 (123002164)|CUMULATIVE_LIMIT_USAGE_END

10:51:17.0 (124201332)|CODE_UNIT_FINISHED|UserTrigger on User trigger event BeforeUpdate for [00524000001e3Uj]
10:51:17.0 (177382336)|CODE_UNIT_STARTED|[EXTERNAL]|01q24000000PhJT|UserTrigger on User trigger event AfterUpdate for [00524000001e3Uj]
10:51:17.0 (177414198)|HEAP_ALLOCATE|[EXTERNAL]|Bytes:8
10:51:17.0 (177444375)|HEAP_ALLOCATE|[EXTERNAL]|Bytes:8
10:51:17.0 (177504343)|HEAP_ALLOCATE|[EXTERNAL]|Bytes:4
10:51:17.0 (177514258)|VARIABLE_SCOPE_BEGIN|[1]|this|UserTrigger|true|false
10:51:17.0 (177542450)|VARIABLE_ASSIGNMENT|[1]|this|{}|0x38399113
10:51:17.0 (177569162)|HEAP_ALLOCATE|[EXTERNAL]|Bytes:4
10:51:17.0 (177573592)|VARIABLE_SCOPE_BEGIN|[1]|this|UserTrigger|true|false
10:51:17.0 (177580137)|VARIABLE_ASSIGNMENT|[1]|this|{}|0x38399113
10:51:17.0 (177585459)|STATEMENT_EXECUTE|[1]
10:51:17.0 (177587139)|STATEMENT_EXECUTE|[3]
10:51:17.0 (177596213)|HEAP_ALLOCATE|[3]|Bytes:44
10:51:17.0 (177684090)|CONSTRUCTOR_ENTRY|[3]|01p2400000Cr9rX|<init>(Boolean,Boolean,Boolean,Boolean,Boolean,Boolean,List<SObject>,List<SObject>,Map<Id,SObject>,Map<Id,SObject>)
10:51:17.0 (177693192)|VARIABLE_SCOPE_BEGIN|[13]|this|TriggerParams|true|false
10:51:17.0 (177712823)|VARIABLE_ASSIGNMENT|[13]|this|{}|0x699b16ea
10:51:17.0 (177722083)|VARIABLE_SCOPE_BEGIN|[13]|isBefore|Boolean|false|false
10:51:17.0 (177727751)|VARIABLE_ASSIGNMENT|[13]|isBefore|false
10:51:17.0 (177730309)|VARIABLE_SCOPE_BEGIN|[13]|isAfter|Boolean|false|false
10:51:17.0 (177732592)|VARIABLE_ASSIGNMENT|[13]|isAfter|true
10:51:17.0 (177734746)|VARIABLE_SCOPE_BEGIN|[13]|isInsert|Boolean|false|false
10:51:17.0 (177736777)|VARIABLE_ASSIGNMENT|[13]|isInsert|false
10:51:17.0 (177738857)|VARIABLE_SCOPE_BEGIN|[13]|isUpdate|Boolean|false|false
10:51:17.0 (177740882)|VARIABLE_ASSIGNMENT|[13]|isUpdate|true
10:51:17.0 (177742826)|VARIABLE_SCOPE_BEGIN|[13]|isDelete|Boolean|false|false
10:51:17.0 (177745292)|VARIABLE_ASSIGNMENT|[13]|isDelete|false
10:51:17.0 (177747122)|VARIABLE_SCOPE_BEGIN|[13]|isUndelete|Boolean|false|false
10:51:17.0 (177749241)|VARIABLE_ASSIGNMENT|[13]|isUndelete|false
10:51:17.0 (177750983)|VARIABLE_SCOPE_BEGIN|[13]|triggerNew|List<SObject>|true|false
10:51:17.0 (178580856)|VARIABLE_ASSIGNMENT|[13]|triggerNew|{"s":1,"v":[{"ProfileId":"00e240000016RjAAAU","LastModifiedDate":"2017-01-27T09:51:17.000Z","ReceivesAdminInfoEma (3 more) ...":true,"Email":"j.sietsema@gsa.nl","IsBadged":false,"TimeZoneSidKey":"Europe/Amsterdam","LanguageLocaleKey":"en_US","UserRoleId":"00E24000000MLU5EAO","IsActive":true,"LastLoginDate":"2017-01-27T09:07:13.000Z","ForecastEnabled":false,"DigestFrequency":"D","CompanyName":"GSA","CommunityNickname":"GSA Bedrijfsbureau","CreatedById":"00524000001e3T5AAI","LastPasswordChangeDa (2 more) ...":"2016-11-17T08:28:23.000Z","LocaleSidKey":"nl_NL","EmailEncodingKey":"ISO-8859-1","ReceivesInfoEmails":false,"SystemModstamp":"2017-01-27T09:51:17.000Z","IsPortalEnabled":false,"Username":"bedrijfsbureau@gsa.n (9 more) ...","Alias":"BBGSA","DefaultGroupNotifica (13 more) ...":"N","CreatedDate":"2015-10-12T08:15:46.000Z","Country":"NL","LastName":"Bedrijfsbureau","TIMBASURVEYS__remind (15 more) ...":0,"Id":"00524000001e3UjAAI","UserType":"Standard","LastModifiedById":"00524000001e3UjAAI"}]}|0x1b04ba44
10:51:17.0 (178590430)|VARIABLE_SCOPE_BEGIN|[13]|triggerOld|List<SObject>|true|false
10:51:17.0 (179099468)|VARIABLE_ASSIGNMENT|[13]|triggerOld|{"s":1,"v":[{"ProfileId":"00e240000016RjAAAU","LastModifiedDate":"2017-01-27T09:44:26.000Z","ReceivesAdminInfoEma (3 more) ...":true,"Email":"j.sietsema@gsa.nl","IsBadged":false,"TimeZoneSidKey":"Europe/Amsterdam","LanguageLocaleKey":"en_US","UserRoleId":"00E24000000MLU5EAO","IsActive":true,"LastLoginDate":"2017-01-27T09:07:13.000Z","ForecastEnabled":false,"DigestFrequency":"D","CompanyName":"GSA","CommunityNickname":"GSA Bedrijfsbureau","CreatedById":"00524000001e3T5AAI","LastPasswordChangeDa (2 more) ...":"2016-11-17T08:28:23.000Z","LocaleSidKey":"nl_NL","EmailEncodingKey":"ISO-8859-1","ReceivesInfoEmails":false,"SystemModstamp":"2017-01-27T09:44:26.000Z","IsPortalEnabled":false,"Username":"bedrijfsbureau@gsa.n (9 more) ...","Alias":"BBGSA","DefaultGroupNotifica (13 more) ...":"N","CreatedDate":"2015-10-12T08:15:46.000Z","Country":"NL","LastName":"Bedrijfsbureau","TIMBASURVEYS__remind (15 more) ...":0,"Id":"00524000001e3UjAAI","UserType":"Standard","LastModifiedById":"00524000001e3UjAAI"}]}|0x315d0b8a
10:51:17.0 (179108531)|VARIABLE_SCOPE_BEGIN|[13]|newMap|Map<Id,SObject>|true|false
10:51:17.0 (179509888)|VARIABLE_ASSIGNMENT|[13]|newMap|{"s":1,"v":{"00524000001e3UjAAI":{"ProfileId":"00e240000016RjAAAU","LastModifiedDate":"2017-01-27T09:51:17.000Z","ReceivesAdminInfoEma (3 more) ...":true,"Email":"j.sietsema@gsa.nl","IsBadged":false,"TimeZoneSidKey":"Europe/Amsterdam","LanguageLocaleKey":"en_US","UserRoleId":"00E24000000MLU5EAO","IsActive":true,"LastLoginDate":"2017-01-27T09:07:13.000Z","ForecastEnabled":false,"DigestFrequency":"D","CompanyName":"GSA","CommunityNickname":"GSA Bedrijfsbureau","CreatedById":"00524000001e3T5AAI","LastPasswordChangeDa (2 more) ...":"2016-11-17T08:28:23.000Z","LocaleSidKey":"nl_NL","EmailEncodingKey":"ISO-8859-1","ReceivesInfoEmails":false,"SystemModstamp":"2017-01-27T09:51:17.000Z","IsPortalEnabled":false,"Username":"bedrijfsbureau@gsa.n (9 more) ...","Alias":"BBGSA","DefaultGroupNotifica (13 more) ...":"N","CreatedDate":"2015-10-12T08:15:46.000Z","Country":"NL","LastName":"Bedrijfsbureau","TIMBASURVEYS__remind (15 more) ...":0,"Id":"00524000001e3UjAAI","UserType":"Standard","LastModifiedById":"00524000001e3UjAAI"}}}|0x4518a5bb
10:51:17.0 (179520275)|VARIABLE_SCOPE_BEGIN|[13]|oldMap|Map<Id,SObject>|true|false
10:51:17.0 (179907925)|VARIABLE_ASSIGNMENT|[13]|oldMap|{"s":1,"v":{"00524000001e3UjAAI":{"ProfileId":"00e240000016RjAAAU","LastModifiedDate":"2017-01-27T09:44:26.000Z","ReceivesAdminInfoEma (3 more) ...":true,"Email":"j.sietsema@gsa.nl","IsBadged":false,"TimeZoneSidKey":"Europe/Amsterdam","LanguageLocaleKey":"en_US","UserRoleId":"00E24000000MLU5EAO","IsActive":true,"LastLoginDate":"2017-01-27T09:07:13.000Z","ForecastEnabled":false,"DigestFrequency":"D","CompanyName":"GSA","CommunityNickname":"GSA Bedrijfsbureau","CreatedById":"00524000001e3T5AAI","LastPasswordChangeDa (2 more) ...":"2016-11-17T08:28:23.000Z","LocaleSidKey":"nl_NL","EmailEncodingKey":"ISO-8859-1","ReceivesInfoEmails":false,"SystemModstamp":"2017-01-27T09:44:26.000Z","IsPortalEnabled":false,"Username":"bedrijfsbureau@gsa.n (9 more) ...","Alias":"BBGSA","DefaultGroupNotifica (13 more) ...":"N","CreatedDate":"2015-10-12T08:15:46.000Z","Country":"NL","LastName":"Bedrijfsbureau","TIMBASURVEYS__remind (15 more) ...":0,"Id":"00524000001e3UjAAI","UserType":"Standard","LastModifiedById":"00524000001e3UjAAI"}}}|0x7485c7b4
10:51:17.0 (179926245)|HEAP_ALLOCATE|[16]|Bytes:5
10:51:17.0 (179930792)|STATEMENT_EXECUTE|[1]
10:51:17.0 (179933249)|HEAP_ALLOCATE|[16]|Bytes:5
10:51:17.0 (179934917)|STATEMENT_EXECUTE|[2]
10:51:17.0 (179936159)|STATEMENT_EXECUTE|[3]
10:51:17.0 (179937919)|STATEMENT_EXECUTE|[4]
10:51:17.0 (179939132)|STATEMENT_EXECUTE|[5]
10:51:17.0 (179942104)|STATEMENT_EXECUTE|[6]
10:51:17.0 (179943197)|STATEMENT_EXECUTE|[7]
10:51:17.0 (179944492)|STATEMENT_EXECUTE|[8]
10:51:17.0 (179945772)|STATEMENT_EXECUTE|[9]
10:51:17.0 (179946965)|STATEMENT_EXECUTE|[10]
10:51:17.0 (179948262)|STATEMENT_EXECUTE|[11]
10:51:17.0 (179977754)|STATEMENT_EXECUTE|[15]
10:51:17.0 (179979287)|STATEMENT_EXECUTE|[16]
10:51:17.0 (179983761)|HEAP_ALLOCATE|[16]|Bytes:5
10:51:17.0 (179991402)|VARIABLE_ASSIGNMENT|[16]|this.isBefore|false|0x699b16ea
10:51:17.0 (179993468)|STATEMENT_EXECUTE|[17]
10:51:17.0 (179995537)|HEAP_ALLOCATE|[17]|Bytes:5
10:51:17.0 (179998673)|VARIABLE_ASSIGNMENT|[17]|this.isAfter|true|0x699b16ea
10:51:17.0 (180000392)|STATEMENT_EXECUTE|[18]
10:51:17.0 (180003027)|HEAP_ALLOCATE|[18]|Bytes:5
10:51:17.0 (180006383)|VARIABLE_ASSIGNMENT|[18]|this.isInsert|false|0x699b16ea
10:51:17.0 (180007740)|STATEMENT_EXECUTE|[19]
10:51:17.0 (180009796)|HEAP_ALLOCATE|[19]|Bytes:5
10:51:17.0 (180013546)|VARIABLE_ASSIGNMENT|[19]|this.isUpdate|true|0x699b16ea
10:51:17.0 (180015163)|STATEMENT_EXECUTE|[20]
10:51:17.0 (180017161)|HEAP_ALLOCATE|[20]|Bytes:5
10:51:17.0 (180020023)|VARIABLE_ASSIGNMENT|[20]|this.isDelete|false|0x699b16ea
10:51:17.0 (180021365)|STATEMENT_EXECUTE|[21]
10:51:17.0 (180023203)|HEAP_ALLOCATE|[21]|Bytes:5
10:51:17.0 (180026173)|VARIABLE_ASSIGNMENT|[21]|this.isUndelete|false|0x699b16ea
10:51:17.0 (180027638)|STATEMENT_EXECUTE|[22]
10:51:17.0 (180433238)|VARIABLE_ASSIGNMENT|[22]|this.triggerNew|{"s":1,"v":[{"ProfileId":"00e240000016RjAAAU","LastModifiedDate":"2017-01-27T09:51:17.000Z","ReceivesAdminInfoEma (3 more) ...":true,"Email":"j.sietsema@gsa.nl","IsBadged":false,"TimeZoneSidKey":"Europe/Amsterdam","LanguageLocaleKey":"en_US","UserRoleId":"00E24000000MLU5EAO","IsActive":true,"LastLoginDate":"2017-01-27T09:07:13.000Z","ForecastEnabled":false,"DigestFrequency":"D","CompanyName":"GSA","CommunityNickname":"GSA Bedrijfsbureau","CreatedById":"00524000001e3T5AAI","LastPasswordChangeDa (2 more) ...":"2016-11-17T08:28:23.000Z","LocaleSidKey":"nl_NL","EmailEncodingKey":"ISO-8859-1","ReceivesInfoEmails":false,"SystemModstamp":"2017-01-27T09:51:17.000Z","IsPortalEnabled":false,"Username":"bedrijfsbureau@gsa.n (9 more) ...","Alias":"BBGSA","DefaultGroupNotifica (13 more) ...":"N","CreatedDate":"2015-10-12T08:15:46.000Z","Country":"NL","LastName":"Bedrijfsbureau","TIMBASURVEYS__remind (15 more) ...":0,"Id":"00524000001e3UjAAI","UserType":"Standard","LastModifiedById":"00524000001e3UjAAI"}]}|0x699b16ea
10:51:17.0 (180441130)|STATEMENT_EXECUTE|[23]
10:51:17.0 (180824510)|VARIABLE_ASSIGNMENT|[23]|this.triggerOld|{"s":1,"v":[{"ProfileId":"00e240000016RjAAAU","LastModifiedDate":"2017-01-27T09:44:26.000Z","ReceivesAdminInfoEma (3 more) ...":true,"Email":"j.sietsema@gsa.nl","IsBadged":false,"TimeZoneSidKey":"Europe/Amsterdam","LanguageLocaleKey":"en_US","UserRoleId":"00E24000000MLU5EAO","IsActive":true,"LastLoginDate":"2017-01-27T09:07:13.000Z","ForecastEnabled":false,"DigestFrequency":"D","CompanyName":"GSA","CommunityNickname":"GSA Bedrijfsbureau","CreatedById":"00524000001e3T5AAI","LastPasswordChangeDa (2 more) ...":"2016-11-17T08:28:23.000Z","LocaleSidKey":"nl_NL","EmailEncodingKey":"ISO-8859-1","ReceivesInfoEmails":false,"SystemModstamp":"2017-01-27T09:44:26.000Z","IsPortalEnabled":false,"Username":"bedrijfsbureau@gsa.n (9 more) ...","Alias":"BBGSA","DefaultGroupNotifica (13 more) ...":"N","CreatedDate":"2015-10-12T08:15:46.000Z","Country":"NL","LastName":"Bedrijfsbureau","TIMBASURVEYS__remind (15 more) ...":0,"Id":"00524000001e3UjAAI","UserType":"Standard","LastModifiedById":"00524000001e3UjAAI"}]}|0x699b16ea
10:51:17.0 (180834068)|STATEMENT_EXECUTE|[24]
10:51:17.0 (181224697)|VARIABLE_ASSIGNMENT|[24]|this.newMap|{"s":1,"v":{"00524000001e3UjAAI":{"ProfileId":"00e240000016RjAAAU","LastModifiedDate":"2017-01-27T09:51:17.000Z","ReceivesAdminInfoEma (3 more) ...":true,"Email":"j.sietsema@gsa.nl","IsBadged":false,"TimeZoneSidKey":"Europe/Amsterdam","LanguageLocaleKey":"en_US","UserRoleId":"00E24000000MLU5EAO","IsActive":true,"LastLoginDate":"2017-01-27T09:07:13.000Z","ForecastEnabled":false,"DigestFrequency":"D","CompanyName":"GSA","CommunityNickname":"GSA Bedrijfsbureau","CreatedById":"00524000001e3T5AAI","LastPasswordChangeDa (2 more) ...":"2016-11-17T08:28:23.000Z","LocaleSidKey":"nl_NL","EmailEncodingKey":"ISO-8859-1","ReceivesInfoEmails":false,"SystemModstamp":"2017-01-27T09:51:17.000Z","IsPortalEnabled":false,"Username":"bedrijfsbureau@gsa.n (9 more) ...","Alias":"BBGSA","DefaultGroupNotifica (13 more) ...":"N","CreatedDate":"2015-10-12T08:15:46.000Z","Country":"NL","LastName":"Bedrijfsbureau","TIMBASURVEYS__remind (15 more) ...":0,"Id":"00524000001e3UjAAI","UserType":"Standard","LastModifiedById":"00524000001e3UjAAI"}}}|0x699b16ea
10:51:17.0 (181236532)|STATEMENT_EXECUTE|[25]
10:51:17.0 (181621110)|VARIABLE_ASSIGNMENT|[25]|this.oldMap|{"s":1,"v":{"00524000001e3UjAAI":{"ProfileId":"00e240000016RjAAAU","LastModifiedDate":"2017-01-27T09:44:26.000Z","ReceivesAdminInfoEma (3 more) ...":true,"Email":"j.sietsema@gsa.nl","IsBadged":false,"TimeZoneSidKey":"Europe/Amsterdam","LanguageLocaleKey":"en_US","UserRoleId":"00E24000000MLU5EAO","IsActive":true,"LastLoginDate":"2017-01-27T09:07:13.000Z","ForecastEnabled":false,"DigestFrequency":"D","CompanyName":"GSA","CommunityNickname":"GSA Bedrijfsbureau","CreatedById":"00524000001e3T5AAI","LastPasswordChangeDa (2 more) ...":"2016-11-17T08:28:23.000Z","LocaleSidKey":"nl_NL","EmailEncodingKey":"ISO-8859-1","ReceivesInfoEmails":false,"SystemModstamp":"2017-01-27T09:44:26.000Z","IsPortalEnabled":false,"Username":"bedrijfsbureau@gsa.n (9 more) ...","Alias":"BBGSA","DefaultGroupNotifica (13 more) ...":"N","CreatedDate":"2015-10-12T08:15:46.000Z","Country":"NL","LastName":"Bedrijfsbureau","TIMBASURVEYS__remind (15 more) ...":0,"Id":"00524000001e3UjAAI","UserType":"Standard","LastModifiedById":"00524000001e3UjAAI"}}}|0x699b16ea
10:51:17.0 (181647046)|CONSTRUCTOR_EXIT|[3]|01p2400000Cr9rX|<init>(Boolean,Boolean,Boolean,Boolean,Boolean,Boolean,List<SObject>,List<SObject>,Map<Id,SObject>,Map<Id,SObject>)
10:51:17.0 (181659066)|METHOD_ENTRY|[3]|01p2400000DMxSj|UserUtil.entry(TriggerParams)
10:51:17.0 (181664208)|VARIABLE_SCOPE_BEGIN|[2]|triggerParams|TriggerParams|true|false
10:51:17.0 (181688938)|VARIABLE_ASSIGNMENT|[2]|triggerParams|{"isAfter":true,"isBefore":false,"isDelete":false,"isInsert":false,"isUndelete":false,"isUpdate":true,"newMap":"0x4518a5bb","oldMap":"0x7485c7b4","triggerNew":"0x1b04ba44","triggerOld":"0x315d0b8a"}|0x699b16ea
10:51:17.0 (182014337)|SYSTEM_MODE_ENTER|false
10:51:17.0 (182024297)|HEAP_ALLOCATE|[3]|Bytes:5
10:51:17.0 (182028893)|STATEMENT_EXECUTE|[2]
10:51:17.0 (182030468)|STATEMENT_EXECUTE|[3]
10:51:17.0 (182042610)|VARIABLE_SCOPE_BEGIN|[3]|triggerNew|List<User>|true|false
10:51:17.0 (182492782)|VARIABLE_ASSIGNMENT|[3]|triggerNew|{"s":1,"v":[{"ProfileId":"00e240000016RjAAAU","LastModifiedDate":"2017-01-27T09:51:17.000Z","ReceivesAdminInfoEma (3 more) ...":true,"Email":"j.sietsema@gsa.nl","IsBadged":false,"TimeZoneSidKey":"Europe/Amsterdam","LanguageLocaleKey":"en_US","UserRoleId":"00E24000000MLU5EAO","IsActive":true,"LastLoginDate":"2017-01-27T09:07:13.000Z","ForecastEnabled":false,"DigestFrequency":"D","CompanyName":"GSA","CommunityNickname":"GSA Bedrijfsbureau","CreatedById":"00524000001e3T5AAI","LastPasswordChangeDa (2 more) ...":"2016-11-17T08:28:23.000Z","LocaleSidKey":"nl_NL","EmailEncodingKey":"ISO-8859-1","ReceivesInfoEmails":false,"SystemModstamp":"2017-01-27T09:51:17.000Z","IsPortalEnabled":false,"Username":"bedrijfsbureau@gsa.n (9 more) ...","Alias":"BBGSA","DefaultGroupNotifica (13 more) ...":"N","CreatedDate":"2015-10-12T08:15:46.000Z","Country":"NL","LastName":"Bedrijfsbureau","TIMBASURVEYS__remind (15 more) ...":0,"Id":"00524000001e3UjAAI","UserType":"Standard","LastModifiedById":"00524000001e3UjAAI"}]}|0x1b04ba44
10:51:17.0 (182500813)|STATEMENT_EXECUTE|[4]
10:51:17.0 (182506740)|VARIABLE_SCOPE_BEGIN|[4]|triggerOld|List<User>|true|false
10:51:17.0 (182897611)|VARIABLE_ASSIGNMENT|[4]|triggerOld|{"s":1,"v":[{"ProfileId":"00e240000016RjAAAU","LastModifiedDate":"2017-01-27T09:44:26.000Z","ReceivesAdminInfoEma (3 more) ...":true,"Email":"j.sietsema@gsa.nl","IsBadged":false,"TimeZoneSidKey":"Europe/Amsterdam","LanguageLocaleKey":"en_US","UserRoleId":"00E24000000MLU5EAO","IsActive":true,"LastLoginDate":"2017-01-27T09:07:13.000Z","ForecastEnabled":false,"DigestFrequency":"D","CompanyName":"GSA","CommunityNickname":"GSA Bedrijfsbureau","CreatedById":"00524000001e3T5AAI","LastPasswordChangeDa (2 more) ...":"2016-11-17T08:28:23.000Z","LocaleSidKey":"nl_NL","EmailEncodingKey":"ISO-8859-1","ReceivesInfoEmails":false,"SystemModstamp":"2017-01-27T09:44:26.000Z","IsPortalEnabled":false,"Username":"bedrijfsbureau@gsa.n (9 more) ...","Alias":"BBGSA","DefaultGroupNotifica (13 more) ...":"N","CreatedDate":"2015-10-12T08:15:46.000Z","Country":"NL","LastName":"Bedrijfsbureau","TIMBASURVEYS__remind (15 more) ...":0,"Id":"00524000001e3UjAAI","UserType":"Standard","LastModifiedById":"00524000001e3UjAAI"}]}|0x315d0b8a
10:51:17.0 (182905779)|STATEMENT_EXECUTE|[5]
10:51:17.0 (182912628)|VARIABLE_SCOPE_BEGIN|[5]|oldMap|Map<Id,User>|true|false
10:51:17.0 (183306684)|VARIABLE_ASSIGNMENT|[5]|oldMap|{"s":1,"v":{"00524000001e3UjAAI":{"ProfileId":"00e240000016RjAAAU","LastModifiedDate":"2017-01-27T09:44:26.000Z","ReceivesAdminInfoEma (3 more) ...":true,"Email":"j.sietsema@gsa.nl","IsBadged":false,"TimeZoneSidKey":"Europe/Amsterdam","LanguageLocaleKey":"en_US","UserRoleId":"00E24000000MLU5EAO","IsActive":true,"LastLoginDate":"2017-01-27T09:07:13.000Z","ForecastEnabled":false,"DigestFrequency":"D","CompanyName":"GSA","CommunityNickname":"GSA Bedrijfsbureau","CreatedById":"00524000001e3T5AAI","LastPasswordChangeDa (2 more) ...":"2016-11-17T08:28:23.000Z","LocaleSidKey":"nl_NL","EmailEncodingKey":"ISO-8859-1","ReceivesInfoEmails":false,"SystemModstamp":"2017-01-27T09:44:26.000Z","IsPortalEnabled":false,"Username":"bedrijfsbureau@gsa.n (9 more) ...","Alias":"BBGSA","DefaultGroupNotifica (13 more) ...":"N","CreatedDate":"2015-10-12T08:15:46.000Z","Country":"NL","LastName":"Bedrijfsbureau","TIMBASURVEYS__remind (15 more) ...":0,"Id":"00524000001e3UjAAI","UserType":"Standard","LastModifiedById":"00524000001e3UjAAI"}}}|0x7485c7b4
10:51:17.0 (183315344)|STATEMENT_EXECUTE|[6]
10:51:17.0 (183320509)|VARIABLE_SCOPE_BEGIN|[6]|newMap|Map<Id,User>|true|false
10:51:17.0 (183710741)|VARIABLE_ASSIGNMENT|[6]|newMap|{"s":1,"v":{"00524000001e3UjAAI":{"ProfileId":"00e240000016RjAAAU","LastModifiedDate":"2017-01-27T09:51:17.000Z","ReceivesAdminInfoEma (3 more) ...":true,"Email":"j.sietsema@gsa.nl","IsBadged":false,"TimeZoneSidKey":"Europe/Amsterdam","LanguageLocaleKey":"en_US","UserRoleId":"00E24000000MLU5EAO","IsActive":true,"LastLoginDate":"2017-01-27T09:07:13.000Z","ForecastEnabled":false,"DigestFrequency":"D","CompanyName":"GSA","CommunityNickname":"GSA Bedrijfsbureau","CreatedById":"00524000001e3T5AAI","LastPasswordChangeDa (2 more) ...":"2016-11-17T08:28:23.000Z","LocaleSidKey":"nl_NL","EmailEncodingKey":"ISO-8859-1","ReceivesInfoEmails":false,"SystemModstamp":"2017-01-27T09:51:17.000Z","IsPortalEnabled":false,"Username":"bedrijfsbureau@gsa.n (9 more) ...","Alias":"BBGSA","DefaultGroupNotifica (13 more) ...":"N","CreatedDate":"2015-10-12T08:15:46.000Z","Country":"NL","LastName":"Bedrijfsbureau","TIMBASURVEYS__remind (15 more) ...":0,"Id":"00524000001e3UjAAI","UserType":"Standard","LastModifiedById":"00524000001e3UjAAI"}}}|0x4518a5bb
10:51:17.0 (183722198)|STATEMENT_EXECUTE|[9]
10:51:17.0 (183730101)|STATEMENT_EXECUTE|[10]
10:51:17.0 (183731390)|STATEMENT_EXECUTE|[11]
10:51:17.0 (183811175)|HEAP_ALLOCATE|[11]|Bytes:4
10:51:17.0 (183819558)|HEAP_ALLOCATE|[11]|Bytes:82
10:51:17.0 (183824529)|HEAP_ALLOCATE|[11]|Bytes:4
10:51:17.0 (185230023)|SOQL_EXECUTE_BEGIN|[11]|Aggregations:0|SELECT Id FROM Profile WHERE (Name = 'Bouwticket account' OR Name = 'Bouwmanager')
10:51:17.0 (187120167)|SOQL_EXECUTE_END|[11]|Rows:2
10:51:17.0 (187136341)|HEAP_ALLOCATE|[11]|Bytes:12
10:51:17.0 (187149900)|HEAP_ALLOCATE|[11]|Bytes:58
10:51:17.0 (187203312)|HEAP_ALLOCATE|[11]|Bytes:12
10:51:17.0 (187270286)|HEAP_ALLOCATE|[11]|Bytes:8
10:51:17.0 (187280173)|HEAP_ALLOCATE|[11]|Bytes:4
10:51:17.0 (187286944)|HEAP_ALLOCATE|[11]|Bytes:8
10:51:17.0 (187289993)|HEAP_ALLOCATE|[11]|Bytes:4
10:51:17.0 (187297032)|VARIABLE_SCOPE_BEGIN|[11]|profilesById|Map<Id,Profile>|true|false
10:51:17.0 (187328308)|VARIABLE_ASSIGNMENT|[11]|profilesById|{"s":1,"v":{"00e24000000YX5iAAG":{"s":2,"v":{"Id":"00e24000000YX5iAAG"}},"00e24000000YX5jAAG":{"s":3,"v":{"Id":"00e24000000YX5jAAG"}}}}|0x252a6bb5
10:51:17.0 (187332478)|STATEMENT_EXECUTE|[13]
10:51:17.0 (187336163)|HEAP_ALLOCATE|[13]|Bytes:13
10:51:17.0 (187417230)|HEAP_ALLOCATE|[13]|Bytes:104
10:51:17.0 (187435669)|HEAP_ALLOCATE|[13]|Bytes:117
10:51:17.0 (187464734)|USER_DEBUG|[13]|DEBUG|profilesById {00e24000000YX5iAAG=Profile:{Id=00e24000000YX5iAAG}, 00e24000000YX5jAAG=Profile:{Id=00e24000000YX5jAAG}}
10:51:17.0 (187634483)|HEAP_ALLOCATE|[14]|Bytes:5
10:51:17.0 (187655577)|VARIABLE_SCOPE_BEGIN|[14]|user|User|true|false
10:51:17.0 (188086648)|VARIABLE_ASSIGNMENT|[14]|user|{"ProfileId":"00e240000016RjAAAU","LastModifiedDate":"2017-01-27T09:51:17.000Z","ReceivesAdminInfoEma (3 more) ...":true,"Email":"j.sietsema@gsa.nl","IsBadged":false,"TimeZoneSidKey":"Europe/Amsterdam","LanguageLocaleKey":"en_US","UserRoleId":"00E24000000MLU5EAO","IsActive":true,"LastLoginDate":"2017-01-27T09:07:13.000Z","ForecastEnabled":false,"DigestFrequency":"D","CompanyName":"GSA","CommunityNickname":"GSA Bedrijfsbureau","CreatedById":"00524000001e3T5AAI","LastPasswordChangeDa (2 more) ...":"2016-11-17T08:28:23.000Z","LocaleSidKey":"nl_NL","EmailEncodingKey":"ISO-8859-1","ReceivesInfoEmails":false,"SystemModstamp":"2017-01-27T09:51:17.000Z","IsPortalEnabled":false,"Username":"bedrijfsbureau@gsa.n (9 more) ...","Alias":"BBGSA","DefaultGroupNotifica (13 more) ...":"N","CreatedDate":"2015-10-12T08:15:46.000Z","Country":"NL","LastName":"Bedrijfsbureau","TIMBASURVEYS__remind (15 more) ...":0,"Id":"00524000001e3UjAAI","UserType":"Standard","LastModifiedById":"00524000001e3UjAAI"}|0x26f84d1
10:51:17.0 (188097138)|STATEMENT_EXECUTE|[14]
10:51:17.0 (188099223)|STATEMENT_EXECUTE|[15]
10:51:17.0 (188160063)|USER_DEBUG|[15]|DEBUG|00e240000016RjAAAU
10:51:17.0 (188167285)|STATEMENT_EXECUTE|[16]
10:51:17.0 (188252759)|USER_DEBUG|[16]|DEBUG|true
10:51:17.0 (188258276)|STATEMENT_EXECUTE|[17]
10:51:17.0 (188320819)|USER_DEBUG|[17]|DEBUG|false
10:51:17.0 (188371600)|STATEMENT_EXECUTE|[18]
10:51:17.0 (188393455)|HEAP_ALLOCATE|[14]|Bytes:5
10:51:17.0 (188405994)|VARIABLE_ASSIGNMENT|[14]|user|null|
10:51:17.0 (188414254)|SYSTEM_MODE_EXIT|false
10:51:17.0 (188424667)|METHOD_EXIT|[3]|01p2400000DMxSj|UserUtil.entry(TriggerParams)
10:51:17.188 (188437000)|CUMULATIVE_LIMIT_USAGE
10:51:17.188 (188437000)|LIMIT_USAGE_FOR_NS|(default)|
  Number of SOQL queries: 5 out of 100
  Number of query rows: 5 out of 50000
  Number of SOSL queries: 0 out of 20
  Number of DML statements: 2 out of 150
  Number of DML rows: 2 out of 10000
  Maximum CPU time: 0 out of 10000
  Maximum heap size: 0 out of 6000000
  Number of callouts: 0 out of 100
  Number of Email Invocations: 0 out of 10
  Number of future calls: 0 out of 50
  Number of queueable jobs added to the queue: 0 out of 50
  Number of Mobile Apex push calls: 0 out of 10

10:51:17.188 (188437000)|CUMULATIVE_LIMIT_USAGE_END

10:51:17.0 (189571973)|CODE_UNIT_FINISHED|UserTrigger on User trigger event AfterUpdate for [00524000001e3Uj]
10:51:17.0 (190174479)|DML_END|[39]
10:51:17.0 (190197813)|STATEMENT_EXECUTE|[40]
10:51:17.0 (190199787)|STATEMENT_EXECUTE|[43]
10:51:17.0 (190206556)|HEAP_ALLOCATE|[43]|Bytes:5
10:51:17.0 (190216661)|VARIABLE_ASSIGNMENT|[43]|this.isEdit|false|0x749a0192
10:51:17.0 (190227492)|METHOD_EXIT|[48]|01p2400000Cr5V7|MyProfilePageController.save()
10:51:17.0 (190235547)|STATEMENT_EXECUTE|[49]
10:51:17.0 (190248730)|HEAP_ALLOCATE|[49]|Bytes:20
10:51:17.0 (190333921)|HEAP_ALLOCATE|[49]|Bytes:20
10:51:17.0 (190349486)|METHOD_ENTRY|[49]|01p2400000Cr5V7|MyProfilePageController.changePassword()
10:51:17.0 (190355980)|VARIABLE_SCOPE_BEGIN|[49]|this|MyProfilePageController|true|false
10:51:17.0 (190373899)|VARIABLE_ASSIGNMENT|[49]|this|{"isEdit":false,"user":"0x79246346"}|0x749a0192
10:51:17.0 (190396272)|HEAP_ALLOCATE|[50]|Bytes:5
10:51:17.0 (190399792)|STATEMENT_EXECUTE|[49]
10:51:17.0 (190401075)|STATEMENT_EXECUTE|[50]
10:51:17.0 (190429020)|METHOD_EXIT|[49]|01p2400000Cr5V7|MyProfilePageController.changePassword()
10:51:17.0 (190441734)|HEAP_ALLOCATE|[49]|Bytes:20
10:51:17.0 (190634536)|SYSTEM_MODE_EXIT|false
10:51:17.190 (190646331)|CUMULATIVE_LIMIT_USAGE
10:51:17.190 (190646331)|LIMIT_USAGE_FOR_NS|(default)|
  Number of SOQL queries: 5 out of 100
  Number of query rows: 5 out of 50000
  Number of SOSL queries: 0 out of 20
  Number of DML statements: 2 out of 150
  Number of DML rows: 2 out of 10000
  Maximum CPU time: 0 out of 10000
  Maximum heap size: 0 out of 6000000
  Number of callouts: 0 out of 100
  Number of Email Invocations: 0 out of 10
  Number of future calls: 0 out of 50
  Number of queueable jobs added to the queue: 0 out of 50
  Number of Mobile Apex push calls: 0 out of 10

10:51:17.190 (190646331)|CUMULATIVE_LIMIT_USAGE_END

10:51:17.0 (190673361)|CODE_UNIT_FINISHED|MyProfilePageControllerTest.testSave
10:51:17.0 (191697391)|EXECUTION_FINISHED
10:51:17.387 (387158503)|USER_INFO|[EXTERNAL]|00524000001e3Uj|bedrijfsbureau@gsa.nl.sandbox|Midden-Europese standaardtijd|GMT+01:00
10:51:17.387 (387174789)|EXECUTION_STARTED
10:51:17.387 (387180107)|CODE_UNIT_STARTED|[EXTERNAL]|01p2400000Cr5V8|MyProfilePageControllerTest.testSetContactFields
10:51:17.387 (387285520)|HEAP_ALLOCATE|[72]|Bytes:3
10:51:17.387 (387309285)|HEAP_ALLOCATE|[77]|Bytes:152
10:51:17.387 (387322541)|HEAP_ALLOCATE|[342]|Bytes:408
10:51:17.387 (387338666)|HEAP_ALLOCATE|[355]|Bytes:408
10:51:17.387 (387352863)|HEAP_ALLOCATE|[467]|Bytes:48
10:51:17.387 (387374613)|HEAP_ALLOCATE|[139]|Bytes:6
10:51:17.387 (387388101)|HEAP_ALLOCATE|[EXTERNAL]|Bytes:147
10:51:17.387 (387396448)|METHOD_ENTRY|[5]|01p2400000Cr5V8|MyProfilePageControllerTest.MyProfilePageControllerTest()
10:51:17.387 (387400038)|STATEMENT_EXECUTE|[5]
10:51:17.387 (387403801)|STATEMENT_EXECUTE|[5]
10:51:17.387 (387684741)|SYSTEM_MODE_ENTER|false
10:51:17.387 (387709591)|HEAP_ALLOCATE|[50]|Bytes:5
10:51:17.387 (387727372)|HEAP_ALLOCATE|[56]|Bytes:5
10:51:17.387 (387733819)|HEAP_ALLOCATE|[64]|Bytes:7
10:51:17.387 (387742682)|HEAP_ALLOCATE|[EXTERNAL]|Bytes:5
10:51:17.387 (387749166)|SYSTEM_MODE_EXIT|false
10:51:17.387 (387757286)|METHOD_EXIT|[5]|MyProfilePageControllerTest
10:51:17.387 (387786230)|SYSTEM_MODE_ENTER|false
10:51:17.387 (387790649)|HEAP_ALLOCATE|[7]|Bytes:5
10:51:17.387 (387793974)|STATEMENT_EXECUTE|[6]
10:51:17.387 (387795489)|STATEMENT_EXECUTE|[7]
10:51:17.387 (387798078)|HEAP_ALLOCATE|[7]|Bytes:137
10:51:17.387 (387803906)|HEAP_ALLOCATE|[7]|Bytes:4
10:51:17.387 (387813845)|HEAP_ALLOCATE|[7]|Bytes:7
10:51:17.387 (387823092)|HEAP_ALLOCATE|[8]|Bytes:85
10:51:17.387 (387829007)|SYSTEM_METHOD_ENTRY|[1]|UserInfo.UserInfo()
10:51:17.387 (387831379)|STATEMENT_EXECUTE|[1]
10:51:17.387 (387837199)|SYSTEM_METHOD_EXIT|[1]|UserInfo
10:51:17.387 (387845109)|METHOD_ENTRY|[8]||System.UserInfo.getUserId()
10:51:17.387 (387879496)|METHOD_EXIT|[8]||System.UserInfo.getUserId()
10:51:17.387 (388195313)|SOQL_EXECUTE_BEGIN|[7]|Aggregations:0|SELECT title, firstname, lastname, email, phone, mobilephone, fax, street, city, state, postalcode, country FROM User WHERE id = :tmpVar1
10:51:17.387 (390557180)|SOQL_EXECUTE_END|[7]|Rows:1
10:51:17.387 (390571439)|HEAP_ALLOCATE|[7]|Bytes:8
10:51:17.387 (390583031)|HEAP_ALLOCATE|[7]|Bytes:94
10:51:17.387 (390602432)|HEAP_ALLOCATE|[7]|Bytes:8
10:51:17.387 (390610507)|HEAP_ALLOCATE|[7]|Bytes:30
10:51:17.387 (390634747)|HEAP_ALLOCATE|[7]|Bytes:20
10:51:17.387 (390642028)|VARIABLE_SCOPE_BEGIN|[7]|u|User|true|false
10:51:17.387 (390683741)|VARIABLE_ASSIGNMENT|[7]|u|{"s":1,"v":{"LastName":"Bedrijfsbureau","Email":"j.sietsema@gsa.nl","Country":"NL","Id":"00524000001e3UjAAI"}}|0x250042e9
10:51:17.387 (390687994)|STATEMENT_EXECUTE|[10]
10:51:17.387 (390701216)|HEAP_ALLOCATE|[10]|Bytes:4
10:51:17.387 (390724504)|VARIABLE_SCOPE_BEGIN|[10]|c|Contact|true|false
10:51:17.387 (390735081)|VARIABLE_ASSIGNMENT|[10]|c|{}|0x44f63ead
10:51:17.387 (390737267)|STATEMENT_EXECUTE|[12]
10:51:17.387 (390748540)|HEAP_ALLOCATE|[12]|Bytes:23
10:51:17.387 (390755771)|METHOD_ENTRY|[5]|01p2400000Cr5V7|MyProfilePageController.MyProfilePageController()
10:51:17.387 (390760187)|STATEMENT_EXECUTE|[5]
10:51:17.387 (390762457)|STATEMENT_EXECUTE|[5]
10:51:17.387 (390768205)|HEAP_ALLOCATE|[12]|Bytes:5
10:51:17.387 (390775248)|METHOD_EXIT|[5]|MyProfilePageController
10:51:17.387 (390787461)|METHOD_ENTRY|[12]|01p2400000Cr5V7|MyProfilePageController.setContactFields(Contact, User)
10:51:17.387 (390808986)|VARIABLE_SCOPE_BEGIN|[61]|c|Contact|true|false
10:51:17.387 (390815208)|VARIABLE_ASSIGNMENT|[61]|c|{}|0x44f63ead
10:51:17.387 (390817280)|VARIABLE_SCOPE_BEGIN|[61]|u|User|true|false
10:51:17.387 (390826668)|VARIABLE_ASSIGNMENT|[61]|u|{"s":1,"v":{"LastName":"Bedrijfsbureau","Email":"j.sietsema@gsa.nl","Country":"NL","Id":"00524000001e3UjAAI"}}|0x250042e9
10:51:17.387 (390839868)|HEAP_ALLOCATE|[62]|Bytes:5
10:51:17.387 (390843769)|STATEMENT_EXECUTE|[61]
10:51:17.387 (390845017)|STATEMENT_EXECUTE|[62]
10:51:17.387 (390901017)|VARIABLE_ASSIGNMENT|[62]|this.Title|null|0x44f63ead
10:51:17.387 (390903550)|STATEMENT_EXECUTE|[63]
10:51:17.387 (390925608)|VARIABLE_ASSIGNMENT|[63]|this.FirstName|null|0x44f63ead
10:51:17.387 (390927681)|STATEMENT_EXECUTE|[64]
10:51:17.387 (390949598)|VARIABLE_ASSIGNMENT|[64]|this.LastName|"Bedrijfsbureau"|0x44f63ead
10:51:17.387 (390951781)|STATEMENT_EXECUTE|[65]
10:51:17.387 (390970978)|VARIABLE_ASSIGNMENT|[65]|this.Email|"j.sietsema@gsa.nl"|0x44f63ead
10:51:17.387 (390973016)|STATEMENT_EXECUTE|[66]
10:51:17.387 (390988471)|VARIABLE_ASSIGNMENT|[66]|this.Phone|null|0x44f63ead
10:51:17.387 (390990276)|STATEMENT_EXECUTE|[67]
10:51:17.387 (391006200)|VARIABLE_ASSIGNMENT|[67]|this.MobilePhone|null|0x44f63ead
10:51:17.387 (391008715)|STATEMENT_EXECUTE|[68]
10:51:17.387 (391023424)|VARIABLE_ASSIGNMENT|[68]|this.Fax|null|0x44f63ead
10:51:17.387 (391025334)|STATEMENT_EXECUTE|[69]
10:51:17.387 (391043598)|VARIABLE_ASSIGNMENT|[69]|this.MailingStreet|null|0x44f63ead
10:51:17.387 (391046019)|STATEMENT_EXECUTE|[70]
10:51:17.387 (391060728)|VARIABLE_ASSIGNMENT|[70]|this.MailingCity|null|0x44f63ead
10:51:17.387 (391062386)|STATEMENT_EXECUTE|[71]
10:51:17.387 (391076765)|VARIABLE_ASSIGNMENT|[71]|this.MailingState|null|0x44f63ead
10:51:17.387 (391078526)|STATEMENT_EXECUTE|[72]
10:51:17.387 (391092854)|VARIABLE_ASSIGNMENT|[72]|this.MailingPostalCode|null|0x44f63ead
10:51:17.387 (391094681)|STATEMENT_EXECUTE|[73]
10:51:17.387 (391112849)|VARIABLE_ASSIGNMENT|[73]|this.MailingCountry|"NL"|0x44f63ead
10:51:17.387 (391122878)|METHOD_EXIT|[12]|01p2400000Cr5V7|MyProfilePageController.setContactFields(Contact, User)
10:51:17.387 (391126403)|STATEMENT_EXECUTE|[13]
10:51:17.387 (391132359)|HEAP_ALLOCATE|[13]|Bytes:75
10:51:17.387 (391195295)|STATEMENT_EXECUTE|[14]
10:51:17.387 (391227028)|HEAP_ALLOCATE|[14]|Bytes:73
10:51:17.387 (391262610)|SYSTEM_MODE_EXIT|false
10:51:17.391 (391275493)|CUMULATIVE_LIMIT_USAGE
10:51:17.391 (391275493)|LIMIT_USAGE_FOR_NS|(default)|
  Number of SOQL queries: 1 out of 100
  Number of query rows: 1 out of 50000
  Number of SOSL queries: 0 out of 20
  Number of DML statements: 0 out of 150
  Number of DML rows: 0 out of 10000
  Maximum CPU time: 0 out of 10000
  Maximum heap size: 0 out of 6000000
  Number of callouts: 0 out of 100
  Number of Email Invocations: 0 out of 10
  Number of future calls: 0 out of 50
  Number of queueable jobs added to the queue: 0 out of 50
  Number of Mobile Apex push calls: 0 out of 10

10:51:17.391 (391275493)|CUMULATIVE_LIMIT_USAGE_END

10:51:17.387 (391316914)|CODE_UNIT_FINISHED|MyProfilePageControllerTest.testSetContactFields
10:51:17.387 (392358248)|EXECUTION_FINISHED
