38.0 APEX_CODE,FINEST;APEX_PROFILING,INFO;CALLOUT,INFO;DB,INFO;SYSTEM,DEBUG;VALIDATION,INFO;VISUALFORCE,INFO;WAVE,INFO;WORKFLOW,INFO
15:26:12.0 (57572)|USER_INFO|[EXTERNAL]|00524000001e3Uj|bedrijfsbureau@gsa.nl.sandbox|Midden-Europese standaardtijd|GMT+01:00
15:26:12.0 (91611)|EXECUTION_STARTED
15:26:12.0 (98492)|CODE_UNIT_STARTED|[EXTERNAL]|06624000003h0Dg|VF: /apex/New_delivered_detail
15:26:12.0 (233103)|VF_DESERIALIZE_VIEWSTATE_BEGIN|06624000003h0Dg
15:26:12.0 (11596633)|HEAP_ALLOCATE|[72]|Bytes:3
15:26:12.0 (11643650)|HEAP_ALLOCATE|[77]|Bytes:152
15:26:12.0 (11655623)|HEAP_ALLOCATE|[342]|Bytes:408
15:26:12.0 (11669169)|HEAP_ALLOCATE|[355]|Bytes:408
15:26:12.0 (11681632)|HEAP_ALLOCATE|[467]|Bytes:48
15:26:12.0 (11706982)|HEAP_ALLOCATE|[139]|Bytes:6
15:26:12.0 (11740536)|HEAP_ALLOCATE|[50]|Bytes:5
15:26:12.0 (11758137)|HEAP_ALLOCATE|[56]|Bytes:5
15:26:12.0 (11764305)|HEAP_ALLOCATE|[64]|Bytes:7
15:26:12.0 (16509450)|VF_DESERIALIZE_VIEWSTATE_END
15:26:12.17 (17515007)|SYSTEM_MODE_ENTER|true
15:26:12.17 (17570418)|HEAP_ALLOCATE|[EXTERNAL]|Bytes:38
15:26:12.17 (17599943)|HEAP_ALLOCATE|[EXTERNAL]|Bytes:7
15:26:12.17 (17607922)|SYSTEM_METHOD_ENTRY|[1]|PageMessagesComponentController.PageMessagesComponentController()
15:26:12.17 (17611490)|STATEMENT_EXECUTE|[1]
15:26:12.18 (18299999)|SYSTEM_MODE_ENTER|true
15:26:12.18 (18341145)|HEAP_ALLOCATE|[EXTERNAL]|Bytes:8
15:26:12.18 (18346941)|VARIABLE_SCOPE_BEGIN|[88]|this|ApexPage.PageMessagesComponentController|true|false
15:26:12.18 (18471904)|VARIABLE_ASSIGNMENT|[88]|this|{}|0x3564cce4
15:26:12.18 (18475216)|VARIABLE_SCOPE_BEGIN|[88]|escape|Boolean|false|false
15:26:12.18 (18480187)|VARIABLE_ASSIGNMENT|[88]|escape|null
15:26:12.0 (18748612)|SYSTEM_MODE_ENTER|true
15:26:12.0 (18907226)|HEAP_ALLOCATE|[EXTERNAL]|Bytes:11
15:26:12.0 (18913847)|HEAP_ALLOCATE|[EXTERNAL]|Bytes:408
15:26:12.0 (18916628)|HEAP_ALLOCATE|[EXTERNAL]|Bytes:120
15:26:12.0 (18918825)|HEAP_ALLOCATE|[EXTERNAL]|Bytes:116
15:26:12.0 (18925407)|METHOD_ENTRY|[1]|01p2400000DUtXT|NewDeliveredExtension.NewDeliveredExtension()
15:26:12.0 (18927986)|STATEMENT_EXECUTE|[1]
15:26:12.0 (18931002)|STATEMENT_EXECUTE|[1]
15:26:12.0 (18932252)|STATEMENT_EXECUTE|[542]
15:26:12.0 (18935774)|METHOD_EXIT|[1]|NewDeliveredExtension
15:26:12.0 (18945310)|HEAP_ALLOCATE|[EXTERNAL]|Bytes:80
15:26:12.0 (19051057)|VARIABLE_ASSIGNMENT|[EXTERNAL]|this|{"delToHub":true,"delToProj":false,"detail":"0x257cf7fd","invoked":false,"rejected":false,"reserved":false,"selectedTime3":"8:00","sublocations1":"0x42e1e02","www":"0x26f625d0","wwwById":"0x41869e2c"}|0x61a30e2b
15:26:12.0 (19058154)|STATEMENT_EXECUTE|[196]
15:26:12.0 (19062190)|STATEMENT_EXECUTE|[197]
15:26:12.0 (19063522)|STATEMENT_EXECUTE|[200]
15:26:12.0 (19125000)|SYSTEM_MODE_ENTER|true
15:26:12.0 (19146146)|HEAP_ALLOCATE|[EXTERNAL]|Bytes:80
15:26:12.0 (19191262)|VARIABLE_ASSIGNMENT|[EXTERNAL]|this|{"delToHub":true,"delToProj":false,"detail":"0x257cf7fd","invoked":false,"rejected":false,"reserved":false,"selectedTime3":"8:00","sublocations1":"0x42e1e02","www":"0x26f625d0","wwwById":"0x41869e2c"}|0x61a30e2b
15:26:12.0 (19197472)|STATEMENT_EXECUTE|[229]
15:26:12.0 (19200662)|STATEMENT_EXECUTE|[230]
15:26:12.0 (19201761)|STATEMENT_EXECUTE|[233]
15:26:12.0 (19291087)|SYSTEM_MODE_ENTER|true
15:26:12.0 (19312252)|HEAP_ALLOCATE|[EXTERNAL]|Bytes:80
15:26:12.0 (19351865)|VARIABLE_ASSIGNMENT|[EXTERNAL]|this|{"delToHub":true,"delToProj":false,"detail":"0x257cf7fd","invoked":false,"rejected":false,"reserved":false,"selectedTime3":"8:00","sublocations1":"0x42e1e02","www":"0x26f625d0","wwwById":"0x41869e2c"}|0x61a30e2b
15:26:12.0 (19357840)|STATEMENT_EXECUTE|[3]
15:26:12.0 (19361164)|STATEMENT_EXECUTE|[4]
15:26:12.0 (19362514)|STATEMENT_EXECUTE|[9]
15:26:12.0 (35512808)|SYSTEM_MODE_ENTER|true
15:26:12.0 (35543430)|HEAP_ALLOCATE|[EXTERNAL]|Bytes:80
15:26:12.0 (35592192)|VARIABLE_ASSIGNMENT|[EXTERNAL]|this|{"delToHub":true,"delToProj":false,"detail":"0x257cf7fd","invoked":false,"rejected":false,"reserved":false,"selectedTime3":"8:00","sublocations1":"0x42e1e02","www":"0x26f625d0","wwwById":"0x41869e2c"}|0x61a30e2b
15:26:12.0 (35599847)|STATEMENT_EXECUTE|[186]
15:26:12.0 (35604294)|STATEMENT_EXECUTE|[187]
15:26:12.0 (35605508)|STATEMENT_EXECUTE|[190]
15:26:12.0 (36096469)|SYSTEM_MODE_ENTER|true
15:26:12.0 (36121812)|HEAP_ALLOCATE|[EXTERNAL]|Bytes:80
15:26:12.0 (36173594)|VARIABLE_ASSIGNMENT|[EXTERNAL]|this|{"delToHub":true,"delToProj":false,"detail":"0x257cf7fd","invoked":false,"rejected":false,"reserved":false,"selectedTime3":"8:00","sublocations1":"0x42e1e02","www":"0x26f625d0","wwwById":"0x41869e2c"}|0x61a30e2b
15:26:12.0 (36181237)|STATEMENT_EXECUTE|[204]
15:26:12.0 (36184921)|STATEMENT_EXECUTE|[205]
15:26:12.0 (36186273)|STATEMENT_EXECUTE|[208]
15:26:12.0 (36236980)|SYSTEM_MODE_ENTER|true
15:26:12.0 (36258796)|HEAP_ALLOCATE|[EXTERNAL]|Bytes:80
15:26:12.0 (36298637)|VARIABLE_ASSIGNMENT|[EXTERNAL]|this|{"delToHub":true,"delToProj":false,"detail":"0x257cf7fd","invoked":false,"rejected":false,"reserved":false,"selectedTime3":"8:00","sublocations1":"0x42e1e02","www":"0x26f625d0","wwwById":"0x41869e2c"}|0x61a30e2b
15:26:12.0 (36303867)|STATEMENT_EXECUTE|[220]
15:26:12.0 (36306913)|STATEMENT_EXECUTE|[221]
15:26:12.0 (36308072)|STATEMENT_EXECUTE|[224]
15:26:12.0 (36352579)|SYSTEM_MODE_ENTER|true
15:26:12.0 (36369843)|HEAP_ALLOCATE|[EXTERNAL]|Bytes:80
15:26:12.0 (36406425)|VARIABLE_ASSIGNMENT|[EXTERNAL]|this|{"delToHub":true,"delToProj":false,"detail":"0x257cf7fd","invoked":false,"rejected":false,"reserved":false,"selectedTime3":"8:00","sublocations1":"0x42e1e02","www":"0x26f625d0","wwwById":"0x41869e2c"}|0x61a30e2b
15:26:12.0 (36411273)|STATEMENT_EXECUTE|[212]
15:26:12.0 (36414243)|STATEMENT_EXECUTE|[213]
15:26:12.0 (36415377)|STATEMENT_EXECUTE|[216]
15:26:12.0 (36481343)|SYSTEM_MODE_ENTER|true
15:26:12.0 (36500607)|HEAP_ALLOCATE|[EXTERNAL]|Bytes:80
15:26:12.0 (36537718)|VARIABLE_ASSIGNMENT|[EXTERNAL]|this|{"delToHub":true,"delToProj":false,"detail":"0x257cf7fd","invoked":false,"rejected":false,"reserved":false,"selectedTime3":"8:00","sublocations1":"0x42e1e02","www":"0x26f625d0","wwwById":"0x41869e2c"}|0x61a30e2b
15:26:12.0 (36543002)|STATEMENT_EXECUTE|[21]
15:26:12.0 (36546268)|STATEMENT_EXECUTE|[22]
15:26:12.0 (36547513)|STATEMENT_EXECUTE|[26]
15:26:12.0 (45436009)|SYSTEM_MODE_ENTER|true
15:26:12.0 (45464873)|HEAP_ALLOCATE|[EXTERNAL]|Bytes:80
15:26:12.0 (45471336)|VARIABLE_SCOPE_BEGIN|[48]|this|NewDeliveredExtension|true|false
15:26:12.0 (45515176)|VARIABLE_ASSIGNMENT|[48]|this|{"delToHub":true,"delToProj":false,"detail":"0x257cf7fd","invoked":false,"rejected":false,"reserved":false,"selectedTime3":"8:00","sublocations1":"0x42e1e02","www":"0x26f625d0","wwwById":"0x41869e2c"}|0x61a30e2b
15:26:12.0 (45523114)|STATEMENT_EXECUTE|[48]
15:26:12.0 (45524460)|STATEMENT_EXECUTE|[49]
15:26:12.0 (45529304)|HEAP_ALLOCATE|[49]|Bytes:4
15:26:12.0 (45559397)|VARIABLE_SCOPE_BEGIN|[49]|options|List<System.SelectOption>|true|false
15:26:12.0 (45586050)|HEAP_ALLOCATE|[EXTERNAL]|Bytes:4
15:26:12.0 (45594108)|VARIABLE_ASSIGNMENT|[49]|options|[]|0x30b0d31b
15:26:12.0 (45597586)|STATEMENT_EXECUTE|[50]
15:26:12.0 (45602113)|VARIABLE_SCOPE_BEGIN|[50]|i|Integer|false|false
15:26:12.0 (45605454)|HEAP_ALLOCATE|[50]|Bytes:4
15:26:12.0 (45610018)|VARIABLE_ASSIGNMENT|[50]|i|0
15:26:12.0 (45615153)|STATEMENT_EXECUTE|[50]
15:26:12.0 (45616448)|STATEMENT_EXECUTE|[51]
15:26:12.0 (45617907)|VARIABLE_SCOPE_BEGIN|[51]|j|Integer|false|false
15:26:12.0 (45619753)|HEAP_ALLOCATE|[51]|Bytes:4
15:26:12.0 (45622132)|VARIABLE_ASSIGNMENT|[51]|j|0
15:26:12.0 (45623989)|STATEMENT_EXECUTE|[51]
15:26:12.0 (45625898)|STATEMENT_EXECUTE|[52]
15:26:12.0 (45626793)|STATEMENT_EXECUTE|[53]
15:26:12.0 (45671199)|HEAP_ALLOCATE|[53]|Bytes:1
15:26:12.0 (45680399)|HEAP_ALLOCATE|[53]|Bytes:2
15:26:12.0 (45687252)|HEAP_ALLOCATE|[53]|Bytes:1
15:26:12.0 (45697657)|HEAP_ALLOCATE|[53]|Bytes:4
15:26:12.0 (45703054)|HEAP_ALLOCATE|[53]|Bytes:1
15:26:12.0 (45710400)|HEAP_ALLOCATE|[53]|Bytes:1
15:26:12.0 (45715309)|HEAP_ALLOCATE|[53]|Bytes:4
15:26:12.0 (45745491)|HEAP_ALLOCATE|[EXTERNAL]|Bytes:4
15:26:12.0 (45752663)|HEAP_ALLOCATE|[51]|Bytes:4
15:26:12.0 (45757442)|VARIABLE_ASSIGNMENT|[51]|j|30
15:26:12.0 (45760228)|STATEMENT_EXECUTE|[51]
15:26:12.0 (45761891)|STATEMENT_EXECUTE|[54]
15:26:12.0 (45762864)|STATEMENT_EXECUTE|[55]
15:26:12.0 (45778998)|HEAP_ALLOCATE|[55]|Bytes:1
15:26:12.0 (45784637)|HEAP_ALLOCATE|[55]|Bytes:1
15:26:12.0 (45790075)|HEAP_ALLOCATE|[55]|Bytes:2
15:26:12.0 (45795413)|HEAP_ALLOCATE|[55]|Bytes:4
15:26:12.0 (45800321)|HEAP_ALLOCATE|[55]|Bytes:1
15:26:12.0 (45807490)|HEAP_ALLOCATE|[55]|Bytes:2
15:26:12.0 (45812235)|HEAP_ALLOCATE|[55]|Bytes:4
15:26:12.0 (45823650)|HEAP_ALLOCATE|[EXTERNAL]|Bytes:4
15:26:12.0 (45827914)|HEAP_ALLOCATE|[51]|Bytes:4
15:26:12.0 (45832362)|VARIABLE_ASSIGNMENT|[51]|j|60
15:26:12.0 (45836728)|HEAP_ALLOCATE|[50]|Bytes:4
15:26:12.0 (45839550)|VARIABLE_ASSIGNMENT|[50]|i|1
15:26:12.0 (45841621)|STATEMENT_EXECUTE|[50]
15:26:12.0 (45842943)|STATEMENT_EXECUTE|[51]
15:26:12.0 (45844736)|VARIABLE_SCOPE_BEGIN|[51]|j|Integer|false|false
15:26:12.0 (45846531)|HEAP_ALLOCATE|[51]|Bytes:4
15:26:12.0 (45848734)|VARIABLE_ASSIGNMENT|[51]|j|0
15:26:12.0 (45850204)|STATEMENT_EXECUTE|[51]
15:26:12.0 (45851535)|STATEMENT_EXECUTE|[52]
15:26:12.0 (45852519)|STATEMENT_EXECUTE|[53]
15:26:12.0 (45859309)|HEAP_ALLOCATE|[53]|Bytes:1
15:26:12.0 (45867113)|HEAP_ALLOCATE|[53]|Bytes:1
15:26:12.0 (45872066)|HEAP_ALLOCATE|[53]|Bytes:4
15:26:12.0 (45876608)|HEAP_ALLOCATE|[53]|Bytes:1
15:26:12.0 (45883335)|HEAP_ALLOCATE|[53]|Bytes:1
15:26:12.0 (45887821)|HEAP_ALLOCATE|[53]|Bytes:4
15:26:12.0 (45893258)|HEAP_ALLOCATE|[EXTERNAL]|Bytes:4
15:26:12.0 (45896633)|HEAP_ALLOCATE|[51]|Bytes:4
15:26:12.0 (45899334)|VARIABLE_ASSIGNMENT|[51]|j|30
15:26:12.0 (45901359)|STATEMENT_EXECUTE|[51]
15:26:12.0 (45902882)|STATEMENT_EXECUTE|[54]
15:26:12.0 (45903875)|STATEMENT_EXECUTE|[55]
15:26:12.0 (45909459)|HEAP_ALLOCATE|[55]|Bytes:1
15:26:12.0 (45916850)|HEAP_ALLOCATE|[55]|Bytes:2
15:26:12.0 (45921617)|HEAP_ALLOCATE|[55]|Bytes:4
15:26:12.0 (45926206)|HEAP_ALLOCATE|[55]|Bytes:1
15:26:12.0 (45932966)|HEAP_ALLOCATE|[55]|Bytes:2
15:26:12.0 (45937514)|HEAP_ALLOCATE|[55]|Bytes:4
15:26:12.0 (45942246)|HEAP_ALLOCATE|[EXTERNAL]|Bytes:4
15:26:12.0 (45945472)|HEAP_ALLOCATE|[51]|Bytes:4
15:26:12.0 (45947932)|VARIABLE_ASSIGNMENT|[51]|j|60
15:26:12.0 (45949798)|HEAP_ALLOCATE|[50]|Bytes:4
15:26:12.0 (45952101)|VARIABLE_ASSIGNMENT|[50]|i|2
15:26:12.0 (45953800)|STATEMENT_EXECUTE|[50]
15:26:12.0 (45954903)|STATEMENT_EXECUTE|[51]
15:26:12.0 (45956534)|VARIABLE_SCOPE_BEGIN|[51]|j|Integer|false|false
15:26:12.0 (45958095)|HEAP_ALLOCATE|[51]|Bytes:4
15:26:12.0 (45960248)|VARIABLE_ASSIGNMENT|[51]|j|0
15:26:12.0 (45961708)|STATEMENT_EXECUTE|[51]
15:26:12.0 (45962913)|STATEMENT_EXECUTE|[52]
15:26:12.0 (45964193)|STATEMENT_EXECUTE|[53]
15:26:12.0 (45969486)|HEAP_ALLOCATE|[53]|Bytes:1
15:26:12.0 (45976644)|HEAP_ALLOCATE|[53]|Bytes:1
15:26:12.0 (45981350)|HEAP_ALLOCATE|[53]|Bytes:4
15:26:12.0 (45988891)|HEAP_ALLOCATE|[53]|Bytes:1
15:26:12.0 (45996096)|HEAP_ALLOCATE|[53]|Bytes:1
15:26:12.0 (46000693)|HEAP_ALLOCATE|[53]|Bytes:4
15:26:12.0 (46006430)|HEAP_ALLOCATE|[EXTERNAL]|Bytes:4
15:26:12.0 (46009874)|HEAP_ALLOCATE|[51]|Bytes:4
15:26:12.0 (46012756)|VARIABLE_ASSIGNMENT|[51]|j|30
15:26:12.0 (46014842)|STATEMENT_EXECUTE|[51]
15:26:12.0 (46016210)|STATEMENT_EXECUTE|[54]
15:26:12.0 (46017194)|STATEMENT_EXECUTE|[55]
15:26:12.0 (46022691)|HEAP_ALLOCATE|[55]|Bytes:1
15:26:12.0 (46029820)|HEAP_ALLOCATE|[55]|Bytes:2
15:26:12.0 (46034571)|HEAP_ALLOCATE|[55]|Bytes:4
15:26:12.0 (46039125)|HEAP_ALLOCATE|[55]|Bytes:1
15:26:12.0 (46045926)|HEAP_ALLOCATE|[55]|Bytes:2
15:26:12.0 (46050539)|HEAP_ALLOCATE|[55]|Bytes:4
15:26:12.0 (46054947)|HEAP_ALLOCATE|[EXTERNAL]|Bytes:4
15:26:12.0 (46058215)|HEAP_ALLOCATE|[51]|Bytes:4
15:26:12.0 (46060780)|VARIABLE_ASSIGNMENT|[51]|j|60
15:26:12.0 (46062658)|HEAP_ALLOCATE|[50]|Bytes:4
15:26:12.0 (46064876)|VARIABLE_ASSIGNMENT|[50]|i|3
15:26:12.0 (46066539)|STATEMENT_EXECUTE|[50]
15:26:12.0 (46067773)|STATEMENT_EXECUTE|[51]
15:26:12.0 (46069301)|VARIABLE_SCOPE_BEGIN|[51]|j|Integer|false|false
15:26:12.0 (46070708)|HEAP_ALLOCATE|[51]|Bytes:4
15:26:12.0 (46072869)|VARIABLE_ASSIGNMENT|[51]|j|0
15:26:12.0 (46074267)|STATEMENT_EXECUTE|[51]
15:26:12.0 (46075475)|STATEMENT_EXECUTE|[52]
15:26:12.0 (46076393)|STATEMENT_EXECUTE|[53]
15:26:12.0 (46081596)|HEAP_ALLOCATE|[53]|Bytes:1
15:26:12.0 (46088708)|HEAP_ALLOCATE|[53]|Bytes:1
15:26:12.0 (46093422)|HEAP_ALLOCATE|[53]|Bytes:4
15:26:12.0 (46097922)|HEAP_ALLOCATE|[53]|Bytes:1
15:26:12.0 (46104709)|HEAP_ALLOCATE|[53]|Bytes:1
15:26:12.0 (46109326)|HEAP_ALLOCATE|[53]|Bytes:4
15:26:12.0 (46113865)|HEAP_ALLOCATE|[EXTERNAL]|Bytes:4
15:26:12.0 (46117216)|HEAP_ALLOCATE|[51]|Bytes:4
15:26:12.0 (46119684)|VARIABLE_ASSIGNMENT|[51]|j|30
15:26:12.0 (46121339)|STATEMENT_EXECUTE|[51]
15:26:12.0 (46122784)|STATEMENT_EXECUTE|[54]
15:26:12.0 (46123882)|STATEMENT_EXECUTE|[55]
15:26:12.0 (46129075)|HEAP_ALLOCATE|[55]|Bytes:1
15:26:12.0 (46136087)|HEAP_ALLOCATE|[55]|Bytes:2
15:26:12.0 (46140856)|HEAP_ALLOCATE|[55]|Bytes:4
15:26:12.0 (46145420)|HEAP_ALLOCATE|[55]|Bytes:1
15:26:12.0 (46152161)|HEAP_ALLOCATE|[55]|Bytes:2
15:26:12.0 (46156781)|HEAP_ALLOCATE|[55]|Bytes:4
15:26:12.0 (46161158)|HEAP_ALLOCATE|[EXTERNAL]|Bytes:4
15:26:12.0 (46164295)|HEAP_ALLOCATE|[51]|Bytes:4
15:26:12.0 (46166800)|VARIABLE_ASSIGNMENT|[51]|j|60
15:26:12.0 (46168557)|HEAP_ALLOCATE|[50]|Bytes:4
15:26:12.0 (46170810)|VARIABLE_ASSIGNMENT|[50]|i|4
15:26:12.0 (46172459)|STATEMENT_EXECUTE|[50]
15:26:12.0 (46173541)|STATEMENT_EXECUTE|[51]
15:26:12.0 (46175072)|VARIABLE_SCOPE_BEGIN|[51]|j|Integer|false|false
15:26:12.0 (46176339)|HEAP_ALLOCATE|[51]|Bytes:4
15:26:12.0 (46178572)|VARIABLE_ASSIGNMENT|[51]|j|0
15:26:12.0 (46179967)|STATEMENT_EXECUTE|[51]
15:26:12.0 (46181159)|STATEMENT_EXECUTE|[52]
15:26:12.0 (46182072)|STATEMENT_EXECUTE|[53]
15:26:12.0 (46187645)|HEAP_ALLOCATE|[53]|Bytes:1
15:26:12.0 (46194666)|HEAP_ALLOCATE|[53]|Bytes:1
15:26:12.0 (46199376)|HEAP_ALLOCATE|[53]|Bytes:4
15:26:12.0 (46203895)|HEAP_ALLOCATE|[53]|Bytes:1
15:26:12.0 (46210708)|HEAP_ALLOCATE|[53]|Bytes:1
15:26:12.0 (46215184)|HEAP_ALLOCATE|[53]|Bytes:4
15:26:12.0 (46219555)|HEAP_ALLOCATE|[EXTERNAL]|Bytes:4
15:26:12.0 (46222768)|HEAP_ALLOCATE|[51]|Bytes:4
15:26:12.0 (46225400)|VARIABLE_ASSIGNMENT|[51]|j|30
15:26:12.0 (46226971)|STATEMENT_EXECUTE|[51]
15:26:12.0 (46228233)|STATEMENT_EXECUTE|[54]
15:26:12.0 (46229173)|STATEMENT_EXECUTE|[55]
15:26:12.0 (46234137)|HEAP_ALLOCATE|[55]|Bytes:1
15:26:12.0 (46245847)|HEAP_ALLOCATE|[55]|Bytes:2
15:26:12.0 (46250891)|HEAP_ALLOCATE|[55]|Bytes:4
15:26:12.0 (46255507)|HEAP_ALLOCATE|[55]|Bytes:1
15:26:12.0 (46262435)|HEAP_ALLOCATE|[55]|Bytes:2
15:26:12.0 (46267154)|HEAP_ALLOCATE|[55]|Bytes:4
15:26:12.0 (46271775)|HEAP_ALLOCATE|[EXTERNAL]|Bytes:4
15:26:12.0 (46274991)|HEAP_ALLOCATE|[51]|Bytes:4
15:26:12.0 (46277880)|VARIABLE_ASSIGNMENT|[51]|j|60
15:26:12.0 (46279826)|HEAP_ALLOCATE|[50]|Bytes:4
15:26:12.0 (46281968)|VARIABLE_ASSIGNMENT|[50]|i|5
15:26:12.0 (46283641)|STATEMENT_EXECUTE|[50]
15:26:12.0 (46284909)|STATEMENT_EXECUTE|[51]
15:26:12.0 (46286436)|VARIABLE_SCOPE_BEGIN|[51]|j|Integer|false|false
15:26:12.0 (46287754)|HEAP_ALLOCATE|[51]|Bytes:4
15:26:12.0 (46289833)|VARIABLE_ASSIGNMENT|[51]|j|0
15:26:12.0 (46291318)|STATEMENT_EXECUTE|[51]
15:26:12.0 (46292558)|STATEMENT_EXECUTE|[52]
15:26:12.0 (46293504)|STATEMENT_EXECUTE|[53]
15:26:12.0 (46298699)|HEAP_ALLOCATE|[53]|Bytes:1
15:26:12.0 (46305694)|HEAP_ALLOCATE|[53]|Bytes:1
15:26:12.0 (46310362)|HEAP_ALLOCATE|[53]|Bytes:4
15:26:12.0 (46314885)|HEAP_ALLOCATE|[53]|Bytes:1
15:26:12.0 (46321852)|HEAP_ALLOCATE|[53]|Bytes:1
15:26:12.0 (46326379)|HEAP_ALLOCATE|[53]|Bytes:4
15:26:12.0 (46330835)|HEAP_ALLOCATE|[EXTERNAL]|Bytes:4
15:26:12.0 (46334399)|HEAP_ALLOCATE|[51]|Bytes:4
15:26:12.0 (46336894)|VARIABLE_ASSIGNMENT|[51]|j|30
15:26:12.0 (46338484)|STATEMENT_EXECUTE|[51]
15:26:12.0 (46339987)|STATEMENT_EXECUTE|[54]
15:26:12.0 (46341158)|STATEMENT_EXECUTE|[55]
15:26:12.0 (46346281)|HEAP_ALLOCATE|[55]|Bytes:1
15:26:12.0 (46353313)|HEAP_ALLOCATE|[55]|Bytes:2
15:26:12.0 (46358154)|HEAP_ALLOCATE|[55]|Bytes:4
15:26:12.0 (46362642)|HEAP_ALLOCATE|[55]|Bytes:1
15:26:12.0 (46369437)|HEAP_ALLOCATE|[55]|Bytes:2
15:26:12.0 (46374031)|HEAP_ALLOCATE|[55]|Bytes:4
15:26:12.0 (46378499)|HEAP_ALLOCATE|[EXTERNAL]|Bytes:4
15:26:12.0 (46381585)|HEAP_ALLOCATE|[51]|Bytes:4
15:26:12.0 (46384069)|VARIABLE_ASSIGNMENT|[51]|j|60
15:26:12.0 (46385871)|HEAP_ALLOCATE|[50]|Bytes:4
15:26:12.0 (46388078)|VARIABLE_ASSIGNMENT|[50]|i|6
15:26:12.0 (46389648)|STATEMENT_EXECUTE|[50]
15:26:12.0 (46390835)|STATEMENT_EXECUTE|[51]
15:26:12.0 (46392336)|VARIABLE_SCOPE_BEGIN|[51]|j|Integer|false|false
15:26:12.0 (46393600)|HEAP_ALLOCATE|[51]|Bytes:4
15:26:12.0 (46395705)|VARIABLE_ASSIGNMENT|[51]|j|0
15:26:12.0 (46397117)|STATEMENT_EXECUTE|[51]
15:26:12.0 (46398352)|STATEMENT_EXECUTE|[52]
15:26:12.0 (46399287)|STATEMENT_EXECUTE|[53]
15:26:12.0 (46404732)|HEAP_ALLOCATE|[53]|Bytes:1
15:26:12.0 (46411975)|HEAP_ALLOCATE|[53]|Bytes:1
15:26:12.0 (46416625)|HEAP_ALLOCATE|[53]|Bytes:4
15:26:12.0 (46421184)|HEAP_ALLOCATE|[53]|Bytes:1
15:26:12.0 (46427924)|HEAP_ALLOCATE|[53]|Bytes:1
15:26:12.0 (46432440)|HEAP_ALLOCATE|[53]|Bytes:4
15:26:12.0 (46436747)|HEAP_ALLOCATE|[EXTERNAL]|Bytes:4
15:26:12.0 (46440061)|HEAP_ALLOCATE|[51]|Bytes:4
15:26:12.0 (46442463)|VARIABLE_ASSIGNMENT|[51]|j|30
15:26:12.0 (46444100)|STATEMENT_EXECUTE|[51]
15:26:12.0 (46445297)|STATEMENT_EXECUTE|[54]
15:26:12.0 (46446294)|STATEMENT_EXECUTE|[55]
15:26:12.0 (46451243)|HEAP_ALLOCATE|[55]|Bytes:1
15:26:12.0 (46458168)|HEAP_ALLOCATE|[55]|Bytes:2
15:26:12.0 (46462968)|HEAP_ALLOCATE|[55]|Bytes:4
15:26:12.0 (46467493)|HEAP_ALLOCATE|[55]|Bytes:1
15:26:12.0 (46474337)|HEAP_ALLOCATE|[55]|Bytes:2
15:26:12.0 (46478846)|HEAP_ALLOCATE|[55]|Bytes:4
15:26:12.0 (46483117)|HEAP_ALLOCATE|[EXTERNAL]|Bytes:4
15:26:12.0 (46486173)|HEAP_ALLOCATE|[51]|Bytes:4
15:26:12.0 (46488592)|VARIABLE_ASSIGNMENT|[51]|j|60
15:26:12.0 (46490688)|HEAP_ALLOCATE|[50]|Bytes:4
15:26:12.0 (46493016)|VARIABLE_ASSIGNMENT|[50]|i|7
15:26:12.0 (46494692)|STATEMENT_EXECUTE|[50]
15:26:12.0 (46495914)|STATEMENT_EXECUTE|[51]
15:26:12.0 (46497394)|VARIABLE_SCOPE_BEGIN|[51]|j|Integer|false|false
15:26:12.0 (46498658)|HEAP_ALLOCATE|[51]|Bytes:4
15:26:12.0 (46500727)|VARIABLE_ASSIGNMENT|[51]|j|0
15:26:12.0 (46502125)|STATEMENT_EXECUTE|[51]
15:26:12.0 (46503330)|STATEMENT_EXECUTE|[52]
15:26:12.0 (46504289)|STATEMENT_EXECUTE|[53]
15:26:12.0 (46509276)|HEAP_ALLOCATE|[53]|Bytes:1
15:26:12.0 (46516297)|HEAP_ALLOCATE|[53]|Bytes:1
15:26:12.0 (46521029)|HEAP_ALLOCATE|[53]|Bytes:4
15:26:12.0 (46525544)|HEAP_ALLOCATE|[53]|Bytes:1
15:26:12.0 (46532266)|HEAP_ALLOCATE|[53]|Bytes:1
15:26:12.0 (46536850)|HEAP_ALLOCATE|[53]|Bytes:4
15:26:12.0 (46541196)|HEAP_ALLOCATE|[EXTERNAL]|Bytes:4
15:26:12.0 (46544426)|HEAP_ALLOCATE|[51]|Bytes:4
15:26:12.0 (46546883)|VARIABLE_ASSIGNMENT|[51]|j|30
15:26:12.0 (46548514)|STATEMENT_EXECUTE|[51]
15:26:12.0 (46549965)|STATEMENT_EXECUTE|[54]
15:26:12.0 (46551046)|STATEMENT_EXECUTE|[55]
15:26:12.0 (46556055)|HEAP_ALLOCATE|[55]|Bytes:1
15:26:12.0 (46562968)|HEAP_ALLOCATE|[55]|Bytes:2
15:26:12.0 (46567736)|HEAP_ALLOCATE|[55]|Bytes:4
15:26:12.0 (46572283)|HEAP_ALLOCATE|[55]|Bytes:1
15:26:12.0 (46579037)|HEAP_ALLOCATE|[55]|Bytes:2
15:26:12.0 (46583666)|HEAP_ALLOCATE|[55]|Bytes:4
15:26:12.0 (46588271)|HEAP_ALLOCATE|[EXTERNAL]|Bytes:4
15:26:12.0 (46591546)|HEAP_ALLOCATE|[51]|Bytes:4
15:26:12.0 (46593926)|VARIABLE_ASSIGNMENT|[51]|j|60
15:26:12.0 (46595859)|HEAP_ALLOCATE|[50]|Bytes:4
15:26:12.0 (46598358)|VARIABLE_ASSIGNMENT|[50]|i|8
15:26:12.0 (46599894)|STATEMENT_EXECUTE|[50]
15:26:12.0 (46601024)|STATEMENT_EXECUTE|[51]
15:26:12.0 (46602605)|VARIABLE_SCOPE_BEGIN|[51]|j|Integer|false|false
15:26:12.0 (46603955)|HEAP_ALLOCATE|[51]|Bytes:4
15:26:12.0 (46606038)|VARIABLE_ASSIGNMENT|[51]|j|0
15:26:12.0 (46607443)|STATEMENT_EXECUTE|[51]
15:26:12.0 (46608659)|STATEMENT_EXECUTE|[52]
15:26:12.0 (46609627)|STATEMENT_EXECUTE|[53]
15:26:12.0 (46615006)|HEAP_ALLOCATE|[53]|Bytes:1
15:26:12.0 (46622028)|HEAP_ALLOCATE|[53]|Bytes:1
15:26:12.0 (46626809)|HEAP_ALLOCATE|[53]|Bytes:4
15:26:12.0 (46631353)|HEAP_ALLOCATE|[53]|Bytes:1
15:26:12.0 (46638178)|HEAP_ALLOCATE|[53]|Bytes:1
15:26:12.0 (46642734)|HEAP_ALLOCATE|[53]|Bytes:4
15:26:12.0 (46647005)|HEAP_ALLOCATE|[EXTERNAL]|Bytes:4
15:26:12.0 (46650315)|HEAP_ALLOCATE|[51]|Bytes:4
15:26:12.0 (46652824)|VARIABLE_ASSIGNMENT|[51]|j|30
15:26:12.0 (46654525)|STATEMENT_EXECUTE|[51]
15:26:12.0 (46655786)|STATEMENT_EXECUTE|[54]
15:26:12.0 (46656746)|STATEMENT_EXECUTE|[55]
15:26:12.0 (46661729)|HEAP_ALLOCATE|[55]|Bytes:1
15:26:12.0 (46668668)|HEAP_ALLOCATE|[55]|Bytes:2
15:26:12.0 (46673583)|HEAP_ALLOCATE|[55]|Bytes:4
15:26:12.0 (46678202)|HEAP_ALLOCATE|[55]|Bytes:1
15:26:12.0 (46684982)|HEAP_ALLOCATE|[55]|Bytes:2
15:26:12.0 (46689615)|HEAP_ALLOCATE|[55]|Bytes:4
15:26:12.0 (46693986)|HEAP_ALLOCATE|[EXTERNAL]|Bytes:4
15:26:12.0 (46697011)|HEAP_ALLOCATE|[51]|Bytes:4
15:26:12.0 (46699447)|VARIABLE_ASSIGNMENT|[51]|j|60
15:26:12.0 (46701377)|HEAP_ALLOCATE|[50]|Bytes:4
15:26:12.0 (46703544)|VARIABLE_ASSIGNMENT|[50]|i|9
15:26:12.0 (46705193)|STATEMENT_EXECUTE|[50]
15:26:12.0 (46706326)|STATEMENT_EXECUTE|[51]
15:26:12.0 (46707934)|VARIABLE_SCOPE_BEGIN|[51]|j|Integer|false|false
15:26:12.0 (46709198)|HEAP_ALLOCATE|[51]|Bytes:4
15:26:12.0 (46711303)|VARIABLE_ASSIGNMENT|[51]|j|0
15:26:12.0 (46712685)|STATEMENT_EXECUTE|[51]
15:26:12.0 (46713888)|STATEMENT_EXECUTE|[52]
15:26:12.0 (46714815)|STATEMENT_EXECUTE|[53]
15:26:12.0 (46720001)|HEAP_ALLOCATE|[53]|Bytes:1
15:26:12.0 (46727015)|HEAP_ALLOCATE|[53]|Bytes:1
15:26:12.0 (46731762)|HEAP_ALLOCATE|[53]|Bytes:4
15:26:12.0 (46736301)|HEAP_ALLOCATE|[53]|Bytes:1
15:26:12.0 (46743088)|HEAP_ALLOCATE|[53]|Bytes:1
15:26:12.0 (46747619)|HEAP_ALLOCATE|[53]|Bytes:4
15:26:12.0 (46751965)|HEAP_ALLOCATE|[EXTERNAL]|Bytes:4
15:26:12.0 (46755280)|HEAP_ALLOCATE|[51]|Bytes:4
15:26:12.0 (46757825)|VARIABLE_ASSIGNMENT|[51]|j|30
15:26:12.0 (46759388)|STATEMENT_EXECUTE|[51]
15:26:12.0 (46760685)|STATEMENT_EXECUTE|[54]
15:26:12.0 (46761825)|STATEMENT_EXECUTE|[55]
15:26:12.0 (46766836)|HEAP_ALLOCATE|[55]|Bytes:1
15:26:12.0 (46773834)|HEAP_ALLOCATE|[55]|Bytes:2
15:26:12.0 (46778575)|HEAP_ALLOCATE|[55]|Bytes:4
15:26:12.0 (46783167)|HEAP_ALLOCATE|[55]|Bytes:1
15:26:12.0 (46789954)|HEAP_ALLOCATE|[55]|Bytes:2
15:26:12.0 (46794555)|HEAP_ALLOCATE|[55]|Bytes:4
15:26:12.0 (46798823)|HEAP_ALLOCATE|[EXTERNAL]|Bytes:4
15:26:12.0 (46801906)|HEAP_ALLOCATE|[51]|Bytes:4
15:26:12.0 (46804246)|VARIABLE_ASSIGNMENT|[51]|j|60
15:26:12.0 (46805899)|HEAP_ALLOCATE|[50]|Bytes:4
15:26:12.0 (46808136)|VARIABLE_ASSIGNMENT|[50]|i|10
15:26:12.0 (46809662)|STATEMENT_EXECUTE|[50]
15:26:12.0 (46810839)|STATEMENT_EXECUTE|[51]
15:26:12.0 (46812306)|VARIABLE_SCOPE_BEGIN|[51]|j|Integer|false|false
15:26:12.0 (46813637)|HEAP_ALLOCATE|[51]|Bytes:4
15:26:12.0 (46815717)|VARIABLE_ASSIGNMENT|[51]|j|0
15:26:12.0 (46817107)|STATEMENT_EXECUTE|[51]
15:26:12.0 (46818326)|STATEMENT_EXECUTE|[52]
15:26:12.0 (46819262)|STATEMENT_EXECUTE|[53]
15:26:12.0 (46824392)|HEAP_ALLOCATE|[53]|Bytes:2
15:26:12.0 (46831445)|HEAP_ALLOCATE|[53]|Bytes:1
15:26:12.0 (46836152)|HEAP_ALLOCATE|[53]|Bytes:5
15:26:12.0 (46840691)|HEAP_ALLOCATE|[53]|Bytes:2
15:26:12.0 (46847421)|HEAP_ALLOCATE|[53]|Bytes:1
15:26:12.0 (46851942)|HEAP_ALLOCATE|[53]|Bytes:5
15:26:12.0 (46856271)|HEAP_ALLOCATE|[EXTERNAL]|Bytes:4
15:26:12.0 (46859555)|HEAP_ALLOCATE|[51]|Bytes:4
15:26:12.0 (46861936)|VARIABLE_ASSIGNMENT|[51]|j|30
15:26:12.0 (46863534)|STATEMENT_EXECUTE|[51]
15:26:12.0 (46864737)|STATEMENT_EXECUTE|[54]
15:26:12.0 (46865703)|STATEMENT_EXECUTE|[55]
15:26:12.0 (46870681)|HEAP_ALLOCATE|[55]|Bytes:2
15:26:12.0 (46877609)|HEAP_ALLOCATE|[55]|Bytes:2
15:26:12.0 (46882444)|HEAP_ALLOCATE|[55]|Bytes:5
15:26:12.0 (46887010)|HEAP_ALLOCATE|[55]|Bytes:2
15:26:12.0 (46893801)|HEAP_ALLOCATE|[55]|Bytes:2
15:26:12.0 (46898392)|HEAP_ALLOCATE|[55]|Bytes:5
15:26:12.0 (46902719)|HEAP_ALLOCATE|[EXTERNAL]|Bytes:4
15:26:12.0 (46905780)|HEAP_ALLOCATE|[51]|Bytes:4
15:26:12.0 (46908127)|VARIABLE_ASSIGNMENT|[51]|j|60
15:26:12.0 (46910026)|HEAP_ALLOCATE|[50]|Bytes:4
15:26:12.0 (46912293)|VARIABLE_ASSIGNMENT|[50]|i|11
15:26:12.0 (46913851)|STATEMENT_EXECUTE|[50]
15:26:12.0 (46914995)|STATEMENT_EXECUTE|[51]
15:26:12.0 (46916512)|VARIABLE_SCOPE_BEGIN|[51]|j|Integer|false|false
15:26:12.0 (46917787)|HEAP_ALLOCATE|[51]|Bytes:4
15:26:12.0 (46919931)|VARIABLE_ASSIGNMENT|[51]|j|0
15:26:12.0 (46921320)|STATEMENT_EXECUTE|[51]
15:26:12.0 (46922523)|STATEMENT_EXECUTE|[52]
15:26:12.0 (46923443)|STATEMENT_EXECUTE|[53]
15:26:12.0 (46928551)|HEAP_ALLOCATE|[53]|Bytes:2
15:26:12.0 (46935599)|HEAP_ALLOCATE|[53]|Bytes:1
15:26:12.0 (46940330)|HEAP_ALLOCATE|[53]|Bytes:5
15:26:12.0 (46944807)|HEAP_ALLOCATE|[53]|Bytes:2
15:26:12.0 (46951504)|HEAP_ALLOCATE|[53]|Bytes:1
15:26:12.0 (46956060)|HEAP_ALLOCATE|[53]|Bytes:5
15:26:12.0 (46960345)|HEAP_ALLOCATE|[EXTERNAL]|Bytes:4
15:26:12.0 (46963752)|HEAP_ALLOCATE|[51]|Bytes:4
15:26:12.0 (46966432)|VARIABLE_ASSIGNMENT|[51]|j|30
15:26:12.0 (46967920)|STATEMENT_EXECUTE|[51]
15:26:12.0 (46969233)|STATEMENT_EXECUTE|[54]
15:26:12.0 (46970462)|STATEMENT_EXECUTE|[55]
15:26:12.0 (46975624)|HEAP_ALLOCATE|[55]|Bytes:2
15:26:12.0 (46982521)|HEAP_ALLOCATE|[55]|Bytes:2
15:26:12.0 (46987394)|HEAP_ALLOCATE|[55]|Bytes:5
15:26:12.0 (46991972)|HEAP_ALLOCATE|[55]|Bytes:2
15:26:12.0 (46998875)|HEAP_ALLOCATE|[55]|Bytes:2
15:26:12.0 (47003497)|HEAP_ALLOCATE|[55]|Bytes:5
15:26:12.0 (47008685)|HEAP_ALLOCATE|[EXTERNAL]|Bytes:4
15:26:12.0 (47016520)|HEAP_ALLOCATE|[51]|Bytes:4
15:26:12.0 (47019484)|VARIABLE_ASSIGNMENT|[51]|j|60
15:26:12.0 (47021306)|HEAP_ALLOCATE|[50]|Bytes:4
15:26:12.0 (47023646)|VARIABLE_ASSIGNMENT|[50]|i|12
15:26:12.0 (47025599)|STATEMENT_EXECUTE|[50]
15:26:12.0 (47026772)|STATEMENT_EXECUTE|[51]
15:26:12.0 (47028365)|VARIABLE_SCOPE_BEGIN|[51]|j|Integer|false|false
15:26:12.0 (47029925)|HEAP_ALLOCATE|[51]|Bytes:4
15:26:12.0 (47031993)|VARIABLE_ASSIGNMENT|[51]|j|0
15:26:12.0 (47033438)|STATEMENT_EXECUTE|[51]
15:26:12.0 (47034673)|STATEMENT_EXECUTE|[52]
15:26:12.0 (47035590)|STATEMENT_EXECUTE|[53]
15:26:12.0 (47041596)|HEAP_ALLOCATE|[53]|Bytes:2
15:26:12.0 (47049136)|HEAP_ALLOCATE|[53]|Bytes:1
15:26:12.0 (47054001)|HEAP_ALLOCATE|[53]|Bytes:5
15:26:12.0 (47058566)|HEAP_ALLOCATE|[53]|Bytes:2
15:26:12.0 (47065351)|HEAP_ALLOCATE|[53]|Bytes:1
15:26:12.0 (47069896)|HEAP_ALLOCATE|[53]|Bytes:5
15:26:12.0 (47074700)|HEAP_ALLOCATE|[EXTERNAL]|Bytes:4
15:26:12.0 (47078124)|HEAP_ALLOCATE|[51]|Bytes:4
15:26:12.0 (47080666)|VARIABLE_ASSIGNMENT|[51]|j|30
15:26:12.0 (47082272)|STATEMENT_EXECUTE|[51]
15:26:12.0 (47083490)|STATEMENT_EXECUTE|[54]
15:26:12.0 (47084435)|STATEMENT_EXECUTE|[55]
15:26:12.0 (47089605)|HEAP_ALLOCATE|[55]|Bytes:2
15:26:12.0 (47096483)|HEAP_ALLOCATE|[55]|Bytes:2
15:26:12.0 (47101259)|HEAP_ALLOCATE|[55]|Bytes:5
15:26:12.0 (47105711)|HEAP_ALLOCATE|[55]|Bytes:2
15:26:12.0 (47112510)|HEAP_ALLOCATE|[55]|Bytes:2
15:26:12.0 (47117176)|HEAP_ALLOCATE|[55]|Bytes:5
15:26:12.0 (47121595)|HEAP_ALLOCATE|[EXTERNAL]|Bytes:4
15:26:12.0 (47124762)|HEAP_ALLOCATE|[51]|Bytes:4
15:26:12.0 (47127161)|VARIABLE_ASSIGNMENT|[51]|j|60
15:26:12.0 (47129468)|HEAP_ALLOCATE|[50]|Bytes:4
15:26:12.0 (47131774)|VARIABLE_ASSIGNMENT|[50]|i|13
15:26:12.0 (47133448)|STATEMENT_EXECUTE|[50]
15:26:12.0 (47134608)|STATEMENT_EXECUTE|[51]
15:26:12.0 (47136096)|VARIABLE_SCOPE_BEGIN|[51]|j|Integer|false|false
15:26:12.0 (47137428)|HEAP_ALLOCATE|[51]|Bytes:4
15:26:12.0 (47139544)|VARIABLE_ASSIGNMENT|[51]|j|0
15:26:12.0 (47140940)|STATEMENT_EXECUTE|[51]
15:26:12.0 (47142135)|STATEMENT_EXECUTE|[52]
15:26:12.0 (47143040)|STATEMENT_EXECUTE|[53]
15:26:12.0 (47148132)|HEAP_ALLOCATE|[53]|Bytes:2
15:26:12.0 (47155269)|HEAP_ALLOCATE|[53]|Bytes:1
15:26:12.0 (47160378)|HEAP_ALLOCATE|[53]|Bytes:5
15:26:12.0 (47164934)|HEAP_ALLOCATE|[53]|Bytes:2
15:26:12.0 (47171742)|HEAP_ALLOCATE|[53]|Bytes:1
15:26:12.0 (47176357)|HEAP_ALLOCATE|[53]|Bytes:5
15:26:12.0 (47180764)|HEAP_ALLOCATE|[EXTERNAL]|Bytes:4
15:26:12.0 (47184163)|HEAP_ALLOCATE|[51]|Bytes:4
15:26:12.0 (47186647)|VARIABLE_ASSIGNMENT|[51]|j|30
15:26:12.0 (47188246)|STATEMENT_EXECUTE|[51]
15:26:12.0 (47189439)|STATEMENT_EXECUTE|[54]
15:26:12.0 (47190679)|STATEMENT_EXECUTE|[55]
15:26:12.0 (47195777)|HEAP_ALLOCATE|[55]|Bytes:2
15:26:12.0 (47202766)|HEAP_ALLOCATE|[55]|Bytes:2
15:26:12.0 (47207595)|HEAP_ALLOCATE|[55]|Bytes:5
15:26:12.0 (47212107)|HEAP_ALLOCATE|[55]|Bytes:2
15:26:12.0 (47218976)|HEAP_ALLOCATE|[55]|Bytes:2
15:26:12.0 (47223593)|HEAP_ALLOCATE|[55]|Bytes:5
15:26:12.0 (47227860)|HEAP_ALLOCATE|[EXTERNAL]|Bytes:4
15:26:12.0 (47230955)|HEAP_ALLOCATE|[51]|Bytes:4
15:26:12.0 (47233310)|VARIABLE_ASSIGNMENT|[51]|j|60
15:26:12.0 (47235123)|HEAP_ALLOCATE|[50]|Bytes:4
15:26:12.0 (47237285)|VARIABLE_ASSIGNMENT|[50]|i|14
15:26:12.0 (47241968)|STATEMENT_EXECUTE|[50]
15:26:12.0 (47243158)|STATEMENT_EXECUTE|[51]
15:26:12.0 (47244739)|VARIABLE_SCOPE_BEGIN|[51]|j|Integer|false|false
15:26:12.0 (47246040)|HEAP_ALLOCATE|[51]|Bytes:4
15:26:12.0 (47248160)|VARIABLE_ASSIGNMENT|[51]|j|0
15:26:12.0 (47249570)|STATEMENT_EXECUTE|[51]
15:26:12.0 (47250739)|STATEMENT_EXECUTE|[52]
15:26:12.0 (47251702)|STATEMENT_EXECUTE|[53]
15:26:12.0 (47257077)|HEAP_ALLOCATE|[53]|Bytes:2
15:26:12.0 (47264514)|HEAP_ALLOCATE|[53]|Bytes:1
15:26:12.0 (47269272)|HEAP_ALLOCATE|[53]|Bytes:5
15:26:12.0 (47273748)|HEAP_ALLOCATE|[53]|Bytes:2
15:26:12.0 (47280491)|HEAP_ALLOCATE|[53]|Bytes:1
15:26:12.0 (47285061)|HEAP_ALLOCATE|[53]|Bytes:5
15:26:12.0 (47289694)|HEAP_ALLOCATE|[EXTERNAL]|Bytes:4
15:26:12.0 (47293081)|HEAP_ALLOCATE|[51]|Bytes:4
15:26:12.0 (47295710)|VARIABLE_ASSIGNMENT|[51]|j|30
15:26:12.0 (47297226)|STATEMENT_EXECUTE|[51]
15:26:12.0 (47298417)|STATEMENT_EXECUTE|[54]
15:26:12.0 (47299407)|STATEMENT_EXECUTE|[55]
15:26:12.0 (47304465)|HEAP_ALLOCATE|[55]|Bytes:2
15:26:12.0 (47311369)|HEAP_ALLOCATE|[55]|Bytes:2
15:26:12.0 (47316197)|HEAP_ALLOCATE|[55]|Bytes:5
15:26:12.0 (47320751)|HEAP_ALLOCATE|[55]|Bytes:2
15:26:12.0 (47327558)|HEAP_ALLOCATE|[55]|Bytes:2
15:26:12.0 (47332214)|HEAP_ALLOCATE|[55]|Bytes:5
15:26:12.0 (47336768)|HEAP_ALLOCATE|[EXTERNAL]|Bytes:4
15:26:12.0 (47339831)|HEAP_ALLOCATE|[51]|Bytes:4
15:26:12.0 (47342328)|VARIABLE_ASSIGNMENT|[51]|j|60
15:26:12.0 (47344452)|HEAP_ALLOCATE|[50]|Bytes:4
15:26:12.0 (47346788)|VARIABLE_ASSIGNMENT|[50]|i|15
15:26:12.0 (47348324)|STATEMENT_EXECUTE|[50]
15:26:12.0 (47349412)|STATEMENT_EXECUTE|[51]
15:26:12.0 (47350917)|VARIABLE_SCOPE_BEGIN|[51]|j|Integer|false|false
15:26:12.0 (47352180)|HEAP_ALLOCATE|[51]|Bytes:4
15:26:12.0 (47354286)|VARIABLE_ASSIGNMENT|[51]|j|0
15:26:12.0 (47355684)|STATEMENT_EXECUTE|[51]
15:26:12.0 (47356858)|STATEMENT_EXECUTE|[52]
15:26:12.0 (47357774)|STATEMENT_EXECUTE|[53]
15:26:12.0 (47362934)|HEAP_ALLOCATE|[53]|Bytes:2
15:26:12.0 (47370033)|HEAP_ALLOCATE|[53]|Bytes:1
15:26:12.0 (47374739)|HEAP_ALLOCATE|[53]|Bytes:5
15:26:12.0 (47379225)|HEAP_ALLOCATE|[53]|Bytes:2
15:26:12.0 (47385905)|HEAP_ALLOCATE|[53]|Bytes:1
15:26:12.0 (47390483)|HEAP_ALLOCATE|[53]|Bytes:5
15:26:12.0 (47395007)|HEAP_ALLOCATE|[EXTERNAL]|Bytes:4
15:26:12.0 (47398339)|HEAP_ALLOCATE|[51]|Bytes:4
15:26:12.0 (47400822)|VARIABLE_ASSIGNMENT|[51]|j|30
15:26:12.0 (47402354)|STATEMENT_EXECUTE|[51]
15:26:12.0 (47403553)|STATEMENT_EXECUTE|[54]
15:26:12.0 (47404622)|STATEMENT_EXECUTE|[55]
15:26:12.0 (47409673)|HEAP_ALLOCATE|[55]|Bytes:2
15:26:12.0 (47416613)|HEAP_ALLOCATE|[55]|Bytes:2
15:26:12.0 (47421467)|HEAP_ALLOCATE|[55]|Bytes:5
15:26:12.0 (47425982)|HEAP_ALLOCATE|[55]|Bytes:2
15:26:12.0 (47432745)|HEAP_ALLOCATE|[55]|Bytes:2
15:26:12.0 (47437411)|HEAP_ALLOCATE|[55]|Bytes:5
15:26:12.0 (47441842)|HEAP_ALLOCATE|[EXTERNAL]|Bytes:4
15:26:12.0 (47444942)|HEAP_ALLOCATE|[51]|Bytes:4
15:26:12.0 (47447325)|VARIABLE_ASSIGNMENT|[51]|j|60
15:26:12.0 (47448997)|HEAP_ALLOCATE|[50]|Bytes:4
15:26:12.0 (47451317)|VARIABLE_ASSIGNMENT|[50]|i|16
15:26:12.0 (47452880)|STATEMENT_EXECUTE|[50]
15:26:12.0 (47453974)|STATEMENT_EXECUTE|[51]
15:26:12.0 (47455459)|VARIABLE_SCOPE_BEGIN|[51]|j|Integer|false|false
15:26:12.0 (47456725)|HEAP_ALLOCATE|[51]|Bytes:4
15:26:12.0 (47458831)|VARIABLE_ASSIGNMENT|[51]|j|0
15:26:12.0 (47460246)|STATEMENT_EXECUTE|[51]
15:26:12.0 (47461433)|STATEMENT_EXECUTE|[52]
15:26:12.0 (47462385)|STATEMENT_EXECUTE|[53]
15:26:12.0 (47467461)|HEAP_ALLOCATE|[53]|Bytes:2
15:26:12.0 (47474986)|HEAP_ALLOCATE|[53]|Bytes:1
15:26:12.0 (47479682)|HEAP_ALLOCATE|[53]|Bytes:5
15:26:12.0 (47484124)|HEAP_ALLOCATE|[53]|Bytes:2
15:26:12.0 (47490819)|HEAP_ALLOCATE|[53]|Bytes:1
15:26:12.0 (47495452)|HEAP_ALLOCATE|[53]|Bytes:5
15:26:12.0 (47499870)|HEAP_ALLOCATE|[EXTERNAL]|Bytes:4
15:26:12.0 (47503111)|HEAP_ALLOCATE|[51]|Bytes:4
15:26:12.0 (47505592)|VARIABLE_ASSIGNMENT|[51]|j|30
15:26:12.0 (47507085)|STATEMENT_EXECUTE|[51]
15:26:12.0 (47508282)|STATEMENT_EXECUTE|[54]
15:26:12.0 (47509209)|STATEMENT_EXECUTE|[55]
15:26:12.0 (47514092)|HEAP_ALLOCATE|[55]|Bytes:2
15:26:12.0 (47521175)|HEAP_ALLOCATE|[55]|Bytes:2
15:26:12.0 (47525907)|HEAP_ALLOCATE|[55]|Bytes:5
15:26:12.0 (47530390)|HEAP_ALLOCATE|[55]|Bytes:2
15:26:12.0 (47537185)|HEAP_ALLOCATE|[55]|Bytes:2
15:26:12.0 (47541777)|HEAP_ALLOCATE|[55]|Bytes:5
15:26:12.0 (47546058)|HEAP_ALLOCATE|[EXTERNAL]|Bytes:4
15:26:12.0 (47549343)|HEAP_ALLOCATE|[51]|Bytes:4
15:26:12.0 (47551652)|VARIABLE_ASSIGNMENT|[51]|j|60
15:26:12.0 (47553453)|HEAP_ALLOCATE|[50]|Bytes:4
15:26:12.0 (47556022)|VARIABLE_ASSIGNMENT|[50]|i|17
15:26:12.0 (47557654)|STATEMENT_EXECUTE|[50]
15:26:12.0 (47558734)|STATEMENT_EXECUTE|[51]
15:26:12.0 (47560196)|VARIABLE_SCOPE_BEGIN|[51]|j|Integer|false|false
15:26:12.0 (47561546)|HEAP_ALLOCATE|[51]|Bytes:4
15:26:12.0 (47563622)|VARIABLE_ASSIGNMENT|[51]|j|0
15:26:12.0 (47565026)|STATEMENT_EXECUTE|[51]
15:26:12.0 (47566209)|STATEMENT_EXECUTE|[52]
15:26:12.0 (47567131)|STATEMENT_EXECUTE|[53]
15:26:12.0 (47572147)|HEAP_ALLOCATE|[53]|Bytes:2
15:26:12.0 (47579149)|HEAP_ALLOCATE|[53]|Bytes:1
15:26:12.0 (47583892)|HEAP_ALLOCATE|[53]|Bytes:5
15:26:12.0 (47588349)|HEAP_ALLOCATE|[53]|Bytes:2
15:26:12.0 (47595102)|HEAP_ALLOCATE|[53]|Bytes:1
15:26:12.0 (47599577)|HEAP_ALLOCATE|[53]|Bytes:5
15:26:12.0 (47604028)|HEAP_ALLOCATE|[EXTERNAL]|Bytes:4
15:26:12.0 (47607546)|HEAP_ALLOCATE|[51]|Bytes:4
15:26:12.0 (47609975)|VARIABLE_ASSIGNMENT|[51]|j|30
15:26:12.0 (47611470)|STATEMENT_EXECUTE|[51]
15:26:12.0 (47612667)|STATEMENT_EXECUTE|[54]
15:26:12.0 (47613949)|STATEMENT_EXECUTE|[55]
15:26:12.0 (47619030)|HEAP_ALLOCATE|[55]|Bytes:2
15:26:12.0 (47625917)|HEAP_ALLOCATE|[55]|Bytes:2
15:26:12.0 (47630753)|HEAP_ALLOCATE|[55]|Bytes:5
15:26:12.0 (47635320)|HEAP_ALLOCATE|[55]|Bytes:2
15:26:12.0 (47642096)|HEAP_ALLOCATE|[55]|Bytes:2
15:26:12.0 (47646761)|HEAP_ALLOCATE|[55]|Bytes:5
15:26:12.0 (47651049)|HEAP_ALLOCATE|[EXTERNAL]|Bytes:4
15:26:12.0 (47654207)|HEAP_ALLOCATE|[51]|Bytes:4
15:26:12.0 (47656506)|VARIABLE_ASSIGNMENT|[51]|j|60
15:26:12.0 (47658348)|HEAP_ALLOCATE|[50]|Bytes:4
15:26:12.0 (47660522)|VARIABLE_ASSIGNMENT|[50]|i|18
15:26:12.0 (47662194)|STATEMENT_EXECUTE|[50]
15:26:12.0 (47663302)|STATEMENT_EXECUTE|[51]
15:26:12.0 (47664745)|VARIABLE_SCOPE_BEGIN|[51]|j|Integer|false|false
15:26:12.0 (47666002)|HEAP_ALLOCATE|[51]|Bytes:4
15:26:12.0 (47668057)|VARIABLE_ASSIGNMENT|[51]|j|0
15:26:12.0 (47669473)|STATEMENT_EXECUTE|[51]
15:26:12.0 (47670633)|STATEMENT_EXECUTE|[52]
15:26:12.0 (47671542)|STATEMENT_EXECUTE|[53]
15:26:12.0 (47676458)|HEAP_ALLOCATE|[53]|Bytes:2
15:26:12.0 (47683635)|HEAP_ALLOCATE|[53]|Bytes:1
15:26:12.0 (47688384)|HEAP_ALLOCATE|[53]|Bytes:5
15:26:12.0 (47692884)|HEAP_ALLOCATE|[53]|Bytes:2
15:26:12.0 (47699539)|HEAP_ALLOCATE|[53]|Bytes:1
15:26:12.0 (47704052)|HEAP_ALLOCATE|[53]|Bytes:5
15:26:12.0 (47708389)|HEAP_ALLOCATE|[EXTERNAL]|Bytes:4
15:26:12.0 (47711779)|HEAP_ALLOCATE|[51]|Bytes:4
15:26:12.0 (47714354)|VARIABLE_ASSIGNMENT|[51]|j|30
15:26:12.0 (47715918)|STATEMENT_EXECUTE|[51]
15:26:12.0 (47717158)|STATEMENT_EXECUTE|[54]
15:26:12.0 (47718093)|STATEMENT_EXECUTE|[55]
15:26:12.0 (47723038)|HEAP_ALLOCATE|[55]|Bytes:2
15:26:12.0 (47729935)|HEAP_ALLOCATE|[55]|Bytes:2
15:26:12.0 (47734713)|HEAP_ALLOCATE|[55]|Bytes:5
15:26:12.0 (47739225)|HEAP_ALLOCATE|[55]|Bytes:2
15:26:12.0 (47746033)|HEAP_ALLOCATE|[55]|Bytes:2
15:26:12.0 (47750642)|HEAP_ALLOCATE|[55]|Bytes:5
15:26:12.0 (47754876)|HEAP_ALLOCATE|[EXTERNAL]|Bytes:4
15:26:12.0 (47757938)|HEAP_ALLOCATE|[51]|Bytes:4
15:26:12.0 (47760436)|VARIABLE_ASSIGNMENT|[51]|j|60
15:26:12.0 (47762210)|HEAP_ALLOCATE|[50]|Bytes:4
15:26:12.0 (47764530)|VARIABLE_ASSIGNMENT|[50]|i|19
15:26:12.0 (47766142)|STATEMENT_EXECUTE|[50]
15:26:12.0 (47767336)|STATEMENT_EXECUTE|[51]
15:26:12.0 (47768854)|VARIABLE_SCOPE_BEGIN|[51]|j|Integer|false|false
15:26:12.0 (47770158)|HEAP_ALLOCATE|[51]|Bytes:4
15:26:12.0 (47772243)|VARIABLE_ASSIGNMENT|[51]|j|0
15:26:12.0 (47773636)|STATEMENT_EXECUTE|[51]
15:26:12.0 (47774847)|STATEMENT_EXECUTE|[52]
15:26:12.0 (47775755)|STATEMENT_EXECUTE|[53]
15:26:12.0 (47780807)|HEAP_ALLOCATE|[53]|Bytes:2
15:26:12.0 (47787806)|HEAP_ALLOCATE|[53]|Bytes:1
15:26:12.0 (47792529)|HEAP_ALLOCATE|[53]|Bytes:5
15:26:12.0 (47796983)|HEAP_ALLOCATE|[53]|Bytes:2
15:26:12.0 (47803717)|HEAP_ALLOCATE|[53]|Bytes:1
15:26:12.0 (47808208)|HEAP_ALLOCATE|[53]|Bytes:5
15:26:12.0 (47812486)|HEAP_ALLOCATE|[EXTERNAL]|Bytes:4
15:26:12.0 (47815805)|HEAP_ALLOCATE|[51]|Bytes:4
15:26:12.0 (47818299)|VARIABLE_ASSIGNMENT|[51]|j|30
15:26:12.0 (47819891)|STATEMENT_EXECUTE|[51]
15:26:12.0 (47821366)|STATEMENT_EXECUTE|[54]
15:26:12.0 (47822294)|STATEMENT_EXECUTE|[55]
15:26:12.0 (47827398)|HEAP_ALLOCATE|[55]|Bytes:2
15:26:12.0 (47834298)|HEAP_ALLOCATE|[55]|Bytes:2
15:26:12.0 (47839057)|HEAP_ALLOCATE|[55]|Bytes:5
15:26:12.0 (47843587)|HEAP_ALLOCATE|[55]|Bytes:2
15:26:12.0 (47850367)|HEAP_ALLOCATE|[55]|Bytes:2
15:26:12.0 (47854944)|HEAP_ALLOCATE|[55]|Bytes:5
15:26:12.0 (47859324)|HEAP_ALLOCATE|[EXTERNAL]|Bytes:4
15:26:12.0 (47862431)|HEAP_ALLOCATE|[51]|Bytes:4
15:26:12.0 (47864811)|VARIABLE_ASSIGNMENT|[51]|j|60
15:26:12.0 (47866595)|HEAP_ALLOCATE|[50]|Bytes:4
15:26:12.0 (47868854)|VARIABLE_ASSIGNMENT|[50]|i|20
15:26:12.0 (47870573)|STATEMENT_EXECUTE|[50]
15:26:12.0 (47871662)|STATEMENT_EXECUTE|[51]
15:26:12.0 (47873138)|VARIABLE_SCOPE_BEGIN|[51]|j|Integer|false|false
15:26:12.0 (47874472)|HEAP_ALLOCATE|[51]|Bytes:4
15:26:12.0 (47876622)|VARIABLE_ASSIGNMENT|[51]|j|0
15:26:12.0 (47878024)|STATEMENT_EXECUTE|[51]
15:26:12.0 (47879209)|STATEMENT_EXECUTE|[52]
15:26:12.0 (47880145)|STATEMENT_EXECUTE|[53]
15:26:12.0 (47885067)|HEAP_ALLOCATE|[53]|Bytes:2
15:26:12.0 (47892643)|HEAP_ALLOCATE|[53]|Bytes:1
15:26:12.0 (47897391)|HEAP_ALLOCATE|[53]|Bytes:5
15:26:12.0 (47901874)|HEAP_ALLOCATE|[53]|Bytes:2
15:26:12.0 (47908620)|HEAP_ALLOCATE|[53]|Bytes:1
15:26:12.0 (47913183)|HEAP_ALLOCATE|[53]|Bytes:5
15:26:12.0 (47917409)|HEAP_ALLOCATE|[EXTERNAL]|Bytes:4
15:26:12.0 (47920748)|HEAP_ALLOCATE|[51]|Bytes:4
15:26:12.0 (47923371)|VARIABLE_ASSIGNMENT|[51]|j|30
15:26:12.0 (47924832)|STATEMENT_EXECUTE|[51]
15:26:12.0 (47926093)|STATEMENT_EXECUTE|[54]
15:26:12.0 (47927003)|STATEMENT_EXECUTE|[55]
15:26:12.0 (47932073)|HEAP_ALLOCATE|[55]|Bytes:2
15:26:12.0 (47939277)|HEAP_ALLOCATE|[55]|Bytes:2
15:26:12.0 (47944060)|HEAP_ALLOCATE|[55]|Bytes:5
15:26:12.0 (47948605)|HEAP_ALLOCATE|[55]|Bytes:2
15:26:12.0 (47955536)|HEAP_ALLOCATE|[55]|Bytes:2
15:26:12.0 (47960192)|HEAP_ALLOCATE|[55]|Bytes:5
15:26:12.0 (47964558)|HEAP_ALLOCATE|[EXTERNAL]|Bytes:4
15:26:12.0 (47967632)|HEAP_ALLOCATE|[51]|Bytes:4
15:26:12.0 (47970092)|VARIABLE_ASSIGNMENT|[51]|j|60
15:26:12.0 (47971786)|HEAP_ALLOCATE|[50]|Bytes:4
15:26:12.0 (47974182)|VARIABLE_ASSIGNMENT|[50]|i|21
15:26:12.0 (47975776)|STATEMENT_EXECUTE|[50]
15:26:12.0 (47976910)|STATEMENT_EXECUTE|[51]
15:26:12.0 (47978527)|VARIABLE_SCOPE_BEGIN|[51]|j|Integer|false|false
15:26:12.0 (47979799)|HEAP_ALLOCATE|[51]|Bytes:4
15:26:12.0 (47982023)|VARIABLE_ASSIGNMENT|[51]|j|0
15:26:12.0 (47983422)|STATEMENT_EXECUTE|[51]
15:26:12.0 (47984594)|STATEMENT_EXECUTE|[52]
15:26:12.0 (47985506)|STATEMENT_EXECUTE|[53]
15:26:12.0 (47990520)|HEAP_ALLOCATE|[53]|Bytes:2
15:26:12.0 (47997593)|HEAP_ALLOCATE|[53]|Bytes:1
15:26:12.0 (48002313)|HEAP_ALLOCATE|[53]|Bytes:5
15:26:12.0 (48007366)|HEAP_ALLOCATE|[53]|Bytes:2
15:26:12.0 (48014318)|HEAP_ALLOCATE|[53]|Bytes:1
15:26:12.0 (48019098)|HEAP_ALLOCATE|[53]|Bytes:5
15:26:12.0 (48026242)|HEAP_ALLOCATE|[EXTERNAL]|Bytes:4
15:26:12.0 (48029705)|HEAP_ALLOCATE|[51]|Bytes:4
15:26:12.0 (48032293)|VARIABLE_ASSIGNMENT|[51]|j|30
15:26:12.0 (48033989)|STATEMENT_EXECUTE|[51]
15:26:12.0 (48035246)|STATEMENT_EXECUTE|[54]
15:26:12.0 (48036202)|STATEMENT_EXECUTE|[55]
15:26:12.0 (48042114)|HEAP_ALLOCATE|[55]|Bytes:2
15:26:12.0 (48049399)|HEAP_ALLOCATE|[55]|Bytes:2
15:26:12.0 (48054406)|HEAP_ALLOCATE|[55]|Bytes:5
15:26:12.0 (48058973)|HEAP_ALLOCATE|[55]|Bytes:2
15:26:12.0 (48065799)|HEAP_ALLOCATE|[55]|Bytes:2
15:26:12.0 (48070411)|HEAP_ALLOCATE|[55]|Bytes:5
15:26:12.0 (48074826)|HEAP_ALLOCATE|[EXTERNAL]|Bytes:4
15:26:12.0 (48077968)|HEAP_ALLOCATE|[51]|Bytes:4
15:26:12.0 (48080376)|VARIABLE_ASSIGNMENT|[51]|j|60
15:26:12.0 (48082301)|HEAP_ALLOCATE|[50]|Bytes:4
15:26:12.0 (48084613)|VARIABLE_ASSIGNMENT|[50]|i|22
15:26:12.0 (48086344)|STATEMENT_EXECUTE|[50]
15:26:12.0 (48087459)|STATEMENT_EXECUTE|[51]
15:26:12.0 (48088989)|VARIABLE_SCOPE_BEGIN|[51]|j|Integer|false|false
15:26:12.0 (48090384)|HEAP_ALLOCATE|[51]|Bytes:4
15:26:12.0 (48092475)|VARIABLE_ASSIGNMENT|[51]|j|0
15:26:12.0 (48093866)|STATEMENT_EXECUTE|[51]
15:26:12.0 (48095060)|STATEMENT_EXECUTE|[52]
15:26:12.0 (48095968)|STATEMENT_EXECUTE|[53]
15:26:12.0 (48101046)|HEAP_ALLOCATE|[53]|Bytes:2
15:26:12.0 (48108153)|HEAP_ALLOCATE|[53]|Bytes:1
15:26:12.0 (48113280)|HEAP_ALLOCATE|[53]|Bytes:5
15:26:12.0 (48117794)|HEAP_ALLOCATE|[53]|Bytes:2
15:26:12.0 (48124543)|HEAP_ALLOCATE|[53]|Bytes:1
15:26:12.0 (48129033)|HEAP_ALLOCATE|[53]|Bytes:5
15:26:12.0 (48133620)|HEAP_ALLOCATE|[EXTERNAL]|Bytes:4
15:26:12.0 (48137060)|HEAP_ALLOCATE|[51]|Bytes:4
15:26:12.0 (48139839)|VARIABLE_ASSIGNMENT|[51]|j|30
15:26:12.0 (48141363)|STATEMENT_EXECUTE|[51]
15:26:12.0 (48142550)|STATEMENT_EXECUTE|[54]
15:26:12.0 (48143654)|STATEMENT_EXECUTE|[55]
15:26:12.0 (48148771)|HEAP_ALLOCATE|[55]|Bytes:2
15:26:12.0 (48155720)|HEAP_ALLOCATE|[55]|Bytes:2
15:26:12.0 (48160515)|HEAP_ALLOCATE|[55]|Bytes:5
15:26:12.0 (48165048)|HEAP_ALLOCATE|[55]|Bytes:2
15:26:12.0 (48171767)|HEAP_ALLOCATE|[55]|Bytes:2
15:26:12.0 (48176481)|HEAP_ALLOCATE|[55]|Bytes:5
15:26:12.0 (48180808)|HEAP_ALLOCATE|[EXTERNAL]|Bytes:4
15:26:12.0 (48183880)|HEAP_ALLOCATE|[51]|Bytes:4
15:26:12.0 (48186384)|VARIABLE_ASSIGNMENT|[51]|j|60
15:26:12.0 (48188178)|HEAP_ALLOCATE|[50]|Bytes:4
15:26:12.0 (48190705)|VARIABLE_ASSIGNMENT|[50]|i|23
15:26:12.0 (48192398)|STATEMENT_EXECUTE|[50]
15:26:12.0 (48193499)|STATEMENT_EXECUTE|[51]
15:26:12.0 (48194914)|VARIABLE_SCOPE_BEGIN|[51]|j|Integer|false|false
15:26:12.0 (48196186)|HEAP_ALLOCATE|[51]|Bytes:4
15:26:12.0 (48198470)|VARIABLE_ASSIGNMENT|[51]|j|0
15:26:12.0 (48199867)|STATEMENT_EXECUTE|[51]
15:26:12.0 (48201030)|STATEMENT_EXECUTE|[52]
15:26:12.0 (48201939)|STATEMENT_EXECUTE|[53]
15:26:12.0 (48207037)|HEAP_ALLOCATE|[53]|Bytes:2
15:26:12.0 (48214077)|HEAP_ALLOCATE|[53]|Bytes:1
15:26:12.0 (48218808)|HEAP_ALLOCATE|[53]|Bytes:5
15:26:12.0 (48223325)|HEAP_ALLOCATE|[53]|Bytes:2
15:26:12.0 (48230091)|HEAP_ALLOCATE|[53]|Bytes:1
15:26:12.0 (48234596)|HEAP_ALLOCATE|[53]|Bytes:5
15:26:12.0 (48241647)|HEAP_ALLOCATE|[EXTERNAL]|Bytes:4
15:26:12.0 (48245241)|HEAP_ALLOCATE|[51]|Bytes:4
15:26:12.0 (48247848)|VARIABLE_ASSIGNMENT|[51]|j|30
15:26:12.0 (48249463)|STATEMENT_EXECUTE|[51]
15:26:12.0 (48250684)|STATEMENT_EXECUTE|[54]
15:26:12.0 (48251659)|STATEMENT_EXECUTE|[55]
15:26:12.0 (48257046)|HEAP_ALLOCATE|[55]|Bytes:2
15:26:12.0 (48264104)|HEAP_ALLOCATE|[55]|Bytes:2
15:26:12.0 (48269059)|HEAP_ALLOCATE|[55]|Bytes:5
15:26:12.0 (48273612)|HEAP_ALLOCATE|[55]|Bytes:2
15:26:12.0 (48280464)|HEAP_ALLOCATE|[55]|Bytes:2
15:26:12.0 (48285253)|HEAP_ALLOCATE|[55]|Bytes:5
15:26:12.0 (48289678)|HEAP_ALLOCATE|[EXTERNAL]|Bytes:4
15:26:12.0 (48292764)|HEAP_ALLOCATE|[51]|Bytes:4
15:26:12.0 (48295389)|VARIABLE_ASSIGNMENT|[51]|j|60
15:26:12.0 (48297108)|HEAP_ALLOCATE|[50]|Bytes:4
15:26:12.0 (48299328)|VARIABLE_ASSIGNMENT|[50]|i|24
15:26:12.0 (48301385)|STATEMENT_EXECUTE|[59]
15:26:12.0 (48391899)|SYSTEM_MODE_ENTER|true
15:26:12.0 (48414420)|HEAP_ALLOCATE|[EXTERNAL]|Bytes:80
15:26:12.0 (48460654)|VARIABLE_ASSIGNMENT|[EXTERNAL]|this|{"delToHub":true,"delToProj":false,"detail":"0x257cf7fd","invoked":false,"rejected":false,"reserved":false,"selectedTime3":"8:00","sublocations1":"0x42e1e02","www":"0x26f625d0","wwwById":"0x41869e2c"}|0x61a30e2b
15:26:12.0 (48467087)|STATEMENT_EXECUTE|[78]
15:26:12.0 (48471140)|STATEMENT_EXECUTE|[79]
15:26:12.0 (48472330)|STATEMENT_EXECUTE|[83]
15:26:12.51 (51066098)|SYSTEM_MODE_ENTER|true
15:26:12.51 (51108595)|HEAP_ALLOCATE|[EXTERNAL]|Bytes:8
15:26:12.51 (51114233)|VARIABLE_SCOPE_BEGIN|[88]|this|ApexPage.PageMessagesComponentController|true|false
15:26:12.51 (51132052)|VARIABLE_ASSIGNMENT|[88]|this|{}|0x3564cce4
15:26:12.51 (51134779)|VARIABLE_SCOPE_BEGIN|[88]|escape|Boolean|false|false
15:26:12.51 (51138520)|VARIABLE_ASSIGNMENT|[88]|escape|null
15:26:12.0 (51631806)|SYSTEM_MODE_ENTER|true
15:26:12.0 (51654603)|HEAP_ALLOCATE|[EXTERNAL]|Bytes:4
15:26:12.0 (51658223)|HEAP_ALLOCATE|[EXTERNAL]|Bytes:80
15:26:12.0 (51681752)|VARIABLE_ASSIGNMENT|[EXTERNAL]|this.selectedTime3|"8:00"|0x61a30e2b
15:26:12.0 (51716501)|SYSTEM_MODE_ENTER|true
15:26:12.0 (51735394)|HEAP_ALLOCATE|[EXTERNAL]|Bytes:80
15:26:12.0 (51778955)|VARIABLE_ASSIGNMENT|[EXTERNAL]|this|{"delToHub":true,"delToProj":false,"detail":"0x257cf7fd","invoked":false,"rejected":false,"reserved":false,"selectedTime3":"8:00","sublocations1":"0x42e1e02","www":"0x26f625d0","wwwById":"0x41869e2c"}|0x61a30e2b
15:26:12.0 (51785491)|STATEMENT_EXECUTE|[3]
15:26:12.0 (51788163)|STATEMENT_EXECUTE|[4]
15:26:12.0 (51789365)|STATEMENT_EXECUTE|[9]
15:26:12.0 (52119883)|SYSTEM_MODE_ENTER|true
15:26:12.0 (52139027)|HEAP_ALLOCATE|[EXTERNAL]|Bytes:80
15:26:12.0 (52181138)|VARIABLE_ASSIGNMENT|[EXTERNAL]|this|{"delToHub":true,"delToProj":false,"detail":"0x257cf7fd","invoked":false,"rejected":false,"reserved":false,"selectedTime3":"8:00","sublocations1":"0x42e1e02","www":"0x26f625d0","wwwById":"0x41869e2c"}|0x61a30e2b
15:26:12.0 (52186868)|STATEMENT_EXECUTE|[204]
15:26:12.0 (52189259)|STATEMENT_EXECUTE|[205]
15:26:12.0 (52190408)|STATEMENT_EXECUTE|[208]
15:26:12.0 (52227596)|SYSTEM_MODE_ENTER|true
15:26:12.0 (52248262)|HEAP_ALLOCATE|[EXTERNAL]|Bytes:80
15:26:12.0 (52285225)|VARIABLE_ASSIGNMENT|[EXTERNAL]|this|{"delToHub":true,"delToProj":false,"detail":"0x257cf7fd","invoked":false,"rejected":false,"reserved":false,"selectedTime3":"8:00","sublocations1":"0x42e1e02","www":"0x26f625d0","wwwById":"0x41869e2c"}|0x61a30e2b
15:26:12.0 (52290340)|STATEMENT_EXECUTE|[220]
15:26:12.0 (52292534)|STATEMENT_EXECUTE|[221]
15:26:12.0 (52293612)|STATEMENT_EXECUTE|[224]
15:26:12.0 (52327281)|SYSTEM_MODE_ENTER|true
15:26:12.0 (52341958)|HEAP_ALLOCATE|[EXTERNAL]|Bytes:80
15:26:12.0 (52380229)|VARIABLE_ASSIGNMENT|[EXTERNAL]|this|{"delToHub":true,"delToProj":false,"detail":"0x257cf7fd","invoked":false,"rejected":false,"reserved":false,"selectedTime3":"8:00","sublocations1":"0x42e1e02","www":"0x26f625d0","wwwById":"0x41869e2c"}|0x61a30e2b
15:26:12.0 (52385260)|STATEMENT_EXECUTE|[212]
15:26:12.0 (52387235)|STATEMENT_EXECUTE|[213]
15:26:12.0 (52388232)|STATEMENT_EXECUTE|[216]
15:26:12.0 (52421946)|SYSTEM_MODE_ENTER|true
15:26:12.0 (52436206)|HEAP_ALLOCATE|[EXTERNAL]|Bytes:80
15:26:12.0 (52470137)|VARIABLE_ASSIGNMENT|[EXTERNAL]|this|{"delToHub":true,"delToProj":false,"detail":"0x257cf7fd","invoked":false,"rejected":false,"reserved":false,"selectedTime3":"8:00","sublocations1":"0x42e1e02","www":"0x26f625d0","wwwById":"0x41869e2c"}|0x61a30e2b
15:26:12.0 (52474743)|STATEMENT_EXECUTE|[21]
15:26:12.0 (52476719)|STATEMENT_EXECUTE|[22]
15:26:12.0 (52477722)|STATEMENT_EXECUTE|[26]
15:26:12.0 (53059817)|HEAP_ALLOCATE|[EXTERNAL]|Bytes:80
15:26:12.0 (53067195)|VARIABLE_SCOPE_BEGIN|[245]|this|NewDeliveredExtension|true|false
15:26:12.0 (53108872)|VARIABLE_ASSIGNMENT|[245]|this|{"delToHub":true,"delToProj":false,"detail":"0x257cf7fd","invoked":false,"rejected":false,"reserved":false,"selectedTime3":"8:00","sublocations1":"0x42e1e02","www":"0x26f625d0","wwwById":"0x41869e2c"}|0x61a30e2b
15:26:12.0 (53116131)|STATEMENT_EXECUTE|[245]
15:26:12.0 (53117618)|STATEMENT_EXECUTE|[246]
15:26:12.0 (53121827)|HEAP_ALLOCATE|[246]|Bytes:4
15:26:12.0 (53217206)|VARIABLE_ASSIGNMENT|[EXTERNAL]|this|{"delToHub":true,"delToProj":false,"detail":"0x257cf7fd","invoked":false,"rejected":false,"reserved":false,"selectedTime3":"8:00","sublocations1":"0x42e1e02","www":"0x26f625d0","wwwById":"0x41869e2c"}|0x61a30e2b
15:26:12.0 (53236567)|HEAP_ALLOCATE|[EXTERNAL]|Bytes:4
15:26:12.0 (53247471)|VARIABLE_ASSIGNMENT|[EXTERNAL]|value|[]|0x50411e5
15:26:12.0 (53257815)|VARIABLE_ASSIGNMENT|[185]|this.sublocations1|[]|0x61a30e2b
15:26:12.0 (53264803)|STATEMENT_EXECUTE|[247]
15:26:12.0 (53269093)|HEAP_ALLOCATE|[247]|Bytes:4
15:26:12.0 (53282886)|VARIABLE_SCOPE_BEGIN|[247]|options|List<NewDeliveredExtension.SubLocation>|true|false
15:26:12.0 (53290352)|HEAP_ALLOCATE|[EXTERNAL]|Bytes:4
15:26:12.0 (53293723)|VARIABLE_ASSIGNMENT|[247]|options|[]|0x76220e4b
15:26:12.0 (53295822)|STATEMENT_EXECUTE|[248]
15:26:12.0 (53298908)|HEAP_ALLOCATE|[248]|Bytes:18
15:26:12.0 (53345606)|VARIABLE_ASSIGNMENT|[EXTERNAL]|this|{"delToHub":true,"delToProj":false,"detail":"0x257cf7fd","invoked":false,"rejected":false,"reserved":false,"selectedTime3":"8:00","sublocations1":"0x50411e5","www":"0x26f625d0","wwwById":"0x41869e2c"}|0x61a30e2b
15:26:12.0 (53349942)|STATEMENT_EXECUTE|[3]
15:26:12.0 (53352363)|STATEMENT_EXECUTE|[4]
15:26:12.0 (53353454)|STATEMENT_EXECUTE|[9]
15:26:12.0 (53407749)|HEAP_ALLOCATE|[248]|Bytes:18
15:26:12.0 (53419448)|HEAP_ALLOCATE|[248]|Bytes:36
15:26:12.0 (53437218)|USER_DEBUG|[248]|DEBUG|detail.Location__ca0B0E0000009YBFUA2
15:26:12.0 (53485236)|VARIABLE_ASSIGNMENT|[EXTERNAL]|this|{"delToHub":true,"delToProj":false,"detail":"0x257cf7fd","invoked":false,"rejected":false,"reserved":false,"selectedTime3":"8:00","sublocations1":"0x50411e5","www":"0x26f625d0","wwwById":"0x41869e2c"}|0x61a30e2b
15:26:12.0 (53489498)|STATEMENT_EXECUTE|[3]
15:26:12.0 (53491540)|STATEMENT_EXECUTE|[4]
15:26:12.0 (53492622)|STATEMENT_EXECUTE|[9]
15:26:12.0 (53499831)|STATEMENT_EXECUTE|[250]
15:26:12.0 (53502957)|HEAP_ALLOCATE|[251]|Bytes:68
15:26:12.0 (53512110)|HEAP_ALLOCATE|[251]|Bytes:4
15:26:12.0 (53518391)|HEAP_ALLOCATE|[251]|Bytes:7
15:26:12.0 (53556838)|VARIABLE_ASSIGNMENT|[EXTERNAL]|this|{"delToHub":true,"delToProj":false,"detail":"0x257cf7fd","invoked":false,"rejected":false,"reserved":false,"selectedTime3":"8:00","sublocations1":"0x50411e5","www":"0x26f625d0","wwwById":"0x41869e2c"}|0x61a30e2b
15:26:12.0 (53560702)|STATEMENT_EXECUTE|[3]
15:26:12.0 (53562386)|STATEMENT_EXECUTE|[4]
15:26:12.0 (53563384)|STATEMENT_EXECUTE|[9]
15:26:12.0 (53856384)|SOQL_EXECUTE_BEGIN|[251]|Aggregations:0|SELECT Name, Id FROM Location__c 
15:26:12.0 (56057597)|SOQL_EXECUTE_END|[251]|Rows:4
15:26:12.0 (56070626)|HEAP_ALLOCATE|[EXTERNAL]|Bytes:20
15:26:12.0 (56204621)|HEAP_ALLOCATE|[251]|Bytes:49
15:26:12.0 (56210468)|HEAP_ALLOCATE|[251]|Bytes:8
15:26:12.0 (56218294)|SYSTEM_METHOD_ENTRY|[7]|QueryLocatorIterator.QueryLocatorIterator()
15:26:12.0 (56220739)|STATEMENT_EXECUTE|[7]
15:26:12.0 (56228147)|SYSTEM_METHOD_EXIT|[7]|QueryLocatorIterator
15:26:12.0 (56233992)|HEAP_ALLOCATE|[251]|Bytes:28
15:26:12.0 (56284253)|HEAP_ALLOCATE|[251]|Bytes:20
15:26:12.0 (56296628)|HEAP_ALLOCATE|[251]|Bytes:8
15:26:12.0 (56298395)|HEAP_ALLOCATE|[251]|Bytes:8
15:26:12.0 (56301996)|VARIABLE_SCOPE_BEGIN|[15]|this|Database.QueryLocatorIterator|true|false
15:26:12.0 (56337725)|VARIABLE_ASSIGNMENT|[15]|this|{}|0x5f4d6cd8
15:26:12.0 (56340537)|VARIABLE_SCOPE_BEGIN|[15]|values|List<SObject>|true|false
15:26:12.0 (56359143)|VARIABLE_ASSIGNMENT|[15]|values|[{"Name":"1Q2WA","Id":"a0B0E0000009YBKUA2","RecordTypeId":"01224000000B1zdAAC"},{"Name":"1Q2WB","Id":"a0B0E0000009YBPUA2","RecordTypeId":"01224000000B1zdAAC"},{"Name":"1Q2WC","Id":"a0B0E0000009YBUUA2","RecordTypeId":"01224000000B1zdAAC"},{"Name":"1Q2WD","Id":"a0B0E0000009YBZUA2","RecordTypeId":"01224000000B1zdAAC"}]|0x22e8703f
15:26:12.0 (56363142)|VARIABLE_SCOPE_BEGIN|[15]|ql|Database.QueryLocator|true|false
15:26:12.0 (56373200)|VARIABLE_ASSIGNMENT|[15]|ql|{"query":"SELECT Name, Id FROM (48 more) ..."}|0x5bafcc15
15:26:12.0 (56375282)|VARIABLE_SCOPE_BEGIN|[15]|totalNumRecords|Integer|false|false
15:26:12.0 (56378553)|VARIABLE_ASSIGNMENT|[15]|totalNumRecords|4
15:26:12.0 (56380294)|VARIABLE_SCOPE_BEGIN|[15]|queryMoreSize|Integer|false|false
15:26:12.0 (56382381)|VARIABLE_ASSIGNMENT|[15]|queryMoreSize|49996
15:26:12.0 (56452406)|HEAP_ALLOCATE|[251]|Bytes:28
15:26:12.0 (56468060)|METHOD_ENTRY|[251]||Database.QueryLocatorIterator.hasNext()
15:26:12.0 (56518500)|METHOD_EXIT|[251]||Database.QueryLocatorIterator.hasNext()
15:26:12.0 (56524515)|METHOD_ENTRY|[251]||Database.QueryLocatorIterator.next()
15:26:12.0 (56593092)|METHOD_EXIT|[251]||Database.QueryLocatorIterator.next()
15:26:12.0 (56598960)|VARIABLE_SCOPE_BEGIN|[251]|loc|Location__c|true|false
15:26:12.0 (56609450)|VARIABLE_ASSIGNMENT|[251]|loc|{"Name":"1Q2WA","Id":"a0B0E0000009YBKUA2","RecordTypeId":"01224000000B1zdAAC"}|0x744166
15:26:12.0 (56612775)|STATEMENT_EXECUTE|[251]
15:26:12.0 (56614266)|STATEMENT_EXECUTE|[252]
15:26:12.0 (56666406)|VARIABLE_ASSIGNMENT|[EXTERNAL]|this|{"delToHub":true,"delToProj":false,"detail":"0x257cf7fd","invoked":false,"rejected":false,"reserved":false,"selectedTime3":"8:00","sublocations1":"0x50411e5","www":"0x26f625d0","wwwById":"0x41869e2c"}|0x61a30e2b
15:26:12.0 (56671319)|STATEMENT_EXECUTE|[186]
15:26:12.0 (56673334)|STATEMENT_EXECUTE|[187]
15:26:12.0 (56674291)|STATEMENT_EXECUTE|[190]
15:26:12.0 (56748426)|HEAP_ALLOCATE|[252]|Bytes:112
15:26:12.0 (56753422)|HEAP_ALLOCATE|[252]|Bytes:11
15:26:12.0 (56765645)|HEAP_ALLOCATE|[252]|Bytes:12
15:26:12.0 (56786920)|CONSTRUCTOR_ENTRY|[252]|01p2400000DUtXT|<init>(Boolean,Location__c)
15:26:12.0 (56799125)|VARIABLE_SCOPE_BEGIN|[545]|this|NewDeliveredExtension.SubLocation|true|false
15:26:12.0 (56819443)|VARIABLE_ASSIGNMENT|[545]|this|{}|0x44161791
15:26:12.0 (56824918)|VARIABLE_SCOPE_BEGIN|[545]|isChecked|Boolean|false|false
15:26:12.0 (56828354)|VARIABLE_ASSIGNMENT|[545]|isChecked|false
15:26:12.0 (56831013)|VARIABLE_SCOPE_BEGIN|[545]|sub|Location__c|true|false
15:26:12.0 (56837738)|VARIABLE_ASSIGNMENT|[545]|sub|{"Name":"1Q2WA","Id":"a0B0E0000009YBKUA2","RecordTypeId":"01224000000B1zdAAC"}|0x744166
15:26:12.0 (56841046)|STATEMENT_EXECUTE|[542]
15:26:12.0 (56842289)|STATEMENT_EXECUTE|[543]
15:26:12.0 (56843616)|STATEMENT_EXECUTE|[544]
15:26:12.0 (56853998)|STATEMENT_EXECUTE|[545]
15:26:12.0 (56855242)|STATEMENT_EXECUTE|[546]
15:26:12.0 (56902242)|VARIABLE_ASSIGNMENT|[EXTERNAL]|this|{}|0x44161791
15:26:12.0 (56908534)|VARIABLE_ASSIGNMENT|[EXTERNAL]|value|false
15:26:12.0 (56913079)|HEAP_ALLOCATE|[543]|Bytes:5
15:26:12.0 (56918797)|VARIABLE_ASSIGNMENT|[543]|this.isChecked|false|0x44161791
15:26:12.0 (56924111)|STATEMENT_EXECUTE|[547]
15:26:12.0 (56952980)|VARIABLE_ASSIGNMENT|[EXTERNAL]|this|{"isChecked":false}|0x44161791
15:26:12.0 (56960252)|VARIABLE_ASSIGNMENT|[EXTERNAL]|value|{"Name":"1Q2WA","Id":"a0B0E0000009YBKUA2","RecordTypeId":"01224000000B1zdAAC"}|0x744166
15:26:12.0 (56967753)|VARIABLE_ASSIGNMENT|[544]|this.sub|{"Name":"1Q2WA","Id":"a0B0E0000009YBKUA2","RecordTypeId":"01224000000B1zdAAC"}|0x44161791
15:26:12.0 (56976562)|CONSTRUCTOR_EXIT|[252]|01p2400000DUtXT|<init>(Boolean,Location__c)
15:26:12.0 (56986237)|HEAP_ALLOCATE|[EXTERNAL]|Bytes:4
15:26:12.0 (56993542)|METHOD_ENTRY|[251]||Database.QueryLocatorIterator.hasNext()
15:26:12.0 (57009851)|METHOD_EXIT|[251]||Database.QueryLocatorIterator.hasNext()
15:26:12.0 (57014052)|METHOD_ENTRY|[251]||Database.QueryLocatorIterator.next()
15:26:12.0 (57062822)|METHOD_EXIT|[251]||Database.QueryLocatorIterator.next()
15:26:12.0 (57067631)|VARIABLE_SCOPE_BEGIN|[251]|loc|Location__c|true|false
15:26:12.0 (57076054)|VARIABLE_ASSIGNMENT|[251]|loc|{"Name":"1Q2WB","Id":"a0B0E0000009YBPUA2","RecordTypeId":"01224000000B1zdAAC"}|0x4c0cf136
15:26:12.0 (57078641)|STATEMENT_EXECUTE|[251]
15:26:12.0 (57079696)|STATEMENT_EXECUTE|[252]
15:26:12.0 (57118108)|VARIABLE_ASSIGNMENT|[EXTERNAL]|this|{"delToHub":true,"delToProj":false,"detail":"0x257cf7fd","invoked":false,"rejected":false,"reserved":false,"selectedTime3":"8:00","sublocations1":"0x50411e5","www":"0x26f625d0","wwwById":"0x41869e2c"}|0x61a30e2b
15:26:12.0 (57121919)|STATEMENT_EXECUTE|[186]
15:26:12.0 (57126600)|STATEMENT_EXECUTE|[187]
15:26:12.0 (57127758)|STATEMENT_EXECUTE|[190]
15:26:12.0 (57134286)|HEAP_ALLOCATE|[252]|Bytes:12
15:26:12.0 (57141930)|CONSTRUCTOR_ENTRY|[252]|01p2400000DUtXT|<init>(Boolean,Location__c)
15:26:12.0 (57144800)|VARIABLE_SCOPE_BEGIN|[545]|this|NewDeliveredExtension.SubLocation|true|false
15:26:12.0 (57152902)|VARIABLE_ASSIGNMENT|[545]|this|{}|0x36a7e20d
15:26:12.0 (57156685)|VARIABLE_SCOPE_BEGIN|[545]|isChecked|Boolean|false|false
15:26:12.0 (57159320)|VARIABLE_ASSIGNMENT|[545]|isChecked|false
15:26:12.0 (57160723)|VARIABLE_SCOPE_BEGIN|[545]|sub|Location__c|true|false
15:26:12.0 (57165985)|VARIABLE_ASSIGNMENT|[545]|sub|{"Name":"1Q2WB","Id":"a0B0E0000009YBPUA2","RecordTypeId":"01224000000B1zdAAC"}|0x4c0cf136
15:26:12.0 (57168722)|STATEMENT_EXECUTE|[542]
15:26:12.0 (57169725)|STATEMENT_EXECUTE|[543]
15:26:12.0 (57170736)|STATEMENT_EXECUTE|[544]
15:26:12.0 (57178811)|STATEMENT_EXECUTE|[545]
15:26:12.0 (57179961)|STATEMENT_EXECUTE|[546]
15:26:12.0 (57188532)|VARIABLE_ASSIGNMENT|[EXTERNAL]|this|{}|0x36a7e20d
15:26:12.0 (57192322)|VARIABLE_ASSIGNMENT|[EXTERNAL]|value|false
15:26:12.0 (57195155)|HEAP_ALLOCATE|[543]|Bytes:5
15:26:12.0 (57199243)|VARIABLE_ASSIGNMENT|[543]|this.isChecked|false|0x36a7e20d
15:26:12.0 (57202754)|STATEMENT_EXECUTE|[547]
15:26:12.0 (57211376)|VARIABLE_ASSIGNMENT|[EXTERNAL]|this|{"isChecked":false}|0x36a7e20d
15:26:12.0 (57216886)|VARIABLE_ASSIGNMENT|[EXTERNAL]|value|{"Name":"1Q2WB","Id":"a0B0E0000009YBPUA2","RecordTypeId":"01224000000B1zdAAC"}|0x4c0cf136
15:26:12.0 (57221993)|VARIABLE_ASSIGNMENT|[544]|this.sub|{"Name":"1Q2WB","Id":"a0B0E0000009YBPUA2","RecordTypeId":"01224000000B1zdAAC"}|0x36a7e20d
15:26:12.0 (57229081)|CONSTRUCTOR_EXIT|[252]|01p2400000DUtXT|<init>(Boolean,Location__c)
15:26:12.0 (57235056)|HEAP_ALLOCATE|[EXTERNAL]|Bytes:4
15:26:12.0 (57246208)|METHOD_ENTRY|[251]||Database.QueryLocatorIterator.hasNext()
15:26:12.0 (57259904)|METHOD_EXIT|[251]||Database.QueryLocatorIterator.hasNext()
15:26:12.0 (57262809)|METHOD_ENTRY|[251]||Database.QueryLocatorIterator.next()
15:26:12.0 (57305337)|METHOD_EXIT|[251]||Database.QueryLocatorIterator.next()
15:26:12.0 (57308993)|VARIABLE_SCOPE_BEGIN|[251]|loc|Location__c|true|false
15:26:12.0 (57316495)|VARIABLE_ASSIGNMENT|[251]|loc|{"Name":"1Q2WC","Id":"a0B0E0000009YBUUA2","RecordTypeId":"01224000000B1zdAAC"}|0x3d9b4bae
15:26:12.0 (57318545)|STATEMENT_EXECUTE|[251]
15:26:12.0 (57319578)|STATEMENT_EXECUTE|[252]
15:26:12.0 (57354400)|VARIABLE_ASSIGNMENT|[EXTERNAL]|this|{"delToHub":true,"delToProj":false,"detail":"0x257cf7fd","invoked":false,"rejected":false,"reserved":false,"selectedTime3":"8:00","sublocations1":"0x50411e5","www":"0x26f625d0","wwwById":"0x41869e2c"}|0x61a30e2b
15:26:12.0 (57358037)|STATEMENT_EXECUTE|[186]
15:26:12.0 (57359922)|STATEMENT_EXECUTE|[187]
15:26:12.0 (57360939)|STATEMENT_EXECUTE|[190]
15:26:12.0 (57366934)|HEAP_ALLOCATE|[252]|Bytes:12
15:26:12.0 (57373947)|CONSTRUCTOR_ENTRY|[252]|01p2400000DUtXT|<init>(Boolean,Location__c)
15:26:12.0 (57376679)|VARIABLE_SCOPE_BEGIN|[545]|this|NewDeliveredExtension.SubLocation|true|false
15:26:12.0 (57383741)|VARIABLE_ASSIGNMENT|[545]|this|{}|0x33dcf996
15:26:12.0 (57387076)|VARIABLE_SCOPE_BEGIN|[545]|isChecked|Boolean|false|false
15:26:12.0 (57389544)|VARIABLE_ASSIGNMENT|[545]|isChecked|false
15:26:12.0 (57390924)|VARIABLE_SCOPE_BEGIN|[545]|sub|Location__c|true|false
15:26:12.0 (57395768)|VARIABLE_ASSIGNMENT|[545]|sub|{"Name":"1Q2WC","Id":"a0B0E0000009YBUUA2","RecordTypeId":"01224000000B1zdAAC"}|0x3d9b4bae
15:26:12.0 (57397990)|STATEMENT_EXECUTE|[542]
15:26:12.0 (57398955)|STATEMENT_EXECUTE|[543]
15:26:12.0 (57399968)|STATEMENT_EXECUTE|[544]
15:26:12.0 (57407192)|STATEMENT_EXECUTE|[545]
15:26:12.0 (57408325)|STATEMENT_EXECUTE|[546]
15:26:12.0 (57416471)|VARIABLE_ASSIGNMENT|[EXTERNAL]|this|{}|0x33dcf996
15:26:12.0 (57420133)|VARIABLE_ASSIGNMENT|[EXTERNAL]|value|false
15:26:12.0 (57423005)|HEAP_ALLOCATE|[543]|Bytes:5
15:26:12.0 (57426962)|VARIABLE_ASSIGNMENT|[543]|this.isChecked|false|0x33dcf996
15:26:12.0 (57430228)|STATEMENT_EXECUTE|[547]
15:26:12.0 (57438322)|VARIABLE_ASSIGNMENT|[EXTERNAL]|this|{"isChecked":false}|0x33dcf996
15:26:12.0 (57443360)|VARIABLE_ASSIGNMENT|[EXTERNAL]|value|{"Name":"1Q2WC","Id":"a0B0E0000009YBUUA2","RecordTypeId":"01224000000B1zdAAC"}|0x3d9b4bae
15:26:12.0 (57449046)|VARIABLE_ASSIGNMENT|[544]|this.sub|{"Name":"1Q2WC","Id":"a0B0E0000009YBUUA2","RecordTypeId":"01224000000B1zdAAC"}|0x33dcf996
15:26:12.0 (57455596)|CONSTRUCTOR_EXIT|[252]|01p2400000DUtXT|<init>(Boolean,Location__c)
15:26:12.0 (57460475)|HEAP_ALLOCATE|[EXTERNAL]|Bytes:4
15:26:12.0 (57465814)|METHOD_ENTRY|[251]||Database.QueryLocatorIterator.hasNext()
15:26:12.0 (57478466)|METHOD_EXIT|[251]||Database.QueryLocatorIterator.hasNext()
15:26:12.0 (57481293)|METHOD_ENTRY|[251]||Database.QueryLocatorIterator.next()
15:26:12.0 (57520612)|METHOD_EXIT|[251]||Database.QueryLocatorIterator.next()
15:26:12.0 (57524515)|VARIABLE_SCOPE_BEGIN|[251]|loc|Location__c|true|false
15:26:12.0 (57531411)|VARIABLE_ASSIGNMENT|[251]|loc|{"Name":"1Q2WD","Id":"a0B0E0000009YBZUA2","RecordTypeId":"01224000000B1zdAAC"}|0x18723b9a
15:26:12.0 (57533911)|STATEMENT_EXECUTE|[251]
15:26:12.0 (57534889)|STATEMENT_EXECUTE|[252]
15:26:12.0 (57568727)|VARIABLE_ASSIGNMENT|[EXTERNAL]|this|{"delToHub":true,"delToProj":false,"detail":"0x257cf7fd","invoked":false,"rejected":false,"reserved":false,"selectedTime3":"8:00","sublocations1":"0x50411e5","www":"0x26f625d0","wwwById":"0x41869e2c"}|0x61a30e2b
15:26:12.0 (57572498)|STATEMENT_EXECUTE|[186]
15:26:12.0 (57574204)|STATEMENT_EXECUTE|[187]
15:26:12.0 (57575166)|STATEMENT_EXECUTE|[190]
15:26:12.0 (57580451)|HEAP_ALLOCATE|[252]|Bytes:12
15:26:12.0 (57587140)|CONSTRUCTOR_ENTRY|[252]|01p2400000DUtXT|<init>(Boolean,Location__c)
15:26:12.0 (57589316)|VARIABLE_SCOPE_BEGIN|[545]|this|NewDeliveredExtension.SubLocation|true|false
15:26:12.0 (57596296)|VARIABLE_ASSIGNMENT|[545]|this|{}|0x114c0513
15:26:12.0 (57599177)|VARIABLE_SCOPE_BEGIN|[545]|isChecked|Boolean|false|false
15:26:12.0 (57601460)|VARIABLE_ASSIGNMENT|[545]|isChecked|false
15:26:12.0 (57602703)|VARIABLE_SCOPE_BEGIN|[545]|sub|Location__c|true|false
15:26:12.0 (57607047)|VARIABLE_ASSIGNMENT|[545]|sub|{"Name":"1Q2WD","Id":"a0B0E0000009YBZUA2","RecordTypeId":"01224000000B1zdAAC"}|0x18723b9a
15:26:12.0 (57609452)|STATEMENT_EXECUTE|[542]
15:26:12.0 (57610396)|STATEMENT_EXECUTE|[543]
15:26:12.0 (57611455)|STATEMENT_EXECUTE|[544]
15:26:12.0 (57618878)|STATEMENT_EXECUTE|[545]
15:26:12.0 (57620070)|STATEMENT_EXECUTE|[546]
15:26:12.0 (57628047)|VARIABLE_ASSIGNMENT|[EXTERNAL]|this|{}|0x114c0513
15:26:12.0 (57631598)|VARIABLE_ASSIGNMENT|[EXTERNAL]|value|false
15:26:12.0 (57634283)|HEAP_ALLOCATE|[543]|Bytes:5
15:26:12.0 (57637884)|VARIABLE_ASSIGNMENT|[543]|this.isChecked|false|0x114c0513
15:26:12.0 (57641114)|STATEMENT_EXECUTE|[547]
15:26:12.0 (57649153)|VARIABLE_ASSIGNMENT|[EXTERNAL]|this|{"isChecked":false}|0x114c0513
15:26:12.0 (57653888)|VARIABLE_ASSIGNMENT|[EXTERNAL]|value|{"Name":"1Q2WD","Id":"a0B0E0000009YBZUA2","RecordTypeId":"01224000000B1zdAAC"}|0x18723b9a
15:26:12.0 (57659214)|VARIABLE_ASSIGNMENT|[544]|this.sub|{"Name":"1Q2WD","Id":"a0B0E0000009YBZUA2","RecordTypeId":"01224000000B1zdAAC"}|0x114c0513
15:26:12.0 (57665351)|CONSTRUCTOR_EXIT|[252]|01p2400000DUtXT|<init>(Boolean,Location__c)
15:26:12.0 (57670144)|HEAP_ALLOCATE|[EXTERNAL]|Bytes:4
15:26:12.0 (57675286)|METHOD_ENTRY|[251]||Database.QueryLocatorIterator.hasNext()
15:26:12.0 (57683883)|METHOD_EXIT|[251]||Database.QueryLocatorIterator.hasNext()
15:26:12.0 (57688941)|VARIABLE_ASSIGNMENT|[251]|loc|null|
15:26:12.68 (68651308)|SYSTEM_MODE_ENTER|true
15:26:12.68 (68696219)|HEAP_ALLOCATE|[EXTERNAL]|Bytes:8
15:26:12.68 (68702269)|VARIABLE_SCOPE_BEGIN|[88]|this|ApexPage.PageMessagesComponentController|true|false
15:26:12.68 (68719937)|VARIABLE_ASSIGNMENT|[88]|this|{}|0x3564cce4
15:26:12.68 (68722678)|VARIABLE_SCOPE_BEGIN|[88]|escape|Boolean|false|false
15:26:12.68 (68726310)|VARIABLE_ASSIGNMENT|[88]|escape|null
15:26:12.68 (68804038)|SYSTEM_MODE_ENTER|true
15:26:12.68 (68827027)|HEAP_ALLOCATE|[EXTERNAL]|Bytes:8
15:26:12.68 (68831889)|VARIABLE_SCOPE_BEGIN|[2]|this|ApexPage.PageMessagesComponentController|true|false
15:26:12.68 (68843726)|VARIABLE_ASSIGNMENT|[2]|this|{}|0x3564cce4
15:26:12.0 (69107169)|SYSTEM_MODE_ENTER|true
15:26:12.0 (69127489)|HEAP_ALLOCATE|[EXTERNAL]|Bytes:80
15:26:12.0 (69172739)|VARIABLE_ASSIGNMENT|[EXTERNAL]|this|{"delToHub":true,"delToProj":false,"detail":"0x257cf7fd","invoked":false,"rejected":false,"reserved":false,"selectedTime3":"8:00","sublocations1":"0x50411e5","www":"0x26f625d0","wwwById":"0x41869e2c"}|0x61a30e2b
15:26:12.0 (69179027)|STATEMENT_EXECUTE|[196]
15:26:12.0 (69182049)|STATEMENT_EXECUTE|[197]
15:26:12.0 (69183587)|STATEMENT_EXECUTE|[200]
15:26:12.0 (69225225)|SYSTEM_MODE_ENTER|true
15:26:12.0 (69246250)|HEAP_ALLOCATE|[EXTERNAL]|Bytes:80
15:26:12.0 (69284021)|VARIABLE_ASSIGNMENT|[EXTERNAL]|this|{"delToHub":true,"delToProj":false,"detail":"0x257cf7fd","invoked":false,"rejected":false,"reserved":false,"selectedTime3":"8:00","sublocations1":"0x50411e5","www":"0x26f625d0","wwwById":"0x41869e2c"}|0x61a30e2b
15:26:12.0 (69289690)|STATEMENT_EXECUTE|[229]
15:26:12.0 (69291704)|STATEMENT_EXECUTE|[230]
15:26:12.0 (69292843)|STATEMENT_EXECUTE|[233]
15:26:12.0 (69344939)|SYSTEM_MODE_ENTER|true
15:26:12.0 (69360222)|HEAP_ALLOCATE|[EXTERNAL]|Bytes:80
15:26:12.0 (69395401)|VARIABLE_ASSIGNMENT|[EXTERNAL]|this|{"delToHub":true,"delToProj":false,"detail":"0x257cf7fd","invoked":false,"rejected":false,"reserved":false,"selectedTime3":"8:00","sublocations1":"0x50411e5","www":"0x26f625d0","wwwById":"0x41869e2c"}|0x61a30e2b
15:26:12.0 (69399780)|STATEMENT_EXECUTE|[3]
15:26:12.0 (69401729)|STATEMENT_EXECUTE|[4]
15:26:12.0 (69403152)|STATEMENT_EXECUTE|[9]
15:26:12.0 (72864792)|SYSTEM_MODE_ENTER|true
15:26:12.0 (72911230)|HEAP_ALLOCATE|[EXTERNAL]|Bytes:80
15:26:12.0 (72958412)|VARIABLE_ASSIGNMENT|[EXTERNAL]|this|{"delToHub":true,"delToProj":false,"detail":"0x257cf7fd","invoked":false,"rejected":false,"reserved":false,"selectedTime3":"8:00","sublocations1":"0x50411e5","www":"0x26f625d0","wwwById":"0x41869e2c"}|0x61a30e2b
15:26:12.0 (72965028)|STATEMENT_EXECUTE|[186]
15:26:12.0 (72967802)|STATEMENT_EXECUTE|[187]
15:26:12.0 (72968939)|STATEMENT_EXECUTE|[190]
15:26:12.0 (73580061)|SYSTEM_MODE_ENTER|true
15:26:12.0 (73601688)|HEAP_ALLOCATE|[EXTERNAL]|Bytes:80
15:26:12.0 (73646855)|VARIABLE_ASSIGNMENT|[EXTERNAL]|this|{"delToHub":true,"delToProj":false,"detail":"0x257cf7fd","invoked":false,"rejected":false,"reserved":false,"selectedTime3":"8:00","sublocations1":"0x50411e5","www":"0x26f625d0","wwwById":"0x41869e2c"}|0x61a30e2b
15:26:12.0 (73653484)|STATEMENT_EXECUTE|[204]
15:26:12.0 (73655906)|STATEMENT_EXECUTE|[205]
15:26:12.0 (73657508)|STATEMENT_EXECUTE|[208]
15:26:12.0 (73699564)|SYSTEM_MODE_ENTER|true
15:26:12.0 (73715558)|HEAP_ALLOCATE|[EXTERNAL]|Bytes:80
15:26:12.0 (73752869)|VARIABLE_ASSIGNMENT|[EXTERNAL]|this|{"delToHub":true,"delToProj":false,"detail":"0x257cf7fd","invoked":false,"rejected":false,"reserved":false,"selectedTime3":"8:00","sublocations1":"0x50411e5","www":"0x26f625d0","wwwById":"0x41869e2c"}|0x61a30e2b
15:26:12.0 (73758007)|STATEMENT_EXECUTE|[220]
15:26:12.0 (73760144)|STATEMENT_EXECUTE|[221]
15:26:12.0 (73761281)|STATEMENT_EXECUTE|[224]
15:26:12.0 (73795602)|SYSTEM_MODE_ENTER|true
15:26:12.0 (73809437)|HEAP_ALLOCATE|[EXTERNAL]|Bytes:80
15:26:12.0 (73843117)|VARIABLE_ASSIGNMENT|[EXTERNAL]|this|{"delToHub":true,"delToProj":false,"detail":"0x257cf7fd","invoked":false,"rejected":false,"reserved":false,"selectedTime3":"8:00","sublocations1":"0x50411e5","www":"0x26f625d0","wwwById":"0x41869e2c"}|0x61a30e2b
15:26:12.0 (73847145)|STATEMENT_EXECUTE|[212]
15:26:12.0 (73848847)|STATEMENT_EXECUTE|[213]
15:26:12.0 (73850176)|STATEMENT_EXECUTE|[216]
15:26:12.0 (73901040)|SYSTEM_MODE_ENTER|true
15:26:12.0 (73915602)|HEAP_ALLOCATE|[EXTERNAL]|Bytes:80
15:26:12.0 (73949868)|VARIABLE_ASSIGNMENT|[EXTERNAL]|this|{"delToHub":true,"delToProj":false,"detail":"0x257cf7fd","invoked":false,"rejected":false,"reserved":false,"selectedTime3":"8:00","sublocations1":"0x50411e5","www":"0x26f625d0","wwwById":"0x41869e2c"}|0x61a30e2b
15:26:12.0 (73954495)|STATEMENT_EXECUTE|[21]
15:26:12.0 (73956469)|STATEMENT_EXECUTE|[22]
15:26:12.0 (73957592)|STATEMENT_EXECUTE|[26]
15:26:12.0 (78464320)|VF_SERIALIZE_VIEWSTATE_BEGIN|06624000003h0Dg
15:26:12.0 (82534876)|VF_SERIALIZE_VIEWSTATE_END
15:26:12.84 (84649925)|CUMULATIVE_LIMIT_USAGE
15:26:12.84 (84649925)|LIMIT_USAGE_FOR_NS|(default)|
  Number of SOQL queries: 1 out of 100
  Number of query rows: 4 out of 50000
  Number of SOSL queries: 0 out of 20
  Number of DML statements: 0 out of 150
  Number of DML rows: 0 out of 10000
  Maximum CPU time: 0 out of 10000
  Maximum heap size: 0 out of 6000000
  Number of callouts: 0 out of 100
  Number of Email Invocations: 0 out of 10
  Number of future calls: 0 out of 50
  Number of queueable jobs added to the queue: 0 out of 50
  Number of Mobile Apex push calls: 0 out of 10

15:26:12.84 (84649925)|CUMULATIVE_LIMIT_USAGE_END

15:26:12.0 (84681916)|CODE_UNIT_FINISHED|VF: /apex/New_delivered_detail
15:26:12.0 (85426797)|EXECUTION_FINISHED
