31.0 APEX_CODE,FINEST;APEX_PROFILING,INFO;CALLOUT,INFO;DB,INFO;SYSTEM,DEBUG;VALIDATION,INFO;VISUALFORCE,INFO;WAVE,INFO;WORKFLOW,INFO
13:51:44.0 (299973)|USER_INFO|[EXTERNAL]|00524000001e3Uj|bedrijfsbureau@gsa.nl.sandbox|Midden-Europese standaardtijd|GMT+01:00
13:51:44.0 (329022)|EXECUTION_STARTED
13:51:44.0 (332692)|CODE_UNIT_STARTED|[EXTERNAL]|TRIGGERS
13:51:44.0 (357330)|CODE_UNIT_STARTED|[EXTERNAL]|01q24000000PhJS|LocationTrigger on Location trigger event BeforeInsert for [new]
13:51:44.0 (408707)|HEAP_ALLOCATE|[EXTERNAL]|Bytes:8
13:51:44.0 (685286)|HEAP_ALLOCATE|[72]|Bytes:3
13:51:44.0 (724025)|HEAP_ALLOCATE|[77]|Bytes:152
13:51:44.0 (737491)|HEAP_ALLOCATE|[342]|Bytes:408
13:51:44.0 (751867)|HEAP_ALLOCATE|[355]|Bytes:408
13:51:44.0 (765095)|HEAP_ALLOCATE|[467]|Bytes:48
13:51:44.0 (790540)|HEAP_ALLOCATE|[139]|Bytes:6
13:51:44.0 (811373)|HEAP_ALLOCATE|[EXTERNAL]|Bytes:4
13:51:44.0 (816221)|VARIABLE_SCOPE_BEGIN|[1]|this|LocationTrigger|true|false
13:51:44.0 (849888)|VARIABLE_ASSIGNMENT|[1]|this|{}|0x4e783462
13:51:44.0 (871418)|HEAP_ALLOCATE|[EXTERNAL]|Bytes:4
13:51:44.0 (875484)|VARIABLE_SCOPE_BEGIN|[1]|this|LocationTrigger|true|false
13:51:44.0 (881207)|VARIABLE_ASSIGNMENT|[1]|this|{}|0x4e783462
13:51:44.0 (885731)|STATEMENT_EXECUTE|[1]
13:51:44.0 (887501)|STATEMENT_EXECUTE|[3]
13:51:44.0 (1598083)|HEAP_ALLOCATE|[3]|Bytes:2
13:51:44.0 (1627091)|METHOD_ENTRY|[1]|01p2400000Cr9rX|TriggerParams.TriggerParams()
13:51:44.0 (1630091)|STATEMENT_EXECUTE|[1]
13:51:44.0 (1633324)|STATEMENT_EXECUTE|[1]
13:51:44.0 (1664197)|HEAP_ALLOCATE|[50]|Bytes:5
13:51:44.0 (1686195)|HEAP_ALLOCATE|[56]|Bytes:5
13:51:44.0 (1693372)|HEAP_ALLOCATE|[64]|Bytes:7
13:51:44.0 (1716257)|HEAP_ALLOCATE|[3]|Bytes:5
13:51:44.0 (1725394)|METHOD_EXIT|[1]|TriggerParams
13:51:44.0 (1729348)|HEAP_ALLOCATE|[3]|Bytes:44
13:51:44.0 (1878649)|CONSTRUCTOR_ENTRY|[3]|01p2400000Cr9rX|<init>(Boolean,Boolean,Boolean,Boolean,Boolean,Boolean,List<SObject>,List<SObject>,Map<Id,SObject>,Map<Id,SObject>)
13:51:44.0 (1903588)|VARIABLE_SCOPE_BEGIN|[13]|this|TriggerParams|true|false
13:51:44.0 (1925392)|VARIABLE_ASSIGNMENT|[13]|this|{}|0x37bf9b42
13:51:44.0 (1929831)|VARIABLE_SCOPE_BEGIN|[13]|isBefore|Boolean|false|false
13:51:44.0 (1934263)|VARIABLE_ASSIGNMENT|[13]|isBefore|true
13:51:44.0 (1936623)|VARIABLE_SCOPE_BEGIN|[13]|isAfter|Boolean|false|false
13:51:44.0 (1938876)|VARIABLE_ASSIGNMENT|[13]|isAfter|false
13:51:44.0 (1940717)|VARIABLE_SCOPE_BEGIN|[13]|isInsert|Boolean|false|false
13:51:44.0 (1942659)|VARIABLE_ASSIGNMENT|[13]|isInsert|true
13:51:44.0 (1944568)|VARIABLE_SCOPE_BEGIN|[13]|isUpdate|Boolean|false|false
13:51:44.0 (1946362)|VARIABLE_ASSIGNMENT|[13]|isUpdate|false
13:51:44.0 (1948088)|VARIABLE_SCOPE_BEGIN|[13]|isDelete|Boolean|false|false
13:51:44.0 (1949949)|VARIABLE_ASSIGNMENT|[13]|isDelete|false
13:51:44.0 (1951870)|VARIABLE_SCOPE_BEGIN|[13]|isUndelete|Boolean|false|false
13:51:44.0 (1954091)|VARIABLE_ASSIGNMENT|[13]|isUndelete|false
13:51:44.0 (1955848)|VARIABLE_SCOPE_BEGIN|[13]|triggerNew|List<SObject>|true|false
13:51:44.0 (2763331)|VARIABLE_ASSIGNMENT|[13]|triggerNew|[{"IsDeleted":false,"OwnerId":"00524000001e3UjAAI","difference__c":0,"RecordTypeId":"01224000000B1zdAAC","Grond__c":false,"Occupied__c":false,"Name":"1Q2WA","Parent_Location__c":"a0B0E0000009YBFUA2"}]|0x6dc06d4b
13:51:44.0 (2770156)|VARIABLE_SCOPE_BEGIN|[13]|triggerOld|List<SObject>|true|false
13:51:44.0 (2774883)|VARIABLE_ASSIGNMENT|[13]|triggerOld|null|
13:51:44.0 (2776502)|VARIABLE_SCOPE_BEGIN|[13]|newMap|Map<Id,SObject>|true|false
13:51:44.0 (2778856)|VARIABLE_ASSIGNMENT|[13]|newMap|null|
13:51:44.0 (2780547)|VARIABLE_SCOPE_BEGIN|[13]|oldMap|Map<Id,SObject>|true|false
13:51:44.0 (2794464)|VARIABLE_ASSIGNMENT|[13]|oldMap|null|
13:51:44.0 (2805671)|HEAP_ALLOCATE|[16]|Bytes:5
13:51:44.0 (2809795)|STATEMENT_EXECUTE|[1]
13:51:44.0 (2812046)|HEAP_ALLOCATE|[16]|Bytes:5
13:51:44.0 (2813486)|STATEMENT_EXECUTE|[2]
13:51:44.0 (2814772)|STATEMENT_EXECUTE|[3]
13:51:44.0 (2815805)|STATEMENT_EXECUTE|[4]
13:51:44.0 (2816985)|STATEMENT_EXECUTE|[5]
13:51:44.0 (2818137)|STATEMENT_EXECUTE|[6]
13:51:44.0 (2819364)|STATEMENT_EXECUTE|[7]
13:51:44.0 (2820478)|STATEMENT_EXECUTE|[8]
13:51:44.0 (2821761)|STATEMENT_EXECUTE|[9]
13:51:44.0 (2822717)|STATEMENT_EXECUTE|[10]
13:51:44.0 (2823732)|STATEMENT_EXECUTE|[11]
13:51:44.0 (2833531)|HEAP_ALLOCATE|[16]|Bytes:6
13:51:44.0 (2854686)|STATEMENT_EXECUTE|[15]
13:51:44.0 (2856005)|STATEMENT_EXECUTE|[16]
13:51:44.0 (2859449)|HEAP_ALLOCATE|[16]|Bytes:5
13:51:44.0 (2867553)|VARIABLE_ASSIGNMENT|[16]|this.isBefore|true|0x37bf9b42
13:51:44.0 (2869766)|STATEMENT_EXECUTE|[17]
13:51:44.0 (2871859)|HEAP_ALLOCATE|[17]|Bytes:5
13:51:44.0 (2874996)|VARIABLE_ASSIGNMENT|[17]|this.isAfter|false|0x37bf9b42
13:51:44.0 (2876759)|STATEMENT_EXECUTE|[18]
13:51:44.0 (2878695)|HEAP_ALLOCATE|[18]|Bytes:5
13:51:44.0 (2882082)|VARIABLE_ASSIGNMENT|[18]|this.isInsert|true|0x37bf9b42
13:51:44.0 (2883891)|STATEMENT_EXECUTE|[19]
13:51:44.0 (2885603)|HEAP_ALLOCATE|[19]|Bytes:5
13:51:44.0 (2888753)|VARIABLE_ASSIGNMENT|[19]|this.isUpdate|false|0x37bf9b42
13:51:44.0 (2890116)|STATEMENT_EXECUTE|[20]
13:51:44.0 (2891993)|HEAP_ALLOCATE|[20]|Bytes:5
13:51:44.0 (2894579)|VARIABLE_ASSIGNMENT|[20]|this.isDelete|false|0x37bf9b42
13:51:44.0 (2896174)|STATEMENT_EXECUTE|[21]
13:51:44.0 (2897922)|HEAP_ALLOCATE|[21]|Bytes:5
13:51:44.0 (2901082)|VARIABLE_ASSIGNMENT|[21]|this.isUndelete|false|0x37bf9b42
13:51:44.0 (2902802)|STATEMENT_EXECUTE|[22]
13:51:44.0 (3063929)|VARIABLE_ASSIGNMENT|[22]|this.triggerNew|[{"IsDeleted":false,"OwnerId":"00524000001e3UjAAI","difference__c":0,"RecordTypeId":"01224000000B1zdAAC","Grond__c":false,"Occupied__c":false,"Name":"1Q2WA","Parent_Location__c":"a0B0E0000009YBFUA2"}]|0x37bf9b42
13:51:44.0 (3070462)|STATEMENT_EXECUTE|[23]
13:51:44.0 (3077329)|VARIABLE_ASSIGNMENT|[23]|this.triggerOld|null|0x37bf9b42
13:51:44.0 (3078953)|STATEMENT_EXECUTE|[24]
13:51:44.0 (3081996)|VARIABLE_ASSIGNMENT|[24]|this.newMap|null|0x37bf9b42
13:51:44.0 (3083719)|STATEMENT_EXECUTE|[25]
13:51:44.0 (3086618)|VARIABLE_ASSIGNMENT|[25]|this.oldMap|null|0x37bf9b42
13:51:44.0 (3104075)|CONSTRUCTOR_EXIT|[3]|01p2400000Cr9rX|<init>(Boolean,Boolean,Boolean,Boolean,Boolean,Boolean,List<SObject>,List<SObject>,Map<Id,SObject>,Map<Id,SObject>)
13:51:44.0 (3649749)|HEAP_ALLOCATE|[3]|Bytes:15
13:51:44.0 (3655294)|HEAP_ALLOCATE|[3]|Bytes:21
13:51:44.0 (3660584)|METHOD_ENTRY|[1]|01p2400000DMxSi|LocationUtil.LocationUtil()
13:51:44.0 (3663157)|STATEMENT_EXECUTE|[1]
13:51:44.0 (3665985)|STATEMENT_EXECUTE|[1]
13:51:44.0 (4015111)|SYSTEM_MODE_ENTER|false
13:51:44.0 (4024198)|HEAP_ALLOCATE|[3]|Bytes:5
13:51:44.0 (4030111)|SYSTEM_MODE_EXIT|false
13:51:44.0 (4037169)|METHOD_EXIT|[1]|LocationUtil
13:51:44.0 (4048001)|METHOD_ENTRY|[3]|01p2400000DMxSi|LocationUtil.entry(TriggerParams)
13:51:44.0 (4052135)|VARIABLE_SCOPE_BEGIN|[2]|triggerParams|TriggerParams|true|false
13:51:44.0 (4077416)|VARIABLE_ASSIGNMENT|[2]|triggerParams|{"isAfter":false,"isBefore":true,"isDelete":false,"isInsert":true,"isUndelete":false,"isUpdate":false,"triggerNew":"0x6dc06d4b"}|0x37bf9b42
13:51:44.0 (4086541)|SYSTEM_MODE_ENTER|false
13:51:44.0 (4089556)|HEAP_ALLOCATE|[3]|Bytes:5
13:51:44.0 (4093584)|STATEMENT_EXECUTE|[2]
13:51:44.0 (4094744)|STATEMENT_EXECUTE|[3]
13:51:44.0 (4105642)|VARIABLE_SCOPE_BEGIN|[3]|triggerNew|List<Location__c>|true|false
13:51:44.0 (4268223)|VARIABLE_ASSIGNMENT|[3]|triggerNew|[{"IsDeleted":false,"OwnerId":"00524000001e3UjAAI","difference__c":0,"RecordTypeId":"01224000000B1zdAAC","Grond__c":false,"Occupied__c":false,"Name":"1Q2WA","Parent_Location__c":"a0B0E0000009YBFUA2"}]|0x6dc06d4b
13:51:44.0 (4272560)|STATEMENT_EXECUTE|[4]
13:51:44.0 (4277633)|VARIABLE_SCOPE_BEGIN|[4]|triggerOld|List<Location__c>|true|false
13:51:44.0 (4281975)|VARIABLE_ASSIGNMENT|[4]|triggerOld|null|
13:51:44.0 (4283507)|STATEMENT_EXECUTE|[5]
13:51:44.0 (4315232)|VARIABLE_SCOPE_BEGIN|[5]|oldMap|Map<Id,Location__c>|true|false
13:51:44.0 (4319354)|VARIABLE_ASSIGNMENT|[5]|oldMap|null|
13:51:44.0 (4320860)|STATEMENT_EXECUTE|[6]
13:51:44.0 (4322805)|VARIABLE_SCOPE_BEGIN|[6]|newMap|Map<Id,Location__c>|true|false
13:51:44.0 (4325525)|VARIABLE_ASSIGNMENT|[6]|newMap|null|
13:51:44.0 (4330360)|STATEMENT_EXECUTE|[10]
13:51:44.0 (4334096)|SYSTEM_MODE_EXIT|false
13:51:44.0 (4343076)|METHOD_EXIT|[3]|01p2400000DMxSi|LocationUtil.entry(TriggerParams)
13:51:44.4 (4351251)|CUMULATIVE_LIMIT_USAGE
13:51:44.4 (4351251)|LIMIT_USAGE_FOR_NS|(default)|
  Number of SOQL queries: 0 out of 100
  Number of query rows: 0 out of 50000
  Number of SOSL queries: 0 out of 20
  Number of DML statements: 0 out of 150
  Number of DML rows: 0 out of 10000
  Maximum CPU time: 0 out of 10000
  Maximum heap size: 0 out of 6000000
  Number of callouts: 0 out of 100
  Number of Email Invocations: 0 out of 10
  Number of future calls: 0 out of 50
  Number of queueable jobs added to the queue: 0 out of 50
  Number of Mobile Apex push calls: 0 out of 10

13:51:44.4 (4351251)|CUMULATIVE_LIMIT_USAGE_END

13:51:44.0 (5399804)|CODE_UNIT_FINISHED|LocationTrigger on Location trigger event BeforeInsert for [new]
13:51:44.0 (9457728)|CODE_UNIT_STARTED|[EXTERNAL]|Validation:Location:new
13:51:44.0 (9467885)|VALIDATION_RULE|03d24000000aMAV|Amount_can_t_be_less_then_0
13:51:44.0 (9582837)|VALIDATION_FORMULA|OR( Available_amount__c <0,  Current_amount__c <0)|Current_amount__c=null , Available_amount__c=null
13:51:44.0 (9586640)|VALIDATION_PASS
13:51:44.0 (9614522)|CODE_UNIT_FINISHED|Validation:Location:new
13:51:44.0 (58325041)|CODE_UNIT_STARTED|[EXTERNAL]|01q24000000PhJS|LocationTrigger on Location trigger event AfterInsert for [a0B0E0000009YBK]
13:51:44.0 (58356461)|HEAP_ALLOCATE|[EXTERNAL]|Bytes:8
13:51:44.0 (58449870)|HEAP_ALLOCATE|[EXTERNAL]|Bytes:4
13:51:44.0 (58460094)|VARIABLE_SCOPE_BEGIN|[1]|this|LocationTrigger|true|false
13:51:44.0 (58488998)|VARIABLE_ASSIGNMENT|[1]|this|{}|0x6eb43fc9
13:51:44.0 (58518746)|HEAP_ALLOCATE|[EXTERNAL]|Bytes:4
13:51:44.0 (58523454)|VARIABLE_SCOPE_BEGIN|[1]|this|LocationTrigger|true|false
13:51:44.0 (58529583)|VARIABLE_ASSIGNMENT|[1]|this|{}|0x6eb43fc9
13:51:44.0 (58534005)|STATEMENT_EXECUTE|[1]
13:51:44.0 (58535843)|STATEMENT_EXECUTE|[3]
13:51:44.0 (58543140)|HEAP_ALLOCATE|[3]|Bytes:44
13:51:44.0 (58630521)|CONSTRUCTOR_ENTRY|[3]|01p2400000Cr9rX|<init>(Boolean,Boolean,Boolean,Boolean,Boolean,Boolean,List<SObject>,List<SObject>,Map<Id,SObject>,Map<Id,SObject>)
13:51:44.0 (58637709)|VARIABLE_SCOPE_BEGIN|[13]|this|TriggerParams|true|false
13:51:44.0 (58657510)|VARIABLE_ASSIGNMENT|[13]|this|{}|0x416017af
13:51:44.0 (58665745)|VARIABLE_SCOPE_BEGIN|[13]|isBefore|Boolean|false|false
13:51:44.0 (58671565)|VARIABLE_ASSIGNMENT|[13]|isBefore|false
13:51:44.0 (58673920)|VARIABLE_SCOPE_BEGIN|[13]|isAfter|Boolean|false|false
13:51:44.0 (58675963)|VARIABLE_ASSIGNMENT|[13]|isAfter|true
13:51:44.0 (58677915)|VARIABLE_SCOPE_BEGIN|[13]|isInsert|Boolean|false|false
13:51:44.0 (58679821)|VARIABLE_ASSIGNMENT|[13]|isInsert|true
13:51:44.0 (58681774)|VARIABLE_SCOPE_BEGIN|[13]|isUpdate|Boolean|false|false
13:51:44.0 (58683643)|VARIABLE_ASSIGNMENT|[13]|isUpdate|false
13:51:44.0 (58685520)|VARIABLE_SCOPE_BEGIN|[13]|isDelete|Boolean|false|false
13:51:44.0 (58687326)|VARIABLE_ASSIGNMENT|[13]|isDelete|false
13:51:44.0 (58689282)|VARIABLE_SCOPE_BEGIN|[13]|isUndelete|Boolean|false|false
13:51:44.0 (58691259)|VARIABLE_ASSIGNMENT|[13]|isUndelete|false
13:51:44.0 (58693189)|VARIABLE_SCOPE_BEGIN|[13]|triggerNew|List<SObject>|true|false
13:51:44.0 (59075582)|VARIABLE_ASSIGNMENT|[13]|triggerNew|[{"LastModifiedDate":"2017-02-16T12:51:44.000Z","IsDeleted":false,"difference__c":0,"Grond__c":false,"Name":"1Q2WA","SystemModstamp":"2017-02-16T12:51:44.000Z","OwnerId":"00524000001e3UjAAI","CreatedById":"00524000001e3UjAAI","RecordTypeId":"01224000000B1zdAAC","CreatedDate":"2017-02-16T12:51:44.000Z","Occupied__c":false,"Id":"a0B0E0000009YBKUA2","LastModifiedById":"00524000001e3UjAAI","Parent_Location__c":"a0B0E0000009YBFUA2"}]|0x7dbeceee
13:51:44.0 (59082942)|VARIABLE_SCOPE_BEGIN|[13]|triggerOld|List<SObject>|true|false
13:51:44.0 (59087276)|VARIABLE_ASSIGNMENT|[13]|triggerOld|null|
13:51:44.0 (59089307)|VARIABLE_SCOPE_BEGIN|[13]|newMap|Map<Id,SObject>|true|false
13:51:44.0 (59228261)|VARIABLE_ASSIGNMENT|[13]|newMap|{"a0B0E0000009YBKUA2":{"LastModifiedDate":"2017-02-16T12:51:44.000Z","IsDeleted":false,"difference__c":0,"Grond__c":false,"Name":"1Q2WA","SystemModstamp":"2017-02-16T12:51:44.000Z","OwnerId":"00524000001e3UjAAI","CreatedById":"00524000001e3UjAAI","RecordTypeId":"01224000000B1zdAAC","CreatedDate":"2017-02-16T12:51:44.000Z","Occupied__c":false,"Id":"a0B0E0000009YBKUA2","LastModifiedById":"00524000001e3UjAAI","Parent_Location__c":"a0B0E0000009YBFUA2"}}|0x70b9ff71
13:51:44.0 (59233093)|VARIABLE_SCOPE_BEGIN|[13]|oldMap|Map<Id,SObject>|true|false
13:51:44.0 (59235751)|VARIABLE_ASSIGNMENT|[13]|oldMap|null|
13:51:44.0 (59245100)|HEAP_ALLOCATE|[16]|Bytes:5
13:51:44.0 (59248770)|STATEMENT_EXECUTE|[1]
13:51:44.0 (59251109)|HEAP_ALLOCATE|[16]|Bytes:5
13:51:44.0 (59252568)|STATEMENT_EXECUTE|[2]
13:51:44.0 (59253699)|STATEMENT_EXECUTE|[3]
13:51:44.0 (59254774)|STATEMENT_EXECUTE|[4]
13:51:44.0 (59256264)|STATEMENT_EXECUTE|[5]
13:51:44.0 (59257596)|STATEMENT_EXECUTE|[6]
13:51:44.0 (59258741)|STATEMENT_EXECUTE|[7]
13:51:44.0 (59259861)|STATEMENT_EXECUTE|[8]
13:51:44.0 (59261108)|STATEMENT_EXECUTE|[9]
13:51:44.0 (59262030)|STATEMENT_EXECUTE|[10]
13:51:44.0 (59263101)|STATEMENT_EXECUTE|[11]
13:51:44.0 (59289482)|STATEMENT_EXECUTE|[15]
13:51:44.0 (59290605)|STATEMENT_EXECUTE|[16]
13:51:44.0 (59294038)|HEAP_ALLOCATE|[16]|Bytes:5
13:51:44.0 (59302018)|VARIABLE_ASSIGNMENT|[16]|this.isBefore|false|0x416017af
13:51:44.0 (59304032)|STATEMENT_EXECUTE|[17]
13:51:44.0 (59305956)|HEAP_ALLOCATE|[17]|Bytes:5
13:51:44.0 (59309014)|VARIABLE_ASSIGNMENT|[17]|this.isAfter|true|0x416017af
13:51:44.0 (59310885)|STATEMENT_EXECUTE|[18]
13:51:44.0 (59312691)|HEAP_ALLOCATE|[18]|Bytes:5
13:51:44.0 (59315901)|VARIABLE_ASSIGNMENT|[18]|this.isInsert|true|0x416017af
13:51:44.0 (59317474)|STATEMENT_EXECUTE|[19]
13:51:44.0 (59319066)|HEAP_ALLOCATE|[19]|Bytes:5
13:51:44.0 (59322313)|VARIABLE_ASSIGNMENT|[19]|this.isUpdate|false|0x416017af
13:51:44.0 (59324062)|STATEMENT_EXECUTE|[20]
13:51:44.0 (59326140)|HEAP_ALLOCATE|[20]|Bytes:5
13:51:44.0 (59328924)|VARIABLE_ASSIGNMENT|[20]|this.isDelete|false|0x416017af
13:51:44.0 (59330239)|STATEMENT_EXECUTE|[21]
13:51:44.0 (59331907)|HEAP_ALLOCATE|[21]|Bytes:5
13:51:44.0 (59334845)|VARIABLE_ASSIGNMENT|[21]|this.isUndelete|false|0x416017af
13:51:44.0 (59336331)|STATEMENT_EXECUTE|[22]
13:51:44.0 (59466397)|VARIABLE_ASSIGNMENT|[22]|this.triggerNew|[{"LastModifiedDate":"2017-02-16T12:51:44.000Z","IsDeleted":false,"difference__c":0,"Grond__c":false,"Name":"1Q2WA","SystemModstamp":"2017-02-16T12:51:44.000Z","OwnerId":"00524000001e3UjAAI","CreatedById":"00524000001e3UjAAI","RecordTypeId":"01224000000B1zdAAC","CreatedDate":"2017-02-16T12:51:44.000Z","Occupied__c":false,"Id":"a0B0E0000009YBKUA2","LastModifiedById":"00524000001e3UjAAI","Parent_Location__c":"a0B0E0000009YBFUA2"}]|0x416017af
13:51:44.0 (59471287)|STATEMENT_EXECUTE|[23]
13:51:44.0 (59477412)|VARIABLE_ASSIGNMENT|[23]|this.triggerOld|null|0x416017af
13:51:44.0 (59479133)|STATEMENT_EXECUTE|[24]
13:51:44.0 (59608568)|VARIABLE_ASSIGNMENT|[24]|this.newMap|{"a0B0E0000009YBKUA2":{"LastModifiedDate":"2017-02-16T12:51:44.000Z","IsDeleted":false,"difference__c":0,"Grond__c":false,"Name":"1Q2WA","SystemModstamp":"2017-02-16T12:51:44.000Z","OwnerId":"00524000001e3UjAAI","CreatedById":"00524000001e3UjAAI","RecordTypeId":"01224000000B1zdAAC","CreatedDate":"2017-02-16T12:51:44.000Z","Occupied__c":false,"Id":"a0B0E0000009YBKUA2","LastModifiedById":"00524000001e3UjAAI","Parent_Location__c":"a0B0E0000009YBFUA2"}}|0x416017af
13:51:44.0 (59613217)|STATEMENT_EXECUTE|[25]
13:51:44.0 (59619090)|VARIABLE_ASSIGNMENT|[25]|this.oldMap|null|0x416017af
13:51:44.0 (59637136)|CONSTRUCTOR_EXIT|[3]|01p2400000Cr9rX|<init>(Boolean,Boolean,Boolean,Boolean,Boolean,Boolean,List<SObject>,List<SObject>,Map<Id,SObject>,Map<Id,SObject>)
13:51:44.0 (59650411)|METHOD_ENTRY|[3]|01p2400000DMxSi|LocationUtil.entry(TriggerParams)
13:51:44.0 (59655832)|VARIABLE_SCOPE_BEGIN|[2]|triggerParams|TriggerParams|true|false
13:51:44.0 (59677940)|VARIABLE_ASSIGNMENT|[2]|triggerParams|{"isAfter":true,"isBefore":false,"isDelete":false,"isInsert":true,"isUndelete":false,"isUpdate":false,"newMap":"0x70b9ff71","triggerNew":"0x7dbeceee"}|0x416017af
13:51:44.0 (59974876)|SYSTEM_MODE_ENTER|false
13:51:44.0 (59982311)|HEAP_ALLOCATE|[3]|Bytes:5
13:51:44.0 (59987185)|STATEMENT_EXECUTE|[2]
13:51:44.0 (59988457)|STATEMENT_EXECUTE|[3]
13:51:44.0 (59997889)|VARIABLE_SCOPE_BEGIN|[3]|triggerNew|List<Location__c>|true|false
13:51:44.0 (60150768)|VARIABLE_ASSIGNMENT|[3]|triggerNew|[{"LastModifiedDate":"2017-02-16T12:51:44.000Z","IsDeleted":false,"difference__c":0,"Grond__c":false,"Name":"1Q2WA","SystemModstamp":"2017-02-16T12:51:44.000Z","OwnerId":"00524000001e3UjAAI","CreatedById":"00524000001e3UjAAI","RecordTypeId":"01224000000B1zdAAC","CreatedDate":"2017-02-16T12:51:44.000Z","Occupied__c":false,"Id":"a0B0E0000009YBKUA2","LastModifiedById":"00524000001e3UjAAI","Parent_Location__c":"a0B0E0000009YBFUA2"}]|0x7dbeceee
13:51:44.0 (60156092)|STATEMENT_EXECUTE|[4]
13:51:44.0 (60160836)|VARIABLE_SCOPE_BEGIN|[4]|triggerOld|List<Location__c>|true|false
13:51:44.0 (60164711)|VARIABLE_ASSIGNMENT|[4]|triggerOld|null|
13:51:44.0 (60166251)|STATEMENT_EXECUTE|[5]
13:51:44.0 (60168673)|VARIABLE_SCOPE_BEGIN|[5]|oldMap|Map<Id,Location__c>|true|false
13:51:44.0 (60172201)|VARIABLE_ASSIGNMENT|[5]|oldMap|null|
13:51:44.0 (60173500)|STATEMENT_EXECUTE|[6]
13:51:44.0 (60176487)|VARIABLE_SCOPE_BEGIN|[6]|newMap|Map<Id,Location__c>|true|false
13:51:44.0 (60302774)|VARIABLE_ASSIGNMENT|[6]|newMap|{"a0B0E0000009YBKUA2":{"LastModifiedDate":"2017-02-16T12:51:44.000Z","IsDeleted":false,"difference__c":0,"Grond__c":false,"Name":"1Q2WA","SystemModstamp":"2017-02-16T12:51:44.000Z","OwnerId":"00524000001e3UjAAI","CreatedById":"00524000001e3UjAAI","RecordTypeId":"01224000000B1zdAAC","CreatedDate":"2017-02-16T12:51:44.000Z","Occupied__c":false,"Id":"a0B0E0000009YBKUA2","LastModifiedById":"00524000001e3UjAAI","Parent_Location__c":"a0B0E0000009YBFUA2"}}|0x70b9ff71
13:51:44.0 (60310321)|STATEMENT_EXECUTE|[10]
13:51:44.0 (60317882)|STATEMENT_EXECUTE|[11]
13:51:44.0 (60318982)|STATEMENT_EXECUTE|[12]
13:51:44.0 (60334376)|METHOD_ENTRY|[12]|01p2400000DMxSi|LocationUtil.updateParentLocations(List<Location__c>)
13:51:44.0 (60351920)|VARIABLE_SCOPE_BEGIN|[81]|locations|List<Location__c>|true|false
13:51:44.0 (60481084)|VARIABLE_ASSIGNMENT|[81]|locations|[{"LastModifiedDate":"2017-02-16T12:51:44.000Z","IsDeleted":false,"difference__c":0,"Grond__c":false,"Name":"1Q2WA","SystemModstamp":"2017-02-16T12:51:44.000Z","OwnerId":"00524000001e3UjAAI","CreatedById":"00524000001e3UjAAI","RecordTypeId":"01224000000B1zdAAC","CreatedDate":"2017-02-16T12:51:44.000Z","Occupied__c":false,"Id":"a0B0E0000009YBKUA2","LastModifiedById":"00524000001e3UjAAI","Parent_Location__c":"a0B0E0000009YBFUA2"}]|0x7dbeceee
13:51:44.0 (60492585)|HEAP_ALLOCATE|[82]|Bytes:5
13:51:44.0 (60496045)|STATEMENT_EXECUTE|[81]
13:51:44.0 (60497327)|STATEMENT_EXECUTE|[82]
13:51:44.0 (60510502)|HEAP_ALLOCATE|[82]|Bytes:4
13:51:44.0 (60545285)|VARIABLE_SCOPE_BEGIN|[82]|parentLocationIds|Set<Id>|true|false
13:51:44.0 (60584928)|VARIABLE_ASSIGNMENT|[82]|parentLocationIds|[]|0x3f3cdcd8
13:51:44.0 (60822058)|HEAP_ALLOCATE|[83]|Bytes:5
13:51:44.0 (60851204)|VARIABLE_SCOPE_BEGIN|[83]|loc|Location__c|true|false
13:51:44.0 (60999226)|VARIABLE_ASSIGNMENT|[83]|loc|{"LastModifiedDate":"2017-02-16T12:51:44.000Z","IsDeleted":false,"difference__c":0,"Grond__c":false,"Name":"1Q2WA","SystemModstamp":"2017-02-16T12:51:44.000Z","OwnerId":"00524000001e3UjAAI","CreatedById":"00524000001e3UjAAI","RecordTypeId":"01224000000B1zdAAC","CreatedDate":"2017-02-16T12:51:44.000Z","Occupied__c":false,"Id":"a0B0E0000009YBKUA2","LastModifiedById":"00524000001e3UjAAI","Parent_Location__c":"a0B0E0000009YBFUA2"}|0x4a1f3ac1
13:51:44.0 (61005958)|STATEMENT_EXECUTE|[83]
13:51:44.0 (61049074)|STATEMENT_EXECUTE|[84]
13:51:44.0 (61050672)|STATEMENT_EXECUTE|[85]
13:51:44.0 (61087317)|HEAP_ALLOCATE|[EXTERNAL]|Bytes:4
13:51:44.0 (61101875)|HEAP_ALLOCATE|[83]|Bytes:5
13:51:44.0 (61113258)|VARIABLE_ASSIGNMENT|[83]|loc|null|
13:51:44.0 (61116357)|STATEMENT_EXECUTE|[88]
13:51:44.0 (61121578)|HEAP_ALLOCATE|[88]|Bytes:4
13:51:44.0 (61126310)|HEAP_ALLOCATE|[88]|Bytes:46
13:51:44.0 (61132358)|HEAP_ALLOCATE|[88]|Bytes:4
13:51:44.0 (61141258)|HEAP_ALLOCATE|[88]|Bytes:7
13:51:44.0 (61174948)|HEAP_ALLOCATE|[88]|Bytes:8
13:51:44.0 (61179906)|HEAP_ALLOCATE|[88]|Bytes:8
13:51:44.0 (61396156)|SOQL_EXECUTE_BEGIN|[88]|Aggregations:0|SELECT Id FROM Location__c WHERE id = :tmpVar1
13:51:44.0 (62945866)|SOQL_EXECUTE_END|[88]|Rows:1
13:51:44.0 (62960013)|HEAP_ALLOCATE|[88]|Bytes:8
13:51:44.0 (62974937)|HEAP_ALLOCATE|[88]|Bytes:29
13:51:44.0 (62986972)|HEAP_ALLOCATE|[88]|Bytes:8
13:51:44.0 (63029456)|HEAP_ALLOCATE|[88]|Bytes:8
13:51:44.0 (63037612)|HEAP_ALLOCATE|[88]|Bytes:4
13:51:44.0 (63043708)|VARIABLE_SCOPE_BEGIN|[88]|parentLocations|Map<Id,Location__c>|true|false
13:51:44.0 (63061246)|VARIABLE_ASSIGNMENT|[88]|parentLocations|{"a0B0E0000009YBFUA2":{"Id":"a0B0E0000009YBFUA2"}}|0x20fca4b9
13:51:44.0 (63064492)|STATEMENT_EXECUTE|[89]
13:51:44.0 (63067642)|HEAP_ALLOCATE|[89]|Bytes:122
13:51:44.0 (63072606)|HEAP_ALLOCATE|[89]|Bytes:4
13:51:44.0 (63093609)|HEAP_ALLOCATE|[89]|Bytes:8
13:51:44.0 (63097966)|HEAP_ALLOCATE|[89]|Bytes:8
13:51:44.0 (63277798)|SOQL_EXECUTE_BEGIN|[89]|Aggregations:0|SELECT Id, Current_amount__c, Available_amount__c, Parent_Location__c FROM Location__c WHERE Parent_Location__c = :tmpVar1
13:51:44.0 (65743731)|SOQL_EXECUTE_END|[89]|Rows:1
13:51:44.0 (65756644)|HEAP_ALLOCATE|[89]|Bytes:8
13:51:44.0 (65767530)|HEAP_ALLOCATE|[89]|Bytes:69
13:51:44.0 (65779131)|HEAP_ALLOCATE|[89]|Bytes:8
13:51:44.0 (65787665)|VARIABLE_SCOPE_BEGIN|[89]|childLocations|List<Location__c>|true|false
13:51:44.0 (65804050)|VARIABLE_ASSIGNMENT|[89]|childLocations|[{"Id":"a0B0E0000009YBKUA2","Parent_Location__c":"a0B0E0000009YBFUA2"}]|0x761e712d
13:51:44.0 (65807663)|STATEMENT_EXECUTE|[90]
13:51:44.0 (65815153)|HEAP_ALLOCATE|[90]|Bytes:4
13:51:44.0 (65824067)|VARIABLE_SCOPE_BEGIN|[90]|sumByParentId|Map<Id,Decimal>|true|false
13:51:44.0 (65832473)|VARIABLE_ASSIGNMENT|[90]|sumByParentId|{}|0x1f1478fc
13:51:44.0 (65834500)|STATEMENT_EXECUTE|[91]
13:51:44.0 (65836889)|HEAP_ALLOCATE|[91]|Bytes:4
13:51:44.0 (65839945)|VARIABLE_SCOPE_BEGIN|[91]|sumRedByParentId|Map<Id,Decimal>|true|false
13:51:44.0 (65844179)|VARIABLE_ASSIGNMENT|[91]|sumRedByParentId|{}|0x6e6406ca
13:51:44.0 (65878227)|HEAP_ALLOCATE|[92]|Bytes:5
13:51:44.0 (65903436)|HEAP_ALLOCATE|[92]|Bytes:12
13:51:44.0 (65910332)|VARIABLE_SCOPE_BEGIN|[92]|loc|Location__c|true|false
13:51:44.0 (65920536)|VARIABLE_ASSIGNMENT|[92]|loc|{"Id":"a0B0E0000009YBKUA2","Parent_Location__c":"a0B0E0000009YBFUA2"}|0x3c24ac00
13:51:44.0 (65923393)|STATEMENT_EXECUTE|[92]
13:51:44.0 (65931319)|STATEMENT_EXECUTE|[93]
13:51:44.0 (65932463)|STATEMENT_EXECUTE|[94]
13:51:44.0 (65967681)|HEAP_ALLOCATE|[94]|Bytes:28
13:51:44.0 (65970073)|HEAP_ALLOCATE|[94]|Bytes:28
13:51:44.0 (66021351)|HEAP_ALLOCATE|[94]|Bytes:-4
13:51:44.0 (66032684)|VARIABLE_ASSIGNMENT|[94]|this.Current_amount__c|0|0x3c24ac00
13:51:44.0 (66071665)|STATEMENT_EXECUTE|[100]
13:51:44.0 (66095671)|HEAP_ALLOCATE|[101]|Bytes:28
13:51:44.0 (66098652)|STATEMENT_EXECUTE|[101]
13:51:44.0 (66099706)|STATEMENT_EXECUTE|[102]
13:51:44.0 (66105238)|HEAP_ALLOCATE|[102]|Bytes:28
13:51:44.0 (66129736)|HEAP_ALLOCATE|[EXTERNAL]|Bytes:-4
13:51:44.0 (66158532)|STATEMENT_EXECUTE|[109]
13:51:44.0 (66161630)|STATEMENT_EXECUTE|[110]
13:51:44.0 (66169967)|HEAP_ALLOCATE|[92]|Bytes:5
13:51:44.0 (66181040)|VARIABLE_ASSIGNMENT|[92]|loc|null|
13:51:44.0 (66204820)|HEAP_ALLOCATE|[EXTERNAL]|Bytes:8
13:51:44.0 (66211307)|HEAP_ALLOCATE|[115]|Bytes:36
13:51:44.0 (66226279)|HEAP_ALLOCATE|[115]|Bytes:5
13:51:44.0 (66233592)|HEAP_ALLOCATE|[115]|Bytes:8
13:51:44.0 (66238587)|VARIABLE_SCOPE_BEGIN|[115]|parent|Location__c|true|false
13:51:44.0 (66247984)|VARIABLE_ASSIGNMENT|[115]|parent|{"Id":"a0B0E0000009YBFUA2"}|0x55979f2
13:51:44.0 (66250615)|STATEMENT_EXECUTE|[115]
13:51:44.0 (66291748)|STATEMENT_EXECUTE|[116]
13:51:44.0 (66293394)|STATEMENT_EXECUTE|[117]
13:51:44.0 (66313503)|HEAP_ALLOCATE|[117]|Bytes:28
13:51:44.0 (66342130)|HEAP_ALLOCATE|[117]|Bytes:-4
13:51:44.0 (66350019)|VARIABLE_ASSIGNMENT|[117]|this.Current_amount__c|0|0x55979f2
13:51:44.0 (66352365)|STATEMENT_EXECUTE|[118]
13:51:44.0 (66393695)|HEAP_ALLOCATE|[118]|Bytes:-4
13:51:44.0 (66400285)|VARIABLE_ASSIGNMENT|[118]|this.Available_amount__c|null|0x55979f2
13:51:44.0 (66410235)|HEAP_ALLOCATE|[115]|Bytes:5
13:51:44.0 (66418962)|VARIABLE_ASSIGNMENT|[115]|parent|null|
13:51:44.0 (66421117)|STATEMENT_EXECUTE|[122]
13:51:44.0 (66423716)|HEAP_ALLOCATE|[122]|Bytes:16
13:51:44.0 (66460531)|HEAP_ALLOCATE|[122]|Bytes:1
13:51:44.0 (66467250)|HEAP_ALLOCATE|[122]|Bytes:1
13:51:44.0 (66504553)|HEAP_ALLOCATE|[122]|Bytes:103
13:51:44.0 (66520640)|HEAP_ALLOCATE|[122]|Bytes:121
13:51:44.0 (66541120)|USER_DEBUG|[122]|DEBUG|parentLocations 1 {a0B0E0000009YBFUA2=Location__c:{Id=a0B0E0000009YBFUA2, Current_amount__c=0, Available_amount__c=null}}
13:51:44.0 (66546517)|STATEMENT_EXECUTE|[123]
13:51:44.0 (66568354)|HEAP_ALLOCATE|[EXTERNAL]|Bytes:8
13:51:44.0 (66577148)|HEAP_ALLOCATE|[123]|Bytes:116
13:51:44.0 (66613145)|DML_BEGIN|[123]|Op:Update|Type:Location__c|Rows:1
13:51:44.0 (66633712)|HEAP_ALLOCATE|[EXTERNAL]|Bytes:8
13:51:44.0 (72247448)|CODE_UNIT_STARTED|[EXTERNAL]|01q24000000PhJS|LocationTrigger on Location trigger event BeforeUpdate for [a0B0E0000009YBF]
13:51:44.0 (72265383)|HEAP_ALLOCATE|[EXTERNAL]|Bytes:8
13:51:44.0 (72283950)|HEAP_ALLOCATE|[EXTERNAL]|Bytes:8
13:51:44.0 (72318436)|HEAP_ALLOCATE|[EXTERNAL]|Bytes:4
13:51:44.0 (72323925)|VARIABLE_SCOPE_BEGIN|[1]|this|LocationTrigger|true|false
13:51:44.0 (72338755)|VARIABLE_ASSIGNMENT|[1]|this|{}|0x791a5745
13:51:44.0 (72356620)|HEAP_ALLOCATE|[EXTERNAL]|Bytes:4
13:51:44.0 (72360386)|VARIABLE_SCOPE_BEGIN|[1]|this|LocationTrigger|true|false
13:51:44.0 (72365998)|VARIABLE_ASSIGNMENT|[1]|this|{}|0x791a5745
13:51:44.0 (72369075)|STATEMENT_EXECUTE|[1]
13:51:44.0 (72370555)|STATEMENT_EXECUTE|[3]
13:51:44.0 (72374803)|HEAP_ALLOCATE|[3]|Bytes:44
13:51:44.0 (72421960)|CONSTRUCTOR_ENTRY|[3]|01p2400000Cr9rX|<init>(Boolean,Boolean,Boolean,Boolean,Boolean,Boolean,List<SObject>,List<SObject>,Map<Id,SObject>,Map<Id,SObject>)
13:51:44.0 (72426807)|VARIABLE_SCOPE_BEGIN|[13]|this|TriggerParams|true|false
13:51:44.0 (72441173)|VARIABLE_ASSIGNMENT|[13]|this|{}|0x78c72c7c
13:51:44.0 (72445216)|VARIABLE_SCOPE_BEGIN|[13]|isBefore|Boolean|false|false
13:51:44.0 (72448829)|VARIABLE_ASSIGNMENT|[13]|isBefore|true
13:51:44.0 (72450996)|VARIABLE_SCOPE_BEGIN|[13]|isAfter|Boolean|false|false
13:51:44.0 (72453056)|VARIABLE_ASSIGNMENT|[13]|isAfter|false
13:51:44.0 (72454798)|VARIABLE_SCOPE_BEGIN|[13]|isInsert|Boolean|false|false
13:51:44.0 (72456689)|VARIABLE_ASSIGNMENT|[13]|isInsert|false
13:51:44.0 (72458319)|VARIABLE_SCOPE_BEGIN|[13]|isUpdate|Boolean|false|false
13:51:44.0 (72460084)|VARIABLE_ASSIGNMENT|[13]|isUpdate|true
13:51:44.0 (72461644)|VARIABLE_SCOPE_BEGIN|[13]|isDelete|Boolean|false|false
13:51:44.0 (72463562)|VARIABLE_ASSIGNMENT|[13]|isDelete|false
13:51:44.0 (72465224)|VARIABLE_SCOPE_BEGIN|[13]|isUndelete|Boolean|false|false
13:51:44.0 (72467200)|VARIABLE_ASSIGNMENT|[13]|isUndelete|false
13:51:44.0 (72468702)|VARIABLE_SCOPE_BEGIN|[13]|triggerNew|List<SObject>|true|false
13:51:44.0 (72800590)|VARIABLE_ASSIGNMENT|[13]|triggerNew|[{"LastModifiedDate":"2017-02-16T12:51:05.000Z","IsDeleted":false,"difference__c":0,"Grond__c":false,"Current_amount__c":0,"Name":"1Q2W","SystemModstamp":"2017-02-16T12:51:05.000Z","OwnerId":"00524000001e3UjAAI","CreatedById":"00524000001e3UjAAI","RecordTypeId":"01224000000B1zdAAC","Hub_Building_Site__c":"a020E000000zEM2QAM","CreatedDate":"2017-02-16T12:51:05.000Z","Occupied__c":false,"Id":"a0B0E0000009YBFUA2","LastModifiedById":"00524000001e3UjAAI"}]|0x28cbb8b2
13:51:44.0 (72806987)|VARIABLE_SCOPE_BEGIN|[13]|triggerOld|List<SObject>|true|false
13:51:44.0 (73009571)|VARIABLE_ASSIGNMENT|[13]|triggerOld|[{"LastModifiedDate":"2017-02-16T12:51:05.000Z","IsDeleted":false,"difference__c":0,"Grond__c":false,"Name":"1Q2W","SystemModstamp":"2017-02-16T12:51:05.000Z","OwnerId":"00524000001e3UjAAI","CreatedById":"00524000001e3UjAAI","RecordTypeId":"01224000000B1zdAAC","Hub_Building_Site__c":"a020E000000zEM2QAM","CreatedDate":"2017-02-16T12:51:05.000Z","Occupied__c":false,"Id":"a0B0E0000009YBFUA2","LastModifiedById":"00524000001e3UjAAI"}]|0x12b66815
13:51:44.0 (73015999)|VARIABLE_SCOPE_BEGIN|[13]|newMap|Map<Id,SObject>|true|false
13:51:44.0 (73121905)|VARIABLE_ASSIGNMENT|[13]|newMap|{"a0B0E0000009YBFUA2":{"LastModifiedDate":"2017-02-16T12:51:05.000Z","IsDeleted":false,"difference__c":0,"Grond__c":false,"Current_amount__c":0,"Name":"1Q2W","SystemModstamp":"2017-02-16T12:51:05.000Z","OwnerId":"00524000001e3UjAAI","CreatedById":"00524000001e3UjAAI","RecordTypeId":"01224000000B1zdAAC","Hub_Building_Site__c":"a020E000000zEM2QAM","CreatedDate":"2017-02-16T12:51:05.000Z","Occupied__c":false,"Id":"a0B0E0000009YBFUA2","LastModifiedById":"00524000001e3UjAAI"}}|0x393da579
13:51:44.0 (73126712)|VARIABLE_SCOPE_BEGIN|[13]|oldMap|Map<Id,SObject>|true|false
13:51:44.0 (73221398)|VARIABLE_ASSIGNMENT|[13]|oldMap|{"a0B0E0000009YBFUA2":{"LastModifiedDate":"2017-02-16T12:51:05.000Z","IsDeleted":false,"difference__c":0,"Grond__c":false,"Name":"1Q2W","SystemModstamp":"2017-02-16T12:51:05.000Z","OwnerId":"00524000001e3UjAAI","CreatedById":"00524000001e3UjAAI","RecordTypeId":"01224000000B1zdAAC","Hub_Building_Site__c":"a020E000000zEM2QAM","CreatedDate":"2017-02-16T12:51:05.000Z","Occupied__c":false,"Id":"a0B0E0000009YBFUA2","LastModifiedById":"00524000001e3UjAAI"}}|0x78d8daee
13:51:44.0 (73229680)|SYSTEM_MODE_ENTER|true
13:51:44.0 (73235338)|HEAP_ALLOCATE|[16]|Bytes:5
13:51:44.0 (73239319)|STATEMENT_EXECUTE|[1]
13:51:44.0 (73241768)|HEAP_ALLOCATE|[16]|Bytes:5
13:51:44.0 (73243249)|STATEMENT_EXECUTE|[2]
13:51:44.0 (73244362)|STATEMENT_EXECUTE|[3]
13:51:44.0 (73245367)|STATEMENT_EXECUTE|[4]
13:51:44.0 (73246427)|STATEMENT_EXECUTE|[5]
13:51:44.0 (73247481)|STATEMENT_EXECUTE|[6]
13:51:44.0 (73248583)|STATEMENT_EXECUTE|[7]
13:51:44.0 (73249683)|STATEMENT_EXECUTE|[8]
13:51:44.0 (73250764)|STATEMENT_EXECUTE|[9]
13:51:44.0 (73251673)|STATEMENT_EXECUTE|[10]
13:51:44.0 (73252728)|STATEMENT_EXECUTE|[11]
13:51:44.0 (73271256)|STATEMENT_EXECUTE|[15]
13:51:44.0 (73272413)|STATEMENT_EXECUTE|[16]
13:51:44.0 (73275453)|HEAP_ALLOCATE|[16]|Bytes:5
13:51:44.0 (73282195)|VARIABLE_ASSIGNMENT|[16]|this.isBefore|true|0x78c72c7c
13:51:44.0 (73283903)|STATEMENT_EXECUTE|[17]
13:51:44.0 (73285711)|HEAP_ALLOCATE|[17]|Bytes:5
13:51:44.0 (73288748)|VARIABLE_ASSIGNMENT|[17]|this.isAfter|false|0x78c72c7c
13:51:44.0 (73290215)|STATEMENT_EXECUTE|[18]
13:51:44.0 (73291913)|HEAP_ALLOCATE|[18]|Bytes:5
13:51:44.0 (73295166)|VARIABLE_ASSIGNMENT|[18]|this.isInsert|false|0x78c72c7c
13:51:44.0 (73296604)|STATEMENT_EXECUTE|[19]
13:51:44.0 (73298319)|HEAP_ALLOCATE|[19]|Bytes:5
13:51:44.0 (73301398)|VARIABLE_ASSIGNMENT|[19]|this.isUpdate|true|0x78c72c7c
13:51:44.0 (73302673)|STATEMENT_EXECUTE|[20]
13:51:44.0 (73304255)|HEAP_ALLOCATE|[20]|Bytes:5
13:51:44.0 (73306896)|VARIABLE_ASSIGNMENT|[20]|this.isDelete|false|0x78c72c7c
13:51:44.0 (73308098)|STATEMENT_EXECUTE|[21]
13:51:44.0 (73309707)|HEAP_ALLOCATE|[21]|Bytes:5
13:51:44.0 (73312581)|VARIABLE_ASSIGNMENT|[21]|this.isUndelete|false|0x78c72c7c
13:51:44.0 (73313932)|STATEMENT_EXECUTE|[22]
13:51:44.0 (73457998)|VARIABLE_ASSIGNMENT|[22]|this.triggerNew|[{"LastModifiedDate":"2017-02-16T12:51:05.000Z","IsDeleted":false,"difference__c":0,"Grond__c":false,"Current_amount__c":0,"Name":"1Q2W","SystemModstamp":"2017-02-16T12:51:05.000Z","OwnerId":"00524000001e3UjAAI","CreatedById":"00524000001e3UjAAI","RecordTypeId":"01224000000B1zdAAC","Hub_Building_Site__c":"a020E000000zEM2QAM","CreatedDate":"2017-02-16T12:51:05.000Z","Occupied__c":false,"Id":"a0B0E0000009YBFUA2","LastModifiedById":"00524000001e3UjAAI"}]|0x78c72c7c
13:51:44.0 (73463357)|STATEMENT_EXECUTE|[23]
13:51:44.0 (73571126)|VARIABLE_ASSIGNMENT|[23]|this.triggerOld|[{"LastModifiedDate":"2017-02-16T12:51:05.000Z","IsDeleted":false,"difference__c":0,"Grond__c":false,"Name":"1Q2W","SystemModstamp":"2017-02-16T12:51:05.000Z","OwnerId":"00524000001e3UjAAI","CreatedById":"00524000001e3UjAAI","RecordTypeId":"01224000000B1zdAAC","Hub_Building_Site__c":"a020E000000zEM2QAM","CreatedDate":"2017-02-16T12:51:05.000Z","Occupied__c":false,"Id":"a0B0E0000009YBFUA2","LastModifiedById":"00524000001e3UjAAI"}]|0x78c72c7c
13:51:44.0 (73576583)|STATEMENT_EXECUTE|[24]
13:51:44.0 (73677103)|VARIABLE_ASSIGNMENT|[24]|this.newMap|{"a0B0E0000009YBFUA2":{"LastModifiedDate":"2017-02-16T12:51:05.000Z","IsDeleted":false,"difference__c":0,"Grond__c":false,"Current_amount__c":0,"Name":"1Q2W","SystemModstamp":"2017-02-16T12:51:05.000Z","OwnerId":"00524000001e3UjAAI","CreatedById":"00524000001e3UjAAI","RecordTypeId":"01224000000B1zdAAC","Hub_Building_Site__c":"a020E000000zEM2QAM","CreatedDate":"2017-02-16T12:51:05.000Z","Occupied__c":false,"Id":"a0B0E0000009YBFUA2","LastModifiedById":"00524000001e3UjAAI"}}|0x78c72c7c
13:51:44.0 (73681731)|STATEMENT_EXECUTE|[25]
13:51:44.0 (73775963)|VARIABLE_ASSIGNMENT|[25]|this.oldMap|{"a0B0E0000009YBFUA2":{"LastModifiedDate":"2017-02-16T12:51:05.000Z","IsDeleted":false,"difference__c":0,"Grond__c":false,"Name":"1Q2W","SystemModstamp":"2017-02-16T12:51:05.000Z","OwnerId":"00524000001e3UjAAI","CreatedById":"00524000001e3UjAAI","RecordTypeId":"01224000000B1zdAAC","Hub_Building_Site__c":"a020E000000zEM2QAM","CreatedDate":"2017-02-16T12:51:05.000Z","Occupied__c":false,"Id":"a0B0E0000009YBFUA2","LastModifiedById":"00524000001e3UjAAI"}}|0x78c72c7c
13:51:44.0 (73783840)|SYSTEM_MODE_EXIT|true
13:51:44.0 (73800385)|CONSTRUCTOR_EXIT|[3]|01p2400000Cr9rX|<init>(Boolean,Boolean,Boolean,Boolean,Boolean,Boolean,List<SObject>,List<SObject>,Map<Id,SObject>,Map<Id,SObject>)
13:51:44.0 (73809870)|METHOD_ENTRY|[3]|01p2400000DMxSi|LocationUtil.entry(TriggerParams)
13:51:44.0 (73813544)|VARIABLE_SCOPE_BEGIN|[2]|triggerParams|TriggerParams|true|false
13:51:44.0 (73837021)|VARIABLE_ASSIGNMENT|[2]|triggerParams|{"isAfter":false,"isBefore":true,"isDelete":false,"isInsert":false,"isUndelete":false,"isUpdate":true,"newMap":"0x393da579","oldMap":"0x78d8daee","triggerNew":"0x28cbb8b2","triggerOld":"0x12b66815"}|0x78c72c7c
13:51:44.0 (73845253)|HEAP_ALLOCATE|[3]|Bytes:5
13:51:44.0 (73848554)|STATEMENT_EXECUTE|[2]
13:51:44.0 (73849706)|STATEMENT_EXECUTE|[3]
13:51:44.0 (73855073)|VARIABLE_SCOPE_BEGIN|[3]|triggerNew|List<Location__c>|true|false
13:51:44.0 (73964095)|VARIABLE_ASSIGNMENT|[3]|triggerNew|[{"LastModifiedDate":"2017-02-16T12:51:05.000Z","IsDeleted":false,"difference__c":0,"Grond__c":false,"Current_amount__c":0,"Name":"1Q2W","SystemModstamp":"2017-02-16T12:51:05.000Z","OwnerId":"00524000001e3UjAAI","CreatedById":"00524000001e3UjAAI","RecordTypeId":"01224000000B1zdAAC","Hub_Building_Site__c":"a020E000000zEM2QAM","CreatedDate":"2017-02-16T12:51:05.000Z","Occupied__c":false,"Id":"a0B0E0000009YBFUA2","LastModifiedById":"00524000001e3UjAAI"}]|0x28cbb8b2
13:51:44.0 (73969283)|STATEMENT_EXECUTE|[4]
13:51:44.0 (73973889)|VARIABLE_SCOPE_BEGIN|[4]|triggerOld|List<Location__c>|true|false
13:51:44.0 (74068058)|VARIABLE_ASSIGNMENT|[4]|triggerOld|[{"LastModifiedDate":"2017-02-16T12:51:05.000Z","IsDeleted":false,"difference__c":0,"Grond__c":false,"Name":"1Q2W","SystemModstamp":"2017-02-16T12:51:05.000Z","OwnerId":"00524000001e3UjAAI","CreatedById":"00524000001e3UjAAI","RecordTypeId":"01224000000B1zdAAC","Hub_Building_Site__c":"a020E000000zEM2QAM","CreatedDate":"2017-02-16T12:51:05.000Z","Occupied__c":false,"Id":"a0B0E0000009YBFUA2","LastModifiedById":"00524000001e3UjAAI"}]|0x12b66815
13:51:44.0 (74072747)|STATEMENT_EXECUTE|[5]
13:51:44.0 (74077441)|VARIABLE_SCOPE_BEGIN|[5]|oldMap|Map<Id,Location__c>|true|false
13:51:44.0 (74170592)|VARIABLE_ASSIGNMENT|[5]|oldMap|{"a0B0E0000009YBFUA2":{"LastModifiedDate":"2017-02-16T12:51:05.000Z","IsDeleted":false,"difference__c":0,"Grond__c":false,"Name":"1Q2W","SystemModstamp":"2017-02-16T12:51:05.000Z","OwnerId":"00524000001e3UjAAI","CreatedById":"00524000001e3UjAAI","RecordTypeId":"01224000000B1zdAAC","Hub_Building_Site__c":"a020E000000zEM2QAM","CreatedDate":"2017-02-16T12:51:05.000Z","Occupied__c":false,"Id":"a0B0E0000009YBFUA2","LastModifiedById":"00524000001e3UjAAI"}}|0x78d8daee
13:51:44.0 (74174700)|STATEMENT_EXECUTE|[6]
13:51:44.0 (74178398)|VARIABLE_SCOPE_BEGIN|[6]|newMap|Map<Id,Location__c>|true|false
13:51:44.0 (74270414)|VARIABLE_ASSIGNMENT|[6]|newMap|{"a0B0E0000009YBFUA2":{"LastModifiedDate":"2017-02-16T12:51:05.000Z","IsDeleted":false,"difference__c":0,"Grond__c":false,"Current_amount__c":0,"Name":"1Q2W","SystemModstamp":"2017-02-16T12:51:05.000Z","OwnerId":"00524000001e3UjAAI","CreatedById":"00524000001e3UjAAI","RecordTypeId":"01224000000B1zdAAC","Hub_Building_Site__c":"a020E000000zEM2QAM","CreatedDate":"2017-02-16T12:51:05.000Z","Occupied__c":false,"Id":"a0B0E0000009YBFUA2","LastModifiedById":"00524000001e3UjAAI"}}|0x393da579
13:51:44.0 (74276671)|STATEMENT_EXECUTE|[10]
13:51:44.0 (74286081)|METHOD_EXIT|[3]|01p2400000DMxSi|LocationUtil.entry(TriggerParams)
13:51:44.74 (74293255)|CUMULATIVE_LIMIT_USAGE
13:51:44.74 (74293255)|LIMIT_USAGE_FOR_NS|(default)|
  Number of SOQL queries: 2 out of 100
  Number of query rows: 2 out of 50000
  Number of SOSL queries: 0 out of 20
  Number of DML statements: 1 out of 150
  Number of DML rows: 1 out of 10000
  Maximum CPU time: 0 out of 10000
  Maximum heap size: 0 out of 6000000
  Number of callouts: 0 out of 100
  Number of Email Invocations: 0 out of 10
  Number of future calls: 0 out of 50
  Number of queueable jobs added to the queue: 0 out of 50
  Number of Mobile Apex push calls: 0 out of 10

13:51:44.74 (74293255)|CUMULATIVE_LIMIT_USAGE_END

13:51:44.0 (75082250)|CODE_UNIT_FINISHED|LocationTrigger on Location trigger event BeforeUpdate for [a0B0E0000009YBF]
13:51:44.0 (75425161)|CODE_UNIT_STARTED|[EXTERNAL]|Validation:Location:a0B0E0000009YBF
13:51:44.0 (75431222)|VALIDATION_RULE|03d24000000aMAV|Amount_can_t_be_less_then_0
13:51:44.0 (75533671)|VALIDATION_FORMULA|OR( Available_amount__c <0,  Current_amount__c <0)|Current_amount__c=0 , Available_amount__c=null
13:51:44.0 (75537095)|VALIDATION_PASS
13:51:44.0 (75567063)|CODE_UNIT_FINISHED|Validation:Location:a0B0E0000009YBF
13:51:44.0 (85470330)|CODE_UNIT_STARTED|[EXTERNAL]|01q24000000PhJS|LocationTrigger on Location trigger event AfterUpdate for [a0B0E0000009YBF]
13:51:44.0 (85483852)|HEAP_ALLOCATE|[EXTERNAL]|Bytes:8
13:51:44.0 (85513660)|HEAP_ALLOCATE|[EXTERNAL]|Bytes:8
13:51:44.0 (85551624)|HEAP_ALLOCATE|[EXTERNAL]|Bytes:4
13:51:44.0 (85561620)|VARIABLE_SCOPE_BEGIN|[1]|this|LocationTrigger|true|false
13:51:44.0 (85575163)|VARIABLE_ASSIGNMENT|[1]|this|{}|0x5e73c1dd
13:51:44.0 (85601345)|HEAP_ALLOCATE|[EXTERNAL]|Bytes:4
13:51:44.0 (85608275)|VARIABLE_SCOPE_BEGIN|[1]|this|LocationTrigger|true|false
13:51:44.0 (85622418)|VARIABLE_ASSIGNMENT|[1]|this|{}|0x5e73c1dd
13:51:44.0 (85627257)|STATEMENT_EXECUTE|[1]
13:51:44.0 (85629382)|STATEMENT_EXECUTE|[3]
13:51:44.0 (85636933)|HEAP_ALLOCATE|[3]|Bytes:44
13:51:44.0 (85678771)|CONSTRUCTOR_ENTRY|[3]|01p2400000Cr9rX|<init>(Boolean,Boolean,Boolean,Boolean,Boolean,Boolean,List<SObject>,List<SObject>,Map<Id,SObject>,Map<Id,SObject>)
13:51:44.0 (85683152)|VARIABLE_SCOPE_BEGIN|[13]|this|TriggerParams|true|false
13:51:44.0 (85697295)|VARIABLE_ASSIGNMENT|[13]|this|{}|0x135ca28d
13:51:44.0 (85701237)|VARIABLE_SCOPE_BEGIN|[13]|isBefore|Boolean|false|false
13:51:44.0 (85705215)|VARIABLE_ASSIGNMENT|[13]|isBefore|false
13:51:44.0 (85707111)|VARIABLE_SCOPE_BEGIN|[13]|isAfter|Boolean|false|false
13:51:44.0 (85709290)|VARIABLE_ASSIGNMENT|[13]|isAfter|true
13:51:44.0 (85710942)|VARIABLE_SCOPE_BEGIN|[13]|isInsert|Boolean|false|false
13:51:44.0 (85712873)|VARIABLE_ASSIGNMENT|[13]|isInsert|false
13:51:44.0 (85714454)|VARIABLE_SCOPE_BEGIN|[13]|isUpdate|Boolean|false|false
13:51:44.0 (85716324)|VARIABLE_ASSIGNMENT|[13]|isUpdate|true
13:51:44.0 (85717917)|VARIABLE_SCOPE_BEGIN|[13]|isDelete|Boolean|false|false
13:51:44.0 (85719644)|VARIABLE_ASSIGNMENT|[13]|isDelete|false
13:51:44.0 (85721129)|VARIABLE_SCOPE_BEGIN|[13]|isUndelete|Boolean|false|false
13:51:44.0 (85723187)|VARIABLE_ASSIGNMENT|[13]|isUndelete|false
13:51:44.0 (85724447)|VARIABLE_SCOPE_BEGIN|[13]|triggerNew|List<SObject>|true|false
13:51:44.0 (85981272)|VARIABLE_ASSIGNMENT|[13]|triggerNew|[{"LastModifiedDate":"2017-02-16T12:51:44.000Z","IsDeleted":false,"difference__c":0,"Grond__c":false,"Current_amount__c":0,"Name":"1Q2W","SystemModstamp":"2017-02-16T12:51:44.000Z","OwnerId":"00524000001e3UjAAI","CreatedById":"00524000001e3UjAAI","RecordTypeId":"01224000000B1zdAAC","Hub_Building_Site__c":"a020E000000zEM2QAM","CreatedDate":"2017-02-16T12:51:05.000Z","Occupied__c":false,"Id":"a0B0E0000009YBFUA2","LastModifiedById":"00524000001e3UjAAI"}]|0x6d238190
13:51:44.0 (85987428)|VARIABLE_SCOPE_BEGIN|[13]|triggerOld|List<SObject>|true|false
13:51:44.0 (86197818)|VARIABLE_ASSIGNMENT|[13]|triggerOld|[{"LastModifiedDate":"2017-02-16T12:51:05.000Z","IsDeleted":false,"difference__c":0,"Grond__c":false,"Name":"1Q2W","SystemModstamp":"2017-02-16T12:51:05.000Z","OwnerId":"00524000001e3UjAAI","CreatedById":"00524000001e3UjAAI","RecordTypeId":"01224000000B1zdAAC","Hub_Building_Site__c":"a020E000000zEM2QAM","CreatedDate":"2017-02-16T12:51:05.000Z","Occupied__c":false,"Id":"a0B0E0000009YBFUA2","LastModifiedById":"00524000001e3UjAAI"}]|0x506cd5ed
13:51:44.0 (86206320)|VARIABLE_SCOPE_BEGIN|[13]|newMap|Map<Id,SObject>|true|false
13:51:44.0 (86364443)|VARIABLE_ASSIGNMENT|[13]|newMap|{"a0B0E0000009YBFUA2":{"LastModifiedDate":"2017-02-16T12:51:44.000Z","IsDeleted":false,"difference__c":0,"Grond__c":false,"Current_amount__c":0,"Name":"1Q2W","SystemModstamp":"2017-02-16T12:51:44.000Z","OwnerId":"00524000001e3UjAAI","CreatedById":"00524000001e3UjAAI","RecordTypeId":"01224000000B1zdAAC","Hub_Building_Site__c":"a020E000000zEM2QAM","CreatedDate":"2017-02-16T12:51:05.000Z","Occupied__c":false,"Id":"a0B0E0000009YBFUA2","LastModifiedById":"00524000001e3UjAAI"}}|0x10d19b14
13:51:44.0 (86370596)|VARIABLE_SCOPE_BEGIN|[13]|oldMap|Map<Id,SObject>|true|false
13:51:44.0 (86472956)|VARIABLE_ASSIGNMENT|[13]|oldMap|{"a0B0E0000009YBFUA2":{"LastModifiedDate":"2017-02-16T12:51:05.000Z","IsDeleted":false,"difference__c":0,"Grond__c":false,"Name":"1Q2W","SystemModstamp":"2017-02-16T12:51:05.000Z","OwnerId":"00524000001e3UjAAI","CreatedById":"00524000001e3UjAAI","RecordTypeId":"01224000000B1zdAAC","Hub_Building_Site__c":"a020E000000zEM2QAM","CreatedDate":"2017-02-16T12:51:05.000Z","Occupied__c":false,"Id":"a0B0E0000009YBFUA2","LastModifiedById":"00524000001e3UjAAI"}}|0x666f1b49
13:51:44.0 (86481077)|SYSTEM_MODE_ENTER|true
13:51:44.0 (86486572)|HEAP_ALLOCATE|[16]|Bytes:5
13:51:44.0 (86490504)|STATEMENT_EXECUTE|[1]
13:51:44.0 (86492916)|HEAP_ALLOCATE|[16]|Bytes:5
13:51:44.0 (86494278)|STATEMENT_EXECUTE|[2]
13:51:44.0 (86495347)|STATEMENT_EXECUTE|[3]
13:51:44.0 (86496289)|STATEMENT_EXECUTE|[4]
13:51:44.0 (86497268)|STATEMENT_EXECUTE|[5]
13:51:44.0 (86498209)|STATEMENT_EXECUTE|[6]
13:51:44.0 (86499193)|STATEMENT_EXECUTE|[7]
13:51:44.0 (86500143)|STATEMENT_EXECUTE|[8]
13:51:44.0 (86501106)|STATEMENT_EXECUTE|[9]
13:51:44.0 (86502007)|STATEMENT_EXECUTE|[10]
13:51:44.0 (86503069)|STATEMENT_EXECUTE|[11]
13:51:44.0 (86518755)|STATEMENT_EXECUTE|[15]
13:51:44.0 (86520106)|STATEMENT_EXECUTE|[16]
13:51:44.0 (86522828)|HEAP_ALLOCATE|[16]|Bytes:5
13:51:44.0 (86529655)|VARIABLE_ASSIGNMENT|[16]|this.isBefore|false|0x135ca28d
13:51:44.0 (86531550)|STATEMENT_EXECUTE|[17]
13:51:44.0 (86533530)|HEAP_ALLOCATE|[17]|Bytes:5
13:51:44.0 (86536511)|VARIABLE_ASSIGNMENT|[17]|this.isAfter|true|0x135ca28d
13:51:44.0 (86538085)|STATEMENT_EXECUTE|[18]
13:51:44.0 (86539734)|HEAP_ALLOCATE|[18]|Bytes:5
13:51:44.0 (86542937)|VARIABLE_ASSIGNMENT|[18]|this.isInsert|false|0x135ca28d
13:51:44.0 (86544194)|STATEMENT_EXECUTE|[19]
13:51:44.0 (86545763)|HEAP_ALLOCATE|[19]|Bytes:5
13:51:44.0 (86548891)|VARIABLE_ASSIGNMENT|[19]|this.isUpdate|true|0x135ca28d
13:51:44.0 (86550204)|STATEMENT_EXECUTE|[20]
13:51:44.0 (86551783)|HEAP_ALLOCATE|[20]|Bytes:5
13:51:44.0 (86554511)|VARIABLE_ASSIGNMENT|[20]|this.isDelete|false|0x135ca28d
13:51:44.0 (86560536)|STATEMENT_EXECUTE|[21]
13:51:44.0 (86562613)|HEAP_ALLOCATE|[21]|Bytes:5
13:51:44.0 (86565696)|VARIABLE_ASSIGNMENT|[21]|this.isUndelete|false|0x135ca28d
13:51:44.0 (86567153)|STATEMENT_EXECUTE|[22]
13:51:44.0 (86679681)|VARIABLE_ASSIGNMENT|[22]|this.triggerNew|[{"LastModifiedDate":"2017-02-16T12:51:44.000Z","IsDeleted":false,"difference__c":0,"Grond__c":false,"Current_amount__c":0,"Name":"1Q2W","SystemModstamp":"2017-02-16T12:51:44.000Z","OwnerId":"00524000001e3UjAAI","CreatedById":"00524000001e3UjAAI","RecordTypeId":"01224000000B1zdAAC","Hub_Building_Site__c":"a020E000000zEM2QAM","CreatedDate":"2017-02-16T12:51:05.000Z","Occupied__c":false,"Id":"a0B0E0000009YBFUA2","LastModifiedById":"00524000001e3UjAAI"}]|0x135ca28d
13:51:44.0 (86694126)|STATEMENT_EXECUTE|[23]
13:51:44.0 (86801127)|VARIABLE_ASSIGNMENT|[23]|this.triggerOld|[{"LastModifiedDate":"2017-02-16T12:51:05.000Z","IsDeleted":false,"difference__c":0,"Grond__c":false,"Name":"1Q2W","SystemModstamp":"2017-02-16T12:51:05.000Z","OwnerId":"00524000001e3UjAAI","CreatedById":"00524000001e3UjAAI","RecordTypeId":"01224000000B1zdAAC","Hub_Building_Site__c":"a020E000000zEM2QAM","CreatedDate":"2017-02-16T12:51:05.000Z","Occupied__c":false,"Id":"a0B0E0000009YBFUA2","LastModifiedById":"00524000001e3UjAAI"}]|0x135ca28d
13:51:44.0 (86805702)|STATEMENT_EXECUTE|[24]
13:51:44.0 (86916801)|VARIABLE_ASSIGNMENT|[24]|this.newMap|{"a0B0E0000009YBFUA2":{"LastModifiedDate":"2017-02-16T12:51:44.000Z","IsDeleted":false,"difference__c":0,"Grond__c":false,"Current_amount__c":0,"Name":"1Q2W","SystemModstamp":"2017-02-16T12:51:44.000Z","OwnerId":"00524000001e3UjAAI","CreatedById":"00524000001e3UjAAI","RecordTypeId":"01224000000B1zdAAC","Hub_Building_Site__c":"a020E000000zEM2QAM","CreatedDate":"2017-02-16T12:51:05.000Z","Occupied__c":false,"Id":"a0B0E0000009YBFUA2","LastModifiedById":"00524000001e3UjAAI"}}|0x135ca28d
13:51:44.0 (86922027)|STATEMENT_EXECUTE|[25]
13:51:44.0 (87020026)|VARIABLE_ASSIGNMENT|[25]|this.oldMap|{"a0B0E0000009YBFUA2":{"LastModifiedDate":"2017-02-16T12:51:05.000Z","IsDeleted":false,"difference__c":0,"Grond__c":false,"Name":"1Q2W","SystemModstamp":"2017-02-16T12:51:05.000Z","OwnerId":"00524000001e3UjAAI","CreatedById":"00524000001e3UjAAI","RecordTypeId":"01224000000B1zdAAC","Hub_Building_Site__c":"a020E000000zEM2QAM","CreatedDate":"2017-02-16T12:51:05.000Z","Occupied__c":false,"Id":"a0B0E0000009YBFUA2","LastModifiedById":"00524000001e3UjAAI"}}|0x135ca28d
13:51:44.0 (87028233)|SYSTEM_MODE_EXIT|true
13:51:44.0 (87045038)|CONSTRUCTOR_EXIT|[3]|01p2400000Cr9rX|<init>(Boolean,Boolean,Boolean,Boolean,Boolean,Boolean,List<SObject>,List<SObject>,Map<Id,SObject>,Map<Id,SObject>)
13:51:44.0 (87053884)|METHOD_ENTRY|[3]|01p2400000DMxSi|LocationUtil.entry(TriggerParams)
13:51:44.0 (87057332)|VARIABLE_SCOPE_BEGIN|[2]|triggerParams|TriggerParams|true|false
13:51:44.0 (87080390)|VARIABLE_ASSIGNMENT|[2]|triggerParams|{"isAfter":true,"isBefore":false,"isDelete":false,"isInsert":false,"isUndelete":false,"isUpdate":true,"newMap":"0x10d19b14","oldMap":"0x666f1b49","triggerNew":"0x6d238190","triggerOld":"0x506cd5ed"}|0x135ca28d
13:51:44.0 (87088367)|HEAP_ALLOCATE|[3]|Bytes:5
13:51:44.0 (87091429)|STATEMENT_EXECUTE|[2]
13:51:44.0 (87092625)|STATEMENT_EXECUTE|[3]
13:51:44.0 (87097860)|VARIABLE_SCOPE_BEGIN|[3]|triggerNew|List<Location__c>|true|false
13:51:44.0 (87207391)|VARIABLE_ASSIGNMENT|[3]|triggerNew|[{"LastModifiedDate":"2017-02-16T12:51:44.000Z","IsDeleted":false,"difference__c":0,"Grond__c":false,"Current_amount__c":0,"Name":"1Q2W","SystemModstamp":"2017-02-16T12:51:44.000Z","OwnerId":"00524000001e3UjAAI","CreatedById":"00524000001e3UjAAI","RecordTypeId":"01224000000B1zdAAC","Hub_Building_Site__c":"a020E000000zEM2QAM","CreatedDate":"2017-02-16T12:51:05.000Z","Occupied__c":false,"Id":"a0B0E0000009YBFUA2","LastModifiedById":"00524000001e3UjAAI"}]|0x6d238190
13:51:44.0 (87212170)|STATEMENT_EXECUTE|[4]
13:51:44.0 (87217137)|VARIABLE_SCOPE_BEGIN|[4]|triggerOld|List<Location__c>|true|false
13:51:44.0 (87312841)|VARIABLE_ASSIGNMENT|[4]|triggerOld|[{"LastModifiedDate":"2017-02-16T12:51:05.000Z","IsDeleted":false,"difference__c":0,"Grond__c":false,"Name":"1Q2W","SystemModstamp":"2017-02-16T12:51:05.000Z","OwnerId":"00524000001e3UjAAI","CreatedById":"00524000001e3UjAAI","RecordTypeId":"01224000000B1zdAAC","Hub_Building_Site__c":"a020E000000zEM2QAM","CreatedDate":"2017-02-16T12:51:05.000Z","Occupied__c":false,"Id":"a0B0E0000009YBFUA2","LastModifiedById":"00524000001e3UjAAI"}]|0x506cd5ed
13:51:44.0 (87316877)|STATEMENT_EXECUTE|[5]
13:51:44.0 (87321238)|VARIABLE_SCOPE_BEGIN|[5]|oldMap|Map<Id,Location__c>|true|false
13:51:44.0 (87415798)|VARIABLE_ASSIGNMENT|[5]|oldMap|{"a0B0E0000009YBFUA2":{"LastModifiedDate":"2017-02-16T12:51:05.000Z","IsDeleted":false,"difference__c":0,"Grond__c":false,"Name":"1Q2W","SystemModstamp":"2017-02-16T12:51:05.000Z","OwnerId":"00524000001e3UjAAI","CreatedById":"00524000001e3UjAAI","RecordTypeId":"01224000000B1zdAAC","Hub_Building_Site__c":"a020E000000zEM2QAM","CreatedDate":"2017-02-16T12:51:05.000Z","Occupied__c":false,"Id":"a0B0E0000009YBFUA2","LastModifiedById":"00524000001e3UjAAI"}}|0x666f1b49
13:51:44.0 (87420352)|STATEMENT_EXECUTE|[6]
13:51:44.0 (87424053)|VARIABLE_SCOPE_BEGIN|[6]|newMap|Map<Id,Location__c>|true|false
13:51:44.0 (87516923)|VARIABLE_ASSIGNMENT|[6]|newMap|{"a0B0E0000009YBFUA2":{"LastModifiedDate":"2017-02-16T12:51:44.000Z","IsDeleted":false,"difference__c":0,"Grond__c":false,"Current_amount__c":0,"Name":"1Q2W","SystemModstamp":"2017-02-16T12:51:44.000Z","OwnerId":"00524000001e3UjAAI","CreatedById":"00524000001e3UjAAI","RecordTypeId":"01224000000B1zdAAC","Hub_Building_Site__c":"a020E000000zEM2QAM","CreatedDate":"2017-02-16T12:51:05.000Z","Occupied__c":false,"Id":"a0B0E0000009YBFUA2","LastModifiedById":"00524000001e3UjAAI"}}|0x10d19b14
13:51:44.0 (87523206)|STATEMENT_EXECUTE|[10]
13:51:44.0 (87526786)|STATEMENT_EXECUTE|[11]
13:51:44.0 (87527982)|STATEMENT_EXECUTE|[12]
13:51:44.0 (87535515)|METHOD_ENTRY|[12]|01p2400000DMxSi|LocationUtil.updateParentLocations(List<Location__c>)
13:51:44.0 (87539660)|VARIABLE_SCOPE_BEGIN|[81]|locations|List<Location__c>|true|false
13:51:44.0 (87642832)|VARIABLE_ASSIGNMENT|[81]|locations|[{"LastModifiedDate":"2017-02-16T12:51:44.000Z","IsDeleted":false,"difference__c":0,"Grond__c":false,"Current_amount__c":0,"Name":"1Q2W","SystemModstamp":"2017-02-16T12:51:44.000Z","OwnerId":"00524000001e3UjAAI","CreatedById":"00524000001e3UjAAI","RecordTypeId":"01224000000B1zdAAC","Hub_Building_Site__c":"a020E000000zEM2QAM","CreatedDate":"2017-02-16T12:51:05.000Z","Occupied__c":false,"Id":"a0B0E0000009YBFUA2","LastModifiedById":"00524000001e3UjAAI"}]|0x6d238190
13:51:44.0 (87652295)|HEAP_ALLOCATE|[82]|Bytes:5
13:51:44.0 (87655538)|STATEMENT_EXECUTE|[81]
13:51:44.0 (87656757)|STATEMENT_EXECUTE|[82]
13:51:44.0 (87661773)|HEAP_ALLOCATE|[82]|Bytes:4
13:51:44.0 (87672890)|VARIABLE_SCOPE_BEGIN|[82]|parentLocationIds|Set<Id>|true|false
13:51:44.0 (87684914)|VARIABLE_ASSIGNMENT|[82]|parentLocationIds|[]|0x17b12915
13:51:44.0 (87702128)|HEAP_ALLOCATE|[83]|Bytes:5
13:51:44.0 (87715898)|VARIABLE_SCOPE_BEGIN|[83]|loc|Location__c|true|false
13:51:44.0 (87822496)|VARIABLE_ASSIGNMENT|[83]|loc|{"LastModifiedDate":"2017-02-16T12:51:44.000Z","IsDeleted":false,"difference__c":0,"Grond__c":false,"Current_amount__c":0,"Name":"1Q2W","SystemModstamp":"2017-02-16T12:51:44.000Z","OwnerId":"00524000001e3UjAAI","CreatedById":"00524000001e3UjAAI","RecordTypeId":"01224000000B1zdAAC","Hub_Building_Site__c":"a020E000000zEM2QAM","CreatedDate":"2017-02-16T12:51:05.000Z","Occupied__c":false,"Id":"a0B0E0000009YBFUA2","LastModifiedById":"00524000001e3UjAAI"}|0x21c455b3
13:51:44.0 (87827882)|STATEMENT_EXECUTE|[83]
13:51:44.0 (87837846)|STATEMENT_EXECUTE|[84]
13:51:44.0 (87846809)|HEAP_ALLOCATE|[83]|Bytes:5
13:51:44.0 (87855909)|VARIABLE_ASSIGNMENT|[83]|loc|null|
13:51:44.0 (87858133)|STATEMENT_EXECUTE|[88]
13:51:44.0 (87861657)|HEAP_ALLOCATE|[88]|Bytes:4
13:51:44.0 (87864871)|HEAP_ALLOCATE|[88]|Bytes:4
13:51:44.0 (87884352)|HEAP_ALLOCATE|[88]|Bytes:4
13:51:44.0 (87888026)|HEAP_ALLOCATE|[88]|Bytes:4
13:51:44.0 (88028446)|SOQL_EXECUTE_BEGIN|[88]|Aggregations:0|SELECT Id FROM Location__c WHERE id = :tmpVar1
13:51:44.0 (91064925)|SOQL_EXECUTE_END|[88]|Rows:0
13:51:44.0 (91081174)|HEAP_ALLOCATE|[88]|Bytes:4
13:51:44.0 (91088931)|HEAP_ALLOCATE|[88]|Bytes:0
13:51:44.0 (91100258)|HEAP_ALLOCATE|[88]|Bytes:4
13:51:44.0 (91112014)|VARIABLE_SCOPE_BEGIN|[88]|parentLocations|Map<Id,Location__c>|true|false
13:51:44.0 (91123181)|VARIABLE_ASSIGNMENT|[88]|parentLocations|{}|0x6205b3f8
13:51:44.0 (91125836)|STATEMENT_EXECUTE|[89]
13:51:44.0 (91129789)|HEAP_ALLOCATE|[89]|Bytes:4
13:51:44.0 (91144634)|HEAP_ALLOCATE|[89]|Bytes:4
13:51:44.0 (91148202)|HEAP_ALLOCATE|[89]|Bytes:4
13:51:44.0 (91303412)|SOQL_EXECUTE_BEGIN|[89]|Aggregations:0|SELECT Id, Current_amount__c, Available_amount__c, Parent_Location__c FROM Location__c WHERE Parent_Location__c = :tmpVar1
13:51:44.0 (91941913)|SOQL_EXECUTE_END|[89]|Rows:0
13:51:44.0 (91956503)|HEAP_ALLOCATE|[89]|Bytes:4
13:51:44.0 (91963969)|HEAP_ALLOCATE|[89]|Bytes:0
13:51:44.0 (91974840)|HEAP_ALLOCATE|[89]|Bytes:4
13:51:44.0 (91982720)|VARIABLE_SCOPE_BEGIN|[89]|childLocations|List<Location__c>|true|false
13:51:44.0 (91992462)|VARIABLE_ASSIGNMENT|[89]|childLocations|[]|0x6f2b7b3b
13:51:44.0 (91994855)|STATEMENT_EXECUTE|[90]
13:51:44.0 (91998942)|HEAP_ALLOCATE|[90]|Bytes:4
13:51:44.0 (92003834)|VARIABLE_SCOPE_BEGIN|[90]|sumByParentId|Map<Id,Decimal>|true|false
13:51:44.0 (92011652)|VARIABLE_ASSIGNMENT|[90]|sumByParentId|{}|0x2e12929
13:51:44.0 (92013375)|STATEMENT_EXECUTE|[91]
13:51:44.0 (92015162)|HEAP_ALLOCATE|[91]|Bytes:4
13:51:44.0 (92017775)|VARIABLE_SCOPE_BEGIN|[91]|sumRedByParentId|Map<Id,Decimal>|true|false
13:51:44.0 (92021810)|VARIABLE_ASSIGNMENT|[91]|sumRedByParentId|{}|0x7ec7529
13:51:44.0 (92040260)|HEAP_ALLOCATE|[92]|Bytes:5
13:51:44.0 (92050031)|VARIABLE_ASSIGNMENT|[92]|loc|null|
13:51:44.0 (92052377)|STATEMENT_EXECUTE|[92]
13:51:44.0 (92060274)|HEAP_ALLOCATE|[EXTERNAL]|Bytes:4
13:51:44.0 (92063462)|HEAP_ALLOCATE|[115]|Bytes:4
13:51:44.0 (92074628)|HEAP_ALLOCATE|[115]|Bytes:5
13:51:44.0 (92080655)|VARIABLE_ASSIGNMENT|[115]|parent|null|
13:51:44.0 (92082459)|STATEMENT_EXECUTE|[115]
13:51:44.0 (92083754)|STATEMENT_EXECUTE|[122]
13:51:44.0 (92101275)|HEAP_ALLOCATE|[122]|Bytes:1
13:51:44.0 (92112768)|HEAP_ALLOCATE|[122]|Bytes:2
13:51:44.0 (92119840)|HEAP_ALLOCATE|[122]|Bytes:20
13:51:44.0 (92129271)|USER_DEBUG|[122]|DEBUG|parentLocations 0 {}
13:51:44.0 (92133277)|STATEMENT_EXECUTE|[123]
13:51:44.0 (92138891)|HEAP_ALLOCATE|[EXTERNAL]|Bytes:4
13:51:44.0 (92141340)|HEAP_ALLOCATE|[123]|Bytes:4
13:51:44.0 (92203073)|HEAP_ALLOCATE|[EXTERNAL]|Bytes:4
13:51:44.0 (92214352)|METHOD_EXIT|[12]|01p2400000DMxSi|LocationUtil.updateParentLocations(List<Location__c>)
13:51:44.0 (92217882)|STATEMENT_EXECUTE|[13]
13:51:44.0 (92228553)|METHOD_ENTRY|[13]|01p2400000DMxSi|LocationUtil.shareToForceUsers(Map<Id,Location__c>)
13:51:44.0 (92241762)|VARIABLE_SCOPE_BEGIN|[32]|locById|Map<Id,Location__c>|true|false
13:51:44.0 (92381831)|VARIABLE_ASSIGNMENT|[32]|locById|{"a0B0E0000009YBFUA2":{"LastModifiedDate":"2017-02-16T12:51:44.000Z","IsDeleted":false,"difference__c":0,"Grond__c":false,"Current_amount__c":0,"Name":"1Q2W","SystemModstamp":"2017-02-16T12:51:44.000Z","OwnerId":"00524000001e3UjAAI","CreatedById":"00524000001e3UjAAI","RecordTypeId":"01224000000B1zdAAC","Hub_Building_Site__c":"a020E000000zEM2QAM","CreatedDate":"2017-02-16T12:51:05.000Z","Occupied__c":false,"Id":"a0B0E0000009YBFUA2","LastModifiedById":"00524000001e3UjAAI"}}|0x10d19b14
13:51:44.0 (92393771)|HEAP_ALLOCATE|[33]|Bytes:5
13:51:44.0 (92397194)|STATEMENT_EXECUTE|[32]
13:51:44.0 (92398302)|STATEMENT_EXECUTE|[33]
13:51:44.0 (92401040)|HEAP_ALLOCATE|[33]|Bytes:121
13:51:44.0 (92405750)|HEAP_ALLOCATE|[33]|Bytes:4
13:51:44.0 (92446433)|HEAP_ALLOCATE|[34]|Bytes:26
13:51:44.0 (92468369)|HEAP_ALLOCATE|[33]|Bytes:8
13:51:44.0 (92472596)|HEAP_ALLOCATE|[33]|Bytes:8
13:51:44.0 (92926763)|SOQL_EXECUTE_BEGIN|[33]|Aggregations:0|SELECT Id, Hub_Building_Site__r.Project__r.Account__c, OwnerId, Hub_Building_Site__c FROM Location__c WHERE id = :tmpVar1
13:51:44.0 (95533979)|SOQL_EXECUTE_END|[33]|Rows:1
13:51:44.0 (95547042)|HEAP_ALLOCATE|[33]|Bytes:8
13:51:44.0 (95566034)|HEAP_ALLOCATE|[33]|Bytes:152
13:51:44.0 (95577911)|HEAP_ALLOCATE|[33]|Bytes:8
13:51:44.0 (95586478)|VARIABLE_SCOPE_BEGIN|[33]|tickets|List<Location__c>|true|false
13:51:44.0 (95605603)|VARIABLE_ASSIGNMENT|[33]|tickets|[{"Id":"a0B0E0000009YBFUA2","Hub_Building_Site__c":"a020E000000zEM2QAM","OwnerId":"00524000001e3UjAAI","Hub_Building_Site__r":{"Id":"a020E000000zEM2QAM"}}]|0x49e9f06a
13:51:44.0 (95608765)|STATEMENT_EXECUTE|[35]
13:51:44.0 (95613693)|HEAP_ALLOCATE|[35]|Bytes:4
13:51:44.0 (95637797)|VARIABLE_SCOPE_BEGIN|[35]|hubIds|Set<Id>|true|false
13:51:44.0 (95647675)|VARIABLE_ASSIGNMENT|[35]|hubIds|[]|0x51e3ed67
13:51:44.0 (95677415)|HEAP_ALLOCATE|[36]|Bytes:5
13:51:44.0 (95702627)|HEAP_ALLOCATE|[36]|Bytes:20
13:51:44.0 (95709772)|VARIABLE_SCOPE_BEGIN|[36]|loc|Location__c|true|false
13:51:44.0 (95722047)|VARIABLE_ASSIGNMENT|[36]|loc|{"Id":"a0B0E0000009YBFUA2","Hub_Building_Site__c":"a020E000000zEM2QAM","OwnerId":"00524000001e3UjAAI","Hub_Building_Site__r":{"Id":"a020E000000zEM2QAM"}}|0xd860169
13:51:44.0 (95725309)|STATEMENT_EXECUTE|[36]
13:51:44.0 (95726442)|STATEMENT_EXECUTE|[37]
13:51:44.0 (95771771)|HEAP_ALLOCATE|[EXTERNAL]|Bytes:4
13:51:44.0 (95784284)|HEAP_ALLOCATE|[36]|Bytes:5
13:51:44.0 (95793920)|VARIABLE_ASSIGNMENT|[36]|loc|null|
13:51:44.0 (95796594)|STATEMENT_EXECUTE|[39]
13:51:44.0 (95799355)|HEAP_ALLOCATE|[39]|Bytes:78
13:51:44.0 (95803952)|HEAP_ALLOCATE|[39]|Bytes:4
13:51:44.0 (95824716)|HEAP_ALLOCATE|[39]|Bytes:8
13:51:44.0 (95828974)|HEAP_ALLOCATE|[39]|Bytes:8
13:51:44.0 (96097692)|SOQL_EXECUTE_BEGIN|[39]|Aggregations:0|SELECT Id, Account__c FROM AccountHub__c WHERE Hub_Building_Site__c = :tmpVar1
13:51:44.0 (97908125)|SOQL_EXECUTE_END|[39]|Rows:0
13:51:44.0 (97926855)|HEAP_ALLOCATE|[39]|Bytes:4
13:51:44.0 (97934912)|HEAP_ALLOCATE|[39]|Bytes:0
13:51:44.0 (97990890)|HEAP_ALLOCATE|[39]|Bytes:4
13:51:44.0 (98001442)|VARIABLE_SCOPE_BEGIN|[39]|accHubs|List<AccountHub__c>|true|false
13:51:44.0 (98012136)|VARIABLE_ASSIGNMENT|[39]|accHubs|[]|0x612682ae
13:51:44.0 (98014800)|STATEMENT_EXECUTE|[40]
13:51:44.0 (98019766)|HEAP_ALLOCATE|[40]|Bytes:4
13:51:44.0 (98040907)|VARIABLE_SCOPE_BEGIN|[40]|accIds1|Set<Id>|true|false
13:51:44.0 (98050116)|VARIABLE_ASSIGNMENT|[40]|accIds1|[]|0x2f8ad17d
13:51:44.0 (98194564)|HEAP_ALLOCATE|[41]|Bytes:5
13:51:44.0 (98209337)|VARIABLE_ASSIGNMENT|[41]|acH|null|
13:51:44.0 (98212447)|STATEMENT_EXECUTE|[41]
13:51:44.0 (98213909)|STATEMENT_EXECUTE|[44]
13:51:44.0 (98217513)|HEAP_ALLOCATE|[44]|Bytes:4
13:51:44.0 (98233907)|VARIABLE_SCOPE_BEGIN|[44]|accIds|Set<Id>|true|false
13:51:44.0 (98243772)|VARIABLE_ASSIGNMENT|[44]|accIds|[]|0x3081c9c8
13:51:44.0 (98264894)|HEAP_ALLOCATE|[45]|Bytes:5
13:51:44.0 (98273982)|HEAP_ALLOCATE|[45]|Bytes:20
13:51:44.0 (98279182)|VARIABLE_SCOPE_BEGIN|[45]|t|Location__c|true|false
13:51:44.0 (98293242)|VARIABLE_ASSIGNMENT|[45]|t|{"Id":"a0B0E0000009YBFUA2","Hub_Building_Site__c":"a020E000000zEM2QAM","OwnerId":"00524000001e3UjAAI","Hub_Building_Site__r":{"Id":"a020E000000zEM2QAM"}}|0xd860169
13:51:44.0 (98296009)|STATEMENT_EXECUTE|[45]
13:51:44.0 (98366498)|STATEMENT_EXECUTE|[46]
13:51:44.0 (98376674)|HEAP_ALLOCATE|[45]|Bytes:5
13:51:44.0 (98386134)|VARIABLE_ASSIGNMENT|[45]|t|null|
13:51:44.0 (98388393)|STATEMENT_EXECUTE|[50]
13:51:44.0 (98410323)|HEAP_ALLOCATE|[50]|Bytes:0
13:51:44.0 (98415289)|STATEMENT_EXECUTE|[51]
13:51:44.0 (98417953)|HEAP_ALLOCATE|[51]|Bytes:5
13:51:44.0 (98443533)|HEAP_ALLOCATE|[51]|Bytes:2
13:51:44.0 (98455757)|HEAP_ALLOCATE|[51]|Bytes:7
13:51:44.0 (98465048)|USER_DEBUG|[51]|DEBUG|accs {}
13:51:44.0 (98469047)|STATEMENT_EXECUTE|[52]
13:51:44.0 (98471262)|HEAP_ALLOCATE|[52]|Bytes:81
13:51:44.0 (98475766)|HEAP_ALLOCATE|[52]|Bytes:4
13:51:44.0 (98494702)|HEAP_ALLOCATE|[52]|Bytes:4
13:51:44.0 (98498102)|HEAP_ALLOCATE|[52]|Bytes:4
13:51:44.0 (99295237)|SOQL_EXECUTE_BEGIN|[52]|Aggregations:0|SELECT isActive, Id FROM User WHERE (AccountId__c = :tmpVar1 AND isActive = TRUE)
13:51:44.0 (100363829)|SOQL_EXECUTE_END|[52]|Rows:0
13:51:44.0 (100378344)|HEAP_ALLOCATE|[52]|Bytes:4
13:51:44.0 (100385181)|HEAP_ALLOCATE|[52]|Bytes:0
13:51:44.0 (100428300)|HEAP_ALLOCATE|[52]|Bytes:4
13:51:44.0 (100437619)|VARIABLE_SCOPE_BEGIN|[52]|users|List<User>|true|false
13:51:44.0 (100447684)|VARIABLE_ASSIGNMENT|[52]|users|[]|0x68b772c5
13:51:44.0 (100450456)|STATEMENT_EXECUTE|[53]
13:51:44.0 (100475217)|HEAP_ALLOCATE|[53]|Bytes:4
13:51:44.0 (100502263)|VARIABLE_SCOPE_BEGIN|[53]|userById|Map<Id,User>|true|false
13:51:44.0 (100511575)|VARIABLE_ASSIGNMENT|[53]|userById|{}|0x1a278164
13:51:44.0 (100513850)|STATEMENT_EXECUTE|[54]
13:51:44.0 (100517710)|HEAP_ALLOCATE|[54]|Bytes:5
13:51:44.0 (100573252)|HEAP_ALLOCATE|[54]|Bytes:1
13:51:44.0 (100585330)|HEAP_ALLOCATE|[54]|Bytes:2
13:51:44.0 (100592131)|HEAP_ALLOCATE|[54]|Bytes:9
13:51:44.0 (100601138)|USER_DEBUG|[54]|DEBUG|users0 ()
13:51:44.0 (100605309)|STATEMENT_EXECUTE|[55]
13:51:44.0 (100607772)|HEAP_ALLOCATE|[55]|Bytes:81
13:51:44.0 (100612019)|HEAP_ALLOCATE|[55]|Bytes:4
13:51:44.0 (100641639)|HEAP_ALLOCATE|[56]|Bytes:26
13:51:44.0 (100661748)|HEAP_ALLOCATE|[55]|Bytes:8
13:51:44.0 (100666817)|HEAP_ALLOCATE|[55]|Bytes:8
13:51:44.0 (100916057)|SOQL_EXECUTE_BEGIN|[55]|Aggregations:0|SELECT ParentId, Id, UserOrGroupId FROM Location__Share WHERE ParentId = :tmpVar1
13:51:44.0 (103220445)|SOQL_EXECUTE_END|[55]|Rows:1
13:51:44.0 (103239073)|HEAP_ALLOCATE|[55]|Bytes:8
13:51:44.0 (103248763)|HEAP_ALLOCATE|[55]|Bytes:94
13:51:44.0 (103301324)|HEAP_ALLOCATE|[55]|Bytes:8
13:51:44.0 (103311429)|VARIABLE_SCOPE_BEGIN|[55]|sharingTicket|List<Location__Share>|true|false
13:51:44.0 (103328306)|VARIABLE_ASSIGNMENT|[55]|sharingTicket|[{"ParentId":"a0B0E0000009YBFUA2","Id":"02c0E000002ve50QAA","UserOrGroupId":"00524000001e3UjAAI"}]|0x437986d6
13:51:44.0 (103331474)|STATEMENT_EXECUTE|[57]
13:51:44.0 (103383842)|HEAP_ALLOCATE|[57]|Bytes:1
13:51:44.0 (103425589)|HEAP_ALLOCATE|[57]|Bytes:104
13:51:44.0 (103438692)|HEAP_ALLOCATE|[57]|Bytes:106
13:51:44.0 (103448032)|USER_DEBUG|[57]|DEBUG|1 (Location__Share:{ParentId=a0B0E0000009YBFUA2, Id=02c0E000002ve50QAA, UserOrGroupId=00524000001e3UjAAI})
13:51:44.0 (103452984)|STATEMENT_EXECUTE|[58]
13:51:44.0 (103490556)|HEAP_ALLOCATE|[58]|Bytes:4
13:51:44.0 (103510245)|VARIABLE_SCOPE_BEGIN|[58]|shareByUserByTicket|Map<Id,Map<Id,Location__Share>>|true|false
13:51:44.0 (103521589)|VARIABLE_ASSIGNMENT|[58]|shareByUserByTicket|{}|0x217698be
13:51:44.0 (103611742)|HEAP_ALLOCATE|[59]|Bytes:5
13:51:44.0 (103665056)|HEAP_ALLOCATE|[59]|Bytes:16
13:51:44.0 (103673831)|VARIABLE_SCOPE_BEGIN|[59]|sh|Location__Share|true|false
13:51:44.0 (103687250)|VARIABLE_ASSIGNMENT|[59]|sh|{"ParentId":"a0B0E0000009YBFUA2","Id":"02c0E000002ve50QAA","UserOrGroupId":"00524000001e3UjAAI"}|0x79914a3
13:51:44.0 (103690654)|STATEMENT_EXECUTE|[59]
13:51:44.0 (103744319)|STATEMENT_EXECUTE|[62]
13:51:44.0 (103746197)|STATEMENT_EXECUTE|[63]
13:51:44.0 (103751107)|HEAP_ALLOCATE|[63]|Bytes:4
13:51:44.0 (103767638)|VARIABLE_SCOPE_BEGIN|[63]|shByUser|Map<Id,Location__Share>|true|false
13:51:44.0 (103777330)|VARIABLE_ASSIGNMENT|[63]|shByUser|{}|0x71d16904
13:51:44.0 (103779477)|STATEMENT_EXECUTE|[64]
13:51:44.0 (103804325)|HEAP_ALLOCATE|[EXTERNAL]|Bytes:-4
13:51:44.0 (103816449)|HEAP_ALLOCATE|[59]|Bytes:5
13:51:44.0 (103826131)|VARIABLE_ASSIGNMENT|[59]|sh|null|
13:51:44.0 (103828787)|STATEMENT_EXECUTE|[67]
13:51:44.0 (103831577)|HEAP_ALLOCATE|[67]|Bytes:19
13:51:44.0 (103851660)|HEAP_ALLOCATE|[67]|Bytes:1
13:51:44.0 (103865221)|HEAP_ALLOCATE|[67]|Bytes:23
13:51:44.0 (103872295)|HEAP_ALLOCATE|[67]|Bytes:44
13:51:44.0 (103880687)|USER_DEBUG|[67]|DEBUG|shareByUserByTicket1 {a0B0E0000009YBFUA2={}}
13:51:44.0 (103884717)|STATEMENT_EXECUTE|[68]
13:51:44.0 (103888854)|HEAP_ALLOCATE|[68]|Bytes:4
13:51:44.0 (103903621)|VARIABLE_SCOPE_BEGIN|[68]|newSharings|List<Location__Share>|true|false
13:51:44.0 (103909165)|HEAP_ALLOCATE|[EXTERNAL]|Bytes:4
13:51:44.0 (103914678)|VARIABLE_ASSIGNMENT|[68]|newSharings|[]|0x68550f2b
13:51:44.0 (103935216)|HEAP_ALLOCATE|[69]|Bytes:5
13:51:44.0 (103943737)|HEAP_ALLOCATE|[69]|Bytes:20
13:51:44.0 (103949227)|VARIABLE_SCOPE_BEGIN|[69]|t|Location__c|true|false
13:51:44.0 (103961866)|VARIABLE_ASSIGNMENT|[69]|t|{"Id":"a0B0E0000009YBFUA2","Hub_Building_Site__c":"a020E000000zEM2QAM","OwnerId":"00524000001e3UjAAI","Hub_Building_Site__r":{"Id":"a020E000000zEM2QAM"}}|0xd860169
13:51:44.0 (103965202)|STATEMENT_EXECUTE|[69]
13:51:44.0 (104030637)|HEAP_ALLOCATE|[70]|Bytes:5
13:51:44.0 (104050750)|VARIABLE_ASSIGNMENT|[70]|u|null|
13:51:44.0 (104053731)|STATEMENT_EXECUTE|[70]
13:51:44.0 (104060019)|HEAP_ALLOCATE|[69]|Bytes:5
13:51:44.0 (104065962)|VARIABLE_ASSIGNMENT|[69]|t|null|
13:51:44.0 (104067468)|STATEMENT_EXECUTE|[77]
13:51:44.0 (104069944)|HEAP_ALLOCATE|[77]|Bytes:13
13:51:44.0 (104093944)|HEAP_ALLOCATE|[77]|Bytes:1
13:51:44.0 (104103985)|HEAP_ALLOCATE|[77]|Bytes:2
13:51:44.0 (104110371)|HEAP_ALLOCATE|[77]|Bytes:17
13:51:44.0 (104118662)|USER_DEBUG|[77]|DEBUG|add sharings 0 ()
13:51:44.0 (104122356)|STATEMENT_EXECUTE|[78]
13:51:44.0 (104162337)|HEAP_ALLOCATE|[EXTERNAL]|Bytes:4
13:51:44.0 (104174151)|METHOD_EXIT|[13]|01p2400000DMxSi|LocationUtil.shareToForceUsers(Map<Id,Location__c>)
13:51:44.0 (104180293)|STATEMENT_EXECUTE|[16]
13:51:44.0 (104181481)|STATEMENT_EXECUTE|[17]
13:51:44.0 (104189222)|METHOD_ENTRY|[17]|01p2400000DMxSi|LocationUtil.recalculateLocationsCount(List<Location__c>, Map<Id,Location__c>)
13:51:44.0 (104200815)|VARIABLE_SCOPE_BEGIN|[127]|triggerNew|List<Location__c>|true|false
13:51:44.0 (104340954)|VARIABLE_ASSIGNMENT|[127]|triggerNew|[{"LastModifiedDate":"2017-02-16T12:51:44.000Z","IsDeleted":false,"difference__c":0,"Grond__c":false,"Current_amount__c":0,"Name":"1Q2W","SystemModstamp":"2017-02-16T12:51:44.000Z","OwnerId":"00524000001e3UjAAI","CreatedById":"00524000001e3UjAAI","RecordTypeId":"01224000000B1zdAAC","Hub_Building_Site__c":"a020E000000zEM2QAM","CreatedDate":"2017-02-16T12:51:05.000Z","Occupied__c":false,"Id":"a0B0E0000009YBFUA2","LastModifiedById":"00524000001e3UjAAI"}]|0x6d238190
13:51:44.0 (104346581)|VARIABLE_SCOPE_BEGIN|[127]|oldMap|Map<Id,Location__c>|true|false
13:51:44.0 (104450609)|VARIABLE_ASSIGNMENT|[127]|oldMap|{"a0B0E0000009YBFUA2":{"LastModifiedDate":"2017-02-16T12:51:05.000Z","IsDeleted":false,"difference__c":0,"Grond__c":false,"Name":"1Q2W","SystemModstamp":"2017-02-16T12:51:05.000Z","OwnerId":"00524000001e3UjAAI","CreatedById":"00524000001e3UjAAI","RecordTypeId":"01224000000B1zdAAC","Hub_Building_Site__c":"a020E000000zEM2QAM","CreatedDate":"2017-02-16T12:51:05.000Z","Occupied__c":false,"Id":"a0B0E0000009YBFUA2","LastModifiedById":"00524000001e3UjAAI"}}|0x666f1b49
13:51:44.0 (104462082)|HEAP_ALLOCATE|[129]|Bytes:5
13:51:44.0 (104465078)|STATEMENT_EXECUTE|[128]
13:51:44.0 (104466488)|STATEMENT_EXECUTE|[129]
13:51:44.0 (104470818)|HEAP_ALLOCATE|[129]|Bytes:4
13:51:44.0 (104490915)|VARIABLE_SCOPE_BEGIN|[129]|locationIdsTorecalculate|Set<Id>|true|false
13:51:44.0 (104501554)|VARIABLE_ASSIGNMENT|[129]|locationIdsTorecalculate|[]|0x7e7afde8
13:51:44.0 (104503771)|STATEMENT_EXECUTE|[130]
13:51:44.0 (104507219)|HEAP_ALLOCATE|[130]|Bytes:4
13:51:44.0 (104519443)|VARIABLE_SCOPE_BEGIN|[130]|locationsToRecalculate|List<Location__c>|true|false
13:51:44.0 (104523873)|HEAP_ALLOCATE|[EXTERNAL]|Bytes:4
13:51:44.0 (104528041)|VARIABLE_ASSIGNMENT|[130]|locationsToRecalculate|[]|0x499226a
13:51:44.0 (104551530)|HEAP_ALLOCATE|[132]|Bytes:5
13:51:44.0 (104569633)|VARIABLE_SCOPE_BEGIN|[132]|loc|Location__c|true|false
13:51:44.0 (104685917)|VARIABLE_ASSIGNMENT|[132]|loc|{"LastModifiedDate":"2017-02-16T12:51:44.000Z","IsDeleted":false,"difference__c":0,"Grond__c":false,"Current_amount__c":0,"Name":"1Q2W","SystemModstamp":"2017-02-16T12:51:44.000Z","OwnerId":"00524000001e3UjAAI","CreatedById":"00524000001e3UjAAI","RecordTypeId":"01224000000B1zdAAC","Hub_Building_Site__c":"a020E000000zEM2QAM","CreatedDate":"2017-02-16T12:51:05.000Z","Occupied__c":false,"Id":"a0B0E0000009YBFUA2","LastModifiedById":"00524000001e3UjAAI"}|0x21c455b3
13:51:44.0 (104691615)|STATEMENT_EXECUTE|[133]
13:51:44.0 (104692857)|STATEMENT_EXECUTE|[134]
13:51:44.0 (104727154)|VARIABLE_SCOPE_BEGIN|[134]|oldLoc|Location__c|true|false
13:51:44.0 (104834487)|VARIABLE_ASSIGNMENT|[134]|oldLoc|{"LastModifiedDate":"2017-02-16T12:51:05.000Z","IsDeleted":false,"difference__c":0,"Grond__c":false,"Name":"1Q2W","SystemModstamp":"2017-02-16T12:51:05.000Z","OwnerId":"00524000001e3UjAAI","CreatedById":"00524000001e3UjAAI","RecordTypeId":"01224000000B1zdAAC","Hub_Building_Site__c":"a020E000000zEM2QAM","CreatedDate":"2017-02-16T12:51:05.000Z","Occupied__c":false,"Id":"a0B0E0000009YBFUA2","LastModifiedById":"00524000001e3UjAAI"}|0x44755985
13:51:44.0 (104840401)|STATEMENT_EXECUTE|[136]
13:51:44.0 (104860397)|STATEMENT_EXECUTE|[137]
13:51:44.0 (104870060)|HEAP_ALLOCATE|[132]|Bytes:5
13:51:44.0 (104879692)|VARIABLE_ASSIGNMENT|[132]|loc|null|
13:51:44.0 (104882131)|STATEMENT_EXECUTE|[145]
13:51:44.0 (104885148)|HEAP_ALLOCATE|[145]|Bytes:155
13:51:44.0 (104890004)|HEAP_ALLOCATE|[145]|Bytes:4
13:51:44.0 (104913131)|HEAP_ALLOCATE|[145]|Bytes:4
13:51:44.0 (104917192)|HEAP_ALLOCATE|[145]|Bytes:4
13:51:44.0 (105293056)|SOQL_EXECUTE_BEGIN|[145]|Aggregations:0|SELECT Id, Name, Location__c, Location__r.Occupied__c, Location__r.Parent_Location__c, WWW_Detail__c FROM SublocationDetail__c WHERE Location__c = :tmpVar1
13:51:44.0 (105957273)|SOQL_EXECUTE_END|[145]|Rows:0
13:51:44.0 (105972580)|HEAP_ALLOCATE|[145]|Bytes:4
13:51:44.0 (105981959)|HEAP_ALLOCATE|[145]|Bytes:0
13:51:44.0 (106029157)|HEAP_ALLOCATE|[145]|Bytes:4
13:51:44.0 (106039604)|VARIABLE_SCOPE_BEGIN|[145]|subLocDetails|List<SublocationDetail__c>|true|false
13:51:44.0 (106049873)|VARIABLE_ASSIGNMENT|[145]|subLocDetails|[]|0x5094900f
13:51:44.0 (106052460)|STATEMENT_EXECUTE|[148]
13:51:44.0 (110146186)|HEAP_ALLOCATE|[148]|Bytes:28
13:51:44.0 (110154638)|HEAP_ALLOCATE|[148]|Bytes:34
13:51:44.0 (110163738)|METHOD_ENTRY|[1]|01p2400000DUoK9|SubLocationDetailUtil.SubLocationDetailUtil()
13:51:44.0 (110166058)|STATEMENT_EXECUTE|[1]
13:51:44.0 (110169150)|STATEMENT_EXECUTE|[1]
13:51:44.0 (110176273)|HEAP_ALLOCATE|[148]|Bytes:5
13:51:44.0 (110184611)|METHOD_EXIT|[1]|SubLocationDetailUtil
13:51:44.0 (110198166)|METHOD_ENTRY|[148]|01p2400000DUoK9|SubLocationDetailUtil.calculateSublocationsForProject(List<SublocationDetail__c>)
13:51:44.0 (110212155)|VARIABLE_SCOPE_BEGIN|[126]|triggerNew|List<SublocationDetail__c>|true|false
13:51:44.0 (110220852)|VARIABLE_ASSIGNMENT|[126]|triggerNew|[]|0x5094900f
13:51:44.0 (110227224)|HEAP_ALLOCATE|[127]|Bytes:5
13:51:44.0 (110230917)|STATEMENT_EXECUTE|[126]
13:51:44.0 (110232220)|STATEMENT_EXECUTE|[127]
13:51:44.0 (110236415)|HEAP_ALLOCATE|[127]|Bytes:4
13:51:44.0 (110256490)|VARIABLE_SCOPE_BEGIN|[127]|wwwDetailIds|Set<Id>|true|false
13:51:44.0 (110267579)|VARIABLE_ASSIGNMENT|[127]|wwwDetailIds|[]|0x6d0b5b48
13:51:44.0 (110269593)|STATEMENT_EXECUTE|[128]
13:51:44.0 (110271968)|HEAP_ALLOCATE|[128]|Bytes:4
13:51:44.0 (110282533)|VARIABLE_SCOPE_BEGIN|[128]|projectIds|Set<Id>|true|false
13:51:44.0 (110289056)|VARIABLE_ASSIGNMENT|[128]|projectIds|[]|0x3b510dba
13:51:44.0 (110290606)|STATEMENT_EXECUTE|[130]
13:51:44.0 (110326318)|HEAP_ALLOCATE|[130]|Bytes:4
13:51:44.0 (110361688)|VARIABLE_SCOPE_BEGIN|[130]|projects|List<Projecten__c>|true|false
13:51:44.0 (110367079)|HEAP_ALLOCATE|[EXTERNAL]|Bytes:4
13:51:44.0 (110372462)|VARIABLE_ASSIGNMENT|[130]|projects|[]|0x330c86a1
13:51:44.0 (110374479)|STATEMENT_EXECUTE|[131]
13:51:44.0 (110377115)|HEAP_ALLOCATE|[131]|Bytes:4
13:51:44.0 (110385753)|VARIABLE_SCOPE_BEGIN|[131]|projToUpdate|List<Projecten__c>|true|false
13:51:44.0 (110388810)|HEAP_ALLOCATE|[EXTERNAL]|Bytes:4
13:51:44.0 (110391705)|VARIABLE_ASSIGNMENT|[131]|projToUpdate|[]|0x7ac953b8
13:51:44.0 (110393175)|STATEMENT_EXECUTE|[133]
13:51:44.0 (110439177)|HEAP_ALLOCATE|[133]|Bytes:4
13:51:44.0 (110459199)|VARIABLE_SCOPE_BEGIN|[133]|wwwDetailsByProjectId|Map<Id,List<WWW_Detail__c>>|true|false
13:51:44.0 (110468549)|VARIABLE_ASSIGNMENT|[133]|wwwDetailsByProjectId|{}|0x7e207e70
13:51:44.0 (110470534)|STATEMENT_EXECUTE|[134]
13:51:44.0 (110490841)|HEAP_ALLOCATE|[134]|Bytes:4
13:51:44.0 (110504537)|VARIABLE_SCOPE_BEGIN|[134]|sublocDetailByWwwDetailId|Map<Id,List<SublocationDetail__c>>|true|false
13:51:44.0 (110511426)|VARIABLE_ASSIGNMENT|[134]|sublocDetailByWwwDetailId|{}|0x192a0499
13:51:44.0 (110606681)|HEAP_ALLOCATE|[136]|Bytes:5
13:51:44.0 (110621090)|VARIABLE_ASSIGNMENT|[136]|sd|null|
13:51:44.0 (110623981)|STATEMENT_EXECUTE|[136]
13:51:44.0 (110625197)|STATEMENT_EXECUTE|[141]
13:51:44.0 (110627947)|HEAP_ALLOCATE|[141]|Bytes:66
13:51:44.0 (110632420)|HEAP_ALLOCATE|[141]|Bytes:4
13:51:44.0 (110654664)|HEAP_ALLOCATE|[141]|Bytes:4
13:51:44.0 (110658610)|HEAP_ALLOCATE|[141]|Bytes:4
13:51:44.0 (111020013)|SOQL_EXECUTE_BEGIN|[141]|Aggregations:0|SELECT Id, Name, Project__c FROM WWW_Detail__c WHERE Id = :tmpVar1
13:51:44.0 (111659197)|SOQL_EXECUTE_END|[141]|Rows:0
13:51:44.0 (111675087)|HEAP_ALLOCATE|[141]|Bytes:4
13:51:44.0 (111682922)|HEAP_ALLOCATE|[141]|Bytes:0
13:51:44.0 (111705112)|HEAP_ALLOCATE|[141]|Bytes:4
13:51:44.0 (111713090)|VARIABLE_SCOPE_BEGIN|[141]|wwwDetails|List<WWW_Detail__c>|true|false
13:51:44.0 (111723028)|VARIABLE_ASSIGNMENT|[141]|wwwDetails|[]|0x3677df57
13:51:44.0 (111767114)|STATEMENT_EXECUTE|[142]
13:51:44.0 (111836603)|HEAP_ALLOCATE|[181]|Bytes:5
13:51:44.0 (111854384)|VARIABLE_ASSIGNMENT|[181]|pr|null|
13:51:44.0 (111857513)|STATEMENT_EXECUTE|[181]
13:51:44.0 (111858888)|STATEMENT_EXECUTE|[194]
13:51:44.0 (111896224)|HEAP_ALLOCATE|[EXTERNAL]|Bytes:4
13:51:44.0 (111908050)|METHOD_EXIT|[148]|01p2400000DUoK9|SubLocationDetailUtil.calculateSublocationsForProject(List<SublocationDetail__c>)
13:51:44.0 (111915103)|METHOD_EXIT|[17]|01p2400000DMxSi|LocationUtil.recalculateLocationsCount(List<Location__c>, Map<Id,Location__c>)
13:51:44.0 (111919938)|STATEMENT_EXECUTE|[19]
13:51:44.0 (111924631)|METHOD_EXIT|[3]|01p2400000DMxSi|LocationUtil.entry(TriggerParams)
13:51:44.111 (111930719)|CUMULATIVE_LIMIT_USAGE
13:51:44.111 (111930719)|LIMIT_USAGE_FOR_NS|(default)|
  Number of SOQL queries: 10 out of 100
  Number of query rows: 4 out of 50000
  Number of SOSL queries: 0 out of 20
  Number of DML statements: 1 out of 150
  Number of DML rows: 1 out of 10000
  Maximum CPU time: 0 out of 10000
  Maximum heap size: 0 out of 6000000
  Number of callouts: 0 out of 100
  Number of Email Invocations: 0 out of 10
  Number of future calls: 0 out of 50
  Number of queueable jobs added to the queue: 0 out of 50
  Number of Mobile Apex push calls: 0 out of 10

13:51:44.111 (111930719)|CUMULATIVE_LIMIT_USAGE_END

13:51:44.0 (112773000)|CODE_UNIT_FINISHED|LocationTrigger on Location trigger event AfterUpdate for [a0B0E0000009YBF]
13:51:44.0 (117214703)|DML_END|[123]
13:51:44.0 (117232711)|HEAP_ALLOCATE|[EXTERNAL]|Bytes:8
13:51:44.0 (117247178)|METHOD_EXIT|[12]|01p2400000DMxSi|LocationUtil.updateParentLocations(List<Location__c>)
13:51:44.0 (117251278)|STATEMENT_EXECUTE|[13]
13:51:44.0 (117257144)|METHOD_ENTRY|[13]|01p2400000DMxSi|LocationUtil.shareToForceUsers(Map<Id,Location__c>)
13:51:44.0 (117261745)|VARIABLE_SCOPE_BEGIN|[32]|locById|Map<Id,Location__c>|true|false
13:51:44.0 (117437499)|VARIABLE_ASSIGNMENT|[32]|locById|{"a0B0E0000009YBKUA2":{"LastModifiedDate":"2017-02-16T12:51:44.000Z","IsDeleted":false,"difference__c":0,"Grond__c":false,"Name":"1Q2WA","SystemModstamp":"2017-02-16T12:51:44.000Z","OwnerId":"00524000001e3UjAAI","CreatedById":"00524000001e3UjAAI","RecordTypeId":"01224000000B1zdAAC","CreatedDate":"2017-02-16T12:51:44.000Z","Occupied__c":false,"Id":"a0B0E0000009YBKUA2","LastModifiedById":"00524000001e3UjAAI","Parent_Location__c":"a0B0E0000009YBFUA2"}}|0x70b9ff71
13:51:44.0 (117449526)|HEAP_ALLOCATE|[33]|Bytes:5
13:51:44.0 (117453586)|STATEMENT_EXECUTE|[32]
13:51:44.0 (117454824)|STATEMENT_EXECUTE|[33]
13:51:44.0 (117458672)|HEAP_ALLOCATE|[33]|Bytes:4
13:51:44.0 (117483821)|HEAP_ALLOCATE|[34]|Bytes:26
13:51:44.0 (117501241)|HEAP_ALLOCATE|[33]|Bytes:8
13:51:44.0 (117505606)|HEAP_ALLOCATE|[33]|Bytes:8
13:51:44.0 (117741791)|SOQL_EXECUTE_BEGIN|[33]|Aggregations:0|SELECT Id, Hub_Building_Site__r.Project__r.Account__c, OwnerId, Hub_Building_Site__c FROM Location__c WHERE id = :tmpVar1
13:51:44.0 (118984554)|SOQL_EXECUTE_END|[33]|Rows:1
13:51:44.0 (118997378)|HEAP_ALLOCATE|[33]|Bytes:8
13:51:44.0 (119009643)|HEAP_ALLOCATE|[33]|Bytes:58
13:51:44.0 (119021127)|HEAP_ALLOCATE|[33]|Bytes:8
13:51:44.0 (119029279)|VARIABLE_SCOPE_BEGIN|[33]|tickets|List<Location__c>|true|false
13:51:44.0 (119045028)|VARIABLE_ASSIGNMENT|[33]|tickets|[{"Id":"a0B0E0000009YBKUA2","OwnerId":"00524000001e3UjAAI"}]|0x2fb97d9a
13:51:44.0 (119048688)|STATEMENT_EXECUTE|[35]
13:51:44.0 (119052809)|HEAP_ALLOCATE|[35]|Bytes:4
13:51:44.0 (119063678)|VARIABLE_SCOPE_BEGIN|[35]|hubIds|Set<Id>|true|false
13:51:44.0 (119072514)|VARIABLE_ASSIGNMENT|[35]|hubIds|[]|0x6ceb7298
13:51:44.0 (119091332)|HEAP_ALLOCATE|[36]|Bytes:5
13:51:44.0 (119114758)|HEAP_ALLOCATE|[36]|Bytes:12
13:51:44.0 (119121562)|VARIABLE_SCOPE_BEGIN|[36]|loc|Location__c|true|false
13:51:44.0 (119130856)|VARIABLE_ASSIGNMENT|[36]|loc|{"Id":"a0B0E0000009YBKUA2","OwnerId":"00524000001e3UjAAI"}|0x65be9527
13:51:44.0 (119133450)|STATEMENT_EXECUTE|[36]
13:51:44.0 (119134636)|STATEMENT_EXECUTE|[37]
13:51:44.0 (119145104)|HEAP_ALLOCATE|[EXTERNAL]|Bytes:4
13:51:44.0 (119154470)|HEAP_ALLOCATE|[36]|Bytes:5
13:51:44.0 (119161739)|VARIABLE_ASSIGNMENT|[36]|loc|null|
13:51:44.0 (119164088)|STATEMENT_EXECUTE|[39]
13:51:44.0 (119167880)|HEAP_ALLOCATE|[39]|Bytes:4
13:51:44.0 (119183771)|HEAP_ALLOCATE|[39]|Bytes:8
13:51:44.0 (119187957)|HEAP_ALLOCATE|[39]|Bytes:8
13:51:44.0 (119329176)|SOQL_EXECUTE_BEGIN|[39]|Aggregations:0|SELECT Id, Account__c FROM AccountHub__c WHERE Hub_Building_Site__c = :tmpVar1
13:51:44.0 (119986677)|SOQL_EXECUTE_END|[39]|Rows:0
13:51:44.0 (120002018)|HEAP_ALLOCATE|[39]|Bytes:4
13:51:44.0 (120010313)|HEAP_ALLOCATE|[39]|Bytes:0
13:51:44.0 (120020967)|HEAP_ALLOCATE|[39]|Bytes:4
13:51:44.0 (120028775)|VARIABLE_SCOPE_BEGIN|[39]|accHubs|List<AccountHub__c>|true|false
13:51:44.0 (120038766)|VARIABLE_ASSIGNMENT|[39]|accHubs|[]|0x13e30711
13:51:44.0 (120041151)|STATEMENT_EXECUTE|[40]
13:51:44.0 (120045352)|HEAP_ALLOCATE|[40]|Bytes:4
13:51:44.0 (120055221)|VARIABLE_SCOPE_BEGIN|[40]|accIds1|Set<Id>|true|false
13:51:44.0 (120063093)|VARIABLE_ASSIGNMENT|[40]|accIds1|[]|0x37a24321
13:51:44.0 (120080712)|HEAP_ALLOCATE|[41]|Bytes:5
13:51:44.0 (120090666)|VARIABLE_ASSIGNMENT|[41]|acH|null|
13:51:44.0 (120093169)|STATEMENT_EXECUTE|[41]
13:51:44.0 (120094409)|STATEMENT_EXECUTE|[44]
13:51:44.0 (120096749)|HEAP_ALLOCATE|[44]|Bytes:4
13:51:44.0 (120102835)|VARIABLE_SCOPE_BEGIN|[44]|accIds|Set<Id>|true|false
13:51:44.0 (120108742)|VARIABLE_ASSIGNMENT|[44]|accIds|[]|0x117fd99d
13:51:44.0 (120119034)|HEAP_ALLOCATE|[45]|Bytes:5
13:51:44.0 (120126841)|HEAP_ALLOCATE|[45]|Bytes:12
13:51:44.0 (120131653)|VARIABLE_SCOPE_BEGIN|[45]|t|Location__c|true|false
13:51:44.0 (120141025)|VARIABLE_ASSIGNMENT|[45]|t|{"Id":"a0B0E0000009YBKUA2","OwnerId":"00524000001e3UjAAI"}|0x65be9527
13:51:44.0 (120143490)|STATEMENT_EXECUTE|[45]
13:51:44.0 (120147911)|STATEMENT_EXECUTE|[46]
13:51:44.0 (120153516)|HEAP_ALLOCATE|[45]|Bytes:5
13:51:44.0 (120159539)|VARIABLE_ASSIGNMENT|[45]|t|null|
13:51:44.0 (120161398)|STATEMENT_EXECUTE|[50]
13:51:44.0 (120165865)|HEAP_ALLOCATE|[50]|Bytes:0
13:51:44.0 (120169033)|STATEMENT_EXECUTE|[51]
13:51:44.0 (120182802)|HEAP_ALLOCATE|[51]|Bytes:2
13:51:44.0 (120189978)|HEAP_ALLOCATE|[51]|Bytes:7
13:51:44.0 (120197992)|USER_DEBUG|[51]|DEBUG|accs {}
13:51:44.0 (120201853)|STATEMENT_EXECUTE|[52]
13:51:44.0 (120205262)|HEAP_ALLOCATE|[52]|Bytes:4
13:51:44.0 (120220412)|HEAP_ALLOCATE|[52]|Bytes:4
13:51:44.0 (120223703)|HEAP_ALLOCATE|[52]|Bytes:4
13:51:44.0 (120367305)|SOQL_EXECUTE_BEGIN|[52]|Aggregations:0|SELECT isActive, Id FROM User WHERE (AccountId__c = :tmpVar1 AND isActive = TRUE)
13:51:44.0 (122262953)|SOQL_EXECUTE_END|[52]|Rows:0
13:51:44.0 (122276922)|HEAP_ALLOCATE|[52]|Bytes:4
13:51:44.0 (122283982)|HEAP_ALLOCATE|[52]|Bytes:0
13:51:44.0 (122295056)|HEAP_ALLOCATE|[52]|Bytes:4
13:51:44.0 (122302885)|VARIABLE_SCOPE_BEGIN|[52]|users|List<User>|true|false
13:51:44.0 (122312362)|VARIABLE_ASSIGNMENT|[52]|users|[]|0x5854c09b
13:51:44.0 (122314766)|STATEMENT_EXECUTE|[53]
13:51:44.0 (122318370)|HEAP_ALLOCATE|[53]|Bytes:4
13:51:44.0 (122324335)|VARIABLE_SCOPE_BEGIN|[53]|userById|Map<Id,User>|true|false
13:51:44.0 (122331910)|VARIABLE_ASSIGNMENT|[53]|userById|{}|0x6d344eb
13:51:44.0 (122333836)|STATEMENT_EXECUTE|[54]
13:51:44.0 (122353788)|HEAP_ALLOCATE|[54]|Bytes:1
13:51:44.0 (122364637)|HEAP_ALLOCATE|[54]|Bytes:2
13:51:44.0 (122370829)|HEAP_ALLOCATE|[54]|Bytes:9
13:51:44.0 (122378566)|USER_DEBUG|[54]|DEBUG|users0 ()
13:51:44.0 (122382487)|STATEMENT_EXECUTE|[55]
13:51:44.0 (122385205)|HEAP_ALLOCATE|[55]|Bytes:4
13:51:44.0 (122404468)|HEAP_ALLOCATE|[56]|Bytes:26
13:51:44.0 (122419860)|HEAP_ALLOCATE|[55]|Bytes:8
13:51:44.0 (122423924)|HEAP_ALLOCATE|[55]|Bytes:8
13:51:44.0 (122594657)|SOQL_EXECUTE_BEGIN|[55]|Aggregations:0|SELECT ParentId, Id, UserOrGroupId FROM Location__Share WHERE ParentId = :tmpVar1
13:51:44.0 (124689450)|SOQL_EXECUTE_END|[55]|Rows:1
13:51:44.0 (124707730)|HEAP_ALLOCATE|[55]|Bytes:8
13:51:44.0 (124717918)|HEAP_ALLOCATE|[55]|Bytes:94
13:51:44.0 (124729035)|HEAP_ALLOCATE|[55]|Bytes:8
13:51:44.0 (124737779)|VARIABLE_SCOPE_BEGIN|[55]|sharingTicket|List<Location__Share>|true|false
13:51:44.0 (124754021)|VARIABLE_ASSIGNMENT|[55]|sharingTicket|[{"ParentId":"a0B0E0000009YBKUA2","Id":"02c0E000002ve55QAA","UserOrGroupId":"00524000001e3UjAAI"}]|0x13a2766
13:51:44.0 (124757157)|STATEMENT_EXECUTE|[57]
13:51:44.0 (124778146)|HEAP_ALLOCATE|[57]|Bytes:1
13:51:44.0 (124818598)|HEAP_ALLOCATE|[57]|Bytes:104
13:51:44.0 (124828218)|HEAP_ALLOCATE|[57]|Bytes:106
13:51:44.0 (124836037)|USER_DEBUG|[57]|DEBUG|1 (Location__Share:{ParentId=a0B0E0000009YBKUA2, Id=02c0E000002ve55QAA, UserOrGroupId=00524000001e3UjAAI})
13:51:44.0 (124840651)|STATEMENT_EXECUTE|[58]
13:51:44.0 (124843830)|HEAP_ALLOCATE|[58]|Bytes:4
13:51:44.0 (124848616)|VARIABLE_SCOPE_BEGIN|[58]|shareByUserByTicket|Map<Id,Map<Id,Location__Share>>|true|false
13:51:44.0 (124857851)|VARIABLE_ASSIGNMENT|[58]|shareByUserByTicket|{}|0x2db60281
13:51:44.0 (124874364)|HEAP_ALLOCATE|[59]|Bytes:5
13:51:44.0 (124907309)|HEAP_ALLOCATE|[59]|Bytes:16
13:51:44.0 (124914746)|VARIABLE_SCOPE_BEGIN|[59]|sh|Location__Share|true|false
13:51:44.0 (124925620)|VARIABLE_ASSIGNMENT|[59]|sh|{"ParentId":"a0B0E0000009YBKUA2","Id":"02c0E000002ve55QAA","UserOrGroupId":"00524000001e3UjAAI"}|0x77326ad
13:51:44.0 (124928607)|STATEMENT_EXECUTE|[59]
13:51:44.0 (124944243)|STATEMENT_EXECUTE|[62]
13:51:44.0 (124945431)|STATEMENT_EXECUTE|[63]
13:51:44.0 (124948230)|HEAP_ALLOCATE|[63]|Bytes:4
13:51:44.0 (124951969)|VARIABLE_SCOPE_BEGIN|[63]|shByUser|Map<Id,Location__Share>|true|false
13:51:44.0 (124958459)|VARIABLE_ASSIGNMENT|[63]|shByUser|{}|0x5d51474
13:51:44.0 (124960188)|STATEMENT_EXECUTE|[64]
13:51:44.0 (124967778)|HEAP_ALLOCATE|[EXTERNAL]|Bytes:-4
13:51:44.0 (124976828)|HEAP_ALLOCATE|[59]|Bytes:5
13:51:44.0 (124984320)|VARIABLE_ASSIGNMENT|[59]|sh|null|
13:51:44.0 (124986475)|STATEMENT_EXECUTE|[67]
13:51:44.0 (124999886)|HEAP_ALLOCATE|[67]|Bytes:1
13:51:44.0 (125011799)|HEAP_ALLOCATE|[67]|Bytes:23
13:51:44.0 (125019412)|HEAP_ALLOCATE|[67]|Bytes:44
13:51:44.0 (125025677)|USER_DEBUG|[67]|DEBUG|shareByUserByTicket1 {a0B0E0000009YBKUA2={}}
13:51:44.0 (125029388)|STATEMENT_EXECUTE|[68]
13:51:44.0 (125032443)|HEAP_ALLOCATE|[68]|Bytes:4
13:51:44.0 (125039276)|VARIABLE_SCOPE_BEGIN|[68]|newSharings|List<Location__Share>|true|false
13:51:44.0 (125043353)|HEAP_ALLOCATE|[EXTERNAL]|Bytes:4
13:51:44.0 (125048934)|VARIABLE_ASSIGNMENT|[68]|newSharings|[]|0x550412bf
13:51:44.0 (125061162)|HEAP_ALLOCATE|[69]|Bytes:5
13:51:44.0 (125068295)|HEAP_ALLOCATE|[69]|Bytes:12
13:51:44.0 (125072550)|VARIABLE_SCOPE_BEGIN|[69]|t|Location__c|true|false
13:51:44.0 (125080266)|VARIABLE_ASSIGNMENT|[69]|t|{"Id":"a0B0E0000009YBKUA2","OwnerId":"00524000001e3UjAAI"}|0x65be9527
13:51:44.0 (125082529)|STATEMENT_EXECUTE|[69]
13:51:44.0 (125092514)|HEAP_ALLOCATE|[70]|Bytes:5
13:51:44.0 (125098897)|VARIABLE_ASSIGNMENT|[70]|u|null|
13:51:44.0 (125100990)|STATEMENT_EXECUTE|[70]
13:51:44.0 (125105012)|HEAP_ALLOCATE|[69]|Bytes:5
13:51:44.0 (125110560)|VARIABLE_ASSIGNMENT|[69]|t|null|
13:51:44.0 (125112087)|STATEMENT_EXECUTE|[77]
13:51:44.0 (125123372)|HEAP_ALLOCATE|[77]|Bytes:1
13:51:44.0 (125132210)|HEAP_ALLOCATE|[77]|Bytes:2
13:51:44.0 (125137701)|HEAP_ALLOCATE|[77]|Bytes:17
13:51:44.0 (125143363)|USER_DEBUG|[77]|DEBUG|add sharings 0 ()
13:51:44.0 (125146945)|STATEMENT_EXECUTE|[78]
13:51:44.0 (125176291)|HEAP_ALLOCATE|[EXTERNAL]|Bytes:4
13:51:44.0 (125187179)|METHOD_EXIT|[13]|01p2400000DMxSi|LocationUtil.shareToForceUsers(Map<Id,Location__c>)
13:51:44.0 (125192456)|STATEMENT_EXECUTE|[16]
13:51:44.0 (125194255)|STATEMENT_EXECUTE|[19]
13:51:44.0 (125196840)|SYSTEM_MODE_EXIT|false
13:51:44.0 (125201871)|METHOD_EXIT|[3]|01p2400000DMxSi|LocationUtil.entry(TriggerParams)
13:51:44.125 (125208025)|CUMULATIVE_LIMIT_USAGE
13:51:44.125 (125208025)|LIMIT_USAGE_FOR_NS|(default)|
  Number of SOQL queries: 14 out of 100
  Number of query rows: 6 out of 50000
  Number of SOSL queries: 0 out of 20
  Number of DML statements: 1 out of 150
  Number of DML rows: 1 out of 10000
  Maximum CPU time: 0 out of 10000
  Maximum heap size: 0 out of 6000000
  Number of callouts: 0 out of 100
  Number of Email Invocations: 0 out of 10
  Number of future calls: 0 out of 50
  Number of queueable jobs added to the queue: 0 out of 50
  Number of Mobile Apex push calls: 0 out of 10

13:51:44.125 (125208025)|CUMULATIVE_LIMIT_USAGE_END

13:51:44.0 (126488670)|CODE_UNIT_FINISHED|LocationTrigger on Location trigger event AfterInsert for [a0B0E0000009YBK]
13:51:44.0 (137903948)|CODE_UNIT_FINISHED|TRIGGERS
13:51:44.0 (137909820)|EXECUTION_FINISHED
