39.0 APEX_CODE,DEBUG;APEX_PROFILING,INFO;CALLOUT,INFO;DB,INFO;SYSTEM,DEBUG;VALIDATION,INFO;VISUALFORCE,INFO;WAVE,INFO;WORKFLOW,INFO
13:48:16.0 (70486)|USER_INFO|[EXTERNAL]|00524000001e3Uj|bedrijfsbureau@gsa.nl.sandbox|Midden-Europese standaardtijd|GMT+02:00
13:48:16.0 (94885)|EXECUTION_STARTED
13:48:16.0 (99205)|CODE_UNIT_STARTED|[EXTERNAL]|0669E0000000KhW|VF: /apex/ProjectItemsAfroepen
13:48:16.0 (224402)|VF_DESERIALIZE_VIEWSTATE_BEGIN|0669E0000000KhW
13:48:16.0 (5735481)|VF_DESERIALIZE_VIEWSTATE_END
13:48:16.0 (6170911)|SYSTEM_MODE_ENTER|true
13:48:16.0 (6406806)|SYSTEM_MODE_ENTER|false
13:48:16.0 (6414012)|SYSTEM_MODE_EXIT|false
13:48:16.0 (6427107)|SYSTEM_MODE_ENTER|false
13:48:16.0 (6433257)|SYSTEM_MODE_EXIT|false
13:48:16.0 (6554961)|SYSTEM_MODE_ENTER|true
13:48:16.0 (6581003)|SYSTEM_MODE_ENTER|false
13:48:16.0 (6586153)|SYSTEM_MODE_EXIT|false
13:48:16.0 (6702810)|SYSTEM_MODE_ENTER|true
13:48:16.0 (6845932)|SYSTEM_MODE_ENTER|false
13:48:16.0 (7381494)|SOQL_EXECUTE_BEGIN|[32]|Aggregations:0|SELECT Id, Name FROM Projecten__c WHERE Name LIKE :tmpVar1 LIMIT 5
13:48:16.0 (11718583)|SOQL_EXECUTE_END|[32]|Rows:1
13:48:16.0 (11900500)|SYSTEM_MODE_EXIT|false
13:48:16.0 (15445431)|SYSTEM_MODE_ENTER|true
13:48:16.0 (15485450)|SYSTEM_MODE_ENTER|false
13:48:16.0 (15491601)|SYSTEM_MODE_EXIT|false
13:48:16.0 (15613765)|SYSTEM_MODE_ENTER|true
13:48:16.0 (15637557)|SYSTEM_MODE_ENTER|false
13:48:16.0 (15642637)|SYSTEM_MODE_EXIT|false
13:48:16.0 (16719318)|VF_SERIALIZE_VIEWSTATE_BEGIN|0669E0000000KhW
13:48:16.0 (18495960)|VF_SERIALIZE_VIEWSTATE_END
13:48:16.20 (20397917)|CUMULATIVE_LIMIT_USAGE
13:48:16.20 (20397917)|LIMIT_USAGE_FOR_NS|(default)|
  Number of SOQL queries: 1 out of 100
  Number of query rows: 1 out of 50000
  Number of SOSL queries: 0 out of 20
  Number of DML statements: 0 out of 150
  Number of DML rows: 0 out of 10000
  Maximum CPU time: 0 out of 10000
  Maximum heap size: 0 out of 6000000
  Number of callouts: 0 out of 100
  Number of Email Invocations: 0 out of 10
  Number of future calls: 0 out of 50
  Number of queueable jobs added to the queue: 0 out of 50
  Number of Mobile Apex push calls: 0 out of 10

13:48:16.20 (20397917)|CUMULATIVE_LIMIT_USAGE_END

13:48:16.0 (20454040)|CODE_UNIT_FINISHED|VF: /apex/ProjectItemsAfroepen
13:48:16.0 (21414288)|EXECUTION_FINISHED
