38.0 APEX_CODE,FINEST;APEX_PROFILING,INFO;CALLOUT,INFO;DB,INFO;SYSTEM,DEBUG;VALIDATION,INFO;VISUALFORCE,INFO;WAVE,INFO;WORKFLOW,INFO
13:44:44.0 (58116)|USER_INFO|[EXTERNAL]|00524000001e3Uj|bedrijfsbureau@gsa.nl.sandbox|Midden-Europese standaardtijd|GMT+01:00
13:44:44.0 (88787)|EXECUTION_STARTED
13:44:44.0 (93395)|CODE_UNIT_STARTED|[EXTERNAL]|06624000003h0Dg|VF: /apex/New_delivered_detail
13:44:44.0 (229001)|VF_DESERIALIZE_VIEWSTATE_BEGIN|06624000003h0Dg
13:44:44.0 (3969504)|HEAP_ALLOCATE|[72]|Bytes:3
13:44:44.0 (4010669)|HEAP_ALLOCATE|[77]|Bytes:152
13:44:44.0 (4025085)|HEAP_ALLOCATE|[342]|Bytes:408
13:44:44.0 (4039371)|HEAP_ALLOCATE|[355]|Bytes:408
13:44:44.0 (4051918)|HEAP_ALLOCATE|[467]|Bytes:48
13:44:44.0 (4080578)|HEAP_ALLOCATE|[139]|Bytes:6
13:44:44.0 (4115687)|HEAP_ALLOCATE|[50]|Bytes:5
13:44:44.0 (4136332)|HEAP_ALLOCATE|[56]|Bytes:5
13:44:44.0 (4142279)|HEAP_ALLOCATE|[64]|Bytes:7
13:44:44.0 (8229388)|VF_DESERIALIZE_VIEWSTATE_END
13:44:44.8 (8862794)|SYSTEM_MODE_ENTER|true
13:44:44.8 (8923996)|HEAP_ALLOCATE|[EXTERNAL]|Bytes:38
13:44:44.8 (8929897)|HEAP_ALLOCATE|[EXTERNAL]|Bytes:7
13:44:44.8 (8938162)|SYSTEM_METHOD_ENTRY|[1]|PageMessagesComponentController.PageMessagesComponentController()
13:44:44.8 (8941783)|STATEMENT_EXECUTE|[1]
13:44:44.9 (9656065)|SYSTEM_MODE_ENTER|true
13:44:44.9 (9697594)|HEAP_ALLOCATE|[EXTERNAL]|Bytes:8
13:44:44.9 (9702576)|VARIABLE_SCOPE_BEGIN|[88]|this|ApexPage.PageMessagesComponentController|true|false
13:44:44.9 (9731569)|VARIABLE_ASSIGNMENT|[88]|this|{}|0x6dbab566
13:44:44.9 (9734121)|VARIABLE_SCOPE_BEGIN|[88]|escape|Boolean|false|false
13:44:44.9 (9738151)|VARIABLE_ASSIGNMENT|[88]|escape|null
13:44:44.0 (9948165)|SYSTEM_MODE_ENTER|true
13:44:44.0 (10145519)|HEAP_ALLOCATE|[EXTERNAL]|Bytes:11
13:44:44.0 (10154018)|HEAP_ALLOCATE|[EXTERNAL]|Bytes:408
13:44:44.0 (10157138)|HEAP_ALLOCATE|[EXTERNAL]|Bytes:120
13:44:44.0 (10159610)|HEAP_ALLOCATE|[EXTERNAL]|Bytes:108
13:44:44.0 (10166052)|METHOD_ENTRY|[1]|01p2400000DUtXT|NewDeliveredExtension.NewDeliveredExtension()
13:44:44.0 (10168829)|STATEMENT_EXECUTE|[1]
13:44:44.0 (10172060)|STATEMENT_EXECUTE|[1]
13:44:44.0 (10173366)|STATEMENT_EXECUTE|[527]
13:44:44.0 (10176890)|METHOD_EXIT|[1]|NewDeliveredExtension
13:44:44.0 (10180409)|HEAP_ALLOCATE|[EXTERNAL]|Bytes:80
13:44:44.0 (10237771)|VARIABLE_ASSIGNMENT|[EXTERNAL]|this|{"delToHub":true,"delToProj":false,"detail":"0x4c8f11b9","invoked":false,"rejected":false,"reserved":false,"selectedTime3":"8:00","sublocations1":"0x7131a5f","www":"0x19e8d8a3","wwwById":"0x73b4455f"}|0x6531f0f9
13:44:44.0 (10243984)|STATEMENT_EXECUTE|[196]
13:44:44.0 (10246708)|STATEMENT_EXECUTE|[197]
13:44:44.0 (10248403)|STATEMENT_EXECUTE|[200]
13:44:44.0 (10307896)|SYSTEM_MODE_ENTER|true
13:44:44.0 (10326458)|HEAP_ALLOCATE|[EXTERNAL]|Bytes:80
13:44:44.0 (10365364)|VARIABLE_ASSIGNMENT|[EXTERNAL]|this|{"delToHub":true,"delToProj":false,"detail":"0x4c8f11b9","invoked":false,"rejected":false,"reserved":false,"selectedTime3":"8:00","sublocations1":"0x7131a5f","www":"0x19e8d8a3","wwwById":"0x73b4455f"}|0x6531f0f9
13:44:44.0 (10370305)|STATEMENT_EXECUTE|[229]
13:44:44.0 (10372525)|STATEMENT_EXECUTE|[230]
13:44:44.0 (10373774)|STATEMENT_EXECUTE|[233]
13:44:44.0 (10457029)|SYSTEM_MODE_ENTER|true
13:44:44.0 (10474907)|HEAP_ALLOCATE|[EXTERNAL]|Bytes:80
13:44:44.0 (10511596)|VARIABLE_ASSIGNMENT|[EXTERNAL]|this|{"delToHub":true,"delToProj":false,"detail":"0x4c8f11b9","invoked":false,"rejected":false,"reserved":false,"selectedTime3":"8:00","sublocations1":"0x7131a5f","www":"0x19e8d8a3","wwwById":"0x73b4455f"}|0x6531f0f9
13:44:44.0 (10517030)|STATEMENT_EXECUTE|[3]
13:44:44.0 (10519664)|STATEMENT_EXECUTE|[4]
13:44:44.0 (10521077)|STATEMENT_EXECUTE|[9]
13:44:44.0 (14177841)|SYSTEM_MODE_ENTER|true
13:44:44.0 (14202651)|HEAP_ALLOCATE|[EXTERNAL]|Bytes:80
13:44:44.0 (14248906)|VARIABLE_ASSIGNMENT|[EXTERNAL]|this|{"delToHub":true,"delToProj":false,"detail":"0x4c8f11b9","invoked":false,"rejected":false,"reserved":false,"selectedTime3":"8:00","sublocations1":"0x7131a5f","www":"0x19e8d8a3","wwwById":"0x73b4455f"}|0x6531f0f9
13:44:44.0 (14255407)|STATEMENT_EXECUTE|[186]
13:44:44.0 (14258529)|STATEMENT_EXECUTE|[187]
13:44:44.0 (14259735)|STATEMENT_EXECUTE|[190]
13:44:44.0 (14707076)|SYSTEM_MODE_ENTER|true
13:44:44.0 (14728816)|HEAP_ALLOCATE|[EXTERNAL]|Bytes:80
13:44:44.0 (14772366)|VARIABLE_ASSIGNMENT|[EXTERNAL]|this|{"delToHub":true,"delToProj":false,"detail":"0x4c8f11b9","invoked":false,"rejected":false,"reserved":false,"selectedTime3":"8:00","sublocations1":"0x7131a5f","www":"0x19e8d8a3","wwwById":"0x73b4455f"}|0x6531f0f9
13:44:44.0 (14778271)|STATEMENT_EXECUTE|[204]
13:44:44.0 (14781002)|STATEMENT_EXECUTE|[205]
13:44:44.0 (14782586)|STATEMENT_EXECUTE|[208]
13:44:44.0 (14829443)|SYSTEM_MODE_ENTER|true
13:44:44.0 (14846162)|HEAP_ALLOCATE|[EXTERNAL]|Bytes:80
13:44:44.0 (14882415)|VARIABLE_ASSIGNMENT|[EXTERNAL]|this|{"delToHub":true,"delToProj":false,"detail":"0x4c8f11b9","invoked":false,"rejected":false,"reserved":false,"selectedTime3":"8:00","sublocations1":"0x7131a5f","www":"0x19e8d8a3","wwwById":"0x73b4455f"}|0x6531f0f9
13:44:44.0 (14887080)|STATEMENT_EXECUTE|[220]
13:44:44.0 (14889432)|STATEMENT_EXECUTE|[221]
13:44:44.0 (14895060)|STATEMENT_EXECUTE|[224]
13:44:44.0 (14940115)|SYSTEM_MODE_ENTER|true
13:44:44.0 (14955303)|HEAP_ALLOCATE|[EXTERNAL]|Bytes:80
13:44:44.0 (14994985)|VARIABLE_ASSIGNMENT|[EXTERNAL]|this|{"delToHub":true,"delToProj":false,"detail":"0x4c8f11b9","invoked":false,"rejected":false,"reserved":false,"selectedTime3":"8:00","sublocations1":"0x7131a5f","www":"0x19e8d8a3","wwwById":"0x73b4455f"}|0x6531f0f9
13:44:44.0 (15000263)|STATEMENT_EXECUTE|[212]
13:44:44.0 (15002765)|STATEMENT_EXECUTE|[213]
13:44:44.0 (15004383)|STATEMENT_EXECUTE|[216]
13:44:44.0 (15073903)|SYSTEM_MODE_ENTER|true
13:44:44.0 (15092410)|HEAP_ALLOCATE|[EXTERNAL]|Bytes:80
13:44:44.0 (15128619)|VARIABLE_ASSIGNMENT|[EXTERNAL]|this|{"delToHub":true,"delToProj":false,"detail":"0x4c8f11b9","invoked":false,"rejected":false,"reserved":false,"selectedTime3":"8:00","sublocations1":"0x7131a5f","www":"0x19e8d8a3","wwwById":"0x73b4455f"}|0x6531f0f9
13:44:44.0 (15134459)|STATEMENT_EXECUTE|[21]
13:44:44.0 (15137237)|STATEMENT_EXECUTE|[22]
13:44:44.0 (15138458)|STATEMENT_EXECUTE|[26]
13:44:44.0 (20565422)|SYSTEM_MODE_ENTER|true
13:44:44.0 (20590475)|HEAP_ALLOCATE|[EXTERNAL]|Bytes:80
13:44:44.0 (20595859)|VARIABLE_SCOPE_BEGIN|[48]|this|NewDeliveredExtension|true|false
13:44:44.0 (20638636)|VARIABLE_ASSIGNMENT|[48]|this|{"delToHub":true,"delToProj":false,"detail":"0x4c8f11b9","invoked":false,"rejected":false,"reserved":false,"selectedTime3":"8:00","sublocations1":"0x7131a5f","www":"0x19e8d8a3","wwwById":"0x73b4455f"}|0x6531f0f9
13:44:44.0 (20645663)|STATEMENT_EXECUTE|[48]
13:44:44.0 (20647336)|STATEMENT_EXECUTE|[49]
13:44:44.0 (20654305)|HEAP_ALLOCATE|[49]|Bytes:4
13:44:44.0 (20680317)|VARIABLE_SCOPE_BEGIN|[49]|options|List<System.SelectOption>|true|false
13:44:44.0 (20704384)|HEAP_ALLOCATE|[EXTERNAL]|Bytes:4
13:44:44.0 (20711542)|VARIABLE_ASSIGNMENT|[49]|options|[]|0x5cec2bce
13:44:44.0 (20714464)|STATEMENT_EXECUTE|[50]
13:44:44.0 (20719105)|VARIABLE_SCOPE_BEGIN|[50]|i|Integer|false|false
13:44:44.0 (20722289)|HEAP_ALLOCATE|[50]|Bytes:4
13:44:44.0 (20726769)|VARIABLE_ASSIGNMENT|[50]|i|0
13:44:44.0 (20731166)|STATEMENT_EXECUTE|[50]
13:44:44.0 (20732509)|STATEMENT_EXECUTE|[51]
13:44:44.0 (20734203)|VARIABLE_SCOPE_BEGIN|[51]|j|Integer|false|false
13:44:44.0 (20735853)|HEAP_ALLOCATE|[51]|Bytes:4
13:44:44.0 (20738469)|VARIABLE_ASSIGNMENT|[51]|j|0
13:44:44.0 (20740510)|STATEMENT_EXECUTE|[51]
13:44:44.0 (20742351)|STATEMENT_EXECUTE|[52]
13:44:44.0 (20743440)|STATEMENT_EXECUTE|[53]
13:44:44.0 (20786697)|HEAP_ALLOCATE|[53]|Bytes:1
13:44:44.0 (20796000)|HEAP_ALLOCATE|[53]|Bytes:2
13:44:44.0 (20803363)|HEAP_ALLOCATE|[53]|Bytes:1
13:44:44.0 (20814322)|HEAP_ALLOCATE|[53]|Bytes:4
13:44:44.0 (20819862)|HEAP_ALLOCATE|[53]|Bytes:1
13:44:44.0 (20827478)|HEAP_ALLOCATE|[53]|Bytes:1
13:44:44.0 (20832706)|HEAP_ALLOCATE|[53]|Bytes:4
13:44:44.0 (20859163)|HEAP_ALLOCATE|[EXTERNAL]|Bytes:4
13:44:44.0 (20866085)|HEAP_ALLOCATE|[51]|Bytes:4
13:44:44.0 (20870983)|VARIABLE_ASSIGNMENT|[51]|j|30
13:44:44.0 (20873999)|STATEMENT_EXECUTE|[51]
13:44:44.0 (20876368)|STATEMENT_EXECUTE|[54]
13:44:44.0 (20877298)|STATEMENT_EXECUTE|[55]
13:44:44.0 (20901331)|HEAP_ALLOCATE|[55]|Bytes:1
13:44:44.0 (20908401)|HEAP_ALLOCATE|[55]|Bytes:1
13:44:44.0 (20914061)|HEAP_ALLOCATE|[55]|Bytes:2
13:44:44.0 (20919939)|HEAP_ALLOCATE|[55]|Bytes:4
13:44:44.0 (20924950)|HEAP_ALLOCATE|[55]|Bytes:1
13:44:44.0 (20932373)|HEAP_ALLOCATE|[55]|Bytes:2
13:44:44.0 (20937526)|HEAP_ALLOCATE|[55]|Bytes:4
13:44:44.0 (20950115)|HEAP_ALLOCATE|[EXTERNAL]|Bytes:4
13:44:44.0 (20954312)|HEAP_ALLOCATE|[51]|Bytes:4
13:44:44.0 (20958167)|VARIABLE_ASSIGNMENT|[51]|j|60
13:44:44.0 (20961730)|HEAP_ALLOCATE|[50]|Bytes:4
13:44:44.0 (20964598)|VARIABLE_ASSIGNMENT|[50]|i|1
13:44:44.0 (20966653)|STATEMENT_EXECUTE|[50]
13:44:44.0 (20967973)|STATEMENT_EXECUTE|[51]
13:44:44.0 (20969935)|VARIABLE_SCOPE_BEGIN|[51]|j|Integer|false|false
13:44:44.0 (20971779)|HEAP_ALLOCATE|[51]|Bytes:4
13:44:44.0 (20974444)|VARIABLE_ASSIGNMENT|[51]|j|0
13:44:44.0 (20976624)|STATEMENT_EXECUTE|[51]
13:44:44.0 (20978803)|STATEMENT_EXECUTE|[52]
13:44:44.0 (20980295)|STATEMENT_EXECUTE|[53]
13:44:44.0 (20988717)|HEAP_ALLOCATE|[53]|Bytes:1
13:44:44.0 (20996682)|HEAP_ALLOCATE|[53]|Bytes:1
13:44:44.0 (21002333)|HEAP_ALLOCATE|[53]|Bytes:4
13:44:44.0 (21007878)|HEAP_ALLOCATE|[53]|Bytes:1
13:44:44.0 (21015208)|HEAP_ALLOCATE|[53]|Bytes:1
13:44:44.0 (21020322)|HEAP_ALLOCATE|[53]|Bytes:4
13:44:44.0 (21026403)|HEAP_ALLOCATE|[EXTERNAL]|Bytes:4
13:44:44.0 (21030121)|HEAP_ALLOCATE|[51]|Bytes:4
13:44:44.0 (21032968)|VARIABLE_ASSIGNMENT|[51]|j|30
13:44:44.0 (21034915)|STATEMENT_EXECUTE|[51]
13:44:44.0 (21036578)|STATEMENT_EXECUTE|[54]
13:44:44.0 (21037535)|STATEMENT_EXECUTE|[55]
13:44:44.0 (21043215)|HEAP_ALLOCATE|[55]|Bytes:1
13:44:44.0 (21050945)|HEAP_ALLOCATE|[55]|Bytes:2
13:44:44.0 (21056144)|HEAP_ALLOCATE|[55]|Bytes:4
13:44:44.0 (21060941)|HEAP_ALLOCATE|[55]|Bytes:1
13:44:44.0 (21068089)|HEAP_ALLOCATE|[55]|Bytes:2
13:44:44.0 (21072990)|HEAP_ALLOCATE|[55]|Bytes:4
13:44:44.0 (21077635)|HEAP_ALLOCATE|[EXTERNAL]|Bytes:4
13:44:44.0 (21080764)|HEAP_ALLOCATE|[51]|Bytes:4
13:44:44.0 (21083208)|VARIABLE_ASSIGNMENT|[51]|j|60
13:44:44.0 (21085007)|HEAP_ALLOCATE|[50]|Bytes:4
13:44:44.0 (21087370)|VARIABLE_ASSIGNMENT|[50]|i|2
13:44:44.0 (21088893)|STATEMENT_EXECUTE|[50]
13:44:44.0 (21090164)|STATEMENT_EXECUTE|[51]
13:44:44.0 (21091794)|VARIABLE_SCOPE_BEGIN|[51]|j|Integer|false|false
13:44:44.0 (21093265)|HEAP_ALLOCATE|[51]|Bytes:4
13:44:44.0 (21095550)|VARIABLE_ASSIGNMENT|[51]|j|0
13:44:44.0 (21096928)|STATEMENT_EXECUTE|[51]
13:44:44.0 (21098267)|STATEMENT_EXECUTE|[52]
13:44:44.0 (21099208)|STATEMENT_EXECUTE|[53]
13:44:44.0 (21104799)|HEAP_ALLOCATE|[53]|Bytes:1
13:44:44.0 (21112239)|HEAP_ALLOCATE|[53]|Bytes:1
13:44:44.0 (21117295)|HEAP_ALLOCATE|[53]|Bytes:4
13:44:44.0 (21121955)|HEAP_ALLOCATE|[53]|Bytes:1
13:44:44.0 (21129080)|HEAP_ALLOCATE|[53]|Bytes:1
13:44:44.0 (21133889)|HEAP_ALLOCATE|[53]|Bytes:4
13:44:44.0 (21138521)|HEAP_ALLOCATE|[EXTERNAL]|Bytes:4
13:44:44.0 (21141734)|HEAP_ALLOCATE|[51]|Bytes:4
13:44:44.0 (21144332)|VARIABLE_ASSIGNMENT|[51]|j|30
13:44:44.0 (21146166)|STATEMENT_EXECUTE|[51]
13:44:44.0 (21147537)|STATEMENT_EXECUTE|[54]
13:44:44.0 (21148471)|STATEMENT_EXECUTE|[55]
13:44:44.0 (21153552)|HEAP_ALLOCATE|[55]|Bytes:1
13:44:44.0 (21161181)|HEAP_ALLOCATE|[55]|Bytes:2
13:44:44.0 (21166614)|HEAP_ALLOCATE|[55]|Bytes:4
13:44:44.0 (21171354)|HEAP_ALLOCATE|[55]|Bytes:1
13:44:44.0 (21178432)|HEAP_ALLOCATE|[55]|Bytes:2
13:44:44.0 (21183312)|HEAP_ALLOCATE|[55]|Bytes:4
13:44:44.0 (21187772)|HEAP_ALLOCATE|[EXTERNAL]|Bytes:4
13:44:44.0 (21190851)|HEAP_ALLOCATE|[51]|Bytes:4
13:44:44.0 (21193294)|VARIABLE_ASSIGNMENT|[51]|j|60
13:44:44.0 (21195556)|HEAP_ALLOCATE|[50]|Bytes:4
13:44:44.0 (21197806)|VARIABLE_ASSIGNMENT|[50]|i|3
13:44:44.0 (21199332)|STATEMENT_EXECUTE|[50]
13:44:44.0 (21200513)|STATEMENT_EXECUTE|[51]
13:44:44.0 (21202114)|VARIABLE_SCOPE_BEGIN|[51]|j|Integer|false|false
13:44:44.0 (21203449)|HEAP_ALLOCATE|[51]|Bytes:4
13:44:44.0 (21205686)|VARIABLE_ASSIGNMENT|[51]|j|0
13:44:44.0 (21207079)|STATEMENT_EXECUTE|[51]
13:44:44.0 (21208359)|STATEMENT_EXECUTE|[52]
13:44:44.0 (21209311)|STATEMENT_EXECUTE|[53]
13:44:44.0 (21214649)|HEAP_ALLOCATE|[53]|Bytes:1
13:44:44.0 (21222042)|HEAP_ALLOCATE|[53]|Bytes:1
13:44:44.0 (21226996)|HEAP_ALLOCATE|[53]|Bytes:4
13:44:44.0 (21231629)|HEAP_ALLOCATE|[53]|Bytes:1
13:44:44.0 (21238772)|HEAP_ALLOCATE|[53]|Bytes:1
13:44:44.0 (21243569)|HEAP_ALLOCATE|[53]|Bytes:4
13:44:44.0 (21247985)|HEAP_ALLOCATE|[EXTERNAL]|Bytes:4
13:44:44.0 (21251172)|HEAP_ALLOCATE|[51]|Bytes:4
13:44:44.0 (21253683)|VARIABLE_ASSIGNMENT|[51]|j|30
13:44:44.0 (21255357)|STATEMENT_EXECUTE|[51]
13:44:44.0 (21256892)|STATEMENT_EXECUTE|[54]
13:44:44.0 (21257977)|STATEMENT_EXECUTE|[55]
13:44:44.0 (21263084)|HEAP_ALLOCATE|[55]|Bytes:1
13:44:44.0 (21270484)|HEAP_ALLOCATE|[55]|Bytes:2
13:44:44.0 (21275546)|HEAP_ALLOCATE|[55]|Bytes:4
13:44:44.0 (21280235)|HEAP_ALLOCATE|[55]|Bytes:1
13:44:44.0 (21287479)|HEAP_ALLOCATE|[55]|Bytes:2
13:44:44.0 (21292390)|HEAP_ALLOCATE|[55]|Bytes:4
13:44:44.0 (21296743)|HEAP_ALLOCATE|[EXTERNAL]|Bytes:4
13:44:44.0 (21299842)|HEAP_ALLOCATE|[51]|Bytes:4
13:44:44.0 (21302345)|VARIABLE_ASSIGNMENT|[51]|j|60
13:44:44.0 (21304089)|HEAP_ALLOCATE|[50]|Bytes:4
13:44:44.0 (21306365)|VARIABLE_ASSIGNMENT|[50]|i|4
13:44:44.0 (21307831)|STATEMENT_EXECUTE|[50]
13:44:44.0 (21308947)|STATEMENT_EXECUTE|[51]
13:44:44.0 (21310574)|VARIABLE_SCOPE_BEGIN|[51]|j|Integer|false|false
13:44:44.0 (21311815)|HEAP_ALLOCATE|[51]|Bytes:4
13:44:44.0 (21314176)|VARIABLE_ASSIGNMENT|[51]|j|0
13:44:44.0 (21315560)|STATEMENT_EXECUTE|[51]
13:44:44.0 (21316819)|STATEMENT_EXECUTE|[52]
13:44:44.0 (21317785)|STATEMENT_EXECUTE|[53]
13:44:44.0 (21323301)|HEAP_ALLOCATE|[53]|Bytes:1
13:44:44.0 (21330708)|HEAP_ALLOCATE|[53]|Bytes:1
13:44:44.0 (21335747)|HEAP_ALLOCATE|[53]|Bytes:4
13:44:44.0 (21340347)|HEAP_ALLOCATE|[53]|Bytes:1
13:44:44.0 (21347377)|HEAP_ALLOCATE|[53]|Bytes:1
13:44:44.0 (21352167)|HEAP_ALLOCATE|[53]|Bytes:4
13:44:44.0 (21356586)|HEAP_ALLOCATE|[EXTERNAL]|Bytes:4
13:44:44.0 (21359815)|HEAP_ALLOCATE|[51]|Bytes:4
13:44:44.0 (21362314)|VARIABLE_ASSIGNMENT|[51]|j|30
13:44:44.0 (21364037)|STATEMENT_EXECUTE|[51]
13:44:44.0 (21365420)|STATEMENT_EXECUTE|[54]
13:44:44.0 (21366437)|STATEMENT_EXECUTE|[55]
13:44:44.0 (21371483)|HEAP_ALLOCATE|[55]|Bytes:1
13:44:44.0 (21378935)|HEAP_ALLOCATE|[55]|Bytes:2
13:44:44.0 (21383933)|HEAP_ALLOCATE|[55]|Bytes:4
13:44:44.0 (21388610)|HEAP_ALLOCATE|[55]|Bytes:1
13:44:44.0 (21395805)|HEAP_ALLOCATE|[55]|Bytes:2
13:44:44.0 (21400629)|HEAP_ALLOCATE|[55]|Bytes:4
13:44:44.0 (21405049)|HEAP_ALLOCATE|[EXTERNAL]|Bytes:4
13:44:44.0 (21408163)|HEAP_ALLOCATE|[51]|Bytes:4
13:44:44.0 (21410565)|VARIABLE_ASSIGNMENT|[51]|j|60
13:44:44.0 (21412738)|HEAP_ALLOCATE|[50]|Bytes:4
13:44:44.0 (21414971)|VARIABLE_ASSIGNMENT|[50]|i|5
13:44:44.0 (21416598)|STATEMENT_EXECUTE|[50]
13:44:44.0 (21417709)|STATEMENT_EXECUTE|[51]
13:44:44.0 (21419325)|VARIABLE_SCOPE_BEGIN|[51]|j|Integer|false|false
13:44:44.0 (21420576)|HEAP_ALLOCATE|[51]|Bytes:4
13:44:44.0 (21422798)|VARIABLE_ASSIGNMENT|[51]|j|0
13:44:44.0 (21424212)|STATEMENT_EXECUTE|[51]
13:44:44.0 (21425459)|STATEMENT_EXECUTE|[52]
13:44:44.0 (21426403)|STATEMENT_EXECUTE|[53]
13:44:44.0 (21431569)|HEAP_ALLOCATE|[53]|Bytes:1
13:44:44.0 (21438974)|HEAP_ALLOCATE|[53]|Bytes:1
13:44:44.0 (21443961)|HEAP_ALLOCATE|[53]|Bytes:4
13:44:44.0 (21448637)|HEAP_ALLOCATE|[53]|Bytes:1
13:44:44.0 (21455726)|HEAP_ALLOCATE|[53]|Bytes:1
13:44:44.0 (21460561)|HEAP_ALLOCATE|[53]|Bytes:4
13:44:44.0 (21464893)|HEAP_ALLOCATE|[EXTERNAL]|Bytes:4
13:44:44.0 (21468334)|HEAP_ALLOCATE|[51]|Bytes:4
13:44:44.0 (21470856)|VARIABLE_ASSIGNMENT|[51]|j|30
13:44:44.0 (21472522)|STATEMENT_EXECUTE|[51]
13:44:44.0 (21473869)|STATEMENT_EXECUTE|[54]
13:44:44.0 (21475026)|STATEMENT_EXECUTE|[55]
13:44:44.0 (21480117)|HEAP_ALLOCATE|[55]|Bytes:1
13:44:44.0 (21487646)|HEAP_ALLOCATE|[55]|Bytes:2
13:44:44.0 (21492650)|HEAP_ALLOCATE|[55]|Bytes:4
13:44:44.0 (21497465)|HEAP_ALLOCATE|[55]|Bytes:1
13:44:44.0 (21504655)|HEAP_ALLOCATE|[55]|Bytes:2
13:44:44.0 (21509556)|HEAP_ALLOCATE|[55]|Bytes:4
13:44:44.0 (21513970)|HEAP_ALLOCATE|[EXTERNAL]|Bytes:4
13:44:44.0 (21517117)|HEAP_ALLOCATE|[51]|Bytes:4
13:44:44.0 (21519578)|VARIABLE_ASSIGNMENT|[51]|j|60
13:44:44.0 (21521278)|HEAP_ALLOCATE|[50]|Bytes:4
13:44:44.0 (21523507)|VARIABLE_ASSIGNMENT|[50]|i|6
13:44:44.0 (21525199)|STATEMENT_EXECUTE|[50]
13:44:44.0 (21526316)|STATEMENT_EXECUTE|[51]
13:44:44.0 (21527870)|VARIABLE_SCOPE_BEGIN|[51]|j|Integer|false|false
13:44:44.0 (21529122)|HEAP_ALLOCATE|[51]|Bytes:4
13:44:44.0 (21531502)|VARIABLE_ASSIGNMENT|[51]|j|0
13:44:44.0 (21532908)|STATEMENT_EXECUTE|[51]
13:44:44.0 (21534145)|STATEMENT_EXECUTE|[52]
13:44:44.0 (21535085)|STATEMENT_EXECUTE|[53]
13:44:44.0 (21540221)|HEAP_ALLOCATE|[53]|Bytes:1
13:44:44.0 (21548092)|HEAP_ALLOCATE|[53]|Bytes:1
13:44:44.0 (21553194)|HEAP_ALLOCATE|[53]|Bytes:4
13:44:44.0 (21557825)|HEAP_ALLOCATE|[53]|Bytes:1
13:44:44.0 (21564853)|HEAP_ALLOCATE|[53]|Bytes:1
13:44:44.0 (21569692)|HEAP_ALLOCATE|[53]|Bytes:4
13:44:44.0 (21574142)|HEAP_ALLOCATE|[EXTERNAL]|Bytes:4
13:44:44.0 (21577454)|HEAP_ALLOCATE|[51]|Bytes:4
13:44:44.0 (21579837)|VARIABLE_ASSIGNMENT|[51]|j|30
13:44:44.0 (21581381)|STATEMENT_EXECUTE|[51]
13:44:44.0 (21582709)|STATEMENT_EXECUTE|[54]
13:44:44.0 (21583636)|STATEMENT_EXECUTE|[55]
13:44:44.0 (21588575)|HEAP_ALLOCATE|[55]|Bytes:1
13:44:44.0 (21595918)|HEAP_ALLOCATE|[55]|Bytes:2
13:44:44.0 (21601163)|HEAP_ALLOCATE|[55]|Bytes:4
13:44:44.0 (21605803)|HEAP_ALLOCATE|[55]|Bytes:1
13:44:44.0 (21612983)|HEAP_ALLOCATE|[55]|Bytes:2
13:44:44.0 (21617964)|HEAP_ALLOCATE|[55]|Bytes:4
13:44:44.0 (21622434)|HEAP_ALLOCATE|[EXTERNAL]|Bytes:4
13:44:44.0 (21625666)|HEAP_ALLOCATE|[51]|Bytes:4
13:44:44.0 (21628089)|VARIABLE_ASSIGNMENT|[51]|j|60
13:44:44.0 (21630075)|HEAP_ALLOCATE|[50]|Bytes:4
13:44:44.0 (21632352)|VARIABLE_ASSIGNMENT|[50]|i|7
13:44:44.0 (21633810)|STATEMENT_EXECUTE|[50]
13:44:44.0 (21634967)|STATEMENT_EXECUTE|[51]
13:44:44.0 (21636567)|VARIABLE_SCOPE_BEGIN|[51]|j|Integer|false|false
13:44:44.0 (21637792)|HEAP_ALLOCATE|[51]|Bytes:4
13:44:44.0 (21640002)|VARIABLE_ASSIGNMENT|[51]|j|0
13:44:44.0 (21641535)|STATEMENT_EXECUTE|[51]
13:44:44.0 (21642758)|STATEMENT_EXECUTE|[52]
13:44:44.0 (21643699)|STATEMENT_EXECUTE|[53]
13:44:44.0 (21648805)|HEAP_ALLOCATE|[53]|Bytes:1
13:44:44.0 (21656169)|HEAP_ALLOCATE|[53]|Bytes:1
13:44:44.0 (21661132)|HEAP_ALLOCATE|[53]|Bytes:4
13:44:44.0 (21665818)|HEAP_ALLOCATE|[53]|Bytes:1
13:44:44.0 (21672897)|HEAP_ALLOCATE|[53]|Bytes:1
13:44:44.0 (21677718)|HEAP_ALLOCATE|[53]|Bytes:4
13:44:44.0 (21682183)|HEAP_ALLOCATE|[EXTERNAL]|Bytes:4
13:44:44.0 (21685503)|HEAP_ALLOCATE|[51]|Bytes:4
13:44:44.0 (21687957)|VARIABLE_ASSIGNMENT|[51]|j|30
13:44:44.0 (21689465)|STATEMENT_EXECUTE|[51]
13:44:44.0 (21690828)|STATEMENT_EXECUTE|[54]
13:44:44.0 (21691911)|STATEMENT_EXECUTE|[55]
13:44:44.0 (21696978)|HEAP_ALLOCATE|[55]|Bytes:1
13:44:44.0 (21704272)|HEAP_ALLOCATE|[55]|Bytes:2
13:44:44.0 (21709230)|HEAP_ALLOCATE|[55]|Bytes:4
13:44:44.0 (21713934)|HEAP_ALLOCATE|[55]|Bytes:1
13:44:44.0 (21721096)|HEAP_ALLOCATE|[55]|Bytes:2
13:44:44.0 (21725999)|HEAP_ALLOCATE|[55]|Bytes:4
13:44:44.0 (21730598)|HEAP_ALLOCATE|[EXTERNAL]|Bytes:4
13:44:44.0 (21733887)|HEAP_ALLOCATE|[51]|Bytes:4
13:44:44.0 (21736374)|VARIABLE_ASSIGNMENT|[51]|j|60
13:44:44.0 (21738087)|HEAP_ALLOCATE|[50]|Bytes:4
13:44:44.0 (21740428)|VARIABLE_ASSIGNMENT|[50]|i|8
13:44:44.0 (21741875)|STATEMENT_EXECUTE|[50]
13:44:44.0 (21742993)|STATEMENT_EXECUTE|[51]
13:44:44.0 (21744556)|VARIABLE_SCOPE_BEGIN|[51]|j|Integer|false|false
13:44:44.0 (21745793)|HEAP_ALLOCATE|[51]|Bytes:4
13:44:44.0 (21748041)|VARIABLE_ASSIGNMENT|[51]|j|0
13:44:44.0 (21749420)|STATEMENT_EXECUTE|[51]
13:44:44.0 (21750649)|STATEMENT_EXECUTE|[52]
13:44:44.0 (21751586)|STATEMENT_EXECUTE|[53]
13:44:44.0 (21756807)|HEAP_ALLOCATE|[53]|Bytes:1
13:44:44.0 (21764564)|HEAP_ALLOCATE|[53]|Bytes:1
13:44:44.0 (21769589)|HEAP_ALLOCATE|[53]|Bytes:4
13:44:44.0 (21774163)|HEAP_ALLOCATE|[53]|Bytes:1
13:44:44.0 (21781238)|HEAP_ALLOCATE|[53]|Bytes:1
13:44:44.0 (21786049)|HEAP_ALLOCATE|[53]|Bytes:4
13:44:44.0 (21790477)|HEAP_ALLOCATE|[EXTERNAL]|Bytes:4
13:44:44.0 (21793768)|HEAP_ALLOCATE|[51]|Bytes:4
13:44:44.0 (21796197)|VARIABLE_ASSIGNMENT|[51]|j|30
13:44:44.0 (21797719)|STATEMENT_EXECUTE|[51]
13:44:44.0 (21799067)|STATEMENT_EXECUTE|[54]
13:44:44.0 (21799986)|STATEMENT_EXECUTE|[55]
13:44:44.0 (21805046)|HEAP_ALLOCATE|[55]|Bytes:1
13:44:44.0 (21812613)|HEAP_ALLOCATE|[55]|Bytes:2
13:44:44.0 (21817679)|HEAP_ALLOCATE|[55]|Bytes:4
13:44:44.0 (21822361)|HEAP_ALLOCATE|[55]|Bytes:1
13:44:44.0 (21829548)|HEAP_ALLOCATE|[55]|Bytes:2
13:44:44.0 (21834556)|HEAP_ALLOCATE|[55]|Bytes:4
13:44:44.0 (21838948)|HEAP_ALLOCATE|[EXTERNAL]|Bytes:4
13:44:44.0 (21842075)|HEAP_ALLOCATE|[51]|Bytes:4
13:44:44.0 (21844630)|VARIABLE_ASSIGNMENT|[51]|j|60
13:44:44.0 (21846352)|HEAP_ALLOCATE|[50]|Bytes:4
13:44:44.0 (21848793)|VARIABLE_ASSIGNMENT|[50]|i|9
13:44:44.0 (21850312)|STATEMENT_EXECUTE|[50]
13:44:44.0 (21851441)|STATEMENT_EXECUTE|[51]
13:44:44.0 (21852980)|VARIABLE_SCOPE_BEGIN|[51]|j|Integer|false|false
13:44:44.0 (21854220)|HEAP_ALLOCATE|[51]|Bytes:4
13:44:44.0 (21856499)|VARIABLE_ASSIGNMENT|[51]|j|0
13:44:44.0 (21858052)|STATEMENT_EXECUTE|[51]
13:44:44.0 (21859332)|STATEMENT_EXECUTE|[52]
13:44:44.0 (21860306)|STATEMENT_EXECUTE|[53]
13:44:44.0 (21865471)|HEAP_ALLOCATE|[53]|Bytes:1
13:44:44.0 (21872904)|HEAP_ALLOCATE|[53]|Bytes:1
13:44:44.0 (21877893)|HEAP_ALLOCATE|[53]|Bytes:4
13:44:44.0 (21882550)|HEAP_ALLOCATE|[53]|Bytes:1
13:44:44.0 (21889664)|HEAP_ALLOCATE|[53]|Bytes:1
13:44:44.0 (21898623)|HEAP_ALLOCATE|[53]|Bytes:4
13:44:44.0 (21903463)|HEAP_ALLOCATE|[EXTERNAL]|Bytes:4
13:44:44.0 (21906768)|HEAP_ALLOCATE|[51]|Bytes:4
13:44:44.0 (21909395)|VARIABLE_ASSIGNMENT|[51]|j|30
13:44:44.0 (21911067)|STATEMENT_EXECUTE|[51]
13:44:44.0 (21912419)|STATEMENT_EXECUTE|[54]
13:44:44.0 (21913549)|STATEMENT_EXECUTE|[55]
13:44:44.0 (21918993)|HEAP_ALLOCATE|[55]|Bytes:1
13:44:44.0 (21926592)|HEAP_ALLOCATE|[55]|Bytes:2
13:44:44.0 (21931680)|HEAP_ALLOCATE|[55]|Bytes:4
13:44:44.0 (21936376)|HEAP_ALLOCATE|[55]|Bytes:1
13:44:44.0 (21943522)|HEAP_ALLOCATE|[55]|Bytes:2
13:44:44.0 (21948378)|HEAP_ALLOCATE|[55]|Bytes:4
13:44:44.0 (21952776)|HEAP_ALLOCATE|[EXTERNAL]|Bytes:4
13:44:44.0 (21955909)|HEAP_ALLOCATE|[51]|Bytes:4
13:44:44.0 (21958360)|VARIABLE_ASSIGNMENT|[51]|j|60
13:44:44.0 (21960127)|HEAP_ALLOCATE|[50]|Bytes:4
13:44:44.0 (21962286)|VARIABLE_ASSIGNMENT|[50]|i|10
13:44:44.0 (21963836)|STATEMENT_EXECUTE|[50]
13:44:44.0 (21965013)|STATEMENT_EXECUTE|[51]
13:44:44.0 (21966581)|VARIABLE_SCOPE_BEGIN|[51]|j|Integer|false|false
13:44:44.0 (21967888)|HEAP_ALLOCATE|[51]|Bytes:4
13:44:44.0 (21970140)|VARIABLE_ASSIGNMENT|[51]|j|0
13:44:44.0 (21971603)|STATEMENT_EXECUTE|[51]
13:44:44.0 (21972845)|STATEMENT_EXECUTE|[52]
13:44:44.0 (21974094)|STATEMENT_EXECUTE|[53]
13:44:44.0 (21981238)|HEAP_ALLOCATE|[53]|Bytes:2
13:44:44.0 (21989224)|HEAP_ALLOCATE|[53]|Bytes:1
13:44:44.0 (21994262)|HEAP_ALLOCATE|[53]|Bytes:5
13:44:44.0 (21998946)|HEAP_ALLOCATE|[53]|Bytes:2
13:44:44.0 (22006139)|HEAP_ALLOCATE|[53]|Bytes:1
13:44:44.0 (22011472)|HEAP_ALLOCATE|[53]|Bytes:5
13:44:44.0 (22016179)|HEAP_ALLOCATE|[EXTERNAL]|Bytes:4
13:44:44.0 (22019491)|HEAP_ALLOCATE|[51]|Bytes:4
13:44:44.0 (22022084)|VARIABLE_ASSIGNMENT|[51]|j|30
13:44:44.0 (22023742)|STATEMENT_EXECUTE|[51]
13:44:44.0 (22025163)|STATEMENT_EXECUTE|[54]
13:44:44.0 (22026086)|STATEMENT_EXECUTE|[55]
13:44:44.0 (22031167)|HEAP_ALLOCATE|[55]|Bytes:2
13:44:44.0 (22038496)|HEAP_ALLOCATE|[55]|Bytes:2
13:44:44.0 (22043615)|HEAP_ALLOCATE|[55]|Bytes:5
13:44:44.0 (22048347)|HEAP_ALLOCATE|[55]|Bytes:2
13:44:44.0 (22055605)|HEAP_ALLOCATE|[55]|Bytes:2
13:44:44.0 (22060506)|HEAP_ALLOCATE|[55]|Bytes:5
13:44:44.0 (22064860)|HEAP_ALLOCATE|[EXTERNAL]|Bytes:4
13:44:44.0 (22067894)|HEAP_ALLOCATE|[51]|Bytes:4
13:44:44.0 (22070491)|VARIABLE_ASSIGNMENT|[51]|j|60
13:44:44.0 (22072310)|HEAP_ALLOCATE|[50]|Bytes:4
13:44:44.0 (22074974)|VARIABLE_ASSIGNMENT|[50]|i|11
13:44:44.0 (22076445)|STATEMENT_EXECUTE|[50]
13:44:44.0 (22077583)|STATEMENT_EXECUTE|[51]
13:44:44.0 (22079124)|VARIABLE_SCOPE_BEGIN|[51]|j|Integer|false|false
13:44:44.0 (22080465)|HEAP_ALLOCATE|[51]|Bytes:4
13:44:44.0 (22082807)|VARIABLE_ASSIGNMENT|[51]|j|0
13:44:44.0 (22084247)|STATEMENT_EXECUTE|[51]
13:44:44.0 (22085491)|STATEMENT_EXECUTE|[52]
13:44:44.0 (22086465)|STATEMENT_EXECUTE|[53]
13:44:44.0 (22091677)|HEAP_ALLOCATE|[53]|Bytes:2
13:44:44.0 (22099048)|HEAP_ALLOCATE|[53]|Bytes:1
13:44:44.0 (22104274)|HEAP_ALLOCATE|[53]|Bytes:5
13:44:44.0 (22108973)|HEAP_ALLOCATE|[53]|Bytes:2
13:44:44.0 (22116112)|HEAP_ALLOCATE|[53]|Bytes:1
13:44:44.0 (22120939)|HEAP_ALLOCATE|[53]|Bytes:5
13:44:44.0 (22125412)|HEAP_ALLOCATE|[EXTERNAL]|Bytes:4
13:44:44.0 (22128740)|HEAP_ALLOCATE|[51]|Bytes:4
13:44:44.0 (22131198)|VARIABLE_ASSIGNMENT|[51]|j|30
13:44:44.0 (22132778)|STATEMENT_EXECUTE|[51]
13:44:44.0 (22134101)|STATEMENT_EXECUTE|[54]
13:44:44.0 (22135031)|STATEMENT_EXECUTE|[55]
13:44:44.0 (22140354)|HEAP_ALLOCATE|[55]|Bytes:2
13:44:44.0 (22147796)|HEAP_ALLOCATE|[55]|Bytes:2
13:44:44.0 (22152813)|HEAP_ALLOCATE|[55]|Bytes:5
13:44:44.0 (22157572)|HEAP_ALLOCATE|[55]|Bytes:2
13:44:44.0 (22164688)|HEAP_ALLOCATE|[55]|Bytes:2
13:44:44.0 (22169625)|HEAP_ALLOCATE|[55]|Bytes:5
13:44:44.0 (22173999)|HEAP_ALLOCATE|[EXTERNAL]|Bytes:4
13:44:44.0 (22177099)|HEAP_ALLOCATE|[51]|Bytes:4
13:44:44.0 (22179532)|VARIABLE_ASSIGNMENT|[51]|j|60
13:44:44.0 (22181349)|HEAP_ALLOCATE|[50]|Bytes:4
13:44:44.0 (22183558)|VARIABLE_ASSIGNMENT|[50]|i|12
13:44:44.0 (22185024)|STATEMENT_EXECUTE|[50]
13:44:44.0 (22186143)|STATEMENT_EXECUTE|[51]
13:44:44.0 (22187662)|VARIABLE_SCOPE_BEGIN|[51]|j|Integer|false|false
13:44:44.0 (22188966)|HEAP_ALLOCATE|[51]|Bytes:4
13:44:44.0 (22191210)|VARIABLE_ASSIGNMENT|[51]|j|0
13:44:44.0 (22192614)|STATEMENT_EXECUTE|[51]
13:44:44.0 (22193925)|STATEMENT_EXECUTE|[52]
13:44:44.0 (22194877)|STATEMENT_EXECUTE|[53]
13:44:44.0 (22199904)|HEAP_ALLOCATE|[53]|Bytes:2
13:44:44.0 (22207688)|HEAP_ALLOCATE|[53]|Bytes:1
13:44:44.0 (22212633)|HEAP_ALLOCATE|[53]|Bytes:5
13:44:44.0 (22217411)|HEAP_ALLOCATE|[53]|Bytes:2
13:44:44.0 (22224525)|HEAP_ALLOCATE|[53]|Bytes:1
13:44:44.0 (22229401)|HEAP_ALLOCATE|[53]|Bytes:5
13:44:44.0 (22233779)|HEAP_ALLOCATE|[EXTERNAL]|Bytes:4
13:44:44.0 (22236931)|HEAP_ALLOCATE|[51]|Bytes:4
13:44:44.0 (22239355)|VARIABLE_ASSIGNMENT|[51]|j|30
13:44:44.0 (22240858)|STATEMENT_EXECUTE|[51]
13:44:44.0 (22242169)|STATEMENT_EXECUTE|[54]
13:44:44.0 (22243086)|STATEMENT_EXECUTE|[55]
13:44:44.0 (22248102)|HEAP_ALLOCATE|[55]|Bytes:2
13:44:44.0 (22255406)|HEAP_ALLOCATE|[55]|Bytes:2
13:44:44.0 (22260453)|HEAP_ALLOCATE|[55]|Bytes:5
13:44:44.0 (22265122)|HEAP_ALLOCATE|[55]|Bytes:2
13:44:44.0 (22272405)|HEAP_ALLOCATE|[55]|Bytes:2
13:44:44.0 (22277292)|HEAP_ALLOCATE|[55]|Bytes:5
13:44:44.0 (22281700)|HEAP_ALLOCATE|[EXTERNAL]|Bytes:4
13:44:44.0 (22284746)|HEAP_ALLOCATE|[51]|Bytes:4
13:44:44.0 (22287161)|VARIABLE_ASSIGNMENT|[51]|j|60
13:44:44.0 (22288943)|HEAP_ALLOCATE|[50]|Bytes:4
13:44:44.0 (22291764)|VARIABLE_ASSIGNMENT|[50]|i|13
13:44:44.0 (22293320)|STATEMENT_EXECUTE|[50]
13:44:44.0 (22294474)|STATEMENT_EXECUTE|[51]
13:44:44.0 (22296018)|VARIABLE_SCOPE_BEGIN|[51]|j|Integer|false|false
13:44:44.0 (22297261)|HEAP_ALLOCATE|[51]|Bytes:4
13:44:44.0 (22299561)|VARIABLE_ASSIGNMENT|[51]|j|0
13:44:44.0 (22300922)|STATEMENT_EXECUTE|[51]
13:44:44.0 (22302166)|STATEMENT_EXECUTE|[52]
13:44:44.0 (22303124)|STATEMENT_EXECUTE|[53]
13:44:44.0 (22308271)|HEAP_ALLOCATE|[53]|Bytes:2
13:44:44.0 (22315973)|HEAP_ALLOCATE|[53]|Bytes:1
13:44:44.0 (22321088)|HEAP_ALLOCATE|[53]|Bytes:5
13:44:44.0 (22325796)|HEAP_ALLOCATE|[53]|Bytes:2
13:44:44.0 (22332923)|HEAP_ALLOCATE|[53]|Bytes:1
13:44:44.0 (22337746)|HEAP_ALLOCATE|[53]|Bytes:5
13:44:44.0 (22342349)|HEAP_ALLOCATE|[EXTERNAL]|Bytes:4
13:44:44.0 (22345505)|HEAP_ALLOCATE|[51]|Bytes:4
13:44:44.0 (22347917)|VARIABLE_ASSIGNMENT|[51]|j|30
13:44:44.0 (22349496)|STATEMENT_EXECUTE|[51]
13:44:44.0 (22350799)|STATEMENT_EXECUTE|[54]
13:44:44.0 (22351708)|STATEMENT_EXECUTE|[55]
13:44:44.0 (22356951)|HEAP_ALLOCATE|[55]|Bytes:2
13:44:44.0 (22364300)|HEAP_ALLOCATE|[55]|Bytes:2
13:44:44.0 (22369514)|HEAP_ALLOCATE|[55]|Bytes:5
13:44:44.0 (22374243)|HEAP_ALLOCATE|[55]|Bytes:2
13:44:44.0 (22381521)|HEAP_ALLOCATE|[55]|Bytes:2
13:44:44.0 (22386353)|HEAP_ALLOCATE|[55]|Bytes:5
13:44:44.0 (22390859)|HEAP_ALLOCATE|[EXTERNAL]|Bytes:4
13:44:44.0 (22393968)|HEAP_ALLOCATE|[51]|Bytes:4
13:44:44.0 (22396474)|VARIABLE_ASSIGNMENT|[51]|j|60
13:44:44.0 (22398227)|HEAP_ALLOCATE|[50]|Bytes:4
13:44:44.0 (22400414)|VARIABLE_ASSIGNMENT|[50]|i|14
13:44:44.0 (22402005)|STATEMENT_EXECUTE|[50]
13:44:44.0 (22403117)|STATEMENT_EXECUTE|[51]
13:44:44.0 (22404735)|VARIABLE_SCOPE_BEGIN|[51]|j|Integer|false|false
13:44:44.0 (22405956)|HEAP_ALLOCATE|[51]|Bytes:4
13:44:44.0 (22408249)|VARIABLE_ASSIGNMENT|[51]|j|0
13:44:44.0 (22409626)|STATEMENT_EXECUTE|[51]
13:44:44.0 (22410832)|STATEMENT_EXECUTE|[52]
13:44:44.0 (22411773)|STATEMENT_EXECUTE|[53]
13:44:44.0 (22417058)|HEAP_ALLOCATE|[53]|Bytes:2
13:44:44.0 (22424898)|HEAP_ALLOCATE|[53]|Bytes:1
13:44:44.0 (22429870)|HEAP_ALLOCATE|[53]|Bytes:5
13:44:44.0 (22434457)|HEAP_ALLOCATE|[53]|Bytes:2
13:44:44.0 (22441488)|HEAP_ALLOCATE|[53]|Bytes:1
13:44:44.0 (22446256)|HEAP_ALLOCATE|[53]|Bytes:5
13:44:44.0 (22450629)|HEAP_ALLOCATE|[EXTERNAL]|Bytes:4
13:44:44.0 (22453881)|HEAP_ALLOCATE|[51]|Bytes:4
13:44:44.0 (22456306)|VARIABLE_ASSIGNMENT|[51]|j|30
13:44:44.0 (22457818)|STATEMENT_EXECUTE|[51]
13:44:44.0 (22459132)|STATEMENT_EXECUTE|[54]
13:44:44.0 (22460071)|STATEMENT_EXECUTE|[55]
13:44:44.0 (22465034)|HEAP_ALLOCATE|[55]|Bytes:2
13:44:44.0 (22472377)|HEAP_ALLOCATE|[55]|Bytes:2
13:44:44.0 (22477566)|HEAP_ALLOCATE|[55]|Bytes:5
13:44:44.0 (22482351)|HEAP_ALLOCATE|[55]|Bytes:2
13:44:44.0 (22489474)|HEAP_ALLOCATE|[55]|Bytes:2
13:44:44.0 (22494387)|HEAP_ALLOCATE|[55]|Bytes:5
13:44:44.0 (22498766)|HEAP_ALLOCATE|[EXTERNAL]|Bytes:4
13:44:44.0 (22501897)|HEAP_ALLOCATE|[51]|Bytes:4
13:44:44.0 (22504273)|VARIABLE_ASSIGNMENT|[51]|j|60
13:44:44.0 (22506012)|HEAP_ALLOCATE|[50]|Bytes:4
13:44:44.0 (22508434)|VARIABLE_ASSIGNMENT|[50]|i|15
13:44:44.0 (22509879)|STATEMENT_EXECUTE|[50]
13:44:44.0 (22511018)|STATEMENT_EXECUTE|[51]
13:44:44.0 (22512592)|VARIABLE_SCOPE_BEGIN|[51]|j|Integer|false|false
13:44:44.0 (22513856)|HEAP_ALLOCATE|[51]|Bytes:4
13:44:44.0 (22516033)|VARIABLE_ASSIGNMENT|[51]|j|0
13:44:44.0 (22517436)|STATEMENT_EXECUTE|[51]
13:44:44.0 (22518639)|STATEMENT_EXECUTE|[52]
13:44:44.0 (22519609)|STATEMENT_EXECUTE|[53]
13:44:44.0 (22524834)|HEAP_ALLOCATE|[53]|Bytes:2
13:44:44.0 (22532542)|HEAP_ALLOCATE|[53]|Bytes:1
13:44:44.0 (22537419)|HEAP_ALLOCATE|[53]|Bytes:5
13:44:44.0 (22542018)|HEAP_ALLOCATE|[53]|Bytes:2
13:44:44.0 (22549070)|HEAP_ALLOCATE|[53]|Bytes:1
13:44:44.0 (22553933)|HEAP_ALLOCATE|[53]|Bytes:5
13:44:44.0 (22558221)|HEAP_ALLOCATE|[EXTERNAL]|Bytes:4
13:44:44.0 (22561431)|HEAP_ALLOCATE|[51]|Bytes:4
13:44:44.0 (22563901)|VARIABLE_ASSIGNMENT|[51]|j|30
13:44:44.0 (22565401)|STATEMENT_EXECUTE|[51]
13:44:44.0 (22566706)|STATEMENT_EXECUTE|[54]
13:44:44.0 (22567635)|STATEMENT_EXECUTE|[55]
13:44:44.0 (22572860)|HEAP_ALLOCATE|[55]|Bytes:2
13:44:44.0 (22580270)|HEAP_ALLOCATE|[55]|Bytes:2
13:44:44.0 (22585288)|HEAP_ALLOCATE|[55]|Bytes:5
13:44:44.0 (22590028)|HEAP_ALLOCATE|[55]|Bytes:2
13:44:44.0 (22597147)|HEAP_ALLOCATE|[55]|Bytes:2
13:44:44.0 (22602135)|HEAP_ALLOCATE|[55]|Bytes:5
13:44:44.0 (22606559)|HEAP_ALLOCATE|[EXTERNAL]|Bytes:4
13:44:44.0 (22609645)|HEAP_ALLOCATE|[51]|Bytes:4
13:44:44.0 (22612084)|VARIABLE_ASSIGNMENT|[51]|j|60
13:44:44.0 (22613798)|HEAP_ALLOCATE|[50]|Bytes:4
13:44:44.0 (22615991)|VARIABLE_ASSIGNMENT|[50]|i|16
13:44:44.0 (22617428)|STATEMENT_EXECUTE|[50]
13:44:44.0 (22618523)|STATEMENT_EXECUTE|[51]
13:44:44.0 (22620059)|VARIABLE_SCOPE_BEGIN|[51]|j|Integer|false|false
13:44:44.0 (22621319)|HEAP_ALLOCATE|[51]|Bytes:4
13:44:44.0 (22623595)|VARIABLE_ASSIGNMENT|[51]|j|0
13:44:44.0 (22624957)|STATEMENT_EXECUTE|[51]
13:44:44.0 (22626163)|STATEMENT_EXECUTE|[52]
13:44:44.0 (22627116)|STATEMENT_EXECUTE|[53]
13:44:44.0 (22632433)|HEAP_ALLOCATE|[53]|Bytes:2
13:44:44.0 (22639770)|HEAP_ALLOCATE|[53]|Bytes:1
13:44:44.0 (22645167)|HEAP_ALLOCATE|[53]|Bytes:5
13:44:44.0 (22649862)|HEAP_ALLOCATE|[53]|Bytes:2
13:44:44.0 (22656998)|HEAP_ALLOCATE|[53]|Bytes:1
13:44:44.0 (22661753)|HEAP_ALLOCATE|[53]|Bytes:5
13:44:44.0 (22666132)|HEAP_ALLOCATE|[EXTERNAL]|Bytes:4
13:44:44.0 (22669341)|HEAP_ALLOCATE|[51]|Bytes:4
13:44:44.0 (22671797)|VARIABLE_ASSIGNMENT|[51]|j|30
13:44:44.0 (22673492)|STATEMENT_EXECUTE|[51]
13:44:44.0 (22674833)|STATEMENT_EXECUTE|[54]
13:44:44.0 (22675772)|STATEMENT_EXECUTE|[55]
13:44:44.0 (22681003)|HEAP_ALLOCATE|[55]|Bytes:2
13:44:44.0 (22688287)|HEAP_ALLOCATE|[55]|Bytes:2
13:44:44.0 (22693372)|HEAP_ALLOCATE|[55]|Bytes:5
13:44:44.0 (22698075)|HEAP_ALLOCATE|[55]|Bytes:2
13:44:44.0 (22705168)|HEAP_ALLOCATE|[55]|Bytes:2
13:44:44.0 (22710059)|HEAP_ALLOCATE|[55]|Bytes:5
13:44:44.0 (22714324)|HEAP_ALLOCATE|[EXTERNAL]|Bytes:4
13:44:44.0 (22717648)|HEAP_ALLOCATE|[51]|Bytes:4
13:44:44.0 (22720080)|VARIABLE_ASSIGNMENT|[51]|j|60
13:44:44.0 (22721846)|HEAP_ALLOCATE|[50]|Bytes:4
13:44:44.0 (22724190)|VARIABLE_ASSIGNMENT|[50]|i|17
13:44:44.0 (22725695)|STATEMENT_EXECUTE|[50]
13:44:44.0 (22726931)|STATEMENT_EXECUTE|[51]
13:44:44.0 (22728459)|VARIABLE_SCOPE_BEGIN|[51]|j|Integer|false|false
13:44:44.0 (22729714)|HEAP_ALLOCATE|[51]|Bytes:4
13:44:44.0 (22731986)|VARIABLE_ASSIGNMENT|[51]|j|0
13:44:44.0 (22733517)|STATEMENT_EXECUTE|[51]
13:44:44.0 (22734736)|STATEMENT_EXECUTE|[52]
13:44:44.0 (22735677)|STATEMENT_EXECUTE|[53]
13:44:44.0 (22740850)|HEAP_ALLOCATE|[53]|Bytes:2
13:44:44.0 (22748334)|HEAP_ALLOCATE|[53]|Bytes:1
13:44:44.0 (22753308)|HEAP_ALLOCATE|[53]|Bytes:5
13:44:44.0 (22758009)|HEAP_ALLOCATE|[53]|Bytes:2
13:44:44.0 (22765134)|HEAP_ALLOCATE|[53]|Bytes:1
13:44:44.0 (22770001)|HEAP_ALLOCATE|[53]|Bytes:5
13:44:44.0 (22774483)|HEAP_ALLOCATE|[EXTERNAL]|Bytes:4
13:44:44.0 (22777707)|HEAP_ALLOCATE|[51]|Bytes:4
13:44:44.0 (22780143)|VARIABLE_ASSIGNMENT|[51]|j|30
13:44:44.0 (22781665)|STATEMENT_EXECUTE|[51]
13:44:44.0 (22782972)|STATEMENT_EXECUTE|[54]
13:44:44.0 (22783896)|STATEMENT_EXECUTE|[55]
13:44:44.0 (22789365)|HEAP_ALLOCATE|[55]|Bytes:2
13:44:44.0 (22796796)|HEAP_ALLOCATE|[55]|Bytes:2
13:44:44.0 (22801879)|HEAP_ALLOCATE|[55]|Bytes:5
13:44:44.0 (22806568)|HEAP_ALLOCATE|[55]|Bytes:2
13:44:44.0 (22813651)|HEAP_ALLOCATE|[55]|Bytes:2
13:44:44.0 (22818600)|HEAP_ALLOCATE|[55]|Bytes:5
13:44:44.0 (22822981)|HEAP_ALLOCATE|[EXTERNAL]|Bytes:4
13:44:44.0 (22826066)|HEAP_ALLOCATE|[51]|Bytes:4
13:44:44.0 (22828469)|VARIABLE_ASSIGNMENT|[51]|j|60
13:44:44.0 (22830229)|HEAP_ALLOCATE|[50]|Bytes:4
13:44:44.0 (22832613)|VARIABLE_ASSIGNMENT|[50]|i|18
13:44:44.0 (22834085)|STATEMENT_EXECUTE|[50]
13:44:44.0 (22835192)|STATEMENT_EXECUTE|[51]
13:44:44.0 (22836735)|VARIABLE_SCOPE_BEGIN|[51]|j|Integer|false|false
13:44:44.0 (22837985)|HEAP_ALLOCATE|[51]|Bytes:4
13:44:44.0 (22840361)|VARIABLE_ASSIGNMENT|[51]|j|0
13:44:44.0 (22841748)|STATEMENT_EXECUTE|[51]
13:44:44.0 (22842967)|STATEMENT_EXECUTE|[52]
13:44:44.0 (22843943)|STATEMENT_EXECUTE|[53]
13:44:44.0 (22849075)|HEAP_ALLOCATE|[53]|Bytes:2
13:44:44.0 (22856405)|HEAP_ALLOCATE|[53]|Bytes:1
13:44:44.0 (22861704)|HEAP_ALLOCATE|[53]|Bytes:5
13:44:44.0 (22866430)|HEAP_ALLOCATE|[53]|Bytes:2
13:44:44.0 (22873542)|HEAP_ALLOCATE|[53]|Bytes:1
13:44:44.0 (22878377)|HEAP_ALLOCATE|[53]|Bytes:5
13:44:44.0 (22882774)|HEAP_ALLOCATE|[EXTERNAL]|Bytes:4
13:44:44.0 (22886317)|HEAP_ALLOCATE|[51]|Bytes:4
13:44:44.0 (22888771)|VARIABLE_ASSIGNMENT|[51]|j|30
13:44:44.0 (22893145)|STATEMENT_EXECUTE|[51]
13:44:44.0 (22894651)|STATEMENT_EXECUTE|[54]
13:44:44.0 (22895618)|STATEMENT_EXECUTE|[55]
13:44:44.0 (22901023)|HEAP_ALLOCATE|[55]|Bytes:2
13:44:44.0 (22908331)|HEAP_ALLOCATE|[55]|Bytes:2
13:44:44.0 (22913435)|HEAP_ALLOCATE|[55]|Bytes:5
13:44:44.0 (22918155)|HEAP_ALLOCATE|[55]|Bytes:2
13:44:44.0 (22925419)|HEAP_ALLOCATE|[55]|Bytes:2
13:44:44.0 (22930337)|HEAP_ALLOCATE|[55]|Bytes:5
13:44:44.0 (22934840)|HEAP_ALLOCATE|[EXTERNAL]|Bytes:4
13:44:44.0 (22938016)|HEAP_ALLOCATE|[51]|Bytes:4
13:44:44.0 (22940644)|VARIABLE_ASSIGNMENT|[51]|j|60
13:44:44.0 (22942449)|HEAP_ALLOCATE|[50]|Bytes:4
13:44:44.0 (22944662)|VARIABLE_ASSIGNMENT|[50]|i|19
13:44:44.0 (22946487)|STATEMENT_EXECUTE|[50]
13:44:44.0 (22947883)|STATEMENT_EXECUTE|[51]
13:44:44.0 (22949473)|VARIABLE_SCOPE_BEGIN|[51]|j|Integer|false|false
13:44:44.0 (22950901)|HEAP_ALLOCATE|[51]|Bytes:4
13:44:44.0 (22953152)|VARIABLE_ASSIGNMENT|[51]|j|0
13:44:44.0 (22954542)|STATEMENT_EXECUTE|[51]
13:44:44.0 (22955746)|STATEMENT_EXECUTE|[52]
13:44:44.0 (22956748)|STATEMENT_EXECUTE|[53]
13:44:44.0 (22961953)|HEAP_ALLOCATE|[53]|Bytes:2
13:44:44.0 (22969458)|HEAP_ALLOCATE|[53]|Bytes:1
13:44:44.0 (22975171)|HEAP_ALLOCATE|[53]|Bytes:5
13:44:44.0 (22989003)|HEAP_ALLOCATE|[53]|Bytes:2
13:44:44.0 (22997993)|HEAP_ALLOCATE|[53]|Bytes:1
13:44:44.0 (23003312)|HEAP_ALLOCATE|[53]|Bytes:5
13:44:44.0 (23009635)|HEAP_ALLOCATE|[EXTERNAL]|Bytes:4
13:44:44.0 (23013788)|HEAP_ALLOCATE|[51]|Bytes:4
13:44:44.0 (23017500)|VARIABLE_ASSIGNMENT|[51]|j|30
13:44:44.0 (23019788)|STATEMENT_EXECUTE|[51]
13:44:44.0 (23021241)|STATEMENT_EXECUTE|[54]
13:44:44.0 (23022196)|STATEMENT_EXECUTE|[55]
13:44:44.0 (23028283)|HEAP_ALLOCATE|[55]|Bytes:2
13:44:44.0 (23035666)|HEAP_ALLOCATE|[55]|Bytes:2
13:44:44.0 (23040811)|HEAP_ALLOCATE|[55]|Bytes:5
13:44:44.0 (23045523)|HEAP_ALLOCATE|[55]|Bytes:2
13:44:44.0 (23052805)|HEAP_ALLOCATE|[55]|Bytes:2
13:44:44.0 (23057780)|HEAP_ALLOCATE|[55]|Bytes:5
13:44:44.0 (23062219)|HEAP_ALLOCATE|[EXTERNAL]|Bytes:4
13:44:44.0 (23065330)|HEAP_ALLOCATE|[51]|Bytes:4
13:44:44.0 (23067794)|VARIABLE_ASSIGNMENT|[51]|j|60
13:44:44.0 (23069755)|HEAP_ALLOCATE|[50]|Bytes:4
13:44:44.0 (23071989)|VARIABLE_ASSIGNMENT|[50]|i|20
13:44:44.0 (23073589)|STATEMENT_EXECUTE|[50]
13:44:44.0 (23074745)|STATEMENT_EXECUTE|[51]
13:44:44.0 (23076352)|VARIABLE_SCOPE_BEGIN|[51]|j|Integer|false|false
13:44:44.0 (23077881)|HEAP_ALLOCATE|[51]|Bytes:4
13:44:44.0 (23080087)|VARIABLE_ASSIGNMENT|[51]|j|0
13:44:44.0 (23081546)|STATEMENT_EXECUTE|[51]
13:44:44.0 (23082762)|STATEMENT_EXECUTE|[52]
13:44:44.0 (23083722)|STATEMENT_EXECUTE|[53]
13:44:44.0 (23088879)|HEAP_ALLOCATE|[53]|Bytes:2
13:44:44.0 (23096458)|HEAP_ALLOCATE|[53]|Bytes:1
13:44:44.0 (23101656)|HEAP_ALLOCATE|[53]|Bytes:5
13:44:44.0 (23106287)|HEAP_ALLOCATE|[53]|Bytes:2
13:44:44.0 (23113323)|HEAP_ALLOCATE|[53]|Bytes:1
13:44:44.0 (23118169)|HEAP_ALLOCATE|[53]|Bytes:5
13:44:44.0 (23122811)|HEAP_ALLOCATE|[EXTERNAL]|Bytes:4
13:44:44.0 (23126006)|HEAP_ALLOCATE|[51]|Bytes:4
13:44:44.0 (23128395)|VARIABLE_ASSIGNMENT|[51]|j|30
13:44:44.0 (23129930)|STATEMENT_EXECUTE|[51]
13:44:44.0 (23131248)|STATEMENT_EXECUTE|[54]
13:44:44.0 (23132262)|STATEMENT_EXECUTE|[55]
13:44:44.0 (23137313)|HEAP_ALLOCATE|[55]|Bytes:2
13:44:44.0 (23144687)|HEAP_ALLOCATE|[55]|Bytes:2
13:44:44.0 (23149752)|HEAP_ALLOCATE|[55]|Bytes:5
13:44:44.0 (23154397)|HEAP_ALLOCATE|[55]|Bytes:2
13:44:44.0 (23161635)|HEAP_ALLOCATE|[55]|Bytes:2
13:44:44.0 (23166606)|HEAP_ALLOCATE|[55]|Bytes:5
13:44:44.0 (23170998)|HEAP_ALLOCATE|[EXTERNAL]|Bytes:4
13:44:44.0 (23174108)|HEAP_ALLOCATE|[51]|Bytes:4
13:44:44.0 (23176495)|VARIABLE_ASSIGNMENT|[51]|j|60
13:44:44.0 (23178163)|HEAP_ALLOCATE|[50]|Bytes:4
13:44:44.0 (23180345)|VARIABLE_ASSIGNMENT|[50]|i|21
13:44:44.0 (23182000)|STATEMENT_EXECUTE|[50]
13:44:44.0 (23183208)|STATEMENT_EXECUTE|[51]
13:44:44.0 (23184728)|VARIABLE_SCOPE_BEGIN|[51]|j|Integer|false|false
13:44:44.0 (23185982)|HEAP_ALLOCATE|[51]|Bytes:4
13:44:44.0 (23188270)|VARIABLE_ASSIGNMENT|[51]|j|0
13:44:44.0 (23189637)|STATEMENT_EXECUTE|[51]
13:44:44.0 (23190855)|STATEMENT_EXECUTE|[52]
13:44:44.0 (23191819)|STATEMENT_EXECUTE|[53]
13:44:44.0 (23196786)|HEAP_ALLOCATE|[53]|Bytes:2
13:44:44.0 (23207606)|HEAP_ALLOCATE|[53]|Bytes:1
13:44:44.0 (23215802)|HEAP_ALLOCATE|[53]|Bytes:5
13:44:44.0 (23223647)|HEAP_ALLOCATE|[53]|Bytes:2
13:44:44.0 (23232297)|HEAP_ALLOCATE|[53]|Bytes:1
13:44:44.0 (23237225)|HEAP_ALLOCATE|[53]|Bytes:5
13:44:44.0 (23242320)|HEAP_ALLOCATE|[EXTERNAL]|Bytes:4
13:44:44.0 (23245904)|HEAP_ALLOCATE|[51]|Bytes:4
13:44:44.0 (23249007)|VARIABLE_ASSIGNMENT|[51]|j|30
13:44:44.0 (23254345)|STATEMENT_EXECUTE|[51]
13:44:44.0 (23256183)|STATEMENT_EXECUTE|[54]
13:44:44.0 (23257136)|STATEMENT_EXECUTE|[55]
13:44:44.0 (23263118)|HEAP_ALLOCATE|[55]|Bytes:2
13:44:44.0 (23271046)|HEAP_ALLOCATE|[55]|Bytes:2
13:44:44.0 (23276311)|HEAP_ALLOCATE|[55]|Bytes:5
13:44:44.0 (23280983)|HEAP_ALLOCATE|[55]|Bytes:2
13:44:44.0 (23288053)|HEAP_ALLOCATE|[55]|Bytes:2
13:44:44.0 (23292939)|HEAP_ALLOCATE|[55]|Bytes:5
13:44:44.0 (23297478)|HEAP_ALLOCATE|[EXTERNAL]|Bytes:4
13:44:44.0 (23300648)|HEAP_ALLOCATE|[51]|Bytes:4
13:44:44.0 (23303222)|VARIABLE_ASSIGNMENT|[51]|j|60
13:44:44.0 (23305049)|HEAP_ALLOCATE|[50]|Bytes:4
13:44:44.0 (23307263)|VARIABLE_ASSIGNMENT|[50]|i|22
13:44:44.0 (23308802)|STATEMENT_EXECUTE|[50]
13:44:44.0 (23309987)|STATEMENT_EXECUTE|[51]
13:44:44.0 (23311594)|VARIABLE_SCOPE_BEGIN|[51]|j|Integer|false|false
13:44:44.0 (23313092)|HEAP_ALLOCATE|[51]|Bytes:4
13:44:44.0 (23315376)|VARIABLE_ASSIGNMENT|[51]|j|0
13:44:44.0 (23316799)|STATEMENT_EXECUTE|[51]
13:44:44.0 (23318114)|STATEMENT_EXECUTE|[52]
13:44:44.0 (23319076)|STATEMENT_EXECUTE|[53]
13:44:44.0 (23324270)|HEAP_ALLOCATE|[53]|Bytes:2
13:44:44.0 (23332043)|HEAP_ALLOCATE|[53]|Bytes:1
13:44:44.0 (23337308)|HEAP_ALLOCATE|[53]|Bytes:5
13:44:44.0 (23341991)|HEAP_ALLOCATE|[53]|Bytes:2
13:44:44.0 (23349162)|HEAP_ALLOCATE|[53]|Bytes:1
13:44:44.0 (23354025)|HEAP_ALLOCATE|[53]|Bytes:5
13:44:44.0 (23358455)|HEAP_ALLOCATE|[EXTERNAL]|Bytes:4
13:44:44.0 (23361711)|HEAP_ALLOCATE|[51]|Bytes:4
13:44:44.0 (23364174)|VARIABLE_ASSIGNMENT|[51]|j|30
13:44:44.0 (23365732)|STATEMENT_EXECUTE|[51]
13:44:44.0 (23367077)|STATEMENT_EXECUTE|[54]
13:44:44.0 (23367998)|STATEMENT_EXECUTE|[55]
13:44:44.0 (23373010)|HEAP_ALLOCATE|[55]|Bytes:2
13:44:44.0 (23380446)|HEAP_ALLOCATE|[55]|Bytes:2
13:44:44.0 (23385511)|HEAP_ALLOCATE|[55]|Bytes:5
13:44:44.0 (23390204)|HEAP_ALLOCATE|[55]|Bytes:2
13:44:44.0 (23397266)|HEAP_ALLOCATE|[55]|Bytes:2
13:44:44.0 (23402151)|HEAP_ALLOCATE|[55]|Bytes:5
13:44:44.0 (23406556)|HEAP_ALLOCATE|[EXTERNAL]|Bytes:4
13:44:44.0 (23409721)|HEAP_ALLOCATE|[51]|Bytes:4
13:44:44.0 (23412308)|VARIABLE_ASSIGNMENT|[51]|j|60
13:44:44.0 (23414065)|HEAP_ALLOCATE|[50]|Bytes:4
13:44:44.0 (23416282)|VARIABLE_ASSIGNMENT|[50]|i|23
13:44:44.0 (23417855)|STATEMENT_EXECUTE|[50]
13:44:44.0 (23418997)|STATEMENT_EXECUTE|[51]
13:44:44.0 (23420538)|VARIABLE_SCOPE_BEGIN|[51]|j|Integer|false|false
13:44:44.0 (23422145)|HEAP_ALLOCATE|[51]|Bytes:4
13:44:44.0 (23427550)|VARIABLE_ASSIGNMENT|[51]|j|0
13:44:44.0 (23429041)|STATEMENT_EXECUTE|[51]
13:44:44.0 (23430313)|STATEMENT_EXECUTE|[52]
13:44:44.0 (23431325)|STATEMENT_EXECUTE|[53]
13:44:44.0 (23436831)|HEAP_ALLOCATE|[53]|Bytes:2
13:44:44.0 (23444359)|HEAP_ALLOCATE|[53]|Bytes:1
13:44:44.0 (23449454)|HEAP_ALLOCATE|[53]|Bytes:5
13:44:44.0 (23454206)|HEAP_ALLOCATE|[53]|Bytes:2
13:44:44.0 (23461286)|HEAP_ALLOCATE|[53]|Bytes:1
13:44:44.0 (23466078)|HEAP_ALLOCATE|[53]|Bytes:5
13:44:44.0 (23470572)|HEAP_ALLOCATE|[EXTERNAL]|Bytes:4
13:44:44.0 (23473825)|HEAP_ALLOCATE|[51]|Bytes:4
13:44:44.0 (23476376)|VARIABLE_ASSIGNMENT|[51]|j|30
13:44:44.0 (23477922)|STATEMENT_EXECUTE|[51]
13:44:44.0 (23479230)|STATEMENT_EXECUTE|[54]
13:44:44.0 (23480175)|STATEMENT_EXECUTE|[55]
13:44:44.0 (23485279)|HEAP_ALLOCATE|[55]|Bytes:2
13:44:44.0 (23492898)|HEAP_ALLOCATE|[55]|Bytes:2
13:44:44.0 (23497902)|HEAP_ALLOCATE|[55]|Bytes:5
13:44:44.0 (23502554)|HEAP_ALLOCATE|[55]|Bytes:2
13:44:44.0 (23509820)|HEAP_ALLOCATE|[55]|Bytes:2
13:44:44.0 (23514812)|HEAP_ALLOCATE|[55]|Bytes:5
13:44:44.0 (23525064)|HEAP_ALLOCATE|[EXTERNAL]|Bytes:4
13:44:44.0 (23530470)|HEAP_ALLOCATE|[51]|Bytes:4
13:44:44.0 (23534324)|VARIABLE_ASSIGNMENT|[51]|j|60
13:44:44.0 (23536453)|HEAP_ALLOCATE|[50]|Bytes:4
13:44:44.0 (23539073)|VARIABLE_ASSIGNMENT|[50]|i|24
13:44:44.0 (23543289)|STATEMENT_EXECUTE|[59]
13:44:44.0 (23632908)|SYSTEM_MODE_ENTER|true
13:44:44.0 (23653957)|HEAP_ALLOCATE|[EXTERNAL]|Bytes:80
13:44:44.0 (23698488)|VARIABLE_ASSIGNMENT|[EXTERNAL]|this|{"delToHub":true,"delToProj":false,"detail":"0x4c8f11b9","invoked":false,"rejected":false,"reserved":false,"selectedTime3":"8:00","sublocations1":"0x7131a5f","www":"0x19e8d8a3","wwwById":"0x73b4455f"}|0x6531f0f9
13:44:44.0 (23704201)|STATEMENT_EXECUTE|[78]
13:44:44.0 (23706708)|STATEMENT_EXECUTE|[79]
13:44:44.0 (23708175)|STATEMENT_EXECUTE|[83]
13:44:44.26 (26527186)|SYSTEM_MODE_ENTER|true
13:44:44.26 (26580711)|HEAP_ALLOCATE|[EXTERNAL]|Bytes:8
13:44:44.26 (26585983)|VARIABLE_SCOPE_BEGIN|[88]|this|ApexPage.PageMessagesComponentController|true|false
13:44:44.26 (26601621)|VARIABLE_ASSIGNMENT|[88]|this|{}|0x6dbab566
13:44:44.26 (26603869)|VARIABLE_SCOPE_BEGIN|[88]|escape|Boolean|false|false
13:44:44.26 (26606875)|VARIABLE_ASSIGNMENT|[88]|escape|null
13:44:44.0 (26913384)|SYSTEM_MODE_ENTER|true
13:44:44.0 (26934770)|HEAP_ALLOCATE|[EXTERNAL]|Bytes:4
13:44:44.0 (26938158)|HEAP_ALLOCATE|[EXTERNAL]|Bytes:80
13:44:44.0 (26946742)|VARIABLE_ASSIGNMENT|[EXTERNAL]|this.selectedTime3|"8:00"|0x6531f0f9
13:44:44.0 (26976483)|SYSTEM_MODE_ENTER|true
13:44:44.0 (26996672)|HEAP_ALLOCATE|[EXTERNAL]|Bytes:80
13:44:44.0 (27039654)|VARIABLE_ASSIGNMENT|[EXTERNAL]|this|{"delToHub":true,"delToProj":false,"detail":"0x4c8f11b9","invoked":false,"rejected":false,"reserved":false,"selectedTime3":"8:00","sublocations1":"0x7131a5f","www":"0x19e8d8a3","wwwById":"0x73b4455f"}|0x6531f0f9
13:44:44.0 (27046159)|STATEMENT_EXECUTE|[3]
13:44:44.0 (27048648)|STATEMENT_EXECUTE|[4]
13:44:44.0 (27049735)|STATEMENT_EXECUTE|[9]
13:44:44.0 (27362726)|SYSTEM_MODE_ENTER|true
13:44:44.0 (27381335)|HEAP_ALLOCATE|[EXTERNAL]|Bytes:80
13:44:44.0 (27421682)|VARIABLE_ASSIGNMENT|[EXTERNAL]|this|{"delToHub":true,"delToProj":false,"detail":"0x4c8f11b9","invoked":false,"rejected":false,"reserved":false,"selectedTime3":"8:00","sublocations1":"0x7131a5f","www":"0x19e8d8a3","wwwById":"0x73b4455f"}|0x6531f0f9
13:44:44.0 (27426808)|STATEMENT_EXECUTE|[204]
13:44:44.0 (27429120)|STATEMENT_EXECUTE|[205]
13:44:44.0 (27430215)|STATEMENT_EXECUTE|[208]
13:44:44.0 (27466230)|SYSTEM_MODE_ENTER|true
13:44:44.0 (27480446)|HEAP_ALLOCATE|[EXTERNAL]|Bytes:80
13:44:44.0 (27514391)|VARIABLE_ASSIGNMENT|[EXTERNAL]|this|{"delToHub":true,"delToProj":false,"detail":"0x4c8f11b9","invoked":false,"rejected":false,"reserved":false,"selectedTime3":"8:00","sublocations1":"0x7131a5f","www":"0x19e8d8a3","wwwById":"0x73b4455f"}|0x6531f0f9
13:44:44.0 (27519354)|STATEMENT_EXECUTE|[220]
13:44:44.0 (27521456)|STATEMENT_EXECUTE|[221]
13:44:44.0 (27522502)|STATEMENT_EXECUTE|[224]
13:44:44.0 (27554937)|SYSTEM_MODE_ENTER|true
13:44:44.0 (27568090)|HEAP_ALLOCATE|[EXTERNAL]|Bytes:80
13:44:44.0 (27613998)|VARIABLE_ASSIGNMENT|[EXTERNAL]|this|{"delToHub":true,"delToProj":false,"detail":"0x4c8f11b9","invoked":false,"rejected":false,"reserved":false,"selectedTime3":"8:00","sublocations1":"0x7131a5f","www":"0x19e8d8a3","wwwById":"0x73b4455f"}|0x6531f0f9
13:44:44.0 (27618623)|STATEMENT_EXECUTE|[212]
13:44:44.0 (27620645)|STATEMENT_EXECUTE|[213]
13:44:44.0 (27621724)|STATEMENT_EXECUTE|[216]
13:44:44.0 (27655270)|SYSTEM_MODE_ENTER|true
13:44:44.0 (27676687)|HEAP_ALLOCATE|[EXTERNAL]|Bytes:80
13:44:44.0 (27711249)|VARIABLE_ASSIGNMENT|[EXTERNAL]|this|{"delToHub":true,"delToProj":false,"detail":"0x4c8f11b9","invoked":false,"rejected":false,"reserved":false,"selectedTime3":"8:00","sublocations1":"0x7131a5f","www":"0x19e8d8a3","wwwById":"0x73b4455f"}|0x6531f0f9
13:44:44.0 (27715779)|STATEMENT_EXECUTE|[21]
13:44:44.0 (27717656)|STATEMENT_EXECUTE|[22]
13:44:44.0 (27718690)|STATEMENT_EXECUTE|[26]
13:44:44.0 (28362665)|HEAP_ALLOCATE|[EXTERNAL]|Bytes:80
13:44:44.0 (28369083)|VARIABLE_SCOPE_BEGIN|[294]|this|NewDeliveredExtension|true|false
13:44:44.0 (28409211)|VARIABLE_ASSIGNMENT|[294]|this|{"delToHub":true,"delToProj":false,"detail":"0x4c8f11b9","invoked":false,"rejected":false,"reserved":false,"selectedTime3":"8:00","sublocations1":"0x7131a5f","www":"0x19e8d8a3","wwwById":"0x73b4455f"}|0x6531f0f9
13:44:44.0 (28415868)|STATEMENT_EXECUTE|[294]
13:44:44.0 (28417331)|STATEMENT_EXECUTE|[295]
13:44:44.0 (28474003)|VARIABLE_ASSIGNMENT|[EXTERNAL]|this|{"delToHub":true,"delToProj":false,"detail":"0x4c8f11b9","invoked":false,"rejected":false,"reserved":false,"selectedTime3":"8:00","sublocations1":"0x7131a5f","www":"0x19e8d8a3","wwwById":"0x73b4455f"}|0x6531f0f9
13:44:44.0 (28477680)|STATEMENT_EXECUTE|[3]
13:44:44.0 (28479940)|STATEMENT_EXECUTE|[4]
13:44:44.0 (28481333)|STATEMENT_EXECUTE|[9]
13:44:44.0 (28543284)|VARIABLE_ASSIGNMENT|[295]|this.Location__c|null|0x4c8f11b9
13:44:44.0 (28545936)|STATEMENT_EXECUTE|[296]
13:44:44.0 (28549686)|HEAP_ALLOCATE|[296]|Bytes:7
13:44:44.0 (28600072)|VARIABLE_ASSIGNMENT|[EXTERNAL]|this|{"delToHub":true,"delToProj":false,"detail":"0x4c8f11b9","invoked":false,"rejected":false,"reserved":false,"selectedTime3":"8:00","sublocations1":"0x7131a5f","www":"0x19e8d8a3","wwwById":"0x73b4455f"}|0x6531f0f9
13:44:44.0 (28603957)|STATEMENT_EXECUTE|[21]
13:44:44.0 (28605814)|STATEMENT_EXECUTE|[22]
13:44:44.0 (28606830)|STATEMENT_EXECUTE|[26]
13:44:44.0 (28651783)|HEAP_ALLOCATE|[296]|Bytes:38
13:44:44.0 (28666756)|HEAP_ALLOCATE|[296]|Bytes:45
13:44:44.0 (28684849)|USER_DEBUG|[296]|DEBUG|set wwwWWW__c:{Project__c=a0q0E0000008S3bQAE}
13:44:44.0 (28689883)|STATEMENT_EXECUTE|[297]
13:44:44.0 (28749905)|VARIABLE_ASSIGNMENT|[EXTERNAL]|this|{"delToHub":true,"delToProj":false,"detail":"0x4c8f11b9","invoked":false,"rejected":false,"reserved":false,"selectedTime3":"8:00","sublocations1":"0x7131a5f","www":"0x19e8d8a3","wwwById":"0x73b4455f"}|0x6531f0f9
13:44:44.0 (28754466)|STATEMENT_EXECUTE|[3]
13:44:44.0 (28756326)|STATEMENT_EXECUTE|[4]
13:44:44.0 (28757312)|STATEMENT_EXECUTE|[9]
13:44:44.0 (28882627)|VARIABLE_ASSIGNMENT|[EXTERNAL]|this|{"delToHub":true,"delToProj":false,"detail":"0x4c8f11b9","invoked":false,"rejected":false,"reserved":false,"selectedTime3":"8:00","sublocations1":"0x7131a5f","www":"0x19e8d8a3","wwwById":"0x73b4455f"}|0x6531f0f9
13:44:44.0 (28902953)|VARIABLE_ASSIGNMENT|[EXTERNAL]|value|{"Id":"a0t0E0000004UTyQAM","Project__c":"a0q0E0000008S3WQAU","Item__c":"a0A0E0000001PiqUAE","Hub_Building_Site__c":"a020E000000zFeUQAU","Actueel_aantal_palle (12 more) ...":0,"Name":"WWW-13537"}|0x543d429e
13:44:44.0 (28915688)|VARIABLE_ASSIGNMENT|[20]|this.www|{"Id":"a0t0E0000004UTyQAM","Project__c":"a0q0E0000008S3WQAU","Item__c":"a0A0E0000001PiqUAE","Hub_Building_Site__c":"a020E000000zFeUQAU","Actueel_aantal_palle (12 more) ...":0,"Name":"WWW-13537"}|0x6531f0f9
13:44:44.0 (28921396)|STATEMENT_EXECUTE|[298]
13:44:44.0 (28962283)|VARIABLE_ASSIGNMENT|[EXTERNAL]|this|{"delToHub":true,"delToProj":false,"detail":"0x4c8f11b9","invoked":false,"rejected":false,"reserved":false,"selectedTime3":"8:00","sublocations1":"0x7131a5f","www":"0x543d429e","wwwById":"0x73b4455f"}|0x6531f0f9
13:44:44.0 (28965716)|STATEMENT_EXECUTE|[21]
13:44:44.0 (28967295)|STATEMENT_EXECUTE|[22]
13:44:44.0 (28968313)|STATEMENT_EXECUTE|[26]
13:44:44.0 (29039267)|HEAP_ALLOCATE|[298]|Bytes:182
13:44:44.0 (29053187)|HEAP_ALLOCATE|[298]|Bytes:189
13:44:44.0 (29061977)|USER_DEBUG|[298]|DEBUG|set wwwWWW__c:{Id=a0t0E0000004UTyQAM, Project__c=a0q0E0000008S3WQAU, Item__c=a0A0E0000001PiqUAE, Hub_Building_Site__c=a020E000000zFeUQAU, Actueel_aantal_palletplaatsen__c=0, Name=WWW-13537}
13:44:44.39 (39514958)|SYSTEM_MODE_ENTER|true
13:44:44.39 (39558467)|HEAP_ALLOCATE|[EXTERNAL]|Bytes:8
13:44:44.39 (39563345)|VARIABLE_SCOPE_BEGIN|[88]|this|ApexPage.PageMessagesComponentController|true|false
13:44:44.39 (39578832)|VARIABLE_ASSIGNMENT|[88]|this|{}|0x6dbab566
13:44:44.39 (39581070)|VARIABLE_SCOPE_BEGIN|[88]|escape|Boolean|false|false
13:44:44.39 (39584086)|VARIABLE_ASSIGNMENT|[88]|escape|null
13:44:44.39 (39655128)|SYSTEM_MODE_ENTER|true
13:44:44.39 (39677115)|HEAP_ALLOCATE|[EXTERNAL]|Bytes:8
13:44:44.39 (39680950)|VARIABLE_SCOPE_BEGIN|[2]|this|ApexPage.PageMessagesComponentController|true|false
13:44:44.39 (39692986)|VARIABLE_ASSIGNMENT|[2]|this|{}|0x6dbab566
13:44:44.0 (39948979)|SYSTEM_MODE_ENTER|true
13:44:44.0 (39969788)|HEAP_ALLOCATE|[EXTERNAL]|Bytes:80
13:44:44.0 (40014198)|VARIABLE_ASSIGNMENT|[EXTERNAL]|this|{"delToHub":true,"delToProj":false,"detail":"0x4c8f11b9","invoked":false,"rejected":false,"reserved":false,"selectedTime3":"8:00","sublocations1":"0x7131a5f","www":"0x543d429e","wwwById":"0x73b4455f"}|0x6531f0f9
13:44:44.0 (40020081)|STATEMENT_EXECUTE|[196]
13:44:44.0 (40022569)|STATEMENT_EXECUTE|[197]
13:44:44.0 (40023888)|STATEMENT_EXECUTE|[200]
13:44:44.0 (40064131)|SYSTEM_MODE_ENTER|true
13:44:44.0 (40080012)|HEAP_ALLOCATE|[EXTERNAL]|Bytes:80
13:44:44.0 (40116433)|VARIABLE_ASSIGNMENT|[EXTERNAL]|this|{"delToHub":true,"delToProj":false,"detail":"0x4c8f11b9","invoked":false,"rejected":false,"reserved":false,"selectedTime3":"8:00","sublocations1":"0x7131a5f","www":"0x543d429e","wwwById":"0x73b4455f"}|0x6531f0f9
13:44:44.0 (40121502)|STATEMENT_EXECUTE|[229]
13:44:44.0 (40123442)|STATEMENT_EXECUTE|[230]
13:44:44.0 (40124554)|STATEMENT_EXECUTE|[233]
13:44:44.0 (40174309)|SYSTEM_MODE_ENTER|true
13:44:44.0 (40189271)|HEAP_ALLOCATE|[EXTERNAL]|Bytes:80
13:44:44.0 (40223519)|VARIABLE_ASSIGNMENT|[EXTERNAL]|this|{"delToHub":true,"delToProj":false,"detail":"0x4c8f11b9","invoked":false,"rejected":false,"reserved":false,"selectedTime3":"8:00","sublocations1":"0x7131a5f","www":"0x543d429e","wwwById":"0x73b4455f"}|0x6531f0f9
13:44:44.0 (40227633)|STATEMENT_EXECUTE|[3]
13:44:44.0 (40229434)|STATEMENT_EXECUTE|[4]
13:44:44.0 (40230466)|STATEMENT_EXECUTE|[9]
13:44:44.0 (42225587)|SYSTEM_MODE_ENTER|true
13:44:44.0 (42249073)|HEAP_ALLOCATE|[EXTERNAL]|Bytes:80
13:44:44.0 (42294267)|VARIABLE_ASSIGNMENT|[EXTERNAL]|this|{"delToHub":true,"delToProj":false,"detail":"0x4c8f11b9","invoked":false,"rejected":false,"reserved":false,"selectedTime3":"8:00","sublocations1":"0x7131a5f","www":"0x543d429e","wwwById":"0x73b4455f"}|0x6531f0f9
13:44:44.0 (42300570)|STATEMENT_EXECUTE|[186]
13:44:44.0 (42303281)|STATEMENT_EXECUTE|[187]
13:44:44.0 (42304561)|STATEMENT_EXECUTE|[190]
13:44:44.0 (42681847)|SYSTEM_MODE_ENTER|true
13:44:44.0 (42702241)|HEAP_ALLOCATE|[EXTERNAL]|Bytes:80
13:44:44.0 (42744646)|VARIABLE_ASSIGNMENT|[EXTERNAL]|this|{"delToHub":true,"delToProj":false,"detail":"0x4c8f11b9","invoked":false,"rejected":false,"reserved":false,"selectedTime3":"8:00","sublocations1":"0x7131a5f","www":"0x543d429e","wwwById":"0x73b4455f"}|0x6531f0f9
13:44:44.0 (42750071)|STATEMENT_EXECUTE|[204]
13:44:44.0 (42752403)|STATEMENT_EXECUTE|[205]
13:44:44.0 (42753540)|STATEMENT_EXECUTE|[208]
13:44:44.0 (42792865)|SYSTEM_MODE_ENTER|true
13:44:44.0 (42807777)|HEAP_ALLOCATE|[EXTERNAL]|Bytes:80
13:44:44.0 (42844570)|VARIABLE_ASSIGNMENT|[EXTERNAL]|this|{"delToHub":true,"delToProj":false,"detail":"0x4c8f11b9","invoked":false,"rejected":false,"reserved":false,"selectedTime3":"8:00","sublocations1":"0x7131a5f","www":"0x543d429e","wwwById":"0x73b4455f"}|0x6531f0f9
13:44:44.0 (42849192)|STATEMENT_EXECUTE|[220]
13:44:44.0 (42850996)|STATEMENT_EXECUTE|[221]
13:44:44.0 (42851992)|STATEMENT_EXECUTE|[224]
13:44:44.0 (42885073)|SYSTEM_MODE_ENTER|true
13:44:44.0 (42903192)|HEAP_ALLOCATE|[EXTERNAL]|Bytes:80
13:44:44.0 (42937774)|VARIABLE_ASSIGNMENT|[EXTERNAL]|this|{"delToHub":true,"delToProj":false,"detail":"0x4c8f11b9","invoked":false,"rejected":false,"reserved":false,"selectedTime3":"8:00","sublocations1":"0x7131a5f","www":"0x543d429e","wwwById":"0x73b4455f"}|0x6531f0f9
13:44:44.0 (42941872)|STATEMENT_EXECUTE|[212]
13:44:44.0 (42943545)|STATEMENT_EXECUTE|[213]
13:44:44.0 (42944517)|STATEMENT_EXECUTE|[216]
13:44:44.0 (42993983)|SYSTEM_MODE_ENTER|true
13:44:44.0 (43008516)|HEAP_ALLOCATE|[EXTERNAL]|Bytes:80
13:44:44.0 (43043390)|VARIABLE_ASSIGNMENT|[EXTERNAL]|this|{"delToHub":true,"delToProj":false,"detail":"0x4c8f11b9","invoked":false,"rejected":false,"reserved":false,"selectedTime3":"8:00","sublocations1":"0x7131a5f","www":"0x543d429e","wwwById":"0x73b4455f"}|0x6531f0f9
13:44:44.0 (43047814)|STATEMENT_EXECUTE|[21]
13:44:44.0 (43049508)|STATEMENT_EXECUTE|[22]
13:44:44.0 (43050666)|STATEMENT_EXECUTE|[26]
13:44:44.0 (53170092)|VF_SERIALIZE_VIEWSTATE_BEGIN|06624000003h0Dg
13:44:44.0 (56925509)|VF_SERIALIZE_VIEWSTATE_END
13:44:44.59 (59535875)|CUMULATIVE_LIMIT_USAGE
13:44:44.59 (59535875)|LIMIT_USAGE_FOR_NS|(default)|
  Number of SOQL queries: 0 out of 100
  Number of query rows: 0 out of 50000
  Number of SOSL queries: 0 out of 20
  Number of DML statements: 0 out of 150
  Number of DML rows: 0 out of 10000
  Maximum CPU time: 0 out of 10000
  Maximum heap size: 0 out of 6000000
  Number of callouts: 0 out of 100
  Number of Email Invocations: 0 out of 10
  Number of future calls: 0 out of 50
  Number of queueable jobs added to the queue: 0 out of 50
  Number of Mobile Apex push calls: 0 out of 10

13:44:44.59 (59535875)|CUMULATIVE_LIMIT_USAGE_END

13:44:44.0 (59566653)|CODE_UNIT_FINISHED|VF: /apex/New_delivered_detail
13:44:44.0 (60312283)|EXECUTION_FINISHED
