37.0 APEX_CODE,FINEST;APEX_PROFILING,INFO;CALLOUT,INFO;DB,INFO;SYSTEM,DEBUG;VALIDATION,INFO;VISUALFORCE,INFO;WORKFLOW,INFO
17:12:09.0 (61798)|USER_INFO|[EXTERNAL]|00524000001e3Uj|bedrijfsbureau@gsa.nl.sandbox|Midden-Europese standaardtijd|GMT+01:00
17:12:09.0 (92916)|EXECUTION_STARTED
17:12:09.0 (96804)|CODE_UNIT_STARTED|[EXTERNAL]|FutureHandler - state load
17:12:09.0 (2332159)|CODE_UNIT_FINISHED|FutureHandler - state load
17:12:09.0 (3102684)|EXECUTION_FINISHED
17:12:09.11 (11668440)|USER_INFO|[EXTERNAL]|00524000001e3Uj|bedrijfsbureau@gsa.nl.sandbox|Midden-Europese standaardtijd|GMT+01:00
17:12:09.11 (11676137)|EXECUTION_STARTED
17:12:09.11 (11678620)|CODE_UNIT_STARTED|[EXTERNAL]|01p2400000DcTyQ|ProjectUtil.addShares
17:12:09.11 (11833779)|HEAP_ALLOCATE|[72]|Bytes:3
17:12:09.11 (11871658)|HEAP_ALLOCATE|[77]|Bytes:152
17:12:09.11 (11887700)|HEAP_ALLOCATE|[342]|Bytes:408
17:12:09.11 (11902473)|HEAP_ALLOCATE|[355]|Bytes:408
17:12:09.11 (11915742)|HEAP_ALLOCATE|[467]|Bytes:48
17:12:09.11 (11942338)|HEAP_ALLOCATE|[139]|Bytes:6
17:12:09.11 (11996959)|HEAP_ALLOCATE|[EXTERNAL]|Bytes:14
17:12:09.11 (12000648)|HEAP_ALLOCATE|[EXTERNAL]|Bytes:23
17:12:09.11 (12007452)|METHOD_ENTRY|[1]|01p2400000DcTyQ|ProjectUtil.ProjectUtil()
17:12:09.11 (12011413)|STATEMENT_EXECUTE|[1]
17:12:09.11 (12016392)|STATEMENT_EXECUTE|[1]
17:12:09.11 (12020566)|METHOD_EXIT|[1]|ProjectUtil
17:12:09.11 (12049769)|HEAP_ALLOCATE|[EXTERNAL]|Bytes:8
17:12:09.11 (12056216)|VARIABLE_SCOPE_BEGIN|[104]|projectsIds|Set<Id>|true|false
17:12:09.11 (12087551)|VARIABLE_ASSIGNMENT|[104]|projectsIds|{"s":1,"v":["a0q0E0000008S3WQAU"]}|0x7d4a4939
17:12:09.11 (12096172)|STATEMENT_EXECUTE|[104]
17:12:09.11 (12097512)|STATEMENT_EXECUTE|[105]
17:12:09.11 (12100831)|HEAP_ALLOCATE|[105]|Bytes:59
17:12:09.11 (12111330)|HEAP_ALLOCATE|[105]|Bytes:4
17:12:09.11 (12122341)|HEAP_ALLOCATE|[105]|Bytes:7
17:12:09.11 (12165763)|HEAP_ALLOCATE|[50]|Bytes:5
17:12:09.11 (12187045)|HEAP_ALLOCATE|[56]|Bytes:5
17:12:09.11 (12192474)|HEAP_ALLOCATE|[64]|Bytes:7
17:12:09.11 (12230673)|HEAP_ALLOCATE|[105]|Bytes:8
17:12:09.11 (12236377)|HEAP_ALLOCATE|[105]|Bytes:8
17:12:09.11 (12658891)|SOQL_EXECUTE_BEGIN|[105]|Aggregations:0|SELECT Id, Account__c FROM Projecten__c WHERE id = :tmpVar1
17:12:09.11 (14146896)|SOQL_EXECUTE_END|[105]|Rows:1
17:12:09.11 (14164881)|HEAP_ALLOCATE|[105]|Bytes:8
17:12:09.11 (14180773)|HEAP_ALLOCATE|[105]|Bytes:61
17:12:09.11 (14246717)|HEAP_ALLOCATE|[105]|Bytes:8
17:12:09.11 (14257641)|VARIABLE_SCOPE_BEGIN|[105]|projects|List<Projecten__c>|true|false
17:12:09.11 (14286395)|VARIABLE_ASSIGNMENT|[105]|projects|{"s":1,"v":[{"s":2,"v":{"Id":"a0q0E0000008S3WQAU","Account__c":"0010E000002eEwIQAU"}}]}|0x4202c672
17:12:09.11 (14290376)|STATEMENT_EXECUTE|[106]
17:12:09.11 (14296692)|HEAP_ALLOCATE|[106]|Bytes:4
17:12:09.11 (14330968)|VARIABLE_SCOPE_BEGIN|[106]|accIds|Set<Id>|true|false
17:12:09.11 (14354009)|VARIABLE_ASSIGNMENT|[106]|accIds|{"s":1,"v":[]}|0x66699006
17:12:09.11 (14356877)|STATEMENT_EXECUTE|[107]
17:12:09.11 (14360224)|HEAP_ALLOCATE|[107]|Bytes:4
17:12:09.11 (14373511)|VARIABLE_SCOPE_BEGIN|[107]|prIds|Set<Id>|true|false
17:12:09.11 (14384088)|VARIABLE_ASSIGNMENT|[107]|prIds|{"s":1,"v":[]}|0x60c40f14
17:12:09.11 (14568013)|HEAP_ALLOCATE|[108]|Bytes:5
17:12:09.11 (14603788)|HEAP_ALLOCATE|[108]|Bytes:12
17:12:09.11 (14612727)|VARIABLE_SCOPE_BEGIN|[108]|pr|Projecten__c|true|false
17:12:09.11 (14626250)|VARIABLE_ASSIGNMENT|[108]|pr|{"s":1,"v":{"Id":"a0q0E0000008S3WQAU","Account__c":"0010E000002eEwIQAU"}}|0x4e9210e8
17:12:09.11 (14630177)|STATEMENT_EXECUTE|[108]
17:12:09.11 (14631676)|STATEMENT_EXECUTE|[109]
17:12:09.11 (14682256)|HEAP_ALLOCATE|[EXTERNAL]|Bytes:4
17:12:09.11 (14689313)|STATEMENT_EXECUTE|[110]
17:12:09.11 (14720476)|HEAP_ALLOCATE|[EXTERNAL]|Bytes:4
17:12:09.11 (14732576)|HEAP_ALLOCATE|[108]|Bytes:5
17:12:09.11 (14743392)|VARIABLE_ASSIGNMENT|[108]|pr|null|
17:12:09.11 (14746465)|STATEMENT_EXECUTE|[112]
17:12:09.11 (14749092)|HEAP_ALLOCATE|[112]|Bytes:85
17:12:09.11 (14753912)|HEAP_ALLOCATE|[112]|Bytes:4
17:12:09.11 (14777883)|HEAP_ALLOCATE|[112]|Bytes:8
17:12:09.11 (14782543)|HEAP_ALLOCATE|[112]|Bytes:8
17:12:09.11 (15772941)|SOQL_EXECUTE_BEGIN|[112]|Aggregations:0|SELECT Id, AccountId__c FROM User WHERE (AccountId__c = :tmpVar1 AND isActive = TRUE)
17:12:09.11 (18175901)|SOQL_EXECUTE_END|[112]|Rows:0
17:12:09.11 (18193214)|HEAP_ALLOCATE|[112]|Bytes:4
17:12:09.11 (18200117)|HEAP_ALLOCATE|[112]|Bytes:0
17:12:09.11 (18244460)|HEAP_ALLOCATE|[112]|Bytes:4
17:12:09.11 (18252982)|VARIABLE_SCOPE_BEGIN|[112]|users|List<User>|true|false
17:12:09.11 (18266344)|VARIABLE_ASSIGNMENT|[112]|users|{"s":1,"v":[]}|0x5068d3c6
17:12:09.11 (18269550)|STATEMENT_EXECUTE|[113]
17:12:09.11 (18300716)|HEAP_ALLOCATE|[113]|Bytes:4
17:12:09.11 (18327032)|VARIABLE_SCOPE_BEGIN|[113]|userByAccId|Map<Id,List<User>>|true|false
17:12:09.11 (18339291)|VARIABLE_ASSIGNMENT|[113]|userByAccId|{"s":1,"v":{}}|0x7a3e894c
17:12:09.11 (18341555)|STATEMENT_EXECUTE|[114]
17:12:09.11 (18345241)|HEAP_ALLOCATE|[114]|Bytes:4
17:12:09.11 (18366575)|VARIABLE_SCOPE_BEGIN|[114]|usersIds|Set<Id>|true|false
17:12:09.11 (18378163)|VARIABLE_ASSIGNMENT|[114]|usersIds|{"s":1,"v":[]}|0x728169e8
17:12:09.11 (18470714)|HEAP_ALLOCATE|[115]|Bytes:5
17:12:09.11 (18492378)|VARIABLE_ASSIGNMENT|[115]|u|null|
17:12:09.11 (18495330)|STATEMENT_EXECUTE|[115]
17:12:09.11 (18497025)|STATEMENT_EXECUTE|[123]
17:12:09.11 (18500129)|HEAP_ALLOCATE|[123]|Bytes:57
17:12:09.11 (18505046)|HEAP_ALLOCATE|[123]|Bytes:4
17:12:09.11 (18527785)|HEAP_ALLOCATE|[123]|Bytes:8
17:12:09.11 (18532397)|HEAP_ALLOCATE|[123]|Bytes:8
17:12:09.11 (18772490)|SOQL_EXECUTE_BEGIN|[123]|Aggregations:0|SELECT Id FROM Projecten__Share WHERE ParentId = :tmpVar1
17:12:09.11 (20705940)|SOQL_EXECUTE_END|[123]|Rows:1
17:12:09.11 (20726094)|HEAP_ALLOCATE|[123]|Bytes:8
17:12:09.11 (20734899)|HEAP_ALLOCATE|[123]|Bytes:29
17:12:09.11 (20788881)|HEAP_ALLOCATE|[123]|Bytes:8
17:12:09.11 (20798009)|VARIABLE_SCOPE_BEGIN|[123]|shares|List<Projecten__Share>|true|false
17:12:09.11 (20816967)|VARIABLE_ASSIGNMENT|[123]|shares|{"s":1,"v":[{"s":2,"v":{"Id":"02c0E000001BxwxQAC"}}]}|0xd076d9c
17:12:09.11 (20820443)|STATEMENT_EXECUTE|[124]
17:12:09.11 (20821840)|STATEMENT_EXECUTE|[124]
17:12:09.11 (20822957)|STATEMENT_EXECUTE|[125]
17:12:09.11 (20879871)|DML_BEGIN|[125]|Op:Delete|Type:Projecten__Share|Rows:1
17:12:09.11 (20897913)|HEAP_ALLOCATE|[EXTERNAL]|Bytes:8
17:12:09.11 (29073901)|DML_END|[125]
17:12:09.11 (29126174)|HEAP_ALLOCATE|[EXTERNAL]|Bytes:8
17:12:09.11 (29137551)|STATEMENT_EXECUTE|[130]
17:12:09.11 (29143881)|HEAP_ALLOCATE|[130]|Bytes:4
17:12:09.11 (29181771)|VARIABLE_SCOPE_BEGIN|[130]|toInsert|List<Projecten__Share>|true|false
17:12:09.11 (29189694)|HEAP_ALLOCATE|[EXTERNAL]|Bytes:4
17:12:09.11 (29199998)|VARIABLE_ASSIGNMENT|[130]|toInsert|{"s":1,"v":[]}|0x4775b23d
17:12:09.11 (29230419)|HEAP_ALLOCATE|[131]|Bytes:5
17:12:09.11 (29240565)|HEAP_ALLOCATE|[131]|Bytes:12
17:12:09.11 (29246534)|VARIABLE_SCOPE_BEGIN|[131]|pr|Projecten__c|true|false
17:12:09.11 (29259489)|VARIABLE_ASSIGNMENT|[131]|pr|{"s":1,"v":{"Id":"a0q0E0000008S3WQAU","Account__c":"0010E000002eEwIQAU"}}|0x4e9210e8
17:12:09.11 (29262945)|STATEMENT_EXECUTE|[131]
17:12:09.11 (29264495)|STATEMENT_EXECUTE|[132]
17:12:09.11 (29315525)|USER_DEBUG|[132]|DEBUG|null
17:12:09.11 (29340467)|STATEMENT_EXECUTE|[133]
17:12:09.11 (29349277)|HEAP_ALLOCATE|[131]|Bytes:5
17:12:09.11 (29358530)|VARIABLE_ASSIGNMENT|[131]|pr|null|
17:12:09.11 (29360984)|STATEMENT_EXECUTE|[142]
17:12:09.11 (29426199)|HEAP_ALLOCATE|[EXTERNAL]|Bytes:4
17:12:09.11 (29431429)|STATEMENT_EXECUTE|[143]
17:12:09.11 (29434737)|HEAP_ALLOCATE|[143]|Bytes:9
17:12:09.11 (29476584)|HEAP_ALLOCATE|[143]|Bytes:2
17:12:09.11 (29491615)|HEAP_ALLOCATE|[143]|Bytes:11
17:12:09.11 (29499869)|USER_DEBUG|[143]|DEBUG|toInsert ()
17:12:09.29 (29509170)|CUMULATIVE_LIMIT_USAGE
17:12:09.29 (29509170)|LIMIT_USAGE_FOR_NS|(default)|
  Number of SOQL queries: 3 out of 200
  Number of query rows: 2 out of 50000
  Number of SOSL queries: 0 out of 20
  Number of DML statements: 1 out of 150
  Number of DML rows: 1 out of 10000
  Maximum CPU time: 0 out of 60000
  Maximum heap size: 0 out of 12000000
  Number of callouts: 0 out of 100
  Number of Email Invocations: 0 out of 10
  Number of future calls: 0 out of 50
  Number of queueable jobs added to the queue: 0 out of 1
  Number of Mobile Apex push calls: 0 out of 10

17:12:09.29 (29509170)|CUMULATIVE_LIMIT_USAGE_END

17:12:09.11 (29537532)|CODE_UNIT_FINISHED|ProjectUtil.addShares
17:12:09.11 (30304302)|EXECUTION_FINISHED
