38.0 APEX_CODE,FINEST;APEX_PROFILING,INFO;CALLOUT,INFO;DB,INFO;SYSTEM,DEBUG;VALIDATION,INFO;VISUALFORCE,INFO;WAVE,INFO;WORKFLOW,INFO
12:06:27.0 (292103)|USER_INFO|[EXTERNAL]|00524000001e3Uj|bedrijfsbureau@gsa.nl.sandbox|Midden-Europese standaardtijd|GMT+01:00
12:06:27.0 (313775)|EXECUTION_STARTED
12:06:27.0 (317772)|CODE_UNIT_STARTED|[EXTERNAL]|06624000003h0Dg|VF: /apex/New_delivered_detail
12:06:27.0 (450448)|VF_DESERIALIZE_VIEWSTATE_BEGIN|06624000003h0Dg
12:06:27.0 (5436443)|HEAP_ALLOCATE|[72]|Bytes:3
12:06:27.0 (5485489)|HEAP_ALLOCATE|[77]|Bytes:152
12:06:27.0 (5499630)|HEAP_ALLOCATE|[342]|Bytes:408
12:06:27.0 (5513843)|HEAP_ALLOCATE|[355]|Bytes:408
12:06:27.0 (5526801)|HEAP_ALLOCATE|[467]|Bytes:48
12:06:27.0 (5553193)|HEAP_ALLOCATE|[139]|Bytes:6
12:06:27.0 (5588343)|HEAP_ALLOCATE|[50]|Bytes:5
12:06:27.0 (5608985)|HEAP_ALLOCATE|[56]|Bytes:5
12:06:27.0 (5615253)|HEAP_ALLOCATE|[64]|Bytes:7
12:06:27.0 (9811735)|VF_DESERIALIZE_VIEWSTATE_END
12:06:27.10 (10748740)|SYSTEM_MODE_ENTER|true
12:06:27.10 (10804255)|HEAP_ALLOCATE|[EXTERNAL]|Bytes:38
12:06:27.10 (10809852)|HEAP_ALLOCATE|[EXTERNAL]|Bytes:7
12:06:27.10 (10818671)|SYSTEM_METHOD_ENTRY|[1]|PageMessagesComponentController.PageMessagesComponentController()
12:06:27.10 (10822106)|STATEMENT_EXECUTE|[1]
12:06:27.11 (11532382)|SYSTEM_MODE_ENTER|true
12:06:27.11 (11573773)|HEAP_ALLOCATE|[EXTERNAL]|Bytes:8
12:06:27.11 (11579239)|VARIABLE_SCOPE_BEGIN|[88]|this|ApexPage.PageMessagesComponentController|true|false
12:06:27.11 (11607780)|VARIABLE_ASSIGNMENT|[88]|this|{}|0x40597aad
12:06:27.11 (11610397)|VARIABLE_SCOPE_BEGIN|[88]|escape|Boolean|false|false
12:06:27.11 (11614680)|VARIABLE_ASSIGNMENT|[88]|escape|null
12:06:27.0 (11820557)|SYSTEM_MODE_ENTER|true
12:06:27.0 (11983527)|HEAP_ALLOCATE|[EXTERNAL]|Bytes:11
12:06:27.0 (11990722)|HEAP_ALLOCATE|[EXTERNAL]|Bytes:408
12:06:27.0 (11993863)|HEAP_ALLOCATE|[EXTERNAL]|Bytes:120
12:06:27.0 (11996316)|HEAP_ALLOCATE|[EXTERNAL]|Bytes:108
12:06:27.0 (12002771)|METHOD_ENTRY|[1]|01p2400000DUtXT|NewDeliveredExtension.NewDeliveredExtension()
12:06:27.0 (12005915)|STATEMENT_EXECUTE|[1]
12:06:27.0 (12009365)|STATEMENT_EXECUTE|[1]
12:06:27.0 (12010651)|STATEMENT_EXECUTE|[527]
12:06:27.0 (12014491)|METHOD_EXIT|[1]|NewDeliveredExtension
12:06:27.0 (12018209)|HEAP_ALLOCATE|[EXTERNAL]|Bytes:80
12:06:27.0 (12092467)|VARIABLE_ASSIGNMENT|[EXTERNAL]|this|{"delToHub":true,"delToProj":false,"detail":"0x61515c7a","invoked":false,"rejected":false,"reserved":false,"selectedTime3":"8:00","sublocations1":"0x3c86d775","www":"0x56f3c819","wwwById":"0x41febfa4"}|0x6ce0dffb
12:06:27.0 (12098696)|STATEMENT_EXECUTE|[196]
12:06:27.0 (12102584)|STATEMENT_EXECUTE|[197]
12:06:27.0 (12105036)|STATEMENT_EXECUTE|[200]
12:06:27.0 (12161496)|SYSTEM_MODE_ENTER|true
12:06:27.0 (12181038)|HEAP_ALLOCATE|[EXTERNAL]|Bytes:80
12:06:27.0 (12218277)|VARIABLE_ASSIGNMENT|[EXTERNAL]|this|{"delToHub":true,"delToProj":false,"detail":"0x61515c7a","invoked":false,"rejected":false,"reserved":false,"selectedTime3":"8:00","sublocations1":"0x3c86d775","www":"0x56f3c819","wwwById":"0x41febfa4"}|0x6ce0dffb
12:06:27.0 (12223458)|STATEMENT_EXECUTE|[229]
12:06:27.0 (12226102)|STATEMENT_EXECUTE|[230]
12:06:27.0 (12227431)|STATEMENT_EXECUTE|[233]
12:06:27.0 (12308015)|SYSTEM_MODE_ENTER|true
12:06:27.0 (12348048)|HEAP_ALLOCATE|[EXTERNAL]|Bytes:80
12:06:27.0 (12385422)|VARIABLE_ASSIGNMENT|[EXTERNAL]|this|{"delToHub":true,"delToProj":false,"detail":"0x61515c7a","invoked":false,"rejected":false,"reserved":false,"selectedTime3":"8:00","sublocations1":"0x3c86d775","www":"0x56f3c819","wwwById":"0x41febfa4"}|0x6ce0dffb
12:06:27.0 (12390983)|STATEMENT_EXECUTE|[3]
12:06:27.0 (12394305)|STATEMENT_EXECUTE|[4]
12:06:27.0 (12395821)|STATEMENT_EXECUTE|[9]
12:06:27.0 (21103491)|SYSTEM_MODE_ENTER|true
12:06:27.0 (21131903)|HEAP_ALLOCATE|[EXTERNAL]|Bytes:80
12:06:27.0 (21176845)|VARIABLE_ASSIGNMENT|[EXTERNAL]|this|{"delToHub":true,"delToProj":false,"detail":"0x61515c7a","invoked":false,"rejected":false,"reserved":false,"selectedTime3":"8:00","sublocations1":"0x3c86d775","www":"0x56f3c819","wwwById":"0x41febfa4"}|0x6ce0dffb
12:06:27.0 (21183541)|STATEMENT_EXECUTE|[186]
12:06:27.0 (21186856)|STATEMENT_EXECUTE|[187]
12:06:27.0 (21188214)|STATEMENT_EXECUTE|[190]
12:06:27.0 (21666832)|SYSTEM_MODE_ENTER|true
12:06:27.0 (21691059)|HEAP_ALLOCATE|[EXTERNAL]|Bytes:80
12:06:27.0 (21734499)|VARIABLE_ASSIGNMENT|[EXTERNAL]|this|{"delToHub":true,"delToProj":false,"detail":"0x61515c7a","invoked":false,"rejected":false,"reserved":false,"selectedTime3":"8:00","sublocations1":"0x3c86d775","www":"0x56f3c819","wwwById":"0x41febfa4"}|0x6ce0dffb
12:06:27.0 (21741392)|STATEMENT_EXECUTE|[204]
12:06:27.0 (21744592)|STATEMENT_EXECUTE|[205]
12:06:27.0 (21746059)|STATEMENT_EXECUTE|[208]
12:06:27.0 (21793729)|SYSTEM_MODE_ENTER|true
12:06:27.0 (21811857)|HEAP_ALLOCATE|[EXTERNAL]|Bytes:80
12:06:27.0 (21848683)|VARIABLE_ASSIGNMENT|[EXTERNAL]|this|{"delToHub":true,"delToProj":false,"detail":"0x61515c7a","invoked":false,"rejected":false,"reserved":false,"selectedTime3":"8:00","sublocations1":"0x3c86d775","www":"0x56f3c819","wwwById":"0x41febfa4"}|0x6ce0dffb
12:06:27.0 (21853533)|STATEMENT_EXECUTE|[220]
12:06:27.0 (21855949)|STATEMENT_EXECUTE|[221]
12:06:27.0 (21857241)|STATEMENT_EXECUTE|[224]
12:06:27.0 (21898489)|SYSTEM_MODE_ENTER|true
12:06:27.0 (21914873)|HEAP_ALLOCATE|[EXTERNAL]|Bytes:80
12:06:27.0 (21948299)|VARIABLE_ASSIGNMENT|[EXTERNAL]|this|{"delToHub":true,"delToProj":false,"detail":"0x61515c7a","invoked":false,"rejected":false,"reserved":false,"selectedTime3":"8:00","sublocations1":"0x3c86d775","www":"0x56f3c819","wwwById":"0x41febfa4"}|0x6ce0dffb
12:06:27.0 (21952779)|STATEMENT_EXECUTE|[212]
12:06:27.0 (21955289)|STATEMENT_EXECUTE|[213]
12:06:27.0 (21956662)|STATEMENT_EXECUTE|[216]
12:06:27.0 (22020652)|SYSTEM_MODE_ENTER|true
12:06:27.0 (22043808)|HEAP_ALLOCATE|[EXTERNAL]|Bytes:80
12:06:27.0 (22079085)|VARIABLE_ASSIGNMENT|[EXTERNAL]|this|{"delToHub":true,"delToProj":false,"detail":"0x61515c7a","invoked":false,"rejected":false,"reserved":false,"selectedTime3":"8:00","sublocations1":"0x3c86d775","www":"0x56f3c819","wwwById":"0x41febfa4"}|0x6ce0dffb
12:06:27.0 (22084356)|STATEMENT_EXECUTE|[21]
12:06:27.0 (22086712)|STATEMENT_EXECUTE|[22]
12:06:27.0 (22088098)|STATEMENT_EXECUTE|[26]
12:06:27.0 (30671002)|SYSTEM_MODE_ENTER|true
12:06:27.0 (30701301)|HEAP_ALLOCATE|[EXTERNAL]|Bytes:80
12:06:27.0 (30706805)|VARIABLE_SCOPE_BEGIN|[48]|this|NewDeliveredExtension|true|false
12:06:27.0 (30748437)|VARIABLE_ASSIGNMENT|[48]|this|{"delToHub":true,"delToProj":false,"detail":"0x61515c7a","invoked":false,"rejected":false,"reserved":false,"selectedTime3":"8:00","sublocations1":"0x3c86d775","www":"0x56f3c819","wwwById":"0x41febfa4"}|0x6ce0dffb
12:06:27.0 (30756247)|STATEMENT_EXECUTE|[48]
12:06:27.0 (30757899)|STATEMENT_EXECUTE|[49]
12:06:27.0 (30762245)|HEAP_ALLOCATE|[49]|Bytes:4
12:06:27.0 (30786660)|VARIABLE_SCOPE_BEGIN|[49]|options|List<System.SelectOption>|true|false
12:06:27.0 (30807715)|HEAP_ALLOCATE|[EXTERNAL]|Bytes:4
12:06:27.0 (30815097)|VARIABLE_ASSIGNMENT|[49]|options|[]|0x5024f8ec
12:06:27.0 (30818401)|STATEMENT_EXECUTE|[50]
12:06:27.0 (30822849)|VARIABLE_SCOPE_BEGIN|[50]|i|Integer|false|false
12:06:27.0 (30826839)|HEAP_ALLOCATE|[50]|Bytes:4
12:06:27.0 (30831334)|VARIABLE_ASSIGNMENT|[50]|i|0
12:06:27.0 (30836272)|STATEMENT_EXECUTE|[50]
12:06:27.0 (30837611)|STATEMENT_EXECUTE|[51]
12:06:27.0 (30839194)|VARIABLE_SCOPE_BEGIN|[51]|j|Integer|false|false
12:06:27.0 (30841104)|HEAP_ALLOCATE|[51]|Bytes:4
12:06:27.0 (30843532)|VARIABLE_ASSIGNMENT|[51]|j|0
12:06:27.0 (30845582)|STATEMENT_EXECUTE|[51]
12:06:27.0 (30848047)|STATEMENT_EXECUTE|[52]
12:06:27.0 (30849179)|STATEMENT_EXECUTE|[53]
12:06:27.0 (30893386)|HEAP_ALLOCATE|[53]|Bytes:1
12:06:27.0 (30902354)|HEAP_ALLOCATE|[53]|Bytes:2
12:06:27.0 (30908745)|HEAP_ALLOCATE|[53]|Bytes:1
12:06:27.0 (30919598)|HEAP_ALLOCATE|[53]|Bytes:4
12:06:27.0 (30925044)|HEAP_ALLOCATE|[53]|Bytes:1
12:06:27.0 (30932326)|HEAP_ALLOCATE|[53]|Bytes:1
12:06:27.0 (30937455)|HEAP_ALLOCATE|[53]|Bytes:4
12:06:27.0 (30964705)|HEAP_ALLOCATE|[EXTERNAL]|Bytes:4
12:06:27.0 (30971180)|HEAP_ALLOCATE|[51]|Bytes:4
12:06:27.0 (30976042)|VARIABLE_ASSIGNMENT|[51]|j|30
12:06:27.0 (30978999)|STATEMENT_EXECUTE|[51]
12:06:27.0 (30980582)|STATEMENT_EXECUTE|[54]
12:06:27.0 (30981842)|STATEMENT_EXECUTE|[55]
12:06:27.0 (30997050)|HEAP_ALLOCATE|[55]|Bytes:1
12:06:27.0 (31003137)|HEAP_ALLOCATE|[55]|Bytes:1
12:06:27.0 (31009204)|HEAP_ALLOCATE|[55]|Bytes:2
12:06:27.0 (31014828)|HEAP_ALLOCATE|[55]|Bytes:4
12:06:27.0 (31019853)|HEAP_ALLOCATE|[55]|Bytes:1
12:06:27.0 (31027075)|HEAP_ALLOCATE|[55]|Bytes:2
12:06:27.0 (31031956)|HEAP_ALLOCATE|[55]|Bytes:4
12:06:27.0 (31043455)|HEAP_ALLOCATE|[EXTERNAL]|Bytes:4
12:06:27.0 (31047824)|HEAP_ALLOCATE|[51]|Bytes:4
12:06:27.0 (31051845)|VARIABLE_ASSIGNMENT|[51]|j|60
12:06:27.0 (31055758)|HEAP_ALLOCATE|[50]|Bytes:4
12:06:27.0 (31058818)|VARIABLE_ASSIGNMENT|[50]|i|1
12:06:27.0 (31061365)|STATEMENT_EXECUTE|[50]
12:06:27.0 (31062753)|STATEMENT_EXECUTE|[51]
12:06:27.0 (31064637)|VARIABLE_SCOPE_BEGIN|[51]|j|Integer|false|false
12:06:27.0 (31066496)|HEAP_ALLOCATE|[51]|Bytes:4
12:06:27.0 (31068872)|VARIABLE_ASSIGNMENT|[51]|j|0
12:06:27.0 (31070413)|STATEMENT_EXECUTE|[51]
12:06:27.0 (31071836)|STATEMENT_EXECUTE|[52]
12:06:27.0 (31072854)|STATEMENT_EXECUTE|[53]
12:06:27.0 (31079946)|HEAP_ALLOCATE|[53]|Bytes:1
12:06:27.0 (31087709)|HEAP_ALLOCATE|[53]|Bytes:1
12:06:27.0 (31092835)|HEAP_ALLOCATE|[53]|Bytes:4
12:06:27.0 (31097552)|HEAP_ALLOCATE|[53]|Bytes:1
12:06:27.0 (31104482)|HEAP_ALLOCATE|[53]|Bytes:1
12:06:27.0 (31109226)|HEAP_ALLOCATE|[53]|Bytes:4
12:06:27.0 (31114664)|HEAP_ALLOCATE|[EXTERNAL]|Bytes:4
12:06:27.0 (31118327)|HEAP_ALLOCATE|[51]|Bytes:4
12:06:27.0 (31121189)|VARIABLE_ASSIGNMENT|[51]|j|30
12:06:27.0 (31123125)|STATEMENT_EXECUTE|[51]
12:06:27.0 (31124756)|STATEMENT_EXECUTE|[54]
12:06:27.0 (31125845)|STATEMENT_EXECUTE|[55]
12:06:27.0 (31131722)|HEAP_ALLOCATE|[55]|Bytes:1
12:06:27.0 (31139123)|HEAP_ALLOCATE|[55]|Bytes:2
12:06:27.0 (31144161)|HEAP_ALLOCATE|[55]|Bytes:4
12:06:27.0 (31148896)|HEAP_ALLOCATE|[55]|Bytes:1
12:06:27.0 (31155800)|HEAP_ALLOCATE|[55]|Bytes:2
12:06:27.0 (31160615)|HEAP_ALLOCATE|[55]|Bytes:4
12:06:27.0 (31165195)|HEAP_ALLOCATE|[EXTERNAL]|Bytes:4
12:06:27.0 (31168401)|HEAP_ALLOCATE|[51]|Bytes:4
12:06:27.0 (31171152)|VARIABLE_ASSIGNMENT|[51]|j|60
12:06:27.0 (31173100)|HEAP_ALLOCATE|[50]|Bytes:4
12:06:27.0 (31175441)|VARIABLE_ASSIGNMENT|[50]|i|2
12:06:27.0 (31190306)|STATEMENT_EXECUTE|[50]
12:06:27.0 (31191776)|STATEMENT_EXECUTE|[51]
12:06:27.0 (31193786)|VARIABLE_SCOPE_BEGIN|[51]|j|Integer|false|false
12:06:27.0 (31195607)|HEAP_ALLOCATE|[51]|Bytes:4
12:06:27.0 (31198199)|VARIABLE_ASSIGNMENT|[51]|j|0
12:06:27.0 (31199761)|STATEMENT_EXECUTE|[51]
12:06:27.0 (31201134)|STATEMENT_EXECUTE|[52]
12:06:27.0 (31202487)|STATEMENT_EXECUTE|[53]
12:06:27.0 (31209877)|HEAP_ALLOCATE|[53]|Bytes:1
12:06:27.0 (31217490)|HEAP_ALLOCATE|[53]|Bytes:1
12:06:27.0 (31222540)|HEAP_ALLOCATE|[53]|Bytes:4
12:06:27.0 (31227194)|HEAP_ALLOCATE|[53]|Bytes:1
12:06:27.0 (31234153)|HEAP_ALLOCATE|[53]|Bytes:1
12:06:27.0 (31238875)|HEAP_ALLOCATE|[53]|Bytes:4
12:06:27.0 (31244086)|HEAP_ALLOCATE|[EXTERNAL]|Bytes:4
12:06:27.0 (31254405)|HEAP_ALLOCATE|[51]|Bytes:4
12:06:27.0 (31257592)|VARIABLE_ASSIGNMENT|[51]|j|30
12:06:27.0 (31259893)|STATEMENT_EXECUTE|[51]
12:06:27.0 (31261489)|STATEMENT_EXECUTE|[54]
12:06:27.0 (31262495)|STATEMENT_EXECUTE|[55]
12:06:27.0 (31268704)|HEAP_ALLOCATE|[55]|Bytes:1
12:06:27.0 (31276127)|HEAP_ALLOCATE|[55]|Bytes:2
12:06:27.0 (31281070)|HEAP_ALLOCATE|[55]|Bytes:4
12:06:27.0 (31285877)|HEAP_ALLOCATE|[55]|Bytes:1
12:06:27.0 (31292957)|HEAP_ALLOCATE|[55]|Bytes:2
12:06:27.0 (31297719)|HEAP_ALLOCATE|[55]|Bytes:4
12:06:27.0 (31302396)|HEAP_ALLOCATE|[EXTERNAL]|Bytes:4
12:06:27.0 (31305643)|HEAP_ALLOCATE|[51]|Bytes:4
12:06:27.0 (31308651)|VARIABLE_ASSIGNMENT|[51]|j|60
12:06:27.0 (31310750)|HEAP_ALLOCATE|[50]|Bytes:4
12:06:27.0 (31313085)|VARIABLE_ASSIGNMENT|[50]|i|3
12:06:27.0 (31314855)|STATEMENT_EXECUTE|[50]
12:06:27.0 (31316160)|STATEMENT_EXECUTE|[51]
12:06:27.0 (31317715)|VARIABLE_SCOPE_BEGIN|[51]|j|Integer|false|false
12:06:27.0 (31319413)|HEAP_ALLOCATE|[51]|Bytes:4
12:06:27.0 (31321664)|VARIABLE_ASSIGNMENT|[51]|j|0
12:06:27.0 (31323208)|STATEMENT_EXECUTE|[51]
12:06:27.0 (31324534)|STATEMENT_EXECUTE|[52]
12:06:27.0 (31325544)|STATEMENT_EXECUTE|[53]
12:06:27.0 (31331262)|HEAP_ALLOCATE|[53]|Bytes:1
12:06:27.0 (31338625)|HEAP_ALLOCATE|[53]|Bytes:1
12:06:27.0 (31343651)|HEAP_ALLOCATE|[53]|Bytes:4
12:06:27.0 (31348408)|HEAP_ALLOCATE|[53]|Bytes:1
12:06:27.0 (31355382)|HEAP_ALLOCATE|[53]|Bytes:1
12:06:27.0 (31360180)|HEAP_ALLOCATE|[53]|Bytes:4
12:06:27.0 (31364763)|HEAP_ALLOCATE|[EXTERNAL]|Bytes:4
12:06:27.0 (31368166)|HEAP_ALLOCATE|[51]|Bytes:4
12:06:27.0 (31370944)|VARIABLE_ASSIGNMENT|[51]|j|30
12:06:27.0 (31372662)|STATEMENT_EXECUTE|[51]
12:06:27.0 (31374224)|STATEMENT_EXECUTE|[54]
12:06:27.0 (31375255)|STATEMENT_EXECUTE|[55]
12:06:27.0 (31380546)|HEAP_ALLOCATE|[55]|Bytes:1
12:06:27.0 (31387803)|HEAP_ALLOCATE|[55]|Bytes:2
12:06:27.0 (31392639)|HEAP_ALLOCATE|[55]|Bytes:4
12:06:27.0 (31397527)|HEAP_ALLOCATE|[55]|Bytes:1
12:06:27.0 (31404431)|HEAP_ALLOCATE|[55]|Bytes:2
12:06:27.0 (31409079)|HEAP_ALLOCATE|[55]|Bytes:4
12:06:27.0 (31413526)|HEAP_ALLOCATE|[EXTERNAL]|Bytes:4
12:06:27.0 (31416746)|HEAP_ALLOCATE|[51]|Bytes:4
12:06:27.0 (31419359)|VARIABLE_ASSIGNMENT|[51]|j|60
12:06:27.0 (31421307)|HEAP_ALLOCATE|[50]|Bytes:4
12:06:27.0 (31423525)|VARIABLE_ASSIGNMENT|[50]|i|4
12:06:27.0 (31425202)|STATEMENT_EXECUTE|[50]
12:06:27.0 (31426504)|STATEMENT_EXECUTE|[51]
12:06:27.0 (31428065)|VARIABLE_SCOPE_BEGIN|[51]|j|Integer|false|false
12:06:27.0 (31429478)|HEAP_ALLOCATE|[51]|Bytes:4
12:06:27.0 (31431702)|VARIABLE_ASSIGNMENT|[51]|j|0
12:06:27.0 (31433185)|STATEMENT_EXECUTE|[51]
12:06:27.0 (31434464)|STATEMENT_EXECUTE|[52]
12:06:27.0 (31435470)|STATEMENT_EXECUTE|[53]
12:06:27.0 (31441310)|HEAP_ALLOCATE|[53]|Bytes:1
12:06:27.0 (31448701)|HEAP_ALLOCATE|[53]|Bytes:1
12:06:27.0 (31453596)|HEAP_ALLOCATE|[53]|Bytes:4
12:06:27.0 (31458262)|HEAP_ALLOCATE|[53]|Bytes:1
12:06:27.0 (31469946)|HEAP_ALLOCATE|[53]|Bytes:1
12:06:27.0 (31474861)|HEAP_ALLOCATE|[53]|Bytes:4
12:06:27.0 (31479725)|HEAP_ALLOCATE|[EXTERNAL]|Bytes:4
12:06:27.0 (31483332)|HEAP_ALLOCATE|[51]|Bytes:4
12:06:27.0 (31486248)|VARIABLE_ASSIGNMENT|[51]|j|30
12:06:27.0 (31488017)|STATEMENT_EXECUTE|[51]
12:06:27.0 (31489510)|STATEMENT_EXECUTE|[54]
12:06:27.0 (31490520)|STATEMENT_EXECUTE|[55]
12:06:27.0 (31496085)|HEAP_ALLOCATE|[55]|Bytes:1
12:06:27.0 (31503435)|HEAP_ALLOCATE|[55]|Bytes:2
12:06:27.0 (31508273)|HEAP_ALLOCATE|[55]|Bytes:4
12:06:27.0 (31512955)|HEAP_ALLOCATE|[55]|Bytes:1
12:06:27.0 (31519816)|HEAP_ALLOCATE|[55]|Bytes:2
12:06:27.0 (31524449)|HEAP_ALLOCATE|[55]|Bytes:4
12:06:27.0 (31528866)|HEAP_ALLOCATE|[EXTERNAL]|Bytes:4
12:06:27.0 (31532097)|HEAP_ALLOCATE|[51]|Bytes:4
12:06:27.0 (31534964)|VARIABLE_ASSIGNMENT|[51]|j|60
12:06:27.0 (31537022)|HEAP_ALLOCATE|[50]|Bytes:4
12:06:27.0 (31539279)|VARIABLE_ASSIGNMENT|[50]|i|5
12:06:27.0 (31540940)|STATEMENT_EXECUTE|[50]
12:06:27.0 (31542196)|STATEMENT_EXECUTE|[51]
12:06:27.0 (31543785)|VARIABLE_SCOPE_BEGIN|[51]|j|Integer|false|false
12:06:27.0 (31545344)|HEAP_ALLOCATE|[51]|Bytes:4
12:06:27.0 (31547600)|VARIABLE_ASSIGNMENT|[51]|j|0
12:06:27.0 (31549059)|STATEMENT_EXECUTE|[51]
12:06:27.0 (31550348)|STATEMENT_EXECUTE|[52]
12:06:27.0 (31551424)|STATEMENT_EXECUTE|[53]
12:06:27.0 (31557111)|HEAP_ALLOCATE|[53]|Bytes:1
12:06:27.0 (31564469)|HEAP_ALLOCATE|[53]|Bytes:1
12:06:27.0 (31569434)|HEAP_ALLOCATE|[53]|Bytes:4
12:06:27.0 (31574132)|HEAP_ALLOCATE|[53]|Bytes:1
12:06:27.0 (31580977)|HEAP_ALLOCATE|[53]|Bytes:1
12:06:27.0 (31585665)|HEAP_ALLOCATE|[53]|Bytes:4
12:06:27.0 (31590006)|HEAP_ALLOCATE|[EXTERNAL]|Bytes:4
12:06:27.0 (31593534)|HEAP_ALLOCATE|[51]|Bytes:4
12:06:27.0 (31596212)|VARIABLE_ASSIGNMENT|[51]|j|30
12:06:27.0 (31597897)|STATEMENT_EXECUTE|[51]
12:06:27.0 (31606858)|STATEMENT_EXECUTE|[54]
12:06:27.0 (31608771)|STATEMENT_EXECUTE|[55]
12:06:27.0 (31619968)|HEAP_ALLOCATE|[55]|Bytes:1
12:06:27.0 (31633359)|HEAP_ALLOCATE|[55]|Bytes:2
12:06:27.0 (31642189)|HEAP_ALLOCATE|[55]|Bytes:4
12:06:27.0 (31648902)|HEAP_ALLOCATE|[55]|Bytes:1
12:06:27.0 (31655892)|HEAP_ALLOCATE|[55]|Bytes:2
12:06:27.0 (31660996)|HEAP_ALLOCATE|[55]|Bytes:4
12:06:27.0 (31666913)|HEAP_ALLOCATE|[EXTERNAL]|Bytes:4
12:06:27.0 (31671086)|HEAP_ALLOCATE|[51]|Bytes:4
12:06:27.0 (31675077)|VARIABLE_ASSIGNMENT|[51]|j|60
12:06:27.0 (31677509)|HEAP_ALLOCATE|[50]|Bytes:4
12:06:27.0 (31679800)|VARIABLE_ASSIGNMENT|[50]|i|6
12:06:27.0 (31681839)|STATEMENT_EXECUTE|[50]
12:06:27.0 (31683281)|STATEMENT_EXECUTE|[51]
12:06:27.0 (31692749)|VARIABLE_SCOPE_BEGIN|[51]|j|Integer|false|false
12:06:27.0 (31694812)|HEAP_ALLOCATE|[51]|Bytes:4
12:06:27.0 (31697594)|VARIABLE_ASSIGNMENT|[51]|j|0
12:06:27.0 (31699258)|STATEMENT_EXECUTE|[51]
12:06:27.0 (31700652)|STATEMENT_EXECUTE|[52]
12:06:27.0 (31701680)|STATEMENT_EXECUTE|[53]
12:06:27.0 (31709255)|HEAP_ALLOCATE|[53]|Bytes:1
12:06:27.0 (31716849)|HEAP_ALLOCATE|[53]|Bytes:1
12:06:27.0 (31721975)|HEAP_ALLOCATE|[53]|Bytes:4
12:06:27.0 (31726750)|HEAP_ALLOCATE|[53]|Bytes:1
12:06:27.0 (31733643)|HEAP_ALLOCATE|[53]|Bytes:1
12:06:27.0 (31738270)|HEAP_ALLOCATE|[53]|Bytes:4
12:06:27.0 (31743272)|HEAP_ALLOCATE|[EXTERNAL]|Bytes:4
12:06:27.0 (31746815)|HEAP_ALLOCATE|[51]|Bytes:4
12:06:27.0 (31749750)|VARIABLE_ASSIGNMENT|[51]|j|30
12:06:27.0 (31751545)|STATEMENT_EXECUTE|[51]
12:06:27.0 (31753064)|STATEMENT_EXECUTE|[54]
12:06:27.0 (31754084)|STATEMENT_EXECUTE|[55]
12:06:27.0 (31759775)|HEAP_ALLOCATE|[55]|Bytes:1
12:06:27.0 (31767161)|HEAP_ALLOCATE|[55]|Bytes:2
12:06:27.0 (31772099)|HEAP_ALLOCATE|[55]|Bytes:4
12:06:27.0 (31776752)|HEAP_ALLOCATE|[55]|Bytes:1
12:06:27.0 (31783753)|HEAP_ALLOCATE|[55]|Bytes:2
12:06:27.0 (31788468)|HEAP_ALLOCATE|[55]|Bytes:4
12:06:27.0 (31792889)|HEAP_ALLOCATE|[EXTERNAL]|Bytes:4
12:06:27.0 (31796124)|HEAP_ALLOCATE|[51]|Bytes:4
12:06:27.0 (31798729)|VARIABLE_ASSIGNMENT|[51]|j|60
12:06:27.0 (31801090)|HEAP_ALLOCATE|[50]|Bytes:4
12:06:27.0 (31803414)|VARIABLE_ASSIGNMENT|[50]|i|7
12:06:27.0 (31805133)|STATEMENT_EXECUTE|[50]
12:06:27.0 (31806366)|STATEMENT_EXECUTE|[51]
12:06:27.0 (31807949)|VARIABLE_SCOPE_BEGIN|[51]|j|Integer|false|false
12:06:27.0 (31809319)|HEAP_ALLOCATE|[51]|Bytes:4
12:06:27.0 (31811544)|VARIABLE_ASSIGNMENT|[51]|j|0
12:06:27.0 (31812995)|STATEMENT_EXECUTE|[51]
12:06:27.0 (31814357)|STATEMENT_EXECUTE|[52]
12:06:27.0 (31815387)|STATEMENT_EXECUTE|[53]
12:06:27.0 (31821084)|HEAP_ALLOCATE|[53]|Bytes:1
12:06:27.0 (31828254)|HEAP_ALLOCATE|[53]|Bytes:1
12:06:27.0 (31833060)|HEAP_ALLOCATE|[53]|Bytes:4
12:06:27.0 (31837715)|HEAP_ALLOCATE|[53]|Bytes:1
12:06:27.0 (31844629)|HEAP_ALLOCATE|[53]|Bytes:1
12:06:27.0 (31849311)|HEAP_ALLOCATE|[53]|Bytes:4
12:06:27.0 (31853740)|HEAP_ALLOCATE|[EXTERNAL]|Bytes:4
12:06:27.0 (31857053)|HEAP_ALLOCATE|[51]|Bytes:4
12:06:27.0 (31859796)|VARIABLE_ASSIGNMENT|[51]|j|30
12:06:27.0 (31861600)|STATEMENT_EXECUTE|[51]
12:06:27.0 (31863379)|STATEMENT_EXECUTE|[54]
12:06:27.0 (31864460)|STATEMENT_EXECUTE|[55]
12:06:27.0 (31869918)|HEAP_ALLOCATE|[55]|Bytes:1
12:06:27.0 (31877207)|HEAP_ALLOCATE|[55]|Bytes:2
12:06:27.0 (31882221)|HEAP_ALLOCATE|[55]|Bytes:4
12:06:27.0 (31887017)|HEAP_ALLOCATE|[55]|Bytes:1
12:06:27.0 (31894041)|HEAP_ALLOCATE|[55]|Bytes:2
12:06:27.0 (31898783)|HEAP_ALLOCATE|[55]|Bytes:4
12:06:27.0 (31903456)|HEAP_ALLOCATE|[EXTERNAL]|Bytes:4
12:06:27.0 (31906778)|HEAP_ALLOCATE|[51]|Bytes:4
12:06:27.0 (31909498)|VARIABLE_ASSIGNMENT|[51]|j|60
12:06:27.0 (31911405)|HEAP_ALLOCATE|[50]|Bytes:4
12:06:27.0 (31913701)|VARIABLE_ASSIGNMENT|[50]|i|8
12:06:27.0 (31915372)|STATEMENT_EXECUTE|[50]
12:06:27.0 (31916615)|STATEMENT_EXECUTE|[51]
12:06:27.0 (31918150)|VARIABLE_SCOPE_BEGIN|[51]|j|Integer|false|false
12:06:27.0 (31919584)|HEAP_ALLOCATE|[51]|Bytes:4
12:06:27.0 (31921893)|VARIABLE_ASSIGNMENT|[51]|j|0
12:06:27.0 (31923453)|STATEMENT_EXECUTE|[51]
12:06:27.0 (31924746)|STATEMENT_EXECUTE|[52]
12:06:27.0 (31925778)|STATEMENT_EXECUTE|[53]
12:06:27.0 (31931623)|HEAP_ALLOCATE|[53]|Bytes:1
12:06:27.0 (31938857)|HEAP_ALLOCATE|[53]|Bytes:1
12:06:27.0 (31943666)|HEAP_ALLOCATE|[53]|Bytes:4
12:06:27.0 (31948239)|HEAP_ALLOCATE|[53]|Bytes:1
12:06:27.0 (31955297)|HEAP_ALLOCATE|[53]|Bytes:1
12:06:27.0 (31959951)|HEAP_ALLOCATE|[53]|Bytes:4
12:06:27.0 (31964460)|HEAP_ALLOCATE|[EXTERNAL]|Bytes:4
12:06:27.0 (31967804)|HEAP_ALLOCATE|[51]|Bytes:4
12:06:27.0 (31970452)|VARIABLE_ASSIGNMENT|[51]|j|30
12:06:27.0 (31972188)|STATEMENT_EXECUTE|[51]
12:06:27.0 (31973667)|STATEMENT_EXECUTE|[54]
12:06:27.0 (31974676)|STATEMENT_EXECUTE|[55]
12:06:27.0 (31980002)|HEAP_ALLOCATE|[55]|Bytes:1
12:06:27.0 (31987216)|HEAP_ALLOCATE|[55]|Bytes:2
12:06:27.0 (31992100)|HEAP_ALLOCATE|[55]|Bytes:4
12:06:27.0 (31996681)|HEAP_ALLOCATE|[55]|Bytes:1
12:06:27.0 (32003728)|HEAP_ALLOCATE|[55]|Bytes:2
12:06:27.0 (32009277)|HEAP_ALLOCATE|[55]|Bytes:4
12:06:27.0 (32013788)|HEAP_ALLOCATE|[EXTERNAL]|Bytes:4
12:06:27.0 (32017057)|HEAP_ALLOCATE|[51]|Bytes:4
12:06:27.0 (32019723)|VARIABLE_ASSIGNMENT|[51]|j|60
12:06:27.0 (32021892)|HEAP_ALLOCATE|[50]|Bytes:4
12:06:27.0 (32024215)|VARIABLE_ASSIGNMENT|[50]|i|9
12:06:27.0 (32025980)|STATEMENT_EXECUTE|[50]
12:06:27.0 (32027181)|STATEMENT_EXECUTE|[51]
12:06:27.0 (32028713)|VARIABLE_SCOPE_BEGIN|[51]|j|Integer|false|false
12:06:27.0 (32030165)|HEAP_ALLOCATE|[51]|Bytes:4
12:06:27.0 (32032427)|VARIABLE_ASSIGNMENT|[51]|j|0
12:06:27.0 (32033931)|STATEMENT_EXECUTE|[51]
12:06:27.0 (32035229)|STATEMENT_EXECUTE|[52]
12:06:27.0 (32036294)|STATEMENT_EXECUTE|[53]
12:06:27.0 (32041878)|HEAP_ALLOCATE|[53]|Bytes:1
12:06:27.0 (32049158)|HEAP_ALLOCATE|[53]|Bytes:1
12:06:27.0 (32053974)|HEAP_ALLOCATE|[53]|Bytes:4
12:06:27.0 (32058516)|HEAP_ALLOCATE|[53]|Bytes:1
12:06:27.0 (32065422)|HEAP_ALLOCATE|[53]|Bytes:1
12:06:27.0 (32070064)|HEAP_ALLOCATE|[53]|Bytes:4
12:06:27.0 (32074568)|HEAP_ALLOCATE|[EXTERNAL]|Bytes:4
12:06:27.0 (32077889)|HEAP_ALLOCATE|[51]|Bytes:4
12:06:27.0 (32080596)|VARIABLE_ASSIGNMENT|[51]|j|30
12:06:27.0 (32082405)|STATEMENT_EXECUTE|[51]
12:06:27.0 (32083980)|STATEMENT_EXECUTE|[54]
12:06:27.0 (32085200)|STATEMENT_EXECUTE|[55]
12:06:27.0 (32090570)|HEAP_ALLOCATE|[55]|Bytes:1
12:06:27.0 (32097737)|HEAP_ALLOCATE|[55]|Bytes:2
12:06:27.0 (32102550)|HEAP_ALLOCATE|[55]|Bytes:4
12:06:27.0 (32107224)|HEAP_ALLOCATE|[55]|Bytes:1
12:06:27.0 (32114191)|HEAP_ALLOCATE|[55]|Bytes:2
12:06:27.0 (32118878)|HEAP_ALLOCATE|[55]|Bytes:4
12:06:27.0 (32123353)|HEAP_ALLOCATE|[EXTERNAL]|Bytes:4
12:06:27.0 (32126520)|HEAP_ALLOCATE|[51]|Bytes:4
12:06:27.0 (32129135)|VARIABLE_ASSIGNMENT|[51]|j|60
12:06:27.0 (32131169)|HEAP_ALLOCATE|[50]|Bytes:4
12:06:27.0 (32133396)|VARIABLE_ASSIGNMENT|[50]|i|10
12:06:27.0 (32135248)|STATEMENT_EXECUTE|[50]
12:06:27.0 (32136487)|STATEMENT_EXECUTE|[51]
12:06:27.0 (32137985)|VARIABLE_SCOPE_BEGIN|[51]|j|Integer|false|false
12:06:27.0 (32139448)|HEAP_ALLOCATE|[51]|Bytes:4
12:06:27.0 (32141713)|VARIABLE_ASSIGNMENT|[51]|j|0
12:06:27.0 (32143245)|STATEMENT_EXECUTE|[51]
12:06:27.0 (32144567)|STATEMENT_EXECUTE|[52]
12:06:27.0 (32145591)|STATEMENT_EXECUTE|[53]
12:06:27.0 (32151337)|HEAP_ALLOCATE|[53]|Bytes:2
12:06:27.0 (32158466)|HEAP_ALLOCATE|[53]|Bytes:1
12:06:27.0 (32163308)|HEAP_ALLOCATE|[53]|Bytes:5
12:06:27.0 (32167982)|HEAP_ALLOCATE|[53]|Bytes:2
12:06:27.0 (32174806)|HEAP_ALLOCATE|[53]|Bytes:1
12:06:27.0 (32179417)|HEAP_ALLOCATE|[53]|Bytes:5
12:06:27.0 (32183881)|HEAP_ALLOCATE|[EXTERNAL]|Bytes:4
12:06:27.0 (32187363)|HEAP_ALLOCATE|[51]|Bytes:4
12:06:27.0 (32190063)|VARIABLE_ASSIGNMENT|[51]|j|30
12:06:27.0 (32191835)|STATEMENT_EXECUTE|[51]
12:06:27.0 (32193321)|STATEMENT_EXECUTE|[54]
12:06:27.0 (32194337)|STATEMENT_EXECUTE|[55]
12:06:27.0 (32199724)|HEAP_ALLOCATE|[55]|Bytes:2
12:06:27.0 (32207009)|HEAP_ALLOCATE|[55]|Bytes:2
12:06:27.0 (32211876)|HEAP_ALLOCATE|[55]|Bytes:5
12:06:27.0 (32216521)|HEAP_ALLOCATE|[55]|Bytes:2
12:06:27.0 (32223400)|HEAP_ALLOCATE|[55]|Bytes:2
12:06:27.0 (32228028)|HEAP_ALLOCATE|[55]|Bytes:5
12:06:27.0 (32232339)|HEAP_ALLOCATE|[EXTERNAL]|Bytes:4
12:06:27.0 (32235458)|HEAP_ALLOCATE|[51]|Bytes:4
12:06:27.0 (32238118)|VARIABLE_ASSIGNMENT|[51]|j|60
12:06:27.0 (32240367)|HEAP_ALLOCATE|[50]|Bytes:4
12:06:27.0 (32242704)|VARIABLE_ASSIGNMENT|[50]|i|11
12:06:27.0 (32244456)|STATEMENT_EXECUTE|[50]
12:06:27.0 (32245694)|STATEMENT_EXECUTE|[51]
12:06:27.0 (32247232)|VARIABLE_SCOPE_BEGIN|[51]|j|Integer|false|false
12:06:27.0 (32248627)|HEAP_ALLOCATE|[51]|Bytes:4
12:06:27.0 (32250917)|VARIABLE_ASSIGNMENT|[51]|j|0
12:06:27.0 (32252410)|STATEMENT_EXECUTE|[51]
12:06:27.0 (32253699)|STATEMENT_EXECUTE|[52]
12:06:27.0 (32254752)|STATEMENT_EXECUTE|[53]
12:06:27.0 (32260284)|HEAP_ALLOCATE|[53]|Bytes:2
12:06:27.0 (32267507)|HEAP_ALLOCATE|[53]|Bytes:1
12:06:27.0 (32272274)|HEAP_ALLOCATE|[53]|Bytes:5
12:06:27.0 (32276872)|HEAP_ALLOCATE|[53]|Bytes:2
12:06:27.0 (32283712)|HEAP_ALLOCATE|[53]|Bytes:1
12:06:27.0 (32288367)|HEAP_ALLOCATE|[53]|Bytes:5
12:06:27.0 (32292992)|HEAP_ALLOCATE|[EXTERNAL]|Bytes:4
12:06:27.0 (32296381)|HEAP_ALLOCATE|[51]|Bytes:4
12:06:27.0 (32299030)|VARIABLE_ASSIGNMENT|[51]|j|30
12:06:27.0 (32300711)|STATEMENT_EXECUTE|[51]
12:06:27.0 (32302149)|STATEMENT_EXECUTE|[54]
12:06:27.0 (32303457)|STATEMENT_EXECUTE|[55]
12:06:27.0 (32308860)|HEAP_ALLOCATE|[55]|Bytes:2
12:06:27.0 (32315963)|HEAP_ALLOCATE|[55]|Bytes:2
12:06:27.0 (32320849)|HEAP_ALLOCATE|[55]|Bytes:5
12:06:27.0 (32325387)|HEAP_ALLOCATE|[55]|Bytes:2
12:06:27.0 (32332345)|HEAP_ALLOCATE|[55]|Bytes:2
12:06:27.0 (32337094)|HEAP_ALLOCATE|[55]|Bytes:5
12:06:27.0 (32341437)|HEAP_ALLOCATE|[EXTERNAL]|Bytes:4
12:06:27.0 (32344652)|HEAP_ALLOCATE|[51]|Bytes:4
12:06:27.0 (32347494)|VARIABLE_ASSIGNMENT|[51]|j|60
12:06:27.0 (32349367)|HEAP_ALLOCATE|[50]|Bytes:4
12:06:27.0 (32351640)|VARIABLE_ASSIGNMENT|[50]|i|12
12:06:27.0 (32353337)|STATEMENT_EXECUTE|[50]
12:06:27.0 (32354558)|STATEMENT_EXECUTE|[51]
12:06:27.0 (32356056)|VARIABLE_SCOPE_BEGIN|[51]|j|Integer|false|false
12:06:27.0 (32357463)|HEAP_ALLOCATE|[51]|Bytes:4
12:06:27.0 (32359723)|VARIABLE_ASSIGNMENT|[51]|j|0
12:06:27.0 (32361207)|STATEMENT_EXECUTE|[51]
12:06:27.0 (32362517)|STATEMENT_EXECUTE|[52]
12:06:27.0 (32363545)|STATEMENT_EXECUTE|[53]
12:06:27.0 (32369079)|HEAP_ALLOCATE|[53]|Bytes:2
12:06:27.0 (32376708)|HEAP_ALLOCATE|[53]|Bytes:1
12:06:27.0 (32381601)|HEAP_ALLOCATE|[53]|Bytes:5
12:06:27.0 (32386236)|HEAP_ALLOCATE|[53]|Bytes:2
12:06:27.0 (32393128)|HEAP_ALLOCATE|[53]|Bytes:1
12:06:27.0 (32397790)|HEAP_ALLOCATE|[53]|Bytes:5
12:06:27.0 (32402154)|HEAP_ALLOCATE|[EXTERNAL]|Bytes:4
12:06:27.0 (32405455)|HEAP_ALLOCATE|[51]|Bytes:4
12:06:27.0 (32408090)|VARIABLE_ASSIGNMENT|[51]|j|30
12:06:27.0 (32409825)|STATEMENT_EXECUTE|[51]
12:06:27.0 (32411236)|STATEMENT_EXECUTE|[54]
12:06:27.0 (32412382)|STATEMENT_EXECUTE|[55]
12:06:27.0 (32417726)|HEAP_ALLOCATE|[55]|Bytes:2
12:06:27.0 (32424855)|HEAP_ALLOCATE|[55]|Bytes:2
12:06:27.0 (32429738)|HEAP_ALLOCATE|[55]|Bytes:5
12:06:27.0 (32434292)|HEAP_ALLOCATE|[55]|Bytes:2
12:06:27.0 (32441210)|HEAP_ALLOCATE|[55]|Bytes:2
12:06:27.0 (32445887)|HEAP_ALLOCATE|[55]|Bytes:5
12:06:27.0 (32450303)|HEAP_ALLOCATE|[EXTERNAL]|Bytes:4
12:06:27.0 (32453618)|HEAP_ALLOCATE|[51]|Bytes:4
12:06:27.0 (32456186)|VARIABLE_ASSIGNMENT|[51]|j|60
12:06:27.0 (32458344)|HEAP_ALLOCATE|[50]|Bytes:4
12:06:27.0 (32460819)|VARIABLE_ASSIGNMENT|[50]|i|13
12:06:27.0 (32466243)|STATEMENT_EXECUTE|[50]
12:06:27.0 (32467551)|STATEMENT_EXECUTE|[51]
12:06:27.0 (32469210)|VARIABLE_SCOPE_BEGIN|[51]|j|Integer|false|false
12:06:27.0 (32470666)|HEAP_ALLOCATE|[51]|Bytes:4
12:06:27.0 (32473010)|VARIABLE_ASSIGNMENT|[51]|j|0
12:06:27.0 (32474551)|STATEMENT_EXECUTE|[51]
12:06:27.0 (32475915)|STATEMENT_EXECUTE|[52]
12:06:27.0 (32476939)|STATEMENT_EXECUTE|[53]
12:06:27.0 (32482942)|HEAP_ALLOCATE|[53]|Bytes:2
12:06:27.0 (32490316)|HEAP_ALLOCATE|[53]|Bytes:1
12:06:27.0 (32495247)|HEAP_ALLOCATE|[53]|Bytes:5
12:06:27.0 (32499943)|HEAP_ALLOCATE|[53]|Bytes:2
12:06:27.0 (32507012)|HEAP_ALLOCATE|[53]|Bytes:1
12:06:27.0 (32511762)|HEAP_ALLOCATE|[53]|Bytes:5
12:06:27.0 (32516586)|HEAP_ALLOCATE|[EXTERNAL]|Bytes:4
12:06:27.0 (32520010)|HEAP_ALLOCATE|[51]|Bytes:4
12:06:27.0 (32522689)|VARIABLE_ASSIGNMENT|[51]|j|30
12:06:27.0 (32524458)|STATEMENT_EXECUTE|[51]
12:06:27.0 (32525908)|STATEMENT_EXECUTE|[54]
12:06:27.0 (32527172)|STATEMENT_EXECUTE|[55]
12:06:27.0 (32532663)|HEAP_ALLOCATE|[55]|Bytes:2
12:06:27.0 (32539937)|HEAP_ALLOCATE|[55]|Bytes:2
12:06:27.0 (32544743)|HEAP_ALLOCATE|[55]|Bytes:5
12:06:27.0 (32549363)|HEAP_ALLOCATE|[55]|Bytes:2
12:06:27.0 (32556302)|HEAP_ALLOCATE|[55]|Bytes:2
12:06:27.0 (32561035)|HEAP_ALLOCATE|[55]|Bytes:5
12:06:27.0 (32565403)|HEAP_ALLOCATE|[EXTERNAL]|Bytes:4
12:06:27.0 (32568650)|HEAP_ALLOCATE|[51]|Bytes:4
12:06:27.0 (32571331)|VARIABLE_ASSIGNMENT|[51]|j|60
12:06:27.0 (32573214)|HEAP_ALLOCATE|[50]|Bytes:4
12:06:27.0 (32575518)|VARIABLE_ASSIGNMENT|[50]|i|14
12:06:27.0 (32577267)|STATEMENT_EXECUTE|[50]
12:06:27.0 (32578496)|STATEMENT_EXECUTE|[51]
12:06:27.0 (32580094)|VARIABLE_SCOPE_BEGIN|[51]|j|Integer|false|false
12:06:27.0 (32581451)|HEAP_ALLOCATE|[51]|Bytes:4
12:06:27.0 (32583717)|VARIABLE_ASSIGNMENT|[51]|j|0
12:06:27.0 (32585226)|STATEMENT_EXECUTE|[51]
12:06:27.0 (32586526)|STATEMENT_EXECUTE|[52]
12:06:27.0 (32587543)|STATEMENT_EXECUTE|[53]
12:06:27.0 (32593084)|HEAP_ALLOCATE|[53]|Bytes:2
12:06:27.0 (32600663)|HEAP_ALLOCATE|[53]|Bytes:1
12:06:27.0 (32605499)|HEAP_ALLOCATE|[53]|Bytes:5
12:06:27.0 (32610252)|HEAP_ALLOCATE|[53]|Bytes:2
12:06:27.0 (32617197)|HEAP_ALLOCATE|[53]|Bytes:1
12:06:27.0 (32621925)|HEAP_ALLOCATE|[53]|Bytes:5
12:06:27.0 (32626415)|HEAP_ALLOCATE|[EXTERNAL]|Bytes:4
12:06:27.0 (32629651)|HEAP_ALLOCATE|[51]|Bytes:4
12:06:27.0 (32632315)|VARIABLE_ASSIGNMENT|[51]|j|30
12:06:27.0 (32634007)|STATEMENT_EXECUTE|[51]
12:06:27.0 (32635428)|STATEMENT_EXECUTE|[54]
12:06:27.0 (32636437)|STATEMENT_EXECUTE|[55]
12:06:27.0 (32641695)|HEAP_ALLOCATE|[55]|Bytes:2
12:06:27.0 (32648861)|HEAP_ALLOCATE|[55]|Bytes:2
12:06:27.0 (32653677)|HEAP_ALLOCATE|[55]|Bytes:5
12:06:27.0 (32658281)|HEAP_ALLOCATE|[55]|Bytes:2
12:06:27.0 (32665336)|HEAP_ALLOCATE|[55]|Bytes:2
12:06:27.0 (32670040)|HEAP_ALLOCATE|[55]|Bytes:5
12:06:27.0 (32674394)|HEAP_ALLOCATE|[EXTERNAL]|Bytes:4
12:06:27.0 (32677594)|HEAP_ALLOCATE|[51]|Bytes:4
12:06:27.0 (32680196)|VARIABLE_ASSIGNMENT|[51]|j|60
12:06:27.0 (32682074)|HEAP_ALLOCATE|[50]|Bytes:4
12:06:27.0 (32684574)|VARIABLE_ASSIGNMENT|[50]|i|15
12:06:27.0 (32686297)|STATEMENT_EXECUTE|[50]
12:06:27.0 (32687516)|STATEMENT_EXECUTE|[51]
12:06:27.0 (32689048)|VARIABLE_SCOPE_BEGIN|[51]|j|Integer|false|false
12:06:27.0 (32690407)|HEAP_ALLOCATE|[51]|Bytes:4
12:06:27.0 (32692554)|VARIABLE_ASSIGNMENT|[51]|j|0
12:06:27.0 (32694061)|STATEMENT_EXECUTE|[51]
12:06:27.0 (32695369)|STATEMENT_EXECUTE|[52]
12:06:27.0 (32696388)|STATEMENT_EXECUTE|[53]
12:06:27.0 (32701877)|HEAP_ALLOCATE|[53]|Bytes:2
12:06:27.0 (32709219)|HEAP_ALLOCATE|[53]|Bytes:1
12:06:27.0 (32714076)|HEAP_ALLOCATE|[53]|Bytes:5
12:06:27.0 (32718738)|HEAP_ALLOCATE|[53]|Bytes:2
12:06:27.0 (32725708)|HEAP_ALLOCATE|[53]|Bytes:1
12:06:27.0 (32730523)|HEAP_ALLOCATE|[53]|Bytes:5
12:06:27.0 (32734955)|HEAP_ALLOCATE|[EXTERNAL]|Bytes:4
12:06:27.0 (32738137)|HEAP_ALLOCATE|[51]|Bytes:4
12:06:27.0 (32740782)|VARIABLE_ASSIGNMENT|[51]|j|30
12:06:27.0 (32742430)|STATEMENT_EXECUTE|[51]
12:06:27.0 (32743804)|STATEMENT_EXECUTE|[54]
12:06:27.0 (32745123)|STATEMENT_EXECUTE|[55]
12:06:27.0 (32750472)|HEAP_ALLOCATE|[55]|Bytes:2
12:06:27.0 (32757647)|HEAP_ALLOCATE|[55]|Bytes:2
12:06:27.0 (32762473)|HEAP_ALLOCATE|[55]|Bytes:5
12:06:27.0 (32767188)|HEAP_ALLOCATE|[55]|Bytes:2
12:06:27.0 (32774194)|HEAP_ALLOCATE|[55]|Bytes:2
12:06:27.0 (32778971)|HEAP_ALLOCATE|[55]|Bytes:5
12:06:27.0 (32783327)|HEAP_ALLOCATE|[EXTERNAL]|Bytes:4
12:06:27.0 (32786513)|HEAP_ALLOCATE|[51]|Bytes:4
12:06:27.0 (32789171)|VARIABLE_ASSIGNMENT|[51]|j|60
12:06:27.0 (32791043)|HEAP_ALLOCATE|[50]|Bytes:4
12:06:27.0 (32793270)|VARIABLE_ASSIGNMENT|[50]|i|16
12:06:27.0 (32794931)|STATEMENT_EXECUTE|[50]
12:06:27.0 (32796146)|STATEMENT_EXECUTE|[51]
12:06:27.0 (32797668)|VARIABLE_SCOPE_BEGIN|[51]|j|Integer|false|false
12:06:27.0 (32799076)|HEAP_ALLOCATE|[51]|Bytes:4
12:06:27.0 (32801278)|VARIABLE_ASSIGNMENT|[51]|j|0
12:06:27.0 (32802780)|STATEMENT_EXECUTE|[51]
12:06:27.0 (32804056)|STATEMENT_EXECUTE|[52]
12:06:27.0 (32805081)|STATEMENT_EXECUTE|[53]
12:06:27.0 (32810623)|HEAP_ALLOCATE|[53]|Bytes:2
12:06:27.0 (32818293)|HEAP_ALLOCATE|[53]|Bytes:1
12:06:27.0 (32823165)|HEAP_ALLOCATE|[53]|Bytes:5
12:06:27.0 (32827958)|HEAP_ALLOCATE|[53]|Bytes:2
12:06:27.0 (32834973)|HEAP_ALLOCATE|[53]|Bytes:1
12:06:27.0 (32839665)|HEAP_ALLOCATE|[53]|Bytes:5
12:06:27.0 (32844028)|HEAP_ALLOCATE|[EXTERNAL]|Bytes:4
12:06:27.0 (32847261)|HEAP_ALLOCATE|[51]|Bytes:4
12:06:27.0 (32849903)|VARIABLE_ASSIGNMENT|[51]|j|30
12:06:27.0 (32851593)|STATEMENT_EXECUTE|[51]
12:06:27.0 (32852952)|STATEMENT_EXECUTE|[54]
12:06:27.0 (32853957)|STATEMENT_EXECUTE|[55]
12:06:27.0 (32859252)|HEAP_ALLOCATE|[55]|Bytes:2
12:06:27.0 (32866376)|HEAP_ALLOCATE|[55]|Bytes:2
12:06:27.0 (32871197)|HEAP_ALLOCATE|[55]|Bytes:5
12:06:27.0 (32875786)|HEAP_ALLOCATE|[55]|Bytes:2
12:06:27.0 (32882815)|HEAP_ALLOCATE|[55]|Bytes:2
12:06:27.0 (32887580)|HEAP_ALLOCATE|[55]|Bytes:5
12:06:27.0 (32891913)|HEAP_ALLOCATE|[EXTERNAL]|Bytes:4
12:06:27.0 (32895175)|HEAP_ALLOCATE|[51]|Bytes:4
12:06:27.0 (32897751)|VARIABLE_ASSIGNMENT|[51]|j|60
12:06:27.0 (32899604)|HEAP_ALLOCATE|[50]|Bytes:4
12:06:27.0 (32902043)|VARIABLE_ASSIGNMENT|[50]|i|17
12:06:27.0 (32903727)|STATEMENT_EXECUTE|[50]
12:06:27.0 (32904989)|STATEMENT_EXECUTE|[51]
12:06:27.0 (32906492)|VARIABLE_SCOPE_BEGIN|[51]|j|Integer|false|false
12:06:27.0 (32907873)|HEAP_ALLOCATE|[51]|Bytes:4
12:06:27.0 (32910138)|VARIABLE_ASSIGNMENT|[51]|j|0
12:06:27.0 (32911638)|STATEMENT_EXECUTE|[51]
12:06:27.0 (32912970)|STATEMENT_EXECUTE|[52]
12:06:27.0 (32914002)|STATEMENT_EXECUTE|[53]
12:06:27.0 (32919637)|HEAP_ALLOCATE|[53]|Bytes:2
12:06:27.0 (32926891)|HEAP_ALLOCATE|[53]|Bytes:1
12:06:27.0 (32931668)|HEAP_ALLOCATE|[53]|Bytes:5
12:06:27.0 (32936322)|HEAP_ALLOCATE|[53]|Bytes:2
12:06:27.0 (32943283)|HEAP_ALLOCATE|[53]|Bytes:1
12:06:27.0 (32948003)|HEAP_ALLOCATE|[53]|Bytes:5
12:06:27.0 (32952387)|HEAP_ALLOCATE|[EXTERNAL]|Bytes:4
12:06:27.0 (32955656)|HEAP_ALLOCATE|[51]|Bytes:4
12:06:27.0 (32958291)|VARIABLE_ASSIGNMENT|[51]|j|30
12:06:27.0 (32959997)|STATEMENT_EXECUTE|[51]
12:06:27.0 (32961382)|STATEMENT_EXECUTE|[54]
12:06:27.0 (32962656)|STATEMENT_EXECUTE|[55]
12:06:27.0 (32968034)|HEAP_ALLOCATE|[55]|Bytes:2
12:06:27.0 (32975332)|HEAP_ALLOCATE|[55]|Bytes:2
12:06:27.0 (32980215)|HEAP_ALLOCATE|[55]|Bytes:5
12:06:27.0 (32984804)|HEAP_ALLOCATE|[55]|Bytes:2
12:06:27.0 (32991849)|HEAP_ALLOCATE|[55]|Bytes:2
12:06:27.0 (32996566)|HEAP_ALLOCATE|[55]|Bytes:5
12:06:27.0 (33000904)|HEAP_ALLOCATE|[EXTERNAL]|Bytes:4
12:06:27.0 (33004461)|HEAP_ALLOCATE|[51]|Bytes:4
12:06:27.0 (33007109)|VARIABLE_ASSIGNMENT|[51]|j|60
12:06:27.0 (33009012)|HEAP_ALLOCATE|[50]|Bytes:4
12:06:27.0 (33011240)|VARIABLE_ASSIGNMENT|[50]|i|18
12:06:27.0 (33012936)|STATEMENT_EXECUTE|[50]
12:06:27.0 (33014124)|STATEMENT_EXECUTE|[51]
12:06:27.0 (33015648)|VARIABLE_SCOPE_BEGIN|[51]|j|Integer|false|false
12:06:27.0 (33017091)|HEAP_ALLOCATE|[51]|Bytes:4
12:06:27.0 (33019308)|VARIABLE_ASSIGNMENT|[51]|j|0
12:06:27.0 (33020813)|STATEMENT_EXECUTE|[51]
12:06:27.0 (33022105)|STATEMENT_EXECUTE|[52]
12:06:27.0 (33023111)|STATEMENT_EXECUTE|[53]
12:06:27.0 (33028683)|HEAP_ALLOCATE|[53]|Bytes:2
12:06:27.0 (33036365)|HEAP_ALLOCATE|[53]|Bytes:1
12:06:27.0 (33041148)|HEAP_ALLOCATE|[53]|Bytes:5
12:06:27.0 (33045911)|HEAP_ALLOCATE|[53]|Bytes:2
12:06:27.0 (33053033)|HEAP_ALLOCATE|[53]|Bytes:1
12:06:27.0 (33057697)|HEAP_ALLOCATE|[53]|Bytes:5
12:06:27.0 (33062253)|HEAP_ALLOCATE|[EXTERNAL]|Bytes:4
12:06:27.0 (33065646)|HEAP_ALLOCATE|[51]|Bytes:4
12:06:27.0 (33068318)|VARIABLE_ASSIGNMENT|[51]|j|30
12:06:27.0 (33070032)|STATEMENT_EXECUTE|[51]
12:06:27.0 (33071405)|STATEMENT_EXECUTE|[54]
12:06:27.0 (33072427)|STATEMENT_EXECUTE|[55]
12:06:27.0 (33077733)|HEAP_ALLOCATE|[55]|Bytes:2
12:06:27.0 (33085014)|HEAP_ALLOCATE|[55]|Bytes:2
12:06:27.0 (33089873)|HEAP_ALLOCATE|[55]|Bytes:5
12:06:27.0 (33094528)|HEAP_ALLOCATE|[55]|Bytes:2
12:06:27.0 (33101502)|HEAP_ALLOCATE|[55]|Bytes:2
12:06:27.0 (33106158)|HEAP_ALLOCATE|[55]|Bytes:5
12:06:27.0 (33110546)|HEAP_ALLOCATE|[EXTERNAL]|Bytes:4
12:06:27.0 (33113651)|HEAP_ALLOCATE|[51]|Bytes:4
12:06:27.0 (33116235)|VARIABLE_ASSIGNMENT|[51]|j|60
12:06:27.0 (33118183)|HEAP_ALLOCATE|[50]|Bytes:4
12:06:27.0 (33120607)|VARIABLE_ASSIGNMENT|[50]|i|19
12:06:27.0 (33122297)|STATEMENT_EXECUTE|[50]
12:06:27.0 (33123464)|STATEMENT_EXECUTE|[51]
12:06:27.0 (33125007)|VARIABLE_SCOPE_BEGIN|[51]|j|Integer|false|false
12:06:27.0 (33126356)|HEAP_ALLOCATE|[51]|Bytes:4
12:06:27.0 (33128530)|VARIABLE_ASSIGNMENT|[51]|j|0
12:06:27.0 (33130000)|STATEMENT_EXECUTE|[51]
12:06:27.0 (33131283)|STATEMENT_EXECUTE|[52]
12:06:27.0 (33132302)|STATEMENT_EXECUTE|[53]
12:06:27.0 (33137748)|HEAP_ALLOCATE|[53]|Bytes:2
12:06:27.0 (33145054)|HEAP_ALLOCATE|[53]|Bytes:1
12:06:27.0 (33149896)|HEAP_ALLOCATE|[53]|Bytes:5
12:06:27.0 (33154466)|HEAP_ALLOCATE|[53]|Bytes:2
12:06:27.0 (33161490)|HEAP_ALLOCATE|[53]|Bytes:1
12:06:27.0 (33166211)|HEAP_ALLOCATE|[53]|Bytes:5
12:06:27.0 (33170717)|HEAP_ALLOCATE|[EXTERNAL]|Bytes:4
12:06:27.0 (33174045)|HEAP_ALLOCATE|[51]|Bytes:4
12:06:27.0 (33176654)|VARIABLE_ASSIGNMENT|[51]|j|30
12:06:27.0 (33178356)|STATEMENT_EXECUTE|[51]
12:06:27.0 (33179734)|STATEMENT_EXECUTE|[54]
12:06:27.0 (33180753)|STATEMENT_EXECUTE|[55]
12:06:27.0 (33186326)|HEAP_ALLOCATE|[55]|Bytes:2
12:06:27.0 (33193547)|HEAP_ALLOCATE|[55]|Bytes:2
12:06:27.0 (33198332)|HEAP_ALLOCATE|[55]|Bytes:5
12:06:27.0 (33202957)|HEAP_ALLOCATE|[55]|Bytes:2
12:06:27.0 (33209934)|HEAP_ALLOCATE|[55]|Bytes:2
12:06:27.0 (33214645)|HEAP_ALLOCATE|[55]|Bytes:5
12:06:27.0 (33219021)|HEAP_ALLOCATE|[EXTERNAL]|Bytes:4
12:06:27.0 (33222098)|HEAP_ALLOCATE|[51]|Bytes:4
12:06:27.0 (33224706)|VARIABLE_ASSIGNMENT|[51]|j|60
12:06:27.0 (33226606)|HEAP_ALLOCATE|[50]|Bytes:4
12:06:27.0 (33228862)|VARIABLE_ASSIGNMENT|[50]|i|20
12:06:27.0 (33230534)|STATEMENT_EXECUTE|[50]
12:06:27.0 (33231748)|STATEMENT_EXECUTE|[51]
12:06:27.0 (33233252)|VARIABLE_SCOPE_BEGIN|[51]|j|Integer|false|false
12:06:27.0 (33234740)|HEAP_ALLOCATE|[51]|Bytes:4
12:06:27.0 (33236984)|VARIABLE_ASSIGNMENT|[51]|j|0
12:06:27.0 (33238486)|STATEMENT_EXECUTE|[51]
12:06:27.0 (33239857)|STATEMENT_EXECUTE|[52]
12:06:27.0 (33240876)|STATEMENT_EXECUTE|[53]
12:06:27.0 (33246256)|HEAP_ALLOCATE|[53]|Bytes:2
12:06:27.0 (33253630)|HEAP_ALLOCATE|[53]|Bytes:1
12:06:27.0 (33258527)|HEAP_ALLOCATE|[53]|Bytes:5
12:06:27.0 (33263120)|HEAP_ALLOCATE|[53]|Bytes:2
12:06:27.0 (33269980)|HEAP_ALLOCATE|[53]|Bytes:1
12:06:27.0 (33274616)|HEAP_ALLOCATE|[53]|Bytes:5
12:06:27.0 (33279052)|HEAP_ALLOCATE|[EXTERNAL]|Bytes:4
12:06:27.0 (33282258)|HEAP_ALLOCATE|[51]|Bytes:4
12:06:27.0 (33284917)|VARIABLE_ASSIGNMENT|[51]|j|30
12:06:27.0 (33286598)|STATEMENT_EXECUTE|[51]
12:06:27.0 (33287957)|STATEMENT_EXECUTE|[54]
12:06:27.0 (33288986)|STATEMENT_EXECUTE|[55]
12:06:27.0 (33294251)|HEAP_ALLOCATE|[55]|Bytes:2
12:06:27.0 (33301452)|HEAP_ALLOCATE|[55]|Bytes:2
12:06:27.0 (33306283)|HEAP_ALLOCATE|[55]|Bytes:5
12:06:27.0 (33310931)|HEAP_ALLOCATE|[55]|Bytes:2
12:06:27.0 (33317909)|HEAP_ALLOCATE|[55]|Bytes:2
12:06:27.0 (33322661)|HEAP_ALLOCATE|[55]|Bytes:5
12:06:27.0 (33327097)|HEAP_ALLOCATE|[EXTERNAL]|Bytes:4
12:06:27.0 (33330234)|HEAP_ALLOCATE|[51]|Bytes:4
12:06:27.0 (33332826)|VARIABLE_ASSIGNMENT|[51]|j|60
12:06:27.0 (33334711)|HEAP_ALLOCATE|[50]|Bytes:4
12:06:27.0 (33337267)|VARIABLE_ASSIGNMENT|[50]|i|21
12:06:27.0 (33338991)|STATEMENT_EXECUTE|[50]
12:06:27.0 (33340173)|STATEMENT_EXECUTE|[51]
12:06:27.0 (33341665)|VARIABLE_SCOPE_BEGIN|[51]|j|Integer|false|false
12:06:27.0 (33343028)|HEAP_ALLOCATE|[51]|Bytes:4
12:06:27.0 (33345341)|VARIABLE_ASSIGNMENT|[51]|j|0
12:06:27.0 (33346992)|STATEMENT_EXECUTE|[51]
12:06:27.0 (33348406)|STATEMENT_EXECUTE|[52]
12:06:27.0 (33349431)|STATEMENT_EXECUTE|[53]
12:06:27.0 (33354907)|HEAP_ALLOCATE|[53]|Bytes:2
12:06:27.0 (33362111)|HEAP_ALLOCATE|[53]|Bytes:1
12:06:27.0 (33366875)|HEAP_ALLOCATE|[53]|Bytes:5
12:06:27.0 (33371619)|HEAP_ALLOCATE|[53]|Bytes:2
12:06:27.0 (33378560)|HEAP_ALLOCATE|[53]|Bytes:1
12:06:27.0 (33383268)|HEAP_ALLOCATE|[53]|Bytes:5
12:06:27.0 (33387679)|HEAP_ALLOCATE|[EXTERNAL]|Bytes:4
12:06:27.0 (33390977)|HEAP_ALLOCATE|[51]|Bytes:4
12:06:27.0 (33393573)|VARIABLE_ASSIGNMENT|[51]|j|30
12:06:27.0 (33395278)|STATEMENT_EXECUTE|[51]
12:06:27.0 (33396644)|STATEMENT_EXECUTE|[54]
12:06:27.0 (33397680)|STATEMENT_EXECUTE|[55]
12:06:27.0 (33403323)|HEAP_ALLOCATE|[55]|Bytes:2
12:06:27.0 (33410542)|HEAP_ALLOCATE|[55]|Bytes:2
12:06:27.0 (33415361)|HEAP_ALLOCATE|[55]|Bytes:5
12:06:27.0 (33419914)|HEAP_ALLOCATE|[55]|Bytes:2
12:06:27.0 (33426763)|HEAP_ALLOCATE|[55]|Bytes:2
12:06:27.0 (33431477)|HEAP_ALLOCATE|[55]|Bytes:5
12:06:27.0 (33435808)|HEAP_ALLOCATE|[EXTERNAL]|Bytes:4
12:06:27.0 (33438988)|HEAP_ALLOCATE|[51]|Bytes:4
12:06:27.0 (33441536)|VARIABLE_ASSIGNMENT|[51]|j|60
12:06:27.0 (33443594)|HEAP_ALLOCATE|[50]|Bytes:4
12:06:27.0 (33445839)|VARIABLE_ASSIGNMENT|[50]|i|22
12:06:27.0 (33447542)|STATEMENT_EXECUTE|[50]
12:06:27.0 (33448731)|STATEMENT_EXECUTE|[51]
12:06:27.0 (33450267)|VARIABLE_SCOPE_BEGIN|[51]|j|Integer|false|false
12:06:27.0 (33451642)|HEAP_ALLOCATE|[51]|Bytes:4
12:06:27.0 (33453903)|VARIABLE_ASSIGNMENT|[51]|j|0
12:06:27.0 (33455594)|STATEMENT_EXECUTE|[51]
12:06:27.0 (33456954)|STATEMENT_EXECUTE|[52]
12:06:27.0 (33457962)|STATEMENT_EXECUTE|[53]
12:06:27.0 (33471306)|HEAP_ALLOCATE|[53]|Bytes:2
12:06:27.0 (33478790)|HEAP_ALLOCATE|[53]|Bytes:1
12:06:27.0 (33484000)|HEAP_ALLOCATE|[53]|Bytes:5
12:06:27.0 (33488684)|HEAP_ALLOCATE|[53]|Bytes:2
12:06:27.0 (33495524)|HEAP_ALLOCATE|[53]|Bytes:1
12:06:27.0 (33500226)|HEAP_ALLOCATE|[53]|Bytes:5
12:06:27.0 (33504783)|HEAP_ALLOCATE|[EXTERNAL]|Bytes:4
12:06:27.0 (33508144)|HEAP_ALLOCATE|[51]|Bytes:4
12:06:27.0 (33511076)|VARIABLE_ASSIGNMENT|[51]|j|30
12:06:27.0 (33512840)|STATEMENT_EXECUTE|[51]
12:06:27.0 (33514307)|STATEMENT_EXECUTE|[54]
12:06:27.0 (33515422)|STATEMENT_EXECUTE|[55]
12:06:27.0 (33520867)|HEAP_ALLOCATE|[55]|Bytes:2
12:06:27.0 (33528168)|HEAP_ALLOCATE|[55]|Bytes:2
12:06:27.0 (33532924)|HEAP_ALLOCATE|[55]|Bytes:5
12:06:27.0 (33537739)|HEAP_ALLOCATE|[55]|Bytes:2
12:06:27.0 (33544637)|HEAP_ALLOCATE|[55]|Bytes:2
12:06:27.0 (33549305)|HEAP_ALLOCATE|[55]|Bytes:5
12:06:27.0 (33553737)|HEAP_ALLOCATE|[EXTERNAL]|Bytes:4
12:06:27.0 (33556910)|HEAP_ALLOCATE|[51]|Bytes:4
12:06:27.0 (33559589)|VARIABLE_ASSIGNMENT|[51]|j|60
12:06:27.0 (33561702)|HEAP_ALLOCATE|[50]|Bytes:4
12:06:27.0 (33564321)|VARIABLE_ASSIGNMENT|[50]|i|23
12:06:27.0 (33566055)|STATEMENT_EXECUTE|[50]
12:06:27.0 (33567235)|STATEMENT_EXECUTE|[51]
12:06:27.0 (33568776)|VARIABLE_SCOPE_BEGIN|[51]|j|Integer|false|false
12:06:27.0 (33570212)|HEAP_ALLOCATE|[51]|Bytes:4
12:06:27.0 (33572401)|VARIABLE_ASSIGNMENT|[51]|j|0
12:06:27.0 (33573874)|STATEMENT_EXECUTE|[51]
12:06:27.0 (33575172)|STATEMENT_EXECUTE|[52]
12:06:27.0 (33576199)|STATEMENT_EXECUTE|[53]
12:06:27.0 (33581874)|HEAP_ALLOCATE|[53]|Bytes:2
12:06:27.0 (33589006)|HEAP_ALLOCATE|[53]|Bytes:1
12:06:27.0 (33593786)|HEAP_ALLOCATE|[53]|Bytes:5
12:06:27.0 (33598394)|HEAP_ALLOCATE|[53]|Bytes:2
12:06:27.0 (33605301)|HEAP_ALLOCATE|[53]|Bytes:1
12:06:27.0 (33610117)|HEAP_ALLOCATE|[53]|Bytes:5
12:06:27.0 (33614744)|HEAP_ALLOCATE|[EXTERNAL]|Bytes:4
12:06:27.0 (33618001)|HEAP_ALLOCATE|[51]|Bytes:4
12:06:27.0 (33620716)|VARIABLE_ASSIGNMENT|[51]|j|30
12:06:27.0 (33622483)|STATEMENT_EXECUTE|[51]
12:06:27.0 (33623868)|STATEMENT_EXECUTE|[54]
12:06:27.0 (33624890)|STATEMENT_EXECUTE|[55]
12:06:27.0 (33630628)|HEAP_ALLOCATE|[55]|Bytes:2
12:06:27.0 (33637897)|HEAP_ALLOCATE|[55]|Bytes:2
12:06:27.0 (33642693)|HEAP_ALLOCATE|[55]|Bytes:5
12:06:27.0 (33647306)|HEAP_ALLOCATE|[55]|Bytes:2
12:06:27.0 (33654338)|HEAP_ALLOCATE|[55]|Bytes:2
12:06:27.0 (33659192)|HEAP_ALLOCATE|[55]|Bytes:5
12:06:27.0 (33663616)|HEAP_ALLOCATE|[EXTERNAL]|Bytes:4
12:06:27.0 (33666820)|HEAP_ALLOCATE|[51]|Bytes:4
12:06:27.0 (33669451)|VARIABLE_ASSIGNMENT|[51]|j|60
12:06:27.0 (33671326)|HEAP_ALLOCATE|[50]|Bytes:4
12:06:27.0 (33673583)|VARIABLE_ASSIGNMENT|[50]|i|24
12:06:27.0 (33675502)|STATEMENT_EXECUTE|[59]
12:06:27.0 (33767305)|SYSTEM_MODE_ENTER|true
12:06:27.0 (33789612)|HEAP_ALLOCATE|[EXTERNAL]|Bytes:80
12:06:27.0 (33832927)|VARIABLE_ASSIGNMENT|[EXTERNAL]|this|{"delToHub":true,"delToProj":false,"detail":"0x61515c7a","invoked":false,"rejected":false,"reserved":false,"selectedTime3":"8:00","sublocations1":"0x3c86d775","www":"0x56f3c819","wwwById":"0x41febfa4"}|0x6ce0dffb
12:06:27.0 (33838895)|STATEMENT_EXECUTE|[78]
12:06:27.0 (33842355)|STATEMENT_EXECUTE|[79]
12:06:27.0 (33843614)|STATEMENT_EXECUTE|[83]
12:06:27.36 (36270356)|SYSTEM_MODE_ENTER|true
12:06:27.36 (36309170)|HEAP_ALLOCATE|[EXTERNAL]|Bytes:8
12:06:27.36 (36314602)|VARIABLE_SCOPE_BEGIN|[88]|this|ApexPage.PageMessagesComponentController|true|false
12:06:27.36 (36330179)|VARIABLE_ASSIGNMENT|[88]|this|{}|0x40597aad
12:06:27.36 (36332668)|VARIABLE_SCOPE_BEGIN|[88]|escape|Boolean|false|false
12:06:27.36 (36335902)|VARIABLE_ASSIGNMENT|[88]|escape|null
12:06:27.0 (36628989)|SYSTEM_MODE_ENTER|true
12:06:27.0 (36652550)|HEAP_ALLOCATE|[EXTERNAL]|Bytes:4
12:06:27.0 (36656134)|HEAP_ALLOCATE|[EXTERNAL]|Bytes:80
12:06:27.0 (36664243)|VARIABLE_ASSIGNMENT|[EXTERNAL]|this.selectedTime3|"8:00"|0x6ce0dffb
12:06:27.0 (36692355)|SYSTEM_MODE_ENTER|true
12:06:27.0 (36709865)|HEAP_ALLOCATE|[EXTERNAL]|Bytes:80
12:06:27.0 (36750881)|VARIABLE_ASSIGNMENT|[EXTERNAL]|this|{"delToHub":true,"delToProj":false,"detail":"0x61515c7a","invoked":false,"rejected":false,"reserved":false,"selectedTime3":"8:00","sublocations1":"0x3c86d775","www":"0x56f3c819","wwwById":"0x41febfa4"}|0x6ce0dffb
12:06:27.0 (36756982)|STATEMENT_EXECUTE|[3]
12:06:27.0 (36759558)|STATEMENT_EXECUTE|[4]
12:06:27.0 (36760907)|STATEMENT_EXECUTE|[9]
12:06:27.0 (37058107)|SYSTEM_MODE_ENTER|true
12:06:27.0 (37076853)|HEAP_ALLOCATE|[EXTERNAL]|Bytes:80
12:06:27.0 (37116057)|VARIABLE_ASSIGNMENT|[EXTERNAL]|this|{"delToHub":true,"delToProj":false,"detail":"0x61515c7a","invoked":false,"rejected":false,"reserved":false,"selectedTime3":"8:00","sublocations1":"0x3c86d775","www":"0x56f3c819","wwwById":"0x41febfa4"}|0x6ce0dffb
12:06:27.0 (37121074)|STATEMENT_EXECUTE|[204]
12:06:27.0 (37123426)|STATEMENT_EXECUTE|[205]
12:06:27.0 (37124797)|STATEMENT_EXECUTE|[208]
12:06:27.0 (37158847)|SYSTEM_MODE_ENTER|true
12:06:27.0 (37172754)|HEAP_ALLOCATE|[EXTERNAL]|Bytes:80
12:06:27.0 (37206299)|VARIABLE_ASSIGNMENT|[EXTERNAL]|this|{"delToHub":true,"delToProj":false,"detail":"0x61515c7a","invoked":false,"rejected":false,"reserved":false,"selectedTime3":"8:00","sublocations1":"0x3c86d775","www":"0x56f3c819","wwwById":"0x41febfa4"}|0x6ce0dffb
12:06:27.0 (37210763)|STATEMENT_EXECUTE|[220]
12:06:27.0 (37212681)|STATEMENT_EXECUTE|[221]
12:06:27.0 (37213820)|STATEMENT_EXECUTE|[224]
12:06:27.0 (37243625)|SYSTEM_MODE_ENTER|true
12:06:27.0 (37256488)|HEAP_ALLOCATE|[EXTERNAL]|Bytes:80
12:06:27.0 (37287409)|VARIABLE_ASSIGNMENT|[EXTERNAL]|this|{"delToHub":true,"delToProj":false,"detail":"0x61515c7a","invoked":false,"rejected":false,"reserved":false,"selectedTime3":"8:00","sublocations1":"0x3c86d775","www":"0x56f3c819","wwwById":"0x41febfa4"}|0x6ce0dffb
12:06:27.0 (37291420)|STATEMENT_EXECUTE|[212]
12:06:27.0 (37293179)|STATEMENT_EXECUTE|[213]
12:06:27.0 (37294255)|STATEMENT_EXECUTE|[216]
12:06:27.0 (37323841)|SYSTEM_MODE_ENTER|true
12:06:27.0 (37336307)|HEAP_ALLOCATE|[EXTERNAL]|Bytes:80
12:06:27.0 (37366449)|VARIABLE_ASSIGNMENT|[EXTERNAL]|this|{"delToHub":true,"delToProj":false,"detail":"0x61515c7a","invoked":false,"rejected":false,"reserved":false,"selectedTime3":"8:00","sublocations1":"0x3c86d775","www":"0x56f3c819","wwwById":"0x41febfa4"}|0x6ce0dffb
12:06:27.0 (37370429)|STATEMENT_EXECUTE|[21]
12:06:27.0 (37372550)|STATEMENT_EXECUTE|[22]
12:06:27.0 (37373852)|STATEMENT_EXECUTE|[26]
12:06:27.0 (37901395)|HEAP_ALLOCATE|[EXTERNAL]|Bytes:80
12:06:27.0 (37908035)|VARIABLE_SCOPE_BEGIN|[245]|this|NewDeliveredExtension|true|false
12:06:27.0 (37946475)|VARIABLE_ASSIGNMENT|[245]|this|{"delToHub":true,"delToProj":false,"detail":"0x61515c7a","invoked":false,"rejected":false,"reserved":false,"selectedTime3":"8:00","sublocations1":"0x3c86d775","www":"0x56f3c819","wwwById":"0x41febfa4"}|0x6ce0dffb
12:06:27.0 (37964611)|STATEMENT_EXECUTE|[245]
12:06:27.0 (37966959)|STATEMENT_EXECUTE|[246]
12:06:27.0 (37972747)|HEAP_ALLOCATE|[246]|Bytes:4
12:06:27.0 (38067539)|VARIABLE_ASSIGNMENT|[EXTERNAL]|this|{"delToHub":true,"delToProj":false,"detail":"0x61515c7a","invoked":false,"rejected":false,"reserved":false,"selectedTime3":"8:00","sublocations1":"0x3c86d775","www":"0x56f3c819","wwwById":"0x41febfa4"}|0x6ce0dffb
12:06:27.0 (38085078)|HEAP_ALLOCATE|[EXTERNAL]|Bytes:4
12:06:27.0 (38090358)|VARIABLE_ASSIGNMENT|[EXTERNAL]|value|[]|0x66235560
12:06:27.0 (38098649)|VARIABLE_ASSIGNMENT|[185]|this.sublocations1|[]|0x6ce0dffb
12:06:27.0 (38104991)|STATEMENT_EXECUTE|[247]
12:06:27.0 (38108910)|HEAP_ALLOCATE|[247]|Bytes:4
12:06:27.0 (38122338)|VARIABLE_SCOPE_BEGIN|[247]|options|List<NewDeliveredExtension.SubLocation>|true|false
12:06:27.0 (38129388)|HEAP_ALLOCATE|[EXTERNAL]|Bytes:4
12:06:27.0 (38133088)|VARIABLE_ASSIGNMENT|[247]|options|[]|0x113722d0
12:06:27.0 (38134930)|STATEMENT_EXECUTE|[248]
12:06:27.0 (38138224)|HEAP_ALLOCATE|[248]|Bytes:18
12:06:27.0 (38181754)|VARIABLE_ASSIGNMENT|[EXTERNAL]|this|{"delToHub":true,"delToProj":false,"detail":"0x61515c7a","invoked":false,"rejected":false,"reserved":false,"selectedTime3":"8:00","sublocations1":"0x66235560","www":"0x56f3c819","wwwById":"0x41febfa4"}|0x6ce0dffb
12:06:27.0 (38185833)|STATEMENT_EXECUTE|[3]
12:06:27.0 (38188031)|STATEMENT_EXECUTE|[4]
12:06:27.0 (38189139)|STATEMENT_EXECUTE|[9]
12:06:27.0 (38243059)|HEAP_ALLOCATE|[248]|Bytes:18
12:06:27.0 (38254120)|HEAP_ALLOCATE|[248]|Bytes:36
12:06:27.0 (38275152)|USER_DEBUG|[248]|DEBUG|detail.Location__ca0B0E0000009MiwUAE
12:06:27.0 (38320392)|VARIABLE_ASSIGNMENT|[EXTERNAL]|this|{"delToHub":true,"delToProj":false,"detail":"0x61515c7a","invoked":false,"rejected":false,"reserved":false,"selectedTime3":"8:00","sublocations1":"0x66235560","www":"0x56f3c819","wwwById":"0x41febfa4"}|0x6ce0dffb
12:06:27.0 (38324189)|STATEMENT_EXECUTE|[3]
12:06:27.0 (38325982)|STATEMENT_EXECUTE|[4]
12:06:27.0 (38327178)|STATEMENT_EXECUTE|[9]
12:06:27.0 (38334457)|STATEMENT_EXECUTE|[250]
12:06:27.0 (38338005)|HEAP_ALLOCATE|[251]|Bytes:68
12:06:27.0 (38345593)|HEAP_ALLOCATE|[251]|Bytes:4
12:06:27.0 (38352893)|HEAP_ALLOCATE|[251]|Bytes:7
12:06:27.0 (38388253)|VARIABLE_ASSIGNMENT|[EXTERNAL]|this|{"delToHub":true,"delToProj":false,"detail":"0x61515c7a","invoked":false,"rejected":false,"reserved":false,"selectedTime3":"8:00","sublocations1":"0x66235560","www":"0x56f3c819","wwwById":"0x41febfa4"}|0x6ce0dffb
12:06:27.0 (38392104)|STATEMENT_EXECUTE|[3]
12:06:27.0 (38393646)|STATEMENT_EXECUTE|[4]
12:06:27.0 (38394756)|STATEMENT_EXECUTE|[9]
12:06:27.0 (40012485)|SOQL_EXECUTE_BEGIN|[251]|Aggregations:0|SELECT Name, Id FROM Location__c 
12:06:27.0 (42130806)|SOQL_EXECUTE_END|[251]|Rows:1
12:06:27.0 (42143966)|HEAP_ALLOCATE|[EXTERNAL]|Bytes:8
12:06:27.0 (42258877)|HEAP_ALLOCATE|[251]|Bytes:49
12:06:27.0 (42264187)|HEAP_ALLOCATE|[251]|Bytes:8
12:06:27.0 (42271721)|SYSTEM_METHOD_ENTRY|[7]|QueryLocatorIterator.QueryLocatorIterator()
12:06:27.0 (42273946)|STATEMENT_EXECUTE|[7]
12:06:27.0 (42279905)|SYSTEM_METHOD_EXIT|[7]|QueryLocatorIterator
12:06:27.0 (42285783)|HEAP_ALLOCATE|[251]|Bytes:28
12:06:27.0 (42331011)|HEAP_ALLOCATE|[251]|Bytes:8
12:06:27.0 (42342373)|HEAP_ALLOCATE|[251]|Bytes:8
12:06:27.0 (42344079)|HEAP_ALLOCATE|[251]|Bytes:8
12:06:27.0 (42348139)|VARIABLE_SCOPE_BEGIN|[15]|this|Database.QueryLocatorIterator|true|false
12:06:27.0 (42365697)|VARIABLE_ASSIGNMENT|[15]|this|{}|0x44fa6c9
12:06:27.0 (42368949)|VARIABLE_SCOPE_BEGIN|[15]|values|List<SObject>|true|false
12:06:27.0 (42382239)|VARIABLE_ASSIGNMENT|[15]|values|[{"Name":"27I3A","Id":"a0B0E0000009WnWUAU","RecordTypeId":"01224000000B1zdAAC"}]|0x6478a6b9
12:06:27.0 (42385358)|VARIABLE_SCOPE_BEGIN|[15]|ql|Database.QueryLocator|true|false
12:06:27.0 (42395575)|VARIABLE_ASSIGNMENT|[15]|ql|{"query":"SELECT Name, Id FROM (48 more) ..."}|0x43d37f78
12:06:27.0 (42398115)|VARIABLE_SCOPE_BEGIN|[15]|totalNumRecords|Integer|false|false
12:06:27.0 (42401164)|VARIABLE_ASSIGNMENT|[15]|totalNumRecords|1
12:06:27.0 (42403345)|VARIABLE_SCOPE_BEGIN|[15]|queryMoreSize|Integer|false|false
12:06:27.0 (42405710)|VARIABLE_ASSIGNMENT|[15]|queryMoreSize|49999
12:06:27.0 (42478871)|HEAP_ALLOCATE|[251]|Bytes:28
12:06:27.0 (42493572)|METHOD_ENTRY|[251]||Database.QueryLocatorIterator.hasNext()
12:06:27.0 (42545244)|METHOD_EXIT|[251]||Database.QueryLocatorIterator.hasNext()
12:06:27.0 (42551076)|METHOD_ENTRY|[251]||Database.QueryLocatorIterator.next()
12:06:27.0 (42618657)|METHOD_EXIT|[251]||Database.QueryLocatorIterator.next()
12:06:27.0 (42625127)|VARIABLE_SCOPE_BEGIN|[251]|loc|Location__c|true|false
12:06:27.0 (42635984)|VARIABLE_ASSIGNMENT|[251]|loc|{"Name":"27I3A","Id":"a0B0E0000009WnWUAU","RecordTypeId":"01224000000B1zdAAC"}|0x12deae9d
12:06:27.0 (42639313)|STATEMENT_EXECUTE|[251]
12:06:27.0 (42640695)|STATEMENT_EXECUTE|[252]
12:06:27.0 (42690102)|VARIABLE_ASSIGNMENT|[EXTERNAL]|this|{"delToHub":true,"delToProj":false,"detail":"0x61515c7a","invoked":false,"rejected":false,"reserved":false,"selectedTime3":"8:00","sublocations1":"0x66235560","www":"0x56f3c819","wwwById":"0x41febfa4"}|0x6ce0dffb
12:06:27.0 (42694793)|STATEMENT_EXECUTE|[186]
12:06:27.0 (42696926)|STATEMENT_EXECUTE|[187]
12:06:27.0 (42698076)|STATEMENT_EXECUTE|[190]
12:06:27.0 (42709662)|HEAP_ALLOCATE|[252]|Bytes:112
12:06:27.0 (42713405)|HEAP_ALLOCATE|[252]|Bytes:11
12:06:27.0 (42718126)|HEAP_ALLOCATE|[252]|Bytes:12
12:06:27.0 (42729800)|CONSTRUCTOR_ENTRY|[252]|01p2400000DUtXT|<init>(Boolean,Location__c)
12:06:27.0 (42741657)|VARIABLE_SCOPE_BEGIN|[530]|this|NewDeliveredExtension.SubLocation|true|false
12:06:27.0 (42752894)|VARIABLE_ASSIGNMENT|[530]|this|{}|0x6b421ea0
12:06:27.0 (42758013)|VARIABLE_SCOPE_BEGIN|[530]|isChecked|Boolean|false|false
12:06:27.0 (42761191)|VARIABLE_ASSIGNMENT|[530]|isChecked|false
12:06:27.0 (42763307)|VARIABLE_SCOPE_BEGIN|[530]|sub|Location__c|true|false
12:06:27.0 (42769245)|VARIABLE_ASSIGNMENT|[530]|sub|{"Name":"27I3A","Id":"a0B0E0000009WnWUAU","RecordTypeId":"01224000000B1zdAAC"}|0x12deae9d
12:06:27.0 (42772482)|STATEMENT_EXECUTE|[527]
12:06:27.0 (42773803)|STATEMENT_EXECUTE|[528]
12:06:27.0 (42775034)|STATEMENT_EXECUTE|[529]
12:06:27.0 (42784504)|STATEMENT_EXECUTE|[530]
12:06:27.0 (42785820)|STATEMENT_EXECUTE|[531]
12:06:27.0 (42830241)|VARIABLE_ASSIGNMENT|[EXTERNAL]|this|{}|0x6b421ea0
12:06:27.0 (42836337)|VARIABLE_ASSIGNMENT|[EXTERNAL]|value|false
12:06:27.0 (42840401)|HEAP_ALLOCATE|[528]|Bytes:5
12:06:27.0 (42846154)|VARIABLE_ASSIGNMENT|[528]|this.isChecked|false|0x6b421ea0
12:06:27.0 (42851094)|STATEMENT_EXECUTE|[532]
12:06:27.0 (42878372)|VARIABLE_ASSIGNMENT|[EXTERNAL]|this|{"isChecked":false}|0x6b421ea0
12:06:27.0 (42885669)|VARIABLE_ASSIGNMENT|[EXTERNAL]|value|{"Name":"27I3A","Id":"a0B0E0000009WnWUAU","RecordTypeId":"01224000000B1zdAAC"}|0x12deae9d
12:06:27.0 (42893029)|VARIABLE_ASSIGNMENT|[529]|this.sub|{"Name":"27I3A","Id":"a0B0E0000009WnWUAU","RecordTypeId":"01224000000B1zdAAC"}|0x6b421ea0
12:06:27.0 (42900893)|CONSTRUCTOR_EXIT|[252]|01p2400000DUtXT|<init>(Boolean,Location__c)
12:06:27.0 (42909771)|HEAP_ALLOCATE|[EXTERNAL]|Bytes:4
12:06:27.0 (42916663)|METHOD_ENTRY|[251]||Database.QueryLocatorIterator.hasNext()
12:06:27.0 (42926922)|METHOD_EXIT|[251]||Database.QueryLocatorIterator.hasNext()
12:06:27.0 (42931798)|VARIABLE_ASSIGNMENT|[251]|loc|null|
12:06:27.53 (53502201)|SYSTEM_MODE_ENTER|true
12:06:27.53 (53545028)|HEAP_ALLOCATE|[EXTERNAL]|Bytes:8
12:06:27.53 (53550207)|VARIABLE_SCOPE_BEGIN|[88]|this|ApexPage.PageMessagesComponentController|true|false
12:06:27.53 (53565916)|VARIABLE_ASSIGNMENT|[88]|this|{}|0x40597aad
12:06:27.53 (53568467)|VARIABLE_SCOPE_BEGIN|[88]|escape|Boolean|false|false
12:06:27.53 (53571668)|VARIABLE_ASSIGNMENT|[88]|escape|null
12:06:27.53 (53643575)|SYSTEM_MODE_ENTER|true
12:06:27.53 (53666782)|HEAP_ALLOCATE|[EXTERNAL]|Bytes:8
12:06:27.53 (53670893)|VARIABLE_SCOPE_BEGIN|[2]|this|ApexPage.PageMessagesComponentController|true|false
12:06:27.53 (53683037)|VARIABLE_ASSIGNMENT|[2]|this|{}|0x40597aad
12:06:27.0 (53925886)|SYSTEM_MODE_ENTER|true
12:06:27.0 (53946150)|HEAP_ALLOCATE|[EXTERNAL]|Bytes:80
12:06:27.0 (53989200)|VARIABLE_ASSIGNMENT|[EXTERNAL]|this|{"delToHub":true,"delToProj":false,"detail":"0x61515c7a","invoked":false,"rejected":false,"reserved":false,"selectedTime3":"8:00","sublocations1":"0x66235560","www":"0x56f3c819","wwwById":"0x41febfa4"}|0x6ce0dffb
12:06:27.0 (53995117)|STATEMENT_EXECUTE|[196]
12:06:27.0 (53997604)|STATEMENT_EXECUTE|[197]
12:06:27.0 (53998923)|STATEMENT_EXECUTE|[200]
12:06:27.0 (54039305)|SYSTEM_MODE_ENTER|true
12:06:27.0 (54055644)|HEAP_ALLOCATE|[EXTERNAL]|Bytes:80
12:06:27.0 (54092805)|VARIABLE_ASSIGNMENT|[EXTERNAL]|this|{"delToHub":true,"delToProj":false,"detail":"0x61515c7a","invoked":false,"rejected":false,"reserved":false,"selectedTime3":"8:00","sublocations1":"0x66235560","www":"0x56f3c819","wwwById":"0x41febfa4"}|0x6ce0dffb
12:06:27.0 (54097789)|STATEMENT_EXECUTE|[229]
12:06:27.0 (54099839)|STATEMENT_EXECUTE|[230]
12:06:27.0 (54101104)|STATEMENT_EXECUTE|[233]
12:06:27.0 (54151737)|SYSTEM_MODE_ENTER|true
12:06:27.0 (54166988)|HEAP_ALLOCATE|[EXTERNAL]|Bytes:80
12:06:27.0 (54203309)|VARIABLE_ASSIGNMENT|[EXTERNAL]|this|{"delToHub":true,"delToProj":false,"detail":"0x61515c7a","invoked":false,"rejected":false,"reserved":false,"selectedTime3":"8:00","sublocations1":"0x66235560","www":"0x56f3c819","wwwById":"0x41febfa4"}|0x6ce0dffb
12:06:27.0 (54208063)|STATEMENT_EXECUTE|[3]
12:06:27.0 (54210082)|STATEMENT_EXECUTE|[4]
12:06:27.0 (54211331)|STATEMENT_EXECUTE|[9]
12:06:27.0 (57954590)|SYSTEM_MODE_ENTER|true
12:06:27.0 (57976629)|HEAP_ALLOCATE|[EXTERNAL]|Bytes:80
12:06:27.0 (58020945)|VARIABLE_ASSIGNMENT|[EXTERNAL]|this|{"delToHub":true,"delToProj":false,"detail":"0x61515c7a","invoked":false,"rejected":false,"reserved":false,"selectedTime3":"8:00","sublocations1":"0x66235560","www":"0x56f3c819","wwwById":"0x41febfa4"}|0x6ce0dffb
12:06:27.0 (58027175)|STATEMENT_EXECUTE|[186]
12:06:27.0 (58029818)|STATEMENT_EXECUTE|[187]
12:06:27.0 (58031211)|STATEMENT_EXECUTE|[190]
12:06:27.0 (58471823)|SYSTEM_MODE_ENTER|true
12:06:27.0 (58491865)|HEAP_ALLOCATE|[EXTERNAL]|Bytes:80
12:06:27.0 (58534937)|VARIABLE_ASSIGNMENT|[EXTERNAL]|this|{"delToHub":true,"delToProj":false,"detail":"0x61515c7a","invoked":false,"rejected":false,"reserved":false,"selectedTime3":"8:00","sublocations1":"0x66235560","www":"0x56f3c819","wwwById":"0x41febfa4"}|0x6ce0dffb
12:06:27.0 (58541038)|STATEMENT_EXECUTE|[204]
12:06:27.0 (58543588)|STATEMENT_EXECUTE|[205]
12:06:27.0 (58544921)|STATEMENT_EXECUTE|[208]
12:06:27.0 (58583889)|SYSTEM_MODE_ENTER|true
12:06:27.0 (58598055)|HEAP_ALLOCATE|[EXTERNAL]|Bytes:80
12:06:27.0 (58633354)|VARIABLE_ASSIGNMENT|[EXTERNAL]|this|{"delToHub":true,"delToProj":false,"detail":"0x61515c7a","invoked":false,"rejected":false,"reserved":false,"selectedTime3":"8:00","sublocations1":"0x66235560","www":"0x56f3c819","wwwById":"0x41febfa4"}|0x6ce0dffb
12:06:27.0 (58637694)|STATEMENT_EXECUTE|[220]
12:06:27.0 (58639535)|STATEMENT_EXECUTE|[221]
12:06:27.0 (58640745)|STATEMENT_EXECUTE|[224]
12:06:27.0 (58672995)|SYSTEM_MODE_ENTER|true
12:06:27.0 (58685998)|HEAP_ALLOCATE|[EXTERNAL]|Bytes:80
12:06:27.0 (58718690)|VARIABLE_ASSIGNMENT|[EXTERNAL]|this|{"delToHub":true,"delToProj":false,"detail":"0x61515c7a","invoked":false,"rejected":false,"reserved":false,"selectedTime3":"8:00","sublocations1":"0x66235560","www":"0x56f3c819","wwwById":"0x41febfa4"}|0x6ce0dffb
12:06:27.0 (58723467)|STATEMENT_EXECUTE|[212]
12:06:27.0 (58725210)|STATEMENT_EXECUTE|[213]
12:06:27.0 (58726355)|STATEMENT_EXECUTE|[216]
12:06:27.0 (58776742)|SYSTEM_MODE_ENTER|true
12:06:27.0 (58790890)|HEAP_ALLOCATE|[EXTERNAL]|Bytes:80
12:06:27.0 (58823177)|VARIABLE_ASSIGNMENT|[EXTERNAL]|this|{"delToHub":true,"delToProj":false,"detail":"0x61515c7a","invoked":false,"rejected":false,"reserved":false,"selectedTime3":"8:00","sublocations1":"0x66235560","www":"0x56f3c819","wwwById":"0x41febfa4"}|0x6ce0dffb
12:06:27.0 (58827196)|STATEMENT_EXECUTE|[21]
12:06:27.0 (58829245)|STATEMENT_EXECUTE|[22]
12:06:27.0 (58830704)|STATEMENT_EXECUTE|[26]
12:06:27.0 (62417470)|VF_SERIALIZE_VIEWSTATE_BEGIN|06624000003h0Dg
12:06:27.0 (66066217)|VF_SERIALIZE_VIEWSTATE_END
12:06:27.68 (68156965)|CUMULATIVE_LIMIT_USAGE
12:06:27.68 (68156965)|LIMIT_USAGE_FOR_NS|(default)|
  Number of SOQL queries: 1 out of 100
  Number of query rows: 1 out of 50000
  Number of SOSL queries: 0 out of 20
  Number of DML statements: 0 out of 150
  Number of DML rows: 0 out of 10000
  Maximum CPU time: 0 out of 10000
  Maximum heap size: 0 out of 6000000
  Number of callouts: 0 out of 100
  Number of Email Invocations: 0 out of 10
  Number of future calls: 0 out of 50
  Number of queueable jobs added to the queue: 0 out of 50
  Number of Mobile Apex push calls: 0 out of 10

12:06:27.68 (68156965)|CUMULATIVE_LIMIT_USAGE_END

12:06:27.0 (68186568)|CODE_UNIT_FINISHED|VF: /apex/New_delivered_detail
12:06:27.0 (68971235)|EXECUTION_FINISHED
