38.0 APEX_CODE,DEBUG;APEX_PROFILING,INFO;CALLOUT,INFO;DB,INFO;SYSTEM,DEBUG;VALIDATION,INFO;VISUALFORCE,INFO;WAVE,INFO;WORKFLOW,INFO
15:34:51.0 (277153)|USER_INFO|[EXTERNAL]|00524000001e3Uj|bedrijfsbureau@gsa.nl.sandbox|Midden-Europese standaardtijd|GMT+02:00
15:34:51.0 (299272)|EXECUTION_STARTED
15:34:51.0 (303576)|CODE_UNIT_STARTED|[EXTERNAL]|06624000003h0Dq|VF: /apex/ChoseRecordType
15:34:51.0 (435536)|VF_DESERIALIZE_VIEWSTATE_BEGIN|06624000003h0Dq
15:34:51.0 (9962905)|VF_DESERIALIZE_VIEWSTATE_END
15:34:51.11 (11083600)|SYSTEM_MODE_ENTER|true
15:34:51.12 (12111979)|SYSTEM_MODE_ENTER|true
15:34:51.0 (12634401)|SYSTEM_MODE_ENTER|true
15:34:51.0 (13214489)|SOQL_EXECUTE_BEGIN|[121]|Aggregations:0|SELECT Id, Name, DeveloperName FROM RecordType WHERE sobjectType = 'WWW_detail__c'
15:34:51.0 (40338975)|SOQL_EXECUTE_END|[121]|Rows:5
15:34:51.0 (41597386)|SYSTEM_MODE_ENTER|true
15:34:51.41 (41896199)|SYSTEM_MODE_ENTER|true
15:34:51.0 (42007356)|SYSTEM_MODE_ENTER|true
15:34:51.0 (42243248)|USER_DEBUG|[167]|DEBUG|01224000000Sn4NAAS
15:34:51.44 (44614014)|CUMULATIVE_LIMIT_USAGE
15:34:51.44 (44614014)|LIMIT_USAGE_FOR_NS|(default)|
  Number of SOQL queries: 1 out of 100
  Number of query rows: 5 out of 50000
  Number of SOSL queries: 0 out of 20
  Number of DML statements: 0 out of 150
  Number of DML rows: 0 out of 10000
  Maximum CPU time: 0 out of 10000
  Maximum heap size: 0 out of 6000000
  Number of callouts: 0 out of 100
  Number of Email Invocations: 0 out of 10
  Number of future calls: 0 out of 50
  Number of queueable jobs added to the queue: 0 out of 50
  Number of Mobile Apex push calls: 0 out of 10

15:34:51.44 (44614014)|CUMULATIVE_LIMIT_USAGE_END

15:34:51.0 (44655094)|CODE_UNIT_FINISHED|VF: /apex/ChoseRecordType
15:34:51.0 (45626474)|EXECUTION_FINISHED
