38.0 APEX_CODE,FINEST;APEX_PROFILING,INFO;CALLOUT,INFO;DB,INFO;SYSTEM,DEBUG;VALIDATION,INFO;VISUALFORCE,INFO;WAVE,INFO;WORKFLOW,INFO
13:29:53.0 (76519)|USER_INFO|[EXTERNAL]|00524000001e3Uj|bedrijfsbureau@gsa.nl.sandbox|Midden-Europese standaardtijd|GMT+01:00
13:29:53.0 (101856)|EXECUTION_STARTED
13:29:53.0 (105731)|CODE_UNIT_STARTED|[EXTERNAL]|06624000003h0Dg|VF: /apex/New_delivered_detail
13:29:53.0 (233360)|VF_DESERIALIZE_VIEWSTATE_BEGIN|06624000003h0Dg
13:29:53.0 (4859937)|HEAP_ALLOCATE|[72]|Bytes:3
13:29:53.0 (4898821)|HEAP_ALLOCATE|[77]|Bytes:152
13:29:53.0 (4913869)|HEAP_ALLOCATE|[342]|Bytes:408
13:29:53.0 (4928778)|HEAP_ALLOCATE|[355]|Bytes:408
13:29:53.0 (4941589)|HEAP_ALLOCATE|[467]|Bytes:48
13:29:53.0 (4966507)|HEAP_ALLOCATE|[139]|Bytes:6
13:29:53.0 (5002351)|HEAP_ALLOCATE|[50]|Bytes:5
13:29:53.0 (5023421)|HEAP_ALLOCATE|[56]|Bytes:5
13:29:53.0 (5029788)|HEAP_ALLOCATE|[64]|Bytes:7
13:29:53.0 (9326609)|VF_DESERIALIZE_VIEWSTATE_END
13:29:53.10 (10346029)|SYSTEM_MODE_ENTER|true
13:29:53.10 (10402882)|HEAP_ALLOCATE|[EXTERNAL]|Bytes:38
13:29:53.10 (10408754)|HEAP_ALLOCATE|[EXTERNAL]|Bytes:7
13:29:53.10 (10416290)|SYSTEM_METHOD_ENTRY|[1]|PageMessagesComponentController.PageMessagesComponentController()
13:29:53.10 (10420323)|STATEMENT_EXECUTE|[1]
13:29:53.11 (11147235)|SYSTEM_MODE_ENTER|true
13:29:53.11 (11191562)|HEAP_ALLOCATE|[EXTERNAL]|Bytes:8
13:29:53.11 (11197389)|VARIABLE_SCOPE_BEGIN|[88]|this|ApexPage.PageMessagesComponentController|true|false
13:29:53.11 (11236420)|VARIABLE_ASSIGNMENT|[88]|this|{}|0x78d16bf6
13:29:53.11 (11239528)|VARIABLE_SCOPE_BEGIN|[88]|escape|Boolean|false|false
13:29:53.11 (11244466)|VARIABLE_ASSIGNMENT|[88]|escape|null
13:29:53.0 (11466923)|SYSTEM_MODE_ENTER|true
13:29:53.0 (11588568)|HEAP_ALLOCATE|[EXTERNAL]|Bytes:11
13:29:53.0 (11596427)|HEAP_ALLOCATE|[EXTERNAL]|Bytes:408
13:29:53.0 (11599433)|HEAP_ALLOCATE|[EXTERNAL]|Bytes:120
13:29:53.0 (11601801)|HEAP_ALLOCATE|[EXTERNAL]|Bytes:108
13:29:53.0 (11607889)|METHOD_ENTRY|[1]|01p2400000DUtXT|NewDeliveredExtension.NewDeliveredExtension()
13:29:53.0 (11610390)|STATEMENT_EXECUTE|[1]
13:29:53.0 (11614071)|STATEMENT_EXECUTE|[1]
13:29:53.0 (11615289)|STATEMENT_EXECUTE|[527]
13:29:53.0 (11618697)|METHOD_EXIT|[1]|NewDeliveredExtension
13:29:53.0 (11622349)|HEAP_ALLOCATE|[EXTERNAL]|Bytes:80
13:29:53.0 (11686572)|VARIABLE_ASSIGNMENT|[EXTERNAL]|this|{"delToHub":true,"delToProj":false,"detail":"0x59902610","invoked":false,"rejected":false,"reserved":false,"selectedTime3":"8:00","sublocations1":"0x795e1786","www":"0x33978ee8","wwwById":"0x60317926"}|0x515054a8
13:29:53.0 (11693290)|STATEMENT_EXECUTE|[196]
13:29:53.0 (11696726)|STATEMENT_EXECUTE|[197]
13:29:53.0 (11698612)|STATEMENT_EXECUTE|[200]
13:29:53.0 (11767125)|SYSTEM_MODE_ENTER|true
13:29:53.0 (11786889)|HEAP_ALLOCATE|[EXTERNAL]|Bytes:80
13:29:53.0 (11828248)|VARIABLE_ASSIGNMENT|[EXTERNAL]|this|{"delToHub":true,"delToProj":false,"detail":"0x59902610","invoked":false,"rejected":false,"reserved":false,"selectedTime3":"8:00","sublocations1":"0x795e1786","www":"0x33978ee8","wwwById":"0x60317926"}|0x515054a8
13:29:53.0 (11833811)|STATEMENT_EXECUTE|[229]
13:29:53.0 (11836090)|STATEMENT_EXECUTE|[230]
13:29:53.0 (11837160)|STATEMENT_EXECUTE|[233]
13:29:53.0 (11921563)|SYSTEM_MODE_ENTER|true
13:29:53.0 (11940429)|HEAP_ALLOCATE|[EXTERNAL]|Bytes:80
13:29:53.0 (11981225)|VARIABLE_ASSIGNMENT|[EXTERNAL]|this|{"delToHub":true,"delToProj":false,"detail":"0x59902610","invoked":false,"rejected":false,"reserved":false,"selectedTime3":"8:00","sublocations1":"0x795e1786","www":"0x33978ee8","wwwById":"0x60317926"}|0x515054a8
13:29:53.0 (11986523)|STATEMENT_EXECUTE|[3]
13:29:53.0 (11989360)|STATEMENT_EXECUTE|[4]
13:29:53.0 (11990644)|STATEMENT_EXECUTE|[9]
13:29:53.0 (21222674)|SYSTEM_MODE_ENTER|true
13:29:53.0 (21249174)|HEAP_ALLOCATE|[EXTERNAL]|Bytes:80
13:29:53.0 (21298691)|VARIABLE_ASSIGNMENT|[EXTERNAL]|this|{"delToHub":true,"delToProj":false,"detail":"0x59902610","invoked":false,"rejected":false,"reserved":false,"selectedTime3":"8:00","sublocations1":"0x795e1786","www":"0x33978ee8","wwwById":"0x60317926"}|0x515054a8
13:29:53.0 (21305666)|STATEMENT_EXECUTE|[186]
13:29:53.0 (21308790)|STATEMENT_EXECUTE|[187]
13:29:53.0 (21310049)|STATEMENT_EXECUTE|[190]
13:29:53.0 (21814502)|SYSTEM_MODE_ENTER|true
13:29:53.0 (21840004)|HEAP_ALLOCATE|[EXTERNAL]|Bytes:80
13:29:53.0 (21887465)|VARIABLE_ASSIGNMENT|[EXTERNAL]|this|{"delToHub":true,"delToProj":false,"detail":"0x59902610","invoked":false,"rejected":false,"reserved":false,"selectedTime3":"8:00","sublocations1":"0x795e1786","www":"0x33978ee8","wwwById":"0x60317926"}|0x515054a8
13:29:53.0 (21894799)|STATEMENT_EXECUTE|[204]
13:29:53.0 (21897735)|STATEMENT_EXECUTE|[205]
13:29:53.0 (21899035)|STATEMENT_EXECUTE|[208]
13:29:53.0 (21953013)|SYSTEM_MODE_ENTER|true
13:29:53.0 (21969804)|HEAP_ALLOCATE|[EXTERNAL]|Bytes:80
13:29:53.0 (22010409)|VARIABLE_ASSIGNMENT|[EXTERNAL]|this|{"delToHub":true,"delToProj":false,"detail":"0x59902610","invoked":false,"rejected":false,"reserved":false,"selectedTime3":"8:00","sublocations1":"0x795e1786","www":"0x33978ee8","wwwById":"0x60317926"}|0x515054a8
13:29:53.0 (22016453)|STATEMENT_EXECUTE|[220]
13:29:53.0 (22018909)|STATEMENT_EXECUTE|[221]
13:29:53.0 (22019942)|STATEMENT_EXECUTE|[224]
13:29:53.0 (22065790)|SYSTEM_MODE_ENTER|true
13:29:53.0 (22081566)|HEAP_ALLOCATE|[EXTERNAL]|Bytes:80
13:29:53.0 (22119085)|VARIABLE_ASSIGNMENT|[EXTERNAL]|this|{"delToHub":true,"delToProj":false,"detail":"0x59902610","invoked":false,"rejected":false,"reserved":false,"selectedTime3":"8:00","sublocations1":"0x795e1786","www":"0x33978ee8","wwwById":"0x60317926"}|0x515054a8
13:29:53.0 (22124164)|STATEMENT_EXECUTE|[212]
13:29:53.0 (22126361)|STATEMENT_EXECUTE|[213]
13:29:53.0 (22127442)|STATEMENT_EXECUTE|[216]
13:29:53.0 (22195396)|SYSTEM_MODE_ENTER|true
13:29:53.0 (22213077)|HEAP_ALLOCATE|[EXTERNAL]|Bytes:80
13:29:53.0 (22251143)|VARIABLE_ASSIGNMENT|[EXTERNAL]|this|{"delToHub":true,"delToProj":false,"detail":"0x59902610","invoked":false,"rejected":false,"reserved":false,"selectedTime3":"8:00","sublocations1":"0x795e1786","www":"0x33978ee8","wwwById":"0x60317926"}|0x515054a8
13:29:53.0 (22256307)|STATEMENT_EXECUTE|[21]
13:29:53.0 (22258671)|STATEMENT_EXECUTE|[22]
13:29:53.0 (22259767)|STATEMENT_EXECUTE|[26]
13:29:53.0 (33796889)|SYSTEM_MODE_ENTER|true
13:29:53.0 (33823099)|HEAP_ALLOCATE|[EXTERNAL]|Bytes:80
13:29:53.0 (33828811)|VARIABLE_SCOPE_BEGIN|[48]|this|NewDeliveredExtension|true|false
13:29:53.0 (33874827)|VARIABLE_ASSIGNMENT|[48]|this|{"delToHub":true,"delToProj":false,"detail":"0x59902610","invoked":false,"rejected":false,"reserved":false,"selectedTime3":"8:00","sublocations1":"0x795e1786","www":"0x33978ee8","wwwById":"0x60317926"}|0x515054a8
13:29:53.0 (33883325)|STATEMENT_EXECUTE|[48]
13:29:53.0 (33884759)|STATEMENT_EXECUTE|[49]
13:29:53.0 (33891458)|HEAP_ALLOCATE|[49]|Bytes:4
13:29:53.0 (33916804)|VARIABLE_SCOPE_BEGIN|[49]|options|List<System.SelectOption>|true|false
13:29:53.0 (33939101)|HEAP_ALLOCATE|[EXTERNAL]|Bytes:4
13:29:53.0 (33947061)|VARIABLE_ASSIGNMENT|[49]|options|[]|0x1de95710
13:29:53.0 (33950302)|STATEMENT_EXECUTE|[50]
13:29:53.0 (33954578)|VARIABLE_SCOPE_BEGIN|[50]|i|Integer|false|false
13:29:53.0 (33958295)|HEAP_ALLOCATE|[50]|Bytes:4
13:29:53.0 (33963033)|VARIABLE_ASSIGNMENT|[50]|i|0
13:29:53.0 (33968207)|STATEMENT_EXECUTE|[50]
13:29:53.0 (33969709)|STATEMENT_EXECUTE|[51]
13:29:53.0 (33971286)|VARIABLE_SCOPE_BEGIN|[51]|j|Integer|false|false
13:29:53.0 (33973069)|HEAP_ALLOCATE|[51]|Bytes:4
13:29:53.0 (33975497)|VARIABLE_ASSIGNMENT|[51]|j|0
13:29:53.0 (33977371)|STATEMENT_EXECUTE|[51]
13:29:53.0 (33979228)|STATEMENT_EXECUTE|[52]
13:29:53.0 (33980202)|STATEMENT_EXECUTE|[53]
13:29:53.0 (34026544)|HEAP_ALLOCATE|[53]|Bytes:1
13:29:53.0 (34037861)|HEAP_ALLOCATE|[53]|Bytes:2
13:29:53.0 (34045203)|HEAP_ALLOCATE|[53]|Bytes:1
13:29:53.0 (34056581)|HEAP_ALLOCATE|[53]|Bytes:4
13:29:53.0 (34062428)|HEAP_ALLOCATE|[53]|Bytes:1
13:29:53.0 (34070394)|HEAP_ALLOCATE|[53]|Bytes:1
13:29:53.0 (34075947)|HEAP_ALLOCATE|[53]|Bytes:4
13:29:53.0 (34102853)|HEAP_ALLOCATE|[EXTERNAL]|Bytes:4
13:29:53.0 (34109772)|HEAP_ALLOCATE|[51]|Bytes:4
13:29:53.0 (34114593)|VARIABLE_ASSIGNMENT|[51]|j|30
13:29:53.0 (34117838)|STATEMENT_EXECUTE|[51]
13:29:53.0 (34119475)|STATEMENT_EXECUTE|[54]
13:29:53.0 (34120598)|STATEMENT_EXECUTE|[55]
13:29:53.0 (34138303)|HEAP_ALLOCATE|[55]|Bytes:1
13:29:53.0 (34144830)|HEAP_ALLOCATE|[55]|Bytes:1
13:29:53.0 (34150543)|HEAP_ALLOCATE|[55]|Bytes:2
13:29:53.0 (34156570)|HEAP_ALLOCATE|[55]|Bytes:4
13:29:53.0 (34161839)|HEAP_ALLOCATE|[55]|Bytes:1
13:29:53.0 (34169589)|HEAP_ALLOCATE|[55]|Bytes:2
13:29:53.0 (34174947)|HEAP_ALLOCATE|[55]|Bytes:4
13:29:53.0 (34186256)|HEAP_ALLOCATE|[EXTERNAL]|Bytes:4
13:29:53.0 (34190441)|HEAP_ALLOCATE|[51]|Bytes:4
13:29:53.0 (34194079)|VARIABLE_ASSIGNMENT|[51]|j|60
13:29:53.0 (34197612)|HEAP_ALLOCATE|[50]|Bytes:4
13:29:53.0 (34200172)|VARIABLE_ASSIGNMENT|[50]|i|1
13:29:53.0 (34202128)|STATEMENT_EXECUTE|[50]
13:29:53.0 (34203655)|STATEMENT_EXECUTE|[51]
13:29:53.0 (34205547)|VARIABLE_SCOPE_BEGIN|[51]|j|Integer|false|false
13:29:53.0 (34207279)|HEAP_ALLOCATE|[51]|Bytes:4
13:29:53.0 (34209659)|VARIABLE_ASSIGNMENT|[51]|j|0
13:29:53.0 (34211105)|STATEMENT_EXECUTE|[51]
13:29:53.0 (34212358)|STATEMENT_EXECUTE|[52]
13:29:53.0 (34213278)|STATEMENT_EXECUTE|[53]
13:29:53.0 (34220329)|HEAP_ALLOCATE|[53]|Bytes:1
13:29:53.0 (34228716)|HEAP_ALLOCATE|[53]|Bytes:1
13:29:53.0 (34234253)|HEAP_ALLOCATE|[53]|Bytes:4
13:29:53.0 (34239185)|HEAP_ALLOCATE|[53]|Bytes:1
13:29:53.0 (34246622)|HEAP_ALLOCATE|[53]|Bytes:1
13:29:53.0 (34251645)|HEAP_ALLOCATE|[53]|Bytes:4
13:29:53.0 (34256955)|HEAP_ALLOCATE|[EXTERNAL]|Bytes:4
13:29:53.0 (34260563)|HEAP_ALLOCATE|[51]|Bytes:4
13:29:53.0 (34263406)|VARIABLE_ASSIGNMENT|[51]|j|30
13:29:53.0 (34265251)|STATEMENT_EXECUTE|[51]
13:29:53.0 (34266809)|STATEMENT_EXECUTE|[54]
13:29:53.0 (34267841)|STATEMENT_EXECUTE|[55]
13:29:53.0 (34273638)|HEAP_ALLOCATE|[55]|Bytes:1
13:29:53.0 (34281927)|HEAP_ALLOCATE|[55]|Bytes:2
13:29:53.0 (34287285)|HEAP_ALLOCATE|[55]|Bytes:4
13:29:53.0 (34292181)|HEAP_ALLOCATE|[55]|Bytes:1
13:29:53.0 (34299671)|HEAP_ALLOCATE|[55]|Bytes:2
13:29:53.0 (34304645)|HEAP_ALLOCATE|[55]|Bytes:4
13:29:53.0 (34309286)|HEAP_ALLOCATE|[EXTERNAL]|Bytes:4
13:29:53.0 (34312491)|HEAP_ALLOCATE|[51]|Bytes:4
13:29:53.0 (34314977)|VARIABLE_ASSIGNMENT|[51]|j|60
13:29:53.0 (34316887)|HEAP_ALLOCATE|[50]|Bytes:4
13:29:53.0 (34319126)|VARIABLE_ASSIGNMENT|[50]|i|2
13:29:53.0 (34320749)|STATEMENT_EXECUTE|[50]
13:29:53.0 (34321993)|STATEMENT_EXECUTE|[51]
13:29:53.0 (34323632)|VARIABLE_SCOPE_BEGIN|[51]|j|Integer|false|false
13:29:53.0 (34325385)|HEAP_ALLOCATE|[51]|Bytes:4
13:29:53.0 (34327575)|VARIABLE_ASSIGNMENT|[51]|j|0
13:29:53.0 (34329117)|STATEMENT_EXECUTE|[51]
13:29:53.0 (34330380)|STATEMENT_EXECUTE|[52]
13:29:53.0 (34331479)|STATEMENT_EXECUTE|[53]
13:29:53.0 (34337304)|HEAP_ALLOCATE|[53]|Bytes:1
13:29:53.0 (34345117)|HEAP_ALLOCATE|[53]|Bytes:1
13:29:53.0 (34350402)|HEAP_ALLOCATE|[53]|Bytes:4
13:29:53.0 (34355330)|HEAP_ALLOCATE|[53]|Bytes:1
13:29:53.0 (34362871)|HEAP_ALLOCATE|[53]|Bytes:1
13:29:53.0 (34367855)|HEAP_ALLOCATE|[53]|Bytes:4
13:29:53.0 (34372375)|HEAP_ALLOCATE|[EXTERNAL]|Bytes:4
13:29:53.0 (34375527)|HEAP_ALLOCATE|[51]|Bytes:4
13:29:53.0 (34378140)|VARIABLE_ASSIGNMENT|[51]|j|30
13:29:53.0 (34380335)|STATEMENT_EXECUTE|[51]
13:29:53.0 (34381735)|STATEMENT_EXECUTE|[54]
13:29:53.0 (34382754)|STATEMENT_EXECUTE|[55]
13:29:53.0 (34388511)|HEAP_ALLOCATE|[55]|Bytes:1
13:29:53.0 (34396459)|HEAP_ALLOCATE|[55]|Bytes:2
13:29:53.0 (34401605)|HEAP_ALLOCATE|[55]|Bytes:4
13:29:53.0 (34406504)|HEAP_ALLOCATE|[55]|Bytes:1
13:29:53.0 (34414059)|HEAP_ALLOCATE|[55]|Bytes:2
13:29:53.0 (34419048)|HEAP_ALLOCATE|[55]|Bytes:4
13:29:53.0 (34423546)|HEAP_ALLOCATE|[EXTERNAL]|Bytes:4
13:29:53.0 (34426725)|HEAP_ALLOCATE|[51]|Bytes:4
13:29:53.0 (34429308)|VARIABLE_ASSIGNMENT|[51]|j|60
13:29:53.0 (34431215)|HEAP_ALLOCATE|[50]|Bytes:4
13:29:53.0 (34433419)|VARIABLE_ASSIGNMENT|[50]|i|3
13:29:53.0 (34435174)|STATEMENT_EXECUTE|[50]
13:29:53.0 (34436400)|STATEMENT_EXECUTE|[51]
13:29:53.0 (34438028)|VARIABLE_SCOPE_BEGIN|[51]|j|Integer|false|false
13:29:53.0 (34439469)|HEAP_ALLOCATE|[51]|Bytes:4
13:29:53.0 (34441754)|VARIABLE_ASSIGNMENT|[51]|j|0
13:29:53.0 (34443177)|STATEMENT_EXECUTE|[51]
13:29:53.0 (34444348)|STATEMENT_EXECUTE|[52]
13:29:53.0 (34445271)|STATEMENT_EXECUTE|[53]
13:29:53.0 (34451059)|HEAP_ALLOCATE|[53]|Bytes:1
13:29:53.0 (34458864)|HEAP_ALLOCATE|[53]|Bytes:1
13:29:53.0 (34464040)|HEAP_ALLOCATE|[53]|Bytes:4
13:29:53.0 (34468946)|HEAP_ALLOCATE|[53]|Bytes:1
13:29:53.0 (34476365)|HEAP_ALLOCATE|[53]|Bytes:1
13:29:53.0 (34481378)|HEAP_ALLOCATE|[53]|Bytes:4
13:29:53.0 (34485862)|HEAP_ALLOCATE|[EXTERNAL]|Bytes:4
13:29:53.0 (34489081)|HEAP_ALLOCATE|[51]|Bytes:4
13:29:53.0 (34491571)|VARIABLE_ASSIGNMENT|[51]|j|30
13:29:53.0 (34493285)|STATEMENT_EXECUTE|[51]
13:29:53.0 (34494703)|STATEMENT_EXECUTE|[54]
13:29:53.0 (34495757)|STATEMENT_EXECUTE|[55]
13:29:53.0 (34501423)|HEAP_ALLOCATE|[55]|Bytes:1
13:29:53.0 (34509301)|HEAP_ALLOCATE|[55]|Bytes:2
13:29:53.0 (34514427)|HEAP_ALLOCATE|[55]|Bytes:4
13:29:53.0 (34519414)|HEAP_ALLOCATE|[55]|Bytes:1
13:29:53.0 (34526952)|HEAP_ALLOCATE|[55]|Bytes:2
13:29:53.0 (34531887)|HEAP_ALLOCATE|[55]|Bytes:4
13:29:53.0 (34536424)|HEAP_ALLOCATE|[EXTERNAL]|Bytes:4
13:29:53.0 (34539724)|HEAP_ALLOCATE|[51]|Bytes:4
13:29:53.0 (34542342)|VARIABLE_ASSIGNMENT|[51]|j|60
13:29:53.0 (34544124)|HEAP_ALLOCATE|[50]|Bytes:4
13:29:53.0 (34546371)|VARIABLE_ASSIGNMENT|[50]|i|4
13:29:53.0 (34547993)|STATEMENT_EXECUTE|[50]
13:29:53.0 (34549211)|STATEMENT_EXECUTE|[51]
13:29:53.0 (34550727)|VARIABLE_SCOPE_BEGIN|[51]|j|Integer|false|false
13:29:53.0 (34552081)|HEAP_ALLOCATE|[51]|Bytes:4
13:29:53.0 (34554271)|VARIABLE_ASSIGNMENT|[51]|j|0
13:29:53.0 (34555721)|STATEMENT_EXECUTE|[51]
13:29:53.0 (34556908)|STATEMENT_EXECUTE|[52]
13:29:53.0 (34557825)|STATEMENT_EXECUTE|[53]
13:29:53.0 (34563887)|HEAP_ALLOCATE|[53]|Bytes:1
13:29:53.0 (34571740)|HEAP_ALLOCATE|[53]|Bytes:1
13:29:53.0 (34577062)|HEAP_ALLOCATE|[53]|Bytes:4
13:29:53.0 (34581901)|HEAP_ALLOCATE|[53]|Bytes:1
13:29:53.0 (34589454)|HEAP_ALLOCATE|[53]|Bytes:1
13:29:53.0 (34594579)|HEAP_ALLOCATE|[53]|Bytes:4
13:29:53.0 (34599081)|HEAP_ALLOCATE|[EXTERNAL]|Bytes:4
13:29:53.0 (34602227)|HEAP_ALLOCATE|[51]|Bytes:4
13:29:53.0 (34604702)|VARIABLE_ASSIGNMENT|[51]|j|30
13:29:53.0 (34606292)|STATEMENT_EXECUTE|[51]
13:29:53.0 (34607594)|STATEMENT_EXECUTE|[54]
13:29:53.0 (34608502)|STATEMENT_EXECUTE|[55]
13:29:53.0 (34614062)|HEAP_ALLOCATE|[55]|Bytes:1
13:29:53.0 (34621843)|HEAP_ALLOCATE|[55]|Bytes:2
13:29:53.0 (34627060)|HEAP_ALLOCATE|[55]|Bytes:4
13:29:53.0 (34631922)|HEAP_ALLOCATE|[55]|Bytes:1
13:29:53.0 (34639454)|HEAP_ALLOCATE|[55]|Bytes:2
13:29:53.0 (34644664)|HEAP_ALLOCATE|[55]|Bytes:4
13:29:53.0 (34649062)|HEAP_ALLOCATE|[EXTERNAL]|Bytes:4
13:29:53.0 (34652287)|HEAP_ALLOCATE|[51]|Bytes:4
13:29:53.0 (34655006)|VARIABLE_ASSIGNMENT|[51]|j|60
13:29:53.0 (34656781)|HEAP_ALLOCATE|[50]|Bytes:4
13:29:53.0 (34658892)|VARIABLE_ASSIGNMENT|[50]|i|5
13:29:53.0 (34660456)|STATEMENT_EXECUTE|[50]
13:29:53.0 (34661716)|STATEMENT_EXECUTE|[51]
13:29:53.0 (34663341)|VARIABLE_SCOPE_BEGIN|[51]|j|Integer|false|false
13:29:53.0 (34664703)|HEAP_ALLOCATE|[51]|Bytes:4
13:29:53.0 (34666929)|VARIABLE_ASSIGNMENT|[51]|j|0
13:29:53.0 (34668372)|STATEMENT_EXECUTE|[51]
13:29:53.0 (34669559)|STATEMENT_EXECUTE|[52]
13:29:53.0 (34670540)|STATEMENT_EXECUTE|[53]
13:29:53.0 (34676320)|HEAP_ALLOCATE|[53]|Bytes:1
13:29:53.0 (34684104)|HEAP_ALLOCATE|[53]|Bytes:1
13:29:53.0 (34689255)|HEAP_ALLOCATE|[53]|Bytes:4
13:29:53.0 (34694079)|HEAP_ALLOCATE|[53]|Bytes:1
13:29:53.0 (34701570)|HEAP_ALLOCATE|[53]|Bytes:1
13:29:53.0 (34706567)|HEAP_ALLOCATE|[53]|Bytes:4
13:29:53.0 (34710952)|HEAP_ALLOCATE|[EXTERNAL]|Bytes:4
13:29:53.0 (34720631)|HEAP_ALLOCATE|[51]|Bytes:4
13:29:53.0 (34723668)|VARIABLE_ASSIGNMENT|[51]|j|30
13:29:53.0 (34725661)|STATEMENT_EXECUTE|[51]
13:29:53.0 (34727419)|STATEMENT_EXECUTE|[54]
13:29:53.0 (34728536)|STATEMENT_EXECUTE|[55]
13:29:53.0 (34735407)|HEAP_ALLOCATE|[55]|Bytes:1
13:29:53.0 (34743655)|HEAP_ALLOCATE|[55]|Bytes:2
13:29:53.0 (34748916)|HEAP_ALLOCATE|[55]|Bytes:4
13:29:53.0 (34753831)|HEAP_ALLOCATE|[55]|Bytes:1
13:29:53.0 (34761352)|HEAP_ALLOCATE|[55]|Bytes:2
13:29:53.0 (34766288)|HEAP_ALLOCATE|[55]|Bytes:4
13:29:53.0 (34771131)|HEAP_ALLOCATE|[EXTERNAL]|Bytes:4
13:29:53.0 (34774327)|HEAP_ALLOCATE|[51]|Bytes:4
13:29:53.0 (34776872)|VARIABLE_ASSIGNMENT|[51]|j|60
13:29:53.0 (34778712)|HEAP_ALLOCATE|[50]|Bytes:4
13:29:53.0 (34781142)|VARIABLE_ASSIGNMENT|[50]|i|6
13:29:53.0 (34782818)|STATEMENT_EXECUTE|[50]
13:29:53.0 (34784080)|STATEMENT_EXECUTE|[51]
13:29:53.0 (34785653)|VARIABLE_SCOPE_BEGIN|[51]|j|Integer|false|false
13:29:53.0 (34787171)|HEAP_ALLOCATE|[51]|Bytes:4
13:29:53.0 (34789349)|VARIABLE_ASSIGNMENT|[51]|j|0
13:29:53.0 (34790835)|STATEMENT_EXECUTE|[51]
13:29:53.0 (34792035)|STATEMENT_EXECUTE|[52]
13:29:53.0 (34793013)|STATEMENT_EXECUTE|[53]
13:29:53.0 (34799397)|HEAP_ALLOCATE|[53]|Bytes:1
13:29:53.0 (34807402)|HEAP_ALLOCATE|[53]|Bytes:1
13:29:53.0 (34812657)|HEAP_ALLOCATE|[53]|Bytes:4
13:29:53.0 (34817444)|HEAP_ALLOCATE|[53]|Bytes:1
13:29:53.0 (34824958)|HEAP_ALLOCATE|[53]|Bytes:1
13:29:53.0 (34830039)|HEAP_ALLOCATE|[53]|Bytes:4
13:29:53.0 (34834537)|HEAP_ALLOCATE|[EXTERNAL]|Bytes:4
13:29:53.0 (34837809)|HEAP_ALLOCATE|[51]|Bytes:4
13:29:53.0 (34840352)|VARIABLE_ASSIGNMENT|[51]|j|30
13:29:53.0 (34842066)|STATEMENT_EXECUTE|[51]
13:29:53.0 (34843344)|STATEMENT_EXECUTE|[54]
13:29:53.0 (34844251)|STATEMENT_EXECUTE|[55]
13:29:53.0 (34849740)|HEAP_ALLOCATE|[55]|Bytes:1
13:29:53.0 (34857676)|HEAP_ALLOCATE|[55]|Bytes:2
13:29:53.0 (34862882)|HEAP_ALLOCATE|[55]|Bytes:4
13:29:53.0 (34867681)|HEAP_ALLOCATE|[55]|Bytes:1
13:29:53.0 (34875171)|HEAP_ALLOCATE|[55]|Bytes:2
13:29:53.0 (34880197)|HEAP_ALLOCATE|[55]|Bytes:4
13:29:53.0 (34884535)|HEAP_ALLOCATE|[EXTERNAL]|Bytes:4
13:29:53.0 (34887539)|HEAP_ALLOCATE|[51]|Bytes:4
13:29:53.0 (34890088)|VARIABLE_ASSIGNMENT|[51]|j|60
13:29:53.0 (34892092)|HEAP_ALLOCATE|[50]|Bytes:4
13:29:53.0 (34894222)|VARIABLE_ASSIGNMENT|[50]|i|7
13:29:53.0 (34895807)|STATEMENT_EXECUTE|[50]
13:29:53.0 (34897033)|STATEMENT_EXECUTE|[51]
13:29:53.0 (34898553)|VARIABLE_SCOPE_BEGIN|[51]|j|Integer|false|false
13:29:53.0 (34899934)|HEAP_ALLOCATE|[51]|Bytes:4
13:29:53.0 (34902079)|VARIABLE_ASSIGNMENT|[51]|j|0
13:29:53.0 (34903537)|STATEMENT_EXECUTE|[51]
13:29:53.0 (34904718)|STATEMENT_EXECUTE|[52]
13:29:53.0 (34905638)|STATEMENT_EXECUTE|[53]
13:29:53.0 (34911592)|HEAP_ALLOCATE|[53]|Bytes:1
13:29:53.0 (34919523)|HEAP_ALLOCATE|[53]|Bytes:1
13:29:53.0 (34924678)|HEAP_ALLOCATE|[53]|Bytes:4
13:29:53.0 (34929579)|HEAP_ALLOCATE|[53]|Bytes:1
13:29:53.0 (34937117)|HEAP_ALLOCATE|[53]|Bytes:1
13:29:53.0 (34942124)|HEAP_ALLOCATE|[53]|Bytes:4
13:29:53.0 (34946512)|HEAP_ALLOCATE|[EXTERNAL]|Bytes:4
13:29:53.0 (34949608)|HEAP_ALLOCATE|[51]|Bytes:4
13:29:53.0 (34952131)|VARIABLE_ASSIGNMENT|[51]|j|30
13:29:53.0 (34953796)|STATEMENT_EXECUTE|[51]
13:29:53.0 (34955354)|STATEMENT_EXECUTE|[54]
13:29:53.0 (34956386)|STATEMENT_EXECUTE|[55]
13:29:53.0 (34961985)|HEAP_ALLOCATE|[55]|Bytes:1
13:29:53.0 (34969880)|HEAP_ALLOCATE|[55]|Bytes:2
13:29:53.0 (34974977)|HEAP_ALLOCATE|[55]|Bytes:4
13:29:53.0 (34979954)|HEAP_ALLOCATE|[55]|Bytes:1
13:29:53.0 (34987418)|HEAP_ALLOCATE|[55]|Bytes:2
13:29:53.0 (34992418)|HEAP_ALLOCATE|[55]|Bytes:4
13:29:53.0 (34996886)|HEAP_ALLOCATE|[EXTERNAL]|Bytes:4
13:29:53.0 (35000071)|HEAP_ALLOCATE|[51]|Bytes:4
13:29:53.0 (35003279)|VARIABLE_ASSIGNMENT|[51]|j|60
13:29:53.0 (35005097)|HEAP_ALLOCATE|[50]|Bytes:4
13:29:53.0 (35007259)|VARIABLE_ASSIGNMENT|[50]|i|8
13:29:53.0 (35008925)|STATEMENT_EXECUTE|[50]
13:29:53.0 (35010129)|STATEMENT_EXECUTE|[51]
13:29:53.0 (35011783)|VARIABLE_SCOPE_BEGIN|[51]|j|Integer|false|false
13:29:53.0 (35013155)|HEAP_ALLOCATE|[51]|Bytes:4
13:29:53.0 (35015373)|VARIABLE_ASSIGNMENT|[51]|j|0
13:29:53.0 (35016804)|STATEMENT_EXECUTE|[51]
13:29:53.0 (35017988)|STATEMENT_EXECUTE|[52]
13:29:53.0 (35019018)|STATEMENT_EXECUTE|[53]
13:29:53.0 (35025309)|HEAP_ALLOCATE|[53]|Bytes:1
13:29:53.0 (35033223)|HEAP_ALLOCATE|[53]|Bytes:1
13:29:53.0 (35038362)|HEAP_ALLOCATE|[53]|Bytes:4
13:29:53.0 (35043238)|HEAP_ALLOCATE|[53]|Bytes:1
13:29:53.0 (35050724)|HEAP_ALLOCATE|[53]|Bytes:1
13:29:53.0 (35055644)|HEAP_ALLOCATE|[53]|Bytes:4
13:29:53.0 (35059994)|HEAP_ALLOCATE|[EXTERNAL]|Bytes:4
13:29:53.0 (35063366)|HEAP_ALLOCATE|[51]|Bytes:4
13:29:53.0 (35065952)|VARIABLE_ASSIGNMENT|[51]|j|30
13:29:53.0 (35067572)|STATEMENT_EXECUTE|[51]
13:29:53.0 (35068833)|STATEMENT_EXECUTE|[54]
13:29:53.0 (35069752)|STATEMENT_EXECUTE|[55]
13:29:53.0 (35075238)|HEAP_ALLOCATE|[55]|Bytes:1
13:29:53.0 (35083022)|HEAP_ALLOCATE|[55]|Bytes:2
13:29:53.0 (35088209)|HEAP_ALLOCATE|[55]|Bytes:4
13:29:53.0 (35092965)|HEAP_ALLOCATE|[55]|Bytes:1
13:29:53.0 (35100526)|HEAP_ALLOCATE|[55]|Bytes:2
13:29:53.0 (35105518)|HEAP_ALLOCATE|[55]|Bytes:4
13:29:53.0 (35109938)|HEAP_ALLOCATE|[EXTERNAL]|Bytes:4
13:29:53.0 (35112935)|HEAP_ALLOCATE|[51]|Bytes:4
13:29:53.0 (35115418)|VARIABLE_ASSIGNMENT|[51]|j|60
13:29:53.0 (35117515)|HEAP_ALLOCATE|[50]|Bytes:4
13:29:53.0 (35119636)|VARIABLE_ASSIGNMENT|[50]|i|9
13:29:53.0 (35121280)|STATEMENT_EXECUTE|[50]
13:29:53.0 (35122482)|STATEMENT_EXECUTE|[51]
13:29:53.0 (35124116)|VARIABLE_SCOPE_BEGIN|[51]|j|Integer|false|false
13:29:53.0 (35125465)|HEAP_ALLOCATE|[51]|Bytes:4
13:29:53.0 (35127757)|VARIABLE_ASSIGNMENT|[51]|j|0
13:29:53.0 (35129163)|STATEMENT_EXECUTE|[51]
13:29:53.0 (35130371)|STATEMENT_EXECUTE|[52]
13:29:53.0 (35131296)|STATEMENT_EXECUTE|[53]
13:29:53.0 (35137051)|HEAP_ALLOCATE|[53]|Bytes:1
13:29:53.0 (35144975)|HEAP_ALLOCATE|[53]|Bytes:1
13:29:53.0 (35150150)|HEAP_ALLOCATE|[53]|Bytes:4
13:29:53.0 (35154999)|HEAP_ALLOCATE|[53]|Bytes:1
13:29:53.0 (35162452)|HEAP_ALLOCATE|[53]|Bytes:1
13:29:53.0 (35167412)|HEAP_ALLOCATE|[53]|Bytes:4
13:29:53.0 (35171911)|HEAP_ALLOCATE|[EXTERNAL]|Bytes:4
13:29:53.0 (35175022)|HEAP_ALLOCATE|[51]|Bytes:4
13:29:53.0 (35177581)|VARIABLE_ASSIGNMENT|[51]|j|30
13:29:53.0 (35179206)|STATEMENT_EXECUTE|[51]
13:29:53.0 (35180442)|STATEMENT_EXECUTE|[54]
13:29:53.0 (35181483)|STATEMENT_EXECUTE|[55]
13:29:53.0 (35187014)|HEAP_ALLOCATE|[55]|Bytes:1
13:29:53.0 (35195003)|HEAP_ALLOCATE|[55]|Bytes:2
13:29:53.0 (35200138)|HEAP_ALLOCATE|[55]|Bytes:4
13:29:53.0 (35204890)|HEAP_ALLOCATE|[55]|Bytes:1
13:29:53.0 (35212360)|HEAP_ALLOCATE|[55]|Bytes:2
13:29:53.0 (35217391)|HEAP_ALLOCATE|[55]|Bytes:4
13:29:53.0 (35221861)|HEAP_ALLOCATE|[EXTERNAL]|Bytes:4
13:29:53.0 (35224932)|HEAP_ALLOCATE|[51]|Bytes:4
13:29:53.0 (35227389)|VARIABLE_ASSIGNMENT|[51]|j|60
13:29:53.0 (35229289)|HEAP_ALLOCATE|[50]|Bytes:4
13:29:53.0 (35231380)|VARIABLE_ASSIGNMENT|[50]|i|10
13:29:53.0 (35233047)|STATEMENT_EXECUTE|[50]
13:29:53.0 (35234240)|STATEMENT_EXECUTE|[51]
13:29:53.0 (35235767)|VARIABLE_SCOPE_BEGIN|[51]|j|Integer|false|false
13:29:53.0 (35237133)|HEAP_ALLOCATE|[51]|Bytes:4
13:29:53.0 (35239297)|VARIABLE_ASSIGNMENT|[51]|j|0
13:29:53.0 (35240732)|STATEMENT_EXECUTE|[51]
13:29:53.0 (35241897)|STATEMENT_EXECUTE|[52]
13:29:53.0 (35242901)|STATEMENT_EXECUTE|[53]
13:29:53.0 (35248753)|HEAP_ALLOCATE|[53]|Bytes:2
13:29:53.0 (35256691)|HEAP_ALLOCATE|[53]|Bytes:1
13:29:53.0 (35261736)|HEAP_ALLOCATE|[53]|Bytes:5
13:29:53.0 (35266596)|HEAP_ALLOCATE|[53]|Bytes:2
13:29:53.0 (35274254)|HEAP_ALLOCATE|[53]|Bytes:1
13:29:53.0 (35279280)|HEAP_ALLOCATE|[53]|Bytes:5
13:29:53.0 (35283661)|HEAP_ALLOCATE|[EXTERNAL]|Bytes:4
13:29:53.0 (35286771)|HEAP_ALLOCATE|[51]|Bytes:4
13:29:53.0 (35289243)|VARIABLE_ASSIGNMENT|[51]|j|30
13:29:53.0 (35290881)|STATEMENT_EXECUTE|[51]
13:29:53.0 (35292126)|STATEMENT_EXECUTE|[54]
13:29:53.0 (35293064)|STATEMENT_EXECUTE|[55]
13:29:53.0 (35298532)|HEAP_ALLOCATE|[55]|Bytes:2
13:29:53.0 (35306505)|HEAP_ALLOCATE|[55]|Bytes:2
13:29:53.0 (35311608)|HEAP_ALLOCATE|[55]|Bytes:5
13:29:53.0 (35316440)|HEAP_ALLOCATE|[55]|Bytes:2
13:29:53.0 (35323913)|HEAP_ALLOCATE|[55]|Bytes:2
13:29:53.0 (35328987)|HEAP_ALLOCATE|[55]|Bytes:5
13:29:53.0 (35333273)|HEAP_ALLOCATE|[EXTERNAL]|Bytes:4
13:29:53.0 (35336378)|HEAP_ALLOCATE|[51]|Bytes:4
13:29:53.0 (35338860)|VARIABLE_ASSIGNMENT|[51]|j|60
13:29:53.0 (35340985)|HEAP_ALLOCATE|[50]|Bytes:4
13:29:53.0 (35343190)|VARIABLE_ASSIGNMENT|[50]|i|11
13:29:53.0 (35344817)|STATEMENT_EXECUTE|[50]
13:29:53.0 (35345992)|STATEMENT_EXECUTE|[51]
13:29:53.0 (35347551)|VARIABLE_SCOPE_BEGIN|[51]|j|Integer|false|false
13:29:53.0 (35348957)|HEAP_ALLOCATE|[51]|Bytes:4
13:29:53.0 (35351144)|VARIABLE_ASSIGNMENT|[51]|j|0
13:29:53.0 (35352607)|STATEMENT_EXECUTE|[51]
13:29:53.0 (35353786)|STATEMENT_EXECUTE|[52]
13:29:53.0 (35354846)|STATEMENT_EXECUTE|[53]
13:29:53.0 (35360370)|HEAP_ALLOCATE|[53]|Bytes:2
13:29:53.0 (35368224)|HEAP_ALLOCATE|[53]|Bytes:1
13:29:53.0 (35373358)|HEAP_ALLOCATE|[53]|Bytes:5
13:29:53.0 (35378327)|HEAP_ALLOCATE|[53]|Bytes:2
13:29:53.0 (35385903)|HEAP_ALLOCATE|[53]|Bytes:1
13:29:53.0 (35390960)|HEAP_ALLOCATE|[53]|Bytes:5
13:29:53.0 (35395305)|HEAP_ALLOCATE|[EXTERNAL]|Bytes:4
13:29:53.0 (35398513)|HEAP_ALLOCATE|[51]|Bytes:4
13:29:53.0 (35401080)|VARIABLE_ASSIGNMENT|[51]|j|30
13:29:53.0 (35402685)|STATEMENT_EXECUTE|[51]
13:29:53.0 (35403922)|STATEMENT_EXECUTE|[54]
13:29:53.0 (35405054)|STATEMENT_EXECUTE|[55]
13:29:53.0 (35410607)|HEAP_ALLOCATE|[55]|Bytes:2
13:29:53.0 (35418408)|HEAP_ALLOCATE|[55]|Bytes:2
13:29:53.0 (35423659)|HEAP_ALLOCATE|[55]|Bytes:5
13:29:53.0 (35428472)|HEAP_ALLOCATE|[55]|Bytes:2
13:29:53.0 (35436011)|HEAP_ALLOCATE|[55]|Bytes:2
13:29:53.0 (35441104)|HEAP_ALLOCATE|[55]|Bytes:5
13:29:53.0 (35445409)|HEAP_ALLOCATE|[EXTERNAL]|Bytes:4
13:29:53.0 (35448422)|HEAP_ALLOCATE|[51]|Bytes:4
13:29:53.0 (35450977)|VARIABLE_ASSIGNMENT|[51]|j|60
13:29:53.0 (35452722)|HEAP_ALLOCATE|[50]|Bytes:4
13:29:53.0 (35454784)|VARIABLE_ASSIGNMENT|[50]|i|12
13:29:53.0 (35456443)|STATEMENT_EXECUTE|[50]
13:29:53.0 (35457721)|STATEMENT_EXECUTE|[51]
13:29:53.0 (35459259)|VARIABLE_SCOPE_BEGIN|[51]|j|Integer|false|false
13:29:53.0 (35460661)|HEAP_ALLOCATE|[51]|Bytes:4
13:29:53.0 (35462848)|VARIABLE_ASSIGNMENT|[51]|j|0
13:29:53.0 (35464273)|STATEMENT_EXECUTE|[51]
13:29:53.0 (35465457)|STATEMENT_EXECUTE|[52]
13:29:53.0 (35466367)|STATEMENT_EXECUTE|[53]
13:29:53.0 (35471980)|HEAP_ALLOCATE|[53]|Bytes:2
13:29:53.0 (35480355)|HEAP_ALLOCATE|[53]|Bytes:1
13:29:53.0 (35485569)|HEAP_ALLOCATE|[53]|Bytes:5
13:29:53.0 (35490420)|HEAP_ALLOCATE|[53]|Bytes:2
13:29:53.0 (35497986)|HEAP_ALLOCATE|[53]|Bytes:1
13:29:53.0 (35502909)|HEAP_ALLOCATE|[53]|Bytes:5
13:29:53.0 (35507353)|HEAP_ALLOCATE|[EXTERNAL]|Bytes:4
13:29:53.0 (35510405)|HEAP_ALLOCATE|[51]|Bytes:4
13:29:53.0 (35513025)|VARIABLE_ASSIGNMENT|[51]|j|30
13:29:53.0 (35514629)|STATEMENT_EXECUTE|[51]
13:29:53.0 (35515883)|STATEMENT_EXECUTE|[54]
13:29:53.0 (35516803)|STATEMENT_EXECUTE|[55]
13:29:53.0 (35522313)|HEAP_ALLOCATE|[55]|Bytes:2
13:29:53.0 (35530221)|HEAP_ALLOCATE|[55]|Bytes:2
13:29:53.0 (35535376)|HEAP_ALLOCATE|[55]|Bytes:5
13:29:53.0 (35540282)|HEAP_ALLOCATE|[55]|Bytes:2
13:29:53.0 (35547777)|HEAP_ALLOCATE|[55]|Bytes:2
13:29:53.0 (35552671)|HEAP_ALLOCATE|[55]|Bytes:5
13:29:53.0 (35557141)|HEAP_ALLOCATE|[EXTERNAL]|Bytes:4
13:29:53.0 (35560214)|HEAP_ALLOCATE|[51]|Bytes:4
13:29:53.0 (35562806)|VARIABLE_ASSIGNMENT|[51]|j|60
13:29:53.0 (35564971)|HEAP_ALLOCATE|[50]|Bytes:4
13:29:53.0 (35567120)|VARIABLE_ASSIGNMENT|[50]|i|13
13:29:53.0 (35568775)|STATEMENT_EXECUTE|[50]
13:29:53.0 (35569964)|STATEMENT_EXECUTE|[51]
13:29:53.0 (35571445)|VARIABLE_SCOPE_BEGIN|[51]|j|Integer|false|false
13:29:53.0 (35572807)|HEAP_ALLOCATE|[51]|Bytes:4
13:29:53.0 (35574933)|VARIABLE_ASSIGNMENT|[51]|j|0
13:29:53.0 (35576353)|STATEMENT_EXECUTE|[51]
13:29:53.0 (35577563)|STATEMENT_EXECUTE|[52]
13:29:53.0 (35578479)|STATEMENT_EXECUTE|[53]
13:29:53.0 (35584035)|HEAP_ALLOCATE|[53]|Bytes:2
13:29:53.0 (35592031)|HEAP_ALLOCATE|[53]|Bytes:1
13:29:53.0 (35597274)|HEAP_ALLOCATE|[53]|Bytes:5
13:29:53.0 (35602064)|HEAP_ALLOCATE|[53]|Bytes:2
13:29:53.0 (35609503)|HEAP_ALLOCATE|[53]|Bytes:1
13:29:53.0 (35614523)|HEAP_ALLOCATE|[53]|Bytes:5
13:29:53.0 (35618947)|HEAP_ALLOCATE|[EXTERNAL]|Bytes:4
13:29:53.0 (35622009)|HEAP_ALLOCATE|[51]|Bytes:4
13:29:53.0 (35624586)|VARIABLE_ASSIGNMENT|[51]|j|30
13:29:53.0 (35626236)|STATEMENT_EXECUTE|[51]
13:29:53.0 (35627517)|STATEMENT_EXECUTE|[54]
13:29:53.0 (35628752)|STATEMENT_EXECUTE|[55]
13:29:53.0 (35634430)|HEAP_ALLOCATE|[55]|Bytes:2
13:29:53.0 (35642293)|HEAP_ALLOCATE|[55]|Bytes:2
13:29:53.0 (35647539)|HEAP_ALLOCATE|[55]|Bytes:5
13:29:53.0 (35652570)|HEAP_ALLOCATE|[55]|Bytes:2
13:29:53.0 (35660053)|HEAP_ALLOCATE|[55]|Bytes:2
13:29:53.0 (35665037)|HEAP_ALLOCATE|[55]|Bytes:5
13:29:53.0 (35669434)|HEAP_ALLOCATE|[EXTERNAL]|Bytes:4
13:29:53.0 (35672510)|HEAP_ALLOCATE|[51]|Bytes:4
13:29:53.0 (35675073)|VARIABLE_ASSIGNMENT|[51]|j|60
13:29:53.0 (35676833)|HEAP_ALLOCATE|[50]|Bytes:4
13:29:53.0 (35678978)|VARIABLE_ASSIGNMENT|[50]|i|14
13:29:53.0 (35680858)|STATEMENT_EXECUTE|[50]
13:29:53.0 (35682059)|STATEMENT_EXECUTE|[51]
13:29:53.0 (35683570)|VARIABLE_SCOPE_BEGIN|[51]|j|Integer|false|false
13:29:53.0 (35684879)|HEAP_ALLOCATE|[51]|Bytes:4
13:29:53.0 (35687100)|VARIABLE_ASSIGNMENT|[51]|j|0
13:29:53.0 (35688556)|STATEMENT_EXECUTE|[51]
13:29:53.0 (35689764)|STATEMENT_EXECUTE|[52]
13:29:53.0 (35690676)|STATEMENT_EXECUTE|[53]
13:29:53.0 (35696385)|HEAP_ALLOCATE|[53]|Bytes:2
13:29:53.0 (35704802)|HEAP_ALLOCATE|[53]|Bytes:1
13:29:53.0 (35709974)|HEAP_ALLOCATE|[53]|Bytes:5
13:29:53.0 (35718527)|HEAP_ALLOCATE|[53]|Bytes:2
13:29:53.0 (35726416)|HEAP_ALLOCATE|[53]|Bytes:1
13:29:53.0 (35731411)|HEAP_ALLOCATE|[53]|Bytes:5
13:29:53.0 (35736159)|HEAP_ALLOCATE|[EXTERNAL]|Bytes:4
13:29:53.0 (35739480)|HEAP_ALLOCATE|[51]|Bytes:4
13:29:53.0 (35742170)|VARIABLE_ASSIGNMENT|[51]|j|30
13:29:53.0 (35744000)|STATEMENT_EXECUTE|[51]
13:29:53.0 (35745350)|STATEMENT_EXECUTE|[54]
13:29:53.0 (35746339)|STATEMENT_EXECUTE|[55]
13:29:53.0 (35752223)|HEAP_ALLOCATE|[55]|Bytes:2
13:29:53.0 (35760117)|HEAP_ALLOCATE|[55]|Bytes:2
13:29:53.0 (35765282)|HEAP_ALLOCATE|[55]|Bytes:5
13:29:53.0 (35770175)|HEAP_ALLOCATE|[55]|Bytes:2
13:29:53.0 (35777754)|HEAP_ALLOCATE|[55]|Bytes:2
13:29:53.0 (35782776)|HEAP_ALLOCATE|[55]|Bytes:5
13:29:53.0 (35787141)|HEAP_ALLOCATE|[EXTERNAL]|Bytes:4
13:29:53.0 (35790204)|HEAP_ALLOCATE|[51]|Bytes:4
13:29:53.0 (35792670)|VARIABLE_ASSIGNMENT|[51]|j|60
13:29:53.0 (35794424)|HEAP_ALLOCATE|[50]|Bytes:4
13:29:53.0 (35796897)|VARIABLE_ASSIGNMENT|[50]|i|15
13:29:53.0 (35798650)|STATEMENT_EXECUTE|[50]
13:29:53.0 (35799954)|STATEMENT_EXECUTE|[51]
13:29:53.0 (35801480)|VARIABLE_SCOPE_BEGIN|[51]|j|Integer|false|false
13:29:53.0 (35802863)|HEAP_ALLOCATE|[51]|Bytes:4
13:29:53.0 (35805104)|VARIABLE_ASSIGNMENT|[51]|j|0
13:29:53.0 (35806570)|STATEMENT_EXECUTE|[51]
13:29:53.0 (35807839)|STATEMENT_EXECUTE|[52]
13:29:53.0 (35808787)|STATEMENT_EXECUTE|[53]
13:29:53.0 (35814379)|HEAP_ALLOCATE|[53]|Bytes:2
13:29:53.0 (35822169)|HEAP_ALLOCATE|[53]|Bytes:1
13:29:53.0 (35827395)|HEAP_ALLOCATE|[53]|Bytes:5
13:29:53.0 (35832175)|HEAP_ALLOCATE|[53]|Bytes:2
13:29:53.0 (35839621)|HEAP_ALLOCATE|[53]|Bytes:1
13:29:53.0 (35844648)|HEAP_ALLOCATE|[53]|Bytes:5
13:29:53.0 (35848947)|HEAP_ALLOCATE|[EXTERNAL]|Bytes:4
13:29:53.0 (35852144)|HEAP_ALLOCATE|[51]|Bytes:4
13:29:53.0 (35854832)|VARIABLE_ASSIGNMENT|[51]|j|30
13:29:53.0 (35856490)|STATEMENT_EXECUTE|[51]
13:29:53.0 (35857760)|STATEMENT_EXECUTE|[54]
13:29:53.0 (35858991)|STATEMENT_EXECUTE|[55]
13:29:53.0 (35864705)|HEAP_ALLOCATE|[55]|Bytes:2
13:29:53.0 (35872513)|HEAP_ALLOCATE|[55]|Bytes:2
13:29:53.0 (35877641)|HEAP_ALLOCATE|[55]|Bytes:5
13:29:53.0 (35882619)|HEAP_ALLOCATE|[55]|Bytes:2
13:29:53.0 (35890117)|HEAP_ALLOCATE|[55]|Bytes:2
13:29:53.0 (35895081)|HEAP_ALLOCATE|[55]|Bytes:5
13:29:53.0 (35899426)|HEAP_ALLOCATE|[EXTERNAL]|Bytes:4
13:29:53.0 (35902436)|HEAP_ALLOCATE|[51]|Bytes:4
13:29:53.0 (35904985)|VARIABLE_ASSIGNMENT|[51]|j|60
13:29:53.0 (35906800)|HEAP_ALLOCATE|[50]|Bytes:4
13:29:53.0 (35908939)|VARIABLE_ASSIGNMENT|[50]|i|16
13:29:53.0 (35910564)|STATEMENT_EXECUTE|[50]
13:29:53.0 (35911787)|STATEMENT_EXECUTE|[51]
13:29:53.0 (35913403)|VARIABLE_SCOPE_BEGIN|[51]|j|Integer|false|false
13:29:53.0 (35914725)|HEAP_ALLOCATE|[51]|Bytes:4
13:29:53.0 (35916987)|VARIABLE_ASSIGNMENT|[51]|j|0
13:29:53.0 (35918486)|STATEMENT_EXECUTE|[51]
13:29:53.0 (35919680)|STATEMENT_EXECUTE|[52]
13:29:53.0 (35920593)|STATEMENT_EXECUTE|[53]
13:29:53.0 (35926250)|HEAP_ALLOCATE|[53]|Bytes:2
13:29:53.0 (35934559)|HEAP_ALLOCATE|[53]|Bytes:1
13:29:53.0 (35939606)|HEAP_ALLOCATE|[53]|Bytes:5
13:29:53.0 (35944417)|HEAP_ALLOCATE|[53]|Bytes:2
13:29:53.0 (35951824)|HEAP_ALLOCATE|[53]|Bytes:1
13:29:53.0 (35956874)|HEAP_ALLOCATE|[53]|Bytes:5
13:29:53.0 (35961131)|HEAP_ALLOCATE|[EXTERNAL]|Bytes:4
13:29:53.0 (35964168)|HEAP_ALLOCATE|[51]|Bytes:4
13:29:53.0 (35966771)|VARIABLE_ASSIGNMENT|[51]|j|30
13:29:53.0 (35968413)|STATEMENT_EXECUTE|[51]
13:29:53.0 (35969666)|STATEMENT_EXECUTE|[54]
13:29:53.0 (35970575)|STATEMENT_EXECUTE|[55]
13:29:53.0 (35976065)|HEAP_ALLOCATE|[55]|Bytes:2
13:29:53.0 (35984009)|HEAP_ALLOCATE|[55]|Bytes:2
13:29:53.0 (35989202)|HEAP_ALLOCATE|[55]|Bytes:5
13:29:53.0 (35994040)|HEAP_ALLOCATE|[55]|Bytes:2
13:29:53.0 (36001566)|HEAP_ALLOCATE|[55]|Bytes:2
13:29:53.0 (36007139)|HEAP_ALLOCATE|[55]|Bytes:5
13:29:53.0 (36011736)|HEAP_ALLOCATE|[EXTERNAL]|Bytes:4
13:29:53.0 (36014922)|HEAP_ALLOCATE|[51]|Bytes:4
13:29:53.0 (36017521)|VARIABLE_ASSIGNMENT|[51]|j|60
13:29:53.0 (36019355)|HEAP_ALLOCATE|[50]|Bytes:4
13:29:53.0 (36021850)|VARIABLE_ASSIGNMENT|[50]|i|17
13:29:53.0 (36023460)|STATEMENT_EXECUTE|[50]
13:29:53.0 (36024659)|STATEMENT_EXECUTE|[51]
13:29:53.0 (36026185)|VARIABLE_SCOPE_BEGIN|[51]|j|Integer|false|false
13:29:53.0 (36027533)|HEAP_ALLOCATE|[51]|Bytes:4
13:29:53.0 (36029674)|VARIABLE_ASSIGNMENT|[51]|j|0
13:29:53.0 (36031112)|STATEMENT_EXECUTE|[51]
13:29:53.0 (36032290)|STATEMENT_EXECUTE|[52]
13:29:53.0 (36033224)|STATEMENT_EXECUTE|[53]
13:29:53.0 (36039108)|HEAP_ALLOCATE|[53]|Bytes:2
13:29:53.0 (36046935)|HEAP_ALLOCATE|[53]|Bytes:1
13:29:53.0 (36051974)|HEAP_ALLOCATE|[53]|Bytes:5
13:29:53.0 (36056779)|HEAP_ALLOCATE|[53]|Bytes:2
13:29:53.0 (36064575)|HEAP_ALLOCATE|[53]|Bytes:1
13:29:53.0 (36069655)|HEAP_ALLOCATE|[53]|Bytes:5
13:29:53.0 (36073958)|HEAP_ALLOCATE|[EXTERNAL]|Bytes:4
13:29:53.0 (36077015)|HEAP_ALLOCATE|[51]|Bytes:4
13:29:53.0 (36079482)|VARIABLE_ASSIGNMENT|[51]|j|30
13:29:53.0 (36081156)|STATEMENT_EXECUTE|[51]
13:29:53.0 (36082448)|STATEMENT_EXECUTE|[54]
13:29:53.0 (36083498)|STATEMENT_EXECUTE|[55]
13:29:53.0 (36088996)|HEAP_ALLOCATE|[55]|Bytes:2
13:29:53.0 (36096787)|HEAP_ALLOCATE|[55]|Bytes:2
13:29:53.0 (36101964)|HEAP_ALLOCATE|[55]|Bytes:5
13:29:53.0 (36106885)|HEAP_ALLOCATE|[55]|Bytes:2
13:29:53.0 (36114565)|HEAP_ALLOCATE|[55]|Bytes:2
13:29:53.0 (36119618)|HEAP_ALLOCATE|[55]|Bytes:5
13:29:53.0 (36123970)|HEAP_ALLOCATE|[EXTERNAL]|Bytes:4
13:29:53.0 (36126954)|HEAP_ALLOCATE|[51]|Bytes:4
13:29:53.0 (36129493)|VARIABLE_ASSIGNMENT|[51]|j|60
13:29:53.0 (36131241)|HEAP_ALLOCATE|[50]|Bytes:4
13:29:53.0 (36133363)|VARIABLE_ASSIGNMENT|[50]|i|18
13:29:53.0 (36134977)|STATEMENT_EXECUTE|[50]
13:29:53.0 (36136146)|STATEMENT_EXECUTE|[51]
13:29:53.0 (36137652)|VARIABLE_SCOPE_BEGIN|[51]|j|Integer|false|false
13:29:53.0 (36138964)|HEAP_ALLOCATE|[51]|Bytes:4
13:29:53.0 (36141191)|VARIABLE_ASSIGNMENT|[51]|j|0
13:29:53.0 (36142629)|STATEMENT_EXECUTE|[51]
13:29:53.0 (36143816)|STATEMENT_EXECUTE|[52]
13:29:53.0 (36144727)|STATEMENT_EXECUTE|[53]
13:29:53.0 (36150320)|HEAP_ALLOCATE|[53]|Bytes:2
13:29:53.0 (36158451)|HEAP_ALLOCATE|[53]|Bytes:1
13:29:53.0 (36163635)|HEAP_ALLOCATE|[53]|Bytes:5
13:29:53.0 (36168537)|HEAP_ALLOCATE|[53]|Bytes:2
13:29:53.0 (36176086)|HEAP_ALLOCATE|[53]|Bytes:1
13:29:53.0 (36181049)|HEAP_ALLOCATE|[53]|Bytes:5
13:29:53.0 (36185259)|HEAP_ALLOCATE|[EXTERNAL]|Bytes:4
13:29:53.0 (36188452)|HEAP_ALLOCATE|[51]|Bytes:4
13:29:53.0 (36190964)|VARIABLE_ASSIGNMENT|[51]|j|30
13:29:53.0 (36192697)|STATEMENT_EXECUTE|[51]
13:29:53.0 (36193949)|STATEMENT_EXECUTE|[54]
13:29:53.0 (36194895)|STATEMENT_EXECUTE|[55]
13:29:53.0 (36200374)|HEAP_ALLOCATE|[55]|Bytes:2
13:29:53.0 (36208206)|HEAP_ALLOCATE|[55]|Bytes:2
13:29:53.0 (36213416)|HEAP_ALLOCATE|[55]|Bytes:5
13:29:53.0 (36218400)|HEAP_ALLOCATE|[55]|Bytes:2
13:29:53.0 (36225941)|HEAP_ALLOCATE|[55]|Bytes:2
13:29:53.0 (36231035)|HEAP_ALLOCATE|[55]|Bytes:5
13:29:53.0 (36235254)|HEAP_ALLOCATE|[EXTERNAL]|Bytes:4
13:29:53.0 (36238246)|HEAP_ALLOCATE|[51]|Bytes:4
13:29:53.0 (36240746)|VARIABLE_ASSIGNMENT|[51]|j|60
13:29:53.0 (36242543)|HEAP_ALLOCATE|[50]|Bytes:4
13:29:53.0 (36245037)|VARIABLE_ASSIGNMENT|[50]|i|19
13:29:53.0 (36246660)|STATEMENT_EXECUTE|[50]
13:29:53.0 (36247849)|STATEMENT_EXECUTE|[51]
13:29:53.0 (36249332)|VARIABLE_SCOPE_BEGIN|[51]|j|Integer|false|false
13:29:53.0 (36250644)|HEAP_ALLOCATE|[51]|Bytes:4
13:29:53.0 (36252824)|VARIABLE_ASSIGNMENT|[51]|j|0
13:29:53.0 (36254247)|STATEMENT_EXECUTE|[51]
13:29:53.0 (36255431)|STATEMENT_EXECUTE|[52]
13:29:53.0 (36256346)|STATEMENT_EXECUTE|[53]
13:29:53.0 (36261969)|HEAP_ALLOCATE|[53]|Bytes:2
13:29:53.0 (36269879)|HEAP_ALLOCATE|[53]|Bytes:1
13:29:53.0 (36275083)|HEAP_ALLOCATE|[53]|Bytes:5
13:29:53.0 (36279990)|HEAP_ALLOCATE|[53]|Bytes:2
13:29:53.0 (36287461)|HEAP_ALLOCATE|[53]|Bytes:1
13:29:53.0 (36292438)|HEAP_ALLOCATE|[53]|Bytes:5
13:29:53.0 (36296844)|HEAP_ALLOCATE|[EXTERNAL]|Bytes:4
13:29:53.0 (36299969)|HEAP_ALLOCATE|[51]|Bytes:4
13:29:53.0 (36302431)|VARIABLE_ASSIGNMENT|[51]|j|30
13:29:53.0 (36304104)|STATEMENT_EXECUTE|[51]
13:29:53.0 (36305337)|STATEMENT_EXECUTE|[54]
13:29:53.0 (36306249)|STATEMENT_EXECUTE|[55]
13:29:53.0 (36311841)|HEAP_ALLOCATE|[55]|Bytes:2
13:29:53.0 (36319731)|HEAP_ALLOCATE|[55]|Bytes:2
13:29:53.0 (36325057)|HEAP_ALLOCATE|[55]|Bytes:5
13:29:53.0 (36329917)|HEAP_ALLOCATE|[55]|Bytes:2
13:29:53.0 (36337439)|HEAP_ALLOCATE|[55]|Bytes:2
13:29:53.0 (36342358)|HEAP_ALLOCATE|[55]|Bytes:5
13:29:53.0 (36346604)|HEAP_ALLOCATE|[EXTERNAL]|Bytes:4
13:29:53.0 (36349614)|HEAP_ALLOCATE|[51]|Bytes:4
13:29:53.0 (36352091)|VARIABLE_ASSIGNMENT|[51]|j|60
13:29:53.0 (36353955)|HEAP_ALLOCATE|[50]|Bytes:4
13:29:53.0 (36356071)|VARIABLE_ASSIGNMENT|[50]|i|20
13:29:53.0 (36357658)|STATEMENT_EXECUTE|[50]
13:29:53.0 (36358856)|STATEMENT_EXECUTE|[51]
13:29:53.0 (36360399)|VARIABLE_SCOPE_BEGIN|[51]|j|Integer|false|false
13:29:53.0 (36361731)|HEAP_ALLOCATE|[51]|Bytes:4
13:29:53.0 (36363905)|VARIABLE_ASSIGNMENT|[51]|j|0
13:29:53.0 (36365323)|STATEMENT_EXECUTE|[51]
13:29:53.0 (36366510)|STATEMENT_EXECUTE|[52]
13:29:53.0 (36367476)|STATEMENT_EXECUTE|[53]
13:29:53.0 (36373046)|HEAP_ALLOCATE|[53]|Bytes:2
13:29:53.0 (36381391)|HEAP_ALLOCATE|[53]|Bytes:1
13:29:53.0 (36386633)|HEAP_ALLOCATE|[53]|Bytes:5
13:29:53.0 (36391416)|HEAP_ALLOCATE|[53]|Bytes:2
13:29:53.0 (36398874)|HEAP_ALLOCATE|[53]|Bytes:1
13:29:53.0 (36403890)|HEAP_ALLOCATE|[53]|Bytes:5
13:29:53.0 (36408155)|HEAP_ALLOCATE|[EXTERNAL]|Bytes:4
13:29:53.0 (36411240)|HEAP_ALLOCATE|[51]|Bytes:4
13:29:53.0 (36413663)|VARIABLE_ASSIGNMENT|[51]|j|30
13:29:53.0 (36415334)|STATEMENT_EXECUTE|[51]
13:29:53.0 (36416606)|STATEMENT_EXECUTE|[54]
13:29:53.0 (36417513)|STATEMENT_EXECUTE|[55]
13:29:53.0 (36422955)|HEAP_ALLOCATE|[55]|Bytes:2
13:29:53.0 (36430885)|HEAP_ALLOCATE|[55]|Bytes:2
13:29:53.0 (36436031)|HEAP_ALLOCATE|[55]|Bytes:5
13:29:53.0 (36440940)|HEAP_ALLOCATE|[55]|Bytes:2
13:29:53.0 (36448510)|HEAP_ALLOCATE|[55]|Bytes:2
13:29:53.0 (36453510)|HEAP_ALLOCATE|[55]|Bytes:5
13:29:53.0 (36457882)|HEAP_ALLOCATE|[EXTERNAL]|Bytes:4
13:29:53.0 (36460841)|HEAP_ALLOCATE|[51]|Bytes:4
13:29:53.0 (36463269)|VARIABLE_ASSIGNMENT|[51]|j|60
13:29:53.0 (36465042)|HEAP_ALLOCATE|[50]|Bytes:4
13:29:53.0 (36467680)|VARIABLE_ASSIGNMENT|[50]|i|21
13:29:53.0 (36469303)|STATEMENT_EXECUTE|[50]
13:29:53.0 (36470496)|STATEMENT_EXECUTE|[51]
13:29:53.0 (36472016)|VARIABLE_SCOPE_BEGIN|[51]|j|Integer|false|false
13:29:53.0 (36473373)|HEAP_ALLOCATE|[51]|Bytes:4
13:29:53.0 (36475578)|VARIABLE_ASSIGNMENT|[51]|j|0
13:29:53.0 (36477023)|STATEMENT_EXECUTE|[51]
13:29:53.0 (36478205)|STATEMENT_EXECUTE|[52]
13:29:53.0 (36479119)|STATEMENT_EXECUTE|[53]
13:29:53.0 (36484754)|HEAP_ALLOCATE|[53]|Bytes:2
13:29:53.0 (36492633)|HEAP_ALLOCATE|[53]|Bytes:1
13:29:53.0 (36497739)|HEAP_ALLOCATE|[53]|Bytes:5
13:29:53.0 (36502568)|HEAP_ALLOCATE|[53]|Bytes:2
13:29:53.0 (36510225)|HEAP_ALLOCATE|[53]|Bytes:1
13:29:53.0 (36515135)|HEAP_ALLOCATE|[53]|Bytes:5
13:29:53.0 (36519413)|HEAP_ALLOCATE|[EXTERNAL]|Bytes:4
13:29:53.0 (36522475)|HEAP_ALLOCATE|[51]|Bytes:4
13:29:53.0 (36524971)|VARIABLE_ASSIGNMENT|[51]|j|30
13:29:53.0 (36526589)|STATEMENT_EXECUTE|[51]
13:29:53.0 (36527817)|STATEMENT_EXECUTE|[54]
13:29:53.0 (36528756)|STATEMENT_EXECUTE|[55]
13:29:53.0 (36534524)|HEAP_ALLOCATE|[55]|Bytes:2
13:29:53.0 (36542430)|HEAP_ALLOCATE|[55]|Bytes:2
13:29:53.0 (36547625)|HEAP_ALLOCATE|[55]|Bytes:5
13:29:53.0 (36552458)|HEAP_ALLOCATE|[55]|Bytes:2
13:29:53.0 (36559932)|HEAP_ALLOCATE|[55]|Bytes:2
13:29:53.0 (36564918)|HEAP_ALLOCATE|[55]|Bytes:5
13:29:53.0 (36569227)|HEAP_ALLOCATE|[EXTERNAL]|Bytes:4
13:29:53.0 (36572207)|HEAP_ALLOCATE|[51]|Bytes:4
13:29:53.0 (36574718)|VARIABLE_ASSIGNMENT|[51]|j|60
13:29:53.0 (36576480)|HEAP_ALLOCATE|[50]|Bytes:4
13:29:53.0 (36578579)|VARIABLE_ASSIGNMENT|[50]|i|22
13:29:53.0 (36580210)|STATEMENT_EXECUTE|[50]
13:29:53.0 (36581387)|STATEMENT_EXECUTE|[51]
13:29:53.0 (36582869)|VARIABLE_SCOPE_BEGIN|[51]|j|Integer|false|false
13:29:53.0 (36584243)|HEAP_ALLOCATE|[51]|Bytes:4
13:29:53.0 (36586528)|VARIABLE_ASSIGNMENT|[51]|j|0
13:29:53.0 (36587925)|STATEMENT_EXECUTE|[51]
13:29:53.0 (36589140)|STATEMENT_EXECUTE|[52]
13:29:53.0 (36590072)|STATEMENT_EXECUTE|[53]
13:29:53.0 (36595782)|HEAP_ALLOCATE|[53]|Bytes:2
13:29:53.0 (36603759)|HEAP_ALLOCATE|[53]|Bytes:1
13:29:53.0 (36609056)|HEAP_ALLOCATE|[53]|Bytes:5
13:29:53.0 (36613936)|HEAP_ALLOCATE|[53]|Bytes:2
13:29:53.0 (36621420)|HEAP_ALLOCATE|[53]|Bytes:1
13:29:53.0 (36626332)|HEAP_ALLOCATE|[53]|Bytes:5
13:29:53.0 (36630656)|HEAP_ALLOCATE|[EXTERNAL]|Bytes:4
13:29:53.0 (36633760)|HEAP_ALLOCATE|[51]|Bytes:4
13:29:53.0 (36636205)|VARIABLE_ASSIGNMENT|[51]|j|30
13:29:53.0 (36638103)|STATEMENT_EXECUTE|[51]
13:29:53.0 (36639381)|STATEMENT_EXECUTE|[54]
13:29:53.0 (36640314)|STATEMENT_EXECUTE|[55]
13:29:53.0 (36645896)|HEAP_ALLOCATE|[55]|Bytes:2
13:29:53.0 (36653929)|HEAP_ALLOCATE|[55]|Bytes:2
13:29:53.0 (36659128)|HEAP_ALLOCATE|[55]|Bytes:5
13:29:53.0 (36664127)|HEAP_ALLOCATE|[55]|Bytes:2
13:29:53.0 (36671761)|HEAP_ALLOCATE|[55]|Bytes:2
13:29:53.0 (36676683)|HEAP_ALLOCATE|[55]|Bytes:5
13:29:53.0 (36681017)|HEAP_ALLOCATE|[EXTERNAL]|Bytes:4
13:29:53.0 (36684040)|HEAP_ALLOCATE|[51]|Bytes:4
13:29:53.0 (36686485)|VARIABLE_ASSIGNMENT|[51]|j|60
13:29:53.0 (36688287)|HEAP_ALLOCATE|[50]|Bytes:4
13:29:53.0 (36690894)|VARIABLE_ASSIGNMENT|[50]|i|23
13:29:53.0 (36692471)|STATEMENT_EXECUTE|[50]
13:29:53.0 (36693657)|STATEMENT_EXECUTE|[51]
13:29:53.0 (36695165)|VARIABLE_SCOPE_BEGIN|[51]|j|Integer|false|false
13:29:53.0 (36696650)|HEAP_ALLOCATE|[51]|Bytes:4
13:29:53.0 (36698782)|VARIABLE_ASSIGNMENT|[51]|j|0
13:29:53.0 (36700197)|STATEMENT_EXECUTE|[51]
13:29:53.0 (36701456)|STATEMENT_EXECUTE|[52]
13:29:53.0 (36702374)|STATEMENT_EXECUTE|[53]
13:29:53.0 (36708126)|HEAP_ALLOCATE|[53]|Bytes:2
13:29:53.0 (36720668)|HEAP_ALLOCATE|[53]|Bytes:1
13:29:53.0 (36726367)|HEAP_ALLOCATE|[53]|Bytes:5
13:29:53.0 (36731393)|HEAP_ALLOCATE|[53]|Bytes:2
13:29:53.0 (36738909)|HEAP_ALLOCATE|[53]|Bytes:1
13:29:53.0 (36743989)|HEAP_ALLOCATE|[53]|Bytes:5
13:29:53.0 (36748597)|HEAP_ALLOCATE|[EXTERNAL]|Bytes:4
13:29:53.0 (36751938)|HEAP_ALLOCATE|[51]|Bytes:4
13:29:53.0 (36754805)|VARIABLE_ASSIGNMENT|[51]|j|30
13:29:53.0 (36756639)|STATEMENT_EXECUTE|[51]
13:29:53.0 (36757938)|STATEMENT_EXECUTE|[54]
13:29:53.0 (36758879)|STATEMENT_EXECUTE|[55]
13:29:53.0 (36765089)|HEAP_ALLOCATE|[55]|Bytes:2
13:29:53.0 (36773056)|HEAP_ALLOCATE|[55]|Bytes:2
13:29:53.0 (36778439)|HEAP_ALLOCATE|[55]|Bytes:5
13:29:53.0 (36783288)|HEAP_ALLOCATE|[55]|Bytes:2
13:29:53.0 (36790756)|HEAP_ALLOCATE|[55]|Bytes:2
13:29:53.0 (36795871)|HEAP_ALLOCATE|[55]|Bytes:5
13:29:53.0 (36800271)|HEAP_ALLOCATE|[EXTERNAL]|Bytes:4
13:29:53.0 (36803313)|HEAP_ALLOCATE|[51]|Bytes:4
13:29:53.0 (36805816)|VARIABLE_ASSIGNMENT|[51]|j|60
13:29:53.0 (36807722)|HEAP_ALLOCATE|[50]|Bytes:4
13:29:53.0 (36809857)|VARIABLE_ASSIGNMENT|[50]|i|24
13:29:53.0 (36811770)|STATEMENT_EXECUTE|[59]
13:29:53.0 (36906743)|SYSTEM_MODE_ENTER|true
13:29:53.0 (36927678)|HEAP_ALLOCATE|[EXTERNAL]|Bytes:80
13:29:53.0 (36979452)|VARIABLE_ASSIGNMENT|[EXTERNAL]|this|{"delToHub":true,"delToProj":false,"detail":"0x59902610","invoked":false,"rejected":false,"reserved":false,"selectedTime3":"8:00","sublocations1":"0x795e1786","www":"0x33978ee8","wwwById":"0x60317926"}|0x515054a8
13:29:53.0 (36987362)|STATEMENT_EXECUTE|[78]
13:29:53.0 (36990311)|STATEMENT_EXECUTE|[79]
13:29:53.0 (36991650)|STATEMENT_EXECUTE|[83]
13:29:53.39 (39760713)|SYSTEM_MODE_ENTER|true
13:29:53.39 (39802122)|HEAP_ALLOCATE|[EXTERNAL]|Bytes:8
13:29:53.39 (39807472)|VARIABLE_SCOPE_BEGIN|[88]|this|ApexPage.PageMessagesComponentController|true|false
13:29:53.39 (39828491)|VARIABLE_ASSIGNMENT|[88]|this|{}|0x78d16bf6
13:29:53.39 (39831068)|VARIABLE_SCOPE_BEGIN|[88]|escape|Boolean|false|false
13:29:53.39 (39834220)|VARIABLE_ASSIGNMENT|[88]|escape|null
13:29:53.0 (40182461)|SYSTEM_MODE_ENTER|true
13:29:53.0 (40207586)|HEAP_ALLOCATE|[EXTERNAL]|Bytes:4
13:29:53.0 (40210909)|HEAP_ALLOCATE|[EXTERNAL]|Bytes:80
13:29:53.0 (40220047)|VARIABLE_ASSIGNMENT|[EXTERNAL]|this.selectedTime3|"8:00"|0x515054a8
13:29:53.0 (40253319)|SYSTEM_MODE_ENTER|true
13:29:53.0 (40272628)|HEAP_ALLOCATE|[EXTERNAL]|Bytes:80
13:29:53.0 (40317548)|VARIABLE_ASSIGNMENT|[EXTERNAL]|this|{"delToHub":true,"delToProj":false,"detail":"0x59902610","invoked":false,"rejected":false,"reserved":false,"selectedTime3":"8:00","sublocations1":"0x795e1786","www":"0x33978ee8","wwwById":"0x60317926"}|0x515054a8
13:29:53.0 (40324206)|STATEMENT_EXECUTE|[3]
13:29:53.0 (40326807)|STATEMENT_EXECUTE|[4]
13:29:53.0 (40327913)|STATEMENT_EXECUTE|[9]
13:29:53.0 (40682455)|SYSTEM_MODE_ENTER|true
13:29:53.0 (40702227)|HEAP_ALLOCATE|[EXTERNAL]|Bytes:80
13:29:53.0 (40751873)|VARIABLE_ASSIGNMENT|[EXTERNAL]|this|{"delToHub":true,"delToProj":false,"detail":"0x59902610","invoked":false,"rejected":false,"reserved":false,"selectedTime3":"8:00","sublocations1":"0x795e1786","www":"0x33978ee8","wwwById":"0x60317926"}|0x515054a8
13:29:53.0 (40757463)|STATEMENT_EXECUTE|[204]
13:29:53.0 (40759913)|STATEMENT_EXECUTE|[205]
13:29:53.0 (40760976)|STATEMENT_EXECUTE|[208]
13:29:53.0 (40800974)|SYSTEM_MODE_ENTER|true
13:29:53.0 (40816339)|HEAP_ALLOCATE|[EXTERNAL]|Bytes:80
13:29:53.0 (40854920)|VARIABLE_ASSIGNMENT|[EXTERNAL]|this|{"delToHub":true,"delToProj":false,"detail":"0x59902610","invoked":false,"rejected":false,"reserved":false,"selectedTime3":"8:00","sublocations1":"0x795e1786","www":"0x33978ee8","wwwById":"0x60317926"}|0x515054a8
13:29:53.0 (40860098)|STATEMENT_EXECUTE|[220]
13:29:53.0 (40862039)|STATEMENT_EXECUTE|[221]
13:29:53.0 (40863047)|STATEMENT_EXECUTE|[224]
13:29:53.0 (40897813)|SYSTEM_MODE_ENTER|true
13:29:53.0 (40911134)|HEAP_ALLOCATE|[EXTERNAL]|Bytes:80
13:29:53.0 (40947080)|VARIABLE_ASSIGNMENT|[EXTERNAL]|this|{"delToHub":true,"delToProj":false,"detail":"0x59902610","invoked":false,"rejected":false,"reserved":false,"selectedTime3":"8:00","sublocations1":"0x795e1786","www":"0x33978ee8","wwwById":"0x60317926"}|0x515054a8
13:29:53.0 (40951307)|STATEMENT_EXECUTE|[212]
13:29:53.0 (40953319)|STATEMENT_EXECUTE|[213]
13:29:53.0 (40954412)|STATEMENT_EXECUTE|[216]
13:29:53.0 (40988937)|SYSTEM_MODE_ENTER|true
13:29:53.0 (41002952)|HEAP_ALLOCATE|[EXTERNAL]|Bytes:80
13:29:53.0 (41040243)|VARIABLE_ASSIGNMENT|[EXTERNAL]|this|{"delToHub":true,"delToProj":false,"detail":"0x59902610","invoked":false,"rejected":false,"reserved":false,"selectedTime3":"8:00","sublocations1":"0x795e1786","www":"0x33978ee8","wwwById":"0x60317926"}|0x515054a8
13:29:53.0 (41044513)|STATEMENT_EXECUTE|[21]
13:29:53.0 (41046390)|STATEMENT_EXECUTE|[22]
13:29:53.0 (41047398)|STATEMENT_EXECUTE|[26]
13:29:53.0 (41645256)|HEAP_ALLOCATE|[EXTERNAL]|Bytes:80
13:29:53.0 (41651542)|VARIABLE_SCOPE_BEGIN|[245]|this|NewDeliveredExtension|true|false
13:29:53.0 (41694610)|VARIABLE_ASSIGNMENT|[245]|this|{"delToHub":true,"delToProj":false,"detail":"0x59902610","invoked":false,"rejected":false,"reserved":false,"selectedTime3":"8:00","sublocations1":"0x795e1786","www":"0x33978ee8","wwwById":"0x60317926"}|0x515054a8
13:29:53.0 (41701533)|STATEMENT_EXECUTE|[245]
13:29:53.0 (41702843)|STATEMENT_EXECUTE|[246]
13:29:53.0 (41706894)|HEAP_ALLOCATE|[246]|Bytes:4
13:29:53.0 (41800886)|VARIABLE_ASSIGNMENT|[EXTERNAL]|this|{"delToHub":true,"delToProj":false,"detail":"0x59902610","invoked":false,"rejected":false,"reserved":false,"selectedTime3":"8:00","sublocations1":"0x795e1786","www":"0x33978ee8","wwwById":"0x60317926"}|0x515054a8
13:29:53.0 (41818631)|HEAP_ALLOCATE|[EXTERNAL]|Bytes:4
13:29:53.0 (41823735)|VARIABLE_ASSIGNMENT|[EXTERNAL]|value|[]|0x607f7d29
13:29:53.0 (41831053)|VARIABLE_ASSIGNMENT|[185]|this.sublocations1|[]|0x515054a8
13:29:53.0 (41837590)|STATEMENT_EXECUTE|[247]
13:29:53.0 (41841195)|HEAP_ALLOCATE|[247]|Bytes:4
13:29:53.0 (41854895)|VARIABLE_SCOPE_BEGIN|[247]|options|List<NewDeliveredExtension.SubLocation>|true|false
13:29:53.0 (41862209)|HEAP_ALLOCATE|[EXTERNAL]|Bytes:4
13:29:53.0 (41866092)|VARIABLE_ASSIGNMENT|[247]|options|[]|0x154f57a
13:29:53.0 (41867986)|STATEMENT_EXECUTE|[248]
13:29:53.0 (41871089)|HEAP_ALLOCATE|[248]|Bytes:18
13:29:53.0 (41920110)|VARIABLE_ASSIGNMENT|[EXTERNAL]|this|{"delToHub":true,"delToProj":false,"detail":"0x59902610","invoked":false,"rejected":false,"reserved":false,"selectedTime3":"8:00","sublocations1":"0x607f7d29","www":"0x33978ee8","wwwById":"0x60317926"}|0x515054a8
13:29:53.0 (41923704)|STATEMENT_EXECUTE|[3]
13:29:53.0 (41925871)|STATEMENT_EXECUTE|[4]
13:29:53.0 (41926933)|STATEMENT_EXECUTE|[9]
13:29:53.0 (41987309)|HEAP_ALLOCATE|[248]|Bytes:18
13:29:53.0 (41999058)|HEAP_ALLOCATE|[248]|Bytes:36
13:29:53.0 (42017502)|USER_DEBUG|[248]|DEBUG|detail.Location__ca0B0E0000009MiwUAE
13:29:53.0 (42070206)|VARIABLE_ASSIGNMENT|[EXTERNAL]|this|{"delToHub":true,"delToProj":false,"detail":"0x59902610","invoked":false,"rejected":false,"reserved":false,"selectedTime3":"8:00","sublocations1":"0x607f7d29","www":"0x33978ee8","wwwById":"0x60317926"}|0x515054a8
13:29:53.0 (42074052)|STATEMENT_EXECUTE|[3]
13:29:53.0 (42075801)|STATEMENT_EXECUTE|[4]
13:29:53.0 (42076937)|STATEMENT_EXECUTE|[9]
13:29:53.0 (42084181)|STATEMENT_EXECUTE|[250]
13:29:53.0 (42087389)|HEAP_ALLOCATE|[251]|Bytes:68
13:29:53.0 (42094337)|HEAP_ALLOCATE|[251]|Bytes:4
13:29:53.0 (42101145)|HEAP_ALLOCATE|[251]|Bytes:7
13:29:53.0 (42141780)|VARIABLE_ASSIGNMENT|[EXTERNAL]|this|{"delToHub":true,"delToProj":false,"detail":"0x59902610","invoked":false,"rejected":false,"reserved":false,"selectedTime3":"8:00","sublocations1":"0x607f7d29","www":"0x33978ee8","wwwById":"0x60317926"}|0x515054a8
13:29:53.0 (42145389)|STATEMENT_EXECUTE|[3]
13:29:53.0 (42147224)|STATEMENT_EXECUTE|[4]
13:29:53.0 (42148311)|STATEMENT_EXECUTE|[9]
13:29:53.0 (42484020)|SOQL_EXECUTE_BEGIN|[251]|Aggregations:0|SELECT Name, Id FROM Location__c 
13:29:53.0 (44918136)|SOQL_EXECUTE_END|[251]|Rows:1
13:29:53.0 (44933089)|HEAP_ALLOCATE|[EXTERNAL]|Bytes:8
13:29:53.0 (45055959)|HEAP_ALLOCATE|[251]|Bytes:49
13:29:53.0 (45062366)|HEAP_ALLOCATE|[251]|Bytes:8
13:29:53.0 (45068959)|SYSTEM_METHOD_ENTRY|[7]|QueryLocatorIterator.QueryLocatorIterator()
13:29:53.0 (45071114)|STATEMENT_EXECUTE|[7]
13:29:53.0 (45076881)|SYSTEM_METHOD_EXIT|[7]|QueryLocatorIterator
13:29:53.0 (45082204)|HEAP_ALLOCATE|[251]|Bytes:28
13:29:53.0 (45134468)|HEAP_ALLOCATE|[251]|Bytes:8
13:29:53.0 (45147662)|HEAP_ALLOCATE|[251]|Bytes:8
13:29:53.0 (45149464)|HEAP_ALLOCATE|[251]|Bytes:8
13:29:53.0 (45153419)|VARIABLE_SCOPE_BEGIN|[15]|this|Database.QueryLocatorIterator|true|false
13:29:53.0 (45171668)|VARIABLE_ASSIGNMENT|[15]|this|{}|0x4a33eedf
13:29:53.0 (45174381)|VARIABLE_SCOPE_BEGIN|[15]|values|List<SObject>|true|false
13:29:53.0 (45186505)|VARIABLE_ASSIGNMENT|[15]|values|[{"Name":"27I3A","Id":"a0B0E0000009WnWUAU","RecordTypeId":"01224000000B1zdAAC"}]|0x71e8ed26
13:29:53.0 (45188952)|VARIABLE_SCOPE_BEGIN|[15]|ql|Database.QueryLocator|true|false
13:29:53.0 (45199594)|VARIABLE_ASSIGNMENT|[15]|ql|{"query":"SELECT Name, Id FROM (48 more) ..."}|0x3007ace6
13:29:53.0 (45201511)|VARIABLE_SCOPE_BEGIN|[15]|totalNumRecords|Integer|false|false
13:29:53.0 (45204600)|VARIABLE_ASSIGNMENT|[15]|totalNumRecords|1
13:29:53.0 (45206561)|VARIABLE_SCOPE_BEGIN|[15]|queryMoreSize|Integer|false|false
13:29:53.0 (45208830)|VARIABLE_ASSIGNMENT|[15]|queryMoreSize|49999
13:29:53.0 (45274087)|HEAP_ALLOCATE|[251]|Bytes:28
13:29:53.0 (45289942)|METHOD_ENTRY|[251]||Database.QueryLocatorIterator.hasNext()
13:29:53.0 (45341366)|METHOD_EXIT|[251]||Database.QueryLocatorIterator.hasNext()
13:29:53.0 (45347447)|METHOD_ENTRY|[251]||Database.QueryLocatorIterator.next()
13:29:53.0 (45421548)|METHOD_EXIT|[251]||Database.QueryLocatorIterator.next()
13:29:53.0 (45428746)|VARIABLE_SCOPE_BEGIN|[251]|loc|Location__c|true|false
13:29:53.0 (45439809)|VARIABLE_ASSIGNMENT|[251]|loc|{"Name":"27I3A","Id":"a0B0E0000009WnWUAU","RecordTypeId":"01224000000B1zdAAC"}|0x1f2a2298
13:29:53.0 (45443094)|STATEMENT_EXECUTE|[251]
13:29:53.0 (45444438)|STATEMENT_EXECUTE|[252]
13:29:53.0 (45500120)|VARIABLE_ASSIGNMENT|[EXTERNAL]|this|{"delToHub":true,"delToProj":false,"detail":"0x59902610","invoked":false,"rejected":false,"reserved":false,"selectedTime3":"8:00","sublocations1":"0x607f7d29","www":"0x33978ee8","wwwById":"0x60317926"}|0x515054a8
13:29:53.0 (45504632)|STATEMENT_EXECUTE|[186]
13:29:53.0 (45506888)|STATEMENT_EXECUTE|[187]
13:29:53.0 (45507905)|STATEMENT_EXECUTE|[190]
13:29:53.0 (45521013)|HEAP_ALLOCATE|[252]|Bytes:112
13:29:53.0 (45524728)|HEAP_ALLOCATE|[252]|Bytes:11
13:29:53.0 (45529576)|HEAP_ALLOCATE|[252]|Bytes:12
13:29:53.0 (45541935)|CONSTRUCTOR_ENTRY|[252]|01p2400000DUtXT|<init>(Boolean,Location__c)
13:29:53.0 (45547037)|VARIABLE_SCOPE_BEGIN|[530]|this|NewDeliveredExtension.SubLocation|true|false
13:29:53.0 (45557473)|VARIABLE_ASSIGNMENT|[530]|this|{}|0x299d7d86
13:29:53.0 (45561971)|VARIABLE_SCOPE_BEGIN|[530]|isChecked|Boolean|false|false
13:29:53.0 (45564946)|VARIABLE_ASSIGNMENT|[530]|isChecked|false
13:29:53.0 (45566806)|VARIABLE_SCOPE_BEGIN|[530]|sub|Location__c|true|false
13:29:53.0 (45572965)|VARIABLE_ASSIGNMENT|[530]|sub|{"Name":"27I3A","Id":"a0B0E0000009WnWUAU","RecordTypeId":"01224000000B1zdAAC"}|0x1f2a2298
13:29:53.0 (45575971)|STATEMENT_EXECUTE|[527]
13:29:53.0 (45577273)|STATEMENT_EXECUTE|[528]
13:29:53.0 (45578246)|STATEMENT_EXECUTE|[529]
13:29:53.0 (45587120)|STATEMENT_EXECUTE|[530]
13:29:53.0 (45588304)|STATEMENT_EXECUTE|[531]
13:29:53.0 (45611040)|VARIABLE_ASSIGNMENT|[EXTERNAL]|this|{}|0x299d7d86
13:29:53.0 (45615900)|VARIABLE_ASSIGNMENT|[EXTERNAL]|value|false
13:29:53.0 (45619699)|HEAP_ALLOCATE|[528]|Bytes:5
13:29:53.0 (45624422)|VARIABLE_ASSIGNMENT|[528]|this.isChecked|false|0x299d7d86
13:29:53.0 (45628854)|STATEMENT_EXECUTE|[532]
13:29:53.0 (45645613)|VARIABLE_ASSIGNMENT|[EXTERNAL]|this|{"isChecked":false}|0x299d7d86
13:29:53.0 (45651631)|VARIABLE_ASSIGNMENT|[EXTERNAL]|value|{"Name":"27I3A","Id":"a0B0E0000009WnWUAU","RecordTypeId":"01224000000B1zdAAC"}|0x1f2a2298
13:29:53.0 (45657500)|VARIABLE_ASSIGNMENT|[529]|this.sub|{"Name":"27I3A","Id":"a0B0E0000009WnWUAU","RecordTypeId":"01224000000B1zdAAC"}|0x299d7d86
13:29:53.0 (45665118)|CONSTRUCTOR_EXIT|[252]|01p2400000DUtXT|<init>(Boolean,Location__c)
13:29:53.0 (45673499)|HEAP_ALLOCATE|[EXTERNAL]|Bytes:4
13:29:53.0 (45680319)|METHOD_ENTRY|[251]||Database.QueryLocatorIterator.hasNext()
13:29:53.0 (45689870)|METHOD_EXIT|[251]||Database.QueryLocatorIterator.hasNext()
13:29:53.0 (45695694)|VARIABLE_ASSIGNMENT|[251]|loc|null|
13:29:53.56 (56693223)|SYSTEM_MODE_ENTER|true
13:29:53.56 (56741773)|HEAP_ALLOCATE|[EXTERNAL]|Bytes:8
13:29:53.56 (56747077)|VARIABLE_SCOPE_BEGIN|[88]|this|ApexPage.PageMessagesComponentController|true|false
13:29:53.56 (56767103)|VARIABLE_ASSIGNMENT|[88]|this|{}|0x78d16bf6
13:29:53.56 (56769769)|VARIABLE_SCOPE_BEGIN|[88]|escape|Boolean|false|false
13:29:53.56 (56772841)|VARIABLE_ASSIGNMENT|[88]|escape|null
13:29:53.56 (56849672)|SYSTEM_MODE_ENTER|true
13:29:53.56 (56872062)|HEAP_ALLOCATE|[EXTERNAL]|Bytes:8
13:29:53.56 (56876431)|VARIABLE_SCOPE_BEGIN|[2]|this|ApexPage.PageMessagesComponentController|true|false
13:29:53.56 (56892443)|VARIABLE_ASSIGNMENT|[2]|this|{}|0x78d16bf6
13:29:53.0 (57176215)|SYSTEM_MODE_ENTER|true
13:29:53.0 (57198133)|HEAP_ALLOCATE|[EXTERNAL]|Bytes:80
13:29:53.0 (57242798)|VARIABLE_ASSIGNMENT|[EXTERNAL]|this|{"delToHub":true,"delToProj":false,"detail":"0x59902610","invoked":false,"rejected":false,"reserved":false,"selectedTime3":"8:00","sublocations1":"0x607f7d29","www":"0x33978ee8","wwwById":"0x60317926"}|0x515054a8
13:29:53.0 (57249584)|STATEMENT_EXECUTE|[196]
13:29:53.0 (57252282)|STATEMENT_EXECUTE|[197]
13:29:53.0 (57253419)|STATEMENT_EXECUTE|[200]
13:29:53.0 (57295692)|SYSTEM_MODE_ENTER|true
13:29:53.0 (57310672)|HEAP_ALLOCATE|[EXTERNAL]|Bytes:80
13:29:53.0 (57346889)|VARIABLE_ASSIGNMENT|[EXTERNAL]|this|{"delToHub":true,"delToProj":false,"detail":"0x59902610","invoked":false,"rejected":false,"reserved":false,"selectedTime3":"8:00","sublocations1":"0x607f7d29","www":"0x33978ee8","wwwById":"0x60317926"}|0x515054a8
13:29:53.0 (57352141)|STATEMENT_EXECUTE|[229]
13:29:53.0 (57354201)|STATEMENT_EXECUTE|[230]
13:29:53.0 (57355277)|STATEMENT_EXECUTE|[233]
13:29:53.0 (57407633)|SYSTEM_MODE_ENTER|true
13:29:53.0 (57422314)|HEAP_ALLOCATE|[EXTERNAL]|Bytes:80
13:29:53.0 (57457299)|VARIABLE_ASSIGNMENT|[EXTERNAL]|this|{"delToHub":true,"delToProj":false,"detail":"0x59902610","invoked":false,"rejected":false,"reserved":false,"selectedTime3":"8:00","sublocations1":"0x607f7d29","www":"0x33978ee8","wwwById":"0x60317926"}|0x515054a8
13:29:53.0 (57462199)|STATEMENT_EXECUTE|[3]
13:29:53.0 (57464302)|STATEMENT_EXECUTE|[4]
13:29:53.0 (57465473)|STATEMENT_EXECUTE|[9]
13:29:53.0 (61516545)|SYSTEM_MODE_ENTER|true
13:29:53.0 (61540341)|HEAP_ALLOCATE|[EXTERNAL]|Bytes:80
13:29:53.0 (61586044)|VARIABLE_ASSIGNMENT|[EXTERNAL]|this|{"delToHub":true,"delToProj":false,"detail":"0x59902610","invoked":false,"rejected":false,"reserved":false,"selectedTime3":"8:00","sublocations1":"0x607f7d29","www":"0x33978ee8","wwwById":"0x60317926"}|0x515054a8
13:29:53.0 (61592332)|STATEMENT_EXECUTE|[186]
13:29:53.0 (61594947)|STATEMENT_EXECUTE|[187]
13:29:53.0 (61596062)|STATEMENT_EXECUTE|[190]
13:29:53.0 (62044156)|SYSTEM_MODE_ENTER|true
13:29:53.0 (62065952)|HEAP_ALLOCATE|[EXTERNAL]|Bytes:80
13:29:53.0 (62109393)|VARIABLE_ASSIGNMENT|[EXTERNAL]|this|{"delToHub":true,"delToProj":false,"detail":"0x59902610","invoked":false,"rejected":false,"reserved":false,"selectedTime3":"8:00","sublocations1":"0x607f7d29","www":"0x33978ee8","wwwById":"0x60317926"}|0x515054a8
13:29:53.0 (62115978)|STATEMENT_EXECUTE|[204]
13:29:53.0 (62118179)|STATEMENT_EXECUTE|[205]
13:29:53.0 (62119228)|STATEMENT_EXECUTE|[208]
13:29:53.0 (62159133)|SYSTEM_MODE_ENTER|true
13:29:53.0 (62173844)|HEAP_ALLOCATE|[EXTERNAL]|Bytes:80
13:29:53.0 (62209916)|VARIABLE_ASSIGNMENT|[EXTERNAL]|this|{"delToHub":true,"delToProj":false,"detail":"0x59902610","invoked":false,"rejected":false,"reserved":false,"selectedTime3":"8:00","sublocations1":"0x607f7d29","www":"0x33978ee8","wwwById":"0x60317926"}|0x515054a8
13:29:53.0 (62214869)|STATEMENT_EXECUTE|[220]
13:29:53.0 (62216734)|STATEMENT_EXECUTE|[221]
13:29:53.0 (62217754)|STATEMENT_EXECUTE|[224]
13:29:53.0 (62250855)|SYSTEM_MODE_ENTER|true
13:29:53.0 (62263671)|HEAP_ALLOCATE|[EXTERNAL]|Bytes:80
13:29:53.0 (62296611)|VARIABLE_ASSIGNMENT|[EXTERNAL]|this|{"delToHub":true,"delToProj":false,"detail":"0x59902610","invoked":false,"rejected":false,"reserved":false,"selectedTime3":"8:00","sublocations1":"0x607f7d29","www":"0x33978ee8","wwwById":"0x60317926"}|0x515054a8
13:29:53.0 (62301009)|STATEMENT_EXECUTE|[212]
13:29:53.0 (62303037)|STATEMENT_EXECUTE|[213]
13:29:53.0 (62304005)|STATEMENT_EXECUTE|[216]
13:29:53.0 (62354351)|SYSTEM_MODE_ENTER|true
13:29:53.0 (62368893)|HEAP_ALLOCATE|[EXTERNAL]|Bytes:80
13:29:53.0 (62401715)|VARIABLE_ASSIGNMENT|[EXTERNAL]|this|{"delToHub":true,"delToProj":false,"detail":"0x59902610","invoked":false,"rejected":false,"reserved":false,"selectedTime3":"8:00","sublocations1":"0x607f7d29","www":"0x33978ee8","wwwById":"0x60317926"}|0x515054a8
13:29:53.0 (62406135)|STATEMENT_EXECUTE|[21]
13:29:53.0 (62408066)|STATEMENT_EXECUTE|[22]
13:29:53.0 (62409117)|STATEMENT_EXECUTE|[26]
13:29:53.0 (66147413)|VF_SERIALIZE_VIEWSTATE_BEGIN|06624000003h0Dg
13:29:53.0 (69934496)|VF_SERIALIZE_VIEWSTATE_END
13:29:53.71 (71737095)|CUMULATIVE_LIMIT_USAGE
13:29:53.71 (71737095)|LIMIT_USAGE_FOR_NS|(default)|
  Number of SOQL queries: 1 out of 100
  Number of query rows: 1 out of 50000
  Number of SOSL queries: 0 out of 20
  Number of DML statements: 0 out of 150
  Number of DML rows: 0 out of 10000
  Maximum CPU time: 0 out of 10000
  Maximum heap size: 0 out of 6000000
  Number of callouts: 0 out of 100
  Number of Email Invocations: 0 out of 10
  Number of future calls: 0 out of 50
  Number of queueable jobs added to the queue: 0 out of 50
  Number of Mobile Apex push calls: 0 out of 10

13:29:53.71 (71737095)|CUMULATIVE_LIMIT_USAGE_END

13:29:53.0 (71768227)|CODE_UNIT_FINISHED|VF: /apex/New_delivered_detail
13:29:53.0 (72601329)|EXECUTION_FINISHED
