31.0 APEX_CODE,DEBUG;APEX_PROFILING,INFO;CALLOUT,INFO;DB,INFO;SYSTEM,DEBUG;VALIDATION,INFO;VISUALFORCE,INFO;WAVE,INFO;WORKFLOW,INFO
15:43:16.0 (301302)|USER_INFO|[EXTERNAL]|00524000001e3Uj|bedrijfsbureau@gsa.nl.sandbox|Midden-Europese standaardtijd|GMT+02:00
15:43:16.0 (320829)|EXECUTION_STARTED
15:43:16.0 (323775)|CODE_UNIT_STARTED|[EXTERNAL]|066240000040k2S|VF: /apex/SelectHub
15:43:16.0 (2236838)|SYSTEM_MODE_ENTER|true
15:43:16.0 (2601251)|SYSTEM_MODE_ENTER|false
15:43:16.0 (2607542)|SYSTEM_MODE_EXIT|false
15:43:16.0 (9357518)|SYSTEM_MODE_ENTER|false
15:43:16.0 (10192264)|USER_DEBUG|[40]|DEBUG|compDataComponentData:[dateSelected=null, hubSelected=null, wrap=()]
15:43:16.0 (10225422)|USER_DEBUG|[41]|DEBUG|hubSelectednull
15:43:16.0 (10232943)|SYSTEM_MODE_EXIT|false
15:43:16.0 (15262799)|SYSTEM_MODE_ENTER|true
15:43:16.0 (15309650)|SYSTEM_MODE_ENTER|false
15:43:16.0 (15992690)|SOQL_EXECUTE_BEGIN|[237]|Aggregations:0|SELECT City__c, CreatedById, CreatedDate, IsDeleted, Description_Hub__c, Name, LastActivityDate, LastModifiedById, LastModifiedDate, OwnerId, Postalcode__c, Id, RecordTypeId, SF_ID__c, Street__c, SystemModstamp FROM Hub_Building_Site__c WHERE RecordType.Name = 'Building Site'
15:43:16.0 (20065791)|SOQL_EXECUTE_END|[237]|Rows:1
15:43:16.0 (20656863)|SYSTEM_MODE_EXIT|false
15:43:16.0 (20964965)|SYSTEM_MODE_ENTER|true
15:43:16.0 (21800194)|VF_SERIALIZE_VIEWSTATE_BEGIN|066240000040k2S
15:43:16.0 (25784503)|VF_SERIALIZE_VIEWSTATE_END
15:43:16.29 (29246327)|CUMULATIVE_LIMIT_USAGE
15:43:16.29 (29246327)|LIMIT_USAGE_FOR_NS|(default)|
  Number of SOQL queries: 1 out of 100
  Number of query rows: 1 out of 50000
  Number of SOSL queries: 0 out of 20
  Number of DML statements: 0 out of 150
  Number of DML rows: 0 out of 10000
  Maximum CPU time: 0 out of 10000
  Maximum heap size: 0 out of 6000000
  Number of callouts: 0 out of 100
  Number of Email Invocations: 0 out of 10
  Number of future calls: 0 out of 50
  Number of queueable jobs added to the queue: 0 out of 50
  Number of Mobile Apex push calls: 0 out of 10

15:43:16.29 (29246327)|CUMULATIVE_LIMIT_USAGE_END

15:43:16.0 (29283019)|CODE_UNIT_FINISHED|VF: /apex/SelectHub
15:43:16.0 (30161274)|EXECUTION_FINISHED
