37.0 APEX_CODE,FINEST;APEX_PROFILING,INFO;CALLOUT,INFO;DB,INFO;SYSTEM,DEBUG;VALIDATION,INFO;VISUALFORCE,INFO;WAVE,INFO;WORKFLOW,INFO
13:30:17.0 (58310)|USER_INFO|[EXTERNAL]|00524000001e3Uj|bedrijfsbureau@gsa.nl.sandbox|Midden-Europese standaardtijd|GMT+01:00
13:30:17.0 (84223)|EXECUTION_STARTED
13:30:17.0 (87038)|CODE_UNIT_STARTED|[EXTERNAL]|FutureHandler - state load
13:30:17.0 (2234773)|CODE_UNIT_FINISHED|FutureHandler - state load
13:30:17.0 (2966925)|EXECUTION_FINISHED
13:30:17.10 (10786565)|USER_INFO|[EXTERNAL]|00524000001e3Uj|bedrijfsbureau@gsa.nl.sandbox|Midden-Europese standaardtijd|GMT+01:00
13:30:17.10 (10794246)|EXECUTION_STARTED
13:30:17.10 (10796236)|CODE_UNIT_STARTED|[EXTERNAL]|01p2400000DcTyQ|ProjectUtil.addShares
13:30:17.10 (10920546)|HEAP_ALLOCATE|[72]|Bytes:3
13:30:17.10 (10947449)|HEAP_ALLOCATE|[77]|Bytes:152
13:30:17.10 (10959870)|HEAP_ALLOCATE|[342]|Bytes:408
13:30:17.10 (10978965)|HEAP_ALLOCATE|[355]|Bytes:408
13:30:17.10 (10991947)|HEAP_ALLOCATE|[467]|Bytes:48
13:30:17.10 (11015997)|HEAP_ALLOCATE|[139]|Bytes:6
13:30:17.10 (11068147)|HEAP_ALLOCATE|[EXTERNAL]|Bytes:14
13:30:17.10 (11071699)|HEAP_ALLOCATE|[EXTERNAL]|Bytes:23
13:30:17.10 (11079764)|METHOD_ENTRY|[1]|01p2400000DcTyQ|ProjectUtil.ProjectUtil()
13:30:17.10 (11083187)|STATEMENT_EXECUTE|[1]
13:30:17.10 (11088040)|STATEMENT_EXECUTE|[1]
13:30:17.10 (11091507)|METHOD_EXIT|[1]|ProjectUtil
13:30:17.10 (11116035)|HEAP_ALLOCATE|[EXTERNAL]|Bytes:8
13:30:17.10 (11122355)|VARIABLE_SCOPE_BEGIN|[104]|projectsIds|Set<Id>|true|false
13:30:17.10 (11147162)|VARIABLE_ASSIGNMENT|[104]|projectsIds|["a0q0E0000008S3WQAU"]|0x4614481
13:30:17.10 (11154305)|STATEMENT_EXECUTE|[104]
13:30:17.10 (11155995)|STATEMENT_EXECUTE|[105]
13:30:17.10 (11158774)|HEAP_ALLOCATE|[105]|Bytes:59
13:30:17.10 (11165751)|HEAP_ALLOCATE|[105]|Bytes:4
13:30:17.10 (11175200)|HEAP_ALLOCATE|[105]|Bytes:7
13:30:17.10 (11207927)|HEAP_ALLOCATE|[50]|Bytes:5
13:30:17.10 (11224661)|HEAP_ALLOCATE|[56]|Bytes:5
13:30:17.10 (11229973)|HEAP_ALLOCATE|[64]|Bytes:7
13:30:17.10 (11260313)|HEAP_ALLOCATE|[105]|Bytes:8
13:30:17.10 (11264701)|HEAP_ALLOCATE|[105]|Bytes:8
13:30:17.10 (11636988)|SOQL_EXECUTE_BEGIN|[105]|Aggregations:0|SELECT Id, Account__c FROM Projecten__c WHERE id = :tmpVar1
13:30:17.10 (12794407)|SOQL_EXECUTE_END|[105]|Rows:1
13:30:17.10 (12809175)|HEAP_ALLOCATE|[105]|Bytes:8
13:30:17.10 (12819821)|HEAP_ALLOCATE|[105]|Bytes:61
13:30:17.10 (12879154)|HEAP_ALLOCATE|[105]|Bytes:8
13:30:17.10 (12889900)|VARIABLE_SCOPE_BEGIN|[105]|projects|List<Projecten__c>|true|false
13:30:17.10 (12916579)|VARIABLE_ASSIGNMENT|[105]|projects|[{"Id":"a0q0E0000008S3WQAU","Account__c":"0010E000002eEwIQAU"}]|0x5db0917e
13:30:17.10 (12920232)|STATEMENT_EXECUTE|[106]
13:30:17.10 (12925545)|HEAP_ALLOCATE|[106]|Bytes:4
13:30:17.10 (12959882)|VARIABLE_SCOPE_BEGIN|[106]|accIds|Set<Id>|true|false
13:30:17.10 (12982295)|VARIABLE_ASSIGNMENT|[106]|accIds|[]|0x49e041ca
13:30:17.10 (12985272)|STATEMENT_EXECUTE|[107]
13:30:17.10 (12988736)|HEAP_ALLOCATE|[107]|Bytes:4
13:30:17.10 (13002633)|VARIABLE_SCOPE_BEGIN|[107]|prIds|Set<Id>|true|false
13:30:17.10 (13010562)|VARIABLE_ASSIGNMENT|[107]|prIds|[]|0x2d2ae7b8
13:30:17.10 (13201328)|HEAP_ALLOCATE|[108]|Bytes:5
13:30:17.10 (13234119)|HEAP_ALLOCATE|[108]|Bytes:12
13:30:17.10 (13242247)|VARIABLE_SCOPE_BEGIN|[108]|pr|Projecten__c|true|false
13:30:17.10 (13254272)|VARIABLE_ASSIGNMENT|[108]|pr|{"Id":"a0q0E0000008S3WQAU","Account__c":"0010E000002eEwIQAU"}|0x3d33d96b
13:30:17.10 (13257323)|STATEMENT_EXECUTE|[108]
13:30:17.10 (13258593)|STATEMENT_EXECUTE|[109]
13:30:17.10 (13307431)|HEAP_ALLOCATE|[EXTERNAL]|Bytes:4
13:30:17.10 (13314153)|STATEMENT_EXECUTE|[110]
13:30:17.10 (13346594)|HEAP_ALLOCATE|[EXTERNAL]|Bytes:4
13:30:17.10 (13358330)|HEAP_ALLOCATE|[108]|Bytes:5
13:30:17.10 (13369071)|VARIABLE_ASSIGNMENT|[108]|pr|null|
13:30:17.10 (13371983)|STATEMENT_EXECUTE|[112]
13:30:17.10 (13374641)|HEAP_ALLOCATE|[112]|Bytes:85
13:30:17.10 (13379389)|HEAP_ALLOCATE|[112]|Bytes:4
13:30:17.10 (13400527)|HEAP_ALLOCATE|[112]|Bytes:8
13:30:17.10 (13404918)|HEAP_ALLOCATE|[112]|Bytes:8
13:30:17.10 (14277292)|SOQL_EXECUTE_BEGIN|[112]|Aggregations:0|SELECT Id, AccountId__c FROM User WHERE (AccountId__c = :tmpVar1 AND isActive = TRUE)
13:30:17.10 (16386174)|SOQL_EXECUTE_END|[112]|Rows:0
13:30:17.10 (16402067)|HEAP_ALLOCATE|[112]|Bytes:4
13:30:17.10 (16408764)|HEAP_ALLOCATE|[112]|Bytes:0
13:30:17.10 (16453332)|HEAP_ALLOCATE|[112]|Bytes:4
13:30:17.10 (16462988)|VARIABLE_SCOPE_BEGIN|[112]|users|List<User>|true|false
13:30:17.10 (16473160)|VARIABLE_ASSIGNMENT|[112]|users|[]|0x1155fd29
13:30:17.10 (16475947)|STATEMENT_EXECUTE|[113]
13:30:17.10 (16507134)|HEAP_ALLOCATE|[113]|Bytes:4
13:30:17.10 (16538357)|VARIABLE_SCOPE_BEGIN|[113]|userByAccId|Map<Id,List<User>>|true|false
13:30:17.10 (16549572)|VARIABLE_ASSIGNMENT|[113]|userByAccId|{}|0x27acf922
13:30:17.10 (16551824)|STATEMENT_EXECUTE|[114]
13:30:17.10 (16555759)|HEAP_ALLOCATE|[114]|Bytes:4
13:30:17.10 (16577118)|VARIABLE_SCOPE_BEGIN|[114]|usersIds|Set<Id>|true|false
13:30:17.10 (16586973)|VARIABLE_ASSIGNMENT|[114]|usersIds|[]|0x2f03394c
13:30:17.10 (16680119)|HEAP_ALLOCATE|[115]|Bytes:5
13:30:17.10 (16702830)|VARIABLE_ASSIGNMENT|[115]|u|null|
13:30:17.10 (16705664)|STATEMENT_EXECUTE|[115]
13:30:17.10 (16707073)|STATEMENT_EXECUTE|[123]
13:30:17.10 (16709923)|HEAP_ALLOCATE|[123]|Bytes:57
13:30:17.10 (16714958)|HEAP_ALLOCATE|[123]|Bytes:4
13:30:17.10 (16738548)|HEAP_ALLOCATE|[123]|Bytes:8
13:30:17.10 (16742803)|HEAP_ALLOCATE|[123]|Bytes:8
13:30:17.10 (16985786)|SOQL_EXECUTE_BEGIN|[123]|Aggregations:0|SELECT Id FROM Projecten__Share WHERE ParentId = :tmpVar1
13:30:17.10 (18870554)|SOQL_EXECUTE_END|[123]|Rows:1
13:30:17.10 (18888710)|HEAP_ALLOCATE|[123]|Bytes:8
13:30:17.10 (18897198)|HEAP_ALLOCATE|[123]|Bytes:29
13:30:17.10 (18951120)|HEAP_ALLOCATE|[123]|Bytes:8
13:30:17.10 (18961023)|VARIABLE_SCOPE_BEGIN|[123]|shares|List<Projecten__Share>|true|false
13:30:17.10 (18976680)|VARIABLE_ASSIGNMENT|[123]|shares|[{"Id":"02c0E000001BxwxQAC"}]|0x49b618a8
13:30:17.10 (18980880)|STATEMENT_EXECUTE|[124]
13:30:17.10 (18982458)|STATEMENT_EXECUTE|[124]
13:30:17.10 (18983627)|STATEMENT_EXECUTE|[125]
13:30:17.10 (19031715)|DML_BEGIN|[125]|Op:Delete|Type:Projecten__Share|Rows:1
13:30:17.10 (19051249)|HEAP_ALLOCATE|[EXTERNAL]|Bytes:8
13:30:17.10 (27504513)|DML_END|[125]
13:30:17.10 (27551117)|HEAP_ALLOCATE|[EXTERNAL]|Bytes:8
13:30:17.10 (27561696)|STATEMENT_EXECUTE|[130]
13:30:17.10 (27567604)|HEAP_ALLOCATE|[130]|Bytes:4
13:30:17.10 (27606452)|VARIABLE_SCOPE_BEGIN|[130]|toInsert|List<Projecten__Share>|true|false
13:30:17.10 (27613680)|HEAP_ALLOCATE|[EXTERNAL]|Bytes:4
13:30:17.10 (27620969)|VARIABLE_ASSIGNMENT|[130]|toInsert|[]|0x1d728efe
13:30:17.10 (27650382)|HEAP_ALLOCATE|[131]|Bytes:5
13:30:17.10 (27660605)|HEAP_ALLOCATE|[131]|Bytes:12
13:30:17.10 (27666600)|VARIABLE_SCOPE_BEGIN|[131]|pr|Projecten__c|true|false
13:30:17.10 (27676783)|VARIABLE_ASSIGNMENT|[131]|pr|{"Id":"a0q0E0000008S3WQAU","Account__c":"0010E000002eEwIQAU"}|0x3d33d96b
13:30:17.10 (27679938)|STATEMENT_EXECUTE|[131]
13:30:17.10 (27681455)|STATEMENT_EXECUTE|[132]
13:30:17.10 (27731323)|USER_DEBUG|[132]|DEBUG|null
13:30:17.10 (27756494)|STATEMENT_EXECUTE|[133]
13:30:17.10 (27765420)|HEAP_ALLOCATE|[131]|Bytes:5
13:30:17.10 (27774724)|VARIABLE_ASSIGNMENT|[131]|pr|null|
13:30:17.10 (27777176)|STATEMENT_EXECUTE|[142]
13:30:17.10 (27833874)|HEAP_ALLOCATE|[EXTERNAL]|Bytes:4
13:30:17.10 (27839465)|STATEMENT_EXECUTE|[143]
13:30:17.10 (27843029)|HEAP_ALLOCATE|[143]|Bytes:9
13:30:17.10 (27882120)|HEAP_ALLOCATE|[143]|Bytes:2
13:30:17.10 (27894788)|HEAP_ALLOCATE|[143]|Bytes:11
13:30:17.10 (27903277)|USER_DEBUG|[143]|DEBUG|toInsert ()
13:30:17.27 (27912405)|CUMULATIVE_LIMIT_USAGE
13:30:17.27 (27912405)|LIMIT_USAGE_FOR_NS|(default)|
  Number of SOQL queries: 3 out of 200
  Number of query rows: 2 out of 50000
  Number of SOSL queries: 0 out of 20
  Number of DML statements: 1 out of 150
  Number of DML rows: 1 out of 10000
  Maximum CPU time: 0 out of 60000
  Maximum heap size: 0 out of 12000000
  Number of callouts: 0 out of 100
  Number of Email Invocations: 0 out of 10
  Number of future calls: 0 out of 50
  Number of queueable jobs added to the queue: 0 out of 1
  Number of Mobile Apex push calls: 0 out of 10

13:30:17.27 (27912405)|CUMULATIVE_LIMIT_USAGE_END

13:30:17.10 (27940300)|CODE_UNIT_FINISHED|ProjectUtil.addShares
13:30:17.10 (28679357)|EXECUTION_FINISHED
