38.0 APEX_CODE,FINEST;APEX_PROFILING,INFO;CALLOUT,INFO;DB,INFO;SYSTEM,DEBUG;VALIDATION,INFO;VISUALFORCE,INFO;WAVE,INFO;WORKFLOW,INFO
15:27:08.0 (47148)|USER_INFO|[EXTERNAL]|00524000001e3Uj|bedrijfsbureau@gsa.nl.sandbox|Midden-Europese standaardtijd|GMT+01:00
15:27:08.0 (68249)|EXECUTION_STARTED
15:27:08.0 (71658)|CODE_UNIT_STARTED|[EXTERNAL]|06624000003h0Dg|VF: /apex/New_delivered_detail
15:27:08.0 (192958)|VF_DESERIALIZE_VIEWSTATE_BEGIN|06624000003h0Dg
15:27:08.0 (4489360)|HEAP_ALLOCATE|[72]|Bytes:3
15:27:08.0 (4526769)|HEAP_ALLOCATE|[77]|Bytes:152
15:27:08.0 (4539585)|HEAP_ALLOCATE|[342]|Bytes:408
15:27:08.0 (4552918)|HEAP_ALLOCATE|[355]|Bytes:408
15:27:08.0 (4565423)|HEAP_ALLOCATE|[467]|Bytes:48
15:27:08.0 (4590283)|HEAP_ALLOCATE|[139]|Bytes:6
15:27:08.0 (4623130)|HEAP_ALLOCATE|[50]|Bytes:5
15:27:08.0 (4641629)|HEAP_ALLOCATE|[56]|Bytes:5
15:27:08.0 (4647450)|HEAP_ALLOCATE|[64]|Bytes:7
15:27:08.0 (8749715)|VF_DESERIALIZE_VIEWSTATE_END
15:27:08.9 (9694476)|SYSTEM_MODE_ENTER|true
15:27:08.9 (9749428)|HEAP_ALLOCATE|[EXTERNAL]|Bytes:38
15:27:08.9 (9755671)|HEAP_ALLOCATE|[EXTERNAL]|Bytes:7
15:27:08.9 (9762539)|SYSTEM_METHOD_ENTRY|[1]|PageMessagesComponentController.PageMessagesComponentController()
15:27:08.9 (9766247)|STATEMENT_EXECUTE|[1]
15:27:08.10 (10454883)|SYSTEM_MODE_ENTER|true
15:27:08.10 (10495646)|HEAP_ALLOCATE|[EXTERNAL]|Bytes:8
15:27:08.10 (10501220)|VARIABLE_SCOPE_BEGIN|[88]|this|ApexPage.PageMessagesComponentController|true|false
15:27:08.10 (10533472)|VARIABLE_ASSIGNMENT|[88]|this|{}|0x40ae6a60
15:27:08.10 (10536492)|VARIABLE_SCOPE_BEGIN|[88]|escape|Boolean|false|false
15:27:08.10 (10540477)|VARIABLE_ASSIGNMENT|[88]|escape|null
15:27:08.0 (10744231)|SYSTEM_MODE_ENTER|true
15:27:08.0 (10901320)|HEAP_ALLOCATE|[EXTERNAL]|Bytes:11
15:27:08.0 (10909049)|HEAP_ALLOCATE|[EXTERNAL]|Bytes:408
15:27:08.0 (10912196)|HEAP_ALLOCATE|[EXTERNAL]|Bytes:120
15:27:08.0 (10914448)|HEAP_ALLOCATE|[EXTERNAL]|Bytes:116
15:27:08.0 (10920574)|METHOD_ENTRY|[1]|01p2400000DUtXT|NewDeliveredExtension.NewDeliveredExtension()
15:27:08.0 (10923308)|STATEMENT_EXECUTE|[1]
15:27:08.0 (10927044)|STATEMENT_EXECUTE|[1]
15:27:08.0 (10928381)|STATEMENT_EXECUTE|[542]
15:27:08.0 (10931814)|METHOD_EXIT|[1]|NewDeliveredExtension
15:27:08.0 (10935218)|HEAP_ALLOCATE|[EXTERNAL]|Bytes:80
15:27:08.0 (10993057)|VARIABLE_ASSIGNMENT|[EXTERNAL]|this|{"delToHub":false,"delToProj":true,"detail":"0x1292c379","invoked":false,"rejected":false,"reserved":false,"selectedTime4":"8:00","sublocations1":"0x6b5da17","www":"0x3d87bc78","wwwById":"0x41a5a9e6"}|0x123dcc72
15:27:08.0 (10999468)|STATEMENT_EXECUTE|[196]
15:27:08.0 (11002793)|STATEMENT_EXECUTE|[197]
15:27:08.0 (11004876)|STATEMENT_EXECUTE|[200]
15:27:08.0 (11063159)|SYSTEM_MODE_ENTER|true
15:27:08.0 (11080398)|HEAP_ALLOCATE|[EXTERNAL]|Bytes:80
15:27:08.0 (11118484)|VARIABLE_ASSIGNMENT|[EXTERNAL]|this|{"delToHub":false,"delToProj":true,"detail":"0x1292c379","invoked":false,"rejected":false,"reserved":false,"selectedTime4":"8:00","sublocations1":"0x6b5da17","www":"0x3d87bc78","wwwById":"0x41a5a9e6"}|0x123dcc72
15:27:08.0 (11123935)|STATEMENT_EXECUTE|[229]
15:27:08.0 (11126413)|STATEMENT_EXECUTE|[230]
15:27:08.0 (11127743)|STATEMENT_EXECUTE|[233]
15:27:08.0 (11171313)|SYSTEM_MODE_ENTER|true
15:27:08.0 (11185679)|HEAP_ALLOCATE|[EXTERNAL]|Bytes:80
15:27:08.0 (11219208)|VARIABLE_ASSIGNMENT|[EXTERNAL]|this|{"delToHub":false,"delToProj":true,"detail":"0x1292c379","invoked":false,"rejected":false,"reserved":false,"selectedTime4":"8:00","sublocations1":"0x6b5da17","www":"0x3d87bc78","wwwById":"0x41a5a9e6"}|0x123dcc72
15:27:08.0 (11223785)|STATEMENT_EXECUTE|[204]
15:27:08.0 (11226031)|STATEMENT_EXECUTE|[205]
15:27:08.0 (11227517)|STATEMENT_EXECUTE|[208]
15:27:08.0 (11268055)|SYSTEM_MODE_ENTER|true
15:27:08.0 (11281243)|HEAP_ALLOCATE|[EXTERNAL]|Bytes:80
15:27:08.0 (11317882)|VARIABLE_ASSIGNMENT|[EXTERNAL]|this|{"delToHub":false,"delToProj":true,"detail":"0x1292c379","invoked":false,"rejected":false,"reserved":false,"selectedTime4":"8:00","sublocations1":"0x6b5da17","www":"0x3d87bc78","wwwById":"0x41a5a9e6"}|0x123dcc72
15:27:08.0 (11322159)|STATEMENT_EXECUTE|[220]
15:27:08.0 (11324105)|STATEMENT_EXECUTE|[221]
15:27:08.0 (11325440)|STATEMENT_EXECUTE|[224]
15:27:08.0 (11402090)|SYSTEM_MODE_ENTER|true
15:27:08.0 (11417354)|HEAP_ALLOCATE|[EXTERNAL]|Bytes:80
15:27:08.0 (11453160)|VARIABLE_ASSIGNMENT|[EXTERNAL]|this|{"delToHub":false,"delToProj":true,"detail":"0x1292c379","invoked":false,"rejected":false,"reserved":false,"selectedTime4":"8:00","sublocations1":"0x6b5da17","www":"0x3d87bc78","wwwById":"0x41a5a9e6"}|0x123dcc72
15:27:08.0 (11457476)|STATEMENT_EXECUTE|[3]
15:27:08.0 (11459786)|STATEMENT_EXECUTE|[4]
15:27:08.0 (11461327)|STATEMENT_EXECUTE|[9]
15:27:08.0 (18029840)|SYSTEM_MODE_ENTER|true
15:27:08.0 (18052955)|HEAP_ALLOCATE|[EXTERNAL]|Bytes:80
15:27:08.0 (18099308)|VARIABLE_ASSIGNMENT|[EXTERNAL]|this|{"delToHub":false,"delToProj":true,"detail":"0x1292c379","invoked":false,"rejected":false,"reserved":false,"selectedTime4":"8:00","sublocations1":"0x6b5da17","www":"0x3d87bc78","wwwById":"0x41a5a9e6"}|0x123dcc72
15:27:08.0 (18105794)|STATEMENT_EXECUTE|[186]
15:27:08.0 (18108907)|STATEMENT_EXECUTE|[187]
15:27:08.0 (18110237)|STATEMENT_EXECUTE|[190]
15:27:08.0 (20649536)|SYSTEM_MODE_ENTER|true
15:27:08.0 (20671380)|HEAP_ALLOCATE|[EXTERNAL]|Bytes:80
15:27:08.0 (20716523)|VARIABLE_ASSIGNMENT|[EXTERNAL]|this|{"delToHub":false,"delToProj":true,"detail":"0x1292c379","invoked":false,"rejected":false,"reserved":false,"selectedTime4":"8:00","sublocations1":"0x6b5da17","www":"0x3d87bc78","wwwById":"0x41a5a9e6"}|0x123dcc72
15:27:08.0 (20722961)|STATEMENT_EXECUTE|[212]
15:27:08.0 (20726043)|STATEMENT_EXECUTE|[213]
15:27:08.0 (20727570)|STATEMENT_EXECUTE|[216]
15:27:08.0 (20799858)|SYSTEM_MODE_ENTER|true
15:27:08.0 (20818069)|HEAP_ALLOCATE|[EXTERNAL]|Bytes:80
15:27:08.0 (20857420)|VARIABLE_ASSIGNMENT|[EXTERNAL]|this|{"delToHub":false,"delToProj":true,"detail":"0x1292c379","invoked":false,"rejected":false,"reserved":false,"selectedTime4":"8:00","sublocations1":"0x6b5da17","www":"0x3d87bc78","wwwById":"0x41a5a9e6"}|0x123dcc72
15:27:08.0 (20862660)|STATEMENT_EXECUTE|[21]
15:27:08.0 (20865650)|STATEMENT_EXECUTE|[22]
15:27:08.0 (20866865)|STATEMENT_EXECUTE|[26]
15:27:08.0 (27932951)|SYSTEM_MODE_ENTER|true
15:27:08.0 (27960864)|HEAP_ALLOCATE|[EXTERNAL]|Bytes:80
15:27:08.0 (27968658)|VARIABLE_SCOPE_BEGIN|[284]|this|NewDeliveredExtension|true|false
15:27:08.0 (28011838)|VARIABLE_ASSIGNMENT|[284]|this|{"delToHub":false,"delToProj":true,"detail":"0x1292c379","invoked":false,"rejected":false,"reserved":false,"selectedTime4":"8:00","sublocations1":"0x6b5da17","www":"0x3d87bc78","wwwById":"0x41a5a9e6"}|0x123dcc72
15:27:08.0 (28019874)|STATEMENT_EXECUTE|[284]
15:27:08.0 (28021494)|STATEMENT_EXECUTE|[285]
15:27:08.0 (28072919)|VARIABLE_ASSIGNMENT|[EXTERNAL]|this|{"delToHub":false,"delToProj":true,"detail":"0x1292c379","invoked":false,"rejected":false,"reserved":false,"selectedTime4":"8:00","sublocations1":"0x6b5da17","www":"0x3d87bc78","wwwById":"0x41a5a9e6"}|0x123dcc72
15:27:08.0 (28076759)|STATEMENT_EXECUTE|[21]
15:27:08.0 (28079156)|STATEMENT_EXECUTE|[22]
15:27:08.0 (28080201)|STATEMENT_EXECUTE|[26]
15:27:08.0 (28137648)|HEAP_ALLOCATE|[285]|Bytes:18
15:27:08.0 (28145981)|HEAP_ALLOCATE|[285]|Bytes:16
15:27:08.0 (28155011)|HEAP_ALLOCATE|[285]|Bytes:34
15:27:08.0 (28172947)|USER_DEBUG|[285]|DEBUG|a0t0E0000004NFNQA2 Delivered_2_Hub
15:27:08.0 (28177969)|STATEMENT_EXECUTE|[286]
15:27:08.0 (28182344)|HEAP_ALLOCATE|[286]|Bytes:4
15:27:08.0 (28213694)|VARIABLE_SCOPE_BEGIN|[286]|options|List<System.SelectOption>|true|false
15:27:08.0 (28235968)|HEAP_ALLOCATE|[EXTERNAL]|Bytes:4
15:27:08.0 (28243891)|VARIABLE_ASSIGNMENT|[286]|options|[]|0xaa6744a
15:27:08.0 (28246493)|STATEMENT_EXECUTE|[287]
15:27:08.0 (28250156)|HEAP_ALLOCATE|[287]|Bytes:4
15:27:08.0 (28345453)|VARIABLE_ASSIGNMENT|[EXTERNAL]|this|{"delToHub":false,"delToProj":true,"detail":"0x1292c379","invoked":false,"rejected":false,"reserved":false,"selectedTime4":"8:00","sublocations1":"0x6b5da17","www":"0x3d87bc78","wwwById":"0x41a5a9e6"}|0x123dcc72
15:27:08.0 (28360705)|HEAP_ALLOCATE|[EXTERNAL]|Bytes:4
15:27:08.0 (28365315)|VARIABLE_ASSIGNMENT|[EXTERNAL]|value|[]|0x3e0cca83
15:27:08.0 (28372899)|VARIABLE_ASSIGNMENT|[185]|this.sublocations1|[]|0x123dcc72
15:27:08.0 (28416286)|VARIABLE_ASSIGNMENT|[EXTERNAL]|this|{"delToHub":false,"delToProj":true,"detail":"0x1292c379","invoked":false,"rejected":false,"reserved":false,"selectedTime4":"8:00","sublocations1":"0x3e0cca83","www":"0x3d87bc78","wwwById":"0x41a5a9e6"}|0x123dcc72
15:27:08.0 (28419876)|STATEMENT_EXECUTE|[21]
15:27:08.0 (28421955)|STATEMENT_EXECUTE|[22]
15:27:08.0 (28423045)|STATEMENT_EXECUTE|[26]
15:27:08.0 (28452567)|VARIABLE_ASSIGNMENT|[EXTERNAL]|this|{"delToHub":false,"delToProj":true,"detail":"0x1292c379","invoked":false,"rejected":false,"reserved":false,"selectedTime4":"8:00","sublocations1":"0x3e0cca83","www":"0x3d87bc78","wwwById":"0x41a5a9e6"}|0x123dcc72
15:27:08.0 (28455734)|STATEMENT_EXECUTE|[21]
15:27:08.0 (28457196)|STATEMENT_EXECUTE|[22]
15:27:08.0 (28458254)|STATEMENT_EXECUTE|[26]
15:27:08.0 (28468110)|STATEMENT_EXECUTE|[289]
15:27:08.0 (28469493)|STATEMENT_EXECUTE|[290]
15:27:08.0 (28472082)|HEAP_ALLOCATE|[290]|Bytes:134
15:27:08.0 (28478850)|HEAP_ALLOCATE|[290]|Bytes:4
15:27:08.0 (28486033)|HEAP_ALLOCATE|[290]|Bytes:7
15:27:08.0 (28523056)|VARIABLE_ASSIGNMENT|[EXTERNAL]|this|{"delToHub":false,"delToProj":true,"detail":"0x1292c379","invoked":false,"rejected":false,"reserved":false,"selectedTime4":"8:00","sublocations1":"0x3e0cca83","www":"0x3d87bc78","wwwById":"0x41a5a9e6"}|0x123dcc72
15:27:08.0 (28526699)|STATEMENT_EXECUTE|[21]
15:27:08.0 (28528254)|STATEMENT_EXECUTE|[22]
15:27:08.0 (28529313)|STATEMENT_EXECUTE|[26]
15:27:08.0 (29047507)|SOQL_EXECUTE_BEGIN|[290]|Aggregations:0|SELECT Id, Location__c, Location__r.Name FROM WWW_detail__c WHERE (WWW__c = :tmpVar1 AND RecordType.DeveloperName = 'Delivered_2_Hub')
15:27:08.0 (32840026)|SOQL_EXECUTE_END|[290]|Rows:1
15:27:08.0 (32855276)|HEAP_ALLOCATE|[290]|Bytes:8
15:27:08.0 (32873186)|HEAP_ALLOCATE|[290]|Bytes:185
15:27:08.0 (32916878)|HEAP_ALLOCATE|[290]|Bytes:8
15:27:08.0 (32926058)|VARIABLE_SCOPE_BEGIN|[290]|detailsDelToHub|List<WWW_Detail__c>|true|false
15:27:08.0 (32947272)|VARIABLE_ASSIGNMENT|[290]|detailsDelToHub|[{"Id":"a0s0E0000004KPaQAM","Location__c":"a0B0E0000009YBFUA2","RecordTypeId":"01224000000Sn4MAAS","Location__r":{"Name":"1Q2W","Id":"a0B0E0000009YBFUA2","RecordTypeId":"01224000000B1zdAAC"}}]|0x540f558d
15:27:08.0 (32951525)|STATEMENT_EXECUTE|[293]
15:27:08.0 (32958223)|HEAP_ALLOCATE|[293]|Bytes:4
15:27:08.0 (32967171)|VARIABLE_SCOPE_BEGIN|[293]|locationsMap|Map<String,String>|true|false
15:27:08.0 (32976232)|VARIABLE_ASSIGNMENT|[293]|locationsMap|{}|0x1e2c518
15:27:08.0 (33098590)|HEAP_ALLOCATE|[294]|Bytes:5
15:27:08.0 (33131655)|HEAP_ALLOCATE|[294]|Bytes:20
15:27:08.0 (33139811)|VARIABLE_SCOPE_BEGIN|[294]|det|WWW_Detail__c|true|false
15:27:08.0 (33153533)|VARIABLE_ASSIGNMENT|[294]|det|{"Id":"a0s0E0000004KPaQAM","Location__c":"a0B0E0000009YBFUA2","RecordTypeId":"01224000000Sn4MAAS","Location__r":{"Name":"1Q2W","Id":"a0B0E0000009YBFUA2","RecordTypeId":"01224000000B1zdAAC"}}|0x17cbd6ff
15:27:08.0 (33157896)|STATEMENT_EXECUTE|[294]
15:27:08.0 (33179335)|STATEMENT_EXECUTE|[295]
15:27:08.0 (33180701)|STATEMENT_EXECUTE|[297]
15:27:08.0 (33265381)|HEAP_ALLOCATE|[EXTERNAL]|Bytes:-4
15:27:08.0 (33279915)|HEAP_ALLOCATE|[294]|Bytes:5
15:27:08.0 (33289705)|VARIABLE_ASSIGNMENT|[294]|det|null|
15:27:08.0 (33292647)|STATEMENT_EXECUTE|[301]
15:27:08.0 (33342829)|HEAP_ALLOCATE|[EXTERNAL]|Bytes:4
15:27:08.0 (33352523)|HEAP_ALLOCATE|[302]|Bytes:4
15:27:08.0 (33392336)|HEAP_ALLOCATE|[302]|Bytes:26
15:27:08.0 (33404822)|HEAP_ALLOCATE|[302]|Bytes:4
15:27:08.0 (33420755)|HEAP_ALLOCATE|[302]|Bytes:5
15:27:08.0 (33429942)|VARIABLE_SCOPE_BEGIN|[302]|lcId|String|false|false
15:27:08.0 (33436420)|VARIABLE_ASSIGNMENT|[302]|lcId|"a0B0E0000009YBFUA2"
15:27:08.0 (33438855)|STATEMENT_EXECUTE|[303]
15:27:08.0 (33440294)|STATEMENT_EXECUTE|[304]
15:27:08.0 (33473268)|HEAP_ALLOCATE|[EXTERNAL]|Bytes:4
15:27:08.0 (33481432)|HEAP_ALLOCATE|[302]|Bytes:5
15:27:08.0 (33488555)|VARIABLE_ASSIGNMENT|[302]|lcId|null
15:27:08.0 (33490929)|STATEMENT_EXECUTE|[307]
15:27:08.0 (34407640)|SYSTEM_MODE_ENTER|true
15:27:08.0 (34432208)|HEAP_ALLOCATE|[EXTERNAL]|Bytes:80
15:27:08.0 (34438035)|VARIABLE_SCOPE_BEGIN|[48]|this|NewDeliveredExtension|true|false
15:27:08.0 (34480757)|VARIABLE_ASSIGNMENT|[48]|this|{"delToHub":false,"delToProj":true,"detail":"0x1292c379","invoked":false,"rejected":false,"reserved":false,"selectedTime4":"8:00","sublocations1":"0x3e0cca83","www":"0x3d87bc78","wwwById":"0x41a5a9e6"}|0x123dcc72
15:27:08.0 (34487858)|STATEMENT_EXECUTE|[48]
15:27:08.0 (34489371)|STATEMENT_EXECUTE|[49]
15:27:08.0 (34493355)|HEAP_ALLOCATE|[49]|Bytes:4
15:27:08.0 (34512727)|VARIABLE_SCOPE_BEGIN|[49]|options|List<System.SelectOption>|true|false
15:27:08.0 (34525542)|HEAP_ALLOCATE|[EXTERNAL]|Bytes:4
15:27:08.0 (34531140)|VARIABLE_ASSIGNMENT|[49]|options|[]|0x3e95c54a
15:27:08.0 (34534327)|STATEMENT_EXECUTE|[50]
15:27:08.0 (34538359)|VARIABLE_SCOPE_BEGIN|[50]|i|Integer|false|false
15:27:08.0 (34541519)|HEAP_ALLOCATE|[50]|Bytes:4
15:27:08.0 (34545419)|VARIABLE_ASSIGNMENT|[50]|i|0
15:27:08.0 (34549707)|STATEMENT_EXECUTE|[50]
15:27:08.0 (34551065)|STATEMENT_EXECUTE|[51]
15:27:08.0 (34552593)|VARIABLE_SCOPE_BEGIN|[51]|j|Integer|false|false
15:27:08.0 (34554223)|HEAP_ALLOCATE|[51]|Bytes:4
15:27:08.0 (34556699)|VARIABLE_ASSIGNMENT|[51]|j|0
15:27:08.0 (34558588)|STATEMENT_EXECUTE|[51]
15:27:08.0 (34560493)|STATEMENT_EXECUTE|[52]
15:27:08.0 (34561539)|STATEMENT_EXECUTE|[53]
15:27:08.0 (34592190)|HEAP_ALLOCATE|[53]|Bytes:1
15:27:08.0 (34600697)|HEAP_ALLOCATE|[53]|Bytes:2
15:27:08.0 (34606976)|HEAP_ALLOCATE|[53]|Bytes:1
15:27:08.0 (34616349)|HEAP_ALLOCATE|[53]|Bytes:4
15:27:08.0 (34621909)|HEAP_ALLOCATE|[53]|Bytes:1
15:27:08.0 (34629136)|HEAP_ALLOCATE|[53]|Bytes:1
15:27:08.0 (34634149)|HEAP_ALLOCATE|[53]|Bytes:4
15:27:08.0 (34651548)|HEAP_ALLOCATE|[EXTERNAL]|Bytes:4
15:27:08.0 (34657951)|HEAP_ALLOCATE|[51]|Bytes:4
15:27:08.0 (34662190)|VARIABLE_ASSIGNMENT|[51]|j|30
15:27:08.0 (34664683)|STATEMENT_EXECUTE|[51]
15:27:08.0 (34666064)|STATEMENT_EXECUTE|[54]
15:27:08.0 (34667104)|STATEMENT_EXECUTE|[55]
15:27:08.0 (34683238)|HEAP_ALLOCATE|[55]|Bytes:1
15:27:08.0 (34689764)|HEAP_ALLOCATE|[55]|Bytes:1
15:27:08.0 (34695371)|HEAP_ALLOCATE|[55]|Bytes:2
15:27:08.0 (34700682)|HEAP_ALLOCATE|[55]|Bytes:4
15:27:08.0 (34705545)|HEAP_ALLOCATE|[55]|Bytes:1
15:27:08.0 (34712987)|HEAP_ALLOCATE|[55]|Bytes:2
15:27:08.0 (34717858)|HEAP_ALLOCATE|[55]|Bytes:4
15:27:08.0 (34728816)|HEAP_ALLOCATE|[EXTERNAL]|Bytes:4
15:27:08.0 (34733258)|HEAP_ALLOCATE|[51]|Bytes:4
15:27:08.0 (34736733)|VARIABLE_ASSIGNMENT|[51]|j|60
15:27:08.0 (34740000)|HEAP_ALLOCATE|[50]|Bytes:4
15:27:08.0 (34742421)|VARIABLE_ASSIGNMENT|[50]|i|1
15:27:08.0 (34744390)|STATEMENT_EXECUTE|[50]
15:27:08.0 (34745838)|STATEMENT_EXECUTE|[51]
15:27:08.0 (34747689)|VARIABLE_SCOPE_BEGIN|[51]|j|Integer|false|false
15:27:08.0 (34749476)|HEAP_ALLOCATE|[51]|Bytes:4
15:27:08.0 (34752193)|VARIABLE_ASSIGNMENT|[51]|j|0
15:27:08.0 (34753674)|STATEMENT_EXECUTE|[51]
15:27:08.0 (34754984)|STATEMENT_EXECUTE|[52]
15:27:08.0 (34755943)|STATEMENT_EXECUTE|[53]
15:27:08.0 (34763209)|HEAP_ALLOCATE|[53]|Bytes:1
15:27:08.0 (34770694)|HEAP_ALLOCATE|[53]|Bytes:1
15:27:08.0 (34775531)|HEAP_ALLOCATE|[53]|Bytes:4
15:27:08.0 (34780524)|HEAP_ALLOCATE|[53]|Bytes:1
15:27:08.0 (34787277)|HEAP_ALLOCATE|[53]|Bytes:1
15:27:08.0 (34791862)|HEAP_ALLOCATE|[53]|Bytes:4
15:27:08.0 (34797266)|HEAP_ALLOCATE|[EXTERNAL]|Bytes:4
15:27:08.0 (34800727)|HEAP_ALLOCATE|[51]|Bytes:4
15:27:08.0 (34803242)|VARIABLE_ASSIGNMENT|[51]|j|30
15:27:08.0 (34804942)|STATEMENT_EXECUTE|[51]
15:27:08.0 (34806248)|STATEMENT_EXECUTE|[54]
15:27:08.0 (34807204)|STATEMENT_EXECUTE|[55]
15:27:08.0 (34812601)|HEAP_ALLOCATE|[55]|Bytes:1
15:27:08.0 (34819965)|HEAP_ALLOCATE|[55]|Bytes:2
15:27:08.0 (34824718)|HEAP_ALLOCATE|[55]|Bytes:4
15:27:08.0 (34829443)|HEAP_ALLOCATE|[55]|Bytes:1
15:27:08.0 (34836297)|HEAP_ALLOCATE|[55]|Bytes:2
15:27:08.0 (34841422)|HEAP_ALLOCATE|[55]|Bytes:4
15:27:08.0 (34846152)|HEAP_ALLOCATE|[EXTERNAL]|Bytes:4
15:27:08.0 (34849193)|HEAP_ALLOCATE|[51]|Bytes:4
15:27:08.0 (34851676)|VARIABLE_ASSIGNMENT|[51]|j|60
15:27:08.0 (34853539)|HEAP_ALLOCATE|[50]|Bytes:4
15:27:08.0 (34855759)|VARIABLE_ASSIGNMENT|[50]|i|2
15:27:08.0 (34857360)|STATEMENT_EXECUTE|[50]
15:27:08.0 (34858605)|STATEMENT_EXECUTE|[51]
15:27:08.0 (34860202)|VARIABLE_SCOPE_BEGIN|[51]|j|Integer|false|false
15:27:08.0 (34861670)|HEAP_ALLOCATE|[51]|Bytes:4
15:27:08.0 (34863895)|VARIABLE_ASSIGNMENT|[51]|j|0
15:27:08.0 (34865229)|STATEMENT_EXECUTE|[51]
15:27:08.0 (34866468)|STATEMENT_EXECUTE|[52]
15:27:08.0 (34867419)|STATEMENT_EXECUTE|[53]
15:27:08.0 (34872860)|HEAP_ALLOCATE|[53]|Bytes:1
15:27:08.0 (34880094)|HEAP_ALLOCATE|[53]|Bytes:1
15:27:08.0 (34884859)|HEAP_ALLOCATE|[53]|Bytes:4
15:27:08.0 (34889442)|HEAP_ALLOCATE|[53]|Bytes:1
15:27:08.0 (34896141)|HEAP_ALLOCATE|[53]|Bytes:1
15:27:08.0 (34900605)|HEAP_ALLOCATE|[53]|Bytes:4
15:27:08.0 (34905119)|HEAP_ALLOCATE|[EXTERNAL]|Bytes:4
15:27:08.0 (34908821)|HEAP_ALLOCATE|[51]|Bytes:4
15:27:08.0 (34911219)|VARIABLE_ASSIGNMENT|[51]|j|30
15:27:08.0 (34912853)|STATEMENT_EXECUTE|[51]
15:27:08.0 (34914123)|STATEMENT_EXECUTE|[54]
15:27:08.0 (34915136)|STATEMENT_EXECUTE|[55]
15:27:08.0 (34920572)|HEAP_ALLOCATE|[55]|Bytes:1
15:27:08.0 (34927804)|HEAP_ALLOCATE|[55]|Bytes:2
15:27:08.0 (34932508)|HEAP_ALLOCATE|[55]|Bytes:4
15:27:08.0 (34937056)|HEAP_ALLOCATE|[55]|Bytes:1
15:27:08.0 (34943933)|HEAP_ALLOCATE|[55]|Bytes:2
15:27:08.0 (34948525)|HEAP_ALLOCATE|[55]|Bytes:4
15:27:08.0 (34952788)|HEAP_ALLOCATE|[EXTERNAL]|Bytes:4
15:27:08.0 (34955951)|HEAP_ALLOCATE|[51]|Bytes:4
15:27:08.0 (34958426)|VARIABLE_ASSIGNMENT|[51]|j|60
15:27:08.0 (34960181)|HEAP_ALLOCATE|[50]|Bytes:4
15:27:08.0 (34962397)|VARIABLE_ASSIGNMENT|[50]|i|3
15:27:08.0 (34964023)|STATEMENT_EXECUTE|[50]
15:27:08.0 (34965231)|STATEMENT_EXECUTE|[51]
15:27:08.0 (34966785)|VARIABLE_SCOPE_BEGIN|[51]|j|Integer|false|false
15:27:08.0 (34968147)|HEAP_ALLOCATE|[51]|Bytes:4
15:27:08.0 (34970575)|VARIABLE_ASSIGNMENT|[51]|j|0
15:27:08.0 (34971940)|STATEMENT_EXECUTE|[51]
15:27:08.0 (34973147)|STATEMENT_EXECUTE|[52]
15:27:08.0 (34974078)|STATEMENT_EXECUTE|[53]
15:27:08.0 (34979388)|HEAP_ALLOCATE|[53]|Bytes:1
15:27:08.0 (34986608)|HEAP_ALLOCATE|[53]|Bytes:1
15:27:08.0 (34991359)|HEAP_ALLOCATE|[53]|Bytes:4
15:27:08.0 (34995868)|HEAP_ALLOCATE|[53]|Bytes:1
15:27:08.0 (35002642)|HEAP_ALLOCATE|[53]|Bytes:1
15:27:08.0 (35007815)|HEAP_ALLOCATE|[53]|Bytes:4
15:27:08.0 (35012347)|HEAP_ALLOCATE|[EXTERNAL]|Bytes:4
15:27:08.0 (35015558)|HEAP_ALLOCATE|[51]|Bytes:4
15:27:08.0 (35018131)|VARIABLE_ASSIGNMENT|[51]|j|30
15:27:08.0 (35019768)|STATEMENT_EXECUTE|[51]
15:27:08.0 (35021075)|STATEMENT_EXECUTE|[54]
15:27:08.0 (35022008)|STATEMENT_EXECUTE|[55]
15:27:08.0 (35027443)|HEAP_ALLOCATE|[55]|Bytes:1
15:27:08.0 (35034574)|HEAP_ALLOCATE|[55]|Bytes:2
15:27:08.0 (35039297)|HEAP_ALLOCATE|[55]|Bytes:4
15:27:08.0 (35043905)|HEAP_ALLOCATE|[55]|Bytes:1
15:27:08.0 (35050710)|HEAP_ALLOCATE|[55]|Bytes:2
15:27:08.0 (35055911)|HEAP_ALLOCATE|[55]|Bytes:4
15:27:08.0 (35060111)|HEAP_ALLOCATE|[EXTERNAL]|Bytes:4
15:27:08.0 (35063179)|HEAP_ALLOCATE|[51]|Bytes:4
15:27:08.0 (35065919)|VARIABLE_ASSIGNMENT|[51]|j|60
15:27:08.0 (35067730)|HEAP_ALLOCATE|[50]|Bytes:4
15:27:08.0 (35069940)|VARIABLE_ASSIGNMENT|[50]|i|4
15:27:08.0 (35071469)|STATEMENT_EXECUTE|[50]
15:27:08.0 (35072677)|STATEMENT_EXECUTE|[51]
15:27:08.0 (35074147)|VARIABLE_SCOPE_BEGIN|[51]|j|Integer|false|false
15:27:08.0 (35075451)|HEAP_ALLOCATE|[51]|Bytes:4
15:27:08.0 (35077610)|VARIABLE_ASSIGNMENT|[51]|j|0
15:27:08.0 (35079023)|STATEMENT_EXECUTE|[51]
15:27:08.0 (35080294)|STATEMENT_EXECUTE|[52]
15:27:08.0 (35081224)|STATEMENT_EXECUTE|[53]
15:27:08.0 (35086481)|HEAP_ALLOCATE|[53]|Bytes:1
15:27:08.0 (35093736)|HEAP_ALLOCATE|[53]|Bytes:1
15:27:08.0 (35098365)|HEAP_ALLOCATE|[53]|Bytes:4
15:27:08.0 (35102899)|HEAP_ALLOCATE|[53]|Bytes:1
15:27:08.0 (35109667)|HEAP_ALLOCATE|[53]|Bytes:1
15:27:08.0 (35114171)|HEAP_ALLOCATE|[53]|Bytes:4
15:27:08.0 (35118502)|HEAP_ALLOCATE|[EXTERNAL]|Bytes:4
15:27:08.0 (35121981)|HEAP_ALLOCATE|[51]|Bytes:4
15:27:08.0 (35124376)|VARIABLE_ASSIGNMENT|[51]|j|30
15:27:08.0 (35125999)|STATEMENT_EXECUTE|[51]
15:27:08.0 (35127389)|STATEMENT_EXECUTE|[54]
15:27:08.0 (35128323)|STATEMENT_EXECUTE|[55]
15:27:08.0 (35133476)|HEAP_ALLOCATE|[55]|Bytes:1
15:27:08.0 (35140653)|HEAP_ALLOCATE|[55]|Bytes:2
15:27:08.0 (35145450)|HEAP_ALLOCATE|[55]|Bytes:4
15:27:08.0 (35150015)|HEAP_ALLOCATE|[55]|Bytes:1
15:27:08.0 (35156916)|HEAP_ALLOCATE|[55]|Bytes:2
15:27:08.0 (35161586)|HEAP_ALLOCATE|[55]|Bytes:4
15:27:08.0 (35165720)|HEAP_ALLOCATE|[EXTERNAL]|Bytes:4
15:27:08.0 (35168788)|HEAP_ALLOCATE|[51]|Bytes:4
15:27:08.0 (35171185)|VARIABLE_ASSIGNMENT|[51]|j|60
15:27:08.0 (35172867)|HEAP_ALLOCATE|[50]|Bytes:4
15:27:08.0 (35175036)|VARIABLE_ASSIGNMENT|[50]|i|5
15:27:08.0 (35176507)|STATEMENT_EXECUTE|[50]
15:27:08.0 (35177784)|STATEMENT_EXECUTE|[51]
15:27:08.0 (35179269)|VARIABLE_SCOPE_BEGIN|[51]|j|Integer|false|false
15:27:08.0 (35180657)|HEAP_ALLOCATE|[51]|Bytes:4
15:27:08.0 (35182783)|VARIABLE_ASSIGNMENT|[51]|j|0
15:27:08.0 (35184376)|STATEMENT_EXECUTE|[51]
15:27:08.0 (35186080)|STATEMENT_EXECUTE|[52]
15:27:08.0 (35187107)|STATEMENT_EXECUTE|[53]
15:27:08.0 (35192689)|HEAP_ALLOCATE|[53]|Bytes:1
15:27:08.0 (35199802)|HEAP_ALLOCATE|[53]|Bytes:1
15:27:08.0 (35204451)|HEAP_ALLOCATE|[53]|Bytes:4
15:27:08.0 (35209070)|HEAP_ALLOCATE|[53]|Bytes:1
15:27:08.0 (35215782)|HEAP_ALLOCATE|[53]|Bytes:1
15:27:08.0 (35220367)|HEAP_ALLOCATE|[53]|Bytes:4
15:27:08.0 (35224782)|HEAP_ALLOCATE|[EXTERNAL]|Bytes:4
15:27:08.0 (35228267)|HEAP_ALLOCATE|[51]|Bytes:4
15:27:08.0 (35230861)|VARIABLE_ASSIGNMENT|[51]|j|30
15:27:08.0 (35232379)|STATEMENT_EXECUTE|[51]
15:27:08.0 (35233674)|STATEMENT_EXECUTE|[54]
15:27:08.0 (35234612)|STATEMENT_EXECUTE|[55]
15:27:08.0 (35239847)|HEAP_ALLOCATE|[55]|Bytes:1
15:27:08.0 (35246936)|HEAP_ALLOCATE|[55]|Bytes:2
15:27:08.0 (35251726)|HEAP_ALLOCATE|[55]|Bytes:4
15:27:08.0 (35256232)|HEAP_ALLOCATE|[55]|Bytes:1
15:27:08.0 (35263034)|HEAP_ALLOCATE|[55]|Bytes:2
15:27:08.0 (35267642)|HEAP_ALLOCATE|[55]|Bytes:4
15:27:08.0 (35272087)|HEAP_ALLOCATE|[EXTERNAL]|Bytes:4
15:27:08.0 (35275362)|HEAP_ALLOCATE|[51]|Bytes:4
15:27:08.0 (35277769)|VARIABLE_ASSIGNMENT|[51]|j|60
15:27:08.0 (35279473)|HEAP_ALLOCATE|[50]|Bytes:4
15:27:08.0 (35281765)|VARIABLE_ASSIGNMENT|[50]|i|6
15:27:08.0 (35283494)|STATEMENT_EXECUTE|[50]
15:27:08.0 (35284775)|STATEMENT_EXECUTE|[51]
15:27:08.0 (35286280)|VARIABLE_SCOPE_BEGIN|[51]|j|Integer|false|false
15:27:08.0 (35287592)|HEAP_ALLOCATE|[51]|Bytes:4
15:27:08.0 (35289784)|VARIABLE_ASSIGNMENT|[51]|j|0
15:27:08.0 (35291151)|STATEMENT_EXECUTE|[51]
15:27:08.0 (35292359)|STATEMENT_EXECUTE|[52]
15:27:08.0 (35293292)|STATEMENT_EXECUTE|[53]
15:27:08.0 (35298701)|HEAP_ALLOCATE|[53]|Bytes:1
15:27:08.0 (35310788)|HEAP_ALLOCATE|[53]|Bytes:1
15:27:08.0 (35315693)|HEAP_ALLOCATE|[53]|Bytes:4
15:27:08.0 (35320278)|HEAP_ALLOCATE|[53]|Bytes:1
15:27:08.0 (35327067)|HEAP_ALLOCATE|[53]|Bytes:1
15:27:08.0 (35331670)|HEAP_ALLOCATE|[53]|Bytes:4
15:27:08.0 (35336323)|HEAP_ALLOCATE|[EXTERNAL]|Bytes:4
15:27:08.0 (35340016)|HEAP_ALLOCATE|[51]|Bytes:4
15:27:08.0 (35342736)|VARIABLE_ASSIGNMENT|[51]|j|30
15:27:08.0 (35344427)|STATEMENT_EXECUTE|[51]
15:27:08.0 (35345753)|STATEMENT_EXECUTE|[54]
15:27:08.0 (35346715)|STATEMENT_EXECUTE|[55]
15:27:08.0 (35352243)|HEAP_ALLOCATE|[55]|Bytes:1
15:27:08.0 (35359377)|HEAP_ALLOCATE|[55]|Bytes:2
15:27:08.0 (35364097)|HEAP_ALLOCATE|[55]|Bytes:4
15:27:08.0 (35368569)|HEAP_ALLOCATE|[55]|Bytes:1
15:27:08.0 (35375367)|HEAP_ALLOCATE|[55]|Bytes:2
15:27:08.0 (35379983)|HEAP_ALLOCATE|[55]|Bytes:4
15:27:08.0 (35384176)|HEAP_ALLOCATE|[EXTERNAL]|Bytes:4
15:27:08.0 (35387269)|HEAP_ALLOCATE|[51]|Bytes:4
15:27:08.0 (35389711)|VARIABLE_ASSIGNMENT|[51]|j|60
15:27:08.0 (35391486)|HEAP_ALLOCATE|[50]|Bytes:4
15:27:08.0 (35393838)|VARIABLE_ASSIGNMENT|[50]|i|7
15:27:08.0 (35395331)|STATEMENT_EXECUTE|[50]
15:27:08.0 (35396632)|STATEMENT_EXECUTE|[51]
15:27:08.0 (35398133)|VARIABLE_SCOPE_BEGIN|[51]|j|Integer|false|false
15:27:08.0 (35399562)|HEAP_ALLOCATE|[51]|Bytes:4
15:27:08.0 (35401695)|VARIABLE_ASSIGNMENT|[51]|j|0
15:27:08.0 (35403369)|STATEMENT_EXECUTE|[51]
15:27:08.0 (35404800)|STATEMENT_EXECUTE|[52]
15:27:08.0 (35405740)|STATEMENT_EXECUTE|[53]
15:27:08.0 (35410968)|HEAP_ALLOCATE|[53]|Bytes:1
15:27:08.0 (35418193)|HEAP_ALLOCATE|[53]|Bytes:1
15:27:08.0 (35422879)|HEAP_ALLOCATE|[53]|Bytes:4
15:27:08.0 (35427440)|HEAP_ALLOCATE|[53]|Bytes:1
15:27:08.0 (35434194)|HEAP_ALLOCATE|[53]|Bytes:1
15:27:08.0 (35438689)|HEAP_ALLOCATE|[53]|Bytes:4
15:27:08.0 (35443008)|HEAP_ALLOCATE|[EXTERNAL]|Bytes:4
15:27:08.0 (35446189)|HEAP_ALLOCATE|[51]|Bytes:4
15:27:08.0 (35448683)|VARIABLE_ASSIGNMENT|[51]|j|30
15:27:08.0 (35450231)|STATEMENT_EXECUTE|[51]
15:27:08.0 (35451497)|STATEMENT_EXECUTE|[54]
15:27:08.0 (35452451)|STATEMENT_EXECUTE|[55]
15:27:08.0 (35457742)|HEAP_ALLOCATE|[55]|Bytes:1
15:27:08.0 (35464787)|HEAP_ALLOCATE|[55]|Bytes:2
15:27:08.0 (35469495)|HEAP_ALLOCATE|[55]|Bytes:4
15:27:08.0 (35473971)|HEAP_ALLOCATE|[55]|Bytes:1
15:27:08.0 (35480763)|HEAP_ALLOCATE|[55]|Bytes:2
15:27:08.0 (35485396)|HEAP_ALLOCATE|[55]|Bytes:4
15:27:08.0 (35489936)|HEAP_ALLOCATE|[EXTERNAL]|Bytes:4
15:27:08.0 (35493366)|HEAP_ALLOCATE|[51]|Bytes:4
15:27:08.0 (35495875)|VARIABLE_ASSIGNMENT|[51]|j|60
15:27:08.0 (35497537)|HEAP_ALLOCATE|[50]|Bytes:4
15:27:08.0 (35499782)|VARIABLE_ASSIGNMENT|[50]|i|8
15:27:08.0 (35501242)|STATEMENT_EXECUTE|[50]
15:27:08.0 (35502485)|STATEMENT_EXECUTE|[51]
15:27:08.0 (35504006)|VARIABLE_SCOPE_BEGIN|[51]|j|Integer|false|false
15:27:08.0 (35505327)|HEAP_ALLOCATE|[51]|Bytes:4
15:27:08.0 (35507503)|VARIABLE_ASSIGNMENT|[51]|j|0
15:27:08.0 (35508839)|STATEMENT_EXECUTE|[51]
15:27:08.0 (35510062)|STATEMENT_EXECUTE|[52]
15:27:08.0 (35511022)|STATEMENT_EXECUTE|[53]
15:27:08.0 (35516473)|HEAP_ALLOCATE|[53]|Bytes:1
15:27:08.0 (35523747)|HEAP_ALLOCATE|[53]|Bytes:1
15:27:08.0 (35528398)|HEAP_ALLOCATE|[53]|Bytes:4
15:27:08.0 (35532967)|HEAP_ALLOCATE|[53]|Bytes:1
15:27:08.0 (35539657)|HEAP_ALLOCATE|[53]|Bytes:1
15:27:08.0 (35544199)|HEAP_ALLOCATE|[53]|Bytes:4
15:27:08.0 (35548510)|HEAP_ALLOCATE|[EXTERNAL]|Bytes:4
15:27:08.0 (35551987)|HEAP_ALLOCATE|[51]|Bytes:4
15:27:08.0 (35554542)|VARIABLE_ASSIGNMENT|[51]|j|30
15:27:08.0 (35556131)|STATEMENT_EXECUTE|[51]
15:27:08.0 (35557386)|STATEMENT_EXECUTE|[54]
15:27:08.0 (35558336)|STATEMENT_EXECUTE|[55]
15:27:08.0 (35563639)|HEAP_ALLOCATE|[55]|Bytes:1
15:27:08.0 (35570783)|HEAP_ALLOCATE|[55]|Bytes:2
15:27:08.0 (35575520)|HEAP_ALLOCATE|[55]|Bytes:4
15:27:08.0 (35580024)|HEAP_ALLOCATE|[55]|Bytes:1
15:27:08.0 (35586775)|HEAP_ALLOCATE|[55]|Bytes:2
15:27:08.0 (35591332)|HEAP_ALLOCATE|[55]|Bytes:4
15:27:08.0 (35595578)|HEAP_ALLOCATE|[EXTERNAL]|Bytes:4
15:27:08.0 (35598607)|HEAP_ALLOCATE|[51]|Bytes:4
15:27:08.0 (35601042)|VARIABLE_ASSIGNMENT|[51]|j|60
15:27:08.0 (35602838)|HEAP_ALLOCATE|[50]|Bytes:4
15:27:08.0 (35604987)|VARIABLE_ASSIGNMENT|[50]|i|9
15:27:08.0 (35606471)|STATEMENT_EXECUTE|[50]
15:27:08.0 (35607694)|STATEMENT_EXECUTE|[51]
15:27:08.0 (35609197)|VARIABLE_SCOPE_BEGIN|[51]|j|Integer|false|false
15:27:08.0 (35610532)|HEAP_ALLOCATE|[51]|Bytes:4
15:27:08.0 (35612703)|VARIABLE_ASSIGNMENT|[51]|j|0
15:27:08.0 (35614335)|STATEMENT_EXECUTE|[51]
15:27:08.0 (35615667)|STATEMENT_EXECUTE|[52]
15:27:08.0 (35616597)|STATEMENT_EXECUTE|[53]
15:27:08.0 (35621930)|HEAP_ALLOCATE|[53]|Bytes:1
15:27:08.0 (35629093)|HEAP_ALLOCATE|[53]|Bytes:1
15:27:08.0 (35633633)|HEAP_ALLOCATE|[53]|Bytes:4
15:27:08.0 (35638185)|HEAP_ALLOCATE|[53]|Bytes:1
15:27:08.0 (35644902)|HEAP_ALLOCATE|[53]|Bytes:1
15:27:08.0 (35649387)|HEAP_ALLOCATE|[53]|Bytes:4
15:27:08.0 (35653819)|HEAP_ALLOCATE|[EXTERNAL]|Bytes:4
15:27:08.0 (35657015)|HEAP_ALLOCATE|[51]|Bytes:4
15:27:08.0 (35659456)|VARIABLE_ASSIGNMENT|[51]|j|30
15:27:08.0 (35660979)|STATEMENT_EXECUTE|[51]
15:27:08.0 (35662261)|STATEMENT_EXECUTE|[54]
15:27:08.0 (35663197)|STATEMENT_EXECUTE|[55]
15:27:08.0 (35668439)|HEAP_ALLOCATE|[55]|Bytes:1
15:27:08.0 (35675548)|HEAP_ALLOCATE|[55]|Bytes:2
15:27:08.0 (35680203)|HEAP_ALLOCATE|[55]|Bytes:4
15:27:08.0 (35684747)|HEAP_ALLOCATE|[55]|Bytes:1
15:27:08.0 (35691591)|HEAP_ALLOCATE|[55]|Bytes:2
15:27:08.0 (35696156)|HEAP_ALLOCATE|[55]|Bytes:4
15:27:08.0 (35700838)|HEAP_ALLOCATE|[EXTERNAL]|Bytes:4
15:27:08.0 (35703868)|HEAP_ALLOCATE|[51]|Bytes:4
15:27:08.0 (35706287)|VARIABLE_ASSIGNMENT|[51]|j|60
15:27:08.0 (35708043)|HEAP_ALLOCATE|[50]|Bytes:4
15:27:08.0 (35710254)|VARIABLE_ASSIGNMENT|[50]|i|10
15:27:08.0 (35711744)|STATEMENT_EXECUTE|[50]
15:27:08.0 (35712948)|STATEMENT_EXECUTE|[51]
15:27:08.0 (35714373)|VARIABLE_SCOPE_BEGIN|[51]|j|Integer|false|false
15:27:08.0 (35715851)|HEAP_ALLOCATE|[51]|Bytes:4
15:27:08.0 (35718019)|VARIABLE_ASSIGNMENT|[51]|j|0
15:27:08.0 (35719377)|STATEMENT_EXECUTE|[51]
15:27:08.0 (35720574)|STATEMENT_EXECUTE|[52]
15:27:08.0 (35721751)|STATEMENT_EXECUTE|[53]
15:27:08.0 (35727011)|HEAP_ALLOCATE|[53]|Bytes:2
15:27:08.0 (35733997)|HEAP_ALLOCATE|[53]|Bytes:1
15:27:08.0 (35738631)|HEAP_ALLOCATE|[53]|Bytes:5
15:27:08.0 (35743115)|HEAP_ALLOCATE|[53]|Bytes:2
15:27:08.0 (35749752)|HEAP_ALLOCATE|[53]|Bytes:1
15:27:08.0 (35754237)|HEAP_ALLOCATE|[53]|Bytes:5
15:27:08.0 (35758547)|HEAP_ALLOCATE|[EXTERNAL]|Bytes:4
15:27:08.0 (35761617)|HEAP_ALLOCATE|[51]|Bytes:4
15:27:08.0 (35764347)|VARIABLE_ASSIGNMENT|[51]|j|30
15:27:08.0 (35765911)|STATEMENT_EXECUTE|[51]
15:27:08.0 (35767184)|STATEMENT_EXECUTE|[54]
15:27:08.0 (35768125)|STATEMENT_EXECUTE|[55]
15:27:08.0 (35773322)|HEAP_ALLOCATE|[55]|Bytes:2
15:27:08.0 (35780378)|HEAP_ALLOCATE|[55]|Bytes:2
15:27:08.0 (35785093)|HEAP_ALLOCATE|[55]|Bytes:5
15:27:08.0 (35789628)|HEAP_ALLOCATE|[55]|Bytes:2
15:27:08.0 (35796494)|HEAP_ALLOCATE|[55]|Bytes:2
15:27:08.0 (35801131)|HEAP_ALLOCATE|[55]|Bytes:5
15:27:08.0 (35805239)|HEAP_ALLOCATE|[EXTERNAL]|Bytes:4
15:27:08.0 (35808298)|HEAP_ALLOCATE|[51]|Bytes:4
15:27:08.0 (35810768)|VARIABLE_ASSIGNMENT|[51]|j|60
15:27:08.0 (35812545)|HEAP_ALLOCATE|[50]|Bytes:4
15:27:08.0 (35814732)|VARIABLE_ASSIGNMENT|[50]|i|11
15:27:08.0 (35816246)|STATEMENT_EXECUTE|[50]
15:27:08.0 (35817526)|STATEMENT_EXECUTE|[51]
15:27:08.0 (35818964)|VARIABLE_SCOPE_BEGIN|[51]|j|Integer|false|false
15:27:08.0 (35820335)|HEAP_ALLOCATE|[51]|Bytes:4
15:27:08.0 (35822508)|VARIABLE_ASSIGNMENT|[51]|j|0
15:27:08.0 (35824159)|STATEMENT_EXECUTE|[51]
15:27:08.0 (35825477)|STATEMENT_EXECUTE|[52]
15:27:08.0 (35826407)|STATEMENT_EXECUTE|[53]
15:27:08.0 (35831723)|HEAP_ALLOCATE|[53]|Bytes:2
15:27:08.0 (35838887)|HEAP_ALLOCATE|[53]|Bytes:1
15:27:08.0 (35843510)|HEAP_ALLOCATE|[53]|Bytes:5
15:27:08.0 (35848125)|HEAP_ALLOCATE|[53]|Bytes:2
15:27:08.0 (35854840)|HEAP_ALLOCATE|[53]|Bytes:1
15:27:08.0 (35859404)|HEAP_ALLOCATE|[53]|Bytes:5
15:27:08.0 (35864012)|HEAP_ALLOCATE|[EXTERNAL]|Bytes:4
15:27:08.0 (35867236)|HEAP_ALLOCATE|[51]|Bytes:4
15:27:08.0 (35869727)|VARIABLE_ASSIGNMENT|[51]|j|30
15:27:08.0 (35871314)|STATEMENT_EXECUTE|[51]
15:27:08.0 (35872596)|STATEMENT_EXECUTE|[54]
15:27:08.0 (35873546)|STATEMENT_EXECUTE|[55]
15:27:08.0 (35878827)|HEAP_ALLOCATE|[55]|Bytes:2
15:27:08.0 (35885931)|HEAP_ALLOCATE|[55]|Bytes:2
15:27:08.0 (35890591)|HEAP_ALLOCATE|[55]|Bytes:5
15:27:08.0 (35895103)|HEAP_ALLOCATE|[55]|Bytes:2
15:27:08.0 (35901953)|HEAP_ALLOCATE|[55]|Bytes:2
15:27:08.0 (35906520)|HEAP_ALLOCATE|[55]|Bytes:5
15:27:08.0 (35911175)|HEAP_ALLOCATE|[EXTERNAL]|Bytes:4
15:27:08.0 (35914206)|HEAP_ALLOCATE|[51]|Bytes:4
15:27:08.0 (35916603)|VARIABLE_ASSIGNMENT|[51]|j|60
15:27:08.0 (35918419)|HEAP_ALLOCATE|[50]|Bytes:4
15:27:08.0 (35920659)|VARIABLE_ASSIGNMENT|[50]|i|12
15:27:08.0 (35922176)|STATEMENT_EXECUTE|[50]
15:27:08.0 (35923416)|STATEMENT_EXECUTE|[51]
15:27:08.0 (35924944)|VARIABLE_SCOPE_BEGIN|[51]|j|Integer|false|false
15:27:08.0 (35926263)|HEAP_ALLOCATE|[51]|Bytes:4
15:27:08.0 (35928405)|VARIABLE_ASSIGNMENT|[51]|j|0
15:27:08.0 (35929763)|STATEMENT_EXECUTE|[51]
15:27:08.0 (35930962)|STATEMENT_EXECUTE|[52]
15:27:08.0 (35931928)|STATEMENT_EXECUTE|[53]
15:27:08.0 (35937291)|HEAP_ALLOCATE|[53]|Bytes:2
15:27:08.0 (35944253)|HEAP_ALLOCATE|[53]|Bytes:1
15:27:08.0 (35948932)|HEAP_ALLOCATE|[53]|Bytes:5
15:27:08.0 (35953449)|HEAP_ALLOCATE|[53]|Bytes:2
15:27:08.0 (35960268)|HEAP_ALLOCATE|[53]|Bytes:1
15:27:08.0 (35964740)|HEAP_ALLOCATE|[53]|Bytes:5
15:27:08.0 (35969106)|HEAP_ALLOCATE|[EXTERNAL]|Bytes:4
15:27:08.0 (35972198)|HEAP_ALLOCATE|[51]|Bytes:4
15:27:08.0 (35974758)|VARIABLE_ASSIGNMENT|[51]|j|30
15:27:08.0 (35976253)|STATEMENT_EXECUTE|[51]
15:27:08.0 (35977502)|STATEMENT_EXECUTE|[54]
15:27:08.0 (35978504)|STATEMENT_EXECUTE|[55]
15:27:08.0 (35983827)|HEAP_ALLOCATE|[55]|Bytes:2
15:27:08.0 (35990957)|HEAP_ALLOCATE|[55]|Bytes:2
15:27:08.0 (35995613)|HEAP_ALLOCATE|[55]|Bytes:5
15:27:08.0 (36000134)|HEAP_ALLOCATE|[55]|Bytes:2
15:27:08.0 (36007721)|HEAP_ALLOCATE|[55]|Bytes:2
15:27:08.0 (36012345)|HEAP_ALLOCATE|[55]|Bytes:5
15:27:08.0 (36016457)|HEAP_ALLOCATE|[EXTERNAL]|Bytes:4
15:27:08.0 (36019603)|HEAP_ALLOCATE|[51]|Bytes:4
15:27:08.0 (36022015)|VARIABLE_ASSIGNMENT|[51]|j|60
15:27:08.0 (36023796)|HEAP_ALLOCATE|[50]|Bytes:4
15:27:08.0 (36025975)|VARIABLE_ASSIGNMENT|[50]|i|13
15:27:08.0 (36027503)|STATEMENT_EXECUTE|[50]
15:27:08.0 (36028778)|STATEMENT_EXECUTE|[51]
15:27:08.0 (36030256)|VARIABLE_SCOPE_BEGIN|[51]|j|Integer|false|false
15:27:08.0 (36031569)|HEAP_ALLOCATE|[51]|Bytes:4
15:27:08.0 (36033738)|VARIABLE_ASSIGNMENT|[51]|j|0
15:27:08.0 (36035279)|STATEMENT_EXECUTE|[51]
15:27:08.0 (36036476)|STATEMENT_EXECUTE|[52]
15:27:08.0 (36037417)|STATEMENT_EXECUTE|[53]
15:27:08.0 (36042683)|HEAP_ALLOCATE|[53]|Bytes:2
15:27:08.0 (36049700)|HEAP_ALLOCATE|[53]|Bytes:1
15:27:08.0 (36054381)|HEAP_ALLOCATE|[53]|Bytes:5
15:27:08.0 (36058928)|HEAP_ALLOCATE|[53]|Bytes:2
15:27:08.0 (36065745)|HEAP_ALLOCATE|[53]|Bytes:1
15:27:08.0 (36070447)|HEAP_ALLOCATE|[53]|Bytes:5
15:27:08.0 (36074826)|HEAP_ALLOCATE|[EXTERNAL]|Bytes:4
15:27:08.0 (36077880)|HEAP_ALLOCATE|[51]|Bytes:4
15:27:08.0 (36080284)|VARIABLE_ASSIGNMENT|[51]|j|30
15:27:08.0 (36081826)|STATEMENT_EXECUTE|[51]
15:27:08.0 (36083118)|STATEMENT_EXECUTE|[54]
15:27:08.0 (36084082)|STATEMENT_EXECUTE|[55]
15:27:08.0 (36089369)|HEAP_ALLOCATE|[55]|Bytes:2
15:27:08.0 (36096593)|HEAP_ALLOCATE|[55]|Bytes:2
15:27:08.0 (36101303)|HEAP_ALLOCATE|[55]|Bytes:5
15:27:08.0 (36105755)|HEAP_ALLOCATE|[55]|Bytes:2
15:27:08.0 (36112499)|HEAP_ALLOCATE|[55]|Bytes:2
15:27:08.0 (36117080)|HEAP_ALLOCATE|[55]|Bytes:5
15:27:08.0 (36121286)|HEAP_ALLOCATE|[EXTERNAL]|Bytes:4
15:27:08.0 (36124470)|HEAP_ALLOCATE|[51]|Bytes:4
15:27:08.0 (36126878)|VARIABLE_ASSIGNMENT|[51]|j|60
15:27:08.0 (36128601)|HEAP_ALLOCATE|[50]|Bytes:4
15:27:08.0 (36130757)|VARIABLE_ASSIGNMENT|[50]|i|14
15:27:08.0 (36132223)|STATEMENT_EXECUTE|[50]
15:27:08.0 (36133502)|STATEMENT_EXECUTE|[51]
15:27:08.0 (36135069)|VARIABLE_SCOPE_BEGIN|[51]|j|Integer|false|false
15:27:08.0 (36136379)|HEAP_ALLOCATE|[51]|Bytes:4
15:27:08.0 (36138514)|VARIABLE_ASSIGNMENT|[51]|j|0
15:27:08.0 (36139901)|STATEMENT_EXECUTE|[51]
15:27:08.0 (36141103)|STATEMENT_EXECUTE|[52]
15:27:08.0 (36142033)|STATEMENT_EXECUTE|[53]
15:27:08.0 (36147361)|HEAP_ALLOCATE|[53]|Bytes:2
15:27:08.0 (36154506)|HEAP_ALLOCATE|[53]|Bytes:1
15:27:08.0 (36159113)|HEAP_ALLOCATE|[53]|Bytes:5
15:27:08.0 (36163698)|HEAP_ALLOCATE|[53]|Bytes:2
15:27:08.0 (36170438)|HEAP_ALLOCATE|[53]|Bytes:1
15:27:08.0 (36174956)|HEAP_ALLOCATE|[53]|Bytes:5
15:27:08.0 (36179172)|HEAP_ALLOCATE|[EXTERNAL]|Bytes:4
15:27:08.0 (36182289)|HEAP_ALLOCATE|[51]|Bytes:4
15:27:08.0 (36184852)|VARIABLE_ASSIGNMENT|[51]|j|30
15:27:08.0 (36186417)|STATEMENT_EXECUTE|[51]
15:27:08.0 (36187712)|STATEMENT_EXECUTE|[54]
15:27:08.0 (36188670)|STATEMENT_EXECUTE|[55]
15:27:08.0 (36193836)|HEAP_ALLOCATE|[55]|Bytes:2
15:27:08.0 (36200976)|HEAP_ALLOCATE|[55]|Bytes:2
15:27:08.0 (36205671)|HEAP_ALLOCATE|[55]|Bytes:5
15:27:08.0 (36210195)|HEAP_ALLOCATE|[55]|Bytes:2
15:27:08.0 (36216960)|HEAP_ALLOCATE|[55]|Bytes:2
15:27:08.0 (36221511)|HEAP_ALLOCATE|[55]|Bytes:5
15:27:08.0 (36225636)|HEAP_ALLOCATE|[EXTERNAL]|Bytes:4
15:27:08.0 (36228623)|HEAP_ALLOCATE|[51]|Bytes:4
15:27:08.0 (36230979)|VARIABLE_ASSIGNMENT|[51]|j|60
15:27:08.0 (36232672)|HEAP_ALLOCATE|[50]|Bytes:4
15:27:08.0 (36234933)|VARIABLE_ASSIGNMENT|[50]|i|15
15:27:08.0 (36236378)|STATEMENT_EXECUTE|[50]
15:27:08.0 (36237629)|STATEMENT_EXECUTE|[51]
15:27:08.0 (36239091)|VARIABLE_SCOPE_BEGIN|[51]|j|Integer|false|false
15:27:08.0 (36240522)|HEAP_ALLOCATE|[51]|Bytes:4
15:27:08.0 (36242665)|VARIABLE_ASSIGNMENT|[51]|j|0
15:27:08.0 (36244001)|STATEMENT_EXECUTE|[51]
15:27:08.0 (36245453)|STATEMENT_EXECUTE|[52]
15:27:08.0 (36246517)|STATEMENT_EXECUTE|[53]
15:27:08.0 (36251766)|HEAP_ALLOCATE|[53]|Bytes:2
15:27:08.0 (36258758)|HEAP_ALLOCATE|[53]|Bytes:1
15:27:08.0 (36263459)|HEAP_ALLOCATE|[53]|Bytes:5
15:27:08.0 (36267923)|HEAP_ALLOCATE|[53]|Bytes:2
15:27:08.0 (36274659)|HEAP_ALLOCATE|[53]|Bytes:1
15:27:08.0 (36279274)|HEAP_ALLOCATE|[53]|Bytes:5
15:27:08.0 (36283510)|HEAP_ALLOCATE|[EXTERNAL]|Bytes:4
15:27:08.0 (36286596)|HEAP_ALLOCATE|[51]|Bytes:4
15:27:08.0 (36289137)|VARIABLE_ASSIGNMENT|[51]|j|30
15:27:08.0 (36290620)|STATEMENT_EXECUTE|[51]
15:27:08.0 (36291884)|STATEMENT_EXECUTE|[54]
15:27:08.0 (36292842)|STATEMENT_EXECUTE|[55]
15:27:08.0 (36298144)|HEAP_ALLOCATE|[55]|Bytes:2
15:27:08.0 (36308177)|HEAP_ALLOCATE|[55]|Bytes:2
15:27:08.0 (36313004)|HEAP_ALLOCATE|[55]|Bytes:5
15:27:08.0 (36317506)|HEAP_ALLOCATE|[55]|Bytes:2
15:27:08.0 (36324305)|HEAP_ALLOCATE|[55]|Bytes:2
15:27:08.0 (36328814)|HEAP_ALLOCATE|[55]|Bytes:5
15:27:08.0 (36333140)|HEAP_ALLOCATE|[EXTERNAL]|Bytes:4
15:27:08.0 (36336814)|HEAP_ALLOCATE|[51]|Bytes:4
15:27:08.0 (36339296)|VARIABLE_ASSIGNMENT|[51]|j|60
15:27:08.0 (36341144)|HEAP_ALLOCATE|[50]|Bytes:4
15:27:08.0 (36343319)|VARIABLE_ASSIGNMENT|[50]|i|16
15:27:08.0 (36344871)|STATEMENT_EXECUTE|[50]
15:27:08.0 (36346160)|STATEMENT_EXECUTE|[51]
15:27:08.0 (36347603)|VARIABLE_SCOPE_BEGIN|[51]|j|Integer|false|false
15:27:08.0 (36348907)|HEAP_ALLOCATE|[51]|Bytes:4
15:27:08.0 (36351070)|VARIABLE_ASSIGNMENT|[51]|j|0
15:27:08.0 (36352419)|STATEMENT_EXECUTE|[51]
15:27:08.0 (36353640)|STATEMENT_EXECUTE|[52]
15:27:08.0 (36354591)|STATEMENT_EXECUTE|[53]
15:27:08.0 (36359926)|HEAP_ALLOCATE|[53]|Bytes:2
15:27:08.0 (36367234)|HEAP_ALLOCATE|[53]|Bytes:1
15:27:08.0 (36371752)|HEAP_ALLOCATE|[53]|Bytes:5
15:27:08.0 (36376250)|HEAP_ALLOCATE|[53]|Bytes:2
15:27:08.0 (36382949)|HEAP_ALLOCATE|[53]|Bytes:1
15:27:08.0 (36387454)|HEAP_ALLOCATE|[53]|Bytes:5
15:27:08.0 (36391854)|HEAP_ALLOCATE|[EXTERNAL]|Bytes:4
15:27:08.0 (36394964)|HEAP_ALLOCATE|[51]|Bytes:4
15:27:08.0 (36397687)|VARIABLE_ASSIGNMENT|[51]|j|30
15:27:08.0 (36399234)|STATEMENT_EXECUTE|[51]
15:27:08.0 (36400508)|STATEMENT_EXECUTE|[54]
15:27:08.0 (36401451)|STATEMENT_EXECUTE|[55]
15:27:08.0 (36406583)|HEAP_ALLOCATE|[55]|Bytes:2
15:27:08.0 (36413741)|HEAP_ALLOCATE|[55]|Bytes:2
15:27:08.0 (36418386)|HEAP_ALLOCATE|[55]|Bytes:5
15:27:08.0 (36423130)|HEAP_ALLOCATE|[55]|Bytes:2
15:27:08.0 (36429921)|HEAP_ALLOCATE|[55]|Bytes:2
15:27:08.0 (36434465)|HEAP_ALLOCATE|[55]|Bytes:5
15:27:08.0 (36438633)|HEAP_ALLOCATE|[EXTERNAL]|Bytes:4
15:27:08.0 (36441732)|HEAP_ALLOCATE|[51]|Bytes:4
15:27:08.0 (36444105)|VARIABLE_ASSIGNMENT|[51]|j|60
15:27:08.0 (36445824)|HEAP_ALLOCATE|[50]|Bytes:4
15:27:08.0 (36447998)|VARIABLE_ASSIGNMENT|[50]|i|17
15:27:08.0 (36449525)|STATEMENT_EXECUTE|[50]
15:27:08.0 (36450777)|STATEMENT_EXECUTE|[51]
15:27:08.0 (36452217)|VARIABLE_SCOPE_BEGIN|[51]|j|Integer|false|false
15:27:08.0 (36453587)|HEAP_ALLOCATE|[51]|Bytes:4
15:27:08.0 (36455717)|VARIABLE_ASSIGNMENT|[51]|j|0
15:27:08.0 (36457075)|STATEMENT_EXECUTE|[51]
15:27:08.0 (36458633)|STATEMENT_EXECUTE|[52]
15:27:08.0 (36459723)|STATEMENT_EXECUTE|[53]
15:27:08.0 (36465059)|HEAP_ALLOCATE|[53]|Bytes:2
15:27:08.0 (36472153)|HEAP_ALLOCATE|[53]|Bytes:1
15:27:08.0 (36476735)|HEAP_ALLOCATE|[53]|Bytes:5
15:27:08.0 (36481307)|HEAP_ALLOCATE|[53]|Bytes:2
15:27:08.0 (36488084)|HEAP_ALLOCATE|[53]|Bytes:1
15:27:08.0 (36492641)|HEAP_ALLOCATE|[53]|Bytes:5
15:27:08.0 (36496849)|HEAP_ALLOCATE|[EXTERNAL]|Bytes:4
15:27:08.0 (36500003)|HEAP_ALLOCATE|[51]|Bytes:4
15:27:08.0 (36502452)|VARIABLE_ASSIGNMENT|[51]|j|30
15:27:08.0 (36503990)|STATEMENT_EXECUTE|[51]
15:27:08.0 (36505267)|STATEMENT_EXECUTE|[54]
15:27:08.0 (36506233)|STATEMENT_EXECUTE|[55]
15:27:08.0 (36511439)|HEAP_ALLOCATE|[55]|Bytes:2
15:27:08.0 (36518542)|HEAP_ALLOCATE|[55]|Bytes:2
15:27:08.0 (36523301)|HEAP_ALLOCATE|[55]|Bytes:5
15:27:08.0 (36527817)|HEAP_ALLOCATE|[55]|Bytes:2
15:27:08.0 (36534607)|HEAP_ALLOCATE|[55]|Bytes:2
15:27:08.0 (36539178)|HEAP_ALLOCATE|[55]|Bytes:5
15:27:08.0 (36543401)|HEAP_ALLOCATE|[EXTERNAL]|Bytes:4
15:27:08.0 (36547059)|HEAP_ALLOCATE|[51]|Bytes:4
15:27:08.0 (36549422)|VARIABLE_ASSIGNMENT|[51]|j|60
15:27:08.0 (36551172)|HEAP_ALLOCATE|[50]|Bytes:4
15:27:08.0 (36553425)|VARIABLE_ASSIGNMENT|[50]|i|18
15:27:08.0 (36554948)|STATEMENT_EXECUTE|[50]
15:27:08.0 (36556163)|STATEMENT_EXECUTE|[51]
15:27:08.0 (36557619)|VARIABLE_SCOPE_BEGIN|[51]|j|Integer|false|false
15:27:08.0 (36558930)|HEAP_ALLOCATE|[51]|Bytes:4
15:27:08.0 (36561100)|VARIABLE_ASSIGNMENT|[51]|j|0
15:27:08.0 (36562485)|STATEMENT_EXECUTE|[51]
15:27:08.0 (36563714)|STATEMENT_EXECUTE|[52]
15:27:08.0 (36564662)|STATEMENT_EXECUTE|[53]
15:27:08.0 (36570050)|HEAP_ALLOCATE|[53]|Bytes:2
15:27:08.0 (36577279)|HEAP_ALLOCATE|[53]|Bytes:1
15:27:08.0 (36581879)|HEAP_ALLOCATE|[53]|Bytes:5
15:27:08.0 (36586471)|HEAP_ALLOCATE|[53]|Bytes:2
15:27:08.0 (36593273)|HEAP_ALLOCATE|[53]|Bytes:1
15:27:08.0 (36597973)|HEAP_ALLOCATE|[53]|Bytes:5
15:27:08.0 (36602202)|HEAP_ALLOCATE|[EXTERNAL]|Bytes:4
15:27:08.0 (36605285)|HEAP_ALLOCATE|[51]|Bytes:4
15:27:08.0 (36608139)|VARIABLE_ASSIGNMENT|[51]|j|30
15:27:08.0 (36609709)|STATEMENT_EXECUTE|[51]
15:27:08.0 (36610997)|STATEMENT_EXECUTE|[54]
15:27:08.0 (36611928)|STATEMENT_EXECUTE|[55]
15:27:08.0 (36617084)|HEAP_ALLOCATE|[55]|Bytes:2
15:27:08.0 (36624230)|HEAP_ALLOCATE|[55]|Bytes:2
15:27:08.0 (36628942)|HEAP_ALLOCATE|[55]|Bytes:5
15:27:08.0 (36633493)|HEAP_ALLOCATE|[55]|Bytes:2
15:27:08.0 (36640331)|HEAP_ALLOCATE|[55]|Bytes:2
15:27:08.0 (36644939)|HEAP_ALLOCATE|[55]|Bytes:5
15:27:08.0 (36649096)|HEAP_ALLOCATE|[EXTERNAL]|Bytes:4
15:27:08.0 (36652129)|HEAP_ALLOCATE|[51]|Bytes:4
15:27:08.0 (36654530)|VARIABLE_ASSIGNMENT|[51]|j|60
15:27:08.0 (36656307)|HEAP_ALLOCATE|[50]|Bytes:4
15:27:08.0 (36661656)|VARIABLE_ASSIGNMENT|[50]|i|19
15:27:08.0 (36663300)|STATEMENT_EXECUTE|[50]
15:27:08.0 (36664591)|STATEMENT_EXECUTE|[51]
15:27:08.0 (36666126)|VARIABLE_SCOPE_BEGIN|[51]|j|Integer|false|false
15:27:08.0 (36667546)|HEAP_ALLOCATE|[51]|Bytes:4
15:27:08.0 (36669746)|VARIABLE_ASSIGNMENT|[51]|j|0
15:27:08.0 (36671100)|STATEMENT_EXECUTE|[51]
15:27:08.0 (36672583)|STATEMENT_EXECUTE|[52]
15:27:08.0 (36673829)|STATEMENT_EXECUTE|[53]
15:27:08.0 (36679694)|HEAP_ALLOCATE|[53]|Bytes:2
15:27:08.0 (36686964)|HEAP_ALLOCATE|[53]|Bytes:1
15:27:08.0 (36691612)|HEAP_ALLOCATE|[53]|Bytes:5
15:27:08.0 (36696272)|HEAP_ALLOCATE|[53]|Bytes:2
15:27:08.0 (36703026)|HEAP_ALLOCATE|[53]|Bytes:1
15:27:08.0 (36707514)|HEAP_ALLOCATE|[53]|Bytes:5
15:27:08.0 (36712008)|HEAP_ALLOCATE|[EXTERNAL]|Bytes:4
15:27:08.0 (36715171)|HEAP_ALLOCATE|[51]|Bytes:4
15:27:08.0 (36717599)|VARIABLE_ASSIGNMENT|[51]|j|30
15:27:08.0 (36719192)|STATEMENT_EXECUTE|[51]
15:27:08.0 (36720504)|STATEMENT_EXECUTE|[54]
15:27:08.0 (36721479)|STATEMENT_EXECUTE|[55]
15:27:08.0 (36726782)|HEAP_ALLOCATE|[55]|Bytes:2
15:27:08.0 (36733922)|HEAP_ALLOCATE|[55]|Bytes:2
15:27:08.0 (36738677)|HEAP_ALLOCATE|[55]|Bytes:5
15:27:08.0 (36743190)|HEAP_ALLOCATE|[55]|Bytes:2
15:27:08.0 (36750042)|HEAP_ALLOCATE|[55]|Bytes:2
15:27:08.0 (36754658)|HEAP_ALLOCATE|[55]|Bytes:5
15:27:08.0 (36758824)|HEAP_ALLOCATE|[EXTERNAL]|Bytes:4
15:27:08.0 (36762405)|HEAP_ALLOCATE|[51]|Bytes:4
15:27:08.0 (36764835)|VARIABLE_ASSIGNMENT|[51]|j|60
15:27:08.0 (36766550)|HEAP_ALLOCATE|[50]|Bytes:4
15:27:08.0 (36768753)|VARIABLE_ASSIGNMENT|[50]|i|20
15:27:08.0 (36770206)|STATEMENT_EXECUTE|[50]
15:27:08.0 (36771486)|STATEMENT_EXECUTE|[51]
15:27:08.0 (36772985)|VARIABLE_SCOPE_BEGIN|[51]|j|Integer|false|false
15:27:08.0 (36774384)|HEAP_ALLOCATE|[51]|Bytes:4
15:27:08.0 (36776528)|VARIABLE_ASSIGNMENT|[51]|j|0
15:27:08.0 (36777854)|STATEMENT_EXECUTE|[51]
15:27:08.0 (36779064)|STATEMENT_EXECUTE|[52]
15:27:08.0 (36780006)|STATEMENT_EXECUTE|[53]
15:27:08.0 (36785479)|HEAP_ALLOCATE|[53]|Bytes:2
15:27:08.0 (36792733)|HEAP_ALLOCATE|[53]|Bytes:1
15:27:08.0 (36797372)|HEAP_ALLOCATE|[53]|Bytes:5
15:27:08.0 (36801981)|HEAP_ALLOCATE|[53]|Bytes:2
15:27:08.0 (36808671)|HEAP_ALLOCATE|[53]|Bytes:1
15:27:08.0 (36813195)|HEAP_ALLOCATE|[53]|Bytes:5
15:27:08.0 (36817567)|HEAP_ALLOCATE|[EXTERNAL]|Bytes:4
15:27:08.0 (36820804)|HEAP_ALLOCATE|[51]|Bytes:4
15:27:08.0 (36823238)|VARIABLE_ASSIGNMENT|[51]|j|30
15:27:08.0 (36825090)|STATEMENT_EXECUTE|[51]
15:27:08.0 (36826492)|STATEMENT_EXECUTE|[54]
15:27:08.0 (36827447)|STATEMENT_EXECUTE|[55]
15:27:08.0 (36832613)|HEAP_ALLOCATE|[55]|Bytes:2
15:27:08.0 (36839661)|HEAP_ALLOCATE|[55]|Bytes:2
15:27:08.0 (36844430)|HEAP_ALLOCATE|[55]|Bytes:5
15:27:08.0 (36848968)|HEAP_ALLOCATE|[55]|Bytes:2
15:27:08.0 (36855763)|HEAP_ALLOCATE|[55]|Bytes:2
15:27:08.0 (36860427)|HEAP_ALLOCATE|[55]|Bytes:5
15:27:08.0 (36864690)|HEAP_ALLOCATE|[EXTERNAL]|Bytes:4
15:27:08.0 (36867767)|HEAP_ALLOCATE|[51]|Bytes:4
15:27:08.0 (36870183)|VARIABLE_ASSIGNMENT|[51]|j|60
15:27:08.0 (36872016)|HEAP_ALLOCATE|[50]|Bytes:4
15:27:08.0 (36874182)|VARIABLE_ASSIGNMENT|[50]|i|21
15:27:08.0 (36875653)|STATEMENT_EXECUTE|[50]
15:27:08.0 (36876959)|STATEMENT_EXECUTE|[51]
15:27:08.0 (36878432)|VARIABLE_SCOPE_BEGIN|[51]|j|Integer|false|false
15:27:08.0 (36879734)|HEAP_ALLOCATE|[51]|Bytes:4
15:27:08.0 (36881882)|VARIABLE_ASSIGNMENT|[51]|j|0
15:27:08.0 (36883251)|STATEMENT_EXECUTE|[51]
15:27:08.0 (36884665)|STATEMENT_EXECUTE|[52]
15:27:08.0 (36885610)|STATEMENT_EXECUTE|[53]
15:27:08.0 (36890927)|HEAP_ALLOCATE|[53]|Bytes:2
15:27:08.0 (36898086)|HEAP_ALLOCATE|[53]|Bytes:1
15:27:08.0 (36902715)|HEAP_ALLOCATE|[53]|Bytes:5
15:27:08.0 (36907243)|HEAP_ALLOCATE|[53]|Bytes:2
15:27:08.0 (36913928)|HEAP_ALLOCATE|[53]|Bytes:1
15:27:08.0 (36918612)|HEAP_ALLOCATE|[53]|Bytes:5
15:27:08.0 (36922984)|HEAP_ALLOCATE|[EXTERNAL]|Bytes:4
15:27:08.0 (36926157)|HEAP_ALLOCATE|[51]|Bytes:4
15:27:08.0 (36928630)|VARIABLE_ASSIGNMENT|[51]|j|30
15:27:08.0 (36930239)|STATEMENT_EXECUTE|[51]
15:27:08.0 (36931501)|STATEMENT_EXECUTE|[54]
15:27:08.0 (36932454)|STATEMENT_EXECUTE|[55]
15:27:08.0 (36937509)|HEAP_ALLOCATE|[55]|Bytes:2
15:27:08.0 (36944668)|HEAP_ALLOCATE|[55]|Bytes:2
15:27:08.0 (36949324)|HEAP_ALLOCATE|[55]|Bytes:5
15:27:08.0 (36953889)|HEAP_ALLOCATE|[55]|Bytes:2
15:27:08.0 (36960753)|HEAP_ALLOCATE|[55]|Bytes:2
15:27:08.0 (36965417)|HEAP_ALLOCATE|[55]|Bytes:5
15:27:08.0 (36969631)|HEAP_ALLOCATE|[EXTERNAL]|Bytes:4
15:27:08.0 (36973038)|HEAP_ALLOCATE|[51]|Bytes:4
15:27:08.0 (36975478)|VARIABLE_ASSIGNMENT|[51]|j|60
15:27:08.0 (36977406)|HEAP_ALLOCATE|[50]|Bytes:4
15:27:08.0 (36979529)|VARIABLE_ASSIGNMENT|[50]|i|22
15:27:08.0 (36981016)|STATEMENT_EXECUTE|[50]
15:27:08.0 (36982242)|STATEMENT_EXECUTE|[51]
15:27:08.0 (36983781)|VARIABLE_SCOPE_BEGIN|[51]|j|Integer|false|false
15:27:08.0 (36985095)|HEAP_ALLOCATE|[51]|Bytes:4
15:27:08.0 (36987243)|VARIABLE_ASSIGNMENT|[51]|j|0
15:27:08.0 (36988600)|STATEMENT_EXECUTE|[51]
15:27:08.0 (36989799)|STATEMENT_EXECUTE|[52]
15:27:08.0 (36990768)|STATEMENT_EXECUTE|[53]
15:27:08.0 (36995925)|HEAP_ALLOCATE|[53]|Bytes:2
15:27:08.0 (37003037)|HEAP_ALLOCATE|[53]|Bytes:1
15:27:08.0 (37008288)|HEAP_ALLOCATE|[53]|Bytes:5
15:27:08.0 (37012822)|HEAP_ALLOCATE|[53]|Bytes:2
15:27:08.0 (37019555)|HEAP_ALLOCATE|[53]|Bytes:1
15:27:08.0 (37024147)|HEAP_ALLOCATE|[53]|Bytes:5
15:27:08.0 (37028515)|HEAP_ALLOCATE|[EXTERNAL]|Bytes:4
15:27:08.0 (37031659)|HEAP_ALLOCATE|[51]|Bytes:4
15:27:08.0 (37034146)|VARIABLE_ASSIGNMENT|[51]|j|30
15:27:08.0 (37035981)|STATEMENT_EXECUTE|[51]
15:27:08.0 (37037345)|STATEMENT_EXECUTE|[54]
15:27:08.0 (37038315)|STATEMENT_EXECUTE|[55]
15:27:08.0 (37043533)|HEAP_ALLOCATE|[55]|Bytes:2
15:27:08.0 (37050600)|HEAP_ALLOCATE|[55]|Bytes:2
15:27:08.0 (37055348)|HEAP_ALLOCATE|[55]|Bytes:5
15:27:08.0 (37059860)|HEAP_ALLOCATE|[55]|Bytes:2
15:27:08.0 (37066661)|HEAP_ALLOCATE|[55]|Bytes:2
15:27:08.0 (37071265)|HEAP_ALLOCATE|[55]|Bytes:5
15:27:08.0 (37075494)|HEAP_ALLOCATE|[EXTERNAL]|Bytes:4
15:27:08.0 (37078691)|HEAP_ALLOCATE|[51]|Bytes:4
15:27:08.0 (37081147)|VARIABLE_ASSIGNMENT|[51]|j|60
15:27:08.0 (37082865)|HEAP_ALLOCATE|[50]|Bytes:4
15:27:08.0 (37085043)|VARIABLE_ASSIGNMENT|[50]|i|23
15:27:08.0 (37086530)|STATEMENT_EXECUTE|[50]
15:27:08.0 (37087794)|STATEMENT_EXECUTE|[51]
15:27:08.0 (37089304)|VARIABLE_SCOPE_BEGIN|[51]|j|Integer|false|false
15:27:08.0 (37090643)|HEAP_ALLOCATE|[51]|Bytes:4
15:27:08.0 (37092818)|VARIABLE_ASSIGNMENT|[51]|j|0
15:27:08.0 (37094172)|STATEMENT_EXECUTE|[51]
15:27:08.0 (37095539)|STATEMENT_EXECUTE|[52]
15:27:08.0 (37096495)|STATEMENT_EXECUTE|[53]
15:27:08.0 (37101749)|HEAP_ALLOCATE|[53]|Bytes:2
15:27:08.0 (37108794)|HEAP_ALLOCATE|[53]|Bytes:1
15:27:08.0 (37113513)|HEAP_ALLOCATE|[53]|Bytes:5
15:27:08.0 (37118001)|HEAP_ALLOCATE|[53]|Bytes:2
15:27:08.0 (37124685)|HEAP_ALLOCATE|[53]|Bytes:1
15:27:08.0 (37129279)|HEAP_ALLOCATE|[53]|Bytes:5
15:27:08.0 (37133579)|HEAP_ALLOCATE|[EXTERNAL]|Bytes:4
15:27:08.0 (37136709)|HEAP_ALLOCATE|[51]|Bytes:4
15:27:08.0 (37139149)|VARIABLE_ASSIGNMENT|[51]|j|30
15:27:08.0 (37140668)|STATEMENT_EXECUTE|[51]
15:27:08.0 (37141914)|STATEMENT_EXECUTE|[54]
15:27:08.0 (37143049)|STATEMENT_EXECUTE|[55]
15:27:08.0 (37148080)|HEAP_ALLOCATE|[55]|Bytes:2
15:27:08.0 (37155233)|HEAP_ALLOCATE|[55]|Bytes:2
15:27:08.0 (37159968)|HEAP_ALLOCATE|[55]|Bytes:5
15:27:08.0 (37164500)|HEAP_ALLOCATE|[55]|Bytes:2
15:27:08.0 (37171317)|HEAP_ALLOCATE|[55]|Bytes:2
15:27:08.0 (37175937)|HEAP_ALLOCATE|[55]|Bytes:5
15:27:08.0 (37180074)|HEAP_ALLOCATE|[EXTERNAL]|Bytes:4
15:27:08.0 (37183518)|HEAP_ALLOCATE|[51]|Bytes:4
15:27:08.0 (37185994)|VARIABLE_ASSIGNMENT|[51]|j|60
15:27:08.0 (37187795)|HEAP_ALLOCATE|[50]|Bytes:4
15:27:08.0 (37190002)|VARIABLE_ASSIGNMENT|[50]|i|24
15:27:08.0 (37191710)|STATEMENT_EXECUTE|[59]
15:27:08.0 (37278428)|SYSTEM_MODE_ENTER|true
15:27:08.0 (37297430)|HEAP_ALLOCATE|[EXTERNAL]|Bytes:80
15:27:08.0 (37343500)|VARIABLE_ASSIGNMENT|[EXTERNAL]|this|{"delToHub":false,"delToProj":true,"detail":"0x1292c379","invoked":false,"rejected":false,"reserved":false,"selectedTime4":"8:00","sublocations1":"0x3e0cca83","www":"0x3d87bc78","wwwById":"0x41a5a9e6"}|0x123dcc72
15:27:08.0 (37349264)|STATEMENT_EXECUTE|[86]
15:27:08.0 (37352253)|STATEMENT_EXECUTE|[87]
15:27:08.0 (37353477)|STATEMENT_EXECUTE|[91]
15:27:08.39 (39675390)|SYSTEM_MODE_ENTER|true
15:27:08.39 (39714768)|HEAP_ALLOCATE|[EXTERNAL]|Bytes:8
15:27:08.39 (39720103)|VARIABLE_SCOPE_BEGIN|[88]|this|ApexPage.PageMessagesComponentController|true|false
15:27:08.39 (39737497)|VARIABLE_ASSIGNMENT|[88]|this|{}|0x40ae6a60
15:27:08.39 (39740143)|VARIABLE_SCOPE_BEGIN|[88]|escape|Boolean|false|false
15:27:08.39 (39743173)|VARIABLE_ASSIGNMENT|[88]|escape|null
15:27:08.0 (40270860)|SYSTEM_MODE_ENTER|true
15:27:08.0 (40291210)|HEAP_ALLOCATE|[EXTERNAL]|Bytes:4
15:27:08.0 (40294443)|HEAP_ALLOCATE|[EXTERNAL]|Bytes:80
15:27:08.0 (40307290)|VARIABLE_ASSIGNMENT|[EXTERNAL]|this.selectedTime4|"8:00"|0x123dcc72
15:27:08.0 (40337441)|SYSTEM_MODE_ENTER|true
15:27:08.0 (40354840)|HEAP_ALLOCATE|[EXTERNAL]|Bytes:80
15:27:08.0 (40397009)|VARIABLE_ASSIGNMENT|[EXTERNAL]|this|{"delToHub":false,"delToProj":true,"detail":"0x1292c379","invoked":false,"rejected":false,"reserved":false,"selectedTime4":"8:00","sublocations1":"0x3e0cca83","www":"0x3d87bc78","wwwById":"0x41a5a9e6"}|0x123dcc72
15:27:08.0 (40403068)|STATEMENT_EXECUTE|[3]
15:27:08.0 (40405909)|STATEMENT_EXECUTE|[4]
15:27:08.0 (40407090)|STATEMENT_EXECUTE|[9]
15:27:08.0 (40690305)|SYSTEM_MODE_ENTER|true
15:27:08.0 (40708744)|HEAP_ALLOCATE|[EXTERNAL]|Bytes:80
15:27:08.0 (40748069)|VARIABLE_ASSIGNMENT|[EXTERNAL]|this|{"delToHub":false,"delToProj":true,"detail":"0x1292c379","invoked":false,"rejected":false,"reserved":false,"selectedTime4":"8:00","sublocations1":"0x3e0cca83","www":"0x3d87bc78","wwwById":"0x41a5a9e6"}|0x123dcc72
15:27:08.0 (40753419)|STATEMENT_EXECUTE|[212]
15:27:08.0 (40755975)|STATEMENT_EXECUTE|[213]
15:27:08.0 (40757108)|STATEMENT_EXECUTE|[216]
15:27:08.0 (40792467)|SYSTEM_MODE_ENTER|true
15:27:08.0 (40806622)|HEAP_ALLOCATE|[EXTERNAL]|Bytes:80
15:27:08.0 (40840041)|VARIABLE_ASSIGNMENT|[EXTERNAL]|this|{"delToHub":false,"delToProj":true,"detail":"0x1292c379","invoked":false,"rejected":false,"reserved":false,"selectedTime4":"8:00","sublocations1":"0x3e0cca83","www":"0x3d87bc78","wwwById":"0x41a5a9e6"}|0x123dcc72
15:27:08.0 (40844285)|STATEMENT_EXECUTE|[21]
15:27:08.0 (40846306)|STATEMENT_EXECUTE|[22]
15:27:08.0 (40847391)|STATEMENT_EXECUTE|[26]
15:27:08.0 (41388378)|HEAP_ALLOCATE|[EXTERNAL]|Bytes:80
15:27:08.0 (41394437)|VARIABLE_SCOPE_BEGIN|[257]|this|NewDeliveredExtension|true|false
15:27:08.0 (41434536)|VARIABLE_ASSIGNMENT|[257]|this|{"delToHub":false,"delToProj":true,"detail":"0x1292c379","invoked":false,"rejected":false,"reserved":false,"selectedTime4":"8:00","sublocations1":"0x3e0cca83","www":"0x3d87bc78","wwwById":"0x41a5a9e6"}|0x123dcc72
15:27:08.0 (41440979)|STATEMENT_EXECUTE|[257]
15:27:08.0 (41442535)|STATEMENT_EXECUTE|[258]
15:27:08.0 (41446424)|HEAP_ALLOCATE|[258]|Bytes:4
15:27:08.0 (41500280)|VARIABLE_ASSIGNMENT|[EXTERNAL]|this|{"delToHub":false,"delToProj":true,"detail":"0x1292c379","invoked":false,"rejected":false,"reserved":false,"selectedTime4":"8:00","sublocations1":"0x3e0cca83","www":"0x3d87bc78","wwwById":"0x41a5a9e6"}|0x123dcc72
15:27:08.0 (41510920)|HEAP_ALLOCATE|[EXTERNAL]|Bytes:4
15:27:08.0 (41515783)|VARIABLE_ASSIGNMENT|[EXTERNAL]|value|[]|0x35a31898
15:27:08.0 (41522692)|VARIABLE_ASSIGNMENT|[185]|this.sublocations1|[]|0x123dcc72
15:27:08.0 (41529014)|STATEMENT_EXECUTE|[260]
15:27:08.0 (41532358)|HEAP_ALLOCATE|[260]|Bytes:18
15:27:08.0 (41575393)|VARIABLE_ASSIGNMENT|[EXTERNAL]|this|{"delToHub":false,"delToProj":true,"detail":"0x1292c379","invoked":false,"rejected":false,"reserved":false,"selectedTime4":"8:00","sublocations1":"0x35a31898","www":"0x3d87bc78","wwwById":"0x41a5a9e6"}|0x123dcc72
15:27:08.0 (41579430)|STATEMENT_EXECUTE|[3]
15:27:08.0 (41581807)|STATEMENT_EXECUTE|[4]
15:27:08.0 (41582858)|STATEMENT_EXECUTE|[9]
15:27:08.0 (41620662)|HEAP_ALLOCATE|[260]|Bytes:18
15:27:08.0 (41629038)|HEAP_ALLOCATE|[260]|Bytes:36
15:27:08.0 (41639229)|USER_DEBUG|[260]|DEBUG|detail.Location__ca0B0E0000009YBFUA2
15:27:08.0 (41684181)|VARIABLE_ASSIGNMENT|[EXTERNAL]|this|{"delToHub":false,"delToProj":true,"detail":"0x1292c379","invoked":false,"rejected":false,"reserved":false,"selectedTime4":"8:00","sublocations1":"0x35a31898","www":"0x3d87bc78","wwwById":"0x41a5a9e6"}|0x123dcc72
15:27:08.0 (41687817)|STATEMENT_EXECUTE|[3]
15:27:08.0 (41689854)|STATEMENT_EXECUTE|[4]
15:27:08.0 (41690961)|STATEMENT_EXECUTE|[9]
15:27:08.0 (41698017)|STATEMENT_EXECUTE|[262]
15:27:08.0 (41699274)|STATEMENT_EXECUTE|[263]
15:27:08.0 (41733017)|VARIABLE_ASSIGNMENT|[EXTERNAL]|this|{"delToHub":false,"delToProj":true,"detail":"0x1292c379","invoked":false,"rejected":false,"reserved":false,"selectedTime4":"8:00","sublocations1":"0x35a31898","www":"0x3d87bc78","wwwById":"0x41a5a9e6"}|0x123dcc72
15:27:08.0 (41736005)|STATEMENT_EXECUTE|[21]
15:27:08.0 (41737741)|STATEMENT_EXECUTE|[22]
15:27:08.0 (41738869)|STATEMENT_EXECUTE|[26]
15:27:08.0 (41751496)|HEAP_ALLOCATE|[263]|Bytes:18
15:27:08.0 (41755304)|VARIABLE_SCOPE_BEGIN|[263]|wwwId|String|false|false
15:27:08.0 (41760672)|VARIABLE_ASSIGNMENT|[263]|wwwId|"a0t0E0000004NFNQA2"
15:27:08.0 (41762355)|STATEMENT_EXECUTE|[264]
15:27:08.0 (41795176)|HEAP_ALLOCATE|[264]|Bytes:15
15:27:08.0 (41802304)|VARIABLE_ASSIGNMENT|[264]|wwwId|"a0t0E0000004NFN"
15:27:08.0 (41804101)|STATEMENT_EXECUTE|[265]
15:27:08.0 (41807396)|HEAP_ALLOCATE|[265]|Bytes:208
15:27:08.0 (41813549)|HEAP_ALLOCATE|[265]|Bytes:4
15:27:08.0 (42128681)|SOQL_EXECUTE_BEGIN|[265]|Aggregations:0|SELECT Id, Location__c, WWW_Detail__c, WWW_Detail_r_RecordType_DeveloperName__c, WWWid__c FROM SublocationDetail__c WHERE (WWW_Detail_r_RecordType_DeveloperName__c = 'Delivered_2_Hub' AND WWWid__c = :tmpVar1)
15:27:08.0 (47987754)|SOQL_EXECUTE_END|[265]|Rows:2
15:27:08.0 (48001163)|HEAP_ALLOCATE|[265]|Bytes:12
15:27:08.0 (48015143)|HEAP_ALLOCATE|[265]|Bytes:366
15:27:08.0 (48057894)|HEAP_ALLOCATE|[265]|Bytes:12
15:27:08.0 (48067262)|VARIABLE_SCOPE_BEGIN|[265]|sublocsToCheck|List<SublocationDetail__c>|true|false
15:27:08.0 (48091668)|VARIABLE_ASSIGNMENT|[265]|sublocsToCheck|[{"Id":"a080E000000EwmEQAS","Location__c":"a0B0E0000009YBPUA2","WWW_Detail__c":"a0s0E0000004KPaQAM","WWW_Detail_r_RecordT (20 more) ...":"Delivered_2_Hub","WWWid__c":"a0t0E0000004NFN"},{"Id":"a080E000000EwmFQAS","Location__c":"a0B0E0000009YBZUA2","WWW_Detail__c":"a0s0E0000004KPaQAM","WWW_Detail_r_RecordT (20 more) ...":"Delivered_2_Hub","WWWid__c":"a0t0E0000004NFN"}]|0x7dc4df11
15:27:08.0 (48096854)|STATEMENT_EXECUTE|[269]
15:27:08.0 (48100934)|HEAP_ALLOCATE|[269]|Bytes:26
15:27:08.0 (48186876)|HEAP_ALLOCATE|[269]|Bytes:392
15:27:08.0 (48200298)|HEAP_ALLOCATE|[269]|Bytes:418
15:27:08.0 (48210426)|USER_DEBUG|[269]|DEBUG|OBDEB sublocsToCheck -->> (SublocationDetail__c:{Id=a080E000000EwmEQAS, Location__c=a0B0E0000009YBPUA2, WWW_Detail__c=a0s0E0000004KPaQAM, WWW_Detail_r_RecordType_DeveloperName__c=Delivered_2_Hub, WWWid__c=a0t0E0000004NFN}, SublocationDetail__c:{Id=a080E000000EwmFQAS, Location__c=a0B0E0000009YBZUA2, WWW_Detail__c=a0s0E0000004KPaQAM, WWW_Detail_r_RecordType_DeveloperName__c=Delivered_2_Hub, WWWid__c=a0t0E0000004NFN})
15:27:08.0 (48217303)|STATEMENT_EXECUTE|[270]
15:27:08.0 (48225913)|HEAP_ALLOCATE|[270]|Bytes:18
15:27:08.0 (48229866)|HEAP_ALLOCATE|[270]|Bytes:33
15:27:08.0 (48245627)|USER_DEBUG|[270]|DEBUG|OBDEB www.id -->> a0t0E0000004NFN
15:27:08.0 (48251053)|HEAP_ALLOCATE|[272]|Bytes:93
15:27:08.0 (48255823)|HEAP_ALLOCATE|[272]|Bytes:4
15:27:08.0 (48312869)|VARIABLE_ASSIGNMENT|[EXTERNAL]|this|{"delToHub":false,"delToProj":true,"detail":"0x1292c379","invoked":false,"rejected":false,"reserved":false,"selectedTime4":"8:00","sublocations1":"0x35a31898","www":"0x3d87bc78","wwwById":"0x41a5a9e6"}|0x123dcc72
15:27:08.0 (48317769)|STATEMENT_EXECUTE|[3]
15:27:08.0 (48320271)|STATEMENT_EXECUTE|[4]
15:27:08.0 (48321417)|STATEMENT_EXECUTE|[9]
15:27:08.0 (48529281)|SOQL_EXECUTE_BEGIN|[272]|Aggregations:0|SELECT Name, Id FROM Location__c 
15:27:08.0 (50728624)|SOQL_EXECUTE_END|[272]|Rows:4
15:27:08.0 (50740978)|HEAP_ALLOCATE|[EXTERNAL]|Bytes:20
15:27:08.0 (50852577)|HEAP_ALLOCATE|[272]|Bytes:49
15:27:08.0 (50858335)|HEAP_ALLOCATE|[272]|Bytes:8
15:27:08.0 (50865784)|SYSTEM_METHOD_ENTRY|[7]|QueryLocatorIterator.QueryLocatorIterator()
15:27:08.0 (50868156)|STATEMENT_EXECUTE|[7]
15:27:08.0 (50874304)|SYSTEM_METHOD_EXIT|[7]|QueryLocatorIterator
15:27:08.0 (50880070)|HEAP_ALLOCATE|[272]|Bytes:28
15:27:08.0 (50909639)|HEAP_ALLOCATE|[272]|Bytes:20
15:27:08.0 (50921451)|HEAP_ALLOCATE|[272]|Bytes:8
15:27:08.0 (50923114)|HEAP_ALLOCATE|[272]|Bytes:8
15:27:08.0 (50926318)|VARIABLE_SCOPE_BEGIN|[15]|this|Database.QueryLocatorIterator|true|false
15:27:08.0 (50943939)|VARIABLE_ASSIGNMENT|[15]|this|{}|0x69833bc6
15:27:08.0 (50946826)|VARIABLE_SCOPE_BEGIN|[15]|values|List<SObject>|true|false
15:27:08.0 (50963641)|VARIABLE_ASSIGNMENT|[15]|values|[{"Name":"1Q2WA","Id":"a0B0E0000009YBKUA2","RecordTypeId":"01224000000B1zdAAC"},{"Name":"1Q2WB","Id":"a0B0E0000009YBPUA2","RecordTypeId":"01224000000B1zdAAC"},{"Name":"1Q2WC","Id":"a0B0E0000009YBUUA2","RecordTypeId":"01224000000B1zdAAC"},{"Name":"1Q2WD","Id":"a0B0E0000009YBZUA2","RecordTypeId":"01224000000B1zdAAC"}]|0x7a5bfaea
15:27:08.0 (50967372)|VARIABLE_SCOPE_BEGIN|[15]|ql|Database.QueryLocator|true|false
15:27:08.0 (50975858)|VARIABLE_ASSIGNMENT|[15]|ql|{"query":"SELECT Name, Id FROM (73 more) ..."}|0x62adf582
15:27:08.0 (50977656)|VARIABLE_SCOPE_BEGIN|[15]|totalNumRecords|Integer|false|false
15:27:08.0 (50980795)|VARIABLE_ASSIGNMENT|[15]|totalNumRecords|4
15:27:08.0 (50982427)|VARIABLE_SCOPE_BEGIN|[15]|queryMoreSize|Integer|false|false
15:27:08.0 (50984611)|VARIABLE_ASSIGNMENT|[15]|queryMoreSize|49993
15:27:08.0 (51050846)|HEAP_ALLOCATE|[272]|Bytes:28
15:27:08.0 (51066980)|METHOD_ENTRY|[272]||Database.QueryLocatorIterator.hasNext()
15:27:08.0 (51116696)|METHOD_EXIT|[272]||Database.QueryLocatorIterator.hasNext()
15:27:08.0 (51122277)|METHOD_ENTRY|[272]||Database.QueryLocatorIterator.next()
15:27:08.0 (51186126)|METHOD_EXIT|[272]||Database.QueryLocatorIterator.next()
15:27:08.0 (51191891)|VARIABLE_SCOPE_BEGIN|[272]|loc|Location__c|true|false
15:27:08.0 (51203221)|VARIABLE_ASSIGNMENT|[272]|loc|{"Name":"1Q2WA","Id":"a0B0E0000009YBKUA2","RecordTypeId":"01224000000B1zdAAC"}|0x14253c24
15:27:08.0 (51206236)|STATEMENT_EXECUTE|[272]
15:27:08.0 (51248294)|STATEMENT_EXECUTE|[273]
15:27:08.0 (51321797)|HEAP_ALLOCATE|[274]|Bytes:5
15:27:08.0 (51347304)|HEAP_ALLOCATE|[274]|Bytes:24
15:27:08.0 (51353527)|VARIABLE_SCOPE_BEGIN|[274]|subLoc|SublocationDetail__c|true|false
15:27:08.0 (51367392)|VARIABLE_ASSIGNMENT|[274]|subLoc|{"Id":"a080E000000EwmEQAS","Location__c":"a0B0E0000009YBPUA2","WWW_Detail__c":"a0s0E0000004KPaQAM","WWW_Detail_r_RecordT (20 more) ...":"Delivered_2_Hub","WWWid__c":"a0t0E0000004NFN"}|0x1b9c60f8
15:27:08.0 (51370553)|STATEMENT_EXECUTE|[274]
15:27:08.0 (51437659)|STATEMENT_EXECUTE|[275]
15:27:08.0 (51446468)|HEAP_ALLOCATE|[274]|Bytes:5
15:27:08.0 (51463169)|HEAP_ALLOCATE|[274]|Bytes:24
15:27:08.0 (51468349)|VARIABLE_SCOPE_BEGIN|[274]|subLoc|SublocationDetail__c|true|false
15:27:08.0 (51480585)|VARIABLE_ASSIGNMENT|[274]|subLoc|{"Id":"a080E000000EwmFQAS","Location__c":"a0B0E0000009YBZUA2","WWW_Detail__c":"a0s0E0000004KPaQAM","WWW_Detail_r_RecordT (20 more) ...":"Delivered_2_Hub","WWWid__c":"a0t0E0000004NFN"}|0x777fec87
15:27:08.0 (51483263)|STATEMENT_EXECUTE|[274]
15:27:08.0 (51501799)|STATEMENT_EXECUTE|[275]
15:27:08.0 (51508059)|HEAP_ALLOCATE|[274]|Bytes:5
15:27:08.0 (51515368)|VARIABLE_ASSIGNMENT|[274]|subLoc|null|
15:27:08.0 (51520466)|METHOD_ENTRY|[272]||Database.QueryLocatorIterator.hasNext()
15:27:08.0 (51537913)|METHOD_EXIT|[272]||Database.QueryLocatorIterator.hasNext()
15:27:08.0 (51541233)|METHOD_ENTRY|[272]||Database.QueryLocatorIterator.next()
15:27:08.0 (51581774)|METHOD_EXIT|[272]||Database.QueryLocatorIterator.next()
15:27:08.0 (51585946)|VARIABLE_SCOPE_BEGIN|[272]|loc|Location__c|true|false
15:27:08.0 (51595054)|VARIABLE_ASSIGNMENT|[272]|loc|{"Name":"1Q2WB","Id":"a0B0E0000009YBPUA2","RecordTypeId":"01224000000B1zdAAC"}|0x4c117d94
15:27:08.0 (51598057)|STATEMENT_EXECUTE|[272]
15:27:08.0 (51609428)|STATEMENT_EXECUTE|[273]
15:27:08.0 (51619363)|HEAP_ALLOCATE|[274]|Bytes:5
15:27:08.0 (51625907)|HEAP_ALLOCATE|[274]|Bytes:24
15:27:08.0 (51629061)|VARIABLE_SCOPE_BEGIN|[274]|subLoc|SublocationDetail__c|true|false
15:27:08.0 (51638017)|VARIABLE_ASSIGNMENT|[274]|subLoc|{"Id":"a080E000000EwmEQAS","Location__c":"a0B0E0000009YBPUA2","WWW_Detail__c":"a0s0E0000004KPaQAM","WWW_Detail_r_RecordT (20 more) ...":"Delivered_2_Hub","WWWid__c":"a0t0E0000004NFN"}|0x1b9c60f8
15:27:08.0 (51640202)|STATEMENT_EXECUTE|[274]
15:27:08.0 (51657629)|STATEMENT_EXECUTE|[275]
15:27:08.0 (51658910)|STATEMENT_EXECUTE|[276]
15:27:08.0 (51711127)|VARIABLE_ASSIGNMENT|[EXTERNAL]|this|{"delToHub":false,"delToProj":true,"detail":"0x1292c379","invoked":false,"rejected":false,"reserved":false,"selectedTime4":"8:00","sublocations1":"0x35a31898","www":"0x3d87bc78","wwwById":"0x41a5a9e6"}|0x123dcc72
15:27:08.0 (51715790)|STATEMENT_EXECUTE|[186]
15:27:08.0 (51717997)|STATEMENT_EXECUTE|[187]
15:27:08.0 (51719096)|STATEMENT_EXECUTE|[190]
15:27:08.0 (51775082)|HEAP_ALLOCATE|[276]|Bytes:112
15:27:08.0 (51779800)|HEAP_ALLOCATE|[276]|Bytes:11
15:27:08.0 (51793367)|HEAP_ALLOCATE|[276]|Bytes:12
15:27:08.0 (51811118)|CONSTRUCTOR_ENTRY|[276]|01p2400000DUtXT|<init>(Boolean,Location__c)
15:27:08.0 (51826080)|VARIABLE_SCOPE_BEGIN|[545]|this|NewDeliveredExtension.SubLocation|true|false
15:27:08.0 (51846384)|VARIABLE_ASSIGNMENT|[545]|this|{}|0x3fc1c250
15:27:08.0 (51851359)|VARIABLE_SCOPE_BEGIN|[545]|isChecked|Boolean|false|false
15:27:08.0 (51854759)|VARIABLE_ASSIGNMENT|[545]|isChecked|false
15:27:08.0 (51856885)|VARIABLE_SCOPE_BEGIN|[545]|sub|Location__c|true|false
15:27:08.0 (51863764)|VARIABLE_ASSIGNMENT|[545]|sub|{"Name":"1Q2WB","Id":"a0B0E0000009YBPUA2","RecordTypeId":"01224000000B1zdAAC"}|0x4c117d94
15:27:08.0 (51867512)|STATEMENT_EXECUTE|[542]
15:27:08.0 (51868856)|STATEMENT_EXECUTE|[543]
15:27:08.0 (51870092)|STATEMENT_EXECUTE|[544]
15:27:08.0 (51880450)|STATEMENT_EXECUTE|[545]
15:27:08.0 (51881623)|STATEMENT_EXECUTE|[546]
15:27:08.0 (51928883)|VARIABLE_ASSIGNMENT|[EXTERNAL]|this|{}|0x3fc1c250
15:27:08.0 (51934404)|VARIABLE_ASSIGNMENT|[EXTERNAL]|value|false
15:27:08.0 (51938433)|HEAP_ALLOCATE|[543]|Bytes:5
15:27:08.0 (51943519)|VARIABLE_ASSIGNMENT|[543]|this.isChecked|false|0x3fc1c250
15:27:08.0 (51949212)|STATEMENT_EXECUTE|[547]
15:27:08.0 (51977996)|VARIABLE_ASSIGNMENT|[EXTERNAL]|this|{"isChecked":false}|0x3fc1c250
15:27:08.0 (51985226)|VARIABLE_ASSIGNMENT|[EXTERNAL]|value|{"Name":"1Q2WB","Id":"a0B0E0000009YBPUA2","RecordTypeId":"01224000000B1zdAAC"}|0x4c117d94
15:27:08.0 (51992097)|VARIABLE_ASSIGNMENT|[544]|this.sub|{"Name":"1Q2WB","Id":"a0B0E0000009YBPUA2","RecordTypeId":"01224000000B1zdAAC"}|0x3fc1c250
15:27:08.0 (52000965)|CONSTRUCTOR_EXIT|[276]|01p2400000DUtXT|<init>(Boolean,Location__c)
15:27:08.0 (52010450)|HEAP_ALLOCATE|[EXTERNAL]|Bytes:4
15:27:08.0 (52020509)|HEAP_ALLOCATE|[274]|Bytes:5
15:27:08.0 (52028664)|HEAP_ALLOCATE|[274]|Bytes:24
15:27:08.0 (52032784)|VARIABLE_SCOPE_BEGIN|[274]|subLoc|SublocationDetail__c|true|false
15:27:08.0 (52043496)|VARIABLE_ASSIGNMENT|[274]|subLoc|{"Id":"a080E000000EwmFQAS","Location__c":"a0B0E0000009YBZUA2","WWW_Detail__c":"a0s0E0000004KPaQAM","WWW_Detail_r_RecordT (20 more) ...":"Delivered_2_Hub","WWWid__c":"a0t0E0000004NFN"}|0x777fec87
15:27:08.0 (52046671)|STATEMENT_EXECUTE|[274]
15:27:08.0 (52065819)|STATEMENT_EXECUTE|[275]
15:27:08.0 (52071490)|HEAP_ALLOCATE|[274]|Bytes:5
15:27:08.0 (52078330)|VARIABLE_ASSIGNMENT|[274]|subLoc|null|
15:27:08.0 (52082937)|METHOD_ENTRY|[272]||Database.QueryLocatorIterator.hasNext()
15:27:08.0 (52098979)|METHOD_EXIT|[272]||Database.QueryLocatorIterator.hasNext()
15:27:08.0 (52102308)|METHOD_ENTRY|[272]||Database.QueryLocatorIterator.next()
15:27:08.0 (52148447)|METHOD_EXIT|[272]||Database.QueryLocatorIterator.next()
15:27:08.0 (52152743)|VARIABLE_SCOPE_BEGIN|[272]|loc|Location__c|true|false
15:27:08.0 (52161574)|VARIABLE_ASSIGNMENT|[272]|loc|{"Name":"1Q2WC","Id":"a0B0E0000009YBUUA2","RecordTypeId":"01224000000B1zdAAC"}|0x4006c523
15:27:08.0 (52163981)|STATEMENT_EXECUTE|[272]
15:27:08.0 (52171610)|STATEMENT_EXECUTE|[273]
15:27:08.0 (52181313)|HEAP_ALLOCATE|[274]|Bytes:5
15:27:08.0 (52187574)|HEAP_ALLOCATE|[274]|Bytes:24
15:27:08.0 (52191131)|VARIABLE_SCOPE_BEGIN|[274]|subLoc|SublocationDetail__c|true|false
15:27:08.0 (52198979)|VARIABLE_ASSIGNMENT|[274]|subLoc|{"Id":"a080E000000EwmEQAS","Location__c":"a0B0E0000009YBPUA2","WWW_Detail__c":"a0s0E0000004KPaQAM","WWW_Detail_r_RecordT (20 more) ...":"Delivered_2_Hub","WWWid__c":"a0t0E0000004NFN"}|0x1b9c60f8
15:27:08.0 (52201475)|STATEMENT_EXECUTE|[274]
15:27:08.0 (52224741)|STATEMENT_EXECUTE|[275]
15:27:08.0 (52230552)|HEAP_ALLOCATE|[274]|Bytes:5
15:27:08.0 (52236169)|HEAP_ALLOCATE|[274]|Bytes:24
15:27:08.0 (52239377)|VARIABLE_SCOPE_BEGIN|[274]|subLoc|SublocationDetail__c|true|false
15:27:08.0 (52247384)|VARIABLE_ASSIGNMENT|[274]|subLoc|{"Id":"a080E000000EwmFQAS","Location__c":"a0B0E0000009YBZUA2","WWW_Detail__c":"a0s0E0000004KPaQAM","WWW_Detail_r_RecordT (20 more) ...":"Delivered_2_Hub","WWWid__c":"a0t0E0000004NFN"}|0x777fec87
15:27:08.0 (52249912)|STATEMENT_EXECUTE|[274]
15:27:08.0 (52262942)|STATEMENT_EXECUTE|[275]
15:27:08.0 (52267656)|HEAP_ALLOCATE|[274]|Bytes:5
15:27:08.0 (52274229)|VARIABLE_ASSIGNMENT|[274]|subLoc|null|
15:27:08.0 (52278470)|METHOD_ENTRY|[272]||Database.QueryLocatorIterator.hasNext()
15:27:08.0 (52292205)|METHOD_EXIT|[272]||Database.QueryLocatorIterator.hasNext()
15:27:08.0 (52295149)|METHOD_ENTRY|[272]||Database.QueryLocatorIterator.next()
15:27:08.0 (52335698)|METHOD_EXIT|[272]||Database.QueryLocatorIterator.next()
15:27:08.0 (52339474)|VARIABLE_SCOPE_BEGIN|[272]|loc|Location__c|true|false
15:27:08.0 (52347561)|VARIABLE_ASSIGNMENT|[272]|loc|{"Name":"1Q2WD","Id":"a0B0E0000009YBZUA2","RecordTypeId":"01224000000B1zdAAC"}|0x71bd3b87
15:27:08.0 (52349894)|STATEMENT_EXECUTE|[272]
15:27:08.0 (52356621)|STATEMENT_EXECUTE|[273]
15:27:08.0 (52365667)|HEAP_ALLOCATE|[274]|Bytes:5
15:27:08.0 (52371349)|HEAP_ALLOCATE|[274]|Bytes:24
15:27:08.0 (52374312)|VARIABLE_SCOPE_BEGIN|[274]|subLoc|SublocationDetail__c|true|false
15:27:08.0 (52381714)|VARIABLE_ASSIGNMENT|[274]|subLoc|{"Id":"a080E000000EwmEQAS","Location__c":"a0B0E0000009YBPUA2","WWW_Detail__c":"a0s0E0000004KPaQAM","WWW_Detail_r_RecordT (20 more) ...":"Delivered_2_Hub","WWWid__c":"a0t0E0000004NFN"}|0x1b9c60f8
15:27:08.0 (52384213)|STATEMENT_EXECUTE|[274]
15:27:08.0 (52400473)|STATEMENT_EXECUTE|[275]
15:27:08.0 (52405719)|HEAP_ALLOCATE|[274]|Bytes:5
15:27:08.0 (52411019)|HEAP_ALLOCATE|[274]|Bytes:24
15:27:08.0 (52413943)|VARIABLE_SCOPE_BEGIN|[274]|subLoc|SublocationDetail__c|true|false
15:27:08.0 (52421571)|VARIABLE_ASSIGNMENT|[274]|subLoc|{"Id":"a080E000000EwmFQAS","Location__c":"a0B0E0000009YBZUA2","WWW_Detail__c":"a0s0E0000004KPaQAM","WWW_Detail_r_RecordT (20 more) ...":"Delivered_2_Hub","WWWid__c":"a0t0E0000004NFN"}|0x777fec87
15:27:08.0 (52424039)|STATEMENT_EXECUTE|[274]
15:27:08.0 (52436297)|STATEMENT_EXECUTE|[275]
15:27:08.0 (52437484)|STATEMENT_EXECUTE|[276]
15:27:08.0 (52476468)|VARIABLE_ASSIGNMENT|[EXTERNAL]|this|{"delToHub":false,"delToProj":true,"detail":"0x1292c379","invoked":false,"rejected":false,"reserved":false,"selectedTime4":"8:00","sublocations1":"0x35a31898","www":"0x3d87bc78","wwwById":"0x41a5a9e6"}|0x123dcc72
15:27:08.0 (52479687)|STATEMENT_EXECUTE|[186]
15:27:08.0 (52481364)|STATEMENT_EXECUTE|[187]
15:27:08.0 (52482464)|STATEMENT_EXECUTE|[190]
15:27:08.0 (52488990)|HEAP_ALLOCATE|[276]|Bytes:12
15:27:08.0 (52496401)|CONSTRUCTOR_ENTRY|[276]|01p2400000DUtXT|<init>(Boolean,Location__c)
15:27:08.0 (52499277)|VARIABLE_SCOPE_BEGIN|[545]|this|NewDeliveredExtension.SubLocation|true|false
15:27:08.0 (52507740)|VARIABLE_ASSIGNMENT|[545]|this|{}|0x13306f31
15:27:08.0 (52511308)|VARIABLE_SCOPE_BEGIN|[545]|isChecked|Boolean|false|false
15:27:08.0 (52514163)|VARIABLE_ASSIGNMENT|[545]|isChecked|false
15:27:08.0 (52515596)|VARIABLE_SCOPE_BEGIN|[545]|sub|Location__c|true|false
15:27:08.0 (52521035)|VARIABLE_ASSIGNMENT|[545]|sub|{"Name":"1Q2WD","Id":"a0B0E0000009YBZUA2","RecordTypeId":"01224000000B1zdAAC"}|0x71bd3b87
15:27:08.0 (52523384)|STATEMENT_EXECUTE|[542]
15:27:08.0 (52524477)|STATEMENT_EXECUTE|[543]
15:27:08.0 (52525511)|STATEMENT_EXECUTE|[544]
15:27:08.0 (52533878)|STATEMENT_EXECUTE|[545]
15:27:08.0 (52534985)|STATEMENT_EXECUTE|[546]
15:27:08.0 (52544074)|VARIABLE_ASSIGNMENT|[EXTERNAL]|this|{}|0x13306f31
15:27:08.0 (52547774)|VARIABLE_ASSIGNMENT|[EXTERNAL]|value|false
15:27:08.0 (52550595)|HEAP_ALLOCATE|[543]|Bytes:5
15:27:08.0 (52554646)|VARIABLE_ASSIGNMENT|[543]|this.isChecked|false|0x13306f31
15:27:08.0 (52558204)|STATEMENT_EXECUTE|[547]
15:27:08.0 (52566766)|VARIABLE_ASSIGNMENT|[EXTERNAL]|this|{"isChecked":false}|0x13306f31
15:27:08.0 (52572019)|VARIABLE_ASSIGNMENT|[EXTERNAL]|value|{"Name":"1Q2WD","Id":"a0B0E0000009YBZUA2","RecordTypeId":"01224000000B1zdAAC"}|0x71bd3b87
15:27:08.0 (52577732)|VARIABLE_ASSIGNMENT|[544]|this.sub|{"Name":"1Q2WD","Id":"a0B0E0000009YBZUA2","RecordTypeId":"01224000000B1zdAAC"}|0x13306f31
15:27:08.0 (52585058)|CONSTRUCTOR_EXIT|[276]|01p2400000DUtXT|<init>(Boolean,Location__c)
15:27:08.0 (52590660)|HEAP_ALLOCATE|[EXTERNAL]|Bytes:4
15:27:08.0 (52598676)|HEAP_ALLOCATE|[274]|Bytes:5
15:27:08.0 (52605350)|VARIABLE_ASSIGNMENT|[274]|subLoc|null|
15:27:08.0 (52609617)|METHOD_ENTRY|[272]||Database.QueryLocatorIterator.hasNext()
15:27:08.0 (52618829)|METHOD_EXIT|[272]||Database.QueryLocatorIterator.hasNext()
15:27:08.0 (52623030)|VARIABLE_ASSIGNMENT|[272]|loc|null|
15:27:08.63 (63155357)|SYSTEM_MODE_ENTER|true
15:27:08.63 (63196954)|HEAP_ALLOCATE|[EXTERNAL]|Bytes:8
15:27:08.63 (63202288)|VARIABLE_SCOPE_BEGIN|[88]|this|ApexPage.PageMessagesComponentController|true|false
15:27:08.63 (63219641)|VARIABLE_ASSIGNMENT|[88]|this|{}|0x40ae6a60
15:27:08.63 (63222160)|VARIABLE_SCOPE_BEGIN|[88]|escape|Boolean|false|false
15:27:08.63 (63225049)|VARIABLE_ASSIGNMENT|[88]|escape|null
15:27:08.63 (63296353)|SYSTEM_MODE_ENTER|true
15:27:08.63 (63323542)|HEAP_ALLOCATE|[EXTERNAL]|Bytes:8
15:27:08.63 (63327834)|VARIABLE_SCOPE_BEGIN|[2]|this|ApexPage.PageMessagesComponentController|true|false
15:27:08.63 (63341700)|VARIABLE_ASSIGNMENT|[2]|this|{}|0x40ae6a60
15:27:08.0 (63594973)|SYSTEM_MODE_ENTER|true
15:27:08.0 (63615491)|HEAP_ALLOCATE|[EXTERNAL]|Bytes:80
15:27:08.0 (63658878)|VARIABLE_ASSIGNMENT|[EXTERNAL]|this|{"delToHub":false,"delToProj":true,"detail":"0x1292c379","invoked":false,"rejected":false,"reserved":false,"selectedTime4":"8:00","sublocations1":"0x35a31898","www":"0x3d87bc78","wwwById":"0x41a5a9e6"}|0x123dcc72
15:27:08.0 (63664545)|STATEMENT_EXECUTE|[196]
15:27:08.0 (63667159)|STATEMENT_EXECUTE|[197]
15:27:08.0 (63668439)|STATEMENT_EXECUTE|[200]
15:27:08.0 (63709611)|SYSTEM_MODE_ENTER|true
15:27:08.0 (63724730)|HEAP_ALLOCATE|[EXTERNAL]|Bytes:80
15:27:08.0 (63760567)|VARIABLE_ASSIGNMENT|[EXTERNAL]|this|{"delToHub":false,"delToProj":true,"detail":"0x1292c379","invoked":false,"rejected":false,"reserved":false,"selectedTime4":"8:00","sublocations1":"0x35a31898","www":"0x3d87bc78","wwwById":"0x41a5a9e6"}|0x123dcc72
15:27:08.0 (63765065)|STATEMENT_EXECUTE|[229]
15:27:08.0 (63767046)|STATEMENT_EXECUTE|[230]
15:27:08.0 (63768294)|STATEMENT_EXECUTE|[233]
15:27:08.0 (63802871)|SYSTEM_MODE_ENTER|true
15:27:08.0 (63817274)|HEAP_ALLOCATE|[EXTERNAL]|Bytes:80
15:27:08.0 (63849815)|VARIABLE_ASSIGNMENT|[EXTERNAL]|this|{"delToHub":false,"delToProj":true,"detail":"0x1292c379","invoked":false,"rejected":false,"reserved":false,"selectedTime4":"8:00","sublocations1":"0x35a31898","www":"0x3d87bc78","wwwById":"0x41a5a9e6"}|0x123dcc72
15:27:08.0 (63853994)|STATEMENT_EXECUTE|[204]
15:27:08.0 (63855973)|STATEMENT_EXECUTE|[205]
15:27:08.0 (63857221)|STATEMENT_EXECUTE|[208]
15:27:08.0 (63890267)|SYSTEM_MODE_ENTER|true
15:27:08.0 (63903329)|HEAP_ALLOCATE|[EXTERNAL]|Bytes:80
15:27:08.0 (63934637)|VARIABLE_ASSIGNMENT|[EXTERNAL]|this|{"delToHub":false,"delToProj":true,"detail":"0x1292c379","invoked":false,"rejected":false,"reserved":false,"selectedTime4":"8:00","sublocations1":"0x35a31898","www":"0x3d87bc78","wwwById":"0x41a5a9e6"}|0x123dcc72
15:27:08.0 (63939022)|STATEMENT_EXECUTE|[220]
15:27:08.0 (63940938)|STATEMENT_EXECUTE|[221]
15:27:08.0 (63942155)|STATEMENT_EXECUTE|[224]
15:27:08.0 (63990789)|SYSTEM_MODE_ENTER|true
15:27:08.0 (64004327)|HEAP_ALLOCATE|[EXTERNAL]|Bytes:80
15:27:08.0 (64037619)|VARIABLE_ASSIGNMENT|[EXTERNAL]|this|{"delToHub":false,"delToProj":true,"detail":"0x1292c379","invoked":false,"rejected":false,"reserved":false,"selectedTime4":"8:00","sublocations1":"0x35a31898","www":"0x3d87bc78","wwwById":"0x41a5a9e6"}|0x123dcc72
15:27:08.0 (64042115)|STATEMENT_EXECUTE|[3]
15:27:08.0 (64044188)|STATEMENT_EXECUTE|[4]
15:27:08.0 (64045331)|STATEMENT_EXECUTE|[9]
15:27:08.0 (66102052)|SYSTEM_MODE_ENTER|true
15:27:08.0 (66124144)|HEAP_ALLOCATE|[EXTERNAL]|Bytes:80
15:27:08.0 (66169022)|VARIABLE_ASSIGNMENT|[EXTERNAL]|this|{"delToHub":false,"delToProj":true,"detail":"0x1292c379","invoked":false,"rejected":false,"reserved":false,"selectedTime4":"8:00","sublocations1":"0x35a31898","www":"0x3d87bc78","wwwById":"0x41a5a9e6"}|0x123dcc72
15:27:08.0 (66174597)|STATEMENT_EXECUTE|[186]
15:27:08.0 (66177244)|STATEMENT_EXECUTE|[187]
15:27:08.0 (66178440)|STATEMENT_EXECUTE|[190]
15:27:08.0 (67907179)|SYSTEM_MODE_ENTER|true
15:27:08.0 (67928770)|HEAP_ALLOCATE|[EXTERNAL]|Bytes:80
15:27:08.0 (67973094)|VARIABLE_ASSIGNMENT|[EXTERNAL]|this|{"delToHub":false,"delToProj":true,"detail":"0x1292c379","invoked":false,"rejected":false,"reserved":false,"selectedTime4":"8:00","sublocations1":"0x35a31898","www":"0x3d87bc78","wwwById":"0x41a5a9e6"}|0x123dcc72
15:27:08.0 (67978976)|STATEMENT_EXECUTE|[212]
15:27:08.0 (67981499)|STATEMENT_EXECUTE|[213]
15:27:08.0 (67982620)|STATEMENT_EXECUTE|[216]
15:27:08.0 (68040402)|SYSTEM_MODE_ENTER|true
15:27:08.0 (68057755)|HEAP_ALLOCATE|[EXTERNAL]|Bytes:80
15:27:08.0 (68094511)|VARIABLE_ASSIGNMENT|[EXTERNAL]|this|{"delToHub":false,"delToProj":true,"detail":"0x1292c379","invoked":false,"rejected":false,"reserved":false,"selectedTime4":"8:00","sublocations1":"0x35a31898","www":"0x3d87bc78","wwwById":"0x41a5a9e6"}|0x123dcc72
15:27:08.0 (68099493)|STATEMENT_EXECUTE|[21]
15:27:08.0 (68101595)|STATEMENT_EXECUTE|[22]
15:27:08.0 (68102798)|STATEMENT_EXECUTE|[26]
15:27:08.0 (71958876)|VF_SERIALIZE_VIEWSTATE_BEGIN|06624000003h0Dg
15:27:08.0 (75767791)|VF_SERIALIZE_VIEWSTATE_END
15:27:08.77 (77500152)|CUMULATIVE_LIMIT_USAGE
15:27:08.77 (77500152)|LIMIT_USAGE_FOR_NS|(default)|
  Number of SOQL queries: 3 out of 100
  Number of query rows: 7 out of 50000
  Number of SOSL queries: 0 out of 20
  Number of DML statements: 0 out of 150
  Number of DML rows: 0 out of 10000
  Maximum CPU time: 0 out of 10000
  Maximum heap size: 0 out of 6000000
  Number of callouts: 0 out of 100
  Number of Email Invocations: 0 out of 10
  Number of future calls: 0 out of 50
  Number of queueable jobs added to the queue: 0 out of 50
  Number of Mobile Apex push calls: 0 out of 10

15:27:08.77 (77500152)|CUMULATIVE_LIMIT_USAGE_END

15:27:08.0 (77529246)|CODE_UNIT_FINISHED|VF: /apex/New_delivered_detail
15:27:08.0 (78260946)|EXECUTION_FINISHED
