38.0 APEX_CODE,FINEST;APEX_PROFILING,INFO;CALLOUT,INFO;DB,INFO;SYSTEM,DEBUG;VALIDATION,INFO;VISUALFORCE,INFO;WAVE,INFO;WORKFLOW,INFO
13:45:30.0 (56320)|USER_INFO|[EXTERNAL]|00524000001e3Uj|bedrijfsbureau@gsa.nl.sandbox|Midden-Europese standaardtijd|GMT+01:00
13:45:30.0 (82032)|EXECUTION_STARTED
13:45:30.0 (85773)|CODE_UNIT_STARTED|[EXTERNAL]|06624000003h0Dg|VF: /apex/New_delivered_detail
13:45:30.0 (227487)|VF_DESERIALIZE_VIEWSTATE_BEGIN|06624000003h0Dg
13:45:30.0 (5607030)|HEAP_ALLOCATE|[72]|Bytes:3
13:45:30.0 (5652170)|HEAP_ALLOCATE|[77]|Bytes:152
13:45:30.0 (5667590)|HEAP_ALLOCATE|[342]|Bytes:408
13:45:30.0 (5682640)|HEAP_ALLOCATE|[355]|Bytes:408
13:45:30.0 (5696977)|HEAP_ALLOCATE|[467]|Bytes:48
13:45:30.0 (5739665)|HEAP_ALLOCATE|[139]|Bytes:6
13:45:30.0 (5778082)|HEAP_ALLOCATE|[50]|Bytes:5
13:45:30.0 (5798336)|HEAP_ALLOCATE|[56]|Bytes:5
13:45:30.0 (5804865)|HEAP_ALLOCATE|[64]|Bytes:7
13:45:30.0 (10632033)|VF_DESERIALIZE_VIEWSTATE_END
13:45:30.11 (11924213)|SYSTEM_MODE_ENTER|true
13:45:30.11 (11998678)|HEAP_ALLOCATE|[EXTERNAL]|Bytes:38
13:45:30.11 (12008016)|HEAP_ALLOCATE|[EXTERNAL]|Bytes:7
13:45:30.11 (12017976)|SYSTEM_METHOD_ENTRY|[1]|PageMessagesComponentController.PageMessagesComponentController()
13:45:30.11 (12023043)|STATEMENT_EXECUTE|[1]
13:45:30.12 (12857029)|SYSTEM_MODE_ENTER|true
13:45:30.12 (12906110)|HEAP_ALLOCATE|[EXTERNAL]|Bytes:8
13:45:30.12 (12912194)|VARIABLE_SCOPE_BEGIN|[88]|this|ApexPage.PageMessagesComponentController|true|false
13:45:30.12 (12951331)|VARIABLE_ASSIGNMENT|[88]|this|{}|0x5301213c
13:45:30.12 (12954375)|VARIABLE_SCOPE_BEGIN|[88]|escape|Boolean|false|false
13:45:30.12 (12958805)|VARIABLE_ASSIGNMENT|[88]|escape|null
13:45:30.0 (13266086)|SYSTEM_MODE_ENTER|true
13:45:30.0 (13540532)|HEAP_ALLOCATE|[EXTERNAL]|Bytes:11
13:45:30.0 (13550529)|HEAP_ALLOCATE|[EXTERNAL]|Bytes:408
13:45:30.0 (13553673)|HEAP_ALLOCATE|[EXTERNAL]|Bytes:120
13:45:30.0 (13556212)|HEAP_ALLOCATE|[EXTERNAL]|Bytes:108
13:45:30.0 (13566557)|METHOD_ENTRY|[1]|01p2400000DUtXT|NewDeliveredExtension.NewDeliveredExtension()
13:45:30.0 (13569701)|STATEMENT_EXECUTE|[1]
13:45:30.0 (13573454)|STATEMENT_EXECUTE|[1]
13:45:30.0 (13574816)|STATEMENT_EXECUTE|[527]
13:45:30.0 (13578409)|METHOD_EXIT|[1]|NewDeliveredExtension
13:45:30.0 (13582103)|HEAP_ALLOCATE|[EXTERNAL]|Bytes:80
13:45:30.0 (13651302)|VARIABLE_ASSIGNMENT|[EXTERNAL]|this|{"delToHub":true,"delToProj":false,"detail":"0x1a99dcd8","invoked":false,"rejected":false,"reserved":false,"selectedTime3":"8:00","sublocations1":"0x2f3798a4","www":"0x637f7322","wwwById":"0x638b0d06"}|0x3786fe5d
13:45:30.0 (13658443)|STATEMENT_EXECUTE|[196]
13:45:30.0 (13663062)|STATEMENT_EXECUTE|[197]
13:45:30.0 (13664959)|STATEMENT_EXECUTE|[200]
13:45:30.0 (13738837)|SYSTEM_MODE_ENTER|true
13:45:30.0 (13758298)|HEAP_ALLOCATE|[EXTERNAL]|Bytes:80
13:45:30.0 (13799293)|VARIABLE_ASSIGNMENT|[EXTERNAL]|this|{"delToHub":true,"delToProj":false,"detail":"0x1a99dcd8","invoked":false,"rejected":false,"reserved":false,"selectedTime3":"8:00","sublocations1":"0x2f3798a4","www":"0x637f7322","wwwById":"0x638b0d06"}|0x3786fe5d
13:45:30.0 (13804738)|STATEMENT_EXECUTE|[229]
13:45:30.0 (13807416)|STATEMENT_EXECUTE|[230]
13:45:30.0 (13808809)|STATEMENT_EXECUTE|[233]
13:45:30.0 (13898750)|SYSTEM_MODE_ENTER|true
13:45:30.0 (13917641)|HEAP_ALLOCATE|[EXTERNAL]|Bytes:80
13:45:30.0 (13961125)|VARIABLE_ASSIGNMENT|[EXTERNAL]|this|{"delToHub":true,"delToProj":false,"detail":"0x1a99dcd8","invoked":false,"rejected":false,"reserved":false,"selectedTime3":"8:00","sublocations1":"0x2f3798a4","www":"0x637f7322","wwwById":"0x638b0d06"}|0x3786fe5d
13:45:30.0 (13968017)|STATEMENT_EXECUTE|[3]
13:45:30.0 (13971594)|STATEMENT_EXECUTE|[4]
13:45:30.0 (13973043)|STATEMENT_EXECUTE|[9]
13:45:30.0 (22372100)|SYSTEM_MODE_ENTER|true
13:45:30.0 (22418247)|HEAP_ALLOCATE|[EXTERNAL]|Bytes:80
13:45:30.0 (22492846)|VARIABLE_ASSIGNMENT|[EXTERNAL]|this|{"delToHub":true,"delToProj":false,"detail":"0x1a99dcd8","invoked":false,"rejected":false,"reserved":false,"selectedTime3":"8:00","sublocations1":"0x2f3798a4","www":"0x637f7322","wwwById":"0x638b0d06"}|0x3786fe5d
13:45:30.0 (22502774)|STATEMENT_EXECUTE|[186]
13:45:30.0 (22507502)|STATEMENT_EXECUTE|[187]
13:45:30.0 (22509258)|STATEMENT_EXECUTE|[190]
13:45:30.0 (23070349)|SYSTEM_MODE_ENTER|true
13:45:30.0 (23093492)|HEAP_ALLOCATE|[EXTERNAL]|Bytes:80
13:45:30.0 (23146411)|VARIABLE_ASSIGNMENT|[EXTERNAL]|this|{"delToHub":true,"delToProj":false,"detail":"0x1a99dcd8","invoked":false,"rejected":false,"reserved":false,"selectedTime3":"8:00","sublocations1":"0x2f3798a4","www":"0x637f7322","wwwById":"0x638b0d06"}|0x3786fe5d
13:45:30.0 (23153375)|STATEMENT_EXECUTE|[204]
13:45:30.0 (23156934)|STATEMENT_EXECUTE|[205]
13:45:30.0 (23158731)|STATEMENT_EXECUTE|[208]
13:45:30.0 (23217501)|SYSTEM_MODE_ENTER|true
13:45:30.0 (23234864)|HEAP_ALLOCATE|[EXTERNAL]|Bytes:80
13:45:30.0 (23281051)|VARIABLE_ASSIGNMENT|[EXTERNAL]|this|{"delToHub":true,"delToProj":false,"detail":"0x1a99dcd8","invoked":false,"rejected":false,"reserved":false,"selectedTime3":"8:00","sublocations1":"0x2f3798a4","www":"0x637f7322","wwwById":"0x638b0d06"}|0x3786fe5d
13:45:30.0 (23288632)|STATEMENT_EXECUTE|[220]
13:45:30.0 (23292243)|STATEMENT_EXECUTE|[221]
13:45:30.0 (23293977)|STATEMENT_EXECUTE|[224]
13:45:30.0 (23383358)|SYSTEM_MODE_ENTER|true
13:45:30.0 (23405071)|HEAP_ALLOCATE|[EXTERNAL]|Bytes:80
13:45:30.0 (23463755)|VARIABLE_ASSIGNMENT|[EXTERNAL]|this|{"delToHub":true,"delToProj":false,"detail":"0x1a99dcd8","invoked":false,"rejected":false,"reserved":false,"selectedTime3":"8:00","sublocations1":"0x2f3798a4","www":"0x637f7322","wwwById":"0x638b0d06"}|0x3786fe5d
13:45:30.0 (23470913)|STATEMENT_EXECUTE|[212]
13:45:30.0 (23474754)|STATEMENT_EXECUTE|[213]
13:45:30.0 (23476343)|STATEMENT_EXECUTE|[216]
13:45:30.0 (23584732)|SYSTEM_MODE_ENTER|true
13:45:30.0 (23609091)|HEAP_ALLOCATE|[EXTERNAL]|Bytes:80
13:45:30.0 (23675652)|VARIABLE_ASSIGNMENT|[EXTERNAL]|this|{"delToHub":true,"delToProj":false,"detail":"0x1a99dcd8","invoked":false,"rejected":false,"reserved":false,"selectedTime3":"8:00","sublocations1":"0x2f3798a4","www":"0x637f7322","wwwById":"0x638b0d06"}|0x3786fe5d
13:45:30.0 (23683341)|STATEMENT_EXECUTE|[21]
13:45:30.0 (23687242)|STATEMENT_EXECUTE|[22]
13:45:30.0 (23689007)|STATEMENT_EXECUTE|[26]
13:45:30.0 (44882551)|SYSTEM_MODE_ENTER|true
13:45:30.0 (44940594)|HEAP_ALLOCATE|[EXTERNAL]|Bytes:80
13:45:30.0 (44958010)|VARIABLE_SCOPE_BEGIN|[48]|this|NewDeliveredExtension|true|false
13:45:30.0 (45043414)|VARIABLE_ASSIGNMENT|[48]|this|{"delToHub":true,"delToProj":false,"detail":"0x1a99dcd8","invoked":false,"rejected":false,"reserved":false,"selectedTime3":"8:00","sublocations1":"0x2f3798a4","www":"0x637f7322","wwwById":"0x638b0d06"}|0x3786fe5d
13:45:30.0 (45058691)|STATEMENT_EXECUTE|[48]
13:45:30.0 (45060785)|STATEMENT_EXECUTE|[49]
13:45:30.0 (45074523)|HEAP_ALLOCATE|[49]|Bytes:4
13:45:30.0 (45114274)|VARIABLE_SCOPE_BEGIN|[49]|options|List<System.SelectOption>|true|false
13:45:30.0 (45152597)|HEAP_ALLOCATE|[EXTERNAL]|Bytes:4
13:45:30.0 (45160823)|VARIABLE_ASSIGNMENT|[49]|options|[]|0x3ba5d964
13:45:30.0 (45170781)|STATEMENT_EXECUTE|[50]
13:45:30.0 (45177722)|VARIABLE_SCOPE_BEGIN|[50]|i|Integer|false|false
13:45:30.0 (45181557)|HEAP_ALLOCATE|[50]|Bytes:4
13:45:30.0 (45186279)|VARIABLE_ASSIGNMENT|[50]|i|0
13:45:30.0 (45192465)|STATEMENT_EXECUTE|[50]
13:45:30.0 (45194736)|STATEMENT_EXECUTE|[51]
13:45:30.0 (45196592)|VARIABLE_SCOPE_BEGIN|[51]|j|Integer|false|false
13:45:30.0 (45198406)|HEAP_ALLOCATE|[51]|Bytes:4
13:45:30.0 (45200988)|VARIABLE_ASSIGNMENT|[51]|j|0
13:45:30.0 (45203232)|STATEMENT_EXECUTE|[51]
13:45:30.0 (45205347)|STATEMENT_EXECUTE|[52]
13:45:30.0 (45206383)|STATEMENT_EXECUTE|[53]
13:45:30.0 (45266517)|HEAP_ALLOCATE|[53]|Bytes:1
13:45:30.0 (45278961)|HEAP_ALLOCATE|[53]|Bytes:2
13:45:30.0 (45287614)|HEAP_ALLOCATE|[53]|Bytes:1
13:45:30.0 (45299593)|HEAP_ALLOCATE|[53]|Bytes:4
13:45:30.0 (45311170)|HEAP_ALLOCATE|[53]|Bytes:1
13:45:30.0 (45319186)|HEAP_ALLOCATE|[53]|Bytes:1
13:45:30.0 (45324265)|HEAP_ALLOCATE|[53]|Bytes:4
13:45:30.0 (45360989)|HEAP_ALLOCATE|[EXTERNAL]|Bytes:4
13:45:30.0 (45372577)|HEAP_ALLOCATE|[51]|Bytes:4
13:45:30.0 (45377723)|VARIABLE_ASSIGNMENT|[51]|j|30
13:45:30.0 (45381058)|STATEMENT_EXECUTE|[51]
13:45:30.0 (45382734)|STATEMENT_EXECUTE|[54]
13:45:30.0 (45383833)|STATEMENT_EXECUTE|[55]
13:45:30.0 (45404598)|HEAP_ALLOCATE|[55]|Bytes:1
13:45:30.0 (45412446)|HEAP_ALLOCATE|[55]|Bytes:1
13:45:30.0 (45418352)|HEAP_ALLOCATE|[55]|Bytes:2
13:45:30.0 (45424033)|HEAP_ALLOCATE|[55]|Bytes:4
13:45:30.0 (45428992)|HEAP_ALLOCATE|[55]|Bytes:1
13:45:30.0 (45436514)|HEAP_ALLOCATE|[55]|Bytes:2
13:45:30.0 (45441376)|HEAP_ALLOCATE|[55]|Bytes:4
13:45:30.0 (45458389)|HEAP_ALLOCATE|[EXTERNAL]|Bytes:4
13:45:30.0 (45462997)|HEAP_ALLOCATE|[51]|Bytes:4
13:45:30.0 (45467373)|VARIABLE_ASSIGNMENT|[51]|j|60
13:45:30.0 (45471903)|HEAP_ALLOCATE|[50]|Bytes:4
13:45:30.0 (45474548)|VARIABLE_ASSIGNMENT|[50]|i|1
13:45:30.0 (45476648)|STATEMENT_EXECUTE|[50]
13:45:30.0 (45478770)|STATEMENT_EXECUTE|[51]
13:45:30.0 (45481565)|VARIABLE_SCOPE_BEGIN|[51]|j|Integer|false|false
13:45:30.0 (45484107)|HEAP_ALLOCATE|[51]|Bytes:4
13:45:30.0 (45486571)|VARIABLE_ASSIGNMENT|[51]|j|0
13:45:30.0 (45488086)|STATEMENT_EXECUTE|[51]
13:45:30.0 (45489357)|STATEMENT_EXECUTE|[52]
13:45:30.0 (45490406)|STATEMENT_EXECUTE|[53]
13:45:30.0 (45498709)|HEAP_ALLOCATE|[53]|Bytes:1
13:45:30.0 (45507086)|HEAP_ALLOCATE|[53]|Bytes:1
13:45:30.0 (45512337)|HEAP_ALLOCATE|[53]|Bytes:4
13:45:30.0 (45517144)|HEAP_ALLOCATE|[53]|Bytes:1
13:45:30.0 (45524447)|HEAP_ALLOCATE|[53]|Bytes:1
13:45:30.0 (45533060)|HEAP_ALLOCATE|[53]|Bytes:4
13:45:30.0 (45539164)|HEAP_ALLOCATE|[EXTERNAL]|Bytes:4
13:45:30.0 (45543085)|HEAP_ALLOCATE|[51]|Bytes:4
13:45:30.0 (45546079)|VARIABLE_ASSIGNMENT|[51]|j|30
13:45:30.0 (45548336)|STATEMENT_EXECUTE|[51]
13:45:30.0 (45549803)|STATEMENT_EXECUTE|[54]
13:45:30.0 (45550764)|STATEMENT_EXECUTE|[55]
13:45:30.0 (45556812)|HEAP_ALLOCATE|[55]|Bytes:1
13:45:30.0 (45567068)|HEAP_ALLOCATE|[55]|Bytes:2
13:45:30.0 (45572408)|HEAP_ALLOCATE|[55]|Bytes:4
13:45:30.0 (45577276)|HEAP_ALLOCATE|[55]|Bytes:1
13:45:30.0 (45584845)|HEAP_ALLOCATE|[55]|Bytes:2
13:45:30.0 (45589630)|HEAP_ALLOCATE|[55]|Bytes:4
13:45:30.0 (45594632)|HEAP_ALLOCATE|[EXTERNAL]|Bytes:4
13:45:30.0 (45598170)|HEAP_ALLOCATE|[51]|Bytes:4
13:45:30.0 (45601161)|VARIABLE_ASSIGNMENT|[51]|j|60
13:45:30.0 (45603067)|HEAP_ALLOCATE|[50]|Bytes:4
13:45:30.0 (45605421)|VARIABLE_ASSIGNMENT|[50]|i|2
13:45:30.0 (45606999)|STATEMENT_EXECUTE|[50]
13:45:30.0 (45608303)|STATEMENT_EXECUTE|[51]
13:45:30.0 (45609958)|VARIABLE_SCOPE_BEGIN|[51]|j|Integer|false|false
13:45:30.0 (45611707)|HEAP_ALLOCATE|[51]|Bytes:4
13:45:30.0 (45613942)|VARIABLE_ASSIGNMENT|[51]|j|0
13:45:30.0 (45615396)|STATEMENT_EXECUTE|[51]
13:45:30.0 (45616751)|STATEMENT_EXECUTE|[52]
13:45:30.0 (45618113)|STATEMENT_EXECUTE|[53]
13:45:30.0 (45624373)|HEAP_ALLOCATE|[53]|Bytes:1
13:45:30.0 (45631821)|HEAP_ALLOCATE|[53]|Bytes:1
13:45:30.0 (45636654)|HEAP_ALLOCATE|[53]|Bytes:4
13:45:30.0 (45641328)|HEAP_ALLOCATE|[53]|Bytes:1
13:45:30.0 (45648475)|HEAP_ALLOCATE|[53]|Bytes:1
13:45:30.0 (45653108)|HEAP_ALLOCATE|[53]|Bytes:4
13:45:30.0 (45657709)|HEAP_ALLOCATE|[EXTERNAL]|Bytes:4
13:45:30.0 (45661037)|HEAP_ALLOCATE|[51]|Bytes:4
13:45:30.0 (45663595)|VARIABLE_ASSIGNMENT|[51]|j|30
13:45:30.0 (45665711)|STATEMENT_EXECUTE|[51]
13:45:30.0 (45666970)|STATEMENT_EXECUTE|[54]
13:45:30.0 (45668084)|STATEMENT_EXECUTE|[55]
13:45:30.0 (45673664)|HEAP_ALLOCATE|[55]|Bytes:1
13:45:30.0 (45681087)|HEAP_ALLOCATE|[55]|Bytes:2
13:45:30.0 (45685952)|HEAP_ALLOCATE|[55]|Bytes:4
13:45:30.0 (45690667)|HEAP_ALLOCATE|[55]|Bytes:1
13:45:30.0 (45697812)|HEAP_ALLOCATE|[55]|Bytes:2
13:45:30.0 (45702718)|HEAP_ALLOCATE|[55]|Bytes:4
13:45:30.0 (45706999)|HEAP_ALLOCATE|[EXTERNAL]|Bytes:4
13:45:30.0 (45710153)|HEAP_ALLOCATE|[51]|Bytes:4
13:45:30.0 (45720624)|VARIABLE_ASSIGNMENT|[51]|j|60
13:45:30.0 (45723096)|HEAP_ALLOCATE|[50]|Bytes:4
13:45:30.0 (45725632)|VARIABLE_ASSIGNMENT|[50]|i|3
13:45:30.0 (45727222)|STATEMENT_EXECUTE|[50]
13:45:30.0 (45728530)|STATEMENT_EXECUTE|[51]
13:45:30.0 (45730293)|VARIABLE_SCOPE_BEGIN|[51]|j|Integer|false|false
13:45:30.0 (45731931)|HEAP_ALLOCATE|[51]|Bytes:4
13:45:30.0 (45734319)|VARIABLE_ASSIGNMENT|[51]|j|0
13:45:30.0 (45735995)|STATEMENT_EXECUTE|[51]
13:45:30.0 (45737219)|STATEMENT_EXECUTE|[52]
13:45:30.0 (45738184)|STATEMENT_EXECUTE|[53]
13:45:30.0 (45746750)|HEAP_ALLOCATE|[53]|Bytes:1
13:45:30.0 (45755173)|HEAP_ALLOCATE|[53]|Bytes:1
13:45:30.0 (45760278)|HEAP_ALLOCATE|[53]|Bytes:4
13:45:30.0 (45765098)|HEAP_ALLOCATE|[53]|Bytes:1
13:45:30.0 (45772261)|HEAP_ALLOCATE|[53]|Bytes:1
13:45:30.0 (45776978)|HEAP_ALLOCATE|[53]|Bytes:4
13:45:30.0 (45786257)|HEAP_ALLOCATE|[EXTERNAL]|Bytes:4
13:45:30.0 (45790271)|HEAP_ALLOCATE|[51]|Bytes:4
13:45:30.0 (45793188)|VARIABLE_ASSIGNMENT|[51]|j|30
13:45:30.0 (45795106)|STATEMENT_EXECUTE|[51]
13:45:30.0 (45796725)|STATEMENT_EXECUTE|[54]
13:45:30.0 (45797696)|STATEMENT_EXECUTE|[55]
13:45:30.0 (45803767)|HEAP_ALLOCATE|[55]|Bytes:1
13:45:30.0 (45811559)|HEAP_ALLOCATE|[55]|Bytes:2
13:45:30.0 (45816367)|HEAP_ALLOCATE|[55]|Bytes:4
13:45:30.0 (45821097)|HEAP_ALLOCATE|[55]|Bytes:1
13:45:30.0 (45830866)|HEAP_ALLOCATE|[55]|Bytes:2
13:45:30.0 (45836039)|HEAP_ALLOCATE|[55]|Bytes:4
13:45:30.0 (45840760)|HEAP_ALLOCATE|[EXTERNAL]|Bytes:4
13:45:30.0 (45844418)|HEAP_ALLOCATE|[51]|Bytes:4
13:45:30.0 (45847204)|VARIABLE_ASSIGNMENT|[51]|j|60
13:45:30.0 (45849171)|HEAP_ALLOCATE|[50]|Bytes:4
13:45:30.0 (45851417)|VARIABLE_ASSIGNMENT|[50]|i|4
13:45:30.0 (45852938)|STATEMENT_EXECUTE|[50]
13:45:30.0 (45854231)|STATEMENT_EXECUTE|[51]
13:45:30.0 (45855796)|VARIABLE_SCOPE_BEGIN|[51]|j|Integer|false|false
13:45:30.0 (45857402)|HEAP_ALLOCATE|[51]|Bytes:4
13:45:30.0 (45859676)|VARIABLE_ASSIGNMENT|[51]|j|0
13:45:30.0 (45861061)|STATEMENT_EXECUTE|[51]
13:45:30.0 (45862256)|STATEMENT_EXECUTE|[52]
13:45:30.0 (45863230)|STATEMENT_EXECUTE|[53]
13:45:30.0 (45869417)|HEAP_ALLOCATE|[53]|Bytes:1
13:45:30.0 (45881924)|HEAP_ALLOCATE|[53]|Bytes:1
13:45:30.0 (45887084)|HEAP_ALLOCATE|[53]|Bytes:4
13:45:30.0 (45891797)|HEAP_ALLOCATE|[53]|Bytes:1
13:45:30.0 (45901483)|HEAP_ALLOCATE|[53]|Bytes:1
13:45:30.0 (45906889)|HEAP_ALLOCATE|[53]|Bytes:4
13:45:30.0 (45911593)|HEAP_ALLOCATE|[EXTERNAL]|Bytes:4
13:45:30.0 (45914968)|HEAP_ALLOCATE|[51]|Bytes:4
13:45:30.0 (45917967)|VARIABLE_ASSIGNMENT|[51]|j|30
13:45:30.0 (45919730)|STATEMENT_EXECUTE|[51]
13:45:30.0 (45921011)|STATEMENT_EXECUTE|[54]
13:45:30.0 (45921984)|STATEMENT_EXECUTE|[55]
13:45:30.0 (45927883)|HEAP_ALLOCATE|[55]|Bytes:1
13:45:30.0 (45940599)|HEAP_ALLOCATE|[55]|Bytes:2
13:45:30.0 (45945894)|HEAP_ALLOCATE|[55]|Bytes:4
13:45:30.0 (45950788)|HEAP_ALLOCATE|[55]|Bytes:1
13:45:30.0 (45958240)|HEAP_ALLOCATE|[55]|Bytes:2
13:45:30.0 (45965035)|HEAP_ALLOCATE|[55]|Bytes:4
13:45:30.0 (45969946)|HEAP_ALLOCATE|[EXTERNAL]|Bytes:4
13:45:30.0 (45973367)|HEAP_ALLOCATE|[51]|Bytes:4
13:45:30.0 (45976516)|VARIABLE_ASSIGNMENT|[51]|j|60
13:45:30.0 (45978436)|HEAP_ALLOCATE|[50]|Bytes:4
13:45:30.0 (45980786)|VARIABLE_ASSIGNMENT|[50]|i|5
13:45:30.0 (45982441)|STATEMENT_EXECUTE|[50]
13:45:30.0 (45983781)|STATEMENT_EXECUTE|[51]
13:45:30.0 (45985333)|VARIABLE_SCOPE_BEGIN|[51]|j|Integer|false|false
13:45:30.0 (45987002)|HEAP_ALLOCATE|[51]|Bytes:4
13:45:30.0 (45989251)|VARIABLE_ASSIGNMENT|[51]|j|0
13:45:30.0 (45990695)|STATEMENT_EXECUTE|[51]
13:45:30.0 (45991965)|STATEMENT_EXECUTE|[52]
13:45:30.0 (45992935)|STATEMENT_EXECUTE|[53]
13:45:30.0 (45998837)|HEAP_ALLOCATE|[53]|Bytes:1
13:45:30.0 (46006323)|HEAP_ALLOCATE|[53]|Bytes:1
13:45:30.0 (46012709)|HEAP_ALLOCATE|[53]|Bytes:4
13:45:30.0 (46021355)|HEAP_ALLOCATE|[53]|Bytes:1
13:45:30.0 (46028628)|HEAP_ALLOCATE|[53]|Bytes:1
13:45:30.0 (46033436)|HEAP_ALLOCATE|[53]|Bytes:4
13:45:30.0 (46038012)|HEAP_ALLOCATE|[EXTERNAL]|Bytes:4
13:45:30.0 (46043130)|HEAP_ALLOCATE|[51]|Bytes:4
13:45:30.0 (46046923)|VARIABLE_ASSIGNMENT|[51]|j|30
13:45:30.0 (46048872)|STATEMENT_EXECUTE|[51]
13:45:30.0 (46050517)|STATEMENT_EXECUTE|[54]
13:45:30.0 (46051583)|STATEMENT_EXECUTE|[55]
13:45:30.0 (46057721)|HEAP_ALLOCATE|[55]|Bytes:1
13:45:30.0 (46065481)|HEAP_ALLOCATE|[55]|Bytes:2
13:45:30.0 (46070436)|HEAP_ALLOCATE|[55]|Bytes:4
13:45:30.0 (46075129)|HEAP_ALLOCATE|[55]|Bytes:1
13:45:30.0 (46082300)|HEAP_ALLOCATE|[55]|Bytes:2
13:45:30.0 (46086944)|HEAP_ALLOCATE|[55]|Bytes:4
13:45:30.0 (46096802)|HEAP_ALLOCATE|[EXTERNAL]|Bytes:4
13:45:30.0 (46100184)|HEAP_ALLOCATE|[51]|Bytes:4
13:45:30.0 (46102903)|VARIABLE_ASSIGNMENT|[51]|j|60
13:45:30.0 (46104809)|HEAP_ALLOCATE|[50]|Bytes:4
13:45:30.0 (46107411)|VARIABLE_ASSIGNMENT|[50]|i|6
13:45:30.0 (46108950)|STATEMENT_EXECUTE|[50]
13:45:30.0 (46110234)|STATEMENT_EXECUTE|[51]
13:45:30.0 (46111919)|VARIABLE_SCOPE_BEGIN|[51]|j|Integer|false|false
13:45:30.0 (46113438)|HEAP_ALLOCATE|[51]|Bytes:4
13:45:30.0 (46115623)|VARIABLE_ASSIGNMENT|[51]|j|0
13:45:30.0 (46117001)|STATEMENT_EXECUTE|[51]
13:45:30.0 (46118385)|STATEMENT_EXECUTE|[52]
13:45:30.0 (46119722)|STATEMENT_EXECUTE|[53]
13:45:30.0 (46127702)|HEAP_ALLOCATE|[53]|Bytes:1
13:45:30.0 (46135565)|HEAP_ALLOCATE|[53]|Bytes:1
13:45:30.0 (46140504)|HEAP_ALLOCATE|[53]|Bytes:4
13:45:30.0 (46145296)|HEAP_ALLOCATE|[53]|Bytes:1
13:45:30.0 (46152520)|HEAP_ALLOCATE|[53]|Bytes:1
13:45:30.0 (46157144)|HEAP_ALLOCATE|[53]|Bytes:4
13:45:30.0 (46161895)|HEAP_ALLOCATE|[EXTERNAL]|Bytes:4
13:45:30.0 (46165357)|HEAP_ALLOCATE|[51]|Bytes:4
13:45:30.0 (46168056)|VARIABLE_ASSIGNMENT|[51]|j|30
13:45:30.0 (46169780)|STATEMENT_EXECUTE|[51]
13:45:30.0 (46171043)|STATEMENT_EXECUTE|[54]
13:45:30.0 (46171962)|STATEMENT_EXECUTE|[55]
13:45:30.0 (46177516)|HEAP_ALLOCATE|[55]|Bytes:1
13:45:30.0 (46184864)|HEAP_ALLOCATE|[55]|Bytes:2
13:45:30.0 (46189801)|HEAP_ALLOCATE|[55]|Bytes:4
13:45:30.0 (46194422)|HEAP_ALLOCATE|[55]|Bytes:1
13:45:30.0 (46201663)|HEAP_ALLOCATE|[55]|Bytes:2
13:45:30.0 (46206469)|HEAP_ALLOCATE|[55]|Bytes:4
13:45:30.0 (46210840)|HEAP_ALLOCATE|[EXTERNAL]|Bytes:4
13:45:30.0 (46214064)|HEAP_ALLOCATE|[51]|Bytes:4
13:45:30.0 (46216527)|VARIABLE_ASSIGNMENT|[51]|j|60
13:45:30.0 (46218658)|HEAP_ALLOCATE|[50]|Bytes:4
13:45:30.0 (46221051)|VARIABLE_ASSIGNMENT|[50]|i|7
13:45:30.0 (46222598)|STATEMENT_EXECUTE|[50]
13:45:30.0 (46223858)|STATEMENT_EXECUTE|[51]
13:45:30.0 (46225380)|VARIABLE_SCOPE_BEGIN|[51]|j|Integer|false|false
13:45:30.0 (46226789)|HEAP_ALLOCATE|[51]|Bytes:4
13:45:30.0 (46229067)|VARIABLE_ASSIGNMENT|[51]|j|0
13:45:30.0 (46230443)|STATEMENT_EXECUTE|[51]
13:45:30.0 (46231704)|STATEMENT_EXECUTE|[52]
13:45:30.0 (46232627)|STATEMENT_EXECUTE|[53]
13:45:30.0 (46238174)|HEAP_ALLOCATE|[53]|Bytes:1
13:45:30.0 (46245446)|HEAP_ALLOCATE|[53]|Bytes:1
13:45:30.0 (46250267)|HEAP_ALLOCATE|[53]|Bytes:4
13:45:30.0 (46254999)|HEAP_ALLOCATE|[53]|Bytes:1
13:45:30.0 (46262226)|HEAP_ALLOCATE|[53]|Bytes:1
13:45:30.0 (46266886)|HEAP_ALLOCATE|[53]|Bytes:4
13:45:30.0 (46271361)|HEAP_ALLOCATE|[EXTERNAL]|Bytes:4
13:45:30.0 (46274594)|HEAP_ALLOCATE|[51]|Bytes:4
13:45:30.0 (46277086)|VARIABLE_ASSIGNMENT|[51]|j|30
13:45:30.0 (46278771)|STATEMENT_EXECUTE|[51]
13:45:30.0 (46280181)|STATEMENT_EXECUTE|[54]
13:45:30.0 (46281142)|STATEMENT_EXECUTE|[55]
13:45:30.0 (46286440)|HEAP_ALLOCATE|[55]|Bytes:1
13:45:30.0 (46293843)|HEAP_ALLOCATE|[55]|Bytes:2
13:45:30.0 (46298629)|HEAP_ALLOCATE|[55]|Bytes:4
13:45:30.0 (46303334)|HEAP_ALLOCATE|[55]|Bytes:1
13:45:30.0 (46310609)|HEAP_ALLOCATE|[55]|Bytes:2
13:45:30.0 (46320247)|HEAP_ALLOCATE|[55]|Bytes:4
13:45:30.0 (46325305)|HEAP_ALLOCATE|[EXTERNAL]|Bytes:4
13:45:30.0 (46328810)|HEAP_ALLOCATE|[51]|Bytes:4
13:45:30.0 (46331628)|VARIABLE_ASSIGNMENT|[51]|j|60
13:45:30.0 (46333741)|HEAP_ALLOCATE|[50]|Bytes:4
13:45:30.0 (46336200)|VARIABLE_ASSIGNMENT|[50]|i|8
13:45:30.0 (46337758)|STATEMENT_EXECUTE|[50]
13:45:30.0 (46339221)|STATEMENT_EXECUTE|[51]
13:45:30.0 (46341223)|VARIABLE_SCOPE_BEGIN|[51]|j|Integer|false|false
13:45:30.0 (46343218)|HEAP_ALLOCATE|[51]|Bytes:4
13:45:30.0 (46346477)|VARIABLE_ASSIGNMENT|[51]|j|0
13:45:30.0 (46347928)|STATEMENT_EXECUTE|[51]
13:45:30.0 (46349174)|STATEMENT_EXECUTE|[52]
13:45:30.0 (46350109)|STATEMENT_EXECUTE|[53]
13:45:30.0 (46356972)|HEAP_ALLOCATE|[53]|Bytes:1
13:45:30.0 (46364924)|HEAP_ALLOCATE|[53]|Bytes:1
13:45:30.0 (46369810)|HEAP_ALLOCATE|[53]|Bytes:4
13:45:30.0 (46374480)|HEAP_ALLOCATE|[53]|Bytes:1
13:45:30.0 (46385575)|HEAP_ALLOCATE|[53]|Bytes:1
13:45:30.0 (46390423)|HEAP_ALLOCATE|[53]|Bytes:4
13:45:30.0 (46395226)|HEAP_ALLOCATE|[EXTERNAL]|Bytes:4
13:45:30.0 (46398564)|HEAP_ALLOCATE|[51]|Bytes:4
13:45:30.0 (46401492)|VARIABLE_ASSIGNMENT|[51]|j|30
13:45:30.0 (46403282)|STATEMENT_EXECUTE|[51]
13:45:30.0 (46404953)|STATEMENT_EXECUTE|[54]
13:45:30.0 (46406349)|STATEMENT_EXECUTE|[55]
13:45:30.0 (46413637)|HEAP_ALLOCATE|[55]|Bytes:1
13:45:30.0 (46421527)|HEAP_ALLOCATE|[55]|Bytes:2
13:45:30.0 (46426494)|HEAP_ALLOCATE|[55]|Bytes:4
13:45:30.0 (46431156)|HEAP_ALLOCATE|[55]|Bytes:1
13:45:30.0 (46438353)|HEAP_ALLOCATE|[55]|Bytes:2
13:45:30.0 (46442980)|HEAP_ALLOCATE|[55]|Bytes:4
13:45:30.0 (46447508)|HEAP_ALLOCATE|[EXTERNAL]|Bytes:4
13:45:30.0 (46450924)|HEAP_ALLOCATE|[51]|Bytes:4
13:45:30.0 (46458136)|VARIABLE_ASSIGNMENT|[51]|j|60
13:45:30.0 (46460704)|HEAP_ALLOCATE|[50]|Bytes:4
13:45:30.0 (46462966)|VARIABLE_ASSIGNMENT|[50]|i|9
13:45:30.0 (46464421)|STATEMENT_EXECUTE|[50]
13:45:30.0 (46465902)|STATEMENT_EXECUTE|[51]
13:45:30.0 (46467459)|VARIABLE_SCOPE_BEGIN|[51]|j|Integer|false|false
13:45:30.0 (46469000)|HEAP_ALLOCATE|[51]|Bytes:4
13:45:30.0 (46471382)|VARIABLE_ASSIGNMENT|[51]|j|0
13:45:30.0 (46472725)|STATEMENT_EXECUTE|[51]
13:45:30.0 (46473960)|STATEMENT_EXECUTE|[52]
13:45:30.0 (46474918)|STATEMENT_EXECUTE|[53]
13:45:30.0 (46482746)|HEAP_ALLOCATE|[53]|Bytes:1
13:45:30.0 (46490970)|HEAP_ALLOCATE|[53]|Bytes:1
13:45:30.0 (46496424)|HEAP_ALLOCATE|[53]|Bytes:4
13:45:30.0 (46501222)|HEAP_ALLOCATE|[53]|Bytes:1
13:45:30.0 (46508460)|HEAP_ALLOCATE|[53]|Bytes:1
13:45:30.0 (46513122)|HEAP_ALLOCATE|[53]|Bytes:4
13:45:30.0 (46521671)|HEAP_ALLOCATE|[EXTERNAL]|Bytes:4
13:45:30.0 (46525199)|HEAP_ALLOCATE|[51]|Bytes:4
13:45:30.0 (46528137)|VARIABLE_ASSIGNMENT|[51]|j|30
13:45:30.0 (46529863)|STATEMENT_EXECUTE|[51]
13:45:30.0 (46531199)|STATEMENT_EXECUTE|[54]
13:45:30.0 (46532514)|STATEMENT_EXECUTE|[55]
13:45:30.0 (46538692)|HEAP_ALLOCATE|[55]|Bytes:1
13:45:30.0 (46548921)|HEAP_ALLOCATE|[55]|Bytes:2
13:45:30.0 (46554270)|HEAP_ALLOCATE|[55]|Bytes:4
13:45:30.0 (46559032)|HEAP_ALLOCATE|[55]|Bytes:1
13:45:30.0 (46566374)|HEAP_ALLOCATE|[55]|Bytes:2
13:45:30.0 (46571018)|HEAP_ALLOCATE|[55]|Bytes:4
13:45:30.0 (46575716)|HEAP_ALLOCATE|[EXTERNAL]|Bytes:4
13:45:30.0 (46578853)|HEAP_ALLOCATE|[51]|Bytes:4
13:45:30.0 (46581559)|VARIABLE_ASSIGNMENT|[51]|j|60
13:45:30.0 (46583417)|HEAP_ALLOCATE|[50]|Bytes:4
13:45:30.0 (46585608)|VARIABLE_ASSIGNMENT|[50]|i|10
13:45:30.0 (46587084)|STATEMENT_EXECUTE|[50]
13:45:30.0 (46588363)|STATEMENT_EXECUTE|[51]
13:45:30.0 (46589933)|VARIABLE_SCOPE_BEGIN|[51]|j|Integer|false|false
13:45:30.0 (46591401)|HEAP_ALLOCATE|[51]|Bytes:4
13:45:30.0 (46593767)|VARIABLE_ASSIGNMENT|[51]|j|0
13:45:30.0 (46599760)|STATEMENT_EXECUTE|[51]
13:45:30.0 (46601097)|STATEMENT_EXECUTE|[52]
13:45:30.0 (46602139)|STATEMENT_EXECUTE|[53]
13:45:30.0 (46608560)|HEAP_ALLOCATE|[53]|Bytes:2
13:45:30.0 (46616197)|HEAP_ALLOCATE|[53]|Bytes:1
13:45:30.0 (46621176)|HEAP_ALLOCATE|[53]|Bytes:5
13:45:30.0 (46625971)|HEAP_ALLOCATE|[53]|Bytes:2
13:45:30.0 (46636021)|HEAP_ALLOCATE|[53]|Bytes:1
13:45:30.0 (46640865)|HEAP_ALLOCATE|[53]|Bytes:5
13:45:30.0 (46645673)|HEAP_ALLOCATE|[EXTERNAL]|Bytes:4
13:45:30.0 (46649048)|HEAP_ALLOCATE|[51]|Bytes:4
13:45:30.0 (46651872)|VARIABLE_ASSIGNMENT|[51]|j|30
13:45:30.0 (46653798)|STATEMENT_EXECUTE|[51]
13:45:30.0 (46655038)|STATEMENT_EXECUTE|[54]
13:45:30.0 (46655965)|STATEMENT_EXECUTE|[55]
13:45:30.0 (46661762)|HEAP_ALLOCATE|[55]|Bytes:2
13:45:30.0 (46669373)|HEAP_ALLOCATE|[55]|Bytes:2
13:45:30.0 (46674143)|HEAP_ALLOCATE|[55]|Bytes:5
13:45:30.0 (46684313)|HEAP_ALLOCATE|[55]|Bytes:2
13:45:30.0 (46691832)|HEAP_ALLOCATE|[55]|Bytes:2
13:45:30.0 (46696555)|HEAP_ALLOCATE|[55]|Bytes:5
13:45:30.0 (46701043)|HEAP_ALLOCATE|[EXTERNAL]|Bytes:4
13:45:30.0 (46704336)|HEAP_ALLOCATE|[51]|Bytes:4
13:45:30.0 (46707168)|VARIABLE_ASSIGNMENT|[51]|j|60
13:45:30.0 (46709829)|HEAP_ALLOCATE|[50]|Bytes:4
13:45:30.0 (46716413)|VARIABLE_ASSIGNMENT|[50]|i|11
13:45:30.0 (46718232)|STATEMENT_EXECUTE|[50]
13:45:30.0 (46719650)|STATEMENT_EXECUTE|[51]
13:45:30.0 (46721548)|VARIABLE_SCOPE_BEGIN|[51]|j|Integer|false|false
13:45:30.0 (46723357)|HEAP_ALLOCATE|[51]|Bytes:4
13:45:30.0 (46725787)|VARIABLE_ASSIGNMENT|[51]|j|0
13:45:30.0 (46727451)|STATEMENT_EXECUTE|[51]
13:45:30.0 (46728687)|STATEMENT_EXECUTE|[52]
13:45:30.0 (46729705)|STATEMENT_EXECUTE|[53]
13:45:30.0 (46736350)|HEAP_ALLOCATE|[53]|Bytes:2
13:45:30.0 (46744101)|HEAP_ALLOCATE|[53]|Bytes:1
13:45:30.0 (46749017)|HEAP_ALLOCATE|[53]|Bytes:5
13:45:30.0 (46753662)|HEAP_ALLOCATE|[53]|Bytes:2
13:45:30.0 (46760903)|HEAP_ALLOCATE|[53]|Bytes:1
13:45:30.0 (46765775)|HEAP_ALLOCATE|[53]|Bytes:5
13:45:30.0 (46770652)|HEAP_ALLOCATE|[EXTERNAL]|Bytes:4
13:45:30.0 (46774089)|HEAP_ALLOCATE|[51]|Bytes:4
13:45:30.0 (46776777)|VARIABLE_ASSIGNMENT|[51]|j|30
13:45:30.0 (46778446)|STATEMENT_EXECUTE|[51]
13:45:30.0 (46779699)|STATEMENT_EXECUTE|[54]
13:45:30.0 (46781014)|STATEMENT_EXECUTE|[55]
13:45:30.0 (46786862)|HEAP_ALLOCATE|[55]|Bytes:2
13:45:30.0 (46794484)|HEAP_ALLOCATE|[55]|Bytes:2
13:45:30.0 (46799275)|HEAP_ALLOCATE|[55]|Bytes:5
13:45:30.0 (46803961)|HEAP_ALLOCATE|[55]|Bytes:2
13:45:30.0 (46811257)|HEAP_ALLOCATE|[55]|Bytes:2
13:45:30.0 (46815947)|HEAP_ALLOCATE|[55]|Bytes:5
13:45:30.0 (46820302)|HEAP_ALLOCATE|[EXTERNAL]|Bytes:4
13:45:30.0 (46823343)|HEAP_ALLOCATE|[51]|Bytes:4
13:45:30.0 (46825866)|VARIABLE_ASSIGNMENT|[51]|j|60
13:45:30.0 (46827689)|HEAP_ALLOCATE|[50]|Bytes:4
13:45:30.0 (46830039)|VARIABLE_ASSIGNMENT|[50]|i|12
13:45:30.0 (46831483)|STATEMENT_EXECUTE|[50]
13:45:30.0 (46832765)|STATEMENT_EXECUTE|[51]
13:45:30.0 (46834325)|VARIABLE_SCOPE_BEGIN|[51]|j|Integer|false|false
13:45:30.0 (46835820)|HEAP_ALLOCATE|[51]|Bytes:4
13:45:30.0 (46838190)|VARIABLE_ASSIGNMENT|[51]|j|0
13:45:30.0 (46839585)|STATEMENT_EXECUTE|[51]
13:45:30.0 (46840825)|STATEMENT_EXECUTE|[52]
13:45:30.0 (46841778)|STATEMENT_EXECUTE|[53]
13:45:30.0 (46847673)|HEAP_ALLOCATE|[53]|Bytes:2
13:45:30.0 (46855432)|HEAP_ALLOCATE|[53]|Bytes:1
13:45:30.0 (46860242)|HEAP_ALLOCATE|[53]|Bytes:5
13:45:30.0 (46864940)|HEAP_ALLOCATE|[53]|Bytes:2
13:45:30.0 (46872089)|HEAP_ALLOCATE|[53]|Bytes:1
13:45:30.0 (46876768)|HEAP_ALLOCATE|[53]|Bytes:5
13:45:30.0 (46881244)|HEAP_ALLOCATE|[EXTERNAL]|Bytes:4
13:45:30.0 (46884888)|HEAP_ALLOCATE|[51]|Bytes:4
13:45:30.0 (46892878)|VARIABLE_ASSIGNMENT|[51]|j|30
13:45:30.0 (46894818)|STATEMENT_EXECUTE|[51]
13:45:30.0 (46896137)|STATEMENT_EXECUTE|[54]
13:45:30.0 (46897169)|STATEMENT_EXECUTE|[55]
13:45:30.0 (46903232)|HEAP_ALLOCATE|[55]|Bytes:2
13:45:30.0 (46911236)|HEAP_ALLOCATE|[55]|Bytes:2
13:45:30.0 (46918756)|HEAP_ALLOCATE|[55]|Bytes:5
13:45:30.0 (46923920)|HEAP_ALLOCATE|[55]|Bytes:2
13:45:30.0 (46931287)|HEAP_ALLOCATE|[55]|Bytes:2
13:45:30.0 (46936274)|HEAP_ALLOCATE|[55]|Bytes:5
13:45:30.0 (46940869)|HEAP_ALLOCATE|[EXTERNAL]|Bytes:4
13:45:30.0 (46944235)|HEAP_ALLOCATE|[51]|Bytes:4
13:45:30.0 (46947143)|VARIABLE_ASSIGNMENT|[51]|j|60
13:45:30.0 (46949140)|HEAP_ALLOCATE|[50]|Bytes:4
13:45:30.0 (46951534)|VARIABLE_ASSIGNMENT|[50]|i|13
13:45:30.0 (46957730)|STATEMENT_EXECUTE|[50]
13:45:30.0 (46959218)|STATEMENT_EXECUTE|[51]
13:45:30.0 (46960829)|VARIABLE_SCOPE_BEGIN|[51]|j|Integer|false|false
13:45:30.0 (46962599)|HEAP_ALLOCATE|[51]|Bytes:4
13:45:30.0 (46964937)|VARIABLE_ASSIGNMENT|[51]|j|0
13:45:30.0 (46966368)|STATEMENT_EXECUTE|[51]
13:45:30.0 (46967805)|STATEMENT_EXECUTE|[52]
13:45:30.0 (46968827)|STATEMENT_EXECUTE|[53]
13:45:30.0 (46974816)|HEAP_ALLOCATE|[53]|Bytes:2
13:45:30.0 (46984724)|HEAP_ALLOCATE|[53]|Bytes:1
13:45:30.0 (46990055)|HEAP_ALLOCATE|[53]|Bytes:5
13:45:30.0 (46994890)|HEAP_ALLOCATE|[53]|Bytes:2
13:45:30.0 (47002099)|HEAP_ALLOCATE|[53]|Bytes:1
13:45:30.0 (47007311)|HEAP_ALLOCATE|[53]|Bytes:5
13:45:30.0 (47011903)|HEAP_ALLOCATE|[EXTERNAL]|Bytes:4
13:45:30.0 (47015320)|HEAP_ALLOCATE|[51]|Bytes:4
13:45:30.0 (47018208)|VARIABLE_ASSIGNMENT|[51]|j|30
13:45:30.0 (47019979)|STATEMENT_EXECUTE|[51]
13:45:30.0 (47021291)|STATEMENT_EXECUTE|[54]
13:45:30.0 (47022367)|STATEMENT_EXECUTE|[55]
13:45:30.0 (47032476)|HEAP_ALLOCATE|[55]|Bytes:2
13:45:30.0 (47040264)|HEAP_ALLOCATE|[55]|Bytes:2
13:45:30.0 (47045162)|HEAP_ALLOCATE|[55]|Bytes:5
13:45:30.0 (47049803)|HEAP_ALLOCATE|[55]|Bytes:2
13:45:30.0 (47059094)|HEAP_ALLOCATE|[55]|Bytes:2
13:45:30.0 (47064157)|HEAP_ALLOCATE|[55]|Bytes:5
13:45:30.0 (47068888)|HEAP_ALLOCATE|[EXTERNAL]|Bytes:4
13:45:30.0 (47072348)|HEAP_ALLOCATE|[51]|Bytes:4
13:45:30.0 (47075291)|VARIABLE_ASSIGNMENT|[51]|j|60
13:45:30.0 (47077152)|HEAP_ALLOCATE|[50]|Bytes:4
13:45:30.0 (47079507)|VARIABLE_ASSIGNMENT|[50]|i|14
13:45:30.0 (47080958)|STATEMENT_EXECUTE|[50]
13:45:30.0 (47082277)|STATEMENT_EXECUTE|[51]
13:45:30.0 (47083824)|VARIABLE_SCOPE_BEGIN|[51]|j|Integer|false|false
13:45:30.0 (47085618)|HEAP_ALLOCATE|[51]|Bytes:4
13:45:30.0 (47087822)|VARIABLE_ASSIGNMENT|[51]|j|0
13:45:30.0 (47089254)|STATEMENT_EXECUTE|[51]
13:45:30.0 (47091144)|STATEMENT_EXECUTE|[52]
13:45:30.0 (47096743)|STATEMENT_EXECUTE|[53]
13:45:30.0 (47102982)|HEAP_ALLOCATE|[53]|Bytes:2
13:45:30.0 (47111169)|HEAP_ALLOCATE|[53]|Bytes:1
13:45:30.0 (47116304)|HEAP_ALLOCATE|[53]|Bytes:5
13:45:30.0 (47121043)|HEAP_ALLOCATE|[53]|Bytes:2
13:45:30.0 (47131554)|HEAP_ALLOCATE|[53]|Bytes:1
13:45:30.0 (47136405)|HEAP_ALLOCATE|[53]|Bytes:5
13:45:30.0 (47141221)|HEAP_ALLOCATE|[EXTERNAL]|Bytes:4
13:45:30.0 (47144748)|HEAP_ALLOCATE|[51]|Bytes:4
13:45:30.0 (47147602)|VARIABLE_ASSIGNMENT|[51]|j|30
13:45:30.0 (47149460)|STATEMENT_EXECUTE|[51]
13:45:30.0 (47150765)|STATEMENT_EXECUTE|[54]
13:45:30.0 (47151726)|STATEMENT_EXECUTE|[55]
13:45:30.0 (47157383)|HEAP_ALLOCATE|[55]|Bytes:2
13:45:30.0 (47164931)|HEAP_ALLOCATE|[55]|Bytes:2
13:45:30.0 (47169824)|HEAP_ALLOCATE|[55]|Bytes:5
13:45:30.0 (47174378)|HEAP_ALLOCATE|[55]|Bytes:2
13:45:30.0 (47181394)|HEAP_ALLOCATE|[55]|Bytes:2
13:45:30.0 (47186002)|HEAP_ALLOCATE|[55]|Bytes:5
13:45:30.0 (47190447)|HEAP_ALLOCATE|[EXTERNAL]|Bytes:4
13:45:30.0 (47193582)|HEAP_ALLOCATE|[51]|Bytes:4
13:45:30.0 (47196333)|VARIABLE_ASSIGNMENT|[51]|j|60
13:45:30.0 (47198509)|HEAP_ALLOCATE|[50]|Bytes:4
13:45:30.0 (47200878)|VARIABLE_ASSIGNMENT|[50]|i|15
13:45:30.0 (47202377)|STATEMENT_EXECUTE|[50]
13:45:30.0 (47203659)|STATEMENT_EXECUTE|[51]
13:45:30.0 (47205314)|VARIABLE_SCOPE_BEGIN|[51]|j|Integer|false|false
13:45:30.0 (47206856)|HEAP_ALLOCATE|[51]|Bytes:4
13:45:30.0 (47209106)|VARIABLE_ASSIGNMENT|[51]|j|0
13:45:30.0 (47210562)|STATEMENT_EXECUTE|[51]
13:45:30.0 (47211795)|STATEMENT_EXECUTE|[52]
13:45:30.0 (47212744)|STATEMENT_EXECUTE|[53]
13:45:30.0 (47218584)|HEAP_ALLOCATE|[53]|Bytes:2
13:45:30.0 (47226030)|HEAP_ALLOCATE|[53]|Bytes:1
13:45:30.0 (47230858)|HEAP_ALLOCATE|[53]|Bytes:5
13:45:30.0 (47235512)|HEAP_ALLOCATE|[53]|Bytes:2
13:45:30.0 (47242728)|HEAP_ALLOCATE|[53]|Bytes:1
13:45:30.0 (47247351)|HEAP_ALLOCATE|[53]|Bytes:5
13:45:30.0 (47251721)|HEAP_ALLOCATE|[EXTERNAL]|Bytes:4
13:45:30.0 (47255097)|HEAP_ALLOCATE|[51]|Bytes:4
13:45:30.0 (47257680)|VARIABLE_ASSIGNMENT|[51]|j|30
13:45:30.0 (47259281)|STATEMENT_EXECUTE|[51]
13:45:30.0 (47260511)|STATEMENT_EXECUTE|[54]
13:45:30.0 (47261738)|STATEMENT_EXECUTE|[55]
13:45:30.0 (47267410)|HEAP_ALLOCATE|[55]|Bytes:2
13:45:30.0 (47274788)|HEAP_ALLOCATE|[55]|Bytes:2
13:45:30.0 (47279613)|HEAP_ALLOCATE|[55]|Bytes:5
13:45:30.0 (47284480)|HEAP_ALLOCATE|[55]|Bytes:2
13:45:30.0 (47291685)|HEAP_ALLOCATE|[55]|Bytes:2
13:45:30.0 (47296513)|HEAP_ALLOCATE|[55]|Bytes:5
13:45:30.0 (47300814)|HEAP_ALLOCATE|[EXTERNAL]|Bytes:4
13:45:30.0 (47303999)|HEAP_ALLOCATE|[51]|Bytes:4
13:45:30.0 (47306452)|VARIABLE_ASSIGNMENT|[51]|j|60
13:45:30.0 (47308237)|HEAP_ALLOCATE|[50]|Bytes:4
13:45:30.0 (47310528)|VARIABLE_ASSIGNMENT|[50]|i|16
13:45:30.0 (47311971)|STATEMENT_EXECUTE|[50]
13:45:30.0 (47313185)|STATEMENT_EXECUTE|[51]
13:45:30.0 (47314770)|VARIABLE_SCOPE_BEGIN|[51]|j|Integer|false|false
13:45:30.0 (47316224)|HEAP_ALLOCATE|[51]|Bytes:4
13:45:30.0 (47318424)|VARIABLE_ASSIGNMENT|[51]|j|0
13:45:30.0 (47319797)|STATEMENT_EXECUTE|[51]
13:45:30.0 (47321038)|STATEMENT_EXECUTE|[52]
13:45:30.0 (47321979)|STATEMENT_EXECUTE|[53]
13:45:30.0 (47327415)|HEAP_ALLOCATE|[53]|Bytes:2
13:45:30.0 (47335134)|HEAP_ALLOCATE|[53]|Bytes:1
13:45:30.0 (47339930)|HEAP_ALLOCATE|[53]|Bytes:5
13:45:30.0 (47344537)|HEAP_ALLOCATE|[53]|Bytes:2
13:45:30.0 (47351734)|HEAP_ALLOCATE|[53]|Bytes:1
13:45:30.0 (47356361)|HEAP_ALLOCATE|[53]|Bytes:5
13:45:30.0 (47360793)|HEAP_ALLOCATE|[EXTERNAL]|Bytes:4
13:45:30.0 (47364185)|HEAP_ALLOCATE|[51]|Bytes:4
13:45:30.0 (47366812)|VARIABLE_ASSIGNMENT|[51]|j|30
13:45:30.0 (47368476)|STATEMENT_EXECUTE|[51]
13:45:30.0 (47369739)|STATEMENT_EXECUTE|[54]
13:45:30.0 (47370687)|STATEMENT_EXECUTE|[55]
13:45:30.0 (47376124)|HEAP_ALLOCATE|[55]|Bytes:2
13:45:30.0 (47383520)|HEAP_ALLOCATE|[55]|Bytes:2
13:45:30.0 (47388337)|HEAP_ALLOCATE|[55]|Bytes:5
13:45:30.0 (47392960)|HEAP_ALLOCATE|[55]|Bytes:2
13:45:30.0 (47400191)|HEAP_ALLOCATE|[55]|Bytes:2
13:45:30.0 (47410201)|HEAP_ALLOCATE|[55]|Bytes:5
13:45:30.0 (47415212)|HEAP_ALLOCATE|[EXTERNAL]|Bytes:4
13:45:30.0 (47418565)|HEAP_ALLOCATE|[51]|Bytes:4
13:45:30.0 (47421383)|VARIABLE_ASSIGNMENT|[51]|j|60
13:45:30.0 (47423348)|HEAP_ALLOCATE|[50]|Bytes:4
13:45:30.0 (47426092)|VARIABLE_ASSIGNMENT|[50]|i|17
13:45:30.0 (47427642)|STATEMENT_EXECUTE|[50]
13:45:30.0 (47429541)|STATEMENT_EXECUTE|[51]
13:45:30.0 (47432000)|VARIABLE_SCOPE_BEGIN|[51]|j|Integer|false|false
13:45:30.0 (47434049)|HEAP_ALLOCATE|[51]|Bytes:4
13:45:30.0 (47436375)|VARIABLE_ASSIGNMENT|[51]|j|0
13:45:30.0 (47437818)|STATEMENT_EXECUTE|[51]
13:45:30.0 (47439080)|STATEMENT_EXECUTE|[52]
13:45:30.0 (47440034)|STATEMENT_EXECUTE|[53]
13:45:30.0 (47446502)|HEAP_ALLOCATE|[53]|Bytes:2
13:45:30.0 (47454237)|HEAP_ALLOCATE|[53]|Bytes:1
13:45:30.0 (47459134)|HEAP_ALLOCATE|[53]|Bytes:5
13:45:30.0 (47464126)|HEAP_ALLOCATE|[53]|Bytes:2
13:45:30.0 (47476873)|HEAP_ALLOCATE|[53]|Bytes:1
13:45:30.0 (47481777)|HEAP_ALLOCATE|[53]|Bytes:5
13:45:30.0 (47486440)|HEAP_ALLOCATE|[EXTERNAL]|Bytes:4
13:45:30.0 (47490097)|HEAP_ALLOCATE|[51]|Bytes:4
13:45:30.0 (47492942)|VARIABLE_ASSIGNMENT|[51]|j|30
13:45:30.0 (47495583)|STATEMENT_EXECUTE|[51]
13:45:30.0 (47497394)|STATEMENT_EXECUTE|[54]
13:45:30.0 (47499085)|STATEMENT_EXECUTE|[55]
13:45:30.0 (47505353)|HEAP_ALLOCATE|[55]|Bytes:2
13:45:30.0 (47513331)|HEAP_ALLOCATE|[55]|Bytes:2
13:45:30.0 (47518286)|HEAP_ALLOCATE|[55]|Bytes:5
13:45:30.0 (47523128)|HEAP_ALLOCATE|[55]|Bytes:2
13:45:30.0 (47530299)|HEAP_ALLOCATE|[55]|Bytes:2
13:45:30.0 (47534970)|HEAP_ALLOCATE|[55]|Bytes:5
13:45:30.0 (47539504)|HEAP_ALLOCATE|[EXTERNAL]|Bytes:4
13:45:30.0 (47548012)|HEAP_ALLOCATE|[51]|Bytes:4
13:45:30.0 (47550955)|VARIABLE_ASSIGNMENT|[51]|j|60
13:45:30.0 (47552844)|HEAP_ALLOCATE|[50]|Bytes:4
13:45:30.0 (47555163)|VARIABLE_ASSIGNMENT|[50]|i|18
13:45:30.0 (47556675)|STATEMENT_EXECUTE|[50]
13:45:30.0 (47557978)|STATEMENT_EXECUTE|[51]
13:45:30.0 (47559679)|VARIABLE_SCOPE_BEGIN|[51]|j|Integer|false|false
13:45:30.0 (47561216)|HEAP_ALLOCATE|[51]|Bytes:4
13:45:30.0 (47563576)|VARIABLE_ASSIGNMENT|[51]|j|0
13:45:30.0 (47564995)|STATEMENT_EXECUTE|[51]
13:45:30.0 (47566872)|STATEMENT_EXECUTE|[52]
13:45:30.0 (47568280)|STATEMENT_EXECUTE|[53]
13:45:30.0 (47575416)|HEAP_ALLOCATE|[53]|Bytes:2
13:45:30.0 (47583786)|HEAP_ALLOCATE|[53]|Bytes:1
13:45:30.0 (47588948)|HEAP_ALLOCATE|[53]|Bytes:5
13:45:30.0 (47593604)|HEAP_ALLOCATE|[53]|Bytes:2
13:45:30.0 (47600735)|HEAP_ALLOCATE|[53]|Bytes:1
13:45:30.0 (47610229)|HEAP_ALLOCATE|[53]|Bytes:5
13:45:30.0 (47615053)|HEAP_ALLOCATE|[EXTERNAL]|Bytes:4
13:45:30.0 (47618640)|HEAP_ALLOCATE|[51]|Bytes:4
13:45:30.0 (47621542)|VARIABLE_ASSIGNMENT|[51]|j|30
13:45:30.0 (47623269)|STATEMENT_EXECUTE|[51]
13:45:30.0 (47624543)|STATEMENT_EXECUTE|[54]
13:45:30.0 (47625524)|STATEMENT_EXECUTE|[55]
13:45:30.0 (47632277)|HEAP_ALLOCATE|[55]|Bytes:2
13:45:30.0 (47641281)|HEAP_ALLOCATE|[55]|Bytes:2
13:45:30.0 (47646185)|HEAP_ALLOCATE|[55]|Bytes:5
13:45:30.0 (47650853)|HEAP_ALLOCATE|[55]|Bytes:2
13:45:30.0 (47658171)|HEAP_ALLOCATE|[55]|Bytes:2
13:45:30.0 (47662794)|HEAP_ALLOCATE|[55]|Bytes:5
13:45:30.0 (47667418)|HEAP_ALLOCATE|[EXTERNAL]|Bytes:4
13:45:30.0 (47670706)|HEAP_ALLOCATE|[51]|Bytes:4
13:45:30.0 (47673357)|VARIABLE_ASSIGNMENT|[51]|j|60
13:45:30.0 (47675123)|HEAP_ALLOCATE|[50]|Bytes:4
13:45:30.0 (47677701)|VARIABLE_ASSIGNMENT|[50]|i|19
13:45:30.0 (47679234)|STATEMENT_EXECUTE|[50]
13:45:30.0 (47680552)|STATEMENT_EXECUTE|[51]
13:45:30.0 (47687214)|VARIABLE_SCOPE_BEGIN|[51]|j|Integer|false|false
13:45:30.0 (47688844)|HEAP_ALLOCATE|[51]|Bytes:4
13:45:30.0 (47691005)|VARIABLE_ASSIGNMENT|[51]|j|0
13:45:30.0 (47692432)|STATEMENT_EXECUTE|[51]
13:45:30.0 (47693686)|STATEMENT_EXECUTE|[52]
13:45:30.0 (47694649)|STATEMENT_EXECUTE|[53]
13:45:30.0 (47700635)|HEAP_ALLOCATE|[53]|Bytes:2
13:45:30.0 (47708506)|HEAP_ALLOCATE|[53]|Bytes:1
13:45:30.0 (47718383)|HEAP_ALLOCATE|[53]|Bytes:5
13:45:30.0 (47723859)|HEAP_ALLOCATE|[53]|Bytes:2
13:45:30.0 (47731450)|HEAP_ALLOCATE|[53]|Bytes:1
13:45:30.0 (47736018)|HEAP_ALLOCATE|[53]|Bytes:5
13:45:30.0 (47740840)|HEAP_ALLOCATE|[EXTERNAL]|Bytes:4
13:45:30.0 (47744465)|HEAP_ALLOCATE|[51]|Bytes:4
13:45:30.0 (47747349)|VARIABLE_ASSIGNMENT|[51]|j|30
13:45:30.0 (47749117)|STATEMENT_EXECUTE|[51]
13:45:30.0 (47750394)|STATEMENT_EXECUTE|[54]
13:45:30.0 (47751347)|STATEMENT_EXECUTE|[55]
13:45:30.0 (47757514)|HEAP_ALLOCATE|[55]|Bytes:2
13:45:30.0 (47769454)|HEAP_ALLOCATE|[55]|Bytes:2
13:45:30.0 (47774529)|HEAP_ALLOCATE|[55]|Bytes:5
13:45:30.0 (47779226)|HEAP_ALLOCATE|[55]|Bytes:2
13:45:30.0 (47786449)|HEAP_ALLOCATE|[55]|Bytes:2
13:45:30.0 (47791127)|HEAP_ALLOCATE|[55]|Bytes:5
13:45:30.0 (47796326)|HEAP_ALLOCATE|[EXTERNAL]|Bytes:4
13:45:30.0 (47801377)|HEAP_ALLOCATE|[51]|Bytes:4
13:45:30.0 (47805256)|VARIABLE_ASSIGNMENT|[51]|j|60
13:45:30.0 (47807194)|HEAP_ALLOCATE|[50]|Bytes:4
13:45:30.0 (47809395)|VARIABLE_ASSIGNMENT|[50]|i|20
13:45:30.0 (47810957)|STATEMENT_EXECUTE|[50]
13:45:30.0 (47812265)|STATEMENT_EXECUTE|[51]
13:45:30.0 (47813927)|VARIABLE_SCOPE_BEGIN|[51]|j|Integer|false|false
13:45:30.0 (47815556)|HEAP_ALLOCATE|[51]|Bytes:4
13:45:30.0 (47817730)|VARIABLE_ASSIGNMENT|[51]|j|0
13:45:30.0 (47819131)|STATEMENT_EXECUTE|[51]
13:45:30.0 (47820370)|STATEMENT_EXECUTE|[52]
13:45:30.0 (47821428)|STATEMENT_EXECUTE|[53]
13:45:30.0 (47827949)|HEAP_ALLOCATE|[53]|Bytes:2
13:45:30.0 (47835948)|HEAP_ALLOCATE|[53]|Bytes:1
13:45:30.0 (47841047)|HEAP_ALLOCATE|[53]|Bytes:5
13:45:30.0 (47845789)|HEAP_ALLOCATE|[53]|Bytes:2
13:45:30.0 (47853161)|HEAP_ALLOCATE|[53]|Bytes:1
13:45:30.0 (47857777)|HEAP_ALLOCATE|[53]|Bytes:5
13:45:30.0 (47862262)|HEAP_ALLOCATE|[EXTERNAL]|Bytes:4
13:45:30.0 (47865559)|HEAP_ALLOCATE|[51]|Bytes:4
13:45:30.0 (47868145)|VARIABLE_ASSIGNMENT|[51]|j|30
13:45:30.0 (47869816)|STATEMENT_EXECUTE|[51]
13:45:30.0 (47871096)|STATEMENT_EXECUTE|[54]
13:45:30.0 (47872032)|STATEMENT_EXECUTE|[55]
13:45:30.0 (47877584)|HEAP_ALLOCATE|[55]|Bytes:2
13:45:30.0 (47885034)|HEAP_ALLOCATE|[55]|Bytes:2
13:45:30.0 (47889929)|HEAP_ALLOCATE|[55]|Bytes:5
13:45:30.0 (47894726)|HEAP_ALLOCATE|[55]|Bytes:2
13:45:30.0 (47901901)|HEAP_ALLOCATE|[55]|Bytes:2
13:45:30.0 (47906581)|HEAP_ALLOCATE|[55]|Bytes:5
13:45:30.0 (47910905)|HEAP_ALLOCATE|[EXTERNAL]|Bytes:4
13:45:30.0 (47913915)|HEAP_ALLOCATE|[51]|Bytes:4
13:45:30.0 (47916330)|VARIABLE_ASSIGNMENT|[51]|j|60
13:45:30.0 (47918182)|HEAP_ALLOCATE|[50]|Bytes:4
13:45:30.0 (47920614)|VARIABLE_ASSIGNMENT|[50]|i|21
13:45:30.0 (47922110)|STATEMENT_EXECUTE|[50]
13:45:30.0 (47923402)|STATEMENT_EXECUTE|[51]
13:45:30.0 (47924941)|VARIABLE_SCOPE_BEGIN|[51]|j|Integer|false|false
13:45:30.0 (47926422)|HEAP_ALLOCATE|[51]|Bytes:4
13:45:30.0 (47928615)|VARIABLE_ASSIGNMENT|[51]|j|0
13:45:30.0 (47930024)|STATEMENT_EXECUTE|[51]
13:45:30.0 (47931250)|STATEMENT_EXECUTE|[52]
13:45:30.0 (47932182)|STATEMENT_EXECUTE|[53]
13:45:30.0 (47937994)|HEAP_ALLOCATE|[53]|Bytes:2
13:45:30.0 (47945616)|HEAP_ALLOCATE|[53]|Bytes:1
13:45:30.0 (47950373)|HEAP_ALLOCATE|[53]|Bytes:5
13:45:30.0 (47955048)|HEAP_ALLOCATE|[53]|Bytes:2
13:45:30.0 (47962361)|HEAP_ALLOCATE|[53]|Bytes:1
13:45:30.0 (47966959)|HEAP_ALLOCATE|[53]|Bytes:5
13:45:30.0 (47971217)|HEAP_ALLOCATE|[EXTERNAL]|Bytes:4
13:45:30.0 (47974393)|HEAP_ALLOCATE|[51]|Bytes:4
13:45:30.0 (47976813)|VARIABLE_ASSIGNMENT|[51]|j|30
13:45:30.0 (47978450)|STATEMENT_EXECUTE|[51]
13:45:30.0 (47984660)|STATEMENT_EXECUTE|[54]
13:45:30.0 (47985809)|STATEMENT_EXECUTE|[55]
13:45:30.0 (47991840)|HEAP_ALLOCATE|[55]|Bytes:2
13:45:30.0 (47999544)|HEAP_ALLOCATE|[55]|Bytes:2
13:45:30.0 (48004604)|HEAP_ALLOCATE|[55]|Bytes:5
13:45:30.0 (48012420)|HEAP_ALLOCATE|[55]|Bytes:2
13:45:30.0 (48019974)|HEAP_ALLOCATE|[55]|Bytes:2
13:45:30.0 (48024685)|HEAP_ALLOCATE|[55]|Bytes:5
13:45:30.0 (48029611)|HEAP_ALLOCATE|[EXTERNAL]|Bytes:4
13:45:30.0 (48032936)|HEAP_ALLOCATE|[51]|Bytes:4
13:45:30.0 (48035598)|VARIABLE_ASSIGNMENT|[51]|j|60
13:45:30.0 (48037444)|HEAP_ALLOCATE|[50]|Bytes:4
13:45:30.0 (48039713)|VARIABLE_ASSIGNMENT|[50]|i|22
13:45:30.0 (48041259)|STATEMENT_EXECUTE|[50]
13:45:30.0 (48042540)|STATEMENT_EXECUTE|[51]
13:45:30.0 (48044109)|VARIABLE_SCOPE_BEGIN|[51]|j|Integer|false|false
13:45:30.0 (48050495)|HEAP_ALLOCATE|[51]|Bytes:4
13:45:30.0 (48052951)|VARIABLE_ASSIGNMENT|[51]|j|0
13:45:30.0 (48054534)|STATEMENT_EXECUTE|[51]
13:45:30.0 (48055788)|STATEMENT_EXECUTE|[52]
13:45:30.0 (48056825)|STATEMENT_EXECUTE|[53]
13:45:30.0 (48063003)|HEAP_ALLOCATE|[53]|Bytes:2
13:45:30.0 (48070848)|HEAP_ALLOCATE|[53]|Bytes:1
13:45:30.0 (48078889)|HEAP_ALLOCATE|[53]|Bytes:5
13:45:30.0 (48083799)|HEAP_ALLOCATE|[53]|Bytes:2
13:45:30.0 (48090987)|HEAP_ALLOCATE|[53]|Bytes:1
13:45:30.0 (48095599)|HEAP_ALLOCATE|[53]|Bytes:5
13:45:30.0 (48100220)|HEAP_ALLOCATE|[EXTERNAL]|Bytes:4
13:45:30.0 (48103738)|HEAP_ALLOCATE|[51]|Bytes:4
13:45:30.0 (48106331)|VARIABLE_ASSIGNMENT|[51]|j|30
13:45:30.0 (48108040)|STATEMENT_EXECUTE|[51]
13:45:30.0 (48109303)|STATEMENT_EXECUTE|[54]
13:45:30.0 (48110227)|STATEMENT_EXECUTE|[55]
13:45:30.0 (48115892)|HEAP_ALLOCATE|[55]|Bytes:2
13:45:30.0 (48127606)|HEAP_ALLOCATE|[55]|Bytes:2
13:45:30.0 (48132693)|HEAP_ALLOCATE|[55]|Bytes:5
13:45:30.0 (48137449)|HEAP_ALLOCATE|[55]|Bytes:2
13:45:30.0 (48145573)|HEAP_ALLOCATE|[55]|Bytes:2
13:45:30.0 (48151979)|HEAP_ALLOCATE|[55]|Bytes:5
13:45:30.0 (48156537)|HEAP_ALLOCATE|[EXTERNAL]|Bytes:4
13:45:30.0 (48159887)|HEAP_ALLOCATE|[51]|Bytes:4
13:45:30.0 (48162765)|VARIABLE_ASSIGNMENT|[51]|j|60
13:45:30.0 (48164791)|HEAP_ALLOCATE|[50]|Bytes:4
13:45:30.0 (48167322)|VARIABLE_ASSIGNMENT|[50]|i|23
13:45:30.0 (48168911)|STATEMENT_EXECUTE|[50]
13:45:30.0 (48170235)|STATEMENT_EXECUTE|[51]
13:45:30.0 (48171786)|VARIABLE_SCOPE_BEGIN|[51]|j|Integer|false|false
13:45:30.0 (48173319)|HEAP_ALLOCATE|[51]|Bytes:4
13:45:30.0 (48175561)|VARIABLE_ASSIGNMENT|[51]|j|0
13:45:30.0 (48176971)|STATEMENT_EXECUTE|[51]
13:45:30.0 (48178192)|STATEMENT_EXECUTE|[52]
13:45:30.0 (48179135)|STATEMENT_EXECUTE|[53]
13:45:30.0 (48188737)|HEAP_ALLOCATE|[53]|Bytes:2
13:45:30.0 (48196479)|HEAP_ALLOCATE|[53]|Bytes:1
13:45:30.0 (48201550)|HEAP_ALLOCATE|[53]|Bytes:5
13:45:30.0 (48206394)|HEAP_ALLOCATE|[53]|Bytes:2
13:45:30.0 (48215108)|HEAP_ALLOCATE|[53]|Bytes:1
13:45:30.0 (48220907)|HEAP_ALLOCATE|[53]|Bytes:5
13:45:30.0 (48225606)|HEAP_ALLOCATE|[EXTERNAL]|Bytes:4
13:45:30.0 (48229075)|HEAP_ALLOCATE|[51]|Bytes:4
13:45:30.0 (48231830)|VARIABLE_ASSIGNMENT|[51]|j|30
13:45:30.0 (48233571)|STATEMENT_EXECUTE|[51]
13:45:30.0 (48234855)|STATEMENT_EXECUTE|[54]
13:45:30.0 (48235820)|STATEMENT_EXECUTE|[55]
13:45:30.0 (48241564)|HEAP_ALLOCATE|[55]|Bytes:2
13:45:30.0 (48249076)|HEAP_ALLOCATE|[55]|Bytes:2
13:45:30.0 (48253861)|HEAP_ALLOCATE|[55]|Bytes:5
13:45:30.0 (48258605)|HEAP_ALLOCATE|[55]|Bytes:2
13:45:30.0 (48265739)|HEAP_ALLOCATE|[55]|Bytes:2
13:45:30.0 (48275380)|HEAP_ALLOCATE|[55]|Bytes:5
13:45:30.0 (48279990)|HEAP_ALLOCATE|[EXTERNAL]|Bytes:4
13:45:30.0 (48283317)|HEAP_ALLOCATE|[51]|Bytes:4
13:45:30.0 (48285947)|VARIABLE_ASSIGNMENT|[51]|j|60
13:45:30.0 (48287710)|HEAP_ALLOCATE|[50]|Bytes:4
13:45:30.0 (48290261)|VARIABLE_ASSIGNMENT|[50]|i|24
13:45:30.0 (48292116)|STATEMENT_EXECUTE|[59]
13:45:30.0 (48409980)|SYSTEM_MODE_ENTER|true
13:45:30.0 (48435507)|HEAP_ALLOCATE|[EXTERNAL]|Bytes:80
13:45:30.0 (48490748)|VARIABLE_ASSIGNMENT|[EXTERNAL]|this|{"delToHub":true,"delToProj":false,"detail":"0x1a99dcd8","invoked":false,"rejected":false,"reserved":false,"selectedTime3":"8:00","sublocations1":"0x2f3798a4","www":"0x637f7322","wwwById":"0x638b0d06"}|0x3786fe5d
13:45:30.0 (48497700)|STATEMENT_EXECUTE|[78]
13:45:30.0 (48502429)|STATEMENT_EXECUTE|[79]
13:45:30.0 (48503740)|STATEMENT_EXECUTE|[83]
13:45:30.51 (51740236)|SYSTEM_MODE_ENTER|true
13:45:30.51 (51790958)|HEAP_ALLOCATE|[EXTERNAL]|Bytes:8
13:45:30.51 (51797184)|VARIABLE_SCOPE_BEGIN|[88]|this|ApexPage.PageMessagesComponentController|true|false
13:45:30.51 (51820929)|VARIABLE_ASSIGNMENT|[88]|this|{}|0x5301213c
13:45:30.51 (51823812)|VARIABLE_SCOPE_BEGIN|[88]|escape|Boolean|false|false
13:45:30.51 (51827182)|VARIABLE_ASSIGNMENT|[88]|escape|null
13:45:30.0 (52220843)|SYSTEM_MODE_ENTER|true
13:45:30.0 (52244686)|HEAP_ALLOCATE|[EXTERNAL]|Bytes:4
13:45:30.0 (52248368)|HEAP_ALLOCATE|[EXTERNAL]|Bytes:80
13:45:30.0 (52263363)|VARIABLE_ASSIGNMENT|[EXTERNAL]|this.selectedTime3|"8:00"|0x3786fe5d
13:45:30.0 (52298190)|SYSTEM_MODE_ENTER|true
13:45:30.0 (52318923)|HEAP_ALLOCATE|[EXTERNAL]|Bytes:80
13:45:30.0 (52365872)|VARIABLE_ASSIGNMENT|[EXTERNAL]|this|{"delToHub":true,"delToProj":false,"detail":"0x1a99dcd8","invoked":false,"rejected":false,"reserved":false,"selectedTime3":"8:00","sublocations1":"0x2f3798a4","www":"0x637f7322","wwwById":"0x638b0d06"}|0x3786fe5d
13:45:30.0 (52371987)|STATEMENT_EXECUTE|[3]
13:45:30.0 (52375164)|STATEMENT_EXECUTE|[4]
13:45:30.0 (52376655)|STATEMENT_EXECUTE|[9]
13:45:30.0 (52792556)|SYSTEM_MODE_ENTER|true
13:45:30.0 (52817155)|HEAP_ALLOCATE|[EXTERNAL]|Bytes:80
13:45:30.0 (52863876)|VARIABLE_ASSIGNMENT|[EXTERNAL]|this|{"delToHub":true,"delToProj":false,"detail":"0x1a99dcd8","invoked":false,"rejected":false,"reserved":false,"selectedTime3":"8:00","sublocations1":"0x2f3798a4","www":"0x637f7322","wwwById":"0x638b0d06"}|0x3786fe5d
13:45:30.0 (52869985)|STATEMENT_EXECUTE|[204]
13:45:30.0 (52872721)|STATEMENT_EXECUTE|[205]
13:45:30.0 (52874031)|STATEMENT_EXECUTE|[208]
13:45:30.0 (52914408)|SYSTEM_MODE_ENTER|true
13:45:30.0 (52930877)|HEAP_ALLOCATE|[EXTERNAL]|Bytes:80
13:45:30.0 (52968641)|VARIABLE_ASSIGNMENT|[EXTERNAL]|this|{"delToHub":true,"delToProj":false,"detail":"0x1a99dcd8","invoked":false,"rejected":false,"reserved":false,"selectedTime3":"8:00","sublocations1":"0x2f3798a4","www":"0x637f7322","wwwById":"0x638b0d06"}|0x3786fe5d
13:45:30.0 (52973598)|STATEMENT_EXECUTE|[220]
13:45:30.0 (52975818)|STATEMENT_EXECUTE|[221]
13:45:30.0 (52977030)|STATEMENT_EXECUTE|[224]
13:45:30.0 (53017055)|SYSTEM_MODE_ENTER|true
13:45:30.0 (53035478)|HEAP_ALLOCATE|[EXTERNAL]|Bytes:80
13:45:30.0 (53075592)|VARIABLE_ASSIGNMENT|[EXTERNAL]|this|{"delToHub":true,"delToProj":false,"detail":"0x1a99dcd8","invoked":false,"rejected":false,"reserved":false,"selectedTime3":"8:00","sublocations1":"0x2f3798a4","www":"0x637f7322","wwwById":"0x638b0d06"}|0x3786fe5d
13:45:30.0 (53080040)|STATEMENT_EXECUTE|[212]
13:45:30.0 (53082181)|STATEMENT_EXECUTE|[213]
13:45:30.0 (53083237)|STATEMENT_EXECUTE|[216]
13:45:30.0 (53121254)|SYSTEM_MODE_ENTER|true
13:45:30.0 (53140586)|HEAP_ALLOCATE|[EXTERNAL]|Bytes:80
13:45:30.0 (53177744)|VARIABLE_ASSIGNMENT|[EXTERNAL]|this|{"delToHub":true,"delToProj":false,"detail":"0x1a99dcd8","invoked":false,"rejected":false,"reserved":false,"selectedTime3":"8:00","sublocations1":"0x2f3798a4","www":"0x637f7322","wwwById":"0x638b0d06"}|0x3786fe5d
13:45:30.0 (53182735)|STATEMENT_EXECUTE|[21]
13:45:30.0 (53184959)|STATEMENT_EXECUTE|[22]
13:45:30.0 (53186114)|STATEMENT_EXECUTE|[26]
13:45:30.0 (53883583)|HEAP_ALLOCATE|[EXTERNAL]|Bytes:80
13:45:30.0 (53889511)|VARIABLE_SCOPE_BEGIN|[245]|this|NewDeliveredExtension|true|false
13:45:30.0 (53936002)|VARIABLE_ASSIGNMENT|[245]|this|{"delToHub":true,"delToProj":false,"detail":"0x1a99dcd8","invoked":false,"rejected":false,"reserved":false,"selectedTime3":"8:00","sublocations1":"0x2f3798a4","www":"0x637f7322","wwwById":"0x638b0d06"}|0x3786fe5d
13:45:30.0 (53943407)|STATEMENT_EXECUTE|[245]
13:45:30.0 (53945121)|STATEMENT_EXECUTE|[246]
13:45:30.0 (53951365)|HEAP_ALLOCATE|[246]|Bytes:4
13:45:30.0 (54062661)|VARIABLE_ASSIGNMENT|[EXTERNAL]|this|{"delToHub":true,"delToProj":false,"detail":"0x1a99dcd8","invoked":false,"rejected":false,"reserved":false,"selectedTime3":"8:00","sublocations1":"0x2f3798a4","www":"0x637f7322","wwwById":"0x638b0d06"}|0x3786fe5d
13:45:30.0 (54087468)|HEAP_ALLOCATE|[EXTERNAL]|Bytes:4
13:45:30.0 (54093892)|VARIABLE_ASSIGNMENT|[EXTERNAL]|value|[]|0x2b7d3346
13:45:30.0 (54102055)|VARIABLE_ASSIGNMENT|[185]|this.sublocations1|[]|0x3786fe5d
13:45:30.0 (54114617)|STATEMENT_EXECUTE|[247]
13:45:30.0 (54118926)|HEAP_ALLOCATE|[247]|Bytes:4
13:45:30.0 (54134471)|VARIABLE_SCOPE_BEGIN|[247]|options|List<NewDeliveredExtension.SubLocation>|true|false
13:45:30.0 (54144843)|HEAP_ALLOCATE|[EXTERNAL]|Bytes:4
13:45:30.0 (54148793)|VARIABLE_ASSIGNMENT|[247]|options|[]|0x30f88737
13:45:30.0 (54151083)|STATEMENT_EXECUTE|[248]
13:45:30.0 (54154417)|HEAP_ALLOCATE|[248]|Bytes:18
13:45:30.0 (54209946)|VARIABLE_ASSIGNMENT|[EXTERNAL]|this|{"delToHub":true,"delToProj":false,"detail":"0x1a99dcd8","invoked":false,"rejected":false,"reserved":false,"selectedTime3":"8:00","sublocations1":"0x2b7d3346","www":"0x637f7322","wwwById":"0x638b0d06"}|0x3786fe5d
13:45:30.0 (54214262)|STATEMENT_EXECUTE|[3]
13:45:30.0 (54216790)|STATEMENT_EXECUTE|[4]
13:45:30.0 (54217910)|STATEMENT_EXECUTE|[9]
13:45:30.0 (54287898)|HEAP_ALLOCATE|[248]|Bytes:18
13:45:30.0 (54300992)|HEAP_ALLOCATE|[248]|Bytes:36
13:45:30.0 (54329719)|USER_DEBUG|[248]|DEBUG|detail.Location__ca0B0E0000009MiwUAE
13:45:30.0 (54382182)|VARIABLE_ASSIGNMENT|[EXTERNAL]|this|{"delToHub":true,"delToProj":false,"detail":"0x1a99dcd8","invoked":false,"rejected":false,"reserved":false,"selectedTime3":"8:00","sublocations1":"0x2b7d3346","www":"0x637f7322","wwwById":"0x638b0d06"}|0x3786fe5d
13:45:30.0 (54386524)|STATEMENT_EXECUTE|[3]
13:45:30.0 (54394017)|STATEMENT_EXECUTE|[4]
13:45:30.0 (54395220)|STATEMENT_EXECUTE|[9]
13:45:30.0 (54403782)|STATEMENT_EXECUTE|[250]
13:45:30.0 (54406872)|HEAP_ALLOCATE|[251]|Bytes:68
13:45:30.0 (54416992)|HEAP_ALLOCATE|[251]|Bytes:4
13:45:30.0 (54426600)|HEAP_ALLOCATE|[251]|Bytes:7
13:45:30.0 (54468080)|VARIABLE_ASSIGNMENT|[EXTERNAL]|this|{"delToHub":true,"delToProj":false,"detail":"0x1a99dcd8","invoked":false,"rejected":false,"reserved":false,"selectedTime3":"8:00","sublocations1":"0x2b7d3346","www":"0x637f7322","wwwById":"0x638b0d06"}|0x3786fe5d
13:45:30.0 (54475868)|STATEMENT_EXECUTE|[3]
13:45:30.0 (54477812)|STATEMENT_EXECUTE|[4]
13:45:30.0 (54478939)|STATEMENT_EXECUTE|[9]
13:45:30.0 (57009932)|SOQL_EXECUTE_BEGIN|[251]|Aggregations:0|SELECT Name, Id FROM Location__c 
13:45:30.0 (59709497)|SOQL_EXECUTE_END|[251]|Rows:1
13:45:30.0 (59732260)|HEAP_ALLOCATE|[EXTERNAL]|Bytes:8
13:45:30.0 (59903743)|HEAP_ALLOCATE|[251]|Bytes:49
13:45:30.0 (59910648)|HEAP_ALLOCATE|[251]|Bytes:8
13:45:30.0 (59924444)|SYSTEM_METHOD_ENTRY|[7]|QueryLocatorIterator.QueryLocatorIterator()
13:45:30.0 (59927342)|STATEMENT_EXECUTE|[7]
13:45:30.0 (59935201)|SYSTEM_METHOD_EXIT|[7]|QueryLocatorIterator
13:45:30.0 (59942368)|HEAP_ALLOCATE|[251]|Bytes:28
13:45:30.0 (60006726)|HEAP_ALLOCATE|[251]|Bytes:8
13:45:30.0 (60020274)|HEAP_ALLOCATE|[251]|Bytes:8
13:45:30.0 (60022126)|HEAP_ALLOCATE|[251]|Bytes:8
13:45:30.0 (60025725)|VARIABLE_SCOPE_BEGIN|[15]|this|Database.QueryLocatorIterator|true|false
13:45:30.0 (60047256)|VARIABLE_ASSIGNMENT|[15]|this|{}|0x27b06e95
13:45:30.0 (60050030)|VARIABLE_SCOPE_BEGIN|[15]|values|List<SObject>|true|false
13:45:30.0 (60063257)|VARIABLE_ASSIGNMENT|[15]|values|[{"Name":"27I3A","Id":"a0B0E0000009WnWUAU","RecordTypeId":"01224000000B1zdAAC"}]|0x7d2d6387
13:45:30.0 (60065998)|VARIABLE_SCOPE_BEGIN|[15]|ql|Database.QueryLocator|true|false
13:45:30.0 (60075302)|VARIABLE_ASSIGNMENT|[15]|ql|{"query":"SELECT Name, Id FROM (48 more) ..."}|0x6916e6c5
13:45:30.0 (60078034)|VARIABLE_SCOPE_BEGIN|[15]|totalNumRecords|Integer|false|false
13:45:30.0 (60085161)|VARIABLE_ASSIGNMENT|[15]|totalNumRecords|1
13:45:30.0 (60086827)|VARIABLE_SCOPE_BEGIN|[15]|queryMoreSize|Integer|false|false
13:45:30.0 (60089190)|VARIABLE_ASSIGNMENT|[15]|queryMoreSize|49999
13:45:30.0 (60164846)|HEAP_ALLOCATE|[251]|Bytes:28
13:45:30.0 (60183370)|METHOD_ENTRY|[251]||Database.QueryLocatorIterator.hasNext()
13:45:30.0 (60247830)|METHOD_EXIT|[251]||Database.QueryLocatorIterator.hasNext()
13:45:30.0 (60253877)|METHOD_ENTRY|[251]||Database.QueryLocatorIterator.next()
13:45:30.0 (60339632)|METHOD_EXIT|[251]||Database.QueryLocatorIterator.next()
13:45:30.0 (60347574)|VARIABLE_SCOPE_BEGIN|[251]|loc|Location__c|true|false
13:45:30.0 (60360324)|VARIABLE_ASSIGNMENT|[251]|loc|{"Name":"27I3A","Id":"a0B0E0000009WnWUAU","RecordTypeId":"01224000000B1zdAAC"}|0x3500d7ba
13:45:30.0 (60363723)|STATEMENT_EXECUTE|[251]
13:45:30.0 (60365297)|STATEMENT_EXECUTE|[252]
13:45:30.0 (60426568)|VARIABLE_ASSIGNMENT|[EXTERNAL]|this|{"delToHub":true,"delToProj":false,"detail":"0x1a99dcd8","invoked":false,"rejected":false,"reserved":false,"selectedTime3":"8:00","sublocations1":"0x2b7d3346","www":"0x637f7322","wwwById":"0x638b0d06"}|0x3786fe5d
13:45:30.0 (60432712)|STATEMENT_EXECUTE|[186]
13:45:30.0 (60435100)|STATEMENT_EXECUTE|[187]
13:45:30.0 (60436252)|STATEMENT_EXECUTE|[190]
13:45:30.0 (60450039)|HEAP_ALLOCATE|[252]|Bytes:112
13:45:30.0 (60454444)|HEAP_ALLOCATE|[252]|Bytes:11
13:45:30.0 (60459878)|HEAP_ALLOCATE|[252]|Bytes:12
13:45:30.0 (60477353)|CONSTRUCTOR_ENTRY|[252]|01p2400000DUtXT|<init>(Boolean,Location__c)
13:45:30.0 (60483232)|VARIABLE_SCOPE_BEGIN|[530]|this|NewDeliveredExtension.SubLocation|true|false
13:45:30.0 (60496740)|VARIABLE_ASSIGNMENT|[530]|this|{}|0x2327abc6
13:45:30.0 (60503215)|VARIABLE_SCOPE_BEGIN|[530]|isChecked|Boolean|false|false
13:45:30.0 (60506351)|VARIABLE_ASSIGNMENT|[530]|isChecked|false
13:45:30.0 (60507922)|VARIABLE_SCOPE_BEGIN|[530]|sub|Location__c|true|false
13:45:30.0 (60514392)|VARIABLE_ASSIGNMENT|[530]|sub|{"Name":"27I3A","Id":"a0B0E0000009WnWUAU","RecordTypeId":"01224000000B1zdAAC"}|0x3500d7ba
13:45:30.0 (60517711)|STATEMENT_EXECUTE|[527]
13:45:30.0 (60519066)|STATEMENT_EXECUTE|[528]
13:45:30.0 (60520363)|STATEMENT_EXECUTE|[529]
13:45:30.0 (60529941)|STATEMENT_EXECUTE|[530]
13:45:30.0 (60531362)|STATEMENT_EXECUTE|[531]
13:45:30.0 (60561133)|VARIABLE_ASSIGNMENT|[EXTERNAL]|this|{}|0x2327abc6
13:45:30.0 (60565893)|VARIABLE_ASSIGNMENT|[EXTERNAL]|value|false
13:45:30.0 (60569864)|HEAP_ALLOCATE|[528]|Bytes:5
13:45:30.0 (60576030)|VARIABLE_ASSIGNMENT|[528]|this.isChecked|false|0x2327abc6
13:45:30.0 (60581573)|STATEMENT_EXECUTE|[532]
13:45:30.0 (60600396)|VARIABLE_ASSIGNMENT|[EXTERNAL]|this|{"isChecked":false}|0x2327abc6
13:45:30.0 (60606478)|VARIABLE_ASSIGNMENT|[EXTERNAL]|value|{"Name":"27I3A","Id":"a0B0E0000009WnWUAU","RecordTypeId":"01224000000B1zdAAC"}|0x3500d7ba
13:45:30.0 (60612562)|VARIABLE_ASSIGNMENT|[529]|this.sub|{"Name":"27I3A","Id":"a0B0E0000009WnWUAU","RecordTypeId":"01224000000B1zdAAC"}|0x2327abc6
13:45:30.0 (60626010)|CONSTRUCTOR_EXIT|[252]|01p2400000DUtXT|<init>(Boolean,Location__c)
13:45:30.0 (60636762)|HEAP_ALLOCATE|[EXTERNAL]|Bytes:4
13:45:30.0 (60644247)|METHOD_ENTRY|[251]||Database.QueryLocatorIterator.hasNext()
13:45:30.0 (60656701)|METHOD_EXIT|[251]||Database.QueryLocatorIterator.hasNext()
13:45:30.0 (60662826)|VARIABLE_ASSIGNMENT|[251]|loc|null|
13:45:30.72 (72691320)|SYSTEM_MODE_ENTER|true
13:45:30.72 (72782458)|HEAP_ALLOCATE|[EXTERNAL]|Bytes:8
13:45:30.72 (72794030)|VARIABLE_SCOPE_BEGIN|[88]|this|ApexPage.PageMessagesComponentController|true|false
13:45:30.72 (72832608)|VARIABLE_ASSIGNMENT|[88]|this|{}|0x5301213c
13:45:30.72 (72835965)|VARIABLE_SCOPE_BEGIN|[88]|escape|Boolean|false|false
13:45:30.72 (72840064)|VARIABLE_ASSIGNMENT|[88]|escape|null
13:45:30.72 (72960495)|SYSTEM_MODE_ENTER|true
13:45:30.72 (72986895)|HEAP_ALLOCATE|[EXTERNAL]|Bytes:8
13:45:30.72 (72991143)|VARIABLE_SCOPE_BEGIN|[2]|this|ApexPage.PageMessagesComponentController|true|false
13:45:30.72 (73011405)|VARIABLE_ASSIGNMENT|[2]|this|{}|0x5301213c
13:45:30.0 (73391273)|SYSTEM_MODE_ENTER|true
13:45:30.0 (73417445)|HEAP_ALLOCATE|[EXTERNAL]|Bytes:80
13:45:30.0 (73481621)|VARIABLE_ASSIGNMENT|[EXTERNAL]|this|{"delToHub":true,"delToProj":false,"detail":"0x1a99dcd8","invoked":false,"rejected":false,"reserved":false,"selectedTime3":"8:00","sublocations1":"0x2b7d3346","www":"0x637f7322","wwwById":"0x638b0d06"}|0x3786fe5d
13:45:30.0 (73489646)|STATEMENT_EXECUTE|[196]
13:45:30.0 (73493410)|STATEMENT_EXECUTE|[197]
13:45:30.0 (73494987)|STATEMENT_EXECUTE|[200]
13:45:30.0 (73539737)|SYSTEM_MODE_ENTER|true
13:45:30.0 (73556427)|HEAP_ALLOCATE|[EXTERNAL]|Bytes:80
13:45:30.0 (73595292)|VARIABLE_ASSIGNMENT|[EXTERNAL]|this|{"delToHub":true,"delToProj":false,"detail":"0x1a99dcd8","invoked":false,"rejected":false,"reserved":false,"selectedTime3":"8:00","sublocations1":"0x2b7d3346","www":"0x637f7322","wwwById":"0x638b0d06"}|0x3786fe5d
13:45:30.0 (73600188)|STATEMENT_EXECUTE|[229]
13:45:30.0 (73602669)|STATEMENT_EXECUTE|[230]
13:45:30.0 (73604036)|STATEMENT_EXECUTE|[233]
13:45:30.0 (73663817)|SYSTEM_MODE_ENTER|true
13:45:30.0 (73680700)|HEAP_ALLOCATE|[EXTERNAL]|Bytes:80
13:45:30.0 (73729396)|VARIABLE_ASSIGNMENT|[EXTERNAL]|this|{"delToHub":true,"delToProj":false,"detail":"0x1a99dcd8","invoked":false,"rejected":false,"reserved":false,"selectedTime3":"8:00","sublocations1":"0x2b7d3346","www":"0x637f7322","wwwById":"0x638b0d06"}|0x3786fe5d
13:45:30.0 (73735056)|STATEMENT_EXECUTE|[3]
13:45:30.0 (73737935)|STATEMENT_EXECUTE|[4]
13:45:30.0 (73739147)|STATEMENT_EXECUTE|[9]
13:45:30.0 (79889540)|SYSTEM_MODE_ENTER|true
13:45:30.0 (79915350)|HEAP_ALLOCATE|[EXTERNAL]|Bytes:80
13:45:30.0 (79964601)|VARIABLE_ASSIGNMENT|[EXTERNAL]|this|{"delToHub":true,"delToProj":false,"detail":"0x1a99dcd8","invoked":false,"rejected":false,"reserved":false,"selectedTime3":"8:00","sublocations1":"0x2b7d3346","www":"0x637f7322","wwwById":"0x638b0d06"}|0x3786fe5d
13:45:30.0 (79971156)|STATEMENT_EXECUTE|[186]
13:45:30.0 (79974108)|STATEMENT_EXECUTE|[187]
13:45:30.0 (79975326)|STATEMENT_EXECUTE|[190]
13:45:30.0 (80519171)|SYSTEM_MODE_ENTER|true
13:45:30.0 (80541874)|HEAP_ALLOCATE|[EXTERNAL]|Bytes:80
13:45:30.0 (80587900)|VARIABLE_ASSIGNMENT|[EXTERNAL]|this|{"delToHub":true,"delToProj":false,"detail":"0x1a99dcd8","invoked":false,"rejected":false,"reserved":false,"selectedTime3":"8:00","sublocations1":"0x2b7d3346","www":"0x637f7322","wwwById":"0x638b0d06"}|0x3786fe5d
13:45:30.0 (80594025)|STATEMENT_EXECUTE|[204]
13:45:30.0 (80596761)|STATEMENT_EXECUTE|[205]
13:45:30.0 (80598140)|STATEMENT_EXECUTE|[208]
13:45:30.0 (80642602)|SYSTEM_MODE_ENTER|true
13:45:30.0 (80658381)|HEAP_ALLOCATE|[EXTERNAL]|Bytes:80
13:45:30.0 (80696042)|VARIABLE_ASSIGNMENT|[EXTERNAL]|this|{"delToHub":true,"delToProj":false,"detail":"0x1a99dcd8","invoked":false,"rejected":false,"reserved":false,"selectedTime3":"8:00","sublocations1":"0x2b7d3346","www":"0x637f7322","wwwById":"0x638b0d06"}|0x3786fe5d
13:45:30.0 (80700849)|STATEMENT_EXECUTE|[220]
13:45:30.0 (80703077)|STATEMENT_EXECUTE|[221]
13:45:30.0 (80704650)|STATEMENT_EXECUTE|[224]
13:45:30.0 (80747607)|SYSTEM_MODE_ENTER|true
13:45:30.0 (80763075)|HEAP_ALLOCATE|[EXTERNAL]|Bytes:80
13:45:30.0 (80798755)|VARIABLE_ASSIGNMENT|[EXTERNAL]|this|{"delToHub":true,"delToProj":false,"detail":"0x1a99dcd8","invoked":false,"rejected":false,"reserved":false,"selectedTime3":"8:00","sublocations1":"0x2b7d3346","www":"0x637f7322","wwwById":"0x638b0d06"}|0x3786fe5d
13:45:30.0 (80803451)|STATEMENT_EXECUTE|[212]
13:45:30.0 (80805771)|STATEMENT_EXECUTE|[213]
13:45:30.0 (80806868)|STATEMENT_EXECUTE|[216]
13:45:30.0 (80863259)|SYSTEM_MODE_ENTER|true
13:45:30.0 (80879173)|HEAP_ALLOCATE|[EXTERNAL]|Bytes:80
13:45:30.0 (80915160)|VARIABLE_ASSIGNMENT|[EXTERNAL]|this|{"delToHub":true,"delToProj":false,"detail":"0x1a99dcd8","invoked":false,"rejected":false,"reserved":false,"selectedTime3":"8:00","sublocations1":"0x2b7d3346","www":"0x637f7322","wwwById":"0x638b0d06"}|0x3786fe5d
13:45:30.0 (80920133)|STATEMENT_EXECUTE|[21]
13:45:30.0 (80922708)|STATEMENT_EXECUTE|[22]
13:45:30.0 (80923920)|STATEMENT_EXECUTE|[26]
13:45:30.0 (85038451)|VF_SERIALIZE_VIEWSTATE_BEGIN|06624000003h0Dg
13:45:30.0 (89054354)|VF_SERIALIZE_VIEWSTATE_END
13:45:30.90 (90990636)|CUMULATIVE_LIMIT_USAGE
13:45:30.90 (90990636)|LIMIT_USAGE_FOR_NS|(default)|
  Number of SOQL queries: 1 out of 100
  Number of query rows: 1 out of 50000
  Number of SOSL queries: 0 out of 20
  Number of DML statements: 0 out of 150
  Number of DML rows: 0 out of 10000
  Maximum CPU time: 0 out of 10000
  Maximum heap size: 0 out of 6000000
  Number of callouts: 0 out of 100
  Number of Email Invocations: 0 out of 10
  Number of future calls: 0 out of 50
  Number of queueable jobs added to the queue: 0 out of 50
  Number of Mobile Apex push calls: 0 out of 10

13:45:30.90 (90990636)|CUMULATIVE_LIMIT_USAGE_END

13:45:30.0 (91026726)|CODE_UNIT_FINISHED|VF: /apex/New_delivered_detail
13:45:30.0 (91865199)|EXECUTION_FINISHED
