38.0 APEX_CODE,FINEST;APEX_PROFILING,INFO;CALLOUT,INFO;DB,INFO;SYSTEM,DEBUG;VALIDATION,INFO;VISUALFORCE,INFO;WAVE,INFO;WORKFLOW,INFO
12:26:38.0 (55030)|USER_INFO|[EXTERNAL]|00524000001e3Uj|bedrijfsbureau@gsa.nl.sandbox|Midden-Europese standaardtijd|GMT+01:00
12:26:38.0 (77872)|EXECUTION_STARTED
12:26:38.0 (81697)|CODE_UNIT_STARTED|[EXTERNAL]|06624000003h0Dg|VF: /apex/New_delivered_detail
12:26:38.0 (207841)|VF_DESERIALIZE_VIEWSTATE_BEGIN|06624000003h0Dg
12:26:38.0 (4852766)|HEAP_ALLOCATE|[72]|Bytes:3
12:26:38.0 (4897462)|HEAP_ALLOCATE|[77]|Bytes:152
12:26:38.0 (4914341)|HEAP_ALLOCATE|[342]|Bytes:408
12:26:38.0 (4927857)|HEAP_ALLOCATE|[355]|Bytes:408
12:26:38.0 (4940286)|HEAP_ALLOCATE|[467]|Bytes:48
12:26:38.0 (4966237)|HEAP_ALLOCATE|[139]|Bytes:6
12:26:38.0 (5004785)|HEAP_ALLOCATE|[50]|Bytes:5
12:26:38.0 (5027487)|HEAP_ALLOCATE|[56]|Bytes:5
12:26:38.0 (5033869)|HEAP_ALLOCATE|[64]|Bytes:7
12:26:38.0 (9643572)|VF_DESERIALIZE_VIEWSTATE_END
12:26:38.10 (10643800)|SYSTEM_MODE_ENTER|true
12:26:38.10 (10703633)|HEAP_ALLOCATE|[EXTERNAL]|Bytes:38
12:26:38.10 (10710817)|HEAP_ALLOCATE|[EXTERNAL]|Bytes:7
12:26:38.10 (10720470)|SYSTEM_METHOD_ENTRY|[1]|PageMessagesComponentController.PageMessagesComponentController()
12:26:38.10 (10724387)|STATEMENT_EXECUTE|[1]
12:26:38.11 (11473374)|SYSTEM_MODE_ENTER|true
12:26:38.11 (11516154)|HEAP_ALLOCATE|[EXTERNAL]|Bytes:8
12:26:38.11 (11521740)|VARIABLE_SCOPE_BEGIN|[88]|this|ApexPage.PageMessagesComponentController|true|false
12:26:38.11 (11553593)|VARIABLE_ASSIGNMENT|[88]|this|{}|0x1ce8d3b4
12:26:38.11 (11556428)|VARIABLE_SCOPE_BEGIN|[88]|escape|Boolean|false|false
12:26:38.11 (11561236)|VARIABLE_ASSIGNMENT|[88]|escape|null
12:26:38.0 (11781000)|SYSTEM_MODE_ENTER|true
12:26:38.0 (11978839)|HEAP_ALLOCATE|[EXTERNAL]|Bytes:11
12:26:38.0 (11988310)|HEAP_ALLOCATE|[EXTERNAL]|Bytes:408
12:26:38.0 (11992272)|HEAP_ALLOCATE|[EXTERNAL]|Bytes:120
12:26:38.0 (11995009)|HEAP_ALLOCATE|[EXTERNAL]|Bytes:108
12:26:38.0 (12002452)|METHOD_ENTRY|[1]|01p2400000DUtXT|NewDeliveredExtension.NewDeliveredExtension()
12:26:38.0 (12005760)|STATEMENT_EXECUTE|[1]
12:26:38.0 (12009669)|STATEMENT_EXECUTE|[1]
12:26:38.0 (12011054)|STATEMENT_EXECUTE|[527]
12:26:38.0 (12014749)|METHOD_EXIT|[1]|NewDeliveredExtension
12:26:38.0 (12018426)|HEAP_ALLOCATE|[EXTERNAL]|Bytes:80
12:26:38.0 (12078728)|VARIABLE_ASSIGNMENT|[EXTERNAL]|this|{"delToHub":true,"delToProj":false,"detail":"0x7721254a","invoked":false,"rejected":false,"reserved":false,"selectedTime3":"8:00","sublocations1":"0x44baaf70","www":"0x2bac836","wwwById":"0x668c8471"}|0x57267e9e
12:26:38.0 (12084891)|STATEMENT_EXECUTE|[196]
12:26:38.0 (12088592)|STATEMENT_EXECUTE|[197]
12:26:38.0 (12090264)|STATEMENT_EXECUTE|[200]
12:26:38.0 (12152696)|SYSTEM_MODE_ENTER|true
12:26:38.0 (12171623)|HEAP_ALLOCATE|[EXTERNAL]|Bytes:80
12:26:38.0 (12209565)|VARIABLE_ASSIGNMENT|[EXTERNAL]|this|{"delToHub":true,"delToProj":false,"detail":"0x7721254a","invoked":false,"rejected":false,"reserved":false,"selectedTime3":"8:00","sublocations1":"0x44baaf70","www":"0x2bac836","wwwById":"0x668c8471"}|0x57267e9e
12:26:38.0 (12214860)|STATEMENT_EXECUTE|[229]
12:26:38.0 (12217549)|STATEMENT_EXECUTE|[230]
12:26:38.0 (12218727)|STATEMENT_EXECUTE|[233]
12:26:38.0 (12306066)|SYSTEM_MODE_ENTER|true
12:26:38.0 (12323960)|HEAP_ALLOCATE|[EXTERNAL]|Bytes:80
12:26:38.0 (12366595)|VARIABLE_ASSIGNMENT|[EXTERNAL]|this|{"delToHub":true,"delToProj":false,"detail":"0x7721254a","invoked":false,"rejected":false,"reserved":false,"selectedTime3":"8:00","sublocations1":"0x44baaf70","www":"0x2bac836","wwwById":"0x668c8471"}|0x57267e9e
12:26:38.0 (12371687)|STATEMENT_EXECUTE|[3]
12:26:38.0 (12374453)|STATEMENT_EXECUTE|[4]
12:26:38.0 (12375924)|STATEMENT_EXECUTE|[9]
12:26:38.0 (21300276)|SYSTEM_MODE_ENTER|true
12:26:38.0 (21327015)|HEAP_ALLOCATE|[EXTERNAL]|Bytes:80
12:26:38.0 (21372828)|VARIABLE_ASSIGNMENT|[EXTERNAL]|this|{"delToHub":true,"delToProj":false,"detail":"0x7721254a","invoked":false,"rejected":false,"reserved":false,"selectedTime3":"8:00","sublocations1":"0x44baaf70","www":"0x2bac836","wwwById":"0x668c8471"}|0x57267e9e
12:26:38.0 (21379789)|STATEMENT_EXECUTE|[186]
12:26:38.0 (21382903)|STATEMENT_EXECUTE|[187]
12:26:38.0 (21384353)|STATEMENT_EXECUTE|[190]
12:26:38.0 (21890679)|SYSTEM_MODE_ENTER|true
12:26:38.0 (21913198)|HEAP_ALLOCATE|[EXTERNAL]|Bytes:80
12:26:38.0 (21956541)|VARIABLE_ASSIGNMENT|[EXTERNAL]|this|{"delToHub":true,"delToProj":false,"detail":"0x7721254a","invoked":false,"rejected":false,"reserved":false,"selectedTime3":"8:00","sublocations1":"0x44baaf70","www":"0x2bac836","wwwById":"0x668c8471"}|0x57267e9e
12:26:38.0 (21962845)|STATEMENT_EXECUTE|[204]
12:26:38.0 (21965427)|STATEMENT_EXECUTE|[205]
12:26:38.0 (21967032)|STATEMENT_EXECUTE|[208]
12:26:38.0 (22018837)|SYSTEM_MODE_ENTER|true
12:26:38.0 (22036700)|HEAP_ALLOCATE|[EXTERNAL]|Bytes:80
12:26:38.0 (22073214)|VARIABLE_ASSIGNMENT|[EXTERNAL]|this|{"delToHub":true,"delToProj":false,"detail":"0x7721254a","invoked":false,"rejected":false,"reserved":false,"selectedTime3":"8:00","sublocations1":"0x44baaf70","www":"0x2bac836","wwwById":"0x668c8471"}|0x57267e9e
12:26:38.0 (22078428)|STATEMENT_EXECUTE|[220]
12:26:38.0 (22080681)|STATEMENT_EXECUTE|[221]
12:26:38.0 (22081702)|STATEMENT_EXECUTE|[224]
12:26:38.0 (22127754)|SYSTEM_MODE_ENTER|true
12:26:38.0 (22142878)|HEAP_ALLOCATE|[EXTERNAL]|Bytes:80
12:26:38.0 (22177210)|VARIABLE_ASSIGNMENT|[EXTERNAL]|this|{"delToHub":true,"delToProj":false,"detail":"0x7721254a","invoked":false,"rejected":false,"reserved":false,"selectedTime3":"8:00","sublocations1":"0x44baaf70","www":"0x2bac836","wwwById":"0x668c8471"}|0x57267e9e
12:26:38.0 (22181636)|STATEMENT_EXECUTE|[212]
12:26:38.0 (22183965)|STATEMENT_EXECUTE|[213]
12:26:38.0 (22185311)|STATEMENT_EXECUTE|[216]
12:26:38.0 (22256723)|SYSTEM_MODE_ENTER|true
12:26:38.0 (22274409)|HEAP_ALLOCATE|[EXTERNAL]|Bytes:80
12:26:38.0 (22309009)|VARIABLE_ASSIGNMENT|[EXTERNAL]|this|{"delToHub":true,"delToProj":false,"detail":"0x7721254a","invoked":false,"rejected":false,"reserved":false,"selectedTime3":"8:00","sublocations1":"0x44baaf70","www":"0x2bac836","wwwById":"0x668c8471"}|0x57267e9e
12:26:38.0 (22313709)|STATEMENT_EXECUTE|[21]
12:26:38.0 (22316416)|STATEMENT_EXECUTE|[22]
12:26:38.0 (22317639)|STATEMENT_EXECUTE|[26]
12:26:38.0 (31481867)|SYSTEM_MODE_ENTER|true
12:26:38.0 (31517626)|HEAP_ALLOCATE|[EXTERNAL]|Bytes:80
12:26:38.0 (31523944)|VARIABLE_SCOPE_BEGIN|[48]|this|NewDeliveredExtension|true|false
12:26:38.0 (31566522)|VARIABLE_ASSIGNMENT|[48]|this|{"delToHub":true,"delToProj":false,"detail":"0x7721254a","invoked":false,"rejected":false,"reserved":false,"selectedTime3":"8:00","sublocations1":"0x44baaf70","www":"0x2bac836","wwwById":"0x668c8471"}|0x57267e9e
12:26:38.0 (31574269)|STATEMENT_EXECUTE|[48]
12:26:38.0 (31576017)|STATEMENT_EXECUTE|[49]
12:26:38.0 (31584402)|HEAP_ALLOCATE|[49]|Bytes:4
12:26:38.0 (31617237)|VARIABLE_SCOPE_BEGIN|[49]|options|List<System.SelectOption>|true|false
12:26:38.0 (31644593)|HEAP_ALLOCATE|[EXTERNAL]|Bytes:4
12:26:38.0 (31652528)|VARIABLE_ASSIGNMENT|[49]|options|[]|0x46c25b5a
12:26:38.0 (31656253)|STATEMENT_EXECUTE|[50]
12:26:38.0 (31661187)|VARIABLE_SCOPE_BEGIN|[50]|i|Integer|false|false
12:26:38.0 (31665636)|HEAP_ALLOCATE|[50]|Bytes:4
12:26:38.0 (31670408)|VARIABLE_ASSIGNMENT|[50]|i|0
12:26:38.0 (31676171)|STATEMENT_EXECUTE|[50]
12:26:38.0 (31677531)|STATEMENT_EXECUTE|[51]
12:26:38.0 (31679401)|VARIABLE_SCOPE_BEGIN|[51]|j|Integer|false|false
12:26:38.0 (31681366)|HEAP_ALLOCATE|[51]|Bytes:4
12:26:38.0 (31684086)|VARIABLE_ASSIGNMENT|[51]|j|0
12:26:38.0 (31686062)|STATEMENT_EXECUTE|[51]
12:26:38.0 (31688330)|STATEMENT_EXECUTE|[52]
12:26:38.0 (31689423)|STATEMENT_EXECUTE|[53]
12:26:38.0 (31735103)|HEAP_ALLOCATE|[53]|Bytes:1
12:26:38.0 (31745344)|HEAP_ALLOCATE|[53]|Bytes:2
12:26:38.0 (31752543)|HEAP_ALLOCATE|[53]|Bytes:1
12:26:38.0 (31763827)|HEAP_ALLOCATE|[53]|Bytes:4
12:26:38.0 (31770137)|HEAP_ALLOCATE|[53]|Bytes:1
12:26:38.0 (31778125)|HEAP_ALLOCATE|[53]|Bytes:1
12:26:38.0 (31783597)|HEAP_ALLOCATE|[53]|Bytes:4
12:26:38.0 (31813499)|HEAP_ALLOCATE|[EXTERNAL]|Bytes:4
12:26:38.0 (31820766)|HEAP_ALLOCATE|[51]|Bytes:4
12:26:38.0 (31825653)|VARIABLE_ASSIGNMENT|[51]|j|30
12:26:38.0 (31828345)|STATEMENT_EXECUTE|[51]
12:26:38.0 (31830125)|STATEMENT_EXECUTE|[54]
12:26:38.0 (31831216)|STATEMENT_EXECUTE|[55]
12:26:38.0 (31846908)|HEAP_ALLOCATE|[55]|Bytes:1
12:26:38.0 (31853514)|HEAP_ALLOCATE|[55]|Bytes:1
12:26:38.0 (31859436)|HEAP_ALLOCATE|[55]|Bytes:2
12:26:38.0 (31865125)|HEAP_ALLOCATE|[55]|Bytes:4
12:26:38.0 (31870294)|HEAP_ALLOCATE|[55]|Bytes:1
12:26:38.0 (31877839)|HEAP_ALLOCATE|[55]|Bytes:2
12:26:38.0 (31882966)|HEAP_ALLOCATE|[55]|Bytes:4
12:26:38.0 (31894641)|HEAP_ALLOCATE|[EXTERNAL]|Bytes:4
12:26:38.0 (31898892)|HEAP_ALLOCATE|[51]|Bytes:4
12:26:38.0 (31902912)|VARIABLE_ASSIGNMENT|[51]|j|60
12:26:38.0 (31907425)|HEAP_ALLOCATE|[50]|Bytes:4
12:26:38.0 (31909942)|VARIABLE_ASSIGNMENT|[50]|i|1
12:26:38.0 (31911917)|STATEMENT_EXECUTE|[50]
12:26:38.0 (31913351)|STATEMENT_EXECUTE|[51]
12:26:38.0 (31915084)|VARIABLE_SCOPE_BEGIN|[51]|j|Integer|false|false
12:26:38.0 (31916824)|HEAP_ALLOCATE|[51]|Bytes:4
12:26:38.0 (31919197)|VARIABLE_ASSIGNMENT|[51]|j|0
12:26:38.0 (31920652)|STATEMENT_EXECUTE|[51]
12:26:38.0 (31922273)|STATEMENT_EXECUTE|[52]
12:26:38.0 (31923253)|STATEMENT_EXECUTE|[53]
12:26:38.0 (31930314)|HEAP_ALLOCATE|[53]|Bytes:1
12:26:38.0 (31938410)|HEAP_ALLOCATE|[53]|Bytes:1
12:26:38.0 (31943716)|HEAP_ALLOCATE|[53]|Bytes:4
12:26:38.0 (31948749)|HEAP_ALLOCATE|[53]|Bytes:1
12:26:38.0 (31956003)|HEAP_ALLOCATE|[53]|Bytes:1
12:26:38.0 (31961063)|HEAP_ALLOCATE|[53]|Bytes:4
12:26:38.0 (31966600)|HEAP_ALLOCATE|[EXTERNAL]|Bytes:4
12:26:38.0 (31970165)|HEAP_ALLOCATE|[51]|Bytes:4
12:26:38.0 (31973038)|VARIABLE_ASSIGNMENT|[51]|j|30
12:26:38.0 (31974940)|STATEMENT_EXECUTE|[51]
12:26:38.0 (31976653)|STATEMENT_EXECUTE|[54]
12:26:38.0 (31977709)|STATEMENT_EXECUTE|[55]
12:26:38.0 (31983614)|HEAP_ALLOCATE|[55]|Bytes:1
12:26:38.0 (31991629)|HEAP_ALLOCATE|[55]|Bytes:2
12:26:38.0 (31996844)|HEAP_ALLOCATE|[55]|Bytes:4
12:26:38.0 (32001810)|HEAP_ALLOCATE|[55]|Bytes:1
12:26:38.0 (32010023)|HEAP_ALLOCATE|[55]|Bytes:2
12:26:38.0 (32015151)|HEAP_ALLOCATE|[55]|Bytes:4
12:26:38.0 (32019963)|HEAP_ALLOCATE|[EXTERNAL]|Bytes:4
12:26:38.0 (32023395)|HEAP_ALLOCATE|[51]|Bytes:4
12:26:38.0 (32026132)|VARIABLE_ASSIGNMENT|[51]|j|60
12:26:38.0 (32028182)|HEAP_ALLOCATE|[50]|Bytes:4
12:26:38.0 (32030608)|VARIABLE_ASSIGNMENT|[50]|i|2
12:26:38.0 (32032186)|STATEMENT_EXECUTE|[50]
12:26:38.0 (32033385)|STATEMENT_EXECUTE|[51]
12:26:38.0 (32034947)|VARIABLE_SCOPE_BEGIN|[51]|j|Integer|false|false
12:26:38.0 (32036457)|HEAP_ALLOCATE|[51]|Bytes:4
12:26:38.0 (32038745)|VARIABLE_ASSIGNMENT|[51]|j|0
12:26:38.0 (32040201)|STATEMENT_EXECUTE|[51]
12:26:38.0 (32041516)|STATEMENT_EXECUTE|[52]
12:26:38.0 (32042716)|STATEMENT_EXECUTE|[53]
12:26:38.0 (32048762)|HEAP_ALLOCATE|[53]|Bytes:1
12:26:38.0 (32056635)|HEAP_ALLOCATE|[53]|Bytes:1
12:26:38.0 (32061763)|HEAP_ALLOCATE|[53]|Bytes:4
12:26:38.0 (32066765)|HEAP_ALLOCATE|[53]|Bytes:1
12:26:38.0 (32074151)|HEAP_ALLOCATE|[53]|Bytes:1
12:26:38.0 (32078978)|HEAP_ALLOCATE|[53]|Bytes:4
12:26:38.0 (32083703)|HEAP_ALLOCATE|[EXTERNAL]|Bytes:4
12:26:38.0 (32087012)|HEAP_ALLOCATE|[51]|Bytes:4
12:26:38.0 (32089743)|VARIABLE_ASSIGNMENT|[51]|j|30
12:26:38.0 (32091638)|STATEMENT_EXECUTE|[51]
12:26:38.0 (32092953)|STATEMENT_EXECUTE|[54]
12:26:38.0 (32093900)|STATEMENT_EXECUTE|[55]
12:26:38.0 (32099408)|HEAP_ALLOCATE|[55]|Bytes:1
12:26:38.0 (32107537)|HEAP_ALLOCATE|[55]|Bytes:2
12:26:38.0 (32112597)|HEAP_ALLOCATE|[55]|Bytes:4
12:26:38.0 (32117565)|HEAP_ALLOCATE|[55]|Bytes:1
12:26:38.0 (32124965)|HEAP_ALLOCATE|[55]|Bytes:2
12:26:38.0 (32130021)|HEAP_ALLOCATE|[55]|Bytes:4
12:26:38.0 (32134425)|HEAP_ALLOCATE|[EXTERNAL]|Bytes:4
12:26:38.0 (32137678)|HEAP_ALLOCATE|[51]|Bytes:4
12:26:38.0 (32140676)|VARIABLE_ASSIGNMENT|[51]|j|60
12:26:38.0 (32142439)|HEAP_ALLOCATE|[50]|Bytes:4
12:26:38.0 (32144737)|VARIABLE_ASSIGNMENT|[50]|i|3
12:26:38.0 (32146284)|STATEMENT_EXECUTE|[50]
12:26:38.0 (32147452)|STATEMENT_EXECUTE|[51]
12:26:38.0 (32148944)|VARIABLE_SCOPE_BEGIN|[51]|j|Integer|false|false
12:26:38.0 (32150287)|HEAP_ALLOCATE|[51]|Bytes:4
12:26:38.0 (32152575)|VARIABLE_ASSIGNMENT|[51]|j|0
12:26:38.0 (32154021)|STATEMENT_EXECUTE|[51]
12:26:38.0 (32155389)|STATEMENT_EXECUTE|[52]
12:26:38.0 (32156340)|STATEMENT_EXECUTE|[53]
12:26:38.0 (32161957)|HEAP_ALLOCATE|[53]|Bytes:1
12:26:38.0 (32169683)|HEAP_ALLOCATE|[53]|Bytes:1
12:26:38.0 (32174964)|HEAP_ALLOCATE|[53]|Bytes:4
12:26:38.0 (32180000)|HEAP_ALLOCATE|[53]|Bytes:1
12:26:38.0 (32187200)|HEAP_ALLOCATE|[53]|Bytes:1
12:26:38.0 (32192089)|HEAP_ALLOCATE|[53]|Bytes:4
12:26:38.0 (32196688)|HEAP_ALLOCATE|[EXTERNAL]|Bytes:4
12:26:38.0 (32200011)|HEAP_ALLOCATE|[51]|Bytes:4
12:26:38.0 (32202716)|VARIABLE_ASSIGNMENT|[51]|j|30
12:26:38.0 (32212773)|STATEMENT_EXECUTE|[51]
12:26:38.0 (32214548)|STATEMENT_EXECUTE|[54]
12:26:38.0 (32215599)|STATEMENT_EXECUTE|[55]
12:26:38.0 (32222621)|HEAP_ALLOCATE|[55]|Bytes:1
12:26:38.0 (32230914)|HEAP_ALLOCATE|[55]|Bytes:2
12:26:38.0 (32236045)|HEAP_ALLOCATE|[55]|Bytes:4
12:26:38.0 (32240920)|HEAP_ALLOCATE|[55]|Bytes:1
12:26:38.0 (32248250)|HEAP_ALLOCATE|[55]|Bytes:2
12:26:38.0 (32253182)|HEAP_ALLOCATE|[55]|Bytes:4
12:26:38.0 (32258180)|HEAP_ALLOCATE|[EXTERNAL]|Bytes:4
12:26:38.0 (32261653)|HEAP_ALLOCATE|[51]|Bytes:4
12:26:38.0 (32264466)|VARIABLE_ASSIGNMENT|[51]|j|60
12:26:38.0 (32266451)|HEAP_ALLOCATE|[50]|Bytes:4
12:26:38.0 (32268724)|VARIABLE_ASSIGNMENT|[50]|i|4
12:26:38.0 (32270306)|STATEMENT_EXECUTE|[50]
12:26:38.0 (32271486)|STATEMENT_EXECUTE|[51]
12:26:38.0 (32273068)|VARIABLE_SCOPE_BEGIN|[51]|j|Integer|false|false
12:26:38.0 (32274491)|HEAP_ALLOCATE|[51]|Bytes:4
12:26:38.0 (32276761)|VARIABLE_ASSIGNMENT|[51]|j|0
12:26:38.0 (32278201)|STATEMENT_EXECUTE|[51]
12:26:38.0 (32279543)|STATEMENT_EXECUTE|[52]
12:26:38.0 (32280505)|STATEMENT_EXECUTE|[53]
12:26:38.0 (32286737)|HEAP_ALLOCATE|[53]|Bytes:1
12:26:38.0 (32294562)|HEAP_ALLOCATE|[53]|Bytes:1
12:26:38.0 (32299637)|HEAP_ALLOCATE|[53]|Bytes:4
12:26:38.0 (32304521)|HEAP_ALLOCATE|[53]|Bytes:1
12:26:38.0 (32311875)|HEAP_ALLOCATE|[53]|Bytes:1
12:26:38.0 (32316713)|HEAP_ALLOCATE|[53]|Bytes:4
12:26:38.0 (32321260)|HEAP_ALLOCATE|[EXTERNAL]|Bytes:4
12:26:38.0 (32324669)|HEAP_ALLOCATE|[51]|Bytes:4
12:26:38.0 (32327447)|VARIABLE_ASSIGNMENT|[51]|j|30
12:26:38.0 (32328955)|STATEMENT_EXECUTE|[51]
12:26:38.0 (32330289)|STATEMENT_EXECUTE|[54]
12:26:38.0 (32331224)|STATEMENT_EXECUTE|[55]
12:26:38.0 (32336853)|HEAP_ALLOCATE|[55]|Bytes:1
12:26:38.0 (32344765)|HEAP_ALLOCATE|[55]|Bytes:2
12:26:38.0 (32349804)|HEAP_ALLOCATE|[55]|Bytes:4
12:26:38.0 (32354655)|HEAP_ALLOCATE|[55]|Bytes:1
12:26:38.0 (32361926)|HEAP_ALLOCATE|[55]|Bytes:2
12:26:38.0 (32366937)|HEAP_ALLOCATE|[55]|Bytes:4
12:26:38.0 (32371383)|HEAP_ALLOCATE|[EXTERNAL]|Bytes:4
12:26:38.0 (32374619)|HEAP_ALLOCATE|[51]|Bytes:4
12:26:38.0 (32377190)|VARIABLE_ASSIGNMENT|[51]|j|60
12:26:38.0 (32379331)|HEAP_ALLOCATE|[50]|Bytes:4
12:26:38.0 (32381610)|VARIABLE_ASSIGNMENT|[50]|i|5
12:26:38.0 (32383188)|STATEMENT_EXECUTE|[50]
12:26:38.0 (32384372)|STATEMENT_EXECUTE|[51]
12:26:38.0 (32385841)|VARIABLE_SCOPE_BEGIN|[51]|j|Integer|false|false
12:26:38.0 (32387353)|HEAP_ALLOCATE|[51]|Bytes:4
12:26:38.0 (32389574)|VARIABLE_ASSIGNMENT|[51]|j|0
12:26:38.0 (32391017)|STATEMENT_EXECUTE|[51]
12:26:38.0 (32392334)|STATEMENT_EXECUTE|[52]
12:26:38.0 (32393283)|STATEMENT_EXECUTE|[53]
12:26:38.0 (32399041)|HEAP_ALLOCATE|[53]|Bytes:1
12:26:38.0 (32406581)|HEAP_ALLOCATE|[53]|Bytes:1
12:26:38.0 (32411579)|HEAP_ALLOCATE|[53]|Bytes:4
12:26:38.0 (32416488)|HEAP_ALLOCATE|[53]|Bytes:1
12:26:38.0 (32423773)|HEAP_ALLOCATE|[53]|Bytes:1
12:26:38.0 (32428651)|HEAP_ALLOCATE|[53]|Bytes:4
12:26:38.0 (32433314)|HEAP_ALLOCATE|[EXTERNAL]|Bytes:4
12:26:38.0 (32436900)|HEAP_ALLOCATE|[51]|Bytes:4
12:26:38.0 (32439602)|VARIABLE_ASSIGNMENT|[51]|j|30
12:26:38.0 (32441256)|STATEMENT_EXECUTE|[51]
12:26:38.0 (32442855)|STATEMENT_EXECUTE|[54]
12:26:38.0 (32448123)|STATEMENT_EXECUTE|[55]
12:26:38.0 (32454064)|HEAP_ALLOCATE|[55]|Bytes:1
12:26:38.0 (32461914)|HEAP_ALLOCATE|[55]|Bytes:2
12:26:38.0 (32467091)|HEAP_ALLOCATE|[55]|Bytes:4
12:26:38.0 (32472072)|HEAP_ALLOCATE|[55]|Bytes:1
12:26:38.0 (32479379)|HEAP_ALLOCATE|[55]|Bytes:2
12:26:38.0 (32484381)|HEAP_ALLOCATE|[55]|Bytes:4
12:26:38.0 (32489086)|HEAP_ALLOCATE|[EXTERNAL]|Bytes:4
12:26:38.0 (32492355)|HEAP_ALLOCATE|[51]|Bytes:4
12:26:38.0 (32495239)|VARIABLE_ASSIGNMENT|[51]|j|60
12:26:38.0 (32497043)|HEAP_ALLOCATE|[50]|Bytes:4
12:26:38.0 (32499341)|VARIABLE_ASSIGNMENT|[50]|i|6
12:26:38.0 (32501044)|STATEMENT_EXECUTE|[50]
12:26:38.0 (32502236)|STATEMENT_EXECUTE|[51]
12:26:38.0 (32503730)|VARIABLE_SCOPE_BEGIN|[51]|j|Integer|false|false
12:26:38.0 (32505186)|HEAP_ALLOCATE|[51]|Bytes:4
12:26:38.0 (32507417)|VARIABLE_ASSIGNMENT|[51]|j|0
12:26:38.0 (32508888)|STATEMENT_EXECUTE|[51]
12:26:38.0 (32510132)|STATEMENT_EXECUTE|[52]
12:26:38.0 (32511197)|STATEMENT_EXECUTE|[53]
12:26:38.0 (32517353)|HEAP_ALLOCATE|[53]|Bytes:1
12:26:38.0 (32525074)|HEAP_ALLOCATE|[53]|Bytes:1
12:26:38.0 (32530042)|HEAP_ALLOCATE|[53]|Bytes:4
12:26:38.0 (32542094)|HEAP_ALLOCATE|[53]|Bytes:1
12:26:38.0 (32549675)|HEAP_ALLOCATE|[53]|Bytes:1
12:26:38.0 (32554877)|HEAP_ALLOCATE|[53]|Bytes:4
12:26:38.0 (32560027)|HEAP_ALLOCATE|[EXTERNAL]|Bytes:4
12:26:38.0 (32563613)|HEAP_ALLOCATE|[51]|Bytes:4
12:26:38.0 (32566555)|VARIABLE_ASSIGNMENT|[51]|j|30
12:26:38.0 (32568263)|STATEMENT_EXECUTE|[51]
12:26:38.0 (32569849)|STATEMENT_EXECUTE|[54]
12:26:38.0 (32570805)|STATEMENT_EXECUTE|[55]
12:26:38.0 (32576737)|HEAP_ALLOCATE|[55]|Bytes:1
12:26:38.0 (32584498)|HEAP_ALLOCATE|[55]|Bytes:2
12:26:38.0 (32589783)|HEAP_ALLOCATE|[55]|Bytes:4
12:26:38.0 (32594540)|HEAP_ALLOCATE|[55]|Bytes:1
12:26:38.0 (32601997)|HEAP_ALLOCATE|[55]|Bytes:2
12:26:38.0 (32607083)|HEAP_ALLOCATE|[55]|Bytes:4
12:26:38.0 (32611648)|HEAP_ALLOCATE|[EXTERNAL]|Bytes:4
12:26:38.0 (32614917)|HEAP_ALLOCATE|[51]|Bytes:4
12:26:38.0 (32617583)|VARIABLE_ASSIGNMENT|[51]|j|60
12:26:38.0 (32619619)|HEAP_ALLOCATE|[50]|Bytes:4
12:26:38.0 (32621994)|VARIABLE_ASSIGNMENT|[50]|i|7
12:26:38.0 (32623602)|STATEMENT_EXECUTE|[50]
12:26:38.0 (32624853)|STATEMENT_EXECUTE|[51]
12:26:38.0 (32626410)|VARIABLE_SCOPE_BEGIN|[51]|j|Integer|false|false
12:26:38.0 (32628106)|HEAP_ALLOCATE|[51]|Bytes:4
12:26:38.0 (32630321)|VARIABLE_ASSIGNMENT|[51]|j|0
12:26:38.0 (32631713)|STATEMENT_EXECUTE|[51]
12:26:38.0 (32632944)|STATEMENT_EXECUTE|[52]
12:26:38.0 (32633904)|STATEMENT_EXECUTE|[53]
12:26:38.0 (32639725)|HEAP_ALLOCATE|[53]|Bytes:1
12:26:38.0 (32647556)|HEAP_ALLOCATE|[53]|Bytes:1
12:26:38.0 (32652661)|HEAP_ALLOCATE|[53]|Bytes:4
12:26:38.0 (32657534)|HEAP_ALLOCATE|[53]|Bytes:1
12:26:38.0 (32664918)|HEAP_ALLOCATE|[53]|Bytes:1
12:26:38.0 (32669802)|HEAP_ALLOCATE|[53]|Bytes:4
12:26:38.0 (32674374)|HEAP_ALLOCATE|[EXTERNAL]|Bytes:4
12:26:38.0 (32677779)|HEAP_ALLOCATE|[51]|Bytes:4
12:26:38.0 (32680557)|VARIABLE_ASSIGNMENT|[51]|j|30
12:26:38.0 (32682140)|STATEMENT_EXECUTE|[51]
12:26:38.0 (32683464)|STATEMENT_EXECUTE|[54]
12:26:38.0 (32684635)|STATEMENT_EXECUTE|[55]
12:26:38.0 (32690173)|HEAP_ALLOCATE|[55]|Bytes:1
12:26:38.0 (32697991)|HEAP_ALLOCATE|[55]|Bytes:2
12:26:38.0 (32703243)|HEAP_ALLOCATE|[55]|Bytes:4
12:26:38.0 (32708113)|HEAP_ALLOCATE|[55]|Bytes:1
12:26:38.0 (32715530)|HEAP_ALLOCATE|[55]|Bytes:2
12:26:38.0 (32720659)|HEAP_ALLOCATE|[55]|Bytes:4
12:26:38.0 (32725406)|HEAP_ALLOCATE|[EXTERNAL]|Bytes:4
12:26:38.0 (32728885)|HEAP_ALLOCATE|[51]|Bytes:4
12:26:38.0 (32731569)|VARIABLE_ASSIGNMENT|[51]|j|60
12:26:38.0 (32733414)|HEAP_ALLOCATE|[50]|Bytes:4
12:26:38.0 (32735652)|VARIABLE_ASSIGNMENT|[50]|i|8
12:26:38.0 (32737157)|STATEMENT_EXECUTE|[50]
12:26:38.0 (32738302)|STATEMENT_EXECUTE|[51]
12:26:38.0 (32739788)|VARIABLE_SCOPE_BEGIN|[51]|j|Integer|false|false
12:26:38.0 (32741137)|HEAP_ALLOCATE|[51]|Bytes:4
12:26:38.0 (32743368)|VARIABLE_ASSIGNMENT|[51]|j|0
12:26:38.0 (32744767)|STATEMENT_EXECUTE|[51]
12:26:38.0 (32746018)|STATEMENT_EXECUTE|[52]
12:26:38.0 (32747030)|STATEMENT_EXECUTE|[53]
12:26:38.0 (32752962)|HEAP_ALLOCATE|[53]|Bytes:1
12:26:38.0 (32760707)|HEAP_ALLOCATE|[53]|Bytes:1
12:26:38.0 (32765756)|HEAP_ALLOCATE|[53]|Bytes:4
12:26:38.0 (32770745)|HEAP_ALLOCATE|[53]|Bytes:1
12:26:38.0 (32778090)|HEAP_ALLOCATE|[53]|Bytes:1
12:26:38.0 (32783037)|HEAP_ALLOCATE|[53]|Bytes:4
12:26:38.0 (32787720)|HEAP_ALLOCATE|[EXTERNAL]|Bytes:4
12:26:38.0 (32791098)|HEAP_ALLOCATE|[51]|Bytes:4
12:26:38.0 (32793772)|VARIABLE_ASSIGNMENT|[51]|j|30
12:26:38.0 (32795381)|STATEMENT_EXECUTE|[51]
12:26:38.0 (32796721)|STATEMENT_EXECUTE|[54]
12:26:38.0 (32797666)|STATEMENT_EXECUTE|[55]
12:26:38.0 (32803291)|HEAP_ALLOCATE|[55]|Bytes:1
12:26:38.0 (32811067)|HEAP_ALLOCATE|[55]|Bytes:2
12:26:38.0 (32816185)|HEAP_ALLOCATE|[55]|Bytes:4
12:26:38.0 (32821262)|HEAP_ALLOCATE|[55]|Bytes:1
12:26:38.0 (32828683)|HEAP_ALLOCATE|[55]|Bytes:2
12:26:38.0 (32833679)|HEAP_ALLOCATE|[55]|Bytes:4
12:26:38.0 (32838303)|HEAP_ALLOCATE|[EXTERNAL]|Bytes:4
12:26:38.0 (32841561)|HEAP_ALLOCATE|[51]|Bytes:4
12:26:38.0 (32844217)|VARIABLE_ASSIGNMENT|[51]|j|60
12:26:38.0 (32846327)|HEAP_ALLOCATE|[50]|Bytes:4
12:26:38.0 (32848575)|VARIABLE_ASSIGNMENT|[50]|i|9
12:26:38.0 (32850191)|STATEMENT_EXECUTE|[50]
12:26:38.0 (32851372)|STATEMENT_EXECUTE|[51]
12:26:38.0 (32852929)|VARIABLE_SCOPE_BEGIN|[51]|j|Integer|false|false
12:26:38.0 (32854301)|HEAP_ALLOCATE|[51]|Bytes:4
12:26:38.0 (32856553)|VARIABLE_ASSIGNMENT|[51]|j|0
12:26:38.0 (32857976)|STATEMENT_EXECUTE|[51]
12:26:38.0 (32859222)|STATEMENT_EXECUTE|[52]
12:26:38.0 (32860176)|STATEMENT_EXECUTE|[53]
12:26:38.0 (32865857)|HEAP_ALLOCATE|[53]|Bytes:1
12:26:38.0 (32873626)|HEAP_ALLOCATE|[53]|Bytes:1
12:26:38.0 (32878817)|HEAP_ALLOCATE|[53]|Bytes:4
12:26:38.0 (32883722)|HEAP_ALLOCATE|[53]|Bytes:1
12:26:38.0 (32891154)|HEAP_ALLOCATE|[53]|Bytes:1
12:26:38.0 (32896081)|HEAP_ALLOCATE|[53]|Bytes:4
12:26:38.0 (32900726)|HEAP_ALLOCATE|[EXTERNAL]|Bytes:4
12:26:38.0 (32904048)|HEAP_ALLOCATE|[51]|Bytes:4
12:26:38.0 (32906724)|VARIABLE_ASSIGNMENT|[51]|j|30
12:26:38.0 (32908299)|STATEMENT_EXECUTE|[51]
12:26:38.0 (32909614)|STATEMENT_EXECUTE|[54]
12:26:38.0 (32910854)|STATEMENT_EXECUTE|[55]
12:26:38.0 (32916387)|HEAP_ALLOCATE|[55]|Bytes:1
12:26:38.0 (32924137)|HEAP_ALLOCATE|[55]|Bytes:2
12:26:38.0 (32929222)|HEAP_ALLOCATE|[55]|Bytes:4
12:26:38.0 (32934073)|HEAP_ALLOCATE|[55]|Bytes:1
12:26:38.0 (32941311)|HEAP_ALLOCATE|[55]|Bytes:2
12:26:38.0 (32946347)|HEAP_ALLOCATE|[55]|Bytes:4
12:26:38.0 (32950787)|HEAP_ALLOCATE|[EXTERNAL]|Bytes:4
12:26:38.0 (32953937)|HEAP_ALLOCATE|[51]|Bytes:4
12:26:38.0 (32956576)|VARIABLE_ASSIGNMENT|[51]|j|60
12:26:38.0 (32958324)|HEAP_ALLOCATE|[50]|Bytes:4
12:26:38.0 (32960696)|VARIABLE_ASSIGNMENT|[50]|i|10
12:26:38.0 (32962315)|STATEMENT_EXECUTE|[50]
12:26:38.0 (32963448)|STATEMENT_EXECUTE|[51]
12:26:38.0 (32964950)|VARIABLE_SCOPE_BEGIN|[51]|j|Integer|false|false
12:26:38.0 (32966321)|HEAP_ALLOCATE|[51]|Bytes:4
12:26:38.0 (32968600)|VARIABLE_ASSIGNMENT|[51]|j|0
12:26:38.0 (32969997)|STATEMENT_EXECUTE|[51]
12:26:38.0 (32971224)|STATEMENT_EXECUTE|[52]
12:26:38.0 (32972210)|STATEMENT_EXECUTE|[53]
12:26:38.0 (32977862)|HEAP_ALLOCATE|[53]|Bytes:2
12:26:38.0 (32985892)|HEAP_ALLOCATE|[53]|Bytes:1
12:26:38.0 (32991166)|HEAP_ALLOCATE|[53]|Bytes:5
12:26:38.0 (32996253)|HEAP_ALLOCATE|[53]|Bytes:2
12:26:38.0 (33003454)|HEAP_ALLOCATE|[53]|Bytes:1
12:26:38.0 (33008950)|HEAP_ALLOCATE|[53]|Bytes:5
12:26:38.0 (33013680)|HEAP_ALLOCATE|[EXTERNAL]|Bytes:4
12:26:38.0 (33016982)|HEAP_ALLOCATE|[51]|Bytes:4
12:26:38.0 (33019733)|VARIABLE_ASSIGNMENT|[51]|j|30
12:26:38.0 (33021351)|STATEMENT_EXECUTE|[51]
12:26:38.0 (33022682)|STATEMENT_EXECUTE|[54]
12:26:38.0 (33023649)|STATEMENT_EXECUTE|[55]
12:26:38.0 (33029294)|HEAP_ALLOCATE|[55]|Bytes:2
12:26:38.0 (33037173)|HEAP_ALLOCATE|[55]|Bytes:2
12:26:38.0 (33042313)|HEAP_ALLOCATE|[55]|Bytes:5
12:26:38.0 (33047196)|HEAP_ALLOCATE|[55]|Bytes:2
12:26:38.0 (33054542)|HEAP_ALLOCATE|[55]|Bytes:2
12:26:38.0 (33059438)|HEAP_ALLOCATE|[55]|Bytes:5
12:26:38.0 (33063860)|HEAP_ALLOCATE|[EXTERNAL]|Bytes:4
12:26:38.0 (33066978)|HEAP_ALLOCATE|[51]|Bytes:4
12:26:38.0 (33069663)|VARIABLE_ASSIGNMENT|[51]|j|60
12:26:38.0 (33071720)|HEAP_ALLOCATE|[50]|Bytes:4
12:26:38.0 (33074017)|VARIABLE_ASSIGNMENT|[50]|i|11
12:26:38.0 (33075646)|STATEMENT_EXECUTE|[50]
12:26:38.0 (33076806)|STATEMENT_EXECUTE|[51]
12:26:38.0 (33078320)|VARIABLE_SCOPE_BEGIN|[51]|j|Integer|false|false
12:26:38.0 (33079704)|HEAP_ALLOCATE|[51]|Bytes:4
12:26:38.0 (33082032)|VARIABLE_ASSIGNMENT|[51]|j|0
12:26:38.0 (33083495)|STATEMENT_EXECUTE|[51]
12:26:38.0 (33084790)|STATEMENT_EXECUTE|[52]
12:26:38.0 (33085825)|STATEMENT_EXECUTE|[53]
12:26:38.0 (33091436)|HEAP_ALLOCATE|[53]|Bytes:2
12:26:38.0 (33099052)|HEAP_ALLOCATE|[53]|Bytes:1
12:26:38.0 (33104143)|HEAP_ALLOCATE|[53]|Bytes:5
12:26:38.0 (33109149)|HEAP_ALLOCATE|[53]|Bytes:2
12:26:38.0 (33116383)|HEAP_ALLOCATE|[53]|Bytes:1
12:26:38.0 (33121246)|HEAP_ALLOCATE|[53]|Bytes:5
12:26:38.0 (33125767)|HEAP_ALLOCATE|[EXTERNAL]|Bytes:4
12:26:38.0 (33129247)|HEAP_ALLOCATE|[51]|Bytes:4
12:26:38.0 (33131910)|VARIABLE_ASSIGNMENT|[51]|j|30
12:26:38.0 (33133515)|STATEMENT_EXECUTE|[51]
12:26:38.0 (33134820)|STATEMENT_EXECUTE|[54]
12:26:38.0 (33136061)|STATEMENT_EXECUTE|[55]
12:26:38.0 (33141701)|HEAP_ALLOCATE|[55]|Bytes:2
12:26:38.0 (33149395)|HEAP_ALLOCATE|[55]|Bytes:2
12:26:38.0 (33154489)|HEAP_ALLOCATE|[55]|Bytes:5
12:26:38.0 (33159332)|HEAP_ALLOCATE|[55]|Bytes:2
12:26:38.0 (33166575)|HEAP_ALLOCATE|[55]|Bytes:2
12:26:38.0 (33171517)|HEAP_ALLOCATE|[55]|Bytes:5
12:26:38.0 (33175922)|HEAP_ALLOCATE|[EXTERNAL]|Bytes:4
12:26:38.0 (33179070)|HEAP_ALLOCATE|[51]|Bytes:4
12:26:38.0 (33181742)|VARIABLE_ASSIGNMENT|[51]|j|60
12:26:38.0 (33183499)|HEAP_ALLOCATE|[50]|Bytes:4
12:26:38.0 (33185891)|VARIABLE_ASSIGNMENT|[50]|i|12
12:26:38.0 (33187546)|STATEMENT_EXECUTE|[50]
12:26:38.0 (33188760)|STATEMENT_EXECUTE|[51]
12:26:38.0 (33190402)|VARIABLE_SCOPE_BEGIN|[51]|j|Integer|false|false
12:26:38.0 (33191828)|HEAP_ALLOCATE|[51]|Bytes:4
12:26:38.0 (33194086)|VARIABLE_ASSIGNMENT|[51]|j|0
12:26:38.0 (33195597)|STATEMENT_EXECUTE|[51]
12:26:38.0 (33196844)|STATEMENT_EXECUTE|[52]
12:26:38.0 (33197815)|STATEMENT_EXECUTE|[53]
12:26:38.0 (33203427)|HEAP_ALLOCATE|[53]|Bytes:2
12:26:38.0 (33211312)|HEAP_ALLOCATE|[53]|Bytes:1
12:26:38.0 (33216262)|HEAP_ALLOCATE|[53]|Bytes:5
12:26:38.0 (33221197)|HEAP_ALLOCATE|[53]|Bytes:2
12:26:38.0 (33228464)|HEAP_ALLOCATE|[53]|Bytes:1
12:26:38.0 (33233315)|HEAP_ALLOCATE|[53]|Bytes:5
12:26:38.0 (33238022)|HEAP_ALLOCATE|[EXTERNAL]|Bytes:4
12:26:38.0 (33241371)|HEAP_ALLOCATE|[51]|Bytes:4
12:26:38.0 (33244070)|VARIABLE_ASSIGNMENT|[51]|j|30
12:26:38.0 (33245643)|STATEMENT_EXECUTE|[51]
12:26:38.0 (33246962)|STATEMENT_EXECUTE|[54]
12:26:38.0 (33248011)|STATEMENT_EXECUTE|[55]
12:26:38.0 (33253481)|HEAP_ALLOCATE|[55]|Bytes:2
12:26:38.0 (33261220)|HEAP_ALLOCATE|[55]|Bytes:2
12:26:38.0 (33266212)|HEAP_ALLOCATE|[55]|Bytes:5
12:26:38.0 (33271111)|HEAP_ALLOCATE|[55]|Bytes:2
12:26:38.0 (33278447)|HEAP_ALLOCATE|[55]|Bytes:2
12:26:38.0 (33283573)|HEAP_ALLOCATE|[55]|Bytes:5
12:26:38.0 (33287998)|HEAP_ALLOCATE|[EXTERNAL]|Bytes:4
12:26:38.0 (33291165)|HEAP_ALLOCATE|[51]|Bytes:4
12:26:38.0 (33293869)|VARIABLE_ASSIGNMENT|[51]|j|60
12:26:38.0 (33296092)|HEAP_ALLOCATE|[50]|Bytes:4
12:26:38.0 (33298361)|VARIABLE_ASSIGNMENT|[50]|i|13
12:26:38.0 (33300006)|STATEMENT_EXECUTE|[50]
12:26:38.0 (33301159)|STATEMENT_EXECUTE|[51]
12:26:38.0 (33302701)|VARIABLE_SCOPE_BEGIN|[51]|j|Integer|false|false
12:26:38.0 (33304048)|HEAP_ALLOCATE|[51]|Bytes:4
12:26:38.0 (33306284)|VARIABLE_ASSIGNMENT|[51]|j|0
12:26:38.0 (33307712)|STATEMENT_EXECUTE|[51]
12:26:38.0 (33308934)|STATEMENT_EXECUTE|[52]
12:26:38.0 (33315757)|STATEMENT_EXECUTE|[53]
12:26:38.0 (33322341)|HEAP_ALLOCATE|[53]|Bytes:2
12:26:38.0 (33330289)|HEAP_ALLOCATE|[53]|Bytes:1
12:26:38.0 (33335573)|HEAP_ALLOCATE|[53]|Bytes:5
12:26:38.0 (33340684)|HEAP_ALLOCATE|[53]|Bytes:2
12:26:38.0 (33348199)|HEAP_ALLOCATE|[53]|Bytes:1
12:26:38.0 (33353357)|HEAP_ALLOCATE|[53]|Bytes:5
12:26:38.0 (33358281)|HEAP_ALLOCATE|[EXTERNAL]|Bytes:4
12:26:38.0 (33361795)|HEAP_ALLOCATE|[51]|Bytes:4
12:26:38.0 (33364770)|VARIABLE_ASSIGNMENT|[51]|j|30
12:26:38.0 (33366496)|STATEMENT_EXECUTE|[51]
12:26:38.0 (33367882)|STATEMENT_EXECUTE|[54]
12:26:38.0 (33369009)|STATEMENT_EXECUTE|[55]
12:26:38.0 (33374662)|HEAP_ALLOCATE|[55]|Bytes:2
12:26:38.0 (33382555)|HEAP_ALLOCATE|[55]|Bytes:2
12:26:38.0 (33387669)|HEAP_ALLOCATE|[55]|Bytes:5
12:26:38.0 (33392626)|HEAP_ALLOCATE|[55]|Bytes:2
12:26:38.0 (33399908)|HEAP_ALLOCATE|[55]|Bytes:2
12:26:38.0 (33404877)|HEAP_ALLOCATE|[55]|Bytes:5
12:26:38.0 (33409463)|HEAP_ALLOCATE|[EXTERNAL]|Bytes:4
12:26:38.0 (33412630)|HEAP_ALLOCATE|[51]|Bytes:4
12:26:38.0 (33415370)|VARIABLE_ASSIGNMENT|[51]|j|60
12:26:38.0 (33417183)|HEAP_ALLOCATE|[50]|Bytes:4
12:26:38.0 (33419457)|VARIABLE_ASSIGNMENT|[50]|i|14
12:26:38.0 (33421059)|STATEMENT_EXECUTE|[50]
12:26:38.0 (33422234)|STATEMENT_EXECUTE|[51]
12:26:38.0 (33423787)|VARIABLE_SCOPE_BEGIN|[51]|j|Integer|false|false
12:26:38.0 (33425198)|HEAP_ALLOCATE|[51]|Bytes:4
12:26:38.0 (33427439)|VARIABLE_ASSIGNMENT|[51]|j|0
12:26:38.0 (33428897)|STATEMENT_EXECUTE|[51]
12:26:38.0 (33430134)|STATEMENT_EXECUTE|[52]
12:26:38.0 (33431165)|STATEMENT_EXECUTE|[53]
12:26:38.0 (33436735)|HEAP_ALLOCATE|[53]|Bytes:2
12:26:38.0 (33447666)|HEAP_ALLOCATE|[53]|Bytes:1
12:26:38.0 (33459531)|HEAP_ALLOCATE|[53]|Bytes:5
12:26:38.0 (33464964)|HEAP_ALLOCATE|[53]|Bytes:2
12:26:38.0 (33472397)|HEAP_ALLOCATE|[53]|Bytes:1
12:26:38.0 (33477322)|HEAP_ALLOCATE|[53]|Bytes:5
12:26:38.0 (33482515)|HEAP_ALLOCATE|[EXTERNAL]|Bytes:4
12:26:38.0 (33486541)|HEAP_ALLOCATE|[51]|Bytes:4
12:26:38.0 (33489747)|VARIABLE_ASSIGNMENT|[51]|j|30
12:26:38.0 (33491592)|STATEMENT_EXECUTE|[51]
12:26:38.0 (33493061)|STATEMENT_EXECUTE|[54]
12:26:38.0 (33494035)|STATEMENT_EXECUTE|[55]
12:26:38.0 (33499982)|HEAP_ALLOCATE|[55]|Bytes:2
12:26:38.0 (33507949)|HEAP_ALLOCATE|[55]|Bytes:2
12:26:38.0 (33513098)|HEAP_ALLOCATE|[55]|Bytes:5
12:26:38.0 (33517962)|HEAP_ALLOCATE|[55]|Bytes:2
12:26:38.0 (33525330)|HEAP_ALLOCATE|[55]|Bytes:2
12:26:38.0 (33530315)|HEAP_ALLOCATE|[55]|Bytes:5
12:26:38.0 (33534868)|HEAP_ALLOCATE|[EXTERNAL]|Bytes:4
12:26:38.0 (33538160)|HEAP_ALLOCATE|[51]|Bytes:4
12:26:38.0 (33540807)|VARIABLE_ASSIGNMENT|[51]|j|60
12:26:38.0 (33542635)|HEAP_ALLOCATE|[50]|Bytes:4
12:26:38.0 (33545236)|VARIABLE_ASSIGNMENT|[50]|i|15
12:26:38.0 (33546973)|STATEMENT_EXECUTE|[50]
12:26:38.0 (33548133)|STATEMENT_EXECUTE|[51]
12:26:38.0 (33549738)|VARIABLE_SCOPE_BEGIN|[51]|j|Integer|false|false
12:26:38.0 (33551203)|HEAP_ALLOCATE|[51]|Bytes:4
12:26:38.0 (33553509)|VARIABLE_ASSIGNMENT|[51]|j|0
12:26:38.0 (33554933)|STATEMENT_EXECUTE|[51]
12:26:38.0 (33556185)|STATEMENT_EXECUTE|[52]
12:26:38.0 (33557229)|STATEMENT_EXECUTE|[53]
12:26:38.0 (33562937)|HEAP_ALLOCATE|[53]|Bytes:2
12:26:38.0 (33570719)|HEAP_ALLOCATE|[53]|Bytes:1
12:26:38.0 (33575771)|HEAP_ALLOCATE|[53]|Bytes:5
12:26:38.0 (33580772)|HEAP_ALLOCATE|[53]|Bytes:2
12:26:38.0 (33588218)|HEAP_ALLOCATE|[53]|Bytes:1
12:26:38.0 (33593276)|HEAP_ALLOCATE|[53]|Bytes:5
12:26:38.0 (33597954)|HEAP_ALLOCATE|[EXTERNAL]|Bytes:4
12:26:38.0 (33601394)|HEAP_ALLOCATE|[51]|Bytes:4
12:26:38.0 (33604079)|VARIABLE_ASSIGNMENT|[51]|j|30
12:26:38.0 (33605622)|STATEMENT_EXECUTE|[51]
12:26:38.0 (33606925)|STATEMENT_EXECUTE|[54]
12:26:38.0 (33608050)|STATEMENT_EXECUTE|[55]
12:26:38.0 (33613654)|HEAP_ALLOCATE|[55]|Bytes:2
12:26:38.0 (33621367)|HEAP_ALLOCATE|[55]|Bytes:2
12:26:38.0 (33626429)|HEAP_ALLOCATE|[55]|Bytes:5
12:26:38.0 (33631297)|HEAP_ALLOCATE|[55]|Bytes:2
12:26:38.0 (33638663)|HEAP_ALLOCATE|[55]|Bytes:2
12:26:38.0 (33643796)|HEAP_ALLOCATE|[55]|Bytes:5
12:26:38.0 (33648209)|HEAP_ALLOCATE|[EXTERNAL]|Bytes:4
12:26:38.0 (33651498)|HEAP_ALLOCATE|[51]|Bytes:4
12:26:38.0 (33654125)|VARIABLE_ASSIGNMENT|[51]|j|60
12:26:38.0 (33655827)|HEAP_ALLOCATE|[50]|Bytes:4
12:26:38.0 (33658032)|VARIABLE_ASSIGNMENT|[50]|i|16
12:26:38.0 (33659604)|STATEMENT_EXECUTE|[50]
12:26:38.0 (33660741)|STATEMENT_EXECUTE|[51]
12:26:38.0 (33662284)|VARIABLE_SCOPE_BEGIN|[51]|j|Integer|false|false
12:26:38.0 (33663734)|HEAP_ALLOCATE|[51]|Bytes:4
12:26:38.0 (33666067)|VARIABLE_ASSIGNMENT|[51]|j|0
12:26:38.0 (33667494)|STATEMENT_EXECUTE|[51]
12:26:38.0 (33668717)|STATEMENT_EXECUTE|[52]
12:26:38.0 (33669805)|STATEMENT_EXECUTE|[53]
12:26:38.0 (33675293)|HEAP_ALLOCATE|[53]|Bytes:2
12:26:38.0 (33683177)|HEAP_ALLOCATE|[53]|Bytes:1
12:26:38.0 (33688237)|HEAP_ALLOCATE|[53]|Bytes:5
12:26:38.0 (33693110)|HEAP_ALLOCATE|[53]|Bytes:2
12:26:38.0 (33700620)|HEAP_ALLOCATE|[53]|Bytes:1
12:26:38.0 (33705565)|HEAP_ALLOCATE|[53]|Bytes:5
12:26:38.0 (33710118)|HEAP_ALLOCATE|[EXTERNAL]|Bytes:4
12:26:38.0 (33713442)|HEAP_ALLOCATE|[51]|Bytes:4
12:26:38.0 (33716138)|VARIABLE_ASSIGNMENT|[51]|j|30
12:26:38.0 (33717649)|STATEMENT_EXECUTE|[51]
12:26:38.0 (33718988)|STATEMENT_EXECUTE|[54]
12:26:38.0 (33719916)|STATEMENT_EXECUTE|[55]
12:26:38.0 (33725512)|HEAP_ALLOCATE|[55]|Bytes:2
12:26:38.0 (33733235)|HEAP_ALLOCATE|[55]|Bytes:2
12:26:38.0 (33738241)|HEAP_ALLOCATE|[55]|Bytes:5
12:26:38.0 (33743131)|HEAP_ALLOCATE|[55]|Bytes:2
12:26:38.0 (33750575)|HEAP_ALLOCATE|[55]|Bytes:2
12:26:38.0 (33755544)|HEAP_ALLOCATE|[55]|Bytes:5
12:26:38.0 (33759942)|HEAP_ALLOCATE|[EXTERNAL]|Bytes:4
12:26:38.0 (33763270)|HEAP_ALLOCATE|[51]|Bytes:4
12:26:38.0 (33765852)|VARIABLE_ASSIGNMENT|[51]|j|60
12:26:38.0 (33767567)|HEAP_ALLOCATE|[50]|Bytes:4
12:26:38.0 (33770297)|VARIABLE_ASSIGNMENT|[50]|i|17
12:26:38.0 (33772004)|STATEMENT_EXECUTE|[50]
12:26:38.0 (33773192)|STATEMENT_EXECUTE|[51]
12:26:38.0 (33774721)|VARIABLE_SCOPE_BEGIN|[51]|j|Integer|false|false
12:26:38.0 (33776236)|HEAP_ALLOCATE|[51]|Bytes:4
12:26:38.0 (33778472)|VARIABLE_ASSIGNMENT|[51]|j|0
12:26:38.0 (33779980)|STATEMENT_EXECUTE|[51]
12:26:38.0 (33781242)|STATEMENT_EXECUTE|[52]
12:26:38.0 (33782192)|STATEMENT_EXECUTE|[53]
12:26:38.0 (33787802)|HEAP_ALLOCATE|[53]|Bytes:2
12:26:38.0 (33795483)|HEAP_ALLOCATE|[53]|Bytes:1
12:26:38.0 (33800643)|HEAP_ALLOCATE|[53]|Bytes:5
12:26:38.0 (33805598)|HEAP_ALLOCATE|[53]|Bytes:2
12:26:38.0 (33812801)|HEAP_ALLOCATE|[53]|Bytes:1
12:26:38.0 (33817784)|HEAP_ALLOCATE|[53]|Bytes:5
12:26:38.0 (33822484)|HEAP_ALLOCATE|[EXTERNAL]|Bytes:4
12:26:38.0 (33825916)|HEAP_ALLOCATE|[51]|Bytes:4
12:26:38.0 (33828606)|VARIABLE_ASSIGNMENT|[51]|j|30
12:26:38.0 (33830157)|STATEMENT_EXECUTE|[51]
12:26:38.0 (33831408)|STATEMENT_EXECUTE|[54]
12:26:38.0 (33832350)|STATEMENT_EXECUTE|[55]
12:26:38.0 (33838258)|HEAP_ALLOCATE|[55]|Bytes:2
12:26:38.0 (33845970)|HEAP_ALLOCATE|[55]|Bytes:2
12:26:38.0 (33851014)|HEAP_ALLOCATE|[55]|Bytes:5
12:26:38.0 (33856000)|HEAP_ALLOCATE|[55]|Bytes:2
12:26:38.0 (33863262)|HEAP_ALLOCATE|[55]|Bytes:2
12:26:38.0 (33868436)|HEAP_ALLOCATE|[55]|Bytes:5
12:26:38.0 (33872815)|HEAP_ALLOCATE|[EXTERNAL]|Bytes:4
12:26:38.0 (33876014)|HEAP_ALLOCATE|[51]|Bytes:4
12:26:38.0 (33878637)|VARIABLE_ASSIGNMENT|[51]|j|60
12:26:38.0 (33880450)|HEAP_ALLOCATE|[50]|Bytes:4
12:26:38.0 (33882671)|VARIABLE_ASSIGNMENT|[50]|i|18
12:26:38.0 (33884255)|STATEMENT_EXECUTE|[50]
12:26:38.0 (33885401)|STATEMENT_EXECUTE|[51]
12:26:38.0 (33886951)|VARIABLE_SCOPE_BEGIN|[51]|j|Integer|false|false
12:26:38.0 (33888306)|HEAP_ALLOCATE|[51]|Bytes:4
12:26:38.0 (33890576)|VARIABLE_ASSIGNMENT|[51]|j|0
12:26:38.0 (33892031)|STATEMENT_EXECUTE|[51]
12:26:38.0 (33893254)|STATEMENT_EXECUTE|[52]
12:26:38.0 (33894219)|STATEMENT_EXECUTE|[53]
12:26:38.0 (33899725)|HEAP_ALLOCATE|[53]|Bytes:2
12:26:38.0 (33907859)|HEAP_ALLOCATE|[53]|Bytes:1
12:26:38.0 (33912915)|HEAP_ALLOCATE|[53]|Bytes:5
12:26:38.0 (33917872)|HEAP_ALLOCATE|[53]|Bytes:2
12:26:38.0 (33925091)|HEAP_ALLOCATE|[53]|Bytes:1
12:26:38.0 (33930077)|HEAP_ALLOCATE|[53]|Bytes:5
12:26:38.0 (33934721)|HEAP_ALLOCATE|[EXTERNAL]|Bytes:4
12:26:38.0 (33938185)|HEAP_ALLOCATE|[51]|Bytes:4
12:26:38.0 (33946553)|VARIABLE_ASSIGNMENT|[51]|j|30
12:26:38.0 (33948542)|STATEMENT_EXECUTE|[51]
12:26:38.0 (33949866)|STATEMENT_EXECUTE|[54]
12:26:38.0 (33950801)|STATEMENT_EXECUTE|[55]
12:26:38.0 (33957147)|HEAP_ALLOCATE|[55]|Bytes:2
12:26:38.0 (33965344)|HEAP_ALLOCATE|[55]|Bytes:2
12:26:38.0 (33970485)|HEAP_ALLOCATE|[55]|Bytes:5
12:26:38.0 (33975468)|HEAP_ALLOCATE|[55]|Bytes:2
12:26:38.0 (33982809)|HEAP_ALLOCATE|[55]|Bytes:2
12:26:38.0 (33987827)|HEAP_ALLOCATE|[55]|Bytes:5
12:26:38.0 (33992555)|HEAP_ALLOCATE|[EXTERNAL]|Bytes:4
12:26:38.0 (33995835)|HEAP_ALLOCATE|[51]|Bytes:4
12:26:38.0 (33998536)|VARIABLE_ASSIGNMENT|[51]|j|60
12:26:38.0 (34000302)|HEAP_ALLOCATE|[50]|Bytes:4
12:26:38.0 (34003487)|VARIABLE_ASSIGNMENT|[50]|i|19
12:26:38.0 (34005174)|STATEMENT_EXECUTE|[50]
12:26:38.0 (34006363)|STATEMENT_EXECUTE|[51]
12:26:38.0 (34007958)|VARIABLE_SCOPE_BEGIN|[51]|j|Integer|false|false
12:26:38.0 (34009426)|HEAP_ALLOCATE|[51]|Bytes:4
12:26:38.0 (34011623)|VARIABLE_ASSIGNMENT|[51]|j|0
12:26:38.0 (34013244)|STATEMENT_EXECUTE|[51]
12:26:38.0 (34014483)|STATEMENT_EXECUTE|[52]
12:26:38.0 (34015454)|STATEMENT_EXECUTE|[53]
12:26:38.0 (34021063)|HEAP_ALLOCATE|[53]|Bytes:2
12:26:38.0 (34028729)|HEAP_ALLOCATE|[53]|Bytes:1
12:26:38.0 (34034001)|HEAP_ALLOCATE|[53]|Bytes:5
12:26:38.0 (34039113)|HEAP_ALLOCATE|[53]|Bytes:2
12:26:38.0 (34046396)|HEAP_ALLOCATE|[53]|Bytes:1
12:26:38.0 (34051233)|HEAP_ALLOCATE|[53]|Bytes:5
12:26:38.0 (34055798)|HEAP_ALLOCATE|[EXTERNAL]|Bytes:4
12:26:38.0 (34059196)|HEAP_ALLOCATE|[51]|Bytes:4
12:26:38.0 (34061920)|VARIABLE_ASSIGNMENT|[51]|j|30
12:26:38.0 (34063557)|STATEMENT_EXECUTE|[51]
12:26:38.0 (34064859)|STATEMENT_EXECUTE|[54]
12:26:38.0 (34065884)|STATEMENT_EXECUTE|[55]
12:26:38.0 (34071718)|HEAP_ALLOCATE|[55]|Bytes:2
12:26:38.0 (34079438)|HEAP_ALLOCATE|[55]|Bytes:2
12:26:38.0 (34084697)|HEAP_ALLOCATE|[55]|Bytes:5
12:26:38.0 (34089612)|HEAP_ALLOCATE|[55]|Bytes:2
12:26:38.0 (34096915)|HEAP_ALLOCATE|[55]|Bytes:2
12:26:38.0 (34101857)|HEAP_ALLOCATE|[55]|Bytes:5
12:26:38.0 (34106231)|HEAP_ALLOCATE|[EXTERNAL]|Bytes:4
12:26:38.0 (34109448)|HEAP_ALLOCATE|[51]|Bytes:4
12:26:38.0 (34112034)|VARIABLE_ASSIGNMENT|[51]|j|60
12:26:38.0 (34113734)|HEAP_ALLOCATE|[50]|Bytes:4
12:26:38.0 (34116113)|VARIABLE_ASSIGNMENT|[50]|i|20
12:26:38.0 (34117694)|STATEMENT_EXECUTE|[50]
12:26:38.0 (34118920)|STATEMENT_EXECUTE|[51]
12:26:38.0 (34120473)|VARIABLE_SCOPE_BEGIN|[51]|j|Integer|false|false
12:26:38.0 (34121820)|HEAP_ALLOCATE|[51]|Bytes:4
12:26:38.0 (34124088)|VARIABLE_ASSIGNMENT|[51]|j|0
12:26:38.0 (34125514)|STATEMENT_EXECUTE|[51]
12:26:38.0 (34126733)|STATEMENT_EXECUTE|[52]
12:26:38.0 (34127703)|STATEMENT_EXECUTE|[53]
12:26:38.0 (34133155)|HEAP_ALLOCATE|[53]|Bytes:2
12:26:38.0 (34140816)|HEAP_ALLOCATE|[53]|Bytes:1
12:26:38.0 (34146429)|HEAP_ALLOCATE|[53]|Bytes:5
12:26:38.0 (34151393)|HEAP_ALLOCATE|[53]|Bytes:2
12:26:38.0 (34158685)|HEAP_ALLOCATE|[53]|Bytes:1
12:26:38.0 (34163595)|HEAP_ALLOCATE|[53]|Bytes:5
12:26:38.0 (34168173)|HEAP_ALLOCATE|[EXTERNAL]|Bytes:4
12:26:38.0 (34171588)|HEAP_ALLOCATE|[51]|Bytes:4
12:26:38.0 (34174199)|VARIABLE_ASSIGNMENT|[51]|j|30
12:26:38.0 (34175741)|STATEMENT_EXECUTE|[51]
12:26:38.0 (34177020)|STATEMENT_EXECUTE|[54]
12:26:38.0 (34177959)|STATEMENT_EXECUTE|[55]
12:26:38.0 (34183421)|HEAP_ALLOCATE|[55]|Bytes:2
12:26:38.0 (34191042)|HEAP_ALLOCATE|[55]|Bytes:2
12:26:38.0 (34196221)|HEAP_ALLOCATE|[55]|Bytes:5
12:26:38.0 (34201249)|HEAP_ALLOCATE|[55]|Bytes:2
12:26:38.0 (34208508)|HEAP_ALLOCATE|[55]|Bytes:2
12:26:38.0 (34213386)|HEAP_ALLOCATE|[55]|Bytes:5
12:26:38.0 (34217832)|HEAP_ALLOCATE|[EXTERNAL]|Bytes:4
12:26:38.0 (34221157)|HEAP_ALLOCATE|[51]|Bytes:4
12:26:38.0 (34223842)|VARIABLE_ASSIGNMENT|[51]|j|60
12:26:38.0 (34225498)|HEAP_ALLOCATE|[50]|Bytes:4
12:26:38.0 (34227910)|VARIABLE_ASSIGNMENT|[50]|i|21
12:26:38.0 (34229449)|STATEMENT_EXECUTE|[50]
12:26:38.0 (34230615)|STATEMENT_EXECUTE|[51]
12:26:38.0 (34232147)|VARIABLE_SCOPE_BEGIN|[51]|j|Integer|false|false
12:26:38.0 (34233488)|HEAP_ALLOCATE|[51]|Bytes:4
12:26:38.0 (34235768)|VARIABLE_ASSIGNMENT|[51]|j|0
12:26:38.0 (34237189)|STATEMENT_EXECUTE|[51]
12:26:38.0 (34238437)|STATEMENT_EXECUTE|[52]
12:26:38.0 (34239458)|STATEMENT_EXECUTE|[53]
12:26:38.0 (34245106)|HEAP_ALLOCATE|[53]|Bytes:2
12:26:38.0 (34252898)|HEAP_ALLOCATE|[53]|Bytes:1
12:26:38.0 (34257922)|HEAP_ALLOCATE|[53]|Bytes:5
12:26:38.0 (34262872)|HEAP_ALLOCATE|[53]|Bytes:2
12:26:38.0 (34270087)|HEAP_ALLOCATE|[53]|Bytes:1
12:26:38.0 (34275003)|HEAP_ALLOCATE|[53]|Bytes:5
12:26:38.0 (34279790)|HEAP_ALLOCATE|[EXTERNAL]|Bytes:4
12:26:38.0 (34283117)|HEAP_ALLOCATE|[51]|Bytes:4
12:26:38.0 (34285748)|VARIABLE_ASSIGNMENT|[51]|j|30
12:26:38.0 (34287270)|STATEMENT_EXECUTE|[51]
12:26:38.0 (34288562)|STATEMENT_EXECUTE|[54]
12:26:38.0 (34289499)|STATEMENT_EXECUTE|[55]
12:26:38.0 (34295055)|HEAP_ALLOCATE|[55]|Bytes:2
12:26:38.0 (34302894)|HEAP_ALLOCATE|[55]|Bytes:2
12:26:38.0 (34307975)|HEAP_ALLOCATE|[55]|Bytes:5
12:26:38.0 (34312830)|HEAP_ALLOCATE|[55]|Bytes:2
12:26:38.0 (34320086)|HEAP_ALLOCATE|[55]|Bytes:2
12:26:38.0 (34325064)|HEAP_ALLOCATE|[55]|Bytes:5
12:26:38.0 (34329758)|HEAP_ALLOCATE|[EXTERNAL]|Bytes:4
12:26:38.0 (34332995)|HEAP_ALLOCATE|[51]|Bytes:4
12:26:38.0 (34335630)|VARIABLE_ASSIGNMENT|[51]|j|60
12:26:38.0 (34337367)|HEAP_ALLOCATE|[50]|Bytes:4
12:26:38.0 (34339670)|VARIABLE_ASSIGNMENT|[50]|i|22
12:26:38.0 (34341242)|STATEMENT_EXECUTE|[50]
12:26:38.0 (34342415)|STATEMENT_EXECUTE|[51]
12:26:38.0 (34343973)|VARIABLE_SCOPE_BEGIN|[51]|j|Integer|false|false
12:26:38.0 (34345337)|HEAP_ALLOCATE|[51]|Bytes:4
12:26:38.0 (34347619)|VARIABLE_ASSIGNMENT|[51]|j|0
12:26:38.0 (34349048)|STATEMENT_EXECUTE|[51]
12:26:38.0 (34350371)|STATEMENT_EXECUTE|[52]
12:26:38.0 (34351328)|STATEMENT_EXECUTE|[53]
12:26:38.0 (34356871)|HEAP_ALLOCATE|[53]|Bytes:2
12:26:38.0 (34364410)|HEAP_ALLOCATE|[53]|Bytes:1
12:26:38.0 (34369683)|HEAP_ALLOCATE|[53]|Bytes:5
12:26:38.0 (34374600)|HEAP_ALLOCATE|[53]|Bytes:2
12:26:38.0 (34381984)|HEAP_ALLOCATE|[53]|Bytes:1
12:26:38.0 (34386871)|HEAP_ALLOCATE|[53]|Bytes:5
12:26:38.0 (34391448)|HEAP_ALLOCATE|[EXTERNAL]|Bytes:4
12:26:38.0 (34394773)|HEAP_ALLOCATE|[51]|Bytes:4
12:26:38.0 (34397404)|VARIABLE_ASSIGNMENT|[51]|j|30
12:26:38.0 (34398941)|STATEMENT_EXECUTE|[51]
12:26:38.0 (34400230)|STATEMENT_EXECUTE|[54]
12:26:38.0 (34401181)|STATEMENT_EXECUTE|[55]
12:26:38.0 (34406700)|HEAP_ALLOCATE|[55]|Bytes:2
12:26:38.0 (34414419)|HEAP_ALLOCATE|[55]|Bytes:2
12:26:38.0 (34419443)|HEAP_ALLOCATE|[55]|Bytes:5
12:26:38.0 (34424334)|HEAP_ALLOCATE|[55]|Bytes:2
12:26:38.0 (34431753)|HEAP_ALLOCATE|[55]|Bytes:2
12:26:38.0 (34436855)|HEAP_ALLOCATE|[55]|Bytes:5
12:26:38.0 (34441239)|HEAP_ALLOCATE|[EXTERNAL]|Bytes:4
12:26:38.0 (34447403)|HEAP_ALLOCATE|[51]|Bytes:4
12:26:38.0 (34450448)|VARIABLE_ASSIGNMENT|[51]|j|60
12:26:38.0 (34452269)|HEAP_ALLOCATE|[50]|Bytes:4
12:26:38.0 (34454550)|VARIABLE_ASSIGNMENT|[50]|i|23
12:26:38.0 (34456371)|STATEMENT_EXECUTE|[50]
12:26:38.0 (34457569)|STATEMENT_EXECUTE|[51]
12:26:38.0 (34459114)|VARIABLE_SCOPE_BEGIN|[51]|j|Integer|false|false
12:26:38.0 (34460595)|HEAP_ALLOCATE|[51]|Bytes:4
12:26:38.0 (34463231)|VARIABLE_ASSIGNMENT|[51]|j|0
12:26:38.0 (34464667)|STATEMENT_EXECUTE|[51]
12:26:38.0 (34465920)|STATEMENT_EXECUTE|[52]
12:26:38.0 (34466870)|STATEMENT_EXECUTE|[53]
12:26:38.0 (34472689)|HEAP_ALLOCATE|[53]|Bytes:2
12:26:38.0 (34480564)|HEAP_ALLOCATE|[53]|Bytes:1
12:26:38.0 (34485761)|HEAP_ALLOCATE|[53]|Bytes:5
12:26:38.0 (34490796)|HEAP_ALLOCATE|[53]|Bytes:2
12:26:38.0 (34498093)|HEAP_ALLOCATE|[53]|Bytes:1
12:26:38.0 (34503037)|HEAP_ALLOCATE|[53]|Bytes:5
12:26:38.0 (34508028)|HEAP_ALLOCATE|[EXTERNAL]|Bytes:4
12:26:38.0 (34511426)|HEAP_ALLOCATE|[51]|Bytes:4
12:26:38.0 (34514123)|VARIABLE_ASSIGNMENT|[51]|j|30
12:26:38.0 (34515716)|STATEMENT_EXECUTE|[51]
12:26:38.0 (34516996)|STATEMENT_EXECUTE|[54]
12:26:38.0 (34517960)|STATEMENT_EXECUTE|[55]
12:26:38.0 (34523547)|HEAP_ALLOCATE|[55]|Bytes:2
12:26:38.0 (34531320)|HEAP_ALLOCATE|[55]|Bytes:2
12:26:38.0 (34536380)|HEAP_ALLOCATE|[55]|Bytes:5
12:26:38.0 (34541470)|HEAP_ALLOCATE|[55]|Bytes:2
12:26:38.0 (34548724)|HEAP_ALLOCATE|[55]|Bytes:2
12:26:38.0 (34553765)|HEAP_ALLOCATE|[55]|Bytes:5
12:26:38.0 (34558286)|HEAP_ALLOCATE|[EXTERNAL]|Bytes:4
12:26:38.0 (34561535)|HEAP_ALLOCATE|[51]|Bytes:4
12:26:38.0 (34564168)|VARIABLE_ASSIGNMENT|[51]|j|60
12:26:38.0 (34566004)|HEAP_ALLOCATE|[50]|Bytes:4
12:26:38.0 (34568271)|VARIABLE_ASSIGNMENT|[50]|i|24
12:26:38.0 (34570169)|STATEMENT_EXECUTE|[59]
12:26:38.0 (34665194)|SYSTEM_MODE_ENTER|true
12:26:38.0 (34686716)|HEAP_ALLOCATE|[EXTERNAL]|Bytes:80
12:26:38.0 (34730790)|VARIABLE_ASSIGNMENT|[EXTERNAL]|this|{"delToHub":true,"delToProj":false,"detail":"0x7721254a","invoked":false,"rejected":false,"reserved":false,"selectedTime3":"8:00","sublocations1":"0x44baaf70","www":"0x2bac836","wwwById":"0x668c8471"}|0x57267e9e
12:26:38.0 (34736838)|STATEMENT_EXECUTE|[78]
12:26:38.0 (34739621)|STATEMENT_EXECUTE|[79]
12:26:38.0 (34749582)|STATEMENT_EXECUTE|[83]
12:26:38.37 (37800434)|SYSTEM_MODE_ENTER|true
12:26:38.37 (37852806)|HEAP_ALLOCATE|[EXTERNAL]|Bytes:8
12:26:38.37 (37858434)|VARIABLE_SCOPE_BEGIN|[88]|this|ApexPage.PageMessagesComponentController|true|false
12:26:38.37 (37875254)|VARIABLE_ASSIGNMENT|[88]|this|{}|0x1ce8d3b4
12:26:38.37 (37877874)|VARIABLE_SCOPE_BEGIN|[88]|escape|Boolean|false|false
12:26:38.37 (37881571)|VARIABLE_ASSIGNMENT|[88]|escape|null
12:26:38.0 (38216628)|SYSTEM_MODE_ENTER|true
12:26:38.0 (38240124)|HEAP_ALLOCATE|[EXTERNAL]|Bytes:4
12:26:38.0 (38243653)|HEAP_ALLOCATE|[EXTERNAL]|Bytes:80
12:26:38.0 (38253827)|VARIABLE_ASSIGNMENT|[EXTERNAL]|this.selectedTime3|"8:00"|0x57267e9e
12:26:38.0 (38287186)|SYSTEM_MODE_ENTER|true
12:26:38.0 (38307193)|HEAP_ALLOCATE|[EXTERNAL]|Bytes:80
12:26:38.0 (38349117)|VARIABLE_ASSIGNMENT|[EXTERNAL]|this|{"delToHub":true,"delToProj":false,"detail":"0x7721254a","invoked":false,"rejected":false,"reserved":false,"selectedTime3":"8:00","sublocations1":"0x44baaf70","www":"0x2bac836","wwwById":"0x668c8471"}|0x57267e9e
12:26:38.0 (38355465)|STATEMENT_EXECUTE|[3]
12:26:38.0 (38358312)|STATEMENT_EXECUTE|[4]
12:26:38.0 (38359693)|STATEMENT_EXECUTE|[9]
12:26:38.0 (38723163)|SYSTEM_MODE_ENTER|true
12:26:38.0 (38742951)|HEAP_ALLOCATE|[EXTERNAL]|Bytes:80
12:26:38.0 (38784020)|VARIABLE_ASSIGNMENT|[EXTERNAL]|this|{"delToHub":true,"delToProj":false,"detail":"0x7721254a","invoked":false,"rejected":false,"reserved":false,"selectedTime3":"8:00","sublocations1":"0x44baaf70","www":"0x2bac836","wwwById":"0x668c8471"}|0x57267e9e
12:26:38.0 (38790172)|STATEMENT_EXECUTE|[204]
12:26:38.0 (38792466)|STATEMENT_EXECUTE|[205]
12:26:38.0 (38793684)|STATEMENT_EXECUTE|[208]
12:26:38.0 (38833491)|SYSTEM_MODE_ENTER|true
12:26:38.0 (38849370)|HEAP_ALLOCATE|[EXTERNAL]|Bytes:80
12:26:38.0 (38884198)|VARIABLE_ASSIGNMENT|[EXTERNAL]|this|{"delToHub":true,"delToProj":false,"detail":"0x7721254a","invoked":false,"rejected":false,"reserved":false,"selectedTime3":"8:00","sublocations1":"0x44baaf70","www":"0x2bac836","wwwById":"0x668c8471"}|0x57267e9e
12:26:38.0 (38889108)|STATEMENT_EXECUTE|[220]
12:26:38.0 (38891064)|STATEMENT_EXECUTE|[221]
12:26:38.0 (38892100)|STATEMENT_EXECUTE|[224]
12:26:38.0 (38927383)|SYSTEM_MODE_ENTER|true
12:26:38.0 (38941709)|HEAP_ALLOCATE|[EXTERNAL]|Bytes:80
12:26:38.0 (38974211)|VARIABLE_ASSIGNMENT|[EXTERNAL]|this|{"delToHub":true,"delToProj":false,"detail":"0x7721254a","invoked":false,"rejected":false,"reserved":false,"selectedTime3":"8:00","sublocations1":"0x44baaf70","www":"0x2bac836","wwwById":"0x668c8471"}|0x57267e9e
12:26:38.0 (38978218)|STATEMENT_EXECUTE|[212]
12:26:38.0 (38980073)|STATEMENT_EXECUTE|[213]
12:26:38.0 (38981113)|STATEMENT_EXECUTE|[216]
12:26:38.0 (39015761)|SYSTEM_MODE_ENTER|true
12:26:38.0 (39030387)|HEAP_ALLOCATE|[EXTERNAL]|Bytes:80
12:26:38.0 (39062347)|VARIABLE_ASSIGNMENT|[EXTERNAL]|this|{"delToHub":true,"delToProj":false,"detail":"0x7721254a","invoked":false,"rejected":false,"reserved":false,"selectedTime3":"8:00","sublocations1":"0x44baaf70","www":"0x2bac836","wwwById":"0x668c8471"}|0x57267e9e
12:26:38.0 (39066723)|STATEMENT_EXECUTE|[21]
12:26:38.0 (39068696)|STATEMENT_EXECUTE|[22]
12:26:38.0 (39069809)|STATEMENT_EXECUTE|[26]
12:26:38.0 (39695756)|HEAP_ALLOCATE|[EXTERNAL]|Bytes:80
12:26:38.0 (39701978)|VARIABLE_SCOPE_BEGIN|[245]|this|NewDeliveredExtension|true|false
12:26:38.0 (39741653)|VARIABLE_ASSIGNMENT|[245]|this|{"delToHub":true,"delToProj":false,"detail":"0x7721254a","invoked":false,"rejected":false,"reserved":false,"selectedTime3":"8:00","sublocations1":"0x44baaf70","www":"0x2bac836","wwwById":"0x668c8471"}|0x57267e9e
12:26:38.0 (39748636)|STATEMENT_EXECUTE|[245]
12:26:38.0 (39750138)|STATEMENT_EXECUTE|[246]
12:26:38.0 (39754738)|HEAP_ALLOCATE|[246]|Bytes:4
12:26:38.0 (39850118)|VARIABLE_ASSIGNMENT|[EXTERNAL]|this|{"delToHub":true,"delToProj":false,"detail":"0x7721254a","invoked":false,"rejected":false,"reserved":false,"selectedTime3":"8:00","sublocations1":"0x44baaf70","www":"0x2bac836","wwwById":"0x668c8471"}|0x57267e9e
12:26:38.0 (39867175)|HEAP_ALLOCATE|[EXTERNAL]|Bytes:4
12:26:38.0 (39872462)|VARIABLE_ASSIGNMENT|[EXTERNAL]|value|[]|0x55582dfa
12:26:38.0 (39880295)|VARIABLE_ASSIGNMENT|[185]|this.sublocations1|[]|0x57267e9e
12:26:38.0 (39886458)|STATEMENT_EXECUTE|[247]
12:26:38.0 (39890061)|HEAP_ALLOCATE|[247]|Bytes:4
12:26:38.0 (39904283)|VARIABLE_SCOPE_BEGIN|[247]|options|List<NewDeliveredExtension.SubLocation>|true|false
12:26:38.0 (39911505)|HEAP_ALLOCATE|[EXTERNAL]|Bytes:4
12:26:38.0 (39915214)|VARIABLE_ASSIGNMENT|[247]|options|[]|0x29843c60
12:26:38.0 (39917245)|STATEMENT_EXECUTE|[248]
12:26:38.0 (39919909)|HEAP_ALLOCATE|[248]|Bytes:18
12:26:38.0 (39965690)|VARIABLE_ASSIGNMENT|[EXTERNAL]|this|{"delToHub":true,"delToProj":false,"detail":"0x7721254a","invoked":false,"rejected":false,"reserved":false,"selectedTime3":"8:00","sublocations1":"0x55582dfa","www":"0x2bac836","wwwById":"0x668c8471"}|0x57267e9e
12:26:38.0 (39969476)|STATEMENT_EXECUTE|[3]
12:26:38.0 (39971787)|STATEMENT_EXECUTE|[4]
12:26:38.0 (39972872)|STATEMENT_EXECUTE|[9]
12:26:38.0 (40031705)|HEAP_ALLOCATE|[248]|Bytes:18
12:26:38.0 (40044778)|HEAP_ALLOCATE|[248]|Bytes:36
12:26:38.0 (40067443)|USER_DEBUG|[248]|DEBUG|detail.Location__ca0B0E0000009MiwUAE
12:26:38.0 (40115946)|VARIABLE_ASSIGNMENT|[EXTERNAL]|this|{"delToHub":true,"delToProj":false,"detail":"0x7721254a","invoked":false,"rejected":false,"reserved":false,"selectedTime3":"8:00","sublocations1":"0x55582dfa","www":"0x2bac836","wwwById":"0x668c8471"}|0x57267e9e
12:26:38.0 (40120083)|STATEMENT_EXECUTE|[3]
12:26:38.0 (40122006)|STATEMENT_EXECUTE|[4]
12:26:38.0 (40123231)|STATEMENT_EXECUTE|[9]
12:26:38.0 (40130931)|STATEMENT_EXECUTE|[250]
12:26:38.0 (40134087)|HEAP_ALLOCATE|[251]|Bytes:68
12:26:38.0 (40141670)|HEAP_ALLOCATE|[251]|Bytes:4
12:26:38.0 (40149620)|HEAP_ALLOCATE|[251]|Bytes:7
12:26:38.0 (40188146)|VARIABLE_ASSIGNMENT|[EXTERNAL]|this|{"delToHub":true,"delToProj":false,"detail":"0x7721254a","invoked":false,"rejected":false,"reserved":false,"selectedTime3":"8:00","sublocations1":"0x55582dfa","www":"0x2bac836","wwwById":"0x668c8471"}|0x57267e9e
12:26:38.0 (40191889)|STATEMENT_EXECUTE|[3]
12:26:38.0 (40193566)|STATEMENT_EXECUTE|[4]
12:26:38.0 (40194597)|STATEMENT_EXECUTE|[9]
12:26:38.0 (40554804)|SOQL_EXECUTE_BEGIN|[251]|Aggregations:0|SELECT Name, Id FROM Location__c 
12:26:38.0 (43155638)|SOQL_EXECUTE_END|[251]|Rows:1
12:26:38.0 (43171691)|HEAP_ALLOCATE|[EXTERNAL]|Bytes:8
12:26:38.0 (43304933)|HEAP_ALLOCATE|[251]|Bytes:49
12:26:38.0 (43311290)|HEAP_ALLOCATE|[251]|Bytes:8
12:26:38.0 (43319461)|SYSTEM_METHOD_ENTRY|[7]|QueryLocatorIterator.QueryLocatorIterator()
12:26:38.0 (43322285)|STATEMENT_EXECUTE|[7]
12:26:38.0 (43329461)|SYSTEM_METHOD_EXIT|[7]|QueryLocatorIterator
12:26:38.0 (43335763)|HEAP_ALLOCATE|[251]|Bytes:28
12:26:38.0 (43391669)|HEAP_ALLOCATE|[251]|Bytes:8
12:26:38.0 (43404170)|HEAP_ALLOCATE|[251]|Bytes:8
12:26:38.0 (43405952)|HEAP_ALLOCATE|[251]|Bytes:8
12:26:38.0 (43409597)|VARIABLE_SCOPE_BEGIN|[15]|this|Database.QueryLocatorIterator|true|false
12:26:38.0 (43426454)|VARIABLE_ASSIGNMENT|[15]|this|{}|0x7b72a5ee
12:26:38.0 (43428980)|VARIABLE_SCOPE_BEGIN|[15]|values|List<SObject>|true|false
12:26:38.0 (43441669)|VARIABLE_ASSIGNMENT|[15]|values|[{"Name":"27I3A","Id":"a0B0E0000009WnWUAU","RecordTypeId":"01224000000B1zdAAC"}]|0x12d5558e
12:26:38.0 (43448851)|VARIABLE_SCOPE_BEGIN|[15]|ql|Database.QueryLocator|true|false
12:26:38.0 (43458927)|VARIABLE_ASSIGNMENT|[15]|ql|{"query":"SELECT Name, Id FROM (48 more) ..."}|0x7bb76fab
12:26:38.0 (43460754)|VARIABLE_SCOPE_BEGIN|[15]|totalNumRecords|Integer|false|false
12:26:38.0 (43463808)|VARIABLE_ASSIGNMENT|[15]|totalNumRecords|1
12:26:38.0 (43465602)|VARIABLE_SCOPE_BEGIN|[15]|queryMoreSize|Integer|false|false
12:26:38.0 (43467782)|VARIABLE_ASSIGNMENT|[15]|queryMoreSize|49999
12:26:38.0 (43540529)|HEAP_ALLOCATE|[251]|Bytes:28
12:26:38.0 (43557700)|METHOD_ENTRY|[251]||Database.QueryLocatorIterator.hasNext()
12:26:38.0 (43611293)|METHOD_EXIT|[251]||Database.QueryLocatorIterator.hasNext()
12:26:38.0 (43617589)|METHOD_ENTRY|[251]||Database.QueryLocatorIterator.next()
12:26:38.0 (43693499)|METHOD_EXIT|[251]||Database.QueryLocatorIterator.next()
12:26:38.0 (43701049)|VARIABLE_SCOPE_BEGIN|[251]|loc|Location__c|true|false
12:26:38.0 (43712265)|VARIABLE_ASSIGNMENT|[251]|loc|{"Name":"27I3A","Id":"a0B0E0000009WnWUAU","RecordTypeId":"01224000000B1zdAAC"}|0x69e79ee5
12:26:38.0 (43715387)|STATEMENT_EXECUTE|[251]
12:26:38.0 (43716792)|STATEMENT_EXECUTE|[252]
12:26:38.0 (43769931)|VARIABLE_ASSIGNMENT|[EXTERNAL]|this|{"delToHub":true,"delToProj":false,"detail":"0x7721254a","invoked":false,"rejected":false,"reserved":false,"selectedTime3":"8:00","sublocations1":"0x55582dfa","www":"0x2bac836","wwwById":"0x668c8471"}|0x57267e9e
12:26:38.0 (43774950)|STATEMENT_EXECUTE|[186]
12:26:38.0 (43777232)|STATEMENT_EXECUTE|[187]
12:26:38.0 (43778544)|STATEMENT_EXECUTE|[190]
12:26:38.0 (43791079)|HEAP_ALLOCATE|[252]|Bytes:112
12:26:38.0 (43795197)|HEAP_ALLOCATE|[252]|Bytes:11
12:26:38.0 (43800988)|HEAP_ALLOCATE|[252]|Bytes:12
12:26:38.0 (43812673)|CONSTRUCTOR_ENTRY|[252]|01p2400000DUtXT|<init>(Boolean,Location__c)
12:26:38.0 (43817396)|VARIABLE_SCOPE_BEGIN|[530]|this|NewDeliveredExtension.SubLocation|true|false
12:26:38.0 (43827320)|VARIABLE_ASSIGNMENT|[530]|this|{}|0x5126df72
12:26:38.0 (43832175)|VARIABLE_SCOPE_BEGIN|[530]|isChecked|Boolean|false|false
12:26:38.0 (43835179)|VARIABLE_ASSIGNMENT|[530]|isChecked|false
12:26:38.0 (43836922)|VARIABLE_SCOPE_BEGIN|[530]|sub|Location__c|true|false
12:26:38.0 (43843328)|VARIABLE_ASSIGNMENT|[530]|sub|{"Name":"27I3A","Id":"a0B0E0000009WnWUAU","RecordTypeId":"01224000000B1zdAAC"}|0x69e79ee5
12:26:38.0 (43846463)|STATEMENT_EXECUTE|[527]
12:26:38.0 (43847994)|STATEMENT_EXECUTE|[528]
12:26:38.0 (43849488)|STATEMENT_EXECUTE|[529]
12:26:38.0 (43858536)|STATEMENT_EXECUTE|[530]
12:26:38.0 (43859921)|STATEMENT_EXECUTE|[531]
12:26:38.0 (43882765)|VARIABLE_ASSIGNMENT|[EXTERNAL]|this|{}|0x5126df72
12:26:38.0 (43887230)|VARIABLE_ASSIGNMENT|[EXTERNAL]|value|false
12:26:38.0 (43890742)|HEAP_ALLOCATE|[528]|Bytes:5
12:26:38.0 (43895517)|VARIABLE_ASSIGNMENT|[528]|this.isChecked|false|0x5126df72
12:26:38.0 (43899801)|STATEMENT_EXECUTE|[532]
12:26:38.0 (43915841)|VARIABLE_ASSIGNMENT|[EXTERNAL]|this|{"isChecked":false}|0x5126df72
12:26:38.0 (43922148)|VARIABLE_ASSIGNMENT|[EXTERNAL]|value|{"Name":"27I3A","Id":"a0B0E0000009WnWUAU","RecordTypeId":"01224000000B1zdAAC"}|0x69e79ee5
12:26:38.0 (43928245)|VARIABLE_ASSIGNMENT|[529]|this.sub|{"Name":"27I3A","Id":"a0B0E0000009WnWUAU","RecordTypeId":"01224000000B1zdAAC"}|0x5126df72
12:26:38.0 (43936535)|CONSTRUCTOR_EXIT|[252]|01p2400000DUtXT|<init>(Boolean,Location__c)
12:26:38.0 (43944977)|HEAP_ALLOCATE|[EXTERNAL]|Bytes:4
12:26:38.0 (43952292)|METHOD_ENTRY|[251]||Database.QueryLocatorIterator.hasNext()
12:26:38.0 (43962596)|METHOD_EXIT|[251]||Database.QueryLocatorIterator.hasNext()
12:26:38.0 (43968381)|VARIABLE_ASSIGNMENT|[251]|loc|null|
12:26:38.55 (55216073)|SYSTEM_MODE_ENTER|true
12:26:38.55 (55262834)|HEAP_ALLOCATE|[EXTERNAL]|Bytes:8
12:26:38.55 (55268644)|VARIABLE_SCOPE_BEGIN|[88]|this|ApexPage.PageMessagesComponentController|true|false
12:26:38.55 (55284610)|VARIABLE_ASSIGNMENT|[88]|this|{}|0x1ce8d3b4
12:26:38.55 (55287183)|VARIABLE_SCOPE_BEGIN|[88]|escape|Boolean|false|false
12:26:38.55 (55290435)|VARIABLE_ASSIGNMENT|[88]|escape|null
12:26:38.55 (55369011)|SYSTEM_MODE_ENTER|true
12:26:38.55 (55393115)|HEAP_ALLOCATE|[EXTERNAL]|Bytes:8
12:26:38.55 (55397351)|VARIABLE_SCOPE_BEGIN|[2]|this|ApexPage.PageMessagesComponentController|true|false
12:26:38.55 (55409783)|VARIABLE_ASSIGNMENT|[2]|this|{}|0x1ce8d3b4
12:26:38.0 (55682505)|SYSTEM_MODE_ENTER|true
12:26:38.0 (55704337)|HEAP_ALLOCATE|[EXTERNAL]|Bytes:80
12:26:38.0 (55748221)|VARIABLE_ASSIGNMENT|[EXTERNAL]|this|{"delToHub":true,"delToProj":false,"detail":"0x7721254a","invoked":false,"rejected":false,"reserved":false,"selectedTime3":"8:00","sublocations1":"0x55582dfa","www":"0x2bac836","wwwById":"0x668c8471"}|0x57267e9e
12:26:38.0 (55754667)|STATEMENT_EXECUTE|[196]
12:26:38.0 (55757231)|STATEMENT_EXECUTE|[197]
12:26:38.0 (55758541)|STATEMENT_EXECUTE|[200]
12:26:38.0 (55802631)|SYSTEM_MODE_ENTER|true
12:26:38.0 (55818772)|HEAP_ALLOCATE|[EXTERNAL]|Bytes:80
12:26:38.0 (55854318)|VARIABLE_ASSIGNMENT|[EXTERNAL]|this|{"delToHub":true,"delToProj":false,"detail":"0x7721254a","invoked":false,"rejected":false,"reserved":false,"selectedTime3":"8:00","sublocations1":"0x55582dfa","www":"0x2bac836","wwwById":"0x668c8471"}|0x57267e9e
12:26:38.0 (55858966)|STATEMENT_EXECUTE|[229]
12:26:38.0 (55861257)|STATEMENT_EXECUTE|[230]
12:26:38.0 (55862477)|STATEMENT_EXECUTE|[233]
12:26:38.0 (55918347)|SYSTEM_MODE_ENTER|true
12:26:38.0 (55934146)|HEAP_ALLOCATE|[EXTERNAL]|Bytes:80
12:26:38.0 (55968309)|VARIABLE_ASSIGNMENT|[EXTERNAL]|this|{"delToHub":true,"delToProj":false,"detail":"0x7721254a","invoked":false,"rejected":false,"reserved":false,"selectedTime3":"8:00","sublocations1":"0x55582dfa","www":"0x2bac836","wwwById":"0x668c8471"}|0x57267e9e
12:26:38.0 (55972773)|STATEMENT_EXECUTE|[3]
12:26:38.0 (55974793)|STATEMENT_EXECUTE|[4]
12:26:38.0 (55976009)|STATEMENT_EXECUTE|[9]
12:26:38.0 (62235988)|SYSTEM_MODE_ENTER|true
12:26:38.0 (62260593)|HEAP_ALLOCATE|[EXTERNAL]|Bytes:80
12:26:38.0 (62331169)|VARIABLE_ASSIGNMENT|[EXTERNAL]|this|{"delToHub":true,"delToProj":false,"detail":"0x7721254a","invoked":false,"rejected":false,"reserved":false,"selectedTime3":"8:00","sublocations1":"0x55582dfa","www":"0x2bac836","wwwById":"0x668c8471"}|0x57267e9e
12:26:38.0 (62340627)|STATEMENT_EXECUTE|[186]
12:26:38.0 (62344516)|STATEMENT_EXECUTE|[187]
12:26:38.0 (62346391)|STATEMENT_EXECUTE|[190]
12:26:38.0 (62879427)|SYSTEM_MODE_ENTER|true
12:26:38.0 (62901638)|HEAP_ALLOCATE|[EXTERNAL]|Bytes:80
12:26:38.0 (62944846)|VARIABLE_ASSIGNMENT|[EXTERNAL]|this|{"delToHub":true,"delToProj":false,"detail":"0x7721254a","invoked":false,"rejected":false,"reserved":false,"selectedTime3":"8:00","sublocations1":"0x55582dfa","www":"0x2bac836","wwwById":"0x668c8471"}|0x57267e9e
12:26:38.0 (62951287)|STATEMENT_EXECUTE|[204]
12:26:38.0 (62953766)|STATEMENT_EXECUTE|[205]
12:26:38.0 (62954918)|STATEMENT_EXECUTE|[208]
12:26:38.0 (62998966)|SYSTEM_MODE_ENTER|true
12:26:38.0 (63015489)|HEAP_ALLOCATE|[EXTERNAL]|Bytes:80
12:26:38.0 (63052113)|VARIABLE_ASSIGNMENT|[EXTERNAL]|this|{"delToHub":true,"delToProj":false,"detail":"0x7721254a","invoked":false,"rejected":false,"reserved":false,"selectedTime3":"8:00","sublocations1":"0x55582dfa","www":"0x2bac836","wwwById":"0x668c8471"}|0x57267e9e
12:26:38.0 (63056728)|STATEMENT_EXECUTE|[220]
12:26:38.0 (63058872)|STATEMENT_EXECUTE|[221]
12:26:38.0 (63059912)|STATEMENT_EXECUTE|[224]
12:26:38.0 (63097946)|SYSTEM_MODE_ENTER|true
12:26:38.0 (63128336)|HEAP_ALLOCATE|[EXTERNAL]|Bytes:80
12:26:38.0 (63178139)|VARIABLE_ASSIGNMENT|[EXTERNAL]|this|{"delToHub":true,"delToProj":false,"detail":"0x7721254a","invoked":false,"rejected":false,"reserved":false,"selectedTime3":"8:00","sublocations1":"0x55582dfa","www":"0x2bac836","wwwById":"0x668c8471"}|0x57267e9e
12:26:38.0 (63183875)|STATEMENT_EXECUTE|[212]
12:26:38.0 (63185885)|STATEMENT_EXECUTE|[213]
12:26:38.0 (63186964)|STATEMENT_EXECUTE|[216]
12:26:38.0 (63247658)|SYSTEM_MODE_ENTER|true
12:26:38.0 (63278744)|HEAP_ALLOCATE|[EXTERNAL]|Bytes:80
12:26:38.0 (63331840)|VARIABLE_ASSIGNMENT|[EXTERNAL]|this|{"delToHub":true,"delToProj":false,"detail":"0x7721254a","invoked":false,"rejected":false,"reserved":false,"selectedTime3":"8:00","sublocations1":"0x55582dfa","www":"0x2bac836","wwwById":"0x668c8471"}|0x57267e9e
12:26:38.0 (63339893)|STATEMENT_EXECUTE|[21]
12:26:38.0 (63343028)|STATEMENT_EXECUTE|[22]
12:26:38.0 (63344713)|STATEMENT_EXECUTE|[26]
12:26:38.0 (67757289)|VF_SERIALIZE_VIEWSTATE_BEGIN|06624000003h0Dg
12:26:38.0 (71754108)|VF_SERIALIZE_VIEWSTATE_END
12:26:38.73 (73563306)|CUMULATIVE_LIMIT_USAGE
12:26:38.73 (73563306)|LIMIT_USAGE_FOR_NS|(default)|
  Number of SOQL queries: 1 out of 100
  Number of query rows: 1 out of 50000
  Number of SOSL queries: 0 out of 20
  Number of DML statements: 0 out of 150
  Number of DML rows: 0 out of 10000
  Maximum CPU time: 0 out of 10000
  Maximum heap size: 0 out of 6000000
  Number of callouts: 0 out of 100
  Number of Email Invocations: 0 out of 10
  Number of future calls: 0 out of 50
  Number of queueable jobs added to the queue: 0 out of 50
  Number of Mobile Apex push calls: 0 out of 10

12:26:38.73 (73563306)|CUMULATIVE_LIMIT_USAGE_END

12:26:38.0 (73593571)|CODE_UNIT_FINISHED|VF: /apex/New_delivered_detail
12:26:38.0 (74341372)|EXECUTION_FINISHED
