38.0 APEX_CODE,FINEST;APEX_PROFILING,INFO;CALLOUT,INFO;DB,INFO;SYSTEM,DEBUG;VALIDATION,INFO;VISUALFORCE,INFO;WAVE,INFO;WORKFLOW,INFO
16:44:52.0 (310089)|USER_INFO|[EXTERNAL]|00524000001e3Uj|bedrijfsbureau@gsa.nl.sandbox|Midden-Europese standaardtijd|GMT+01:00
16:44:52.0 (333601)|EXECUTION_STARTED
16:44:52.0 (336587)|CODE_UNIT_STARTED|[EXTERNAL]|06624000003h0Dg|VF: /apex/New_delivered_detail
16:44:52.0 (841964)|VF_DESERIALIZE_VIEWSTATE_BEGIN|06624000003h0Dg
16:44:52.0 (9926054)|HEAP_ALLOCATE|[72]|Bytes:3
16:44:52.0 (9964164)|HEAP_ALLOCATE|[77]|Bytes:152
16:44:52.0 (9976052)|HEAP_ALLOCATE|[342]|Bytes:408
16:44:52.0 (9989385)|HEAP_ALLOCATE|[355]|Bytes:408
16:44:52.0 (10002566)|HEAP_ALLOCATE|[467]|Bytes:48
16:44:52.0 (10030736)|HEAP_ALLOCATE|[139]|Bytes:6
16:44:52.0 (10064921)|HEAP_ALLOCATE|[50]|Bytes:5
16:44:52.0 (10085199)|HEAP_ALLOCATE|[56]|Bytes:5
16:44:52.0 (10091270)|HEAP_ALLOCATE|[64]|Bytes:7
16:44:52.0 (14593239)|VF_DESERIALIZE_VIEWSTATE_END
16:44:52.15 (15573287)|SYSTEM_MODE_ENTER|true
16:44:52.15 (15629266)|HEAP_ALLOCATE|[EXTERNAL]|Bytes:38
16:44:52.15 (15635929)|HEAP_ALLOCATE|[EXTERNAL]|Bytes:7
16:44:52.15 (15643206)|SYSTEM_METHOD_ENTRY|[1]|PageMessagesComponentController.PageMessagesComponentController()
16:44:52.15 (15646882)|STATEMENT_EXECUTE|[1]
16:44:52.16 (16371262)|SYSTEM_MODE_ENTER|true
16:44:52.16 (16415745)|HEAP_ALLOCATE|[EXTERNAL]|Bytes:8
16:44:52.16 (16421890)|VARIABLE_SCOPE_BEGIN|[88]|this|ApexPage.PageMessagesComponentController|true|false
16:44:52.16 (16452216)|VARIABLE_ASSIGNMENT|[88]|this|{}|0x4ade9b5c
16:44:52.16 (16455099)|VARIABLE_SCOPE_BEGIN|[88]|escape|Boolean|false|false
16:44:52.16 (16460101)|VARIABLE_ASSIGNMENT|[88]|escape|null
16:44:52.0 (16732519)|SYSTEM_MODE_ENTER|true
16:44:52.0 (16905825)|HEAP_ALLOCATE|[EXTERNAL]|Bytes:11
16:44:52.0 (16912906)|HEAP_ALLOCATE|[EXTERNAL]|Bytes:408
16:44:52.0 (16915605)|HEAP_ALLOCATE|[EXTERNAL]|Bytes:120
16:44:52.0 (16917641)|HEAP_ALLOCATE|[EXTERNAL]|Bytes:120
16:44:52.0 (16924763)|METHOD_ENTRY|[1]|01p2400000DUtXT|NewDeliveredExtension.NewDeliveredExtension()
16:44:52.0 (16927352)|STATEMENT_EXECUTE|[1]
16:44:52.0 (16931263)|STATEMENT_EXECUTE|[1]
16:44:52.0 (16932518)|STATEMENT_EXECUTE|[543]
16:44:52.0 (16936078)|METHOD_EXIT|[1]|NewDeliveredExtension
16:44:52.0 (16945438)|HEAP_ALLOCATE|[EXTERNAL]|Bytes:80
16:44:52.0 (17059321)|VARIABLE_ASSIGNMENT|[EXTERNAL]|this|{"delToHub":false,"delToProj":true,"detail":"0x480013b","invoked":false,"rejected":false,"reserved":false,"selectedTime4":"8:00","sublocations1":"0x15fc8f74","www":"0x686819da","wwwById":"0xc409d0f"}|0x120e79f3
16:44:52.0 (17066207)|STATEMENT_EXECUTE|[196]
16:44:52.0 (17070439)|STATEMENT_EXECUTE|[197]
16:44:52.0 (17071982)|STATEMENT_EXECUTE|[200]
16:44:52.0 (17138620)|SYSTEM_MODE_ENTER|true
16:44:52.0 (17159096)|HEAP_ALLOCATE|[EXTERNAL]|Bytes:80
16:44:52.0 (17202490)|VARIABLE_ASSIGNMENT|[EXTERNAL]|this|{"delToHub":false,"delToProj":true,"detail":"0x480013b","invoked":false,"rejected":false,"reserved":false,"selectedTime4":"8:00","sublocations1":"0x15fc8f74","www":"0x686819da","wwwById":"0xc409d0f"}|0x120e79f3
16:44:52.0 (17208139)|STATEMENT_EXECUTE|[229]
16:44:52.0 (17211526)|STATEMENT_EXECUTE|[230]
16:44:52.0 (17212714)|STATEMENT_EXECUTE|[233]
16:44:52.0 (17265799)|SYSTEM_MODE_ENTER|true
16:44:52.0 (17283717)|HEAP_ALLOCATE|[EXTERNAL]|Bytes:80
16:44:52.0 (17323048)|VARIABLE_ASSIGNMENT|[EXTERNAL]|this|{"delToHub":false,"delToProj":true,"detail":"0x480013b","invoked":false,"rejected":false,"reserved":false,"selectedTime4":"8:00","sublocations1":"0x15fc8f74","www":"0x686819da","wwwById":"0xc409d0f"}|0x120e79f3
16:44:52.0 (17327903)|STATEMENT_EXECUTE|[204]
16:44:52.0 (17330951)|STATEMENT_EXECUTE|[205]
16:44:52.0 (17332187)|STATEMENT_EXECUTE|[208]
16:44:52.0 (17377312)|SYSTEM_MODE_ENTER|true
16:44:52.0 (17393585)|HEAP_ALLOCATE|[EXTERNAL]|Bytes:80
16:44:52.0 (17430138)|VARIABLE_ASSIGNMENT|[EXTERNAL]|this|{"delToHub":false,"delToProj":true,"detail":"0x480013b","invoked":false,"rejected":false,"reserved":false,"selectedTime4":"8:00","sublocations1":"0x15fc8f74","www":"0x686819da","wwwById":"0xc409d0f"}|0x120e79f3
16:44:52.0 (17434798)|STATEMENT_EXECUTE|[220]
16:44:52.0 (17437400)|STATEMENT_EXECUTE|[221]
16:44:52.0 (17438509)|STATEMENT_EXECUTE|[224]
16:44:52.0 (17524419)|SYSTEM_MODE_ENTER|true
16:44:52.0 (17546774)|HEAP_ALLOCATE|[EXTERNAL]|Bytes:80
16:44:52.0 (17585742)|VARIABLE_ASSIGNMENT|[EXTERNAL]|this|{"delToHub":false,"delToProj":true,"detail":"0x480013b","invoked":false,"rejected":false,"reserved":false,"selectedTime4":"8:00","sublocations1":"0x15fc8f74","www":"0x686819da","wwwById":"0xc409d0f"}|0x120e79f3
16:44:52.0 (17590958)|STATEMENT_EXECUTE|[3]
16:44:52.0 (17594451)|STATEMENT_EXECUTE|[4]
16:44:52.0 (17595791)|STATEMENT_EXECUTE|[9]
16:44:52.0 (20007781)|SYSTEM_MODE_ENTER|true
16:44:52.0 (20037543)|HEAP_ALLOCATE|[EXTERNAL]|Bytes:80
16:44:52.0 (20088497)|VARIABLE_ASSIGNMENT|[EXTERNAL]|this|{"delToHub":false,"delToProj":true,"detail":"0x480013b","invoked":false,"rejected":false,"reserved":false,"selectedTime4":"8:00","sublocations1":"0x15fc8f74","www":"0x686819da","wwwById":"0xc409d0f"}|0x120e79f3
16:44:52.0 (20095440)|STATEMENT_EXECUTE|[186]
16:44:52.0 (20099604)|STATEMENT_EXECUTE|[187]
16:44:52.0 (20100925)|STATEMENT_EXECUTE|[190]
16:44:52.0 (22935982)|SYSTEM_MODE_ENTER|true
16:44:52.0 (22962391)|HEAP_ALLOCATE|[EXTERNAL]|Bytes:80
16:44:52.0 (23013728)|VARIABLE_ASSIGNMENT|[EXTERNAL]|this|{"delToHub":false,"delToProj":true,"detail":"0x480013b","invoked":false,"rejected":false,"reserved":false,"selectedTime4":"8:00","sublocations1":"0x15fc8f74","www":"0x686819da","wwwById":"0xc409d0f"}|0x120e79f3
16:44:52.0 (23020890)|STATEMENT_EXECUTE|[212]
16:44:52.0 (23025066)|STATEMENT_EXECUTE|[213]
16:44:52.0 (23026660)|STATEMENT_EXECUTE|[216]
16:44:52.0 (23103617)|SYSTEM_MODE_ENTER|true
16:44:52.0 (23125217)|HEAP_ALLOCATE|[EXTERNAL]|Bytes:80
16:44:52.0 (23168628)|VARIABLE_ASSIGNMENT|[EXTERNAL]|this|{"delToHub":false,"delToProj":true,"detail":"0x480013b","invoked":false,"rejected":false,"reserved":false,"selectedTime4":"8:00","sublocations1":"0x15fc8f74","www":"0x686819da","wwwById":"0xc409d0f"}|0x120e79f3
16:44:52.0 (23174317)|STATEMENT_EXECUTE|[21]
16:44:52.0 (23177926)|STATEMENT_EXECUTE|[22]
16:44:52.0 (23179223)|STATEMENT_EXECUTE|[26]
16:44:52.0 (29374784)|SYSTEM_MODE_ENTER|true
16:44:52.0 (29402577)|HEAP_ALLOCATE|[EXTERNAL]|Bytes:80
16:44:52.0 (29409691)|VARIABLE_SCOPE_BEGIN|[48]|this|NewDeliveredExtension|true|false
16:44:52.0 (29456076)|VARIABLE_ASSIGNMENT|[48]|this|{"delToHub":false,"delToProj":true,"detail":"0x480013b","invoked":false,"rejected":false,"reserved":false,"selectedTime4":"8:00","sublocations1":"0x15fc8f74","www":"0x686819da","wwwById":"0xc409d0f"}|0x120e79f3
16:44:52.0 (29463825)|STATEMENT_EXECUTE|[48]
16:44:52.0 (29465516)|STATEMENT_EXECUTE|[49]
16:44:52.0 (29470170)|HEAP_ALLOCATE|[49]|Bytes:4
16:44:52.0 (29495418)|VARIABLE_SCOPE_BEGIN|[49]|options|List<System.SelectOption>|true|false
16:44:52.0 (29520397)|HEAP_ALLOCATE|[EXTERNAL]|Bytes:4
16:44:52.0 (29528707)|VARIABLE_ASSIGNMENT|[49]|options|[]|0x54ef8
16:44:52.0 (29532129)|STATEMENT_EXECUTE|[50]
16:44:52.0 (29536859)|VARIABLE_SCOPE_BEGIN|[50]|i|Integer|false|false
16:44:52.0 (29540470)|HEAP_ALLOCATE|[50]|Bytes:4
16:44:52.0 (29544745)|VARIABLE_ASSIGNMENT|[50]|i|0
16:44:52.0 (29549484)|STATEMENT_EXECUTE|[50]
16:44:52.0 (29550870)|STATEMENT_EXECUTE|[51]
16:44:52.0 (29552612)|VARIABLE_SCOPE_BEGIN|[51]|j|Integer|false|false
16:44:52.0 (29554458)|HEAP_ALLOCATE|[51]|Bytes:4
16:44:52.0 (29556922)|VARIABLE_ASSIGNMENT|[51]|j|0
16:44:52.0 (29558891)|STATEMENT_EXECUTE|[51]
16:44:52.0 (29560919)|STATEMENT_EXECUTE|[52]
16:44:52.0 (29562025)|STATEMENT_EXECUTE|[53]
16:44:52.0 (29605297)|HEAP_ALLOCATE|[53]|Bytes:1
16:44:52.0 (29614659)|HEAP_ALLOCATE|[53]|Bytes:2
16:44:52.0 (29621350)|HEAP_ALLOCATE|[53]|Bytes:1
16:44:52.0 (29631786)|HEAP_ALLOCATE|[53]|Bytes:4
16:44:52.0 (29637021)|HEAP_ALLOCATE|[53]|Bytes:1
16:44:52.0 (29644144)|HEAP_ALLOCATE|[53]|Bytes:1
16:44:52.0 (29649020)|HEAP_ALLOCATE|[53]|Bytes:4
16:44:52.0 (29676912)|HEAP_ALLOCATE|[EXTERNAL]|Bytes:4
16:44:52.0 (29683741)|HEAP_ALLOCATE|[51]|Bytes:4
16:44:52.0 (29689162)|VARIABLE_ASSIGNMENT|[51]|j|30
16:44:52.0 (29692152)|STATEMENT_EXECUTE|[51]
16:44:52.0 (29698908)|STATEMENT_EXECUTE|[54]
16:44:52.0 (29700368)|STATEMENT_EXECUTE|[55]
16:44:52.0 (29718400)|HEAP_ALLOCATE|[55]|Bytes:1
16:44:52.0 (29724749)|HEAP_ALLOCATE|[55]|Bytes:1
16:44:52.0 (29730122)|HEAP_ALLOCATE|[55]|Bytes:2
16:44:52.0 (29736177)|HEAP_ALLOCATE|[55]|Bytes:4
16:44:52.0 (29741049)|HEAP_ALLOCATE|[55]|Bytes:1
16:44:52.0 (29748223)|HEAP_ALLOCATE|[55]|Bytes:2
16:44:52.0 (29753015)|HEAP_ALLOCATE|[55]|Bytes:4
16:44:52.0 (29764483)|HEAP_ALLOCATE|[EXTERNAL]|Bytes:4
16:44:52.0 (29768584)|HEAP_ALLOCATE|[51]|Bytes:4
16:44:52.0 (29772850)|VARIABLE_ASSIGNMENT|[51]|j|60
16:44:52.0 (29777068)|HEAP_ALLOCATE|[50]|Bytes:4
16:44:52.0 (29779786)|VARIABLE_ASSIGNMENT|[50]|i|1
16:44:52.0 (29782135)|STATEMENT_EXECUTE|[50]
16:44:52.0 (29783598)|STATEMENT_EXECUTE|[51]
16:44:52.0 (29785565)|VARIABLE_SCOPE_BEGIN|[51]|j|Integer|false|false
16:44:52.0 (29787449)|HEAP_ALLOCATE|[51]|Bytes:4
16:44:52.0 (29789786)|VARIABLE_ASSIGNMENT|[51]|j|0
16:44:52.0 (29791445)|STATEMENT_EXECUTE|[51]
16:44:52.0 (29793005)|STATEMENT_EXECUTE|[52]
16:44:52.0 (29793993)|STATEMENT_EXECUTE|[53]
16:44:52.0 (29800922)|HEAP_ALLOCATE|[53]|Bytes:1
16:44:52.0 (29808487)|HEAP_ALLOCATE|[53]|Bytes:1
16:44:52.0 (29813689)|HEAP_ALLOCATE|[53]|Bytes:4
16:44:52.0 (29818603)|HEAP_ALLOCATE|[53]|Bytes:1
16:44:52.0 (29825527)|HEAP_ALLOCATE|[53]|Bytes:1
16:44:52.0 (29830107)|HEAP_ALLOCATE|[53]|Bytes:4
16:44:52.0 (29835566)|HEAP_ALLOCATE|[EXTERNAL]|Bytes:4
16:44:52.0 (29839147)|HEAP_ALLOCATE|[51]|Bytes:4
16:44:52.0 (29841940)|VARIABLE_ASSIGNMENT|[51]|j|30
16:44:52.0 (29843862)|STATEMENT_EXECUTE|[51]
16:44:52.0 (29845544)|STATEMENT_EXECUTE|[54]
16:44:52.0 (29846666)|STATEMENT_EXECUTE|[55]
16:44:52.0 (29852443)|HEAP_ALLOCATE|[55]|Bytes:1
16:44:52.0 (29859783)|HEAP_ALLOCATE|[55]|Bytes:2
16:44:52.0 (29864564)|HEAP_ALLOCATE|[55]|Bytes:4
16:44:52.0 (29869154)|HEAP_ALLOCATE|[55]|Bytes:1
16:44:52.0 (29876365)|HEAP_ALLOCATE|[55]|Bytes:2
16:44:52.0 (29881013)|HEAP_ALLOCATE|[55]|Bytes:4
16:44:52.0 (29885449)|HEAP_ALLOCATE|[EXTERNAL]|Bytes:4
16:44:52.0 (29888560)|HEAP_ALLOCATE|[51]|Bytes:4
16:44:52.0 (29891219)|VARIABLE_ASSIGNMENT|[51]|j|60
16:44:52.0 (29893272)|HEAP_ALLOCATE|[50]|Bytes:4
16:44:52.0 (29895576)|VARIABLE_ASSIGNMENT|[50]|i|2
16:44:52.0 (29897264)|STATEMENT_EXECUTE|[50]
16:44:52.0 (29898554)|STATEMENT_EXECUTE|[51]
16:44:52.0 (29900279)|VARIABLE_SCOPE_BEGIN|[51]|j|Integer|false|false
16:44:52.0 (29901748)|HEAP_ALLOCATE|[51]|Bytes:4
16:44:52.0 (29904026)|VARIABLE_ASSIGNMENT|[51]|j|0
16:44:52.0 (29905661)|STATEMENT_EXECUTE|[51]
16:44:52.0 (29906925)|STATEMENT_EXECUTE|[52]
16:44:52.0 (29907950)|STATEMENT_EXECUTE|[53]
16:44:52.0 (29913624)|HEAP_ALLOCATE|[53]|Bytes:1
16:44:52.0 (29920801)|HEAP_ALLOCATE|[53]|Bytes:1
16:44:52.0 (29925520)|HEAP_ALLOCATE|[53]|Bytes:4
16:44:52.0 (29930131)|HEAP_ALLOCATE|[53]|Bytes:1
16:44:52.0 (29937056)|HEAP_ALLOCATE|[53]|Bytes:1
16:44:52.0 (29941722)|HEAP_ALLOCATE|[53]|Bytes:4
16:44:52.0 (29946020)|HEAP_ALLOCATE|[EXTERNAL]|Bytes:4
16:44:52.0 (29949022)|HEAP_ALLOCATE|[51]|Bytes:4
16:44:52.0 (29951766)|VARIABLE_ASSIGNMENT|[51]|j|30
16:44:52.0 (29953780)|STATEMENT_EXECUTE|[51]
16:44:52.0 (29955195)|STATEMENT_EXECUTE|[54]
16:44:52.0 (29956236)|STATEMENT_EXECUTE|[55]
16:44:52.0 (29961408)|HEAP_ALLOCATE|[55]|Bytes:1
16:44:52.0 (29968617)|HEAP_ALLOCATE|[55]|Bytes:2
16:44:52.0 (29973406)|HEAP_ALLOCATE|[55]|Bytes:4
16:44:52.0 (29977964)|HEAP_ALLOCATE|[55]|Bytes:1
16:44:52.0 (29984766)|HEAP_ALLOCATE|[55]|Bytes:2
16:44:52.0 (29989382)|HEAP_ALLOCATE|[55]|Bytes:4
16:44:52.0 (29993617)|HEAP_ALLOCATE|[EXTERNAL]|Bytes:4
16:44:52.0 (29996573)|HEAP_ALLOCATE|[51]|Bytes:4
16:44:52.0 (29999255)|VARIABLE_ASSIGNMENT|[51]|j|60
16:44:52.0 (30001404)|HEAP_ALLOCATE|[50]|Bytes:4
16:44:52.0 (30004553)|VARIABLE_ASSIGNMENT|[50]|i|3
16:44:52.0 (30006218)|STATEMENT_EXECUTE|[50]
16:44:52.0 (30007503)|STATEMENT_EXECUTE|[51]
16:44:52.0 (30009117)|VARIABLE_SCOPE_BEGIN|[51]|j|Integer|false|false
16:44:52.0 (30010567)|HEAP_ALLOCATE|[51]|Bytes:4
16:44:52.0 (30012791)|VARIABLE_ASSIGNMENT|[51]|j|0
16:44:52.0 (30014398)|STATEMENT_EXECUTE|[51]
16:44:52.0 (30015644)|STATEMENT_EXECUTE|[52]
16:44:52.0 (30017738)|STATEMENT_EXECUTE|[53]
16:44:52.0 (30023252)|HEAP_ALLOCATE|[53]|Bytes:1
16:44:52.0 (30030565)|HEAP_ALLOCATE|[53]|Bytes:1
16:44:52.0 (30035228)|HEAP_ALLOCATE|[53]|Bytes:4
16:44:52.0 (30039737)|HEAP_ALLOCATE|[53]|Bytes:1
16:44:52.0 (30046581)|HEAP_ALLOCATE|[53]|Bytes:1
16:44:52.0 (30051190)|HEAP_ALLOCATE|[53]|Bytes:4
16:44:52.0 (30055731)|HEAP_ALLOCATE|[EXTERNAL]|Bytes:4
16:44:52.0 (30058876)|HEAP_ALLOCATE|[51]|Bytes:4
16:44:52.0 (30061618)|VARIABLE_ASSIGNMENT|[51]|j|30
16:44:52.0 (30063291)|STATEMENT_EXECUTE|[51]
16:44:52.0 (30064967)|STATEMENT_EXECUTE|[54]
16:44:52.0 (30066198)|STATEMENT_EXECUTE|[55]
16:44:52.0 (30071427)|HEAP_ALLOCATE|[55]|Bytes:1
16:44:52.0 (30094052)|HEAP_ALLOCATE|[55]|Bytes:2
16:44:52.0 (30099290)|HEAP_ALLOCATE|[55]|Bytes:4
16:44:52.0 (30103858)|HEAP_ALLOCATE|[55]|Bytes:1
16:44:52.0 (30111045)|HEAP_ALLOCATE|[55]|Bytes:2
16:44:52.0 (30115638)|HEAP_ALLOCATE|[55]|Bytes:4
16:44:52.0 (30120506)|HEAP_ALLOCATE|[EXTERNAL]|Bytes:4
16:44:52.0 (30123992)|HEAP_ALLOCATE|[51]|Bytes:4
16:44:52.0 (30127237)|VARIABLE_ASSIGNMENT|[51]|j|60
16:44:52.0 (30129434)|HEAP_ALLOCATE|[50]|Bytes:4
16:44:52.0 (30131862)|VARIABLE_ASSIGNMENT|[50]|i|4
16:44:52.0 (30133696)|STATEMENT_EXECUTE|[50]
16:44:52.0 (30135086)|STATEMENT_EXECUTE|[51]
16:44:52.0 (30136803)|VARIABLE_SCOPE_BEGIN|[51]|j|Integer|false|false
16:44:52.0 (30138403)|HEAP_ALLOCATE|[51]|Bytes:4
16:44:52.0 (30140638)|VARIABLE_ASSIGNMENT|[51]|j|0
16:44:52.0 (30142174)|STATEMENT_EXECUTE|[51]
16:44:52.0 (30143494)|STATEMENT_EXECUTE|[52]
16:44:52.0 (30144509)|STATEMENT_EXECUTE|[53]
16:44:52.0 (30150842)|HEAP_ALLOCATE|[53]|Bytes:1
16:44:52.0 (30158167)|HEAP_ALLOCATE|[53]|Bytes:1
16:44:52.0 (30163014)|HEAP_ALLOCATE|[53]|Bytes:4
16:44:52.0 (30167604)|HEAP_ALLOCATE|[53]|Bytes:1
16:44:52.0 (30174375)|HEAP_ALLOCATE|[53]|Bytes:1
16:44:52.0 (30178963)|HEAP_ALLOCATE|[53]|Bytes:4
16:44:52.0 (30183367)|HEAP_ALLOCATE|[EXTERNAL]|Bytes:4
16:44:52.0 (30186566)|HEAP_ALLOCATE|[51]|Bytes:4
16:44:52.0 (30189497)|VARIABLE_ASSIGNMENT|[51]|j|30
16:44:52.0 (30191474)|STATEMENT_EXECUTE|[51]
16:44:52.0 (30192868)|STATEMENT_EXECUTE|[54]
16:44:52.0 (30193870)|STATEMENT_EXECUTE|[55]
16:44:52.0 (30199045)|HEAP_ALLOCATE|[55]|Bytes:1
16:44:52.0 (30206202)|HEAP_ALLOCATE|[55]|Bytes:2
16:44:52.0 (30210811)|HEAP_ALLOCATE|[55]|Bytes:4
16:44:52.0 (30215434)|HEAP_ALLOCATE|[55]|Bytes:1
16:44:52.0 (30222359)|HEAP_ALLOCATE|[55]|Bytes:2
16:44:52.0 (30226910)|HEAP_ALLOCATE|[55]|Bytes:4
16:44:52.0 (30231321)|HEAP_ALLOCATE|[EXTERNAL]|Bytes:4
16:44:52.0 (30234214)|HEAP_ALLOCATE|[51]|Bytes:4
16:44:52.0 (30236925)|VARIABLE_ASSIGNMENT|[51]|j|60
16:44:52.0 (30239000)|HEAP_ALLOCATE|[50]|Bytes:4
16:44:52.0 (30241447)|VARIABLE_ASSIGNMENT|[50]|i|5
16:44:52.0 (30243171)|STATEMENT_EXECUTE|[50]
16:44:52.0 (30244405)|STATEMENT_EXECUTE|[51]
16:44:52.0 (30245994)|VARIABLE_SCOPE_BEGIN|[51]|j|Integer|false|false
16:44:52.0 (30247375)|HEAP_ALLOCATE|[51]|Bytes:4
16:44:52.0 (30249566)|VARIABLE_ASSIGNMENT|[51]|j|0
16:44:52.0 (30251168)|STATEMENT_EXECUTE|[51]
16:44:52.0 (30252475)|STATEMENT_EXECUTE|[52]
16:44:52.0 (30253468)|STATEMENT_EXECUTE|[53]
16:44:52.0 (30258753)|HEAP_ALLOCATE|[53]|Bytes:1
16:44:52.0 (30266852)|HEAP_ALLOCATE|[53]|Bytes:1
16:44:52.0 (30271504)|HEAP_ALLOCATE|[53]|Bytes:4
16:44:52.0 (30276042)|HEAP_ALLOCATE|[53]|Bytes:1
16:44:52.0 (30282798)|HEAP_ALLOCATE|[53]|Bytes:1
16:44:52.0 (30287364)|HEAP_ALLOCATE|[53]|Bytes:4
16:44:52.0 (30291729)|HEAP_ALLOCATE|[EXTERNAL]|Bytes:4
16:44:52.0 (30295090)|HEAP_ALLOCATE|[51]|Bytes:4
16:44:52.0 (30297762)|VARIABLE_ASSIGNMENT|[51]|j|30
16:44:52.0 (30299484)|STATEMENT_EXECUTE|[51]
16:44:52.0 (30301112)|STATEMENT_EXECUTE|[54]
16:44:52.0 (30302202)|STATEMENT_EXECUTE|[55]
16:44:52.0 (30307411)|HEAP_ALLOCATE|[55]|Bytes:1
16:44:52.0 (30314467)|HEAP_ALLOCATE|[55]|Bytes:2
16:44:52.0 (30319203)|HEAP_ALLOCATE|[55]|Bytes:4
16:44:52.0 (30323770)|HEAP_ALLOCATE|[55]|Bytes:1
16:44:52.0 (30330685)|HEAP_ALLOCATE|[55]|Bytes:2
16:44:52.0 (30335297)|HEAP_ALLOCATE|[55]|Bytes:4
16:44:52.0 (30339580)|HEAP_ALLOCATE|[EXTERNAL]|Bytes:4
16:44:52.0 (30342488)|HEAP_ALLOCATE|[51]|Bytes:4
16:44:52.0 (30352977)|VARIABLE_ASSIGNMENT|[51]|j|60
16:44:52.0 (30355220)|HEAP_ALLOCATE|[50]|Bytes:4
16:44:52.0 (30357724)|VARIABLE_ASSIGNMENT|[50]|i|6
16:44:52.0 (30359471)|STATEMENT_EXECUTE|[50]
16:44:52.0 (30360748)|STATEMENT_EXECUTE|[51]
16:44:52.0 (30362412)|VARIABLE_SCOPE_BEGIN|[51]|j|Integer|false|false
16:44:52.0 (30363990)|HEAP_ALLOCATE|[51]|Bytes:4
16:44:52.0 (30366269)|VARIABLE_ASSIGNMENT|[51]|j|0
16:44:52.0 (30367804)|STATEMENT_EXECUTE|[51]
16:44:52.0 (30369137)|STATEMENT_EXECUTE|[52]
16:44:52.0 (30370205)|STATEMENT_EXECUTE|[53]
16:44:52.0 (30376902)|HEAP_ALLOCATE|[53]|Bytes:1
16:44:52.0 (30384317)|HEAP_ALLOCATE|[53]|Bytes:1
16:44:52.0 (30389126)|HEAP_ALLOCATE|[53]|Bytes:4
16:44:52.0 (30393630)|HEAP_ALLOCATE|[53]|Bytes:1
16:44:52.0 (30400699)|HEAP_ALLOCATE|[53]|Bytes:1
16:44:52.0 (30405306)|HEAP_ALLOCATE|[53]|Bytes:4
16:44:52.0 (30410051)|HEAP_ALLOCATE|[EXTERNAL]|Bytes:4
16:44:52.0 (30413250)|HEAP_ALLOCATE|[51]|Bytes:4
16:44:52.0 (30415985)|VARIABLE_ASSIGNMENT|[51]|j|30
16:44:52.0 (30417715)|STATEMENT_EXECUTE|[51]
16:44:52.0 (30419109)|STATEMENT_EXECUTE|[54]
16:44:52.0 (30420119)|STATEMENT_EXECUTE|[55]
16:44:52.0 (30425497)|HEAP_ALLOCATE|[55]|Bytes:1
16:44:52.0 (30432635)|HEAP_ALLOCATE|[55]|Bytes:2
16:44:52.0 (30437355)|HEAP_ALLOCATE|[55]|Bytes:4
16:44:52.0 (30441882)|HEAP_ALLOCATE|[55]|Bytes:1
16:44:52.0 (30448887)|HEAP_ALLOCATE|[55]|Bytes:2
16:44:52.0 (30453649)|HEAP_ALLOCATE|[55]|Bytes:4
16:44:52.0 (30457876)|HEAP_ALLOCATE|[EXTERNAL]|Bytes:4
16:44:52.0 (30460805)|HEAP_ALLOCATE|[51]|Bytes:4
16:44:52.0 (30463330)|VARIABLE_ASSIGNMENT|[51]|j|60
16:44:52.0 (30465514)|HEAP_ALLOCATE|[50]|Bytes:4
16:44:52.0 (30467904)|VARIABLE_ASSIGNMENT|[50]|i|7
16:44:52.0 (30469539)|STATEMENT_EXECUTE|[50]
16:44:52.0 (30470772)|STATEMENT_EXECUTE|[51]
16:44:52.0 (30472349)|VARIABLE_SCOPE_BEGIN|[51]|j|Integer|false|false
16:44:52.0 (30473725)|HEAP_ALLOCATE|[51]|Bytes:4
16:44:52.0 (30476013)|VARIABLE_ASSIGNMENT|[51]|j|0
16:44:52.0 (30477610)|STATEMENT_EXECUTE|[51]
16:44:52.0 (30478868)|STATEMENT_EXECUTE|[52]
16:44:52.0 (30479879)|STATEMENT_EXECUTE|[53]
16:44:52.0 (30485150)|HEAP_ALLOCATE|[53]|Bytes:1
16:44:52.0 (30492263)|HEAP_ALLOCATE|[53]|Bytes:1
16:44:52.0 (30496907)|HEAP_ALLOCATE|[53]|Bytes:4
16:44:52.0 (30501477)|HEAP_ALLOCATE|[53]|Bytes:1
16:44:52.0 (30508416)|HEAP_ALLOCATE|[53]|Bytes:1
16:44:52.0 (30512998)|HEAP_ALLOCATE|[53]|Bytes:4
16:44:52.0 (30517249)|HEAP_ALLOCATE|[EXTERNAL]|Bytes:4
16:44:52.0 (30520260)|HEAP_ALLOCATE|[51]|Bytes:4
16:44:52.0 (30522795)|VARIABLE_ASSIGNMENT|[51]|j|30
16:44:52.0 (30524511)|STATEMENT_EXECUTE|[51]
16:44:52.0 (30525865)|STATEMENT_EXECUTE|[54]
16:44:52.0 (30527386)|STATEMENT_EXECUTE|[55]
16:44:52.0 (30532804)|HEAP_ALLOCATE|[55]|Bytes:1
16:44:52.0 (30540256)|HEAP_ALLOCATE|[55]|Bytes:2
16:44:52.0 (30544889)|HEAP_ALLOCATE|[55]|Bytes:4
16:44:52.0 (30549421)|HEAP_ALLOCATE|[55]|Bytes:1
16:44:52.0 (30556241)|HEAP_ALLOCATE|[55]|Bytes:2
16:44:52.0 (30561128)|HEAP_ALLOCATE|[55]|Bytes:4
16:44:52.0 (30565465)|HEAP_ALLOCATE|[EXTERNAL]|Bytes:4
16:44:52.0 (30568515)|HEAP_ALLOCATE|[51]|Bytes:4
16:44:52.0 (30571029)|VARIABLE_ASSIGNMENT|[51]|j|60
16:44:52.0 (30572867)|HEAP_ALLOCATE|[50]|Bytes:4
16:44:52.0 (30575184)|VARIABLE_ASSIGNMENT|[50]|i|8
16:44:52.0 (30576874)|STATEMENT_EXECUTE|[50]
16:44:52.0 (30578081)|STATEMENT_EXECUTE|[51]
16:44:52.0 (30579819)|VARIABLE_SCOPE_BEGIN|[51]|j|Integer|false|false
16:44:52.0 (30581391)|HEAP_ALLOCATE|[51]|Bytes:4
16:44:52.0 (30583623)|VARIABLE_ASSIGNMENT|[51]|j|0
16:44:52.0 (30585201)|STATEMENT_EXECUTE|[51]
16:44:52.0 (30586476)|STATEMENT_EXECUTE|[52]
16:44:52.0 (30587472)|STATEMENT_EXECUTE|[53]
16:44:52.0 (30592822)|HEAP_ALLOCATE|[53]|Bytes:1
16:44:52.0 (30600030)|HEAP_ALLOCATE|[53]|Bytes:1
16:44:52.0 (30604628)|HEAP_ALLOCATE|[53]|Bytes:4
16:44:52.0 (30609182)|HEAP_ALLOCATE|[53]|Bytes:1
16:44:52.0 (30616124)|HEAP_ALLOCATE|[53]|Bytes:1
16:44:52.0 (30620617)|HEAP_ALLOCATE|[53]|Bytes:4
16:44:52.0 (30624896)|HEAP_ALLOCATE|[EXTERNAL]|Bytes:4
16:44:52.0 (30627881)|HEAP_ALLOCATE|[51]|Bytes:4
16:44:52.0 (30630463)|VARIABLE_ASSIGNMENT|[51]|j|30
16:44:52.0 (30632227)|STATEMENT_EXECUTE|[51]
16:44:52.0 (30633588)|STATEMENT_EXECUTE|[54]
16:44:52.0 (30634578)|STATEMENT_EXECUTE|[55]
16:44:52.0 (30639712)|HEAP_ALLOCATE|[55]|Bytes:1
16:44:52.0 (30646883)|HEAP_ALLOCATE|[55]|Bytes:2
16:44:52.0 (30651532)|HEAP_ALLOCATE|[55]|Bytes:4
16:44:52.0 (30655995)|HEAP_ALLOCATE|[55]|Bytes:1
16:44:52.0 (30663213)|HEAP_ALLOCATE|[55]|Bytes:2
16:44:52.0 (30667802)|HEAP_ALLOCATE|[55]|Bytes:4
16:44:52.0 (30671982)|HEAP_ALLOCATE|[EXTERNAL]|Bytes:4
16:44:52.0 (30674971)|HEAP_ALLOCATE|[51]|Bytes:4
16:44:52.0 (30677520)|VARIABLE_ASSIGNMENT|[51]|j|60
16:44:52.0 (30679578)|HEAP_ALLOCATE|[50]|Bytes:4
16:44:52.0 (30681859)|VARIABLE_ASSIGNMENT|[50]|i|9
16:44:52.0 (30683577)|STATEMENT_EXECUTE|[50]
16:44:52.0 (30684930)|STATEMENT_EXECUTE|[51]
16:44:52.0 (30686503)|VARIABLE_SCOPE_BEGIN|[51]|j|Integer|false|false
16:44:52.0 (30687900)|HEAP_ALLOCATE|[51]|Bytes:4
16:44:52.0 (30690153)|VARIABLE_ASSIGNMENT|[51]|j|0
16:44:52.0 (30691759)|STATEMENT_EXECUTE|[51]
16:44:52.0 (30693046)|STATEMENT_EXECUTE|[52]
16:44:52.0 (30698232)|STATEMENT_EXECUTE|[53]
16:44:52.0 (30704441)|HEAP_ALLOCATE|[53]|Bytes:1
16:44:52.0 (30711761)|HEAP_ALLOCATE|[53]|Bytes:1
16:44:52.0 (30716837)|HEAP_ALLOCATE|[53]|Bytes:4
16:44:52.0 (30721362)|HEAP_ALLOCATE|[53]|Bytes:1
16:44:52.0 (30728234)|HEAP_ALLOCATE|[53]|Bytes:1
16:44:52.0 (30732946)|HEAP_ALLOCATE|[53]|Bytes:4
16:44:52.0 (30737490)|HEAP_ALLOCATE|[EXTERNAL]|Bytes:4
16:44:52.0 (30740771)|HEAP_ALLOCATE|[51]|Bytes:4
16:44:52.0 (30743584)|VARIABLE_ASSIGNMENT|[51]|j|30
16:44:52.0 (30745367)|STATEMENT_EXECUTE|[51]
16:44:52.0 (30746760)|STATEMENT_EXECUTE|[54]
16:44:52.0 (30747989)|STATEMENT_EXECUTE|[55]
16:44:52.0 (30753376)|HEAP_ALLOCATE|[55]|Bytes:1
16:44:52.0 (30760606)|HEAP_ALLOCATE|[55]|Bytes:2
16:44:52.0 (30765393)|HEAP_ALLOCATE|[55]|Bytes:4
16:44:52.0 (30769997)|HEAP_ALLOCATE|[55]|Bytes:1
16:44:52.0 (30776875)|HEAP_ALLOCATE|[55]|Bytes:2
16:44:52.0 (30781518)|HEAP_ALLOCATE|[55]|Bytes:4
16:44:52.0 (30785806)|HEAP_ALLOCATE|[EXTERNAL]|Bytes:4
16:44:52.0 (30788803)|HEAP_ALLOCATE|[51]|Bytes:4
16:44:52.0 (30791467)|VARIABLE_ASSIGNMENT|[51]|j|60
16:44:52.0 (30793317)|HEAP_ALLOCATE|[50]|Bytes:4
16:44:52.0 (30795669)|VARIABLE_ASSIGNMENT|[50]|i|10
16:44:52.0 (30797370)|STATEMENT_EXECUTE|[50]
16:44:52.0 (30798675)|STATEMENT_EXECUTE|[51]
16:44:52.0 (30800278)|VARIABLE_SCOPE_BEGIN|[51]|j|Integer|false|false
16:44:52.0 (30801640)|HEAP_ALLOCATE|[51]|Bytes:4
16:44:52.0 (30803819)|VARIABLE_ASSIGNMENT|[51]|j|0
16:44:52.0 (30805339)|STATEMENT_EXECUTE|[51]
16:44:52.0 (30806588)|STATEMENT_EXECUTE|[52]
16:44:52.0 (30807711)|STATEMENT_EXECUTE|[53]
16:44:52.0 (30812894)|HEAP_ALLOCATE|[53]|Bytes:2
16:44:52.0 (30820235)|HEAP_ALLOCATE|[53]|Bytes:1
16:44:52.0 (30825041)|HEAP_ALLOCATE|[53]|Bytes:5
16:44:52.0 (30829586)|HEAP_ALLOCATE|[53]|Bytes:2
16:44:52.0 (30836394)|HEAP_ALLOCATE|[53]|Bytes:1
16:44:52.0 (30840971)|HEAP_ALLOCATE|[53]|Bytes:5
16:44:52.0 (30845366)|HEAP_ALLOCATE|[EXTERNAL]|Bytes:4
16:44:52.0 (30848346)|HEAP_ALLOCATE|[51]|Bytes:4
16:44:52.0 (30850929)|VARIABLE_ASSIGNMENT|[51]|j|30
16:44:52.0 (30852653)|STATEMENT_EXECUTE|[51]
16:44:52.0 (30854025)|STATEMENT_EXECUTE|[54]
16:44:52.0 (30855008)|STATEMENT_EXECUTE|[55]
16:44:52.0 (30860194)|HEAP_ALLOCATE|[55]|Bytes:2
16:44:52.0 (30867375)|HEAP_ALLOCATE|[55]|Bytes:2
16:44:52.0 (30872102)|HEAP_ALLOCATE|[55]|Bytes:5
16:44:52.0 (30876842)|HEAP_ALLOCATE|[55]|Bytes:2
16:44:52.0 (30883706)|HEAP_ALLOCATE|[55]|Bytes:2
16:44:52.0 (30888254)|HEAP_ALLOCATE|[55]|Bytes:5
16:44:52.0 (30892447)|HEAP_ALLOCATE|[EXTERNAL]|Bytes:4
16:44:52.0 (30895501)|HEAP_ALLOCATE|[51]|Bytes:4
16:44:52.0 (30898104)|VARIABLE_ASSIGNMENT|[51]|j|60
16:44:52.0 (30900380)|HEAP_ALLOCATE|[50]|Bytes:4
16:44:52.0 (30902914)|VARIABLE_ASSIGNMENT|[50]|i|11
16:44:52.0 (30904597)|STATEMENT_EXECUTE|[50]
16:44:52.0 (30905822)|STATEMENT_EXECUTE|[51]
16:44:52.0 (30907374)|VARIABLE_SCOPE_BEGIN|[51]|j|Integer|false|false
16:44:52.0 (30908884)|HEAP_ALLOCATE|[51]|Bytes:4
16:44:52.0 (30911084)|VARIABLE_ASSIGNMENT|[51]|j|0
16:44:52.0 (30912653)|STATEMENT_EXECUTE|[51]
16:44:52.0 (30913924)|STATEMENT_EXECUTE|[52]
16:44:52.0 (30914918)|STATEMENT_EXECUTE|[53]
16:44:52.0 (30920140)|HEAP_ALLOCATE|[53]|Bytes:2
16:44:52.0 (30927330)|HEAP_ALLOCATE|[53]|Bytes:1
16:44:52.0 (30932038)|HEAP_ALLOCATE|[53]|Bytes:5
16:44:52.0 (30936542)|HEAP_ALLOCATE|[53]|Bytes:2
16:44:52.0 (30943377)|HEAP_ALLOCATE|[53]|Bytes:1
16:44:52.0 (30948121)|HEAP_ALLOCATE|[53]|Bytes:5
16:44:52.0 (30952408)|HEAP_ALLOCATE|[EXTERNAL]|Bytes:4
16:44:52.0 (30955579)|HEAP_ALLOCATE|[51]|Bytes:4
16:44:52.0 (30958188)|VARIABLE_ASSIGNMENT|[51]|j|30
16:44:52.0 (30959960)|STATEMENT_EXECUTE|[51]
16:44:52.0 (30961316)|STATEMENT_EXECUTE|[54]
16:44:52.0 (30962605)|STATEMENT_EXECUTE|[55]
16:44:52.0 (30967845)|HEAP_ALLOCATE|[55]|Bytes:2
16:44:52.0 (30975159)|HEAP_ALLOCATE|[55]|Bytes:2
16:44:52.0 (30979949)|HEAP_ALLOCATE|[55]|Bytes:5
16:44:52.0 (30984436)|HEAP_ALLOCATE|[55]|Bytes:2
16:44:52.0 (30991352)|HEAP_ALLOCATE|[55]|Bytes:2
16:44:52.0 (30995968)|HEAP_ALLOCATE|[55]|Bytes:5
16:44:52.0 (31000122)|HEAP_ALLOCATE|[EXTERNAL]|Bytes:4
16:44:52.0 (31003599)|HEAP_ALLOCATE|[51]|Bytes:4
16:44:52.0 (31006199)|VARIABLE_ASSIGNMENT|[51]|j|60
16:44:52.0 (31008023)|HEAP_ALLOCATE|[50]|Bytes:4
16:44:52.0 (31010402)|VARIABLE_ASSIGNMENT|[50]|i|12
16:44:52.0 (31012111)|STATEMENT_EXECUTE|[50]
16:44:52.0 (31013332)|STATEMENT_EXECUTE|[51]
16:44:52.0 (31014885)|VARIABLE_SCOPE_BEGIN|[51]|j|Integer|false|false
16:44:52.0 (31016269)|HEAP_ALLOCATE|[51]|Bytes:4
16:44:52.0 (31018457)|VARIABLE_ASSIGNMENT|[51]|j|0
16:44:52.0 (31020028)|STATEMENT_EXECUTE|[51]
16:44:52.0 (31021290)|STATEMENT_EXECUTE|[52]
16:44:52.0 (31022276)|STATEMENT_EXECUTE|[53]
16:44:52.0 (31027742)|HEAP_ALLOCATE|[53]|Bytes:2
16:44:52.0 (31035168)|HEAP_ALLOCATE|[53]|Bytes:1
16:44:52.0 (31039768)|HEAP_ALLOCATE|[53]|Bytes:5
16:44:52.0 (31044224)|HEAP_ALLOCATE|[53]|Bytes:2
16:44:52.0 (31050989)|HEAP_ALLOCATE|[53]|Bytes:1
16:44:52.0 (31055616)|HEAP_ALLOCATE|[53]|Bytes:5
16:44:52.0 (31059956)|HEAP_ALLOCATE|[EXTERNAL]|Bytes:4
16:44:52.0 (31063008)|HEAP_ALLOCATE|[51]|Bytes:4
16:44:52.0 (31065758)|VARIABLE_ASSIGNMENT|[51]|j|30
16:44:52.0 (31067510)|STATEMENT_EXECUTE|[51]
16:44:52.0 (31068870)|STATEMENT_EXECUTE|[54]
16:44:52.0 (31069891)|STATEMENT_EXECUTE|[55]
16:44:52.0 (31075031)|HEAP_ALLOCATE|[55]|Bytes:2
16:44:52.0 (31082212)|HEAP_ALLOCATE|[55]|Bytes:2
16:44:52.0 (31086872)|HEAP_ALLOCATE|[55]|Bytes:5
16:44:52.0 (31091457)|HEAP_ALLOCATE|[55]|Bytes:2
16:44:52.0 (31098331)|HEAP_ALLOCATE|[55]|Bytes:2
16:44:52.0 (31102884)|HEAP_ALLOCATE|[55]|Bytes:5
16:44:52.0 (31107118)|HEAP_ALLOCATE|[EXTERNAL]|Bytes:4
16:44:52.0 (31110054)|HEAP_ALLOCATE|[51]|Bytes:4
16:44:52.0 (31112663)|VARIABLE_ASSIGNMENT|[51]|j|60
16:44:52.0 (31114456)|HEAP_ALLOCATE|[50]|Bytes:4
16:44:52.0 (31116960)|VARIABLE_ASSIGNMENT|[50]|i|13
16:44:52.0 (31118625)|STATEMENT_EXECUTE|[50]
16:44:52.0 (31119866)|STATEMENT_EXECUTE|[51]
16:44:52.0 (31121412)|VARIABLE_SCOPE_BEGIN|[51]|j|Integer|false|false
16:44:52.0 (31122758)|HEAP_ALLOCATE|[51]|Bytes:4
16:44:52.0 (31124954)|VARIABLE_ASSIGNMENT|[51]|j|0
16:44:52.0 (31126509)|STATEMENT_EXECUTE|[51]
16:44:52.0 (31127789)|STATEMENT_EXECUTE|[52]
16:44:52.0 (31128779)|STATEMENT_EXECUTE|[53]
16:44:52.0 (31134056)|HEAP_ALLOCATE|[53]|Bytes:2
16:44:52.0 (31141216)|HEAP_ALLOCATE|[53]|Bytes:1
16:44:52.0 (31145939)|HEAP_ALLOCATE|[53]|Bytes:5
16:44:52.0 (31150477)|HEAP_ALLOCATE|[53]|Bytes:2
16:44:52.0 (31157343)|HEAP_ALLOCATE|[53]|Bytes:1
16:44:52.0 (31161973)|HEAP_ALLOCATE|[53]|Bytes:5
16:44:52.0 (31166288)|HEAP_ALLOCATE|[EXTERNAL]|Bytes:4
16:44:52.0 (31169500)|HEAP_ALLOCATE|[51]|Bytes:4
16:44:52.0 (31172135)|VARIABLE_ASSIGNMENT|[51]|j|30
16:44:52.0 (31173830)|STATEMENT_EXECUTE|[51]
16:44:52.0 (31175177)|STATEMENT_EXECUTE|[54]
16:44:52.0 (31176473)|STATEMENT_EXECUTE|[55]
16:44:52.0 (31181722)|HEAP_ALLOCATE|[55]|Bytes:2
16:44:52.0 (31188932)|HEAP_ALLOCATE|[55]|Bytes:2
16:44:52.0 (31193701)|HEAP_ALLOCATE|[55]|Bytes:5
16:44:52.0 (31198212)|HEAP_ALLOCATE|[55]|Bytes:2
16:44:52.0 (31205084)|HEAP_ALLOCATE|[55]|Bytes:2
16:44:52.0 (31209747)|HEAP_ALLOCATE|[55]|Bytes:5
16:44:52.0 (31214083)|HEAP_ALLOCATE|[EXTERNAL]|Bytes:4
16:44:52.0 (31216986)|HEAP_ALLOCATE|[51]|Bytes:4
16:44:52.0 (31219626)|VARIABLE_ASSIGNMENT|[51]|j|60
16:44:52.0 (31221449)|HEAP_ALLOCATE|[50]|Bytes:4
16:44:52.0 (31223771)|VARIABLE_ASSIGNMENT|[50]|i|14
16:44:52.0 (31225455)|STATEMENT_EXECUTE|[50]
16:44:52.0 (31226698)|STATEMENT_EXECUTE|[51]
16:44:52.0 (31228273)|VARIABLE_SCOPE_BEGIN|[51]|j|Integer|false|false
16:44:52.0 (31229647)|HEAP_ALLOCATE|[51]|Bytes:4
16:44:52.0 (31231936)|VARIABLE_ASSIGNMENT|[51]|j|0
16:44:52.0 (31233512)|STATEMENT_EXECUTE|[51]
16:44:52.0 (31234757)|STATEMENT_EXECUTE|[52]
16:44:52.0 (31235743)|STATEMENT_EXECUTE|[53]
16:44:52.0 (31241215)|HEAP_ALLOCATE|[53]|Bytes:2
16:44:52.0 (31248463)|HEAP_ALLOCATE|[53]|Bytes:1
16:44:52.0 (31253275)|HEAP_ALLOCATE|[53]|Bytes:5
16:44:52.0 (31257761)|HEAP_ALLOCATE|[53]|Bytes:2
16:44:52.0 (31264698)|HEAP_ALLOCATE|[53]|Bytes:1
16:44:52.0 (31269262)|HEAP_ALLOCATE|[53]|Bytes:5
16:44:52.0 (31273530)|HEAP_ALLOCATE|[EXTERNAL]|Bytes:4
16:44:52.0 (31276551)|HEAP_ALLOCATE|[51]|Bytes:4
16:44:52.0 (31279134)|VARIABLE_ASSIGNMENT|[51]|j|30
16:44:52.0 (31280912)|STATEMENT_EXECUTE|[51]
16:44:52.0 (31282252)|STATEMENT_EXECUTE|[54]
16:44:52.0 (31283229)|STATEMENT_EXECUTE|[55]
16:44:52.0 (31288340)|HEAP_ALLOCATE|[55]|Bytes:2
16:44:52.0 (31295611)|HEAP_ALLOCATE|[55]|Bytes:2
16:44:52.0 (31300272)|HEAP_ALLOCATE|[55]|Bytes:5
16:44:52.0 (31304721)|HEAP_ALLOCATE|[55]|Bytes:2
16:44:52.0 (31311554)|HEAP_ALLOCATE|[55]|Bytes:2
16:44:52.0 (31316215)|HEAP_ALLOCATE|[55]|Bytes:5
16:44:52.0 (31320340)|HEAP_ALLOCATE|[EXTERNAL]|Bytes:4
16:44:52.0 (31323328)|HEAP_ALLOCATE|[51]|Bytes:4
16:44:52.0 (31325849)|VARIABLE_ASSIGNMENT|[51]|j|60
16:44:52.0 (31327629)|HEAP_ALLOCATE|[50]|Bytes:4
16:44:52.0 (31330090)|VARIABLE_ASSIGNMENT|[50]|i|15
16:44:52.0 (31331787)|STATEMENT_EXECUTE|[50]
16:44:52.0 (31333012)|STATEMENT_EXECUTE|[51]
16:44:52.0 (31334569)|VARIABLE_SCOPE_BEGIN|[51]|j|Integer|false|false
16:44:52.0 (31335886)|HEAP_ALLOCATE|[51]|Bytes:4
16:44:52.0 (31338075)|VARIABLE_ASSIGNMENT|[51]|j|0
16:44:52.0 (31339661)|STATEMENT_EXECUTE|[51]
16:44:52.0 (31340985)|STATEMENT_EXECUTE|[52]
16:44:52.0 (31341997)|STATEMENT_EXECUTE|[53]
16:44:52.0 (31347295)|HEAP_ALLOCATE|[53]|Bytes:2
16:44:52.0 (31354460)|HEAP_ALLOCATE|[53]|Bytes:1
16:44:52.0 (31359120)|HEAP_ALLOCATE|[53]|Bytes:5
16:44:52.0 (31363634)|HEAP_ALLOCATE|[53]|Bytes:2
16:44:52.0 (31370636)|HEAP_ALLOCATE|[53]|Bytes:1
16:44:52.0 (31375168)|HEAP_ALLOCATE|[53]|Bytes:5
16:44:52.0 (31379423)|HEAP_ALLOCATE|[EXTERNAL]|Bytes:4
16:44:52.0 (31382466)|HEAP_ALLOCATE|[51]|Bytes:4
16:44:52.0 (31385054)|VARIABLE_ASSIGNMENT|[51]|j|30
16:44:52.0 (31386825)|STATEMENT_EXECUTE|[51]
16:44:52.0 (31388177)|STATEMENT_EXECUTE|[54]
16:44:52.0 (31389166)|STATEMENT_EXECUTE|[55]
16:44:52.0 (31394383)|HEAP_ALLOCATE|[55]|Bytes:2
16:44:52.0 (31401641)|HEAP_ALLOCATE|[55]|Bytes:2
16:44:52.0 (31406232)|HEAP_ALLOCATE|[55]|Bytes:5
16:44:52.0 (31410702)|HEAP_ALLOCATE|[55]|Bytes:2
16:44:52.0 (31417589)|HEAP_ALLOCATE|[55]|Bytes:2
16:44:52.0 (31422276)|HEAP_ALLOCATE|[55]|Bytes:5
16:44:52.0 (31426451)|HEAP_ALLOCATE|[EXTERNAL]|Bytes:4
16:44:52.0 (31429370)|HEAP_ALLOCATE|[51]|Bytes:4
16:44:52.0 (31431908)|VARIABLE_ASSIGNMENT|[51]|j|60
16:44:52.0 (31433685)|HEAP_ALLOCATE|[50]|Bytes:4
16:44:52.0 (31436142)|VARIABLE_ASSIGNMENT|[50]|i|16
16:44:52.0 (31437799)|STATEMENT_EXECUTE|[50]
16:44:52.0 (31439059)|STATEMENT_EXECUTE|[51]
16:44:52.0 (31440598)|VARIABLE_SCOPE_BEGIN|[51]|j|Integer|false|false
16:44:52.0 (31441928)|HEAP_ALLOCATE|[51]|Bytes:4
16:44:52.0 (31444149)|VARIABLE_ASSIGNMENT|[51]|j|0
16:44:52.0 (31445700)|STATEMENT_EXECUTE|[51]
16:44:52.0 (31446943)|STATEMENT_EXECUTE|[52]
16:44:52.0 (31447951)|STATEMENT_EXECUTE|[53]
16:44:52.0 (31453218)|HEAP_ALLOCATE|[53]|Bytes:2
16:44:52.0 (31460576)|HEAP_ALLOCATE|[53]|Bytes:1
16:44:52.0 (31465292)|HEAP_ALLOCATE|[53]|Bytes:5
16:44:52.0 (31469795)|HEAP_ALLOCATE|[53]|Bytes:2
16:44:52.0 (31476689)|HEAP_ALLOCATE|[53]|Bytes:1
16:44:52.0 (31481207)|HEAP_ALLOCATE|[53]|Bytes:5
16:44:52.0 (31485513)|HEAP_ALLOCATE|[EXTERNAL]|Bytes:4
16:44:52.0 (31488520)|HEAP_ALLOCATE|[51]|Bytes:4
16:44:52.0 (31491172)|VARIABLE_ASSIGNMENT|[51]|j|30
16:44:52.0 (31492915)|STATEMENT_EXECUTE|[51]
16:44:52.0 (31494266)|STATEMENT_EXECUTE|[54]
16:44:52.0 (31495276)|STATEMENT_EXECUTE|[55]
16:44:52.0 (31500366)|HEAP_ALLOCATE|[55]|Bytes:2
16:44:52.0 (31507631)|HEAP_ALLOCATE|[55]|Bytes:2
16:44:52.0 (31512268)|HEAP_ALLOCATE|[55]|Bytes:5
16:44:52.0 (31516801)|HEAP_ALLOCATE|[55]|Bytes:2
16:44:52.0 (31523593)|HEAP_ALLOCATE|[55]|Bytes:2
16:44:52.0 (31528303)|HEAP_ALLOCATE|[55]|Bytes:5
16:44:52.0 (31532433)|HEAP_ALLOCATE|[EXTERNAL]|Bytes:4
16:44:52.0 (31535443)|HEAP_ALLOCATE|[51]|Bytes:4
16:44:52.0 (31538010)|VARIABLE_ASSIGNMENT|[51]|j|60
16:44:52.0 (31539812)|HEAP_ALLOCATE|[50]|Bytes:4
16:44:52.0 (31542422)|VARIABLE_ASSIGNMENT|[50]|i|17
16:44:52.0 (31544137)|STATEMENT_EXECUTE|[50]
16:44:52.0 (31545353)|STATEMENT_EXECUTE|[51]
16:44:52.0 (31546864)|VARIABLE_SCOPE_BEGIN|[51]|j|Integer|false|false
16:44:52.0 (31548219)|HEAP_ALLOCATE|[51]|Bytes:4
16:44:52.0 (31550463)|VARIABLE_ASSIGNMENT|[51]|j|0
16:44:52.0 (31552037)|STATEMENT_EXECUTE|[51]
16:44:52.0 (31553294)|STATEMENT_EXECUTE|[52]
16:44:52.0 (31554394)|STATEMENT_EXECUTE|[53]
16:44:52.0 (31559720)|HEAP_ALLOCATE|[53]|Bytes:2
16:44:52.0 (31566763)|HEAP_ALLOCATE|[53]|Bytes:1
16:44:52.0 (31571446)|HEAP_ALLOCATE|[53]|Bytes:5
16:44:52.0 (31575915)|HEAP_ALLOCATE|[53]|Bytes:2
16:44:52.0 (31582799)|HEAP_ALLOCATE|[53]|Bytes:1
16:44:52.0 (31587450)|HEAP_ALLOCATE|[53]|Bytes:5
16:44:52.0 (31591653)|HEAP_ALLOCATE|[EXTERNAL]|Bytes:4
16:44:52.0 (31594639)|HEAP_ALLOCATE|[51]|Bytes:4
16:44:52.0 (31597241)|VARIABLE_ASSIGNMENT|[51]|j|30
16:44:52.0 (31598975)|STATEMENT_EXECUTE|[51]
16:44:52.0 (31600323)|STATEMENT_EXECUTE|[54]
16:44:52.0 (31601330)|STATEMENT_EXECUTE|[55]
16:44:52.0 (31606995)|HEAP_ALLOCATE|[55]|Bytes:2
16:44:52.0 (31614189)|HEAP_ALLOCATE|[55]|Bytes:2
16:44:52.0 (31618833)|HEAP_ALLOCATE|[55]|Bytes:5
16:44:52.0 (31623395)|HEAP_ALLOCATE|[55]|Bytes:2
16:44:52.0 (31630237)|HEAP_ALLOCATE|[55]|Bytes:2
16:44:52.0 (31634884)|HEAP_ALLOCATE|[55]|Bytes:5
16:44:52.0 (31639042)|HEAP_ALLOCATE|[EXTERNAL]|Bytes:4
16:44:52.0 (31641928)|HEAP_ALLOCATE|[51]|Bytes:4
16:44:52.0 (31644476)|VARIABLE_ASSIGNMENT|[51]|j|60
16:44:52.0 (31646213)|HEAP_ALLOCATE|[50]|Bytes:4
16:44:52.0 (31648514)|VARIABLE_ASSIGNMENT|[50]|i|18
16:44:52.0 (31650156)|STATEMENT_EXECUTE|[50]
16:44:52.0 (31651361)|STATEMENT_EXECUTE|[51]
16:44:52.0 (31652882)|VARIABLE_SCOPE_BEGIN|[51]|j|Integer|false|false
16:44:52.0 (31654210)|HEAP_ALLOCATE|[51]|Bytes:4
16:44:52.0 (31656427)|VARIABLE_ASSIGNMENT|[51]|j|0
16:44:52.0 (31657952)|STATEMENT_EXECUTE|[51]
16:44:52.0 (31659265)|STATEMENT_EXECUTE|[52]
16:44:52.0 (31660300)|STATEMENT_EXECUTE|[53]
16:44:52.0 (31665423)|HEAP_ALLOCATE|[53]|Bytes:2
16:44:52.0 (31672671)|HEAP_ALLOCATE|[53]|Bytes:1
16:44:52.0 (31677315)|HEAP_ALLOCATE|[53]|Bytes:5
16:44:52.0 (31681795)|HEAP_ALLOCATE|[53]|Bytes:2
16:44:52.0 (31688895)|HEAP_ALLOCATE|[53]|Bytes:1
16:44:52.0 (31693466)|HEAP_ALLOCATE|[53]|Bytes:5
16:44:52.0 (31701298)|HEAP_ALLOCATE|[EXTERNAL]|Bytes:4
16:44:52.0 (31704505)|HEAP_ALLOCATE|[51]|Bytes:4
16:44:52.0 (31707295)|VARIABLE_ASSIGNMENT|[51]|j|30
16:44:52.0 (31709067)|STATEMENT_EXECUTE|[51]
16:44:52.0 (31710435)|STATEMENT_EXECUTE|[54]
16:44:52.0 (31711701)|STATEMENT_EXECUTE|[55]
16:44:52.0 (31717355)|HEAP_ALLOCATE|[55]|Bytes:2
16:44:52.0 (31724667)|HEAP_ALLOCATE|[55]|Bytes:2
16:44:52.0 (31729342)|HEAP_ALLOCATE|[55]|Bytes:5
16:44:52.0 (31733801)|HEAP_ALLOCATE|[55]|Bytes:2
16:44:52.0 (31740846)|HEAP_ALLOCATE|[55]|Bytes:2
16:44:52.0 (31745451)|HEAP_ALLOCATE|[55]|Bytes:5
16:44:52.0 (31749682)|HEAP_ALLOCATE|[EXTERNAL]|Bytes:4
16:44:52.0 (31752645)|HEAP_ALLOCATE|[51]|Bytes:4
16:44:52.0 (31755152)|VARIABLE_ASSIGNMENT|[51]|j|60
16:44:52.0 (31756953)|HEAP_ALLOCATE|[50]|Bytes:4
16:44:52.0 (31759468)|VARIABLE_ASSIGNMENT|[50]|i|19
16:44:52.0 (31761131)|STATEMENT_EXECUTE|[50]
16:44:52.0 (31762388)|STATEMENT_EXECUTE|[51]
16:44:52.0 (31764082)|VARIABLE_SCOPE_BEGIN|[51]|j|Integer|false|false
16:44:52.0 (31765462)|HEAP_ALLOCATE|[51]|Bytes:4
16:44:52.0 (31767728)|VARIABLE_ASSIGNMENT|[51]|j|0
16:44:52.0 (31769269)|STATEMENT_EXECUTE|[51]
16:44:52.0 (31770595)|STATEMENT_EXECUTE|[52]
16:44:52.0 (31771643)|STATEMENT_EXECUTE|[53]
16:44:52.0 (31776833)|HEAP_ALLOCATE|[53]|Bytes:2
16:44:52.0 (31783987)|HEAP_ALLOCATE|[53]|Bytes:1
16:44:52.0 (31788784)|HEAP_ALLOCATE|[53]|Bytes:5
16:44:52.0 (31793282)|HEAP_ALLOCATE|[53]|Bytes:2
16:44:52.0 (31800139)|HEAP_ALLOCATE|[53]|Bytes:1
16:44:52.0 (31804720)|HEAP_ALLOCATE|[53]|Bytes:5
16:44:52.0 (31808925)|HEAP_ALLOCATE|[EXTERNAL]|Bytes:4
16:44:52.0 (31811987)|HEAP_ALLOCATE|[51]|Bytes:4
16:44:52.0 (31814634)|VARIABLE_ASSIGNMENT|[51]|j|30
16:44:52.0 (31816609)|STATEMENT_EXECUTE|[51]
16:44:52.0 (31818043)|STATEMENT_EXECUTE|[54]
16:44:52.0 (31819116)|STATEMENT_EXECUTE|[55]
16:44:52.0 (31824621)|HEAP_ALLOCATE|[55]|Bytes:2
16:44:52.0 (31831717)|HEAP_ALLOCATE|[55]|Bytes:2
16:44:52.0 (31836383)|HEAP_ALLOCATE|[55]|Bytes:5
16:44:52.0 (31840930)|HEAP_ALLOCATE|[55]|Bytes:2
16:44:52.0 (31847819)|HEAP_ALLOCATE|[55]|Bytes:2
16:44:52.0 (31852405)|HEAP_ALLOCATE|[55]|Bytes:5
16:44:52.0 (31856564)|HEAP_ALLOCATE|[EXTERNAL]|Bytes:4
16:44:52.0 (31859504)|HEAP_ALLOCATE|[51]|Bytes:4
16:44:52.0 (31862043)|VARIABLE_ASSIGNMENT|[51]|j|60
16:44:52.0 (31863813)|HEAP_ALLOCATE|[50]|Bytes:4
16:44:52.0 (31866131)|VARIABLE_ASSIGNMENT|[50]|i|20
16:44:52.0 (31867737)|STATEMENT_EXECUTE|[50]
16:44:52.0 (31868973)|STATEMENT_EXECUTE|[51]
16:44:52.0 (31870731)|VARIABLE_SCOPE_BEGIN|[51]|j|Integer|false|false
16:44:52.0 (31872069)|HEAP_ALLOCATE|[51]|Bytes:4
16:44:52.0 (31874303)|VARIABLE_ASSIGNMENT|[51]|j|0
16:44:52.0 (31875933)|STATEMENT_EXECUTE|[51]
16:44:52.0 (31877252)|STATEMENT_EXECUTE|[52]
16:44:52.0 (31878323)|STATEMENT_EXECUTE|[53]
16:44:52.0 (31883541)|HEAP_ALLOCATE|[53]|Bytes:2
16:44:52.0 (31890669)|HEAP_ALLOCATE|[53]|Bytes:1
16:44:52.0 (31895542)|HEAP_ALLOCATE|[53]|Bytes:5
16:44:52.0 (31900048)|HEAP_ALLOCATE|[53]|Bytes:2
16:44:52.0 (31906824)|HEAP_ALLOCATE|[53]|Bytes:1
16:44:52.0 (31911404)|HEAP_ALLOCATE|[53]|Bytes:5
16:44:52.0 (31915625)|HEAP_ALLOCATE|[EXTERNAL]|Bytes:4
16:44:52.0 (31918628)|HEAP_ALLOCATE|[51]|Bytes:4
16:44:52.0 (31921203)|VARIABLE_ASSIGNMENT|[51]|j|30
16:44:52.0 (31922960)|STATEMENT_EXECUTE|[51]
16:44:52.0 (31924308)|STATEMENT_EXECUTE|[54]
16:44:52.0 (31925401)|STATEMENT_EXECUTE|[55]
16:44:52.0 (31930441)|HEAP_ALLOCATE|[55]|Bytes:2
16:44:52.0 (31937539)|HEAP_ALLOCATE|[55]|Bytes:2
16:44:52.0 (31942162)|HEAP_ALLOCATE|[55]|Bytes:5
16:44:52.0 (31946674)|HEAP_ALLOCATE|[55]|Bytes:2
16:44:52.0 (31953487)|HEAP_ALLOCATE|[55]|Bytes:2
16:44:52.0 (31958155)|HEAP_ALLOCATE|[55]|Bytes:5
16:44:52.0 (31962380)|HEAP_ALLOCATE|[EXTERNAL]|Bytes:4
16:44:52.0 (31965266)|HEAP_ALLOCATE|[51]|Bytes:4
16:44:52.0 (31967817)|VARIABLE_ASSIGNMENT|[51]|j|60
16:44:52.0 (31969619)|HEAP_ALLOCATE|[50]|Bytes:4
16:44:52.0 (31972617)|VARIABLE_ASSIGNMENT|[50]|i|21
16:44:52.0 (31974243)|STATEMENT_EXECUTE|[50]
16:44:52.0 (31975481)|STATEMENT_EXECUTE|[51]
16:44:52.0 (31977096)|VARIABLE_SCOPE_BEGIN|[51]|j|Integer|false|false
16:44:52.0 (31978523)|HEAP_ALLOCATE|[51]|Bytes:4
16:44:52.0 (31980727)|VARIABLE_ASSIGNMENT|[51]|j|0
16:44:52.0 (31982302)|STATEMENT_EXECUTE|[51]
16:44:52.0 (31983558)|STATEMENT_EXECUTE|[52]
16:44:52.0 (31984567)|STATEMENT_EXECUTE|[53]
16:44:52.0 (31989739)|HEAP_ALLOCATE|[53]|Bytes:2
16:44:52.0 (31996824)|HEAP_ALLOCATE|[53]|Bytes:1
16:44:52.0 (32001586)|HEAP_ALLOCATE|[53]|Bytes:5
16:44:52.0 (32006435)|HEAP_ALLOCATE|[53]|Bytes:2
16:44:52.0 (32013386)|HEAP_ALLOCATE|[53]|Bytes:1
16:44:52.0 (32017962)|HEAP_ALLOCATE|[53]|Bytes:5
16:44:52.0 (32022294)|HEAP_ALLOCATE|[EXTERNAL]|Bytes:4
16:44:52.0 (32025322)|HEAP_ALLOCATE|[51]|Bytes:4
16:44:52.0 (32027978)|VARIABLE_ASSIGNMENT|[51]|j|30
16:44:52.0 (32029808)|STATEMENT_EXECUTE|[51]
16:44:52.0 (32031179)|STATEMENT_EXECUTE|[54]
16:44:52.0 (32032181)|STATEMENT_EXECUTE|[55]
16:44:52.0 (32037559)|HEAP_ALLOCATE|[55]|Bytes:2
16:44:52.0 (32044606)|HEAP_ALLOCATE|[55]|Bytes:2
16:44:52.0 (32049281)|HEAP_ALLOCATE|[55]|Bytes:5
16:44:52.0 (32053813)|HEAP_ALLOCATE|[55]|Bytes:2
16:44:52.0 (32060787)|HEAP_ALLOCATE|[55]|Bytes:2
16:44:52.0 (32065452)|HEAP_ALLOCATE|[55]|Bytes:5
16:44:52.0 (32069616)|HEAP_ALLOCATE|[EXTERNAL]|Bytes:4
16:44:52.0 (32072569)|HEAP_ALLOCATE|[51]|Bytes:4
16:44:52.0 (32075152)|VARIABLE_ASSIGNMENT|[51]|j|60
16:44:52.0 (32076938)|HEAP_ALLOCATE|[50]|Bytes:4
16:44:52.0 (32079246)|VARIABLE_ASSIGNMENT|[50]|i|22
16:44:52.0 (32080928)|STATEMENT_EXECUTE|[50]
16:44:52.0 (32082211)|STATEMENT_EXECUTE|[51]
16:44:52.0 (32083764)|VARIABLE_SCOPE_BEGIN|[51]|j|Integer|false|false
16:44:52.0 (32085112)|HEAP_ALLOCATE|[51]|Bytes:4
16:44:52.0 (32087330)|VARIABLE_ASSIGNMENT|[51]|j|0
16:44:52.0 (32088940)|STATEMENT_EXECUTE|[51]
16:44:52.0 (32090198)|STATEMENT_EXECUTE|[52]
16:44:52.0 (32091219)|STATEMENT_EXECUTE|[53]
16:44:52.0 (32096278)|HEAP_ALLOCATE|[53]|Bytes:2
16:44:52.0 (32103366)|HEAP_ALLOCATE|[53]|Bytes:1
16:44:52.0 (32108108)|HEAP_ALLOCATE|[53]|Bytes:5
16:44:52.0 (32112584)|HEAP_ALLOCATE|[53]|Bytes:2
16:44:52.0 (32119544)|HEAP_ALLOCATE|[53]|Bytes:1
16:44:52.0 (32124076)|HEAP_ALLOCATE|[53]|Bytes:5
16:44:52.0 (32128405)|HEAP_ALLOCATE|[EXTERNAL]|Bytes:4
16:44:52.0 (32131408)|HEAP_ALLOCATE|[51]|Bytes:4
16:44:52.0 (32134010)|VARIABLE_ASSIGNMENT|[51]|j|30
16:44:52.0 (32135824)|STATEMENT_EXECUTE|[51]
16:44:52.0 (32137142)|STATEMENT_EXECUTE|[54]
16:44:52.0 (32138133)|STATEMENT_EXECUTE|[55]
16:44:52.0 (32143290)|HEAP_ALLOCATE|[55]|Bytes:2
16:44:52.0 (32150502)|HEAP_ALLOCATE|[55]|Bytes:2
16:44:52.0 (32155396)|HEAP_ALLOCATE|[55]|Bytes:5
16:44:52.0 (32159988)|HEAP_ALLOCATE|[55]|Bytes:2
16:44:52.0 (32166876)|HEAP_ALLOCATE|[55]|Bytes:2
16:44:52.0 (32171567)|HEAP_ALLOCATE|[55]|Bytes:5
16:44:52.0 (32175734)|HEAP_ALLOCATE|[EXTERNAL]|Bytes:4
16:44:52.0 (32178752)|HEAP_ALLOCATE|[51]|Bytes:4
16:44:52.0 (32181266)|VARIABLE_ASSIGNMENT|[51]|j|60
16:44:52.0 (32183025)|HEAP_ALLOCATE|[50]|Bytes:4
16:44:52.0 (32185320)|VARIABLE_ASSIGNMENT|[50]|i|23
16:44:52.0 (32187294)|STATEMENT_EXECUTE|[50]
16:44:52.0 (32188566)|STATEMENT_EXECUTE|[51]
16:44:52.0 (32190170)|VARIABLE_SCOPE_BEGIN|[51]|j|Integer|false|false
16:44:52.0 (32191509)|HEAP_ALLOCATE|[51]|Bytes:4
16:44:52.0 (32193706)|VARIABLE_ASSIGNMENT|[51]|j|0
16:44:52.0 (32195261)|STATEMENT_EXECUTE|[51]
16:44:52.0 (32196549)|STATEMENT_EXECUTE|[52]
16:44:52.0 (32197573)|STATEMENT_EXECUTE|[53]
16:44:52.0 (32202839)|HEAP_ALLOCATE|[53]|Bytes:2
16:44:52.0 (32210050)|HEAP_ALLOCATE|[53]|Bytes:1
16:44:52.0 (32214683)|HEAP_ALLOCATE|[53]|Bytes:5
16:44:52.0 (32219237)|HEAP_ALLOCATE|[53]|Bytes:2
16:44:52.0 (32226171)|HEAP_ALLOCATE|[53]|Bytes:1
16:44:52.0 (32230618)|HEAP_ALLOCATE|[53]|Bytes:5
16:44:52.0 (32234881)|HEAP_ALLOCATE|[EXTERNAL]|Bytes:4
16:44:52.0 (32238117)|HEAP_ALLOCATE|[51]|Bytes:4
16:44:52.0 (32240942)|VARIABLE_ASSIGNMENT|[51]|j|30
16:44:52.0 (32242688)|STATEMENT_EXECUTE|[51]
16:44:52.0 (32244097)|STATEMENT_EXECUTE|[54]
16:44:52.0 (32245077)|STATEMENT_EXECUTE|[55]
16:44:52.0 (32250359)|HEAP_ALLOCATE|[55]|Bytes:2
16:44:52.0 (32257546)|HEAP_ALLOCATE|[55]|Bytes:2
16:44:52.0 (32262309)|HEAP_ALLOCATE|[55]|Bytes:5
16:44:52.0 (32266846)|HEAP_ALLOCATE|[55]|Bytes:2
16:44:52.0 (32273769)|HEAP_ALLOCATE|[55]|Bytes:2
16:44:52.0 (32278455)|HEAP_ALLOCATE|[55]|Bytes:5
16:44:52.0 (32282614)|HEAP_ALLOCATE|[EXTERNAL]|Bytes:4
16:44:52.0 (32285584)|HEAP_ALLOCATE|[51]|Bytes:4
16:44:52.0 (32288222)|VARIABLE_ASSIGNMENT|[51]|j|60
16:44:52.0 (32290004)|HEAP_ALLOCATE|[50]|Bytes:4
16:44:52.0 (32292382)|VARIABLE_ASSIGNMENT|[50]|i|24
16:44:52.0 (32294474)|STATEMENT_EXECUTE|[59]
16:44:52.0 (32390108)|SYSTEM_MODE_ENTER|true
16:44:52.0 (32412925)|HEAP_ALLOCATE|[EXTERNAL]|Bytes:80
16:44:52.0 (32461942)|VARIABLE_ASSIGNMENT|[EXTERNAL]|this|{"delToHub":false,"delToProj":true,"detail":"0x480013b","invoked":false,"rejected":false,"reserved":false,"selectedTime4":"8:00","sublocations1":"0x15fc8f74","www":"0x686819da","wwwById":"0xc409d0f"}|0x120e79f3
16:44:52.0 (32467670)|STATEMENT_EXECUTE|[86]
16:44:52.0 (32471730)|STATEMENT_EXECUTE|[87]
16:44:52.0 (32473193)|STATEMENT_EXECUTE|[91]
16:44:52.35 (35308923)|SYSTEM_MODE_ENTER|true
16:44:52.35 (35350856)|HEAP_ALLOCATE|[EXTERNAL]|Bytes:8
16:44:52.35 (35356759)|VARIABLE_SCOPE_BEGIN|[88]|this|ApexPage.PageMessagesComponentController|true|false
16:44:52.35 (35374344)|VARIABLE_ASSIGNMENT|[88]|this|{}|0x4ade9b5c
16:44:52.35 (35376827)|VARIABLE_SCOPE_BEGIN|[88]|escape|Boolean|false|false
16:44:52.35 (35380335)|VARIABLE_ASSIGNMENT|[88]|escape|null
16:44:52.0 (35944055)|SYSTEM_MODE_ENTER|true
16:44:52.0 (35967642)|HEAP_ALLOCATE|[EXTERNAL]|Bytes:4
16:44:52.0 (35971571)|HEAP_ALLOCATE|[EXTERNAL]|Bytes:80
16:44:52.0 (35981461)|VARIABLE_ASSIGNMENT|[EXTERNAL]|this.selectedTime4|"8:00"|0x120e79f3
16:44:52.0 (36012441)|SYSTEM_MODE_ENTER|true
16:44:52.0 (36031031)|HEAP_ALLOCATE|[EXTERNAL]|Bytes:80
16:44:52.0 (36076875)|VARIABLE_ASSIGNMENT|[EXTERNAL]|this|{"delToHub":false,"delToProj":true,"detail":"0x480013b","invoked":false,"rejected":false,"reserved":false,"selectedTime4":"8:00","sublocations1":"0x15fc8f74","www":"0x686819da","wwwById":"0xc409d0f"}|0x120e79f3
16:44:52.0 (36083790)|STATEMENT_EXECUTE|[3]
16:44:52.0 (36086565)|STATEMENT_EXECUTE|[4]
16:44:52.0 (36087877)|STATEMENT_EXECUTE|[9]
16:44:52.0 (36375822)|SYSTEM_MODE_ENTER|true
16:44:52.0 (36394519)|HEAP_ALLOCATE|[EXTERNAL]|Bytes:80
16:44:52.0 (36438398)|VARIABLE_ASSIGNMENT|[EXTERNAL]|this|{"delToHub":false,"delToProj":true,"detail":"0x480013b","invoked":false,"rejected":false,"reserved":false,"selectedTime4":"8:00","sublocations1":"0x15fc8f74","www":"0x686819da","wwwById":"0xc409d0f"}|0x120e79f3
16:44:52.0 (36443858)|STATEMENT_EXECUTE|[212]
16:44:52.0 (36446450)|STATEMENT_EXECUTE|[213]
16:44:52.0 (36447674)|STATEMENT_EXECUTE|[216]
16:44:52.0 (36485912)|SYSTEM_MODE_ENTER|true
16:44:52.0 (36500763)|HEAP_ALLOCATE|[EXTERNAL]|Bytes:80
16:44:52.0 (36538007)|VARIABLE_ASSIGNMENT|[EXTERNAL]|this|{"delToHub":false,"delToProj":true,"detail":"0x480013b","invoked":false,"rejected":false,"reserved":false,"selectedTime4":"8:00","sublocations1":"0x15fc8f74","www":"0x686819da","wwwById":"0xc409d0f"}|0x120e79f3
16:44:52.0 (36543172)|STATEMENT_EXECUTE|[21]
16:44:52.0 (36545346)|STATEMENT_EXECUTE|[22]
16:44:52.0 (36546537)|STATEMENT_EXECUTE|[26]
16:44:52.0 (37217580)|HEAP_ALLOCATE|[EXTERNAL]|Bytes:80
16:44:52.0 (37225148)|VARIABLE_SCOPE_BEGIN|[310]|this|NewDeliveredExtension|true|false
16:44:52.0 (37269220)|VARIABLE_ASSIGNMENT|[310]|this|{"delToHub":false,"delToProj":true,"detail":"0x480013b","invoked":false,"rejected":false,"reserved":false,"selectedTime4":"8:00","sublocations1":"0x15fc8f74","www":"0x686819da","wwwById":"0xc409d0f"}|0x120e79f3
16:44:52.0 (37275704)|STATEMENT_EXECUTE|[310]
16:44:52.0 (37277262)|STATEMENT_EXECUTE|[311]
16:44:52.0 (37338201)|VARIABLE_ASSIGNMENT|[EXTERNAL]|this|{"delToHub":false,"delToProj":true,"detail":"0x480013b","invoked":false,"rejected":false,"reserved":false,"selectedTime4":"8:00","sublocations1":"0x15fc8f74","www":"0x686819da","wwwById":"0xc409d0f"}|0x120e79f3
16:44:52.0 (37342183)|STATEMENT_EXECUTE|[3]
16:44:52.0 (37344561)|STATEMENT_EXECUTE|[4]
16:44:52.0 (37346043)|STATEMENT_EXECUTE|[9]
16:44:52.0 (37411406)|VARIABLE_ASSIGNMENT|[311]|this.Location__c|null|0x480013b
16:44:52.0 (37414434)|STATEMENT_EXECUTE|[312]
16:44:52.0 (37418292)|HEAP_ALLOCATE|[312]|Bytes:7
16:44:52.0 (37471380)|VARIABLE_ASSIGNMENT|[EXTERNAL]|this|{"delToHub":false,"delToProj":true,"detail":"0x480013b","invoked":false,"rejected":false,"reserved":false,"selectedTime4":"8:00","sublocations1":"0x15fc8f74","www":"0x686819da","wwwById":"0xc409d0f"}|0x120e79f3
16:44:52.0 (37475243)|STATEMENT_EXECUTE|[21]
16:44:52.0 (37477277)|STATEMENT_EXECUTE|[22]
16:44:52.0 (37478469)|STATEMENT_EXECUTE|[26]
16:44:52.0 (37528397)|HEAP_ALLOCATE|[312]|Bytes:38
16:44:52.0 (37543925)|HEAP_ALLOCATE|[312]|Bytes:45
16:44:52.0 (37567180)|USER_DEBUG|[312]|DEBUG|set wwwWWW__c:{Project__c=a0q0E0000008ahlQAA}
16:44:52.0 (37572464)|STATEMENT_EXECUTE|[313]
16:44:52.0 (37620900)|VARIABLE_ASSIGNMENT|[EXTERNAL]|this|{"delToHub":false,"delToProj":true,"detail":"0x480013b","invoked":false,"rejected":false,"reserved":false,"selectedTime4":"8:00","sublocations1":"0x15fc8f74","www":"0x686819da","wwwById":"0xc409d0f"}|0x120e79f3
16:44:52.0 (37625254)|STATEMENT_EXECUTE|[3]
16:44:52.0 (37627015)|STATEMENT_EXECUTE|[4]
16:44:52.0 (37628111)|STATEMENT_EXECUTE|[9]
16:44:52.0 (37760768)|VARIABLE_ASSIGNMENT|[EXTERNAL]|this|{"delToHub":false,"delToProj":true,"detail":"0x480013b","invoked":false,"rejected":false,"reserved":false,"selectedTime4":"8:00","sublocations1":"0x15fc8f74","www":"0x686819da","wwwById":"0xc409d0f"}|0x120e79f3
16:44:52.0 (37777631)|VARIABLE_ASSIGNMENT|[EXTERNAL]|value|{"Id":"a0t0E0000004UUSQA2","Project__c":"a0q0E0000008ahlQAA","Item__c":"a0A0E0000001PilUAE","Hub_Building_Site__c":"a020E000000zEM2QAM","Actueel_aantal_palle (12 more) ...":0,"Name":"WWW-13541"}|0x42006a30
16:44:52.0 (37791846)|VARIABLE_ASSIGNMENT|[20]|this.www|{"Id":"a0t0E0000004UUSQA2","Project__c":"a0q0E0000008ahlQAA","Item__c":"a0A0E0000001PilUAE","Hub_Building_Site__c":"a020E000000zEM2QAM","Actueel_aantal_palle (12 more) ...":0,"Name":"WWW-13541"}|0x120e79f3
16:44:52.0 (37797907)|STATEMENT_EXECUTE|[314]
16:44:52.0 (37839377)|VARIABLE_ASSIGNMENT|[EXTERNAL]|this|{"delToHub":false,"delToProj":true,"detail":"0x480013b","invoked":false,"rejected":false,"reserved":false,"selectedTime4":"8:00","sublocations1":"0x15fc8f74","www":"0x42006a30","wwwById":"0xc409d0f"}|0x120e79f3
16:44:52.0 (37842862)|STATEMENT_EXECUTE|[21]
16:44:52.0 (37844840)|STATEMENT_EXECUTE|[22]
16:44:52.0 (37845926)|STATEMENT_EXECUTE|[26]
16:44:52.0 (37917619)|HEAP_ALLOCATE|[314]|Bytes:182
16:44:52.0 (37929939)|HEAP_ALLOCATE|[314]|Bytes:189
16:44:52.0 (37938277)|USER_DEBUG|[314]|DEBUG|set wwwWWW__c:{Id=a0t0E0000004UUSQA2, Project__c=a0q0E0000008ahlQAA, Item__c=a0A0E0000001PilUAE, Hub_Building_Site__c=a020E000000zEM2QAM, Actueel_aantal_palletplaatsen__c=0, Name=WWW-13541}
16:44:52.48 (48498205)|SYSTEM_MODE_ENTER|true
16:44:52.48 (48543367)|HEAP_ALLOCATE|[EXTERNAL]|Bytes:8
16:44:52.48 (48549593)|VARIABLE_SCOPE_BEGIN|[88]|this|ApexPage.PageMessagesComponentController|true|false
16:44:52.48 (48567072)|VARIABLE_ASSIGNMENT|[88]|this|{}|0x4ade9b5c
16:44:52.48 (48569548)|VARIABLE_SCOPE_BEGIN|[88]|escape|Boolean|false|false
16:44:52.48 (48572711)|VARIABLE_ASSIGNMENT|[88]|escape|null
16:44:52.48 (48649280)|SYSTEM_MODE_ENTER|true
16:44:52.48 (48672365)|HEAP_ALLOCATE|[EXTERNAL]|Bytes:8
16:44:52.48 (48677219)|VARIABLE_SCOPE_BEGIN|[2]|this|ApexPage.PageMessagesComponentController|true|false
16:44:52.48 (48712731)|VARIABLE_ASSIGNMENT|[2]|this|{}|0x4ade9b5c
16:44:52.0 (48991737)|SYSTEM_MODE_ENTER|true
16:44:52.0 (49012278)|HEAP_ALLOCATE|[EXTERNAL]|Bytes:80
16:44:52.0 (49061538)|VARIABLE_ASSIGNMENT|[EXTERNAL]|this|{"delToHub":false,"delToProj":true,"detail":"0x480013b","invoked":false,"rejected":false,"reserved":false,"selectedTime4":"8:00","sublocations1":"0x15fc8f74","www":"0x42006a30","wwwById":"0xc409d0f"}|0x120e79f3
16:44:52.0 (49067580)|STATEMENT_EXECUTE|[196]
16:44:52.0 (49070467)|STATEMENT_EXECUTE|[197]
16:44:52.0 (49071837)|STATEMENT_EXECUTE|[200]
16:44:52.0 (49115330)|SYSTEM_MODE_ENTER|true
16:44:52.0 (49131399)|HEAP_ALLOCATE|[EXTERNAL]|Bytes:80
16:44:52.0 (49170854)|VARIABLE_ASSIGNMENT|[EXTERNAL]|this|{"delToHub":false,"delToProj":true,"detail":"0x480013b","invoked":false,"rejected":false,"reserved":false,"selectedTime4":"8:00","sublocations1":"0x15fc8f74","www":"0x42006a30","wwwById":"0xc409d0f"}|0x120e79f3
16:44:52.0 (49175833)|STATEMENT_EXECUTE|[229]
16:44:52.0 (49178033)|STATEMENT_EXECUTE|[230]
16:44:52.0 (49179263)|STATEMENT_EXECUTE|[233]
16:44:52.0 (49214824)|SYSTEM_MODE_ENTER|true
16:44:52.0 (49227963)|HEAP_ALLOCATE|[EXTERNAL]|Bytes:80
16:44:52.0 (49264208)|VARIABLE_ASSIGNMENT|[EXTERNAL]|this|{"delToHub":false,"delToProj":true,"detail":"0x480013b","invoked":false,"rejected":false,"reserved":false,"selectedTime4":"8:00","sublocations1":"0x15fc8f74","www":"0x42006a30","wwwById":"0xc409d0f"}|0x120e79f3
16:44:52.0 (49269199)|STATEMENT_EXECUTE|[204]
16:44:52.0 (49271161)|STATEMENT_EXECUTE|[205]
16:44:52.0 (49272322)|STATEMENT_EXECUTE|[208]
16:44:52.0 (49305983)|SYSTEM_MODE_ENTER|true
16:44:52.0 (49318946)|HEAP_ALLOCATE|[EXTERNAL]|Bytes:80
16:44:52.0 (49353375)|VARIABLE_ASSIGNMENT|[EXTERNAL]|this|{"delToHub":false,"delToProj":true,"detail":"0x480013b","invoked":false,"rejected":false,"reserved":false,"selectedTime4":"8:00","sublocations1":"0x15fc8f74","www":"0x42006a30","wwwById":"0xc409d0f"}|0x120e79f3
16:44:52.0 (49357442)|STATEMENT_EXECUTE|[220]
16:44:52.0 (49359270)|STATEMENT_EXECUTE|[221]
16:44:52.0 (49360422)|STATEMENT_EXECUTE|[224]
16:44:52.0 (49409578)|SYSTEM_MODE_ENTER|true
16:44:52.0 (49422844)|HEAP_ALLOCATE|[EXTERNAL]|Bytes:80
16:44:52.0 (49457989)|VARIABLE_ASSIGNMENT|[EXTERNAL]|this|{"delToHub":false,"delToProj":true,"detail":"0x480013b","invoked":false,"rejected":false,"reserved":false,"selectedTime4":"8:00","sublocations1":"0x15fc8f74","www":"0x42006a30","wwwById":"0xc409d0f"}|0x120e79f3
16:44:52.0 (49462256)|STATEMENT_EXECUTE|[3]
16:44:52.0 (49464122)|STATEMENT_EXECUTE|[4]
16:44:52.0 (49465341)|STATEMENT_EXECUTE|[9]
16:44:52.0 (50743997)|SYSTEM_MODE_ENTER|true
16:44:52.0 (50767158)|HEAP_ALLOCATE|[EXTERNAL]|Bytes:80
16:44:52.0 (50815879)|VARIABLE_ASSIGNMENT|[EXTERNAL]|this|{"delToHub":false,"delToProj":true,"detail":"0x480013b","invoked":false,"rejected":false,"reserved":false,"selectedTime4":"8:00","sublocations1":"0x15fc8f74","www":"0x42006a30","wwwById":"0xc409d0f"}|0x120e79f3
16:44:52.0 (50822309)|STATEMENT_EXECUTE|[186]
16:44:52.0 (50825255)|STATEMENT_EXECUTE|[187]
16:44:52.0 (50826493)|STATEMENT_EXECUTE|[190]
16:44:52.0 (52720798)|SYSTEM_MODE_ENTER|true
16:44:52.0 (52743387)|HEAP_ALLOCATE|[EXTERNAL]|Bytes:80
16:44:52.0 (52793013)|VARIABLE_ASSIGNMENT|[EXTERNAL]|this|{"delToHub":false,"delToProj":true,"detail":"0x480013b","invoked":false,"rejected":false,"reserved":false,"selectedTime4":"8:00","sublocations1":"0x15fc8f74","www":"0x42006a30","wwwById":"0xc409d0f"}|0x120e79f3
16:44:52.0 (52799269)|STATEMENT_EXECUTE|[212]
16:44:52.0 (52802170)|STATEMENT_EXECUTE|[213]
16:44:52.0 (52803511)|STATEMENT_EXECUTE|[216]
16:44:52.0 (52865203)|SYSTEM_MODE_ENTER|true
16:44:52.0 (52882263)|HEAP_ALLOCATE|[EXTERNAL]|Bytes:80
16:44:52.0 (52923846)|VARIABLE_ASSIGNMENT|[EXTERNAL]|this|{"delToHub":false,"delToProj":true,"detail":"0x480013b","invoked":false,"rejected":false,"reserved":false,"selectedTime4":"8:00","sublocations1":"0x15fc8f74","www":"0x42006a30","wwwById":"0xc409d0f"}|0x120e79f3
16:44:52.0 (52928596)|STATEMENT_EXECUTE|[21]
16:44:52.0 (52930774)|STATEMENT_EXECUTE|[22]
16:44:52.0 (52931988)|STATEMENT_EXECUTE|[26]
16:44:52.0 (56436183)|SYSTEM_MODE_ENTER|true
16:44:52.0 (56463629)|HEAP_ALLOCATE|[EXTERNAL]|Bytes:80
16:44:52.0 (56470669)|VARIABLE_SCOPE_BEGIN|[285]|this|NewDeliveredExtension|true|false
16:44:52.0 (56520505)|VARIABLE_ASSIGNMENT|[285]|this|{"delToHub":false,"delToProj":true,"detail":"0x480013b","invoked":false,"rejected":false,"reserved":false,"selectedTime4":"8:00","sublocations1":"0x15fc8f74","www":"0x42006a30","wwwById":"0xc409d0f"}|0x120e79f3
16:44:52.0 (56527912)|STATEMENT_EXECUTE|[285]
16:44:52.0 (56529546)|STATEMENT_EXECUTE|[286]
16:44:52.0 (56578096)|VARIABLE_ASSIGNMENT|[EXTERNAL]|this|{"delToHub":false,"delToProj":true,"detail":"0x480013b","invoked":false,"rejected":false,"reserved":false,"selectedTime4":"8:00","sublocations1":"0x15fc8f74","www":"0x42006a30","wwwById":"0xc409d0f"}|0x120e79f3
16:44:52.0 (56582270)|STATEMENT_EXECUTE|[21]
16:44:52.0 (56584675)|STATEMENT_EXECUTE|[22]
16:44:52.0 (56585733)|STATEMENT_EXECUTE|[26]
16:44:52.0 (56629271)|HEAP_ALLOCATE|[286]|Bytes:18
16:44:52.0 (56637121)|HEAP_ALLOCATE|[286]|Bytes:16
16:44:52.0 (56641476)|HEAP_ALLOCATE|[286]|Bytes:34
16:44:52.0 (56651514)|USER_DEBUG|[286]|DEBUG|a0t0E0000004UUSQA2 Delivered_2_Hub
16:44:52.0 (56656614)|STATEMENT_EXECUTE|[287]
16:44:52.0 (56661352)|HEAP_ALLOCATE|[287]|Bytes:4
16:44:52.0 (56680443)|VARIABLE_SCOPE_BEGIN|[287]|options|List<System.SelectOption>|true|false
16:44:52.0 (56692349)|HEAP_ALLOCATE|[EXTERNAL]|Bytes:4
16:44:52.0 (56705425)|VARIABLE_ASSIGNMENT|[287]|options|[]|0x673d8397
16:44:52.0 (56707786)|STATEMENT_EXECUTE|[288]
16:44:52.0 (56711219)|HEAP_ALLOCATE|[288]|Bytes:4
16:44:52.0 (56809025)|VARIABLE_ASSIGNMENT|[EXTERNAL]|this|{"delToHub":false,"delToProj":true,"detail":"0x480013b","invoked":false,"rejected":false,"reserved":false,"selectedTime4":"8:00","sublocations1":"0x15fc8f74","www":"0x42006a30","wwwById":"0xc409d0f"}|0x120e79f3
16:44:52.0 (56826670)|HEAP_ALLOCATE|[EXTERNAL]|Bytes:4
16:44:52.0 (56831044)|VARIABLE_ASSIGNMENT|[EXTERNAL]|value|[]|0x7432169e
16:44:52.0 (56840700)|VARIABLE_ASSIGNMENT|[185]|this.sublocations1|[]|0x120e79f3
16:44:52.0 (56886494)|VARIABLE_ASSIGNMENT|[EXTERNAL]|this|{"delToHub":false,"delToProj":true,"detail":"0x480013b","invoked":false,"rejected":false,"reserved":false,"selectedTime4":"8:00","sublocations1":"0x7432169e","www":"0x42006a30","wwwById":"0xc409d0f"}|0x120e79f3
16:44:52.0 (56890175)|STATEMENT_EXECUTE|[21]
16:44:52.0 (56892371)|STATEMENT_EXECUTE|[22]
16:44:52.0 (56893529)|STATEMENT_EXECUTE|[26]
16:44:52.0 (56930464)|VARIABLE_ASSIGNMENT|[EXTERNAL]|this|{"delToHub":false,"delToProj":true,"detail":"0x480013b","invoked":false,"rejected":false,"reserved":false,"selectedTime4":"8:00","sublocations1":"0x7432169e","www":"0x42006a30","wwwById":"0xc409d0f"}|0x120e79f3
16:44:52.0 (56933586)|STATEMENT_EXECUTE|[21]
16:44:52.0 (56935101)|STATEMENT_EXECUTE|[22]
16:44:52.0 (56936130)|STATEMENT_EXECUTE|[26]
16:44:52.0 (56947416)|STATEMENT_EXECUTE|[290]
16:44:52.0 (56948684)|STATEMENT_EXECUTE|[291]
16:44:52.0 (56951788)|HEAP_ALLOCATE|[291]|Bytes:134
16:44:52.0 (56959846)|HEAP_ALLOCATE|[291]|Bytes:4
16:44:52.0 (56966963)|HEAP_ALLOCATE|[291]|Bytes:7
16:44:52.0 (57007842)|VARIABLE_ASSIGNMENT|[EXTERNAL]|this|{"delToHub":false,"delToProj":true,"detail":"0x480013b","invoked":false,"rejected":false,"reserved":false,"selectedTime4":"8:00","sublocations1":"0x7432169e","www":"0x42006a30","wwwById":"0xc409d0f"}|0x120e79f3
16:44:52.0 (57011969)|STATEMENT_EXECUTE|[21]
16:44:52.0 (57013652)|STATEMENT_EXECUTE|[22]
16:44:52.0 (57014732)|STATEMENT_EXECUTE|[26]
16:44:52.0 (57599556)|SOQL_EXECUTE_BEGIN|[291]|Aggregations:0|SELECT Id, Location__c, Location__r.Name FROM WWW_detail__c WHERE (WWW__c = :tmpVar1 AND RecordType.DeveloperName = 'Delivered_2_Hub')
16:44:52.0 (75302257)|SOQL_EXECUTE_END|[291]|Rows:1
16:44:52.0 (75318422)|HEAP_ALLOCATE|[291]|Bytes:8
16:44:52.0 (75336039)|HEAP_ALLOCATE|[291]|Bytes:185
16:44:52.0 (75383256)|HEAP_ALLOCATE|[291]|Bytes:8
16:44:52.0 (75393514)|VARIABLE_SCOPE_BEGIN|[291]|detailsDelToHub|List<WWW_Detail__c>|true|false
16:44:52.0 (75414676)|VARIABLE_ASSIGNMENT|[291]|detailsDelToHub|[{"Id":"a0s0E0000004KPGQA2","Location__c":"a0B0E0000009YBFUA2","RecordTypeId":"01224000000Sn4MAAS","Location__r":{"Name":"1Q2W","Id":"a0B0E0000009YBFUA2","RecordTypeId":"01224000000B1zdAAC"}}]|0x2a63ef16
16:44:52.0 (75418612)|STATEMENT_EXECUTE|[294]
16:44:52.0 (75425185)|HEAP_ALLOCATE|[294]|Bytes:4
16:44:52.0 (75434220)|VARIABLE_SCOPE_BEGIN|[294]|locationsMap|Map<String,String>|true|false
16:44:52.0 (75443992)|VARIABLE_ASSIGNMENT|[294]|locationsMap|{}|0x4e345aef
16:44:52.0 (75594333)|HEAP_ALLOCATE|[295]|Bytes:5
16:44:52.0 (75623075)|HEAP_ALLOCATE|[295]|Bytes:20
16:44:52.0 (75630778)|VARIABLE_SCOPE_BEGIN|[295]|det|WWW_Detail__c|true|false
16:44:52.0 (75645716)|VARIABLE_ASSIGNMENT|[295]|det|{"Id":"a0s0E0000004KPGQA2","Location__c":"a0B0E0000009YBFUA2","RecordTypeId":"01224000000Sn4MAAS","Location__r":{"Name":"1Q2W","Id":"a0B0E0000009YBFUA2","RecordTypeId":"01224000000B1zdAAC"}}|0x5009251
16:44:52.0 (75649737)|STATEMENT_EXECUTE|[295]
16:44:52.0 (75676037)|STATEMENT_EXECUTE|[296]
16:44:52.0 (75677655)|STATEMENT_EXECUTE|[298]
16:44:52.0 (75780856)|HEAP_ALLOCATE|[EXTERNAL]|Bytes:-4
16:44:52.0 (75795438)|HEAP_ALLOCATE|[295]|Bytes:5
16:44:52.0 (75805939)|VARIABLE_ASSIGNMENT|[295]|det|null|
16:44:52.0 (75809142)|STATEMENT_EXECUTE|[302]
16:44:52.0 (75854083)|HEAP_ALLOCATE|[EXTERNAL]|Bytes:4
16:44:52.0 (75864272)|HEAP_ALLOCATE|[303]|Bytes:4
16:44:52.0 (75903582)|HEAP_ALLOCATE|[303]|Bytes:26
16:44:52.0 (75915701)|HEAP_ALLOCATE|[303]|Bytes:4
16:44:52.0 (75933337)|HEAP_ALLOCATE|[303]|Bytes:5
16:44:52.0 (75943283)|VARIABLE_SCOPE_BEGIN|[303]|lcId|String|false|false
16:44:52.0 (75949739)|VARIABLE_ASSIGNMENT|[303]|lcId|"a0B0E0000009YBFUA2"
16:44:52.0 (75952575)|STATEMENT_EXECUTE|[304]
16:44:52.0 (75953824)|STATEMENT_EXECUTE|[305]
16:44:52.0 (75987923)|HEAP_ALLOCATE|[EXTERNAL]|Bytes:4
16:44:52.0 (75996723)|HEAP_ALLOCATE|[303]|Bytes:5
16:44:52.0 (76004072)|VARIABLE_ASSIGNMENT|[303]|lcId|null
16:44:52.0 (76007819)|STATEMENT_EXECUTE|[308]
16:44:52.0 (83531690)|VF_SERIALIZE_VIEWSTATE_BEGIN|06624000003h0Dg
16:44:52.0 (87473777)|VF_SERIALIZE_VIEWSTATE_END
16:44:52.90 (90184814)|CUMULATIVE_LIMIT_USAGE
16:44:52.90 (90184814)|LIMIT_USAGE_FOR_NS|(default)|
  Number of SOQL queries: 1 out of 100
  Number of query rows: 1 out of 50000
  Number of SOSL queries: 0 out of 20
  Number of DML statements: 0 out of 150
  Number of DML rows: 0 out of 10000
  Maximum CPU time: 0 out of 10000
  Maximum heap size: 0 out of 6000000
  Number of callouts: 0 out of 100
  Number of Email Invocations: 0 out of 10
  Number of future calls: 0 out of 50
  Number of queueable jobs added to the queue: 0 out of 50
  Number of Mobile Apex push calls: 0 out of 10

16:44:52.90 (90184814)|CUMULATIVE_LIMIT_USAGE_END

16:44:52.0 (90217916)|CODE_UNIT_FINISHED|VF: /apex/New_delivered_detail
16:44:52.0 (90971487)|EXECUTION_FINISHED
