31.0 APEX_CODE,DEBUG;APEX_PROFILING,INFO;CALLOUT,INFO;DB,INFO;SYSTEM,DEBUG;VALIDATION,INFO;VISUALFORCE,INFO;WAVE,INFO;WORKFLOW,INFO
12:21:18.0 (60432)|USER_INFO|[EXTERNAL]|00524000001e3Uj|bedrijfsbureau@gsa.nl.sandbox|Midden-Europese standaardtijd|GMT+02:00
12:21:18.0 (97980)|EXECUTION_STARTED
12:21:18.0 (107707)|CODE_UNIT_STARTED|[EXTERNAL]|066240000040k2R|VF: /apex/CreateTicket
12:21:18.0 (216509)|VF_DESERIALIZE_VIEWSTATE_BEGIN|066240000040k2R
12:21:18.0 (10775726)|VF_DESERIALIZE_VIEWSTATE_END
12:21:18.13 (13865717)|SYSTEM_MODE_ENTER|true
12:21:18.14 (14591061)|SYSTEM_MODE_ENTER|true
12:21:18.0 (14840866)|SYSTEM_MODE_ENTER|true
12:21:18.0 (15076872)|SYSTEM_MODE_ENTER|false
12:21:18.0 (15084031)|SYSTEM_MODE_EXIT|false
12:21:18.0 (15093747)|SYSTEM_MODE_ENTER|false
12:21:18.0 (15098852)|SYSTEM_MODE_EXIT|false
12:21:18.0 (15244342)|SYSTEM_MODE_ENTER|true
12:21:18.0 (15269401)|SYSTEM_MODE_ENTER|false
12:21:18.0 (15274961)|SYSTEM_MODE_EXIT|false
12:21:18.0 (16173271)|SYSTEM_MODE_ENTER|true
12:21:18.0 (16265483)|SYSTEM_MODE_ENTER|true
12:21:18.0 (16355125)|SYSTEM_MODE_ENTER|true
12:21:18.0 (16620935)|SYSTEM_MODE_ENTER|true
12:21:18.0 (16656801)|SYSTEM_MODE_ENTER|false
12:21:18.0 (16660931)|SYSTEM_MODE_EXIT|false
12:21:18.0 (16713667)|SYSTEM_MODE_ENTER|true
12:21:18.0 (16770669)|SYSTEM_MODE_ENTER|false
12:21:18.0 (16774488)|SYSTEM_MODE_EXIT|false
12:21:18.0 (16797919)|SYSTEM_MODE_ENTER|true
12:21:18.0 (16867342)|SYSTEM_MODE_ENTER|true
12:21:18.0 (16910250)|SYSTEM_MODE_ENTER|true
12:21:18.0 (17122051)|SYSTEM_MODE_ENTER|true
12:21:18.0 (17150381)|SYSTEM_MODE_ENTER|false
12:21:18.0 (17587303)|SOQL_EXECUTE_BEGIN|[287]|Aggregations:0|SELECT Id, Name FROM Account
12:21:18.0 (19621851)|SOQL_EXECUTE_END|[287]|Rows:1
12:21:18.0 (19974778)|SYSTEM_MODE_EXIT|false
12:21:18.0 (20456946)|SYSTEM_MODE_ENTER|true
12:21:18.0 (20487382)|SYSTEM_MODE_ENTER|false
12:21:18.0 (21306645)|SOQL_EXECUTE_BEGIN|[256]|Aggregations:0|SELECT Activity_Description__c, Box_Number__c, CreatedById, CreatedDate, IsDeleted, Depth__c, M2_Height__c, Hub_Building_Site__c, LastActivityDate, LastModifiedById, LastModifiedDate, Level__c, Name, Max_Weight_p_m2__c, OwnerId, Pallet_Place__c, Id, RecordTypeId, SF_ID__c, Section__c, Shelving_Subdivision__c, SystemModstamp, Warehouse__c, Width__c FROM Location__c WHERE (RecordType.Name = 'Site Location' AND Hub_Building_Site__c = :tmpVar1)
12:21:18.0 (24493002)|SOQL_EXECUTE_END|[256]|Rows:2
12:21:18.0 (24787707)|SYSTEM_MODE_EXIT|false
12:21:18.0 (24883888)|SYSTEM_MODE_ENTER|true
12:21:18.0 (24969886)|SYSTEM_MODE_ENTER|true
12:21:18.0 (24998431)|SYSTEM_MODE_ENTER|false
12:21:18.0 (25589763)|SYSTEM_MODE_EXIT|false
12:21:18.0 (25680007)|SYSTEM_MODE_ENTER|true
12:21:18.0 (25752604)|SYSTEM_MODE_ENTER|true
12:21:18.0 (25780508)|SYSTEM_MODE_ENTER|false
12:21:18.0 (25887032)|SYSTEM_MODE_EXIT|false
12:21:18.0 (25957380)|SYSTEM_MODE_ENTER|true
12:21:18.0 (26042457)|SYSTEM_MODE_ENTER|true
12:21:18.0 (26066345)|SYSTEM_MODE_ENTER|false
12:21:18.0 (26521801)|SOQL_EXECUTE_BEGIN|[297]|Aggregations:0|SELECT Activity_Description__c, Box_Number__c, CreatedById, CreatedDate, IsDeleted, Depth__c, M2_Height__c, Hub_Building_Site__c, LastActivityDate, LastModifiedById, LastModifiedDate, Level__c, Name, Max_Weight_p_m2__c, OwnerId, Pallet_Place__c, Id, RecordTypeId, SF_ID__c, Section__c, Shelving_Subdivision__c, SystemModstamp, Warehouse__c, Width__c FROM Location__c WHERE (RecordType.Name = 'Gate' AND Hub_Building_Site__c = :tmpVar1)
12:21:18.0 (29443092)|SOQL_EXECUTE_END|[297]|Rows:3
12:21:18.0 (29667628)|SYSTEM_MODE_EXIT|false
12:21:18.0 (29760316)|SYSTEM_MODE_ENTER|true
12:21:18.0 (29844909)|SYSTEM_MODE_ENTER|true
12:21:18.0 (29909087)|SYSTEM_MODE_ENTER|true
12:21:18.0 (29974658)|SYSTEM_MODE_ENTER|true
12:21:18.0 (30038255)|SYSTEM_MODE_ENTER|true
12:21:18.0 (30064706)|SYSTEM_MODE_ENTER|false
12:21:18.0 (30518768)|SOQL_EXECUTE_BEGIN|[333]|Aggregations:0|SELECT Activity_Description__c, Box_Number__c, CreatedById, CreatedDate, IsDeleted, Depth__c, M2_Height__c, Hub_Building_Site__c, LastActivityDate, LastModifiedById, LastModifiedDate, Level__c, Name, Max_Weight_p_m2__c, OwnerId, Pallet_Place__c, Id, RecordTypeId, SF_ID__c, Section__c, Shelving_Subdivision__c, SystemModstamp, Warehouse__c, Width__c FROM Location__c WHERE (RecordType.Name = 'Vertical Transport' AND Hub_Building_Site__c = :tmpVar1)
12:21:18.0 (33314704)|SOQL_EXECUTE_END|[333]|Rows:2
12:21:18.0 (33606521)|SYSTEM_MODE_EXIT|false
12:21:18.0 (33699011)|SYSTEM_MODE_ENTER|true
12:21:18.33 (33991442)|SYSTEM_MODE_ENTER|true
12:21:18.0 (34351620)|SYSTEM_MODE_ENTER|true
12:21:18.0 (34396763)|SYSTEM_MODE_ENTER|true
12:21:18.0 (34425377)|SYSTEM_MODE_ENTER|true
12:21:18.0 (34461254)|SYSTEM_MODE_ENTER|true
12:21:18.0 (34492002)|SYSTEM_MODE_ENTER|true
12:21:18.0 (34520280)|SYSTEM_MODE_ENTER|true
12:21:18.0 (34549970)|SYSTEM_MODE_ENTER|true
12:21:18.0 (34585482)|SYSTEM_MODE_ENTER|true
12:21:18.0 (34612971)|SYSTEM_MODE_ENTER|true
12:21:18.0 (34639938)|SYSTEM_MODE_ENTER|true
12:21:18.0 (34691728)|SYSTEM_MODE_ENTER|true
12:21:18.0 (34716516)|SYSTEM_MODE_ENTER|false
12:21:18.0 (34722041)|SYSTEM_MODE_EXIT|false
12:21:18.0 (34814838)|SYSTEM_MODE_ENTER|true
12:21:18.0 (34859169)|SYSTEM_MODE_ENTER|true
12:21:18.0 (34911362)|SYSTEM_MODE_ENTER|true
12:21:18.0 (34960484)|SYSTEM_MODE_ENTER|true
12:21:18.0 (34991226)|SYSTEM_MODE_ENTER|true
12:21:18.0 (35145727)|SYSTEM_MODE_ENTER|false
12:21:18.0 (35219043)|USER_DEBUG|[107]|DEBUG|hubSelecteda029E000001X3J1
12:21:18.0 (35234874)|USER_DEBUG|[108]|DEBUG|finaly f ld come here
12:21:18.0 (35619391)|USER_DEBUG|[115]|DEBUG|gateSelecteda0B9E000000TkUyUAK
12:21:18.0 (35633966)|USER_DEBUG|[116]|DEBUG|locationSelecteda0B9E000000TkdmUAC
12:21:18.0 (35646424)|USER_DEBUG|[117]|DEBUG|hubSelecteda029E000001X3J1
12:21:18.0 (35657083)|USER_DEBUG|[118]|DEBUG|vTSelecteda0B9E000000TkdwUAC
12:21:18.0 (35706357)|USER_DEBUG|[119]|DEBUG|2017-04-23
12:21:18.0 (36474323)|DML_BEGIN|[168]|Op:Insert|Type:Building_Ticket__c|Rows:1
12:21:18.0 (78635569)|CODE_UNIT_STARTED|[EXTERNAL]|01q24000000yLcS|BuldingTicketTrigger on Building_Ticket trigger event BeforeInsert for [new]
12:21:18.0 (122368857)|SOQL_EXECUTE_BEGIN|[23]|Aggregations:0|SELECT Name, Number__c FROM UniqueNumber__c
12:21:18.0 (131879533)|SOQL_EXECUTE_END|[23]|Rows:1
12:21:18.0 (132381867)|DML_BEGIN|[37]|Op:Update|Type:UniqueNumber__c|Rows:1
12:21:18.0 (176647700)|DML_END|[37]
12:21:18.0 (176913573)|SOQL_EXECUTE_BEGIN|[39]|Aggregations:0|SELECT Name, Number__c FROM UniqueNumber__c
12:21:18.0 (184394373)|SOQL_EXECUTE_END|[39]|Rows:1
12:21:18.0 (185054132)|SOQL_EXECUTE_BEGIN|[44]|Aggregations:0|SELECT Id, Name FROM Hub_Building_Site__c WHERE id = :tmpVar1
12:21:18.0 (192972824)|SOQL_EXECUTE_END|[44]|Rows:1
12:21:18.193 (193356804)|CUMULATIVE_LIMIT_USAGE
12:21:18.193 (193356804)|LIMIT_USAGE_FOR_NS|(default)|
  Number of SOQL queries: 7 out of 100
  Number of query rows: 11 out of 50000
  Number of SOSL queries: 0 out of 20
  Number of DML statements: 2 out of 150
  Number of DML rows: 2 out of 10000
  Maximum CPU time: 0 out of 10000
  Maximum heap size: 0 out of 6000000
  Number of callouts: 0 out of 100
  Number of Email Invocations: 0 out of 10
  Number of future calls: 0 out of 50
  Number of queueable jobs added to the queue: 0 out of 50
  Number of Mobile Apex push calls: 0 out of 10

12:21:18.193 (193356804)|CUMULATIVE_LIMIT_USAGE_END

12:21:18.0 (194336856)|CODE_UNIT_FINISHED|BuldingTicketTrigger on Building_Ticket trigger event BeforeInsert for [new]
12:21:18.0 (249328698)|CODE_UNIT_STARTED|[EXTERNAL]|01q24000000yLcS|BuldingTicketTrigger on Building_Ticket trigger event AfterInsert for [a019E000001Tyd7]
12:21:18.0 (250486266)|SOQL_EXECUTE_BEGIN|[55]|Aggregations:0|SELECT Id, Hub_Building_Site__r.Project__r.Account__c, OwnerId FROM Building_Ticket__c WHERE id = :tmpVar1
12:21:18.0 (271105204)|SOQL_EXECUTE_END|[55]|Rows:1
12:21:18.0 (271416700)|USER_DEBUG|[61]|DEBUG|accs {0019E000007H080QAC}
12:21:18.0 (271613997)|SOQL_EXECUTE_BEGIN|[62]|Aggregations:0|SELECT Id FROM User WHERE (AccountId__c = :tmpVar1 AND IsActive = TRUE)
12:21:18.0 (274061347)|SOQL_EXECUTE_END|[62]|Rows:0
12:21:18.0 (274223888)|USER_DEBUG|[63]|DEBUG|users0 ()
12:21:18.0 (274520321)|SOQL_EXECUTE_BEGIN|[64]|Aggregations:0|SELECT ParentId, Id, UserOrGroupId FROM Building_Ticket__Share WHERE ParentId = :tmpVar1
12:21:18.0 (277242342)|SOQL_EXECUTE_END|[64]|Rows:1
12:21:18.0 (277419939)|USER_DEBUG|[66]|DEBUG|1 (Building_Ticket__Share:{ParentId=a019E000001Tyd7QAC, Id=02c9E00000HaVMjQAN, UserOrGroupId=00524000001e3UjAAI})
12:21:18.0 (277768958)|USER_DEBUG|[76]|DEBUG|shareByUserByTicket1 {a019E000001Tyd7QAC={}}
12:21:18.0 (277904296)|USER_DEBUG|[86]|DEBUG|add sharings 0 ()
12:21:18.277 (277970634)|CUMULATIVE_LIMIT_USAGE
12:21:18.277 (277970634)|LIMIT_USAGE_FOR_NS|(default)|
  Number of SOQL queries: 10 out of 100
  Number of query rows: 13 out of 50000
  Number of SOSL queries: 0 out of 20
  Number of DML statements: 2 out of 150
  Number of DML rows: 2 out of 10000
  Maximum CPU time: 0 out of 10000
  Maximum heap size: 0 out of 6000000
  Number of callouts: 0 out of 100
  Number of Email Invocations: 0 out of 10
  Number of future calls: 0 out of 50
  Number of queueable jobs added to the queue: 0 out of 50
  Number of Mobile Apex push calls: 0 out of 10

12:21:18.277 (277970634)|CUMULATIVE_LIMIT_USAGE_END

12:21:18.0 (278825566)|CODE_UNIT_FINISHED|BuldingTicketTrigger on Building_Ticket trigger event AfterInsert for [a019E000001Tyd7]
12:21:18.0 (279388548)|CODE_UNIT_STARTED|[EXTERNAL]|Workflow:01I24000001VbKM
12:21:18.0 (286481644)|WF_RULE_EVAL_BEGIN|Workflow
12:21:18.0 (286508257)|WF_CRITERIA_BEGIN|[Bouwticket: BT-00339 a019E000001Tyd7]|Afkeuring_bouwticket3012400000025pV|01Q24000000bejr|ON_ALL_CHANGES|0
12:21:18.0 (286589365)|WF_FORMULA|Formula:ENCODED:[treatNullAsNull]true|Values:
12:21:18.0 (286592742)|WF_CRITERIA_END|true
12:21:18.0 (287253650)|WF_CRITERIA_BEGIN|[Bouwticket: BT-00339 a019E000001Tyd7]|Set user who change status to Assigned|01Q24000000DUr6|ON_CREATE_OR_TRIGGERING_UPDATE|0
12:21:18.0 (288722187)|WF_RULE_FILTER|[Bouwticket : Status equals Assigned]
12:21:18.0 (288740293)|WF_RULE_EVAL_VALUE|1
12:21:18.0 (288742975)|WF_CRITERIA_END|false
12:21:18.0 (288751069)|WF_CRITERIA_BEGIN|[Bouwticket: BT-00339 a019E000001Tyd7]|Goedkeuring_bouwticket3012400000025w7|01Q24000000bezz|ON_ALL_CHANGES|0
12:21:18.0 (288784520)|WF_FORMULA|Formula:ENCODED:[treatNullAsNull]true|Values:
12:21:18.0 (288786927)|WF_CRITERIA_END|true
12:21:18.0 (288798543)|WF_SPOOL_ACTION_BEGIN|Workflow
12:21:18.0 (288817860)|WF_ACTION| Flow Trigger: 2;
12:21:18.0 (288819977)|WF_RULE_EVAL_END
12:21:18.0 (289281177)|WF_FLOW_ACTION_BEGIN|09L24000000Trdl
12:21:18.289 (289351612)|FLOW_CREATE_INTERVIEW_BEGIN|00D9E000000D6H4|300240000004gC2|3012400000025w7
12:21:18.289 (290551853)|FLOW_CREATE_INTERVIEW_END|4661ca4e2bff26ed4c304f9e3a8f15b47e3cc41-47b4|Goedkeuring bouwticket
12:21:18.290 (290797189)|FLOW_START_INTERVIEWS_BEGIN|1
12:21:18.290 (291466465)|FLOW_START_INTERVIEW_BEGIN|4661ca4e2bff26ed4c304f9e3a8f15b47e3cc41-47b4|Goedkeuring bouwticket
12:21:18.290 (292156658)|FLOW_START_INTERVIEW_END|4661ca4e2bff26ed4c304f9e3a8f15b47e3cc41-47b4|Goedkeuring bouwticket
12:21:18.290 (292164918)|FLOW_START_INTERVIEWS_END|1
12:21:18.0 (293162243)|WF_FLOW_ACTION_END|09L24000000Trdl
12:21:18.0 (293174076)|WF_FLOW_ACTION_BEGIN|09L24000000Trc9
12:21:18.293 (293210807)|FLOW_CREATE_INTERVIEW_BEGIN|00D9E000000D6H4|300240000004gBJ|3012400000025pV
12:21:18.293 (294057644)|FLOW_CREATE_INTERVIEW_END|4662ca4e2bff26ed4c304f9e3a8f15b47e3cc41-47b3|Afkeuring bouwticket
12:21:18.294 (294233602)|FLOW_START_INTERVIEWS_BEGIN|1
12:21:18.294 (294661194)|FLOW_START_INTERVIEW_BEGIN|4662ca4e2bff26ed4c304f9e3a8f15b47e3cc41-47b3|Afkeuring bouwticket
12:21:18.294 (295134131)|FLOW_START_INTERVIEW_END|4662ca4e2bff26ed4c304f9e3a8f15b47e3cc41-47b3|Afkeuring bouwticket
12:21:18.294 (295140464)|FLOW_START_INTERVIEWS_END|1
12:21:18.0 (295594579)|WF_FLOW_ACTION_END|09L24000000Trc9
12:21:18.0 (295657913)|WF_ACTIONS_END| Flow Trigger: 2;
12:21:18.0 (295662597)|CODE_UNIT_FINISHED|Workflow:01I24000001VbKM
12:21:18.0 (296504360)|DML_END|[168]
12:21:18.0 (296653507)|SYSTEM_MODE_EXIT|false
12:21:18.343 (343885752)|CUMULATIVE_LIMIT_USAGE
12:21:18.343 (343885752)|LIMIT_USAGE_FOR_NS|(default)|
  Number of SOQL queries: 10 out of 100
  Number of query rows: 13 out of 50000
  Number of SOSL queries: 0 out of 20
  Number of DML statements: 2 out of 150
  Number of DML rows: 2 out of 10000
  Maximum CPU time: 0 out of 10000
  Maximum heap size: 0 out of 6000000
  Number of callouts: 0 out of 100
  Number of Email Invocations: 0 out of 10
  Number of future calls: 0 out of 50
  Number of queueable jobs added to the queue: 0 out of 50
  Number of Mobile Apex push calls: 0 out of 10

12:21:18.343 (343885752)|CUMULATIVE_LIMIT_USAGE_END

12:21:18.0 (343917718)|CODE_UNIT_FINISHED|VF: /apex/CreateTicket
12:21:18.0 (344640684)|EXECUTION_FINISHED
