38.0 APEX_CODE,DEBUG;APEX_PROFILING,INFO;CALLOUT,INFO;DB,INFO;SYSTEM,DEBUG;VALIDATION,INFO;VISUALFORCE,INFO;WAVE,INFO;WORKFLOW,INFO
15:38:29.0 (66962)|USER_INFO|[EXTERNAL]|00524000001e3Uj|bedrijfsbureau@gsa.nl.sandbox|Midden-Europese standaardtijd|GMT+02:00
15:38:29.0 (97792)|EXECUTION_STARTED
15:38:29.0 (101916)|CODE_UNIT_STARTED|[EXTERNAL]|06624000003h0Dg|VF: /apex/New_delivered_detail
15:38:29.0 (278523)|VF_DESERIALIZE_VIEWSTATE_BEGIN|06624000003h0Dg
15:38:29.0 (15774201)|VF_DESERIALIZE_VIEWSTATE_END
15:38:29.17 (17092995)|SYSTEM_MODE_ENTER|true
15:38:29.18 (18085818)|SYSTEM_MODE_ENTER|true
15:38:29.0 (18614329)|SYSTEM_MODE_ENTER|true
15:38:29.0 (18965467)|SYSTEM_MODE_ENTER|true
15:38:29.0 (19141405)|SYSTEM_MODE_ENTER|true
15:38:29.0 (23960875)|SYSTEM_MODE_ENTER|true
15:38:29.0 (25563560)|SYSTEM_MODE_ENTER|true
15:38:29.0 (25704612)|SYSTEM_MODE_ENTER|true
15:38:29.0 (25833201)|SYSTEM_MODE_ENTER|true
15:38:29.0 (25998354)|SYSTEM_MODE_ENTER|true
15:38:29.0 (32430950)|SYSTEM_MODE_ENTER|true
15:38:29.0 (33882473)|SYSTEM_MODE_ENTER|true
15:38:29.37 (37143106)|SYSTEM_MODE_ENTER|true
15:38:29.0 (37521725)|SYSTEM_MODE_ENTER|true
15:38:29.0 (37573198)|SYSTEM_MODE_ENTER|true
15:38:29.0 (37963211)|SYSTEM_MODE_ENTER|true
15:38:29.0 (38024737)|SYSTEM_MODE_ENTER|true
15:38:29.0 (38075095)|SYSTEM_MODE_ENTER|true
15:38:29.0 (38123756)|SYSTEM_MODE_ENTER|true
15:38:29.0 (39030789)|USER_DEBUG|[326]|DEBUG|set wwwWWW__c:{Project__c=a0q9E0000006AJvQAM}
15:38:29.0 (39215156)|USER_DEBUG|[328]|DEBUG|set wwwWWW__c:{Id=a0t9E0000001c7AQAQ, Project__c=a0q9E0000006AJvQAM, Curr_Items_To_Invoke__c=0, Item__c=a0A9E000000h4EwUAI, Hub_Building_Site__c=a029E000001WpiQQAS, Actueel_aantal_palletplaatsen__c=0, Name=WWW-13998}
15:38:29.49 (49872191)|SYSTEM_MODE_ENTER|true
15:38:29.50 (50024944)|SYSTEM_MODE_ENTER|true
15:38:29.0 (50322858)|SYSTEM_MODE_ENTER|true
15:38:29.0 (50421637)|SYSTEM_MODE_ENTER|true
15:38:29.0 (50520831)|SYSTEM_MODE_ENTER|true
15:38:29.0 (52932707)|SYSTEM_MODE_ENTER|true
15:38:29.0 (53760265)|SYSTEM_MODE_ENTER|true
15:38:29.0 (53834248)|SYSTEM_MODE_ENTER|true
15:38:29.0 (53892510)|SYSTEM_MODE_ENTER|true
15:38:29.0 (53962964)|SYSTEM_MODE_ENTER|true
15:38:29.0 (68387348)|VF_SERIALIZE_VIEWSTATE_BEGIN|06624000003h0Dg
15:38:29.0 (74098918)|VF_SERIALIZE_VIEWSTATE_END
15:38:29.77 (77910565)|CUMULATIVE_LIMIT_USAGE
15:38:29.77 (77910565)|LIMIT_USAGE_FOR_NS|(default)|
  Number of SOQL queries: 0 out of 100
  Number of query rows: 0 out of 50000
  Number of SOSL queries: 0 out of 20
  Number of DML statements: 0 out of 150
  Number of DML rows: 0 out of 10000
  Maximum CPU time: 0 out of 10000
  Maximum heap size: 0 out of 6000000
  Number of callouts: 0 out of 100
  Number of Email Invocations: 0 out of 10
  Number of future calls: 0 out of 50
  Number of queueable jobs added to the queue: 0 out of 50
  Number of Mobile Apex push calls: 0 out of 10

15:38:29.77 (77910565)|CUMULATIVE_LIMIT_USAGE_END

15:38:29.0 (77947094)|CODE_UNIT_FINISHED|VF: /apex/New_delivered_detail
15:38:29.0 (79018003)|EXECUTION_FINISHED
