38.0 APEX_CODE,DEBUG;APEX_PROFILING,INFO;CALLOUT,INFO;DB,INFO;SYSTEM,DEBUG;VALIDATION,INFO;VISUALFORCE,INFO;WAVE,INFO;WORKFLOW,INFO
10:39:44.0 (358001)|USER_INFO|[EXTERNAL]|00524000001e3Uj|bedrijfsbureau@gsa.nl.sandbox|Midden-Europese standaardtijd|GMT+02:00
10:39:44.0 (385897)|EXECUTION_STARTED
10:39:44.0 (389515)|CODE_UNIT_STARTED|[EXTERNAL]|06624000003h0Dq|VF: /apex/ChoseRecordType
10:39:44.0 (2050439)|SYSTEM_MODE_ENTER|true
10:39:44.0 (3055682)|SOQL_EXECUTE_BEGIN|[175]|Aggregations:0|SELECT Id, Name, DeveloperName FROM RecordType WHERE sObjectType = 'WWW_detail__c'
10:39:44.0 (14873416)|SOQL_EXECUTE_END|[175]|Rows:5
10:39:44.16 (16363984)|SYSTEM_MODE_ENTER|true
10:39:44.16 (16516846)|SYSTEM_MODE_ENTER|true
10:39:44.16 (16683198)|SYSTEM_MODE_ENTER|true
10:39:44.31 (31435430)|SYSTEM_MODE_ENTER|true
10:39:44.31 (31605468)|SYSTEM_MODE_ENTER|true
10:39:44.0 (32174757)|SYSTEM_MODE_ENTER|true
10:39:44.0 (35546916)|SYSTEM_MODE_ENTER|false
10:39:44.0 (35555782)|SYSTEM_MODE_EXIT|false
10:39:44.0 (35602777)|SYSTEM_MODE_ENTER|false
10:39:44.0 (35880384)|SOQL_EXECUTE_BEGIN|[23]|Aggregations:0|SELECT Id, Name, DeveloperName FROM RecordType WHERE sObjectType = :tmpVar1
10:39:44.0 (38808332)|SOQL_EXECUTE_END|[23]|Rows:5
10:39:44.0 (39304795)|SYSTEM_MODE_EXIT|false
10:39:44.0 (39619417)|SYSTEM_MODE_ENTER|true
10:39:44.0 (41030187)|VF_SERIALIZE_VIEWSTATE_BEGIN|06624000003h0Dq
10:39:44.0 (44130240)|VF_SERIALIZE_VIEWSTATE_END
10:39:44.46 (46800595)|CUMULATIVE_LIMIT_USAGE
10:39:44.46 (46800595)|LIMIT_USAGE_FOR_NS|(default)|
  Number of SOQL queries: 2 out of 100
  Number of query rows: 10 out of 50000
  Number of SOSL queries: 0 out of 20
  Number of DML statements: 0 out of 150
  Number of DML rows: 0 out of 10000
  Maximum CPU time: 0 out of 10000
  Maximum heap size: 0 out of 6000000
  Number of callouts: 0 out of 100
  Number of Email Invocations: 0 out of 10
  Number of future calls: 0 out of 50
  Number of queueable jobs added to the queue: 0 out of 50
  Number of Mobile Apex push calls: 0 out of 10

10:39:44.46 (46800595)|CUMULATIVE_LIMIT_USAGE_END

10:39:44.0 (46833632)|CODE_UNIT_FINISHED|VF: /apex/ChoseRecordType
10:39:44.0 (47997846)|EXECUTION_FINISHED
