39.0 APEX_CODE,DEBUG;APEX_PROFILING,INFO;CALLOUT,INFO;DB,INFO;SYSTEM,DEBUG;VALIDATION,INFO;VISUALFORCE,INFO;WAVE,INFO;WORKFLOW,INFO
15:02:23.0 (415075)|USER_INFO|[EXTERNAL]|00524000001e3Uj|bedrijfsbureau@gsa.nl.sandbox|Midden-Europese standaardtijd|GMT+02:00
15:02:23.0 (441684)|EXECUTION_STARTED
15:02:23.0 (445338)|CODE_UNIT_STARTED|[EXTERNAL]|0669E0000000KhW|VF: /apex/ProjectItemsAfroepen
15:02:23.0 (1009062)|VF_DESERIALIZE_VIEWSTATE_BEGIN|0669E0000000KhW
15:02:23.0 (8586515)|VF_DESERIALIZE_VIEWSTATE_END
15:02:23.0 (14977807)|SYSTEM_MODE_ENTER|true
15:02:23.0 (15290794)|SYSTEM_MODE_ENTER|false
15:02:23.0 (15298390)|SYSTEM_MODE_EXIT|false
15:02:23.0 (15317635)|SYSTEM_MODE_ENTER|false
15:02:23.0 (15324562)|SYSTEM_MODE_EXIT|false
15:02:23.0 (15467218)|SYSTEM_MODE_ENTER|true
15:02:23.0 (15498255)|SYSTEM_MODE_ENTER|false
15:02:23.0 (15504531)|SYSTEM_MODE_EXIT|false
15:02:23.0 (15647347)|SYSTEM_MODE_ENTER|true
15:02:23.0 (15817349)|SYSTEM_MODE_ENTER|false
15:02:23.0 (17982917)|SOQL_EXECUTE_BEGIN|[34]|Aggregations:0|SELECT Id, Name FROM Projecten__c WHERE Name LIKE :tmpVar1 LIMIT 5
15:02:23.0 (22947883)|SOQL_EXECUTE_END|[34]|Rows:1
15:02:23.0 (23182879)|SYSTEM_MODE_EXIT|false
15:02:23.0 (27441261)|SYSTEM_MODE_ENTER|true
15:02:23.0 (27492988)|SYSTEM_MODE_ENTER|false
15:02:23.0 (27499710)|SYSTEM_MODE_EXIT|false
15:02:23.0 (27626586)|SYSTEM_MODE_ENTER|true
15:02:23.0 (27652568)|SYSTEM_MODE_ENTER|false
15:02:23.0 (27657444)|SYSTEM_MODE_EXIT|false
15:02:23.0 (29054974)|VF_SERIALIZE_VIEWSTATE_BEGIN|0669E0000000KhW
15:02:23.0 (31048465)|VF_SERIALIZE_VIEWSTATE_END
15:02:23.33 (33147630)|CUMULATIVE_LIMIT_USAGE
15:02:23.33 (33147630)|LIMIT_USAGE_FOR_NS|(default)|
  Number of SOQL queries: 1 out of 100
  Number of query rows: 1 out of 50000
  Number of SOSL queries: 0 out of 20
  Number of DML statements: 0 out of 150
  Number of DML rows: 0 out of 10000
  Maximum CPU time: 0 out of 10000
  Maximum heap size: 0 out of 6000000
  Number of callouts: 0 out of 100
  Number of Email Invocations: 0 out of 10
  Number of future calls: 0 out of 50
  Number of queueable jobs added to the queue: 0 out of 50
  Number of Mobile Apex push calls: 0 out of 10

15:02:23.33 (33147630)|CUMULATIVE_LIMIT_USAGE_END

15:02:23.0 (33185488)|CODE_UNIT_FINISHED|VF: /apex/ProjectItemsAfroepen
15:02:23.0 (33922690)|EXECUTION_FINISHED
