38.0 APEX_CODE,FINEST;APEX_PROFILING,INFO;CALLOUT,INFO;DB,INFO;SYSTEM,DEBUG;VALIDATION,INFO;VISUALFORCE,INFO;WAVE,INFO;WORKFLOW,INFO
14:52:23.0 (56299)|USER_INFO|[EXTERNAL]|00524000001e3Uj|bedrijfsbureau@gsa.nl.sandbox|Midden-Europese standaardtijd|GMT+01:00
14:52:23.0 (79412)|EXECUTION_STARTED
14:52:23.0 (83487)|CODE_UNIT_STARTED|[EXTERNAL]|06624000003h0Dg|VF: /apex/New_delivered_detail
14:52:23.0 (215788)|VF_DESERIALIZE_VIEWSTATE_BEGIN|06624000003h0Dg
14:52:23.0 (4362479)|HEAP_ALLOCATE|[72]|Bytes:3
14:52:23.0 (4404590)|HEAP_ALLOCATE|[77]|Bytes:152
14:52:23.0 (4419554)|HEAP_ALLOCATE|[342]|Bytes:408
14:52:23.0 (4433520)|HEAP_ALLOCATE|[355]|Bytes:408
14:52:23.0 (4446356)|HEAP_ALLOCATE|[467]|Bytes:48
14:52:23.0 (4471913)|HEAP_ALLOCATE|[139]|Bytes:6
14:52:23.0 (4506135)|HEAP_ALLOCATE|[50]|Bytes:5
14:52:23.0 (4527147)|HEAP_ALLOCATE|[56]|Bytes:5
14:52:23.0 (4533348)|HEAP_ALLOCATE|[64]|Bytes:7
14:52:23.0 (8825214)|VF_DESERIALIZE_VIEWSTATE_END
14:52:23.9 (9505099)|SYSTEM_MODE_ENTER|true
14:52:23.9 (9563992)|HEAP_ALLOCATE|[EXTERNAL]|Bytes:38
14:52:23.9 (9570839)|HEAP_ALLOCATE|[EXTERNAL]|Bytes:7
14:52:23.9 (9579417)|SYSTEM_METHOD_ENTRY|[1]|PageMessagesComponentController.PageMessagesComponentController()
14:52:23.9 (9583583)|STATEMENT_EXECUTE|[1]
14:52:23.10 (10324602)|SYSTEM_MODE_ENTER|true
14:52:23.10 (10368140)|HEAP_ALLOCATE|[EXTERNAL]|Bytes:8
14:52:23.10 (10374218)|VARIABLE_SCOPE_BEGIN|[88]|this|ApexPage.PageMessagesComponentController|true|false
14:52:23.10 (10405667)|VARIABLE_ASSIGNMENT|[88]|this|{}|0x200a9752
14:52:23.10 (10408438)|VARIABLE_SCOPE_BEGIN|[88]|escape|Boolean|false|false
14:52:23.10 (10413334)|VARIABLE_ASSIGNMENT|[88]|escape|null
14:52:23.0 (10634437)|SYSTEM_MODE_ENTER|true
14:52:23.0 (10813080)|HEAP_ALLOCATE|[EXTERNAL]|Bytes:11
14:52:23.0 (10821140)|HEAP_ALLOCATE|[EXTERNAL]|Bytes:408
14:52:23.0 (10824745)|HEAP_ALLOCATE|[EXTERNAL]|Bytes:120
14:52:23.0 (10827631)|HEAP_ALLOCATE|[EXTERNAL]|Bytes:108
14:52:23.0 (10834801)|METHOD_ENTRY|[1]|01p2400000DUtXT|NewDeliveredExtension.NewDeliveredExtension()
14:52:23.0 (10837360)|STATEMENT_EXECUTE|[1]
14:52:23.0 (10840924)|STATEMENT_EXECUTE|[1]
14:52:23.0 (10842324)|STATEMENT_EXECUTE|[537]
14:52:23.0 (10846145)|METHOD_EXIT|[1]|NewDeliveredExtension
14:52:23.0 (10850112)|HEAP_ALLOCATE|[EXTERNAL]|Bytes:80
14:52:23.0 (10943503)|VARIABLE_ASSIGNMENT|[EXTERNAL]|this|{"delToHub":false,"delToProj":false,"detail":"0x40cf44af","invoked":true,"rejected":false,"reserved":false,"selectedTime6":"8:00","www":"0x1a652424","wwwById":"0x113cd98d"}|0x28f464c9
14:52:23.0 (10950149)|STATEMENT_EXECUTE|[196]
14:52:23.0 (10953461)|STATEMENT_EXECUTE|[197]
14:52:23.0 (10955543)|STATEMENT_EXECUTE|[200]
14:52:23.0 (11052449)|SYSTEM_MODE_ENTER|true
14:52:23.0 (11097114)|HEAP_ALLOCATE|[EXTERNAL]|Bytes:80
14:52:23.0 (11136842)|VARIABLE_ASSIGNMENT|[EXTERNAL]|this|{"delToHub":false,"delToProj":false,"detail":"0x40cf44af","invoked":true,"rejected":false,"reserved":false,"selectedTime6":"8:00","www":"0x1a652424","wwwById":"0x113cd98d"}|0x28f464c9
14:52:23.0 (11143180)|STATEMENT_EXECUTE|[3]
14:52:23.0 (11145738)|STATEMENT_EXECUTE|[4]
14:52:23.0 (11147112)|STATEMENT_EXECUTE|[9]
14:52:23.0 (19343995)|SYSTEM_MODE_ENTER|true
14:52:23.0 (19371921)|HEAP_ALLOCATE|[EXTERNAL]|Bytes:80
14:52:23.0 (19416866)|VARIABLE_ASSIGNMENT|[EXTERNAL]|this|{"delToHub":false,"delToProj":false,"detail":"0x40cf44af","invoked":true,"rejected":false,"reserved":false,"selectedTime6":"8:00","www":"0x1a652424","wwwById":"0x113cd98d"}|0x28f464c9
14:52:23.0 (19423957)|STATEMENT_EXECUTE|[229]
14:52:23.0 (19427280)|STATEMENT_EXECUTE|[230]
14:52:23.0 (19428612)|STATEMENT_EXECUTE|[233]
14:52:23.0 (19480544)|SYSTEM_MODE_ENTER|true
14:52:23.0 (19500076)|HEAP_ALLOCATE|[EXTERNAL]|Bytes:80
14:52:23.0 (19535977)|VARIABLE_ASSIGNMENT|[EXTERNAL]|this|{"delToHub":false,"delToProj":false,"detail":"0x40cf44af","invoked":true,"rejected":false,"reserved":false,"selectedTime6":"8:00","www":"0x1a652424","wwwById":"0x113cd98d"}|0x28f464c9
14:52:23.0 (19541540)|STATEMENT_EXECUTE|[204]
14:52:23.0 (19544324)|STATEMENT_EXECUTE|[205]
14:52:23.0 (19545562)|STATEMENT_EXECUTE|[208]
14:52:23.0 (19589630)|SYSTEM_MODE_ENTER|true
14:52:23.0 (19606136)|HEAP_ALLOCATE|[EXTERNAL]|Bytes:80
14:52:23.0 (19639065)|VARIABLE_ASSIGNMENT|[EXTERNAL]|this|{"delToHub":false,"delToProj":false,"detail":"0x40cf44af","invoked":true,"rejected":false,"reserved":false,"selectedTime6":"8:00","www":"0x1a652424","wwwById":"0x113cd98d"}|0x28f464c9
14:52:23.0 (19643737)|STATEMENT_EXECUTE|[220]
14:52:23.0 (19645750)|STATEMENT_EXECUTE|[221]
14:52:23.0 (19646794)|STATEMENT_EXECUTE|[224]
14:52:23.0 (19688069)|SYSTEM_MODE_ENTER|true
14:52:23.0 (19703968)|HEAP_ALLOCATE|[EXTERNAL]|Bytes:80
14:52:23.0 (19736424)|VARIABLE_ASSIGNMENT|[EXTERNAL]|this|{"delToHub":false,"delToProj":false,"detail":"0x40cf44af","invoked":true,"rejected":false,"reserved":false,"selectedTime6":"8:00","www":"0x1a652424","wwwById":"0x113cd98d"}|0x28f464c9
14:52:23.0 (19740774)|STATEMENT_EXECUTE|[212]
14:52:23.0 (19742730)|STATEMENT_EXECUTE|[213]
14:52:23.0 (19743814)|STATEMENT_EXECUTE|[216]
14:52:23.0 (19814494)|SYSTEM_MODE_ENTER|true
14:52:23.0 (19836597)|HEAP_ALLOCATE|[EXTERNAL]|Bytes:80
14:52:23.0 (19875727)|VARIABLE_ASSIGNMENT|[EXTERNAL]|this|{"delToHub":false,"delToProj":false,"detail":"0x40cf44af","invoked":true,"rejected":false,"reserved":false,"selectedTime6":"8:00","www":"0x1a652424","wwwById":"0x113cd98d"}|0x28f464c9
14:52:23.0 (19881408)|STATEMENT_EXECUTE|[21]
14:52:23.0 (19883837)|STATEMENT_EXECUTE|[22]
14:52:23.0 (19885055)|STATEMENT_EXECUTE|[26]
14:52:23.0 (25083082)|SYSTEM_MODE_ENTER|true
14:52:23.0 (25115519)|HEAP_ALLOCATE|[EXTERNAL]|Bytes:80
14:52:23.0 (25122181)|VARIABLE_SCOPE_BEGIN|[48]|this|NewDeliveredExtension|true|false
14:52:23.0 (25163579)|VARIABLE_ASSIGNMENT|[48]|this|{"delToHub":false,"delToProj":false,"detail":"0x40cf44af","invoked":true,"rejected":false,"reserved":false,"selectedTime6":"8:00","www":"0x1a652424","wwwById":"0x113cd98d"}|0x28f464c9
14:52:23.0 (25171300)|STATEMENT_EXECUTE|[48]
14:52:23.0 (25172921)|STATEMENT_EXECUTE|[49]
14:52:23.0 (25177492)|HEAP_ALLOCATE|[49]|Bytes:4
14:52:23.0 (25206140)|VARIABLE_SCOPE_BEGIN|[49]|options|List<System.SelectOption>|true|false
14:52:23.0 (25230698)|HEAP_ALLOCATE|[EXTERNAL]|Bytes:4
14:52:23.0 (25238866)|VARIABLE_ASSIGNMENT|[49]|options|[]|0x6ec11f53
14:52:23.0 (25242592)|STATEMENT_EXECUTE|[50]
14:52:23.0 (25247401)|VARIABLE_SCOPE_BEGIN|[50]|i|Integer|false|false
14:52:23.0 (25251841)|HEAP_ALLOCATE|[50]|Bytes:4
14:52:23.0 (25256864)|VARIABLE_ASSIGNMENT|[50]|i|0
14:52:23.0 (25262497)|STATEMENT_EXECUTE|[50]
14:52:23.0 (25263995)|STATEMENT_EXECUTE|[51]
14:52:23.0 (25265583)|VARIABLE_SCOPE_BEGIN|[51]|j|Integer|false|false
14:52:23.0 (25267830)|HEAP_ALLOCATE|[51]|Bytes:4
14:52:23.0 (25270400)|VARIABLE_ASSIGNMENT|[51]|j|0
14:52:23.0 (25272390)|STATEMENT_EXECUTE|[51]
14:52:23.0 (25274396)|STATEMENT_EXECUTE|[52]
14:52:23.0 (25275491)|STATEMENT_EXECUTE|[53]
14:52:23.0 (25318088)|HEAP_ALLOCATE|[53]|Bytes:1
14:52:23.0 (25327310)|HEAP_ALLOCATE|[53]|Bytes:2
14:52:23.0 (25334194)|HEAP_ALLOCATE|[53]|Bytes:1
14:52:23.0 (25344876)|HEAP_ALLOCATE|[53]|Bytes:4
14:52:23.0 (25350232)|HEAP_ALLOCATE|[53]|Bytes:1
14:52:23.0 (25357740)|HEAP_ALLOCATE|[53]|Bytes:1
14:52:23.0 (25362997)|HEAP_ALLOCATE|[53]|Bytes:4
14:52:23.0 (25392754)|HEAP_ALLOCATE|[EXTERNAL]|Bytes:4
14:52:23.0 (25400235)|HEAP_ALLOCATE|[51]|Bytes:4
14:52:23.0 (25405259)|VARIABLE_ASSIGNMENT|[51]|j|30
14:52:23.0 (25408286)|STATEMENT_EXECUTE|[51]
14:52:23.0 (25409921)|STATEMENT_EXECUTE|[54]
14:52:23.0 (25410985)|STATEMENT_EXECUTE|[55]
14:52:23.0 (25427181)|HEAP_ALLOCATE|[55]|Bytes:1
14:52:23.0 (25433534)|HEAP_ALLOCATE|[55]|Bytes:1
14:52:23.0 (25439284)|HEAP_ALLOCATE|[55]|Bytes:2
14:52:23.0 (25444916)|HEAP_ALLOCATE|[55]|Bytes:4
14:52:23.0 (25450293)|HEAP_ALLOCATE|[55]|Bytes:1
14:52:23.0 (25457527)|HEAP_ALLOCATE|[55]|Bytes:2
14:52:23.0 (25462547)|HEAP_ALLOCATE|[55]|Bytes:4
14:52:23.0 (25474584)|HEAP_ALLOCATE|[EXTERNAL]|Bytes:4
14:52:23.0 (25478953)|HEAP_ALLOCATE|[51]|Bytes:4
14:52:23.0 (25482687)|VARIABLE_ASSIGNMENT|[51]|j|60
14:52:23.0 (25486295)|HEAP_ALLOCATE|[50]|Bytes:4
14:52:23.0 (25488877)|VARIABLE_ASSIGNMENT|[50]|i|1
14:52:23.0 (25490861)|STATEMENT_EXECUTE|[50]
14:52:23.0 (25492388)|STATEMENT_EXECUTE|[51]
14:52:23.0 (25494371)|VARIABLE_SCOPE_BEGIN|[51]|j|Integer|false|false
14:52:23.0 (25496413)|HEAP_ALLOCATE|[51]|Bytes:4
14:52:23.0 (25498636)|VARIABLE_ASSIGNMENT|[51]|j|0
14:52:23.0 (25500140)|STATEMENT_EXECUTE|[51]
14:52:23.0 (25501418)|STATEMENT_EXECUTE|[52]
14:52:23.0 (25502403)|STATEMENT_EXECUTE|[53]
14:52:23.0 (25509256)|HEAP_ALLOCATE|[53]|Bytes:1
14:52:23.0 (25516869)|HEAP_ALLOCATE|[53]|Bytes:1
14:52:23.0 (25521831)|HEAP_ALLOCATE|[53]|Bytes:4
14:52:23.0 (25526404)|HEAP_ALLOCATE|[53]|Bytes:1
14:52:23.0 (25534070)|HEAP_ALLOCATE|[53]|Bytes:1
14:52:23.0 (25538871)|HEAP_ALLOCATE|[53]|Bytes:4
14:52:23.0 (25544362)|HEAP_ALLOCATE|[EXTERNAL]|Bytes:4
14:52:23.0 (25547853)|HEAP_ALLOCATE|[51]|Bytes:4
14:52:23.0 (25550835)|VARIABLE_ASSIGNMENT|[51]|j|30
14:52:23.0 (25552589)|STATEMENT_EXECUTE|[51]
14:52:23.0 (25553971)|STATEMENT_EXECUTE|[54]
14:52:23.0 (25554930)|STATEMENT_EXECUTE|[55]
14:52:23.0 (25560620)|HEAP_ALLOCATE|[55]|Bytes:1
14:52:23.0 (25568112)|HEAP_ALLOCATE|[55]|Bytes:2
14:52:23.0 (25574626)|HEAP_ALLOCATE|[55]|Bytes:4
14:52:23.0 (25582856)|HEAP_ALLOCATE|[55]|Bytes:1
14:52:23.0 (25595081)|HEAP_ALLOCATE|[55]|Bytes:2
14:52:23.0 (25604601)|HEAP_ALLOCATE|[55]|Bytes:4
14:52:23.0 (25615121)|HEAP_ALLOCATE|[EXTERNAL]|Bytes:4
14:52:23.0 (25621788)|HEAP_ALLOCATE|[51]|Bytes:4
14:52:23.0 (25627653)|VARIABLE_ASSIGNMENT|[51]|j|60
14:52:23.0 (25631586)|HEAP_ALLOCATE|[50]|Bytes:4
14:52:23.0 (25635394)|VARIABLE_ASSIGNMENT|[50]|i|2
14:52:23.0 (25638516)|STATEMENT_EXECUTE|[50]
14:52:23.0 (25640617)|STATEMENT_EXECUTE|[51]
14:52:23.0 (25644025)|VARIABLE_SCOPE_BEGIN|[51]|j|Integer|false|false
14:52:23.0 (25646724)|HEAP_ALLOCATE|[51]|Bytes:4
14:52:23.0 (25650508)|VARIABLE_ASSIGNMENT|[51]|j|0
14:52:23.0 (25652737)|STATEMENT_EXECUTE|[51]
14:52:23.0 (25654635)|STATEMENT_EXECUTE|[52]
14:52:23.0 (25655879)|STATEMENT_EXECUTE|[53]
14:52:23.0 (25669120)|HEAP_ALLOCATE|[53]|Bytes:1
14:52:23.0 (25682327)|HEAP_ALLOCATE|[53]|Bytes:1
14:52:23.0 (25691215)|HEAP_ALLOCATE|[53]|Bytes:4
14:52:23.0 (25698958)|HEAP_ALLOCATE|[53]|Bytes:1
14:52:23.0 (25710147)|HEAP_ALLOCATE|[53]|Bytes:1
14:52:23.0 (25718581)|HEAP_ALLOCATE|[53]|Bytes:4
14:52:23.0 (25729821)|HEAP_ALLOCATE|[EXTERNAL]|Bytes:4
14:52:23.0 (25736705)|HEAP_ALLOCATE|[51]|Bytes:4
14:52:23.0 (25742726)|VARIABLE_ASSIGNMENT|[51]|j|30
14:52:23.0 (25745901)|STATEMENT_EXECUTE|[51]
14:52:23.0 (25748201)|STATEMENT_EXECUTE|[54]
14:52:23.0 (25749517)|STATEMENT_EXECUTE|[55]
14:52:23.0 (25762952)|HEAP_ALLOCATE|[55]|Bytes:1
14:52:23.0 (25776997)|HEAP_ALLOCATE|[55]|Bytes:2
14:52:23.0 (25786990)|HEAP_ALLOCATE|[55]|Bytes:4
14:52:23.0 (25796594)|HEAP_ALLOCATE|[55]|Bytes:1
14:52:23.0 (25807896)|HEAP_ALLOCATE|[55]|Bytes:2
14:52:23.0 (25813438)|HEAP_ALLOCATE|[55]|Bytes:4
14:52:23.0 (25820441)|HEAP_ALLOCATE|[EXTERNAL]|Bytes:4
14:52:23.0 (25824656)|HEAP_ALLOCATE|[51]|Bytes:4
14:52:23.0 (25829021)|VARIABLE_ASSIGNMENT|[51]|j|60
14:52:23.0 (25831635)|HEAP_ALLOCATE|[50]|Bytes:4
14:52:23.0 (25834019)|VARIABLE_ASSIGNMENT|[50]|i|3
14:52:23.0 (25835955)|STATEMENT_EXECUTE|[50]
14:52:23.0 (25837405)|STATEMENT_EXECUTE|[51]
14:52:23.0 (25839346)|VARIABLE_SCOPE_BEGIN|[51]|j|Integer|false|false
14:52:23.0 (25841481)|HEAP_ALLOCATE|[51]|Bytes:4
14:52:23.0 (25843722)|VARIABLE_ASSIGNMENT|[51]|j|0
14:52:23.0 (25845178)|STATEMENT_EXECUTE|[51]
14:52:23.0 (25846531)|STATEMENT_EXECUTE|[52]
14:52:23.0 (25854587)|STATEMENT_EXECUTE|[53]
14:52:23.0 (25862272)|HEAP_ALLOCATE|[53]|Bytes:1
14:52:23.0 (25870301)|HEAP_ALLOCATE|[53]|Bytes:1
14:52:23.0 (25875283)|HEAP_ALLOCATE|[53]|Bytes:4
14:52:23.0 (25879808)|HEAP_ALLOCATE|[53]|Bytes:1
14:52:23.0 (25887019)|HEAP_ALLOCATE|[53]|Bytes:1
14:52:23.0 (25891719)|HEAP_ALLOCATE|[53]|Bytes:4
14:52:23.0 (25896934)|HEAP_ALLOCATE|[EXTERNAL]|Bytes:4
14:52:23.0 (25900649)|HEAP_ALLOCATE|[51]|Bytes:4
14:52:23.0 (25904012)|VARIABLE_ASSIGNMENT|[51]|j|30
14:52:23.0 (25905986)|STATEMENT_EXECUTE|[51]
14:52:23.0 (25907282)|STATEMENT_EXECUTE|[54]
14:52:23.0 (25908257)|STATEMENT_EXECUTE|[55]
14:52:23.0 (25913964)|HEAP_ALLOCATE|[55]|Bytes:1
14:52:23.0 (25921281)|HEAP_ALLOCATE|[55]|Bytes:2
14:52:23.0 (25926151)|HEAP_ALLOCATE|[55]|Bytes:4
14:52:23.0 (25930627)|HEAP_ALLOCATE|[55]|Bytes:1
14:52:23.0 (25937512)|HEAP_ALLOCATE|[55]|Bytes:2
14:52:23.0 (25942296)|HEAP_ALLOCATE|[55]|Bytes:4
14:52:23.0 (25946510)|HEAP_ALLOCATE|[EXTERNAL]|Bytes:4
14:52:23.0 (25949798)|HEAP_ALLOCATE|[51]|Bytes:4
14:52:23.0 (25952549)|VARIABLE_ASSIGNMENT|[51]|j|60
14:52:23.0 (25954293)|HEAP_ALLOCATE|[50]|Bytes:4
14:52:23.0 (25956607)|VARIABLE_ASSIGNMENT|[50]|i|4
14:52:23.0 (25958305)|STATEMENT_EXECUTE|[50]
14:52:23.0 (25959556)|STATEMENT_EXECUTE|[51]
14:52:23.0 (25961283)|VARIABLE_SCOPE_BEGIN|[51]|j|Integer|false|false
14:52:23.0 (25962942)|HEAP_ALLOCATE|[51]|Bytes:4
14:52:23.0 (25965089)|VARIABLE_ASSIGNMENT|[51]|j|0
14:52:23.0 (25966504)|STATEMENT_EXECUTE|[51]
14:52:23.0 (25967787)|STATEMENT_EXECUTE|[52]
14:52:23.0 (25968740)|STATEMENT_EXECUTE|[53]
14:52:23.0 (25974413)|HEAP_ALLOCATE|[53]|Bytes:1
14:52:23.0 (25981682)|HEAP_ALLOCATE|[53]|Bytes:1
14:52:23.0 (25986650)|HEAP_ALLOCATE|[53]|Bytes:4
14:52:23.0 (25991193)|HEAP_ALLOCATE|[53]|Bytes:1
14:52:23.0 (25997929)|HEAP_ALLOCATE|[53]|Bytes:1
14:52:23.0 (26002595)|HEAP_ALLOCATE|[53]|Bytes:4
14:52:23.0 (26007688)|HEAP_ALLOCATE|[EXTERNAL]|Bytes:4
14:52:23.0 (26011225)|HEAP_ALLOCATE|[51]|Bytes:4
14:52:23.0 (26014119)|VARIABLE_ASSIGNMENT|[51]|j|30
14:52:23.0 (26015741)|STATEMENT_EXECUTE|[51]
14:52:23.0 (26017044)|STATEMENT_EXECUTE|[54]
14:52:23.0 (26017968)|STATEMENT_EXECUTE|[55]
14:52:23.0 (26023414)|HEAP_ALLOCATE|[55]|Bytes:1
14:52:23.0 (26030729)|HEAP_ALLOCATE|[55]|Bytes:2
14:52:23.0 (26035532)|HEAP_ALLOCATE|[55]|Bytes:4
14:52:23.0 (26040454)|HEAP_ALLOCATE|[55]|Bytes:1
14:52:23.0 (26047352)|HEAP_ALLOCATE|[55]|Bytes:2
14:52:23.0 (26052123)|HEAP_ALLOCATE|[55]|Bytes:4
14:52:23.0 (26056370)|HEAP_ALLOCATE|[EXTERNAL]|Bytes:4
14:52:23.0 (26059635)|HEAP_ALLOCATE|[51]|Bytes:4
14:52:23.0 (26062458)|VARIABLE_ASSIGNMENT|[51]|j|60
14:52:23.0 (26064197)|HEAP_ALLOCATE|[50]|Bytes:4
14:52:23.0 (26066405)|VARIABLE_ASSIGNMENT|[50]|i|5
14:52:23.0 (26067873)|STATEMENT_EXECUTE|[50]
14:52:23.0 (26069050)|STATEMENT_EXECUTE|[51]
14:52:23.0 (26070485)|VARIABLE_SCOPE_BEGIN|[51]|j|Integer|false|false
14:52:23.0 (26071928)|HEAP_ALLOCATE|[51]|Bytes:4
14:52:23.0 (26074138)|VARIABLE_ASSIGNMENT|[51]|j|0
14:52:23.0 (26075585)|STATEMENT_EXECUTE|[51]
14:52:23.0 (26076833)|STATEMENT_EXECUTE|[52]
14:52:23.0 (26077767)|STATEMENT_EXECUTE|[53]
14:52:23.0 (26083386)|HEAP_ALLOCATE|[53]|Bytes:1
14:52:23.0 (26090980)|HEAP_ALLOCATE|[53]|Bytes:1
14:52:23.0 (26096140)|HEAP_ALLOCATE|[53]|Bytes:4
14:52:23.0 (26100589)|HEAP_ALLOCATE|[53]|Bytes:1
14:52:23.0 (26107597)|HEAP_ALLOCATE|[53]|Bytes:1
14:52:23.0 (26112509)|HEAP_ALLOCATE|[53]|Bytes:4
14:52:23.0 (26116909)|HEAP_ALLOCATE|[EXTERNAL]|Bytes:4
14:52:23.0 (26120573)|HEAP_ALLOCATE|[51]|Bytes:4
14:52:23.0 (26123287)|VARIABLE_ASSIGNMENT|[51]|j|30
14:52:23.0 (26124870)|STATEMENT_EXECUTE|[51]
14:52:23.0 (26126281)|STATEMENT_EXECUTE|[54]
14:52:23.0 (26127197)|STATEMENT_EXECUTE|[55]
14:52:23.0 (26132550)|HEAP_ALLOCATE|[55]|Bytes:1
14:52:23.0 (26140018)|HEAP_ALLOCATE|[55]|Bytes:2
14:52:23.0 (26144793)|HEAP_ALLOCATE|[55]|Bytes:4
14:52:23.0 (26149309)|HEAP_ALLOCATE|[55]|Bytes:1
14:52:23.0 (26156074)|HEAP_ALLOCATE|[55]|Bytes:2
14:52:23.0 (26160669)|HEAP_ALLOCATE|[55]|Bytes:4
14:52:23.0 (26164954)|HEAP_ALLOCATE|[EXTERNAL]|Bytes:4
14:52:23.0 (26168247)|HEAP_ALLOCATE|[51]|Bytes:4
14:52:23.0 (26171042)|VARIABLE_ASSIGNMENT|[51]|j|60
14:52:23.0 (26172771)|HEAP_ALLOCATE|[50]|Bytes:4
14:52:23.0 (26174917)|VARIABLE_ASSIGNMENT|[50]|i|6
14:52:23.0 (26176411)|STATEMENT_EXECUTE|[50]
14:52:23.0 (26177644)|STATEMENT_EXECUTE|[51]
14:52:23.0 (26179063)|VARIABLE_SCOPE_BEGIN|[51]|j|Integer|false|false
14:52:23.0 (26181095)|HEAP_ALLOCATE|[51]|Bytes:4
14:52:23.0 (26183342)|VARIABLE_ASSIGNMENT|[51]|j|0
14:52:23.0 (26184751)|STATEMENT_EXECUTE|[51]
14:52:23.0 (26186046)|STATEMENT_EXECUTE|[52]
14:52:23.0 (26186982)|STATEMENT_EXECUTE|[53]
14:52:23.0 (26192590)|HEAP_ALLOCATE|[53]|Bytes:1
14:52:23.0 (26199858)|HEAP_ALLOCATE|[53]|Bytes:1
14:52:23.0 (26204683)|HEAP_ALLOCATE|[53]|Bytes:4
14:52:23.0 (26209119)|HEAP_ALLOCATE|[53]|Bytes:1
14:52:23.0 (26216018)|HEAP_ALLOCATE|[53]|Bytes:1
14:52:23.0 (26220700)|HEAP_ALLOCATE|[53]|Bytes:4
14:52:23.0 (26225031)|HEAP_ALLOCATE|[EXTERNAL]|Bytes:4
14:52:23.0 (26228350)|HEAP_ALLOCATE|[51]|Bytes:4
14:52:23.0 (26231138)|VARIABLE_ASSIGNMENT|[51]|j|30
14:52:23.0 (26232748)|STATEMENT_EXECUTE|[51]
14:52:23.0 (26234039)|STATEMENT_EXECUTE|[54]
14:52:23.0 (26234978)|STATEMENT_EXECUTE|[55]
14:52:23.0 (26240456)|HEAP_ALLOCATE|[55]|Bytes:1
14:52:23.0 (26247750)|HEAP_ALLOCATE|[55]|Bytes:2
14:52:23.0 (26252541)|HEAP_ALLOCATE|[55]|Bytes:4
14:52:23.0 (26257207)|HEAP_ALLOCATE|[55]|Bytes:1
14:52:23.0 (26264016)|HEAP_ALLOCATE|[55]|Bytes:2
14:52:23.0 (26268699)|HEAP_ALLOCATE|[55]|Bytes:4
14:52:23.0 (26273007)|HEAP_ALLOCATE|[EXTERNAL]|Bytes:4
14:52:23.0 (26276325)|HEAP_ALLOCATE|[51]|Bytes:4
14:52:23.0 (26279202)|VARIABLE_ASSIGNMENT|[51]|j|60
14:52:23.0 (26280932)|HEAP_ALLOCATE|[50]|Bytes:4
14:52:23.0 (26283157)|VARIABLE_ASSIGNMENT|[50]|i|7
14:52:23.0 (26284706)|STATEMENT_EXECUTE|[50]
14:52:23.0 (26285923)|STATEMENT_EXECUTE|[51]
14:52:23.0 (26287440)|VARIABLE_SCOPE_BEGIN|[51]|j|Integer|false|false
14:52:23.0 (26288872)|HEAP_ALLOCATE|[51]|Bytes:4
14:52:23.0 (26291125)|VARIABLE_ASSIGNMENT|[51]|j|0
14:52:23.0 (26292547)|STATEMENT_EXECUTE|[51]
14:52:23.0 (26293854)|STATEMENT_EXECUTE|[52]
14:52:23.0 (26294791)|STATEMENT_EXECUTE|[53]
14:52:23.0 (26300399)|HEAP_ALLOCATE|[53]|Bytes:1
14:52:23.0 (26307710)|HEAP_ALLOCATE|[53]|Bytes:1
14:52:23.0 (26312489)|HEAP_ALLOCATE|[53]|Bytes:4
14:52:23.0 (26317093)|HEAP_ALLOCATE|[53]|Bytes:1
14:52:23.0 (26323923)|HEAP_ALLOCATE|[53]|Bytes:1
14:52:23.0 (26329019)|HEAP_ALLOCATE|[53]|Bytes:4
14:52:23.0 (26333439)|HEAP_ALLOCATE|[EXTERNAL]|Bytes:4
14:52:23.0 (26336682)|HEAP_ALLOCATE|[51]|Bytes:4
14:52:23.0 (26339418)|VARIABLE_ASSIGNMENT|[51]|j|30
14:52:23.0 (26341024)|STATEMENT_EXECUTE|[51]
14:52:23.0 (26342321)|STATEMENT_EXECUTE|[54]
14:52:23.0 (26343246)|STATEMENT_EXECUTE|[55]
14:52:23.0 (26348672)|HEAP_ALLOCATE|[55]|Bytes:1
14:52:23.0 (26356007)|HEAP_ALLOCATE|[55]|Bytes:2
14:52:23.0 (26360805)|HEAP_ALLOCATE|[55]|Bytes:4
14:52:23.0 (26365215)|HEAP_ALLOCATE|[55]|Bytes:1
14:52:23.0 (26372074)|HEAP_ALLOCATE|[55]|Bytes:2
14:52:23.0 (26376812)|HEAP_ALLOCATE|[55]|Bytes:4
14:52:23.0 (26381404)|HEAP_ALLOCATE|[EXTERNAL]|Bytes:4
14:52:23.0 (26384816)|HEAP_ALLOCATE|[51]|Bytes:4
14:52:23.0 (26387562)|VARIABLE_ASSIGNMENT|[51]|j|60
14:52:23.0 (26389269)|HEAP_ALLOCATE|[50]|Bytes:4
14:52:23.0 (26391488)|VARIABLE_ASSIGNMENT|[50]|i|8
14:52:23.0 (26393022)|STATEMENT_EXECUTE|[50]
14:52:23.0 (26394250)|STATEMENT_EXECUTE|[51]
14:52:23.0 (26395777)|VARIABLE_SCOPE_BEGIN|[51]|j|Integer|false|false
14:52:23.0 (26397470)|HEAP_ALLOCATE|[51]|Bytes:4
14:52:23.0 (26399697)|VARIABLE_ASSIGNMENT|[51]|j|0
14:52:23.0 (26401112)|STATEMENT_EXECUTE|[51]
14:52:23.0 (26402374)|STATEMENT_EXECUTE|[52]
14:52:23.0 (26403312)|STATEMENT_EXECUTE|[53]
14:52:23.0 (26408858)|HEAP_ALLOCATE|[53]|Bytes:1
14:52:23.0 (26416110)|HEAP_ALLOCATE|[53]|Bytes:1
14:52:23.0 (26420866)|HEAP_ALLOCATE|[53]|Bytes:4
14:52:23.0 (26425331)|HEAP_ALLOCATE|[53]|Bytes:1
14:52:23.0 (26432511)|HEAP_ALLOCATE|[53]|Bytes:1
14:52:23.0 (26437077)|HEAP_ALLOCATE|[53]|Bytes:4
14:52:23.0 (26441490)|HEAP_ALLOCATE|[EXTERNAL]|Bytes:4
14:52:23.0 (26444786)|HEAP_ALLOCATE|[51]|Bytes:4
14:52:23.0 (26447602)|VARIABLE_ASSIGNMENT|[51]|j|30
14:52:23.0 (26449175)|STATEMENT_EXECUTE|[51]
14:52:23.0 (26450506)|STATEMENT_EXECUTE|[54]
14:52:23.0 (26451433)|STATEMENT_EXECUTE|[55]
14:52:23.0 (26456779)|HEAP_ALLOCATE|[55]|Bytes:1
14:52:23.0 (26463989)|HEAP_ALLOCATE|[55]|Bytes:2
14:52:23.0 (26468769)|HEAP_ALLOCATE|[55]|Bytes:4
14:52:23.0 (26473219)|HEAP_ALLOCATE|[55]|Bytes:1
14:52:23.0 (26480383)|HEAP_ALLOCATE|[55]|Bytes:2
14:52:23.0 (26485174)|HEAP_ALLOCATE|[55]|Bytes:4
14:52:23.0 (26489557)|HEAP_ALLOCATE|[EXTERNAL]|Bytes:4
14:52:23.0 (26492806)|HEAP_ALLOCATE|[51]|Bytes:4
14:52:23.0 (26495528)|VARIABLE_ASSIGNMENT|[51]|j|60
14:52:23.0 (26497193)|HEAP_ALLOCATE|[50]|Bytes:4
14:52:23.0 (26499435)|VARIABLE_ASSIGNMENT|[50]|i|9
14:52:23.0 (26500952)|STATEMENT_EXECUTE|[50]
14:52:23.0 (26502137)|STATEMENT_EXECUTE|[51]
14:52:23.0 (26503675)|VARIABLE_SCOPE_BEGIN|[51]|j|Integer|false|false
14:52:23.0 (26505057)|HEAP_ALLOCATE|[51]|Bytes:4
14:52:23.0 (26507275)|VARIABLE_ASSIGNMENT|[51]|j|0
14:52:23.0 (26508697)|STATEMENT_EXECUTE|[51]
14:52:23.0 (26509973)|STATEMENT_EXECUTE|[52]
14:52:23.0 (26510941)|STATEMENT_EXECUTE|[53]
14:52:23.0 (26516405)|HEAP_ALLOCATE|[53]|Bytes:1
14:52:23.0 (26523554)|HEAP_ALLOCATE|[53]|Bytes:1
14:52:23.0 (26528344)|HEAP_ALLOCATE|[53]|Bytes:4
14:52:23.0 (26532840)|HEAP_ALLOCATE|[53]|Bytes:1
14:52:23.0 (26539734)|HEAP_ALLOCATE|[53]|Bytes:1
14:52:23.0 (26544905)|HEAP_ALLOCATE|[53]|Bytes:4
14:52:23.0 (26549359)|HEAP_ALLOCATE|[EXTERNAL]|Bytes:4
14:52:23.0 (26552606)|HEAP_ALLOCATE|[51]|Bytes:4
14:52:23.0 (26555368)|VARIABLE_ASSIGNMENT|[51]|j|30
14:52:23.0 (26557023)|STATEMENT_EXECUTE|[51]
14:52:23.0 (26558300)|STATEMENT_EXECUTE|[54]
14:52:23.0 (26559234)|STATEMENT_EXECUTE|[55]
14:52:23.0 (26564677)|HEAP_ALLOCATE|[55]|Bytes:1
14:52:23.0 (26571950)|HEAP_ALLOCATE|[55]|Bytes:2
14:52:23.0 (26576844)|HEAP_ALLOCATE|[55]|Bytes:4
14:52:23.0 (26581360)|HEAP_ALLOCATE|[55]|Bytes:1
14:52:23.0 (26588244)|HEAP_ALLOCATE|[55]|Bytes:2
14:52:23.0 (26593002)|HEAP_ALLOCATE|[55]|Bytes:4
14:52:23.0 (26598996)|HEAP_ALLOCATE|[EXTERNAL]|Bytes:4
14:52:23.0 (26604245)|HEAP_ALLOCATE|[51]|Bytes:4
14:52:23.0 (26608918)|VARIABLE_ASSIGNMENT|[51]|j|60
14:52:23.0 (26612040)|HEAP_ALLOCATE|[50]|Bytes:4
14:52:23.0 (26615606)|VARIABLE_ASSIGNMENT|[50]|i|10
14:52:23.0 (26618419)|STATEMENT_EXECUTE|[50]
14:52:23.0 (26620354)|STATEMENT_EXECUTE|[51]
14:52:23.0 (26623137)|VARIABLE_SCOPE_BEGIN|[51]|j|Integer|false|false
14:52:23.0 (26626110)|HEAP_ALLOCATE|[51]|Bytes:4
14:52:23.0 (26629764)|VARIABLE_ASSIGNMENT|[51]|j|0
14:52:23.0 (26632223)|STATEMENT_EXECUTE|[51]
14:52:23.0 (26634197)|STATEMENT_EXECUTE|[52]
14:52:23.0 (26635625)|STATEMENT_EXECUTE|[53]
14:52:23.0 (26648774)|HEAP_ALLOCATE|[53]|Bytes:2
14:52:23.0 (26661789)|HEAP_ALLOCATE|[53]|Bytes:1
14:52:23.0 (26670085)|HEAP_ALLOCATE|[53]|Bytes:5
14:52:23.0 (26677548)|HEAP_ALLOCATE|[53]|Bytes:2
14:52:23.0 (26688533)|HEAP_ALLOCATE|[53]|Bytes:1
14:52:23.0 (26696433)|HEAP_ALLOCATE|[53]|Bytes:5
14:52:23.0 (26705292)|HEAP_ALLOCATE|[EXTERNAL]|Bytes:4
14:52:23.0 (26711578)|HEAP_ALLOCATE|[51]|Bytes:4
14:52:23.0 (26716804)|VARIABLE_ASSIGNMENT|[51]|j|30
14:52:23.0 (26719830)|STATEMENT_EXECUTE|[51]
14:52:23.0 (26721814)|STATEMENT_EXECUTE|[54]
14:52:23.0 (26723331)|STATEMENT_EXECUTE|[55]
14:52:23.0 (26732891)|HEAP_ALLOCATE|[55]|Bytes:2
14:52:23.0 (26743976)|HEAP_ALLOCATE|[55]|Bytes:2
14:52:23.0 (26751084)|HEAP_ALLOCATE|[55]|Bytes:5
14:52:23.0 (26757975)|HEAP_ALLOCATE|[55]|Bytes:2
14:52:23.0 (26768866)|HEAP_ALLOCATE|[55]|Bytes:2
14:52:23.0 (26776791)|HEAP_ALLOCATE|[55]|Bytes:5
14:52:23.0 (26784361)|HEAP_ALLOCATE|[EXTERNAL]|Bytes:4
14:52:23.0 (26789928)|HEAP_ALLOCATE|[51]|Bytes:4
14:52:23.0 (26795115)|VARIABLE_ASSIGNMENT|[51]|j|60
14:52:23.0 (26798699)|HEAP_ALLOCATE|[50]|Bytes:4
14:52:23.0 (26802588)|VARIABLE_ASSIGNMENT|[50]|i|11
14:52:23.0 (26805323)|STATEMENT_EXECUTE|[50]
14:52:23.0 (26807221)|STATEMENT_EXECUTE|[51]
14:52:23.0 (26809855)|VARIABLE_SCOPE_BEGIN|[51]|j|Integer|false|false
14:52:23.0 (26812451)|HEAP_ALLOCATE|[51]|Bytes:4
14:52:23.0 (26815921)|VARIABLE_ASSIGNMENT|[51]|j|0
14:52:23.0 (26818277)|STATEMENT_EXECUTE|[51]
14:52:23.0 (26820293)|STATEMENT_EXECUTE|[52]
14:52:23.0 (26821734)|STATEMENT_EXECUTE|[53]
14:52:23.0 (26835295)|HEAP_ALLOCATE|[53]|Bytes:2
14:52:23.0 (26848933)|HEAP_ALLOCATE|[53]|Bytes:1
14:52:23.0 (26863629)|HEAP_ALLOCATE|[53]|Bytes:5
14:52:23.0 (26872708)|HEAP_ALLOCATE|[53]|Bytes:2
14:52:23.0 (26885133)|HEAP_ALLOCATE|[53]|Bytes:1
14:52:23.0 (26892823)|HEAP_ALLOCATE|[53]|Bytes:5
14:52:23.0 (26899909)|HEAP_ALLOCATE|[EXTERNAL]|Bytes:4
14:52:23.0 (26904617)|HEAP_ALLOCATE|[51]|Bytes:4
14:52:23.0 (26909198)|VARIABLE_ASSIGNMENT|[51]|j|30
14:52:23.0 (26911602)|STATEMENT_EXECUTE|[51]
14:52:23.0 (26913140)|STATEMENT_EXECUTE|[54]
14:52:23.0 (26914090)|STATEMENT_EXECUTE|[55]
14:52:23.0 (26920609)|HEAP_ALLOCATE|[55]|Bytes:2
14:52:23.0 (26928101)|HEAP_ALLOCATE|[55]|Bytes:2
14:52:23.0 (26932971)|HEAP_ALLOCATE|[55]|Bytes:5
14:52:23.0 (26937595)|HEAP_ALLOCATE|[55]|Bytes:2
14:52:23.0 (26944399)|HEAP_ALLOCATE|[55]|Bytes:2
14:52:23.0 (26949112)|HEAP_ALLOCATE|[55]|Bytes:5
14:52:23.0 (26953478)|HEAP_ALLOCATE|[EXTERNAL]|Bytes:4
14:52:23.0 (26956801)|HEAP_ALLOCATE|[51]|Bytes:4
14:52:23.0 (26959848)|VARIABLE_ASSIGNMENT|[51]|j|60
14:52:23.0 (26961900)|HEAP_ALLOCATE|[50]|Bytes:4
14:52:23.0 (26964202)|VARIABLE_ASSIGNMENT|[50]|i|12
14:52:23.0 (26965797)|STATEMENT_EXECUTE|[50]
14:52:23.0 (26967237)|STATEMENT_EXECUTE|[51]
14:52:23.0 (26968918)|VARIABLE_SCOPE_BEGIN|[51]|j|Integer|false|false
14:52:23.0 (26971003)|HEAP_ALLOCATE|[51]|Bytes:4
14:52:23.0 (26973181)|VARIABLE_ASSIGNMENT|[51]|j|0
14:52:23.0 (26974600)|STATEMENT_EXECUTE|[51]
14:52:23.0 (26975862)|STATEMENT_EXECUTE|[52]
14:52:23.0 (26976855)|STATEMENT_EXECUTE|[53]
14:52:23.0 (26982588)|HEAP_ALLOCATE|[53]|Bytes:2
14:52:23.0 (26989917)|HEAP_ALLOCATE|[53]|Bytes:1
14:52:23.0 (26994808)|HEAP_ALLOCATE|[53]|Bytes:5
14:52:23.0 (26999382)|HEAP_ALLOCATE|[53]|Bytes:2
14:52:23.0 (27006141)|HEAP_ALLOCATE|[53]|Bytes:1
14:52:23.0 (27011657)|HEAP_ALLOCATE|[53]|Bytes:5
14:52:23.0 (27016383)|HEAP_ALLOCATE|[EXTERNAL]|Bytes:4
14:52:23.0 (27019718)|HEAP_ALLOCATE|[51]|Bytes:4
14:52:23.0 (27022470)|VARIABLE_ASSIGNMENT|[51]|j|30
14:52:23.0 (27024000)|STATEMENT_EXECUTE|[51]
14:52:23.0 (27025296)|STATEMENT_EXECUTE|[54]
14:52:23.0 (27026220)|STATEMENT_EXECUTE|[55]
14:52:23.0 (27031698)|HEAP_ALLOCATE|[55]|Bytes:2
14:52:23.0 (27039075)|HEAP_ALLOCATE|[55]|Bytes:2
14:52:23.0 (27043898)|HEAP_ALLOCATE|[55]|Bytes:5
14:52:23.0 (27048479)|HEAP_ALLOCATE|[55]|Bytes:2
14:52:23.0 (27055496)|HEAP_ALLOCATE|[55]|Bytes:2
14:52:23.0 (27060217)|HEAP_ALLOCATE|[55]|Bytes:5
14:52:23.0 (27064678)|HEAP_ALLOCATE|[EXTERNAL]|Bytes:4
14:52:23.0 (27067908)|HEAP_ALLOCATE|[51]|Bytes:4
14:52:23.0 (27070625)|VARIABLE_ASSIGNMENT|[51]|j|60
14:52:23.0 (27072317)|HEAP_ALLOCATE|[50]|Bytes:4
14:52:23.0 (27074588)|VARIABLE_ASSIGNMENT|[50]|i|13
14:52:23.0 (27076133)|STATEMENT_EXECUTE|[50]
14:52:23.0 (27077379)|STATEMENT_EXECUTE|[51]
14:52:23.0 (27078912)|VARIABLE_SCOPE_BEGIN|[51]|j|Integer|false|false
14:52:23.0 (27080478)|HEAP_ALLOCATE|[51]|Bytes:4
14:52:23.0 (27082705)|VARIABLE_ASSIGNMENT|[51]|j|0
14:52:23.0 (27084118)|STATEMENT_EXECUTE|[51]
14:52:23.0 (27085370)|STATEMENT_EXECUTE|[52]
14:52:23.0 (27086323)|STATEMENT_EXECUTE|[53]
14:52:23.0 (27092549)|HEAP_ALLOCATE|[53]|Bytes:2
14:52:23.0 (27104726)|HEAP_ALLOCATE|[53]|Bytes:1
14:52:23.0 (27113265)|HEAP_ALLOCATE|[53]|Bytes:5
14:52:23.0 (27121624)|HEAP_ALLOCATE|[53]|Bytes:2
14:52:23.0 (27133029)|HEAP_ALLOCATE|[53]|Bytes:1
14:52:23.0 (27141176)|HEAP_ALLOCATE|[53]|Bytes:5
14:52:23.0 (27151108)|HEAP_ALLOCATE|[EXTERNAL]|Bytes:4
14:52:23.0 (27157447)|HEAP_ALLOCATE|[51]|Bytes:4
14:52:23.0 (27163353)|VARIABLE_ASSIGNMENT|[51]|j|30
14:52:23.0 (27166901)|STATEMENT_EXECUTE|[51]
14:52:23.0 (27169164)|STATEMENT_EXECUTE|[54]
14:52:23.0 (27170571)|STATEMENT_EXECUTE|[55]
14:52:23.0 (27183136)|HEAP_ALLOCATE|[55]|Bytes:2
14:52:23.0 (27196664)|HEAP_ALLOCATE|[55]|Bytes:2
14:52:23.0 (27205390)|HEAP_ALLOCATE|[55]|Bytes:5
14:52:23.0 (27214155)|HEAP_ALLOCATE|[55]|Bytes:2
14:52:23.0 (27226032)|HEAP_ALLOCATE|[55]|Bytes:2
14:52:23.0 (27233831)|HEAP_ALLOCATE|[55]|Bytes:5
14:52:23.0 (27242564)|HEAP_ALLOCATE|[EXTERNAL]|Bytes:4
14:52:23.0 (27248373)|HEAP_ALLOCATE|[51]|Bytes:4
14:52:23.0 (27253710)|VARIABLE_ASSIGNMENT|[51]|j|60
14:52:23.0 (27257524)|HEAP_ALLOCATE|[50]|Bytes:4
14:52:23.0 (27261109)|VARIABLE_ASSIGNMENT|[50]|i|14
14:52:23.0 (27264298)|STATEMENT_EXECUTE|[50]
14:52:23.0 (27266463)|STATEMENT_EXECUTE|[51]
14:52:23.0 (27269259)|VARIABLE_SCOPE_BEGIN|[51]|j|Integer|false|false
14:52:23.0 (27272437)|HEAP_ALLOCATE|[51]|Bytes:4
14:52:23.0 (27276009)|VARIABLE_ASSIGNMENT|[51]|j|0
14:52:23.0 (27278576)|STATEMENT_EXECUTE|[51]
14:52:23.0 (27280501)|STATEMENT_EXECUTE|[52]
14:52:23.0 (27282061)|STATEMENT_EXECUTE|[53]
14:52:23.0 (27295545)|HEAP_ALLOCATE|[53]|Bytes:2
14:52:23.0 (27309386)|HEAP_ALLOCATE|[53]|Bytes:1
14:52:23.0 (27317520)|HEAP_ALLOCATE|[53]|Bytes:5
14:52:23.0 (27325448)|HEAP_ALLOCATE|[53]|Bytes:2
14:52:23.0 (27337804)|HEAP_ALLOCATE|[53]|Bytes:1
14:52:23.0 (27346021)|HEAP_ALLOCATE|[53]|Bytes:5
14:52:23.0 (27355779)|HEAP_ALLOCATE|[EXTERNAL]|Bytes:4
14:52:23.0 (27362763)|HEAP_ALLOCATE|[51]|Bytes:4
14:52:23.0 (27369053)|VARIABLE_ASSIGNMENT|[51]|j|30
14:52:23.0 (27372545)|STATEMENT_EXECUTE|[51]
14:52:23.0 (27374634)|STATEMENT_EXECUTE|[54]
14:52:23.0 (27376031)|STATEMENT_EXECUTE|[55]
14:52:23.0 (27388716)|HEAP_ALLOCATE|[55]|Bytes:2
14:52:23.0 (27398623)|HEAP_ALLOCATE|[55]|Bytes:2
14:52:23.0 (27403900)|HEAP_ALLOCATE|[55]|Bytes:5
14:52:23.0 (27408521)|HEAP_ALLOCATE|[55]|Bytes:2
14:52:23.0 (27415736)|HEAP_ALLOCATE|[55]|Bytes:2
14:52:23.0 (27420412)|HEAP_ALLOCATE|[55]|Bytes:5
14:52:23.0 (27426000)|HEAP_ALLOCATE|[EXTERNAL]|Bytes:4
14:52:23.0 (27429647)|HEAP_ALLOCATE|[51]|Bytes:4
14:52:23.0 (27433192)|VARIABLE_ASSIGNMENT|[51]|j|60
14:52:23.0 (27435568)|HEAP_ALLOCATE|[50]|Bytes:4
14:52:23.0 (27437899)|VARIABLE_ASSIGNMENT|[50]|i|15
14:52:23.0 (27439715)|STATEMENT_EXECUTE|[50]
14:52:23.0 (27441174)|STATEMENT_EXECUTE|[51]
14:52:23.0 (27442886)|VARIABLE_SCOPE_BEGIN|[51]|j|Integer|false|false
14:52:23.0 (27444782)|HEAP_ALLOCATE|[51]|Bytes:4
14:52:23.0 (27446966)|VARIABLE_ASSIGNMENT|[51]|j|0
14:52:23.0 (27448453)|STATEMENT_EXECUTE|[51]
14:52:23.0 (27449825)|STATEMENT_EXECUTE|[52]
14:52:23.0 (27450794)|STATEMENT_EXECUTE|[53]
14:52:23.0 (27456884)|HEAP_ALLOCATE|[53]|Bytes:2
14:52:23.0 (27464271)|HEAP_ALLOCATE|[53]|Bytes:1
14:52:23.0 (27469115)|HEAP_ALLOCATE|[53]|Bytes:5
14:52:23.0 (27473713)|HEAP_ALLOCATE|[53]|Bytes:2
14:52:23.0 (27480503)|HEAP_ALLOCATE|[53]|Bytes:1
14:52:23.0 (27485227)|HEAP_ALLOCATE|[53]|Bytes:5
14:52:23.0 (27490252)|HEAP_ALLOCATE|[EXTERNAL]|Bytes:4
14:52:23.0 (27493738)|HEAP_ALLOCATE|[51]|Bytes:4
14:52:23.0 (27496491)|VARIABLE_ASSIGNMENT|[51]|j|30
14:52:23.0 (27498138)|STATEMENT_EXECUTE|[51]
14:52:23.0 (27499574)|STATEMENT_EXECUTE|[54]
14:52:23.0 (27500513)|STATEMENT_EXECUTE|[55]
14:52:23.0 (27505966)|HEAP_ALLOCATE|[55]|Bytes:2
14:52:23.0 (27513265)|HEAP_ALLOCATE|[55]|Bytes:2
14:52:23.0 (27518153)|HEAP_ALLOCATE|[55]|Bytes:5
14:52:23.0 (27522638)|HEAP_ALLOCATE|[55]|Bytes:2
14:52:23.0 (27529407)|HEAP_ALLOCATE|[55]|Bytes:2
14:52:23.0 (27534026)|HEAP_ALLOCATE|[55]|Bytes:5
14:52:23.0 (27538333)|HEAP_ALLOCATE|[EXTERNAL]|Bytes:4
14:52:23.0 (27541578)|HEAP_ALLOCATE|[51]|Bytes:4
14:52:23.0 (27544222)|VARIABLE_ASSIGNMENT|[51]|j|60
14:52:23.0 (27546054)|HEAP_ALLOCATE|[50]|Bytes:4
14:52:23.0 (27548265)|VARIABLE_ASSIGNMENT|[50]|i|16
14:52:23.0 (27549846)|STATEMENT_EXECUTE|[50]
14:52:23.0 (27551073)|STATEMENT_EXECUTE|[51]
14:52:23.0 (27552560)|VARIABLE_SCOPE_BEGIN|[51]|j|Integer|false|false
14:52:23.0 (27554517)|HEAP_ALLOCATE|[51]|Bytes:4
14:52:23.0 (27556729)|VARIABLE_ASSIGNMENT|[51]|j|0
14:52:23.0 (27558213)|STATEMENT_EXECUTE|[51]
14:52:23.0 (27559461)|STATEMENT_EXECUTE|[52]
14:52:23.0 (27560398)|STATEMENT_EXECUTE|[53]
14:52:23.0 (27565877)|HEAP_ALLOCATE|[53]|Bytes:2
14:52:23.0 (27573173)|HEAP_ALLOCATE|[53]|Bytes:1
14:52:23.0 (27577978)|HEAP_ALLOCATE|[53]|Bytes:5
14:52:23.0 (27582539)|HEAP_ALLOCATE|[53]|Bytes:2
14:52:23.0 (27589378)|HEAP_ALLOCATE|[53]|Bytes:1
14:52:23.0 (27594204)|HEAP_ALLOCATE|[53]|Bytes:5
14:52:23.0 (27598584)|HEAP_ALLOCATE|[EXTERNAL]|Bytes:4
14:52:23.0 (27601951)|HEAP_ALLOCATE|[51]|Bytes:4
14:52:23.0 (27604702)|VARIABLE_ASSIGNMENT|[51]|j|30
14:52:23.0 (27606306)|STATEMENT_EXECUTE|[51]
14:52:23.0 (27607649)|STATEMENT_EXECUTE|[54]
14:52:23.0 (27608580)|STATEMENT_EXECUTE|[55]
14:52:23.0 (27613931)|HEAP_ALLOCATE|[55]|Bytes:2
14:52:23.0 (27621270)|HEAP_ALLOCATE|[55]|Bytes:2
14:52:23.0 (27626099)|HEAP_ALLOCATE|[55]|Bytes:5
14:52:23.0 (27630681)|HEAP_ALLOCATE|[55]|Bytes:2
14:52:23.0 (27637685)|HEAP_ALLOCATE|[55]|Bytes:2
14:52:23.0 (27642436)|HEAP_ALLOCATE|[55]|Bytes:5
14:52:23.0 (27646917)|HEAP_ALLOCATE|[EXTERNAL]|Bytes:4
14:52:23.0 (27650340)|HEAP_ALLOCATE|[51]|Bytes:4
14:52:23.0 (27653039)|VARIABLE_ASSIGNMENT|[51]|j|60
14:52:23.0 (27654765)|HEAP_ALLOCATE|[50]|Bytes:4
14:52:23.0 (27657047)|VARIABLE_ASSIGNMENT|[50]|i|17
14:52:23.0 (27658656)|STATEMENT_EXECUTE|[50]
14:52:23.0 (27659960)|STATEMENT_EXECUTE|[51]
14:52:23.0 (27661412)|VARIABLE_SCOPE_BEGIN|[51]|j|Integer|false|false
14:52:23.0 (27662813)|HEAP_ALLOCATE|[51]|Bytes:4
14:52:23.0 (27665006)|VARIABLE_ASSIGNMENT|[51]|j|0
14:52:23.0 (27666438)|STATEMENT_EXECUTE|[51]
14:52:23.0 (27667720)|STATEMENT_EXECUTE|[52]
14:52:23.0 (27668681)|STATEMENT_EXECUTE|[53]
14:52:23.0 (27674072)|HEAP_ALLOCATE|[53]|Bytes:2
14:52:23.0 (27681437)|HEAP_ALLOCATE|[53]|Bytes:1
14:52:23.0 (27686255)|HEAP_ALLOCATE|[53]|Bytes:5
14:52:23.0 (27690806)|HEAP_ALLOCATE|[53]|Bytes:2
14:52:23.0 (27697701)|HEAP_ALLOCATE|[53]|Bytes:1
14:52:23.0 (27702497)|HEAP_ALLOCATE|[53]|Bytes:5
14:52:23.0 (27706983)|HEAP_ALLOCATE|[EXTERNAL]|Bytes:4
14:52:23.0 (27710286)|HEAP_ALLOCATE|[51]|Bytes:4
14:52:23.0 (27713076)|VARIABLE_ASSIGNMENT|[51]|j|30
14:52:23.0 (27714693)|STATEMENT_EXECUTE|[51]
14:52:23.0 (27715998)|STATEMENT_EXECUTE|[54]
14:52:23.0 (27716917)|STATEMENT_EXECUTE|[55]
14:52:23.0 (27722311)|HEAP_ALLOCATE|[55]|Bytes:2
14:52:23.0 (27729627)|HEAP_ALLOCATE|[55]|Bytes:2
14:52:23.0 (27734401)|HEAP_ALLOCATE|[55]|Bytes:5
14:52:23.0 (27738950)|HEAP_ALLOCATE|[55]|Bytes:2
14:52:23.0 (27745738)|HEAP_ALLOCATE|[55]|Bytes:2
14:52:23.0 (27750532)|HEAP_ALLOCATE|[55]|Bytes:5
14:52:23.0 (27754877)|HEAP_ALLOCATE|[EXTERNAL]|Bytes:4
14:52:23.0 (27758100)|HEAP_ALLOCATE|[51]|Bytes:4
14:52:23.0 (27760790)|VARIABLE_ASSIGNMENT|[51]|j|60
14:52:23.0 (27762731)|HEAP_ALLOCATE|[50]|Bytes:4
14:52:23.0 (27765006)|VARIABLE_ASSIGNMENT|[50]|i|18
14:52:23.0 (27766579)|STATEMENT_EXECUTE|[50]
14:52:23.0 (27768236)|STATEMENT_EXECUTE|[51]
14:52:23.0 (27770640)|VARIABLE_SCOPE_BEGIN|[51]|j|Integer|false|false
14:52:23.0 (27773286)|HEAP_ALLOCATE|[51]|Bytes:4
14:52:23.0 (27776711)|VARIABLE_ASSIGNMENT|[51]|j|0
14:52:23.0 (27778878)|STATEMENT_EXECUTE|[51]
14:52:23.0 (27780217)|STATEMENT_EXECUTE|[52]
14:52:23.0 (27781158)|STATEMENT_EXECUTE|[53]
14:52:23.0 (27787461)|HEAP_ALLOCATE|[53]|Bytes:2
14:52:23.0 (27794947)|HEAP_ALLOCATE|[53]|Bytes:1
14:52:23.0 (27799747)|HEAP_ALLOCATE|[53]|Bytes:5
14:52:23.0 (27804585)|HEAP_ALLOCATE|[53]|Bytes:2
14:52:23.0 (27811375)|HEAP_ALLOCATE|[53]|Bytes:1
14:52:23.0 (27816029)|HEAP_ALLOCATE|[53]|Bytes:5
14:52:23.0 (27820876)|HEAP_ALLOCATE|[EXTERNAL]|Bytes:4
14:52:23.0 (27824286)|HEAP_ALLOCATE|[51]|Bytes:4
14:52:23.0 (27826968)|VARIABLE_ASSIGNMENT|[51]|j|30
14:52:23.0 (27828746)|STATEMENT_EXECUTE|[51]
14:52:23.0 (27830092)|STATEMENT_EXECUTE|[54]
14:52:23.0 (27831022)|STATEMENT_EXECUTE|[55]
14:52:23.0 (27836613)|HEAP_ALLOCATE|[55]|Bytes:2
14:52:23.0 (27843884)|HEAP_ALLOCATE|[55]|Bytes:2
14:52:23.0 (27848658)|HEAP_ALLOCATE|[55]|Bytes:5
14:52:23.0 (27857634)|HEAP_ALLOCATE|[55]|Bytes:2
14:52:23.0 (27864983)|HEAP_ALLOCATE|[55]|Bytes:2
14:52:23.0 (27870159)|HEAP_ALLOCATE|[55]|Bytes:5
14:52:23.0 (27878667)|HEAP_ALLOCATE|[EXTERNAL]|Bytes:4
14:52:23.0 (27882698)|HEAP_ALLOCATE|[51]|Bytes:4
14:52:23.0 (27885748)|VARIABLE_ASSIGNMENT|[51]|j|60
14:52:23.0 (27887782)|HEAP_ALLOCATE|[50]|Bytes:4
14:52:23.0 (27890006)|VARIABLE_ASSIGNMENT|[50]|i|19
14:52:23.0 (27891567)|STATEMENT_EXECUTE|[50]
14:52:23.0 (27892910)|STATEMENT_EXECUTE|[51]
14:52:23.0 (27894747)|VARIABLE_SCOPE_BEGIN|[51]|j|Integer|false|false
14:52:23.0 (27896266)|HEAP_ALLOCATE|[51]|Bytes:4
14:52:23.0 (27898522)|VARIABLE_ASSIGNMENT|[51]|j|0
14:52:23.0 (27899925)|STATEMENT_EXECUTE|[51]
14:52:23.0 (27901167)|STATEMENT_EXECUTE|[52]
14:52:23.0 (27902120)|STATEMENT_EXECUTE|[53]
14:52:23.0 (27908366)|HEAP_ALLOCATE|[53]|Bytes:2
14:52:23.0 (27915952)|HEAP_ALLOCATE|[53]|Bytes:1
14:52:23.0 (27921012)|HEAP_ALLOCATE|[53]|Bytes:5
14:52:23.0 (27925742)|HEAP_ALLOCATE|[53]|Bytes:2
14:52:23.0 (27932728)|HEAP_ALLOCATE|[53]|Bytes:1
14:52:23.0 (27937317)|HEAP_ALLOCATE|[53]|Bytes:5
14:52:23.0 (27942503)|HEAP_ALLOCATE|[EXTERNAL]|Bytes:4
14:52:23.0 (27945859)|HEAP_ALLOCATE|[51]|Bytes:4
14:52:23.0 (27948621)|VARIABLE_ASSIGNMENT|[51]|j|30
14:52:23.0 (27950226)|STATEMENT_EXECUTE|[51]
14:52:23.0 (27951564)|STATEMENT_EXECUTE|[54]
14:52:23.0 (27952483)|STATEMENT_EXECUTE|[55]
14:52:23.0 (27958033)|HEAP_ALLOCATE|[55]|Bytes:2
14:52:23.0 (27965371)|HEAP_ALLOCATE|[55]|Bytes:2
14:52:23.0 (27970210)|HEAP_ALLOCATE|[55]|Bytes:5
14:52:23.0 (27974799)|HEAP_ALLOCATE|[55]|Bytes:2
14:52:23.0 (27981621)|HEAP_ALLOCATE|[55]|Bytes:2
14:52:23.0 (27986245)|HEAP_ALLOCATE|[55]|Bytes:5
14:52:23.0 (27990513)|HEAP_ALLOCATE|[EXTERNAL]|Bytes:4
14:52:23.0 (27993741)|HEAP_ALLOCATE|[51]|Bytes:4
14:52:23.0 (27996400)|VARIABLE_ASSIGNMENT|[51]|j|60
14:52:23.0 (27998120)|HEAP_ALLOCATE|[50]|Bytes:4
14:52:23.0 (28000405)|VARIABLE_ASSIGNMENT|[50]|i|20
14:52:23.0 (28002654)|STATEMENT_EXECUTE|[50]
14:52:23.0 (28003893)|STATEMENT_EXECUTE|[51]
14:52:23.0 (28005375)|VARIABLE_SCOPE_BEGIN|[51]|j|Integer|false|false
14:52:23.0 (28006795)|HEAP_ALLOCATE|[51]|Bytes:4
14:52:23.0 (28009474)|VARIABLE_ASSIGNMENT|[51]|j|0
14:52:23.0 (28010870)|STATEMENT_EXECUTE|[51]
14:52:23.0 (28012155)|STATEMENT_EXECUTE|[52]
14:52:23.0 (28013113)|STATEMENT_EXECUTE|[53]
14:52:23.0 (28018715)|HEAP_ALLOCATE|[53]|Bytes:2
14:52:23.0 (28025942)|HEAP_ALLOCATE|[53]|Bytes:1
14:52:23.0 (28030669)|HEAP_ALLOCATE|[53]|Bytes:5
14:52:23.0 (28035245)|HEAP_ALLOCATE|[53]|Bytes:2
14:52:23.0 (28042038)|HEAP_ALLOCATE|[53]|Bytes:1
14:52:23.0 (28046644)|HEAP_ALLOCATE|[53]|Bytes:5
14:52:23.0 (28051120)|HEAP_ALLOCATE|[EXTERNAL]|Bytes:4
14:52:23.0 (28054451)|HEAP_ALLOCATE|[51]|Bytes:4
14:52:23.0 (28057231)|VARIABLE_ASSIGNMENT|[51]|j|30
14:52:23.0 (28058886)|STATEMENT_EXECUTE|[51]
14:52:23.0 (28060228)|STATEMENT_EXECUTE|[54]
14:52:23.0 (28061178)|STATEMENT_EXECUTE|[55]
14:52:23.0 (28066860)|HEAP_ALLOCATE|[55]|Bytes:2
14:52:23.0 (28074285)|HEAP_ALLOCATE|[55]|Bytes:2
14:52:23.0 (28079016)|HEAP_ALLOCATE|[55]|Bytes:5
14:52:23.0 (28083661)|HEAP_ALLOCATE|[55]|Bytes:2
14:52:23.0 (28090464)|HEAP_ALLOCATE|[55]|Bytes:2
14:52:23.0 (28095452)|HEAP_ALLOCATE|[55]|Bytes:5
14:52:23.0 (28099777)|HEAP_ALLOCATE|[EXTERNAL]|Bytes:4
14:52:23.0 (28102957)|HEAP_ALLOCATE|[51]|Bytes:4
14:52:23.0 (28105620)|VARIABLE_ASSIGNMENT|[51]|j|60
14:52:23.0 (28107329)|HEAP_ALLOCATE|[50]|Bytes:4
14:52:23.0 (28109538)|VARIABLE_ASSIGNMENT|[50]|i|21
14:52:23.0 (28111093)|STATEMENT_EXECUTE|[50]
14:52:23.0 (28112314)|STATEMENT_EXECUTE|[51]
14:52:23.0 (28113783)|VARIABLE_SCOPE_BEGIN|[51]|j|Integer|false|false
14:52:23.0 (28115167)|HEAP_ALLOCATE|[51]|Bytes:4
14:52:23.0 (28117539)|VARIABLE_ASSIGNMENT|[51]|j|0
14:52:23.0 (28118957)|STATEMENT_EXECUTE|[51]
14:52:23.0 (28120278)|STATEMENT_EXECUTE|[52]
14:52:23.0 (28121214)|STATEMENT_EXECUTE|[53]
14:52:23.0 (28126670)|HEAP_ALLOCATE|[53]|Bytes:2
14:52:23.0 (28133929)|HEAP_ALLOCATE|[53]|Bytes:1
14:52:23.0 (28138746)|HEAP_ALLOCATE|[53]|Bytes:5
14:52:23.0 (28143288)|HEAP_ALLOCATE|[53]|Bytes:2
14:52:23.0 (28150072)|HEAP_ALLOCATE|[53]|Bytes:1
14:52:23.0 (28154701)|HEAP_ALLOCATE|[53]|Bytes:5
14:52:23.0 (28159469)|HEAP_ALLOCATE|[EXTERNAL]|Bytes:4
14:52:23.0 (28162801)|HEAP_ALLOCATE|[51]|Bytes:4
14:52:23.0 (28165670)|VARIABLE_ASSIGNMENT|[51]|j|30
14:52:23.0 (28167291)|STATEMENT_EXECUTE|[51]
14:52:23.0 (28168661)|STATEMENT_EXECUTE|[54]
14:52:23.0 (28169589)|STATEMENT_EXECUTE|[55]
14:52:23.0 (28175170)|HEAP_ALLOCATE|[55]|Bytes:2
14:52:23.0 (28182416)|HEAP_ALLOCATE|[55]|Bytes:2
14:52:23.0 (28187180)|HEAP_ALLOCATE|[55]|Bytes:5
14:52:23.0 (28191720)|HEAP_ALLOCATE|[55]|Bytes:2
14:52:23.0 (28198597)|HEAP_ALLOCATE|[55]|Bytes:2
14:52:23.0 (28203240)|HEAP_ALLOCATE|[55]|Bytes:5
14:52:23.0 (28209495)|HEAP_ALLOCATE|[EXTERNAL]|Bytes:4
14:52:23.0 (28214868)|HEAP_ALLOCATE|[51]|Bytes:4
14:52:23.0 (28219478)|VARIABLE_ASSIGNMENT|[51]|j|60
14:52:23.0 (28222570)|HEAP_ALLOCATE|[50]|Bytes:4
14:52:23.0 (28226009)|VARIABLE_ASSIGNMENT|[50]|i|22
14:52:23.0 (28228552)|STATEMENT_EXECUTE|[50]
14:52:23.0 (28230490)|STATEMENT_EXECUTE|[51]
14:52:23.0 (28232895)|VARIABLE_SCOPE_BEGIN|[51]|j|Integer|false|false
14:52:23.0 (28235291)|HEAP_ALLOCATE|[51]|Bytes:4
14:52:23.0 (28239230)|VARIABLE_ASSIGNMENT|[51]|j|0
14:52:23.0 (28241404)|STATEMENT_EXECUTE|[51]
14:52:23.0 (28243505)|STATEMENT_EXECUTE|[52]
14:52:23.0 (28244742)|STATEMENT_EXECUTE|[53]
14:52:23.0 (28257341)|HEAP_ALLOCATE|[53]|Bytes:2
14:52:23.0 (28270037)|HEAP_ALLOCATE|[53]|Bytes:1
14:52:23.0 (28279461)|HEAP_ALLOCATE|[53]|Bytes:5
14:52:23.0 (28287498)|HEAP_ALLOCATE|[53]|Bytes:2
14:52:23.0 (28299918)|HEAP_ALLOCATE|[53]|Bytes:1
14:52:23.0 (28308790)|HEAP_ALLOCATE|[53]|Bytes:5
14:52:23.0 (28317872)|HEAP_ALLOCATE|[EXTERNAL]|Bytes:4
14:52:23.0 (28323993)|HEAP_ALLOCATE|[51]|Bytes:4
14:52:23.0 (28329715)|VARIABLE_ASSIGNMENT|[51]|j|30
14:52:23.0 (28333076)|STATEMENT_EXECUTE|[51]
14:52:23.0 (28335302)|STATEMENT_EXECUTE|[54]
14:52:23.0 (28336713)|STATEMENT_EXECUTE|[55]
14:52:23.0 (28347902)|HEAP_ALLOCATE|[55]|Bytes:2
14:52:23.0 (28360851)|HEAP_ALLOCATE|[55]|Bytes:2
14:52:23.0 (28370050)|HEAP_ALLOCATE|[55]|Bytes:5
14:52:23.0 (28378545)|HEAP_ALLOCATE|[55]|Bytes:2
14:52:23.0 (28390979)|HEAP_ALLOCATE|[55]|Bytes:2
14:52:23.0 (28400250)|HEAP_ALLOCATE|[55]|Bytes:5
14:52:23.0 (28409133)|HEAP_ALLOCATE|[EXTERNAL]|Bytes:4
14:52:23.0 (28415221)|HEAP_ALLOCATE|[51]|Bytes:4
14:52:23.0 (28420921)|VARIABLE_ASSIGNMENT|[51]|j|60
14:52:23.0 (28424490)|HEAP_ALLOCATE|[50]|Bytes:4
14:52:23.0 (28427849)|VARIABLE_ASSIGNMENT|[50]|i|23
14:52:23.0 (28430621)|STATEMENT_EXECUTE|[50]
14:52:23.0 (28432665)|STATEMENT_EXECUTE|[51]
14:52:23.0 (28435308)|VARIABLE_SCOPE_BEGIN|[51]|j|Integer|false|false
14:52:23.0 (28438073)|HEAP_ALLOCATE|[51]|Bytes:4
14:52:23.0 (28442019)|VARIABLE_ASSIGNMENT|[51]|j|0
14:52:23.0 (28444693)|STATEMENT_EXECUTE|[51]
14:52:23.0 (28446758)|STATEMENT_EXECUTE|[52]
14:52:23.0 (28448267)|STATEMENT_EXECUTE|[53]
14:52:23.0 (28459902)|HEAP_ALLOCATE|[53]|Bytes:2
14:52:23.0 (28472368)|HEAP_ALLOCATE|[53]|Bytes:1
14:52:23.0 (28481263)|HEAP_ALLOCATE|[53]|Bytes:5
14:52:23.0 (28489494)|HEAP_ALLOCATE|[53]|Bytes:2
14:52:23.0 (28500659)|HEAP_ALLOCATE|[53]|Bytes:1
14:52:23.0 (28508026)|HEAP_ALLOCATE|[53]|Bytes:5
14:52:23.0 (28516701)|HEAP_ALLOCATE|[EXTERNAL]|Bytes:4
14:52:23.0 (28522963)|HEAP_ALLOCATE|[51]|Bytes:4
14:52:23.0 (28529042)|VARIABLE_ASSIGNMENT|[51]|j|30
14:52:23.0 (28532616)|STATEMENT_EXECUTE|[51]
14:52:23.0 (28534787)|STATEMENT_EXECUTE|[54]
14:52:23.0 (28536171)|STATEMENT_EXECUTE|[55]
14:52:23.0 (28548781)|HEAP_ALLOCATE|[55]|Bytes:2
14:52:23.0 (28562499)|HEAP_ALLOCATE|[55]|Bytes:2
14:52:23.0 (28571408)|HEAP_ALLOCATE|[55]|Bytes:5
14:52:23.0 (28577370)|HEAP_ALLOCATE|[55]|Bytes:2
14:52:23.0 (28584387)|HEAP_ALLOCATE|[55]|Bytes:2
14:52:23.0 (28589268)|HEAP_ALLOCATE|[55]|Bytes:5
14:52:23.0 (28595707)|HEAP_ALLOCATE|[EXTERNAL]|Bytes:4
14:52:23.0 (28599617)|HEAP_ALLOCATE|[51]|Bytes:4
14:52:23.0 (28603612)|VARIABLE_ASSIGNMENT|[51]|j|60
14:52:23.0 (28606190)|HEAP_ALLOCATE|[50]|Bytes:4
14:52:23.0 (28608665)|VARIABLE_ASSIGNMENT|[50]|i|24
14:52:23.0 (28610786)|STATEMENT_EXECUTE|[59]
14:52:23.0 (28707602)|SYSTEM_MODE_ENTER|true
14:52:23.0 (28731794)|HEAP_ALLOCATE|[EXTERNAL]|Bytes:80
14:52:23.0 (28776367)|VARIABLE_ASSIGNMENT|[EXTERNAL]|this|{"delToHub":false,"delToProj":false,"detail":"0x40cf44af","invoked":true,"rejected":false,"reserved":false,"selectedTime6":"8:00","www":"0x1a652424","wwwById":"0x113cd98d"}|0x28f464c9
14:52:23.0 (28784961)|STATEMENT_EXECUTE|[102]
14:52:23.0 (28788766)|STATEMENT_EXECUTE|[103]
14:52:23.0 (28790546)|STATEMENT_EXECUTE|[107]
14:52:23.49 (49092161)|SYSTEM_MODE_ENTER|true
14:52:23.49 (49144384)|HEAP_ALLOCATE|[EXTERNAL]|Bytes:8
14:52:23.49 (49152614)|VARIABLE_SCOPE_BEGIN|[88]|this|ApexPage.PageMessagesComponentController|true|false
14:52:23.49 (49174840)|VARIABLE_ASSIGNMENT|[88]|this|{}|0x200a9752
14:52:23.49 (49177784)|VARIABLE_SCOPE_BEGIN|[88]|escape|Boolean|false|false
14:52:23.49 (49182007)|VARIABLE_ASSIGNMENT|[88]|escape|null
14:52:23.0 (49425730)|SYSTEM_MODE_ENTER|true
14:52:23.0 (49450052)|HEAP_ALLOCATE|[EXTERNAL]|Bytes:4
14:52:23.0 (49453732)|HEAP_ALLOCATE|[EXTERNAL]|Bytes:80
14:52:23.0 (49464231)|VARIABLE_ASSIGNMENT|[EXTERNAL]|this.selectedTime6|"8:00"|0x28f464c9
14:52:23.0 (49495323)|SYSTEM_MODE_ENTER|true
14:52:23.0 (49515818)|HEAP_ALLOCATE|[EXTERNAL]|Bytes:80
14:52:23.0 (49559157)|VARIABLE_ASSIGNMENT|[EXTERNAL]|this|{"delToHub":false,"delToProj":false,"detail":"0x40cf44af","invoked":true,"rejected":false,"reserved":false,"selectedTime6":"8:00","www":"0x1a652424","wwwById":"0x113cd98d"}|0x28f464c9
14:52:23.0 (49565853)|STATEMENT_EXECUTE|[3]
14:52:23.0 (49568806)|STATEMENT_EXECUTE|[4]
14:52:23.0 (49570221)|STATEMENT_EXECUTE|[9]
14:52:23.0 (50236992)|SYSTEM_MODE_ENTER|true
14:52:23.0 (50259671)|HEAP_ALLOCATE|[EXTERNAL]|Bytes:80
14:52:23.0 (50301679)|VARIABLE_ASSIGNMENT|[EXTERNAL]|this|{"delToHub":false,"delToProj":false,"detail":"0x40cf44af","invoked":true,"rejected":false,"reserved":false,"selectedTime6":"8:00","www":"0x1a652424","wwwById":"0x113cd98d"}|0x28f464c9
14:52:23.0 (50308309)|STATEMENT_EXECUTE|[229]
14:52:23.0 (50311056)|STATEMENT_EXECUTE|[230]
14:52:23.0 (50312338)|STATEMENT_EXECUTE|[233]
14:52:23.0 (50352366)|SYSTEM_MODE_ENTER|true
14:52:23.0 (50368684)|HEAP_ALLOCATE|[EXTERNAL]|Bytes:80
14:52:23.0 (50403360)|VARIABLE_ASSIGNMENT|[EXTERNAL]|this|{"delToHub":false,"delToProj":false,"detail":"0x40cf44af","invoked":true,"rejected":false,"reserved":false,"selectedTime6":"8:00","www":"0x1a652424","wwwById":"0x113cd98d"}|0x28f464c9
14:52:23.0 (50408741)|STATEMENT_EXECUTE|[204]
14:52:23.0 (50411722)|STATEMENT_EXECUTE|[205]
14:52:23.0 (50413512)|STATEMENT_EXECUTE|[208]
14:52:23.0 (50467572)|SYSTEM_MODE_ENTER|true
14:52:23.0 (50491020)|HEAP_ALLOCATE|[EXTERNAL]|Bytes:80
14:52:23.0 (50542902)|VARIABLE_ASSIGNMENT|[EXTERNAL]|this|{"delToHub":false,"delToProj":false,"detail":"0x40cf44af","invoked":true,"rejected":false,"reserved":false,"selectedTime6":"8:00","www":"0x1a652424","wwwById":"0x113cd98d"}|0x28f464c9
14:52:23.0 (50551067)|STATEMENT_EXECUTE|[220]
14:52:23.0 (50553827)|STATEMENT_EXECUTE|[221]
14:52:23.0 (50554918)|STATEMENT_EXECUTE|[224]
14:52:23.0 (50596176)|SYSTEM_MODE_ENTER|true
14:52:23.0 (50612665)|HEAP_ALLOCATE|[EXTERNAL]|Bytes:80
14:52:23.0 (50645753)|VARIABLE_ASSIGNMENT|[EXTERNAL]|this|{"delToHub":false,"delToProj":false,"detail":"0x40cf44af","invoked":true,"rejected":false,"reserved":false,"selectedTime6":"8:00","www":"0x1a652424","wwwById":"0x113cd98d"}|0x28f464c9
14:52:23.0 (50650728)|STATEMENT_EXECUTE|[212]
14:52:23.0 (50652832)|STATEMENT_EXECUTE|[213]
14:52:23.0 (50653970)|STATEMENT_EXECUTE|[216]
14:52:23.0 (50687311)|SYSTEM_MODE_ENTER|true
14:52:23.0 (50700978)|HEAP_ALLOCATE|[EXTERNAL]|Bytes:80
14:52:23.0 (50732283)|VARIABLE_ASSIGNMENT|[EXTERNAL]|this|{"delToHub":false,"delToProj":false,"detail":"0x40cf44af","invoked":true,"rejected":false,"reserved":false,"selectedTime6":"8:00","www":"0x1a652424","wwwById":"0x113cd98d"}|0x28f464c9
14:52:23.0 (50736867)|STATEMENT_EXECUTE|[21]
14:52:23.0 (50739205)|STATEMENT_EXECUTE|[22]
14:52:23.0 (50740342)|STATEMENT_EXECUTE|[26]
14:52:23.0 (51516331)|HEAP_ALLOCATE|[EXTERNAL]|Bytes:80
14:52:23.0 (51529935)|VARIABLE_SCOPE_BEGIN|[304]|this|NewDeliveredExtension|true|false
14:52:23.0 (51585986)|VARIABLE_ASSIGNMENT|[304]|this|{"delToHub":false,"delToProj":false,"detail":"0x40cf44af","invoked":true,"rejected":false,"reserved":false,"selectedTime6":"8:00","www":"0x1a652424","wwwById":"0x113cd98d"}|0x28f464c9
14:52:23.0 (51595674)|STATEMENT_EXECUTE|[304]
14:52:23.0 (51597299)|STATEMENT_EXECUTE|[305]
14:52:23.0 (51668886)|VARIABLE_ASSIGNMENT|[EXTERNAL]|this|{"delToHub":false,"delToProj":false,"detail":"0x40cf44af","invoked":true,"rejected":false,"reserved":false,"selectedTime6":"8:00","www":"0x1a652424","wwwById":"0x113cd98d"}|0x28f464c9
14:52:23.0 (51673174)|STATEMENT_EXECUTE|[3]
14:52:23.0 (51675543)|STATEMENT_EXECUTE|[4]
14:52:23.0 (51676714)|STATEMENT_EXECUTE|[9]
14:52:23.0 (51746309)|VARIABLE_ASSIGNMENT|[305]|this.Location__c|null|0x40cf44af
14:52:23.0 (51749213)|STATEMENT_EXECUTE|[306]
14:52:23.0 (51753081)|HEAP_ALLOCATE|[306]|Bytes:7
14:52:23.0 (51805961)|VARIABLE_ASSIGNMENT|[EXTERNAL]|this|{"delToHub":false,"delToProj":false,"detail":"0x40cf44af","invoked":true,"rejected":false,"reserved":false,"selectedTime6":"8:00","www":"0x1a652424","wwwById":"0x113cd98d"}|0x28f464c9
14:52:23.0 (51810621)|STATEMENT_EXECUTE|[21]
14:52:23.0 (51812710)|STATEMENT_EXECUTE|[22]
14:52:23.0 (51813806)|STATEMENT_EXECUTE|[26]
14:52:23.0 (51869878)|HEAP_ALLOCATE|[306]|Bytes:38
14:52:23.0 (51886737)|HEAP_ALLOCATE|[306]|Bytes:45
14:52:23.0 (51911240)|USER_DEBUG|[306]|DEBUG|set wwwWWW__c:{Project__c=a0q0E0000008ahlQAA}
14:52:23.0 (51916876)|STATEMENT_EXECUTE|[307]
14:52:23.0 (51963258)|VARIABLE_ASSIGNMENT|[EXTERNAL]|this|{"delToHub":false,"delToProj":false,"detail":"0x40cf44af","invoked":true,"rejected":false,"reserved":false,"selectedTime6":"8:00","www":"0x1a652424","wwwById":"0x113cd98d"}|0x28f464c9
14:52:23.0 (51966913)|STATEMENT_EXECUTE|[3]
14:52:23.0 (51968704)|STATEMENT_EXECUTE|[4]
14:52:23.0 (51969753)|STATEMENT_EXECUTE|[9]
14:52:23.0 (52100362)|VARIABLE_ASSIGNMENT|[EXTERNAL]|this|{"delToHub":false,"delToProj":false,"detail":"0x40cf44af","invoked":true,"rejected":false,"reserved":false,"selectedTime6":"8:00","www":"0x1a652424","wwwById":"0x113cd98d"}|0x28f464c9
14:52:23.0 (52120529)|VARIABLE_ASSIGNMENT|[EXTERNAL]|value|{"Id":"a0t0E0000004UUNQA2","Project__c":"a0q0E0000008S3WQAU","Item__c":"a0A0E0000001PiqUAE","Hub_Building_Site__c":"a020E000000zFeUQAU","Actueel_aantal_palle (12 more) ...":0,"Name":"WWW-13540"}|0x2226dd55
14:52:23.0 (52134036)|VARIABLE_ASSIGNMENT|[20]|this.www|{"Id":"a0t0E0000004UUNQA2","Project__c":"a0q0E0000008S3WQAU","Item__c":"a0A0E0000001PiqUAE","Hub_Building_Site__c":"a020E000000zFeUQAU","Actueel_aantal_palle (12 more) ...":0,"Name":"WWW-13540"}|0x28f464c9
14:52:23.0 (52140163)|STATEMENT_EXECUTE|[308]
14:52:23.0 (52178239)|VARIABLE_ASSIGNMENT|[EXTERNAL]|this|{"delToHub":false,"delToProj":false,"detail":"0x40cf44af","invoked":true,"rejected":false,"reserved":false,"selectedTime6":"8:00","www":"0x2226dd55","wwwById":"0x113cd98d"}|0x28f464c9
14:52:23.0 (52181854)|STATEMENT_EXECUTE|[21]
14:52:23.0 (52183623)|STATEMENT_EXECUTE|[22]
14:52:23.0 (52184718)|STATEMENT_EXECUTE|[26]
14:52:23.0 (52258341)|HEAP_ALLOCATE|[308]|Bytes:182
14:52:23.0 (52271567)|HEAP_ALLOCATE|[308]|Bytes:189
14:52:23.0 (52280630)|USER_DEBUG|[308]|DEBUG|set wwwWWW__c:{Id=a0t0E0000004UUNQA2, Project__c=a0q0E0000008S3WQAU, Item__c=a0A0E0000001PiqUAE, Hub_Building_Site__c=a020E000000zFeUQAU, Actueel_aantal_palletplaatsen__c=0, Name=WWW-13540}
14:52:23.64 (64081037)|SYSTEM_MODE_ENTER|true
14:52:23.64 (64128926)|HEAP_ALLOCATE|[EXTERNAL]|Bytes:8
14:52:23.64 (64135226)|VARIABLE_SCOPE_BEGIN|[88]|this|ApexPage.PageMessagesComponentController|true|false
14:52:23.64 (64152381)|VARIABLE_ASSIGNMENT|[88]|this|{}|0x200a9752
14:52:23.64 (64155014)|VARIABLE_SCOPE_BEGIN|[88]|escape|Boolean|false|false
14:52:23.64 (64158105)|VARIABLE_ASSIGNMENT|[88]|escape|null
14:52:23.64 (64235064)|SYSTEM_MODE_ENTER|true
14:52:23.64 (64258791)|HEAP_ALLOCATE|[EXTERNAL]|Bytes:8
14:52:23.64 (64262921)|VARIABLE_SCOPE_BEGIN|[2]|this|ApexPage.PageMessagesComponentController|true|false
14:52:23.64 (64274793)|VARIABLE_ASSIGNMENT|[2]|this|{}|0x200a9752
14:52:23.0 (64571703)|SYSTEM_MODE_ENTER|true
14:52:23.0 (64592379)|HEAP_ALLOCATE|[EXTERNAL]|Bytes:80
14:52:23.0 (64635947)|VARIABLE_ASSIGNMENT|[EXTERNAL]|this|{"delToHub":false,"delToProj":false,"detail":"0x40cf44af","invoked":true,"rejected":false,"reserved":false,"selectedTime6":"8:00","www":"0x2226dd55","wwwById":"0x113cd98d"}|0x28f464c9
14:52:23.0 (64642087)|STATEMENT_EXECUTE|[196]
14:52:23.0 (64644710)|STATEMENT_EXECUTE|[197]
14:52:23.0 (64646053)|STATEMENT_EXECUTE|[200]
14:52:23.0 (64705152)|SYSTEM_MODE_ENTER|true
14:52:23.0 (64721772)|HEAP_ALLOCATE|[EXTERNAL]|Bytes:80
14:52:23.0 (64756839)|VARIABLE_ASSIGNMENT|[EXTERNAL]|this|{"delToHub":false,"delToProj":false,"detail":"0x40cf44af","invoked":true,"rejected":false,"reserved":false,"selectedTime6":"8:00","www":"0x2226dd55","wwwById":"0x113cd98d"}|0x28f464c9
14:52:23.0 (64761521)|STATEMENT_EXECUTE|[3]
14:52:23.0 (64763804)|STATEMENT_EXECUTE|[4]
14:52:23.0 (64764996)|STATEMENT_EXECUTE|[9]
14:52:23.0 (70536864)|SYSTEM_MODE_ENTER|true
14:52:23.0 (70560016)|HEAP_ALLOCATE|[EXTERNAL]|Bytes:80
14:52:23.0 (70604825)|VARIABLE_ASSIGNMENT|[EXTERNAL]|this|{"delToHub":false,"delToProj":false,"detail":"0x40cf44af","invoked":true,"rejected":false,"reserved":false,"selectedTime6":"8:00","www":"0x2226dd55","wwwById":"0x113cd98d"}|0x28f464c9
14:52:23.0 (70612077)|STATEMENT_EXECUTE|[229]
14:52:23.0 (70614940)|STATEMENT_EXECUTE|[230]
14:52:23.0 (70616317)|STATEMENT_EXECUTE|[233]
14:52:23.0 (70665874)|SYSTEM_MODE_ENTER|true
14:52:23.0 (70691086)|HEAP_ALLOCATE|[EXTERNAL]|Bytes:80
14:52:23.0 (70745361)|VARIABLE_ASSIGNMENT|[EXTERNAL]|this|{"delToHub":false,"delToProj":false,"detail":"0x40cf44af","invoked":true,"rejected":false,"reserved":false,"selectedTime6":"8:00","www":"0x2226dd55","wwwById":"0x113cd98d"}|0x28f464c9
14:52:23.0 (70753554)|STATEMENT_EXECUTE|[204]
14:52:23.0 (70757156)|STATEMENT_EXECUTE|[205]
14:52:23.0 (70759134)|STATEMENT_EXECUTE|[208]
14:52:23.0 (70817542)|SYSTEM_MODE_ENTER|true
14:52:23.0 (70841373)|HEAP_ALLOCATE|[EXTERNAL]|Bytes:80
14:52:23.0 (70901179)|VARIABLE_ASSIGNMENT|[EXTERNAL]|this|{"delToHub":false,"delToProj":false,"detail":"0x40cf44af","invoked":true,"rejected":false,"reserved":false,"selectedTime6":"8:00","www":"0x2226dd55","wwwById":"0x113cd98d"}|0x28f464c9
14:52:23.0 (70909471)|STATEMENT_EXECUTE|[220]
14:52:23.0 (70912620)|STATEMENT_EXECUTE|[221]
14:52:23.0 (70914260)|STATEMENT_EXECUTE|[224]
14:52:23.0 (70961983)|SYSTEM_MODE_ENTER|true
14:52:23.0 (70978496)|HEAP_ALLOCATE|[EXTERNAL]|Bytes:80
14:52:23.0 (71013816)|VARIABLE_ASSIGNMENT|[EXTERNAL]|this|{"delToHub":false,"delToProj":false,"detail":"0x40cf44af","invoked":true,"rejected":false,"reserved":false,"selectedTime6":"8:00","www":"0x2226dd55","wwwById":"0x113cd98d"}|0x28f464c9
14:52:23.0 (71019186)|STATEMENT_EXECUTE|[212]
14:52:23.0 (71021149)|STATEMENT_EXECUTE|[213]
14:52:23.0 (71022208)|STATEMENT_EXECUTE|[216]
14:52:23.0 (71080732)|SYSTEM_MODE_ENTER|true
14:52:23.0 (71095618)|HEAP_ALLOCATE|[EXTERNAL]|Bytes:80
14:52:23.0 (71127946)|VARIABLE_ASSIGNMENT|[EXTERNAL]|this|{"delToHub":false,"delToProj":false,"detail":"0x40cf44af","invoked":true,"rejected":false,"reserved":false,"selectedTime6":"8:00","www":"0x2226dd55","wwwById":"0x113cd98d"}|0x28f464c9
14:52:23.0 (71132673)|STATEMENT_EXECUTE|[21]
14:52:23.0 (71134698)|STATEMENT_EXECUTE|[22]
14:52:23.0 (71135977)|STATEMENT_EXECUTE|[26]
14:52:23.0 (82639488)|VF_SERIALIZE_VIEWSTATE_BEGIN|06624000003h0Dg
14:52:23.0 (86977722)|VF_SERIALIZE_VIEWSTATE_END
14:52:23.89 (89475672)|CUMULATIVE_LIMIT_USAGE
14:52:23.89 (89475672)|LIMIT_USAGE_FOR_NS|(default)|
  Number of SOQL queries: 0 out of 100
  Number of query rows: 0 out of 50000
  Number of SOSL queries: 0 out of 20
  Number of DML statements: 0 out of 150
  Number of DML rows: 0 out of 10000
  Maximum CPU time: 0 out of 10000
  Maximum heap size: 0 out of 6000000
  Number of callouts: 0 out of 100
  Number of Email Invocations: 0 out of 10
  Number of future calls: 0 out of 50
  Number of queueable jobs added to the queue: 0 out of 50
  Number of Mobile Apex push calls: 0 out of 10

14:52:23.89 (89475672)|CUMULATIVE_LIMIT_USAGE_END

14:52:23.0 (89507022)|CODE_UNIT_FINISHED|VF: /apex/New_delivered_detail
14:52:23.0 (90330811)|EXECUTION_FINISHED
