38.0 APEX_CODE,FINEST;APEX_PROFILING,INFO;CALLOUT,INFO;DB,INFO;SYSTEM,DEBUG;VALIDATION,INFO;VISUALFORCE,INFO;WAVE,INFO;WORKFLOW,INFO
15:18:43.0 (299275)|USER_INFO|[EXTERNAL]|00524000001e3Uj|bedrijfsbureau@gsa.nl.sandbox|Midden-Europese standaardtijd|GMT+01:00
15:18:43.0 (319632)|EXECUTION_STARTED
15:18:43.0 (323423)|CODE_UNIT_STARTED|[EXTERNAL]|06624000003h0Dg|VF: /apex/New_delivered_detail
15:18:43.0 (851087)|VF_DESERIALIZE_VIEWSTATE_BEGIN|06624000003h0Dg
15:18:43.0 (6764635)|HEAP_ALLOCATE|[72]|Bytes:3
15:18:43.0 (6814834)|HEAP_ALLOCATE|[77]|Bytes:152
15:18:43.0 (6842978)|HEAP_ALLOCATE|[342]|Bytes:408
15:18:43.0 (6867200)|HEAP_ALLOCATE|[355]|Bytes:408
15:18:43.0 (6889662)|HEAP_ALLOCATE|[467]|Bytes:48
15:18:43.0 (6929107)|HEAP_ALLOCATE|[139]|Bytes:6
15:18:43.0 (7062152)|HEAP_ALLOCATE|[50]|Bytes:5
15:18:43.0 (7094208)|HEAP_ALLOCATE|[56]|Bytes:5
15:18:43.0 (7105194)|HEAP_ALLOCATE|[64]|Bytes:7
15:18:43.0 (11644063)|VF_DESERIALIZE_VIEWSTATE_END
15:18:43.12 (12620774)|SYSTEM_MODE_ENTER|true
15:18:43.12 (12677517)|HEAP_ALLOCATE|[EXTERNAL]|Bytes:38
15:18:43.12 (12684066)|HEAP_ALLOCATE|[EXTERNAL]|Bytes:7
15:18:43.12 (12691279)|SYSTEM_METHOD_ENTRY|[1]|PageMessagesComponentController.PageMessagesComponentController()
15:18:43.12 (12695020)|STATEMENT_EXECUTE|[1]
15:18:43.13 (13405416)|SYSTEM_MODE_ENTER|true
15:18:43.13 (13447858)|HEAP_ALLOCATE|[EXTERNAL]|Bytes:8
15:18:43.13 (13454019)|VARIABLE_SCOPE_BEGIN|[88]|this|ApexPage.PageMessagesComponentController|true|false
15:18:43.13 (13489058)|VARIABLE_ASSIGNMENT|[88]|this|{}|0x7077d195
15:18:43.13 (13492105)|VARIABLE_SCOPE_BEGIN|[88]|escape|Boolean|false|false
15:18:43.13 (13496111)|VARIABLE_ASSIGNMENT|[88]|escape|null
15:18:43.0 (13707385)|SYSTEM_MODE_ENTER|true
15:18:43.0 (13893648)|HEAP_ALLOCATE|[EXTERNAL]|Bytes:11
15:18:43.0 (13906583)|HEAP_ALLOCATE|[EXTERNAL]|Bytes:408
15:18:43.0 (13910141)|HEAP_ALLOCATE|[EXTERNAL]|Bytes:120
15:18:43.0 (13912630)|HEAP_ALLOCATE|[EXTERNAL]|Bytes:116
15:18:43.0 (13918980)|METHOD_ENTRY|[1]|01p2400000DUtXT|NewDeliveredExtension.NewDeliveredExtension()
15:18:43.0 (13921619)|STATEMENT_EXECUTE|[1]
15:18:43.0 (13925545)|STATEMENT_EXECUTE|[1]
15:18:43.0 (13926843)|STATEMENT_EXECUTE|[541]
15:18:43.0 (13930533)|METHOD_EXIT|[1]|NewDeliveredExtension
15:18:43.0 (13934279)|HEAP_ALLOCATE|[EXTERNAL]|Bytes:80
15:18:43.0 (13993477)|VARIABLE_ASSIGNMENT|[EXTERNAL]|this|{"delToHub":true,"delToProj":false,"detail":"0x3b355586","invoked":false,"rejected":false,"reserved":false,"selectedTime3":"8:00","sublocations1":"0x78f10416","www":"0x2275c58","wwwById":"0x1ae2321e"}|0x1d80aba1
15:18:43.0 (13999793)|STATEMENT_EXECUTE|[196]
15:18:43.0 (14003503)|STATEMENT_EXECUTE|[197]
15:18:43.0 (14005802)|STATEMENT_EXECUTE|[200]
15:18:43.0 (14069166)|SYSTEM_MODE_ENTER|true
15:18:43.0 (14087858)|HEAP_ALLOCATE|[EXTERNAL]|Bytes:80
15:18:43.0 (14127362)|VARIABLE_ASSIGNMENT|[EXTERNAL]|this|{"delToHub":true,"delToProj":false,"detail":"0x3b355586","invoked":false,"rejected":false,"reserved":false,"selectedTime3":"8:00","sublocations1":"0x78f10416","www":"0x2275c58","wwwById":"0x1ae2321e"}|0x1d80aba1
15:18:43.0 (14132889)|STATEMENT_EXECUTE|[229]
15:18:43.0 (14135308)|STATEMENT_EXECUTE|[230]
15:18:43.0 (14136657)|STATEMENT_EXECUTE|[233]
15:18:43.0 (14223255)|SYSTEM_MODE_ENTER|true
15:18:43.0 (14241596)|HEAP_ALLOCATE|[EXTERNAL]|Bytes:80
15:18:43.0 (14279930)|VARIABLE_ASSIGNMENT|[EXTERNAL]|this|{"delToHub":true,"delToProj":false,"detail":"0x3b355586","invoked":false,"rejected":false,"reserved":false,"selectedTime3":"8:00","sublocations1":"0x78f10416","www":"0x2275c58","wwwById":"0x1ae2321e"}|0x1d80aba1
15:18:43.0 (14285526)|STATEMENT_EXECUTE|[3]
15:18:43.0 (14288265)|STATEMENT_EXECUTE|[4]
15:18:43.0 (14289933)|STATEMENT_EXECUTE|[9]
15:18:43.0 (27895782)|SYSTEM_MODE_ENTER|true
15:18:43.0 (27922850)|HEAP_ALLOCATE|[EXTERNAL]|Bytes:80
15:18:43.0 (27971110)|VARIABLE_ASSIGNMENT|[EXTERNAL]|this|{"delToHub":true,"delToProj":false,"detail":"0x3b355586","invoked":false,"rejected":false,"reserved":false,"selectedTime3":"8:00","sublocations1":"0x78f10416","www":"0x2275c58","wwwById":"0x1ae2321e"}|0x1d80aba1
15:18:43.0 (27978489)|STATEMENT_EXECUTE|[186]
15:18:43.0 (27981578)|STATEMENT_EXECUTE|[187]
15:18:43.0 (27982882)|STATEMENT_EXECUTE|[190]
15:18:43.0 (28488814)|SYSTEM_MODE_ENTER|true
15:18:43.0 (28511047)|HEAP_ALLOCATE|[EXTERNAL]|Bytes:80
15:18:43.0 (28556739)|VARIABLE_ASSIGNMENT|[EXTERNAL]|this|{"delToHub":true,"delToProj":false,"detail":"0x3b355586","invoked":false,"rejected":false,"reserved":false,"selectedTime3":"8:00","sublocations1":"0x78f10416","www":"0x2275c58","wwwById":"0x1ae2321e"}|0x1d80aba1
15:18:43.0 (28563378)|STATEMENT_EXECUTE|[204]
15:18:43.0 (28566430)|STATEMENT_EXECUTE|[205]
15:18:43.0 (28567969)|STATEMENT_EXECUTE|[208]
15:18:43.0 (28620424)|SYSTEM_MODE_ENTER|true
15:18:43.0 (28636446)|HEAP_ALLOCATE|[EXTERNAL]|Bytes:80
15:18:43.0 (28674601)|VARIABLE_ASSIGNMENT|[EXTERNAL]|this|{"delToHub":true,"delToProj":false,"detail":"0x3b355586","invoked":false,"rejected":false,"reserved":false,"selectedTime3":"8:00","sublocations1":"0x78f10416","www":"0x2275c58","wwwById":"0x1ae2321e"}|0x1d80aba1
15:18:43.0 (28680033)|STATEMENT_EXECUTE|[220]
15:18:43.0 (28682319)|STATEMENT_EXECUTE|[221]
15:18:43.0 (28683574)|STATEMENT_EXECUTE|[224]
15:18:43.0 (28728610)|SYSTEM_MODE_ENTER|true
15:18:43.0 (28744223)|HEAP_ALLOCATE|[EXTERNAL]|Bytes:80
15:18:43.0 (28780065)|VARIABLE_ASSIGNMENT|[EXTERNAL]|this|{"delToHub":true,"delToProj":false,"detail":"0x3b355586","invoked":false,"rejected":false,"reserved":false,"selectedTime3":"8:00","sublocations1":"0x78f10416","www":"0x2275c58","wwwById":"0x1ae2321e"}|0x1d80aba1
15:18:43.0 (28784681)|STATEMENT_EXECUTE|[212]
15:18:43.0 (28786736)|STATEMENT_EXECUTE|[213]
15:18:43.0 (28788136)|STATEMENT_EXECUTE|[216]
15:18:43.0 (28862452)|SYSTEM_MODE_ENTER|true
15:18:43.0 (28879968)|HEAP_ALLOCATE|[EXTERNAL]|Bytes:80
15:18:43.0 (28919527)|VARIABLE_ASSIGNMENT|[EXTERNAL]|this|{"delToHub":true,"delToProj":false,"detail":"0x3b355586","invoked":false,"rejected":false,"reserved":false,"selectedTime3":"8:00","sublocations1":"0x78f10416","www":"0x2275c58","wwwById":"0x1ae2321e"}|0x1d80aba1
15:18:43.0 (28924842)|STATEMENT_EXECUTE|[21]
15:18:43.0 (28927578)|STATEMENT_EXECUTE|[22]
15:18:43.0 (28928783)|STATEMENT_EXECUTE|[26]
15:18:43.0 (38885836)|SYSTEM_MODE_ENTER|true
15:18:43.0 (38912499)|HEAP_ALLOCATE|[EXTERNAL]|Bytes:80
15:18:43.0 (38918527)|VARIABLE_SCOPE_BEGIN|[48]|this|NewDeliveredExtension|true|false
15:18:43.0 (38962928)|VARIABLE_ASSIGNMENT|[48]|this|{"delToHub":true,"delToProj":false,"detail":"0x3b355586","invoked":false,"rejected":false,"reserved":false,"selectedTime3":"8:00","sublocations1":"0x78f10416","www":"0x2275c58","wwwById":"0x1ae2321e"}|0x1d80aba1
15:18:43.0 (38970737)|STATEMENT_EXECUTE|[48]
15:18:43.0 (38972418)|STATEMENT_EXECUTE|[49]
15:18:43.0 (38979267)|HEAP_ALLOCATE|[49]|Bytes:4
15:18:43.0 (39004308)|VARIABLE_SCOPE_BEGIN|[49]|options|List<System.SelectOption>|true|false
15:18:43.0 (39027495)|HEAP_ALLOCATE|[EXTERNAL]|Bytes:4
15:18:43.0 (39035287)|VARIABLE_ASSIGNMENT|[49]|options|[]|0x1358287
15:18:43.0 (39038842)|STATEMENT_EXECUTE|[50]
15:18:43.0 (39043552)|VARIABLE_SCOPE_BEGIN|[50]|i|Integer|false|false
15:18:43.0 (39047241)|HEAP_ALLOCATE|[50]|Bytes:4
15:18:43.0 (39051801)|VARIABLE_ASSIGNMENT|[50]|i|0
15:18:43.0 (39056409)|STATEMENT_EXECUTE|[50]
15:18:43.0 (39057789)|STATEMENT_EXECUTE|[51]
15:18:43.0 (39059376)|VARIABLE_SCOPE_BEGIN|[51]|j|Integer|false|false
15:18:43.0 (39061002)|HEAP_ALLOCATE|[51]|Bytes:4
15:18:43.0 (39063441)|VARIABLE_ASSIGNMENT|[51]|j|0
15:18:43.0 (39065235)|STATEMENT_EXECUTE|[51]
15:18:43.0 (39067435)|STATEMENT_EXECUTE|[52]
15:18:43.0 (39068716)|STATEMENT_EXECUTE|[53]
15:18:43.0 (39111290)|HEAP_ALLOCATE|[53]|Bytes:1
15:18:43.0 (39121498)|HEAP_ALLOCATE|[53]|Bytes:2
15:18:43.0 (39128129)|HEAP_ALLOCATE|[53]|Bytes:1
15:18:43.0 (39138978)|HEAP_ALLOCATE|[53]|Bytes:4
15:18:43.0 (39144437)|HEAP_ALLOCATE|[53]|Bytes:1
15:18:43.0 (39152025)|HEAP_ALLOCATE|[53]|Bytes:1
15:18:43.0 (39156873)|HEAP_ALLOCATE|[53]|Bytes:4
15:18:43.0 (39184781)|HEAP_ALLOCATE|[EXTERNAL]|Bytes:4
15:18:43.0 (39191344)|HEAP_ALLOCATE|[51]|Bytes:4
15:18:43.0 (39195912)|VARIABLE_ASSIGNMENT|[51]|j|30
15:18:43.0 (39198780)|STATEMENT_EXECUTE|[51]
15:18:43.0 (39200540)|STATEMENT_EXECUTE|[54]
15:18:43.0 (39201534)|STATEMENT_EXECUTE|[55]
15:18:43.0 (39218424)|HEAP_ALLOCATE|[55]|Bytes:1
15:18:43.0 (39225202)|HEAP_ALLOCATE|[55]|Bytes:1
15:18:43.0 (39230820)|HEAP_ALLOCATE|[55]|Bytes:2
15:18:43.0 (39236539)|HEAP_ALLOCATE|[55]|Bytes:4
15:18:43.0 (39241411)|HEAP_ALLOCATE|[55]|Bytes:1
15:18:43.0 (39248490)|HEAP_ALLOCATE|[55]|Bytes:2
15:18:43.0 (39253357)|HEAP_ALLOCATE|[55]|Bytes:4
15:18:43.0 (39265578)|HEAP_ALLOCATE|[EXTERNAL]|Bytes:4
15:18:43.0 (39270037)|HEAP_ALLOCATE|[51]|Bytes:4
15:18:43.0 (39273977)|VARIABLE_ASSIGNMENT|[51]|j|60
15:18:43.0 (39277527)|HEAP_ALLOCATE|[50]|Bytes:4
15:18:43.0 (39279997)|VARIABLE_ASSIGNMENT|[50]|i|1
15:18:43.0 (39281885)|STATEMENT_EXECUTE|[50]
15:18:43.0 (39283397)|STATEMENT_EXECUTE|[51]
15:18:43.0 (39285294)|VARIABLE_SCOPE_BEGIN|[51]|j|Integer|false|false
15:18:43.0 (39287338)|HEAP_ALLOCATE|[51]|Bytes:4
15:18:43.0 (39289604)|VARIABLE_ASSIGNMENT|[51]|j|0
15:18:43.0 (39290987)|STATEMENT_EXECUTE|[51]
15:18:43.0 (39292329)|STATEMENT_EXECUTE|[52]
15:18:43.0 (39293287)|STATEMENT_EXECUTE|[53]
15:18:43.0 (39300429)|HEAP_ALLOCATE|[53]|Bytes:1
15:18:43.0 (39308287)|HEAP_ALLOCATE|[53]|Bytes:1
15:18:43.0 (39313154)|HEAP_ALLOCATE|[53]|Bytes:4
15:18:43.0 (39317872)|HEAP_ALLOCATE|[53]|Bytes:1
15:18:43.0 (39324713)|HEAP_ALLOCATE|[53]|Bytes:1
15:18:43.0 (39329238)|HEAP_ALLOCATE|[53]|Bytes:4
15:18:43.0 (39335066)|HEAP_ALLOCATE|[EXTERNAL]|Bytes:4
15:18:43.0 (39338678)|HEAP_ALLOCATE|[51]|Bytes:4
15:18:43.0 (39341424)|VARIABLE_ASSIGNMENT|[51]|j|30
15:18:43.0 (39343147)|STATEMENT_EXECUTE|[51]
15:18:43.0 (39344751)|STATEMENT_EXECUTE|[54]
15:18:43.0 (39345784)|STATEMENT_EXECUTE|[55]
15:18:43.0 (39351532)|HEAP_ALLOCATE|[55]|Bytes:1
15:18:43.0 (39359217)|HEAP_ALLOCATE|[55]|Bytes:2
15:18:43.0 (39364074)|HEAP_ALLOCATE|[55]|Bytes:4
15:18:43.0 (39368664)|HEAP_ALLOCATE|[55]|Bytes:1
15:18:43.0 (39375675)|HEAP_ALLOCATE|[55]|Bytes:2
15:18:43.0 (39380383)|HEAP_ALLOCATE|[55]|Bytes:4
15:18:43.0 (39384875)|HEAP_ALLOCATE|[EXTERNAL]|Bytes:4
15:18:43.0 (39388050)|HEAP_ALLOCATE|[51]|Bytes:4
15:18:43.0 (39390585)|VARIABLE_ASSIGNMENT|[51]|j|60
15:18:43.0 (39392427)|HEAP_ALLOCATE|[50]|Bytes:4
15:18:43.0 (39394702)|VARIABLE_ASSIGNMENT|[50]|i|2
15:18:43.0 (39396348)|STATEMENT_EXECUTE|[50]
15:18:43.0 (39397792)|STATEMENT_EXECUTE|[51]
15:18:43.0 (39399386)|VARIABLE_SCOPE_BEGIN|[51]|j|Integer|false|false
15:18:43.0 (39400997)|HEAP_ALLOCATE|[51]|Bytes:4
15:18:43.0 (39403171)|VARIABLE_ASSIGNMENT|[51]|j|0
15:18:43.0 (39404492)|STATEMENT_EXECUTE|[51]
15:18:43.0 (39405703)|STATEMENT_EXECUTE|[52]
15:18:43.0 (39406863)|STATEMENT_EXECUTE|[53]
15:18:43.0 (39412545)|HEAP_ALLOCATE|[53]|Bytes:1
15:18:43.0 (39420098)|HEAP_ALLOCATE|[53]|Bytes:1
15:18:43.0 (39424962)|HEAP_ALLOCATE|[53]|Bytes:4
15:18:43.0 (39429464)|HEAP_ALLOCATE|[53]|Bytes:1
15:18:43.0 (39436265)|HEAP_ALLOCATE|[53]|Bytes:1
15:18:43.0 (39440894)|HEAP_ALLOCATE|[53]|Bytes:4
15:18:43.0 (39445469)|HEAP_ALLOCATE|[EXTERNAL]|Bytes:4
15:18:43.0 (39448833)|HEAP_ALLOCATE|[51]|Bytes:4
15:18:43.0 (39451464)|VARIABLE_ASSIGNMENT|[51]|j|30
15:18:43.0 (39453236)|STATEMENT_EXECUTE|[51]
15:18:43.0 (39454610)|STATEMENT_EXECUTE|[54]
15:18:43.0 (39455578)|STATEMENT_EXECUTE|[55]
15:18:43.0 (39461016)|HEAP_ALLOCATE|[55]|Bytes:1
15:18:43.0 (39468461)|HEAP_ALLOCATE|[55]|Bytes:2
15:18:43.0 (39473148)|HEAP_ALLOCATE|[55]|Bytes:4
15:18:43.0 (39477772)|HEAP_ALLOCATE|[55]|Bytes:1
15:18:43.0 (39484654)|HEAP_ALLOCATE|[55]|Bytes:2
15:18:43.0 (39489333)|HEAP_ALLOCATE|[55]|Bytes:4
15:18:43.0 (39493591)|HEAP_ALLOCATE|[EXTERNAL]|Bytes:4
15:18:43.0 (39496742)|HEAP_ALLOCATE|[51]|Bytes:4
15:18:43.0 (39499511)|VARIABLE_ASSIGNMENT|[51]|j|60
15:18:43.0 (39501387)|HEAP_ALLOCATE|[50]|Bytes:4
15:18:43.0 (39503595)|VARIABLE_ASSIGNMENT|[50]|i|3
15:18:43.0 (39505055)|STATEMENT_EXECUTE|[50]
15:18:43.0 (39506271)|STATEMENT_EXECUTE|[51]
15:18:43.0 (39507769)|VARIABLE_SCOPE_BEGIN|[51]|j|Integer|false|false
15:18:43.0 (39509142)|HEAP_ALLOCATE|[51]|Bytes:4
15:18:43.0 (39511298)|VARIABLE_ASSIGNMENT|[51]|j|0
15:18:43.0 (39512672)|STATEMENT_EXECUTE|[51]
15:18:43.0 (39513883)|STATEMENT_EXECUTE|[52]
15:18:43.0 (39514999)|STATEMENT_EXECUTE|[53]
15:18:43.0 (39520465)|HEAP_ALLOCATE|[53]|Bytes:1
15:18:43.0 (39527889)|HEAP_ALLOCATE|[53]|Bytes:1
15:18:43.0 (39532727)|HEAP_ALLOCATE|[53]|Bytes:4
15:18:43.0 (39537274)|HEAP_ALLOCATE|[53]|Bytes:1
15:18:43.0 (39544301)|HEAP_ALLOCATE|[53]|Bytes:1
15:18:43.0 (39548857)|HEAP_ALLOCATE|[53]|Bytes:4
15:18:43.0 (39553288)|HEAP_ALLOCATE|[EXTERNAL]|Bytes:4
15:18:43.0 (39556467)|HEAP_ALLOCATE|[51]|Bytes:4
15:18:43.0 (39558998)|VARIABLE_ASSIGNMENT|[51]|j|30
15:18:43.0 (39560482)|STATEMENT_EXECUTE|[51]
15:18:43.0 (39561889)|STATEMENT_EXECUTE|[54]
15:18:43.0 (39562876)|STATEMENT_EXECUTE|[55]
15:18:43.0 (39568111)|HEAP_ALLOCATE|[55]|Bytes:1
15:18:43.0 (39575572)|HEAP_ALLOCATE|[55]|Bytes:2
15:18:43.0 (39580463)|HEAP_ALLOCATE|[55]|Bytes:4
15:18:43.0 (39584960)|HEAP_ALLOCATE|[55]|Bytes:1
15:18:43.0 (39591794)|HEAP_ALLOCATE|[55]|Bytes:2
15:18:43.0 (39596397)|HEAP_ALLOCATE|[55]|Bytes:4
15:18:43.0 (39600701)|HEAP_ALLOCATE|[EXTERNAL]|Bytes:4
15:18:43.0 (39603901)|HEAP_ALLOCATE|[51]|Bytes:4
15:18:43.0 (39606534)|VARIABLE_ASSIGNMENT|[51]|j|60
15:18:43.0 (39608346)|HEAP_ALLOCATE|[50]|Bytes:4
15:18:43.0 (39610487)|VARIABLE_ASSIGNMENT|[50]|i|4
15:18:43.0 (39611974)|STATEMENT_EXECUTE|[50]
15:18:43.0 (39613195)|STATEMENT_EXECUTE|[51]
15:18:43.0 (39614673)|VARIABLE_SCOPE_BEGIN|[51]|j|Integer|false|false
15:18:43.0 (39616080)|HEAP_ALLOCATE|[51]|Bytes:4
15:18:43.0 (39618268)|VARIABLE_ASSIGNMENT|[51]|j|0
15:18:43.0 (39619620)|STATEMENT_EXECUTE|[51]
15:18:43.0 (39620864)|STATEMENT_EXECUTE|[52]
15:18:43.0 (39621913)|STATEMENT_EXECUTE|[53]
15:18:43.0 (39627839)|HEAP_ALLOCATE|[53]|Bytes:1
15:18:43.0 (39635316)|HEAP_ALLOCATE|[53]|Bytes:1
15:18:43.0 (39640110)|HEAP_ALLOCATE|[53]|Bytes:4
15:18:43.0 (39644670)|HEAP_ALLOCATE|[53]|Bytes:1
15:18:43.0 (39651507)|HEAP_ALLOCATE|[53]|Bytes:1
15:18:43.0 (39656051)|HEAP_ALLOCATE|[53]|Bytes:4
15:18:43.0 (39660529)|HEAP_ALLOCATE|[EXTERNAL]|Bytes:4
15:18:43.0 (39663771)|HEAP_ALLOCATE|[51]|Bytes:4
15:18:43.0 (39666229)|VARIABLE_ASSIGNMENT|[51]|j|30
15:18:43.0 (39667811)|STATEMENT_EXECUTE|[51]
15:18:43.0 (39669052)|STATEMENT_EXECUTE|[54]
15:18:43.0 (39670039)|STATEMENT_EXECUTE|[55]
15:18:43.0 (39675375)|HEAP_ALLOCATE|[55]|Bytes:1
15:18:43.0 (39682855)|HEAP_ALLOCATE|[55]|Bytes:2
15:18:43.0 (39687674)|HEAP_ALLOCATE|[55]|Bytes:4
15:18:43.0 (39692148)|HEAP_ALLOCATE|[55]|Bytes:1
15:18:43.0 (39699040)|HEAP_ALLOCATE|[55]|Bytes:2
15:18:43.0 (39703617)|HEAP_ALLOCATE|[55]|Bytes:4
15:18:43.0 (39707930)|HEAP_ALLOCATE|[EXTERNAL]|Bytes:4
15:18:43.0 (39711134)|HEAP_ALLOCATE|[51]|Bytes:4
15:18:43.0 (39713609)|VARIABLE_ASSIGNMENT|[51]|j|60
15:18:43.0 (39715961)|HEAP_ALLOCATE|[50]|Bytes:4
15:18:43.0 (39718362)|VARIABLE_ASSIGNMENT|[50]|i|5
15:18:43.0 (39719895)|STATEMENT_EXECUTE|[50]
15:18:43.0 (39721167)|STATEMENT_EXECUTE|[51]
15:18:43.0 (39722816)|VARIABLE_SCOPE_BEGIN|[51]|j|Integer|false|false
15:18:43.0 (39724207)|HEAP_ALLOCATE|[51]|Bytes:4
15:18:43.0 (39726383)|VARIABLE_ASSIGNMENT|[51]|j|0
15:18:43.0 (39727800)|STATEMENT_EXECUTE|[51]
15:18:43.0 (39729110)|STATEMENT_EXECUTE|[52]
15:18:43.0 (39730063)|STATEMENT_EXECUTE|[53]
15:18:43.0 (39735576)|HEAP_ALLOCATE|[53]|Bytes:1
15:18:43.0 (39743004)|HEAP_ALLOCATE|[53]|Bytes:1
15:18:43.0 (39747803)|HEAP_ALLOCATE|[53]|Bytes:4
15:18:43.0 (39752453)|HEAP_ALLOCATE|[53]|Bytes:1
15:18:43.0 (39759353)|HEAP_ALLOCATE|[53]|Bytes:1
15:18:43.0 (39764088)|HEAP_ALLOCATE|[53]|Bytes:4
15:18:43.0 (39768528)|HEAP_ALLOCATE|[EXTERNAL]|Bytes:4
15:18:43.0 (39772080)|HEAP_ALLOCATE|[51]|Bytes:4
15:18:43.0 (39774603)|VARIABLE_ASSIGNMENT|[51]|j|30
15:18:43.0 (39776103)|STATEMENT_EXECUTE|[51]
15:18:43.0 (39777745)|STATEMENT_EXECUTE|[54]
15:18:43.0 (39778822)|STATEMENT_EXECUTE|[55]
15:18:43.0 (39784242)|HEAP_ALLOCATE|[55]|Bytes:1
15:18:43.0 (39791585)|HEAP_ALLOCATE|[55]|Bytes:2
15:18:43.0 (39796285)|HEAP_ALLOCATE|[55]|Bytes:4
15:18:43.0 (39800794)|HEAP_ALLOCATE|[55]|Bytes:1
15:18:43.0 (39807634)|HEAP_ALLOCATE|[55]|Bytes:2
15:18:43.0 (39812213)|HEAP_ALLOCATE|[55]|Bytes:4
15:18:43.0 (39821422)|HEAP_ALLOCATE|[EXTERNAL]|Bytes:4
15:18:43.0 (39824961)|HEAP_ALLOCATE|[51]|Bytes:4
15:18:43.0 (39827660)|VARIABLE_ASSIGNMENT|[51]|j|60
15:18:43.0 (39829666)|HEAP_ALLOCATE|[50]|Bytes:4
15:18:43.0 (39831936)|VARIABLE_ASSIGNMENT|[50]|i|6
15:18:43.0 (39833524)|STATEMENT_EXECUTE|[50]
15:18:43.0 (39834759)|STATEMENT_EXECUTE|[51]
15:18:43.0 (39836309)|VARIABLE_SCOPE_BEGIN|[51]|j|Integer|false|false
15:18:43.0 (39837921)|HEAP_ALLOCATE|[51]|Bytes:4
15:18:43.0 (39840291)|VARIABLE_ASSIGNMENT|[51]|j|0
15:18:43.0 (39841917)|STATEMENT_EXECUTE|[51]
15:18:43.0 (39843154)|STATEMENT_EXECUTE|[52]
15:18:43.0 (39844123)|STATEMENT_EXECUTE|[53]
15:18:43.0 (39850584)|HEAP_ALLOCATE|[53]|Bytes:1
15:18:43.0 (39857981)|HEAP_ALLOCATE|[53]|Bytes:1
15:18:43.0 (39862766)|HEAP_ALLOCATE|[53]|Bytes:4
15:18:43.0 (39867306)|HEAP_ALLOCATE|[53]|Bytes:1
15:18:43.0 (39874154)|HEAP_ALLOCATE|[53]|Bytes:1
15:18:43.0 (39878710)|HEAP_ALLOCATE|[53]|Bytes:4
15:18:43.0 (39883245)|HEAP_ALLOCATE|[EXTERNAL]|Bytes:4
15:18:43.0 (39886480)|HEAP_ALLOCATE|[51]|Bytes:4
15:18:43.0 (39889070)|VARIABLE_ASSIGNMENT|[51]|j|30
15:18:43.0 (39890844)|STATEMENT_EXECUTE|[51]
15:18:43.0 (39892175)|STATEMENT_EXECUTE|[54]
15:18:43.0 (39893364)|STATEMENT_EXECUTE|[55]
15:18:43.0 (39898520)|HEAP_ALLOCATE|[55]|Bytes:1
15:18:43.0 (39908942)|HEAP_ALLOCATE|[55]|Bytes:2
15:18:43.0 (39914227)|HEAP_ALLOCATE|[55]|Bytes:4
15:18:43.0 (39918805)|HEAP_ALLOCATE|[55]|Bytes:1
15:18:43.0 (39925855)|HEAP_ALLOCATE|[55]|Bytes:2
15:18:43.0 (39930461)|HEAP_ALLOCATE|[55]|Bytes:4
15:18:43.0 (39935202)|HEAP_ALLOCATE|[EXTERNAL]|Bytes:4
15:18:43.0 (39938451)|HEAP_ALLOCATE|[51]|Bytes:4
15:18:43.0 (39941241)|VARIABLE_ASSIGNMENT|[51]|j|60
15:18:43.0 (39943595)|HEAP_ALLOCATE|[50]|Bytes:4
15:18:43.0 (39946021)|VARIABLE_ASSIGNMENT|[50]|i|7
15:18:43.0 (39947666)|STATEMENT_EXECUTE|[50]
15:18:43.0 (39948997)|STATEMENT_EXECUTE|[51]
15:18:43.0 (39950579)|VARIABLE_SCOPE_BEGIN|[51]|j|Integer|false|false
15:18:43.0 (39951982)|HEAP_ALLOCATE|[51]|Bytes:4
15:18:43.0 (39954112)|VARIABLE_ASSIGNMENT|[51]|j|0
15:18:43.0 (39955510)|STATEMENT_EXECUTE|[51]
15:18:43.0 (39956750)|STATEMENT_EXECUTE|[52]
15:18:43.0 (39957763)|STATEMENT_EXECUTE|[53]
15:18:43.0 (39963489)|HEAP_ALLOCATE|[53]|Bytes:1
15:18:43.0 (39970767)|HEAP_ALLOCATE|[53]|Bytes:1
15:18:43.0 (39975583)|HEAP_ALLOCATE|[53]|Bytes:4
15:18:43.0 (39980122)|HEAP_ALLOCATE|[53]|Bytes:1
15:18:43.0 (39986947)|HEAP_ALLOCATE|[53]|Bytes:1
15:18:43.0 (39991542)|HEAP_ALLOCATE|[53]|Bytes:4
15:18:43.0 (39995998)|HEAP_ALLOCATE|[EXTERNAL]|Bytes:4
15:18:43.0 (39999598)|HEAP_ALLOCATE|[51]|Bytes:4
15:18:43.0 (40002165)|VARIABLE_ASSIGNMENT|[51]|j|30
15:18:43.0 (40004376)|STATEMENT_EXECUTE|[51]
15:18:43.0 (40005578)|STATEMENT_EXECUTE|[54]
15:18:43.0 (40006904)|STATEMENT_EXECUTE|[55]
15:18:43.0 (40012273)|HEAP_ALLOCATE|[55]|Bytes:1
15:18:43.0 (40019561)|HEAP_ALLOCATE|[55]|Bytes:2
15:18:43.0 (40024229)|HEAP_ALLOCATE|[55]|Bytes:4
15:18:43.0 (40028791)|HEAP_ALLOCATE|[55]|Bytes:1
15:18:43.0 (40035765)|HEAP_ALLOCATE|[55]|Bytes:2
15:18:43.0 (40040357)|HEAP_ALLOCATE|[55]|Bytes:4
15:18:43.0 (40044889)|HEAP_ALLOCATE|[EXTERNAL]|Bytes:4
15:18:43.0 (40048134)|HEAP_ALLOCATE|[51]|Bytes:4
15:18:43.0 (40050904)|VARIABLE_ASSIGNMENT|[51]|j|60
15:18:43.0 (40052704)|HEAP_ALLOCATE|[50]|Bytes:4
15:18:43.0 (40054911)|VARIABLE_ASSIGNMENT|[50]|i|8
15:18:43.0 (40056428)|STATEMENT_EXECUTE|[50]
15:18:43.0 (40057673)|STATEMENT_EXECUTE|[51]
15:18:43.0 (40059150)|VARIABLE_SCOPE_BEGIN|[51]|j|Integer|false|false
15:18:43.0 (40060533)|HEAP_ALLOCATE|[51]|Bytes:4
15:18:43.0 (40062677)|VARIABLE_ASSIGNMENT|[51]|j|0
15:18:43.0 (40064006)|STATEMENT_EXECUTE|[51]
15:18:43.0 (40065213)|STATEMENT_EXECUTE|[52]
15:18:43.0 (40066175)|STATEMENT_EXECUTE|[53]
15:18:43.0 (40072081)|HEAP_ALLOCATE|[53]|Bytes:1
15:18:43.0 (40079459)|HEAP_ALLOCATE|[53]|Bytes:1
15:18:43.0 (40084139)|HEAP_ALLOCATE|[53]|Bytes:4
15:18:43.0 (40088672)|HEAP_ALLOCATE|[53]|Bytes:1
15:18:43.0 (40095674)|HEAP_ALLOCATE|[53]|Bytes:1
15:18:43.0 (40100234)|HEAP_ALLOCATE|[53]|Bytes:4
15:18:43.0 (40104759)|HEAP_ALLOCATE|[EXTERNAL]|Bytes:4
15:18:43.0 (40108044)|HEAP_ALLOCATE|[51]|Bytes:4
15:18:43.0 (40110549)|VARIABLE_ASSIGNMENT|[51]|j|30
15:18:43.0 (40112087)|STATEMENT_EXECUTE|[51]
15:18:43.0 (40113334)|STATEMENT_EXECUTE|[54]
15:18:43.0 (40114315)|STATEMENT_EXECUTE|[55]
15:18:43.0 (40119428)|HEAP_ALLOCATE|[55]|Bytes:1
15:18:43.0 (40126619)|HEAP_ALLOCATE|[55]|Bytes:2
15:18:43.0 (40131472)|HEAP_ALLOCATE|[55]|Bytes:4
15:18:43.0 (40135938)|HEAP_ALLOCATE|[55]|Bytes:1
15:18:43.0 (40142782)|HEAP_ALLOCATE|[55]|Bytes:2
15:18:43.0 (40147460)|HEAP_ALLOCATE|[55]|Bytes:4
15:18:43.0 (40151661)|HEAP_ALLOCATE|[EXTERNAL]|Bytes:4
15:18:43.0 (40154961)|HEAP_ALLOCATE|[51]|Bytes:4
15:18:43.0 (40157654)|VARIABLE_ASSIGNMENT|[51]|j|60
15:18:43.0 (40159703)|HEAP_ALLOCATE|[50]|Bytes:4
15:18:43.0 (40161905)|VARIABLE_ASSIGNMENT|[50]|i|9
15:18:43.0 (40163399)|STATEMENT_EXECUTE|[50]
15:18:43.0 (40164603)|STATEMENT_EXECUTE|[51]
15:18:43.0 (40166069)|VARIABLE_SCOPE_BEGIN|[51]|j|Integer|false|false
15:18:43.0 (40167437)|HEAP_ALLOCATE|[51]|Bytes:4
15:18:43.0 (40169597)|VARIABLE_ASSIGNMENT|[51]|j|0
15:18:43.0 (40170965)|STATEMENT_EXECUTE|[51]
15:18:43.0 (40172165)|STATEMENT_EXECUTE|[52]
15:18:43.0 (40173159)|STATEMENT_EXECUTE|[53]
15:18:43.0 (40178574)|HEAP_ALLOCATE|[53]|Bytes:1
15:18:43.0 (40186034)|HEAP_ALLOCATE|[53]|Bytes:1
15:18:43.0 (40190810)|HEAP_ALLOCATE|[53]|Bytes:4
15:18:43.0 (40195288)|HEAP_ALLOCATE|[53]|Bytes:1
15:18:43.0 (40202092)|HEAP_ALLOCATE|[53]|Bytes:1
15:18:43.0 (40206687)|HEAP_ALLOCATE|[53]|Bytes:4
15:18:43.0 (40211295)|HEAP_ALLOCATE|[EXTERNAL]|Bytes:4
15:18:43.0 (40214490)|HEAP_ALLOCATE|[51]|Bytes:4
15:18:43.0 (40216973)|VARIABLE_ASSIGNMENT|[51]|j|30
15:18:43.0 (40218520)|STATEMENT_EXECUTE|[51]
15:18:43.0 (40219746)|STATEMENT_EXECUTE|[54]
15:18:43.0 (40220925)|STATEMENT_EXECUTE|[55]
15:18:43.0 (40226041)|HEAP_ALLOCATE|[55]|Bytes:1
15:18:43.0 (40233417)|HEAP_ALLOCATE|[55]|Bytes:2
15:18:43.0 (40238276)|HEAP_ALLOCATE|[55]|Bytes:4
15:18:43.0 (40242767)|HEAP_ALLOCATE|[55]|Bytes:1
15:18:43.0 (40249645)|HEAP_ALLOCATE|[55]|Bytes:2
15:18:43.0 (40254245)|HEAP_ALLOCATE|[55]|Bytes:4
15:18:43.0 (40258451)|HEAP_ALLOCATE|[EXTERNAL]|Bytes:4
15:18:43.0 (40262224)|HEAP_ALLOCATE|[51]|Bytes:4
15:18:43.0 (40264644)|VARIABLE_ASSIGNMENT|[51]|j|60
15:18:43.0 (40266386)|HEAP_ALLOCATE|[50]|Bytes:4
15:18:43.0 (40268609)|VARIABLE_ASSIGNMENT|[50]|i|10
15:18:43.0 (40270062)|STATEMENT_EXECUTE|[50]
15:18:43.0 (40271292)|STATEMENT_EXECUTE|[51]
15:18:43.0 (40272748)|VARIABLE_SCOPE_BEGIN|[51]|j|Integer|false|false
15:18:43.0 (40274257)|HEAP_ALLOCATE|[51]|Bytes:4
15:18:43.0 (40276407)|VARIABLE_ASSIGNMENT|[51]|j|0
15:18:43.0 (40277786)|STATEMENT_EXECUTE|[51]
15:18:43.0 (40278986)|STATEMENT_EXECUTE|[52]
15:18:43.0 (40279954)|STATEMENT_EXECUTE|[53]
15:18:43.0 (40285302)|HEAP_ALLOCATE|[53]|Bytes:2
15:18:43.0 (40292839)|HEAP_ALLOCATE|[53]|Bytes:1
15:18:43.0 (40297569)|HEAP_ALLOCATE|[53]|Bytes:5
15:18:43.0 (40302098)|HEAP_ALLOCATE|[53]|Bytes:2
15:18:43.0 (40308958)|HEAP_ALLOCATE|[53]|Bytes:1
15:18:43.0 (40313764)|HEAP_ALLOCATE|[53]|Bytes:5
15:18:43.0 (40318125)|HEAP_ALLOCATE|[EXTERNAL]|Bytes:4
15:18:43.0 (40321469)|HEAP_ALLOCATE|[51]|Bytes:4
15:18:43.0 (40323963)|VARIABLE_ASSIGNMENT|[51]|j|30
15:18:43.0 (40325444)|STATEMENT_EXECUTE|[51]
15:18:43.0 (40326641)|STATEMENT_EXECUTE|[54]
15:18:43.0 (40327591)|STATEMENT_EXECUTE|[55]
15:18:43.0 (40332672)|HEAP_ALLOCATE|[55]|Bytes:2
15:18:43.0 (40339917)|HEAP_ALLOCATE|[55]|Bytes:2
15:18:43.0 (40344736)|HEAP_ALLOCATE|[55]|Bytes:5
15:18:43.0 (40349257)|HEAP_ALLOCATE|[55]|Bytes:2
15:18:43.0 (40356161)|HEAP_ALLOCATE|[55]|Bytes:2
15:18:43.0 (40360782)|HEAP_ALLOCATE|[55]|Bytes:5
15:18:43.0 (40365125)|HEAP_ALLOCATE|[EXTERNAL]|Bytes:4
15:18:43.0 (40368591)|HEAP_ALLOCATE|[51]|Bytes:4
15:18:43.0 (40371050)|VARIABLE_ASSIGNMENT|[51]|j|60
15:18:43.0 (40373319)|HEAP_ALLOCATE|[50]|Bytes:4
15:18:43.0 (40375534)|VARIABLE_ASSIGNMENT|[50]|i|11
15:18:43.0 (40377016)|STATEMENT_EXECUTE|[50]
15:18:43.0 (40378242)|STATEMENT_EXECUTE|[51]
15:18:43.0 (40379684)|VARIABLE_SCOPE_BEGIN|[51]|j|Integer|false|false
15:18:43.0 (40381062)|HEAP_ALLOCATE|[51]|Bytes:4
15:18:43.0 (40383302)|VARIABLE_ASSIGNMENT|[51]|j|0
15:18:43.0 (40384668)|STATEMENT_EXECUTE|[51]
15:18:43.0 (40385883)|STATEMENT_EXECUTE|[52]
15:18:43.0 (40386819)|STATEMENT_EXECUTE|[53]
15:18:43.0 (40392217)|HEAP_ALLOCATE|[53]|Bytes:2
15:18:43.0 (40399404)|HEAP_ALLOCATE|[53]|Bytes:1
15:18:43.0 (40404210)|HEAP_ALLOCATE|[53]|Bytes:5
15:18:43.0 (40408618)|HEAP_ALLOCATE|[53]|Bytes:2
15:18:43.0 (40415425)|HEAP_ALLOCATE|[53]|Bytes:1
15:18:43.0 (40420111)|HEAP_ALLOCATE|[53]|Bytes:5
15:18:43.0 (40424372)|HEAP_ALLOCATE|[EXTERNAL]|Bytes:4
15:18:43.0 (40427693)|HEAP_ALLOCATE|[51]|Bytes:4
15:18:43.0 (40430215)|VARIABLE_ASSIGNMENT|[51]|j|30
15:18:43.0 (40431718)|STATEMENT_EXECUTE|[51]
15:18:43.0 (40432919)|STATEMENT_EXECUTE|[54]
15:18:43.0 (40434043)|STATEMENT_EXECUTE|[55]
15:18:43.0 (40439065)|HEAP_ALLOCATE|[55]|Bytes:2
15:18:43.0 (40446407)|HEAP_ALLOCATE|[55]|Bytes:2
15:18:43.0 (40451366)|HEAP_ALLOCATE|[55]|Bytes:5
15:18:43.0 (40455912)|HEAP_ALLOCATE|[55]|Bytes:2
15:18:43.0 (40462808)|HEAP_ALLOCATE|[55]|Bytes:2
15:18:43.0 (40467420)|HEAP_ALLOCATE|[55]|Bytes:5
15:18:43.0 (40471777)|HEAP_ALLOCATE|[EXTERNAL]|Bytes:4
15:18:43.0 (40475067)|HEAP_ALLOCATE|[51]|Bytes:4
15:18:43.0 (40477476)|VARIABLE_ASSIGNMENT|[51]|j|60
15:18:43.0 (40479219)|HEAP_ALLOCATE|[50]|Bytes:4
15:18:43.0 (40481379)|VARIABLE_ASSIGNMENT|[50]|i|12
15:18:43.0 (40482861)|STATEMENT_EXECUTE|[50]
15:18:43.0 (40484110)|STATEMENT_EXECUTE|[51]
15:18:43.0 (40485533)|VARIABLE_SCOPE_BEGIN|[51]|j|Integer|false|false
15:18:43.0 (40486908)|HEAP_ALLOCATE|[51]|Bytes:4
15:18:43.0 (40489053)|VARIABLE_ASSIGNMENT|[51]|j|0
15:18:43.0 (40490395)|STATEMENT_EXECUTE|[51]
15:18:43.0 (40491596)|STATEMENT_EXECUTE|[52]
15:18:43.0 (40492560)|STATEMENT_EXECUTE|[53]
15:18:43.0 (40497881)|HEAP_ALLOCATE|[53]|Bytes:2
15:18:43.0 (40505669)|HEAP_ALLOCATE|[53]|Bytes:1
15:18:43.0 (40510382)|HEAP_ALLOCATE|[53]|Bytes:5
15:18:43.0 (40514969)|HEAP_ALLOCATE|[53]|Bytes:2
15:18:43.0 (40521965)|HEAP_ALLOCATE|[53]|Bytes:1
15:18:43.0 (40526821)|HEAP_ALLOCATE|[53]|Bytes:5
15:18:43.0 (40531132)|HEAP_ALLOCATE|[EXTERNAL]|Bytes:4
15:18:43.0 (40534382)|HEAP_ALLOCATE|[51]|Bytes:4
15:18:43.0 (40536854)|VARIABLE_ASSIGNMENT|[51]|j|30
15:18:43.0 (40538356)|STATEMENT_EXECUTE|[51]
15:18:43.0 (40539607)|STATEMENT_EXECUTE|[54]
15:18:43.0 (40540652)|STATEMENT_EXECUTE|[55]
15:18:43.0 (40545749)|HEAP_ALLOCATE|[55]|Bytes:2
15:18:43.0 (40553112)|HEAP_ALLOCATE|[55]|Bytes:2
15:18:43.0 (40557869)|HEAP_ALLOCATE|[55]|Bytes:5
15:18:43.0 (40562381)|HEAP_ALLOCATE|[55]|Bytes:2
15:18:43.0 (40569301)|HEAP_ALLOCATE|[55]|Bytes:2
15:18:43.0 (40574023)|HEAP_ALLOCATE|[55]|Bytes:5
15:18:43.0 (40578410)|HEAP_ALLOCATE|[EXTERNAL]|Bytes:4
15:18:43.0 (40581653)|HEAP_ALLOCATE|[51]|Bytes:4
15:18:43.0 (40584064)|VARIABLE_ASSIGNMENT|[51]|j|60
15:18:43.0 (40586026)|HEAP_ALLOCATE|[50]|Bytes:4
15:18:43.0 (40588222)|VARIABLE_ASSIGNMENT|[50]|i|13
15:18:43.0 (40589681)|STATEMENT_EXECUTE|[50]
15:18:43.0 (40590904)|STATEMENT_EXECUTE|[51]
15:18:43.0 (40592348)|VARIABLE_SCOPE_BEGIN|[51]|j|Integer|false|false
15:18:43.0 (40593719)|HEAP_ALLOCATE|[51]|Bytes:4
15:18:43.0 (40595919)|VARIABLE_ASSIGNMENT|[51]|j|0
15:18:43.0 (40597261)|STATEMENT_EXECUTE|[51]
15:18:43.0 (40598483)|STATEMENT_EXECUTE|[52]
15:18:43.0 (40599607)|STATEMENT_EXECUTE|[53]
15:18:43.0 (40605049)|HEAP_ALLOCATE|[53]|Bytes:2
15:18:43.0 (40612230)|HEAP_ALLOCATE|[53]|Bytes:1
15:18:43.0 (40617079)|HEAP_ALLOCATE|[53]|Bytes:5
15:18:43.0 (40621571)|HEAP_ALLOCATE|[53]|Bytes:2
15:18:43.0 (40628613)|HEAP_ALLOCATE|[53]|Bytes:1
15:18:43.0 (40633311)|HEAP_ALLOCATE|[53]|Bytes:5
15:18:43.0 (40637802)|HEAP_ALLOCATE|[EXTERNAL]|Bytes:4
15:18:43.0 (40641006)|HEAP_ALLOCATE|[51]|Bytes:4
15:18:43.0 (40643531)|VARIABLE_ASSIGNMENT|[51]|j|30
15:18:43.0 (40645006)|STATEMENT_EXECUTE|[51]
15:18:43.0 (40646237)|STATEMENT_EXECUTE|[54]
15:18:43.0 (40647420)|STATEMENT_EXECUTE|[55]
15:18:43.0 (40652719)|HEAP_ALLOCATE|[55]|Bytes:2
15:18:43.0 (40660130)|HEAP_ALLOCATE|[55]|Bytes:2
15:18:43.0 (40664878)|HEAP_ALLOCATE|[55]|Bytes:5
15:18:43.0 (40669322)|HEAP_ALLOCATE|[55]|Bytes:2
15:18:43.0 (40676202)|HEAP_ALLOCATE|[55]|Bytes:2
15:18:43.0 (40680972)|HEAP_ALLOCATE|[55]|Bytes:5
15:18:43.0 (40685441)|HEAP_ALLOCATE|[EXTERNAL]|Bytes:4
15:18:43.0 (40688625)|HEAP_ALLOCATE|[51]|Bytes:4
15:18:43.0 (40691024)|VARIABLE_ASSIGNMENT|[51]|j|60
15:18:43.0 (40692773)|HEAP_ALLOCATE|[50]|Bytes:4
15:18:43.0 (40694909)|VARIABLE_ASSIGNMENT|[50]|i|14
15:18:43.0 (40696334)|STATEMENT_EXECUTE|[50]
15:18:43.0 (40697555)|STATEMENT_EXECUTE|[51]
15:18:43.0 (40698995)|VARIABLE_SCOPE_BEGIN|[51]|j|Integer|false|false
15:18:43.0 (40700362)|HEAP_ALLOCATE|[51]|Bytes:4
15:18:43.0 (40702514)|VARIABLE_ASSIGNMENT|[51]|j|0
15:18:43.0 (40703872)|STATEMENT_EXECUTE|[51]
15:18:43.0 (40705097)|STATEMENT_EXECUTE|[52]
15:18:43.0 (40706054)|STATEMENT_EXECUTE|[53]
15:18:43.0 (40711542)|HEAP_ALLOCATE|[53]|Bytes:2
15:18:43.0 (40719181)|HEAP_ALLOCATE|[53]|Bytes:1
15:18:43.0 (40723863)|HEAP_ALLOCATE|[53]|Bytes:5
15:18:43.0 (40728373)|HEAP_ALLOCATE|[53]|Bytes:2
15:18:43.0 (40735348)|HEAP_ALLOCATE|[53]|Bytes:1
15:18:43.0 (40740207)|HEAP_ALLOCATE|[53]|Bytes:5
15:18:43.0 (40744532)|HEAP_ALLOCATE|[EXTERNAL]|Bytes:4
15:18:43.0 (40747813)|HEAP_ALLOCATE|[51]|Bytes:4
15:18:43.0 (40750272)|VARIABLE_ASSIGNMENT|[51]|j|30
15:18:43.0 (40751769)|STATEMENT_EXECUTE|[51]
15:18:43.0 (40752973)|STATEMENT_EXECUTE|[54]
15:18:43.0 (40753946)|STATEMENT_EXECUTE|[55]
15:18:43.0 (40759139)|HEAP_ALLOCATE|[55]|Bytes:2
15:18:43.0 (40766479)|HEAP_ALLOCATE|[55]|Bytes:2
15:18:43.0 (40771217)|HEAP_ALLOCATE|[55]|Bytes:5
15:18:43.0 (40775677)|HEAP_ALLOCATE|[55]|Bytes:2
15:18:43.0 (40782618)|HEAP_ALLOCATE|[55]|Bytes:2
15:18:43.0 (40787303)|HEAP_ALLOCATE|[55]|Bytes:5
15:18:43.0 (40791821)|HEAP_ALLOCATE|[EXTERNAL]|Bytes:4
15:18:43.0 (40794898)|HEAP_ALLOCATE|[51]|Bytes:4
15:18:43.0 (40797367)|VARIABLE_ASSIGNMENT|[51]|j|60
15:18:43.0 (40799047)|HEAP_ALLOCATE|[50]|Bytes:4
15:18:43.0 (40801616)|VARIABLE_ASSIGNMENT|[50]|i|15
15:18:43.0 (40803079)|STATEMENT_EXECUTE|[50]
15:18:43.0 (40804313)|STATEMENT_EXECUTE|[51]
15:18:43.0 (40805838)|VARIABLE_SCOPE_BEGIN|[51]|j|Integer|false|false
15:18:43.0 (40807236)|HEAP_ALLOCATE|[51]|Bytes:4
15:18:43.0 (40809395)|VARIABLE_ASSIGNMENT|[51]|j|0
15:18:43.0 (40810769)|STATEMENT_EXECUTE|[51]
15:18:43.0 (40812033)|STATEMENT_EXECUTE|[52]
15:18:43.0 (40813003)|STATEMENT_EXECUTE|[53]
15:18:43.0 (40822045)|HEAP_ALLOCATE|[53]|Bytes:2
15:18:43.0 (40829930)|HEAP_ALLOCATE|[53]|Bytes:1
15:18:43.0 (40834818)|HEAP_ALLOCATE|[53]|Bytes:5
15:18:43.0 (40839621)|HEAP_ALLOCATE|[53]|Bytes:2
15:18:43.0 (40847060)|HEAP_ALLOCATE|[53]|Bytes:1
15:18:43.0 (40851790)|HEAP_ALLOCATE|[53]|Bytes:5
15:18:43.0 (40856792)|HEAP_ALLOCATE|[EXTERNAL]|Bytes:4
15:18:43.0 (40860189)|HEAP_ALLOCATE|[51]|Bytes:4
15:18:43.0 (40862819)|VARIABLE_ASSIGNMENT|[51]|j|30
15:18:43.0 (40864520)|STATEMENT_EXECUTE|[51]
15:18:43.0 (40865745)|STATEMENT_EXECUTE|[54]
15:18:43.0 (40867184)|STATEMENT_EXECUTE|[55]
15:18:43.0 (40872689)|HEAP_ALLOCATE|[55]|Bytes:2
15:18:43.0 (40879951)|HEAP_ALLOCATE|[55]|Bytes:2
15:18:43.0 (40884849)|HEAP_ALLOCATE|[55]|Bytes:5
15:18:43.0 (40889543)|HEAP_ALLOCATE|[55]|Bytes:2
15:18:43.0 (40896666)|HEAP_ALLOCATE|[55]|Bytes:2
15:18:43.0 (40902417)|HEAP_ALLOCATE|[55]|Bytes:5
15:18:43.0 (40907903)|HEAP_ALLOCATE|[EXTERNAL]|Bytes:4
15:18:43.0 (40911298)|HEAP_ALLOCATE|[51]|Bytes:4
15:18:43.0 (40913820)|VARIABLE_ASSIGNMENT|[51]|j|60
15:18:43.0 (40915662)|HEAP_ALLOCATE|[50]|Bytes:4
15:18:43.0 (40917844)|VARIABLE_ASSIGNMENT|[50]|i|16
15:18:43.0 (40919322)|STATEMENT_EXECUTE|[50]
15:18:43.0 (40920665)|STATEMENT_EXECUTE|[51]
15:18:43.0 (40922196)|VARIABLE_SCOPE_BEGIN|[51]|j|Integer|false|false
15:18:43.0 (40923632)|HEAP_ALLOCATE|[51]|Bytes:4
15:18:43.0 (40925805)|VARIABLE_ASSIGNMENT|[51]|j|0
15:18:43.0 (40927155)|STATEMENT_EXECUTE|[51]
15:18:43.0 (40928419)|STATEMENT_EXECUTE|[52]
15:18:43.0 (40929414)|STATEMENT_EXECUTE|[53]
15:18:43.0 (40935126)|HEAP_ALLOCATE|[53]|Bytes:2
15:18:43.0 (40943000)|HEAP_ALLOCATE|[53]|Bytes:1
15:18:43.0 (40947891)|HEAP_ALLOCATE|[53]|Bytes:5
15:18:43.0 (40952596)|HEAP_ALLOCATE|[53]|Bytes:2
15:18:43.0 (40959383)|HEAP_ALLOCATE|[53]|Bytes:1
15:18:43.0 (40963908)|HEAP_ALLOCATE|[53]|Bytes:5
15:18:43.0 (40968201)|HEAP_ALLOCATE|[EXTERNAL]|Bytes:4
15:18:43.0 (40971438)|HEAP_ALLOCATE|[51]|Bytes:4
15:18:43.0 (40974046)|VARIABLE_ASSIGNMENT|[51]|j|30
15:18:43.0 (40975635)|STATEMENT_EXECUTE|[51]
15:18:43.0 (40976861)|STATEMENT_EXECUTE|[54]
15:18:43.0 (40977833)|STATEMENT_EXECUTE|[55]
15:18:43.0 (40983061)|HEAP_ALLOCATE|[55]|Bytes:2
15:18:43.0 (40990396)|HEAP_ALLOCATE|[55]|Bytes:2
15:18:43.0 (40995218)|HEAP_ALLOCATE|[55]|Bytes:5
15:18:43.0 (40999727)|HEAP_ALLOCATE|[55]|Bytes:2
15:18:43.0 (41006773)|HEAP_ALLOCATE|[55]|Bytes:2
15:18:43.0 (41012040)|HEAP_ALLOCATE|[55]|Bytes:5
15:18:43.0 (41016417)|HEAP_ALLOCATE|[EXTERNAL]|Bytes:4
15:18:43.0 (41019560)|HEAP_ALLOCATE|[51]|Bytes:4
15:18:43.0 (41021949)|VARIABLE_ASSIGNMENT|[51]|j|60
15:18:43.0 (41023690)|HEAP_ALLOCATE|[50]|Bytes:4
15:18:43.0 (41026135)|VARIABLE_ASSIGNMENT|[50]|i|17
15:18:43.0 (41027575)|STATEMENT_EXECUTE|[50]
15:18:43.0 (41028805)|STATEMENT_EXECUTE|[51]
15:18:43.0 (41030282)|VARIABLE_SCOPE_BEGIN|[51]|j|Integer|false|false
15:18:43.0 (41031681)|HEAP_ALLOCATE|[51]|Bytes:4
15:18:43.0 (41033875)|VARIABLE_ASSIGNMENT|[51]|j|0
15:18:43.0 (41035218)|STATEMENT_EXECUTE|[51]
15:18:43.0 (41036448)|STATEMENT_EXECUTE|[52]
15:18:43.0 (41037427)|STATEMENT_EXECUTE|[53]
15:18:43.0 (41042973)|HEAP_ALLOCATE|[53]|Bytes:2
15:18:43.0 (41050315)|HEAP_ALLOCATE|[53]|Bytes:1
15:18:43.0 (41055255)|HEAP_ALLOCATE|[53]|Bytes:5
15:18:43.0 (41059669)|HEAP_ALLOCATE|[53]|Bytes:2
15:18:43.0 (41066608)|HEAP_ALLOCATE|[53]|Bytes:1
15:18:43.0 (41071241)|HEAP_ALLOCATE|[53]|Bytes:5
15:18:43.0 (41075607)|HEAP_ALLOCATE|[EXTERNAL]|Bytes:4
15:18:43.0 (41078807)|HEAP_ALLOCATE|[51]|Bytes:4
15:18:43.0 (41081283)|VARIABLE_ASSIGNMENT|[51]|j|30
15:18:43.0 (41082901)|STATEMENT_EXECUTE|[51]
15:18:43.0 (41084102)|STATEMENT_EXECUTE|[54]
15:18:43.0 (41085189)|STATEMENT_EXECUTE|[55]
15:18:43.0 (41090536)|HEAP_ALLOCATE|[55]|Bytes:2
15:18:43.0 (41097793)|HEAP_ALLOCATE|[55]|Bytes:2
15:18:43.0 (41102550)|HEAP_ALLOCATE|[55]|Bytes:5
15:18:43.0 (41107307)|HEAP_ALLOCATE|[55]|Bytes:2
15:18:43.0 (41114257)|HEAP_ALLOCATE|[55]|Bytes:2
15:18:43.0 (41118846)|HEAP_ALLOCATE|[55]|Bytes:5
15:18:43.0 (41123122)|HEAP_ALLOCATE|[EXTERNAL]|Bytes:4
15:18:43.0 (41126194)|HEAP_ALLOCATE|[51]|Bytes:4
15:18:43.0 (41128629)|VARIABLE_ASSIGNMENT|[51]|j|60
15:18:43.0 (41130500)|HEAP_ALLOCATE|[50]|Bytes:4
15:18:43.0 (41132697)|VARIABLE_ASSIGNMENT|[50]|i|18
15:18:43.0 (41134159)|STATEMENT_EXECUTE|[50]
15:18:43.0 (41135362)|STATEMENT_EXECUTE|[51]
15:18:43.0 (41136807)|VARIABLE_SCOPE_BEGIN|[51]|j|Integer|false|false
15:18:43.0 (41138182)|HEAP_ALLOCATE|[51]|Bytes:4
15:18:43.0 (41140322)|VARIABLE_ASSIGNMENT|[51]|j|0
15:18:43.0 (41141660)|STATEMENT_EXECUTE|[51]
15:18:43.0 (41142861)|STATEMENT_EXECUTE|[52]
15:18:43.0 (41143824)|STATEMENT_EXECUTE|[53]
15:18:43.0 (41149239)|HEAP_ALLOCATE|[53]|Bytes:2
15:18:43.0 (41156693)|HEAP_ALLOCATE|[53]|Bytes:1
15:18:43.0 (41161628)|HEAP_ALLOCATE|[53]|Bytes:5
15:18:43.0 (41166060)|HEAP_ALLOCATE|[53]|Bytes:2
15:18:43.0 (41173024)|HEAP_ALLOCATE|[53]|Bytes:1
15:18:43.0 (41177627)|HEAP_ALLOCATE|[53]|Bytes:5
15:18:43.0 (41182031)|HEAP_ALLOCATE|[EXTERNAL]|Bytes:4
15:18:43.0 (41185386)|HEAP_ALLOCATE|[51]|Bytes:4
15:18:43.0 (41187879)|VARIABLE_ASSIGNMENT|[51]|j|30
15:18:43.0 (41189415)|STATEMENT_EXECUTE|[51]
15:18:43.0 (41190599)|STATEMENT_EXECUTE|[54]
15:18:43.0 (41191559)|STATEMENT_EXECUTE|[55]
15:18:43.0 (41196744)|HEAP_ALLOCATE|[55]|Bytes:2
15:18:43.0 (41204055)|HEAP_ALLOCATE|[55]|Bytes:2
15:18:43.0 (41208760)|HEAP_ALLOCATE|[55]|Bytes:5
15:18:43.0 (41213786)|HEAP_ALLOCATE|[55]|Bytes:2
15:18:43.0 (41220617)|HEAP_ALLOCATE|[55]|Bytes:2
15:18:43.0 (41225259)|HEAP_ALLOCATE|[55]|Bytes:5
15:18:43.0 (41229447)|HEAP_ALLOCATE|[EXTERNAL]|Bytes:4
15:18:43.0 (41232512)|HEAP_ALLOCATE|[51]|Bytes:4
15:18:43.0 (41235075)|VARIABLE_ASSIGNMENT|[51]|j|60
15:18:43.0 (41236831)|HEAP_ALLOCATE|[50]|Bytes:4
15:18:43.0 (41239182)|VARIABLE_ASSIGNMENT|[50]|i|19
15:18:43.0 (41240676)|STATEMENT_EXECUTE|[50]
15:18:43.0 (41241869)|STATEMENT_EXECUTE|[51]
15:18:43.0 (41243292)|VARIABLE_SCOPE_BEGIN|[51]|j|Integer|false|false
15:18:43.0 (41244647)|HEAP_ALLOCATE|[51]|Bytes:4
15:18:43.0 (41246792)|VARIABLE_ASSIGNMENT|[51]|j|0
15:18:43.0 (41248146)|STATEMENT_EXECUTE|[51]
15:18:43.0 (41249346)|STATEMENT_EXECUTE|[52]
15:18:43.0 (41250295)|STATEMENT_EXECUTE|[53]
15:18:43.0 (41255983)|HEAP_ALLOCATE|[53]|Bytes:2
15:18:43.0 (41263322)|HEAP_ALLOCATE|[53]|Bytes:1
15:18:43.0 (41268157)|HEAP_ALLOCATE|[53]|Bytes:5
15:18:43.0 (41272678)|HEAP_ALLOCATE|[53]|Bytes:2
15:18:43.0 (41279493)|HEAP_ALLOCATE|[53]|Bytes:1
15:18:43.0 (41284038)|HEAP_ALLOCATE|[53]|Bytes:5
15:18:43.0 (41288590)|HEAP_ALLOCATE|[EXTERNAL]|Bytes:4
15:18:43.0 (41291904)|HEAP_ALLOCATE|[51]|Bytes:4
15:18:43.0 (41294358)|VARIABLE_ASSIGNMENT|[51]|j|30
15:18:43.0 (41295859)|STATEMENT_EXECUTE|[51]
15:18:43.0 (41297063)|STATEMENT_EXECUTE|[54]
15:18:43.0 (41298012)|STATEMENT_EXECUTE|[55]
15:18:43.0 (41303243)|HEAP_ALLOCATE|[55]|Bytes:2
15:18:43.0 (41310560)|HEAP_ALLOCATE|[55]|Bytes:2
15:18:43.0 (41315194)|HEAP_ALLOCATE|[55]|Bytes:5
15:18:43.0 (41319932)|HEAP_ALLOCATE|[55]|Bytes:2
15:18:43.0 (41326837)|HEAP_ALLOCATE|[55]|Bytes:2
15:18:43.0 (41331486)|HEAP_ALLOCATE|[55]|Bytes:5
15:18:43.0 (41335711)|HEAP_ALLOCATE|[EXTERNAL]|Bytes:4
15:18:43.0 (41338850)|HEAP_ALLOCATE|[51]|Bytes:4
15:18:43.0 (41341263)|VARIABLE_ASSIGNMENT|[51]|j|60
15:18:43.0 (41342956)|HEAP_ALLOCATE|[50]|Bytes:4
15:18:43.0 (41345125)|VARIABLE_ASSIGNMENT|[50]|i|20
15:18:43.0 (41346573)|STATEMENT_EXECUTE|[50]
15:18:43.0 (41347783)|STATEMENT_EXECUTE|[51]
15:18:43.0 (41349210)|VARIABLE_SCOPE_BEGIN|[51]|j|Integer|false|false
15:18:43.0 (41350866)|HEAP_ALLOCATE|[51]|Bytes:4
15:18:43.0 (41353013)|VARIABLE_ASSIGNMENT|[51]|j|0
15:18:43.0 (41354392)|STATEMENT_EXECUTE|[51]
15:18:43.0 (41355598)|STATEMENT_EXECUTE|[52]
15:18:43.0 (41356579)|STATEMENT_EXECUTE|[53]
15:18:43.0 (41362027)|HEAP_ALLOCATE|[53]|Bytes:2
15:18:43.0 (41369318)|HEAP_ALLOCATE|[53]|Bytes:1
15:18:43.0 (41374579)|HEAP_ALLOCATE|[53]|Bytes:5
15:18:43.0 (41379058)|HEAP_ALLOCATE|[53]|Bytes:2
15:18:43.0 (41385964)|HEAP_ALLOCATE|[53]|Bytes:1
15:18:43.0 (41390559)|HEAP_ALLOCATE|[53]|Bytes:5
15:18:43.0 (41395067)|HEAP_ALLOCATE|[EXTERNAL]|Bytes:4
15:18:43.0 (41398241)|HEAP_ALLOCATE|[51]|Bytes:4
15:18:43.0 (41400632)|VARIABLE_ASSIGNMENT|[51]|j|30
15:18:43.0 (41402211)|STATEMENT_EXECUTE|[51]
15:18:43.0 (41403425)|STATEMENT_EXECUTE|[54]
15:18:43.0 (41404486)|STATEMENT_EXECUTE|[55]
15:18:43.0 (41409565)|HEAP_ALLOCATE|[55]|Bytes:2
15:18:43.0 (41416895)|HEAP_ALLOCATE|[55]|Bytes:2
15:18:43.0 (41421719)|HEAP_ALLOCATE|[55]|Bytes:5
15:18:43.0 (41426403)|HEAP_ALLOCATE|[55]|Bytes:2
15:18:43.0 (41433381)|HEAP_ALLOCATE|[55]|Bytes:2
15:18:43.0 (41438026)|HEAP_ALLOCATE|[55]|Bytes:5
15:18:43.0 (41442301)|HEAP_ALLOCATE|[EXTERNAL]|Bytes:4
15:18:43.0 (41445607)|HEAP_ALLOCATE|[51]|Bytes:4
15:18:43.0 (41447985)|VARIABLE_ASSIGNMENT|[51]|j|60
15:18:43.0 (41449747)|HEAP_ALLOCATE|[50]|Bytes:4
15:18:43.0 (41452420)|VARIABLE_ASSIGNMENT|[50]|i|21
15:18:43.0 (41453910)|STATEMENT_EXECUTE|[50]
15:18:43.0 (41455158)|STATEMENT_EXECUTE|[51]
15:18:43.0 (41456581)|VARIABLE_SCOPE_BEGIN|[51]|j|Integer|false|false
15:18:43.0 (41457921)|HEAP_ALLOCATE|[51]|Bytes:4
15:18:43.0 (41460103)|VARIABLE_ASSIGNMENT|[51]|j|0
15:18:43.0 (41461441)|STATEMENT_EXECUTE|[51]
15:18:43.0 (41462646)|STATEMENT_EXECUTE|[52]
15:18:43.0 (41463598)|STATEMENT_EXECUTE|[53]
15:18:43.0 (41469149)|HEAP_ALLOCATE|[53]|Bytes:2
15:18:43.0 (41476597)|HEAP_ALLOCATE|[53]|Bytes:1
15:18:43.0 (41481436)|HEAP_ALLOCATE|[53]|Bytes:5
15:18:43.0 (41485872)|HEAP_ALLOCATE|[53]|Bytes:2
15:18:43.0 (41492719)|HEAP_ALLOCATE|[53]|Bytes:1
15:18:43.0 (41497325)|HEAP_ALLOCATE|[53]|Bytes:5
15:18:43.0 (41501645)|HEAP_ALLOCATE|[EXTERNAL]|Bytes:4
15:18:43.0 (41504871)|HEAP_ALLOCATE|[51]|Bytes:4
15:18:43.0 (41507250)|VARIABLE_ASSIGNMENT|[51]|j|30
15:18:43.0 (41508811)|STATEMENT_EXECUTE|[51]
15:18:43.0 (41510033)|STATEMENT_EXECUTE|[54]
15:18:43.0 (41511021)|STATEMENT_EXECUTE|[55]
15:18:43.0 (41516483)|HEAP_ALLOCATE|[55]|Bytes:2
15:18:43.0 (41523787)|HEAP_ALLOCATE|[55]|Bytes:2
15:18:43.0 (41528560)|HEAP_ALLOCATE|[55]|Bytes:5
15:18:43.0 (41534335)|HEAP_ALLOCATE|[55]|Bytes:2
15:18:43.0 (41542869)|HEAP_ALLOCATE|[55]|Bytes:2
15:18:43.0 (41547720)|HEAP_ALLOCATE|[55]|Bytes:5
15:18:43.0 (41552466)|HEAP_ALLOCATE|[EXTERNAL]|Bytes:4
15:18:43.0 (41555624)|HEAP_ALLOCATE|[51]|Bytes:4
15:18:43.0 (41558129)|VARIABLE_ASSIGNMENT|[51]|j|60
15:18:43.0 (41559938)|HEAP_ALLOCATE|[50]|Bytes:4
15:18:43.0 (41562095)|VARIABLE_ASSIGNMENT|[50]|i|22
15:18:43.0 (41563569)|STATEMENT_EXECUTE|[50]
15:18:43.0 (41564837)|STATEMENT_EXECUTE|[51]
15:18:43.0 (41566346)|VARIABLE_SCOPE_BEGIN|[51]|j|Integer|false|false
15:18:43.0 (41567763)|HEAP_ALLOCATE|[51]|Bytes:4
15:18:43.0 (41569903)|VARIABLE_ASSIGNMENT|[51]|j|0
15:18:43.0 (41571399)|STATEMENT_EXECUTE|[51]
15:18:43.0 (41572606)|STATEMENT_EXECUTE|[52]
15:18:43.0 (41573572)|STATEMENT_EXECUTE|[53]
15:18:43.0 (41579090)|HEAP_ALLOCATE|[53]|Bytes:2
15:18:43.0 (41586526)|HEAP_ALLOCATE|[53]|Bytes:1
15:18:43.0 (41591465)|HEAP_ALLOCATE|[53]|Bytes:5
15:18:43.0 (41596071)|HEAP_ALLOCATE|[53]|Bytes:2
15:18:43.0 (41603041)|HEAP_ALLOCATE|[53]|Bytes:1
15:18:43.0 (41607648)|HEAP_ALLOCATE|[53]|Bytes:5
15:18:43.0 (41612081)|HEAP_ALLOCATE|[EXTERNAL]|Bytes:4
15:18:43.0 (41615303)|HEAP_ALLOCATE|[51]|Bytes:4
15:18:43.0 (41617696)|VARIABLE_ASSIGNMENT|[51]|j|30
15:18:43.0 (41619248)|STATEMENT_EXECUTE|[51]
15:18:43.0 (41620448)|STATEMENT_EXECUTE|[54]
15:18:43.0 (41621457)|STATEMENT_EXECUTE|[55]
15:18:43.0 (41626585)|HEAP_ALLOCATE|[55]|Bytes:2
15:18:43.0 (41634036)|HEAP_ALLOCATE|[55]|Bytes:2
15:18:43.0 (41638998)|HEAP_ALLOCATE|[55]|Bytes:5
15:18:43.0 (41643452)|HEAP_ALLOCATE|[55]|Bytes:2
15:18:43.0 (41650405)|HEAP_ALLOCATE|[55]|Bytes:2
15:18:43.0 (41655136)|HEAP_ALLOCATE|[55]|Bytes:5
15:18:43.0 (41659340)|HEAP_ALLOCATE|[EXTERNAL]|Bytes:4
15:18:43.0 (41662449)|HEAP_ALLOCATE|[51]|Bytes:4
15:18:43.0 (41664718)|VARIABLE_ASSIGNMENT|[51]|j|60
15:18:43.0 (41666432)|HEAP_ALLOCATE|[50]|Bytes:4
15:18:43.0 (41668582)|VARIABLE_ASSIGNMENT|[50]|i|23
15:18:43.0 (41670226)|STATEMENT_EXECUTE|[50]
15:18:43.0 (41671450)|STATEMENT_EXECUTE|[51]
15:18:43.0 (41672883)|VARIABLE_SCOPE_BEGIN|[51]|j|Integer|false|false
15:18:43.0 (41674309)|HEAP_ALLOCATE|[51]|Bytes:4
15:18:43.0 (41676509)|VARIABLE_ASSIGNMENT|[51]|j|0
15:18:43.0 (41677836)|STATEMENT_EXECUTE|[51]
15:18:43.0 (41679068)|STATEMENT_EXECUTE|[52]
15:18:43.0 (41680033)|STATEMENT_EXECUTE|[53]
15:18:43.0 (41685466)|HEAP_ALLOCATE|[53]|Bytes:2
15:18:43.0 (41692861)|HEAP_ALLOCATE|[53]|Bytes:1
15:18:43.0 (41697691)|HEAP_ALLOCATE|[53]|Bytes:5
15:18:43.0 (41702263)|HEAP_ALLOCATE|[53]|Bytes:2
15:18:43.0 (41709311)|HEAP_ALLOCATE|[53]|Bytes:1
15:18:43.0 (41713954)|HEAP_ALLOCATE|[53]|Bytes:5
15:18:43.0 (41718314)|HEAP_ALLOCATE|[EXTERNAL]|Bytes:4
15:18:43.0 (41721478)|HEAP_ALLOCATE|[51]|Bytes:4
15:18:43.0 (41723876)|VARIABLE_ASSIGNMENT|[51]|j|30
15:18:43.0 (41725390)|STATEMENT_EXECUTE|[51]
15:18:43.0 (41726618)|STATEMENT_EXECUTE|[54]
15:18:43.0 (41727586)|STATEMENT_EXECUTE|[55]
15:18:43.0 (41733021)|HEAP_ALLOCATE|[55]|Bytes:2
15:18:43.0 (41740450)|HEAP_ALLOCATE|[55]|Bytes:2
15:18:43.0 (41745545)|HEAP_ALLOCATE|[55]|Bytes:5
15:18:43.0 (41750101)|HEAP_ALLOCATE|[55]|Bytes:2
15:18:43.0 (41757315)|HEAP_ALLOCATE|[55]|Bytes:2
15:18:43.0 (41762209)|HEAP_ALLOCATE|[55]|Bytes:5
15:18:43.0 (41766430)|HEAP_ALLOCATE|[EXTERNAL]|Bytes:4
15:18:43.0 (41769536)|HEAP_ALLOCATE|[51]|Bytes:4
15:18:43.0 (41771857)|VARIABLE_ASSIGNMENT|[51]|j|60
15:18:43.0 (41773536)|HEAP_ALLOCATE|[50]|Bytes:4
15:18:43.0 (41775711)|VARIABLE_ASSIGNMENT|[50]|i|24
15:18:43.0 (41777441)|STATEMENT_EXECUTE|[59]
15:18:43.0 (41876302)|SYSTEM_MODE_ENTER|true
15:18:43.0 (41896061)|HEAP_ALLOCATE|[EXTERNAL]|Bytes:80
15:18:43.0 (41943497)|VARIABLE_ASSIGNMENT|[EXTERNAL]|this|{"delToHub":true,"delToProj":false,"detail":"0x3b355586","invoked":false,"rejected":false,"reserved":false,"selectedTime3":"8:00","sublocations1":"0x78f10416","www":"0x2275c58","wwwById":"0x1ae2321e"}|0x1d80aba1
15:18:43.0 (41949265)|STATEMENT_EXECUTE|[78]
15:18:43.0 (41952001)|STATEMENT_EXECUTE|[79]
15:18:43.0 (41953736)|STATEMENT_EXECUTE|[83]
15:18:43.0 (45629397)|HEAP_ALLOCATE|[EXTERNAL]|Bytes:112
15:18:43.0 (45636888)|HEAP_ALLOCATE|[EXTERNAL]|Bytes:11
15:18:43.47 (47693762)|SYSTEM_MODE_ENTER|true
15:18:43.47 (47735256)|HEAP_ALLOCATE|[EXTERNAL]|Bytes:8
15:18:43.47 (47740717)|VARIABLE_SCOPE_BEGIN|[88]|this|ApexPage.PageMessagesComponentController|true|false
15:18:43.47 (47759490)|VARIABLE_ASSIGNMENT|[88]|this|{}|0x7077d195
15:18:43.47 (47762286)|VARIABLE_SCOPE_BEGIN|[88]|escape|Boolean|false|false
15:18:43.47 (47765451)|VARIABLE_ASSIGNMENT|[88]|escape|null
15:18:43.0 (48092575)|SYSTEM_MODE_ENTER|true
15:18:43.0 (48115038)|HEAP_ALLOCATE|[EXTERNAL]|Bytes:4
15:18:43.0 (48118505)|HEAP_ALLOCATE|[EXTERNAL]|Bytes:80
15:18:43.0 (48127404)|VARIABLE_ASSIGNMENT|[EXTERNAL]|this.selectedTime3|"8:00"|0x1d80aba1
15:18:43.0 (48159244)|SYSTEM_MODE_ENTER|true
15:18:43.0 (48177822)|HEAP_ALLOCATE|[EXTERNAL]|Bytes:80
15:18:43.0 (48222161)|VARIABLE_ASSIGNMENT|[EXTERNAL]|this|{"delToHub":true,"delToProj":false,"detail":"0x3b355586","invoked":false,"rejected":false,"reserved":false,"selectedTime3":"8:00","sublocations1":"0x78f10416","www":"0x2275c58","wwwById":"0x1ae2321e"}|0x1d80aba1
15:18:43.0 (48228573)|STATEMENT_EXECUTE|[3]
15:18:43.0 (48231404)|STATEMENT_EXECUTE|[4]
15:18:43.0 (48232613)|STATEMENT_EXECUTE|[9]
15:18:43.0 (48460854)|HEAP_ALLOCATE|[EXTERNAL]|Bytes:5
15:18:43.0 (48469358)|HEAP_ALLOCATE|[EXTERNAL]|Bytes:12
15:18:43.0 (48475720)|VARIABLE_ASSIGNMENT|[EXTERNAL]|this.isChecked|false|0x623ee392
15:18:43.0 (48664215)|SYSTEM_MODE_ENTER|true
15:18:43.0 (48683930)|HEAP_ALLOCATE|[EXTERNAL]|Bytes:80
15:18:43.0 (48726881)|VARIABLE_ASSIGNMENT|[EXTERNAL]|this|{"delToHub":true,"delToProj":false,"detail":"0x3b355586","invoked":false,"rejected":false,"reserved":false,"selectedTime3":"8:00","sublocations1":"0x78f10416","www":"0x2275c58","wwwById":"0x1ae2321e"}|0x1d80aba1
15:18:43.0 (48732463)|STATEMENT_EXECUTE|[204]
15:18:43.0 (48735035)|STATEMENT_EXECUTE|[205]
15:18:43.0 (48736222)|STATEMENT_EXECUTE|[208]
15:18:43.0 (48775842)|SYSTEM_MODE_ENTER|true
15:18:43.0 (48791031)|HEAP_ALLOCATE|[EXTERNAL]|Bytes:80
15:18:43.0 (48832288)|VARIABLE_ASSIGNMENT|[EXTERNAL]|this|{"delToHub":true,"delToProj":false,"detail":"0x3b355586","invoked":false,"rejected":false,"reserved":false,"selectedTime3":"8:00","sublocations1":"0x78f10416","www":"0x2275c58","wwwById":"0x1ae2321e"}|0x1d80aba1
15:18:43.0 (48836990)|STATEMENT_EXECUTE|[220]
15:18:43.0 (48839017)|STATEMENT_EXECUTE|[221]
15:18:43.0 (48840112)|STATEMENT_EXECUTE|[224]
15:18:43.0 (48876178)|SYSTEM_MODE_ENTER|true
15:18:43.0 (48890513)|HEAP_ALLOCATE|[EXTERNAL]|Bytes:80
15:18:43.0 (48926879)|VARIABLE_ASSIGNMENT|[EXTERNAL]|this|{"delToHub":true,"delToProj":false,"detail":"0x3b355586","invoked":false,"rejected":false,"reserved":false,"selectedTime3":"8:00","sublocations1":"0x78f10416","www":"0x2275c58","wwwById":"0x1ae2321e"}|0x1d80aba1
15:18:43.0 (48931726)|STATEMENT_EXECUTE|[212]
15:18:43.0 (48933745)|STATEMENT_EXECUTE|[213]
15:18:43.0 (48934849)|STATEMENT_EXECUTE|[216]
15:18:43.0 (48970655)|SYSTEM_MODE_ENTER|true
15:18:43.0 (48984458)|HEAP_ALLOCATE|[EXTERNAL]|Bytes:80
15:18:43.0 (49017937)|VARIABLE_ASSIGNMENT|[EXTERNAL]|this|{"delToHub":true,"delToProj":false,"detail":"0x3b355586","invoked":false,"rejected":false,"reserved":false,"selectedTime3":"8:00","sublocations1":"0x78f10416","www":"0x2275c58","wwwById":"0x1ae2321e"}|0x1d80aba1
15:18:43.0 (49023230)|STATEMENT_EXECUTE|[21]
15:18:43.0 (49025054)|STATEMENT_EXECUTE|[22]
15:18:43.0 (49026178)|STATEMENT_EXECUTE|[26]
15:18:43.0 (49627148)|HEAP_ALLOCATE|[EXTERNAL]|Bytes:80
15:18:43.0 (49634817)|VARIABLE_SCOPE_BEGIN|[245]|this|NewDeliveredExtension|true|false
15:18:43.0 (49675683)|VARIABLE_ASSIGNMENT|[245]|this|{"delToHub":true,"delToProj":false,"detail":"0x3b355586","invoked":false,"rejected":false,"reserved":false,"selectedTime3":"8:00","sublocations1":"0x78f10416","www":"0x2275c58","wwwById":"0x1ae2321e"}|0x1d80aba1
15:18:43.0 (49682279)|STATEMENT_EXECUTE|[245]
15:18:43.0 (49683902)|STATEMENT_EXECUTE|[246]
15:18:43.0 (49688154)|HEAP_ALLOCATE|[246]|Bytes:4
15:18:43.0 (49780702)|VARIABLE_ASSIGNMENT|[EXTERNAL]|this|{"delToHub":true,"delToProj":false,"detail":"0x3b355586","invoked":false,"rejected":false,"reserved":false,"selectedTime3":"8:00","sublocations1":"0x78f10416","www":"0x2275c58","wwwById":"0x1ae2321e"}|0x1d80aba1
15:18:43.0 (49798654)|HEAP_ALLOCATE|[EXTERNAL]|Bytes:4
15:18:43.0 (49803837)|VARIABLE_ASSIGNMENT|[EXTERNAL]|value|[]|0x423f624e
15:18:43.0 (49812597)|VARIABLE_ASSIGNMENT|[185]|this.sublocations1|[]|0x1d80aba1
15:18:43.0 (49824504)|STATEMENT_EXECUTE|[247]
15:18:43.0 (49828705)|HEAP_ALLOCATE|[247]|Bytes:4
15:18:43.0 (49843612)|VARIABLE_SCOPE_BEGIN|[247]|options|List<NewDeliveredExtension.SubLocation>|true|false
15:18:43.0 (49852124)|HEAP_ALLOCATE|[EXTERNAL]|Bytes:4
15:18:43.0 (49856267)|VARIABLE_ASSIGNMENT|[247]|options|[]|0x63e1d46a
15:18:43.0 (49858355)|STATEMENT_EXECUTE|[248]
15:18:43.0 (49861587)|HEAP_ALLOCATE|[248]|Bytes:18
15:18:43.0 (49911378)|VARIABLE_ASSIGNMENT|[EXTERNAL]|this|{"delToHub":true,"delToProj":false,"detail":"0x3b355586","invoked":false,"rejected":false,"reserved":false,"selectedTime3":"8:00","sublocations1":"0x423f624e","www":"0x2275c58","wwwById":"0x1ae2321e"}|0x1d80aba1
15:18:43.0 (49915590)|STATEMENT_EXECUTE|[3]
15:18:43.0 (49917868)|STATEMENT_EXECUTE|[4]
15:18:43.0 (49918988)|STATEMENT_EXECUTE|[9]
15:18:43.0 (49976306)|HEAP_ALLOCATE|[248]|Bytes:18
15:18:43.0 (49987827)|HEAP_ALLOCATE|[248]|Bytes:36
15:18:43.0 (50007128)|USER_DEBUG|[248]|DEBUG|detail.Location__ca0B0E0000009YBFUA2
15:18:43.0 (50056528)|VARIABLE_ASSIGNMENT|[EXTERNAL]|this|{"delToHub":true,"delToProj":false,"detail":"0x3b355586","invoked":false,"rejected":false,"reserved":false,"selectedTime3":"8:00","sublocations1":"0x423f624e","www":"0x2275c58","wwwById":"0x1ae2321e"}|0x1d80aba1
15:18:43.0 (50060715)|STATEMENT_EXECUTE|[3]
15:18:43.0 (50062891)|STATEMENT_EXECUTE|[4]
15:18:43.0 (50064011)|STATEMENT_EXECUTE|[9]
15:18:43.0 (50072386)|STATEMENT_EXECUTE|[250]
15:18:43.0 (50075615)|HEAP_ALLOCATE|[251]|Bytes:68
15:18:43.0 (50084139)|HEAP_ALLOCATE|[251]|Bytes:4
15:18:43.0 (50091287)|HEAP_ALLOCATE|[251]|Bytes:7
15:18:43.0 (50130530)|VARIABLE_ASSIGNMENT|[EXTERNAL]|this|{"delToHub":true,"delToProj":false,"detail":"0x3b355586","invoked":false,"rejected":false,"reserved":false,"selectedTime3":"8:00","sublocations1":"0x423f624e","www":"0x2275c58","wwwById":"0x1ae2321e"}|0x1d80aba1
15:18:43.0 (50134159)|STATEMENT_EXECUTE|[3]
15:18:43.0 (50135798)|STATEMENT_EXECUTE|[4]
15:18:43.0 (50136948)|STATEMENT_EXECUTE|[9]
15:18:43.0 (50454689)|SOQL_EXECUTE_BEGIN|[251]|Aggregations:0|SELECT Name, Id FROM Location__c 
15:18:43.0 (52859338)|SOQL_EXECUTE_END|[251]|Rows:4
15:18:43.0 (52882366)|HEAP_ALLOCATE|[EXTERNAL]|Bytes:20
15:18:43.0 (53004932)|HEAP_ALLOCATE|[251]|Bytes:49
15:18:43.0 (53011497)|HEAP_ALLOCATE|[251]|Bytes:8
15:18:43.0 (53018397)|SYSTEM_METHOD_ENTRY|[7]|QueryLocatorIterator.QueryLocatorIterator()
15:18:43.0 (53020784)|STATEMENT_EXECUTE|[7]
15:18:43.0 (53026812)|SYSTEM_METHOD_EXIT|[7]|QueryLocatorIterator
15:18:43.0 (53033106)|HEAP_ALLOCATE|[251]|Bytes:28
15:18:43.0 (53065118)|HEAP_ALLOCATE|[251]|Bytes:20
15:18:43.0 (53076725)|HEAP_ALLOCATE|[251]|Bytes:8
15:18:43.0 (53078385)|HEAP_ALLOCATE|[251]|Bytes:8
15:18:43.0 (53081988)|VARIABLE_SCOPE_BEGIN|[15]|this|Database.QueryLocatorIterator|true|false
15:18:43.0 (53100459)|VARIABLE_ASSIGNMENT|[15]|this|{}|0x3a658c2e
15:18:43.0 (53103342)|VARIABLE_SCOPE_BEGIN|[15]|values|List<SObject>|true|false
15:18:43.0 (53122349)|VARIABLE_ASSIGNMENT|[15]|values|[{"Name":"1Q2WA","Id":"a0B0E0000009YBKUA2","RecordTypeId":"01224000000B1zdAAC"},{"Name":"1Q2WB","Id":"a0B0E0000009YBPUA2","RecordTypeId":"01224000000B1zdAAC"},{"Name":"1Q2WC","Id":"a0B0E0000009YBUUA2","RecordTypeId":"01224000000B1zdAAC"},{"Name":"1Q2WD","Id":"a0B0E0000009YBZUA2","RecordTypeId":"01224000000B1zdAAC"}]|0x7103c11a
15:18:43.0 (53125831)|VARIABLE_SCOPE_BEGIN|[15]|ql|Database.QueryLocator|true|false
15:18:43.0 (53167311)|VARIABLE_ASSIGNMENT|[15]|ql|{"query":"SELECT Name, Id FROM (48 more) ..."}|0x14febc0
15:18:43.0 (53169896)|VARIABLE_SCOPE_BEGIN|[15]|totalNumRecords|Integer|false|false
15:18:43.0 (53173488)|VARIABLE_ASSIGNMENT|[15]|totalNumRecords|4
15:18:43.0 (53175148)|VARIABLE_SCOPE_BEGIN|[15]|queryMoreSize|Integer|false|false
15:18:43.0 (53177720)|VARIABLE_ASSIGNMENT|[15]|queryMoreSize|49996
15:18:43.0 (53245389)|HEAP_ALLOCATE|[251]|Bytes:28
15:18:43.0 (53262261)|METHOD_ENTRY|[251]||Database.QueryLocatorIterator.hasNext()
15:18:43.0 (53316030)|METHOD_EXIT|[251]||Database.QueryLocatorIterator.hasNext()
15:18:43.0 (53322070)|METHOD_ENTRY|[251]||Database.QueryLocatorIterator.next()
15:18:43.0 (53389611)|METHOD_EXIT|[251]||Database.QueryLocatorIterator.next()
15:18:43.0 (53396614)|VARIABLE_SCOPE_BEGIN|[251]|loc|Location__c|true|false
15:18:43.0 (53407139)|VARIABLE_ASSIGNMENT|[251]|loc|{"Name":"1Q2WA","Id":"a0B0E0000009YBKUA2","RecordTypeId":"01224000000B1zdAAC"}|0x2fc9ede8
15:18:43.0 (53410260)|STATEMENT_EXECUTE|[251]
15:18:43.0 (53411777)|STATEMENT_EXECUTE|[252]
15:18:43.0 (53465972)|VARIABLE_ASSIGNMENT|[EXTERNAL]|this|{"delToHub":true,"delToProj":false,"detail":"0x3b355586","invoked":false,"rejected":false,"reserved":false,"selectedTime3":"8:00","sublocations1":"0x423f624e","www":"0x2275c58","wwwById":"0x1ae2321e"}|0x1d80aba1
15:18:43.0 (53470688)|STATEMENT_EXECUTE|[186]
15:18:43.0 (53472730)|STATEMENT_EXECUTE|[187]
15:18:43.0 (53473793)|STATEMENT_EXECUTE|[190]
15:18:43.0 (53481772)|HEAP_ALLOCATE|[252]|Bytes:12
15:18:43.0 (53494457)|CONSTRUCTOR_ENTRY|[252]|01p2400000DUtXT|<init>(Boolean,Location__c)
15:18:43.0 (53506409)|VARIABLE_SCOPE_BEGIN|[544]|this|NewDeliveredExtension.SubLocation|true|false
15:18:43.0 (53522432)|VARIABLE_ASSIGNMENT|[544]|this|{}|0x3e421034
15:18:43.0 (53527573)|VARIABLE_SCOPE_BEGIN|[544]|isChecked|Boolean|false|false
15:18:43.0 (53530911)|VARIABLE_ASSIGNMENT|[544]|isChecked|false
15:18:43.0 (53533154)|VARIABLE_SCOPE_BEGIN|[544]|sub|Location__c|true|false
15:18:43.0 (53539657)|VARIABLE_ASSIGNMENT|[544]|sub|{"Name":"1Q2WA","Id":"a0B0E0000009YBKUA2","RecordTypeId":"01224000000B1zdAAC"}|0x2fc9ede8
15:18:43.0 (53542731)|STATEMENT_EXECUTE|[541]
15:18:43.0 (53544009)|STATEMENT_EXECUTE|[542]
15:18:43.0 (53545212)|STATEMENT_EXECUTE|[543]
15:18:43.0 (53554898)|STATEMENT_EXECUTE|[544]
15:18:43.0 (53556179)|STATEMENT_EXECUTE|[545]
15:18:43.0 (53601003)|VARIABLE_ASSIGNMENT|[EXTERNAL]|this|{}|0x3e421034
15:18:43.0 (53607121)|VARIABLE_ASSIGNMENT|[EXTERNAL]|value|false
15:18:43.0 (53611024)|HEAP_ALLOCATE|[542]|Bytes:5
15:18:43.0 (53616235)|VARIABLE_ASSIGNMENT|[542]|this.isChecked|false|0x3e421034
15:18:43.0 (53621503)|STATEMENT_EXECUTE|[546]
15:18:43.0 (53651414)|VARIABLE_ASSIGNMENT|[EXTERNAL]|this|{"isChecked":false}|0x3e421034
15:18:43.0 (53658858)|VARIABLE_ASSIGNMENT|[EXTERNAL]|value|{"Name":"1Q2WA","Id":"a0B0E0000009YBKUA2","RecordTypeId":"01224000000B1zdAAC"}|0x2fc9ede8
15:18:43.0 (53665691)|VARIABLE_ASSIGNMENT|[543]|this.sub|{"Name":"1Q2WA","Id":"a0B0E0000009YBKUA2","RecordTypeId":"01224000000B1zdAAC"}|0x3e421034
15:18:43.0 (53674921)|CONSTRUCTOR_EXIT|[252]|01p2400000DUtXT|<init>(Boolean,Location__c)
15:18:43.0 (53684118)|HEAP_ALLOCATE|[EXTERNAL]|Bytes:4
15:18:43.0 (53691535)|METHOD_ENTRY|[251]||Database.QueryLocatorIterator.hasNext()
15:18:43.0 (53707573)|METHOD_EXIT|[251]||Database.QueryLocatorIterator.hasNext()
15:18:43.0 (53710711)|METHOD_ENTRY|[251]||Database.QueryLocatorIterator.next()
15:18:43.0 (53759825)|METHOD_EXIT|[251]||Database.QueryLocatorIterator.next()
15:18:43.0 (53768375)|VARIABLE_SCOPE_BEGIN|[251]|loc|Location__c|true|false
15:18:43.0 (53777484)|VARIABLE_ASSIGNMENT|[251]|loc|{"Name":"1Q2WB","Id":"a0B0E0000009YBPUA2","RecordTypeId":"01224000000B1zdAAC"}|0x3ed12f91
15:18:43.0 (53780157)|STATEMENT_EXECUTE|[251]
15:18:43.0 (53781330)|STATEMENT_EXECUTE|[252]
15:18:43.0 (53825255)|VARIABLE_ASSIGNMENT|[EXTERNAL]|this|{"delToHub":true,"delToProj":false,"detail":"0x3b355586","invoked":false,"rejected":false,"reserved":false,"selectedTime3":"8:00","sublocations1":"0x423f624e","www":"0x2275c58","wwwById":"0x1ae2321e"}|0x1d80aba1
15:18:43.0 (53828756)|STATEMENT_EXECUTE|[186]
15:18:43.0 (53830737)|STATEMENT_EXECUTE|[187]
15:18:43.0 (53832227)|STATEMENT_EXECUTE|[190]
15:18:43.0 (53839279)|HEAP_ALLOCATE|[252]|Bytes:12
15:18:43.0 (53847338)|CONSTRUCTOR_ENTRY|[252]|01p2400000DUtXT|<init>(Boolean,Location__c)
15:18:43.0 (53850364)|VARIABLE_SCOPE_BEGIN|[544]|this|NewDeliveredExtension.SubLocation|true|false
15:18:43.0 (53859151)|VARIABLE_ASSIGNMENT|[544]|this|{}|0x23178dc2
15:18:43.0 (53862827)|VARIABLE_SCOPE_BEGIN|[544]|isChecked|Boolean|false|false
15:18:43.0 (53865665)|VARIABLE_ASSIGNMENT|[544]|isChecked|false
15:18:43.0 (53867066)|VARIABLE_SCOPE_BEGIN|[544]|sub|Location__c|true|false
15:18:43.0 (53872340)|VARIABLE_ASSIGNMENT|[544]|sub|{"Name":"1Q2WB","Id":"a0B0E0000009YBPUA2","RecordTypeId":"01224000000B1zdAAC"}|0x3ed12f91
15:18:43.0 (53874711)|STATEMENT_EXECUTE|[541]
15:18:43.0 (53875789)|STATEMENT_EXECUTE|[542]
15:18:43.0 (53876832)|STATEMENT_EXECUTE|[543]
15:18:43.0 (53885104)|STATEMENT_EXECUTE|[544]
15:18:43.0 (53886220)|STATEMENT_EXECUTE|[545]
15:18:43.0 (53895742)|VARIABLE_ASSIGNMENT|[EXTERNAL]|this|{}|0x23178dc2
15:18:43.0 (53899605)|VARIABLE_ASSIGNMENT|[EXTERNAL]|value|false
15:18:43.0 (53904035)|HEAP_ALLOCATE|[542]|Bytes:5
15:18:43.0 (53909723)|VARIABLE_ASSIGNMENT|[542]|this.isChecked|false|0x23178dc2
15:18:43.0 (53914002)|STATEMENT_EXECUTE|[546]
15:18:43.0 (53923710)|VARIABLE_ASSIGNMENT|[EXTERNAL]|this|{"isChecked":false}|0x23178dc2
15:18:43.0 (53929025)|VARIABLE_ASSIGNMENT|[EXTERNAL]|value|{"Name":"1Q2WB","Id":"a0B0E0000009YBPUA2","RecordTypeId":"01224000000B1zdAAC"}|0x3ed12f91
15:18:43.0 (53934104)|VARIABLE_ASSIGNMENT|[543]|this.sub|{"Name":"1Q2WB","Id":"a0B0E0000009YBPUA2","RecordTypeId":"01224000000B1zdAAC"}|0x23178dc2
15:18:43.0 (53941056)|CONSTRUCTOR_EXIT|[252]|01p2400000DUtXT|<init>(Boolean,Location__c)
15:18:43.0 (53946780)|HEAP_ALLOCATE|[EXTERNAL]|Bytes:4
15:18:43.0 (53952951)|METHOD_ENTRY|[251]||Database.QueryLocatorIterator.hasNext()
15:18:43.0 (53967445)|METHOD_EXIT|[251]||Database.QueryLocatorIterator.hasNext()
15:18:43.0 (53970632)|METHOD_ENTRY|[251]||Database.QueryLocatorIterator.next()
15:18:43.0 (54014603)|METHOD_EXIT|[251]||Database.QueryLocatorIterator.next()
15:18:43.0 (54019384)|VARIABLE_SCOPE_BEGIN|[251]|loc|Location__c|true|false
15:18:43.0 (54027716)|VARIABLE_ASSIGNMENT|[251]|loc|{"Name":"1Q2WC","Id":"a0B0E0000009YBUUA2","RecordTypeId":"01224000000B1zdAAC"}|0x6ec2afd1
15:18:43.0 (54029867)|STATEMENT_EXECUTE|[251]
15:18:43.0 (54031044)|STATEMENT_EXECUTE|[252]
15:18:43.0 (54066130)|VARIABLE_ASSIGNMENT|[EXTERNAL]|this|{"delToHub":true,"delToProj":false,"detail":"0x3b355586","invoked":false,"rejected":false,"reserved":false,"selectedTime3":"8:00","sublocations1":"0x423f624e","www":"0x2275c58","wwwById":"0x1ae2321e"}|0x1d80aba1
15:18:43.0 (54070127)|STATEMENT_EXECUTE|[186]
15:18:43.0 (54071839)|STATEMENT_EXECUTE|[187]
15:18:43.0 (54072917)|STATEMENT_EXECUTE|[190]
15:18:43.0 (54078763)|HEAP_ALLOCATE|[252]|Bytes:12
15:18:43.0 (54085518)|CONSTRUCTOR_ENTRY|[252]|01p2400000DUtXT|<init>(Boolean,Location__c)
15:18:43.0 (54088406)|VARIABLE_SCOPE_BEGIN|[544]|this|NewDeliveredExtension.SubLocation|true|false
15:18:43.0 (54096224)|VARIABLE_ASSIGNMENT|[544]|this|{}|0x1cfcb0d5
15:18:43.0 (54099393)|VARIABLE_SCOPE_BEGIN|[544]|isChecked|Boolean|false|false
15:18:43.0 (54102244)|VARIABLE_ASSIGNMENT|[544]|isChecked|false
15:18:43.0 (54103547)|VARIABLE_SCOPE_BEGIN|[544]|sub|Location__c|true|false
15:18:43.0 (54108641)|VARIABLE_ASSIGNMENT|[544]|sub|{"Name":"1Q2WC","Id":"a0B0E0000009YBUUA2","RecordTypeId":"01224000000B1zdAAC"}|0x6ec2afd1
15:18:43.0 (54110796)|STATEMENT_EXECUTE|[541]
15:18:43.0 (54111895)|STATEMENT_EXECUTE|[542]
15:18:43.0 (54113011)|STATEMENT_EXECUTE|[543]
15:18:43.0 (54121008)|STATEMENT_EXECUTE|[544]
15:18:43.0 (54122100)|STATEMENT_EXECUTE|[545]
15:18:43.0 (54130679)|VARIABLE_ASSIGNMENT|[EXTERNAL]|this|{}|0x1cfcb0d5
15:18:43.0 (54134262)|VARIABLE_ASSIGNMENT|[EXTERNAL]|value|false
15:18:43.0 (54136796)|HEAP_ALLOCATE|[542]|Bytes:5
15:18:43.0 (54140508)|VARIABLE_ASSIGNMENT|[542]|this.isChecked|false|0x1cfcb0d5
15:18:43.0 (54143811)|STATEMENT_EXECUTE|[546]
15:18:43.0 (54152095)|VARIABLE_ASSIGNMENT|[EXTERNAL]|this|{"isChecked":false}|0x1cfcb0d5
15:18:43.0 (54156986)|VARIABLE_ASSIGNMENT|[EXTERNAL]|value|{"Name":"1Q2WC","Id":"a0B0E0000009YBUUA2","RecordTypeId":"01224000000B1zdAAC"}|0x6ec2afd1
15:18:43.0 (54162293)|VARIABLE_ASSIGNMENT|[543]|this.sub|{"Name":"1Q2WC","Id":"a0B0E0000009YBUUA2","RecordTypeId":"01224000000B1zdAAC"}|0x1cfcb0d5
15:18:43.0 (54169031)|CONSTRUCTOR_EXIT|[252]|01p2400000DUtXT|<init>(Boolean,Location__c)
15:18:43.0 (54174599)|HEAP_ALLOCATE|[EXTERNAL]|Bytes:4
15:18:43.0 (54180321)|METHOD_ENTRY|[251]||Database.QueryLocatorIterator.hasNext()
15:18:43.0 (54193229)|METHOD_EXIT|[251]||Database.QueryLocatorIterator.hasNext()
15:18:43.0 (54196170)|METHOD_ENTRY|[251]||Database.QueryLocatorIterator.next()
15:18:43.0 (54236831)|METHOD_EXIT|[251]||Database.QueryLocatorIterator.next()
15:18:43.0 (54240771)|VARIABLE_SCOPE_BEGIN|[251]|loc|Location__c|true|false
15:18:43.0 (54248695)|VARIABLE_ASSIGNMENT|[251]|loc|{"Name":"1Q2WD","Id":"a0B0E0000009YBZUA2","RecordTypeId":"01224000000B1zdAAC"}|0x2be6b97c
15:18:43.0 (54250883)|STATEMENT_EXECUTE|[251]
15:18:43.0 (54252030)|STATEMENT_EXECUTE|[252]
15:18:43.0 (54286775)|VARIABLE_ASSIGNMENT|[EXTERNAL]|this|{"delToHub":true,"delToProj":false,"detail":"0x3b355586","invoked":false,"rejected":false,"reserved":false,"selectedTime3":"8:00","sublocations1":"0x423f624e","www":"0x2275c58","wwwById":"0x1ae2321e"}|0x1d80aba1
15:18:43.0 (54290240)|STATEMENT_EXECUTE|[186]
15:18:43.0 (54291880)|STATEMENT_EXECUTE|[187]
15:18:43.0 (54292920)|STATEMENT_EXECUTE|[190]
15:18:43.0 (54298389)|HEAP_ALLOCATE|[252]|Bytes:12
15:18:43.0 (54304870)|CONSTRUCTOR_ENTRY|[252]|01p2400000DUtXT|<init>(Boolean,Location__c)
15:18:43.0 (54307290)|VARIABLE_SCOPE_BEGIN|[544]|this|NewDeliveredExtension.SubLocation|true|false
15:18:43.0 (54314859)|VARIABLE_ASSIGNMENT|[544]|this|{}|0x3480485f
15:18:43.0 (54318061)|VARIABLE_SCOPE_BEGIN|[544]|isChecked|Boolean|false|false
15:18:43.0 (54320536)|VARIABLE_ASSIGNMENT|[544]|isChecked|false
15:18:43.0 (54321849)|VARIABLE_SCOPE_BEGIN|[544]|sub|Location__c|true|false
15:18:43.0 (54326576)|VARIABLE_ASSIGNMENT|[544]|sub|{"Name":"1Q2WD","Id":"a0B0E0000009YBZUA2","RecordTypeId":"01224000000B1zdAAC"}|0x2be6b97c
15:18:43.0 (54329368)|STATEMENT_EXECUTE|[541]
15:18:43.0 (54330530)|STATEMENT_EXECUTE|[542]
15:18:43.0 (54331570)|STATEMENT_EXECUTE|[543]
15:18:43.0 (54339215)|STATEMENT_EXECUTE|[544]
15:18:43.0 (54340321)|STATEMENT_EXECUTE|[545]
15:18:43.0 (54348763)|VARIABLE_ASSIGNMENT|[EXTERNAL]|this|{}|0x3480485f
15:18:43.0 (54352373)|VARIABLE_ASSIGNMENT|[EXTERNAL]|value|false
15:18:43.0 (54355070)|HEAP_ALLOCATE|[542]|Bytes:5
15:18:43.0 (54358575)|VARIABLE_ASSIGNMENT|[542]|this.isChecked|false|0x3480485f
15:18:43.0 (54362164)|STATEMENT_EXECUTE|[546]
15:18:43.0 (54370507)|VARIABLE_ASSIGNMENT|[EXTERNAL]|this|{"isChecked":false}|0x3480485f
15:18:43.0 (54375509)|VARIABLE_ASSIGNMENT|[EXTERNAL]|value|{"Name":"1Q2WD","Id":"a0B0E0000009YBZUA2","RecordTypeId":"01224000000B1zdAAC"}|0x2be6b97c
15:18:43.0 (54380074)|VARIABLE_ASSIGNMENT|[543]|this.sub|{"Name":"1Q2WD","Id":"a0B0E0000009YBZUA2","RecordTypeId":"01224000000B1zdAAC"}|0x3480485f
15:18:43.0 (54386564)|CONSTRUCTOR_EXIT|[252]|01p2400000DUtXT|<init>(Boolean,Location__c)
15:18:43.0 (54391698)|HEAP_ALLOCATE|[EXTERNAL]|Bytes:4
15:18:43.0 (54397513)|METHOD_ENTRY|[251]||Database.QueryLocatorIterator.hasNext()
15:18:43.0 (54406378)|METHOD_EXIT|[251]||Database.QueryLocatorIterator.hasNext()
15:18:43.0 (54411178)|VARIABLE_ASSIGNMENT|[251]|loc|null|
15:18:43.66 (66731785)|SYSTEM_MODE_ENTER|true
15:18:43.66 (66778525)|HEAP_ALLOCATE|[EXTERNAL]|Bytes:8
15:18:43.66 (66784268)|VARIABLE_SCOPE_BEGIN|[88]|this|ApexPage.PageMessagesComponentController|true|false
15:18:43.66 (66803402)|VARIABLE_ASSIGNMENT|[88]|this|{}|0x7077d195
15:18:43.66 (66806092)|VARIABLE_SCOPE_BEGIN|[88]|escape|Boolean|false|false
15:18:43.66 (66808967)|VARIABLE_ASSIGNMENT|[88]|escape|null
15:18:43.66 (66892571)|SYSTEM_MODE_ENTER|true
15:18:43.66 (66919297)|HEAP_ALLOCATE|[EXTERNAL]|Bytes:8
15:18:43.66 (66923404)|VARIABLE_SCOPE_BEGIN|[2]|this|ApexPage.PageMessagesComponentController|true|false
15:18:43.66 (66938109)|VARIABLE_ASSIGNMENT|[2]|this|{}|0x7077d195
15:18:43.0 (67196658)|SYSTEM_MODE_ENTER|true
15:18:43.0 (67218424)|HEAP_ALLOCATE|[EXTERNAL]|Bytes:80
15:18:43.0 (67264306)|VARIABLE_ASSIGNMENT|[EXTERNAL]|this|{"delToHub":true,"delToProj":false,"detail":"0x3b355586","invoked":false,"rejected":false,"reserved":false,"selectedTime3":"8:00","sublocations1":"0x423f624e","www":"0x2275c58","wwwById":"0x1ae2321e"}|0x1d80aba1
15:18:43.0 (67270042)|STATEMENT_EXECUTE|[196]
15:18:43.0 (67272798)|STATEMENT_EXECUTE|[197]
15:18:43.0 (67274092)|STATEMENT_EXECUTE|[200]
15:18:43.0 (67318150)|SYSTEM_MODE_ENTER|true
15:18:43.0 (67334179)|HEAP_ALLOCATE|[EXTERNAL]|Bytes:80
15:18:43.0 (67384958)|VARIABLE_ASSIGNMENT|[EXTERNAL]|this|{"delToHub":true,"delToProj":false,"detail":"0x3b355586","invoked":false,"rejected":false,"reserved":false,"selectedTime3":"8:00","sublocations1":"0x423f624e","www":"0x2275c58","wwwById":"0x1ae2321e"}|0x1d80aba1
15:18:43.0 (67390105)|STATEMENT_EXECUTE|[229]
15:18:43.0 (67392308)|STATEMENT_EXECUTE|[230]
15:18:43.0 (67393547)|STATEMENT_EXECUTE|[233]
15:18:43.0 (67462113)|SYSTEM_MODE_ENTER|true
15:18:43.0 (67478672)|HEAP_ALLOCATE|[EXTERNAL]|Bytes:80
15:18:43.0 (67515497)|VARIABLE_ASSIGNMENT|[EXTERNAL]|this|{"delToHub":true,"delToProj":false,"detail":"0x3b355586","invoked":false,"rejected":false,"reserved":false,"selectedTime3":"8:00","sublocations1":"0x423f624e","www":"0x2275c58","wwwById":"0x1ae2321e"}|0x1d80aba1
15:18:43.0 (67520715)|STATEMENT_EXECUTE|[3]
15:18:43.0 (67523075)|STATEMENT_EXECUTE|[4]
15:18:43.0 (67524299)|STATEMENT_EXECUTE|[9]
15:18:43.0 (74160119)|SYSTEM_MODE_ENTER|true
15:18:43.0 (74192401)|HEAP_ALLOCATE|[EXTERNAL]|Bytes:80
15:18:43.0 (74257291)|VARIABLE_ASSIGNMENT|[EXTERNAL]|this|{"delToHub":true,"delToProj":false,"detail":"0x3b355586","invoked":false,"rejected":false,"reserved":false,"selectedTime3":"8:00","sublocations1":"0x423f624e","www":"0x2275c58","wwwById":"0x1ae2321e"}|0x1d80aba1
15:18:43.0 (74266210)|STATEMENT_EXECUTE|[186]
15:18:43.0 (74270216)|STATEMENT_EXECUTE|[187]
15:18:43.0 (74271934)|STATEMENT_EXECUTE|[190]
15:18:43.0 (75004121)|SYSTEM_MODE_ENTER|true
15:18:43.0 (75027244)|HEAP_ALLOCATE|[EXTERNAL]|Bytes:80
15:18:43.0 (75074583)|VARIABLE_ASSIGNMENT|[EXTERNAL]|this|{"delToHub":true,"delToProj":false,"detail":"0x3b355586","invoked":false,"rejected":false,"reserved":false,"selectedTime3":"8:00","sublocations1":"0x423f624e","www":"0x2275c58","wwwById":"0x1ae2321e"}|0x1d80aba1
15:18:43.0 (75081171)|STATEMENT_EXECUTE|[204]
15:18:43.0 (75084258)|STATEMENT_EXECUTE|[205]
15:18:43.0 (75085537)|STATEMENT_EXECUTE|[208]
15:18:43.0 (75132126)|SYSTEM_MODE_ENTER|true
15:18:43.0 (75148523)|HEAP_ALLOCATE|[EXTERNAL]|Bytes:80
15:18:43.0 (75186746)|VARIABLE_ASSIGNMENT|[EXTERNAL]|this|{"delToHub":true,"delToProj":false,"detail":"0x3b355586","invoked":false,"rejected":false,"reserved":false,"selectedTime3":"8:00","sublocations1":"0x423f624e","www":"0x2275c58","wwwById":"0x1ae2321e"}|0x1d80aba1
15:18:43.0 (75191548)|STATEMENT_EXECUTE|[220]
15:18:43.0 (75193314)|STATEMENT_EXECUTE|[221]
15:18:43.0 (75194395)|STATEMENT_EXECUTE|[224]
15:18:43.0 (75232251)|SYSTEM_MODE_ENTER|true
15:18:43.0 (75246739)|HEAP_ALLOCATE|[EXTERNAL]|Bytes:80
15:18:43.0 (75280892)|VARIABLE_ASSIGNMENT|[EXTERNAL]|this|{"delToHub":true,"delToProj":false,"detail":"0x3b355586","invoked":false,"rejected":false,"reserved":false,"selectedTime3":"8:00","sublocations1":"0x423f624e","www":"0x2275c58","wwwById":"0x1ae2321e"}|0x1d80aba1
15:18:43.0 (75285442)|STATEMENT_EXECUTE|[212]
15:18:43.0 (75287253)|STATEMENT_EXECUTE|[213]
15:18:43.0 (75288363)|STATEMENT_EXECUTE|[216]
15:18:43.0 (75345750)|SYSTEM_MODE_ENTER|true
15:18:43.0 (75360970)|HEAP_ALLOCATE|[EXTERNAL]|Bytes:80
15:18:43.0 (75395525)|VARIABLE_ASSIGNMENT|[EXTERNAL]|this|{"delToHub":true,"delToProj":false,"detail":"0x3b355586","invoked":false,"rejected":false,"reserved":false,"selectedTime3":"8:00","sublocations1":"0x423f624e","www":"0x2275c58","wwwById":"0x1ae2321e"}|0x1d80aba1
15:18:43.0 (75399995)|STATEMENT_EXECUTE|[21]
15:18:43.0 (75402214)|STATEMENT_EXECUTE|[22]
15:18:43.0 (75403314)|STATEMENT_EXECUTE|[26]
15:18:43.0 (79939860)|VF_SERIALIZE_VIEWSTATE_BEGIN|06624000003h0Dg
15:18:43.0 (84824608)|VF_SERIALIZE_VIEWSTATE_END
15:18:43.87 (87130136)|CUMULATIVE_LIMIT_USAGE
15:18:43.87 (87130136)|LIMIT_USAGE_FOR_NS|(default)|
  Number of SOQL queries: 1 out of 100
  Number of query rows: 4 out of 50000
  Number of SOSL queries: 0 out of 20
  Number of DML statements: 0 out of 150
  Number of DML rows: 0 out of 10000
  Maximum CPU time: 0 out of 10000
  Maximum heap size: 0 out of 6000000
  Number of callouts: 0 out of 100
  Number of Email Invocations: 0 out of 10
  Number of future calls: 0 out of 50
  Number of queueable jobs added to the queue: 0 out of 50
  Number of Mobile Apex push calls: 0 out of 10

15:18:43.87 (87130136)|CUMULATIVE_LIMIT_USAGE_END

15:18:43.0 (87160510)|CODE_UNIT_FINISHED|VF: /apex/New_delivered_detail
15:18:43.0 (87907772)|EXECUTION_FINISHED
