38.0 APEX_CODE,DEBUG;APEX_PROFILING,INFO;CALLOUT,INFO;DB,INFO;SYSTEM,DEBUG;VALIDATION,INFO;VISUALFORCE,INFO;WAVE,INFO;WORKFLOW,INFO
15:34:49.0 (49810)|USER_INFO|[EXTERNAL]|00524000001e3Uj|bedrijfsbureau@gsa.nl.sandbox|Midden-Europese standaardtijd|GMT+02:00
15:34:49.0 (75419)|EXECUTION_STARTED
15:34:49.0 (79662)|CODE_UNIT_STARTED|[EXTERNAL]|06624000003h0Dq|VF: /apex/ChoseRecordType
15:34:49.0 (1794360)|SYSTEM_MODE_ENTER|true
15:34:49.0 (3067327)|SOQL_EXECUTE_BEGIN|[132]|Aggregations:0|SELECT Id, Project__c, Curr_Items_To_Invoke__c, Item__c, Actueel_aantal_palletplaatsenworkflow__c, Ticket_Number_ILIPS__c, Filecardnumber__c, Projectmember__c, Hub_Building_Site__c, Actueel_aantal_palletplaatsen__c, Supplier__c, Name FROM WWW__c ORDER BY CreatedDate DESC NULLS FIRST
15:34:49.0 (12034165)|SOQL_EXECUTE_END|[132]|Rows:1
15:34:49.0 (12874588)|USER_DEBUG|[174]|DEBUG|null
15:34:49.0 (13211064)|SOQL_EXECUTE_BEGIN|[175]|Aggregations:0|SELECT Id, Name, DeveloperName FROM RecordType WHERE sobjectType = 'WWW_detail__c'
15:34:49.0 (25793976)|SOQL_EXECUTE_END|[175]|Rows:5
15:34:49.0 (28390811)|SOQL_EXECUTE_BEGIN|[151]|Aggregations:0|SELECT Id, Name FROM Projecten__c ORDER BY CreatedDate DESC NULLS FIRST
15:34:49.0 (29909473)|SOQL_EXECUTE_END|[151]|Rows:1
15:34:49.0 (30179309)|USER_DEBUG|[152]|DEBUG|prById{a0q9E0000006AJvQAM=Projecten__c:{Id=a0q9E0000006AJvQAM, Name=Test Project}}
15:34:49.32 (32205000)|SYSTEM_MODE_ENTER|true
15:34:49.32 (32357387)|SYSTEM_MODE_ENTER|true
15:34:49.32 (32535928)|SYSTEM_MODE_ENTER|true
15:34:49.49 (49796828)|SYSTEM_MODE_ENTER|true
15:34:49.50 (50102353)|SYSTEM_MODE_ENTER|true
15:34:49.0 (50923098)|SYSTEM_MODE_ENTER|true
15:34:49.0 (51134109)|SOQL_EXECUTE_BEGIN|[121]|Aggregations:0|SELECT Id, Name, DeveloperName FROM RecordType WHERE sobjectType = 'WWW_detail__c'
15:34:49.0 (53271200)|SOQL_EXECUTE_END|[121]|Rows:5
15:34:49.0 (54565373)|SYSTEM_MODE_ENTER|true
15:34:49.0 (56127063)|VF_SERIALIZE_VIEWSTATE_BEGIN|06624000003h0Dq
15:34:49.0 (60510512)|VF_SERIALIZE_VIEWSTATE_END
15:34:49.63 (63738698)|CUMULATIVE_LIMIT_USAGE
15:34:49.63 (63738698)|LIMIT_USAGE_FOR_NS|(default)|
  Number of SOQL queries: 4 out of 100
  Number of query rows: 12 out of 50000
  Number of SOSL queries: 0 out of 20
  Number of DML statements: 0 out of 150
  Number of DML rows: 0 out of 10000
  Maximum CPU time: 0 out of 10000
  Maximum heap size: 0 out of 6000000
  Number of callouts: 0 out of 100
  Number of Email Invocations: 0 out of 10
  Number of future calls: 0 out of 50
  Number of queueable jobs added to the queue: 0 out of 50
  Number of Mobile Apex push calls: 0 out of 10

15:34:49.63 (63738698)|CUMULATIVE_LIMIT_USAGE_END

15:34:49.0 (63774705)|CODE_UNIT_FINISHED|VF: /apex/ChoseRecordType
15:34:49.0 (64748086)|EXECUTION_FINISHED
