37.0 APEX_CODE,FINEST;APEX_PROFILING,INFO;CALLOUT,INFO;DB,INFO;SYSTEM,DEBUG;VALIDATION,INFO;VISUALFORCE,INFO;WORKFLOW,INFO
16:53:23.0 (60724)|USER_INFO|[EXTERNAL]|00524000001e3Uj|bedrijfsbureau@gsa.nl.sandbox|Midden-Europese standaardtijd|GMT+01:00
16:53:23.0 (88950)|EXECUTION_STARTED
16:53:23.0 (93294)|CODE_UNIT_STARTED|[EXTERNAL]|FutureHandler - state load
16:53:23.0 (2264020)|CODE_UNIT_FINISHED|FutureHandler - state load
16:53:23.0 (3040642)|EXECUTION_FINISHED
16:53:23.18 (18652130)|USER_INFO|[EXTERNAL]|00524000001e3Uj|bedrijfsbureau@gsa.nl.sandbox|Midden-Europese standaardtijd|GMT+01:00
16:53:23.18 (18662632)|EXECUTION_STARTED
16:53:23.18 (18666294)|CODE_UNIT_STARTED|[EXTERNAL]|01p2400000DcTyQ|ProjectUtil.addShares
16:53:23.18 (18873918)|HEAP_ALLOCATE|[72]|Bytes:3
16:53:23.18 (18932408)|HEAP_ALLOCATE|[77]|Bytes:152
16:53:23.18 (18956168)|HEAP_ALLOCATE|[342]|Bytes:408
16:53:23.18 (18985602)|HEAP_ALLOCATE|[355]|Bytes:408
16:53:23.18 (19010153)|HEAP_ALLOCATE|[467]|Bytes:48
16:53:23.18 (19053002)|HEAP_ALLOCATE|[139]|Bytes:6
16:53:23.18 (19140938)|HEAP_ALLOCATE|[EXTERNAL]|Bytes:14
16:53:23.18 (19148290)|HEAP_ALLOCATE|[EXTERNAL]|Bytes:23
16:53:23.18 (19158957)|METHOD_ENTRY|[1]|01p2400000DcTyQ|ProjectUtil.ProjectUtil()
16:53:23.18 (19164494)|STATEMENT_EXECUTE|[1]
16:53:23.18 (19171833)|STATEMENT_EXECUTE|[1]
16:53:23.18 (19178283)|METHOD_EXIT|[1]|ProjectUtil
16:53:23.18 (19227138)|HEAP_ALLOCATE|[EXTERNAL]|Bytes:8
16:53:23.18 (19237034)|VARIABLE_SCOPE_BEGIN|[104]|projectsIds|Set<Id>|true|false
16:53:23.18 (19280886)|VARIABLE_ASSIGNMENT|[104]|projectsIds|{"s":1,"v":["a0q0E0000008S3WQAU"]}|0x64807a27
16:53:23.18 (19293763)|STATEMENT_EXECUTE|[104]
16:53:23.18 (19295875)|STATEMENT_EXECUTE|[105]
16:53:23.18 (19300753)|HEAP_ALLOCATE|[105]|Bytes:59
16:53:23.18 (19315190)|HEAP_ALLOCATE|[105]|Bytes:4
16:53:23.18 (19329135)|HEAP_ALLOCATE|[105]|Bytes:7
16:53:23.18 (19388552)|HEAP_ALLOCATE|[50]|Bytes:5
16:53:23.18 (19421032)|HEAP_ALLOCATE|[56]|Bytes:5
16:53:23.18 (19430865)|HEAP_ALLOCATE|[64]|Bytes:7
16:53:23.18 (19488165)|HEAP_ALLOCATE|[105]|Bytes:8
16:53:23.18 (19496396)|HEAP_ALLOCATE|[105]|Bytes:8
16:53:23.18 (20150154)|SOQL_EXECUTE_BEGIN|[105]|Aggregations:0|SELECT Id, Account__c FROM Projecten__c WHERE id = :tmpVar1
16:53:23.18 (22260871)|SOQL_EXECUTE_END|[105]|Rows:1
16:53:23.18 (22285171)|HEAP_ALLOCATE|[105]|Bytes:8
16:53:23.18 (22304980)|HEAP_ALLOCATE|[105]|Bytes:61
16:53:23.18 (22404624)|HEAP_ALLOCATE|[105]|Bytes:8
16:53:23.18 (22419058)|VARIABLE_SCOPE_BEGIN|[105]|projects|List<Projecten__c>|true|false
16:53:23.18 (22456791)|VARIABLE_ASSIGNMENT|[105]|projects|{"s":1,"v":[{"s":2,"v":{"Id":"a0q0E0000008S3WQAU","Account__c":"0010E000002eEwIQAU"}}]}|0x74f51f37
16:53:23.18 (22463270)|STATEMENT_EXECUTE|[106]
16:53:23.18 (22472754)|HEAP_ALLOCATE|[106]|Bytes:4
16:53:23.18 (22524784)|VARIABLE_SCOPE_BEGIN|[106]|accIds|Set<Id>|true|false
16:53:23.18 (22563830)|VARIABLE_ASSIGNMENT|[106]|accIds|{"s":1,"v":[]}|0x1eeadc8f
16:53:23.18 (22568886)|STATEMENT_EXECUTE|[107]
16:53:23.18 (22574508)|HEAP_ALLOCATE|[107]|Bytes:4
16:53:23.18 (22601359)|VARIABLE_SCOPE_BEGIN|[107]|prIds|Set<Id>|true|false
16:53:23.18 (22620916)|VARIABLE_ASSIGNMENT|[107]|prIds|{"s":1,"v":[]}|0x4a50e242
16:53:23.18 (22886796)|HEAP_ALLOCATE|[108]|Bytes:5
16:53:23.18 (22949290)|HEAP_ALLOCATE|[108]|Bytes:12
16:53:23.18 (22963395)|VARIABLE_SCOPE_BEGIN|[108]|pr|Projecten__c|true|false
16:53:23.18 (22985265)|VARIABLE_ASSIGNMENT|[108]|pr|{"s":1,"v":{"Id":"a0q0E0000008S3WQAU","Account__c":"0010E000002eEwIQAU"}}|0x45f1145a
16:53:23.18 (22990690)|STATEMENT_EXECUTE|[108]
16:53:23.18 (22992760)|STATEMENT_EXECUTE|[109]
16:53:23.18 (23074422)|HEAP_ALLOCATE|[EXTERNAL]|Bytes:4
16:53:23.18 (23086821)|STATEMENT_EXECUTE|[110]
16:53:23.18 (23145924)|HEAP_ALLOCATE|[EXTERNAL]|Bytes:4
16:53:23.18 (23165484)|HEAP_ALLOCATE|[108]|Bytes:5
16:53:23.18 (23184060)|VARIABLE_ASSIGNMENT|[108]|pr|null|
16:53:23.18 (23189081)|STATEMENT_EXECUTE|[112]
16:53:23.18 (23193708)|HEAP_ALLOCATE|[112]|Bytes:85
16:53:23.18 (23201435)|HEAP_ALLOCATE|[112]|Bytes:4
16:53:23.18 (23234640)|HEAP_ALLOCATE|[112]|Bytes:8
16:53:23.18 (23241599)|HEAP_ALLOCATE|[112]|Bytes:8
16:53:23.18 (24408960)|SOQL_EXECUTE_BEGIN|[112]|Aggregations:0|SELECT Id, AccountId__c FROM User WHERE (AccountId__c = :tmpVar1 AND isActive = TRUE)
16:53:23.18 (26808831)|SOQL_EXECUTE_END|[112]|Rows:0
16:53:23.18 (26825714)|HEAP_ALLOCATE|[112]|Bytes:4
16:53:23.18 (26833050)|HEAP_ALLOCATE|[112]|Bytes:0
16:53:23.18 (26879937)|HEAP_ALLOCATE|[112]|Bytes:4
16:53:23.18 (26889483)|VARIABLE_SCOPE_BEGIN|[112]|users|List<User>|true|false
16:53:23.18 (26903045)|VARIABLE_ASSIGNMENT|[112]|users|{"s":1,"v":[]}|0x17f67940
16:53:23.18 (26906828)|STATEMENT_EXECUTE|[113]
16:53:23.18 (26939336)|HEAP_ALLOCATE|[113]|Bytes:4
16:53:23.18 (26966886)|VARIABLE_SCOPE_BEGIN|[113]|userByAccId|Map<Id,List<User>>|true|false
16:53:23.18 (26980210)|VARIABLE_ASSIGNMENT|[113]|userByAccId|{"s":1,"v":{}}|0x2b8c6b4d
16:53:23.18 (26982878)|STATEMENT_EXECUTE|[114]
16:53:23.18 (26991683)|HEAP_ALLOCATE|[114]|Bytes:4
16:53:23.18 (27014479)|VARIABLE_SCOPE_BEGIN|[114]|usersIds|Set<Id>|true|false
16:53:23.18 (27027908)|VARIABLE_ASSIGNMENT|[114]|usersIds|{"s":1,"v":[]}|0x6f9bcbf
16:53:23.18 (27126247)|HEAP_ALLOCATE|[115]|Bytes:5
16:53:23.18 (27149932)|VARIABLE_ASSIGNMENT|[115]|u|null|
16:53:23.18 (27153196)|STATEMENT_EXECUTE|[115]
16:53:23.18 (27155084)|STATEMENT_EXECUTE|[123]
16:53:23.18 (27157674)|HEAP_ALLOCATE|[123]|Bytes:57
16:53:23.18 (27162301)|HEAP_ALLOCATE|[123]|Bytes:4
16:53:23.18 (27184950)|HEAP_ALLOCATE|[123]|Bytes:8
16:53:23.18 (27189032)|HEAP_ALLOCATE|[123]|Bytes:8
16:53:23.18 (27427247)|SOQL_EXECUTE_BEGIN|[123]|Aggregations:0|SELECT Id FROM Projecten__Share WHERE ParentId = :tmpVar1
16:53:23.18 (29291847)|SOQL_EXECUTE_END|[123]|Rows:1
16:53:23.18 (29309733)|HEAP_ALLOCATE|[123]|Bytes:8
16:53:23.18 (29318928)|HEAP_ALLOCATE|[123]|Bytes:29
16:53:23.18 (29372285)|HEAP_ALLOCATE|[123]|Bytes:8
16:53:23.18 (29381793)|VARIABLE_SCOPE_BEGIN|[123]|shares|List<Projecten__Share>|true|false
16:53:23.18 (29400696)|VARIABLE_ASSIGNMENT|[123]|shares|{"s":1,"v":[{"s":2,"v":{"Id":"02c0E000001BxwxQAC"}}]}|0x249eafbf
16:53:23.18 (29403946)|STATEMENT_EXECUTE|[124]
16:53:23.18 (29405324)|STATEMENT_EXECUTE|[124]
16:53:23.18 (29406444)|STATEMENT_EXECUTE|[125]
16:53:23.18 (29455083)|DML_BEGIN|[125]|Op:Delete|Type:Projecten__Share|Rows:1
16:53:23.18 (29474902)|HEAP_ALLOCATE|[EXTERNAL]|Bytes:8
16:53:23.18 (39071765)|DML_END|[125]
16:53:23.18 (39122861)|HEAP_ALLOCATE|[EXTERNAL]|Bytes:8
16:53:23.18 (39133484)|STATEMENT_EXECUTE|[130]
16:53:23.18 (39139473)|HEAP_ALLOCATE|[130]|Bytes:4
16:53:23.18 (39179079)|VARIABLE_SCOPE_BEGIN|[130]|toInsert|List<Projecten__Share>|true|false
16:53:23.18 (39185967)|HEAP_ALLOCATE|[EXTERNAL]|Bytes:4
16:53:23.18 (39196264)|VARIABLE_ASSIGNMENT|[130]|toInsert|{"s":1,"v":[]}|0x677efdf3
16:53:23.18 (39226076)|HEAP_ALLOCATE|[131]|Bytes:5
16:53:23.18 (39236480)|HEAP_ALLOCATE|[131]|Bytes:12
16:53:23.18 (39242707)|VARIABLE_SCOPE_BEGIN|[131]|pr|Projecten__c|true|false
16:53:23.18 (39255685)|VARIABLE_ASSIGNMENT|[131]|pr|{"s":1,"v":{"Id":"a0q0E0000008S3WQAU","Account__c":"0010E000002eEwIQAU"}}|0x45f1145a
16:53:23.18 (39259187)|STATEMENT_EXECUTE|[131]
16:53:23.18 (39260518)|STATEMENT_EXECUTE|[132]
16:53:23.18 (39340076)|USER_DEBUG|[132]|DEBUG|null
16:53:23.18 (39370980)|STATEMENT_EXECUTE|[133]
16:53:23.18 (39380188)|HEAP_ALLOCATE|[131]|Bytes:5
16:53:23.18 (39390765)|VARIABLE_ASSIGNMENT|[131]|pr|null|
16:53:23.18 (39393134)|STATEMENT_EXECUTE|[142]
16:53:23.18 (39469045)|HEAP_ALLOCATE|[EXTERNAL]|Bytes:4
16:53:23.18 (39476746)|STATEMENT_EXECUTE|[143]
16:53:23.18 (39481207)|HEAP_ALLOCATE|[143]|Bytes:9
16:53:23.18 (39541321)|HEAP_ALLOCATE|[143]|Bytes:2
16:53:23.18 (39558955)|HEAP_ALLOCATE|[143]|Bytes:11
16:53:23.18 (39567857)|USER_DEBUG|[143]|DEBUG|toInsert ()
16:53:23.39 (39577827)|CUMULATIVE_LIMIT_USAGE
16:53:23.39 (39577827)|LIMIT_USAGE_FOR_NS|(default)|
  Number of SOQL queries: 3 out of 200
  Number of query rows: 2 out of 50000
  Number of SOSL queries: 0 out of 20
  Number of DML statements: 1 out of 150
  Number of DML rows: 1 out of 10000
  Maximum CPU time: 0 out of 60000
  Maximum heap size: 0 out of 12000000
  Number of callouts: 0 out of 100
  Number of Email Invocations: 0 out of 10
  Number of future calls: 0 out of 50
  Number of queueable jobs added to the queue: 0 out of 1
  Number of Mobile Apex push calls: 0 out of 10

16:53:23.39 (39577827)|CUMULATIVE_LIMIT_USAGE_END

16:53:23.18 (39615901)|CODE_UNIT_FINISHED|ProjectUtil.addShares
16:53:23.18 (40713753)|EXECUTION_FINISHED
