37.0 APEX_CODE,FINEST;APEX_PROFILING,INFO;CALLOUT,INFO;DB,INFO;SYSTEM,DEBUG;VALIDATION,INFO;VISUALFORCE,INFO;WORKFLOW,INFO
16:53:13.0 (315741)|USER_INFO|[EXTERNAL]|00524000001e3Uj|bedrijfsbureau@gsa.nl.sandbox|Midden-Europese standaardtijd|GMT+01:00
16:53:13.0 (341432)|EXECUTION_STARTED
16:53:13.0 (346360)|CODE_UNIT_STARTED|[EXTERNAL]|FutureHandler - state load
16:53:13.0 (2056090)|CODE_UNIT_FINISHED|FutureHandler - state load
16:53:13.0 (2927338)|EXECUTION_FINISHED
16:53:13.11 (11743242)|USER_INFO|[EXTERNAL]|00524000001e3Uj|bedrijfsbureau@gsa.nl.sandbox|Midden-Europese standaardtijd|GMT+01:00
16:53:13.11 (11751174)|EXECUTION_STARTED
16:53:13.11 (11754273)|CODE_UNIT_STARTED|[EXTERNAL]|01p2400000DcTyQ|ProjectUtil.addShares
16:53:13.11 (11910454)|HEAP_ALLOCATE|[72]|Bytes:3
16:53:13.11 (11949773)|HEAP_ALLOCATE|[77]|Bytes:152
16:53:13.11 (11965315)|HEAP_ALLOCATE|[342]|Bytes:408
16:53:13.11 (11980002)|HEAP_ALLOCATE|[355]|Bytes:408
16:53:13.11 (11992889)|HEAP_ALLOCATE|[467]|Bytes:48
16:53:13.11 (12019505)|HEAP_ALLOCATE|[139]|Bytes:6
16:53:13.11 (12080531)|HEAP_ALLOCATE|[EXTERNAL]|Bytes:14
16:53:13.11 (12084799)|HEAP_ALLOCATE|[EXTERNAL]|Bytes:23
16:53:13.11 (12095468)|METHOD_ENTRY|[1]|01p2400000DcTyQ|ProjectUtil.ProjectUtil()
16:53:13.11 (12099458)|STATEMENT_EXECUTE|[1]
16:53:13.11 (12103683)|STATEMENT_EXECUTE|[1]
16:53:13.11 (12107901)|METHOD_EXIT|[1]|ProjectUtil
16:53:13.11 (12138175)|HEAP_ALLOCATE|[EXTERNAL]|Bytes:8
16:53:13.11 (12145551)|VARIABLE_SCOPE_BEGIN|[104]|projectsIds|Set<Id>|true|false
16:53:13.11 (12177373)|VARIABLE_ASSIGNMENT|[104]|projectsIds|{"s":1,"v":["a0q0E0000008S3WQAU"]}|0x72cb24d3
16:53:13.11 (12185633)|STATEMENT_EXECUTE|[104]
16:53:13.11 (12187136)|STATEMENT_EXECUTE|[105]
16:53:13.11 (12190629)|HEAP_ALLOCATE|[105]|Bytes:59
16:53:13.11 (12214312)|HEAP_ALLOCATE|[105]|Bytes:4
16:53:13.11 (12225505)|HEAP_ALLOCATE|[105]|Bytes:7
16:53:13.11 (12268174)|HEAP_ALLOCATE|[50]|Bytes:5
16:53:13.11 (12288605)|HEAP_ALLOCATE|[56]|Bytes:5
16:53:13.11 (12293952)|HEAP_ALLOCATE|[64]|Bytes:7
16:53:13.11 (12334494)|HEAP_ALLOCATE|[105]|Bytes:8
16:53:13.11 (12339309)|HEAP_ALLOCATE|[105]|Bytes:8
16:53:13.11 (14092229)|SOQL_EXECUTE_BEGIN|[105]|Aggregations:0|SELECT Id, Account__c FROM Projecten__c WHERE id = :tmpVar1
16:53:13.11 (15617177)|SOQL_EXECUTE_END|[105]|Rows:1
16:53:13.11 (15634039)|HEAP_ALLOCATE|[105]|Bytes:8
16:53:13.11 (15650498)|HEAP_ALLOCATE|[105]|Bytes:61
16:53:13.11 (15720657)|HEAP_ALLOCATE|[105]|Bytes:8
16:53:13.11 (15731464)|VARIABLE_SCOPE_BEGIN|[105]|projects|List<Projecten__c>|true|false
16:53:13.11 (15757820)|VARIABLE_ASSIGNMENT|[105]|projects|{"s":1,"v":[{"s":2,"v":{"Id":"a0q0E0000008S3WQAU","Account__c":"0010E000002eEwIQAU"}}]}|0x23c899b5
16:53:13.11 (15761629)|STATEMENT_EXECUTE|[106]
16:53:13.11 (15768074)|HEAP_ALLOCATE|[106]|Bytes:4
16:53:13.11 (15804935)|VARIABLE_SCOPE_BEGIN|[106]|accIds|Set<Id>|true|false
16:53:13.11 (15827008)|VARIABLE_ASSIGNMENT|[106]|accIds|{"s":1,"v":[]}|0xa358e19
16:53:13.11 (15829300)|STATEMENT_EXECUTE|[107]
16:53:13.11 (15832474)|HEAP_ALLOCATE|[107]|Bytes:4
16:53:13.11 (15844607)|VARIABLE_SCOPE_BEGIN|[107]|prIds|Set<Id>|true|false
16:53:13.11 (15852916)|VARIABLE_ASSIGNMENT|[107]|prIds|{"s":1,"v":[]}|0x6a2a5a6f
16:53:13.11 (16051295)|HEAP_ALLOCATE|[108]|Bytes:5
16:53:13.11 (16090255)|HEAP_ALLOCATE|[108]|Bytes:12
16:53:13.11 (16099835)|VARIABLE_SCOPE_BEGIN|[108]|pr|Projecten__c|true|false
16:53:13.11 (16115769)|VARIABLE_ASSIGNMENT|[108]|pr|{"s":1,"v":{"Id":"a0q0E0000008S3WQAU","Account__c":"0010E000002eEwIQAU"}}|0x43cbb4ec
16:53:13.11 (16119784)|STATEMENT_EXECUTE|[108]
16:53:13.11 (16121205)|STATEMENT_EXECUTE|[109]
16:53:13.11 (16174095)|HEAP_ALLOCATE|[EXTERNAL]|Bytes:4
16:53:13.11 (16181175)|STATEMENT_EXECUTE|[110]
16:53:13.11 (16218131)|HEAP_ALLOCATE|[EXTERNAL]|Bytes:4
16:53:13.11 (16230422)|HEAP_ALLOCATE|[108]|Bytes:5
16:53:13.11 (16240925)|VARIABLE_ASSIGNMENT|[108]|pr|null|
16:53:13.11 (16243838)|STATEMENT_EXECUTE|[112]
16:53:13.11 (16246615)|HEAP_ALLOCATE|[112]|Bytes:85
16:53:13.11 (16251437)|HEAP_ALLOCATE|[112]|Bytes:4
16:53:13.11 (16275647)|HEAP_ALLOCATE|[112]|Bytes:8
16:53:13.11 (16280232)|HEAP_ALLOCATE|[112]|Bytes:8
16:53:13.11 (17940976)|SOQL_EXECUTE_BEGIN|[112]|Aggregations:0|SELECT Id, AccountId__c FROM User WHERE (AccountId__c = :tmpVar1 AND isActive = TRUE)
16:53:13.11 (20339842)|SOQL_EXECUTE_END|[112]|Rows:0
16:53:13.11 (20356214)|HEAP_ALLOCATE|[112]|Bytes:4
16:53:13.11 (20363547)|HEAP_ALLOCATE|[112]|Bytes:0
16:53:13.11 (20410338)|HEAP_ALLOCATE|[112]|Bytes:4
16:53:13.11 (20419413)|VARIABLE_SCOPE_BEGIN|[112]|users|List<User>|true|false
16:53:13.11 (20432770)|VARIABLE_ASSIGNMENT|[112]|users|{"s":1,"v":[]}|0x33709a95
16:53:13.11 (20435557)|STATEMENT_EXECUTE|[113]
16:53:13.11 (20467670)|HEAP_ALLOCATE|[113]|Bytes:4
16:53:13.11 (20498059)|VARIABLE_SCOPE_BEGIN|[113]|userByAccId|Map<Id,List<User>>|true|false
16:53:13.11 (20510173)|VARIABLE_ASSIGNMENT|[113]|userByAccId|{"s":1,"v":{}}|0x259693b7
16:53:13.11 (20512325)|STATEMENT_EXECUTE|[114]
16:53:13.11 (20516203)|HEAP_ALLOCATE|[114]|Bytes:4
16:53:13.11 (20536923)|VARIABLE_SCOPE_BEGIN|[114]|usersIds|Set<Id>|true|false
16:53:13.11 (20548082)|VARIABLE_ASSIGNMENT|[114]|usersIds|{"s":1,"v":[]}|0x6d85c13a
16:53:13.11 (20650211)|HEAP_ALLOCATE|[115]|Bytes:5
16:53:13.11 (20671979)|VARIABLE_ASSIGNMENT|[115]|u|null|
16:53:13.11 (20675101)|STATEMENT_EXECUTE|[115]
16:53:13.11 (20676822)|STATEMENT_EXECUTE|[123]
16:53:13.11 (20679733)|HEAP_ALLOCATE|[123]|Bytes:57
16:53:13.11 (20684505)|HEAP_ALLOCATE|[123]|Bytes:4
16:53:13.11 (20706622)|HEAP_ALLOCATE|[123]|Bytes:8
16:53:13.11 (20710870)|HEAP_ALLOCATE|[123]|Bytes:8
16:53:13.11 (20946196)|SOQL_EXECUTE_BEGIN|[123]|Aggregations:0|SELECT Id FROM Projecten__Share WHERE ParentId = :tmpVar1
16:53:13.11 (23677965)|SOQL_EXECUTE_END|[123]|Rows:1
16:53:13.11 (23696525)|HEAP_ALLOCATE|[123]|Bytes:8
16:53:13.11 (23706323)|HEAP_ALLOCATE|[123]|Bytes:29
16:53:13.11 (23758164)|HEAP_ALLOCATE|[123]|Bytes:8
16:53:13.11 (23766795)|VARIABLE_SCOPE_BEGIN|[123]|shares|List<Projecten__Share>|true|false
16:53:13.11 (23785355)|VARIABLE_ASSIGNMENT|[123]|shares|{"s":1,"v":[{"s":2,"v":{"Id":"02c0E000001BxwxQAC"}}]}|0x1706eaeb
16:53:13.11 (23788469)|STATEMENT_EXECUTE|[124]
16:53:13.11 (23789884)|STATEMENT_EXECUTE|[124]
16:53:13.11 (23790959)|STATEMENT_EXECUTE|[125]
16:53:13.11 (23843973)|DML_BEGIN|[125]|Op:Delete|Type:Projecten__Share|Rows:1
16:53:13.11 (23863244)|HEAP_ALLOCATE|[EXTERNAL]|Bytes:8
16:53:13.11 (37620192)|DML_END|[125]
16:53:13.11 (37723423)|HEAP_ALLOCATE|[EXTERNAL]|Bytes:8
16:53:13.11 (37747571)|STATEMENT_EXECUTE|[130]
16:53:13.11 (37760605)|HEAP_ALLOCATE|[130]|Bytes:4
16:53:13.11 (37855775)|VARIABLE_SCOPE_BEGIN|[130]|toInsert|List<Projecten__Share>|true|false
16:53:13.11 (37869238)|HEAP_ALLOCATE|[EXTERNAL]|Bytes:4
16:53:13.11 (37890003)|VARIABLE_ASSIGNMENT|[130]|toInsert|{"s":1,"v":[]}|0x7ff90613
16:53:13.11 (37960386)|HEAP_ALLOCATE|[131]|Bytes:5
16:53:13.11 (37985647)|HEAP_ALLOCATE|[131]|Bytes:12
16:53:13.11 (37999491)|VARIABLE_SCOPE_BEGIN|[131]|pr|Projecten__c|true|false
16:53:13.11 (38024940)|VARIABLE_ASSIGNMENT|[131]|pr|{"s":1,"v":{"Id":"a0q0E0000008S3WQAU","Account__c":"0010E000002eEwIQAU"}}|0x43cbb4ec
16:53:13.11 (38031218)|STATEMENT_EXECUTE|[131]
16:53:13.11 (38033450)|STATEMENT_EXECUTE|[132]
16:53:13.11 (38138050)|USER_DEBUG|[132]|DEBUG|null
16:53:13.11 (38187684)|STATEMENT_EXECUTE|[133]
16:53:13.11 (38203352)|HEAP_ALLOCATE|[131]|Bytes:5
16:53:13.11 (38219965)|VARIABLE_ASSIGNMENT|[131]|pr|null|
16:53:13.11 (38224667)|STATEMENT_EXECUTE|[142]
16:53:13.11 (38329586)|HEAP_ALLOCATE|[EXTERNAL]|Bytes:4
16:53:13.11 (38338804)|STATEMENT_EXECUTE|[143]
16:53:13.11 (38345035)|HEAP_ALLOCATE|[143]|Bytes:9
16:53:13.11 (38414546)|HEAP_ALLOCATE|[143]|Bytes:2
16:53:13.11 (38441407)|HEAP_ALLOCATE|[143]|Bytes:11
16:53:13.11 (38457163)|USER_DEBUG|[143]|DEBUG|toInsert ()
16:53:13.38 (38475464)|CUMULATIVE_LIMIT_USAGE
16:53:13.38 (38475464)|LIMIT_USAGE_FOR_NS|(default)|
  Number of SOQL queries: 3 out of 200
  Number of query rows: 2 out of 50000
  Number of SOSL queries: 0 out of 20
  Number of DML statements: 1 out of 150
  Number of DML rows: 1 out of 10000
  Maximum CPU time: 0 out of 60000
  Maximum heap size: 0 out of 12000000
  Number of callouts: 0 out of 100
  Number of Email Invocations: 0 out of 10
  Number of future calls: 0 out of 50
  Number of queueable jobs added to the queue: 0 out of 1
  Number of Mobile Apex push calls: 0 out of 10

16:53:13.38 (38475464)|CUMULATIVE_LIMIT_USAGE_END

16:53:13.11 (38523820)|CODE_UNIT_FINISHED|ProjectUtil.addShares
16:53:13.11 (39510528)|EXECUTION_FINISHED
