37.0 APEX_CODE,DEBUG;APEX_PROFILING,INFO;CALLOUT,INFO;DB,INFO;SYSTEM,DEBUG;VALIDATION,INFO;VISUALFORCE,INFO;WAVE,INFO;WORKFLOW,INFO
13:48:53.0 (64238)|USER_INFO|[EXTERNAL]|00524000001e3Uj|bedrijfsbureau@gsa.nl.sandbox|Midden-Europese standaardtijd|GMT+02:00
13:48:53.0 (90673)|EXECUTION_STARTED
13:48:53.0 (95258)|CODE_UNIT_STARTED|[EXTERNAL]|06624000003p4fv|VF: /apex/WWWQRCode
13:48:53.13 (13255766)|CUMULATIVE_LIMIT_USAGE
13:48:53.13 (13255766)|LIMIT_USAGE_FOR_NS|(default)|
  Number of SOQL queries: 0 out of 100
  Number of query rows: 0 out of 50000
  Number of SOSL queries: 0 out of 20
  Number of DML statements: 0 out of 150
  Number of DML rows: 0 out of 10000
  Maximum CPU time: 0 out of 10000
  Maximum heap size: 0 out of 6000000
  Number of callouts: 0 out of 100
  Number of Email Invocations: 0 out of 10
  Number of future calls: 0 out of 50
  Number of queueable jobs added to the queue: 0 out of 50
  Number of Mobile Apex push calls: 0 out of 10

13:48:53.13 (13255766)|CUMULATIVE_LIMIT_USAGE_END

13:48:53.0 (13294721)|CODE_UNIT_FINISHED|VF: /apex/WWWQRCode
13:48:53.0 (14039895)|EXECUTION_FINISHED
