38.0 APEX_CODE,FINEST;APEX_PROFILING,INFO;CALLOUT,INFO;DB,INFO;SYSTEM,DEBUG;VALIDATION,INFO;VISUALFORCE,INFO;WAVE,INFO;WORKFLOW,INFO
16:48:05.0 (294627)|USER_INFO|[EXTERNAL]|00524000001e3Uj|bedrijfsbureau@gsa.nl.sandbox|Midden-Europese standaardtijd|GMT+01:00
16:48:05.0 (314287)|EXECUTION_STARTED
16:48:05.0 (317816)|CODE_UNIT_STARTED|[EXTERNAL]|06624000003h0Dg|VF: /apex/New_delivered_detail
16:48:05.0 (1893333)|SYSTEM_MODE_ENTER|true
16:48:05.0 (2206568)|HEAP_ALLOCATE|[72]|Bytes:3
16:48:05.0 (2236659)|HEAP_ALLOCATE|[77]|Bytes:152
16:48:05.0 (2249842)|HEAP_ALLOCATE|[342]|Bytes:408
16:48:05.0 (2264099)|HEAP_ALLOCATE|[355]|Bytes:408
16:48:05.0 (2277410)|HEAP_ALLOCATE|[467]|Bytes:48
16:48:05.0 (2300501)|HEAP_ALLOCATE|[139]|Bytes:6
16:48:05.0 (2315156)|HEAP_ALLOCATE|[EXTERNAL]|Bytes:11
16:48:05.0 (2320167)|HEAP_ALLOCATE|[EXTERNAL]|Bytes:408
16:48:05.0 (2322715)|HEAP_ALLOCATE|[EXTERNAL]|Bytes:120
16:48:05.0 (2325522)|HEAP_ALLOCATE|[EXTERNAL]|Bytes:120
16:48:05.0 (2333318)|METHOD_ENTRY|[1]|01p2400000DUtXT|NewDeliveredExtension.NewDeliveredExtension()
16:48:05.0 (2337156)|STATEMENT_EXECUTE|[1]
16:48:05.0 (2346796)|STATEMENT_EXECUTE|[1]
16:48:05.0 (2348205)|STATEMENT_EXECUTE|[543]
16:48:05.0 (2352240)|METHOD_EXIT|[1]|NewDeliveredExtension
16:48:05.0 (2396774)|HEAP_ALLOCATE|[EXTERNAL]|Bytes:80
16:48:05.0 (2409601)|VARIABLE_SCOPE_BEGIN|[163]|this|NewDeliveredExtension|true|false
16:48:05.0 (2492113)|VARIABLE_ASSIGNMENT|[163]|this|{}|0x4debf97f
16:48:05.0 (2496050)|VARIABLE_SCOPE_BEGIN|[163]|controller|ApexPages.StandardController|true|false
16:48:05.0 (2645353)|VARIABLE_ASSIGNMENT|[163]|controller|"StandardController [null]"|0xcb54171
16:48:05.0 (2653591)|STATEMENT_EXECUTE|[1]
16:48:05.0 (2654941)|STATEMENT_EXECUTE|[2]
16:48:05.0 (2656301)|STATEMENT_EXECUTE|[20]
16:48:05.0 (2657604)|STATEMENT_EXECUTE|[61]
16:48:05.0 (2658591)|STATEMENT_EXECUTE|[69]
16:48:05.0 (2659474)|STATEMENT_EXECUTE|[77]
16:48:05.0 (2660379)|STATEMENT_EXECUTE|[85]
16:48:05.0 (2661320)|STATEMENT_EXECUTE|[93]
16:48:05.0 (2662498)|STATEMENT_EXECUTE|[101]
16:48:05.0 (2663619)|STATEMENT_EXECUTE|[123]
16:48:05.0 (2668760)|HEAP_ALLOCATE|[123]|Bytes:4
16:48:05.0 (2673386)|HEAP_ALLOCATE|[123]|Bytes:258
16:48:05.0 (2677814)|HEAP_ALLOCATE|[123]|Bytes:4
16:48:05.0 (2709034)|HEAP_ALLOCATE|[50]|Bytes:5
16:48:05.0 (2727725)|HEAP_ALLOCATE|[56]|Bytes:5
16:48:05.0 (2733149)|HEAP_ALLOCATE|[64]|Bytes:7
16:48:05.0 (3055621)|SOQL_EXECUTE_BEGIN|[123]|Aggregations:0|SELECT Id, Project__c, Item__c, Actueel_aantal_palletplaatsenworkflow__c, Ticket_Number_ILIPS__c, Filecardnumber__c, Projectmember__c, Hub_Building_Site__c, Actueel_aantal_palletplaatsen__c, Supplier__c, Name FROM WWW__c ORDER BY CreatedDate DESC NULLS FIRST
16:48:05.0 (9083116)|SOQL_EXECUTE_END|[123]|Rows:5
16:48:05.0 (9097274)|HEAP_ALLOCATE|[123]|Bytes:24
16:48:05.0 (9126381)|HEAP_ALLOCATE|[123]|Bytes:1105
16:48:05.0 (9160814)|HEAP_ALLOCATE|[123]|Bytes:24
16:48:05.0 (9198519)|HEAP_ALLOCATE|[123]|Bytes:28
16:48:05.0 (9206599)|HEAP_ALLOCATE|[123]|Bytes:4
16:48:05.0 (9212958)|HEAP_ALLOCATE|[123]|Bytes:28
16:48:05.0 (9216202)|HEAP_ALLOCATE|[123]|Bytes:4
16:48:05.0 (9220203)|HEAP_ALLOCATE|[123]|Bytes:28
16:48:05.0 (9222920)|HEAP_ALLOCATE|[123]|Bytes:4
16:48:05.0 (9226698)|HEAP_ALLOCATE|[123]|Bytes:28
16:48:05.0 (9229441)|HEAP_ALLOCATE|[123]|Bytes:4
16:48:05.0 (9233539)|HEAP_ALLOCATE|[123]|Bytes:28
16:48:05.0 (9236154)|HEAP_ALLOCATE|[123]|Bytes:4
16:48:05.0 (9287175)|VARIABLE_ASSIGNMENT|[123]|this.wwwById|{"a0t0E0000004UUSQA2":{"Id":"a0t0E0000004UUSQA2","Project__c":"a0q0E0000008ahlQAA","Item__c":"a0A0E0000001PilUAE","Hub_Building_Site__c":"a020E000000zEM2QAM","Actueel_aantal_palle (12 more) ...":0,"Name":"WWW-13541"},"a0t0E0000004UUNQA2":{"Id":"a0t0E0000004UUNQA2","Project__c":"a0q0E0000008S3WQAU","Item__c":"a0A0E0000001PiqUAE","Hub_Building_Site__c":"a020E000000zFeUQAU","Actueel_aantal_palle (12 more) ...":0,"Name":"WWW-13540"},"a0t0E0000004NFcQAM":{"Id":"a0t0E0000004NFcQAM","Project__c":"a0q0E0000008S3bQAE","Item__c":"a0A0E0000001Pj0UAE","Hub_Building_Site__c":"a020E000000zEM2QAM","Actueel_aantal_palle (12 more) ...":0,"Name":"WWW-13490"},"a0t0E0000004NFXQA2":{"Id":"a0t0E0000004NFXQA2","Project__c":"a0q0E0000008S3WQAU","Item__c":"a0A0E0000001PiqUAE","Hub_Building_Site__c":"a020E000000zEM2QAM","Actueel_aantal_palle (12 more) ...":0,"Name":"WWW-13489"},"a0t0E0000004NFNQA2":{"Id":"a0t0E0000004NFNQA2","Project__c":"a0q0E0000008S3WQAU","Item__c":"a0A0E0000001PilUAE","Hub_Building_Site__c":"a020E000000zEM2QAM","Actueel_aantal_palle (12 more) ...":0,"Name":"WWW-13487"}}|0x4debf97f
16:48:05.0 (9296778)|STATEMENT_EXECUTE|[155]
16:48:05.0 (9298549)|STATEMENT_EXECUTE|[156]
16:48:05.0 (9299507)|STATEMENT_EXECUTE|[184]
16:48:05.0 (9300551)|STATEMENT_EXECUTE|[185]
16:48:05.0 (9301555)|STATEMENT_EXECUTE|[195]
16:48:05.0 (9302573)|STATEMENT_EXECUTE|[203]
16:48:05.0 (9303622)|STATEMENT_EXECUTE|[211]
16:48:05.0 (9304613)|STATEMENT_EXECUTE|[219]
16:48:05.0 (9305607)|STATEMENT_EXECUTE|[228]
16:48:05.0 (9306499)|STATEMENT_EXECUTE|[236]
16:48:05.0 (9313277)|HEAP_ALLOCATE|[123]|Bytes:6
16:48:05.0 (9334962)|STATEMENT_EXECUTE|[163]
16:48:05.0 (9336341)|STATEMENT_EXECUTE|[164]
16:48:05.0 (9376509)|HEAP_ALLOCATE|[164]|Bytes:58
16:48:05.0 (9411847)|HEAP_ALLOCATE|[164]|Bytes:28
16:48:05.0 (9428536)|HEAP_ALLOCATE|[164]|Bytes:10
16:48:05.0 (9448823)|HEAP_ALLOCATE|[164]|Bytes:4
16:48:05.0 (9495203)|VARIABLE_ASSIGNMENT|[EXTERNAL]|this|{"wwwById":"0x7503bcc8"}|0x4debf97f
16:48:05.0 (9499567)|STATEMENT_EXECUTE|[3]
16:48:05.0 (9504379)|STATEMENT_EXECUTE|[4]
16:48:05.0 (9505434)|STATEMENT_EXECUTE|[5]
16:48:05.0 (9522412)|HEAP_ALLOCATE|[5]|Bytes:4
16:48:05.0 (9614779)|VARIABLE_ASSIGNMENT|[5]|this.detail|{}|0x4debf97f
16:48:05.0 (9617487)|STATEMENT_EXECUTE|[6]
16:48:05.0 (9671439)|VARIABLE_ASSIGNMENT|[EXTERNAL]|this|{"detail":"0x14fe4657","wwwById":"0x7503bcc8"}|0x4debf97f
16:48:05.0 (9675195)|STATEMENT_EXECUTE|[21]
16:48:05.0 (9678695)|STATEMENT_EXECUTE|[22]
16:48:05.0 (9679771)|STATEMENT_EXECUTE|[23]
16:48:05.0 (9689211)|HEAP_ALLOCATE|[23]|Bytes:4
16:48:05.0 (9734893)|VARIABLE_ASSIGNMENT|[23]|this.www|{}|0x4debf97f
16:48:05.0 (9738186)|STATEMENT_EXECUTE|[26]
16:48:05.0 (9804853)|VARIABLE_ASSIGNMENT|[6]|this.WWW__c|null|0x14fe4657
16:48:05.0 (9807699)|STATEMENT_EXECUTE|[7]
16:48:05.0 (9861261)|VARIABLE_ASSIGNMENT|[EXTERNAL]|this|{"detail":"0x14fe4657","www":"0x6ce9a88c","wwwById":"0x7503bcc8"}|0x4debf97f
16:48:05.0 (9914343)|VARIABLE_ASSIGNMENT|[7]|this.Project__c|null|0x14fe4657
16:48:05.0 (9917708)|STATEMENT_EXECUTE|[9]
16:48:05.0 (9947878)|VARIABLE_ASSIGNMENT|[164]|this.RecordTypeId|"01224000000Sn4NAAS"|0x14fe4657
16:48:05.0 (9950122)|STATEMENT_EXECUTE|[165]
16:48:05.0 (9997124)|VARIABLE_ASSIGNMENT|[EXTERNAL]|this|{"detail":"0x14fe4657","www":"0x6ce9a88c","wwwById":"0x7503bcc8"}|0x4debf97f
16:48:05.0 (10000742)|STATEMENT_EXECUTE|[3]
16:48:05.0 (10003580)|STATEMENT_EXECUTE|[4]
16:48:05.0 (10004653)|STATEMENT_EXECUTE|[9]
16:48:05.0 (10042131)|USER_DEBUG|[165]|DEBUG|01224000000Sn4NAAS
16:48:05.0 (10047140)|STATEMENT_EXECUTE|[166]
16:48:05.0 (10091250)|HEAP_ALLOCATE|[166]|Bytes:4
16:48:05.0 (10096849)|HEAP_ALLOCATE|[166]|Bytes:82
16:48:05.0 (10099652)|HEAP_ALLOCATE|[166]|Bytes:4
16:48:05.0 (10266109)|SOQL_EXECUTE_BEGIN|[166]|Aggregations:0|SELECT Id, Name, DeveloperName FROM RecordType WHERE sobjectType = 'WWW_detail__c'
16:48:05.0 (16864518)|SOQL_EXECUTE_END|[166]|Rows:5
16:48:05.0 (16877595)|HEAP_ALLOCATE|[166]|Bytes:24
16:48:05.0 (16896149)|HEAP_ALLOCATE|[166]|Bytes:371
16:48:05.0 (16928554)|HEAP_ALLOCATE|[166]|Bytes:24
16:48:05.0 (16965276)|HEAP_ALLOCATE|[166]|Bytes:16
16:48:05.0 (16972675)|HEAP_ALLOCATE|[166]|Bytes:4
16:48:05.0 (16977925)|HEAP_ALLOCATE|[166]|Bytes:16
16:48:05.0 (16981006)|HEAP_ALLOCATE|[166]|Bytes:4
16:48:05.0 (16984724)|HEAP_ALLOCATE|[166]|Bytes:16
16:48:05.0 (16987628)|HEAP_ALLOCATE|[166]|Bytes:4
16:48:05.0 (16991074)|HEAP_ALLOCATE|[166]|Bytes:16
16:48:05.0 (16993758)|HEAP_ALLOCATE|[166]|Bytes:4
16:48:05.0 (16997084)|HEAP_ALLOCATE|[166]|Bytes:16
16:48:05.0 (16999780)|HEAP_ALLOCATE|[166]|Bytes:4
16:48:05.0 (17006505)|VARIABLE_SCOPE_BEGIN|[166]|recByNames|Map<Id,RecordType>|true|false
16:48:05.0 (17037143)|VARIABLE_ASSIGNMENT|[166]|recByNames|{"01224000000Sn4NAAS":{"Id":"01224000000Sn4NAAS","Name":"Afleveren","DeveloperName":"Delivered_2_Project"},"01224000000Sn4OAAS":{"Id":"01224000000Sn4OAAS","Name":"Afroepen","DeveloperName":"Invoked"},"01224000000Sn4PAAS":{"Id":"01224000000Sn4PAAS","Name":"Afwijzen","DeveloperName":"Rejected"},"01224000000Sn4MAAS":{"Id":"01224000000Sn4MAAS","Name":"Ontvangen","DeveloperName":"Delivered_2_Hub"},"01224000000Sn4QAAS":{"Id":"01224000000Sn4QAAS","Name":"Verwachten","DeveloperName":"Reserved"}}|0x19f8ef68
16:48:05.0 (17093994)|VARIABLE_ASSIGNMENT|[EXTERNAL]|this|{"detail":"0x14fe4657","www":"0x6ce9a88c","wwwById":"0x7503bcc8"}|0x4debf97f
16:48:05.0 (17098224)|STATEMENT_EXECUTE|[3]
16:48:05.0 (17100732)|STATEMENT_EXECUTE|[4]
16:48:05.0 (17101819)|STATEMENT_EXECUTE|[9]
16:48:05.0 (17112312)|STATEMENT_EXECUTE|[168]
16:48:05.0 (17149133)|VARIABLE_ASSIGNMENT|[EXTERNAL]|this|{"detail":"0x14fe4657","www":"0x6ce9a88c","wwwById":"0x7503bcc8"}|0x4debf97f
16:48:05.0 (17152313)|STATEMENT_EXECUTE|[3]
16:48:05.0 (17153907)|STATEMENT_EXECUTE|[4]
16:48:05.0 (17154897)|STATEMENT_EXECUTE|[9]
16:48:05.0 (17193099)|HEAP_ALLOCATE|[169]|Bytes:7
16:48:05.0 (17248337)|VARIABLE_ASSIGNMENT|[EXTERNAL]|this|{"detail":"0x14fe4657","www":"0x6ce9a88c","wwwById":"0x7503bcc8"}|0x4debf97f
16:48:05.0 (17252240)|STATEMENT_EXECUTE|[3]
16:48:05.0 (17254073)|STATEMENT_EXECUTE|[4]
16:48:05.0 (17255094)|STATEMENT_EXECUTE|[9]
16:48:05.0 (17273545)|HEAP_ALLOCATE|[171]|Bytes:8
16:48:05.0 (17316072)|VARIABLE_ASSIGNMENT|[EXTERNAL]|this|{"detail":"0x14fe4657","www":"0x6ce9a88c","wwwById":"0x7503bcc8"}|0x4debf97f
16:48:05.0 (17319347)|STATEMENT_EXECUTE|[3]
16:48:05.0 (17320838)|STATEMENT_EXECUTE|[4]
16:48:05.0 (17321832)|STATEMENT_EXECUTE|[9]
16:48:05.0 (17336987)|HEAP_ALLOCATE|[173]|Bytes:15
16:48:05.0 (17379866)|VARIABLE_ASSIGNMENT|[EXTERNAL]|this|{"detail":"0x14fe4657","www":"0x6ce9a88c","wwwById":"0x7503bcc8"}|0x4debf97f
16:48:05.0 (17382797)|STATEMENT_EXECUTE|[3]
16:48:05.0 (17384320)|STATEMENT_EXECUTE|[4]
16:48:05.0 (17385308)|STATEMENT_EXECUTE|[9]
16:48:05.0 (17398558)|HEAP_ALLOCATE|[175]|Bytes:19
16:48:05.0 (17409491)|STATEMENT_EXECUTE|[175]
16:48:05.0 (17410955)|STATEMENT_EXECUTE|[176]
16:48:05.0 (17473688)|VARIABLE_ASSIGNMENT|[EXTERNAL]|this|{"detail":"0x14fe4657","www":"0x6ce9a88c","wwwById":"0x7503bcc8"}|0x4debf97f
16:48:05.0 (17485689)|VARIABLE_ASSIGNMENT|[EXTERNAL]|value|true
16:48:05.0 (17490584)|HEAP_ALLOCATE|[219]|Bytes:5
16:48:05.0 (17495936)|VARIABLE_ASSIGNMENT|[219]|this.delToProj|true|0x4debf97f
16:48:05.0 (17502461)|STATEMENT_EXECUTE|[181]
16:48:05.0 (17545237)|METHOD_ENTRY|[181]|01p2400000DUtXT|NewDeliveredExtension.getProjects()
16:48:05.0 (17557445)|VARIABLE_SCOPE_BEGIN|[139]|this|NewDeliveredExtension|true|false
16:48:05.0 (17587153)|VARIABLE_ASSIGNMENT|[139]|this|{"delToProj":true,"detail":"0x14fe4657","www":"0x6ce9a88c","wwwById":"0x7503bcc8"}|0x4debf97f
16:48:05.0 (17592073)|STATEMENT_EXECUTE|[139]
16:48:05.0 (17593351)|STATEMENT_EXECUTE|[141]
16:48:05.0 (17597946)|HEAP_ALLOCATE|[141]|Bytes:4
16:48:05.0 (17621039)|VARIABLE_SCOPE_BEGIN|[141]|options|List<System.SelectOption>|true|false
16:48:05.0 (17645572)|HEAP_ALLOCATE|[EXTERNAL]|Bytes:4
16:48:05.0 (17653102)|VARIABLE_ASSIGNMENT|[141]|options|[]|0x439660c0
16:48:05.0 (17655242)|STATEMENT_EXECUTE|[142]
16:48:05.0 (17696062)|HEAP_ALLOCATE|[142]|Bytes:4
16:48:05.0 (17700791)|HEAP_ALLOCATE|[142]|Bytes:71
16:48:05.0 (17703688)|HEAP_ALLOCATE|[142]|Bytes:4
16:48:05.0 (17903326)|SOQL_EXECUTE_BEGIN|[142]|Aggregations:0|SELECT Id, Name FROM Projecten__c ORDER BY CreatedDate DESC NULLS FIRST
16:48:05.0 (18882992)|SOQL_EXECUTE_END|[142]|Rows:3
16:48:05.0 (18896379)|HEAP_ALLOCATE|[142]|Bytes:16
16:48:05.0 (18908959)|HEAP_ALLOCATE|[142]|Bytes:126
16:48:05.0 (18942911)|HEAP_ALLOCATE|[142]|Bytes:16
16:48:05.0 (18978475)|HEAP_ALLOCATE|[142]|Bytes:12
16:48:05.0 (18985743)|HEAP_ALLOCATE|[142]|Bytes:4
16:48:05.0 (18991605)|HEAP_ALLOCATE|[142]|Bytes:12
16:48:05.0 (18994683)|HEAP_ALLOCATE|[142]|Bytes:4
16:48:05.0 (18998859)|HEAP_ALLOCATE|[142]|Bytes:12
16:48:05.0 (19001549)|HEAP_ALLOCATE|[142]|Bytes:4
16:48:05.0 (19008474)|VARIABLE_SCOPE_BEGIN|[142]|prById|Map<Id,Projecten__c>|true|false
16:48:05.0 (19030200)|VARIABLE_ASSIGNMENT|[142]|prById|{"a0q0E0000008ahlQAA":{"Id":"a0q0E0000008ahlQAA","Name":"1111"},"a0q0E0000008S3bQAE":{"Id":"a0q0E0000008S3bQAE","Name":"2165103"},"a0q0E0000008S3WQAU":{"Id":"a0q0E0000008S3WQAU","Name":"5700"}}|0x8d4264e
16:48:05.0 (19034065)|STATEMENT_EXECUTE|[143]
16:48:05.0 (19036847)|HEAP_ALLOCATE|[143]|Bytes:6
16:48:05.0 (19115523)|HEAP_ALLOCATE|[143]|Bytes:207
16:48:05.0 (19131605)|HEAP_ALLOCATE|[143]|Bytes:213
16:48:05.0 (19142116)|USER_DEBUG|[143]|DEBUG|prById{a0q0E0000008S3WQAU=Projecten__c:{Id=a0q0E0000008S3WQAU, Name=5700}, a0q0E0000008S3bQAE=Projecten__c:{Id=a0q0E0000008S3bQAE, Name=2165103}, a0q0E0000008ahlQAA=Projecten__c:{Id=a0q0E0000008ahlQAA, Name=1111}}
16:48:05.0 (19147648)|STATEMENT_EXECUTE|[144]
16:48:05.0 (19173585)|HEAP_ALLOCATE|[EXTERNAL]|Bytes:16
16:48:05.0 (19182262)|HEAP_ALLOCATE|[144]|Bytes:139
16:48:05.0 (19221194)|HEAP_ALLOCATE|[144]|Bytes:12
16:48:05.0 (19287906)|VARIABLE_ASSIGNMENT|[EXTERNAL]|this|{"delToProj":true,"detail":"0x14fe4657","www":"0x6ce9a88c","wwwById":"0x7503bcc8"}|0x4debf97f
16:48:05.0 (19292458)|STATEMENT_EXECUTE|[3]
16:48:05.0 (19294738)|STATEMENT_EXECUTE|[4]
16:48:05.0 (19295795)|STATEMENT_EXECUTE|[9]
16:48:05.0 (19335402)|VARIABLE_ASSIGNMENT|[144]|this.Project__c|"a0q0E0000008ahlQAA"|0x14fe4657
16:48:05.0 (19358604)|HEAP_ALLOCATE|[EXTERNAL]|Bytes:16
16:48:05.0 (19366083)|HEAP_ALLOCATE|[145]|Bytes:139
16:48:05.0 (19497425)|HEAP_ALLOCATE|[145]|Bytes:5
16:48:05.0 (19509466)|HEAP_ALLOCATE|[145]|Bytes:12
16:48:05.0 (19515750)|VARIABLE_SCOPE_BEGIN|[145]|rec|Projecten__c|true|false
16:48:05.0 (19527439)|VARIABLE_ASSIGNMENT|[145]|rec|{"Id":"a0q0E0000008ahlQAA","Name":"1111"}|0x6127bbcd
16:48:05.0 (19530661)|STATEMENT_EXECUTE|[145]
16:48:05.0 (19578722)|VARIABLE_ASSIGNMENT|[EXTERNAL]|this|{"delToProj":true,"detail":"0x14fe4657","www":"0x6ce9a88c","wwwById":"0x7503bcc8"}|0x4debf97f
16:48:05.0 (19582564)|STATEMENT_EXECUTE|[21]
16:48:05.0 (19584532)|STATEMENT_EXECUTE|[22]
16:48:05.0 (19585655)|STATEMENT_EXECUTE|[26]
16:48:05.0 (19591853)|STATEMENT_EXECUTE|[146]
16:48:05.0 (19593012)|STATEMENT_EXECUTE|[147]
16:48:05.0 (19631622)|VARIABLE_ASSIGNMENT|[EXTERNAL]|this|{"delToProj":true,"detail":"0x14fe4657","www":"0x6ce9a88c","wwwById":"0x7503bcc8"}|0x4debf97f
16:48:05.0 (19634537)|STATEMENT_EXECUTE|[21]
16:48:05.0 (19635950)|STATEMENT_EXECUTE|[22]
16:48:05.0 (19636961)|STATEMENT_EXECUTE|[26]
16:48:05.0 (19682205)|VARIABLE_ASSIGNMENT|[147]|this.Project__c|"a0q0E0000008ahlQAA"|0x6ce9a88c
16:48:05.0 (19685310)|STATEMENT_EXECUTE|[150]
16:48:05.0 (19701601)|HEAP_ALLOCATE|[150]|Bytes:18
16:48:05.0 (19760498)|HEAP_ALLOCATE|[EXTERNAL]|Bytes:4
16:48:05.0 (19773852)|HEAP_ALLOCATE|[145]|Bytes:5
16:48:05.0 (19782030)|HEAP_ALLOCATE|[145]|Bytes:12
16:48:05.0 (19786981)|VARIABLE_SCOPE_BEGIN|[145]|rec|Projecten__c|true|false
16:48:05.0 (19797754)|VARIABLE_ASSIGNMENT|[145]|rec|{"Id":"a0q0E0000008S3bQAE","Name":"2165103"}|0x4d039695
16:48:05.0 (19800510)|STATEMENT_EXECUTE|[145]
16:48:05.0 (19835602)|VARIABLE_ASSIGNMENT|[EXTERNAL]|this|{"delToProj":true,"detail":"0x14fe4657","www":"0x6ce9a88c","wwwById":"0x7503bcc8"}|0x4debf97f
16:48:05.0 (19838516)|STATEMENT_EXECUTE|[21]
16:48:05.0 (19840145)|STATEMENT_EXECUTE|[22]
16:48:05.0 (19841195)|STATEMENT_EXECUTE|[26]
16:48:05.0 (19862274)|STATEMENT_EXECUTE|[146]
16:48:05.0 (19863828)|STATEMENT_EXECUTE|[150]
16:48:05.0 (19871606)|HEAP_ALLOCATE|[150]|Bytes:18
16:48:05.0 (19884659)|HEAP_ALLOCATE|[EXTERNAL]|Bytes:4
16:48:05.0 (19893622)|HEAP_ALLOCATE|[145]|Bytes:5
16:48:05.0 (19900477)|HEAP_ALLOCATE|[145]|Bytes:12
16:48:05.0 (19904564)|VARIABLE_SCOPE_BEGIN|[145]|rec|Projecten__c|true|false
16:48:05.0 (19912963)|VARIABLE_ASSIGNMENT|[145]|rec|{"Id":"a0q0E0000008S3WQAU","Name":"5700"}|0x66633239
16:48:05.0 (19915382)|STATEMENT_EXECUTE|[145]
16:48:05.0 (19947613)|VARIABLE_ASSIGNMENT|[EXTERNAL]|this|{"delToProj":true,"detail":"0x14fe4657","www":"0x6ce9a88c","wwwById":"0x7503bcc8"}|0x4debf97f
16:48:05.0 (19950429)|STATEMENT_EXECUTE|[21]
16:48:05.0 (19951995)|STATEMENT_EXECUTE|[22]
16:48:05.0 (19952972)|STATEMENT_EXECUTE|[26]
16:48:05.0 (19957810)|STATEMENT_EXECUTE|[146]
16:48:05.0 (19959098)|STATEMENT_EXECUTE|[150]
16:48:05.0 (19964827)|HEAP_ALLOCATE|[150]|Bytes:18
16:48:05.0 (19973735)|HEAP_ALLOCATE|[EXTERNAL]|Bytes:4
16:48:05.0 (19981039)|HEAP_ALLOCATE|[145]|Bytes:5
16:48:05.0 (19988978)|VARIABLE_ASSIGNMENT|[145]|rec|null|
16:48:05.0 (19991674)|STATEMENT_EXECUTE|[152]
16:48:05.0 (19995748)|METHOD_EXIT|[181]|01p2400000DUtXT|NewDeliveredExtension.getProjects()
16:48:05.22 (22524901)|SYSTEM_MODE_ENTER|true
16:48:05.22 (22554115)|HEAP_ALLOCATE|[EXTERNAL]|Bytes:38
16:48:05.22 (22558764)|HEAP_ALLOCATE|[EXTERNAL]|Bytes:7
16:48:05.22 (22565551)|SYSTEM_METHOD_ENTRY|[1]|PageMessagesComponentController.PageMessagesComponentController()
16:48:05.22 (22568412)|STATEMENT_EXECUTE|[1]
16:48:05.22 (22689075)|SYSTEM_MODE_ENTER|true
16:48:05.22 (22733680)|HEAP_ALLOCATE|[EXTERNAL]|Bytes:8
16:48:05.22 (22738587)|VARIABLE_SCOPE_BEGIN|[88]|this|ApexPage.PageMessagesComponentController|true|false
16:48:05.22 (22756749)|VARIABLE_ASSIGNMENT|[88]|this|{}|0x27f1d0db
16:48:05.22 (22758823)|VARIABLE_SCOPE_BEGIN|[88]|escape|Boolean|false|false
16:48:05.22 (22762011)|VARIABLE_ASSIGNMENT|[88]|escape|null
16:48:05.22 (22896060)|SYSTEM_MODE_ENTER|true
16:48:05.22 (22921738)|HEAP_ALLOCATE|[EXTERNAL]|Bytes:8
16:48:05.22 (22925904)|VARIABLE_SCOPE_BEGIN|[2]|this|ApexPage.PageMessagesComponentController|true|false
16:48:05.22 (22939513)|VARIABLE_ASSIGNMENT|[2]|this|{}|0x27f1d0db
16:48:05.0 (23604001)|SYSTEM_MODE_ENTER|true
16:48:05.0 (23631357)|HEAP_ALLOCATE|[EXTERNAL]|Bytes:80
16:48:05.0 (23676791)|VARIABLE_ASSIGNMENT|[EXTERNAL]|this|{"delToProj":true,"detail":"0x14fe4657","www":"0x6ce9a88c","wwwById":"0x7503bcc8"}|0x4debf97f
16:48:05.0 (23683090)|STATEMENT_EXECUTE|[196]
16:48:05.0 (23687093)|STATEMENT_EXECUTE|[197]
16:48:05.0 (23688196)|STATEMENT_EXECUTE|[198]
16:48:05.0 (23693423)|HEAP_ALLOCATE|[198]|Bytes:5
16:48:05.0 (23699311)|VARIABLE_ASSIGNMENT|[198]|this.invoked|false|0x4debf97f
16:48:05.0 (23701611)|STATEMENT_EXECUTE|[200]
16:48:05.0 (23760530)|SYSTEM_MODE_ENTER|true
16:48:05.0 (23781466)|HEAP_ALLOCATE|[EXTERNAL]|Bytes:80
16:48:05.0 (23819657)|VARIABLE_ASSIGNMENT|[EXTERNAL]|this|{"delToProj":true,"detail":"0x14fe4657","invoked":false,"www":"0x6ce9a88c","wwwById":"0x7503bcc8"}|0x4debf97f
16:48:05.0 (23825178)|STATEMENT_EXECUTE|[229]
16:48:05.0 (23828467)|STATEMENT_EXECUTE|[230]
16:48:05.0 (23829513)|STATEMENT_EXECUTE|[231]
16:48:05.0 (23833843)|HEAP_ALLOCATE|[231]|Bytes:5
16:48:05.0 (23839432)|VARIABLE_ASSIGNMENT|[231]|this.delToHub|false|0x4debf97f
16:48:05.0 (23841393)|STATEMENT_EXECUTE|[233]
16:48:05.0 (23890135)|SYSTEM_MODE_ENTER|true
16:48:05.0 (23908183)|HEAP_ALLOCATE|[EXTERNAL]|Bytes:80
16:48:05.0 (23944102)|VARIABLE_ASSIGNMENT|[EXTERNAL]|this|{"delToHub":false,"delToProj":true,"detail":"0x14fe4657","invoked":false,"www":"0x6ce9a88c","wwwById":"0x7503bcc8"}|0x4debf97f
16:48:05.0 (23949104)|STATEMENT_EXECUTE|[204]
16:48:05.0 (23952291)|STATEMENT_EXECUTE|[205]
16:48:05.0 (23953525)|STATEMENT_EXECUTE|[206]
16:48:05.0 (23957592)|HEAP_ALLOCATE|[206]|Bytes:5
16:48:05.0 (23962675)|VARIABLE_ASSIGNMENT|[206]|this.rejected|false|0x4debf97f
16:48:05.0 (23964325)|STATEMENT_EXECUTE|[208]
16:48:05.0 (24009775)|SYSTEM_MODE_ENTER|true
16:48:05.0 (24027694)|HEAP_ALLOCATE|[EXTERNAL]|Bytes:80
16:48:05.0 (24062702)|VARIABLE_ASSIGNMENT|[EXTERNAL]|this|{"delToHub":false,"delToProj":true,"detail":"0x14fe4657","invoked":false,"rejected":false,"www":"0x6ce9a88c","wwwById":"0x7503bcc8"}|0x4debf97f
16:48:05.0 (24067974)|STATEMENT_EXECUTE|[220]
16:48:05.0 (24070823)|STATEMENT_EXECUTE|[221]
16:48:05.0 (24071782)|STATEMENT_EXECUTE|[224]
16:48:05.0 (24155301)|SYSTEM_MODE_ENTER|true
16:48:05.0 (24172998)|HEAP_ALLOCATE|[EXTERNAL]|Bytes:80
16:48:05.0 (24208848)|VARIABLE_ASSIGNMENT|[EXTERNAL]|this|{"delToHub":false,"delToProj":true,"detail":"0x14fe4657","invoked":false,"rejected":false,"www":"0x6ce9a88c","wwwById":"0x7503bcc8"}|0x4debf97f
16:48:05.0 (24213722)|STATEMENT_EXECUTE|[3]
16:48:05.0 (24215656)|STATEMENT_EXECUTE|[4]
16:48:05.0 (24216819)|STATEMENT_EXECUTE|[9]
16:48:05.0 (25830307)|SYSTEM_MODE_ENTER|true
16:48:05.0 (25860522)|HEAP_ALLOCATE|[EXTERNAL]|Bytes:80
16:48:05.0 (25906361)|VARIABLE_ASSIGNMENT|[EXTERNAL]|this|{"delToHub":false,"delToProj":true,"detail":"0x14fe4657","invoked":false,"rejected":false,"www":"0x6ce9a88c","wwwById":"0x7503bcc8"}|0x4debf97f
16:48:05.0 (25913026)|STATEMENT_EXECUTE|[186]
16:48:05.0 (25917387)|STATEMENT_EXECUTE|[187]
16:48:05.0 (25918452)|STATEMENT_EXECUTE|[188]
16:48:05.0 (25923469)|HEAP_ALLOCATE|[188]|Bytes:4
16:48:05.0 (25977598)|HEAP_ALLOCATE|[EXTERNAL]|Bytes:4
16:48:05.0 (25985020)|VARIABLE_ASSIGNMENT|[188]|this.sublocations1|[]|0x4debf97f
16:48:05.0 (25987995)|STATEMENT_EXECUTE|[190]
16:48:05.0 (28329974)|SYSTEM_MODE_ENTER|true
16:48:05.0 (28357827)|HEAP_ALLOCATE|[EXTERNAL]|Bytes:80
16:48:05.0 (28405744)|VARIABLE_ASSIGNMENT|[EXTERNAL]|this|{"delToHub":false,"delToProj":true,"detail":"0x14fe4657","invoked":false,"rejected":false,"sublocations1":"0x2616eae4","www":"0x6ce9a88c","wwwById":"0x7503bcc8"}|0x4debf97f
16:48:05.0 (28412992)|STATEMENT_EXECUTE|[212]
16:48:05.0 (28417301)|STATEMENT_EXECUTE|[213]
16:48:05.0 (28418501)|STATEMENT_EXECUTE|[214]
16:48:05.0 (28429088)|HEAP_ALLOCATE|[214]|Bytes:5
16:48:05.0 (28436192)|VARIABLE_ASSIGNMENT|[214]|this.reserved|false|0x4debf97f
16:48:05.0 (28438332)|STATEMENT_EXECUTE|[216]
16:48:05.0 (28529488)|SYSTEM_MODE_ENTER|true
16:48:05.0 (28550135)|HEAP_ALLOCATE|[EXTERNAL]|Bytes:80
16:48:05.0 (28590904)|VARIABLE_ASSIGNMENT|[EXTERNAL]|this|{"delToHub":false,"delToProj":true,"detail":"0x14fe4657","invoked":false,"rejected":false,"reserved":false,"sublocations1":"0x2616eae4","www":"0x6ce9a88c","wwwById":"0x7503bcc8"}|0x4debf97f
16:48:05.0 (28596601)|STATEMENT_EXECUTE|[21]
16:48:05.0 (28598926)|STATEMENT_EXECUTE|[22]
16:48:05.0 (28600001)|STATEMENT_EXECUTE|[26]
16:48:05.44 (44616940)|SYSTEM_MODE_ENTER|true
16:48:05.44 (44666495)|HEAP_ALLOCATE|[EXTERNAL]|Bytes:8
16:48:05.44 (44672312)|VARIABLE_SCOPE_BEGIN|[88]|this|ApexPage.PageMessagesComponentController|true|false
16:48:05.44 (44690090)|VARIABLE_ASSIGNMENT|[88]|this|{}|0x27f1d0db
16:48:05.44 (44692279)|VARIABLE_SCOPE_BEGIN|[88]|escape|Boolean|false|false
16:48:05.44 (44695848)|VARIABLE_ASSIGNMENT|[88]|escape|null
16:48:05.44 (44796465)|SYSTEM_MODE_ENTER|true
16:48:05.44 (44820602)|HEAP_ALLOCATE|[EXTERNAL]|Bytes:8
16:48:05.44 (44825195)|VARIABLE_SCOPE_BEGIN|[2]|this|ApexPage.PageMessagesComponentController|true|false
16:48:05.44 (44838229)|VARIABLE_ASSIGNMENT|[2]|this|{}|0x27f1d0db
16:48:05.0 (46489948)|SYSTEM_MODE_ENTER|true
16:48:05.0 (46520245)|HEAP_ALLOCATE|[EXTERNAL]|Bytes:80
16:48:05.0 (46526824)|VARIABLE_SCOPE_BEGIN|[285]|this|NewDeliveredExtension|true|false
16:48:05.0 (46571529)|VARIABLE_ASSIGNMENT|[285]|this|{"delToHub":false,"delToProj":true,"detail":"0x14fe4657","invoked":false,"rejected":false,"reserved":false,"sublocations1":"0x2616eae4","www":"0x6ce9a88c","wwwById":"0x7503bcc8"}|0x4debf97f
16:48:05.0 (46578841)|STATEMENT_EXECUTE|[285]
16:48:05.0 (46580506)|STATEMENT_EXECUTE|[286]
16:48:05.0 (46628257)|VARIABLE_ASSIGNMENT|[EXTERNAL]|this|{"delToHub":false,"delToProj":true,"detail":"0x14fe4657","invoked":false,"rejected":false,"reserved":false,"sublocations1":"0x2616eae4","www":"0x6ce9a88c","wwwById":"0x7503bcc8"}|0x4debf97f
16:48:05.0 (46632120)|STATEMENT_EXECUTE|[21]
16:48:05.0 (46634471)|STATEMENT_EXECUTE|[22]
16:48:05.0 (46635498)|STATEMENT_EXECUTE|[26]
16:48:05.0 (46662183)|HEAP_ALLOCATE|[286]|Bytes:16
16:48:05.0 (46668637)|HEAP_ALLOCATE|[286]|Bytes:20
16:48:05.0 (46680456)|USER_DEBUG|[286]|DEBUG|null Delivered_2_Hub
16:48:05.0 (46685253)|STATEMENT_EXECUTE|[287]
16:48:05.0 (46689880)|HEAP_ALLOCATE|[287]|Bytes:4
16:48:05.0 (46708302)|VARIABLE_SCOPE_BEGIN|[287]|options|List<System.SelectOption>|true|false
16:48:05.0 (46721432)|HEAP_ALLOCATE|[EXTERNAL]|Bytes:4
16:48:05.0 (46728033)|VARIABLE_ASSIGNMENT|[287]|options|[]|0x482d0e95
16:48:05.0 (46730138)|STATEMENT_EXECUTE|[288]
16:48:05.0 (46733501)|HEAP_ALLOCATE|[288]|Bytes:4
16:48:05.0 (46793752)|VARIABLE_ASSIGNMENT|[EXTERNAL]|this|{"delToHub":false,"delToProj":true,"detail":"0x14fe4657","invoked":false,"rejected":false,"reserved":false,"sublocations1":"0x2616eae4","www":"0x6ce9a88c","wwwById":"0x7503bcc8"}|0x4debf97f
16:48:05.0 (46802909)|HEAP_ALLOCATE|[EXTERNAL]|Bytes:4
16:48:05.0 (46806753)|VARIABLE_ASSIGNMENT|[EXTERNAL]|value|[]|0x4f90bfa
16:48:05.0 (46815442)|VARIABLE_ASSIGNMENT|[185]|this.sublocations1|[]|0x4debf97f
16:48:05.0 (46859574)|VARIABLE_ASSIGNMENT|[EXTERNAL]|this|{"delToHub":false,"delToProj":true,"detail":"0x14fe4657","invoked":false,"rejected":false,"reserved":false,"sublocations1":"0x4f90bfa","www":"0x6ce9a88c","wwwById":"0x7503bcc8"}|0x4debf97f
16:48:05.0 (46863791)|STATEMENT_EXECUTE|[21]
16:48:05.0 (46865828)|STATEMENT_EXECUTE|[22]
16:48:05.0 (46866817)|STATEMENT_EXECUTE|[26]
16:48:05.0 (46898653)|VARIABLE_ASSIGNMENT|[EXTERNAL]|this|{"delToHub":false,"delToProj":true,"detail":"0x14fe4657","invoked":false,"rejected":false,"reserved":false,"sublocations1":"0x4f90bfa","www":"0x6ce9a88c","wwwById":"0x7503bcc8"}|0x4debf97f
16:48:05.0 (46901811)|STATEMENT_EXECUTE|[21]
16:48:05.0 (46903175)|STATEMENT_EXECUTE|[22]
16:48:05.0 (46904155)|STATEMENT_EXECUTE|[26]
16:48:05.0 (46910590)|STATEMENT_EXECUTE|[290]
16:48:05.0 (46911902)|STATEMENT_EXECUTE|[308]
16:48:05.0 (48277984)|SYSTEM_MODE_ENTER|true
16:48:05.0 (48307221)|HEAP_ALLOCATE|[EXTERNAL]|Bytes:80
16:48:05.0 (48313642)|VARIABLE_SCOPE_BEGIN|[48]|this|NewDeliveredExtension|true|false
16:48:05.0 (48357937)|VARIABLE_ASSIGNMENT|[48]|this|{"delToHub":false,"delToProj":true,"detail":"0x14fe4657","invoked":false,"rejected":false,"reserved":false,"sublocations1":"0x4f90bfa","www":"0x6ce9a88c","wwwById":"0x7503bcc8"}|0x4debf97f
16:48:05.0 (48365286)|STATEMENT_EXECUTE|[48]
16:48:05.0 (48366924)|STATEMENT_EXECUTE|[49]
16:48:05.0 (48371341)|HEAP_ALLOCATE|[49]|Bytes:4
16:48:05.0 (48389907)|VARIABLE_SCOPE_BEGIN|[49]|options|List<System.SelectOption>|true|false
16:48:05.0 (48401791)|HEAP_ALLOCATE|[EXTERNAL]|Bytes:4
16:48:05.0 (48407081)|VARIABLE_ASSIGNMENT|[49]|options|[]|0x3221561a
16:48:05.0 (48410192)|STATEMENT_EXECUTE|[50]
16:48:05.0 (48413297)|VARIABLE_SCOPE_BEGIN|[50]|i|Integer|false|false
16:48:05.0 (48416283)|HEAP_ALLOCATE|[50]|Bytes:4
16:48:05.0 (48420431)|VARIABLE_ASSIGNMENT|[50]|i|0
16:48:05.0 (48428766)|STATEMENT_EXECUTE|[50]
16:48:05.0 (48430185)|STATEMENT_EXECUTE|[51]
16:48:05.0 (48431907)|VARIABLE_SCOPE_BEGIN|[51]|j|Integer|false|false
16:48:05.0 (48433597)|HEAP_ALLOCATE|[51]|Bytes:4
16:48:05.0 (48436091)|VARIABLE_ASSIGNMENT|[51]|j|0
16:48:05.0 (48437870)|STATEMENT_EXECUTE|[51]
16:48:05.0 (48439834)|STATEMENT_EXECUTE|[52]
16:48:05.0 (48441142)|STATEMENT_EXECUTE|[53]
16:48:05.0 (48475125)|HEAP_ALLOCATE|[53]|Bytes:1
16:48:05.0 (48483687)|HEAP_ALLOCATE|[53]|Bytes:2
16:48:05.0 (48490054)|HEAP_ALLOCATE|[53]|Bytes:1
16:48:05.0 (48499389)|HEAP_ALLOCATE|[53]|Bytes:4
16:48:05.0 (48504821)|HEAP_ALLOCATE|[53]|Bytes:1
16:48:05.0 (48512034)|HEAP_ALLOCATE|[53]|Bytes:1
16:48:05.0 (48517200)|HEAP_ALLOCATE|[53]|Bytes:4
16:48:05.0 (48538042)|HEAP_ALLOCATE|[EXTERNAL]|Bytes:4
16:48:05.0 (48543770)|HEAP_ALLOCATE|[51]|Bytes:4
16:48:05.0 (48548278)|VARIABLE_ASSIGNMENT|[51]|j|30
16:48:05.0 (48551202)|STATEMENT_EXECUTE|[51]
16:48:05.0 (48553077)|STATEMENT_EXECUTE|[54]
16:48:05.0 (48554204)|STATEMENT_EXECUTE|[55]
16:48:05.0 (48570080)|HEAP_ALLOCATE|[55]|Bytes:1
16:48:05.0 (48576302)|HEAP_ALLOCATE|[55]|Bytes:1
16:48:05.0 (48582016)|HEAP_ALLOCATE|[55]|Bytes:2
16:48:05.0 (48587436)|HEAP_ALLOCATE|[55]|Bytes:4
16:48:05.0 (48592240)|HEAP_ALLOCATE|[55]|Bytes:1
16:48:05.0 (48599395)|HEAP_ALLOCATE|[55]|Bytes:2
16:48:05.0 (48604174)|HEAP_ALLOCATE|[55]|Bytes:4
16:48:05.0 (48615463)|HEAP_ALLOCATE|[EXTERNAL]|Bytes:4
16:48:05.0 (48619485)|HEAP_ALLOCATE|[51]|Bytes:4
16:48:05.0 (48623042)|VARIABLE_ASSIGNMENT|[51]|j|60
16:48:05.0 (48626201)|HEAP_ALLOCATE|[50]|Bytes:4
16:48:05.0 (48628953)|VARIABLE_ASSIGNMENT|[50]|i|1
16:48:05.0 (48631049)|STATEMENT_EXECUTE|[50]
16:48:05.0 (48632476)|STATEMENT_EXECUTE|[51]
16:48:05.0 (48634541)|VARIABLE_SCOPE_BEGIN|[51]|j|Integer|false|false
16:48:05.0 (48636363)|HEAP_ALLOCATE|[51]|Bytes:4
16:48:05.0 (48638529)|VARIABLE_ASSIGNMENT|[51]|j|0
16:48:05.0 (48639930)|STATEMENT_EXECUTE|[51]
16:48:05.0 (48641277)|STATEMENT_EXECUTE|[52]
16:48:05.0 (48642351)|STATEMENT_EXECUTE|[53]
16:48:05.0 (48649355)|HEAP_ALLOCATE|[53]|Bytes:1
16:48:05.0 (48657097)|HEAP_ALLOCATE|[53]|Bytes:1
16:48:05.0 (48661885)|HEAP_ALLOCATE|[53]|Bytes:4
16:48:05.0 (48666280)|HEAP_ALLOCATE|[53]|Bytes:1
16:48:05.0 (48673103)|HEAP_ALLOCATE|[53]|Bytes:1
16:48:05.0 (48677509)|HEAP_ALLOCATE|[53]|Bytes:4
16:48:05.0 (48682811)|HEAP_ALLOCATE|[EXTERNAL]|Bytes:4
16:48:05.0 (48686591)|HEAP_ALLOCATE|[51]|Bytes:4
16:48:05.0 (48689335)|VARIABLE_ASSIGNMENT|[51]|j|30
16:48:05.0 (48691070)|STATEMENT_EXECUTE|[51]
16:48:05.0 (48692483)|STATEMENT_EXECUTE|[54]
16:48:05.0 (48693422)|STATEMENT_EXECUTE|[55]
16:48:05.0 (48698995)|HEAP_ALLOCATE|[55]|Bytes:1
16:48:05.0 (48706186)|HEAP_ALLOCATE|[55]|Bytes:2
16:48:05.0 (48710892)|HEAP_ALLOCATE|[55]|Bytes:4
16:48:05.0 (48715322)|HEAP_ALLOCATE|[55]|Bytes:1
16:48:05.0 (48722183)|HEAP_ALLOCATE|[55]|Bytes:2
16:48:05.0 (48726729)|HEAP_ALLOCATE|[55]|Bytes:4
16:48:05.0 (48730940)|HEAP_ALLOCATE|[EXTERNAL]|Bytes:4
16:48:05.0 (48734024)|HEAP_ALLOCATE|[51]|Bytes:4
16:48:05.0 (48736668)|VARIABLE_ASSIGNMENT|[51]|j|60
16:48:05.0 (48738531)|HEAP_ALLOCATE|[50]|Bytes:4
16:48:05.0 (48740773)|VARIABLE_ASSIGNMENT|[50]|i|2
16:48:05.0 (48742395)|STATEMENT_EXECUTE|[50]
16:48:05.0 (48743604)|STATEMENT_EXECUTE|[51]
16:48:05.0 (48745193)|VARIABLE_SCOPE_BEGIN|[51]|j|Integer|false|false
16:48:05.0 (48746652)|HEAP_ALLOCATE|[51]|Bytes:4
16:48:05.0 (48748890)|VARIABLE_ASSIGNMENT|[51]|j|0
16:48:05.0 (48750419)|STATEMENT_EXECUTE|[51]
16:48:05.0 (48751626)|STATEMENT_EXECUTE|[52]
16:48:05.0 (48752541)|STATEMENT_EXECUTE|[53]
16:48:05.0 (48757913)|HEAP_ALLOCATE|[53]|Bytes:1
16:48:05.0 (48765092)|HEAP_ALLOCATE|[53]|Bytes:1
16:48:05.0 (48769897)|HEAP_ALLOCATE|[53]|Bytes:4
16:48:05.0 (48774421)|HEAP_ALLOCATE|[53]|Bytes:1
16:48:05.0 (48781224)|HEAP_ALLOCATE|[53]|Bytes:1
16:48:05.0 (48786097)|HEAP_ALLOCATE|[53]|Bytes:4
16:48:05.0 (48790558)|HEAP_ALLOCATE|[EXTERNAL]|Bytes:4
16:48:05.0 (48793561)|HEAP_ALLOCATE|[51]|Bytes:4
16:48:05.0 (48796130)|VARIABLE_ASSIGNMENT|[51]|j|30
16:48:05.0 (48797724)|STATEMENT_EXECUTE|[51]
16:48:05.0 (48799067)|STATEMENT_EXECUTE|[54]
16:48:05.0 (48799988)|STATEMENT_EXECUTE|[55]
16:48:05.0 (48805029)|HEAP_ALLOCATE|[55]|Bytes:1
16:48:05.0 (48812095)|HEAP_ALLOCATE|[55]|Bytes:2
16:48:05.0 (48816706)|HEAP_ALLOCATE|[55]|Bytes:4
16:48:05.0 (48821220)|HEAP_ALLOCATE|[55]|Bytes:1
16:48:05.0 (48827978)|HEAP_ALLOCATE|[55]|Bytes:2
16:48:05.0 (48832558)|HEAP_ALLOCATE|[55]|Bytes:4
16:48:05.0 (48836813)|HEAP_ALLOCATE|[EXTERNAL]|Bytes:4
16:48:05.0 (48839829)|HEAP_ALLOCATE|[51]|Bytes:4
16:48:05.0 (48842318)|VARIABLE_ASSIGNMENT|[51]|j|60
16:48:05.0 (48844103)|HEAP_ALLOCATE|[50]|Bytes:4
16:48:05.0 (48846303)|VARIABLE_ASSIGNMENT|[50]|i|3
16:48:05.0 (48847804)|STATEMENT_EXECUTE|[50]
16:48:05.0 (48849023)|STATEMENT_EXECUTE|[51]
16:48:05.0 (48850553)|VARIABLE_SCOPE_BEGIN|[51]|j|Integer|false|false
16:48:05.0 (48851888)|HEAP_ALLOCATE|[51]|Bytes:4
16:48:05.0 (48854037)|VARIABLE_ASSIGNMENT|[51]|j|0
16:48:05.0 (48855389)|STATEMENT_EXECUTE|[51]
16:48:05.0 (48856577)|STATEMENT_EXECUTE|[52]
16:48:05.0 (48857490)|STATEMENT_EXECUTE|[53]
16:48:05.0 (48862676)|HEAP_ALLOCATE|[53]|Bytes:1
16:48:05.0 (48869668)|HEAP_ALLOCATE|[53]|Bytes:1
16:48:05.0 (48874291)|HEAP_ALLOCATE|[53]|Bytes:4
16:48:05.0 (48878767)|HEAP_ALLOCATE|[53]|Bytes:1
16:48:05.0 (48885709)|HEAP_ALLOCATE|[53]|Bytes:1
16:48:05.0 (48890178)|HEAP_ALLOCATE|[53]|Bytes:4
16:48:05.0 (48894337)|HEAP_ALLOCATE|[EXTERNAL]|Bytes:4
16:48:05.0 (48897608)|HEAP_ALLOCATE|[51]|Bytes:4
16:48:05.0 (48900102)|VARIABLE_ASSIGNMENT|[51]|j|30
16:48:05.0 (48901640)|STATEMENT_EXECUTE|[51]
16:48:05.0 (48902952)|STATEMENT_EXECUTE|[54]
16:48:05.0 (48903881)|STATEMENT_EXECUTE|[55]
16:48:05.0 (48908755)|HEAP_ALLOCATE|[55]|Bytes:1
16:48:05.0 (48915725)|HEAP_ALLOCATE|[55]|Bytes:2
16:48:05.0 (48920368)|HEAP_ALLOCATE|[55]|Bytes:4
16:48:05.0 (48924774)|HEAP_ALLOCATE|[55]|Bytes:1
16:48:05.0 (48931586)|HEAP_ALLOCATE|[55]|Bytes:2
16:48:05.0 (48936288)|HEAP_ALLOCATE|[55]|Bytes:4
16:48:05.0 (48940327)|HEAP_ALLOCATE|[EXTERNAL]|Bytes:4
16:48:05.0 (48943241)|HEAP_ALLOCATE|[51]|Bytes:4
16:48:05.0 (48945688)|VARIABLE_ASSIGNMENT|[51]|j|60
16:48:05.0 (48947399)|HEAP_ALLOCATE|[50]|Bytes:4
16:48:05.0 (48949697)|VARIABLE_ASSIGNMENT|[50]|i|4
16:48:05.0 (48951245)|STATEMENT_EXECUTE|[50]
16:48:05.0 (48952439)|STATEMENT_EXECUTE|[51]
16:48:05.0 (48953973)|VARIABLE_SCOPE_BEGIN|[51]|j|Integer|false|false
16:48:05.0 (48955272)|HEAP_ALLOCATE|[51]|Bytes:4
16:48:05.0 (48957423)|VARIABLE_ASSIGNMENT|[51]|j|0
16:48:05.0 (48958913)|STATEMENT_EXECUTE|[51]
16:48:05.0 (48960089)|STATEMENT_EXECUTE|[52]
16:48:05.0 (48961027)|STATEMENT_EXECUTE|[53]
16:48:05.0 (48966202)|HEAP_ALLOCATE|[53]|Bytes:1
16:48:05.0 (48973344)|HEAP_ALLOCATE|[53]|Bytes:1
16:48:05.0 (48978059)|HEAP_ALLOCATE|[53]|Bytes:4
16:48:05.0 (48982501)|HEAP_ALLOCATE|[53]|Bytes:1
16:48:05.0 (48989373)|HEAP_ALLOCATE|[53]|Bytes:1
16:48:05.0 (48993904)|HEAP_ALLOCATE|[53]|Bytes:4
16:48:05.0 (48998180)|HEAP_ALLOCATE|[EXTERNAL]|Bytes:4
16:48:05.0 (49001156)|HEAP_ALLOCATE|[51]|Bytes:4
16:48:05.0 (49004404)|VARIABLE_ASSIGNMENT|[51]|j|30
16:48:05.0 (49006008)|STATEMENT_EXECUTE|[51]
16:48:05.0 (49007299)|STATEMENT_EXECUTE|[54]
16:48:05.0 (49008227)|STATEMENT_EXECUTE|[55]
16:48:05.0 (49013421)|HEAP_ALLOCATE|[55]|Bytes:1
16:48:05.0 (49020397)|HEAP_ALLOCATE|[55]|Bytes:2
16:48:05.0 (49025134)|HEAP_ALLOCATE|[55]|Bytes:4
16:48:05.0 (49029629)|HEAP_ALLOCATE|[55]|Bytes:1
16:48:05.0 (49036355)|HEAP_ALLOCATE|[55]|Bytes:2
16:48:05.0 (49041085)|HEAP_ALLOCATE|[55]|Bytes:4
16:48:05.0 (49045379)|HEAP_ALLOCATE|[EXTERNAL]|Bytes:4
16:48:05.0 (49048389)|HEAP_ALLOCATE|[51]|Bytes:4
16:48:05.0 (49050957)|VARIABLE_ASSIGNMENT|[51]|j|60
16:48:05.0 (49052696)|HEAP_ALLOCATE|[50]|Bytes:4
16:48:05.0 (49054930)|VARIABLE_ASSIGNMENT|[50]|i|5
16:48:05.0 (49056466)|STATEMENT_EXECUTE|[50]
16:48:05.0 (49057620)|STATEMENT_EXECUTE|[51]
16:48:05.0 (49059168)|VARIABLE_SCOPE_BEGIN|[51]|j|Integer|false|false
16:48:05.0 (49060463)|HEAP_ALLOCATE|[51]|Bytes:4
16:48:05.0 (49062591)|VARIABLE_ASSIGNMENT|[51]|j|0
16:48:05.0 (49064094)|STATEMENT_EXECUTE|[51]
16:48:05.0 (49065253)|STATEMENT_EXECUTE|[52]
16:48:05.0 (49066158)|STATEMENT_EXECUTE|[53]
16:48:05.0 (49071287)|HEAP_ALLOCATE|[53]|Bytes:1
16:48:05.0 (49078205)|HEAP_ALLOCATE|[53]|Bytes:1
16:48:05.0 (49082777)|HEAP_ALLOCATE|[53]|Bytes:4
16:48:05.0 (49087226)|HEAP_ALLOCATE|[53]|Bytes:1
16:48:05.0 (49094103)|HEAP_ALLOCATE|[53]|Bytes:1
16:48:05.0 (49098571)|HEAP_ALLOCATE|[53]|Bytes:4
16:48:05.0 (49102656)|HEAP_ALLOCATE|[EXTERNAL]|Bytes:4
16:48:05.0 (49105725)|HEAP_ALLOCATE|[51]|Bytes:4
16:48:05.0 (49108388)|VARIABLE_ASSIGNMENT|[51]|j|30
16:48:05.0 (49109972)|STATEMENT_EXECUTE|[51]
16:48:05.0 (49111232)|STATEMENT_EXECUTE|[54]
16:48:05.0 (49112182)|STATEMENT_EXECUTE|[55]
16:48:05.0 (49117230)|HEAP_ALLOCATE|[55]|Bytes:1
16:48:05.0 (49124243)|HEAP_ALLOCATE|[55]|Bytes:2
16:48:05.0 (49128814)|HEAP_ALLOCATE|[55]|Bytes:4
16:48:05.0 (49133255)|HEAP_ALLOCATE|[55]|Bytes:1
16:48:05.0 (49140068)|HEAP_ALLOCATE|[55]|Bytes:2
16:48:05.0 (49144728)|HEAP_ALLOCATE|[55]|Bytes:4
16:48:05.0 (49148766)|HEAP_ALLOCATE|[EXTERNAL]|Bytes:4
16:48:05.0 (49151661)|HEAP_ALLOCATE|[51]|Bytes:4
16:48:05.0 (49154259)|VARIABLE_ASSIGNMENT|[51]|j|60
16:48:05.0 (49156013)|HEAP_ALLOCATE|[50]|Bytes:4
16:48:05.0 (49158264)|VARIABLE_ASSIGNMENT|[50]|i|6
16:48:05.0 (49159767)|STATEMENT_EXECUTE|[50]
16:48:05.0 (49160911)|STATEMENT_EXECUTE|[51]
16:48:05.0 (49162451)|VARIABLE_SCOPE_BEGIN|[51]|j|Integer|false|false
16:48:05.0 (49163728)|HEAP_ALLOCATE|[51]|Bytes:4
16:48:05.0 (49165870)|VARIABLE_ASSIGNMENT|[51]|j|0
16:48:05.0 (49167413)|STATEMENT_EXECUTE|[51]
16:48:05.0 (49168554)|STATEMENT_EXECUTE|[52]
16:48:05.0 (49169468)|STATEMENT_EXECUTE|[53]
16:48:05.0 (49174574)|HEAP_ALLOCATE|[53]|Bytes:1
16:48:05.0 (49181671)|HEAP_ALLOCATE|[53]|Bytes:1
16:48:05.0 (49186301)|HEAP_ALLOCATE|[53]|Bytes:4
16:48:05.0 (49190723)|HEAP_ALLOCATE|[53]|Bytes:1
16:48:05.0 (49197563)|HEAP_ALLOCATE|[53]|Bytes:1
16:48:05.0 (49201937)|HEAP_ALLOCATE|[53]|Bytes:4
16:48:05.0 (49206110)|HEAP_ALLOCATE|[EXTERNAL]|Bytes:4
16:48:05.0 (49209161)|HEAP_ALLOCATE|[51]|Bytes:4
16:48:05.0 (49211687)|VARIABLE_ASSIGNMENT|[51]|j|30
16:48:05.0 (49213326)|STATEMENT_EXECUTE|[51]
16:48:05.0 (49214648)|STATEMENT_EXECUTE|[54]
16:48:05.0 (49215582)|STATEMENT_EXECUTE|[55]
16:48:05.0 (49220552)|HEAP_ALLOCATE|[55]|Bytes:1
16:48:05.0 (49227521)|HEAP_ALLOCATE|[55]|Bytes:2
16:48:05.0 (49232141)|HEAP_ALLOCATE|[55]|Bytes:4
16:48:05.0 (49236535)|HEAP_ALLOCATE|[55]|Bytes:1
16:48:05.0 (49243246)|HEAP_ALLOCATE|[55]|Bytes:2
16:48:05.0 (49247758)|HEAP_ALLOCATE|[55]|Bytes:4
16:48:05.0 (49251993)|HEAP_ALLOCATE|[EXTERNAL]|Bytes:4
16:48:05.0 (49255039)|HEAP_ALLOCATE|[51]|Bytes:4
16:48:05.0 (49257508)|VARIABLE_ASSIGNMENT|[51]|j|60
16:48:05.0 (49259324)|HEAP_ALLOCATE|[50]|Bytes:4
16:48:05.0 (49261626)|VARIABLE_ASSIGNMENT|[50]|i|7
16:48:05.0 (49263147)|STATEMENT_EXECUTE|[50]
16:48:05.0 (49264305)|STATEMENT_EXECUTE|[51]
16:48:05.0 (49265828)|VARIABLE_SCOPE_BEGIN|[51]|j|Integer|false|false
16:48:05.0 (49267222)|HEAP_ALLOCATE|[51]|Bytes:4
16:48:05.0 (49269443)|VARIABLE_ASSIGNMENT|[51]|j|0
16:48:05.0 (49270805)|STATEMENT_EXECUTE|[51]
16:48:05.0 (49271970)|STATEMENT_EXECUTE|[52]
16:48:05.0 (49272877)|STATEMENT_EXECUTE|[53]
16:48:05.0 (49278072)|HEAP_ALLOCATE|[53]|Bytes:1
16:48:05.0 (49285000)|HEAP_ALLOCATE|[53]|Bytes:1
16:48:05.0 (49289588)|HEAP_ALLOCATE|[53]|Bytes:4
16:48:05.0 (49293990)|HEAP_ALLOCATE|[53]|Bytes:1
16:48:05.0 (49300766)|HEAP_ALLOCATE|[53]|Bytes:1
16:48:05.0 (49305354)|HEAP_ALLOCATE|[53]|Bytes:4
16:48:05.0 (49309490)|HEAP_ALLOCATE|[EXTERNAL]|Bytes:4
16:48:05.0 (49312477)|HEAP_ALLOCATE|[51]|Bytes:4
16:48:05.0 (49315268)|VARIABLE_ASSIGNMENT|[51]|j|30
16:48:05.0 (49316824)|STATEMENT_EXECUTE|[51]
16:48:05.0 (49318133)|STATEMENT_EXECUTE|[54]
16:48:05.0 (49319071)|STATEMENT_EXECUTE|[55]
16:48:05.0 (49324173)|HEAP_ALLOCATE|[55]|Bytes:1
16:48:05.0 (49331445)|HEAP_ALLOCATE|[55]|Bytes:2
16:48:05.0 (49336179)|HEAP_ALLOCATE|[55]|Bytes:4
16:48:05.0 (49340636)|HEAP_ALLOCATE|[55]|Bytes:1
16:48:05.0 (49347441)|HEAP_ALLOCATE|[55]|Bytes:2
16:48:05.0 (49351930)|HEAP_ALLOCATE|[55]|Bytes:4
16:48:05.0 (49355937)|HEAP_ALLOCATE|[EXTERNAL]|Bytes:4
16:48:05.0 (49358978)|HEAP_ALLOCATE|[51]|Bytes:4
16:48:05.0 (49361492)|VARIABLE_ASSIGNMENT|[51]|j|60
16:48:05.0 (49363480)|HEAP_ALLOCATE|[50]|Bytes:4
16:48:05.0 (49365686)|VARIABLE_ASSIGNMENT|[50]|i|8
16:48:05.0 (49367237)|STATEMENT_EXECUTE|[50]
16:48:05.0 (49368476)|STATEMENT_EXECUTE|[51]
16:48:05.0 (49369991)|VARIABLE_SCOPE_BEGIN|[51]|j|Integer|false|false
16:48:05.0 (49371241)|HEAP_ALLOCATE|[51]|Bytes:4
16:48:05.0 (49373388)|VARIABLE_ASSIGNMENT|[51]|j|0
16:48:05.0 (49375045)|STATEMENT_EXECUTE|[51]
16:48:05.0 (49376408)|STATEMENT_EXECUTE|[52]
16:48:05.0 (49377317)|STATEMENT_EXECUTE|[53]
16:48:05.0 (49382663)|HEAP_ALLOCATE|[53]|Bytes:1
16:48:05.0 (49389615)|HEAP_ALLOCATE|[53]|Bytes:1
16:48:05.0 (49394179)|HEAP_ALLOCATE|[53]|Bytes:4
16:48:05.0 (49398561)|HEAP_ALLOCATE|[53]|Bytes:1
16:48:05.0 (49405320)|HEAP_ALLOCATE|[53]|Bytes:1
16:48:05.0 (49409845)|HEAP_ALLOCATE|[53]|Bytes:4
16:48:05.0 (49413960)|HEAP_ALLOCATE|[EXTERNAL]|Bytes:4
16:48:05.0 (49416981)|HEAP_ALLOCATE|[51]|Bytes:4
16:48:05.0 (49419543)|VARIABLE_ASSIGNMENT|[51]|j|30
16:48:05.0 (49421162)|STATEMENT_EXECUTE|[51]
16:48:05.0 (49426767)|STATEMENT_EXECUTE|[54]
16:48:05.0 (49427729)|STATEMENT_EXECUTE|[55]
16:48:05.0 (49433258)|HEAP_ALLOCATE|[55]|Bytes:1
16:48:05.0 (49440502)|HEAP_ALLOCATE|[55]|Bytes:2
16:48:05.0 (49445175)|HEAP_ALLOCATE|[55]|Bytes:4
16:48:05.0 (49449693)|HEAP_ALLOCATE|[55]|Bytes:1
16:48:05.0 (49456520)|HEAP_ALLOCATE|[55]|Bytes:2
16:48:05.0 (49461046)|HEAP_ALLOCATE|[55]|Bytes:4
16:48:05.0 (49465329)|HEAP_ALLOCATE|[EXTERNAL]|Bytes:4
16:48:05.0 (49469000)|HEAP_ALLOCATE|[51]|Bytes:4
16:48:05.0 (49471718)|VARIABLE_ASSIGNMENT|[51]|j|60
16:48:05.0 (49473591)|HEAP_ALLOCATE|[50]|Bytes:4
16:48:05.0 (49475785)|VARIABLE_ASSIGNMENT|[50]|i|9
16:48:05.0 (49477405)|STATEMENT_EXECUTE|[50]
16:48:05.0 (49478698)|STATEMENT_EXECUTE|[51]
16:48:05.0 (49480288)|VARIABLE_SCOPE_BEGIN|[51]|j|Integer|false|false
16:48:05.0 (49481668)|HEAP_ALLOCATE|[51]|Bytes:4
16:48:05.0 (49483822)|VARIABLE_ASSIGNMENT|[51]|j|0
16:48:05.0 (49485155)|STATEMENT_EXECUTE|[51]
16:48:05.0 (49486328)|STATEMENT_EXECUTE|[52]
16:48:05.0 (49487256)|STATEMENT_EXECUTE|[53]
16:48:05.0 (49492515)|HEAP_ALLOCATE|[53]|Bytes:1
16:48:05.0 (49499447)|HEAP_ALLOCATE|[53]|Bytes:1
16:48:05.0 (49504063)|HEAP_ALLOCATE|[53]|Bytes:4
16:48:05.0 (49508581)|HEAP_ALLOCATE|[53]|Bytes:1
16:48:05.0 (49515531)|HEAP_ALLOCATE|[53]|Bytes:1
16:48:05.0 (49519983)|HEAP_ALLOCATE|[53]|Bytes:4
16:48:05.0 (49524268)|HEAP_ALLOCATE|[EXTERNAL]|Bytes:4
16:48:05.0 (49527203)|HEAP_ALLOCATE|[51]|Bytes:4
16:48:05.0 (49530078)|VARIABLE_ASSIGNMENT|[51]|j|30
16:48:05.0 (49531727)|STATEMENT_EXECUTE|[51]
16:48:05.0 (49533079)|STATEMENT_EXECUTE|[54]
16:48:05.0 (49534011)|STATEMENT_EXECUTE|[55]
16:48:05.0 (49539062)|HEAP_ALLOCATE|[55]|Bytes:1
16:48:05.0 (49546046)|HEAP_ALLOCATE|[55]|Bytes:2
16:48:05.0 (49550838)|HEAP_ALLOCATE|[55]|Bytes:4
16:48:05.0 (49555282)|HEAP_ALLOCATE|[55]|Bytes:1
16:48:05.0 (49561966)|HEAP_ALLOCATE|[55]|Bytes:2
16:48:05.0 (49566788)|HEAP_ALLOCATE|[55]|Bytes:4
16:48:05.0 (49570860)|HEAP_ALLOCATE|[EXTERNAL]|Bytes:4
16:48:05.0 (49573817)|HEAP_ALLOCATE|[51]|Bytes:4
16:48:05.0 (49576387)|VARIABLE_ASSIGNMENT|[51]|j|60
16:48:05.0 (49578203)|HEAP_ALLOCATE|[50]|Bytes:4
16:48:05.0 (49580367)|VARIABLE_ASSIGNMENT|[50]|i|10
16:48:05.0 (49581923)|STATEMENT_EXECUTE|[50]
16:48:05.0 (49583066)|STATEMENT_EXECUTE|[51]
16:48:05.0 (49584575)|VARIABLE_SCOPE_BEGIN|[51]|j|Integer|false|false
16:48:05.0 (49585839)|HEAP_ALLOCATE|[51]|Bytes:4
16:48:05.0 (49587981)|VARIABLE_ASSIGNMENT|[51]|j|0
16:48:05.0 (49589315)|STATEMENT_EXECUTE|[51]
16:48:05.0 (49590663)|STATEMENT_EXECUTE|[52]
16:48:05.0 (49591580)|STATEMENT_EXECUTE|[53]
16:48:05.0 (49596904)|HEAP_ALLOCATE|[53]|Bytes:2
16:48:05.0 (49603952)|HEAP_ALLOCATE|[53]|Bytes:1
16:48:05.0 (49608597)|HEAP_ALLOCATE|[53]|Bytes:5
16:48:05.0 (49613022)|HEAP_ALLOCATE|[53]|Bytes:2
16:48:05.0 (49619918)|HEAP_ALLOCATE|[53]|Bytes:1
16:48:05.0 (49624453)|HEAP_ALLOCATE|[53]|Bytes:5
16:48:05.0 (49628700)|HEAP_ALLOCATE|[EXTERNAL]|Bytes:4
16:48:05.0 (49631634)|HEAP_ALLOCATE|[51]|Bytes:4
16:48:05.0 (49634203)|VARIABLE_ASSIGNMENT|[51]|j|30
16:48:05.0 (49635765)|STATEMENT_EXECUTE|[51]
16:48:05.0 (49637071)|STATEMENT_EXECUTE|[54]
16:48:05.0 (49638000)|STATEMENT_EXECUTE|[55]
16:48:05.0 (49643136)|HEAP_ALLOCATE|[55]|Bytes:2
16:48:05.0 (49650090)|HEAP_ALLOCATE|[55]|Bytes:2
16:48:05.0 (49654670)|HEAP_ALLOCATE|[55]|Bytes:5
16:48:05.0 (49659074)|HEAP_ALLOCATE|[55]|Bytes:2
16:48:05.0 (49665805)|HEAP_ALLOCATE|[55]|Bytes:2
16:48:05.0 (49670294)|HEAP_ALLOCATE|[55]|Bytes:5
16:48:05.0 (49674376)|HEAP_ALLOCATE|[EXTERNAL]|Bytes:4
16:48:05.0 (49677614)|HEAP_ALLOCATE|[51]|Bytes:4
16:48:05.0 (49680219)|VARIABLE_ASSIGNMENT|[51]|j|60
16:48:05.0 (49681966)|HEAP_ALLOCATE|[50]|Bytes:4
16:48:05.0 (49684210)|VARIABLE_ASSIGNMENT|[50]|i|11
16:48:05.0 (49685794)|STATEMENT_EXECUTE|[50]
16:48:05.0 (49686964)|STATEMENT_EXECUTE|[51]
16:48:05.0 (49688493)|VARIABLE_SCOPE_BEGIN|[51]|j|Integer|false|false
16:48:05.0 (49689803)|HEAP_ALLOCATE|[51]|Bytes:4
16:48:05.0 (49691917)|VARIABLE_ASSIGNMENT|[51]|j|0
16:48:05.0 (49693259)|STATEMENT_EXECUTE|[51]
16:48:05.0 (49694452)|STATEMENT_EXECUTE|[52]
16:48:05.0 (49695385)|STATEMENT_EXECUTE|[53]
16:48:05.0 (49700468)|HEAP_ALLOCATE|[53]|Bytes:2
16:48:05.0 (49707439)|HEAP_ALLOCATE|[53]|Bytes:1
16:48:05.0 (49712134)|HEAP_ALLOCATE|[53]|Bytes:5
16:48:05.0 (49716504)|HEAP_ALLOCATE|[53]|Bytes:2
16:48:05.0 (49723339)|HEAP_ALLOCATE|[53]|Bytes:1
16:48:05.0 (49727974)|HEAP_ALLOCATE|[53]|Bytes:5
16:48:05.0 (49732192)|HEAP_ALLOCATE|[EXTERNAL]|Bytes:4
16:48:05.0 (49735274)|HEAP_ALLOCATE|[51]|Bytes:4
16:48:05.0 (49737972)|VARIABLE_ASSIGNMENT|[51]|j|30
16:48:05.0 (49739559)|STATEMENT_EXECUTE|[51]
16:48:05.0 (49740890)|STATEMENT_EXECUTE|[54]
16:48:05.0 (49741820)|STATEMENT_EXECUTE|[55]
16:48:05.0 (49746774)|HEAP_ALLOCATE|[55]|Bytes:2
16:48:05.0 (49753709)|HEAP_ALLOCATE|[55]|Bytes:2
16:48:05.0 (49758354)|HEAP_ALLOCATE|[55]|Bytes:5
16:48:05.0 (49762807)|HEAP_ALLOCATE|[55]|Bytes:2
16:48:05.0 (49769523)|HEAP_ALLOCATE|[55]|Bytes:2
16:48:05.0 (49774087)|HEAP_ALLOCATE|[55]|Bytes:5
16:48:05.0 (49778125)|HEAP_ALLOCATE|[EXTERNAL]|Bytes:4
16:48:05.0 (49781072)|HEAP_ALLOCATE|[51]|Bytes:4
16:48:05.0 (49783707)|VARIABLE_ASSIGNMENT|[51]|j|60
16:48:05.0 (49785432)|HEAP_ALLOCATE|[50]|Bytes:4
16:48:05.0 (49787626)|VARIABLE_ASSIGNMENT|[50]|i|12
16:48:05.0 (49789117)|STATEMENT_EXECUTE|[50]
16:48:05.0 (49790288)|STATEMENT_EXECUTE|[51]
16:48:05.0 (49791806)|VARIABLE_SCOPE_BEGIN|[51]|j|Integer|false|false
16:48:05.0 (49793107)|HEAP_ALLOCATE|[51]|Bytes:4
16:48:05.0 (49795374)|VARIABLE_ASSIGNMENT|[51]|j|0
16:48:05.0 (49796765)|STATEMENT_EXECUTE|[51]
16:48:05.0 (49798093)|STATEMENT_EXECUTE|[52]
16:48:05.0 (49799017)|STATEMENT_EXECUTE|[53]
16:48:05.0 (49804115)|HEAP_ALLOCATE|[53]|Bytes:2
16:48:05.0 (49811035)|HEAP_ALLOCATE|[53]|Bytes:1
16:48:05.0 (49815633)|HEAP_ALLOCATE|[53]|Bytes:5
16:48:05.0 (49820060)|HEAP_ALLOCATE|[53]|Bytes:2
16:48:05.0 (49826893)|HEAP_ALLOCATE|[53]|Bytes:1
16:48:05.0 (49831383)|HEAP_ALLOCATE|[53]|Bytes:5
16:48:05.0 (49835496)|HEAP_ALLOCATE|[EXTERNAL]|Bytes:4
16:48:05.0 (49838468)|HEAP_ALLOCATE|[51]|Bytes:4
16:48:05.0 (49841055)|VARIABLE_ASSIGNMENT|[51]|j|30
16:48:05.0 (49842543)|STATEMENT_EXECUTE|[51]
16:48:05.0 (49843865)|STATEMENT_EXECUTE|[54]
16:48:05.0 (49844800)|STATEMENT_EXECUTE|[55]
16:48:05.0 (49849852)|HEAP_ALLOCATE|[55]|Bytes:2
16:48:05.0 (49856775)|HEAP_ALLOCATE|[55]|Bytes:2
16:48:05.0 (49861348)|HEAP_ALLOCATE|[55]|Bytes:5
16:48:05.0 (49865851)|HEAP_ALLOCATE|[55]|Bytes:2
16:48:05.0 (49872544)|HEAP_ALLOCATE|[55]|Bytes:2
16:48:05.0 (49877057)|HEAP_ALLOCATE|[55]|Bytes:5
16:48:05.0 (49881101)|HEAP_ALLOCATE|[EXTERNAL]|Bytes:4
16:48:05.0 (49884286)|HEAP_ALLOCATE|[51]|Bytes:4
16:48:05.0 (49887009)|VARIABLE_ASSIGNMENT|[51]|j|60
16:48:05.0 (49888827)|HEAP_ALLOCATE|[50]|Bytes:4
16:48:05.0 (49890971)|VARIABLE_ASSIGNMENT|[50]|i|13
16:48:05.0 (49892506)|STATEMENT_EXECUTE|[50]
16:48:05.0 (49893669)|STATEMENT_EXECUTE|[51]
16:48:05.0 (49895177)|VARIABLE_SCOPE_BEGIN|[51]|j|Integer|false|false
16:48:05.0 (49896437)|HEAP_ALLOCATE|[51]|Bytes:4
16:48:05.0 (49898532)|VARIABLE_ASSIGNMENT|[51]|j|0
16:48:05.0 (49899864)|STATEMENT_EXECUTE|[51]
16:48:05.0 (49901046)|STATEMENT_EXECUTE|[52]
16:48:05.0 (49901967)|STATEMENT_EXECUTE|[53]
16:48:05.0 (49907059)|HEAP_ALLOCATE|[53]|Bytes:2
16:48:05.0 (49914007)|HEAP_ALLOCATE|[53]|Bytes:1
16:48:05.0 (49918644)|HEAP_ALLOCATE|[53]|Bytes:5
16:48:05.0 (49922980)|HEAP_ALLOCATE|[53]|Bytes:2
16:48:05.0 (49929912)|HEAP_ALLOCATE|[53]|Bytes:1
16:48:05.0 (49934451)|HEAP_ALLOCATE|[53]|Bytes:5
16:48:05.0 (49938690)|HEAP_ALLOCATE|[EXTERNAL]|Bytes:4
16:48:05.0 (49941788)|HEAP_ALLOCATE|[51]|Bytes:4
16:48:05.0 (49944354)|VARIABLE_ASSIGNMENT|[51]|j|30
16:48:05.0 (49946185)|STATEMENT_EXECUTE|[51]
16:48:05.0 (49947616)|STATEMENT_EXECUTE|[54]
16:48:05.0 (49948566)|STATEMENT_EXECUTE|[55]
16:48:05.0 (49953459)|HEAP_ALLOCATE|[55]|Bytes:2
16:48:05.0 (49960379)|HEAP_ALLOCATE|[55]|Bytes:2
16:48:05.0 (49964998)|HEAP_ALLOCATE|[55]|Bytes:5
16:48:05.0 (49969373)|HEAP_ALLOCATE|[55]|Bytes:2
16:48:05.0 (49976280)|HEAP_ALLOCATE|[55]|Bytes:2
16:48:05.0 (49980718)|HEAP_ALLOCATE|[55]|Bytes:5
16:48:05.0 (49984834)|HEAP_ALLOCATE|[EXTERNAL]|Bytes:4
16:48:05.0 (49988016)|HEAP_ALLOCATE|[51]|Bytes:4
16:48:05.0 (49990563)|VARIABLE_ASSIGNMENT|[51]|j|60
16:48:05.0 (49992328)|HEAP_ALLOCATE|[50]|Bytes:4
16:48:05.0 (49994552)|VARIABLE_ASSIGNMENT|[50]|i|14
16:48:05.0 (49996016)|STATEMENT_EXECUTE|[50]
16:48:05.0 (49997193)|STATEMENT_EXECUTE|[51]
16:48:05.0 (49998716)|VARIABLE_SCOPE_BEGIN|[51]|j|Integer|false|false
16:48:05.0 (49999999)|HEAP_ALLOCATE|[51]|Bytes:4
16:48:05.0 (50002136)|VARIABLE_ASSIGNMENT|[51]|j|0
16:48:05.0 (50004015)|STATEMENT_EXECUTE|[51]
16:48:05.0 (50005365)|STATEMENT_EXECUTE|[52]
16:48:05.0 (50006295)|STATEMENT_EXECUTE|[53]
16:48:05.0 (50011421)|HEAP_ALLOCATE|[53]|Bytes:2
16:48:05.0 (50018395)|HEAP_ALLOCATE|[53]|Bytes:1
16:48:05.0 (50023026)|HEAP_ALLOCATE|[53]|Bytes:5
16:48:05.0 (50027408)|HEAP_ALLOCATE|[53]|Bytes:2
16:48:05.0 (50034091)|HEAP_ALLOCATE|[53]|Bytes:1
16:48:05.0 (50038621)|HEAP_ALLOCATE|[53]|Bytes:5
16:48:05.0 (50042902)|HEAP_ALLOCATE|[EXTERNAL]|Bytes:4
16:48:05.0 (50046014)|HEAP_ALLOCATE|[51]|Bytes:4
16:48:05.0 (50048690)|VARIABLE_ASSIGNMENT|[51]|j|30
16:48:05.0 (50050317)|STATEMENT_EXECUTE|[51]
16:48:05.0 (50051667)|STATEMENT_EXECUTE|[54]
16:48:05.0 (50052636)|STATEMENT_EXECUTE|[55]
16:48:05.0 (50057734)|HEAP_ALLOCATE|[55]|Bytes:2
16:48:05.0 (50064731)|HEAP_ALLOCATE|[55]|Bytes:2
16:48:05.0 (50069321)|HEAP_ALLOCATE|[55]|Bytes:5
16:48:05.0 (50073842)|HEAP_ALLOCATE|[55]|Bytes:2
16:48:05.0 (50080488)|HEAP_ALLOCATE|[55]|Bytes:2
16:48:05.0 (50084915)|HEAP_ALLOCATE|[55]|Bytes:5
16:48:05.0 (50089039)|HEAP_ALLOCATE|[EXTERNAL]|Bytes:4
16:48:05.0 (50092239)|HEAP_ALLOCATE|[51]|Bytes:4
16:48:05.0 (50094926)|VARIABLE_ASSIGNMENT|[51]|j|60
16:48:05.0 (50096746)|HEAP_ALLOCATE|[50]|Bytes:4
16:48:05.0 (50098973)|VARIABLE_ASSIGNMENT|[50]|i|15
16:48:05.0 (50105380)|STATEMENT_EXECUTE|[50]
16:48:05.0 (50106741)|STATEMENT_EXECUTE|[51]
16:48:05.0 (50108446)|VARIABLE_SCOPE_BEGIN|[51]|j|Integer|false|false
16:48:05.0 (50109812)|HEAP_ALLOCATE|[51]|Bytes:4
16:48:05.0 (50112129)|VARIABLE_ASSIGNMENT|[51]|j|0
16:48:05.0 (50113496)|STATEMENT_EXECUTE|[51]
16:48:05.0 (50114704)|STATEMENT_EXECUTE|[52]
16:48:05.0 (50115626)|STATEMENT_EXECUTE|[53]
16:48:05.0 (50121927)|HEAP_ALLOCATE|[53]|Bytes:2
16:48:05.0 (50129217)|HEAP_ALLOCATE|[53]|Bytes:1
16:48:05.0 (50133975)|HEAP_ALLOCATE|[53]|Bytes:5
16:48:05.0 (50138469)|HEAP_ALLOCATE|[53]|Bytes:2
16:48:05.0 (50145414)|HEAP_ALLOCATE|[53]|Bytes:1
16:48:05.0 (50149928)|HEAP_ALLOCATE|[53]|Bytes:5
16:48:05.0 (50154548)|HEAP_ALLOCATE|[EXTERNAL]|Bytes:4
16:48:05.0 (50157682)|HEAP_ALLOCATE|[51]|Bytes:4
16:48:05.0 (50160550)|VARIABLE_ASSIGNMENT|[51]|j|30
16:48:05.0 (50162628)|STATEMENT_EXECUTE|[51]
16:48:05.0 (50164137)|STATEMENT_EXECUTE|[54]
16:48:05.0 (50165095)|STATEMENT_EXECUTE|[55]
16:48:05.0 (50170292)|HEAP_ALLOCATE|[55]|Bytes:2
16:48:05.0 (50177272)|HEAP_ALLOCATE|[55]|Bytes:2
16:48:05.0 (50181863)|HEAP_ALLOCATE|[55]|Bytes:5
16:48:05.0 (50186322)|HEAP_ALLOCATE|[55]|Bytes:2
16:48:05.0 (50193121)|HEAP_ALLOCATE|[55]|Bytes:2
16:48:05.0 (50197802)|HEAP_ALLOCATE|[55]|Bytes:5
16:48:05.0 (50201992)|HEAP_ALLOCATE|[EXTERNAL]|Bytes:4
16:48:05.0 (50205041)|HEAP_ALLOCATE|[51]|Bytes:4
16:48:05.0 (50207628)|VARIABLE_ASSIGNMENT|[51]|j|60
16:48:05.0 (50209430)|HEAP_ALLOCATE|[50]|Bytes:4
16:48:05.0 (50211650)|VARIABLE_ASSIGNMENT|[50]|i|16
16:48:05.0 (50213211)|STATEMENT_EXECUTE|[50]
16:48:05.0 (50214436)|STATEMENT_EXECUTE|[51]
16:48:05.0 (50215997)|VARIABLE_SCOPE_BEGIN|[51]|j|Integer|false|false
16:48:05.0 (50217265)|HEAP_ALLOCATE|[51]|Bytes:4
16:48:05.0 (50219379)|VARIABLE_ASSIGNMENT|[51]|j|0
16:48:05.0 (50220703)|STATEMENT_EXECUTE|[51]
16:48:05.0 (50222101)|STATEMENT_EXECUTE|[52]
16:48:05.0 (50223245)|STATEMENT_EXECUTE|[53]
16:48:05.0 (50228549)|HEAP_ALLOCATE|[53]|Bytes:2
16:48:05.0 (50235539)|HEAP_ALLOCATE|[53]|Bytes:1
16:48:05.0 (50240115)|HEAP_ALLOCATE|[53]|Bytes:5
16:48:05.0 (50244590)|HEAP_ALLOCATE|[53]|Bytes:2
16:48:05.0 (50251424)|HEAP_ALLOCATE|[53]|Bytes:1
16:48:05.0 (50255820)|HEAP_ALLOCATE|[53]|Bytes:5
16:48:05.0 (50260073)|HEAP_ALLOCATE|[EXTERNAL]|Bytes:4
16:48:05.0 (50263095)|HEAP_ALLOCATE|[51]|Bytes:4
16:48:05.0 (50265674)|VARIABLE_ASSIGNMENT|[51]|j|30
16:48:05.0 (50267295)|STATEMENT_EXECUTE|[51]
16:48:05.0 (50268620)|STATEMENT_EXECUTE|[54]
16:48:05.0 (50269585)|STATEMENT_EXECUTE|[55]
16:48:05.0 (50274748)|HEAP_ALLOCATE|[55]|Bytes:2
16:48:05.0 (50281700)|HEAP_ALLOCATE|[55]|Bytes:2
16:48:05.0 (50286330)|HEAP_ALLOCATE|[55]|Bytes:5
16:48:05.0 (50290928)|HEAP_ALLOCATE|[55]|Bytes:2
16:48:05.0 (50297874)|HEAP_ALLOCATE|[55]|Bytes:2
16:48:05.0 (50302716)|HEAP_ALLOCATE|[55]|Bytes:5
16:48:05.0 (50306995)|HEAP_ALLOCATE|[EXTERNAL]|Bytes:4
16:48:05.0 (50310435)|HEAP_ALLOCATE|[51]|Bytes:4
16:48:05.0 (50313011)|VARIABLE_ASSIGNMENT|[51]|j|60
16:48:05.0 (50314781)|HEAP_ALLOCATE|[50]|Bytes:4
16:48:05.0 (50316971)|VARIABLE_ASSIGNMENT|[50]|i|17
16:48:05.0 (50318422)|STATEMENT_EXECUTE|[50]
16:48:05.0 (50319576)|STATEMENT_EXECUTE|[51]
16:48:05.0 (50321121)|VARIABLE_SCOPE_BEGIN|[51]|j|Integer|false|false
16:48:05.0 (50322429)|HEAP_ALLOCATE|[51]|Bytes:4
16:48:05.0 (50324620)|VARIABLE_ASSIGNMENT|[51]|j|0
16:48:05.0 (50325962)|STATEMENT_EXECUTE|[51]
16:48:05.0 (50327109)|STATEMENT_EXECUTE|[52]
16:48:05.0 (50328029)|STATEMENT_EXECUTE|[53]
16:48:05.0 (50333203)|HEAP_ALLOCATE|[53]|Bytes:2
16:48:05.0 (50340181)|HEAP_ALLOCATE|[53]|Bytes:1
16:48:05.0 (50344927)|HEAP_ALLOCATE|[53]|Bytes:5
16:48:05.0 (50349353)|HEAP_ALLOCATE|[53]|Bytes:2
16:48:05.0 (50356300)|HEAP_ALLOCATE|[53]|Bytes:1
16:48:05.0 (50360789)|HEAP_ALLOCATE|[53]|Bytes:5
16:48:05.0 (50365177)|HEAP_ALLOCATE|[EXTERNAL]|Bytes:4
16:48:05.0 (50368166)|HEAP_ALLOCATE|[51]|Bytes:4
16:48:05.0 (50370702)|VARIABLE_ASSIGNMENT|[51]|j|30
16:48:05.0 (50372556)|STATEMENT_EXECUTE|[51]
16:48:05.0 (50374028)|STATEMENT_EXECUTE|[54]
16:48:05.0 (50374959)|STATEMENT_EXECUTE|[55]
16:48:05.0 (50379957)|HEAP_ALLOCATE|[55]|Bytes:2
16:48:05.0 (50386881)|HEAP_ALLOCATE|[55]|Bytes:2
16:48:05.0 (50391527)|HEAP_ALLOCATE|[55]|Bytes:5
16:48:05.0 (50395966)|HEAP_ALLOCATE|[55]|Bytes:2
16:48:05.0 (50402619)|HEAP_ALLOCATE|[55]|Bytes:2
16:48:05.0 (50407220)|HEAP_ALLOCATE|[55]|Bytes:5
16:48:05.0 (50411446)|HEAP_ALLOCATE|[EXTERNAL]|Bytes:4
16:48:05.0 (50414366)|HEAP_ALLOCATE|[51]|Bytes:4
16:48:05.0 (50416871)|VARIABLE_ASSIGNMENT|[51]|j|60
16:48:05.0 (50418689)|HEAP_ALLOCATE|[50]|Bytes:4
16:48:05.0 (50420886)|VARIABLE_ASSIGNMENT|[50]|i|18
16:48:05.0 (50426623)|STATEMENT_EXECUTE|[50]
16:48:05.0 (50427914)|STATEMENT_EXECUTE|[51]
16:48:05.0 (50429487)|VARIABLE_SCOPE_BEGIN|[51]|j|Integer|false|false
16:48:05.0 (50430815)|HEAP_ALLOCATE|[51]|Bytes:4
16:48:05.0 (50433011)|VARIABLE_ASSIGNMENT|[51]|j|0
16:48:05.0 (50434406)|STATEMENT_EXECUTE|[51]
16:48:05.0 (50435619)|STATEMENT_EXECUTE|[52]
16:48:05.0 (50436678)|STATEMENT_EXECUTE|[53]
16:48:05.0 (50442266)|HEAP_ALLOCATE|[53]|Bytes:2
16:48:05.0 (50449518)|HEAP_ALLOCATE|[53]|Bytes:1
16:48:05.0 (50454137)|HEAP_ALLOCATE|[53]|Bytes:5
16:48:05.0 (50458681)|HEAP_ALLOCATE|[53]|Bytes:2
16:48:05.0 (50465677)|HEAP_ALLOCATE|[53]|Bytes:1
16:48:05.0 (50470150)|HEAP_ALLOCATE|[53]|Bytes:5
16:48:05.0 (50474518)|HEAP_ALLOCATE|[EXTERNAL]|Bytes:4
16:48:05.0 (50477687)|HEAP_ALLOCATE|[51]|Bytes:4
16:48:05.0 (50480292)|VARIABLE_ASSIGNMENT|[51]|j|30
16:48:05.0 (50481969)|STATEMENT_EXECUTE|[51]
16:48:05.0 (50483344)|STATEMENT_EXECUTE|[54]
16:48:05.0 (50484418)|STATEMENT_EXECUTE|[55]
16:48:05.0 (50489471)|HEAP_ALLOCATE|[55]|Bytes:2
16:48:05.0 (50496713)|HEAP_ALLOCATE|[55]|Bytes:2
16:48:05.0 (50501334)|HEAP_ALLOCATE|[55]|Bytes:5
16:48:05.0 (50505798)|HEAP_ALLOCATE|[55]|Bytes:2
16:48:05.0 (50512639)|HEAP_ALLOCATE|[55]|Bytes:2
16:48:05.0 (50517130)|HEAP_ALLOCATE|[55]|Bytes:5
16:48:05.0 (50521501)|HEAP_ALLOCATE|[EXTERNAL]|Bytes:4
16:48:05.0 (50524423)|HEAP_ALLOCATE|[51]|Bytes:4
16:48:05.0 (50527102)|VARIABLE_ASSIGNMENT|[51]|j|60
16:48:05.0 (50528923)|HEAP_ALLOCATE|[50]|Bytes:4
16:48:05.0 (50531171)|VARIABLE_ASSIGNMENT|[50]|i|19
16:48:05.0 (50532732)|STATEMENT_EXECUTE|[50]
16:48:05.0 (50533905)|STATEMENT_EXECUTE|[51]
16:48:05.0 (50535509)|VARIABLE_SCOPE_BEGIN|[51]|j|Integer|false|false
16:48:05.0 (50536838)|HEAP_ALLOCATE|[51]|Bytes:4
16:48:05.0 (50538957)|VARIABLE_ASSIGNMENT|[51]|j|0
16:48:05.0 (50540312)|STATEMENT_EXECUTE|[51]
16:48:05.0 (50541495)|STATEMENT_EXECUTE|[52]
16:48:05.0 (50542414)|STATEMENT_EXECUTE|[53]
16:48:05.0 (50547825)|HEAP_ALLOCATE|[53]|Bytes:2
16:48:05.0 (50554765)|HEAP_ALLOCATE|[53]|Bytes:1
16:48:05.0 (50559344)|HEAP_ALLOCATE|[53]|Bytes:5
16:48:05.0 (50563838)|HEAP_ALLOCATE|[53]|Bytes:2
16:48:05.0 (50570665)|HEAP_ALLOCATE|[53]|Bytes:1
16:48:05.0 (50575157)|HEAP_ALLOCATE|[53]|Bytes:5
16:48:05.0 (50579236)|HEAP_ALLOCATE|[EXTERNAL]|Bytes:4
16:48:05.0 (50582219)|HEAP_ALLOCATE|[51]|Bytes:4
16:48:05.0 (50584761)|VARIABLE_ASSIGNMENT|[51]|j|30
16:48:05.0 (50586651)|STATEMENT_EXECUTE|[51]
16:48:05.0 (50588051)|STATEMENT_EXECUTE|[54]
16:48:05.0 (50588989)|STATEMENT_EXECUTE|[55]
16:48:05.0 (50593992)|HEAP_ALLOCATE|[55]|Bytes:2
16:48:05.0 (50600920)|HEAP_ALLOCATE|[55]|Bytes:2
16:48:05.0 (50605532)|HEAP_ALLOCATE|[55]|Bytes:5
16:48:05.0 (50609909)|HEAP_ALLOCATE|[55]|Bytes:2
16:48:05.0 (50616651)|HEAP_ALLOCATE|[55]|Bytes:2
16:48:05.0 (50621292)|HEAP_ALLOCATE|[55]|Bytes:5
16:48:05.0 (50625421)|HEAP_ALLOCATE|[EXTERNAL]|Bytes:4
16:48:05.0 (50628430)|HEAP_ALLOCATE|[51]|Bytes:4
16:48:05.0 (50630967)|VARIABLE_ASSIGNMENT|[51]|j|60
16:48:05.0 (50632648)|HEAP_ALLOCATE|[50]|Bytes:4
16:48:05.0 (50634889)|VARIABLE_ASSIGNMENT|[50]|i|20
16:48:05.0 (50636411)|STATEMENT_EXECUTE|[50]
16:48:05.0 (50637590)|STATEMENT_EXECUTE|[51]
16:48:05.0 (50639157)|VARIABLE_SCOPE_BEGIN|[51]|j|Integer|false|false
16:48:05.0 (50640467)|HEAP_ALLOCATE|[51]|Bytes:4
16:48:05.0 (50642578)|VARIABLE_ASSIGNMENT|[51]|j|0
16:48:05.0 (50643902)|STATEMENT_EXECUTE|[51]
16:48:05.0 (50645100)|STATEMENT_EXECUTE|[52]
16:48:05.0 (50646186)|STATEMENT_EXECUTE|[53]
16:48:05.0 (50651260)|HEAP_ALLOCATE|[53]|Bytes:2
16:48:05.0 (50658148)|HEAP_ALLOCATE|[53]|Bytes:1
16:48:05.0 (50662734)|HEAP_ALLOCATE|[53]|Bytes:5
16:48:05.0 (50667125)|HEAP_ALLOCATE|[53]|Bytes:2
16:48:05.0 (50674043)|HEAP_ALLOCATE|[53]|Bytes:1
16:48:05.0 (50678898)|HEAP_ALLOCATE|[53]|Bytes:5
16:48:05.0 (50683179)|HEAP_ALLOCATE|[EXTERNAL]|Bytes:4
16:48:05.0 (50686126)|HEAP_ALLOCATE|[51]|Bytes:4
16:48:05.0 (50688649)|VARIABLE_ASSIGNMENT|[51]|j|30
16:48:05.0 (50690193)|STATEMENT_EXECUTE|[51]
16:48:05.0 (50691479)|STATEMENT_EXECUTE|[54]
16:48:05.0 (50692414)|STATEMENT_EXECUTE|[55]
16:48:05.0 (50697419)|HEAP_ALLOCATE|[55]|Bytes:2
16:48:05.0 (50704427)|HEAP_ALLOCATE|[55]|Bytes:2
16:48:05.0 (50709067)|HEAP_ALLOCATE|[55]|Bytes:5
16:48:05.0 (50713516)|HEAP_ALLOCATE|[55]|Bytes:2
16:48:05.0 (50720279)|HEAP_ALLOCATE|[55]|Bytes:2
16:48:05.0 (50725067)|HEAP_ALLOCATE|[55]|Bytes:5
16:48:05.0 (50729150)|HEAP_ALLOCATE|[EXTERNAL]|Bytes:4
16:48:05.0 (50732164)|HEAP_ALLOCATE|[51]|Bytes:4
16:48:05.0 (50734920)|VARIABLE_ASSIGNMENT|[51]|j|60
16:48:05.0 (50736642)|HEAP_ALLOCATE|[50]|Bytes:4
16:48:05.0 (50738811)|VARIABLE_ASSIGNMENT|[50]|i|21
16:48:05.0 (50740371)|STATEMENT_EXECUTE|[50]
16:48:05.0 (50741527)|STATEMENT_EXECUTE|[51]
16:48:05.0 (50743076)|VARIABLE_SCOPE_BEGIN|[51]|j|Integer|false|false
16:48:05.0 (50744371)|HEAP_ALLOCATE|[51]|Bytes:4
16:48:05.0 (50746466)|VARIABLE_ASSIGNMENT|[51]|j|0
16:48:05.0 (50747817)|STATEMENT_EXECUTE|[51]
16:48:05.0 (50749022)|STATEMENT_EXECUTE|[52]
16:48:05.0 (50749972)|STATEMENT_EXECUTE|[53]
16:48:05.0 (50755079)|HEAP_ALLOCATE|[53]|Bytes:2
16:48:05.0 (50762144)|HEAP_ALLOCATE|[53]|Bytes:1
16:48:05.0 (50766850)|HEAP_ALLOCATE|[53]|Bytes:5
16:48:05.0 (50771236)|HEAP_ALLOCATE|[53]|Bytes:2
16:48:05.0 (50778064)|HEAP_ALLOCATE|[53]|Bytes:1
16:48:05.0 (50782500)|HEAP_ALLOCATE|[53]|Bytes:5
16:48:05.0 (50786781)|HEAP_ALLOCATE|[EXTERNAL]|Bytes:4
16:48:05.0 (50789803)|HEAP_ALLOCATE|[51]|Bytes:4
16:48:05.0 (50792326)|VARIABLE_ASSIGNMENT|[51]|j|30
16:48:05.0 (50794127)|STATEMENT_EXECUTE|[51]
16:48:05.0 (50795526)|STATEMENT_EXECUTE|[54]
16:48:05.0 (50796488)|STATEMENT_EXECUTE|[55]
16:48:05.0 (50801310)|HEAP_ALLOCATE|[55]|Bytes:2
16:48:05.0 (50808204)|HEAP_ALLOCATE|[55]|Bytes:2
16:48:05.0 (50812859)|HEAP_ALLOCATE|[55]|Bytes:5
16:48:05.0 (50817393)|HEAP_ALLOCATE|[55]|Bytes:2
16:48:05.0 (50824124)|HEAP_ALLOCATE|[55]|Bytes:2
16:48:05.0 (50828575)|HEAP_ALLOCATE|[55]|Bytes:5
16:48:05.0 (50832659)|HEAP_ALLOCATE|[EXTERNAL]|Bytes:4
16:48:05.0 (50835633)|HEAP_ALLOCATE|[51]|Bytes:4
16:48:05.0 (50838184)|VARIABLE_ASSIGNMENT|[51]|j|60
16:48:05.0 (50839986)|HEAP_ALLOCATE|[50]|Bytes:4
16:48:05.0 (50842193)|VARIABLE_ASSIGNMENT|[50]|i|22
16:48:05.0 (50843763)|STATEMENT_EXECUTE|[50]
16:48:05.0 (50844949)|STATEMENT_EXECUTE|[51]
16:48:05.0 (50846535)|VARIABLE_SCOPE_BEGIN|[51]|j|Integer|false|false
16:48:05.0 (50847795)|HEAP_ALLOCATE|[51]|Bytes:4
16:48:05.0 (50850022)|VARIABLE_ASSIGNMENT|[51]|j|0
16:48:05.0 (50851360)|STATEMENT_EXECUTE|[51]
16:48:05.0 (50852518)|STATEMENT_EXECUTE|[52]
16:48:05.0 (50853617)|STATEMENT_EXECUTE|[53]
16:48:05.0 (50858763)|HEAP_ALLOCATE|[53]|Bytes:2
16:48:05.0 (50865952)|HEAP_ALLOCATE|[53]|Bytes:1
16:48:05.0 (50870517)|HEAP_ALLOCATE|[53]|Bytes:5
16:48:05.0 (50874956)|HEAP_ALLOCATE|[53]|Bytes:2
16:48:05.0 (50881890)|HEAP_ALLOCATE|[53]|Bytes:1
16:48:05.0 (50886302)|HEAP_ALLOCATE|[53]|Bytes:5
16:48:05.0 (50890416)|HEAP_ALLOCATE|[EXTERNAL]|Bytes:4
16:48:05.0 (50893420)|HEAP_ALLOCATE|[51]|Bytes:4
16:48:05.0 (50896009)|VARIABLE_ASSIGNMENT|[51]|j|30
16:48:05.0 (50897591)|STATEMENT_EXECUTE|[51]
16:48:05.0 (50898893)|STATEMENT_EXECUTE|[54]
16:48:05.0 (50899818)|STATEMENT_EXECUTE|[55]
16:48:05.0 (50904829)|HEAP_ALLOCATE|[55]|Bytes:2
16:48:05.0 (50911888)|HEAP_ALLOCATE|[55]|Bytes:2
16:48:05.0 (50916424)|HEAP_ALLOCATE|[55]|Bytes:5
16:48:05.0 (50920854)|HEAP_ALLOCATE|[55]|Bytes:2
16:48:05.0 (50927579)|HEAP_ALLOCATE|[55]|Bytes:2
16:48:05.0 (50932110)|HEAP_ALLOCATE|[55]|Bytes:5
16:48:05.0 (50936140)|HEAP_ALLOCATE|[EXTERNAL]|Bytes:4
16:48:05.0 (50939080)|HEAP_ALLOCATE|[51]|Bytes:4
16:48:05.0 (50941897)|VARIABLE_ASSIGNMENT|[51]|j|60
16:48:05.0 (50943701)|HEAP_ALLOCATE|[50]|Bytes:4
16:48:05.0 (50945888)|VARIABLE_ASSIGNMENT|[50]|i|23
16:48:05.0 (50947387)|STATEMENT_EXECUTE|[50]
16:48:05.0 (50948595)|STATEMENT_EXECUTE|[51]
16:48:05.0 (50950144)|VARIABLE_SCOPE_BEGIN|[51]|j|Integer|false|false
16:48:05.0 (50951439)|HEAP_ALLOCATE|[51]|Bytes:4
16:48:05.0 (50953656)|VARIABLE_ASSIGNMENT|[51]|j|0
16:48:05.0 (50955020)|STATEMENT_EXECUTE|[51]
16:48:05.0 (50956218)|STATEMENT_EXECUTE|[52]
16:48:05.0 (50957136)|STATEMENT_EXECUTE|[53]
16:48:05.0 (50962449)|HEAP_ALLOCATE|[53]|Bytes:2
16:48:05.0 (50969473)|HEAP_ALLOCATE|[53]|Bytes:1
16:48:05.0 (50974061)|HEAP_ALLOCATE|[53]|Bytes:5
16:48:05.0 (50978518)|HEAP_ALLOCATE|[53]|Bytes:2
16:48:05.0 (50985207)|HEAP_ALLOCATE|[53]|Bytes:1
16:48:05.0 (50989675)|HEAP_ALLOCATE|[53]|Bytes:5
16:48:05.0 (50993945)|HEAP_ALLOCATE|[EXTERNAL]|Bytes:4
16:48:05.0 (50996957)|HEAP_ALLOCATE|[51]|Bytes:4
16:48:05.0 (50999454)|VARIABLE_ASSIGNMENT|[51]|j|30
16:48:05.0 (51001031)|STATEMENT_EXECUTE|[51]
16:48:05.0 (51003002)|STATEMENT_EXECUTE|[54]
16:48:05.0 (51004058)|STATEMENT_EXECUTE|[55]
16:48:05.0 (51009164)|HEAP_ALLOCATE|[55]|Bytes:2
16:48:05.0 (51016169)|HEAP_ALLOCATE|[55]|Bytes:2
16:48:05.0 (51020746)|HEAP_ALLOCATE|[55]|Bytes:5
16:48:05.0 (51025297)|HEAP_ALLOCATE|[55]|Bytes:2
16:48:05.0 (51032192)|HEAP_ALLOCATE|[55]|Bytes:2
16:48:05.0 (51036694)|HEAP_ALLOCATE|[55]|Bytes:5
16:48:05.0 (51040951)|HEAP_ALLOCATE|[EXTERNAL]|Bytes:4
16:48:05.0 (51043881)|HEAP_ALLOCATE|[51]|Bytes:4
16:48:05.0 (51046498)|VARIABLE_ASSIGNMENT|[51]|j|60
16:48:05.0 (51048216)|HEAP_ALLOCATE|[50]|Bytes:4
16:48:05.0 (51050373)|VARIABLE_ASSIGNMENT|[50]|i|24
16:48:05.0 (51052215)|STATEMENT_EXECUTE|[59]
16:48:05.0 (51198015)|SYSTEM_MODE_ENTER|true
16:48:05.0 (51222884)|HEAP_ALLOCATE|[EXTERNAL]|Bytes:80
16:48:05.0 (51267519)|VARIABLE_ASSIGNMENT|[EXTERNAL]|this|{"delToHub":false,"delToProj":true,"detail":"0x14fe4657","invoked":false,"rejected":false,"reserved":false,"sublocations1":"0x4f90bfa","www":"0x6ce9a88c","wwwById":"0x7503bcc8"}|0x4debf97f
16:48:05.0 (51274329)|STATEMENT_EXECUTE|[86]
16:48:05.0 (51278905)|STATEMENT_EXECUTE|[88]
16:48:05.0 (51280029)|STATEMENT_EXECUTE|[89]
16:48:05.0 (51282905)|HEAP_ALLOCATE|[89]|Bytes:4
16:48:05.0 (51290737)|VARIABLE_ASSIGNMENT|[89]|this.selectedTime4|"8:00"|0x4debf97f
16:48:05.0 (51292752)|STATEMENT_EXECUTE|[91]
16:48:05.0 (60420833)|VF_SERIALIZE_VIEWSTATE_BEGIN|06624000003h0Dg
16:48:05.0 (65520022)|VF_SERIALIZE_VIEWSTATE_END
16:48:05.68 (68142667)|CUMULATIVE_LIMIT_USAGE
16:48:05.68 (68142667)|LIMIT_USAGE_FOR_NS|(default)|
  Number of SOQL queries: 3 out of 100
  Number of query rows: 13 out of 50000
  Number of SOSL queries: 0 out of 20
  Number of DML statements: 0 out of 150
  Number of DML rows: 0 out of 10000
  Maximum CPU time: 0 out of 10000
  Maximum heap size: 0 out of 6000000
  Number of callouts: 0 out of 100
  Number of Email Invocations: 0 out of 10
  Number of future calls: 0 out of 50
  Number of queueable jobs added to the queue: 0 out of 50
  Number of Mobile Apex push calls: 0 out of 10

16:48:05.68 (68142667)|CUMULATIVE_LIMIT_USAGE_END

16:48:05.0 (68172672)|CODE_UNIT_FINISHED|VF: /apex/New_delivered_detail
16:48:05.0 (69015514)|EXECUTION_FINISHED
