39.0 APEX_CODE,DEBUG;APEX_PROFILING,INFO;CALLOUT,INFO;DB,INFO;SYSTEM,DEBUG;VALIDATION,INFO;VISUALFORCE,INFO;WAVE,INFO;WORKFLOW,INFO
13:52:20.0 (90884)|USER_INFO|[EXTERNAL]|00524000001e3Uj|bedrijfsbureau@gsa.nl.sandbox|Midden-Europese standaardtijd|GMT+02:00
13:52:20.0 (131701)|EXECUTION_STARTED
13:52:20.0 (136957)|CODE_UNIT_STARTED|[EXTERNAL]|0669E0000000KhW|VF: /apex/ProjectItemsAfroepen
13:52:20.0 (5792547)|SYSTEM_MODE_ENTER|true
13:52:20.0 (6403719)|SYSTEM_MODE_ENTER|false
13:52:20.0 (6415446)|SYSTEM_MODE_EXIT|false
13:52:20.0 (6430573)|SYSTEM_MODE_ENTER|false
13:52:20.0 (6448587)|SYSTEM_MODE_EXIT|false
13:52:20.0 (7390757)|SYSTEM_MODE_ENTER|true
13:52:20.0 (7445922)|SYSTEM_MODE_ENTER|false
13:52:20.0 (7591456)|SYSTEM_MODE_EXIT|false
13:52:20.0 (7758423)|SYSTEM_MODE_ENTER|true
13:52:20.0 (7787643)|SYSTEM_MODE_ENTER|false
13:52:20.0 (7807014)|SYSTEM_MODE_EXIT|false
13:52:20.0 (19264441)|SYSTEM_MODE_ENTER|true
13:52:20.0 (20136347)|VF_SERIALIZE_VIEWSTATE_BEGIN|0669E0000000KhW
13:52:20.0 (21788321)|VF_SERIALIZE_VIEWSTATE_END
13:52:20.23 (23758746)|CUMULATIVE_LIMIT_USAGE
13:52:20.23 (23758746)|LIMIT_USAGE_FOR_NS|(default)|
  Number of SOQL queries: 0 out of 100
  Number of query rows: 0 out of 50000
  Number of SOSL queries: 0 out of 20
  Number of DML statements: 0 out of 150
  Number of DML rows: 0 out of 10000
  Maximum CPU time: 0 out of 10000
  Maximum heap size: 0 out of 6000000
  Number of callouts: 0 out of 100
  Number of Email Invocations: 0 out of 10
  Number of future calls: 0 out of 50
  Number of queueable jobs added to the queue: 0 out of 50
  Number of Mobile Apex push calls: 0 out of 10

13:52:20.23 (23758746)|CUMULATIVE_LIMIT_USAGE_END

13:52:20.0 (23797673)|CODE_UNIT_FINISHED|VF: /apex/ProjectItemsAfroepen
13:52:20.0 (24893374)|EXECUTION_FINISHED
