31.0 APEX_CODE,DEBUG;APEX_PROFILING,INFO;CALLOUT,INFO;DB,INFO;SYSTEM,DEBUG;VALIDATION,INFO;VISUALFORCE,INFO;WAVE,INFO;WORKFLOW,INFO
15:10:27.0 (309394)|USER_INFO|[EXTERNAL]|00524000001e3Uj|bedrijfsbureau@gsa.nl.sandbox|Midden-Europese standaardtijd|GMT+02:00
15:10:27.0 (338637)|EXECUTION_STARTED
15:10:27.0 (342065)|CODE_UNIT_STARTED|[EXTERNAL]|01p2400000Cr9rU|CreateTicketAndCallendarTest.test_createTicket
15:10:27.0 (1063567)|SYSTEM_MODE_ENTER|false
15:10:27.0 (1071661)|SYSTEM_MODE_EXIT|false
15:10:27.0 (1120928)|SYSTEM_MODE_ENTER|false
15:10:27.0 (1962062)|DML_BEGIN|[28]|Op:Insert|Type:ActiveTrigger__c|Rows:9
15:10:27.0 (40676954)|DML_END|[28]
15:10:27.0 (40765644)|SYSTEM_MODE_EXIT|false
15:10:27.0 (40863603)|SYSTEM_MODE_ENTER|false
15:10:27.0 (41048324)|SOQL_EXECUTE_BEGIN|[56]|Aggregations:0|SELECT Id, Name FROM RecordType WHERE Name = 'Client'
15:10:27.0 (47183657)|SOQL_EXECUTE_END|[56]|Rows:1
15:10:27.0 (47647682)|DML_BEGIN|[59]|Op:Insert|Type:Account|Rows:1
15:10:27.0 (145202978)|DML_END|[59]
15:10:27.0 (145238861)|SYSTEM_MODE_EXIT|false
15:10:27.0 (145354475)|SYSTEM_MODE_ENTER|false
15:10:27.0 (145567670)|SOQL_EXECUTE_BEGIN|[32]|Aggregations:0|SELECT Id FROM Profile WHERE Name = 'Bouwticket account'
15:10:27.0 (153819973)|SOQL_EXECUTE_END|[32]|Rows:1
15:10:27.0 (154440286)|DML_BEGIN|[50]|Op:Insert|Type:User|Rows:1
15:10:27.0 (161675811)|CODE_UNIT_STARTED|[EXTERNAL]|01q24000000PhJT|UserTrigger on User trigger event BeforeInsert for [new]
15:10:27.0 (162734476)|SYSTEM_MODE_ENTER|false
15:10:27.0 (162744928)|SYSTEM_MODE_EXIT|false
15:10:27.0 (162783213)|SYSTEM_MODE_ENTER|false
15:10:27.0 (162832165)|SYSTEM_MODE_EXIT|false
15:10:27.162 (162845982)|CUMULATIVE_LIMIT_USAGE
15:10:27.162 (162845982)|LIMIT_USAGE_FOR_NS|(default)|
  Number of SOQL queries: 2 out of 100
  Number of query rows: 2 out of 50000
  Number of SOSL queries: 0 out of 20
  Number of DML statements: 3 out of 150
  Number of DML rows: 11 out of 10000
  Maximum CPU time: 0 out of 10000
  Maximum heap size: 0 out of 6000000
  Number of callouts: 0 out of 100
  Number of Email Invocations: 0 out of 10
  Number of future calls: 0 out of 50
  Number of queueable jobs added to the queue: 0 out of 50
  Number of Mobile Apex push calls: 0 out of 10

15:10:27.162 (162845982)|CUMULATIVE_LIMIT_USAGE_END

15:10:27.0 (163972154)|CODE_UNIT_FINISHED|UserTrigger on User trigger event BeforeInsert for [new]
15:10:27.0 (441457369)|CODE_UNIT_STARTED|[EXTERNAL]|01q24000000PhJT|UserTrigger on User trigger event AfterInsert for [0059E000000XTj7]
15:10:27.0 (442262422)|SYSTEM_MODE_ENTER|false
15:10:27.0 (442679991)|SOQL_EXECUTE_BEGIN|[11]|Aggregations:0|SELECT Id FROM Profile WHERE (Name = 'Bouwticket account' OR Name = 'Bouwmanager')
15:10:27.0 (445579664)|SOQL_EXECUTE_END|[11]|Rows:2
15:10:27.0 (445777056)|USER_DEBUG|[13]|DEBUG|profilesById {00e24000000YX5iAAG=Profile:{Id=00e24000000YX5iAAG}, 00e24000000YX5jAAG=Profile:{Id=00e24000000YX5jAAG}}
15:10:27.0 (445991834)|USER_DEBUG|[15]|DEBUG|00e24000000YX5jAAG
15:10:27.0 (446008767)|USER_DEBUG|[16]|DEBUG|false
15:10:27.0 (446018557)|USER_DEBUG|[17]|DEBUG|false
15:10:27.0 (446075438)|USER_DEBUG|[22]|DEBUG|0059E000000XTj7QAG
15:10:27.0 (446107895)|USER_DEBUG|[23]|DEBUG|0019E0000087FOFQA2
15:10:27.0 (446267724)|SYSTEM_MODE_EXIT|false
15:10:27.446 (446279733)|CUMULATIVE_LIMIT_USAGE
15:10:27.446 (446279733)|LIMIT_USAGE_FOR_NS|(default)|
  Number of SOQL queries: 3 out of 100
  Number of query rows: 4 out of 50000
  Number of SOSL queries: 0 out of 20
  Number of DML statements: 3 out of 150
  Number of DML rows: 11 out of 10000
  Maximum CPU time: 0 out of 10000
  Maximum heap size: 0 out of 6000000
  Number of callouts: 0 out of 100
  Number of Email Invocations: 0 out of 10
  Number of future calls: 1 out of 50
  Number of queueable jobs added to the queue: 0 out of 50
  Number of Mobile Apex push calls: 0 out of 10

15:10:27.446 (446279733)|CUMULATIVE_LIMIT_USAGE_END

15:10:27.0 (447527787)|CODE_UNIT_FINISHED|UserTrigger on User trigger event AfterInsert for [0059E000000XTj7]
15:10:27.0 (448172959)|DML_END|[50]
15:10:27.0 (448192366)|SYSTEM_MODE_EXIT|false
15:10:27.0 (448258856)|SYSTEM_MODE_ENTER|false
15:10:27.0 (448397120)|DML_BEGIN|[66]|Op:Insert|Type:Contact|Rows:1
15:10:27.0 (504210591)|DML_END|[66]
15:10:27.0 (504237612)|SYSTEM_MODE_EXIT|false
15:10:27.0 (504330477)|SYSTEM_MODE_ENTER|false
15:10:27.0 (504499358)|DML_BEGIN|[73]|Op:Insert|Type:Projecten__c|Rows:1
15:10:27.0 (508359065)|CODE_UNIT_STARTED|[EXTERNAL]|01q24000000qIfI|ProjectTrigger on Projecten trigger event BeforeInsert for [new]
15:10:27.0 (509228456)|SOQL_EXECUTE_BEGIN|[89]|Aggregations:0|SELECT Name FROM Projecten__c WHERE Name = :tmpVar1
15:10:27.0 (510675865)|SOQL_EXECUTE_END|[89]|Rows:0
15:10:27.510 (510843096)|CUMULATIVE_LIMIT_USAGE
15:10:27.510 (510843096)|LIMIT_USAGE_FOR_NS|(default)|
  Number of SOQL queries: 4 out of 100
  Number of query rows: 4 out of 50000
  Number of SOSL queries: 0 out of 20
  Number of DML statements: 5 out of 150
  Number of DML rows: 13 out of 10000
  Maximum CPU time: 0 out of 10000
  Maximum heap size: 0 out of 6000000
  Number of callouts: 0 out of 100
  Number of Email Invocations: 0 out of 10
  Number of future calls: 1 out of 50
  Number of queueable jobs added to the queue: 0 out of 50
  Number of Mobile Apex push calls: 0 out of 10

15:10:27.510 (510843096)|CUMULATIVE_LIMIT_USAGE_END

15:10:27.0 (511804351)|CODE_UNIT_FINISHED|ProjectTrigger on Projecten trigger event BeforeInsert for [new]
15:10:27.0 (536000400)|CODE_UNIT_STARTED|[EXTERNAL]|01q24000000qIfI|ProjectTrigger on Projecten trigger event AfterInsert for [a0q9E0000006OUd]
15:10:27.0 (536810413)|USER_DEBUG|[45]|DEBUG|(Projecten__c:{Id=a0q9E0000006OUdQAM, OwnerId=00524000001e3UjAAI, IsDeleted=false, Name=testestest, CreatedDate=2017-04-07 13:10:28, CreatedById=00524000001e3UjAAI, LastModifiedDate=2017-04-07 13:10:28, LastModifiedById=00524000001e3UjAAI, SystemModstamp=2017-04-07 13:10:28, LastActivityDate=null, LastViewedDate=null, LastReferencedDate=null, Account__c=0019E0000087FOFQA2, Project_omschrijving__c=null, SF_ID__c=null, Actueel_aantal_palletplaatsen__c=0, Aantal_palletplaatsen__c=null, Projectleider__c=null, Project_amscheyving__c=null})
15:10:27.0 (537158614)|SOQL_EXECUTE_BEGIN|[57]|Aggregations:0|SELECT Id, Actueel_aantal_palletplaatsen1__c FROM Account WHERE id = :tmpVar1
15:10:27.0 (539600751)|SOQL_EXECUTE_END|[57]|Rows:1
15:10:27.0 (540067334)|USER_DEBUG|[80]|DEBUG|(Account:{Id=0019E0000087FOFQA2, Actueel_aantal_palletplaatsen1__c=0})
15:10:27.0 (540117530)|DML_BEGIN|[81]|Op:Update|Type:Account|Rows:1
15:10:27.0 (561200899)|DML_END|[81]
15:10:27.561 (561266160)|CUMULATIVE_LIMIT_USAGE
15:10:27.561 (561266160)|LIMIT_USAGE_FOR_NS|(default)|
  Number of SOQL queries: 5 out of 100
  Number of query rows: 5 out of 50000
  Number of SOSL queries: 0 out of 20
  Number of DML statements: 6 out of 150
  Number of DML rows: 14 out of 10000
  Maximum CPU time: 0 out of 10000
  Maximum heap size: 0 out of 6000000
  Number of callouts: 0 out of 100
  Number of Email Invocations: 0 out of 10
  Number of future calls: 2 out of 50
  Number of queueable jobs added to the queue: 0 out of 50
  Number of Mobile Apex push calls: 0 out of 10

15:10:27.561 (561266160)|CUMULATIVE_LIMIT_USAGE_END

15:10:27.0 (562115689)|CODE_UNIT_FINISHED|ProjectTrigger on Projecten trigger event AfterInsert for [a0q9E0000006OUd]
15:10:27.0 (563568116)|DML_END|[73]
15:10:27.0 (563587524)|SYSTEM_MODE_EXIT|false
15:10:27.0 (563691146)|SYSTEM_MODE_ENTER|false
15:10:27.0 (563885227)|DML_BEGIN|[80]|Op:Insert|Type:Projectmember__c|Rows:1
15:10:27.0 (585042812)|CODE_UNIT_STARTED|[EXTERNAL]|Workflow:01I24000001DBlV
15:10:27.0 (594394327)|WF_RULE_EVAL_BEGIN|Workflow
15:10:27.0 (594422961)|WF_CRITERIA_BEGIN|[Projectmember: a0r9E000001Ntfj a0r9E000001Ntfj]|Projectmember and company name|01Q24000000Uct1|ON_CREATE_ONLY|0
15:10:27.0 (594508124)|WF_FORMULA|Formula:ENCODED:[treatNullAsNull]1=1|Values:
15:10:27.0 (594511740)|WF_CRITERIA_END|true
15:10:27.0 (595038081)|WF_SPOOL_ACTION_BEGIN|Workflow
15:10:27.0 (597766248)|WF_FIELD_UPDATE|[Projectmember: a0r9E000001Ntfj a0r9E000001Ntfj]|Field:Projectmember: Projectmember Name|Value: Test testAccount|Id=04Y24000000UD6r|CurrentRule:Projectmember and company name (Id=01Q24000000Uct1)
15:10:27.0 (597789569)|WF_ACTION| Field Update: 1;
15:10:27.0 (597792285)|WF_RULE_EVAL_END
15:10:27.0 (606869914)|WF_ACTIONS_END| Field Update: 1;
15:10:27.0 (606878477)|CODE_UNIT_FINISHED|Workflow:01I24000001DBlV
15:10:27.0 (607362586)|DML_END|[80]
15:10:27.0 (607386433)|SYSTEM_MODE_EXIT|false
15:10:27.0 (607482083)|SYSTEM_MODE_ENTER|false
15:10:27.0 (607661940)|SOQL_EXECUTE_BEGIN|[86]|Aggregations:0|SELECT Id, Name FROM RecordType WHERE Name = 'Building Site'
15:10:27.0 (611344851)|SOQL_EXECUTE_END|[86]|Rows:1
15:10:27.0 (611569114)|DML_BEGIN|[96]|Op:Insert|Type:Hub_Building_Site__c|Rows:1
15:10:27.0 (614411200)|CODE_UNIT_STARTED|[EXTERNAL]|01q24000000PhJR|HubTrigger on Hub_Building_Site trigger event BeforeInsert for [new]
15:10:27.614 (614886230)|CUMULATIVE_LIMIT_USAGE
15:10:27.614 (614886230)|LIMIT_USAGE_FOR_NS|(default)|
  Number of SOQL queries: 6 out of 100
  Number of query rows: 6 out of 50000
  Number of SOSL queries: 0 out of 20
  Number of DML statements: 8 out of 150
  Number of DML rows: 16 out of 10000
  Maximum CPU time: 0 out of 10000
  Maximum heap size: 0 out of 6000000
  Number of callouts: 0 out of 100
  Number of Email Invocations: 0 out of 10
  Number of future calls: 2 out of 50
  Number of queueable jobs added to the queue: 0 out of 50
  Number of Mobile Apex push calls: 0 out of 10

15:10:27.614 (614886230)|CUMULATIVE_LIMIT_USAGE_END

15:10:27.0 (615662339)|CODE_UNIT_FINISHED|HubTrigger on Hub_Building_Site trigger event BeforeInsert for [new]
15:10:27.0 (632884319)|CODE_UNIT_STARTED|[EXTERNAL]|01q24000000PhJR|HubTrigger on Hub_Building_Site trigger event AfterInsert for [a029E000001YaOn]
15:10:27.0 (633583462)|SOQL_EXECUTE_BEGIN|[14]|Aggregations:0|SELECT Id, Project__r.Account__c, OwnerId FROM Hub_building_site__c WHERE id = :tmpVar1
15:10:27.0 (636628744)|SOQL_EXECUTE_END|[14]|Rows:1
15:10:27.0 (636980707)|USER_DEBUG|[22]|DEBUG|accs {0019E0000087FOFQA2}
15:10:27.0 (637173495)|SOQL_EXECUTE_BEGIN|[23]|Aggregations:0|SELECT Id, isActive FROM User WHERE (AccountId__c = :tmpVar1 AND isActive = TRUE)
15:10:27.0 (639962989)|SOQL_EXECUTE_END|[23]|Rows:1
15:10:27.0 (640100279)|USER_DEBUG|[25]|DEBUG|users1 (User:{Id=0059E000000XTj7QAG, IsActive=true})
15:10:27.0 (640372981)|SOQL_EXECUTE_BEGIN|[26]|Aggregations:0|SELECT ParentId, Id, UserOrGroupId FROM Hub_building_site__Share WHERE ParentId = :tmpVar1
15:10:27.0 (643803612)|SOQL_EXECUTE_END|[26]|Rows:1
15:10:27.0 (643980553)|USER_DEBUG|[28]|DEBUG|1 (Hub_Building_Site__Share:{ParentId=a029E000001YaOnQAK, Id=02c9E00000HahnoQAB, UserOrGroupId=00524000001e3UjAAI})
15:10:27.0 (644293330)|USER_DEBUG|[38]|DEBUG|shareByUserByTicket1 {a029E000001YaOnQAK={}}
15:10:27.0 (644417109)|USER_DEBUG|[42]|DEBUG|shareByUserByTicket.get(t.id){} 0059E000000XTj7QAG
15:10:27.0 (644728234)|USER_DEBUG|[48]|DEBUG|add sharings 1 (Hub_Building_Site__Share:{ParentId=a029E000001YaOnQAK, UserOrGroupId=0059E000000XTj7QAG, AccessLevel=Edit})
15:10:27.0 (644778340)|DML_BEGIN|[49]|Op:Insert|Type:Hub_Building_Site__Share|Rows:1
15:10:27.0 (655681226)|DML_END|[49]
15:10:27.655 (655725755)|CUMULATIVE_LIMIT_USAGE
15:10:27.655 (655725755)|LIMIT_USAGE_FOR_NS|(default)|
  Number of SOQL queries: 9 out of 100
  Number of query rows: 9 out of 50000
  Number of SOSL queries: 0 out of 20
  Number of DML statements: 9 out of 150
  Number of DML rows: 17 out of 10000
  Maximum CPU time: 0 out of 10000
  Maximum heap size: 0 out of 6000000
  Number of callouts: 0 out of 100
  Number of Email Invocations: 0 out of 10
  Number of future calls: 2 out of 50
  Number of queueable jobs added to the queue: 0 out of 50
  Number of Mobile Apex push calls: 0 out of 10

15:10:27.655 (655725755)|CUMULATIVE_LIMIT_USAGE_END

15:10:27.0 (656549836)|CODE_UNIT_FINISHED|HubTrigger on Hub_Building_Site trigger event AfterInsert for [a029E000001YaOn]
15:10:27.0 (657834059)|DML_END|[96]
15:10:27.0 (657850714)|SYSTEM_MODE_EXIT|false
15:10:27.0 (657922099)|SYSTEM_MODE_ENTER|false
15:10:27.0 (658059260)|SOQL_EXECUTE_BEGIN|[102]|Aggregations:0|SELECT Id, Name FROM RecordType WHERE Name = 'Gate'
15:10:27.0 (661269944)|SOQL_EXECUTE_END|[102]|Rows:1
15:10:27.0 (661466072)|DML_BEGIN|[105]|Op:Insert|Type:Location__c|Rows:1
15:10:27.0 (664310449)|CODE_UNIT_STARTED|[EXTERNAL]|01q24000000PhJS|LocationTrigger on Location trigger event BeforeInsert for [new]
15:10:27.0 (665035712)|SYSTEM_MODE_ENTER|false
15:10:27.0 (665042897)|SYSTEM_MODE_EXIT|false
15:10:27.0 (665072371)|SYSTEM_MODE_ENTER|false
15:10:27.0 (665109976)|SYSTEM_MODE_EXIT|false
15:10:27.665 (665119655)|CUMULATIVE_LIMIT_USAGE
15:10:27.665 (665119655)|LIMIT_USAGE_FOR_NS|(default)|
  Number of SOQL queries: 10 out of 100
  Number of query rows: 10 out of 50000
  Number of SOSL queries: 0 out of 20
  Number of DML statements: 10 out of 150
  Number of DML rows: 18 out of 10000
  Maximum CPU time: 0 out of 10000
  Maximum heap size: 0 out of 6000000
  Number of callouts: 0 out of 100
  Number of Email Invocations: 0 out of 10
  Number of future calls: 2 out of 50
  Number of queueable jobs added to the queue: 0 out of 50
  Number of Mobile Apex push calls: 0 out of 10

15:10:27.665 (665119655)|CUMULATIVE_LIMIT_USAGE_END

15:10:27.0 (666600011)|CODE_UNIT_FINISHED|LocationTrigger on Location trigger event BeforeInsert for [new]
15:10:27.0 (668550265)|CODE_UNIT_STARTED|[EXTERNAL]|Validation:Location:new
15:10:27.0 (668558273)|VALIDATION_RULE|03d24000000aMAV|Amount_can_t_be_less_then_0
15:10:27.0 (668689913)|VALIDATION_FORMULA|OR( Available_amount__c <0,  Current_amount__c <0)|Current_amount__c=null , Available_amount__c=null
15:10:27.0 (668694423)|VALIDATION_PASS
15:10:27.0 (668720119)|CODE_UNIT_FINISHED|Validation:Location:new
15:10:27.0 (697749923)|CODE_UNIT_STARTED|[EXTERNAL]|01q24000000PhJS|LocationTrigger on Location trigger event AfterInsert for [a0B9E000000VXna]
15:10:27.0 (698406223)|SYSTEM_MODE_ENTER|false
15:10:27.0 (698918918)|SOQL_EXECUTE_BEGIN|[88]|Aggregations:0|SELECT Id FROM Location__c WHERE id = :tmpVar1
15:10:27.0 (700292066)|SOQL_EXECUTE_END|[88]|Rows:0
15:10:27.0 (700730214)|SOQL_EXECUTE_BEGIN|[89]|Aggregations:0|SELECT Id, RecordType.DeveloperName, Location__c, Number_Of_Items__c FROM WWW_Detail__c WHERE ((RecordType.DeveloperName = 'Delivered_2_Hub' OR RecordType.DeveloperName = 'Delivered_2_Project') AND Location__c = :tmpVar1 AND IsDeleted = FALSE)
15:10:27.0 (701903514)|SOQL_EXECUTE_END|[89]|Rows:0
15:10:27.0 (702161399)|USER_DEBUG|[129]|DEBUG|parentLocations 0 {}
15:10:27.0 (702588250)|SOQL_EXECUTE_BEGIN|[33]|Aggregations:0|SELECT Id, Hub_Building_Site__r.Project__r.Account__c, OwnerId, Hub_Building_Site__c FROM Location__c WHERE id = :tmpVar1
15:10:27.0 (704383130)|SOQL_EXECUTE_END|[33]|Rows:1
15:10:27.0 (704730182)|SOQL_EXECUTE_BEGIN|[39]|Aggregations:0|SELECT Id, Account__c FROM AccountHub__c WHERE Hub_Building_Site__c = :tmpVar1
15:10:27.0 (705694856)|SOQL_EXECUTE_END|[39]|Rows:0
15:10:27.0 (706024182)|USER_DEBUG|[51]|DEBUG|accs {}
15:10:27.0 (706211739)|SOQL_EXECUTE_BEGIN|[52]|Aggregations:0|SELECT isActive, Id FROM User WHERE (AccountId__c = :tmpVar1 AND isActive = TRUE)
15:10:27.0 (707927190)|SOQL_EXECUTE_END|[52]|Rows:0
15:10:27.0 (708026249)|USER_DEBUG|[54]|DEBUG|users0 ()
15:10:27.0 (708293452)|SOQL_EXECUTE_BEGIN|[55]|Aggregations:0|SELECT ParentId, Id, UserOrGroupId FROM Location__Share WHERE ParentId = :tmpVar1
15:10:27.0 (711707198)|SOQL_EXECUTE_END|[55]|Rows:1
15:10:27.0 (711897648)|USER_DEBUG|[57]|DEBUG|1 (Location__Share:{ParentId=a0B9E000000VXnaUAG, Id=02c9E00000HahnqQAB, UserOrGroupId=00524000001e3UjAAI})
15:10:27.0 (712221546)|USER_DEBUG|[67]|DEBUG|shareByUserByTicket1 {a0B9E000000VXnaUAG={}}
15:10:27.0 (712313849)|USER_DEBUG|[77]|DEBUG|add sharings 0 ()
15:10:27.0 (712370772)|SYSTEM_MODE_EXIT|false
15:10:27.712 (712383615)|CUMULATIVE_LIMIT_USAGE
15:10:27.712 (712383615)|LIMIT_USAGE_FOR_NS|(default)|
  Number of SOQL queries: 16 out of 100
  Number of query rows: 12 out of 50000
  Number of SOSL queries: 0 out of 20
  Number of DML statements: 10 out of 150
  Number of DML rows: 18 out of 10000
  Maximum CPU time: 0 out of 10000
  Maximum heap size: 0 out of 6000000
  Number of callouts: 0 out of 100
  Number of Email Invocations: 0 out of 10
  Number of future calls: 2 out of 50
  Number of queueable jobs added to the queue: 0 out of 50
  Number of Mobile Apex push calls: 0 out of 10

15:10:27.712 (712383615)|CUMULATIVE_LIMIT_USAGE_END

15:10:27.0 (713563332)|CODE_UNIT_FINISHED|LocationTrigger on Location trigger event AfterInsert for [a0B9E000000VXna]
15:10:27.0 (714802075)|DML_END|[105]
15:10:27.0 (714821509)|SYSTEM_MODE_EXIT|false
15:10:27.0 (714873752)|SYSTEM_MODE_ENTER|false
15:10:27.0 (715003152)|SOQL_EXECUTE_BEGIN|[111]|Aggregations:0|SELECT Id, Name FROM RecordType WHERE Name = 'Site Location'
15:10:27.0 (719553336)|SOQL_EXECUTE_END|[111]|Rows:1
15:10:27.0 (719750934)|DML_BEGIN|[114]|Op:Insert|Type:Location__c|Rows:1
15:10:27.0 (722930034)|CODE_UNIT_STARTED|[EXTERNAL]|01q24000000PhJS|LocationTrigger on Location trigger event BeforeInsert for [new]
15:10:27.0 (723513071)|SYSTEM_MODE_ENTER|false
15:10:27.0 (723531250)|SYSTEM_MODE_EXIT|false
15:10:27.723 (723544640)|CUMULATIVE_LIMIT_USAGE
15:10:27.723 (723544640)|LIMIT_USAGE_FOR_NS|(default)|
  Number of SOQL queries: 17 out of 100
  Number of query rows: 13 out of 50000
  Number of SOSL queries: 0 out of 20
  Number of DML statements: 11 out of 150
  Number of DML rows: 19 out of 10000
  Maximum CPU time: 0 out of 10000
  Maximum heap size: 0 out of 6000000
  Number of callouts: 0 out of 100
  Number of Email Invocations: 0 out of 10
  Number of future calls: 2 out of 50
  Number of queueable jobs added to the queue: 0 out of 50
  Number of Mobile Apex push calls: 0 out of 10

15:10:27.723 (723544640)|CUMULATIVE_LIMIT_USAGE_END

15:10:27.0 (724754593)|CODE_UNIT_FINISHED|LocationTrigger on Location trigger event BeforeInsert for [new]
15:10:27.0 (727753127)|CODE_UNIT_STARTED|[EXTERNAL]|Validation:Location:new
15:10:27.0 (727761272)|VALIDATION_RULE|03d24000000aMAV|Amount_can_t_be_less_then_0
15:10:27.0 (727881756)|VALIDATION_FORMULA|OR( Available_amount__c <0,  Current_amount__c <0)|Current_amount__c=null , Available_amount__c=null
15:10:27.0 (727887258)|VALIDATION_PASS
15:10:27.0 (727911274)|CODE_UNIT_FINISHED|Validation:Location:new
15:10:27.0 (743094072)|CODE_UNIT_STARTED|[EXTERNAL]|01q24000000PhJS|LocationTrigger on Location trigger event AfterInsert for [a0B9E000000VXnb]
15:10:27.0 (743721306)|SYSTEM_MODE_ENTER|false
15:10:27.0 (744020340)|SOQL_EXECUTE_BEGIN|[88]|Aggregations:0|SELECT Id FROM Location__c WHERE id = :tmpVar1
15:10:27.0 (744951346)|SOQL_EXECUTE_END|[88]|Rows:0
15:10:27.0 (745319101)|SOQL_EXECUTE_BEGIN|[89]|Aggregations:0|SELECT Id, RecordType.DeveloperName, Location__c, Number_Of_Items__c FROM WWW_Detail__c WHERE ((RecordType.DeveloperName = 'Delivered_2_Hub' OR RecordType.DeveloperName = 'Delivered_2_Project') AND Location__c = :tmpVar1 AND IsDeleted = FALSE)
15:10:27.0 (746349854)|SOQL_EXECUTE_END|[89]|Rows:0
15:10:27.0 (746473002)|USER_DEBUG|[129]|DEBUG|parentLocations 0 {}
15:10:27.0 (746838264)|SOQL_EXECUTE_BEGIN|[33]|Aggregations:0|SELECT Id, Hub_Building_Site__r.Project__r.Account__c, OwnerId, Hub_Building_Site__c FROM Location__c WHERE id = :tmpVar1
15:10:27.0 (750831921)|SOQL_EXECUTE_END|[33]|Rows:1
15:10:27.0 (751131597)|SOQL_EXECUTE_BEGIN|[39]|Aggregations:0|SELECT Id, Account__c FROM AccountHub__c WHERE Hub_Building_Site__c = :tmpVar1
15:10:27.0 (751956761)|SOQL_EXECUTE_END|[39]|Rows:0
15:10:27.0 (752162725)|USER_DEBUG|[51]|DEBUG|accs {0019E0000087FOFQA2}
15:10:27.0 (752342133)|SOQL_EXECUTE_BEGIN|[52]|Aggregations:0|SELECT isActive, Id FROM User WHERE (AccountId__c = :tmpVar1 AND isActive = TRUE)
15:10:27.0 (754902590)|SOQL_EXECUTE_END|[52]|Rows:1
15:10:27.0 (755021894)|USER_DEBUG|[54]|DEBUG|users1 (User:{IsActive=true, Id=0059E000000XTj7QAG})
15:10:27.0 (755240013)|SOQL_EXECUTE_BEGIN|[55]|Aggregations:0|SELECT ParentId, Id, UserOrGroupId FROM Location__Share WHERE ParentId = :tmpVar1
15:10:27.0 (757593299)|SOQL_EXECUTE_END|[55]|Rows:1
15:10:27.0 (757709884)|USER_DEBUG|[57]|DEBUG|1 (Location__Share:{ParentId=a0B9E000000VXnbUAG, Id=02c9E00000HahnrQAB, UserOrGroupId=00524000001e3UjAAI})
15:10:27.0 (757824679)|USER_DEBUG|[67]|DEBUG|shareByUserByTicket1 {a0B9E000000VXnbUAG={}}
15:10:27.0 (757949273)|USER_DEBUG|[71]|DEBUG|shareByUserByTicket.get(t.id){} 0059E000000XTj7QAG
15:10:27.0 (758262091)|USER_DEBUG|[77]|DEBUG|add sharings 1 (Location__Share:{ParentId=a0B9E000000VXnbUAG, UserOrGroupId=0059E000000XTj7QAG, AccessLevel=Read})
15:10:27.0 (758299118)|DML_BEGIN|[78]|Op:Insert|Type:Location__Share|Rows:1
15:10:27.0 (768803703)|DML_END|[78]
15:10:27.0 (768850887)|SYSTEM_MODE_EXIT|false
15:10:27.768 (768864653)|CUMULATIVE_LIMIT_USAGE
15:10:27.768 (768864653)|LIMIT_USAGE_FOR_NS|(default)|
  Number of SOQL queries: 23 out of 100
  Number of query rows: 16 out of 50000
  Number of SOSL queries: 0 out of 20
  Number of DML statements: 12 out of 150
  Number of DML rows: 20 out of 10000
  Maximum CPU time: 0 out of 10000
  Maximum heap size: 0 out of 6000000
  Number of callouts: 0 out of 100
  Number of Email Invocations: 0 out of 10
  Number of future calls: 2 out of 50
  Number of queueable jobs added to the queue: 0 out of 50
  Number of Mobile Apex push calls: 0 out of 10

15:10:27.768 (768864653)|CUMULATIVE_LIMIT_USAGE_END

15:10:27.0 (769979971)|CODE_UNIT_FINISHED|LocationTrigger on Location trigger event AfterInsert for [a0B9E000000VXnb]
15:10:27.0 (770598387)|DML_END|[114]
15:10:27.0 (770618103)|SYSTEM_MODE_EXIT|false
15:10:27.0 (770675830)|SYSTEM_MODE_ENTER|false
15:10:27.0 (770814895)|SOQL_EXECUTE_BEGIN|[120]|Aggregations:0|SELECT Id, Name FROM RecordType WHERE Name = 'Vertical Transport'
15:10:27.0 (774149367)|SOQL_EXECUTE_END|[120]|Rows:1
15:10:27.0 (774281754)|DML_BEGIN|[123]|Op:Insert|Type:Location__c|Rows:1
15:10:27.0 (776923698)|CODE_UNIT_STARTED|[EXTERNAL]|01q24000000PhJS|LocationTrigger on Location trigger event BeforeInsert for [new]
15:10:27.0 (777474657)|SYSTEM_MODE_ENTER|false
15:10:27.0 (777492136)|SYSTEM_MODE_EXIT|false
15:10:27.777 (777502595)|CUMULATIVE_LIMIT_USAGE
15:10:27.777 (777502595)|LIMIT_USAGE_FOR_NS|(default)|
  Number of SOQL queries: 24 out of 100
  Number of query rows: 17 out of 50000
  Number of SOSL queries: 0 out of 20
  Number of DML statements: 13 out of 150
  Number of DML rows: 21 out of 10000
  Maximum CPU time: 0 out of 10000
  Maximum heap size: 0 out of 6000000
  Number of callouts: 0 out of 100
  Number of Email Invocations: 0 out of 10
  Number of future calls: 2 out of 50
  Number of queueable jobs added to the queue: 0 out of 50
  Number of Mobile Apex push calls: 0 out of 10

15:10:27.777 (777502595)|CUMULATIVE_LIMIT_USAGE_END

15:10:27.0 (778483557)|CODE_UNIT_FINISHED|LocationTrigger on Location trigger event BeforeInsert for [new]
15:10:27.0 (779902850)|CODE_UNIT_STARTED|[EXTERNAL]|Validation:Location:new
15:10:27.0 (779910329)|VALIDATION_RULE|03d24000000aMAV|Amount_can_t_be_less_then_0
15:10:27.0 (780026329)|VALIDATION_FORMULA|OR( Available_amount__c <0,  Current_amount__c <0)|Current_amount__c=null , Available_amount__c=null
15:10:27.0 (780030507)|VALIDATION_PASS
15:10:27.0 (780055585)|CODE_UNIT_FINISHED|Validation:Location:new
15:10:27.0 (795909466)|CODE_UNIT_STARTED|[EXTERNAL]|01q24000000PhJS|LocationTrigger on Location trigger event AfterInsert for [a0B9E000000VXnc]
15:10:27.0 (796507666)|SYSTEM_MODE_ENTER|false
15:10:27.0 (796785869)|SOQL_EXECUTE_BEGIN|[88]|Aggregations:0|SELECT Id FROM Location__c WHERE id = :tmpVar1
15:10:27.0 (797669265)|SOQL_EXECUTE_END|[88]|Rows:0
15:10:27.0 (798025922)|SOQL_EXECUTE_BEGIN|[89]|Aggregations:0|SELECT Id, RecordType.DeveloperName, Location__c, Number_Of_Items__c FROM WWW_Detail__c WHERE ((RecordType.DeveloperName = 'Delivered_2_Hub' OR RecordType.DeveloperName = 'Delivered_2_Project') AND Location__c = :tmpVar1 AND IsDeleted = FALSE)
15:10:27.0 (799076694)|SOQL_EXECUTE_END|[89]|Rows:0
15:10:27.0 (799203720)|USER_DEBUG|[129]|DEBUG|parentLocations 0 {}
15:10:27.0 (799556553)|SOQL_EXECUTE_BEGIN|[33]|Aggregations:0|SELECT Id, Hub_Building_Site__r.Project__r.Account__c, OwnerId, Hub_Building_Site__c FROM Location__c WHERE id = :tmpVar1
15:10:27.0 (801143170)|SOQL_EXECUTE_END|[33]|Rows:1
15:10:27.0 (801405281)|SOQL_EXECUTE_BEGIN|[39]|Aggregations:0|SELECT Id, Account__c FROM AccountHub__c WHERE Hub_Building_Site__c = :tmpVar1
15:10:27.0 (802259846)|SOQL_EXECUTE_END|[39]|Rows:0
15:10:27.0 (802377124)|USER_DEBUG|[51]|DEBUG|accs {}
15:10:27.0 (802552246)|SOQL_EXECUTE_BEGIN|[52]|Aggregations:0|SELECT isActive, Id FROM User WHERE (AccountId__c = :tmpVar1 AND isActive = TRUE)
15:10:27.0 (803664173)|SOQL_EXECUTE_END|[52]|Rows:0
15:10:27.0 (803738831)|USER_DEBUG|[54]|DEBUG|users0 ()
15:10:27.0 (803946738)|SOQL_EXECUTE_BEGIN|[55]|Aggregations:0|SELECT ParentId, Id, UserOrGroupId FROM Location__Share WHERE ParentId = :tmpVar1
15:10:27.0 (806312670)|SOQL_EXECUTE_END|[55]|Rows:1
15:10:27.0 (806422042)|USER_DEBUG|[57]|DEBUG|1 (Location__Share:{ParentId=a0B9E000000VXncUAG, Id=02c9E00000HahntQAB, UserOrGroupId=00524000001e3UjAAI})
15:10:27.0 (806533950)|USER_DEBUG|[67]|DEBUG|shareByUserByTicket1 {a0B9E000000VXncUAG={}}
15:10:27.0 (806593535)|USER_DEBUG|[77]|DEBUG|add sharings 0 ()
15:10:27.0 (806642198)|SYSTEM_MODE_EXIT|false
15:10:27.806 (806653423)|CUMULATIVE_LIMIT_USAGE
15:10:27.806 (806653423)|LIMIT_USAGE_FOR_NS|(default)|
  Number of SOQL queries: 30 out of 100
  Number of query rows: 19 out of 50000
  Number of SOSL queries: 0 out of 20
  Number of DML statements: 13 out of 150
  Number of DML rows: 21 out of 10000
  Maximum CPU time: 0 out of 10000
  Maximum heap size: 0 out of 6000000
  Number of callouts: 0 out of 100
  Number of Email Invocations: 0 out of 10
  Number of future calls: 2 out of 50
  Number of queueable jobs added to the queue: 0 out of 50
  Number of Mobile Apex push calls: 0 out of 10

15:10:27.806 (806653423)|CUMULATIVE_LIMIT_USAGE_END

15:10:27.0 (807730350)|CODE_UNIT_FINISHED|LocationTrigger on Location trigger event AfterInsert for [a0B9E000000VXnc]
15:10:27.0 (808365859)|DML_END|[123]
15:10:27.0 (808382912)|SYSTEM_MODE_EXIT|false
15:10:27.0 (808594577)|SYSTEM_MODE_ENTER|false
15:10:27.0 (808599251)|SYSTEM_MODE_EXIT|false
15:10:27.0 (808664566)|SYSTEM_MODE_ENTER|false
15:10:27.0 (809028196)|SYSTEM_MODE_EXIT|false
15:10:27.0 (809058470)|SYSTEM_MODE_ENTER|false
15:10:27.0 (809192608)|SYSTEM_MODE_EXIT|false
15:10:27.0 (809216747)|SYSTEM_MODE_ENTER|false
15:10:27.0 (809758116)|SOQL_EXECUTE_BEGIN|[274]|Aggregations:0|SELECT Activity_Description__c, Box_Number__c, CreatedById, CreatedDate, IsDeleted, Depth__c, M2_Height__c, Hub_Building_Site__c, LastActivityDate, LastModifiedById, LastModifiedDate, Level__c, Name, Max_Weight_p_m2__c, OwnerId, Pallet_Place__c, Id, RecordTypeId, SF_ID__c, Section__c, Shelving_Subdivision__c, SystemModstamp, Warehouse__c, Width__c FROM Location__c WHERE (RecordType.Name = 'Gate' AND Hub_Building_Site__c = :tmpVar1)
15:10:27.0 (812995372)|SOQL_EXECUTE_END|[274]|Rows:1
15:10:27.0 (813158666)|SYSTEM_MODE_EXIT|false
15:10:27.0 (813200659)|SYSTEM_MODE_ENTER|false
15:10:27.0 (813598228)|SOQL_EXECUTE_BEGIN|[294]|Aggregations:0|SELECT City__c, CreatedById, CreatedDate, IsDeleted, Description_Hub__c, Name, LastActivityDate, LastModifiedById, LastModifiedDate, OwnerId, Postalcode__c, Id, RecordTypeId, SF_ID__c, Street__c, SystemModstamp FROM Hub_Building_Site__c WHERE RecordType.Name = 'Building Site'
15:10:27.0 (817061941)|SOQL_EXECUTE_END|[294]|Rows:1
15:10:27.0 (817277360)|SYSTEM_MODE_EXIT|false
15:10:27.0 (817307316)|SYSTEM_MODE_ENTER|false
15:10:27.0 (817791546)|SOQL_EXECUTE_BEGIN|[221]|Aggregations:0|SELECT Activity_Description__c, Box_Number__c, CreatedById, CreatedDate, IsDeleted, Depth__c, M2_Height__c, Hub_Building_Site__c, LastActivityDate, LastModifiedById, LastModifiedDate, Level__c, Name, Max_Weight_p_m2__c, OwnerId, Pallet_Place__c, Id, RecordTypeId, SF_ID__c, Section__c, Shelving_Subdivision__c, SystemModstamp, Warehouse__c, Width__c FROM Location__c WHERE (RecordType.Name = 'Site Location' AND Hub_Building_Site__c = :tmpVar1)
15:10:27.0 (820544843)|SOQL_EXECUTE_END|[221]|Rows:0
15:10:27.0 (820656539)|SYSTEM_MODE_EXIT|false
15:10:27.0 (820687035)|SYSTEM_MODE_ENTER|false
15:10:27.0 (821152060)|SOQL_EXECUTE_BEGIN|[312]|Aggregations:0|SELECT Activity_Description__c, Box_Number__c, CreatedById, CreatedDate, IsDeleted, Depth__c, M2_Height__c, Hub_Building_Site__c, LastActivityDate, LastModifiedById, LastModifiedDate, Level__c, Name, Max_Weight_p_m2__c, OwnerId, Pallet_Place__c, Id, RecordTypeId, SF_ID__c, Section__c, Shelving_Subdivision__c, SystemModstamp, Warehouse__c, Width__c FROM Location__c WHERE (RecordType.Name = 'Vertical Transport' AND Hub_Building_Site__c = :tmpVar1)
15:10:27.0 (824089289)|SOQL_EXECUTE_END|[312]|Rows:1
15:10:27.0 (824306207)|SYSTEM_MODE_EXIT|false
15:10:27.0 (824335832)|SYSTEM_MODE_ENTER|false
15:10:27.0 (824570127)|SOQL_EXECUTE_BEGIN|[242]|Aggregations:0|SELECT Project__c FROM Hub_Building_Site__c WHERE id = :tmpVar1
15:10:27.0 (827313756)|SOQL_EXECUTE_END|[242]|Rows:0
15:10:27.0 (827391758)|SYSTEM_MODE_EXIT|false
15:10:27.0 (827496418)|FATAL_ERROR|System.QueryException: List has no rows for assignment to SObject

Class.CreateTicketExtension.getManagers: line 242, column 1
Class.CreateTicketAndCallendarTest.test_createTicket: line 27, column 1
15:10:27.0 (827502987)|FATAL_ERROR|System.QueryException: List has no rows for assignment to SObject

Class.CreateTicketExtension.getManagers: line 242, column 1
Class.CreateTicketAndCallendarTest.test_createTicket: line 27, column 1
15:10:27.827 (827508052)|CUMULATIVE_LIMIT_USAGE
15:10:27.827 (827508052)|LIMIT_USAGE_FOR_NS|(default)|
  Number of SOQL queries: 35 out of 100
  Number of query rows: 22 out of 50000
  Number of SOSL queries: 0 out of 20
  Number of DML statements: 13 out of 150
  Number of DML rows: 21 out of 10000
  Maximum CPU time: 0 out of 10000
  Maximum heap size: 0 out of 6000000
  Number of callouts: 0 out of 100
  Number of Email Invocations: 0 out of 10
  Number of future calls: 2 out of 50
  Number of queueable jobs added to the queue: 0 out of 50
  Number of Mobile Apex push calls: 0 out of 10

15:10:27.827 (827508052)|CUMULATIVE_LIMIT_USAGE_END

15:10:27.0 (827538098)|CODE_UNIT_FINISHED|CreateTicketAndCallendarTest.test_createTicket
15:10:27.0 (828671091)|EXECUTION_FINISHED
