38.0 APEX_CODE,FINEST;APEX_PROFILING,INFO;CALLOUT,INFO;DB,INFO;SYSTEM,DEBUG;VALIDATION,INFO;VISUALFORCE,INFO;WAVE,INFO;WORKFLOW,INFO
17:01:17.0 (263554)|USER_INFO|[EXTERNAL]|00524000001e3Uj|bedrijfsbureau@gsa.nl.sandbox|Midden-Europese standaardtijd|GMT+01:00
17:01:17.0 (286440)|EXECUTION_STARTED
17:01:17.0 (289983)|CODE_UNIT_STARTED|[EXTERNAL]|TRIGGERS
17:01:17.0 (1001330)|CODE_UNIT_STARTED|[EXTERNAL]|01q2400000133Bx|WWWDetailTrigger on WWW_Detail trigger event BeforeDelete for [a0s0E0000004KQ9]
17:01:17.0 (1056793)|HEAP_ALLOCATE|[EXTERNAL]|Bytes:8
17:01:17.0 (1471728)|HEAP_ALLOCATE|[72]|Bytes:3
17:01:17.0 (1512077)|HEAP_ALLOCATE|[77]|Bytes:152
17:01:17.0 (1526566)|HEAP_ALLOCATE|[342]|Bytes:408
17:01:17.0 (1541456)|HEAP_ALLOCATE|[355]|Bytes:408
17:01:17.0 (1555295)|HEAP_ALLOCATE|[467]|Bytes:48
17:01:17.0 (1580258)|HEAP_ALLOCATE|[139]|Bytes:6
17:01:17.0 (1601528)|HEAP_ALLOCATE|[EXTERNAL]|Bytes:4
17:01:17.0 (1606347)|VARIABLE_SCOPE_BEGIN|[1]|this|WWWDetailTrigger|true|false
17:01:17.0 (1639431)|VARIABLE_ASSIGNMENT|[1]|this|{}|0x91e69c1
17:01:17.0 (1672957)|HEAP_ALLOCATE|[EXTERNAL]|Bytes:4
17:01:17.0 (1676973)|VARIABLE_SCOPE_BEGIN|[1]|this|WWWDetailTrigger|true|false
17:01:17.0 (1683098)|VARIABLE_ASSIGNMENT|[1]|this|{}|0x91e69c1
17:01:17.0 (1687732)|STATEMENT_EXECUTE|[1]
17:01:17.0 (1689183)|STATEMENT_EXECUTE|[3]
17:01:17.0 (4423977)|HEAP_ALLOCATE|[3]|Bytes:2
17:01:17.0 (4453845)|METHOD_ENTRY|[1]|01p2400000Cr9rX|TriggerParams.TriggerParams()
17:01:17.0 (4457044)|STATEMENT_EXECUTE|[1]
17:01:17.0 (4459914)|STATEMENT_EXECUTE|[1]
17:01:17.0 (4491772)|HEAP_ALLOCATE|[50]|Bytes:5
17:01:17.0 (4514483)|HEAP_ALLOCATE|[56]|Bytes:5
17:01:17.0 (4521110)|HEAP_ALLOCATE|[64]|Bytes:7
17:01:17.0 (4543535)|HEAP_ALLOCATE|[3]|Bytes:5
17:01:17.0 (4552353)|METHOD_EXIT|[1]|TriggerParams
17:01:17.0 (4556698)|HEAP_ALLOCATE|[3]|Bytes:44
17:01:17.0 (4738646)|CONSTRUCTOR_ENTRY|[3]|01p2400000Cr9rX|<init>(Boolean,Boolean,Boolean,Boolean,Boolean,Boolean,List<SObject>,List<SObject>,Map<Id,SObject>,Map<Id,SObject>)
17:01:17.0 (4763666)|VARIABLE_SCOPE_BEGIN|[13]|this|TriggerParams|true|false
17:01:17.0 (4785763)|VARIABLE_ASSIGNMENT|[13]|this|{}|0x484a77c6
17:01:17.0 (4790173)|VARIABLE_SCOPE_BEGIN|[13]|isBefore|Boolean|false|false
17:01:17.0 (4795475)|VARIABLE_ASSIGNMENT|[13]|isBefore|true
17:01:17.0 (4797697)|VARIABLE_SCOPE_BEGIN|[13]|isAfter|Boolean|false|false
17:01:17.0 (4799794)|VARIABLE_ASSIGNMENT|[13]|isAfter|false
17:01:17.0 (4801586)|VARIABLE_SCOPE_BEGIN|[13]|isInsert|Boolean|false|false
17:01:17.0 (4803619)|VARIABLE_ASSIGNMENT|[13]|isInsert|false
17:01:17.0 (4805481)|VARIABLE_SCOPE_BEGIN|[13]|isUpdate|Boolean|false|false
17:01:17.0 (4807263)|VARIABLE_ASSIGNMENT|[13]|isUpdate|false
17:01:17.0 (4808886)|VARIABLE_SCOPE_BEGIN|[13]|isDelete|Boolean|false|false
17:01:17.0 (4810701)|VARIABLE_ASSIGNMENT|[13]|isDelete|true
17:01:17.0 (4812619)|VARIABLE_SCOPE_BEGIN|[13]|isUndelete|Boolean|false|false
17:01:17.0 (4815291)|VARIABLE_ASSIGNMENT|[13]|isUndelete|false
17:01:17.0 (4817014)|VARIABLE_SCOPE_BEGIN|[13]|triggerNew|List<SObject>|true|false
17:01:17.0 (4820202)|VARIABLE_ASSIGNMENT|[13]|triggerNew|null|
17:01:17.0 (4821769)|VARIABLE_SCOPE_BEGIN|[13]|triggerOld|List<SObject>|true|false
17:01:17.0 (25255303)|VARIABLE_ASSIGNMENT|[13]|triggerOld|[{"LastModifiedDate":"2017-02-16T15:58:11.000Z","Square_Meters__c":0,"WWW__c":"a0t0E0000004UUSQA2","Building_Company_Pos (10 more) ...":"WWW__r.Project__r.Ac (27 more) ...","Building_Company_Str (6 more) ...":"WWW__r.Project__r.Ac (23 more) ...","Project_leider__c":"Bas Brandenburg","Project__c":"a0q0E0000008ahlQAA","Name":"WWW-D-10121","Arrival_Truck_On_Pro (7 more) ...":"2017-02-17T07:30:00.000Z","Weight__c":0.00,"Number_Of_Units_Per_ (10 more) ...":0.00,"Projectmember_Compan (4 more) ...":"Projectmember__r.Con (20 more) ...","OwnerId":"00524000001e3UjAAI","CreatedById":"00524000001e3UjAAI","RecordTypeId":"01224000000Sn4NAAS","Location__c":"a0B0E0000009YBFUA2","Number_Of_Items__c":10,"IsDeleted":false,"Projectmember_Name__ (1 more) ...":" ","Kind_Of_Packages__c":"Stuks","Project_Number__c":"TEST2","Breakable__c":"Yes","Compleet_klaargezet_ (2 more) ...":"Nee","Foto__c":false,"SystemModstamp":"2017-02-16T15:58:11.000Z","Transporter_Contact_ (8 more) ...":"Phone:  Mobile: ","Projectmember_Phone_ (2 more) ...":"Phone:  Mobile: ","Sizes__c":"L:  x W:  x H: ","CreatedDate":"2017-02-16T15:58:11.000Z","Id":"a0s0E0000004KQ9QAM","Projectbeschrijving_ (2 more) ...":"TEST2","Building_Company_Cit (4 more) ...":"WWW__r.Project__r.Ac (21 more) ...","Building_Company__c":"AAS","Item_Name__c":"Detector t.b.v. vloe (8 more) ...","LastModifiedById":"00524000001e3UjAAI"}]|0x6d63d063
17:01:17.0 (25276609)|VARIABLE_SCOPE_BEGIN|[13]|newMap|Map<Id,SObject>|true|false
17:01:17.0 (25284031)|VARIABLE_ASSIGNMENT|[13]|newMap|null|
17:01:17.0 (25286292)|VARIABLE_SCOPE_BEGIN|[13]|oldMap|Map<Id,SObject>|true|false
17:01:17.0 (26241860)|VARIABLE_ASSIGNMENT|[13]|oldMap|{"a0s0E0000004KQ9QAM":{"LastModifiedDate":"2017-02-16T15:58:11.000Z","Square_Meters__c":0,"WWW__c":"a0t0E0000004UUSQA2","Building_Company_Pos (10 more) ...":"WWW__r.Project__r.Ac (27 more) ...","Building_Company_Str (6 more) ...":"WWW__r.Project__r.Ac (23 more) ...","Project_leider__c":"Bas Brandenburg","Project__c":"a0q0E0000008ahlQAA","Name":"WWW-D-10121","Arrival_Truck_On_Pro (7 more) ...":"2017-02-17T07:30:00.000Z","Weight__c":0.00,"Number_Of_Units_Per_ (10 more) ...":0.00,"Projectmember_Compan (4 more) ...":"Projectmember__r.Con (20 more) ...","OwnerId":"00524000001e3UjAAI","CreatedById":"00524000001e3UjAAI","RecordTypeId":"01224000000Sn4NAAS","Location__c":"a0B0E0000009YBFUA2","Number_Of_Items__c":10,"IsDeleted":false,"Projectmember_Name__ (1 more) ...":" ","Kind_Of_Packages__c":"Stuks","Project_Number__c":"TEST2","Breakable__c":"Yes","Compleet_klaargezet_ (2 more) ...":"Nee","Foto__c":false,"SystemModstamp":"2017-02-16T15:58:11.000Z","Transporter_Contact_ (8 more) ...":"Phone:  Mobile: ","Projectmember_Phone_ (2 more) ...":"Phone:  Mobile: ","Sizes__c":"L:  x W:  x H: ","CreatedDate":"2017-02-16T15:58:11.000Z","Id":"a0s0E0000004KQ9QAM","Projectbeschrijving_ (2 more) ...":"TEST2","Building_Company_Cit (4 more) ...":"WWW__r.Project__r.Ac (21 more) ...","Building_Company__c":"AAS","Item_Name__c":"Detector t.b.v. vloe (8 more) ...","LastModifiedById":"00524000001e3UjAAI"}}|0x761a275f
17:01:17.0 (26265179)|HEAP_ALLOCATE|[16]|Bytes:5
17:01:17.0 (26274065)|STATEMENT_EXECUTE|[1]
17:01:17.0 (26276675)|HEAP_ALLOCATE|[16]|Bytes:5
17:01:17.0 (26278323)|STATEMENT_EXECUTE|[2]
17:01:17.0 (26279640)|STATEMENT_EXECUTE|[3]
17:01:17.0 (26280670)|STATEMENT_EXECUTE|[4]
17:01:17.0 (26281891)|STATEMENT_EXECUTE|[5]
17:01:17.0 (26283030)|STATEMENT_EXECUTE|[6]
17:01:17.0 (26284325)|STATEMENT_EXECUTE|[7]
17:01:17.0 (26285432)|STATEMENT_EXECUTE|[8]
17:01:17.0 (26286687)|STATEMENT_EXECUTE|[9]
17:01:17.0 (26287634)|STATEMENT_EXECUTE|[10]
17:01:17.0 (26288651)|STATEMENT_EXECUTE|[11]
17:01:17.0 (26305750)|HEAP_ALLOCATE|[16]|Bytes:6
17:01:17.0 (26342217)|STATEMENT_EXECUTE|[15]
17:01:17.0 (26343540)|STATEMENT_EXECUTE|[16]
17:01:17.0 (26347556)|HEAP_ALLOCATE|[16]|Bytes:5
17:01:17.0 (26358588)|VARIABLE_ASSIGNMENT|[16]|this.isBefore|true|0x484a77c6
17:01:17.0 (26360552)|STATEMENT_EXECUTE|[17]
17:01:17.0 (26362674)|HEAP_ALLOCATE|[17]|Bytes:5
17:01:17.0 (26365817)|VARIABLE_ASSIGNMENT|[17]|this.isAfter|false|0x484a77c6
17:01:17.0 (26367519)|STATEMENT_EXECUTE|[18]
17:01:17.0 (26369402)|HEAP_ALLOCATE|[18]|Bytes:5
17:01:17.0 (26373159)|VARIABLE_ASSIGNMENT|[18]|this.isInsert|false|0x484a77c6
17:01:17.0 (26374735)|STATEMENT_EXECUTE|[19]
17:01:17.0 (26380492)|HEAP_ALLOCATE|[19]|Bytes:5
17:01:17.0 (26384351)|VARIABLE_ASSIGNMENT|[19]|this.isUpdate|false|0x484a77c6
17:01:17.0 (26385651)|STATEMENT_EXECUTE|[20]
17:01:17.0 (26387667)|HEAP_ALLOCATE|[20]|Bytes:5
17:01:17.0 (26390293)|VARIABLE_ASSIGNMENT|[20]|this.isDelete|true|0x484a77c6
17:01:17.0 (26391634)|STATEMENT_EXECUTE|[21]
17:01:17.0 (26393410)|HEAP_ALLOCATE|[21]|Bytes:5
17:01:17.0 (26396202)|VARIABLE_ASSIGNMENT|[21]|this.isUndelete|false|0x484a77c6
17:01:17.0 (26397712)|STATEMENT_EXECUTE|[22]
17:01:17.0 (26402037)|VARIABLE_ASSIGNMENT|[22]|this.triggerNew|null|0x484a77c6
17:01:17.0 (26403444)|STATEMENT_EXECUTE|[23]
17:01:17.0 (27311768)|VARIABLE_ASSIGNMENT|[23]|this.triggerOld|[{"LastModifiedDate":"2017-02-16T15:58:11.000Z","Square_Meters__c":0,"WWW__c":"a0t0E0000004UUSQA2","Building_Company_Pos (10 more) ...":"WWW__r.Project__r.Ac (27 more) ...","Building_Company_Str (6 more) ...":"WWW__r.Project__r.Ac (23 more) ...","Project_leider__c":"Bas Brandenburg","Project__c":"a0q0E0000008ahlQAA","Name":"WWW-D-10121","Arrival_Truck_On_Pro (7 more) ...":"2017-02-17T07:30:00.000Z","Weight__c":0.00,"Number_Of_Units_Per_ (10 more) ...":0.00,"Projectmember_Compan (4 more) ...":"Projectmember__r.Con (20 more) ...","OwnerId":"00524000001e3UjAAI","CreatedById":"00524000001e3UjAAI","RecordTypeId":"01224000000Sn4NAAS","Location__c":"a0B0E0000009YBFUA2","Number_Of_Items__c":10,"IsDeleted":false,"Projectmember_Name__ (1 more) ...":" ","Kind_Of_Packages__c":"Stuks","Project_Number__c":"TEST2","Breakable__c":"Yes","Compleet_klaargezet_ (2 more) ...":"Nee","Foto__c":false,"SystemModstamp":"2017-02-16T15:58:11.000Z","Transporter_Contact_ (8 more) ...":"Phone:  Mobile: ","Projectmember_Phone_ (2 more) ...":"Phone:  Mobile: ","Sizes__c":"L:  x W:  x H: ","CreatedDate":"2017-02-16T15:58:11.000Z","Id":"a0s0E0000004KQ9QAM","Projectbeschrijving_ (2 more) ...":"TEST2","Building_Company_Cit (4 more) ...":"WWW__r.Project__r.Ac (21 more) ...","Building_Company__c":"AAS","Item_Name__c":"Detector t.b.v. vloe (8 more) ...","LastModifiedById":"00524000001e3UjAAI"}]|0x484a77c6
17:01:17.0 (27322379)|STATEMENT_EXECUTE|[24]
17:01:17.0 (27332094)|VARIABLE_ASSIGNMENT|[24]|this.newMap|null|0x484a77c6
17:01:17.0 (27333915)|STATEMENT_EXECUTE|[25]
17:01:17.0 (28256817)|VARIABLE_ASSIGNMENT|[25]|this.oldMap|{"a0s0E0000004KQ9QAM":{"LastModifiedDate":"2017-02-16T15:58:11.000Z","Square_Meters__c":0,"WWW__c":"a0t0E0000004UUSQA2","Building_Company_Pos (10 more) ...":"WWW__r.Project__r.Ac (27 more) ...","Building_Company_Str (6 more) ...":"WWW__r.Project__r.Ac (23 more) ...","Project_leider__c":"Bas Brandenburg","Project__c":"a0q0E0000008ahlQAA","Name":"WWW-D-10121","Arrival_Truck_On_Pro (7 more) ...":"2017-02-17T07:30:00.000Z","Weight__c":0.00,"Number_Of_Units_Per_ (10 more) ...":0.00,"Projectmember_Compan (4 more) ...":"Projectmember__r.Con (20 more) ...","OwnerId":"00524000001e3UjAAI","CreatedById":"00524000001e3UjAAI","RecordTypeId":"01224000000Sn4NAAS","Location__c":"a0B0E0000009YBFUA2","Number_Of_Items__c":10,"IsDeleted":false,"Projectmember_Name__ (1 more) ...":" ","Kind_Of_Packages__c":"Stuks","Project_Number__c":"TEST2","Breakable__c":"Yes","Compleet_klaargezet_ (2 more) ...":"Nee","Foto__c":false,"SystemModstamp":"2017-02-16T15:58:11.000Z","Transporter_Contact_ (8 more) ...":"Phone:  Mobile: ","Projectmember_Phone_ (2 more) ...":"Phone:  Mobile: ","Sizes__c":"L:  x W:  x H: ","CreatedDate":"2017-02-16T15:58:11.000Z","Id":"a0s0E0000004KQ9QAM","Projectbeschrijving_ (2 more) ...":"TEST2","Building_Company_Cit (4 more) ...":"WWW__r.Project__r.Ac (21 more) ...","Building_Company__c":"AAS","Item_Name__c":"Detector t.b.v. vloe (8 more) ...","LastModifiedById":"00524000001e3UjAAI"}}|0x484a77c6
17:01:17.0 (28300361)|CONSTRUCTOR_EXIT|[3]|01p2400000Cr9rX|<init>(Boolean,Boolean,Boolean,Boolean,Boolean,Boolean,List<SObject>,List<SObject>,Map<Id,SObject>,Map<Id,SObject>)
17:01:17.0 (30924633)|VARIABLE_SCOPE_BEGIN|[2]|WWWDetailUtil.subLocDet|List<SublocationDetail__c>|true|true
17:01:17.0 (30939624)|HEAP_ALLOCATE|[3]|Bytes:16
17:01:17.0 (30944587)|HEAP_ALLOCATE|[3]|Bytes:61
17:01:17.0 (31018813)|METHOD_ENTRY|[1]|01p2400000DV2tl|WWWDetailUtil.WWWDetailUtil()
17:01:17.0 (31023154)|STATEMENT_EXECUTE|[1]
17:01:17.0 (31026444)|STATEMENT_EXECUTE|[1]
17:01:17.0 (31027464)|STATEMENT_EXECUTE|[2]
17:01:17.0 (31034434)|HEAP_ALLOCATE|[2]|Bytes:4
17:01:17.0 (31114531)|HEAP_ALLOCATE|[EXTERNAL]|Bytes:4
17:01:17.0 (31125911)|VARIABLE_ASSIGNMENT|[2]|WWWDetailUtil.subLocDet|[]|0x310e31c9
17:01:17.0 (31132061)|METHOD_EXIT|[1]|WWWDetailUtil
17:01:17.0 (31145365)|METHOD_ENTRY|[3]|01p2400000DV2tl|WWWDetailUtil.entry(TriggerParams)
17:01:17.0 (31150149)|VARIABLE_SCOPE_BEGIN|[4]|triggerParams|TriggerParams|true|false
17:01:17.0 (31183384)|VARIABLE_ASSIGNMENT|[4]|triggerParams|{"isAfter":false,"isBefore":true,"isDelete":true,"isInsert":false,"isUndelete":false,"isUpdate":false,"oldMap":"0x761a275f","triggerOld":"0x6d63d063"}|0x484a77c6
17:01:17.0 (31190216)|STATEMENT_EXECUTE|[4]
17:01:17.0 (31191487)|STATEMENT_EXECUTE|[5]
17:01:17.0 (31198859)|VARIABLE_SCOPE_BEGIN|[5]|triggerNew|List<WWW_Detail__c>|true|false
17:01:17.0 (31203369)|VARIABLE_ASSIGNMENT|[5]|triggerNew|null|
17:01:17.0 (31204891)|STATEMENT_EXECUTE|[6]
17:01:17.0 (31208816)|VARIABLE_SCOPE_BEGIN|[6]|triggerOld|List<WWW_Detail__c>|true|false
17:01:17.0 (32284355)|VARIABLE_ASSIGNMENT|[6]|triggerOld|[{"LastModifiedDate":"2017-02-16T15:58:11.000Z","Square_Meters__c":0,"WWW__c":"a0t0E0000004UUSQA2","Building_Company_Pos (10 more) ...":"WWW__r.Project__r.Ac (27 more) ...","Building_Company_Str (6 more) ...":"WWW__r.Project__r.Ac (23 more) ...","Project_leider__c":"Bas Brandenburg","Project__c":"a0q0E0000008ahlQAA","Name":"WWW-D-10121","Arrival_Truck_On_Pro (7 more) ...":"2017-02-17T07:30:00.000Z","Weight__c":0.00,"Number_Of_Units_Per_ (10 more) ...":0.00,"Projectmember_Compan (4 more) ...":"Projectmember__r.Con (20 more) ...","OwnerId":"00524000001e3UjAAI","CreatedById":"00524000001e3UjAAI","RecordTypeId":"01224000000Sn4NAAS","Location__c":"a0B0E0000009YBFUA2","Number_Of_Items__c":10,"IsDeleted":false,"Projectmember_Name__ (1 more) ...":" ","Kind_Of_Packages__c":"Stuks","Project_Number__c":"TEST2","Breakable__c":"Yes","Compleet_klaargezet_ (2 more) ...":"Nee","Foto__c":false,"SystemModstamp":"2017-02-16T15:58:11.000Z","Transporter_Contact_ (8 more) ...":"Phone:  Mobile: ","Projectmember_Phone_ (2 more) ...":"Phone:  Mobile: ","Sizes__c":"L:  x W:  x H: ","CreatedDate":"2017-02-16T15:58:11.000Z","Id":"a0s0E0000004KQ9QAM","Projectbeschrijving_ (2 more) ...":"TEST2","Building_Company_Cit (4 more) ...":"WWW__r.Project__r.Ac (21 more) ...","Building_Company__c":"AAS","Item_Name__c":"Detector t.b.v. vloe (8 more) ...","LastModifiedById":"00524000001e3UjAAI"}]|0x6d63d063
17:01:17.0 (32299016)|STATEMENT_EXECUTE|[7]
17:01:17.0 (32310564)|VARIABLE_SCOPE_BEGIN|[7]|oldMap|Map<Id,WWW_Detail__c>|true|false
17:01:17.0 (33251303)|VARIABLE_ASSIGNMENT|[7]|oldMap|{"a0s0E0000004KQ9QAM":{"LastModifiedDate":"2017-02-16T15:58:11.000Z","Square_Meters__c":0,"WWW__c":"a0t0E0000004UUSQA2","Building_Company_Pos (10 more) ...":"WWW__r.Project__r.Ac (27 more) ...","Building_Company_Str (6 more) ...":"WWW__r.Project__r.Ac (23 more) ...","Project_leider__c":"Bas Brandenburg","Project__c":"a0q0E0000008ahlQAA","Name":"WWW-D-10121","Arrival_Truck_On_Pro (7 more) ...":"2017-02-17T07:30:00.000Z","Weight__c":0.00,"Number_Of_Units_Per_ (10 more) ...":0.00,"Projectmember_Compan (4 more) ...":"Projectmember__r.Con (20 more) ...","OwnerId":"00524000001e3UjAAI","CreatedById":"00524000001e3UjAAI","RecordTypeId":"01224000000Sn4NAAS","Location__c":"a0B0E0000009YBFUA2","Number_Of_Items__c":10,"IsDeleted":false,"Projectmember_Name__ (1 more) ...":" ","Kind_Of_Packages__c":"Stuks","Project_Number__c":"TEST2","Breakable__c":"Yes","Compleet_klaargezet_ (2 more) ...":"Nee","Foto__c":false,"SystemModstamp":"2017-02-16T15:58:11.000Z","Transporter_Contact_ (8 more) ...":"Phone:  Mobile: ","Projectmember_Phone_ (2 more) ...":"Phone:  Mobile: ","Sizes__c":"L:  x W:  x H: ","CreatedDate":"2017-02-16T15:58:11.000Z","Id":"a0s0E0000004KQ9QAM","Projectbeschrijving_ (2 more) ...":"TEST2","Building_Company_Cit (4 more) ...":"WWW__r.Project__r.Ac (21 more) ...","Building_Company__c":"AAS","Item_Name__c":"Detector t.b.v. vloe (8 more) ...","LastModifiedById":"00524000001e3UjAAI"}}|0x761a275f
17:01:17.0 (33261760)|STATEMENT_EXECUTE|[8]
17:01:17.0 (33268473)|VARIABLE_SCOPE_BEGIN|[8]|newMap|Map<Id,WWW_Detail__c>|true|false
17:01:17.0 (33273983)|VARIABLE_ASSIGNMENT|[8]|newMap|null|
17:01:17.0 (33278718)|STATEMENT_EXECUTE|[11]
17:01:17.0 (33283326)|STATEMENT_EXECUTE|[12]
17:01:17.0 (33285071)|STATEMENT_EXECUTE|[16]
17:01:17.0 (33286032)|STATEMENT_EXECUTE|[17]
17:01:17.0 (33291035)|HEAP_ALLOCATE|[17]|Bytes:4
17:01:17.0 (33345491)|METHOD_ENTRY|[17]|01p2400000DV2tl|WWWDetailUtil.calculateRollupSum(List<WWW_Detail__c>, List<WWW_Detail__c>, TriggerParams)
17:01:17.0 (33351664)|VARIABLE_SCOPE_BEGIN|[44]|newDetails|List<WWW_Detail__c>|true|false
17:01:17.0 (33357169)|HEAP_ALLOCATE|[EXTERNAL]|Bytes:4
17:01:17.0 (33363377)|VARIABLE_ASSIGNMENT|[44]|newDetails|[]|0x44829d65
17:01:17.0 (33365174)|VARIABLE_SCOPE_BEGIN|[44]|oldDetails|List<WWW_Detail__c>|true|false
17:01:17.0 (34335339)|VARIABLE_ASSIGNMENT|[44]|oldDetails|[{"LastModifiedDate":"2017-02-16T15:58:11.000Z","Square_Meters__c":0,"WWW__c":"a0t0E0000004UUSQA2","Building_Company_Pos (10 more) ...":"WWW__r.Project__r.Ac (27 more) ...","Building_Company_Str (6 more) ...":"WWW__r.Project__r.Ac (23 more) ...","Project_leider__c":"Bas Brandenburg","Project__c":"a0q0E0000008ahlQAA","Name":"WWW-D-10121","Arrival_Truck_On_Pro (7 more) ...":"2017-02-17T07:30:00.000Z","Weight__c":0.00,"Number_Of_Units_Per_ (10 more) ...":0.00,"Projectmember_Compan (4 more) ...":"Projectmember__r.Con (20 more) ...","OwnerId":"00524000001e3UjAAI","CreatedById":"00524000001e3UjAAI","RecordTypeId":"01224000000Sn4NAAS","Location__c":"a0B0E0000009YBFUA2","Number_Of_Items__c":10,"IsDeleted":false,"Projectmember_Name__ (1 more) ...":" ","Kind_Of_Packages__c":"Stuks","Project_Number__c":"TEST2","Breakable__c":"Yes","Compleet_klaargezet_ (2 more) ...":"Nee","Foto__c":false,"SystemModstamp":"2017-02-16T15:58:11.000Z","Transporter_Contact_ (8 more) ...":"Phone:  Mobile: ","Projectmember_Phone_ (2 more) ...":"Phone:  Mobile: ","Sizes__c":"L:  x W:  x H: ","CreatedDate":"2017-02-16T15:58:11.000Z","Id":"a0s0E0000004KQ9QAM","Projectbeschrijving_ (2 more) ...":"TEST2","Building_Company_Cit (4 more) ...":"WWW__r.Project__r.Ac (21 more) ...","Building_Company__c":"AAS","Item_Name__c":"Detector t.b.v. vloe (8 more) ...","LastModifiedById":"00524000001e3UjAAI"}]|0x6d63d063
17:01:17.0 (34346490)|VARIABLE_SCOPE_BEGIN|[44]|triggerParams|TriggerParams|true|false
17:01:17.0 (34370788)|VARIABLE_ASSIGNMENT|[44]|triggerParams|{"isAfter":false,"isBefore":true,"isDelete":true,"isInsert":false,"isUndelete":false,"isUpdate":false,"oldMap":"0x761a275f","triggerOld":"0x6d63d063"}|0x484a77c6
17:01:17.0 (34376911)|STATEMENT_EXECUTE|[44]
17:01:17.0 (34378467)|STATEMENT_EXECUTE|[45]
17:01:17.0 (34435040)|HEAP_ALLOCATE|[45]|Bytes:4
17:01:17.0 (34442031)|HEAP_ALLOCATE|[45]|Bytes:76
17:01:17.0 (34446833)|HEAP_ALLOCATE|[45]|Bytes:4
17:01:17.0 (34699368)|SOQL_EXECUTE_BEGIN|[45]|Aggregations:0|SELECT Id, developerName FROM RecordType WHERE sObjectType = 'WWW_detail__c'
17:01:17.0 (45822968)|SOQL_EXECUTE_END|[45]|Rows:5
17:01:17.0 (45841936)|HEAP_ALLOCATE|[45]|Bytes:24
17:01:17.0 (45863833)|HEAP_ALLOCATE|[45]|Bytes:287
17:01:17.0 (45916764)|HEAP_ALLOCATE|[45]|Bytes:24
17:01:17.0 (45973299)|HEAP_ALLOCATE|[45]|Bytes:12
17:01:17.0 (45981968)|HEAP_ALLOCATE|[45]|Bytes:4
17:01:17.0 (45988866)|HEAP_ALLOCATE|[45]|Bytes:12
17:01:17.0 (45992020)|HEAP_ALLOCATE|[45]|Bytes:4
17:01:17.0 (45995944)|HEAP_ALLOCATE|[45]|Bytes:12
17:01:17.0 (45998702)|HEAP_ALLOCATE|[45]|Bytes:4
17:01:17.0 (46002140)|HEAP_ALLOCATE|[45]|Bytes:12
17:01:17.0 (46005595)|HEAP_ALLOCATE|[45]|Bytes:4
17:01:17.0 (46009016)|HEAP_ALLOCATE|[45]|Bytes:12
17:01:17.0 (46011822)|HEAP_ALLOCATE|[45]|Bytes:4
17:01:17.0 (46018969)|VARIABLE_SCOPE_BEGIN|[45]|recordTypes|Map<Id,RecordType>|true|false
17:01:17.0 (46049102)|VARIABLE_ASSIGNMENT|[45]|recordTypes|{"01224000000Sn4NAAS":{"Id":"01224000000Sn4NAAS","DeveloperName":"Delivered_2_Project"},"01224000000Sn4OAAS":{"Id":"01224000000Sn4OAAS","DeveloperName":"Invoked"},"01224000000Sn4PAAS":{"Id":"01224000000Sn4PAAS","DeveloperName":"Rejected"},"01224000000Sn4MAAS":{"Id":"01224000000Sn4MAAS","DeveloperName":"Delivered_2_Hub"},"01224000000Sn4QAAS":{"Id":"01224000000Sn4QAAS","DeveloperName":"Reserved"}}|0x581e7097
17:01:17.0 (46053953)|STATEMENT_EXECUTE|[46]
17:01:17.0 (46064235)|HEAP_ALLOCATE|[46]|Bytes:4
17:01:17.0 (46094429)|VARIABLE_SCOPE_BEGIN|[46]|wwwIds|Set<Id>|true|false
17:01:17.0 (46120315)|VARIABLE_ASSIGNMENT|[46]|wwwIds|[]|0x628eb286
17:01:17.0 (46122833)|STATEMENT_EXECUTE|[47]
17:01:17.0 (46129491)|HEAP_ALLOCATE|[47]|Bytes:35
17:01:17.0 (46168945)|USER_DEBUG|[47]|DEBUG|*** - - IS ENTER calculateRollupSum
17:01:17.0 (46348970)|HEAP_ALLOCATE|[49]|Bytes:5
17:01:17.0 (46366509)|VARIABLE_ASSIGNMENT|[49]|detail|null|
17:01:17.0 (46369937)|STATEMENT_EXECUTE|[49]
17:01:17.0 (46372192)|STATEMENT_EXECUTE|[52]
17:01:17.0 (46393412)|HEAP_ALLOCATE|[53]|Bytes:5
17:01:17.0 (46409398)|VARIABLE_SCOPE_BEGIN|[53]|detail|WWW_Detail__c|true|false
17:01:17.0 (47395813)|VARIABLE_ASSIGNMENT|[53]|detail|{"LastModifiedDate":"2017-02-16T15:58:11.000Z","Square_Meters__c":0,"WWW__c":"a0t0E0000004UUSQA2","Building_Company_Pos (10 more) ...":"WWW__r.Project__r.Ac (27 more) ...","Building_Company_Str (6 more) ...":"WWW__r.Project__r.Ac (23 more) ...","Project_leider__c":"Bas Brandenburg","Project__c":"a0q0E0000008ahlQAA","Name":"WWW-D-10121","Arrival_Truck_On_Pro (7 more) ...":"2017-02-17T07:30:00.000Z","Weight__c":0.00,"Number_Of_Units_Per_ (10 more) ...":0.00,"Projectmember_Compan (4 more) ...":"Projectmember__r.Con (20 more) ...","OwnerId":"00524000001e3UjAAI","CreatedById":"00524000001e3UjAAI","RecordTypeId":"01224000000Sn4NAAS","Location__c":"a0B0E0000009YBFUA2","Number_Of_Items__c":10,"IsDeleted":false,"Projectmember_Name__ (1 more) ...":" ","Kind_Of_Packages__c":"Stuks","Project_Number__c":"TEST2","Breakable__c":"Yes","Compleet_klaargezet_ (2 more) ...":"Nee","Foto__c":false,"SystemModstamp":"2017-02-16T15:58:11.000Z","Transporter_Contact_ (8 more) ...":"Phone:  Mobile: ","Projectmember_Phone_ (2 more) ...":"Phone:  Mobile: ","Sizes__c":"L:  x W:  x H: ","CreatedDate":"2017-02-16T15:58:11.000Z","Id":"a0s0E0000004KQ9QAM","Projectbeschrijving_ (2 more) ...":"TEST2","Building_Company_Cit (4 more) ...":"WWW__r.Project__r.Ac (21 more) ...","Building_Company__c":"AAS","Item_Name__c":"Detector t.b.v. vloe (8 more) ...","LastModifiedById":"00524000001e3UjAAI"}|0x2a235e90
17:01:17.0 (47406968)|STATEMENT_EXECUTE|[53]
17:01:17.0 (47408569)|STATEMENT_EXECUTE|[54]
17:01:17.0 (47473623)|HEAP_ALLOCATE|[EXTERNAL]|Bytes:4
17:01:17.0 (47489932)|HEAP_ALLOCATE|[53]|Bytes:5
17:01:17.0 (47502323)|VARIABLE_ASSIGNMENT|[53]|detail|null|
17:01:17.0 (47505418)|STATEMENT_EXECUTE|[58]
17:01:17.0 (47551222)|HEAP_ALLOCATE|[58]|Bytes:4
17:01:17.0 (47556698)|HEAP_ALLOCATE|[58]|Bytes:303
17:01:17.0 (47560226)|HEAP_ALLOCATE|[58]|Bytes:4
17:01:17.0 (47566138)|HEAP_ALLOCATE|[58]|Bytes:7
17:01:17.0 (47590257)|HEAP_ALLOCATE|[58]|Bytes:8
17:01:17.0 (47594906)|HEAP_ALLOCATE|[58]|Bytes:8
17:01:17.0 (47919033)|SOQL_EXECUTE_BEGIN|[58]|Aggregations:0|SELECT Id, Toename_Aantal_palletplaatsen1__c, Total_Items_Invoked__c, Total_Items_Delivered_Hub__c, Total_Items_Delivered_Project__c, Total_Items_Rejected_Hub__c, Total_Items_Rejected_Project__c, Total_Items_Reserved__c, Totale_afname_aantal_palletplaatsen1__c, Total1__c FROM WWW__c WHERE id = :tmpVar1
17:01:17.0 (49664426)|SOQL_EXECUTE_END|[58]|Rows:1
17:01:17.0 (49678103)|HEAP_ALLOCATE|[58]|Bytes:8
17:01:17.0 (49694374)|HEAP_ALLOCATE|[58]|Bytes:633
17:01:17.0 (49726029)|HEAP_ALLOCATE|[58]|Bytes:8
17:01:17.0 (49765836)|HEAP_ALLOCATE|[58]|Bytes:44
17:01:17.0 (49773421)|HEAP_ALLOCATE|[58]|Bytes:4
17:01:17.0 (49780509)|VARIABLE_SCOPE_BEGIN|[58]|wwwById|Map<Id,WWW__c>|true|false
17:01:17.0 (49807873)|VARIABLE_ASSIGNMENT|[58]|wwwById|{"a0t0E0000004UUSQA2":{"Id":"a0t0E0000004UUSQA2","Toename_Aantal_palle (13 more) ...":0,"Total_Items_Invoked_ (2 more) ...":10,"Total_Items_Delivere (8 more) ...":10,"Total_Items_Delivere (12 more) ...":20,"Total_Items_Rejected (7 more) ...":0,"Total_Items_Rejected (11 more) ...":0,"Total_Items_Reserved (3 more) ...":0,"Totale_afname_aantal (19 more) ...":0,"Total1__c":0}}|0x91a046e
17:01:17.0 (49812385)|STATEMENT_EXECUTE|[63]
17:01:17.0 (49815515)|HEAP_ALLOCATE|[63]|Bytes:35
17:01:17.0 (49863879)|HEAP_ALLOCATE|[63]|Bytes:4
17:01:17.0 (49878308)|HEAP_ALLOCATE|[63]|Bytes:39
17:01:17.0 (49888549)|USER_DEBUG|[63]|DEBUG|*** - - triggerParams.isDelete - - true
17:01:17.0 (49895120)|STATEMENT_EXECUTE|[64]
17:01:17.0 (49920944)|HEAP_ALLOCATE|[65]|Bytes:5
17:01:17.0 (49934184)|VARIABLE_SCOPE_BEGIN|[65]|detail|WWW_Detail__c|true|false
17:01:17.0 (50903583)|VARIABLE_ASSIGNMENT|[65]|detail|{"LastModifiedDate":"2017-02-16T15:58:11.000Z","Square_Meters__c":0,"WWW__c":"a0t0E0000004UUSQA2","Building_Company_Pos (10 more) ...":"WWW__r.Project__r.Ac (27 more) ...","Building_Company_Str (6 more) ...":"WWW__r.Project__r.Ac (23 more) ...","Project_leider__c":"Bas Brandenburg","Project__c":"a0q0E0000008ahlQAA","Name":"WWW-D-10121","Arrival_Truck_On_Pro (7 more) ...":"2017-02-17T07:30:00.000Z","Weight__c":0.00,"Number_Of_Units_Per_ (10 more) ...":0.00,"Projectmember_Compan (4 more) ...":"Projectmember__r.Con (20 more) ...","OwnerId":"00524000001e3UjAAI","CreatedById":"00524000001e3UjAAI","RecordTypeId":"01224000000Sn4NAAS","Location__c":"a0B0E0000009YBFUA2","Number_Of_Items__c":10,"IsDeleted":false,"Projectmember_Name__ (1 more) ...":" ","Kind_Of_Packages__c":"Stuks","Project_Number__c":"TEST2","Breakable__c":"Yes","Compleet_klaargezet_ (2 more) ...":"Nee","Foto__c":false,"SystemModstamp":"2017-02-16T15:58:11.000Z","Transporter_Contact_ (8 more) ...":"Phone:  Mobile: ","Projectmember_Phone_ (2 more) ...":"Phone:  Mobile: ","Sizes__c":"L:  x W:  x H: ","CreatedDate":"2017-02-16T15:58:11.000Z","Id":"a0s0E0000004KQ9QAM","Projectbeschrijving_ (2 more) ...":"TEST2","Building_Company_Cit (4 more) ...":"WWW__r.Project__r.Ac (21 more) ...","Building_Company__c":"AAS","Item_Name__c":"Detector t.b.v. vloe (8 more) ...","LastModifiedById":"00524000001e3UjAAI"}|0x2a235e90
17:01:17.0 (50914871)|STATEMENT_EXECUTE|[65]
17:01:17.0 (50916683)|STATEMENT_EXECUTE|[66]
17:01:17.0 (50920231)|HEAP_ALLOCATE|[66]|Bytes:17
17:01:17.0 (50945090)|USER_DEBUG|[66]|DEBUG|*** - - IS DELETE
17:01:17.0 (50990010)|STATEMENT_EXECUTE|[67]
17:01:17.0 (51002766)|STATEMENT_EXECUTE|[69]
17:01:17.0 (51070515)|HEAP_ALLOCATE|[72]|Bytes:15
17:01:17.0 (51112118)|STATEMENT_EXECUTE|[72]
17:01:17.0 (51151779)|HEAP_ALLOCATE|[75]|Bytes:19
17:01:17.0 (51167213)|STATEMENT_EXECUTE|[75]
17:01:17.0 (51168528)|STATEMENT_EXECUTE|[76]
17:01:17.0 (51254003)|HEAP_ALLOCATE|[76]|Bytes:28
17:01:17.0 (51257537)|HEAP_ALLOCATE|[76]|Bytes:28
17:01:17.0 (51319642)|VARIABLE_ASSIGNMENT|[76]|this.Total_Items_Delivered_Project__c|10|0x738d5a31
17:01:17.0 (51359626)|HEAP_ALLOCATE|[78]|Bytes:7
17:01:17.0 (51370869)|STATEMENT_EXECUTE|[78]
17:01:17.0 (51395747)|HEAP_ALLOCATE|[81]|Bytes:8
17:01:17.0 (51402883)|STATEMENT_EXECUTE|[81]
17:01:17.0 (51427965)|STATEMENT_EXECUTE|[84]
17:01:17.0 (51449057)|HEAP_ALLOCATE|[87]|Bytes:8
17:01:17.0 (51455201)|STATEMENT_EXECUTE|[87]
17:01:17.0 (51472780)|STATEMENT_EXECUTE|[90]
17:01:17.0 (51479523)|STATEMENT_EXECUTE|[93]
17:01:17.0 (51481091)|STATEMENT_EXECUTE|[97]
17:01:17.0 (51483473)|HEAP_ALLOCATE|[97]|Bytes:40
17:01:17.0 (51527808)|HEAP_ALLOCATE|[97]|Bytes:2
17:01:17.0 (51535788)|HEAP_ALLOCATE|[97]|Bytes:42
17:01:17.0 (51544090)|USER_DEBUG|[97]|DEBUG| *** - Total_Items_Delivered_Hub__c 1 + 10
17:01:17.0 (51548825)|STATEMENT_EXECUTE|[98]
17:01:17.0 (51550918)|HEAP_ALLOCATE|[98]|Bytes:34
17:01:17.0 (51593603)|HEAP_ALLOCATE|[98]|Bytes:2
17:01:17.0 (51600384)|HEAP_ALLOCATE|[98]|Bytes:36
17:01:17.0 (51606483)|USER_DEBUG|[98]|DEBUG| *** - Total_Items_Invoked__c 1 + 10
17:01:17.0 (51610207)|STATEMENT_EXECUTE|[99]
17:01:17.0 (51612029)|HEAP_ALLOCATE|[99]|Bytes:39
17:01:17.0 (51645082)|HEAP_ALLOCATE|[99]|Bytes:28
17:01:17.0 (51654700)|HEAP_ALLOCATE|[99]|Bytes:1
17:01:17.0 (51660733)|HEAP_ALLOCATE|[99]|Bytes:40
17:01:17.0 (51667114)|USER_DEBUG|[99]|DEBUG| *** - Total_Items_Rejected_Hub__c 1 + 0
17:01:17.0 (51677286)|HEAP_ALLOCATE|[65]|Bytes:5
17:01:17.0 (51689052)|VARIABLE_ASSIGNMENT|[65]|detail|null|
17:01:17.0 (51712660)|HEAP_ALLOCATE|[103]|Bytes:5
17:01:17.0 (51723908)|VARIABLE_SCOPE_BEGIN|[103]|detail|WWW_Detail__c|true|false
17:01:17.0 (52736317)|VARIABLE_ASSIGNMENT|[103]|detail|{"LastModifiedDate":"2017-02-16T15:58:11.000Z","Square_Meters__c":0,"WWW__c":"a0t0E0000004UUSQA2","Building_Company_Pos (10 more) ...":"WWW__r.Project__r.Ac (27 more) ...","Building_Company_Str (6 more) ...":"WWW__r.Project__r.Ac (23 more) ...","Project_leider__c":"Bas Brandenburg","Project__c":"a0q0E0000008ahlQAA","Name":"WWW-D-10121","Arrival_Truck_On_Pro (7 more) ...":"2017-02-17T07:30:00.000Z","Weight__c":0.00,"Number_Of_Units_Per_ (10 more) ...":0.00,"Projectmember_Compan (4 more) ...":"Projectmember__r.Con (20 more) ...","OwnerId":"00524000001e3UjAAI","CreatedById":"00524000001e3UjAAI","RecordTypeId":"01224000000Sn4NAAS","Location__c":"a0B0E0000009YBFUA2","Number_Of_Items__c":10,"IsDeleted":false,"Projectmember_Name__ (1 more) ...":" ","Kind_Of_Packages__c":"Stuks","Project_Number__c":"TEST2","Breakable__c":"Yes","Compleet_klaargezet_ (2 more) ...":"Nee","Foto__c":false,"SystemModstamp":"2017-02-16T15:58:11.000Z","Transporter_Contact_ (8 more) ...":"Phone:  Mobile: ","Projectmember_Phone_ (2 more) ...":"Phone:  Mobile: ","Sizes__c":"L:  x W:  x H: ","CreatedDate":"2017-02-16T15:58:11.000Z","Id":"a0s0E0000004KQ9QAM","Projectbeschrijving_ (2 more) ...":"TEST2","Building_Company_Cit (4 more) ...":"WWW__r.Project__r.Ac (21 more) ...","Building_Company__c":"AAS","Item_Name__c":"Detector t.b.v. vloe (8 more) ...","LastModifiedById":"00524000001e3UjAAI"}|0x2a235e90
17:01:17.0 (52747846)|STATEMENT_EXECUTE|[103]
17:01:17.0 (52811071)|HEAP_ALLOCATE|[104]|Bytes:28
17:01:17.0 (52823665)|HEAP_ALLOCATE|[104]|Bytes:28
17:01:17.0 (52825367)|HEAP_ALLOCATE|[104]|Bytes:28
17:01:17.0 (52850008)|STATEMENT_EXECUTE|[104]
17:01:17.0 (52885857)|HEAP_ALLOCATE|[107]|Bytes:28
17:01:17.0 (52888538)|HEAP_ALLOCATE|[107]|Bytes:28
17:01:17.0 (52903036)|STATEMENT_EXECUTE|[107]
17:01:17.0 (52928815)|HEAP_ALLOCATE|[111]|Bytes:28
17:01:17.0 (52930961)|HEAP_ALLOCATE|[111]|Bytes:28
17:01:17.0 (52942845)|STATEMENT_EXECUTE|[111]
17:01:17.0 (52964096)|HEAP_ALLOCATE|[116]|Bytes:28
17:01:17.0 (52969228)|HEAP_ALLOCATE|[116]|Bytes:28
17:01:17.0 (52970572)|HEAP_ALLOCATE|[116]|Bytes:28
17:01:17.0 (52981943)|STATEMENT_EXECUTE|[116]
17:01:17.0 (53001874)|HEAP_ALLOCATE|[119]|Bytes:28
17:01:17.0 (53007268)|HEAP_ALLOCATE|[119]|Bytes:28
17:01:17.0 (53008691)|HEAP_ALLOCATE|[119]|Bytes:28
17:01:17.0 (53020020)|STATEMENT_EXECUTE|[119]
17:01:17.0 (53052288)|HEAP_ALLOCATE|[122]|Bytes:28
17:01:17.0 (53058347)|HEAP_ALLOCATE|[122]|Bytes:28
17:01:17.0 (53059990)|HEAP_ALLOCATE|[122]|Bytes:28
17:01:17.0 (53073049)|STATEMENT_EXECUTE|[122]
17:01:17.0 (53104620)|HEAP_ALLOCATE|[125]|Bytes:28
17:01:17.0 (53110756)|HEAP_ALLOCATE|[125]|Bytes:28
17:01:17.0 (53112166)|HEAP_ALLOCATE|[125]|Bytes:28
17:01:17.0 (53124521)|STATEMENT_EXECUTE|[125]
17:01:17.0 (53155097)|HEAP_ALLOCATE|[128]|Bytes:28
17:01:17.0 (53160872)|HEAP_ALLOCATE|[128]|Bytes:28
17:01:17.0 (53162255)|HEAP_ALLOCATE|[128]|Bytes:28
17:01:17.0 (53174704)|STATEMENT_EXECUTE|[128]
17:01:17.0 (53204274)|HEAP_ALLOCATE|[131]|Bytes:28
17:01:17.0 (53209884)|HEAP_ALLOCATE|[131]|Bytes:28
17:01:17.0 (53211321)|HEAP_ALLOCATE|[131]|Bytes:28
17:01:17.0 (53223736)|STATEMENT_EXECUTE|[131]
17:01:17.0 (53225051)|STATEMENT_EXECUTE|[134]
17:01:17.0 (53227488)|HEAP_ALLOCATE|[134]|Bytes:40
17:01:17.0 (53255065)|HEAP_ALLOCATE|[134]|Bytes:2
17:01:17.0 (53262413)|HEAP_ALLOCATE|[134]|Bytes:42
17:01:17.0 (53270959)|USER_DEBUG|[134]|DEBUG| *** - Total_Items_Delivered_Hub__c 2 + 10
17:01:17.0 (53275285)|STATEMENT_EXECUTE|[135]
17:01:17.0 (53277740)|HEAP_ALLOCATE|[135]|Bytes:34
17:01:17.0 (53309628)|HEAP_ALLOCATE|[135]|Bytes:2
17:01:17.0 (53316243)|HEAP_ALLOCATE|[135]|Bytes:36
17:01:17.0 (53322369)|USER_DEBUG|[135]|DEBUG| *** - Total_Items_Invoked__c 2 + 10
17:01:17.0 (53325955)|STATEMENT_EXECUTE|[136]
17:01:17.0 (53327778)|HEAP_ALLOCATE|[136]|Bytes:39
17:01:17.0 (53349104)|HEAP_ALLOCATE|[136]|Bytes:28
17:01:17.0 (53356651)|HEAP_ALLOCATE|[136]|Bytes:1
17:01:17.0 (53362355)|HEAP_ALLOCATE|[136]|Bytes:40
17:01:17.0 (53367648)|USER_DEBUG|[136]|DEBUG| *** - Total_Items_Rejected_Hub__c 2 + 0
17:01:17.0 (53377945)|HEAP_ALLOCATE|[103]|Bytes:5
17:01:17.0 (53389621)|VARIABLE_ASSIGNMENT|[103]|detail|null|
17:01:17.0 (53410521)|HEAP_ALLOCATE|[141]|Bytes:5
17:01:17.0 (53417763)|VARIABLE_ASSIGNMENT|[141]|detail|null|
17:01:17.0 (53419862)|STATEMENT_EXECUTE|[141]
17:01:17.0 (53433217)|HEAP_ALLOCATE|[173]|Bytes:5
17:01:17.0 (53439104)|VARIABLE_ASSIGNMENT|[173]|detail|null|
17:01:17.0 (53440960)|STATEMENT_EXECUTE|[173]
17:01:17.0 (53452088)|STATEMENT_EXECUTE|[243]
17:01:17.0 (53463195)|HEAP_ALLOCATE|[244]|Bytes:5
17:01:17.0 (53469369)|VARIABLE_ASSIGNMENT|[244]|oldDetail|null|
17:01:17.0 (53471391)|STATEMENT_EXECUTE|[244]
17:01:17.0 (53472989)|STATEMENT_EXECUTE|[276]
17:01:17.0 (53473989)|STATEMENT_EXECUTE|[277]
17:01:17.0 (53475085)|STATEMENT_EXECUTE|[278]
17:01:17.0 (53492145)|HEAP_ALLOCATE|[EXTERNAL]|Bytes:8
17:01:17.0 (53502700)|HEAP_ALLOCATE|[278]|Bytes:640
17:01:17.0 (53540432)|DML_BEGIN|[278]|Op:Update|Type:WWW__c|Rows:1
17:01:17.0 (53561686)|HEAP_ALLOCATE|[EXTERNAL]|Bytes:8
17:01:17.0 (75259033)|CODE_UNIT_STARTED|[EXTERNAL]|Workflow:01I24000001DBlX
17:01:17.0 (85072106)|WF_RULE_EVAL_BEGIN|Workflow
17:01:17.0 (85102716)|WF_CRITERIA_BEGIN|[WWW: WWW-13541 a0t0E0000004UUS]|Set unique field|01Q24000000bj9y|ON_ALL_CHANGES|0
17:01:17.0 (86830043)|WF_RULE_FILTER|[WWW : Created By not equal to ]
17:01:17.0 (86849839)|WF_RULE_EVAL_VALUE|00524000001e3Uj
17:01:17.0 (86852868)|WF_CRITERIA_END|true
17:01:17.0 (87232235)|WF_SPOOL_ACTION_BEGIN|Workflow
17:01:17.0 (87629026)|WF_ACTION| Field Update: 1;
17:01:17.0 (87632162)|WF_RULE_EVAL_END
17:01:17.0 (87679532)|WF_ACTIONS_END| Field Update: 1;
17:01:17.0 (87686105)|CODE_UNIT_FINISHED|Workflow:01I24000001DBlX
17:01:17.0 (95058154)|DML_END|[278]
17:01:17.0 (95143189)|HEAP_ALLOCATE|[EXTERNAL]|Bytes:8
17:01:17.0 (95177052)|METHOD_EXIT|[17]|01p2400000DV2tl|WWWDetailUtil.calculateRollupSum(List<WWW_Detail__c>, List<WWW_Detail__c>, TriggerParams)
17:01:17.0 (95184999)|STATEMENT_EXECUTE|[18]
17:01:17.0 (95207323)|METHOD_ENTRY|[18]|01p2400000DV2tl|WWWDetailUtil.getSubLocDet(List<WWW_Detail__c>)
17:01:17.0 (95234909)|VARIABLE_SCOPE_BEGIN|[311]|triggerOld|List<WWW_Detail__c>|true|false
17:01:17.0 (96444140)|VARIABLE_ASSIGNMENT|[311]|triggerOld|[{"LastModifiedDate":"2017-02-16T15:58:11.000Z","Square_Meters__c":0,"WWW__c":"a0t0E0000004UUSQA2","Building_Company_Pos (10 more) ...":"WWW__r.Project__r.Ac (27 more) ...","Building_Company_Str (6 more) ...":"WWW__r.Project__r.Ac (23 more) ...","Project_leider__c":"Bas Brandenburg","Project__c":"a0q0E0000008ahlQAA","Name":"WWW-D-10121","Arrival_Truck_On_Pro (7 more) ...":"2017-02-17T07:30:00.000Z","Weight__c":0.00,"Number_Of_Units_Per_ (10 more) ...":0.00,"Projectmember_Compan (4 more) ...":"Projectmember__r.Con (20 more) ...","OwnerId":"00524000001e3UjAAI","CreatedById":"00524000001e3UjAAI","RecordTypeId":"01224000000Sn4NAAS","Location__c":"a0B0E0000009YBFUA2","Number_Of_Items__c":10,"IsDeleted":false,"Projectmember_Name__ (1 more) ...":" ","Kind_Of_Packages__c":"Stuks","Project_Number__c":"TEST2","Breakable__c":"Yes","Compleet_klaargezet_ (2 more) ...":"Nee","Foto__c":false,"SystemModstamp":"2017-02-16T15:58:11.000Z","Transporter_Contact_ (8 more) ...":"Phone:  Mobile: ","Projectmember_Phone_ (2 more) ...":"Phone:  Mobile: ","Sizes__c":"L:  x W:  x H: ","CreatedDate":"2017-02-16T15:58:11.000Z","Id":"a0s0E0000004KQ9QAM","Projectbeschrijving_ (2 more) ...":"TEST2","Building_Company_Cit (4 more) ...":"WWW__r.Project__r.Ac (21 more) ...","Building_Company__c":"AAS","Item_Name__c":"Detector t.b.v. vloe (8 more) ...","LastModifiedById":"00524000001e3UjAAI"}]|0x6d63d063
17:01:17.0 (96459808)|STATEMENT_EXECUTE|[311]
17:01:17.0 (96461367)|STATEMENT_EXECUTE|[312]
17:01:17.0 (96472923)|HEAP_ALLOCATE|[312]|Bytes:4
17:01:17.0 (96514312)|VARIABLE_SCOPE_BEGIN|[312]|wwwDetIds|Set<Id>|true|false
17:01:17.0 (96531285)|VARIABLE_ASSIGNMENT|[312]|wwwDetIds|[]|0x4021334e
17:01:17.0 (96582233)|HEAP_ALLOCATE|[314]|Bytes:5
17:01:17.0 (96606457)|VARIABLE_SCOPE_BEGIN|[314]|wwwd|WWW_Detail__c|true|false
17:01:17.0 (97531608)|VARIABLE_ASSIGNMENT|[314]|wwwd|{"LastModifiedDate":"2017-02-16T15:58:11.000Z","Square_Meters__c":0,"WWW__c":"a0t0E0000004UUSQA2","Building_Company_Pos (10 more) ...":"WWW__r.Project__r.Ac (27 more) ...","Building_Company_Str (6 more) ...":"WWW__r.Project__r.Ac (23 more) ...","Project_leider__c":"Bas Brandenburg","Project__c":"a0q0E0000008ahlQAA","Name":"WWW-D-10121","Arrival_Truck_On_Pro (7 more) ...":"2017-02-17T07:30:00.000Z","Weight__c":0.00,"Number_Of_Units_Per_ (10 more) ...":0.00,"Projectmember_Compan (4 more) ...":"Projectmember__r.Con (20 more) ...","OwnerId":"00524000001e3UjAAI","CreatedById":"00524000001e3UjAAI","RecordTypeId":"01224000000Sn4NAAS","Location__c":"a0B0E0000009YBFUA2","Number_Of_Items__c":10,"IsDeleted":false,"Projectmember_Name__ (1 more) ...":" ","Kind_Of_Packages__c":"Stuks","Project_Number__c":"TEST2","Breakable__c":"Yes","Compleet_klaargezet_ (2 more) ...":"Nee","Foto__c":false,"SystemModstamp":"2017-02-16T15:58:11.000Z","Transporter_Contact_ (8 more) ...":"Phone:  Mobile: ","Projectmember_Phone_ (2 more) ...":"Phone:  Mobile: ","Sizes__c":"L:  x W:  x H: ","CreatedDate":"2017-02-16T15:58:11.000Z","Id":"a0s0E0000004KQ9QAM","Projectbeschrijving_ (2 more) ...":"TEST2","Building_Company_Cit (4 more) ...":"WWW__r.Project__r.Ac (21 more) ...","Building_Company__c":"AAS","Item_Name__c":"Detector t.b.v. vloe (8 more) ...","LastModifiedById":"00524000001e3UjAAI"}|0x2a235e90
17:01:17.0 (97542639)|STATEMENT_EXECUTE|[314]
17:01:17.0 (97544243)|STATEMENT_EXECUTE|[315]
17:01:17.0 (97607092)|HEAP_ALLOCATE|[EXTERNAL]|Bytes:4
17:01:17.0 (97622600)|HEAP_ALLOCATE|[314]|Bytes:5
17:01:17.0 (97635597)|VARIABLE_ASSIGNMENT|[314]|wwwd|null|
17:01:17.0 (97638890)|STATEMENT_EXECUTE|[317]
17:01:17.0 (97643565)|HEAP_ALLOCATE|[317]|Bytes:81
17:01:17.0 (97651929)|HEAP_ALLOCATE|[317]|Bytes:4
17:01:17.0 (97689451)|HEAP_ALLOCATE|[317]|Bytes:8
17:01:17.0 (97694166)|HEAP_ALLOCATE|[317]|Bytes:8
17:01:17.0 (98047424)|SOQL_EXECUTE_BEGIN|[317]|Aggregations:0|SELECT Id, WWW_Detail__c FROM SubLocationDetail__c WHERE WWW_Detail__c = :tmpVar1
17:01:17.0 (100493749)|SOQL_EXECUTE_END|[317]|Rows:0
17:01:17.0 (100512342)|HEAP_ALLOCATE|[317]|Bytes:4
17:01:17.0 (100521932)|HEAP_ALLOCATE|[317]|Bytes:0
17:01:17.0 (100547368)|HEAP_ALLOCATE|[317]|Bytes:4
17:01:17.0 (100555497)|VARIABLE_SCOPE_BEGIN|[317]|subLocDet2|List<SublocationDetail__c>|true|false
17:01:17.0 (100566558)|VARIABLE_ASSIGNMENT|[317]|subLocDet2|[]|0x6791d9b9
17:01:17.0 (100569590)|STATEMENT_EXECUTE|[318]
17:01:17.0 (100577531)|METHOD_EXIT|[18]|01p2400000DV2tl|WWWDetailUtil.getSubLocDet(List<WWW_Detail__c>)
17:01:17.0 (100593028)|VARIABLE_ASSIGNMENT|[18]|WWWDetailUtil.subLocDet|[]|0x6791d9b9
17:01:17.0 (100597762)|STATEMENT_EXECUTE|[19]
17:01:17.0 (100599197)|STATEMENT_EXECUTE|[20]
17:01:17.0 (100608361)|METHOD_ENTRY|[20]|01p2400000DV2tl|WWWDetailUtil.deleteSubD(List<SublocationDetail__c>)
17:01:17.0 (100622125)|VARIABLE_SCOPE_BEGIN|[306]|SubDetToDelete|List<SublocationDetail__c>|true|false
17:01:17.0 (100626736)|VARIABLE_ASSIGNMENT|[306]|SubDetToDelete|[]|0x6791d9b9
17:01:17.0 (100630360)|STATEMENT_EXECUTE|[306]
17:01:17.0 (100631557)|STATEMENT_EXECUTE|[307]
17:01:17.0 (100634780)|HEAP_ALLOCATE|[307]|Bytes:22
17:01:17.0 (100671198)|HEAP_ALLOCATE|[307]|Bytes:2
17:01:17.0 (100681464)|HEAP_ALLOCATE|[307]|Bytes:24
17:01:17.0 (100697461)|USER_DEBUG|[307]|DEBUG|[***] SubDetToDelete +()
17:01:17.0 (100701764)|STATEMENT_EXECUTE|[308]
17:01:17.0 (100769344)|HEAP_ALLOCATE|[EXTERNAL]|Bytes:4
17:01:17.0 (100777574)|METHOD_EXIT|[20]|01p2400000DV2tl|WWWDetailUtil.deleteSubD(List<SublocationDetail__c>)
17:01:17.0 (100785584)|STATEMENT_EXECUTE|[25]
17:01:17.0 (100789863)|METHOD_EXIT|[3]|01p2400000DV2tl|WWWDetailUtil.entry(TriggerParams)
17:01:17.100 (100798774)|CUMULATIVE_LIMIT_USAGE
17:01:17.100 (100798774)|LIMIT_USAGE_FOR_NS|(default)|
  Number of SOQL queries: 3 out of 100
  Number of query rows: 6 out of 50000
  Number of SOSL queries: 0 out of 20
  Number of DML statements: 1 out of 150
  Number of DML rows: 1 out of 10000
  Maximum CPU time: 0 out of 10000
  Maximum heap size: 0 out of 6000000
  Number of callouts: 0 out of 100
  Number of Email Invocations: 0 out of 10
  Number of future calls: 0 out of 50
  Number of queueable jobs added to the queue: 0 out of 50
  Number of Mobile Apex push calls: 0 out of 10

17:01:17.100 (100798774)|CUMULATIVE_LIMIT_USAGE_END

17:01:17.0 (101861593)|CODE_UNIT_FINISHED|WWWDetailTrigger on WWW_Detail trigger event BeforeDelete for [a0s0E0000004KQ9]
17:01:17.0 (187238858)|CODE_UNIT_STARTED|[EXTERNAL]|01q2400000133Bx|WWWDetailTrigger on WWW_Detail trigger event AfterDelete for [a0s0E0000004KQ9]
17:01:17.0 (187284636)|HEAP_ALLOCATE|[EXTERNAL]|Bytes:8
17:01:17.0 (187416988)|HEAP_ALLOCATE|[EXTERNAL]|Bytes:4
17:01:17.0 (187427825)|VARIABLE_SCOPE_BEGIN|[1]|this|WWWDetailTrigger|true|false
17:01:17.0 (187460585)|VARIABLE_ASSIGNMENT|[1]|this|{}|0x27313bcc
17:01:17.0 (187489068)|HEAP_ALLOCATE|[EXTERNAL]|Bytes:4
17:01:17.0 (187494424)|VARIABLE_SCOPE_BEGIN|[1]|this|WWWDetailTrigger|true|false
17:01:17.0 (187500377)|VARIABLE_ASSIGNMENT|[1]|this|{}|0x27313bcc
17:01:17.0 (187505141)|STATEMENT_EXECUTE|[1]
17:01:17.0 (187506688)|STATEMENT_EXECUTE|[3]
17:01:17.0 (187513045)|HEAP_ALLOCATE|[3]|Bytes:44
17:01:17.0 (187594775)|CONSTRUCTOR_ENTRY|[3]|01p2400000Cr9rX|<init>(Boolean,Boolean,Boolean,Boolean,Boolean,Boolean,List<SObject>,List<SObject>,Map<Id,SObject>,Map<Id,SObject>)
17:01:17.0 (187601166)|VARIABLE_SCOPE_BEGIN|[13]|this|TriggerParams|true|false
17:01:17.0 (187621137)|VARIABLE_ASSIGNMENT|[13]|this|{}|0x704b0648
17:01:17.0 (187628626)|VARIABLE_SCOPE_BEGIN|[13]|isBefore|Boolean|false|false
17:01:17.0 (187634446)|VARIABLE_ASSIGNMENT|[13]|isBefore|false
17:01:17.0 (187636327)|VARIABLE_SCOPE_BEGIN|[13]|isAfter|Boolean|false|false
17:01:17.0 (187638377)|VARIABLE_ASSIGNMENT|[13]|isAfter|true
17:01:17.0 (187640349)|VARIABLE_SCOPE_BEGIN|[13]|isInsert|Boolean|false|false
17:01:17.0 (187642690)|VARIABLE_ASSIGNMENT|[13]|isInsert|false
17:01:17.0 (187644683)|VARIABLE_SCOPE_BEGIN|[13]|isUpdate|Boolean|false|false
17:01:17.0 (187646409)|VARIABLE_ASSIGNMENT|[13]|isUpdate|false
17:01:17.0 (187648290)|VARIABLE_SCOPE_BEGIN|[13]|isDelete|Boolean|false|false
17:01:17.0 (187650060)|VARIABLE_ASSIGNMENT|[13]|isDelete|true
17:01:17.0 (187652032)|VARIABLE_SCOPE_BEGIN|[13]|isUndelete|Boolean|false|false
17:01:17.0 (187654046)|VARIABLE_ASSIGNMENT|[13]|isUndelete|false
17:01:17.0 (187655648)|VARIABLE_SCOPE_BEGIN|[13]|triggerNew|List<SObject>|true|false
17:01:17.0 (187658782)|VARIABLE_ASSIGNMENT|[13]|triggerNew|null|
17:01:17.0 (187660301)|VARIABLE_SCOPE_BEGIN|[13]|triggerOld|List<SObject>|true|false
17:01:17.0 (189595384)|VARIABLE_ASSIGNMENT|[13]|triggerOld|[{"LastModifiedDate":"2017-02-16T15:58:11.000Z","Square_Meters__c":0,"WWW__c":"a0t0E0000004UUSQA2","Building_Company_Pos (10 more) ...":"WWW__r.Project__r.Ac (27 more) ...","Building_Company_Str (6 more) ...":"WWW__r.Project__r.Ac (23 more) ...","Project_leider__c":"Bas Brandenburg","Project__c":"a0q0E0000008ahlQAA","Name":"WWW-D-10121","Arrival_Truck_On_Pro (7 more) ...":"2017-02-17T07:30:00.000Z","Weight__c":0.00,"Number_Of_Units_Per_ (10 more) ...":0.00,"Projectmember_Compan (4 more) ...":"Projectmember__r.Con (20 more) ...","OwnerId":"00524000001e3UjAAI","CreatedById":"00524000001e3UjAAI","RecordTypeId":"01224000000Sn4NAAS","Location__c":"a0B0E0000009YBFUA2","Number_Of_Items__c":10,"IsDeleted":false,"Projectmember_Name__ (1 more) ...":" ","Kind_Of_Packages__c":"Stuks","Project_Number__c":"TEST2","Breakable__c":"Yes","Compleet_klaargezet_ (2 more) ...":"Nee","Foto__c":false,"SystemModstamp":"2017-02-16T15:58:11.000Z","Transporter_Contact_ (8 more) ...":"Phone:  Mobile: ","Projectmember_Phone_ (2 more) ...":"Phone:  Mobile: ","Sizes__c":"L:  x W:  x H: ","CreatedDate":"2017-02-16T15:58:11.000Z","Id":"a0s0E0000004KQ9QAM","Projectbeschrijving_ (2 more) ...":"TEST2","Building_Company_Cit (4 more) ...":"WWW__r.Project__r.Ac (21 more) ...","Building_Company__c":"AAS","Item_Name__c":"Detector t.b.v. vloe (8 more) ...","LastModifiedById":"00524000001e3UjAAI"}]|0x19fe55e9
17:01:17.0 (189607307)|VARIABLE_SCOPE_BEGIN|[13]|newMap|Map<Id,SObject>|true|false
17:01:17.0 (189612245)|VARIABLE_ASSIGNMENT|[13]|newMap|null|
17:01:17.0 (189614205)|VARIABLE_SCOPE_BEGIN|[13]|oldMap|Map<Id,SObject>|true|false
17:01:17.0 (190520063)|VARIABLE_ASSIGNMENT|[13]|oldMap|{"a0s0E0000004KQ9QAM":{"LastModifiedDate":"2017-02-16T15:58:11.000Z","Square_Meters__c":0,"WWW__c":"a0t0E0000004UUSQA2","Building_Company_Pos (10 more) ...":"WWW__r.Project__r.Ac (27 more) ...","Building_Company_Str (6 more) ...":"WWW__r.Project__r.Ac (23 more) ...","Project_leider__c":"Bas Brandenburg","Project__c":"a0q0E0000008ahlQAA","Name":"WWW-D-10121","Arrival_Truck_On_Pro (7 more) ...":"2017-02-17T07:30:00.000Z","Weight__c":0.00,"Number_Of_Units_Per_ (10 more) ...":0.00,"Projectmember_Compan (4 more) ...":"Projectmember__r.Con (20 more) ...","OwnerId":"00524000001e3UjAAI","CreatedById":"00524000001e3UjAAI","RecordTypeId":"01224000000Sn4NAAS","Location__c":"a0B0E0000009YBFUA2","Number_Of_Items__c":10,"IsDeleted":false,"Projectmember_Name__ (1 more) ...":" ","Kind_Of_Packages__c":"Stuks","Project_Number__c":"TEST2","Breakable__c":"Yes","Compleet_klaargezet_ (2 more) ...":"Nee","Foto__c":false,"SystemModstamp":"2017-02-16T15:58:11.000Z","Transporter_Contact_ (8 more) ...":"Phone:  Mobile: ","Projectmember_Phone_ (2 more) ...":"Phone:  Mobile: ","Sizes__c":"L:  x W:  x H: ","CreatedDate":"2017-02-16T15:58:11.000Z","Id":"a0s0E0000004KQ9QAM","Projectbeschrijving_ (2 more) ...":"TEST2","Building_Company_Cit (4 more) ...":"WWW__r.Project__r.Ac (21 more) ...","Building_Company__c":"AAS","Item_Name__c":"Detector t.b.v. vloe (8 more) ...","LastModifiedById":"00524000001e3UjAAI"}}|0x4601a818
17:01:17.0 (190538686)|HEAP_ALLOCATE|[16]|Bytes:5
17:01:17.0 (190543570)|STATEMENT_EXECUTE|[1]
17:01:17.0 (190545837)|HEAP_ALLOCATE|[16]|Bytes:5
17:01:17.0 (190547280)|STATEMENT_EXECUTE|[2]
17:01:17.0 (190548378)|STATEMENT_EXECUTE|[3]
17:01:17.0 (190549550)|STATEMENT_EXECUTE|[4]
17:01:17.0 (190550669)|STATEMENT_EXECUTE|[5]
17:01:17.0 (190551685)|STATEMENT_EXECUTE|[6]
17:01:17.0 (190552810)|STATEMENT_EXECUTE|[7]
17:01:17.0 (190554064)|STATEMENT_EXECUTE|[8]
17:01:17.0 (190555477)|STATEMENT_EXECUTE|[9]
17:01:17.0 (190556484)|STATEMENT_EXECUTE|[10]
17:01:17.0 (190557519)|STATEMENT_EXECUTE|[11]
17:01:17.0 (190586168)|STATEMENT_EXECUTE|[15]
17:01:17.0 (190587466)|STATEMENT_EXECUTE|[16]
17:01:17.0 (190591515)|HEAP_ALLOCATE|[16]|Bytes:5
17:01:17.0 (190600599)|VARIABLE_ASSIGNMENT|[16]|this.isBefore|false|0x704b0648
17:01:17.0 (190602486)|STATEMENT_EXECUTE|[17]
17:01:17.0 (190604400)|HEAP_ALLOCATE|[17]|Bytes:5
17:01:17.0 (190607735)|VARIABLE_ASSIGNMENT|[17]|this.isAfter|true|0x704b0648
17:01:17.0 (190609589)|STATEMENT_EXECUTE|[18]
17:01:17.0 (190611406)|HEAP_ALLOCATE|[18]|Bytes:5
17:01:17.0 (190614616)|VARIABLE_ASSIGNMENT|[18]|this.isInsert|false|0x704b0648
17:01:17.0 (190616066)|STATEMENT_EXECUTE|[19]
17:01:17.0 (190617774)|HEAP_ALLOCATE|[19]|Bytes:5
17:01:17.0 (190620827)|VARIABLE_ASSIGNMENT|[19]|this.isUpdate|false|0x704b0648
17:01:17.0 (190621962)|STATEMENT_EXECUTE|[20]
17:01:17.0 (190623669)|HEAP_ALLOCATE|[20]|Bytes:5
17:01:17.0 (190626532)|VARIABLE_ASSIGNMENT|[20]|this.isDelete|true|0x704b0648
17:01:17.0 (190628075)|STATEMENT_EXECUTE|[21]
17:01:17.0 (190629759)|HEAP_ALLOCATE|[21]|Bytes:5
17:01:17.0 (190632590)|VARIABLE_ASSIGNMENT|[21]|this.isUndelete|false|0x704b0648
17:01:17.0 (190634053)|STATEMENT_EXECUTE|[22]
17:01:17.0 (190637716)|VARIABLE_ASSIGNMENT|[22]|this.triggerNew|null|0x704b0648
17:01:17.0 (190639040)|STATEMENT_EXECUTE|[23]
17:01:17.0 (191559085)|VARIABLE_ASSIGNMENT|[23]|this.triggerOld|[{"LastModifiedDate":"2017-02-16T15:58:11.000Z","Square_Meters__c":0,"WWW__c":"a0t0E0000004UUSQA2","Building_Company_Pos (10 more) ...":"WWW__r.Project__r.Ac (27 more) ...","Building_Company_Str (6 more) ...":"WWW__r.Project__r.Ac (23 more) ...","Project_leider__c":"Bas Brandenburg","Project__c":"a0q0E0000008ahlQAA","Name":"WWW-D-10121","Arrival_Truck_On_Pro (7 more) ...":"2017-02-17T07:30:00.000Z","Weight__c":0.00,"Number_Of_Units_Per_ (10 more) ...":0.00,"Projectmember_Compan (4 more) ...":"Projectmember__r.Con (20 more) ...","OwnerId":"00524000001e3UjAAI","CreatedById":"00524000001e3UjAAI","RecordTypeId":"01224000000Sn4NAAS","Location__c":"a0B0E0000009YBFUA2","Number_Of_Items__c":10,"IsDeleted":false,"Projectmember_Name__ (1 more) ...":" ","Kind_Of_Packages__c":"Stuks","Project_Number__c":"TEST2","Breakable__c":"Yes","Compleet_klaargezet_ (2 more) ...":"Nee","Foto__c":false,"SystemModstamp":"2017-02-16T15:58:11.000Z","Transporter_Contact_ (8 more) ...":"Phone:  Mobile: ","Projectmember_Phone_ (2 more) ...":"Phone:  Mobile: ","Sizes__c":"L:  x W:  x H: ","CreatedDate":"2017-02-16T15:58:11.000Z","Id":"a0s0E0000004KQ9QAM","Projectbeschrijving_ (2 more) ...":"TEST2","Building_Company_Cit (4 more) ...":"WWW__r.Project__r.Ac (21 more) ...","Building_Company__c":"AAS","Item_Name__c":"Detector t.b.v. vloe (8 more) ...","LastModifiedById":"00524000001e3UjAAI"}]|0x704b0648
17:01:17.0 (191569482)|STATEMENT_EXECUTE|[24]
17:01:17.0 (191578403)|VARIABLE_ASSIGNMENT|[24]|this.newMap|null|0x704b0648
17:01:17.0 (191580089)|STATEMENT_EXECUTE|[25]
17:01:17.0 (192466188)|VARIABLE_ASSIGNMENT|[25]|this.oldMap|{"a0s0E0000004KQ9QAM":{"LastModifiedDate":"2017-02-16T15:58:11.000Z","Square_Meters__c":0,"WWW__c":"a0t0E0000004UUSQA2","Building_Company_Pos (10 more) ...":"WWW__r.Project__r.Ac (27 more) ...","Building_Company_Str (6 more) ...":"WWW__r.Project__r.Ac (23 more) ...","Project_leider__c":"Bas Brandenburg","Project__c":"a0q0E0000008ahlQAA","Name":"WWW-D-10121","Arrival_Truck_On_Pro (7 more) ...":"2017-02-17T07:30:00.000Z","Weight__c":0.00,"Number_Of_Units_Per_ (10 more) ...":0.00,"Projectmember_Compan (4 more) ...":"Projectmember__r.Con (20 more) ...","OwnerId":"00524000001e3UjAAI","CreatedById":"00524000001e3UjAAI","RecordTypeId":"01224000000Sn4NAAS","Location__c":"a0B0E0000009YBFUA2","Number_Of_Items__c":10,"IsDeleted":false,"Projectmember_Name__ (1 more) ...":" ","Kind_Of_Packages__c":"Stuks","Project_Number__c":"TEST2","Breakable__c":"Yes","Compleet_klaargezet_ (2 more) ...":"Nee","Foto__c":false,"SystemModstamp":"2017-02-16T15:58:11.000Z","Transporter_Contact_ (8 more) ...":"Phone:  Mobile: ","Projectmember_Phone_ (2 more) ...":"Phone:  Mobile: ","Sizes__c":"L:  x W:  x H: ","CreatedDate":"2017-02-16T15:58:11.000Z","Id":"a0s0E0000004KQ9QAM","Projectbeschrijving_ (2 more) ...":"TEST2","Building_Company_Cit (4 more) ...":"WWW__r.Project__r.Ac (21 more) ...","Building_Company__c":"AAS","Item_Name__c":"Detector t.b.v. vloe (8 more) ...","LastModifiedById":"00524000001e3UjAAI"}}|0x704b0648
17:01:17.0 (192496032)|CONSTRUCTOR_EXIT|[3]|01p2400000Cr9rX|<init>(Boolean,Boolean,Boolean,Boolean,Boolean,Boolean,List<SObject>,List<SObject>,Map<Id,SObject>,Map<Id,SObject>)
17:01:17.0 (192509306)|METHOD_ENTRY|[3]|01p2400000DV2tl|WWWDetailUtil.entry(TriggerParams)
17:01:17.0 (192514105)|VARIABLE_SCOPE_BEGIN|[4]|triggerParams|TriggerParams|true|false
17:01:17.0 (192550198)|VARIABLE_ASSIGNMENT|[4]|triggerParams|{"isAfter":true,"isBefore":false,"isDelete":true,"isInsert":false,"isUndelete":false,"isUpdate":false,"oldMap":"0x4601a818","triggerOld":"0x19fe55e9"}|0x704b0648
17:01:17.0 (192556294)|STATEMENT_EXECUTE|[4]
17:01:17.0 (192557680)|STATEMENT_EXECUTE|[5]
17:01:17.0 (192563121)|VARIABLE_SCOPE_BEGIN|[5]|triggerNew|List<WWW_Detail__c>|true|false
17:01:17.0 (192567531)|VARIABLE_ASSIGNMENT|[5]|triggerNew|null|
17:01:17.0 (192569112)|STATEMENT_EXECUTE|[6]
17:01:17.0 (192573474)|VARIABLE_SCOPE_BEGIN|[6]|triggerOld|List<WWW_Detail__c>|true|false
17:01:17.0 (193495439)|VARIABLE_ASSIGNMENT|[6]|triggerOld|[{"LastModifiedDate":"2017-02-16T15:58:11.000Z","Square_Meters__c":0,"WWW__c":"a0t0E0000004UUSQA2","Building_Company_Pos (10 more) ...":"WWW__r.Project__r.Ac (27 more) ...","Building_Company_Str (6 more) ...":"WWW__r.Project__r.Ac (23 more) ...","Project_leider__c":"Bas Brandenburg","Project__c":"a0q0E0000008ahlQAA","Name":"WWW-D-10121","Arrival_Truck_On_Pro (7 more) ...":"2017-02-17T07:30:00.000Z","Weight__c":0.00,"Number_Of_Units_Per_ (10 more) ...":0.00,"Projectmember_Compan (4 more) ...":"Projectmember__r.Con (20 more) ...","OwnerId":"00524000001e3UjAAI","CreatedById":"00524000001e3UjAAI","RecordTypeId":"01224000000Sn4NAAS","Location__c":"a0B0E0000009YBFUA2","Number_Of_Items__c":10,"IsDeleted":false,"Projectmember_Name__ (1 more) ...":" ","Kind_Of_Packages__c":"Stuks","Project_Number__c":"TEST2","Breakable__c":"Yes","Compleet_klaargezet_ (2 more) ...":"Nee","Foto__c":false,"SystemModstamp":"2017-02-16T15:58:11.000Z","Transporter_Contact_ (8 more) ...":"Phone:  Mobile: ","Projectmember_Phone_ (2 more) ...":"Phone:  Mobile: ","Sizes__c":"L:  x W:  x H: ","CreatedDate":"2017-02-16T15:58:11.000Z","Id":"a0s0E0000004KQ9QAM","Projectbeschrijving_ (2 more) ...":"TEST2","Building_Company_Cit (4 more) ...":"WWW__r.Project__r.Ac (21 more) ...","Building_Company__c":"AAS","Item_Name__c":"Detector t.b.v. vloe (8 more) ...","LastModifiedById":"00524000001e3UjAAI"}]|0x19fe55e9
17:01:17.0 (193505900)|STATEMENT_EXECUTE|[7]
17:01:17.0 (193513521)|VARIABLE_SCOPE_BEGIN|[7]|oldMap|Map<Id,WWW_Detail__c>|true|false
17:01:17.0 (194400836)|VARIABLE_ASSIGNMENT|[7]|oldMap|{"a0s0E0000004KQ9QAM":{"LastModifiedDate":"2017-02-16T15:58:11.000Z","Square_Meters__c":0,"WWW__c":"a0t0E0000004UUSQA2","Building_Company_Pos (10 more) ...":"WWW__r.Project__r.Ac (27 more) ...","Building_Company_Str (6 more) ...":"WWW__r.Project__r.Ac (23 more) ...","Project_leider__c":"Bas Brandenburg","Project__c":"a0q0E0000008ahlQAA","Name":"WWW-D-10121","Arrival_Truck_On_Pro (7 more) ...":"2017-02-17T07:30:00.000Z","Weight__c":0.00,"Number_Of_Units_Per_ (10 more) ...":0.00,"Projectmember_Compan (4 more) ...":"Projectmember__r.Con (20 more) ...","OwnerId":"00524000001e3UjAAI","CreatedById":"00524000001e3UjAAI","RecordTypeId":"01224000000Sn4NAAS","Location__c":"a0B0E0000009YBFUA2","Number_Of_Items__c":10,"IsDeleted":false,"Projectmember_Name__ (1 more) ...":" ","Kind_Of_Packages__c":"Stuks","Project_Number__c":"TEST2","Breakable__c":"Yes","Compleet_klaargezet_ (2 more) ...":"Nee","Foto__c":false,"SystemModstamp":"2017-02-16T15:58:11.000Z","Transporter_Contact_ (8 more) ...":"Phone:  Mobile: ","Projectmember_Phone_ (2 more) ...":"Phone:  Mobile: ","Sizes__c":"L:  x W:  x H: ","CreatedDate":"2017-02-16T15:58:11.000Z","Id":"a0s0E0000004KQ9QAM","Projectbeschrijving_ (2 more) ...":"TEST2","Building_Company_Cit (4 more) ...":"WWW__r.Project__r.Ac (21 more) ...","Building_Company__c":"AAS","Item_Name__c":"Detector t.b.v. vloe (8 more) ...","LastModifiedById":"00524000001e3UjAAI"}}|0x4601a818
17:01:17.0 (194411574)|STATEMENT_EXECUTE|[8]
17:01:17.0 (194417705)|VARIABLE_SCOPE_BEGIN|[8]|newMap|Map<Id,WWW_Detail__c>|true|false
17:01:17.0 (194422850)|VARIABLE_ASSIGNMENT|[8]|newMap|null|
17:01:17.0 (194426843)|STATEMENT_EXECUTE|[11]
17:01:17.0 (194428748)|STATEMENT_EXECUTE|[25]
17:01:17.0 (194433770)|STATEMENT_EXECUTE|[26]
17:01:17.0 (194435567)|STATEMENT_EXECUTE|[37]
17:01:17.0 (194443712)|METHOD_EXIT|[3]|01p2400000DV2tl|WWWDetailUtil.entry(TriggerParams)
17:01:17.194 (194453102)|CUMULATIVE_LIMIT_USAGE
17:01:17.194 (194453102)|LIMIT_USAGE_FOR_NS|(default)|
  Number of SOQL queries: 3 out of 100
  Number of query rows: 6 out of 50000
  Number of SOSL queries: 0 out of 20
  Number of DML statements: 1 out of 150
  Number of DML rows: 1 out of 10000
  Maximum CPU time: 0 out of 10000
  Maximum heap size: 0 out of 6000000
  Number of callouts: 0 out of 100
  Number of Email Invocations: 0 out of 10
  Number of future calls: 0 out of 50
  Number of queueable jobs added to the queue: 0 out of 50
  Number of Mobile Apex push calls: 0 out of 10

17:01:17.194 (194453102)|CUMULATIVE_LIMIT_USAGE_END

17:01:17.0 (195433498)|CODE_UNIT_FINISHED|WWWDetailTrigger on WWW_Detail trigger event AfterDelete for [a0s0E0000004KQ9]
17:01:17.0 (205071686)|CODE_UNIT_FINISHED|TRIGGERS
17:01:17.0 (205078656)|EXECUTION_FINISHED
