38.0 APEX_CODE,FINEST;APEX_PROFILING,INFO;CALLOUT,INFO;DB,INFO;SYSTEM,DEBUG;VALIDATION,INFO;VISUALFORCE,INFO;WAVE,INFO;WORKFLOW,INFO
12:06:15.0 (48897)|USER_INFO|[EXTERNAL]|00524000001e3Uj|bedrijfsbureau@gsa.nl.sandbox|Midden-Europese standaardtijd|GMT+01:00
12:06:15.0 (68019)|EXECUTION_STARTED
12:06:15.0 (71603)|CODE_UNIT_STARTED|[EXTERNAL]|06624000003h0Dg|VF: /apex/New_delivered_detail
12:06:15.0 (10023109)|SYSTEM_MODE_ENTER|true
12:06:15.0 (10321229)|HEAP_ALLOCATE|[72]|Bytes:3
12:06:15.0 (10358442)|HEAP_ALLOCATE|[77]|Bytes:152
12:06:15.0 (10371296)|HEAP_ALLOCATE|[342]|Bytes:408
12:06:15.0 (10385034)|HEAP_ALLOCATE|[355]|Bytes:408
12:06:15.0 (10402616)|HEAP_ALLOCATE|[467]|Bytes:48
12:06:15.0 (10428635)|HEAP_ALLOCATE|[139]|Bytes:6
12:06:15.0 (10441351)|HEAP_ALLOCATE|[EXTERNAL]|Bytes:11
12:06:15.0 (10446360)|HEAP_ALLOCATE|[EXTERNAL]|Bytes:408
12:06:15.0 (10448957)|HEAP_ALLOCATE|[EXTERNAL]|Bytes:120
12:06:15.0 (10451729)|HEAP_ALLOCATE|[EXTERNAL]|Bytes:108
12:06:15.0 (10458689)|METHOD_ENTRY|[1]|01p2400000DUtXT|NewDeliveredExtension.NewDeliveredExtension()
12:06:15.0 (10462167)|STATEMENT_EXECUTE|[1]
12:06:15.0 (10466501)|STATEMENT_EXECUTE|[1]
12:06:15.0 (10467865)|STATEMENT_EXECUTE|[527]
12:06:15.0 (10471688)|METHOD_EXIT|[1]|NewDeliveredExtension
12:06:15.0 (10478430)|HEAP_ALLOCATE|[EXTERNAL]|Bytes:80
12:06:15.0 (10491605)|VARIABLE_SCOPE_BEGIN|[163]|this|NewDeliveredExtension|true|false
12:06:15.0 (10550480)|VARIABLE_ASSIGNMENT|[163]|this|{}|0x3233051
12:06:15.0 (10555045)|VARIABLE_SCOPE_BEGIN|[163]|controller|ApexPages.StandardController|true|false
12:06:15.0 (10682369)|VARIABLE_ASSIGNMENT|[163]|controller|"StandardController [null]"|0x5dddc160
12:06:15.0 (10690809)|STATEMENT_EXECUTE|[1]
12:06:15.0 (10692428)|STATEMENT_EXECUTE|[2]
12:06:15.0 (10693831)|STATEMENT_EXECUTE|[20]
12:06:15.0 (10695046)|STATEMENT_EXECUTE|[61]
12:06:15.0 (10696091)|STATEMENT_EXECUTE|[69]
12:06:15.0 (10697190)|STATEMENT_EXECUTE|[77]
12:06:15.0 (10698199)|STATEMENT_EXECUTE|[85]
12:06:15.0 (10699194)|STATEMENT_EXECUTE|[93]
12:06:15.0 (10700213)|STATEMENT_EXECUTE|[101]
12:06:15.0 (10701413)|STATEMENT_EXECUTE|[123]
12:06:15.0 (10789064)|HEAP_ALLOCATE|[123]|Bytes:4
12:06:15.0 (10794479)|HEAP_ALLOCATE|[123]|Bytes:258
12:06:15.0 (10798232)|HEAP_ALLOCATE|[123]|Bytes:4
12:06:15.0 (10835860)|HEAP_ALLOCATE|[50]|Bytes:5
12:06:15.0 (10854152)|HEAP_ALLOCATE|[56]|Bytes:5
12:06:15.0 (10860094)|HEAP_ALLOCATE|[64]|Bytes:7
12:06:15.0 (11355303)|SOQL_EXECUTE_BEGIN|[123]|Aggregations:0|SELECT Id, Project__c, Item__c, Actueel_aantal_palletplaatsenworkflow__c, Ticket_Number_ILIPS__c, Filecardnumber__c, Projectmember__c, Hub_Building_Site__c, Actueel_aantal_palletplaatsen__c, Supplier__c, Name FROM WWW__c ORDER BY CreatedDate DESC NULLS FIRST
12:06:15.0 (17932220)|SOQL_EXECUTE_END|[123]|Rows:4
12:06:15.0 (17948014)|HEAP_ALLOCATE|[123]|Bytes:20
12:06:15.0 (17975529)|HEAP_ALLOCATE|[123]|Bytes:884
12:06:15.0 (18040923)|HEAP_ALLOCATE|[123]|Bytes:20
12:06:15.0 (18093894)|HEAP_ALLOCATE|[123]|Bytes:28
12:06:15.0 (18102976)|HEAP_ALLOCATE|[123]|Bytes:4
12:06:15.0 (18111278)|HEAP_ALLOCATE|[123]|Bytes:28
12:06:15.0 (18114667)|HEAP_ALLOCATE|[123]|Bytes:4
12:06:15.0 (18119681)|HEAP_ALLOCATE|[123]|Bytes:28
12:06:15.0 (18122639)|HEAP_ALLOCATE|[123]|Bytes:4
12:06:15.0 (18127202)|HEAP_ALLOCATE|[123]|Bytes:28
12:06:15.0 (18130208)|HEAP_ALLOCATE|[123]|Bytes:4
12:06:15.0 (18177644)|VARIABLE_ASSIGNMENT|[123]|this.wwwById|{"a0t0E0000004ULmQAM":{"Id":"a0t0E0000004ULmQAM","Project__c":"a0q0E0000008S3WQAU","Item__c":"a0A0E0000001PiqUAE","Hub_Building_Site__c":"a020E000000zFeUQAU","Actueel_aantal_palle (12 more) ...":0,"Name":"WWW-13531"},"a0t0E0000004NFcQAM":{"Id":"a0t0E0000004NFcQAM","Project__c":"a0q0E0000008S3bQAE","Item__c":"a0A0E0000001Pj0UAE","Hub_Building_Site__c":"a020E000000zEM2QAM","Actueel_aantal_palle (12 more) ...":0,"Name":"WWW-13490"},"a0t0E0000004NFXQA2":{"Id":"a0t0E0000004NFXQA2","Project__c":"a0q0E0000008S3WQAU","Item__c":"a0A0E0000001PiqUAE","Hub_Building_Site__c":"a020E000000zEM2QAM","Actueel_aantal_palle (12 more) ...":0,"Name":"WWW-13489"},"a0t0E0000004NFNQA2":{"Id":"a0t0E0000004NFNQA2","Project__c":"a0q0E0000008S3WQAU","Item__c":"a0A0E0000001PilUAE","Hub_Building_Site__c":"a020E000000zEM2QAM","Actueel_aantal_palle (12 more) ...":0,"Name":"WWW-13487"}}|0x3233051
12:06:15.0 (18186114)|STATEMENT_EXECUTE|[155]
12:06:15.0 (18187897)|STATEMENT_EXECUTE|[156]
12:06:15.0 (18189175)|STATEMENT_EXECUTE|[184]
12:06:15.0 (18190362)|STATEMENT_EXECUTE|[185]
12:06:15.0 (18191445)|STATEMENT_EXECUTE|[195]
12:06:15.0 (18192541)|STATEMENT_EXECUTE|[203]
12:06:15.0 (18193599)|STATEMENT_EXECUTE|[211]
12:06:15.0 (18194669)|STATEMENT_EXECUTE|[219]
12:06:15.0 (18195745)|STATEMENT_EXECUTE|[228]
12:06:15.0 (18196796)|STATEMENT_EXECUTE|[236]
12:06:15.0 (18203741)|HEAP_ALLOCATE|[123]|Bytes:6
12:06:15.0 (18226032)|STATEMENT_EXECUTE|[163]
12:06:15.0 (18227558)|STATEMENT_EXECUTE|[164]
12:06:15.0 (18267488)|HEAP_ALLOCATE|[164]|Bytes:58
12:06:15.0 (18309125)|HEAP_ALLOCATE|[164]|Bytes:28
12:06:15.0 (18321175)|HEAP_ALLOCATE|[164]|Bytes:10
12:06:15.0 (18348991)|HEAP_ALLOCATE|[164]|Bytes:4
12:06:15.0 (18401542)|VARIABLE_ASSIGNMENT|[EXTERNAL]|this|{"wwwById":"0xa167df4"}|0x3233051
12:06:15.0 (18405827)|STATEMENT_EXECUTE|[3]
12:06:15.0 (18410485)|STATEMENT_EXECUTE|[4]
12:06:15.0 (18411695)|STATEMENT_EXECUTE|[5]
12:06:15.0 (18441587)|HEAP_ALLOCATE|[5]|Bytes:4
12:06:15.0 (18532144)|VARIABLE_ASSIGNMENT|[5]|this.detail|{}|0x3233051
12:06:15.0 (18535045)|STATEMENT_EXECUTE|[6]
12:06:15.0 (18585878)|VARIABLE_ASSIGNMENT|[EXTERNAL]|this|{"detail":"0x2590efcb","wwwById":"0xa167df4"}|0x3233051
12:06:15.0 (18589430)|STATEMENT_EXECUTE|[21]
12:06:15.0 (18591615)|STATEMENT_EXECUTE|[22]
12:06:15.0 (18592775)|STATEMENT_EXECUTE|[23]
12:06:15.0 (18603001)|HEAP_ALLOCATE|[23]|Bytes:4
12:06:15.0 (18649739)|VARIABLE_ASSIGNMENT|[23]|this.www|{}|0x3233051
12:06:15.0 (18652755)|STATEMENT_EXECUTE|[26]
12:06:15.0 (18897829)|VARIABLE_ASSIGNMENT|[6]|this.WWW__c|null|0x2590efcb
12:06:15.0 (18901543)|STATEMENT_EXECUTE|[7]
12:06:15.0 (18959877)|VARIABLE_ASSIGNMENT|[EXTERNAL]|this|{"detail":"0x2590efcb","www":"0x68d204a0","wwwById":"0xa167df4"}|0x3233051
12:06:15.0 (19012134)|VARIABLE_ASSIGNMENT|[7]|this.Project__c|null|0x2590efcb
12:06:15.0 (19015659)|STATEMENT_EXECUTE|[9]
12:06:15.0 (19089940)|VARIABLE_ASSIGNMENT|[164]|this.RecordTypeId|"01224000000Sn4MAAS"|0x2590efcb
12:06:15.0 (19092844)|STATEMENT_EXECUTE|[165]
12:06:15.0 (19138125)|VARIABLE_ASSIGNMENT|[EXTERNAL]|this|{"detail":"0x2590efcb","www":"0x68d204a0","wwwById":"0xa167df4"}|0x3233051
12:06:15.0 (19141365)|STATEMENT_EXECUTE|[3]
12:06:15.0 (19143594)|STATEMENT_EXECUTE|[4]
12:06:15.0 (19144766)|STATEMENT_EXECUTE|[9]
12:06:15.0 (19186544)|USER_DEBUG|[165]|DEBUG|01224000000Sn4MAAS
12:06:15.0 (19191825)|STATEMENT_EXECUTE|[166]
12:06:15.0 (19236418)|HEAP_ALLOCATE|[166]|Bytes:4
12:06:15.0 (19241749)|HEAP_ALLOCATE|[166]|Bytes:82
12:06:15.0 (19244945)|HEAP_ALLOCATE|[166]|Bytes:4
12:06:15.0 (19437329)|SOQL_EXECUTE_BEGIN|[166]|Aggregations:0|SELECT Id, Name, DeveloperName FROM RecordType WHERE sobjectType = 'WWW_detail__c'
12:06:15.0 (29123885)|SOQL_EXECUTE_END|[166]|Rows:5
12:06:15.0 (29138377)|HEAP_ALLOCATE|[166]|Bytes:24
12:06:15.0 (29158412)|HEAP_ALLOCATE|[166]|Bytes:371
12:06:15.0 (29194496)|HEAP_ALLOCATE|[166]|Bytes:24
12:06:15.0 (29236137)|HEAP_ALLOCATE|[166]|Bytes:16
12:06:15.0 (29244119)|HEAP_ALLOCATE|[166]|Bytes:4
12:06:15.0 (29250801)|HEAP_ALLOCATE|[166]|Bytes:16
12:06:15.0 (29254204)|HEAP_ALLOCATE|[166]|Bytes:4
12:06:15.0 (29258345)|HEAP_ALLOCATE|[166]|Bytes:16
12:06:15.0 (29261443)|HEAP_ALLOCATE|[166]|Bytes:4
12:06:15.0 (29265403)|HEAP_ALLOCATE|[166]|Bytes:16
12:06:15.0 (29268410)|HEAP_ALLOCATE|[166]|Bytes:4
12:06:15.0 (29272144)|HEAP_ALLOCATE|[166]|Bytes:16
12:06:15.0 (29275117)|HEAP_ALLOCATE|[166]|Bytes:4
12:06:15.0 (29283025)|VARIABLE_SCOPE_BEGIN|[166]|recByNames|Map<Id,RecordType>|true|false
12:06:15.0 (29315845)|VARIABLE_ASSIGNMENT|[166]|recByNames|{"01224000000Sn4NAAS":{"Id":"01224000000Sn4NAAS","Name":"Afleveren","DeveloperName":"Delivered_2_Project"},"01224000000Sn4OAAS":{"Id":"01224000000Sn4OAAS","Name":"Afroepen","DeveloperName":"Invoked"},"01224000000Sn4PAAS":{"Id":"01224000000Sn4PAAS","Name":"Afwijzen","DeveloperName":"Rejected"},"01224000000Sn4MAAS":{"Id":"01224000000Sn4MAAS","Name":"Ontvangen","DeveloperName":"Delivered_2_Hub"},"01224000000Sn4QAAS":{"Id":"01224000000Sn4QAAS","Name":"Verwachten","DeveloperName":"Reserved"}}|0x7236ae90
12:06:15.0 (29372909)|VARIABLE_ASSIGNMENT|[EXTERNAL]|this|{"detail":"0x2590efcb","www":"0x68d204a0","wwwById":"0xa167df4"}|0x3233051
12:06:15.0 (29376946)|STATEMENT_EXECUTE|[3]
12:06:15.0 (29379620)|STATEMENT_EXECUTE|[4]
12:06:15.0 (29381002)|STATEMENT_EXECUTE|[9]
12:06:15.0 (29396768)|STATEMENT_EXECUTE|[168]
12:06:15.0 (29433531)|VARIABLE_ASSIGNMENT|[EXTERNAL]|this|{"detail":"0x2590efcb","www":"0x68d204a0","wwwById":"0xa167df4"}|0x3233051
12:06:15.0 (29436301)|STATEMENT_EXECUTE|[3]
12:06:15.0 (29437850)|STATEMENT_EXECUTE|[4]
12:06:15.0 (29438988)|STATEMENT_EXECUTE|[9]
12:06:15.0 (29481915)|HEAP_ALLOCATE|[169]|Bytes:7
12:06:15.0 (29541384)|VARIABLE_ASSIGNMENT|[EXTERNAL]|this|{"detail":"0x2590efcb","www":"0x68d204a0","wwwById":"0xa167df4"}|0x3233051
12:06:15.0 (29544606)|STATEMENT_EXECUTE|[3]
12:06:15.0 (29546458)|STATEMENT_EXECUTE|[4]
12:06:15.0 (29547586)|STATEMENT_EXECUTE|[9]
12:06:15.0 (29567665)|HEAP_ALLOCATE|[171]|Bytes:8
12:06:15.0 (29610505)|VARIABLE_ASSIGNMENT|[EXTERNAL]|this|{"detail":"0x2590efcb","www":"0x68d204a0","wwwById":"0xa167df4"}|0x3233051
12:06:15.0 (29613499)|STATEMENT_EXECUTE|[3]
12:06:15.0 (29615149)|STATEMENT_EXECUTE|[4]
12:06:15.0 (29616261)|STATEMENT_EXECUTE|[9]
12:06:15.0 (29632550)|HEAP_ALLOCATE|[173]|Bytes:15
12:06:15.0 (29645217)|STATEMENT_EXECUTE|[173]
12:06:15.0 (29646649)|STATEMENT_EXECUTE|[174]
12:06:15.0 (29706881)|VARIABLE_ASSIGNMENT|[EXTERNAL]|this|{"detail":"0x2590efcb","www":"0x68d204a0","wwwById":"0xa167df4"}|0x3233051
12:06:15.0 (29720454)|VARIABLE_ASSIGNMENT|[EXTERNAL]|value|true
12:06:15.0 (29724995)|HEAP_ALLOCATE|[228]|Bytes:5
12:06:15.0 (29730137)|VARIABLE_ASSIGNMENT|[228]|this.delToHub|true|0x3233051
12:06:15.0 (29737121)|STATEMENT_EXECUTE|[181]
12:06:15.0 (29751820)|METHOD_ENTRY|[181]|01p2400000DUtXT|NewDeliveredExtension.getProjects()
12:06:15.0 (29767833)|VARIABLE_SCOPE_BEGIN|[139]|this|NewDeliveredExtension|true|false
12:06:15.0 (29796610)|VARIABLE_ASSIGNMENT|[139]|this|{"delToHub":true,"detail":"0x2590efcb","www":"0x68d204a0","wwwById":"0xa167df4"}|0x3233051
12:06:15.0 (29802595)|STATEMENT_EXECUTE|[139]
12:06:15.0 (29803860)|STATEMENT_EXECUTE|[141]
12:06:15.0 (29809182)|HEAP_ALLOCATE|[141]|Bytes:4
12:06:15.0 (29831902)|VARIABLE_SCOPE_BEGIN|[141]|options|List<System.SelectOption>|true|false
12:06:15.0 (29858798)|HEAP_ALLOCATE|[EXTERNAL]|Bytes:4
12:06:15.0 (29866462)|VARIABLE_ASSIGNMENT|[141]|options|[]|0x5c53e8c1
12:06:15.0 (29868807)|STATEMENT_EXECUTE|[142]
12:06:15.0 (29907953)|HEAP_ALLOCATE|[142]|Bytes:4
12:06:15.0 (29912407)|HEAP_ALLOCATE|[142]|Bytes:71
12:06:15.0 (29915146)|HEAP_ALLOCATE|[142]|Bytes:4
12:06:15.0 (30122185)|SOQL_EXECUTE_BEGIN|[142]|Aggregations:0|SELECT Id, Name FROM Projecten__c ORDER BY CreatedDate DESC NULLS FIRST
12:06:15.0 (31219499)|SOQL_EXECUTE_END|[142]|Rows:2
12:06:15.0 (31233309)|HEAP_ALLOCATE|[142]|Bytes:12
12:06:15.0 (31244444)|HEAP_ALLOCATE|[142]|Bytes:85
12:06:15.0 (31275718)|HEAP_ALLOCATE|[142]|Bytes:12
12:06:15.0 (31311535)|HEAP_ALLOCATE|[142]|Bytes:12
12:06:15.0 (31319505)|HEAP_ALLOCATE|[142]|Bytes:4
12:06:15.0 (31326423)|HEAP_ALLOCATE|[142]|Bytes:12
12:06:15.0 (31329886)|HEAP_ALLOCATE|[142]|Bytes:4
12:06:15.0 (31336407)|VARIABLE_SCOPE_BEGIN|[142]|prById|Map<Id,Projecten__c>|true|false
12:06:15.0 (31356732)|VARIABLE_ASSIGNMENT|[142]|prById|{"a0q0E0000008S3bQAE":{"Id":"a0q0E0000008S3bQAE","Name":"2165103"},"a0q0E0000008S3WQAU":{"Id":"a0q0E0000008S3WQAU","Name":"5700"}}|0x578cd6a7
12:06:15.0 (31360453)|STATEMENT_EXECUTE|[143]
12:06:15.0 (31363565)|HEAP_ALLOCATE|[143]|Bytes:6
12:06:15.0 (31446219)|HEAP_ALLOCATE|[143]|Bytes:139
12:06:15.0 (31464204)|HEAP_ALLOCATE|[143]|Bytes:145
12:06:15.0 (31475680)|USER_DEBUG|[143]|DEBUG|prById{a0q0E0000008S3WQAU=Projecten__c:{Id=a0q0E0000008S3WQAU, Name=5700}, a0q0E0000008S3bQAE=Projecten__c:{Id=a0q0E0000008S3bQAE, Name=2165103}}
12:06:15.0 (31480814)|STATEMENT_EXECUTE|[144]
12:06:15.0 (31507565)|HEAP_ALLOCATE|[EXTERNAL]|Bytes:12
12:06:15.0 (31514341)|HEAP_ALLOCATE|[144]|Bytes:95
12:06:15.0 (31552244)|HEAP_ALLOCATE|[144]|Bytes:12
12:06:15.0 (31618822)|VARIABLE_ASSIGNMENT|[EXTERNAL]|this|{"delToHub":true,"detail":"0x2590efcb","www":"0x68d204a0","wwwById":"0xa167df4"}|0x3233051
12:06:15.0 (31622919)|STATEMENT_EXECUTE|[3]
12:06:15.0 (31625283)|STATEMENT_EXECUTE|[4]
12:06:15.0 (31626835)|STATEMENT_EXECUTE|[9]
12:06:15.0 (31666048)|VARIABLE_ASSIGNMENT|[144]|this.Project__c|"a0q0E0000008S3bQAE"|0x2590efcb
12:06:15.0 (31688923)|HEAP_ALLOCATE|[EXTERNAL]|Bytes:12
12:06:15.0 (31694940)|HEAP_ALLOCATE|[145]|Bytes:95
12:06:15.0 (31824985)|HEAP_ALLOCATE|[145]|Bytes:5
12:06:15.0 (31838071)|HEAP_ALLOCATE|[145]|Bytes:12
12:06:15.0 (31845079)|VARIABLE_SCOPE_BEGIN|[145]|rec|Projecten__c|true|false
12:06:15.0 (31856667)|VARIABLE_ASSIGNMENT|[145]|rec|{"Id":"a0q0E0000008S3bQAE","Name":"2165103"}|0x4ffcbe4e
12:06:15.0 (31859823)|STATEMENT_EXECUTE|[145]
12:06:15.0 (31906661)|VARIABLE_ASSIGNMENT|[EXTERNAL]|this|{"delToHub":true,"detail":"0x2590efcb","www":"0x68d204a0","wwwById":"0xa167df4"}|0x3233051
12:06:15.0 (31910057)|STATEMENT_EXECUTE|[21]
12:06:15.0 (31912344)|STATEMENT_EXECUTE|[22]
12:06:15.0 (31913648)|STATEMENT_EXECUTE|[26]
12:06:15.0 (31920567)|STATEMENT_EXECUTE|[146]
12:06:15.0 (31921743)|STATEMENT_EXECUTE|[147]
12:06:15.0 (31960581)|VARIABLE_ASSIGNMENT|[EXTERNAL]|this|{"delToHub":true,"detail":"0x2590efcb","www":"0x68d204a0","wwwById":"0xa167df4"}|0x3233051
12:06:15.0 (31963719)|STATEMENT_EXECUTE|[21]
12:06:15.0 (31965389)|STATEMENT_EXECUTE|[22]
12:06:15.0 (31966405)|STATEMENT_EXECUTE|[26]
12:06:15.0 (32010915)|VARIABLE_ASSIGNMENT|[147]|this.Project__c|"a0q0E0000008S3bQAE"|0x68d204a0
12:06:15.0 (32014815)|STATEMENT_EXECUTE|[150]
12:06:15.0 (32032031)|HEAP_ALLOCATE|[150]|Bytes:18
12:06:15.0 (32093809)|HEAP_ALLOCATE|[EXTERNAL]|Bytes:4
12:06:15.0 (32107066)|HEAP_ALLOCATE|[145]|Bytes:5
12:06:15.0 (32115483)|HEAP_ALLOCATE|[145]|Bytes:12
12:06:15.0 (32121016)|VARIABLE_SCOPE_BEGIN|[145]|rec|Projecten__c|true|false
12:06:15.0 (32131133)|VARIABLE_ASSIGNMENT|[145]|rec|{"Id":"a0q0E0000008S3WQAU","Name":"5700"}|0x3e5a16c7
12:06:15.0 (32133990)|STATEMENT_EXECUTE|[145]
12:06:15.0 (32167808)|VARIABLE_ASSIGNMENT|[EXTERNAL]|this|{"delToHub":true,"detail":"0x2590efcb","www":"0x68d204a0","wwwById":"0xa167df4"}|0x3233051
12:06:15.0 (32170438)|STATEMENT_EXECUTE|[21]
12:06:15.0 (32172363)|STATEMENT_EXECUTE|[22]
12:06:15.0 (32173760)|STATEMENT_EXECUTE|[26]
12:06:15.0 (32195842)|STATEMENT_EXECUTE|[146]
12:06:15.0 (32197488)|STATEMENT_EXECUTE|[150]
12:06:15.0 (32205795)|HEAP_ALLOCATE|[150]|Bytes:18
12:06:15.0 (32217999)|HEAP_ALLOCATE|[EXTERNAL]|Bytes:4
12:06:15.0 (32227211)|HEAP_ALLOCATE|[145]|Bytes:5
12:06:15.0 (32236453)|VARIABLE_ASSIGNMENT|[145]|rec|null|
12:06:15.0 (32239180)|STATEMENT_EXECUTE|[152]
12:06:15.0 (32242918)|METHOD_EXIT|[181]|01p2400000DUtXT|NewDeliveredExtension.getProjects()
12:06:15.35 (35039809)|SYSTEM_MODE_ENTER|true
12:06:15.35 (35070602)|HEAP_ALLOCATE|[EXTERNAL]|Bytes:38
12:06:15.35 (35075806)|HEAP_ALLOCATE|[EXTERNAL]|Bytes:7
12:06:15.35 (35083251)|SYSTEM_METHOD_ENTRY|[1]|PageMessagesComponentController.PageMessagesComponentController()
12:06:15.35 (35086076)|STATEMENT_EXECUTE|[1]
12:06:15.35 (35212336)|SYSTEM_MODE_ENTER|true
12:06:15.35 (35257898)|HEAP_ALLOCATE|[EXTERNAL]|Bytes:8
12:06:15.35 (35263370)|VARIABLE_SCOPE_BEGIN|[88]|this|ApexPage.PageMessagesComponentController|true|false
12:06:15.35 (35285173)|VARIABLE_ASSIGNMENT|[88]|this|{}|0x3e1344e2
12:06:15.35 (35287915)|VARIABLE_SCOPE_BEGIN|[88]|escape|Boolean|false|false
12:06:15.35 (35290988)|VARIABLE_ASSIGNMENT|[88]|escape|null
12:06:15.35 (35432878)|SYSTEM_MODE_ENTER|true
12:06:15.35 (35459201)|HEAP_ALLOCATE|[EXTERNAL]|Bytes:8
12:06:15.35 (35463516)|VARIABLE_SCOPE_BEGIN|[2]|this|ApexPage.PageMessagesComponentController|true|false
12:06:15.35 (35480737)|VARIABLE_ASSIGNMENT|[2]|this|{}|0x3e1344e2
12:06:15.0 (36183248)|SYSTEM_MODE_ENTER|true
12:06:15.0 (36206635)|HEAP_ALLOCATE|[EXTERNAL]|Bytes:80
12:06:15.0 (36250766)|VARIABLE_ASSIGNMENT|[EXTERNAL]|this|{"delToHub":true,"detail":"0x2590efcb","www":"0x68d204a0","wwwById":"0xa167df4"}|0x3233051
12:06:15.0 (36256659)|STATEMENT_EXECUTE|[196]
12:06:15.0 (36259843)|STATEMENT_EXECUTE|[197]
12:06:15.0 (36261002)|STATEMENT_EXECUTE|[198]
12:06:15.0 (36266091)|HEAP_ALLOCATE|[198]|Bytes:5
12:06:15.0 (36272853)|VARIABLE_ASSIGNMENT|[198]|this.invoked|false|0x3233051
12:06:15.0 (36274962)|STATEMENT_EXECUTE|[200]
12:06:15.0 (36335385)|SYSTEM_MODE_ENTER|true
12:06:15.0 (36353626)|HEAP_ALLOCATE|[EXTERNAL]|Bytes:80
12:06:15.0 (36400880)|VARIABLE_ASSIGNMENT|[EXTERNAL]|this|{"delToHub":true,"detail":"0x2590efcb","invoked":false,"www":"0x68d204a0","wwwById":"0xa167df4"}|0x3233051
12:06:15.0 (36406159)|STATEMENT_EXECUTE|[229]
12:06:15.0 (36408682)|STATEMENT_EXECUTE|[230]
12:06:15.0 (36410026)|STATEMENT_EXECUTE|[233]
12:06:15.0 (36498439)|SYSTEM_MODE_ENTER|true
12:06:15.0 (36516495)|HEAP_ALLOCATE|[EXTERNAL]|Bytes:80
12:06:15.0 (36550798)|VARIABLE_ASSIGNMENT|[EXTERNAL]|this|{"delToHub":true,"detail":"0x2590efcb","invoked":false,"www":"0x68d204a0","wwwById":"0xa167df4"}|0x3233051
12:06:15.0 (36554810)|STATEMENT_EXECUTE|[3]
12:06:15.0 (36557042)|STATEMENT_EXECUTE|[4]
12:06:15.0 (36558154)|STATEMENT_EXECUTE|[9]
12:06:15.0 (39139043)|SYSTEM_MODE_ENTER|true
12:06:15.0 (39162503)|HEAP_ALLOCATE|[EXTERNAL]|Bytes:80
12:06:15.0 (39205843)|VARIABLE_ASSIGNMENT|[EXTERNAL]|this|{"delToHub":true,"detail":"0x2590efcb","invoked":false,"www":"0x68d204a0","wwwById":"0xa167df4"}|0x3233051
12:06:15.0 (39211935)|STATEMENT_EXECUTE|[186]
12:06:15.0 (39215370)|STATEMENT_EXECUTE|[187]
12:06:15.0 (39216698)|STATEMENT_EXECUTE|[188]
12:06:15.0 (39288825)|HEAP_ALLOCATE|[188]|Bytes:4
12:06:15.0 (39345114)|HEAP_ALLOCATE|[EXTERNAL]|Bytes:4
12:06:15.0 (39353251)|VARIABLE_ASSIGNMENT|[188]|this.sublocations1|[]|0x3233051
12:06:15.0 (39356203)|STATEMENT_EXECUTE|[190]
12:06:15.0 (39845662)|SYSTEM_MODE_ENTER|true
12:06:15.0 (39866785)|HEAP_ALLOCATE|[EXTERNAL]|Bytes:80
12:06:15.0 (39933747)|VARIABLE_ASSIGNMENT|[EXTERNAL]|this|{"delToHub":true,"detail":"0x2590efcb","invoked":false,"sublocations1":"0x2b4f95af","www":"0x68d204a0","wwwById":"0xa167df4"}|0x3233051
12:06:15.0 (39940277)|STATEMENT_EXECUTE|[204]
12:06:15.0 (39943558)|STATEMENT_EXECUTE|[205]
12:06:15.0 (39944642)|STATEMENT_EXECUTE|[206]
12:06:15.0 (39949828)|HEAP_ALLOCATE|[206]|Bytes:5
12:06:15.0 (39956488)|VARIABLE_ASSIGNMENT|[206]|this.rejected|false|0x3233051
12:06:15.0 (39958596)|STATEMENT_EXECUTE|[208]
12:06:15.0 (40017538)|SYSTEM_MODE_ENTER|true
12:06:15.0 (40036158)|HEAP_ALLOCATE|[EXTERNAL]|Bytes:80
12:06:15.0 (40074015)|VARIABLE_ASSIGNMENT|[EXTERNAL]|this|{"delToHub":true,"detail":"0x2590efcb","invoked":false,"rejected":false,"sublocations1":"0x2b4f95af","www":"0x68d204a0","wwwById":"0xa167df4"}|0x3233051
12:06:15.0 (40079033)|STATEMENT_EXECUTE|[220]
12:06:15.0 (40081215)|STATEMENT_EXECUTE|[221]
12:06:15.0 (40082324)|STATEMENT_EXECUTE|[222]
12:06:15.0 (40086878)|HEAP_ALLOCATE|[222]|Bytes:5
12:06:15.0 (40092008)|VARIABLE_ASSIGNMENT|[222]|this.delToProj|false|0x3233051
12:06:15.0 (40093666)|STATEMENT_EXECUTE|[224]
12:06:15.0 (40143509)|SYSTEM_MODE_ENTER|true
12:06:15.0 (40159770)|HEAP_ALLOCATE|[EXTERNAL]|Bytes:80
12:06:15.0 (40194572)|VARIABLE_ASSIGNMENT|[EXTERNAL]|this|{"delToHub":true,"delToProj":false,"detail":"0x2590efcb","invoked":false,"rejected":false,"sublocations1":"0x2b4f95af","www":"0x68d204a0","wwwById":"0xa167df4"}|0x3233051
12:06:15.0 (40199240)|STATEMENT_EXECUTE|[212]
12:06:15.0 (40201240)|STATEMENT_EXECUTE|[213]
12:06:15.0 (40202324)|STATEMENT_EXECUTE|[214]
12:06:15.0 (40206461)|HEAP_ALLOCATE|[214]|Bytes:5
12:06:15.0 (40211486)|VARIABLE_ASSIGNMENT|[214]|this.reserved|false|0x3233051
12:06:15.0 (40213127)|STATEMENT_EXECUTE|[216]
12:06:15.0 (40296141)|SYSTEM_MODE_ENTER|true
12:06:15.0 (40313442)|HEAP_ALLOCATE|[EXTERNAL]|Bytes:80
12:06:15.0 (40350144)|VARIABLE_ASSIGNMENT|[EXTERNAL]|this|{"delToHub":true,"delToProj":false,"detail":"0x2590efcb","invoked":false,"rejected":false,"reserved":false,"sublocations1":"0x2b4f95af","www":"0x68d204a0","wwwById":"0xa167df4"}|0x3233051
12:06:15.0 (40354651)|STATEMENT_EXECUTE|[21]
12:06:15.0 (40357041)|STATEMENT_EXECUTE|[22]
12:06:15.0 (40358125)|STATEMENT_EXECUTE|[26]
12:06:15.57 (57282273)|SYSTEM_MODE_ENTER|true
12:06:15.57 (57333012)|HEAP_ALLOCATE|[EXTERNAL]|Bytes:8
12:06:15.57 (57339688)|VARIABLE_SCOPE_BEGIN|[88]|this|ApexPage.PageMessagesComponentController|true|false
12:06:15.57 (57362323)|VARIABLE_ASSIGNMENT|[88]|this|{}|0x3e1344e2
12:06:15.57 (57364884)|VARIABLE_SCOPE_BEGIN|[88]|escape|Boolean|false|false
12:06:15.57 (57368525)|VARIABLE_ASSIGNMENT|[88]|escape|null
12:06:15.57 (57482323)|SYSTEM_MODE_ENTER|true
12:06:15.57 (57506615)|HEAP_ALLOCATE|[EXTERNAL]|Bytes:8
12:06:15.57 (57511127)|VARIABLE_SCOPE_BEGIN|[2]|this|ApexPage.PageMessagesComponentController|true|false
12:06:15.57 (57527109)|VARIABLE_ASSIGNMENT|[2]|this|{}|0x3e1344e2
12:06:15.0 (59778751)|SYSTEM_MODE_ENTER|true
12:06:15.0 (59804917)|HEAP_ALLOCATE|[EXTERNAL]|Bytes:80
12:06:15.0 (59810504)|VARIABLE_SCOPE_BEGIN|[48]|this|NewDeliveredExtension|true|false
12:06:15.0 (59855478)|VARIABLE_ASSIGNMENT|[48]|this|{"delToHub":true,"delToProj":false,"detail":"0x2590efcb","invoked":false,"rejected":false,"reserved":false,"sublocations1":"0x2b4f95af","www":"0x68d204a0","wwwById":"0xa167df4"}|0x3233051
12:06:15.0 (59863118)|STATEMENT_EXECUTE|[48]
12:06:15.0 (59864887)|STATEMENT_EXECUTE|[49]
12:06:15.0 (59869226)|HEAP_ALLOCATE|[49]|Bytes:4
12:06:15.0 (59891289)|VARIABLE_SCOPE_BEGIN|[49]|options|List<System.SelectOption>|true|false
12:06:15.0 (59906014)|HEAP_ALLOCATE|[EXTERNAL]|Bytes:4
12:06:15.0 (59912635)|VARIABLE_ASSIGNMENT|[49]|options|[]|0x66c14b4c
12:06:15.0 (59915822)|STATEMENT_EXECUTE|[50]
12:06:15.0 (59919629)|VARIABLE_SCOPE_BEGIN|[50]|i|Integer|false|false
12:06:15.0 (59923233)|HEAP_ALLOCATE|[50]|Bytes:4
12:06:15.0 (59927645)|VARIABLE_ASSIGNMENT|[50]|i|0
12:06:15.0 (59932048)|STATEMENT_EXECUTE|[50]
12:06:15.0 (59933500)|STATEMENT_EXECUTE|[51]
12:06:15.0 (59935224)|VARIABLE_SCOPE_BEGIN|[51]|j|Integer|false|false
12:06:15.0 (59936851)|HEAP_ALLOCATE|[51]|Bytes:4
12:06:15.0 (59939372)|VARIABLE_ASSIGNMENT|[51]|j|0
12:06:15.0 (59941410)|STATEMENT_EXECUTE|[51]
12:06:15.0 (59943332)|STATEMENT_EXECUTE|[52]
12:06:15.0 (59944380)|STATEMENT_EXECUTE|[53]
12:06:15.0 (59982216)|HEAP_ALLOCATE|[53]|Bytes:1
12:06:15.0 (59991771)|HEAP_ALLOCATE|[53]|Bytes:2
12:06:15.0 (59999306)|HEAP_ALLOCATE|[53]|Bytes:1
12:06:15.0 (60010071)|HEAP_ALLOCATE|[53]|Bytes:4
12:06:15.0 (60016597)|HEAP_ALLOCATE|[53]|Bytes:1
12:06:15.0 (60024590)|HEAP_ALLOCATE|[53]|Bytes:1
12:06:15.0 (60029950)|HEAP_ALLOCATE|[53]|Bytes:4
12:06:15.0 (60054640)|HEAP_ALLOCATE|[EXTERNAL]|Bytes:4
12:06:15.0 (60061274)|HEAP_ALLOCATE|[51]|Bytes:4
12:06:15.0 (60065826)|VARIABLE_ASSIGNMENT|[51]|j|30
12:06:15.0 (60068826)|STATEMENT_EXECUTE|[51]
12:06:15.0 (60070286)|STATEMENT_EXECUTE|[54]
12:06:15.0 (60071328)|STATEMENT_EXECUTE|[55]
12:06:15.0 (60091029)|HEAP_ALLOCATE|[55]|Bytes:1
12:06:15.0 (60097862)|HEAP_ALLOCATE|[55]|Bytes:1
12:06:15.0 (60103988)|HEAP_ALLOCATE|[55]|Bytes:2
12:06:15.0 (60109908)|HEAP_ALLOCATE|[55]|Bytes:4
12:06:15.0 (60114956)|HEAP_ALLOCATE|[55]|Bytes:1
12:06:15.0 (60122638)|HEAP_ALLOCATE|[55]|Bytes:2
12:06:15.0 (60127842)|HEAP_ALLOCATE|[55]|Bytes:4
12:06:15.0 (60139821)|HEAP_ALLOCATE|[EXTERNAL]|Bytes:4
12:06:15.0 (60144307)|HEAP_ALLOCATE|[51]|Bytes:4
12:06:15.0 (60147952)|VARIABLE_ASSIGNMENT|[51]|j|60
12:06:15.0 (60151495)|HEAP_ALLOCATE|[50]|Bytes:4
12:06:15.0 (60154084)|VARIABLE_ASSIGNMENT|[50]|i|1
12:06:15.0 (60155904)|STATEMENT_EXECUTE|[50]
12:06:15.0 (60157347)|STATEMENT_EXECUTE|[51]
12:06:15.0 (60159324)|VARIABLE_SCOPE_BEGIN|[51]|j|Integer|false|false
12:06:15.0 (60161972)|HEAP_ALLOCATE|[51]|Bytes:4
12:06:15.0 (60164489)|VARIABLE_ASSIGNMENT|[51]|j|0
12:06:15.0 (60166088)|STATEMENT_EXECUTE|[51]
12:06:15.0 (60167404)|STATEMENT_EXECUTE|[52]
12:06:15.0 (60168529)|STATEMENT_EXECUTE|[53]
12:06:15.0 (60176313)|HEAP_ALLOCATE|[53]|Bytes:1
12:06:15.0 (60185023)|HEAP_ALLOCATE|[53]|Bytes:1
12:06:15.0 (60190399)|HEAP_ALLOCATE|[53]|Bytes:4
12:06:15.0 (60195355)|HEAP_ALLOCATE|[53]|Bytes:1
12:06:15.0 (60202876)|HEAP_ALLOCATE|[53]|Bytes:1
12:06:15.0 (60207765)|HEAP_ALLOCATE|[53]|Bytes:4
12:06:15.0 (60213329)|HEAP_ALLOCATE|[EXTERNAL]|Bytes:4
12:06:15.0 (60217240)|HEAP_ALLOCATE|[51]|Bytes:4
12:06:15.0 (60220161)|VARIABLE_ASSIGNMENT|[51]|j|30
12:06:15.0 (60221975)|STATEMENT_EXECUTE|[51]
12:06:15.0 (60223369)|STATEMENT_EXECUTE|[54]
12:06:15.0 (60224348)|STATEMENT_EXECUTE|[55]
12:06:15.0 (60230561)|HEAP_ALLOCATE|[55]|Bytes:1
12:06:15.0 (60238558)|HEAP_ALLOCATE|[55]|Bytes:2
12:06:15.0 (60243712)|HEAP_ALLOCATE|[55]|Bytes:4
12:06:15.0 (60248685)|HEAP_ALLOCATE|[55]|Bytes:1
12:06:15.0 (60256571)|HEAP_ALLOCATE|[55]|Bytes:2
12:06:15.0 (60261490)|HEAP_ALLOCATE|[55]|Bytes:4
12:06:15.0 (60265994)|HEAP_ALLOCATE|[EXTERNAL]|Bytes:4
12:06:15.0 (60269219)|HEAP_ALLOCATE|[51]|Bytes:4
12:06:15.0 (60271956)|VARIABLE_ASSIGNMENT|[51]|j|60
12:06:15.0 (60273925)|HEAP_ALLOCATE|[50]|Bytes:4
12:06:15.0 (60276326)|VARIABLE_ASSIGNMENT|[50]|i|2
12:06:15.0 (60277908)|STATEMENT_EXECUTE|[50]
12:06:15.0 (60279113)|STATEMENT_EXECUTE|[51]
12:06:15.0 (60280850)|VARIABLE_SCOPE_BEGIN|[51]|j|Integer|false|false
12:06:15.0 (60282584)|HEAP_ALLOCATE|[51]|Bytes:4
12:06:15.0 (60284979)|VARIABLE_ASSIGNMENT|[51]|j|0
12:06:15.0 (60286499)|STATEMENT_EXECUTE|[51]
12:06:15.0 (60287734)|STATEMENT_EXECUTE|[52]
12:06:15.0 (60288691)|STATEMENT_EXECUTE|[53]
12:06:15.0 (60294626)|HEAP_ALLOCATE|[53]|Bytes:1
12:06:15.0 (60302525)|HEAP_ALLOCATE|[53]|Bytes:1
12:06:15.0 (60307536)|HEAP_ALLOCATE|[53]|Bytes:4
12:06:15.0 (60312338)|HEAP_ALLOCATE|[53]|Bytes:1
12:06:15.0 (60319750)|HEAP_ALLOCATE|[53]|Bytes:1
12:06:15.0 (60325207)|HEAP_ALLOCATE|[53]|Bytes:4
12:06:15.0 (60329787)|HEAP_ALLOCATE|[EXTERNAL]|Bytes:4
12:06:15.0 (60333167)|HEAP_ALLOCATE|[51]|Bytes:4
12:06:15.0 (60335830)|VARIABLE_ASSIGNMENT|[51]|j|30
12:06:15.0 (60337476)|STATEMENT_EXECUTE|[51]
12:06:15.0 (60338852)|STATEMENT_EXECUTE|[54]
12:06:15.0 (60339835)|STATEMENT_EXECUTE|[55]
12:06:15.0 (60345440)|HEAP_ALLOCATE|[55]|Bytes:1
12:06:15.0 (60353218)|HEAP_ALLOCATE|[55]|Bytes:2
12:06:15.0 (60358240)|HEAP_ALLOCATE|[55]|Bytes:4
12:06:15.0 (60363169)|HEAP_ALLOCATE|[55]|Bytes:1
12:06:15.0 (60370625)|HEAP_ALLOCATE|[55]|Bytes:2
12:06:15.0 (60375541)|HEAP_ALLOCATE|[55]|Bytes:4
12:06:15.0 (60379962)|HEAP_ALLOCATE|[EXTERNAL]|Bytes:4
12:06:15.0 (60383182)|HEAP_ALLOCATE|[51]|Bytes:4
12:06:15.0 (60390456)|VARIABLE_ASSIGNMENT|[51]|j|60
12:06:15.0 (60392837)|HEAP_ALLOCATE|[50]|Bytes:4
12:06:15.0 (60395355)|VARIABLE_ASSIGNMENT|[50]|i|3
12:06:15.0 (60397046)|STATEMENT_EXECUTE|[50]
12:06:15.0 (60398342)|STATEMENT_EXECUTE|[51]
12:06:15.0 (60400142)|VARIABLE_SCOPE_BEGIN|[51]|j|Integer|false|false
12:06:15.0 (60402088)|HEAP_ALLOCATE|[51]|Bytes:4
12:06:15.0 (60404379)|VARIABLE_ASSIGNMENT|[51]|j|0
12:06:15.0 (60405785)|STATEMENT_EXECUTE|[51]
12:06:15.0 (60407010)|STATEMENT_EXECUTE|[52]
12:06:15.0 (60407995)|STATEMENT_EXECUTE|[53]
12:06:15.0 (60414683)|HEAP_ALLOCATE|[53]|Bytes:1
12:06:15.0 (60422979)|HEAP_ALLOCATE|[53]|Bytes:1
12:06:15.0 (60428122)|HEAP_ALLOCATE|[53]|Bytes:4
12:06:15.0 (60433041)|HEAP_ALLOCATE|[53]|Bytes:1
12:06:15.0 (60440551)|HEAP_ALLOCATE|[53]|Bytes:1
12:06:15.0 (60445471)|HEAP_ALLOCATE|[53]|Bytes:4
12:06:15.0 (60450465)|HEAP_ALLOCATE|[EXTERNAL]|Bytes:4
12:06:15.0 (60453953)|HEAP_ALLOCATE|[51]|Bytes:4
12:06:15.0 (60456653)|VARIABLE_ASSIGNMENT|[51]|j|30
12:06:15.0 (60458353)|STATEMENT_EXECUTE|[51]
12:06:15.0 (60459628)|STATEMENT_EXECUTE|[54]
12:06:15.0 (60460601)|STATEMENT_EXECUTE|[55]
12:06:15.0 (60466249)|HEAP_ALLOCATE|[55]|Bytes:1
12:06:15.0 (60474199)|HEAP_ALLOCATE|[55]|Bytes:2
12:06:15.0 (60479280)|HEAP_ALLOCATE|[55]|Bytes:4
12:06:15.0 (60484205)|HEAP_ALLOCATE|[55]|Bytes:1
12:06:15.0 (60491906)|HEAP_ALLOCATE|[55]|Bytes:2
12:06:15.0 (60496946)|HEAP_ALLOCATE|[55]|Bytes:4
12:06:15.0 (60501283)|HEAP_ALLOCATE|[EXTERNAL]|Bytes:4
12:06:15.0 (60504435)|HEAP_ALLOCATE|[51]|Bytes:4
12:06:15.0 (60506988)|VARIABLE_ASSIGNMENT|[51]|j|60
12:06:15.0 (60508814)|HEAP_ALLOCATE|[50]|Bytes:4
12:06:15.0 (60511151)|VARIABLE_ASSIGNMENT|[50]|i|4
12:06:15.0 (60513001)|STATEMENT_EXECUTE|[50]
12:06:15.0 (60514259)|STATEMENT_EXECUTE|[51]
12:06:15.0 (60515921)|VARIABLE_SCOPE_BEGIN|[51]|j|Integer|false|false
12:06:15.0 (60517418)|HEAP_ALLOCATE|[51]|Bytes:4
12:06:15.0 (60519777)|VARIABLE_ASSIGNMENT|[51]|j|0
12:06:15.0 (60521184)|STATEMENT_EXECUTE|[51]
12:06:15.0 (60522450)|STATEMENT_EXECUTE|[52]
12:06:15.0 (60523430)|STATEMENT_EXECUTE|[53]
12:06:15.0 (60529195)|HEAP_ALLOCATE|[53]|Bytes:1
12:06:15.0 (60537063)|HEAP_ALLOCATE|[53]|Bytes:1
12:06:15.0 (60542283)|HEAP_ALLOCATE|[53]|Bytes:4
12:06:15.0 (60547343)|HEAP_ALLOCATE|[53]|Bytes:1
12:06:15.0 (60554806)|HEAP_ALLOCATE|[53]|Bytes:1
12:06:15.0 (60559737)|HEAP_ALLOCATE|[53]|Bytes:4
12:06:15.0 (60564476)|HEAP_ALLOCATE|[EXTERNAL]|Bytes:4
12:06:15.0 (60567737)|HEAP_ALLOCATE|[51]|Bytes:4
12:06:15.0 (60570256)|VARIABLE_ASSIGNMENT|[51]|j|30
12:06:15.0 (60571902)|STATEMENT_EXECUTE|[51]
12:06:15.0 (60573160)|STATEMENT_EXECUTE|[54]
12:06:15.0 (60574104)|STATEMENT_EXECUTE|[55]
12:06:15.0 (60579727)|HEAP_ALLOCATE|[55]|Bytes:1
12:06:15.0 (60587422)|HEAP_ALLOCATE|[55]|Bytes:2
12:06:15.0 (60592628)|HEAP_ALLOCATE|[55]|Bytes:4
12:06:15.0 (60597556)|HEAP_ALLOCATE|[55]|Bytes:1
12:06:15.0 (60605170)|HEAP_ALLOCATE|[55]|Bytes:2
12:06:15.0 (60610085)|HEAP_ALLOCATE|[55]|Bytes:4
12:06:15.0 (60614470)|HEAP_ALLOCATE|[EXTERNAL]|Bytes:4
12:06:15.0 (60617642)|HEAP_ALLOCATE|[51]|Bytes:4
12:06:15.0 (60620249)|VARIABLE_ASSIGNMENT|[51]|j|60
12:06:15.0 (60622183)|HEAP_ALLOCATE|[50]|Bytes:4
12:06:15.0 (60624414)|VARIABLE_ASSIGNMENT|[50]|i|5
12:06:15.0 (60625910)|STATEMENT_EXECUTE|[50]
12:06:15.0 (60627097)|STATEMENT_EXECUTE|[51]
12:06:15.0 (60628737)|VARIABLE_SCOPE_BEGIN|[51]|j|Integer|false|false
12:06:15.0 (60630397)|HEAP_ALLOCATE|[51]|Bytes:4
12:06:15.0 (60632699)|VARIABLE_ASSIGNMENT|[51]|j|0
12:06:15.0 (60634081)|STATEMENT_EXECUTE|[51]
12:06:15.0 (60635352)|STATEMENT_EXECUTE|[52]
12:06:15.0 (60636294)|STATEMENT_EXECUTE|[53]
12:06:15.0 (60642391)|HEAP_ALLOCATE|[53]|Bytes:1
12:06:15.0 (60650460)|HEAP_ALLOCATE|[53]|Bytes:1
12:06:15.0 (60655603)|HEAP_ALLOCATE|[53]|Bytes:4
12:06:15.0 (60660528)|HEAP_ALLOCATE|[53]|Bytes:1
12:06:15.0 (60667974)|HEAP_ALLOCATE|[53]|Bytes:1
12:06:15.0 (60672867)|HEAP_ALLOCATE|[53]|Bytes:4
12:06:15.0 (60677284)|HEAP_ALLOCATE|[EXTERNAL]|Bytes:4
12:06:15.0 (60680795)|HEAP_ALLOCATE|[51]|Bytes:4
12:06:15.0 (60683346)|VARIABLE_ASSIGNMENT|[51]|j|30
12:06:15.0 (60684984)|STATEMENT_EXECUTE|[51]
12:06:15.0 (60686294)|STATEMENT_EXECUTE|[54]
12:06:15.0 (60687252)|STATEMENT_EXECUTE|[55]
12:06:15.0 (60692909)|HEAP_ALLOCATE|[55]|Bytes:1
12:06:15.0 (60700734)|HEAP_ALLOCATE|[55]|Bytes:2
12:06:15.0 (60705994)|HEAP_ALLOCATE|[55]|Bytes:4
12:06:15.0 (60710758)|HEAP_ALLOCATE|[55]|Bytes:1
12:06:15.0 (60718869)|HEAP_ALLOCATE|[55]|Bytes:2
12:06:15.0 (60723737)|HEAP_ALLOCATE|[55]|Bytes:4
12:06:15.0 (60728105)|HEAP_ALLOCATE|[EXTERNAL]|Bytes:4
12:06:15.0 (60731276)|HEAP_ALLOCATE|[51]|Bytes:4
12:06:15.0 (60733755)|VARIABLE_ASSIGNMENT|[51]|j|60
12:06:15.0 (60735559)|HEAP_ALLOCATE|[50]|Bytes:4
12:06:15.0 (60737819)|VARIABLE_ASSIGNMENT|[50]|i|6
12:06:15.0 (60739372)|STATEMENT_EXECUTE|[50]
12:06:15.0 (60740713)|STATEMENT_EXECUTE|[51]
12:06:15.0 (60742403)|VARIABLE_SCOPE_BEGIN|[51]|j|Integer|false|false
12:06:15.0 (60743825)|HEAP_ALLOCATE|[51]|Bytes:4
12:06:15.0 (60746149)|VARIABLE_ASSIGNMENT|[51]|j|0
12:06:15.0 (60747543)|STATEMENT_EXECUTE|[51]
12:06:15.0 (60748806)|STATEMENT_EXECUTE|[52]
12:06:15.0 (60749751)|STATEMENT_EXECUTE|[53]
12:06:15.0 (60755677)|HEAP_ALLOCATE|[53]|Bytes:1
12:06:15.0 (60763703)|HEAP_ALLOCATE|[53]|Bytes:1
12:06:15.0 (60768774)|HEAP_ALLOCATE|[53]|Bytes:4
12:06:15.0 (60773794)|HEAP_ALLOCATE|[53]|Bytes:1
12:06:15.0 (60781270)|HEAP_ALLOCATE|[53]|Bytes:1
12:06:15.0 (60786127)|HEAP_ALLOCATE|[53]|Bytes:4
12:06:15.0 (60790685)|HEAP_ALLOCATE|[EXTERNAL]|Bytes:4
12:06:15.0 (60793904)|HEAP_ALLOCATE|[51]|Bytes:4
12:06:15.0 (60796487)|VARIABLE_ASSIGNMENT|[51]|j|30
12:06:15.0 (60798150)|STATEMENT_EXECUTE|[51]
12:06:15.0 (60799402)|STATEMENT_EXECUTE|[54]
12:06:15.0 (60800362)|STATEMENT_EXECUTE|[55]
12:06:15.0 (60805960)|HEAP_ALLOCATE|[55]|Bytes:1
12:06:15.0 (60813831)|HEAP_ALLOCATE|[55]|Bytes:2
12:06:15.0 (60818815)|HEAP_ALLOCATE|[55]|Bytes:4
12:06:15.0 (60823618)|HEAP_ALLOCATE|[55]|Bytes:1
12:06:15.0 (60831108)|HEAP_ALLOCATE|[55]|Bytes:2
12:06:15.0 (60836012)|HEAP_ALLOCATE|[55]|Bytes:4
12:06:15.0 (60840380)|HEAP_ALLOCATE|[EXTERNAL]|Bytes:4
12:06:15.0 (60843593)|HEAP_ALLOCATE|[51]|Bytes:4
12:06:15.0 (60846049)|VARIABLE_ASSIGNMENT|[51]|j|60
12:06:15.0 (60847866)|HEAP_ALLOCATE|[50]|Bytes:4
12:06:15.0 (60850193)|VARIABLE_ASSIGNMENT|[50]|i|7
12:06:15.0 (60851757)|STATEMENT_EXECUTE|[50]
12:06:15.0 (60853072)|STATEMENT_EXECUTE|[51]
12:06:15.0 (60854834)|VARIABLE_SCOPE_BEGIN|[51]|j|Integer|false|false
12:06:15.0 (60856391)|HEAP_ALLOCATE|[51]|Bytes:4
12:06:15.0 (60858636)|VARIABLE_ASSIGNMENT|[51]|j|0
12:06:15.0 (60860085)|STATEMENT_EXECUTE|[51]
12:06:15.0 (60861318)|STATEMENT_EXECUTE|[52]
12:06:15.0 (60862280)|STATEMENT_EXECUTE|[53]
12:06:15.0 (60868049)|HEAP_ALLOCATE|[53]|Bytes:1
12:06:15.0 (60875844)|HEAP_ALLOCATE|[53]|Bytes:1
12:06:15.0 (60880878)|HEAP_ALLOCATE|[53]|Bytes:4
12:06:15.0 (60885622)|HEAP_ALLOCATE|[53]|Bytes:1
12:06:15.0 (60893032)|HEAP_ALLOCATE|[53]|Bytes:1
12:06:15.0 (60898044)|HEAP_ALLOCATE|[53]|Bytes:4
12:06:15.0 (60902589)|HEAP_ALLOCATE|[EXTERNAL]|Bytes:4
12:06:15.0 (60905772)|HEAP_ALLOCATE|[51]|Bytes:4
12:06:15.0 (60908311)|VARIABLE_ASSIGNMENT|[51]|j|30
12:06:15.0 (60909989)|STATEMENT_EXECUTE|[51]
12:06:15.0 (60911402)|STATEMENT_EXECUTE|[54]
12:06:15.0 (60912357)|STATEMENT_EXECUTE|[55]
12:06:15.0 (60918029)|HEAP_ALLOCATE|[55]|Bytes:1
12:06:15.0 (60925731)|HEAP_ALLOCATE|[55]|Bytes:2
12:06:15.0 (60930703)|HEAP_ALLOCATE|[55]|Bytes:4
12:06:15.0 (60935562)|HEAP_ALLOCATE|[55]|Bytes:1
12:06:15.0 (60943473)|HEAP_ALLOCATE|[55]|Bytes:2
12:06:15.0 (60948399)|HEAP_ALLOCATE|[55]|Bytes:4
12:06:15.0 (60952722)|HEAP_ALLOCATE|[EXTERNAL]|Bytes:4
12:06:15.0 (60955978)|HEAP_ALLOCATE|[51]|Bytes:4
12:06:15.0 (60958478)|VARIABLE_ASSIGNMENT|[51]|j|60
12:06:15.0 (60960272)|HEAP_ALLOCATE|[50]|Bytes:4
12:06:15.0 (60962570)|VARIABLE_ASSIGNMENT|[50]|i|8
12:06:15.0 (60964121)|STATEMENT_EXECUTE|[50]
12:06:15.0 (60965496)|STATEMENT_EXECUTE|[51]
12:06:15.0 (60967163)|VARIABLE_SCOPE_BEGIN|[51]|j|Integer|false|false
12:06:15.0 (60968682)|HEAP_ALLOCATE|[51]|Bytes:4
12:06:15.0 (60970973)|VARIABLE_ASSIGNMENT|[51]|j|0
12:06:15.0 (60972388)|STATEMENT_EXECUTE|[51]
12:06:15.0 (60973611)|STATEMENT_EXECUTE|[52]
12:06:15.0 (60974578)|STATEMENT_EXECUTE|[53]
12:06:15.0 (60980219)|HEAP_ALLOCATE|[53]|Bytes:1
12:06:15.0 (60988109)|HEAP_ALLOCATE|[53]|Bytes:1
12:06:15.0 (60993195)|HEAP_ALLOCATE|[53]|Bytes:4
12:06:15.0 (60998067)|HEAP_ALLOCATE|[53]|Bytes:1
12:06:15.0 (61005500)|HEAP_ALLOCATE|[53]|Bytes:1
12:06:15.0 (61011162)|HEAP_ALLOCATE|[53]|Bytes:4
12:06:15.0 (61015965)|HEAP_ALLOCATE|[EXTERNAL]|Bytes:4
12:06:15.0 (61019350)|HEAP_ALLOCATE|[51]|Bytes:4
12:06:15.0 (61022011)|VARIABLE_ASSIGNMENT|[51]|j|30
12:06:15.0 (61023614)|STATEMENT_EXECUTE|[51]
12:06:15.0 (61024895)|STATEMENT_EXECUTE|[54]
12:06:15.0 (61025858)|STATEMENT_EXECUTE|[55]
12:06:15.0 (61031586)|HEAP_ALLOCATE|[55]|Bytes:1
12:06:15.0 (61039352)|HEAP_ALLOCATE|[55]|Bytes:2
12:06:15.0 (61044254)|HEAP_ALLOCATE|[55]|Bytes:4
12:06:15.0 (61049193)|HEAP_ALLOCATE|[55]|Bytes:1
12:06:15.0 (61056612)|HEAP_ALLOCATE|[55]|Bytes:2
12:06:15.0 (61061546)|HEAP_ALLOCATE|[55]|Bytes:4
12:06:15.0 (61065961)|HEAP_ALLOCATE|[EXTERNAL]|Bytes:4
12:06:15.0 (61069066)|HEAP_ALLOCATE|[51]|Bytes:4
12:06:15.0 (61071589)|VARIABLE_ASSIGNMENT|[51]|j|60
12:06:15.0 (61073446)|HEAP_ALLOCATE|[50]|Bytes:4
12:06:15.0 (61075722)|VARIABLE_ASSIGNMENT|[50]|i|9
12:06:15.0 (61077258)|STATEMENT_EXECUTE|[50]
12:06:15.0 (61078571)|STATEMENT_EXECUTE|[51]
12:06:15.0 (61080191)|VARIABLE_SCOPE_BEGIN|[51]|j|Integer|false|false
12:06:15.0 (61081817)|HEAP_ALLOCATE|[51]|Bytes:4
12:06:15.0 (61084166)|VARIABLE_ASSIGNMENT|[51]|j|0
12:06:15.0 (61085560)|STATEMENT_EXECUTE|[51]
12:06:15.0 (61086788)|STATEMENT_EXECUTE|[52]
12:06:15.0 (61087740)|STATEMENT_EXECUTE|[53]
12:06:15.0 (61093644)|HEAP_ALLOCATE|[53]|Bytes:1
12:06:15.0 (61101357)|HEAP_ALLOCATE|[53]|Bytes:1
12:06:15.0 (61106298)|HEAP_ALLOCATE|[53]|Bytes:4
12:06:15.0 (61111105)|HEAP_ALLOCATE|[53]|Bytes:1
12:06:15.0 (61118536)|HEAP_ALLOCATE|[53]|Bytes:1
12:06:15.0 (61123458)|HEAP_ALLOCATE|[53]|Bytes:4
12:06:15.0 (61127887)|HEAP_ALLOCATE|[EXTERNAL]|Bytes:4
12:06:15.0 (61131167)|HEAP_ALLOCATE|[51]|Bytes:4
12:06:15.0 (61133700)|VARIABLE_ASSIGNMENT|[51]|j|30
12:06:15.0 (61135375)|STATEMENT_EXECUTE|[51]
12:06:15.0 (61136618)|STATEMENT_EXECUTE|[54]
12:06:15.0 (61137714)|STATEMENT_EXECUTE|[55]
12:06:15.0 (61143322)|HEAP_ALLOCATE|[55]|Bytes:1
12:06:15.0 (61151054)|HEAP_ALLOCATE|[55]|Bytes:2
12:06:15.0 (61156038)|HEAP_ALLOCATE|[55]|Bytes:4
12:06:15.0 (61160915)|HEAP_ALLOCATE|[55]|Bytes:1
12:06:15.0 (61168482)|HEAP_ALLOCATE|[55]|Bytes:2
12:06:15.0 (61173649)|HEAP_ALLOCATE|[55]|Bytes:4
12:06:15.0 (61177963)|HEAP_ALLOCATE|[EXTERNAL]|Bytes:4
12:06:15.0 (61181115)|HEAP_ALLOCATE|[51]|Bytes:4
12:06:15.0 (61183580)|VARIABLE_ASSIGNMENT|[51]|j|60
12:06:15.0 (61185419)|HEAP_ALLOCATE|[50]|Bytes:4
12:06:15.0 (61187671)|VARIABLE_ASSIGNMENT|[50]|i|10
12:06:15.0 (61189182)|STATEMENT_EXECUTE|[50]
12:06:15.0 (61190487)|STATEMENT_EXECUTE|[51]
12:06:15.0 (61192188)|VARIABLE_SCOPE_BEGIN|[51]|j|Integer|false|false
12:06:15.0 (61193578)|HEAP_ALLOCATE|[51]|Bytes:4
12:06:15.0 (61195956)|VARIABLE_ASSIGNMENT|[51]|j|0
12:06:15.0 (61197363)|STATEMENT_EXECUTE|[51]
12:06:15.0 (61198586)|STATEMENT_EXECUTE|[52]
12:06:15.0 (61199570)|STATEMENT_EXECUTE|[53]
12:06:15.0 (61205441)|HEAP_ALLOCATE|[53]|Bytes:2
12:06:15.0 (61213247)|HEAP_ALLOCATE|[53]|Bytes:1
12:06:15.0 (61218162)|HEAP_ALLOCATE|[53]|Bytes:5
12:06:15.0 (61223016)|HEAP_ALLOCATE|[53]|Bytes:2
12:06:15.0 (61230630)|HEAP_ALLOCATE|[53]|Bytes:1
12:06:15.0 (61235572)|HEAP_ALLOCATE|[53]|Bytes:5
12:06:15.0 (61240612)|HEAP_ALLOCATE|[EXTERNAL]|Bytes:4
12:06:15.0 (61243857)|HEAP_ALLOCATE|[51]|Bytes:4
12:06:15.0 (61246433)|VARIABLE_ASSIGNMENT|[51]|j|30
12:06:15.0 (61248094)|STATEMENT_EXECUTE|[51]
12:06:15.0 (61249408)|STATEMENT_EXECUTE|[54]
12:06:15.0 (61250370)|STATEMENT_EXECUTE|[55]
12:06:15.0 (61255860)|HEAP_ALLOCATE|[55]|Bytes:2
12:06:15.0 (61263634)|HEAP_ALLOCATE|[55]|Bytes:2
12:06:15.0 (61268758)|HEAP_ALLOCATE|[55]|Bytes:5
12:06:15.0 (61273632)|HEAP_ALLOCATE|[55]|Bytes:2
12:06:15.0 (61281308)|HEAP_ALLOCATE|[55]|Bytes:2
12:06:15.0 (61286400)|HEAP_ALLOCATE|[55]|Bytes:5
12:06:15.0 (61290817)|HEAP_ALLOCATE|[EXTERNAL]|Bytes:4
12:06:15.0 (61293903)|HEAP_ALLOCATE|[51]|Bytes:4
12:06:15.0 (61296360)|VARIABLE_ASSIGNMENT|[51]|j|60
12:06:15.0 (61298115)|HEAP_ALLOCATE|[50]|Bytes:4
12:06:15.0 (61300396)|VARIABLE_ASSIGNMENT|[50]|i|11
12:06:15.0 (61301925)|STATEMENT_EXECUTE|[50]
12:06:15.0 (61303269)|STATEMENT_EXECUTE|[51]
12:06:15.0 (61304974)|VARIABLE_SCOPE_BEGIN|[51]|j|Integer|false|false
12:06:15.0 (61306337)|HEAP_ALLOCATE|[51]|Bytes:4
12:06:15.0 (61309348)|VARIABLE_ASSIGNMENT|[51]|j|0
12:06:15.0 (61310763)|STATEMENT_EXECUTE|[51]
12:06:15.0 (61312027)|STATEMENT_EXECUTE|[52]
12:06:15.0 (61312963)|STATEMENT_EXECUTE|[53]
12:06:15.0 (61318675)|HEAP_ALLOCATE|[53]|Bytes:2
12:06:15.0 (61326540)|HEAP_ALLOCATE|[53]|Bytes:1
12:06:15.0 (61331586)|HEAP_ALLOCATE|[53]|Bytes:5
12:06:15.0 (61336604)|HEAP_ALLOCATE|[53]|Bytes:2
12:06:15.0 (61344093)|HEAP_ALLOCATE|[53]|Bytes:1
12:06:15.0 (61348952)|HEAP_ALLOCATE|[53]|Bytes:5
12:06:15.0 (61353475)|HEAP_ALLOCATE|[EXTERNAL]|Bytes:4
12:06:15.0 (61356895)|HEAP_ALLOCATE|[51]|Bytes:4
12:06:15.0 (61359496)|VARIABLE_ASSIGNMENT|[51]|j|30
12:06:15.0 (61361222)|STATEMENT_EXECUTE|[51]
12:06:15.0 (61362487)|STATEMENT_EXECUTE|[54]
12:06:15.0 (61363428)|STATEMENT_EXECUTE|[55]
12:06:15.0 (61369081)|HEAP_ALLOCATE|[55]|Bytes:2
12:06:15.0 (61376774)|HEAP_ALLOCATE|[55]|Bytes:2
12:06:15.0 (61381869)|HEAP_ALLOCATE|[55]|Bytes:5
12:06:15.0 (61390612)|HEAP_ALLOCATE|[55]|Bytes:2
12:06:15.0 (61398342)|HEAP_ALLOCATE|[55]|Bytes:2
12:06:15.0 (61403792)|HEAP_ALLOCATE|[55]|Bytes:5
12:06:15.0 (61408542)|HEAP_ALLOCATE|[EXTERNAL]|Bytes:4
12:06:15.0 (61411723)|HEAP_ALLOCATE|[51]|Bytes:4
12:06:15.0 (61414379)|VARIABLE_ASSIGNMENT|[51]|j|60
12:06:15.0 (61416309)|HEAP_ALLOCATE|[50]|Bytes:4
12:06:15.0 (61418612)|VARIABLE_ASSIGNMENT|[50]|i|12
12:06:15.0 (61420246)|STATEMENT_EXECUTE|[50]
12:06:15.0 (61421570)|STATEMENT_EXECUTE|[51]
12:06:15.0 (61423284)|VARIABLE_SCOPE_BEGIN|[51]|j|Integer|false|false
12:06:15.0 (61424662)|HEAP_ALLOCATE|[51]|Bytes:4
12:06:15.0 (61426983)|VARIABLE_ASSIGNMENT|[51]|j|0
12:06:15.0 (61428419)|STATEMENT_EXECUTE|[51]
12:06:15.0 (61429640)|STATEMENT_EXECUTE|[52]
12:06:15.0 (61430622)|STATEMENT_EXECUTE|[53]
12:06:15.0 (61436710)|HEAP_ALLOCATE|[53]|Bytes:2
12:06:15.0 (61444741)|HEAP_ALLOCATE|[53]|Bytes:1
12:06:15.0 (61449736)|HEAP_ALLOCATE|[53]|Bytes:5
12:06:15.0 (61454511)|HEAP_ALLOCATE|[53]|Bytes:2
12:06:15.0 (61461934)|HEAP_ALLOCATE|[53]|Bytes:1
12:06:15.0 (61466844)|HEAP_ALLOCATE|[53]|Bytes:5
12:06:15.0 (61471826)|HEAP_ALLOCATE|[EXTERNAL]|Bytes:4
12:06:15.0 (61475196)|HEAP_ALLOCATE|[51]|Bytes:4
12:06:15.0 (61477761)|VARIABLE_ASSIGNMENT|[51]|j|30
12:06:15.0 (61479525)|STATEMENT_EXECUTE|[51]
12:06:15.0 (61480794)|STATEMENT_EXECUTE|[54]
12:06:15.0 (61481746)|STATEMENT_EXECUTE|[55]
12:06:15.0 (61487353)|HEAP_ALLOCATE|[55]|Bytes:2
12:06:15.0 (61495174)|HEAP_ALLOCATE|[55]|Bytes:2
12:06:15.0 (61500164)|HEAP_ALLOCATE|[55]|Bytes:5
12:06:15.0 (61505028)|HEAP_ALLOCATE|[55]|Bytes:2
12:06:15.0 (61512502)|HEAP_ALLOCATE|[55]|Bytes:2
12:06:15.0 (61517421)|HEAP_ALLOCATE|[55]|Bytes:5
12:06:15.0 (61521854)|HEAP_ALLOCATE|[EXTERNAL]|Bytes:4
12:06:15.0 (61525024)|HEAP_ALLOCATE|[51]|Bytes:4
12:06:15.0 (61527498)|VARIABLE_ASSIGNMENT|[51]|j|60
12:06:15.0 (61529278)|HEAP_ALLOCATE|[50]|Bytes:4
12:06:15.0 (61531583)|VARIABLE_ASSIGNMENT|[50]|i|13
12:06:15.0 (61533127)|STATEMENT_EXECUTE|[50]
12:06:15.0 (61534458)|STATEMENT_EXECUTE|[51]
12:06:15.0 (61536106)|VARIABLE_SCOPE_BEGIN|[51]|j|Integer|false|false
12:06:15.0 (61537472)|HEAP_ALLOCATE|[51]|Bytes:4
12:06:15.0 (61539963)|VARIABLE_ASSIGNMENT|[51]|j|0
12:06:15.0 (61541424)|STATEMENT_EXECUTE|[51]
12:06:15.0 (61542649)|STATEMENT_EXECUTE|[52]
12:06:15.0 (61543736)|STATEMENT_EXECUTE|[53]
12:06:15.0 (61549559)|HEAP_ALLOCATE|[53]|Bytes:2
12:06:15.0 (61557340)|HEAP_ALLOCATE|[53]|Bytes:1
12:06:15.0 (61562421)|HEAP_ALLOCATE|[53]|Bytes:5
12:06:15.0 (61567271)|HEAP_ALLOCATE|[53]|Bytes:2
12:06:15.0 (61574633)|HEAP_ALLOCATE|[53]|Bytes:1
12:06:15.0 (61579511)|HEAP_ALLOCATE|[53]|Bytes:5
12:06:15.0 (61583952)|HEAP_ALLOCATE|[EXTERNAL]|Bytes:4
12:06:15.0 (61587260)|HEAP_ALLOCATE|[51]|Bytes:4
12:06:15.0 (61589799)|VARIABLE_ASSIGNMENT|[51]|j|30
12:06:15.0 (61591431)|STATEMENT_EXECUTE|[51]
12:06:15.0 (61592705)|STATEMENT_EXECUTE|[54]
12:06:15.0 (61593654)|STATEMENT_EXECUTE|[55]
12:06:15.0 (61599177)|HEAP_ALLOCATE|[55]|Bytes:2
12:06:15.0 (61606886)|HEAP_ALLOCATE|[55]|Bytes:2
12:06:15.0 (61611809)|HEAP_ALLOCATE|[55]|Bytes:5
12:06:15.0 (61616594)|HEAP_ALLOCATE|[55]|Bytes:2
12:06:15.0 (61624031)|HEAP_ALLOCATE|[55]|Bytes:2
12:06:15.0 (61629213)|HEAP_ALLOCATE|[55]|Bytes:5
12:06:15.0 (61633684)|HEAP_ALLOCATE|[EXTERNAL]|Bytes:4
12:06:15.0 (61636832)|HEAP_ALLOCATE|[51]|Bytes:4
12:06:15.0 (61639384)|VARIABLE_ASSIGNMENT|[51]|j|60
12:06:15.0 (61641378)|HEAP_ALLOCATE|[50]|Bytes:4
12:06:15.0 (61643650)|VARIABLE_ASSIGNMENT|[50]|i|14
12:06:15.0 (61645333)|STATEMENT_EXECUTE|[50]
12:06:15.0 (61646618)|STATEMENT_EXECUTE|[51]
12:06:15.0 (61648332)|VARIABLE_SCOPE_BEGIN|[51]|j|Integer|false|false
12:06:15.0 (61649779)|HEAP_ALLOCATE|[51]|Bytes:4
12:06:15.0 (61652190)|VARIABLE_ASSIGNMENT|[51]|j|0
12:06:15.0 (61653597)|STATEMENT_EXECUTE|[51]
12:06:15.0 (61654873)|STATEMENT_EXECUTE|[52]
12:06:15.0 (61655866)|STATEMENT_EXECUTE|[53]
12:06:15.0 (61661645)|HEAP_ALLOCATE|[53]|Bytes:2
12:06:15.0 (61669516)|HEAP_ALLOCATE|[53]|Bytes:1
12:06:15.0 (61674471)|HEAP_ALLOCATE|[53]|Bytes:5
12:06:15.0 (61679357)|HEAP_ALLOCATE|[53]|Bytes:2
12:06:15.0 (61686763)|HEAP_ALLOCATE|[53]|Bytes:1
12:06:15.0 (61691637)|HEAP_ALLOCATE|[53]|Bytes:5
12:06:15.0 (61696083)|HEAP_ALLOCATE|[EXTERNAL]|Bytes:4
12:06:15.0 (61699519)|HEAP_ALLOCATE|[51]|Bytes:4
12:06:15.0 (61702103)|VARIABLE_ASSIGNMENT|[51]|j|30
12:06:15.0 (61703776)|STATEMENT_EXECUTE|[51]
12:06:15.0 (61705034)|STATEMENT_EXECUTE|[54]
12:06:15.0 (61705984)|STATEMENT_EXECUTE|[55]
12:06:15.0 (61711629)|HEAP_ALLOCATE|[55]|Bytes:2
12:06:15.0 (61719283)|HEAP_ALLOCATE|[55]|Bytes:2
12:06:15.0 (61724216)|HEAP_ALLOCATE|[55]|Bytes:5
12:06:15.0 (61729033)|HEAP_ALLOCATE|[55]|Bytes:2
12:06:15.0 (61736590)|HEAP_ALLOCATE|[55]|Bytes:2
12:06:15.0 (61741496)|HEAP_ALLOCATE|[55]|Bytes:5
12:06:15.0 (61745840)|HEAP_ALLOCATE|[EXTERNAL]|Bytes:4
12:06:15.0 (61749004)|HEAP_ALLOCATE|[51]|Bytes:4
12:06:15.0 (61751469)|VARIABLE_ASSIGNMENT|[51]|j|60
12:06:15.0 (61753336)|HEAP_ALLOCATE|[50]|Bytes:4
12:06:15.0 (61755643)|VARIABLE_ASSIGNMENT|[50]|i|15
12:06:15.0 (61757198)|STATEMENT_EXECUTE|[50]
12:06:15.0 (61758569)|STATEMENT_EXECUTE|[51]
12:06:15.0 (61760215)|VARIABLE_SCOPE_BEGIN|[51]|j|Integer|false|false
12:06:15.0 (61761746)|HEAP_ALLOCATE|[51]|Bytes:4
12:06:15.0 (61764293)|VARIABLE_ASSIGNMENT|[51]|j|0
12:06:15.0 (61765725)|STATEMENT_EXECUTE|[51]
12:06:15.0 (61766945)|STATEMENT_EXECUTE|[52]
12:06:15.0 (61767925)|STATEMENT_EXECUTE|[53]
12:06:15.0 (61773637)|HEAP_ALLOCATE|[53]|Bytes:2
12:06:15.0 (61781482)|HEAP_ALLOCATE|[53]|Bytes:1
12:06:15.0 (61786552)|HEAP_ALLOCATE|[53]|Bytes:5
12:06:15.0 (61791445)|HEAP_ALLOCATE|[53]|Bytes:2
12:06:15.0 (61799083)|HEAP_ALLOCATE|[53]|Bytes:1
12:06:15.0 (61803928)|HEAP_ALLOCATE|[53]|Bytes:5
12:06:15.0 (61808496)|HEAP_ALLOCATE|[EXTERNAL]|Bytes:4
12:06:15.0 (61811786)|HEAP_ALLOCATE|[51]|Bytes:4
12:06:15.0 (61814362)|VARIABLE_ASSIGNMENT|[51]|j|30
12:06:15.0 (61816023)|STATEMENT_EXECUTE|[51]
12:06:15.0 (61817274)|STATEMENT_EXECUTE|[54]
12:06:15.0 (61818257)|STATEMENT_EXECUTE|[55]
12:06:15.0 (61823778)|HEAP_ALLOCATE|[55]|Bytes:2
12:06:15.0 (61831457)|HEAP_ALLOCATE|[55]|Bytes:2
12:06:15.0 (61836390)|HEAP_ALLOCATE|[55]|Bytes:5
12:06:15.0 (61841233)|HEAP_ALLOCATE|[55]|Bytes:2
12:06:15.0 (61848758)|HEAP_ALLOCATE|[55]|Bytes:2
12:06:15.0 (61853815)|HEAP_ALLOCATE|[55]|Bytes:5
12:06:15.0 (61858190)|HEAP_ALLOCATE|[EXTERNAL]|Bytes:4
12:06:15.0 (61861337)|HEAP_ALLOCATE|[51]|Bytes:4
12:06:15.0 (61863869)|VARIABLE_ASSIGNMENT|[51]|j|60
12:06:15.0 (61865680)|HEAP_ALLOCATE|[50]|Bytes:4
12:06:15.0 (61868066)|VARIABLE_ASSIGNMENT|[50]|i|16
12:06:15.0 (61869593)|STATEMENT_EXECUTE|[50]
12:06:15.0 (61870951)|STATEMENT_EXECUTE|[51]
12:06:15.0 (61872621)|VARIABLE_SCOPE_BEGIN|[51]|j|Integer|false|false
12:06:15.0 (61874031)|HEAP_ALLOCATE|[51]|Bytes:4
12:06:15.0 (61876279)|VARIABLE_ASSIGNMENT|[51]|j|0
12:06:15.0 (61877687)|STATEMENT_EXECUTE|[51]
12:06:15.0 (61878948)|STATEMENT_EXECUTE|[52]
12:06:15.0 (61879894)|STATEMENT_EXECUTE|[53]
12:06:15.0 (61885751)|HEAP_ALLOCATE|[53]|Bytes:2
12:06:15.0 (61893613)|HEAP_ALLOCATE|[53]|Bytes:1
12:06:15.0 (61898566)|HEAP_ALLOCATE|[53]|Bytes:5
12:06:15.0 (61903445)|HEAP_ALLOCATE|[53]|Bytes:2
12:06:15.0 (61910840)|HEAP_ALLOCATE|[53]|Bytes:1
12:06:15.0 (61915762)|HEAP_ALLOCATE|[53]|Bytes:5
12:06:15.0 (61920162)|HEAP_ALLOCATE|[EXTERNAL]|Bytes:4
12:06:15.0 (61923653)|HEAP_ALLOCATE|[51]|Bytes:4
12:06:15.0 (61926102)|VARIABLE_ASSIGNMENT|[51]|j|30
12:06:15.0 (61927737)|STATEMENT_EXECUTE|[51]
12:06:15.0 (61928972)|STATEMENT_EXECUTE|[54]
12:06:15.0 (61929934)|STATEMENT_EXECUTE|[55]
12:06:15.0 (61935454)|HEAP_ALLOCATE|[55]|Bytes:2
12:06:15.0 (61943081)|HEAP_ALLOCATE|[55]|Bytes:2
12:06:15.0 (61947953)|HEAP_ALLOCATE|[55]|Bytes:5
12:06:15.0 (61952886)|HEAP_ALLOCATE|[55]|Bytes:2
12:06:15.0 (61960739)|HEAP_ALLOCATE|[55]|Bytes:2
12:06:15.0 (61965846)|HEAP_ALLOCATE|[55]|Bytes:5
12:06:15.0 (61970190)|HEAP_ALLOCATE|[EXTERNAL]|Bytes:4
12:06:15.0 (61973498)|HEAP_ALLOCATE|[51]|Bytes:4
12:06:15.0 (61976029)|VARIABLE_ASSIGNMENT|[51]|j|60
12:06:15.0 (61977939)|HEAP_ALLOCATE|[50]|Bytes:4
12:06:15.0 (61980154)|VARIABLE_ASSIGNMENT|[50]|i|17
12:06:15.0 (61981733)|STATEMENT_EXECUTE|[50]
12:06:15.0 (61983014)|STATEMENT_EXECUTE|[51]
12:06:15.0 (61984686)|VARIABLE_SCOPE_BEGIN|[51]|j|Integer|false|false
12:06:15.0 (61986092)|HEAP_ALLOCATE|[51]|Bytes:4
12:06:15.0 (61988630)|VARIABLE_ASSIGNMENT|[51]|j|0
12:06:15.0 (61990047)|STATEMENT_EXECUTE|[51]
12:06:15.0 (61991324)|STATEMENT_EXECUTE|[52]
12:06:15.0 (61992307)|STATEMENT_EXECUTE|[53]
12:06:15.0 (61998180)|HEAP_ALLOCATE|[53]|Bytes:2
12:06:15.0 (62006012)|HEAP_ALLOCATE|[53]|Bytes:1
12:06:15.0 (62011549)|HEAP_ALLOCATE|[53]|Bytes:5
12:06:15.0 (62016384)|HEAP_ALLOCATE|[53]|Bytes:2
12:06:15.0 (62024005)|HEAP_ALLOCATE|[53]|Bytes:1
12:06:15.0 (62029016)|HEAP_ALLOCATE|[53]|Bytes:5
12:06:15.0 (62033512)|HEAP_ALLOCATE|[EXTERNAL]|Bytes:4
12:06:15.0 (62036842)|HEAP_ALLOCATE|[51]|Bytes:4
12:06:15.0 (62039406)|VARIABLE_ASSIGNMENT|[51]|j|30
12:06:15.0 (62041052)|STATEMENT_EXECUTE|[51]
12:06:15.0 (62042306)|STATEMENT_EXECUTE|[54]
12:06:15.0 (62043270)|STATEMENT_EXECUTE|[55]
12:06:15.0 (62048956)|HEAP_ALLOCATE|[55]|Bytes:2
12:06:15.0 (62056606)|HEAP_ALLOCATE|[55]|Bytes:2
12:06:15.0 (62061600)|HEAP_ALLOCATE|[55]|Bytes:5
12:06:15.0 (62066434)|HEAP_ALLOCATE|[55]|Bytes:2
12:06:15.0 (62074000)|HEAP_ALLOCATE|[55]|Bytes:2
12:06:15.0 (62079251)|HEAP_ALLOCATE|[55]|Bytes:5
12:06:15.0 (62083632)|HEAP_ALLOCATE|[EXTERNAL]|Bytes:4
12:06:15.0 (62086686)|HEAP_ALLOCATE|[51]|Bytes:4
12:06:15.0 (62089229)|VARIABLE_ASSIGNMENT|[51]|j|60
12:06:15.0 (62090982)|HEAP_ALLOCATE|[50]|Bytes:4
12:06:15.0 (62093209)|VARIABLE_ASSIGNMENT|[50]|i|18
12:06:15.0 (62094737)|STATEMENT_EXECUTE|[50]
12:06:15.0 (62096033)|STATEMENT_EXECUTE|[51]
12:06:15.0 (62097656)|VARIABLE_SCOPE_BEGIN|[51]|j|Integer|false|false
12:06:15.0 (62099117)|HEAP_ALLOCATE|[51]|Bytes:4
12:06:15.0 (62101425)|VARIABLE_ASSIGNMENT|[51]|j|0
12:06:15.0 (62102841)|STATEMENT_EXECUTE|[51]
12:06:15.0 (62104060)|STATEMENT_EXECUTE|[52]
12:06:15.0 (62105102)|STATEMENT_EXECUTE|[53]
12:06:15.0 (62111068)|HEAP_ALLOCATE|[53]|Bytes:2
12:06:15.0 (62118901)|HEAP_ALLOCATE|[53]|Bytes:1
12:06:15.0 (62123904)|HEAP_ALLOCATE|[53]|Bytes:5
12:06:15.0 (62128750)|HEAP_ALLOCATE|[53]|Bytes:2
12:06:15.0 (62136132)|HEAP_ALLOCATE|[53]|Bytes:1
12:06:15.0 (62141019)|HEAP_ALLOCATE|[53]|Bytes:5
12:06:15.0 (62145437)|HEAP_ALLOCATE|[EXTERNAL]|Bytes:4
12:06:15.0 (62149011)|HEAP_ALLOCATE|[51]|Bytes:4
12:06:15.0 (62151495)|VARIABLE_ASSIGNMENT|[51]|j|30
12:06:15.0 (62153094)|STATEMENT_EXECUTE|[51]
12:06:15.0 (62154353)|STATEMENT_EXECUTE|[54]
12:06:15.0 (62155295)|STATEMENT_EXECUTE|[55]
12:06:15.0 (62160810)|HEAP_ALLOCATE|[55]|Bytes:2
12:06:15.0 (62168509)|HEAP_ALLOCATE|[55]|Bytes:2
12:06:15.0 (62173428)|HEAP_ALLOCATE|[55]|Bytes:5
12:06:15.0 (62178211)|HEAP_ALLOCATE|[55]|Bytes:2
12:06:15.0 (62185839)|HEAP_ALLOCATE|[55]|Bytes:2
12:06:15.0 (62190768)|HEAP_ALLOCATE|[55]|Bytes:5
12:06:15.0 (62195202)|HEAP_ALLOCATE|[EXTERNAL]|Bytes:4
12:06:15.0 (62198325)|HEAP_ALLOCATE|[51]|Bytes:4
12:06:15.0 (62200896)|VARIABLE_ASSIGNMENT|[51]|j|60
12:06:15.0 (62202654)|HEAP_ALLOCATE|[50]|Bytes:4
12:06:15.0 (62204877)|VARIABLE_ASSIGNMENT|[50]|i|19
12:06:15.0 (62206420)|STATEMENT_EXECUTE|[50]
12:06:15.0 (62207748)|STATEMENT_EXECUTE|[51]
12:06:15.0 (62209401)|VARIABLE_SCOPE_BEGIN|[51]|j|Integer|false|false
12:06:15.0 (62210886)|HEAP_ALLOCATE|[51]|Bytes:4
12:06:15.0 (62213810)|VARIABLE_ASSIGNMENT|[51]|j|0
12:06:15.0 (62215278)|STATEMENT_EXECUTE|[51]
12:06:15.0 (62216528)|STATEMENT_EXECUTE|[52]
12:06:15.0 (62217455)|STATEMENT_EXECUTE|[53]
12:06:15.0 (62223272)|HEAP_ALLOCATE|[53]|Bytes:2
12:06:15.0 (62231116)|HEAP_ALLOCATE|[53]|Bytes:1
12:06:15.0 (62236337)|HEAP_ALLOCATE|[53]|Bytes:5
12:06:15.0 (62241195)|HEAP_ALLOCATE|[53]|Bytes:2
12:06:15.0 (62248569)|HEAP_ALLOCATE|[53]|Bytes:1
12:06:15.0 (62253447)|HEAP_ALLOCATE|[53]|Bytes:5
12:06:15.0 (62257934)|HEAP_ALLOCATE|[EXTERNAL]|Bytes:4
12:06:15.0 (62261177)|HEAP_ALLOCATE|[51]|Bytes:4
12:06:15.0 (62263765)|VARIABLE_ASSIGNMENT|[51]|j|30
12:06:15.0 (62265434)|STATEMENT_EXECUTE|[51]
12:06:15.0 (62266704)|STATEMENT_EXECUTE|[54]
12:06:15.0 (62267659)|STATEMENT_EXECUTE|[55]
12:06:15.0 (62273150)|HEAP_ALLOCATE|[55]|Bytes:2
12:06:15.0 (62280785)|HEAP_ALLOCATE|[55]|Bytes:2
12:06:15.0 (62285746)|HEAP_ALLOCATE|[55]|Bytes:5
12:06:15.0 (62290825)|HEAP_ALLOCATE|[55]|Bytes:2
12:06:15.0 (62298143)|HEAP_ALLOCATE|[55]|Bytes:2
12:06:15.0 (62303004)|HEAP_ALLOCATE|[55]|Bytes:5
12:06:15.0 (62307659)|HEAP_ALLOCATE|[EXTERNAL]|Bytes:4
12:06:15.0 (62310759)|HEAP_ALLOCATE|[51]|Bytes:4
12:06:15.0 (62313212)|VARIABLE_ASSIGNMENT|[51]|j|60
12:06:15.0 (62315054)|HEAP_ALLOCATE|[50]|Bytes:4
12:06:15.0 (62317295)|VARIABLE_ASSIGNMENT|[50]|i|20
12:06:15.0 (62318796)|STATEMENT_EXECUTE|[50]
12:06:15.0 (62320179)|STATEMENT_EXECUTE|[51]
12:06:15.0 (62321834)|VARIABLE_SCOPE_BEGIN|[51]|j|Integer|false|false
12:06:15.0 (62323293)|HEAP_ALLOCATE|[51]|Bytes:4
12:06:15.0 (62325615)|VARIABLE_ASSIGNMENT|[51]|j|0
12:06:15.0 (62327020)|STATEMENT_EXECUTE|[51]
12:06:15.0 (62328225)|STATEMENT_EXECUTE|[52]
12:06:15.0 (62329176)|STATEMENT_EXECUTE|[53]
12:06:15.0 (62334908)|HEAP_ALLOCATE|[53]|Bytes:2
12:06:15.0 (62342822)|HEAP_ALLOCATE|[53]|Bytes:1
12:06:15.0 (62347769)|HEAP_ALLOCATE|[53]|Bytes:5
12:06:15.0 (62352551)|HEAP_ALLOCATE|[53]|Bytes:2
12:06:15.0 (62359877)|HEAP_ALLOCATE|[53]|Bytes:1
12:06:15.0 (62364726)|HEAP_ALLOCATE|[53]|Bytes:5
12:06:15.0 (62369190)|HEAP_ALLOCATE|[EXTERNAL]|Bytes:4
12:06:15.0 (62372630)|HEAP_ALLOCATE|[51]|Bytes:4
12:06:15.0 (62375133)|VARIABLE_ASSIGNMENT|[51]|j|30
12:06:15.0 (62376820)|STATEMENT_EXECUTE|[51]
12:06:15.0 (62378197)|STATEMENT_EXECUTE|[54]
12:06:15.0 (62379162)|STATEMENT_EXECUTE|[55]
12:06:15.0 (62384812)|HEAP_ALLOCATE|[55]|Bytes:2
12:06:15.0 (62395692)|HEAP_ALLOCATE|[55]|Bytes:2
12:06:15.0 (62401202)|HEAP_ALLOCATE|[55]|Bytes:5
12:06:15.0 (62406480)|HEAP_ALLOCATE|[55]|Bytes:2
12:06:15.0 (62414435)|HEAP_ALLOCATE|[55]|Bytes:2
12:06:15.0 (62419421)|HEAP_ALLOCATE|[55]|Bytes:5
12:06:15.0 (62424293)|HEAP_ALLOCATE|[EXTERNAL]|Bytes:4
12:06:15.0 (62427896)|HEAP_ALLOCATE|[51]|Bytes:4
12:06:15.0 (62430608)|VARIABLE_ASSIGNMENT|[51]|j|60
12:06:15.0 (62432695)|HEAP_ALLOCATE|[50]|Bytes:4
12:06:15.0 (62435124)|VARIABLE_ASSIGNMENT|[50]|i|21
12:06:15.0 (62436690)|STATEMENT_EXECUTE|[50]
12:06:15.0 (62438010)|STATEMENT_EXECUTE|[51]
12:06:15.0 (62439651)|VARIABLE_SCOPE_BEGIN|[51]|j|Integer|false|false
12:06:15.0 (62441119)|HEAP_ALLOCATE|[51]|Bytes:4
12:06:15.0 (62443721)|VARIABLE_ASSIGNMENT|[51]|j|0
12:06:15.0 (62445413)|STATEMENT_EXECUTE|[51]
12:06:15.0 (62446643)|STATEMENT_EXECUTE|[52]
12:06:15.0 (62447583)|STATEMENT_EXECUTE|[53]
12:06:15.0 (62453663)|HEAP_ALLOCATE|[53]|Bytes:2
12:06:15.0 (62461401)|HEAP_ALLOCATE|[53]|Bytes:1
12:06:15.0 (62466399)|HEAP_ALLOCATE|[53]|Bytes:5
12:06:15.0 (62471249)|HEAP_ALLOCATE|[53]|Bytes:2
12:06:15.0 (62478703)|HEAP_ALLOCATE|[53]|Bytes:1
12:06:15.0 (62483578)|HEAP_ALLOCATE|[53]|Bytes:5
12:06:15.0 (62488143)|HEAP_ALLOCATE|[EXTERNAL]|Bytes:4
12:06:15.0 (62491471)|HEAP_ALLOCATE|[51]|Bytes:4
12:06:15.0 (62493986)|VARIABLE_ASSIGNMENT|[51]|j|30
12:06:15.0 (62495751)|STATEMENT_EXECUTE|[51]
12:06:15.0 (62496992)|STATEMENT_EXECUTE|[54]
12:06:15.0 (62498017)|STATEMENT_EXECUTE|[55]
12:06:15.0 (62503624)|HEAP_ALLOCATE|[55]|Bytes:2
12:06:15.0 (62511274)|HEAP_ALLOCATE|[55]|Bytes:2
12:06:15.0 (62516199)|HEAP_ALLOCATE|[55]|Bytes:5
12:06:15.0 (62521005)|HEAP_ALLOCATE|[55]|Bytes:2
12:06:15.0 (62528470)|HEAP_ALLOCATE|[55]|Bytes:2
12:06:15.0 (62533355)|HEAP_ALLOCATE|[55]|Bytes:5
12:06:15.0 (62537938)|HEAP_ALLOCATE|[EXTERNAL]|Bytes:4
12:06:15.0 (62541007)|HEAP_ALLOCATE|[51]|Bytes:4
12:06:15.0 (62543472)|VARIABLE_ASSIGNMENT|[51]|j|60
12:06:15.0 (62545221)|HEAP_ALLOCATE|[50]|Bytes:4
12:06:15.0 (62547531)|VARIABLE_ASSIGNMENT|[50]|i|22
12:06:15.0 (62549083)|STATEMENT_EXECUTE|[50]
12:06:15.0 (62550497)|STATEMENT_EXECUTE|[51]
12:06:15.0 (62552196)|VARIABLE_SCOPE_BEGIN|[51]|j|Integer|false|false
12:06:15.0 (62553629)|HEAP_ALLOCATE|[51]|Bytes:4
12:06:15.0 (62555939)|VARIABLE_ASSIGNMENT|[51]|j|0
12:06:15.0 (62557361)|STATEMENT_EXECUTE|[51]
12:06:15.0 (62558751)|STATEMENT_EXECUTE|[52]
12:06:15.0 (62559696)|STATEMENT_EXECUTE|[53]
12:06:15.0 (62565460)|HEAP_ALLOCATE|[53]|Bytes:2
12:06:15.0 (62573207)|HEAP_ALLOCATE|[53]|Bytes:1
12:06:15.0 (62578114)|HEAP_ALLOCATE|[53]|Bytes:5
12:06:15.0 (62582872)|HEAP_ALLOCATE|[53]|Bytes:2
12:06:15.0 (62590283)|HEAP_ALLOCATE|[53]|Bytes:1
12:06:15.0 (62595096)|HEAP_ALLOCATE|[53]|Bytes:5
12:06:15.0 (62599690)|HEAP_ALLOCATE|[EXTERNAL]|Bytes:4
12:06:15.0 (62603465)|HEAP_ALLOCATE|[51]|Bytes:4
12:06:15.0 (62605945)|VARIABLE_ASSIGNMENT|[51]|j|30
12:06:15.0 (62607567)|STATEMENT_EXECUTE|[51]
12:06:15.0 (62608815)|STATEMENT_EXECUTE|[54]
12:06:15.0 (62609767)|STATEMENT_EXECUTE|[55]
12:06:15.0 (62615289)|HEAP_ALLOCATE|[55]|Bytes:2
12:06:15.0 (62622915)|HEAP_ALLOCATE|[55]|Bytes:2
12:06:15.0 (62627849)|HEAP_ALLOCATE|[55]|Bytes:5
12:06:15.0 (62632702)|HEAP_ALLOCATE|[55]|Bytes:2
12:06:15.0 (62640138)|HEAP_ALLOCATE|[55]|Bytes:2
12:06:15.0 (62645004)|HEAP_ALLOCATE|[55]|Bytes:5
12:06:15.0 (62649354)|HEAP_ALLOCATE|[EXTERNAL]|Bytes:4
12:06:15.0 (62652492)|HEAP_ALLOCATE|[51]|Bytes:4
12:06:15.0 (62655039)|VARIABLE_ASSIGNMENT|[51]|j|60
12:06:15.0 (62656924)|HEAP_ALLOCATE|[50]|Bytes:4
12:06:15.0 (62659157)|VARIABLE_ASSIGNMENT|[50]|i|23
12:06:15.0 (62660633)|STATEMENT_EXECUTE|[50]
12:06:15.0 (62661942)|STATEMENT_EXECUTE|[51]
12:06:15.0 (62663569)|VARIABLE_SCOPE_BEGIN|[51]|j|Integer|false|false
12:06:15.0 (62664987)|HEAP_ALLOCATE|[51]|Bytes:4
12:06:15.0 (62667336)|VARIABLE_ASSIGNMENT|[51]|j|0
12:06:15.0 (62668923)|STATEMENT_EXECUTE|[51]
12:06:15.0 (62670142)|STATEMENT_EXECUTE|[52]
12:06:15.0 (62671103)|STATEMENT_EXECUTE|[53]
12:06:15.0 (62676842)|HEAP_ALLOCATE|[53]|Bytes:2
12:06:15.0 (62684756)|HEAP_ALLOCATE|[53]|Bytes:1
12:06:15.0 (62689845)|HEAP_ALLOCATE|[53]|Bytes:5
12:06:15.0 (62694661)|HEAP_ALLOCATE|[53]|Bytes:2
12:06:15.0 (62702052)|HEAP_ALLOCATE|[53]|Bytes:1
12:06:15.0 (62706955)|HEAP_ALLOCATE|[53]|Bytes:5
12:06:15.0 (62711450)|HEAP_ALLOCATE|[EXTERNAL]|Bytes:4
12:06:15.0 (62714635)|HEAP_ALLOCATE|[51]|Bytes:4
12:06:15.0 (62717167)|VARIABLE_ASSIGNMENT|[51]|j|30
12:06:15.0 (62718801)|STATEMENT_EXECUTE|[51]
12:06:15.0 (62720052)|STATEMENT_EXECUTE|[54]
12:06:15.0 (62721033)|STATEMENT_EXECUTE|[55]
12:06:15.0 (62726690)|HEAP_ALLOCATE|[55]|Bytes:2
12:06:15.0 (62734315)|HEAP_ALLOCATE|[55]|Bytes:2
12:06:15.0 (62739243)|HEAP_ALLOCATE|[55]|Bytes:5
12:06:15.0 (62744121)|HEAP_ALLOCATE|[55]|Bytes:2
12:06:15.0 (62751524)|HEAP_ALLOCATE|[55]|Bytes:2
12:06:15.0 (62756357)|HEAP_ALLOCATE|[55]|Bytes:5
12:06:15.0 (62764593)|HEAP_ALLOCATE|[EXTERNAL]|Bytes:4
12:06:15.0 (62772210)|HEAP_ALLOCATE|[51]|Bytes:4
12:06:15.0 (62775242)|VARIABLE_ASSIGNMENT|[51]|j|60
12:06:15.0 (62777241)|HEAP_ALLOCATE|[50]|Bytes:4
12:06:15.0 (62779571)|VARIABLE_ASSIGNMENT|[50]|i|24
12:06:15.0 (62781482)|STATEMENT_EXECUTE|[59]
12:06:15.0 (62986024)|SYSTEM_MODE_ENTER|true
12:06:15.0 (63007604)|HEAP_ALLOCATE|[EXTERNAL]|Bytes:80
12:06:15.0 (63052340)|VARIABLE_ASSIGNMENT|[EXTERNAL]|this|{"delToHub":true,"delToProj":false,"detail":"0x2590efcb","invoked":false,"rejected":false,"reserved":false,"sublocations1":"0x2b4f95af","www":"0x68d204a0","wwwById":"0xa167df4"}|0x3233051
12:06:15.0 (63058395)|STATEMENT_EXECUTE|[78]
12:06:15.0 (63061434)|STATEMENT_EXECUTE|[80]
12:06:15.0 (63062530)|STATEMENT_EXECUTE|[81]
12:06:15.0 (63065532)|HEAP_ALLOCATE|[81]|Bytes:4
12:06:15.0 (63073060)|VARIABLE_ASSIGNMENT|[81]|this.selectedTime3|"8:00"|0x3233051
12:06:15.0 (63075235)|STATEMENT_EXECUTE|[83]
12:06:15.0 (73014596)|VF_SERIALIZE_VIEWSTATE_BEGIN|06624000003h0Dg
12:06:15.0 (77921114)|VF_SERIALIZE_VIEWSTATE_END
12:06:15.80 (80582602)|CUMULATIVE_LIMIT_USAGE
12:06:15.80 (80582602)|LIMIT_USAGE_FOR_NS|(default)|
  Number of SOQL queries: 3 out of 100
  Number of query rows: 11 out of 50000
  Number of SOSL queries: 0 out of 20
  Number of DML statements: 0 out of 150
  Number of DML rows: 0 out of 10000
  Maximum CPU time: 0 out of 10000
  Maximum heap size: 0 out of 6000000
  Number of callouts: 0 out of 100
  Number of Email Invocations: 0 out of 10
  Number of future calls: 0 out of 50
  Number of queueable jobs added to the queue: 0 out of 50
  Number of Mobile Apex push calls: 0 out of 10

12:06:15.80 (80582602)|CUMULATIVE_LIMIT_USAGE_END

12:06:15.0 (80611808)|CODE_UNIT_FINISHED|VF: /apex/New_delivered_detail
12:06:15.0 (81383264)|EXECUTION_FINISHED
