39.0 APEX_CODE,DEBUG;APEX_PROFILING,INFO;CALLOUT,INFO;DB,INFO;SYSTEM,DEBUG;VALIDATION,INFO;VISUALFORCE,INFO;WAVE,INFO;WORKFLOW,INFO
15:17:46.0 (369937)|USER_INFO|[EXTERNAL]|00524000001e3Uj|bedrijfsbureau@gsa.nl.sandbox|Midden-Europese standaardtijd|GMT+02:00
15:17:46.0 (405786)|EXECUTION_STARTED
15:17:46.0 (411705)|CODE_UNIT_STARTED|[EXTERNAL]|0669E0000000KhW|VF: /apex/ProjectItemsAfroepen
15:17:46.0 (1256112)|VF_DESERIALIZE_VIEWSTATE_BEGIN|0669E0000000KhW
15:17:46.0 (7816247)|VF_DESERIALIZE_VIEWSTATE_END
15:17:46.0 (13570800)|SYSTEM_MODE_ENTER|true
15:17:46.0 (13802678)|SYSTEM_MODE_ENTER|false
15:17:46.0 (13807420)|SYSTEM_MODE_EXIT|false
15:17:46.0 (13818287)|SYSTEM_MODE_ENTER|false
15:17:46.0 (13822752)|SYSTEM_MODE_EXIT|false
15:17:46.0 (13930380)|SYSTEM_MODE_ENTER|true
15:17:46.0 (13956496)|SYSTEM_MODE_ENTER|false
15:17:46.0 (13961202)|SYSTEM_MODE_EXIT|false
15:17:46.0 (14076791)|SYSTEM_MODE_ENTER|true
15:17:46.0 (14211559)|SYSTEM_MODE_ENTER|false
15:17:46.0 (16333038)|SOQL_EXECUTE_BEGIN|[34]|Aggregations:0|SELECT Id, Name FROM Projecten__c WHERE Name LIKE :tmpVar1 LIMIT 5
15:17:46.0 (21292777)|SOQL_EXECUTE_END|[34]|Rows:1
15:17:46.0 (21534193)|SYSTEM_MODE_EXIT|false
15:17:46.0 (27724753)|SYSTEM_MODE_ENTER|true
15:17:46.0 (27782678)|SYSTEM_MODE_ENTER|false
15:17:46.0 (27791521)|SYSTEM_MODE_EXIT|false
15:17:46.0 (28020967)|SYSTEM_MODE_ENTER|true
15:17:46.0 (28059626)|SYSTEM_MODE_ENTER|false
15:17:46.0 (28067160)|SYSTEM_MODE_EXIT|false
15:17:46.0 (29979601)|VF_SERIALIZE_VIEWSTATE_BEGIN|0669E0000000KhW
15:17:46.0 (32593354)|VF_SERIALIZE_VIEWSTATE_END
15:17:46.34 (34573004)|CUMULATIVE_LIMIT_USAGE
15:17:46.34 (34573004)|LIMIT_USAGE_FOR_NS|(default)|
  Number of SOQL queries: 1 out of 100
  Number of query rows: 1 out of 50000
  Number of SOSL queries: 0 out of 20
  Number of DML statements: 0 out of 150
  Number of DML rows: 0 out of 10000
  Maximum CPU time: 0 out of 10000
  Maximum heap size: 0 out of 6000000
  Number of callouts: 0 out of 100
  Number of Email Invocations: 0 out of 10
  Number of future calls: 0 out of 50
  Number of queueable jobs added to the queue: 0 out of 50
  Number of Mobile Apex push calls: 0 out of 10

15:17:46.34 (34573004)|CUMULATIVE_LIMIT_USAGE_END

15:17:46.0 (34606636)|CODE_UNIT_FINISHED|VF: /apex/ProjectItemsAfroepen
15:17:46.0 (35302014)|EXECUTION_FINISHED
