38.0 APEX_CODE,FINEST;APEX_PROFILING,INFO;CALLOUT,INFO;DB,INFO;SYSTEM,DEBUG;VALIDATION,INFO;VISUALFORCE,INFO;WAVE,INFO;WORKFLOW,INFO
15:04:33.0 (51473)|USER_INFO|[EXTERNAL]|00524000001e3Uj|bedrijfsbureau@gsa.nl.sandbox|Midden-Europese standaardtijd|GMT+01:00
15:04:33.0 (71522)|EXECUTION_STARTED
15:04:33.0 (74568)|CODE_UNIT_STARTED|[EXTERNAL]|06624000003h0Dg|VF: /apex/New_delivered_detail
15:04:33.0 (193651)|VF_DESERIALIZE_VIEWSTATE_BEGIN|06624000003h0Dg
15:04:33.0 (3715544)|HEAP_ALLOCATE|[72]|Bytes:3
15:04:33.0 (3744461)|HEAP_ALLOCATE|[77]|Bytes:152
15:04:33.0 (3758301)|HEAP_ALLOCATE|[342]|Bytes:408
15:04:33.0 (3772655)|HEAP_ALLOCATE|[355]|Bytes:408
15:04:33.0 (3785549)|HEAP_ALLOCATE|[467]|Bytes:48
15:04:33.0 (3808684)|HEAP_ALLOCATE|[139]|Bytes:6
15:04:33.0 (3840175)|HEAP_ALLOCATE|[50]|Bytes:5
15:04:33.0 (3856807)|HEAP_ALLOCATE|[56]|Bytes:5
15:04:33.0 (3862965)|HEAP_ALLOCATE|[64]|Bytes:7
15:04:33.0 (7866444)|VF_DESERIALIZE_VIEWSTATE_END
15:04:33.8 (8453454)|SYSTEM_MODE_ENTER|true
15:04:33.8 (8506495)|HEAP_ALLOCATE|[EXTERNAL]|Bytes:38
15:04:33.8 (8512666)|HEAP_ALLOCATE|[EXTERNAL]|Bytes:7
15:04:33.8 (8520868)|SYSTEM_METHOD_ENTRY|[1]|PageMessagesComponentController.PageMessagesComponentController()
15:04:33.8 (8524636)|STATEMENT_EXECUTE|[1]
15:04:33.9 (9202704)|SYSTEM_MODE_ENTER|true
15:04:33.9 (9245146)|HEAP_ALLOCATE|[EXTERNAL]|Bytes:8
15:04:33.9 (9250731)|VARIABLE_SCOPE_BEGIN|[88]|this|ApexPage.PageMessagesComponentController|true|false
15:04:33.9 (9279896)|VARIABLE_ASSIGNMENT|[88]|this|{}|0x18fca05f
15:04:33.9 (9282534)|VARIABLE_SCOPE_BEGIN|[88]|escape|Boolean|false|false
15:04:33.9 (9287189)|VARIABLE_ASSIGNMENT|[88]|escape|null
15:04:33.0 (9481237)|SYSTEM_MODE_ENTER|true
15:04:33.0 (9644785)|HEAP_ALLOCATE|[EXTERNAL]|Bytes:11
15:04:33.0 (9652464)|HEAP_ALLOCATE|[EXTERNAL]|Bytes:408
15:04:33.0 (9655534)|HEAP_ALLOCATE|[EXTERNAL]|Bytes:120
15:04:33.0 (9657784)|HEAP_ALLOCATE|[EXTERNAL]|Bytes:108
15:04:33.0 (9664113)|METHOD_ENTRY|[1]|01p2400000DUtXT|NewDeliveredExtension.NewDeliveredExtension()
15:04:33.0 (9666638)|STATEMENT_EXECUTE|[1]
15:04:33.0 (9669757)|STATEMENT_EXECUTE|[1]
15:04:33.0 (9671075)|STATEMENT_EXECUTE|[537]
15:04:33.0 (9674889)|METHOD_EXIT|[1]|NewDeliveredExtension
15:04:33.0 (9678302)|HEAP_ALLOCATE|[EXTERNAL]|Bytes:80
15:04:33.0 (9737456)|VARIABLE_ASSIGNMENT|[EXTERNAL]|this|{"delToHub":true,"delToProj":false,"detail":"0x49b5514a","invoked":false,"rejected":false,"reserved":false,"selectedTime3":"8:00","sublocations1":"0x38fe5b3","www":"0x7a3d1b0d","wwwById":"0x6302f22b"}|0x23e74821
15:04:33.0 (9743727)|STATEMENT_EXECUTE|[196]
15:04:33.0 (9746610)|STATEMENT_EXECUTE|[197]
15:04:33.0 (9748866)|STATEMENT_EXECUTE|[200]
15:04:33.0 (9808061)|SYSTEM_MODE_ENTER|true
15:04:33.0 (9827135)|HEAP_ALLOCATE|[EXTERNAL]|Bytes:80
15:04:33.0 (9865260)|VARIABLE_ASSIGNMENT|[EXTERNAL]|this|{"delToHub":true,"delToProj":false,"detail":"0x49b5514a","invoked":false,"rejected":false,"reserved":false,"selectedTime3":"8:00","sublocations1":"0x38fe5b3","www":"0x7a3d1b0d","wwwById":"0x6302f22b"}|0x23e74821
15:04:33.0 (9870707)|STATEMENT_EXECUTE|[229]
15:04:33.0 (9872908)|STATEMENT_EXECUTE|[230]
15:04:33.0 (9874227)|STATEMENT_EXECUTE|[233]
15:04:33.0 (9961280)|SYSTEM_MODE_ENTER|true
15:04:33.0 (9980815)|HEAP_ALLOCATE|[EXTERNAL]|Bytes:80
15:04:33.0 (10017879)|VARIABLE_ASSIGNMENT|[EXTERNAL]|this|{"delToHub":true,"delToProj":false,"detail":"0x49b5514a","invoked":false,"rejected":false,"reserved":false,"selectedTime3":"8:00","sublocations1":"0x38fe5b3","www":"0x7a3d1b0d","wwwById":"0x6302f22b"}|0x23e74821
15:04:33.0 (10024190)|STATEMENT_EXECUTE|[3]
15:04:33.0 (10026663)|STATEMENT_EXECUTE|[4]
15:04:33.0 (10028343)|STATEMENT_EXECUTE|[9]
15:04:33.0 (19100867)|SYSTEM_MODE_ENTER|true
15:04:33.0 (19126089)|HEAP_ALLOCATE|[EXTERNAL]|Bytes:80
15:04:33.0 (19172556)|VARIABLE_ASSIGNMENT|[EXTERNAL]|this|{"delToHub":true,"delToProj":false,"detail":"0x49b5514a","invoked":false,"rejected":false,"reserved":false,"selectedTime3":"8:00","sublocations1":"0x38fe5b3","www":"0x7a3d1b0d","wwwById":"0x6302f22b"}|0x23e74821
15:04:33.0 (19179351)|STATEMENT_EXECUTE|[186]
15:04:33.0 (19182370)|STATEMENT_EXECUTE|[187]
15:04:33.0 (19183711)|STATEMENT_EXECUTE|[190]
15:04:33.0 (19646910)|SYSTEM_MODE_ENTER|true
15:04:33.0 (19669833)|HEAP_ALLOCATE|[EXTERNAL]|Bytes:80
15:04:33.0 (19718387)|VARIABLE_ASSIGNMENT|[EXTERNAL]|this|{"delToHub":true,"delToProj":false,"detail":"0x49b5514a","invoked":false,"rejected":false,"reserved":false,"selectedTime3":"8:00","sublocations1":"0x38fe5b3","www":"0x7a3d1b0d","wwwById":"0x6302f22b"}|0x23e74821
15:04:33.0 (19724548)|STATEMENT_EXECUTE|[204]
15:04:33.0 (19727704)|STATEMENT_EXECUTE|[205]
15:04:33.0 (19729399)|STATEMENT_EXECUTE|[208]
15:04:33.0 (19779496)|SYSTEM_MODE_ENTER|true
15:04:33.0 (19796748)|HEAP_ALLOCATE|[EXTERNAL]|Bytes:80
15:04:33.0 (19833111)|VARIABLE_ASSIGNMENT|[EXTERNAL]|this|{"delToHub":true,"delToProj":false,"detail":"0x49b5514a","invoked":false,"rejected":false,"reserved":false,"selectedTime3":"8:00","sublocations1":"0x38fe5b3","www":"0x7a3d1b0d","wwwById":"0x6302f22b"}|0x23e74821
15:04:33.0 (19838518)|STATEMENT_EXECUTE|[220]
15:04:33.0 (19840633)|STATEMENT_EXECUTE|[221]
15:04:33.0 (19841825)|STATEMENT_EXECUTE|[224]
15:04:33.0 (19885117)|SYSTEM_MODE_ENTER|true
15:04:33.0 (19900327)|HEAP_ALLOCATE|[EXTERNAL]|Bytes:80
15:04:33.0 (19934690)|VARIABLE_ASSIGNMENT|[EXTERNAL]|this|{"delToHub":true,"delToProj":false,"detail":"0x49b5514a","invoked":false,"rejected":false,"reserved":false,"selectedTime3":"8:00","sublocations1":"0x38fe5b3","www":"0x7a3d1b0d","wwwById":"0x6302f22b"}|0x23e74821
15:04:33.0 (19939321)|STATEMENT_EXECUTE|[212]
15:04:33.0 (19941109)|STATEMENT_EXECUTE|[213]
15:04:33.0 (19942346)|STATEMENT_EXECUTE|[216]
15:04:33.0 (20009593)|SYSTEM_MODE_ENTER|true
15:04:33.0 (20026914)|HEAP_ALLOCATE|[EXTERNAL]|Bytes:80
15:04:33.0 (20061347)|VARIABLE_ASSIGNMENT|[EXTERNAL]|this|{"delToHub":true,"delToProj":false,"detail":"0x49b5514a","invoked":false,"rejected":false,"reserved":false,"selectedTime3":"8:00","sublocations1":"0x38fe5b3","www":"0x7a3d1b0d","wwwById":"0x6302f22b"}|0x23e74821
15:04:33.0 (20066113)|STATEMENT_EXECUTE|[21]
15:04:33.0 (20068143)|STATEMENT_EXECUTE|[22]
15:04:33.0 (20069657)|STATEMENT_EXECUTE|[26]
15:04:33.0 (30303966)|SYSTEM_MODE_ENTER|true
15:04:33.0 (30329425)|HEAP_ALLOCATE|[EXTERNAL]|Bytes:80
15:04:33.0 (30334951)|VARIABLE_SCOPE_BEGIN|[48]|this|NewDeliveredExtension|true|false
15:04:33.0 (30378149)|VARIABLE_ASSIGNMENT|[48]|this|{"delToHub":true,"delToProj":false,"detail":"0x49b5514a","invoked":false,"rejected":false,"reserved":false,"selectedTime3":"8:00","sublocations1":"0x38fe5b3","www":"0x7a3d1b0d","wwwById":"0x6302f22b"}|0x23e74821
15:04:33.0 (30385487)|STATEMENT_EXECUTE|[48]
15:04:33.0 (30387189)|STATEMENT_EXECUTE|[49]
15:04:33.0 (30394089)|HEAP_ALLOCATE|[49]|Bytes:4
15:04:33.0 (30418547)|VARIABLE_SCOPE_BEGIN|[49]|options|List<System.SelectOption>|true|false
15:04:33.0 (30441397)|HEAP_ALLOCATE|[EXTERNAL]|Bytes:4
15:04:33.0 (30448591)|VARIABLE_ASSIGNMENT|[49]|options|[]|0x2cb26ad7
15:04:33.0 (30451553)|STATEMENT_EXECUTE|[50]
15:04:33.0 (30456043)|VARIABLE_SCOPE_BEGIN|[50]|i|Integer|false|false
15:04:33.0 (30459866)|HEAP_ALLOCATE|[50]|Bytes:4
15:04:33.0 (30464283)|VARIABLE_ASSIGNMENT|[50]|i|0
15:04:33.0 (30468608)|STATEMENT_EXECUTE|[50]
15:04:33.0 (30469921)|STATEMENT_EXECUTE|[51]
15:04:33.0 (30471644)|VARIABLE_SCOPE_BEGIN|[51]|j|Integer|false|false
15:04:33.0 (30473347)|HEAP_ALLOCATE|[51]|Bytes:4
15:04:33.0 (30476013)|VARIABLE_ASSIGNMENT|[51]|j|0
15:04:33.0 (30478129)|STATEMENT_EXECUTE|[51]
15:04:33.0 (30480169)|STATEMENT_EXECUTE|[52]
15:04:33.0 (30481188)|STATEMENT_EXECUTE|[53]
15:04:33.0 (30524401)|HEAP_ALLOCATE|[53]|Bytes:1
15:04:33.0 (30533509)|HEAP_ALLOCATE|[53]|Bytes:2
15:04:33.0 (30540581)|HEAP_ALLOCATE|[53]|Bytes:1
15:04:33.0 (30550313)|HEAP_ALLOCATE|[53]|Bytes:4
15:04:33.0 (30555642)|HEAP_ALLOCATE|[53]|Bytes:1
15:04:33.0 (30562852)|HEAP_ALLOCATE|[53]|Bytes:1
15:04:33.0 (30567676)|HEAP_ALLOCATE|[53]|Bytes:4
15:04:33.0 (30595109)|HEAP_ALLOCATE|[EXTERNAL]|Bytes:4
15:04:33.0 (30601397)|HEAP_ALLOCATE|[51]|Bytes:4
15:04:33.0 (30605979)|VARIABLE_ASSIGNMENT|[51]|j|30
15:04:33.0 (30609039)|STATEMENT_EXECUTE|[51]
15:04:33.0 (30611092)|STATEMENT_EXECUTE|[54]
15:04:33.0 (30612625)|STATEMENT_EXECUTE|[55]
15:04:33.0 (30632608)|HEAP_ALLOCATE|[55]|Bytes:1
15:04:33.0 (30639071)|HEAP_ALLOCATE|[55]|Bytes:1
15:04:33.0 (30644485)|HEAP_ALLOCATE|[55]|Bytes:2
15:04:33.0 (30649732)|HEAP_ALLOCATE|[55]|Bytes:4
15:04:33.0 (30654622)|HEAP_ALLOCATE|[55]|Bytes:1
15:04:33.0 (30661630)|HEAP_ALLOCATE|[55]|Bytes:2
15:04:33.0 (30666251)|HEAP_ALLOCATE|[55]|Bytes:4
15:04:33.0 (30678509)|HEAP_ALLOCATE|[EXTERNAL]|Bytes:4
15:04:33.0 (30682783)|HEAP_ALLOCATE|[51]|Bytes:4
15:04:33.0 (30686325)|VARIABLE_ASSIGNMENT|[51]|j|60
15:04:33.0 (30689919)|HEAP_ALLOCATE|[50]|Bytes:4
15:04:33.0 (30692435)|VARIABLE_ASSIGNMENT|[50]|i|1
15:04:33.0 (30699147)|STATEMENT_EXECUTE|[50]
15:04:33.0 (30700625)|STATEMENT_EXECUTE|[51]
15:04:33.0 (30702703)|VARIABLE_SCOPE_BEGIN|[51]|j|Integer|false|false
15:04:33.0 (30704680)|HEAP_ALLOCATE|[51]|Bytes:4
15:04:33.0 (30707114)|VARIABLE_ASSIGNMENT|[51]|j|0
15:04:33.0 (30708669)|STATEMENT_EXECUTE|[51]
15:04:33.0 (30710064)|STATEMENT_EXECUTE|[52]
15:04:33.0 (30711019)|STATEMENT_EXECUTE|[53]
15:04:33.0 (30718653)|HEAP_ALLOCATE|[53]|Bytes:1
15:04:33.0 (30726190)|HEAP_ALLOCATE|[53]|Bytes:1
15:04:33.0 (30730865)|HEAP_ALLOCATE|[53]|Bytes:4
15:04:33.0 (30735327)|HEAP_ALLOCATE|[53]|Bytes:1
15:04:33.0 (30742053)|HEAP_ALLOCATE|[53]|Bytes:1
15:04:33.0 (30746392)|HEAP_ALLOCATE|[53]|Bytes:4
15:04:33.0 (30752312)|HEAP_ALLOCATE|[EXTERNAL]|Bytes:4
15:04:33.0 (30755807)|HEAP_ALLOCATE|[51]|Bytes:4
15:04:33.0 (30758532)|VARIABLE_ASSIGNMENT|[51]|j|30
15:04:33.0 (30760491)|STATEMENT_EXECUTE|[51]
15:04:33.0 (30761877)|STATEMENT_EXECUTE|[54]
15:04:33.0 (30763059)|STATEMENT_EXECUTE|[55]
15:04:33.0 (30768583)|HEAP_ALLOCATE|[55]|Bytes:1
15:04:33.0 (30775590)|HEAP_ALLOCATE|[55]|Bytes:2
15:04:33.0 (30780098)|HEAP_ALLOCATE|[55]|Bytes:4
15:04:33.0 (30784547)|HEAP_ALLOCATE|[55]|Bytes:1
15:04:33.0 (30791307)|HEAP_ALLOCATE|[55]|Bytes:2
15:04:33.0 (30795761)|HEAP_ALLOCATE|[55]|Bytes:4
15:04:33.0 (30800187)|HEAP_ALLOCATE|[EXTERNAL]|Bytes:4
15:04:33.0 (30803272)|HEAP_ALLOCATE|[51]|Bytes:4
15:04:33.0 (30805971)|VARIABLE_ASSIGNMENT|[51]|j|60
15:04:33.0 (30808071)|HEAP_ALLOCATE|[50]|Bytes:4
15:04:33.0 (30810420)|VARIABLE_ASSIGNMENT|[50]|i|2
15:04:33.0 (30812077)|STATEMENT_EXECUTE|[50]
15:04:33.0 (30813257)|STATEMENT_EXECUTE|[51]
15:04:33.0 (30815002)|VARIABLE_SCOPE_BEGIN|[51]|j|Integer|false|false
15:04:33.0 (30816438)|HEAP_ALLOCATE|[51]|Bytes:4
15:04:33.0 (30818621)|VARIABLE_ASSIGNMENT|[51]|j|0
15:04:33.0 (30820129)|STATEMENT_EXECUTE|[51]
15:04:33.0 (30821447)|STATEMENT_EXECUTE|[52]
15:04:33.0 (30822446)|STATEMENT_EXECUTE|[53]
15:04:33.0 (30827975)|HEAP_ALLOCATE|[53]|Bytes:1
15:04:33.0 (30834917)|HEAP_ALLOCATE|[53]|Bytes:1
15:04:33.0 (30839407)|HEAP_ALLOCATE|[53]|Bytes:4
15:04:33.0 (30843890)|HEAP_ALLOCATE|[53]|Bytes:1
15:04:33.0 (30850747)|HEAP_ALLOCATE|[53]|Bytes:1
15:04:33.0 (30855139)|HEAP_ALLOCATE|[53]|Bytes:4
15:04:33.0 (30859342)|HEAP_ALLOCATE|[EXTERNAL]|Bytes:4
15:04:33.0 (30862416)|HEAP_ALLOCATE|[51]|Bytes:4
15:04:33.0 (30865105)|VARIABLE_ASSIGNMENT|[51]|j|30
15:04:33.0 (30867174)|STATEMENT_EXECUTE|[51]
15:04:33.0 (30868514)|STATEMENT_EXECUTE|[54]
15:04:33.0 (30869563)|STATEMENT_EXECUTE|[55]
15:04:33.0 (30874767)|HEAP_ALLOCATE|[55]|Bytes:1
15:04:33.0 (30881780)|HEAP_ALLOCATE|[55]|Bytes:2
15:04:33.0 (30886193)|HEAP_ALLOCATE|[55]|Bytes:4
15:04:33.0 (30890624)|HEAP_ALLOCATE|[55]|Bytes:1
15:04:33.0 (30897469)|HEAP_ALLOCATE|[55]|Bytes:2
15:04:33.0 (30901884)|HEAP_ALLOCATE|[55]|Bytes:4
15:04:33.0 (30906008)|HEAP_ALLOCATE|[EXTERNAL]|Bytes:4
15:04:33.0 (30909042)|HEAP_ALLOCATE|[51]|Bytes:4
15:04:33.0 (30911470)|VARIABLE_ASSIGNMENT|[51]|j|60
15:04:33.0 (30913739)|HEAP_ALLOCATE|[50]|Bytes:4
15:04:33.0 (30916018)|VARIABLE_ASSIGNMENT|[50]|i|3
15:04:33.0 (30917629)|STATEMENT_EXECUTE|[50]
15:04:33.0 (30918826)|STATEMENT_EXECUTE|[51]
15:04:33.0 (30920354)|VARIABLE_SCOPE_BEGIN|[51]|j|Integer|false|false
15:04:33.0 (30921677)|HEAP_ALLOCATE|[51]|Bytes:4
15:04:33.0 (30923921)|VARIABLE_ASSIGNMENT|[51]|j|0
15:04:33.0 (30925440)|STATEMENT_EXECUTE|[51]
15:04:33.0 (30926753)|STATEMENT_EXECUTE|[52]
15:04:33.0 (30927725)|STATEMENT_EXECUTE|[53]
15:04:33.0 (30932988)|HEAP_ALLOCATE|[53]|Bytes:1
15:04:33.0 (30939923)|HEAP_ALLOCATE|[53]|Bytes:1
15:04:33.0 (30944340)|HEAP_ALLOCATE|[53]|Bytes:4
15:04:33.0 (30948713)|HEAP_ALLOCATE|[53]|Bytes:1
15:04:33.0 (30955542)|HEAP_ALLOCATE|[53]|Bytes:1
15:04:33.0 (30960013)|HEAP_ALLOCATE|[53]|Bytes:4
15:04:33.0 (30964059)|HEAP_ALLOCATE|[EXTERNAL]|Bytes:4
15:04:33.0 (30967136)|HEAP_ALLOCATE|[51]|Bytes:4
15:04:33.0 (30969680)|VARIABLE_ASSIGNMENT|[51]|j|30
15:04:33.0 (30971483)|STATEMENT_EXECUTE|[51]
15:04:33.0 (30972857)|STATEMENT_EXECUTE|[54]
15:04:33.0 (30973970)|STATEMENT_EXECUTE|[55]
15:04:33.0 (30979175)|HEAP_ALLOCATE|[55]|Bytes:1
15:04:33.0 (30986288)|HEAP_ALLOCATE|[55]|Bytes:2
15:04:33.0 (30990741)|HEAP_ALLOCATE|[55]|Bytes:4
15:04:33.0 (30995208)|HEAP_ALLOCATE|[55]|Bytes:1
15:04:33.0 (31002081)|HEAP_ALLOCATE|[55]|Bytes:2
15:04:33.0 (31007374)|HEAP_ALLOCATE|[55]|Bytes:4
15:04:33.0 (31011665)|HEAP_ALLOCATE|[EXTERNAL]|Bytes:4
15:04:33.0 (31014889)|HEAP_ALLOCATE|[51]|Bytes:4
15:04:33.0 (31017547)|VARIABLE_ASSIGNMENT|[51]|j|60
15:04:33.0 (31019314)|HEAP_ALLOCATE|[50]|Bytes:4
15:04:33.0 (31021514)|VARIABLE_ASSIGNMENT|[50]|i|4
15:04:33.0 (31023220)|STATEMENT_EXECUTE|[50]
15:04:33.0 (31024359)|STATEMENT_EXECUTE|[51]
15:04:33.0 (31025975)|VARIABLE_SCOPE_BEGIN|[51]|j|Integer|false|false
15:04:33.0 (31027269)|HEAP_ALLOCATE|[51]|Bytes:4
15:04:33.0 (31029429)|VARIABLE_ASSIGNMENT|[51]|j|0
15:04:33.0 (31030886)|STATEMENT_EXECUTE|[51]
15:04:33.0 (31032224)|STATEMENT_EXECUTE|[52]
15:04:33.0 (31033218)|STATEMENT_EXECUTE|[53]
15:04:33.0 (31038351)|HEAP_ALLOCATE|[53]|Bytes:1
15:04:33.0 (31045970)|HEAP_ALLOCATE|[53]|Bytes:1
15:04:33.0 (31050414)|HEAP_ALLOCATE|[53]|Bytes:4
15:04:33.0 (31054898)|HEAP_ALLOCATE|[53]|Bytes:1
15:04:33.0 (31061604)|HEAP_ALLOCATE|[53]|Bytes:1
15:04:33.0 (31065995)|HEAP_ALLOCATE|[53]|Bytes:4
15:04:33.0 (31070130)|HEAP_ALLOCATE|[EXTERNAL]|Bytes:4
15:04:33.0 (31073259)|HEAP_ALLOCATE|[51]|Bytes:4
15:04:33.0 (31075843)|VARIABLE_ASSIGNMENT|[51]|j|30
15:04:33.0 (31077623)|STATEMENT_EXECUTE|[51]
15:04:33.0 (31078962)|STATEMENT_EXECUTE|[54]
15:04:33.0 (31079932)|STATEMENT_EXECUTE|[55]
15:04:33.0 (31085029)|HEAP_ALLOCATE|[55]|Bytes:1
15:04:33.0 (31091984)|HEAP_ALLOCATE|[55]|Bytes:2
15:04:33.0 (31096419)|HEAP_ALLOCATE|[55]|Bytes:4
15:04:33.0 (31100765)|HEAP_ALLOCATE|[55]|Bytes:1
15:04:33.0 (31107520)|HEAP_ALLOCATE|[55]|Bytes:2
15:04:33.0 (31111974)|HEAP_ALLOCATE|[55]|Bytes:4
15:04:33.0 (31116142)|HEAP_ALLOCATE|[EXTERNAL]|Bytes:4
15:04:33.0 (31119081)|HEAP_ALLOCATE|[51]|Bytes:4
15:04:33.0 (31121719)|VARIABLE_ASSIGNMENT|[51]|j|60
15:04:33.0 (31123928)|HEAP_ALLOCATE|[50]|Bytes:4
15:04:33.0 (31126141)|VARIABLE_ASSIGNMENT|[50]|i|5
15:04:33.0 (31127782)|STATEMENT_EXECUTE|[50]
15:04:33.0 (31128997)|STATEMENT_EXECUTE|[51]
15:04:33.0 (31130562)|VARIABLE_SCOPE_BEGIN|[51]|j|Integer|false|false
15:04:33.0 (31131856)|HEAP_ALLOCATE|[51]|Bytes:4
15:04:33.0 (31134026)|VARIABLE_ASSIGNMENT|[51]|j|0
15:04:33.0 (31135476)|STATEMENT_EXECUTE|[51]
15:04:33.0 (31136804)|STATEMENT_EXECUTE|[52]
15:04:33.0 (31137793)|STATEMENT_EXECUTE|[53]
15:04:33.0 (31142995)|HEAP_ALLOCATE|[53]|Bytes:1
15:04:33.0 (31150002)|HEAP_ALLOCATE|[53]|Bytes:1
15:04:33.0 (31154402)|HEAP_ALLOCATE|[53]|Bytes:4
15:04:33.0 (31158899)|HEAP_ALLOCATE|[53]|Bytes:1
15:04:33.0 (31165649)|HEAP_ALLOCATE|[53]|Bytes:1
15:04:33.0 (31170066)|HEAP_ALLOCATE|[53]|Bytes:4
15:04:33.0 (31174189)|HEAP_ALLOCATE|[EXTERNAL]|Bytes:4
15:04:33.0 (31177749)|HEAP_ALLOCATE|[51]|Bytes:4
15:04:33.0 (31180278)|VARIABLE_ASSIGNMENT|[51]|j|30
15:04:33.0 (31182043)|STATEMENT_EXECUTE|[51]
15:04:33.0 (31183415)|STATEMENT_EXECUTE|[54]
15:04:33.0 (31184641)|STATEMENT_EXECUTE|[55]
15:04:33.0 (31190035)|HEAP_ALLOCATE|[55]|Bytes:1
15:04:33.0 (31196975)|HEAP_ALLOCATE|[55]|Bytes:2
15:04:33.0 (31201499)|HEAP_ALLOCATE|[55]|Bytes:4
15:04:33.0 (31205926)|HEAP_ALLOCATE|[55]|Bytes:1
15:04:33.0 (31212676)|HEAP_ALLOCATE|[55]|Bytes:2
15:04:33.0 (31217190)|HEAP_ALLOCATE|[55]|Bytes:4
15:04:33.0 (31221484)|HEAP_ALLOCATE|[EXTERNAL]|Bytes:4
15:04:33.0 (31224425)|HEAP_ALLOCATE|[51]|Bytes:4
15:04:33.0 (31227072)|VARIABLE_ASSIGNMENT|[51]|j|60
15:04:33.0 (31228868)|HEAP_ALLOCATE|[50]|Bytes:4
15:04:33.0 (31231054)|VARIABLE_ASSIGNMENT|[50]|i|6
15:04:33.0 (31232693)|STATEMENT_EXECUTE|[50]
15:04:33.0 (31233875)|STATEMENT_EXECUTE|[51]
15:04:33.0 (31235426)|VARIABLE_SCOPE_BEGIN|[51]|j|Integer|false|false
15:04:33.0 (31236666)|HEAP_ALLOCATE|[51]|Bytes:4
15:04:33.0 (31238827)|VARIABLE_ASSIGNMENT|[51]|j|0
15:04:33.0 (31240325)|STATEMENT_EXECUTE|[51]
15:04:33.0 (31241654)|STATEMENT_EXECUTE|[52]
15:04:33.0 (31242603)|STATEMENT_EXECUTE|[53]
15:04:33.0 (31247785)|HEAP_ALLOCATE|[53]|Bytes:1
15:04:33.0 (31255168)|HEAP_ALLOCATE|[53]|Bytes:1
15:04:33.0 (31259637)|HEAP_ALLOCATE|[53]|Bytes:4
15:04:33.0 (31264120)|HEAP_ALLOCATE|[53]|Bytes:1
15:04:33.0 (31270885)|HEAP_ALLOCATE|[53]|Bytes:1
15:04:33.0 (31275288)|HEAP_ALLOCATE|[53]|Bytes:4
15:04:33.0 (31279401)|HEAP_ALLOCATE|[EXTERNAL]|Bytes:4
15:04:33.0 (31282416)|HEAP_ALLOCATE|[51]|Bytes:4
15:04:33.0 (31284992)|VARIABLE_ASSIGNMENT|[51]|j|30
15:04:33.0 (31286758)|STATEMENT_EXECUTE|[51]
15:04:33.0 (31288149)|STATEMENT_EXECUTE|[54]
15:04:33.0 (31289098)|STATEMENT_EXECUTE|[55]
15:04:33.0 (31294217)|HEAP_ALLOCATE|[55]|Bytes:1
15:04:33.0 (31301123)|HEAP_ALLOCATE|[55]|Bytes:2
15:04:33.0 (31305560)|HEAP_ALLOCATE|[55]|Bytes:4
15:04:33.0 (31309929)|HEAP_ALLOCATE|[55]|Bytes:1
15:04:33.0 (31316633)|HEAP_ALLOCATE|[55]|Bytes:2
15:04:33.0 (31321080)|HEAP_ALLOCATE|[55]|Bytes:4
15:04:33.0 (31325332)|HEAP_ALLOCATE|[EXTERNAL]|Bytes:4
15:04:33.0 (31328168)|HEAP_ALLOCATE|[51]|Bytes:4
15:04:33.0 (31330697)|VARIABLE_ASSIGNMENT|[51]|j|60
15:04:33.0 (31332457)|HEAP_ALLOCATE|[50]|Bytes:4
15:04:33.0 (31334884)|VARIABLE_ASSIGNMENT|[50]|i|7
15:04:33.0 (31336486)|STATEMENT_EXECUTE|[50]
15:04:33.0 (31337667)|STATEMENT_EXECUTE|[51]
15:04:33.0 (31339224)|VARIABLE_SCOPE_BEGIN|[51]|j|Integer|false|false
15:04:33.0 (31340449)|HEAP_ALLOCATE|[51]|Bytes:4
15:04:33.0 (31342612)|VARIABLE_ASSIGNMENT|[51]|j|0
15:04:33.0 (31344065)|STATEMENT_EXECUTE|[51]
15:04:33.0 (31345390)|STATEMENT_EXECUTE|[52]
15:04:33.0 (31346403)|STATEMENT_EXECUTE|[53]
15:04:33.0 (31351629)|HEAP_ALLOCATE|[53]|Bytes:1
15:04:33.0 (31358522)|HEAP_ALLOCATE|[53]|Bytes:1
15:04:33.0 (31362955)|HEAP_ALLOCATE|[53]|Bytes:4
15:04:33.0 (31367460)|HEAP_ALLOCATE|[53]|Bytes:1
15:04:33.0 (31374188)|HEAP_ALLOCATE|[53]|Bytes:1
15:04:33.0 (31378645)|HEAP_ALLOCATE|[53]|Bytes:4
15:04:33.0 (31382898)|HEAP_ALLOCATE|[EXTERNAL]|Bytes:4
15:04:33.0 (31385904)|HEAP_ALLOCATE|[51]|Bytes:4
15:04:33.0 (31388422)|VARIABLE_ASSIGNMENT|[51]|j|30
15:04:33.0 (31390180)|STATEMENT_EXECUTE|[51]
15:04:33.0 (31391523)|STATEMENT_EXECUTE|[54]
15:04:33.0 (31392762)|STATEMENT_EXECUTE|[55]
15:04:33.0 (31398095)|HEAP_ALLOCATE|[55]|Bytes:1
15:04:33.0 (31405090)|HEAP_ALLOCATE|[55]|Bytes:2
15:04:33.0 (31409620)|HEAP_ALLOCATE|[55]|Bytes:4
15:04:33.0 (31414001)|HEAP_ALLOCATE|[55]|Bytes:1
15:04:33.0 (31420911)|HEAP_ALLOCATE|[55]|Bytes:2
15:04:33.0 (31425362)|HEAP_ALLOCATE|[55]|Bytes:4
15:04:33.0 (31429645)|HEAP_ALLOCATE|[EXTERNAL]|Bytes:4
15:04:33.0 (31432771)|HEAP_ALLOCATE|[51]|Bytes:4
15:04:33.0 (31435467)|VARIABLE_ASSIGNMENT|[51]|j|60
15:04:33.0 (31437243)|HEAP_ALLOCATE|[50]|Bytes:4
15:04:33.0 (31439390)|VARIABLE_ASSIGNMENT|[50]|i|8
15:04:33.0 (31441005)|STATEMENT_EXECUTE|[50]
15:04:33.0 (31442162)|STATEMENT_EXECUTE|[51]
15:04:33.0 (31443747)|VARIABLE_SCOPE_BEGIN|[51]|j|Integer|false|false
15:04:33.0 (31444967)|HEAP_ALLOCATE|[51]|Bytes:4
15:04:33.0 (31447124)|VARIABLE_ASSIGNMENT|[51]|j|0
15:04:33.0 (31448583)|STATEMENT_EXECUTE|[51]
15:04:33.0 (31449909)|STATEMENT_EXECUTE|[52]
15:04:33.0 (31450855)|STATEMENT_EXECUTE|[53]
15:04:33.0 (31456102)|HEAP_ALLOCATE|[53]|Bytes:1
15:04:33.0 (31463185)|HEAP_ALLOCATE|[53]|Bytes:1
15:04:33.0 (31467736)|HEAP_ALLOCATE|[53]|Bytes:4
15:04:33.0 (31472103)|HEAP_ALLOCATE|[53]|Bytes:1
15:04:33.0 (31479010)|HEAP_ALLOCATE|[53]|Bytes:1
15:04:33.0 (31483554)|HEAP_ALLOCATE|[53]|Bytes:4
15:04:33.0 (31487596)|HEAP_ALLOCATE|[EXTERNAL]|Bytes:4
15:04:33.0 (31490698)|HEAP_ALLOCATE|[51]|Bytes:4
15:04:33.0 (31493196)|VARIABLE_ASSIGNMENT|[51]|j|30
15:04:33.0 (31494995)|STATEMENT_EXECUTE|[51]
15:04:33.0 (31496303)|STATEMENT_EXECUTE|[54]
15:04:33.0 (31497290)|STATEMENT_EXECUTE|[55]
15:04:33.0 (31502366)|HEAP_ALLOCATE|[55]|Bytes:1
15:04:33.0 (31509376)|HEAP_ALLOCATE|[55]|Bytes:2
15:04:33.0 (31513851)|HEAP_ALLOCATE|[55]|Bytes:4
15:04:33.0 (31518235)|HEAP_ALLOCATE|[55]|Bytes:1
15:04:33.0 (31524958)|HEAP_ALLOCATE|[55]|Bytes:2
15:04:33.0 (31529409)|HEAP_ALLOCATE|[55]|Bytes:4
15:04:33.0 (31533593)|HEAP_ALLOCATE|[EXTERNAL]|Bytes:4
15:04:33.0 (31536658)|HEAP_ALLOCATE|[51]|Bytes:4
15:04:33.0 (31539167)|VARIABLE_ASSIGNMENT|[51]|j|60
15:04:33.0 (31540959)|HEAP_ALLOCATE|[50]|Bytes:4
15:04:33.0 (31543271)|VARIABLE_ASSIGNMENT|[50]|i|9
15:04:33.0 (31544881)|STATEMENT_EXECUTE|[50]
15:04:33.0 (31546018)|STATEMENT_EXECUTE|[51]
15:04:33.0 (31547596)|VARIABLE_SCOPE_BEGIN|[51]|j|Integer|false|false
15:04:33.0 (31548792)|HEAP_ALLOCATE|[51]|Bytes:4
15:04:33.0 (31550910)|VARIABLE_ASSIGNMENT|[51]|j|0
15:04:33.0 (31552380)|STATEMENT_EXECUTE|[51]
15:04:33.0 (31553724)|STATEMENT_EXECUTE|[52]
15:04:33.0 (31554698)|STATEMENT_EXECUTE|[53]
15:04:33.0 (31559999)|HEAP_ALLOCATE|[53]|Bytes:1
15:04:33.0 (31566991)|HEAP_ALLOCATE|[53]|Bytes:1
15:04:33.0 (31571465)|HEAP_ALLOCATE|[53]|Bytes:4
15:04:33.0 (31575810)|HEAP_ALLOCATE|[53]|Bytes:1
15:04:33.0 (31582490)|HEAP_ALLOCATE|[53]|Bytes:1
15:04:33.0 (31587128)|HEAP_ALLOCATE|[53]|Bytes:4
15:04:33.0 (31591254)|HEAP_ALLOCATE|[EXTERNAL]|Bytes:4
15:04:33.0 (31594304)|HEAP_ALLOCATE|[51]|Bytes:4
15:04:33.0 (31596859)|VARIABLE_ASSIGNMENT|[51]|j|30
15:04:33.0 (31598653)|STATEMENT_EXECUTE|[51]
15:04:33.0 (31599940)|STATEMENT_EXECUTE|[54]
15:04:33.0 (31600949)|STATEMENT_EXECUTE|[55]
15:04:33.0 (31606183)|HEAP_ALLOCATE|[55]|Bytes:1
15:04:33.0 (31615364)|HEAP_ALLOCATE|[55]|Bytes:2
15:04:33.0 (31620294)|HEAP_ALLOCATE|[55]|Bytes:4
15:04:33.0 (31624692)|HEAP_ALLOCATE|[55]|Bytes:1
15:04:33.0 (31631571)|HEAP_ALLOCATE|[55]|Bytes:2
15:04:33.0 (31636060)|HEAP_ALLOCATE|[55]|Bytes:4
15:04:33.0 (31640414)|HEAP_ALLOCATE|[EXTERNAL]|Bytes:4
15:04:33.0 (31643407)|HEAP_ALLOCATE|[51]|Bytes:4
15:04:33.0 (31646082)|VARIABLE_ASSIGNMENT|[51]|j|60
15:04:33.0 (31647984)|HEAP_ALLOCATE|[50]|Bytes:4
15:04:33.0 (31650193)|VARIABLE_ASSIGNMENT|[50]|i|10
15:04:33.0 (31651780)|STATEMENT_EXECUTE|[50]
15:04:33.0 (31652985)|STATEMENT_EXECUTE|[51]
15:04:33.0 (31654560)|VARIABLE_SCOPE_BEGIN|[51]|j|Integer|false|false
15:04:33.0 (31655871)|HEAP_ALLOCATE|[51]|Bytes:4
15:04:33.0 (31657995)|VARIABLE_ASSIGNMENT|[51]|j|0
15:04:33.0 (31659489)|STATEMENT_EXECUTE|[51]
15:04:33.0 (31660838)|STATEMENT_EXECUTE|[52]
15:04:33.0 (31661810)|STATEMENT_EXECUTE|[53]
15:04:33.0 (31667301)|HEAP_ALLOCATE|[53]|Bytes:2
15:04:33.0 (31674414)|HEAP_ALLOCATE|[53]|Bytes:1
15:04:33.0 (31678840)|HEAP_ALLOCATE|[53]|Bytes:5
15:04:33.0 (31683295)|HEAP_ALLOCATE|[53]|Bytes:2
15:04:33.0 (31690108)|HEAP_ALLOCATE|[53]|Bytes:1
15:04:33.0 (31697413)|HEAP_ALLOCATE|[53]|Bytes:5
15:04:33.0 (31702044)|HEAP_ALLOCATE|[EXTERNAL]|Bytes:4
15:04:33.0 (31705082)|HEAP_ALLOCATE|[51]|Bytes:4
15:04:33.0 (31707764)|VARIABLE_ASSIGNMENT|[51]|j|30
15:04:33.0 (31709605)|STATEMENT_EXECUTE|[51]
15:04:33.0 (31710958)|STATEMENT_EXECUTE|[54]
15:04:33.0 (31711950)|STATEMENT_EXECUTE|[55]
15:04:33.0 (31717353)|HEAP_ALLOCATE|[55]|Bytes:2
15:04:33.0 (31724204)|HEAP_ALLOCATE|[55]|Bytes:2
15:04:33.0 (31728659)|HEAP_ALLOCATE|[55]|Bytes:5
15:04:33.0 (31733140)|HEAP_ALLOCATE|[55]|Bytes:2
15:04:33.0 (31739876)|HEAP_ALLOCATE|[55]|Bytes:2
15:04:33.0 (31744324)|HEAP_ALLOCATE|[55]|Bytes:5
15:04:33.0 (31748468)|HEAP_ALLOCATE|[EXTERNAL]|Bytes:4
15:04:33.0 (31751397)|HEAP_ALLOCATE|[51]|Bytes:4
15:04:33.0 (31753865)|VARIABLE_ASSIGNMENT|[51]|j|60
15:04:33.0 (31755655)|HEAP_ALLOCATE|[50]|Bytes:4
15:04:33.0 (31758046)|VARIABLE_ASSIGNMENT|[50]|i|11
15:04:33.0 (31759614)|STATEMENT_EXECUTE|[50]
15:04:33.0 (31760774)|STATEMENT_EXECUTE|[51]
15:04:33.0 (31762366)|VARIABLE_SCOPE_BEGIN|[51]|j|Integer|false|false
15:04:33.0 (31763543)|HEAP_ALLOCATE|[51]|Bytes:4
15:04:33.0 (31765660)|VARIABLE_ASSIGNMENT|[51]|j|0
15:04:33.0 (31767154)|STATEMENT_EXECUTE|[51]
15:04:33.0 (31768444)|STATEMENT_EXECUTE|[52]
15:04:33.0 (31769434)|STATEMENT_EXECUTE|[53]
15:04:33.0 (31774597)|HEAP_ALLOCATE|[53]|Bytes:2
15:04:33.0 (31781464)|HEAP_ALLOCATE|[53]|Bytes:1
15:04:33.0 (31785897)|HEAP_ALLOCATE|[53]|Bytes:5
15:04:33.0 (31790302)|HEAP_ALLOCATE|[53]|Bytes:2
15:04:33.0 (31797211)|HEAP_ALLOCATE|[53]|Bytes:1
15:04:33.0 (31801527)|HEAP_ALLOCATE|[53]|Bytes:5
15:04:33.0 (31805854)|HEAP_ALLOCATE|[EXTERNAL]|Bytes:4
15:04:33.0 (31809142)|HEAP_ALLOCATE|[51]|Bytes:4
15:04:33.0 (31811686)|VARIABLE_ASSIGNMENT|[51]|j|30
15:04:33.0 (31813416)|STATEMENT_EXECUTE|[51]
15:04:33.0 (31814723)|STATEMENT_EXECUTE|[54]
15:04:33.0 (31815715)|STATEMENT_EXECUTE|[55]
15:04:33.0 (31821021)|HEAP_ALLOCATE|[55]|Bytes:2
15:04:33.0 (31827890)|HEAP_ALLOCATE|[55]|Bytes:2
15:04:33.0 (31832318)|HEAP_ALLOCATE|[55]|Bytes:5
15:04:33.0 (31836738)|HEAP_ALLOCATE|[55]|Bytes:2
15:04:33.0 (31843400)|HEAP_ALLOCATE|[55]|Bytes:2
15:04:33.0 (31847868)|HEAP_ALLOCATE|[55]|Bytes:5
15:04:33.0 (31852001)|HEAP_ALLOCATE|[EXTERNAL]|Bytes:4
15:04:33.0 (31855058)|HEAP_ALLOCATE|[51]|Bytes:4
15:04:33.0 (31857476)|VARIABLE_ASSIGNMENT|[51]|j|60
15:04:33.0 (31859280)|HEAP_ALLOCATE|[50]|Bytes:4
15:04:33.0 (31861405)|VARIABLE_ASSIGNMENT|[50]|i|12
15:04:33.0 (31862985)|STATEMENT_EXECUTE|[50]
15:04:33.0 (31864155)|STATEMENT_EXECUTE|[51]
15:04:33.0 (31865770)|VARIABLE_SCOPE_BEGIN|[51]|j|Integer|false|false
15:04:33.0 (31866987)|HEAP_ALLOCATE|[51]|Bytes:4
15:04:33.0 (31869136)|VARIABLE_ASSIGNMENT|[51]|j|0
15:04:33.0 (31870594)|STATEMENT_EXECUTE|[51]
15:04:33.0 (31871924)|STATEMENT_EXECUTE|[52]
15:04:33.0 (31872929)|STATEMENT_EXECUTE|[53]
15:04:33.0 (31878278)|HEAP_ALLOCATE|[53]|Bytes:2
15:04:33.0 (31885106)|HEAP_ALLOCATE|[53]|Bytes:1
15:04:33.0 (31889930)|HEAP_ALLOCATE|[53]|Bytes:5
15:04:33.0 (31894319)|HEAP_ALLOCATE|[53]|Bytes:2
15:04:33.0 (31901149)|HEAP_ALLOCATE|[53]|Bytes:1
15:04:33.0 (31905560)|HEAP_ALLOCATE|[53]|Bytes:5
15:04:33.0 (31909804)|HEAP_ALLOCATE|[EXTERNAL]|Bytes:4
15:04:33.0 (31912883)|HEAP_ALLOCATE|[51]|Bytes:4
15:04:33.0 (31915293)|VARIABLE_ASSIGNMENT|[51]|j|30
15:04:33.0 (31916984)|STATEMENT_EXECUTE|[51]
15:04:33.0 (31918336)|STATEMENT_EXECUTE|[54]
15:04:33.0 (31919305)|STATEMENT_EXECUTE|[55]
15:04:33.0 (31924560)|HEAP_ALLOCATE|[55]|Bytes:2
15:04:33.0 (31931408)|HEAP_ALLOCATE|[55]|Bytes:2
15:04:33.0 (31935849)|HEAP_ALLOCATE|[55]|Bytes:5
15:04:33.0 (31940217)|HEAP_ALLOCATE|[55]|Bytes:2
15:04:33.0 (31946890)|HEAP_ALLOCATE|[55]|Bytes:2
15:04:33.0 (31951361)|HEAP_ALLOCATE|[55]|Bytes:5
15:04:33.0 (31955454)|HEAP_ALLOCATE|[EXTERNAL]|Bytes:4
15:04:33.0 (31958369)|HEAP_ALLOCATE|[51]|Bytes:4
15:04:33.0 (31960906)|VARIABLE_ASSIGNMENT|[51]|j|60
15:04:33.0 (31962698)|HEAP_ALLOCATE|[50]|Bytes:4
15:04:33.0 (31965107)|VARIABLE_ASSIGNMENT|[50]|i|13
15:04:33.0 (31966720)|STATEMENT_EXECUTE|[50]
15:04:33.0 (31967890)|STATEMENT_EXECUTE|[51]
15:04:33.0 (31969469)|VARIABLE_SCOPE_BEGIN|[51]|j|Integer|false|false
15:04:33.0 (31970645)|HEAP_ALLOCATE|[51]|Bytes:4
15:04:33.0 (31972853)|VARIABLE_ASSIGNMENT|[51]|j|0
15:04:33.0 (31974255)|STATEMENT_EXECUTE|[51]
15:04:33.0 (31975527)|STATEMENT_EXECUTE|[52]
15:04:33.0 (31976510)|STATEMENT_EXECUTE|[53]
15:04:33.0 (31981665)|HEAP_ALLOCATE|[53]|Bytes:2
15:04:33.0 (31988646)|HEAP_ALLOCATE|[53]|Bytes:1
15:04:33.0 (31993309)|HEAP_ALLOCATE|[53]|Bytes:5
15:04:33.0 (31997723)|HEAP_ALLOCATE|[53]|Bytes:2
15:04:33.0 (32004548)|HEAP_ALLOCATE|[53]|Bytes:1
15:04:33.0 (32009522)|HEAP_ALLOCATE|[53]|Bytes:5
15:04:33.0 (32013771)|HEAP_ALLOCATE|[EXTERNAL]|Bytes:4
15:04:33.0 (32016809)|HEAP_ALLOCATE|[51]|Bytes:4
15:04:33.0 (32019407)|VARIABLE_ASSIGNMENT|[51]|j|30
15:04:33.0 (32021195)|STATEMENT_EXECUTE|[51]
15:04:33.0 (32022525)|STATEMENT_EXECUTE|[54]
15:04:33.0 (32023505)|STATEMENT_EXECUTE|[55]
15:04:33.0 (32028939)|HEAP_ALLOCATE|[55]|Bytes:2
15:04:33.0 (32035827)|HEAP_ALLOCATE|[55]|Bytes:2
15:04:33.0 (32040323)|HEAP_ALLOCATE|[55]|Bytes:5
15:04:33.0 (32044667)|HEAP_ALLOCATE|[55]|Bytes:2
15:04:33.0 (32051247)|HEAP_ALLOCATE|[55]|Bytes:2
15:04:33.0 (32055862)|HEAP_ALLOCATE|[55]|Bytes:5
15:04:33.0 (32060077)|HEAP_ALLOCATE|[EXTERNAL]|Bytes:4
15:04:33.0 (32063078)|HEAP_ALLOCATE|[51]|Bytes:4
15:04:33.0 (32065704)|VARIABLE_ASSIGNMENT|[51]|j|60
15:04:33.0 (32067476)|HEAP_ALLOCATE|[50]|Bytes:4
15:04:33.0 (32069619)|VARIABLE_ASSIGNMENT|[50]|i|14
15:04:33.0 (32071224)|STATEMENT_EXECUTE|[50]
15:04:33.0 (32072384)|STATEMENT_EXECUTE|[51]
15:04:33.0 (32073953)|VARIABLE_SCOPE_BEGIN|[51]|j|Integer|false|false
15:04:33.0 (32075265)|HEAP_ALLOCATE|[51]|Bytes:4
15:04:33.0 (32077424)|VARIABLE_ASSIGNMENT|[51]|j|0
15:04:33.0 (32078818)|STATEMENT_EXECUTE|[51]
15:04:33.0 (32080268)|STATEMENT_EXECUTE|[52]
15:04:33.0 (32081222)|STATEMENT_EXECUTE|[53]
15:04:33.0 (32086401)|HEAP_ALLOCATE|[53]|Bytes:2
15:04:33.0 (32093388)|HEAP_ALLOCATE|[53]|Bytes:1
15:04:33.0 (32098115)|HEAP_ALLOCATE|[53]|Bytes:5
15:04:33.0 (32102605)|HEAP_ALLOCATE|[53]|Bytes:2
15:04:33.0 (32109384)|HEAP_ALLOCATE|[53]|Bytes:1
15:04:33.0 (32113842)|HEAP_ALLOCATE|[53]|Bytes:5
15:04:33.0 (32118015)|HEAP_ALLOCATE|[EXTERNAL]|Bytes:4
15:04:33.0 (32121059)|HEAP_ALLOCATE|[51]|Bytes:4
15:04:33.0 (32123621)|VARIABLE_ASSIGNMENT|[51]|j|30
15:04:33.0 (32125327)|STATEMENT_EXECUTE|[51]
15:04:33.0 (32126730)|STATEMENT_EXECUTE|[54]
15:04:33.0 (32127717)|STATEMENT_EXECUTE|[55]
15:04:33.0 (32132863)|HEAP_ALLOCATE|[55]|Bytes:2
15:04:33.0 (32139707)|HEAP_ALLOCATE|[55]|Bytes:2
15:04:33.0 (32144169)|HEAP_ALLOCATE|[55]|Bytes:5
15:04:33.0 (32148522)|HEAP_ALLOCATE|[55]|Bytes:2
15:04:33.0 (32155198)|HEAP_ALLOCATE|[55]|Bytes:2
15:04:33.0 (32159710)|HEAP_ALLOCATE|[55]|Bytes:5
15:04:33.0 (32163739)|HEAP_ALLOCATE|[EXTERNAL]|Bytes:4
15:04:33.0 (32166776)|HEAP_ALLOCATE|[51]|Bytes:4
15:04:33.0 (32169174)|VARIABLE_ASSIGNMENT|[51]|j|60
15:04:33.0 (32171000)|HEAP_ALLOCATE|[50]|Bytes:4
15:04:33.0 (32173110)|VARIABLE_ASSIGNMENT|[50]|i|15
15:04:33.0 (32174939)|STATEMENT_EXECUTE|[50]
15:04:33.0 (32176092)|STATEMENT_EXECUTE|[51]
15:04:33.0 (32177672)|VARIABLE_SCOPE_BEGIN|[51]|j|Integer|false|false
15:04:33.0 (32178988)|HEAP_ALLOCATE|[51]|Bytes:4
15:04:33.0 (32181132)|VARIABLE_ASSIGNMENT|[51]|j|0
15:04:33.0 (32182533)|STATEMENT_EXECUTE|[51]
15:04:33.0 (32183828)|STATEMENT_EXECUTE|[52]
15:04:33.0 (32184788)|STATEMENT_EXECUTE|[53]
15:04:33.0 (32190130)|HEAP_ALLOCATE|[53]|Bytes:2
15:04:33.0 (32197111)|HEAP_ALLOCATE|[53]|Bytes:1
15:04:33.0 (32201529)|HEAP_ALLOCATE|[53]|Bytes:5
15:04:33.0 (32205965)|HEAP_ALLOCATE|[53]|Bytes:2
15:04:33.0 (32212685)|HEAP_ALLOCATE|[53]|Bytes:1
15:04:33.0 (32217381)|HEAP_ALLOCATE|[53]|Bytes:5
15:04:33.0 (32221395)|HEAP_ALLOCATE|[EXTERNAL]|Bytes:4
15:04:33.0 (32224489)|HEAP_ALLOCATE|[51]|Bytes:4
15:04:33.0 (32226868)|VARIABLE_ASSIGNMENT|[51]|j|30
15:04:33.0 (32228589)|STATEMENT_EXECUTE|[51]
15:04:33.0 (32229930)|STATEMENT_EXECUTE|[54]
15:04:33.0 (32230949)|STATEMENT_EXECUTE|[55]
15:04:33.0 (32236415)|HEAP_ALLOCATE|[55]|Bytes:2
15:04:33.0 (32243357)|HEAP_ALLOCATE|[55]|Bytes:2
15:04:33.0 (32247763)|HEAP_ALLOCATE|[55]|Bytes:5
15:04:33.0 (32252108)|HEAP_ALLOCATE|[55]|Bytes:2
15:04:33.0 (32258725)|HEAP_ALLOCATE|[55]|Bytes:2
15:04:33.0 (32263198)|HEAP_ALLOCATE|[55]|Bytes:5
15:04:33.0 (32267177)|HEAP_ALLOCATE|[EXTERNAL]|Bytes:4
15:04:33.0 (32270206)|HEAP_ALLOCATE|[51]|Bytes:4
15:04:33.0 (32272745)|VARIABLE_ASSIGNMENT|[51]|j|60
15:04:33.0 (32274772)|HEAP_ALLOCATE|[50]|Bytes:4
15:04:33.0 (32276942)|VARIABLE_ASSIGNMENT|[50]|i|16
15:04:33.0 (32278529)|STATEMENT_EXECUTE|[50]
15:04:33.0 (32279649)|STATEMENT_EXECUTE|[51]
15:04:33.0 (32281235)|VARIABLE_SCOPE_BEGIN|[51]|j|Integer|false|false
15:04:33.0 (32282430)|HEAP_ALLOCATE|[51]|Bytes:4
15:04:33.0 (32284603)|VARIABLE_ASSIGNMENT|[51]|j|0
15:04:33.0 (32286076)|STATEMENT_EXECUTE|[51]
15:04:33.0 (32287422)|STATEMENT_EXECUTE|[52]
15:04:33.0 (32288411)|STATEMENT_EXECUTE|[53]
15:04:33.0 (32293569)|HEAP_ALLOCATE|[53]|Bytes:2
15:04:33.0 (32300481)|HEAP_ALLOCATE|[53]|Bytes:1
15:04:33.0 (32305101)|HEAP_ALLOCATE|[53]|Bytes:5
15:04:33.0 (32309541)|HEAP_ALLOCATE|[53]|Bytes:2
15:04:33.0 (32316223)|HEAP_ALLOCATE|[53]|Bytes:1
15:04:33.0 (32320740)|HEAP_ALLOCATE|[53]|Bytes:5
15:04:33.0 (32324844)|HEAP_ALLOCATE|[EXTERNAL]|Bytes:4
15:04:33.0 (32327903)|HEAP_ALLOCATE|[51]|Bytes:4
15:04:33.0 (32330366)|VARIABLE_ASSIGNMENT|[51]|j|30
15:04:33.0 (32332121)|STATEMENT_EXECUTE|[51]
15:04:33.0 (32333471)|STATEMENT_EXECUTE|[54]
15:04:33.0 (32334452)|STATEMENT_EXECUTE|[55]
15:04:33.0 (32339586)|HEAP_ALLOCATE|[55]|Bytes:2
15:04:33.0 (32346521)|HEAP_ALLOCATE|[55]|Bytes:2
15:04:33.0 (32351042)|HEAP_ALLOCATE|[55]|Bytes:5
15:04:33.0 (32355478)|HEAP_ALLOCATE|[55]|Bytes:2
15:04:33.0 (32362237)|HEAP_ALLOCATE|[55]|Bytes:2
15:04:33.0 (32366669)|HEAP_ALLOCATE|[55]|Bytes:5
15:04:33.0 (32370665)|HEAP_ALLOCATE|[EXTERNAL]|Bytes:4
15:04:33.0 (32373835)|HEAP_ALLOCATE|[51]|Bytes:4
15:04:33.0 (32376328)|VARIABLE_ASSIGNMENT|[51]|j|60
15:04:33.0 (32378105)|HEAP_ALLOCATE|[50]|Bytes:4
15:04:33.0 (32380365)|VARIABLE_ASSIGNMENT|[50]|i|17
15:04:33.0 (32382131)|STATEMENT_EXECUTE|[50]
15:04:33.0 (32383327)|STATEMENT_EXECUTE|[51]
15:04:33.0 (32385048)|VARIABLE_SCOPE_BEGIN|[51]|j|Integer|false|false
15:04:33.0 (32386250)|HEAP_ALLOCATE|[51]|Bytes:4
15:04:33.0 (32388434)|VARIABLE_ASSIGNMENT|[51]|j|0
15:04:33.0 (32389935)|STATEMENT_EXECUTE|[51]
15:04:33.0 (32391270)|STATEMENT_EXECUTE|[52]
15:04:33.0 (32392261)|STATEMENT_EXECUTE|[53]
15:04:33.0 (32397481)|HEAP_ALLOCATE|[53]|Bytes:2
15:04:33.0 (32404431)|HEAP_ALLOCATE|[53]|Bytes:1
15:04:33.0 (32408919)|HEAP_ALLOCATE|[53]|Bytes:5
15:04:33.0 (32413367)|HEAP_ALLOCATE|[53]|Bytes:2
15:04:33.0 (32420060)|HEAP_ALLOCATE|[53]|Bytes:1
15:04:33.0 (32424484)|HEAP_ALLOCATE|[53]|Bytes:5
15:04:33.0 (32428869)|HEAP_ALLOCATE|[EXTERNAL]|Bytes:4
15:04:33.0 (32431919)|HEAP_ALLOCATE|[51]|Bytes:4
15:04:33.0 (32434371)|VARIABLE_ASSIGNMENT|[51]|j|30
15:04:33.0 (32436109)|STATEMENT_EXECUTE|[51]
15:04:33.0 (32437414)|STATEMENT_EXECUTE|[54]
15:04:33.0 (32438405)|STATEMENT_EXECUTE|[55]
15:04:33.0 (32443536)|HEAP_ALLOCATE|[55]|Bytes:2
15:04:33.0 (32450822)|HEAP_ALLOCATE|[55]|Bytes:2
15:04:33.0 (32455231)|HEAP_ALLOCATE|[55]|Bytes:5
15:04:33.0 (32459615)|HEAP_ALLOCATE|[55]|Bytes:2
15:04:33.0 (32466321)|HEAP_ALLOCATE|[55]|Bytes:2
15:04:33.0 (32470697)|HEAP_ALLOCATE|[55]|Bytes:5
15:04:33.0 (32474742)|HEAP_ALLOCATE|[EXTERNAL]|Bytes:4
15:04:33.0 (32477749)|HEAP_ALLOCATE|[51]|Bytes:4
15:04:33.0 (32480220)|VARIABLE_ASSIGNMENT|[51]|j|60
15:04:33.0 (32482062)|HEAP_ALLOCATE|[50]|Bytes:4
15:04:33.0 (32484238)|VARIABLE_ASSIGNMENT|[50]|i|18
15:04:33.0 (32485866)|STATEMENT_EXECUTE|[50]
15:04:33.0 (32487046)|STATEMENT_EXECUTE|[51]
15:04:33.0 (32488586)|VARIABLE_SCOPE_BEGIN|[51]|j|Integer|false|false
15:04:33.0 (32489790)|HEAP_ALLOCATE|[51]|Bytes:4
15:04:33.0 (32491935)|VARIABLE_ASSIGNMENT|[51]|j|0
15:04:33.0 (32493467)|STATEMENT_EXECUTE|[51]
15:04:33.0 (32494737)|STATEMENT_EXECUTE|[52]
15:04:33.0 (32495742)|STATEMENT_EXECUTE|[53]
15:04:33.0 (32500985)|HEAP_ALLOCATE|[53]|Bytes:2
15:04:33.0 (32507874)|HEAP_ALLOCATE|[53]|Bytes:1
15:04:33.0 (32512739)|HEAP_ALLOCATE|[53]|Bytes:5
15:04:33.0 (32517142)|HEAP_ALLOCATE|[53]|Bytes:2
15:04:33.0 (32523820)|HEAP_ALLOCATE|[53]|Bytes:1
15:04:33.0 (32528446)|HEAP_ALLOCATE|[53]|Bytes:5
15:04:33.0 (32532680)|HEAP_ALLOCATE|[EXTERNAL]|Bytes:4
15:04:33.0 (32535797)|HEAP_ALLOCATE|[51]|Bytes:4
15:04:33.0 (32538345)|VARIABLE_ASSIGNMENT|[51]|j|30
15:04:33.0 (32540017)|STATEMENT_EXECUTE|[51]
15:04:33.0 (32541300)|STATEMENT_EXECUTE|[54]
15:04:33.0 (32542323)|STATEMENT_EXECUTE|[55]
15:04:33.0 (32547401)|HEAP_ALLOCATE|[55]|Bytes:2
15:04:33.0 (32554209)|HEAP_ALLOCATE|[55]|Bytes:2
15:04:33.0 (32558620)|HEAP_ALLOCATE|[55]|Bytes:5
15:04:33.0 (32562874)|HEAP_ALLOCATE|[55]|Bytes:2
15:04:33.0 (32569516)|HEAP_ALLOCATE|[55]|Bytes:2
15:04:33.0 (32573892)|HEAP_ALLOCATE|[55]|Bytes:5
15:04:33.0 (32577780)|HEAP_ALLOCATE|[EXTERNAL]|Bytes:4
15:04:33.0 (32580756)|HEAP_ALLOCATE|[51]|Bytes:4
15:04:33.0 (32583287)|VARIABLE_ASSIGNMENT|[51]|j|60
15:04:33.0 (32585079)|HEAP_ALLOCATE|[50]|Bytes:4
15:04:33.0 (32587318)|VARIABLE_ASSIGNMENT|[50]|i|19
15:04:33.0 (32589201)|STATEMENT_EXECUTE|[50]
15:04:33.0 (32590339)|STATEMENT_EXECUTE|[51]
15:04:33.0 (32591884)|VARIABLE_SCOPE_BEGIN|[51]|j|Integer|false|false
15:04:33.0 (32593071)|HEAP_ALLOCATE|[51]|Bytes:4
15:04:33.0 (32595212)|VARIABLE_ASSIGNMENT|[51]|j|0
15:04:33.0 (32596727)|STATEMENT_EXECUTE|[51]
15:04:33.0 (32598039)|STATEMENT_EXECUTE|[52]
15:04:33.0 (32599033)|STATEMENT_EXECUTE|[53]
15:04:33.0 (32604256)|HEAP_ALLOCATE|[53]|Bytes:2
15:04:33.0 (32612110)|HEAP_ALLOCATE|[53]|Bytes:1
15:04:33.0 (32618532)|HEAP_ALLOCATE|[53]|Bytes:5
15:04:33.0 (32623058)|HEAP_ALLOCATE|[53]|Bytes:2
15:04:33.0 (32629864)|HEAP_ALLOCATE|[53]|Bytes:1
15:04:33.0 (32634454)|HEAP_ALLOCATE|[53]|Bytes:5
15:04:33.0 (32638861)|HEAP_ALLOCATE|[EXTERNAL]|Bytes:4
15:04:33.0 (32642011)|HEAP_ALLOCATE|[51]|Bytes:4
15:04:33.0 (32644682)|VARIABLE_ASSIGNMENT|[51]|j|30
15:04:33.0 (32646604)|STATEMENT_EXECUTE|[51]
15:04:33.0 (32647936)|STATEMENT_EXECUTE|[54]
15:04:33.0 (32649098)|STATEMENT_EXECUTE|[55]
15:04:33.0 (32654391)|HEAP_ALLOCATE|[55]|Bytes:2
15:04:33.0 (32661683)|HEAP_ALLOCATE|[55]|Bytes:2
15:04:33.0 (32666097)|HEAP_ALLOCATE|[55]|Bytes:5
15:04:33.0 (32670412)|HEAP_ALLOCATE|[55]|Bytes:2
15:04:33.0 (32677110)|HEAP_ALLOCATE|[55]|Bytes:2
15:04:33.0 (32681491)|HEAP_ALLOCATE|[55]|Bytes:5
15:04:33.0 (32685458)|HEAP_ALLOCATE|[EXTERNAL]|Bytes:4
15:04:33.0 (32688503)|HEAP_ALLOCATE|[51]|Bytes:4
15:04:33.0 (32690967)|VARIABLE_ASSIGNMENT|[51]|j|60
15:04:33.0 (32692843)|HEAP_ALLOCATE|[50]|Bytes:4
15:04:33.0 (32698644)|VARIABLE_ASSIGNMENT|[50]|i|20
15:04:33.0 (32700344)|STATEMENT_EXECUTE|[50]
15:04:33.0 (32701538)|STATEMENT_EXECUTE|[51]
15:04:33.0 (32703147)|VARIABLE_SCOPE_BEGIN|[51]|j|Integer|false|false
15:04:33.0 (32704472)|HEAP_ALLOCATE|[51]|Bytes:4
15:04:33.0 (32706630)|VARIABLE_ASSIGNMENT|[51]|j|0
15:04:33.0 (32708166)|STATEMENT_EXECUTE|[51]
15:04:33.0 (32709467)|STATEMENT_EXECUTE|[52]
15:04:33.0 (32710420)|STATEMENT_EXECUTE|[53]
15:04:33.0 (32716088)|HEAP_ALLOCATE|[53]|Bytes:2
15:04:33.0 (32723223)|HEAP_ALLOCATE|[53]|Bytes:1
15:04:33.0 (32728306)|HEAP_ALLOCATE|[53]|Bytes:5
15:04:33.0 (32732745)|HEAP_ALLOCATE|[53]|Bytes:2
15:04:33.0 (32739555)|HEAP_ALLOCATE|[53]|Bytes:1
15:04:33.0 (32744062)|HEAP_ALLOCATE|[53]|Bytes:5
15:04:33.0 (32748588)|HEAP_ALLOCATE|[EXTERNAL]|Bytes:4
15:04:33.0 (32751773)|HEAP_ALLOCATE|[51]|Bytes:4
15:04:33.0 (32754360)|VARIABLE_ASSIGNMENT|[51]|j|30
15:04:33.0 (32756102)|STATEMENT_EXECUTE|[51]
15:04:33.0 (32757462)|STATEMENT_EXECUTE|[54]
15:04:33.0 (32758477)|STATEMENT_EXECUTE|[55]
15:04:33.0 (32763703)|HEAP_ALLOCATE|[55]|Bytes:2
15:04:33.0 (32770547)|HEAP_ALLOCATE|[55]|Bytes:2
15:04:33.0 (32774981)|HEAP_ALLOCATE|[55]|Bytes:5
15:04:33.0 (32779317)|HEAP_ALLOCATE|[55]|Bytes:2
15:04:33.0 (32785985)|HEAP_ALLOCATE|[55]|Bytes:2
15:04:33.0 (32790399)|HEAP_ALLOCATE|[55]|Bytes:5
15:04:33.0 (32794526)|HEAP_ALLOCATE|[EXTERNAL]|Bytes:4
15:04:33.0 (32797395)|HEAP_ALLOCATE|[51]|Bytes:4
15:04:33.0 (32799970)|VARIABLE_ASSIGNMENT|[51]|j|60
15:04:33.0 (32801775)|HEAP_ALLOCATE|[50]|Bytes:4
15:04:33.0 (32803988)|VARIABLE_ASSIGNMENT|[50]|i|21
15:04:33.0 (32805900)|STATEMENT_EXECUTE|[50]
15:04:33.0 (32807229)|STATEMENT_EXECUTE|[51]
15:04:33.0 (32808831)|VARIABLE_SCOPE_BEGIN|[51]|j|Integer|false|false
15:04:33.0 (32810079)|HEAP_ALLOCATE|[51]|Bytes:4
15:04:33.0 (32812236)|VARIABLE_ASSIGNMENT|[51]|j|0
15:04:33.0 (32813749)|STATEMENT_EXECUTE|[51]
15:04:33.0 (32815056)|STATEMENT_EXECUTE|[52]
15:04:33.0 (32816036)|STATEMENT_EXECUTE|[53]
15:04:33.0 (32821327)|HEAP_ALLOCATE|[53]|Bytes:2
15:04:33.0 (32828263)|HEAP_ALLOCATE|[53]|Bytes:1
15:04:33.0 (32832709)|HEAP_ALLOCATE|[53]|Bytes:5
15:04:33.0 (32837261)|HEAP_ALLOCATE|[53]|Bytes:2
15:04:33.0 (32843889)|HEAP_ALLOCATE|[53]|Bytes:1
15:04:33.0 (32848379)|HEAP_ALLOCATE|[53]|Bytes:5
15:04:33.0 (32852553)|HEAP_ALLOCATE|[EXTERNAL]|Bytes:4
15:04:33.0 (32855670)|HEAP_ALLOCATE|[51]|Bytes:4
15:04:33.0 (32858188)|VARIABLE_ASSIGNMENT|[51]|j|30
15:04:33.0 (32860027)|STATEMENT_EXECUTE|[51]
15:04:33.0 (32861319)|STATEMENT_EXECUTE|[54]
15:04:33.0 (32862315)|STATEMENT_EXECUTE|[55]
15:04:33.0 (32867430)|HEAP_ALLOCATE|[55]|Bytes:2
15:04:33.0 (32874816)|HEAP_ALLOCATE|[55]|Bytes:2
15:04:33.0 (32879316)|HEAP_ALLOCATE|[55]|Bytes:5
15:04:33.0 (32883817)|HEAP_ALLOCATE|[55]|Bytes:2
15:04:33.0 (32890504)|HEAP_ALLOCATE|[55]|Bytes:2
15:04:33.0 (32894862)|HEAP_ALLOCATE|[55]|Bytes:5
15:04:33.0 (32899064)|HEAP_ALLOCATE|[EXTERNAL]|Bytes:4
15:04:33.0 (32901944)|HEAP_ALLOCATE|[51]|Bytes:4
15:04:33.0 (32904463)|VARIABLE_ASSIGNMENT|[51]|j|60
15:04:33.0 (32906262)|HEAP_ALLOCATE|[50]|Bytes:4
15:04:33.0 (32908542)|VARIABLE_ASSIGNMENT|[50]|i|22
15:04:33.0 (32910145)|STATEMENT_EXECUTE|[50]
15:04:33.0 (32911316)|STATEMENT_EXECUTE|[51]
15:04:33.0 (32912850)|VARIABLE_SCOPE_BEGIN|[51]|j|Integer|false|false
15:04:33.0 (32914094)|HEAP_ALLOCATE|[51]|Bytes:4
15:04:33.0 (32916236)|VARIABLE_ASSIGNMENT|[51]|j|0
15:04:33.0 (32917717)|STATEMENT_EXECUTE|[51]
15:04:33.0 (32919038)|STATEMENT_EXECUTE|[52]
15:04:33.0 (32920024)|STATEMENT_EXECUTE|[53]
15:04:33.0 (32925272)|HEAP_ALLOCATE|[53]|Bytes:2
15:04:33.0 (32932104)|HEAP_ALLOCATE|[53]|Bytes:1
15:04:33.0 (32936567)|HEAP_ALLOCATE|[53]|Bytes:5
15:04:33.0 (32941147)|HEAP_ALLOCATE|[53]|Bytes:2
15:04:33.0 (32947863)|HEAP_ALLOCATE|[53]|Bytes:1
15:04:33.0 (32952304)|HEAP_ALLOCATE|[53]|Bytes:5
15:04:33.0 (32956499)|HEAP_ALLOCATE|[EXTERNAL]|Bytes:4
15:04:33.0 (32959571)|HEAP_ALLOCATE|[51]|Bytes:4
15:04:33.0 (32962093)|VARIABLE_ASSIGNMENT|[51]|j|30
15:04:33.0 (32963779)|STATEMENT_EXECUTE|[51]
15:04:33.0 (32965076)|STATEMENT_EXECUTE|[54]
15:04:33.0 (32966083)|STATEMENT_EXECUTE|[55]
15:04:33.0 (32971234)|HEAP_ALLOCATE|[55]|Bytes:2
15:04:33.0 (32978086)|HEAP_ALLOCATE|[55]|Bytes:2
15:04:33.0 (32982569)|HEAP_ALLOCATE|[55]|Bytes:5
15:04:33.0 (32987005)|HEAP_ALLOCATE|[55]|Bytes:2
15:04:33.0 (32993650)|HEAP_ALLOCATE|[55]|Bytes:2
15:04:33.0 (32998017)|HEAP_ALLOCATE|[55]|Bytes:5
15:04:33.0 (33002080)|HEAP_ALLOCATE|[EXTERNAL]|Bytes:4
15:04:33.0 (33005678)|HEAP_ALLOCATE|[51]|Bytes:4
15:04:33.0 (33008259)|VARIABLE_ASSIGNMENT|[51]|j|60
15:04:33.0 (33010084)|HEAP_ALLOCATE|[50]|Bytes:4
15:04:33.0 (33012232)|VARIABLE_ASSIGNMENT|[50]|i|23
15:04:33.0 (33014215)|STATEMENT_EXECUTE|[50]
15:04:33.0 (33015488)|STATEMENT_EXECUTE|[51]
15:04:33.0 (33017061)|VARIABLE_SCOPE_BEGIN|[51]|j|Integer|false|false
15:04:33.0 (33018256)|HEAP_ALLOCATE|[51]|Bytes:4
15:04:33.0 (33020439)|VARIABLE_ASSIGNMENT|[51]|j|0
15:04:33.0 (33021894)|STATEMENT_EXECUTE|[51]
15:04:33.0 (33023204)|STATEMENT_EXECUTE|[52]
15:04:33.0 (33024160)|STATEMENT_EXECUTE|[53]
15:04:33.0 (33029509)|HEAP_ALLOCATE|[53]|Bytes:2
15:04:33.0 (33036480)|HEAP_ALLOCATE|[53]|Bytes:1
15:04:33.0 (33040937)|HEAP_ALLOCATE|[53]|Bytes:5
15:04:33.0 (33045383)|HEAP_ALLOCATE|[53]|Bytes:2
15:04:33.0 (33052093)|HEAP_ALLOCATE|[53]|Bytes:1
15:04:33.0 (33056620)|HEAP_ALLOCATE|[53]|Bytes:5
15:04:33.0 (33061084)|HEAP_ALLOCATE|[EXTERNAL]|Bytes:4
15:04:33.0 (33064037)|HEAP_ALLOCATE|[51]|Bytes:4
15:04:33.0 (33066656)|VARIABLE_ASSIGNMENT|[51]|j|30
15:04:33.0 (33068374)|STATEMENT_EXECUTE|[51]
15:04:33.0 (33069719)|STATEMENT_EXECUTE|[54]
15:04:33.0 (33070682)|STATEMENT_EXECUTE|[55]
15:04:33.0 (33075802)|HEAP_ALLOCATE|[55]|Bytes:2
15:04:33.0 (33083167)|HEAP_ALLOCATE|[55]|Bytes:2
15:04:33.0 (33087611)|HEAP_ALLOCATE|[55]|Bytes:5
15:04:33.0 (33092002)|HEAP_ALLOCATE|[55]|Bytes:2
15:04:33.0 (33098744)|HEAP_ALLOCATE|[55]|Bytes:2
15:04:33.0 (33103219)|HEAP_ALLOCATE|[55]|Bytes:5
15:04:33.0 (33107255)|HEAP_ALLOCATE|[EXTERNAL]|Bytes:4
15:04:33.0 (33110229)|HEAP_ALLOCATE|[51]|Bytes:4
15:04:33.0 (33112805)|VARIABLE_ASSIGNMENT|[51]|j|60
15:04:33.0 (33114555)|HEAP_ALLOCATE|[50]|Bytes:4
15:04:33.0 (33116695)|VARIABLE_ASSIGNMENT|[50]|i|24
15:04:33.0 (33118593)|STATEMENT_EXECUTE|[59]
15:04:33.0 (33209293)|SYSTEM_MODE_ENTER|true
15:04:33.0 (33230564)|HEAP_ALLOCATE|[EXTERNAL]|Bytes:80
15:04:33.0 (33274570)|VARIABLE_ASSIGNMENT|[EXTERNAL]|this|{"delToHub":true,"delToProj":false,"detail":"0x49b5514a","invoked":false,"rejected":false,"reserved":false,"selectedTime3":"8:00","sublocations1":"0x38fe5b3","www":"0x7a3d1b0d","wwwById":"0x6302f22b"}|0x23e74821
15:04:33.0 (33280973)|STATEMENT_EXECUTE|[78]
15:04:33.0 (33283719)|STATEMENT_EXECUTE|[79]
15:04:33.0 (33284903)|STATEMENT_EXECUTE|[83]
15:04:33.35 (35915968)|SYSTEM_MODE_ENTER|true
15:04:33.35 (35957239)|HEAP_ALLOCATE|[EXTERNAL]|Bytes:8
15:04:33.35 (35962552)|VARIABLE_SCOPE_BEGIN|[88]|this|ApexPage.PageMessagesComponentController|true|false
15:04:33.35 (35978157)|VARIABLE_ASSIGNMENT|[88]|this|{}|0x18fca05f
15:04:33.35 (35980494)|VARIABLE_SCOPE_BEGIN|[88]|escape|Boolean|false|false
15:04:33.35 (35983651)|VARIABLE_ASSIGNMENT|[88]|escape|null
15:04:33.0 (36360300)|SYSTEM_MODE_ENTER|true
15:04:33.0 (36382141)|HEAP_ALLOCATE|[EXTERNAL]|Bytes:4
15:04:33.0 (36385709)|HEAP_ALLOCATE|[EXTERNAL]|Bytes:80
15:04:33.0 (36394736)|VARIABLE_ASSIGNMENT|[EXTERNAL]|this.selectedTime3|"8:00"|0x23e74821
15:04:33.0 (36424854)|SYSTEM_MODE_ENTER|true
15:04:33.0 (36444582)|HEAP_ALLOCATE|[EXTERNAL]|Bytes:80
15:04:33.0 (36486762)|VARIABLE_ASSIGNMENT|[EXTERNAL]|this|{"delToHub":true,"delToProj":false,"detail":"0x49b5514a","invoked":false,"rejected":false,"reserved":false,"selectedTime3":"8:00","sublocations1":"0x38fe5b3","www":"0x7a3d1b0d","wwwById":"0x6302f22b"}|0x23e74821
15:04:33.0 (36493304)|STATEMENT_EXECUTE|[3]
15:04:33.0 (36496045)|STATEMENT_EXECUTE|[4]
15:04:33.0 (36497398)|STATEMENT_EXECUTE|[9]
15:04:33.0 (36854608)|SYSTEM_MODE_ENTER|true
15:04:33.0 (36878087)|HEAP_ALLOCATE|[EXTERNAL]|Bytes:80
15:04:33.0 (36921798)|VARIABLE_ASSIGNMENT|[EXTERNAL]|this|{"delToHub":true,"delToProj":false,"detail":"0x49b5514a","invoked":false,"rejected":false,"reserved":false,"selectedTime3":"8:00","sublocations1":"0x38fe5b3","www":"0x7a3d1b0d","wwwById":"0x6302f22b"}|0x23e74821
15:04:33.0 (36927635)|STATEMENT_EXECUTE|[204]
15:04:33.0 (36930084)|STATEMENT_EXECUTE|[205]
15:04:33.0 (36931439)|STATEMENT_EXECUTE|[208]
15:04:33.0 (36969520)|SYSTEM_MODE_ENTER|true
15:04:33.0 (36985758)|HEAP_ALLOCATE|[EXTERNAL]|Bytes:80
15:04:33.0 (37020962)|VARIABLE_ASSIGNMENT|[EXTERNAL]|this|{"delToHub":true,"delToProj":false,"detail":"0x49b5514a","invoked":false,"rejected":false,"reserved":false,"selectedTime3":"8:00","sublocations1":"0x38fe5b3","www":"0x7a3d1b0d","wwwById":"0x6302f22b"}|0x23e74821
15:04:33.0 (37027117)|STATEMENT_EXECUTE|[220]
15:04:33.0 (37029154)|STATEMENT_EXECUTE|[221]
15:04:33.0 (37030601)|STATEMENT_EXECUTE|[224]
15:04:33.0 (37063866)|SYSTEM_MODE_ENTER|true
15:04:33.0 (37078192)|HEAP_ALLOCATE|[EXTERNAL]|Bytes:80
15:04:33.0 (37111365)|VARIABLE_ASSIGNMENT|[EXTERNAL]|this|{"delToHub":true,"delToProj":false,"detail":"0x49b5514a","invoked":false,"rejected":false,"reserved":false,"selectedTime3":"8:00","sublocations1":"0x38fe5b3","www":"0x7a3d1b0d","wwwById":"0x6302f22b"}|0x23e74821
15:04:33.0 (37115846)|STATEMENT_EXECUTE|[212]
15:04:33.0 (37117639)|STATEMENT_EXECUTE|[213]
15:04:33.0 (37118860)|STATEMENT_EXECUTE|[216]
15:04:33.0 (37151639)|SYSTEM_MODE_ENTER|true
15:04:33.0 (37165803)|HEAP_ALLOCATE|[EXTERNAL]|Bytes:80
15:04:33.0 (37197265)|VARIABLE_ASSIGNMENT|[EXTERNAL]|this|{"delToHub":true,"delToProj":false,"detail":"0x49b5514a","invoked":false,"rejected":false,"reserved":false,"selectedTime3":"8:00","sublocations1":"0x38fe5b3","www":"0x7a3d1b0d","wwwById":"0x6302f22b"}|0x23e74821
15:04:33.0 (37201715)|STATEMENT_EXECUTE|[21]
15:04:33.0 (37203503)|STATEMENT_EXECUTE|[22]
15:04:33.0 (37204721)|STATEMENT_EXECUTE|[26]
15:04:33.0 (37792027)|HEAP_ALLOCATE|[EXTERNAL]|Bytes:80
15:04:33.0 (37799084)|VARIABLE_SCOPE_BEGIN|[245]|this|NewDeliveredExtension|true|false
15:04:33.0 (37838412)|VARIABLE_ASSIGNMENT|[245]|this|{"delToHub":true,"delToProj":false,"detail":"0x49b5514a","invoked":false,"rejected":false,"reserved":false,"selectedTime3":"8:00","sublocations1":"0x38fe5b3","www":"0x7a3d1b0d","wwwById":"0x6302f22b"}|0x23e74821
15:04:33.0 (37845327)|STATEMENT_EXECUTE|[245]
15:04:33.0 (37846954)|STATEMENT_EXECUTE|[246]
15:04:33.0 (37851275)|HEAP_ALLOCATE|[246]|Bytes:4
15:04:33.0 (37945281)|VARIABLE_ASSIGNMENT|[EXTERNAL]|this|{"delToHub":true,"delToProj":false,"detail":"0x49b5514a","invoked":false,"rejected":false,"reserved":false,"selectedTime3":"8:00","sublocations1":"0x38fe5b3","www":"0x7a3d1b0d","wwwById":"0x6302f22b"}|0x23e74821
15:04:33.0 (37963612)|HEAP_ALLOCATE|[EXTERNAL]|Bytes:4
15:04:33.0 (37969151)|VARIABLE_ASSIGNMENT|[EXTERNAL]|value|[]|0x4fe2f53e
15:04:33.0 (37978535)|VARIABLE_ASSIGNMENT|[185]|this.sublocations1|[]|0x23e74821
15:04:33.0 (37984858)|STATEMENT_EXECUTE|[247]
15:04:33.0 (37988373)|HEAP_ALLOCATE|[247]|Bytes:4
15:04:33.0 (38002837)|VARIABLE_SCOPE_BEGIN|[247]|options|List<NewDeliveredExtension.SubLocation>|true|false
15:04:33.0 (38010737)|HEAP_ALLOCATE|[EXTERNAL]|Bytes:4
15:04:33.0 (38014460)|VARIABLE_ASSIGNMENT|[247]|options|[]|0x73963d66
15:04:33.0 (38016230)|STATEMENT_EXECUTE|[248]
15:04:33.0 (38019039)|HEAP_ALLOCATE|[248]|Bytes:18
15:04:33.0 (38064634)|VARIABLE_ASSIGNMENT|[EXTERNAL]|this|{"delToHub":true,"delToProj":false,"detail":"0x49b5514a","invoked":false,"rejected":false,"reserved":false,"selectedTime3":"8:00","sublocations1":"0x4fe2f53e","www":"0x7a3d1b0d","wwwById":"0x6302f22b"}|0x23e74821
15:04:33.0 (38068979)|STATEMENT_EXECUTE|[3]
15:04:33.0 (38071246)|STATEMENT_EXECUTE|[4]
15:04:33.0 (38072354)|STATEMENT_EXECUTE|[9]
15:04:33.0 (38129894)|HEAP_ALLOCATE|[248]|Bytes:18
15:04:33.0 (38142196)|HEAP_ALLOCATE|[248]|Bytes:36
15:04:33.0 (38161444)|USER_DEBUG|[248]|DEBUG|detail.Location__ca0B0E0000009YBFUA2
15:04:33.0 (38208772)|VARIABLE_ASSIGNMENT|[EXTERNAL]|this|{"delToHub":true,"delToProj":false,"detail":"0x49b5514a","invoked":false,"rejected":false,"reserved":false,"selectedTime3":"8:00","sublocations1":"0x4fe2f53e","www":"0x7a3d1b0d","wwwById":"0x6302f22b"}|0x23e74821
15:04:33.0 (38213142)|STATEMENT_EXECUTE|[3]
15:04:33.0 (38215143)|STATEMENT_EXECUTE|[4]
15:04:33.0 (38216342)|STATEMENT_EXECUTE|[9]
15:04:33.0 (38223672)|STATEMENT_EXECUTE|[250]
15:04:33.0 (38226720)|HEAP_ALLOCATE|[251]|Bytes:68
15:04:33.0 (38233918)|HEAP_ALLOCATE|[251]|Bytes:4
15:04:33.0 (38240349)|HEAP_ALLOCATE|[251]|Bytes:7
15:04:33.0 (38279019)|VARIABLE_ASSIGNMENT|[EXTERNAL]|this|{"delToHub":true,"delToProj":false,"detail":"0x49b5514a","invoked":false,"rejected":false,"reserved":false,"selectedTime3":"8:00","sublocations1":"0x4fe2f53e","www":"0x7a3d1b0d","wwwById":"0x6302f22b"}|0x23e74821
15:04:33.0 (38283171)|STATEMENT_EXECUTE|[3]
15:04:33.0 (38284811)|STATEMENT_EXECUTE|[4]
15:04:33.0 (38285888)|STATEMENT_EXECUTE|[9]
15:04:33.0 (38595311)|SOQL_EXECUTE_BEGIN|[251]|Aggregations:0|SELECT Name, Id FROM Location__c 
15:04:33.0 (40985524)|SOQL_EXECUTE_END|[251]|Rows:4
15:04:33.0 (41000107)|HEAP_ALLOCATE|[EXTERNAL]|Bytes:20
15:04:33.0 (41119230)|HEAP_ALLOCATE|[251]|Bytes:49
15:04:33.0 (41125284)|HEAP_ALLOCATE|[251]|Bytes:8
15:04:33.0 (41132124)|SYSTEM_METHOD_ENTRY|[7]|QueryLocatorIterator.QueryLocatorIterator()
15:04:33.0 (41134521)|STATEMENT_EXECUTE|[7]
15:04:33.0 (41141111)|SYSTEM_METHOD_EXIT|[7]|QueryLocatorIterator
15:04:33.0 (41146246)|HEAP_ALLOCATE|[251]|Bytes:28
15:04:33.0 (41207590)|HEAP_ALLOCATE|[251]|Bytes:20
15:04:33.0 (41219779)|HEAP_ALLOCATE|[251]|Bytes:8
15:04:33.0 (41221527)|HEAP_ALLOCATE|[251]|Bytes:8
15:04:33.0 (41225141)|VARIABLE_SCOPE_BEGIN|[15]|this|Database.QueryLocatorIterator|true|false
15:04:33.0 (41242599)|VARIABLE_ASSIGNMENT|[15]|this|{}|0x5038ea8f
15:04:33.0 (41245005)|VARIABLE_SCOPE_BEGIN|[15]|values|List<SObject>|true|false
15:04:33.0 (41263147)|VARIABLE_ASSIGNMENT|[15]|values|[{"Name":"1Q2WA","Id":"a0B0E0000009YBKUA2","RecordTypeId":"01224000000B1zdAAC"},{"Name":"1Q2WB","Id":"a0B0E0000009YBPUA2","RecordTypeId":"01224000000B1zdAAC"},{"Name":"1Q2WC","Id":"a0B0E0000009YBUUA2","RecordTypeId":"01224000000B1zdAAC"},{"Name":"1Q2WD","Id":"a0B0E0000009YBZUA2","RecordTypeId":"01224000000B1zdAAC"}]|0x39aa5c04
15:04:33.0 (41266950)|VARIABLE_SCOPE_BEGIN|[15]|ql|Database.QueryLocator|true|false
15:04:33.0 (41277018)|VARIABLE_ASSIGNMENT|[15]|ql|{"query":"SELECT Name, Id FROM (48 more) ..."}|0x1947fc4b
15:04:33.0 (41279242)|VARIABLE_SCOPE_BEGIN|[15]|totalNumRecords|Integer|false|false
15:04:33.0 (41282217)|VARIABLE_ASSIGNMENT|[15]|totalNumRecords|4
15:04:33.0 (41283906)|VARIABLE_SCOPE_BEGIN|[15]|queryMoreSize|Integer|false|false
15:04:33.0 (41286092)|VARIABLE_ASSIGNMENT|[15]|queryMoreSize|49996
15:04:33.0 (41349644)|HEAP_ALLOCATE|[251]|Bytes:28
15:04:33.0 (41364441)|METHOD_ENTRY|[251]||Database.QueryLocatorIterator.hasNext()
15:04:33.0 (41413582)|METHOD_EXIT|[251]||Database.QueryLocatorIterator.hasNext()
15:04:33.0 (41419291)|METHOD_ENTRY|[251]||Database.QueryLocatorIterator.next()
15:04:33.0 (41488991)|METHOD_EXIT|[251]||Database.QueryLocatorIterator.next()
15:04:33.0 (41495382)|VARIABLE_SCOPE_BEGIN|[251]|loc|Location__c|true|false
15:04:33.0 (41506493)|VARIABLE_ASSIGNMENT|[251]|loc|{"Name":"1Q2WA","Id":"a0B0E0000009YBKUA2","RecordTypeId":"01224000000B1zdAAC"}|0x1531d95f
15:04:33.0 (41509789)|STATEMENT_EXECUTE|[251]
15:04:33.0 (41511256)|STATEMENT_EXECUTE|[252]
15:04:33.0 (41563470)|VARIABLE_ASSIGNMENT|[EXTERNAL]|this|{"delToHub":true,"delToProj":false,"detail":"0x49b5514a","invoked":false,"rejected":false,"reserved":false,"selectedTime3":"8:00","sublocations1":"0x4fe2f53e","www":"0x7a3d1b0d","wwwById":"0x6302f22b"}|0x23e74821
15:04:33.0 (41567970)|STATEMENT_EXECUTE|[186]
15:04:33.0 (41569958)|STATEMENT_EXECUTE|[187]
15:04:33.0 (41571098)|STATEMENT_EXECUTE|[190]
15:04:33.0 (41582631)|HEAP_ALLOCATE|[252]|Bytes:112
15:04:33.0 (41585943)|HEAP_ALLOCATE|[252]|Bytes:11
15:04:33.0 (41590737)|HEAP_ALLOCATE|[252]|Bytes:12
15:04:33.0 (41602633)|CONSTRUCTOR_ENTRY|[252]|01p2400000DUtXT|<init>(Boolean,Location__c)
15:04:33.0 (41615941)|VARIABLE_SCOPE_BEGIN|[540]|this|NewDeliveredExtension.SubLocation|true|false
15:04:33.0 (41627861)|VARIABLE_ASSIGNMENT|[540]|this|{}|0x5813e3ac
15:04:33.0 (41633236)|VARIABLE_SCOPE_BEGIN|[540]|isChecked|Boolean|false|false
15:04:33.0 (41636262)|VARIABLE_ASSIGNMENT|[540]|isChecked|false
15:04:33.0 (41638439)|VARIABLE_SCOPE_BEGIN|[540]|sub|Location__c|true|false
15:04:33.0 (41645455)|VARIABLE_ASSIGNMENT|[540]|sub|{"Name":"1Q2WA","Id":"a0B0E0000009YBKUA2","RecordTypeId":"01224000000B1zdAAC"}|0x1531d95f
15:04:33.0 (41648731)|STATEMENT_EXECUTE|[537]
15:04:33.0 (41649971)|STATEMENT_EXECUTE|[538]
15:04:33.0 (41651062)|STATEMENT_EXECUTE|[539]
15:04:33.0 (41660732)|STATEMENT_EXECUTE|[540]
15:04:33.0 (41662342)|STATEMENT_EXECUTE|[541]
15:04:33.0 (41704060)|VARIABLE_ASSIGNMENT|[EXTERNAL]|this|{}|0x5813e3ac
15:04:33.0 (41710117)|VARIABLE_ASSIGNMENT|[EXTERNAL]|value|false
15:04:33.0 (41714440)|HEAP_ALLOCATE|[538]|Bytes:5
15:04:33.0 (41719750)|VARIABLE_ASSIGNMENT|[538]|this.isChecked|false|0x5813e3ac
15:04:33.0 (41724565)|STATEMENT_EXECUTE|[542]
15:04:33.0 (41754907)|VARIABLE_ASSIGNMENT|[EXTERNAL]|this|{"isChecked":false}|0x5813e3ac
15:04:33.0 (41762525)|VARIABLE_ASSIGNMENT|[EXTERNAL]|value|{"Name":"1Q2WA","Id":"a0B0E0000009YBKUA2","RecordTypeId":"01224000000B1zdAAC"}|0x1531d95f
15:04:33.0 (41769354)|VARIABLE_ASSIGNMENT|[539]|this.sub|{"Name":"1Q2WA","Id":"a0B0E0000009YBKUA2","RecordTypeId":"01224000000B1zdAAC"}|0x5813e3ac
15:04:33.0 (41777662)|CONSTRUCTOR_EXIT|[252]|01p2400000DUtXT|<init>(Boolean,Location__c)
15:04:33.0 (41786112)|HEAP_ALLOCATE|[EXTERNAL]|Bytes:4
15:04:33.0 (41792419)|METHOD_ENTRY|[251]||Database.QueryLocatorIterator.hasNext()
15:04:33.0 (41807558)|METHOD_EXIT|[251]||Database.QueryLocatorIterator.hasNext()
15:04:33.0 (41810982)|METHOD_ENTRY|[251]||Database.QueryLocatorIterator.next()
15:04:33.0 (41857176)|METHOD_EXIT|[251]||Database.QueryLocatorIterator.next()
15:04:33.0 (41861212)|VARIABLE_SCOPE_BEGIN|[251]|loc|Location__c|true|false
15:04:33.0 (41869290)|VARIABLE_ASSIGNMENT|[251]|loc|{"Name":"1Q2WB","Id":"a0B0E0000009YBPUA2","RecordTypeId":"01224000000B1zdAAC"}|0x2e9e35b9
15:04:33.0 (41872471)|STATEMENT_EXECUTE|[251]
15:04:33.0 (41873567)|STATEMENT_EXECUTE|[252]
15:04:33.0 (41909524)|VARIABLE_ASSIGNMENT|[EXTERNAL]|this|{"delToHub":true,"delToProj":false,"detail":"0x49b5514a","invoked":false,"rejected":false,"reserved":false,"selectedTime3":"8:00","sublocations1":"0x4fe2f53e","www":"0x7a3d1b0d","wwwById":"0x6302f22b"}|0x23e74821
15:04:33.0 (41913416)|STATEMENT_EXECUTE|[186]
15:04:33.0 (41915099)|STATEMENT_EXECUTE|[187]
15:04:33.0 (41916151)|STATEMENT_EXECUTE|[190]
15:04:33.0 (41921903)|HEAP_ALLOCATE|[252]|Bytes:12
15:04:33.0 (41929988)|CONSTRUCTOR_ENTRY|[252]|01p2400000DUtXT|<init>(Boolean,Location__c)
15:04:33.0 (41932541)|VARIABLE_SCOPE_BEGIN|[540]|this|NewDeliveredExtension.SubLocation|true|false
15:04:33.0 (41940083)|VARIABLE_ASSIGNMENT|[540]|this|{}|0x361a8985
15:04:33.0 (41943603)|VARIABLE_SCOPE_BEGIN|[540]|isChecked|Boolean|false|false
15:04:33.0 (41946333)|VARIABLE_ASSIGNMENT|[540]|isChecked|false
15:04:33.0 (41947710)|VARIABLE_SCOPE_BEGIN|[540]|sub|Location__c|true|false
15:04:33.0 (41952875)|VARIABLE_ASSIGNMENT|[540]|sub|{"Name":"1Q2WB","Id":"a0B0E0000009YBPUA2","RecordTypeId":"01224000000B1zdAAC"}|0x2e9e35b9
15:04:33.0 (41955423)|STATEMENT_EXECUTE|[537]
15:04:33.0 (41956451)|STATEMENT_EXECUTE|[538]
15:04:33.0 (41957569)|STATEMENT_EXECUTE|[539]
15:04:33.0 (41965260)|STATEMENT_EXECUTE|[540]
15:04:33.0 (41966372)|STATEMENT_EXECUTE|[541]
15:04:33.0 (41974586)|VARIABLE_ASSIGNMENT|[EXTERNAL]|this|{}|0x361a8985
15:04:33.0 (41977982)|VARIABLE_ASSIGNMENT|[EXTERNAL]|value|false
15:04:33.0 (41981052)|HEAP_ALLOCATE|[538]|Bytes:5
15:04:33.0 (41984704)|VARIABLE_ASSIGNMENT|[538]|this.isChecked|false|0x361a8985
15:04:33.0 (41987822)|STATEMENT_EXECUTE|[542]
15:04:33.0 (41995970)|VARIABLE_ASSIGNMENT|[EXTERNAL]|this|{"isChecked":false}|0x361a8985
15:04:33.0 (42001643)|VARIABLE_ASSIGNMENT|[EXTERNAL]|value|{"Name":"1Q2WB","Id":"a0B0E0000009YBPUA2","RecordTypeId":"01224000000B1zdAAC"}|0x2e9e35b9
15:04:33.0 (42007945)|VARIABLE_ASSIGNMENT|[539]|this.sub|{"Name":"1Q2WB","Id":"a0B0E0000009YBPUA2","RecordTypeId":"01224000000B1zdAAC"}|0x361a8985
15:04:33.0 (42014847)|CONSTRUCTOR_EXIT|[252]|01p2400000DUtXT|<init>(Boolean,Location__c)
15:04:33.0 (42020107)|HEAP_ALLOCATE|[EXTERNAL]|Bytes:4
15:04:33.0 (42025170)|METHOD_ENTRY|[251]||Database.QueryLocatorIterator.hasNext()
15:04:33.0 (42037643)|METHOD_EXIT|[251]||Database.QueryLocatorIterator.hasNext()
15:04:33.0 (42040469)|METHOD_ENTRY|[251]||Database.QueryLocatorIterator.next()
15:04:33.0 (42080666)|METHOD_EXIT|[251]||Database.QueryLocatorIterator.next()
15:04:33.0 (42084169)|VARIABLE_SCOPE_BEGIN|[251]|loc|Location__c|true|false
15:04:33.0 (42091498)|VARIABLE_ASSIGNMENT|[251]|loc|{"Name":"1Q2WC","Id":"a0B0E0000009YBUUA2","RecordTypeId":"01224000000B1zdAAC"}|0x333b85ba
15:04:33.0 (42093605)|STATEMENT_EXECUTE|[251]
15:04:33.0 (42094659)|STATEMENT_EXECUTE|[252]
15:04:33.0 (42127747)|VARIABLE_ASSIGNMENT|[EXTERNAL]|this|{"delToHub":true,"delToProj":false,"detail":"0x49b5514a","invoked":false,"rejected":false,"reserved":false,"selectedTime3":"8:00","sublocations1":"0x4fe2f53e","www":"0x7a3d1b0d","wwwById":"0x6302f22b"}|0x23e74821
15:04:33.0 (42131490)|STATEMENT_EXECUTE|[186]
15:04:33.0 (42133030)|STATEMENT_EXECUTE|[187]
15:04:33.0 (42134337)|STATEMENT_EXECUTE|[190]
15:04:33.0 (42139891)|HEAP_ALLOCATE|[252]|Bytes:12
15:04:33.0 (42147066)|CONSTRUCTOR_ENTRY|[252]|01p2400000DUtXT|<init>(Boolean,Location__c)
15:04:33.0 (42149771)|VARIABLE_SCOPE_BEGIN|[540]|this|NewDeliveredExtension.SubLocation|true|false
15:04:33.0 (42157016)|VARIABLE_ASSIGNMENT|[540]|this|{}|0x6715bc24
15:04:33.0 (42159934)|VARIABLE_SCOPE_BEGIN|[540]|isChecked|Boolean|false|false
15:04:33.0 (42162305)|VARIABLE_ASSIGNMENT|[540]|isChecked|false
15:04:33.0 (42163657)|VARIABLE_SCOPE_BEGIN|[540]|sub|Location__c|true|false
15:04:33.0 (42168384)|VARIABLE_ASSIGNMENT|[540]|sub|{"Name":"1Q2WC","Id":"a0B0E0000009YBUUA2","RecordTypeId":"01224000000B1zdAAC"}|0x333b85ba
15:04:33.0 (42170545)|STATEMENT_EXECUTE|[537]
15:04:33.0 (42171560)|STATEMENT_EXECUTE|[538]
15:04:33.0 (42172659)|STATEMENT_EXECUTE|[539]
15:04:33.0 (42179655)|STATEMENT_EXECUTE|[540]
15:04:33.0 (42180804)|STATEMENT_EXECUTE|[541]
15:04:33.0 (42188665)|VARIABLE_ASSIGNMENT|[EXTERNAL]|this|{}|0x6715bc24
15:04:33.0 (42191970)|VARIABLE_ASSIGNMENT|[EXTERNAL]|value|false
15:04:33.0 (42194706)|HEAP_ALLOCATE|[538]|Bytes:5
15:04:33.0 (42198467)|VARIABLE_ASSIGNMENT|[538]|this.isChecked|false|0x6715bc24
15:04:33.0 (42201447)|STATEMENT_EXECUTE|[542]
15:04:33.0 (42209070)|VARIABLE_ASSIGNMENT|[EXTERNAL]|this|{"isChecked":false}|0x6715bc24
15:04:33.0 (42213914)|VARIABLE_ASSIGNMENT|[EXTERNAL]|value|{"Name":"1Q2WC","Id":"a0B0E0000009YBUUA2","RecordTypeId":"01224000000B1zdAAC"}|0x333b85ba
15:04:33.0 (42219391)|VARIABLE_ASSIGNMENT|[539]|this.sub|{"Name":"1Q2WC","Id":"a0B0E0000009YBUUA2","RecordTypeId":"01224000000B1zdAAC"}|0x6715bc24
15:04:33.0 (42225799)|CONSTRUCTOR_EXIT|[252]|01p2400000DUtXT|<init>(Boolean,Location__c)
15:04:33.0 (42230618)|HEAP_ALLOCATE|[EXTERNAL]|Bytes:4
15:04:33.0 (42235840)|METHOD_ENTRY|[251]||Database.QueryLocatorIterator.hasNext()
15:04:33.0 (42248068)|METHOD_EXIT|[251]||Database.QueryLocatorIterator.hasNext()
15:04:33.0 (42250722)|METHOD_ENTRY|[251]||Database.QueryLocatorIterator.next()
15:04:33.0 (42288865)|METHOD_EXIT|[251]||Database.QueryLocatorIterator.next()
15:04:33.0 (42292546)|VARIABLE_SCOPE_BEGIN|[251]|loc|Location__c|true|false
15:04:33.0 (42300122)|VARIABLE_ASSIGNMENT|[251]|loc|{"Name":"1Q2WD","Id":"a0B0E0000009YBZUA2","RecordTypeId":"01224000000B1zdAAC"}|0x38f97e82
15:04:33.0 (42302385)|STATEMENT_EXECUTE|[251]
15:04:33.0 (42303548)|STATEMENT_EXECUTE|[252]
15:04:33.0 (42335850)|VARIABLE_ASSIGNMENT|[EXTERNAL]|this|{"delToHub":true,"delToProj":false,"detail":"0x49b5514a","invoked":false,"rejected":false,"reserved":false,"selectedTime3":"8:00","sublocations1":"0x4fe2f53e","www":"0x7a3d1b0d","wwwById":"0x6302f22b"}|0x23e74821
15:04:33.0 (42339743)|STATEMENT_EXECUTE|[186]
15:04:33.0 (42341235)|STATEMENT_EXECUTE|[187]
15:04:33.0 (42342296)|STATEMENT_EXECUTE|[190]
15:04:33.0 (42347543)|HEAP_ALLOCATE|[252]|Bytes:12
15:04:33.0 (42354148)|CONSTRUCTOR_ENTRY|[252]|01p2400000DUtXT|<init>(Boolean,Location__c)
15:04:33.0 (42356514)|VARIABLE_SCOPE_BEGIN|[540]|this|NewDeliveredExtension.SubLocation|true|false
15:04:33.0 (42365656)|VARIABLE_ASSIGNMENT|[540]|this|{}|0x5a4d9eb9
15:04:33.0 (42368860)|VARIABLE_SCOPE_BEGIN|[540]|isChecked|Boolean|false|false
15:04:33.0 (42371280)|VARIABLE_ASSIGNMENT|[540]|isChecked|false
15:04:33.0 (42372531)|VARIABLE_SCOPE_BEGIN|[540]|sub|Location__c|true|false
15:04:33.0 (42377311)|VARIABLE_ASSIGNMENT|[540]|sub|{"Name":"1Q2WD","Id":"a0B0E0000009YBZUA2","RecordTypeId":"01224000000B1zdAAC"}|0x38f97e82
15:04:33.0 (42379780)|STATEMENT_EXECUTE|[537]
15:04:33.0 (42380767)|STATEMENT_EXECUTE|[538]
15:04:33.0 (42381767)|STATEMENT_EXECUTE|[539]
15:04:33.0 (42388947)|STATEMENT_EXECUTE|[540]
15:04:33.0 (42390480)|STATEMENT_EXECUTE|[541]
15:04:33.0 (42398347)|VARIABLE_ASSIGNMENT|[EXTERNAL]|this|{}|0x5a4d9eb9
15:04:33.0 (42401671)|VARIABLE_ASSIGNMENT|[EXTERNAL]|value|false
15:04:33.0 (42404573)|HEAP_ALLOCATE|[538]|Bytes:5
15:04:33.0 (42407961)|VARIABLE_ASSIGNMENT|[538]|this.isChecked|false|0x5a4d9eb9
15:04:33.0 (42410994)|STATEMENT_EXECUTE|[542]
15:04:33.0 (42418744)|VARIABLE_ASSIGNMENT|[EXTERNAL]|this|{"isChecked":false}|0x5a4d9eb9
15:04:33.0 (42423566)|VARIABLE_ASSIGNMENT|[EXTERNAL]|value|{"Name":"1Q2WD","Id":"a0B0E0000009YBZUA2","RecordTypeId":"01224000000B1zdAAC"}|0x38f97e82
15:04:33.0 (42428565)|VARIABLE_ASSIGNMENT|[539]|this.sub|{"Name":"1Q2WD","Id":"a0B0E0000009YBZUA2","RecordTypeId":"01224000000B1zdAAC"}|0x5a4d9eb9
15:04:33.0 (42434855)|CONSTRUCTOR_EXIT|[252]|01p2400000DUtXT|<init>(Boolean,Location__c)
15:04:33.0 (42439870)|HEAP_ALLOCATE|[EXTERNAL]|Bytes:4
15:04:33.0 (42444932)|METHOD_ENTRY|[251]||Database.QueryLocatorIterator.hasNext()
15:04:33.0 (42453504)|METHOD_EXIT|[251]||Database.QueryLocatorIterator.hasNext()
15:04:33.0 (42458401)|VARIABLE_ASSIGNMENT|[251]|loc|null|
15:04:33.53 (53044244)|SYSTEM_MODE_ENTER|true
15:04:33.53 (53087642)|HEAP_ALLOCATE|[EXTERNAL]|Bytes:8
15:04:33.53 (53093360)|VARIABLE_SCOPE_BEGIN|[88]|this|ApexPage.PageMessagesComponentController|true|false
15:04:33.53 (53109978)|VARIABLE_ASSIGNMENT|[88]|this|{}|0x18fca05f
15:04:33.53 (53112290)|VARIABLE_SCOPE_BEGIN|[88]|escape|Boolean|false|false
15:04:33.53 (53115363)|VARIABLE_ASSIGNMENT|[88]|escape|null
15:04:33.53 (53188829)|SYSTEM_MODE_ENTER|true
15:04:33.53 (53211434)|HEAP_ALLOCATE|[EXTERNAL]|Bytes:8
15:04:33.53 (53215959)|VARIABLE_SCOPE_BEGIN|[2]|this|ApexPage.PageMessagesComponentController|true|false
15:04:33.53 (53228267)|VARIABLE_ASSIGNMENT|[2]|this|{}|0x18fca05f
15:04:33.0 (53468229)|SYSTEM_MODE_ENTER|true
15:04:33.0 (53489588)|HEAP_ALLOCATE|[EXTERNAL]|Bytes:80
15:04:33.0 (53533693)|VARIABLE_ASSIGNMENT|[EXTERNAL]|this|{"delToHub":true,"delToProj":false,"detail":"0x49b5514a","invoked":false,"rejected":false,"reserved":false,"selectedTime3":"8:00","sublocations1":"0x4fe2f53e","www":"0x7a3d1b0d","wwwById":"0x6302f22b"}|0x23e74821
15:04:33.0 (53539867)|STATEMENT_EXECUTE|[196]
15:04:33.0 (53542328)|STATEMENT_EXECUTE|[197]
15:04:33.0 (53544048)|STATEMENT_EXECUTE|[200]
15:04:33.0 (53585898)|SYSTEM_MODE_ENTER|true
15:04:33.0 (53603136)|HEAP_ALLOCATE|[EXTERNAL]|Bytes:80
15:04:33.0 (53639498)|VARIABLE_ASSIGNMENT|[EXTERNAL]|this|{"delToHub":true,"delToProj":false,"detail":"0x49b5514a","invoked":false,"rejected":false,"reserved":false,"selectedTime3":"8:00","sublocations1":"0x4fe2f53e","www":"0x7a3d1b0d","wwwById":"0x6302f22b"}|0x23e74821
15:04:33.0 (53644027)|STATEMENT_EXECUTE|[229]
15:04:33.0 (53645738)|STATEMENT_EXECUTE|[230]
15:04:33.0 (53647008)|STATEMENT_EXECUTE|[233]
15:04:33.0 (53703968)|SYSTEM_MODE_ENTER|true
15:04:33.0 (53720445)|HEAP_ALLOCATE|[EXTERNAL]|Bytes:80
15:04:33.0 (53754679)|VARIABLE_ASSIGNMENT|[EXTERNAL]|this|{"delToHub":true,"delToProj":false,"detail":"0x49b5514a","invoked":false,"rejected":false,"reserved":false,"selectedTime3":"8:00","sublocations1":"0x4fe2f53e","www":"0x7a3d1b0d","wwwById":"0x6302f22b"}|0x23e74821
15:04:33.0 (53760516)|STATEMENT_EXECUTE|[3]
15:04:33.0 (53763460)|STATEMENT_EXECUTE|[4]
15:04:33.0 (53765180)|STATEMENT_EXECUTE|[9]
15:04:33.0 (73145948)|SYSTEM_MODE_ENTER|true
15:04:33.0 (73171246)|HEAP_ALLOCATE|[EXTERNAL]|Bytes:80
15:04:33.0 (73216455)|VARIABLE_ASSIGNMENT|[EXTERNAL]|this|{"delToHub":true,"delToProj":false,"detail":"0x49b5514a","invoked":false,"rejected":false,"reserved":false,"selectedTime3":"8:00","sublocations1":"0x4fe2f53e","www":"0x7a3d1b0d","wwwById":"0x6302f22b"}|0x23e74821
15:04:33.0 (73222633)|STATEMENT_EXECUTE|[186]
15:04:33.0 (73225155)|STATEMENT_EXECUTE|[187]
15:04:33.0 (73226456)|STATEMENT_EXECUTE|[190]
15:04:33.0 (73746655)|SYSTEM_MODE_ENTER|true
15:04:33.0 (73769280)|HEAP_ALLOCATE|[EXTERNAL]|Bytes:80
15:04:33.0 (73812694)|VARIABLE_ASSIGNMENT|[EXTERNAL]|this|{"delToHub":true,"delToProj":false,"detail":"0x49b5514a","invoked":false,"rejected":false,"reserved":false,"selectedTime3":"8:00","sublocations1":"0x4fe2f53e","www":"0x7a3d1b0d","wwwById":"0x6302f22b"}|0x23e74821
15:04:33.0 (73818849)|STATEMENT_EXECUTE|[204]
15:04:33.0 (73821562)|STATEMENT_EXECUTE|[205]
15:04:33.0 (73822830)|STATEMENT_EXECUTE|[208]
15:04:33.0 (73865160)|SYSTEM_MODE_ENTER|true
15:04:33.0 (73881596)|HEAP_ALLOCATE|[EXTERNAL]|Bytes:80
15:04:33.0 (73917017)|VARIABLE_ASSIGNMENT|[EXTERNAL]|this|{"delToHub":true,"delToProj":false,"detail":"0x49b5514a","invoked":false,"rejected":false,"reserved":false,"selectedTime3":"8:00","sublocations1":"0x4fe2f53e","www":"0x7a3d1b0d","wwwById":"0x6302f22b"}|0x23e74821
15:04:33.0 (73922372)|STATEMENT_EXECUTE|[220]
15:04:33.0 (73924465)|STATEMENT_EXECUTE|[221]
15:04:33.0 (73925601)|STATEMENT_EXECUTE|[224]
15:04:33.0 (73960220)|SYSTEM_MODE_ENTER|true
15:04:33.0 (73974229)|HEAP_ALLOCATE|[EXTERNAL]|Bytes:80
15:04:33.0 (74007795)|VARIABLE_ASSIGNMENT|[EXTERNAL]|this|{"delToHub":true,"delToProj":false,"detail":"0x49b5514a","invoked":false,"rejected":false,"reserved":false,"selectedTime3":"8:00","sublocations1":"0x4fe2f53e","www":"0x7a3d1b0d","wwwById":"0x6302f22b"}|0x23e74821
15:04:33.0 (74012624)|STATEMENT_EXECUTE|[212]
15:04:33.0 (74014486)|STATEMENT_EXECUTE|[213]
15:04:33.0 (74015613)|STATEMENT_EXECUTE|[216]
15:04:33.0 (74067525)|SYSTEM_MODE_ENTER|true
15:04:33.0 (74082957)|HEAP_ALLOCATE|[EXTERNAL]|Bytes:80
15:04:33.0 (74116595)|VARIABLE_ASSIGNMENT|[EXTERNAL]|this|{"delToHub":true,"delToProj":false,"detail":"0x49b5514a","invoked":false,"rejected":false,"reserved":false,"selectedTime3":"8:00","sublocations1":"0x4fe2f53e","www":"0x7a3d1b0d","wwwById":"0x6302f22b"}|0x23e74821
15:04:33.0 (74120788)|STATEMENT_EXECUTE|[21]
15:04:33.0 (74122772)|STATEMENT_EXECUTE|[22]
15:04:33.0 (74123968)|STATEMENT_EXECUTE|[26]
15:04:33.0 (78273808)|VF_SERIALIZE_VIEWSTATE_BEGIN|06624000003h0Dg
15:04:33.0 (82225019)|VF_SERIALIZE_VIEWSTATE_END
15:04:33.84 (84034919)|CUMULATIVE_LIMIT_USAGE
15:04:33.84 (84034919)|LIMIT_USAGE_FOR_NS|(default)|
  Number of SOQL queries: 1 out of 100
  Number of query rows: 4 out of 50000
  Number of SOSL queries: 0 out of 20
  Number of DML statements: 0 out of 150
  Number of DML rows: 0 out of 10000
  Maximum CPU time: 0 out of 10000
  Maximum heap size: 0 out of 6000000
  Number of callouts: 0 out of 100
  Number of Email Invocations: 0 out of 10
  Number of future calls: 0 out of 50
  Number of queueable jobs added to the queue: 0 out of 50
  Number of Mobile Apex push calls: 0 out of 10

15:04:33.84 (84034919)|CUMULATIVE_LIMIT_USAGE_END

15:04:33.0 (84065278)|CODE_UNIT_FINISHED|VF: /apex/New_delivered_detail
15:04:33.0 (84823712)|EXECUTION_FINISHED
