31.0 APEX_CODE,FINEST;APEX_PROFILING,INFO;CALLOUT,INFO;DB,INFO;SYSTEM,DEBUG;VALIDATION,INFO;VISUALFORCE,INFO;WAVE,INFO;WORKFLOW,INFO
13:21:36.0 (79421)|USER_INFO|[EXTERNAL]|00524000001e3Uj|bedrijfsbureau@gsa.nl.sandbox|Midden-Europese standaardtijd|GMT+01:00
13:21:36.0 (108825)|EXECUTION_STARTED
13:21:36.0 (113168)|CODE_UNIT_STARTED|[EXTERNAL]|TRIGGERS
13:21:36.0 (791280)|CODE_UNIT_STARTED|[EXTERNAL]|01q24000000PhJS|LocationTrigger on Location trigger event BeforeDelete for [a0B0E0000009Wga]
13:21:36.0 (839291)|HEAP_ALLOCATE|[EXTERNAL]|Bytes:8
13:21:36.0 (1217484)|HEAP_ALLOCATE|[72]|Bytes:3
13:21:36.0 (1256526)|HEAP_ALLOCATE|[77]|Bytes:152
13:21:36.0 (1274896)|HEAP_ALLOCATE|[342]|Bytes:408
13:21:36.0 (1288769)|HEAP_ALLOCATE|[355]|Bytes:408
13:21:36.0 (1301460)|HEAP_ALLOCATE|[467]|Bytes:48
13:21:36.0 (1334350)|HEAP_ALLOCATE|[139]|Bytes:6
13:21:36.0 (1357493)|HEAP_ALLOCATE|[EXTERNAL]|Bytes:4
13:21:36.0 (1364743)|VARIABLE_SCOPE_BEGIN|[1]|this|LocationTrigger|true|false
13:21:36.0 (1403429)|VARIABLE_ASSIGNMENT|[1]|this|{}|0x120064af
13:21:36.0 (1443663)|HEAP_ALLOCATE|[EXTERNAL]|Bytes:4
13:21:36.0 (1448451)|VARIABLE_SCOPE_BEGIN|[1]|this|LocationTrigger|true|false
13:21:36.0 (1455290)|VARIABLE_ASSIGNMENT|[1]|this|{}|0x120064af
13:21:36.0 (1464641)|STATEMENT_EXECUTE|[1]
13:21:36.0 (1466303)|STATEMENT_EXECUTE|[3]
13:21:36.0 (2641634)|HEAP_ALLOCATE|[3]|Bytes:2
13:21:36.0 (2674441)|METHOD_ENTRY|[1]|01p2400000Cr9rX|TriggerParams.TriggerParams()
13:21:36.0 (2677993)|STATEMENT_EXECUTE|[1]
13:21:36.0 (2681797)|STATEMENT_EXECUTE|[1]
13:21:36.0 (2713494)|HEAP_ALLOCATE|[50]|Bytes:5
13:21:36.0 (2736060)|HEAP_ALLOCATE|[56]|Bytes:5
13:21:36.0 (2742788)|HEAP_ALLOCATE|[64]|Bytes:7
13:21:36.0 (2765636)|HEAP_ALLOCATE|[3]|Bytes:5
13:21:36.0 (2774160)|METHOD_EXIT|[1]|TriggerParams
13:21:36.0 (2809815)|HEAP_ALLOCATE|[3]|Bytes:44
13:21:36.0 (2956929)|CONSTRUCTOR_ENTRY|[3]|01p2400000Cr9rX|<init>(Boolean,Boolean,Boolean,Boolean,Boolean,Boolean,List<SObject>,List<SObject>,Map<Id,SObject>,Map<Id,SObject>)
13:21:36.0 (2991383)|VARIABLE_SCOPE_BEGIN|[13]|this|TriggerParams|true|false
13:21:36.0 (3018988)|VARIABLE_ASSIGNMENT|[13]|this|{}|0x5a3cff00
13:21:36.0 (3024918)|VARIABLE_SCOPE_BEGIN|[13]|isBefore|Boolean|false|false
13:21:36.0 (3029268)|VARIABLE_ASSIGNMENT|[13]|isBefore|true
13:21:36.0 (3031497)|VARIABLE_SCOPE_BEGIN|[13]|isAfter|Boolean|false|false
13:21:36.0 (3033546)|VARIABLE_ASSIGNMENT|[13]|isAfter|false
13:21:36.0 (3035371)|VARIABLE_SCOPE_BEGIN|[13]|isInsert|Boolean|false|false
13:21:36.0 (3037173)|VARIABLE_ASSIGNMENT|[13]|isInsert|false
13:21:36.0 (3038975)|VARIABLE_SCOPE_BEGIN|[13]|isUpdate|Boolean|false|false
13:21:36.0 (3040645)|VARIABLE_ASSIGNMENT|[13]|isUpdate|false
13:21:36.0 (3042380)|VARIABLE_SCOPE_BEGIN|[13]|isDelete|Boolean|false|false
13:21:36.0 (3044133)|VARIABLE_ASSIGNMENT|[13]|isDelete|true
13:21:36.0 (3046019)|VARIABLE_SCOPE_BEGIN|[13]|isUndelete|Boolean|false|false
13:21:36.0 (3048063)|VARIABLE_ASSIGNMENT|[13]|isUndelete|false
13:21:36.0 (3050020)|VARIABLE_SCOPE_BEGIN|[13]|triggerNew|List<SObject>|true|false
13:21:36.0 (3053018)|VARIABLE_ASSIGNMENT|[13]|triggerNew|null|
13:21:36.0 (3054558)|VARIABLE_SCOPE_BEGIN|[13]|triggerOld|List<SObject>|true|false
13:21:36.0 (3885797)|VARIABLE_ASSIGNMENT|[13]|triggerOld|[{"LastModifiedDate":"2017-02-16T12:18:46.000Z","IsDeleted":false,"difference__c":20,"Grond__c":false,"Current_amount__c":20,"Name":"TestLocA","SystemModstamp":"2017-02-16T12:18:46.000Z","OwnerId":"00524000001e3UjAAI","CreatedById":"00524000001e3UjAAI","RecordTypeId":"01224000000B1dGAAS","CreatedDate":"2017-02-01T12:05:54.000Z","Occupied__c":true,"Id":"a0B0E0000009WgaUAE","LastModifiedById":"00524000001e3UjAAI","Parent_Location__c":"a0B0E0000009WgVUAU"}]|0x1c6547c8
13:21:36.0 (3894507)|VARIABLE_SCOPE_BEGIN|[13]|newMap|Map<Id,SObject>|true|false
13:21:36.0 (3898190)|VARIABLE_ASSIGNMENT|[13]|newMap|null|
13:21:36.0 (3900112)|VARIABLE_SCOPE_BEGIN|[13]|oldMap|Map<Id,SObject>|true|false
13:21:36.0 (4037955)|VARIABLE_ASSIGNMENT|[13]|oldMap|{"a0B0E0000009WgaUAE":{"LastModifiedDate":"2017-02-16T12:18:46.000Z","IsDeleted":false,"difference__c":20,"Grond__c":false,"Current_amount__c":20,"Name":"TestLocA","SystemModstamp":"2017-02-16T12:18:46.000Z","OwnerId":"00524000001e3UjAAI","CreatedById":"00524000001e3UjAAI","RecordTypeId":"01224000000B1dGAAS","CreatedDate":"2017-02-01T12:05:54.000Z","Occupied__c":true,"Id":"a0B0E0000009WgaUAE","LastModifiedById":"00524000001e3UjAAI","Parent_Location__c":"a0B0E0000009WgVUAU"}}|0xec951f9
13:21:36.0 (4050613)|HEAP_ALLOCATE|[16]|Bytes:5
13:21:36.0 (4054516)|STATEMENT_EXECUTE|[1]
13:21:36.0 (4056727)|HEAP_ALLOCATE|[16]|Bytes:5
13:21:36.0 (4058084)|STATEMENT_EXECUTE|[2]
13:21:36.0 (4059257)|STATEMENT_EXECUTE|[3]
13:21:36.0 (4060246)|STATEMENT_EXECUTE|[4]
13:21:36.0 (4061152)|STATEMENT_EXECUTE|[5]
13:21:36.0 (4062054)|STATEMENT_EXECUTE|[6]
13:21:36.0 (4062966)|STATEMENT_EXECUTE|[7]
13:21:36.0 (4063902)|STATEMENT_EXECUTE|[8]
13:21:36.0 (4065011)|STATEMENT_EXECUTE|[9]
13:21:36.0 (4065966)|STATEMENT_EXECUTE|[10]
13:21:36.0 (4067004)|STATEMENT_EXECUTE|[11]
13:21:36.0 (4076586)|HEAP_ALLOCATE|[16]|Bytes:6
13:21:36.0 (4095392)|STATEMENT_EXECUTE|[15]
13:21:36.0 (4096707)|STATEMENT_EXECUTE|[16]
13:21:36.0 (4100185)|HEAP_ALLOCATE|[16]|Bytes:5
13:21:36.0 (4107261)|VARIABLE_ASSIGNMENT|[16]|this.isBefore|true|0x5a3cff00
13:21:36.0 (4109066)|STATEMENT_EXECUTE|[17]
13:21:36.0 (4111039)|HEAP_ALLOCATE|[17]|Bytes:5
13:21:36.0 (4114346)|VARIABLE_ASSIGNMENT|[17]|this.isAfter|false|0x5a3cff00
13:21:36.0 (4115729)|STATEMENT_EXECUTE|[18]
13:21:36.0 (4117465)|HEAP_ALLOCATE|[18]|Bytes:5
13:21:36.0 (4120943)|VARIABLE_ASSIGNMENT|[18]|this.isInsert|false|0x5a3cff00
13:21:36.0 (4122271)|STATEMENT_EXECUTE|[19]
13:21:36.0 (4124137)|HEAP_ALLOCATE|[19]|Bytes:5
13:21:36.0 (4127247)|VARIABLE_ASSIGNMENT|[19]|this.isUpdate|false|0x5a3cff00
13:21:36.0 (4128389)|STATEMENT_EXECUTE|[20]
13:21:36.0 (4130129)|HEAP_ALLOCATE|[20]|Bytes:5
13:21:36.0 (4132786)|VARIABLE_ASSIGNMENT|[20]|this.isDelete|true|0x5a3cff00
13:21:36.0 (4134313)|STATEMENT_EXECUTE|[21]
13:21:36.0 (4136151)|HEAP_ALLOCATE|[21]|Bytes:5
13:21:36.0 (4139089)|VARIABLE_ASSIGNMENT|[21]|this.isUndelete|false|0x5a3cff00
13:21:36.0 (4140436)|STATEMENT_EXECUTE|[22]
13:21:36.0 (4144103)|VARIABLE_ASSIGNMENT|[22]|this.triggerNew|null|0x5a3cff00
13:21:36.0 (4145435)|STATEMENT_EXECUTE|[23]
13:21:36.0 (4281894)|VARIABLE_ASSIGNMENT|[23]|this.triggerOld|[{"LastModifiedDate":"2017-02-16T12:18:46.000Z","IsDeleted":false,"difference__c":20,"Grond__c":false,"Current_amount__c":20,"Name":"TestLocA","SystemModstamp":"2017-02-16T12:18:46.000Z","OwnerId":"00524000001e3UjAAI","CreatedById":"00524000001e3UjAAI","RecordTypeId":"01224000000B1dGAAS","CreatedDate":"2017-02-01T12:05:54.000Z","Occupied__c":true,"Id":"a0B0E0000009WgaUAE","LastModifiedById":"00524000001e3UjAAI","Parent_Location__c":"a0B0E0000009WgVUAU"}]|0x5a3cff00
13:21:36.0 (4286622)|STATEMENT_EXECUTE|[24]
13:21:36.0 (4292713)|VARIABLE_ASSIGNMENT|[24]|this.newMap|null|0x5a3cff00
13:21:36.0 (4294315)|STATEMENT_EXECUTE|[25]
13:21:36.0 (4418979)|VARIABLE_ASSIGNMENT|[25]|this.oldMap|{"a0B0E0000009WgaUAE":{"LastModifiedDate":"2017-02-16T12:18:46.000Z","IsDeleted":false,"difference__c":20,"Grond__c":false,"Current_amount__c":20,"Name":"TestLocA","SystemModstamp":"2017-02-16T12:18:46.000Z","OwnerId":"00524000001e3UjAAI","CreatedById":"00524000001e3UjAAI","RecordTypeId":"01224000000B1dGAAS","CreatedDate":"2017-02-01T12:05:54.000Z","Occupied__c":true,"Id":"a0B0E0000009WgaUAE","LastModifiedById":"00524000001e3UjAAI","Parent_Location__c":"a0B0E0000009WgVUAU"}}|0x5a3cff00
13:21:36.0 (4440518)|CONSTRUCTOR_EXIT|[3]|01p2400000Cr9rX|<init>(Boolean,Boolean,Boolean,Boolean,Boolean,Boolean,List<SObject>,List<SObject>,Map<Id,SObject>,Map<Id,SObject>)
13:21:36.0 (4507111)|HEAP_ALLOCATE|[3]|Bytes:15
13:21:36.0 (4511476)|HEAP_ALLOCATE|[3]|Bytes:21
13:21:36.0 (4516127)|METHOD_ENTRY|[1]|01p2400000DMxSi|LocationUtil.LocationUtil()
13:21:36.0 (4518431)|STATEMENT_EXECUTE|[1]
13:21:36.0 (4521034)|STATEMENT_EXECUTE|[1]
13:21:36.0 (4863328)|SYSTEM_MODE_ENTER|false
13:21:36.0 (4871246)|HEAP_ALLOCATE|[3]|Bytes:5
13:21:36.0 (4877455)|SYSTEM_MODE_EXIT|false
13:21:36.0 (4883965)|METHOD_EXIT|[1]|LocationUtil
13:21:36.0 (4895130)|METHOD_ENTRY|[3]|01p2400000DMxSi|LocationUtil.entry(TriggerParams)
13:21:36.0 (4899661)|VARIABLE_SCOPE_BEGIN|[2]|triggerParams|TriggerParams|true|false
13:21:36.0 (4925332)|VARIABLE_ASSIGNMENT|[2]|triggerParams|{"isAfter":false,"isBefore":true,"isDelete":true,"isInsert":false,"isUndelete":false,"isUpdate":false,"oldMap":"0xec951f9","triggerOld":"0x1c6547c8"}|0x5a3cff00
13:21:36.0 (4934677)|SYSTEM_MODE_ENTER|false
13:21:36.0 (4938160)|HEAP_ALLOCATE|[3]|Bytes:5
13:21:36.0 (4941930)|STATEMENT_EXECUTE|[2]
13:21:36.0 (4943067)|STATEMENT_EXECUTE|[3]
13:21:36.0 (4950752)|VARIABLE_SCOPE_BEGIN|[3]|triggerNew|List<Location__c>|true|false
13:21:36.0 (4954903)|VARIABLE_ASSIGNMENT|[3]|triggerNew|null|
13:21:36.0 (4956464)|STATEMENT_EXECUTE|[4]
13:21:36.0 (4960604)|VARIABLE_SCOPE_BEGIN|[4]|triggerOld|List<Location__c>|true|false
13:21:36.0 (5109173)|VARIABLE_ASSIGNMENT|[4]|triggerOld|[{"LastModifiedDate":"2017-02-16T12:18:46.000Z","IsDeleted":false,"difference__c":20,"Grond__c":false,"Current_amount__c":20,"Name":"TestLocA","SystemModstamp":"2017-02-16T12:18:46.000Z","OwnerId":"00524000001e3UjAAI","CreatedById":"00524000001e3UjAAI","RecordTypeId":"01224000000B1dGAAS","CreatedDate":"2017-02-01T12:05:54.000Z","Occupied__c":true,"Id":"a0B0E0000009WgaUAE","LastModifiedById":"00524000001e3UjAAI","Parent_Location__c":"a0B0E0000009WgVUAU"}]|0x1c6547c8
13:21:36.0 (5115092)|STATEMENT_EXECUTE|[5]
13:21:36.0 (5121430)|VARIABLE_SCOPE_BEGIN|[5]|oldMap|Map<Id,Location__c>|true|false
13:21:36.0 (5248082)|VARIABLE_ASSIGNMENT|[5]|oldMap|{"a0B0E0000009WgaUAE":{"LastModifiedDate":"2017-02-16T12:18:46.000Z","IsDeleted":false,"difference__c":20,"Grond__c":false,"Current_amount__c":20,"Name":"TestLocA","SystemModstamp":"2017-02-16T12:18:46.000Z","OwnerId":"00524000001e3UjAAI","CreatedById":"00524000001e3UjAAI","RecordTypeId":"01224000000B1dGAAS","CreatedDate":"2017-02-01T12:05:54.000Z","Occupied__c":true,"Id":"a0B0E0000009WgaUAE","LastModifiedById":"00524000001e3UjAAI","Parent_Location__c":"a0B0E0000009WgVUAU"}}|0xec951f9
13:21:36.0 (5252768)|STATEMENT_EXECUTE|[6]
13:21:36.0 (5256525)|VARIABLE_SCOPE_BEGIN|[6]|newMap|Map<Id,Location__c>|true|false
13:21:36.0 (5260023)|VARIABLE_ASSIGNMENT|[6]|newMap|null|
13:21:36.0 (5264742)|STATEMENT_EXECUTE|[10]
13:21:36.0 (5268307)|SYSTEM_MODE_EXIT|false
13:21:36.0 (5277602)|METHOD_EXIT|[3]|01p2400000DMxSi|LocationUtil.entry(TriggerParams)
13:21:36.5 (5284847)|CUMULATIVE_LIMIT_USAGE
13:21:36.5 (5284847)|LIMIT_USAGE_FOR_NS|(default)|
  Number of SOQL queries: 0 out of 100
  Number of query rows: 0 out of 50000
  Number of SOSL queries: 0 out of 20
  Number of DML statements: 0 out of 150
  Number of DML rows: 0 out of 10000
  Maximum CPU time: 0 out of 10000
  Maximum heap size: 0 out of 6000000
  Number of callouts: 0 out of 100
  Number of Email Invocations: 0 out of 10
  Number of future calls: 0 out of 50
  Number of queueable jobs added to the queue: 0 out of 50
  Number of Mobile Apex push calls: 0 out of 10

13:21:36.5 (5284847)|CUMULATIVE_LIMIT_USAGE_END

13:21:36.0 (6306526)|CODE_UNIT_FINISHED|LocationTrigger on Location trigger event BeforeDelete for [a0B0E0000009Wga]
13:21:36.0 (268452814)|CODE_UNIT_STARTED|[EXTERNAL]|01q24000000PhJS|LocationTrigger on Location trigger event AfterDelete for [a0B0E0000009Wga]
13:21:36.0 (268498157)|HEAP_ALLOCATE|[EXTERNAL]|Bytes:8
13:21:36.0 (268608655)|HEAP_ALLOCATE|[EXTERNAL]|Bytes:4
13:21:36.0 (268621413)|VARIABLE_SCOPE_BEGIN|[1]|this|LocationTrigger|true|false
13:21:36.0 (268659062)|VARIABLE_ASSIGNMENT|[1]|this|{}|0x5e867816
13:21:36.0 (268695172)|HEAP_ALLOCATE|[EXTERNAL]|Bytes:4
13:21:36.0 (268702609)|VARIABLE_SCOPE_BEGIN|[1]|this|LocationTrigger|true|false
13:21:36.0 (268711378)|VARIABLE_ASSIGNMENT|[1]|this|{}|0x5e867816
13:21:36.0 (268717088)|STATEMENT_EXECUTE|[1]
13:21:36.0 (268719354)|STATEMENT_EXECUTE|[3]
13:21:36.0 (268727790)|HEAP_ALLOCATE|[3]|Bytes:44
13:21:36.0 (268843311)|CONSTRUCTOR_ENTRY|[3]|01p2400000Cr9rX|<init>(Boolean,Boolean,Boolean,Boolean,Boolean,Boolean,List<SObject>,List<SObject>,Map<Id,SObject>,Map<Id,SObject>)
13:21:36.0 (268853481)|VARIABLE_SCOPE_BEGIN|[13]|this|TriggerParams|true|false
13:21:36.0 (268881184)|VARIABLE_ASSIGNMENT|[13]|this|{}|0x68eb3f09
13:21:36.0 (268893694)|VARIABLE_SCOPE_BEGIN|[13]|isBefore|Boolean|false|false
13:21:36.0 (268899783)|VARIABLE_ASSIGNMENT|[13]|isBefore|false
13:21:36.0 (268902969)|VARIABLE_SCOPE_BEGIN|[13]|isAfter|Boolean|false|false
13:21:36.0 (268906058)|VARIABLE_ASSIGNMENT|[13]|isAfter|true
13:21:36.0 (268908701)|VARIABLE_SCOPE_BEGIN|[13]|isInsert|Boolean|false|false
13:21:36.0 (268911498)|VARIABLE_ASSIGNMENT|[13]|isInsert|false
13:21:36.0 (268913954)|VARIABLE_SCOPE_BEGIN|[13]|isUpdate|Boolean|false|false
13:21:36.0 (268916592)|VARIABLE_ASSIGNMENT|[13]|isUpdate|false
13:21:36.0 (268919088)|VARIABLE_SCOPE_BEGIN|[13]|isDelete|Boolean|false|false
13:21:36.0 (268922732)|VARIABLE_ASSIGNMENT|[13]|isDelete|true
13:21:36.0 (268925584)|VARIABLE_SCOPE_BEGIN|[13]|isUndelete|Boolean|false|false
13:21:36.0 (268928672)|VARIABLE_ASSIGNMENT|[13]|isUndelete|false
13:21:36.0 (268931080)|VARIABLE_SCOPE_BEGIN|[13]|triggerNew|List<SObject>|true|false
13:21:36.0 (268935653)|VARIABLE_ASSIGNMENT|[13]|triggerNew|null|
13:21:36.0 (268938126)|VARIABLE_SCOPE_BEGIN|[13]|triggerOld|List<SObject>|true|false
13:21:36.0 (269543722)|VARIABLE_ASSIGNMENT|[13]|triggerOld|[{"LastModifiedDate":"2017-02-16T12:18:46.000Z","IsDeleted":false,"difference__c":20,"Grond__c":false,"Current_amount__c":20,"Name":"TestLocA","SystemModstamp":"2017-02-16T12:18:46.000Z","OwnerId":"00524000001e3UjAAI","CreatedById":"00524000001e3UjAAI","RecordTypeId":"01224000000B1dGAAS","CreatedDate":"2017-02-01T12:05:54.000Z","Occupied__c":true,"Id":"a0B0E0000009WgaUAE","LastModifiedById":"00524000001e3UjAAI","Parent_Location__c":"a0B0E0000009WgVUAU"}]|0x2c69fd74
13:21:36.0 (269552961)|VARIABLE_SCOPE_BEGIN|[13]|newMap|Map<Id,SObject>|true|false
13:21:36.0 (269558067)|VARIABLE_ASSIGNMENT|[13]|newMap|null|
13:21:36.0 (269560640)|VARIABLE_SCOPE_BEGIN|[13]|oldMap|Map<Id,SObject>|true|false
13:21:36.0 (269775977)|VARIABLE_ASSIGNMENT|[13]|oldMap|{"a0B0E0000009WgaUAE":{"LastModifiedDate":"2017-02-16T12:18:46.000Z","IsDeleted":false,"difference__c":20,"Grond__c":false,"Current_amount__c":20,"Name":"TestLocA","SystemModstamp":"2017-02-16T12:18:46.000Z","OwnerId":"00524000001e3UjAAI","CreatedById":"00524000001e3UjAAI","RecordTypeId":"01224000000B1dGAAS","CreatedDate":"2017-02-01T12:05:54.000Z","Occupied__c":true,"Id":"a0B0E0000009WgaUAE","LastModifiedById":"00524000001e3UjAAI","Parent_Location__c":"a0B0E0000009WgVUAU"}}|0x7750ad97
13:21:36.0 (269793200)|HEAP_ALLOCATE|[16]|Bytes:5
13:21:36.0 (269798553)|STATEMENT_EXECUTE|[1]
13:21:36.0 (269801937)|HEAP_ALLOCATE|[16]|Bytes:5
13:21:36.0 (269804305)|STATEMENT_EXECUTE|[2]
13:21:36.0 (269805976)|STATEMENT_EXECUTE|[3]
13:21:36.0 (269813723)|STATEMENT_EXECUTE|[4]
13:21:36.0 (269815482)|STATEMENT_EXECUTE|[5]
13:21:36.0 (269816905)|STATEMENT_EXECUTE|[6]
13:21:36.0 (269818576)|STATEMENT_EXECUTE|[7]
13:21:36.0 (269820065)|STATEMENT_EXECUTE|[8]
13:21:36.0 (269821542)|STATEMENT_EXECUTE|[9]
13:21:36.0 (269823140)|STATEMENT_EXECUTE|[10]
13:21:36.0 (269824877)|STATEMENT_EXECUTE|[11]
13:21:36.0 (269858513)|STATEMENT_EXECUTE|[15]
13:21:36.0 (269861094)|STATEMENT_EXECUTE|[16]
13:21:36.0 (269866277)|HEAP_ALLOCATE|[16]|Bytes:5
13:21:36.0 (269876345)|VARIABLE_ASSIGNMENT|[16]|this.isBefore|false|0x68eb3f09
13:21:36.0 (269879029)|STATEMENT_EXECUTE|[17]
13:21:36.0 (269881776)|HEAP_ALLOCATE|[17]|Bytes:5
13:21:36.0 (269886164)|VARIABLE_ASSIGNMENT|[17]|this.isAfter|true|0x68eb3f09
13:21:36.0 (269893232)|STATEMENT_EXECUTE|[18]
13:21:36.0 (269896333)|HEAP_ALLOCATE|[18]|Bytes:5
13:21:36.0 (269901278)|VARIABLE_ASSIGNMENT|[18]|this.isInsert|false|0x68eb3f09
13:21:36.0 (269903556)|STATEMENT_EXECUTE|[19]
13:21:36.0 (269906610)|HEAP_ALLOCATE|[19]|Bytes:5
13:21:36.0 (269911308)|VARIABLE_ASSIGNMENT|[19]|this.isUpdate|false|0x68eb3f09
13:21:36.0 (269913377)|STATEMENT_EXECUTE|[20]
13:21:36.0 (269916204)|HEAP_ALLOCATE|[20]|Bytes:5
13:21:36.0 (269920441)|VARIABLE_ASSIGNMENT|[20]|this.isDelete|true|0x68eb3f09
13:21:36.0 (269922900)|STATEMENT_EXECUTE|[21]
13:21:36.0 (269926061)|HEAP_ALLOCATE|[21]|Bytes:5
13:21:36.0 (269930901)|VARIABLE_ASSIGNMENT|[21]|this.isUndelete|false|0x68eb3f09
13:21:36.0 (269933160)|STATEMENT_EXECUTE|[22]
13:21:36.0 (269938919)|VARIABLE_ASSIGNMENT|[22]|this.triggerNew|null|0x68eb3f09
13:21:36.0 (269941029)|STATEMENT_EXECUTE|[23]
13:21:36.0 (270151657)|VARIABLE_ASSIGNMENT|[23]|this.triggerOld|[{"LastModifiedDate":"2017-02-16T12:18:46.000Z","IsDeleted":false,"difference__c":20,"Grond__c":false,"Current_amount__c":20,"Name":"TestLocA","SystemModstamp":"2017-02-16T12:18:46.000Z","OwnerId":"00524000001e3UjAAI","CreatedById":"00524000001e3UjAAI","RecordTypeId":"01224000000B1dGAAS","CreatedDate":"2017-02-01T12:05:54.000Z","Occupied__c":true,"Id":"a0B0E0000009WgaUAE","LastModifiedById":"00524000001e3UjAAI","Parent_Location__c":"a0B0E0000009WgVUAU"}]|0x68eb3f09
13:21:36.0 (270159330)|STATEMENT_EXECUTE|[24]
13:21:36.0 (270167271)|VARIABLE_ASSIGNMENT|[24]|this.newMap|null|0x68eb3f09
13:21:36.0 (270169408)|STATEMENT_EXECUTE|[25]
13:21:36.0 (270367594)|VARIABLE_ASSIGNMENT|[25]|this.oldMap|{"a0B0E0000009WgaUAE":{"LastModifiedDate":"2017-02-16T12:18:46.000Z","IsDeleted":false,"difference__c":20,"Grond__c":false,"Current_amount__c":20,"Name":"TestLocA","SystemModstamp":"2017-02-16T12:18:46.000Z","OwnerId":"00524000001e3UjAAI","CreatedById":"00524000001e3UjAAI","RecordTypeId":"01224000000B1dGAAS","CreatedDate":"2017-02-01T12:05:54.000Z","Occupied__c":true,"Id":"a0B0E0000009WgaUAE","LastModifiedById":"00524000001e3UjAAI","Parent_Location__c":"a0B0E0000009WgVUAU"}}|0x68eb3f09
13:21:36.0 (270398260)|CONSTRUCTOR_EXIT|[3]|01p2400000Cr9rX|<init>(Boolean,Boolean,Boolean,Boolean,Boolean,Boolean,List<SObject>,List<SObject>,Map<Id,SObject>,Map<Id,SObject>)
13:21:36.0 (270414121)|METHOD_ENTRY|[3]|01p2400000DMxSi|LocationUtil.entry(TriggerParams)
13:21:36.0 (270420606)|VARIABLE_SCOPE_BEGIN|[2]|triggerParams|TriggerParams|true|false
13:21:36.0 (270449650)|VARIABLE_ASSIGNMENT|[2]|triggerParams|{"isAfter":true,"isBefore":false,"isDelete":true,"isInsert":false,"isUndelete":false,"isUpdate":false,"oldMap":"0x7750ad97","triggerOld":"0x2c69fd74"}|0x68eb3f09
13:21:36.0 (270788590)|SYSTEM_MODE_ENTER|false
13:21:36.0 (270798728)|HEAP_ALLOCATE|[3]|Bytes:5
13:21:36.0 (270805331)|STATEMENT_EXECUTE|[2]
13:21:36.0 (270807158)|STATEMENT_EXECUTE|[3]
13:21:36.0 (270815014)|VARIABLE_SCOPE_BEGIN|[3]|triggerNew|List<Location__c>|true|false
13:21:36.0 (270821420)|VARIABLE_ASSIGNMENT|[3]|triggerNew|null|
13:21:36.0 (270823769)|STATEMENT_EXECUTE|[4]
13:21:36.0 (270830063)|VARIABLE_SCOPE_BEGIN|[4]|triggerOld|List<Location__c>|true|false
13:21:36.0 (271053955)|VARIABLE_ASSIGNMENT|[4]|triggerOld|[{"LastModifiedDate":"2017-02-16T12:18:46.000Z","IsDeleted":false,"difference__c":20,"Grond__c":false,"Current_amount__c":20,"Name":"TestLocA","SystemModstamp":"2017-02-16T12:18:46.000Z","OwnerId":"00524000001e3UjAAI","CreatedById":"00524000001e3UjAAI","RecordTypeId":"01224000000B1dGAAS","CreatedDate":"2017-02-01T12:05:54.000Z","Occupied__c":true,"Id":"a0B0E0000009WgaUAE","LastModifiedById":"00524000001e3UjAAI","Parent_Location__c":"a0B0E0000009WgVUAU"}]|0x2c69fd74
13:21:36.0 (271062286)|STATEMENT_EXECUTE|[5]
13:21:36.0 (271070178)|VARIABLE_SCOPE_BEGIN|[5]|oldMap|Map<Id,Location__c>|true|false
13:21:36.0 (271295497)|VARIABLE_ASSIGNMENT|[5]|oldMap|{"a0B0E0000009WgaUAE":{"LastModifiedDate":"2017-02-16T12:18:46.000Z","IsDeleted":false,"difference__c":20,"Grond__c":false,"Current_amount__c":20,"Name":"TestLocA","SystemModstamp":"2017-02-16T12:18:46.000Z","OwnerId":"00524000001e3UjAAI","CreatedById":"00524000001e3UjAAI","RecordTypeId":"01224000000B1dGAAS","CreatedDate":"2017-02-01T12:05:54.000Z","Occupied__c":true,"Id":"a0B0E0000009WgaUAE","LastModifiedById":"00524000001e3UjAAI","Parent_Location__c":"a0B0E0000009WgVUAU"}}|0x7750ad97
13:21:36.0 (271303010)|STATEMENT_EXECUTE|[6]
13:21:36.0 (271309032)|VARIABLE_SCOPE_BEGIN|[6]|newMap|Map<Id,Location__c>|true|false
13:21:36.0 (271315080)|VARIABLE_ASSIGNMENT|[6]|newMap|null|
13:21:36.0 (271319928)|STATEMENT_EXECUTE|[10]
13:21:36.0 (271330722)|STATEMENT_EXECUTE|[11]
13:21:36.0 (271333763)|STATEMENT_EXECUTE|[16]
13:21:36.0 (271336408)|STATEMENT_EXECUTE|[19]
13:21:36.0 (271338004)|STATEMENT_EXECUTE|[20]
13:21:36.0 (271358168)|METHOD_ENTRY|[20]|01p2400000DMxSi|LocationUtil.updateParentLocations(List<Location__c>)
13:21:36.0 (271383287)|VARIABLE_SCOPE_BEGIN|[81]|locations|List<Location__c>|true|false
13:21:36.0 (271614854)|VARIABLE_ASSIGNMENT|[81]|locations|[{"LastModifiedDate":"2017-02-16T12:18:46.000Z","IsDeleted":false,"difference__c":20,"Grond__c":false,"Current_amount__c":20,"Name":"TestLocA","SystemModstamp":"2017-02-16T12:18:46.000Z","OwnerId":"00524000001e3UjAAI","CreatedById":"00524000001e3UjAAI","RecordTypeId":"01224000000B1dGAAS","CreatedDate":"2017-02-01T12:05:54.000Z","Occupied__c":true,"Id":"a0B0E0000009WgaUAE","LastModifiedById":"00524000001e3UjAAI","Parent_Location__c":"a0B0E0000009WgVUAU"}]|0x2c69fd74
13:21:36.0 (271629825)|HEAP_ALLOCATE|[82]|Bytes:5
13:21:36.0 (271639412)|STATEMENT_EXECUTE|[81]
13:21:36.0 (271641652)|STATEMENT_EXECUTE|[82]
13:21:36.0 (271656920)|HEAP_ALLOCATE|[82]|Bytes:4
13:21:36.0 (271703126)|VARIABLE_SCOPE_BEGIN|[82]|parentLocationIds|Set<Id>|true|false
13:21:36.0 (271757019)|VARIABLE_ASSIGNMENT|[82]|parentLocationIds|[]|0x1afb2da3
13:21:36.0 (272082103)|HEAP_ALLOCATE|[83]|Bytes:5
13:21:36.0 (272124346)|VARIABLE_SCOPE_BEGIN|[83]|loc|Location__c|true|false
13:21:36.0 (272412349)|VARIABLE_ASSIGNMENT|[83]|loc|{"LastModifiedDate":"2017-02-16T12:18:46.000Z","IsDeleted":false,"difference__c":20,"Grond__c":false,"Current_amount__c":20,"Name":"TestLocA","SystemModstamp":"2017-02-16T12:18:46.000Z","OwnerId":"00524000001e3UjAAI","CreatedById":"00524000001e3UjAAI","RecordTypeId":"01224000000B1dGAAS","CreatedDate":"2017-02-01T12:05:54.000Z","Occupied__c":true,"Id":"a0B0E0000009WgaUAE","LastModifiedById":"00524000001e3UjAAI","Parent_Location__c":"a0B0E0000009WgVUAU"}|0x3a76a055
13:21:36.0 (272421696)|STATEMENT_EXECUTE|[83]
13:21:36.0 (272483227)|STATEMENT_EXECUTE|[84]
13:21:36.0 (272486734)|STATEMENT_EXECUTE|[85]
13:21:36.0 (272535120)|HEAP_ALLOCATE|[EXTERNAL]|Bytes:4
13:21:36.0 (272556442)|HEAP_ALLOCATE|[83]|Bytes:5
13:21:36.0 (272571779)|VARIABLE_ASSIGNMENT|[83]|loc|null|
13:21:36.0 (272576705)|STATEMENT_EXECUTE|[88]
13:21:36.0 (272583949)|HEAP_ALLOCATE|[88]|Bytes:4
13:21:36.0 (272591356)|HEAP_ALLOCATE|[88]|Bytes:46
13:21:36.0 (272600356)|HEAP_ALLOCATE|[88]|Bytes:4
13:21:36.0 (272612800)|HEAP_ALLOCATE|[88]|Bytes:7
13:21:36.0 (272664699)|HEAP_ALLOCATE|[88]|Bytes:8
13:21:36.0 (272676172)|HEAP_ALLOCATE|[88]|Bytes:8
13:21:36.0 (272934204)|SOQL_EXECUTE_BEGIN|[88]|Aggregations:0|SELECT Id FROM Location__c WHERE id = :tmpVar1
13:21:36.0 (274689359)|SOQL_EXECUTE_END|[88]|Rows:1
13:21:36.0 (274708847)|HEAP_ALLOCATE|[88]|Bytes:8
13:21:36.0 (274725013)|HEAP_ALLOCATE|[88]|Bytes:29
13:21:36.0 (274742486)|HEAP_ALLOCATE|[88]|Bytes:8
13:21:36.0 (274798307)|HEAP_ALLOCATE|[88]|Bytes:8
13:21:36.0 (274809851)|HEAP_ALLOCATE|[88]|Bytes:4
13:21:36.0 (274823865)|VARIABLE_SCOPE_BEGIN|[88]|parentLocations|Map<Id,Location__c>|true|false
13:21:36.0 (274844908)|VARIABLE_ASSIGNMENT|[88]|parentLocations|{"a0B0E0000009WgVUAU":{"Id":"a0B0E0000009WgVUAU"}}|0x5a562a83
13:21:36.0 (274849675)|STATEMENT_EXECUTE|[89]
13:21:36.0 (274854058)|HEAP_ALLOCATE|[89]|Bytes:122
13:21:36.0 (274860988)|HEAP_ALLOCATE|[89]|Bytes:4
13:21:36.0 (274890905)|HEAP_ALLOCATE|[89]|Bytes:8
13:21:36.0 (274902445)|HEAP_ALLOCATE|[89]|Bytes:8
13:21:36.0 (275151770)|SOQL_EXECUTE_BEGIN|[89]|Aggregations:0|SELECT Id, Current_amount__c, Available_amount__c, Parent_Location__c FROM Location__c WHERE Parent_Location__c = :tmpVar1
13:21:36.0 (278064490)|SOQL_EXECUTE_END|[89]|Rows:2
13:21:36.0 (278084332)|HEAP_ALLOCATE|[89]|Bytes:12
13:21:36.0 (278111577)|HEAP_ALLOCATE|[89]|Bytes:195
13:21:36.0 (278127721)|HEAP_ALLOCATE|[89]|Bytes:12
13:21:36.0 (278138337)|VARIABLE_SCOPE_BEGIN|[89]|childLocations|List<Location__c>|true|false
13:21:36.0 (278163869)|VARIABLE_ASSIGNMENT|[89]|childLocations|[{"Id":"a0B0E0000009WgfUAE","Parent_Location__c":"a0B0E0000009WgVUAU"},{"Id":"a0B0E0000009WgkUAE","Current_amount__c":4,"Parent_Location__c":"a0B0E0000009WgVUAU"}]|0x17900109
13:21:36.0 (278169660)|STATEMENT_EXECUTE|[90]
13:21:36.0 (278179564)|HEAP_ALLOCATE|[90]|Bytes:4
13:21:36.0 (278198064)|VARIABLE_SCOPE_BEGIN|[90]|sumByParentId|Map<Id,Decimal>|true|false
13:21:36.0 (278210641)|VARIABLE_ASSIGNMENT|[90]|sumByParentId|{}|0x367bc342
13:21:36.0 (278214082)|STATEMENT_EXECUTE|[91]
13:21:36.0 (278218358)|HEAP_ALLOCATE|[91]|Bytes:4
13:21:36.0 (278224019)|VARIABLE_SCOPE_BEGIN|[91]|sumRedByParentId|Map<Id,Decimal>|true|false
13:21:36.0 (278231592)|VARIABLE_ASSIGNMENT|[91]|sumRedByParentId|{}|0x3f4fdd2c
13:21:36.0 (278294794)|HEAP_ALLOCATE|[92]|Bytes:5
13:21:36.0 (278335053)|HEAP_ALLOCATE|[92]|Bytes:12
13:21:36.0 (278347497)|VARIABLE_SCOPE_BEGIN|[92]|loc|Location__c|true|false
13:21:36.0 (278361924)|VARIABLE_ASSIGNMENT|[92]|loc|{"Id":"a0B0E0000009WgfUAE","Parent_Location__c":"a0B0E0000009WgVUAU"}|0x1e89ab8d
13:21:36.0 (278367013)|STATEMENT_EXECUTE|[92]
13:21:36.0 (278377152)|STATEMENT_EXECUTE|[93]
13:21:36.0 (278379068)|STATEMENT_EXECUTE|[94]
13:21:36.0 (278426368)|HEAP_ALLOCATE|[94]|Bytes:28
13:21:36.0 (278431601)|HEAP_ALLOCATE|[94]|Bytes:28
13:21:36.0 (278501956)|HEAP_ALLOCATE|[94]|Bytes:-4
13:21:36.0 (278517267)|VARIABLE_ASSIGNMENT|[94]|this.Current_amount__c|0|0x1e89ab8d
13:21:36.0 (278576828)|STATEMENT_EXECUTE|[100]
13:21:36.0 (278613007)|HEAP_ALLOCATE|[101]|Bytes:28
13:21:36.0 (278619128)|STATEMENT_EXECUTE|[101]
13:21:36.0 (278621220)|STATEMENT_EXECUTE|[102]
13:21:36.0 (278631952)|HEAP_ALLOCATE|[102]|Bytes:28
13:21:36.0 (278676696)|HEAP_ALLOCATE|[EXTERNAL]|Bytes:-4
13:21:36.0 (278719579)|STATEMENT_EXECUTE|[109]
13:21:36.0 (278724439)|STATEMENT_EXECUTE|[110]
13:21:36.0 (278737863)|HEAP_ALLOCATE|[92]|Bytes:5
13:21:36.0 (278770319)|HEAP_ALLOCATE|[92]|Bytes:16
13:21:36.0 (278779588)|VARIABLE_SCOPE_BEGIN|[92]|loc|Location__c|true|false
13:21:36.0 (278797776)|VARIABLE_ASSIGNMENT|[92]|loc|{"Id":"a0B0E0000009WgkUAE","Current_amount__c":4,"Parent_Location__c":"a0B0E0000009WgVUAU"}|0x986791c
13:21:36.0 (278802899)|STATEMENT_EXECUTE|[92]
13:21:36.0 (278817172)|STATEMENT_EXECUTE|[93]
13:21:36.0 (278833735)|STATEMENT_EXECUTE|[96]
13:21:36.0 (278839762)|STATEMENT_EXECUTE|[97]
13:21:36.0 (278841473)|STATEMENT_EXECUTE|[98]
13:21:36.0 (278887895)|HEAP_ALLOCATE|[98]|Bytes:28
13:21:36.0 (278956009)|HEAP_ALLOCATE|[98]|Bytes:28
13:21:36.0 (278960490)|HEAP_ALLOCATE|[98]|Bytes:28
13:21:36.0 (278987372)|HEAP_ALLOCATE|[98]|Bytes:28
13:21:36.0 (279009015)|STATEMENT_EXECUTE|[109]
13:21:36.0 (279013481)|STATEMENT_EXECUTE|[110]
13:21:36.0 (279024161)|HEAP_ALLOCATE|[92]|Bytes:5
13:21:36.0 (279039602)|VARIABLE_ASSIGNMENT|[92]|loc|null|
13:21:36.0 (279078757)|HEAP_ALLOCATE|[EXTERNAL]|Bytes:8
13:21:36.0 (279088507)|HEAP_ALLOCATE|[115]|Bytes:36
13:21:36.0 (279116344)|HEAP_ALLOCATE|[115]|Bytes:5
13:21:36.0 (279128377)|HEAP_ALLOCATE|[115]|Bytes:8
13:21:36.0 (279135749)|VARIABLE_SCOPE_BEGIN|[115]|parent|Location__c|true|false
13:21:36.0 (279149277)|VARIABLE_ASSIGNMENT|[115]|parent|{"Id":"a0B0E0000009WgVUAU"}|0x73eedf5e
13:21:36.0 (279153425)|STATEMENT_EXECUTE|[115]
13:21:36.0 (279228102)|STATEMENT_EXECUTE|[116]
13:21:36.0 (279231659)|STATEMENT_EXECUTE|[117]
13:21:36.0 (279276438)|HEAP_ALLOCATE|[117]|Bytes:28
13:21:36.0 (279333533)|HEAP_ALLOCATE|[117]|Bytes:-4
13:21:36.0 (279344875)|VARIABLE_ASSIGNMENT|[117]|this.Current_amount__c|4|0x73eedf5e
13:21:36.0 (279348838)|STATEMENT_EXECUTE|[118]
13:21:36.0 (279440941)|HEAP_ALLOCATE|[118]|Bytes:-4
13:21:36.0 (279452042)|VARIABLE_ASSIGNMENT|[118]|this.Available_amount__c|null|0x73eedf5e
13:21:36.0 (279470478)|HEAP_ALLOCATE|[115]|Bytes:5
13:21:36.0 (279486784)|VARIABLE_ASSIGNMENT|[115]|parent|null|
13:21:36.0 (279490644)|STATEMENT_EXECUTE|[122]
13:21:36.0 (279494431)|HEAP_ALLOCATE|[122]|Bytes:16
13:21:36.0 (279559133)|HEAP_ALLOCATE|[122]|Bytes:1
13:21:36.0 (279578465)|HEAP_ALLOCATE|[122]|Bytes:1
13:21:36.0 (279648802)|HEAP_ALLOCATE|[122]|Bytes:103
13:21:36.0 (279675841)|HEAP_ALLOCATE|[122]|Bytes:121
13:21:36.0 (279704502)|USER_DEBUG|[122]|DEBUG|parentLocations 1 {a0B0E0000009WgVUAU=Location__c:{Id=a0B0E0000009WgVUAU, Current_amount__c=4, Available_amount__c=null}}
13:21:36.0 (279719227)|STATEMENT_EXECUTE|[123]
13:21:36.0 (279746636)|HEAP_ALLOCATE|[EXTERNAL]|Bytes:8
13:21:36.0 (279757528)|HEAP_ALLOCATE|[123]|Bytes:116
13:21:36.0 (279812297)|DML_BEGIN|[123]|Op:Update|Type:Location__c|Rows:1
13:21:36.0 (279843875)|HEAP_ALLOCATE|[EXTERNAL]|Bytes:8
13:21:36.0 (287517047)|CODE_UNIT_STARTED|[EXTERNAL]|01q24000000PhJS|LocationTrigger on Location trigger event BeforeUpdate for [a0B0E0000009WgV]
13:21:36.0 (287554894)|HEAP_ALLOCATE|[EXTERNAL]|Bytes:8
13:21:36.0 (287583220)|HEAP_ALLOCATE|[EXTERNAL]|Bytes:8
13:21:36.0 (287637254)|HEAP_ALLOCATE|[EXTERNAL]|Bytes:4
13:21:36.0 (287646302)|VARIABLE_SCOPE_BEGIN|[1]|this|LocationTrigger|true|false
13:21:36.0 (287666039)|VARIABLE_ASSIGNMENT|[1]|this|{}|0x33dcfc6a
13:21:36.0 (287697221)|HEAP_ALLOCATE|[EXTERNAL]|Bytes:4
13:21:36.0 (287704314)|VARIABLE_SCOPE_BEGIN|[1]|this|LocationTrigger|true|false
13:21:36.0 (287715375)|VARIABLE_ASSIGNMENT|[1]|this|{}|0x33dcfc6a
13:21:36.0 (287719977)|STATEMENT_EXECUTE|[1]
13:21:36.0 (287722135)|STATEMENT_EXECUTE|[3]
13:21:36.0 (287728754)|HEAP_ALLOCATE|[3]|Bytes:44
13:21:36.0 (287810732)|CONSTRUCTOR_ENTRY|[3]|01p2400000Cr9rX|<init>(Boolean,Boolean,Boolean,Boolean,Boolean,Boolean,List<SObject>,List<SObject>,Map<Id,SObject>,Map<Id,SObject>)
13:21:36.0 (287819473)|VARIABLE_SCOPE_BEGIN|[13]|this|TriggerParams|true|false
13:21:36.0 (287844647)|VARIABLE_ASSIGNMENT|[13]|this|{}|0x6b0fa78f
13:21:36.0 (287851237)|VARIABLE_SCOPE_BEGIN|[13]|isBefore|Boolean|false|false
13:21:36.0 (287856358)|VARIABLE_ASSIGNMENT|[13]|isBefore|true
13:21:36.0 (287859630)|VARIABLE_SCOPE_BEGIN|[13]|isAfter|Boolean|false|false
13:21:36.0 (287863131)|VARIABLE_ASSIGNMENT|[13]|isAfter|false
13:21:36.0 (287866331)|VARIABLE_SCOPE_BEGIN|[13]|isInsert|Boolean|false|false
13:21:36.0 (287869238)|VARIABLE_ASSIGNMENT|[13]|isInsert|false
13:21:36.0 (287872107)|VARIABLE_SCOPE_BEGIN|[13]|isUpdate|Boolean|false|false
13:21:36.0 (287875560)|VARIABLE_ASSIGNMENT|[13]|isUpdate|true
13:21:36.0 (287878287)|VARIABLE_SCOPE_BEGIN|[13]|isDelete|Boolean|false|false
13:21:36.0 (287881138)|VARIABLE_ASSIGNMENT|[13]|isDelete|false
13:21:36.0 (287883599)|VARIABLE_SCOPE_BEGIN|[13]|isUndelete|Boolean|false|false
13:21:36.0 (287886756)|VARIABLE_ASSIGNMENT|[13]|isUndelete|false
13:21:36.0 (287889480)|VARIABLE_SCOPE_BEGIN|[13]|triggerNew|List<SObject>|true|false
13:21:36.0 (288465614)|VARIABLE_ASSIGNMENT|[13]|triggerNew|[{"LastModifiedDate":"2017-02-16T12:18:46.000Z","IsDeleted":false,"difference__c":4,"Grond__c":false,"Current_amount__c":4,"Name":"TestLoc","SystemModstamp":"2017-02-16T12:18:46.000Z","OwnerId":"00524000001e3UjAAI","CreatedById":"00524000001e3UjAAI","RecordTypeId":"01224000000B1dGAAS","Hub_Building_Site__c":"a020E000000zEM2QAM","CreatedDate":"2017-02-01T12:05:29.000Z","Occupied__c":true,"Id":"a0B0E0000009WgVUAU","LastModifiedById":"00524000001e3UjAAI"}]|0x3b064aec
13:21:36.0 (288475127)|VARIABLE_SCOPE_BEGIN|[13]|triggerOld|List<SObject>|true|false
13:21:36.0 (288868091)|VARIABLE_ASSIGNMENT|[13]|triggerOld|[{"LastModifiedDate":"2017-02-16T12:18:46.000Z","IsDeleted":false,"difference__c":24,"Grond__c":false,"Current_amount__c":24,"Name":"TestLoc","SystemModstamp":"2017-02-16T12:18:46.000Z","OwnerId":"00524000001e3UjAAI","CreatedById":"00524000001e3UjAAI","RecordTypeId":"01224000000B1dGAAS","Hub_Building_Site__c":"a020E000000zEM2QAM","CreatedDate":"2017-02-01T12:05:29.000Z","Occupied__c":true,"Id":"a0B0E0000009WgVUAU","LastModifiedById":"00524000001e3UjAAI"}]|0x3af06b64
13:21:36.0 (288876908)|VARIABLE_SCOPE_BEGIN|[13]|newMap|Map<Id,SObject>|true|false
13:21:36.0 (289080671)|VARIABLE_ASSIGNMENT|[13]|newMap|{"a0B0E0000009WgVUAU":{"LastModifiedDate":"2017-02-16T12:18:46.000Z","IsDeleted":false,"difference__c":4,"Grond__c":false,"Current_amount__c":4,"Name":"TestLoc","SystemModstamp":"2017-02-16T12:18:46.000Z","OwnerId":"00524000001e3UjAAI","CreatedById":"00524000001e3UjAAI","RecordTypeId":"01224000000B1dGAAS","Hub_Building_Site__c":"a020E000000zEM2QAM","CreatedDate":"2017-02-01T12:05:29.000Z","Occupied__c":true,"Id":"a0B0E0000009WgVUAU","LastModifiedById":"00524000001e3UjAAI"}}|0x6e1bfffc
13:21:36.0 (289089591)|VARIABLE_SCOPE_BEGIN|[13]|oldMap|Map<Id,SObject>|true|false
13:21:36.0 (289286668)|VARIABLE_ASSIGNMENT|[13]|oldMap|{"a0B0E0000009WgVUAU":{"LastModifiedDate":"2017-02-16T12:18:46.000Z","IsDeleted":false,"difference__c":24,"Grond__c":false,"Current_amount__c":24,"Name":"TestLoc","SystemModstamp":"2017-02-16T12:18:46.000Z","OwnerId":"00524000001e3UjAAI","CreatedById":"00524000001e3UjAAI","RecordTypeId":"01224000000B1dGAAS","Hub_Building_Site__c":"a020E000000zEM2QAM","CreatedDate":"2017-02-01T12:05:29.000Z","Occupied__c":true,"Id":"a0B0E0000009WgVUAU","LastModifiedById":"00524000001e3UjAAI"}}|0x78be0e6f
13:21:36.0 (289298594)|SYSTEM_MODE_ENTER|true
13:21:36.0 (289307660)|HEAP_ALLOCATE|[16]|Bytes:5
13:21:36.0 (289313613)|STATEMENT_EXECUTE|[1]
13:21:36.0 (289317972)|HEAP_ALLOCATE|[16]|Bytes:5
13:21:36.0 (289320358)|STATEMENT_EXECUTE|[2]
13:21:36.0 (289322386)|STATEMENT_EXECUTE|[3]
13:21:36.0 (289323959)|STATEMENT_EXECUTE|[4]
13:21:36.0 (289325360)|STATEMENT_EXECUTE|[5]
13:21:36.0 (289326986)|STATEMENT_EXECUTE|[6]
13:21:36.0 (289328563)|STATEMENT_EXECUTE|[7]
13:21:36.0 (289330211)|STATEMENT_EXECUTE|[8]
13:21:36.0 (289331922)|STATEMENT_EXECUTE|[9]
13:21:36.0 (289333729)|STATEMENT_EXECUTE|[10]
13:21:36.0 (289335572)|STATEMENT_EXECUTE|[11]
13:21:36.0 (289362834)|STATEMENT_EXECUTE|[15]
13:21:36.0 (289365507)|STATEMENT_EXECUTE|[16]
13:21:36.0 (289370646)|HEAP_ALLOCATE|[16]|Bytes:5
13:21:36.0 (289382215)|VARIABLE_ASSIGNMENT|[16]|this.isBefore|true|0x6b0fa78f
13:21:36.0 (289385172)|STATEMENT_EXECUTE|[17]
13:21:36.0 (289389173)|HEAP_ALLOCATE|[17]|Bytes:5
13:21:36.0 (289394811)|VARIABLE_ASSIGNMENT|[17]|this.isAfter|false|0x6b0fa78f
13:21:36.0 (289397151)|STATEMENT_EXECUTE|[18]
13:21:36.0 (289400378)|HEAP_ALLOCATE|[18]|Bytes:5
13:21:36.0 (289406127)|VARIABLE_ASSIGNMENT|[18]|this.isInsert|false|0x6b0fa78f
13:21:36.0 (289408657)|STATEMENT_EXECUTE|[19]
13:21:36.0 (289412229)|HEAP_ALLOCATE|[19]|Bytes:5
13:21:36.0 (289418014)|VARIABLE_ASSIGNMENT|[19]|this.isUpdate|true|0x6b0fa78f
13:21:36.0 (289420329)|STATEMENT_EXECUTE|[20]
13:21:36.0 (289423428)|HEAP_ALLOCATE|[20]|Bytes:5
13:21:36.0 (289427922)|VARIABLE_ASSIGNMENT|[20]|this.isDelete|false|0x6b0fa78f
13:21:36.0 (289430167)|STATEMENT_EXECUTE|[21]
13:21:36.0 (289433116)|HEAP_ALLOCATE|[21]|Bytes:5
13:21:36.0 (289437977)|VARIABLE_ASSIGNMENT|[21]|this.isUndelete|false|0x6b0fa78f
13:21:36.0 (289440248)|STATEMENT_EXECUTE|[22]
13:21:36.0 (289712235)|VARIABLE_ASSIGNMENT|[22]|this.triggerNew|[{"LastModifiedDate":"2017-02-16T12:18:46.000Z","IsDeleted":false,"difference__c":4,"Grond__c":false,"Current_amount__c":4,"Name":"TestLoc","SystemModstamp":"2017-02-16T12:18:46.000Z","OwnerId":"00524000001e3UjAAI","CreatedById":"00524000001e3UjAAI","RecordTypeId":"01224000000B1dGAAS","Hub_Building_Site__c":"a020E000000zEM2QAM","CreatedDate":"2017-02-01T12:05:29.000Z","Occupied__c":true,"Id":"a0B0E0000009WgVUAU","LastModifiedById":"00524000001e3UjAAI"}]|0x6b0fa78f
13:21:36.0 (289720064)|STATEMENT_EXECUTE|[23]
13:21:36.0 (289951167)|VARIABLE_ASSIGNMENT|[23]|this.triggerOld|[{"LastModifiedDate":"2017-02-16T12:18:46.000Z","IsDeleted":false,"difference__c":24,"Grond__c":false,"Current_amount__c":24,"Name":"TestLoc","SystemModstamp":"2017-02-16T12:18:46.000Z","OwnerId":"00524000001e3UjAAI","CreatedById":"00524000001e3UjAAI","RecordTypeId":"01224000000B1dGAAS","Hub_Building_Site__c":"a020E000000zEM2QAM","CreatedDate":"2017-02-01T12:05:29.000Z","Occupied__c":true,"Id":"a0B0E0000009WgVUAU","LastModifiedById":"00524000001e3UjAAI"}]|0x6b0fa78f
13:21:36.0 (289958796)|STATEMENT_EXECUTE|[24]
13:21:36.0 (290265212)|VARIABLE_ASSIGNMENT|[24]|this.newMap|{"a0B0E0000009WgVUAU":{"LastModifiedDate":"2017-02-16T12:18:46.000Z","IsDeleted":false,"difference__c":4,"Grond__c":false,"Current_amount__c":4,"Name":"TestLoc","SystemModstamp":"2017-02-16T12:18:46.000Z","OwnerId":"00524000001e3UjAAI","CreatedById":"00524000001e3UjAAI","RecordTypeId":"01224000000B1dGAAS","Hub_Building_Site__c":"a020E000000zEM2QAM","CreatedDate":"2017-02-01T12:05:29.000Z","Occupied__c":true,"Id":"a0B0E0000009WgVUAU","LastModifiedById":"00524000001e3UjAAI"}}|0x6b0fa78f
13:21:36.0 (290278639)|STATEMENT_EXECUTE|[25]
13:21:36.0 (290458474)|VARIABLE_ASSIGNMENT|[25]|this.oldMap|{"a0B0E0000009WgVUAU":{"LastModifiedDate":"2017-02-16T12:18:46.000Z","IsDeleted":false,"difference__c":24,"Grond__c":false,"Current_amount__c":24,"Name":"TestLoc","SystemModstamp":"2017-02-16T12:18:46.000Z","OwnerId":"00524000001e3UjAAI","CreatedById":"00524000001e3UjAAI","RecordTypeId":"01224000000B1dGAAS","Hub_Building_Site__c":"a020E000000zEM2QAM","CreatedDate":"2017-02-01T12:05:29.000Z","Occupied__c":true,"Id":"a0B0E0000009WgVUAU","LastModifiedById":"00524000001e3UjAAI"}}|0x6b0fa78f
13:21:36.0 (290466855)|SYSTEM_MODE_EXIT|true
13:21:36.0 (290487790)|CONSTRUCTOR_EXIT|[3]|01p2400000Cr9rX|<init>(Boolean,Boolean,Boolean,Boolean,Boolean,Boolean,List<SObject>,List<SObject>,Map<Id,SObject>,Map<Id,SObject>)
13:21:36.0 (290498224)|METHOD_ENTRY|[3]|01p2400000DMxSi|LocationUtil.entry(TriggerParams)
13:21:36.0 (290502708)|VARIABLE_SCOPE_BEGIN|[2]|triggerParams|TriggerParams|true|false
13:21:36.0 (290526348)|VARIABLE_ASSIGNMENT|[2]|triggerParams|{"isAfter":false,"isBefore":true,"isDelete":false,"isInsert":false,"isUndelete":false,"isUpdate":true,"newMap":"0x6e1bfffc","oldMap":"0x78be0e6f","triggerNew":"0x3b064aec","triggerOld":"0x3af06b64"}|0x6b0fa78f
13:21:36.0 (290536888)|HEAP_ALLOCATE|[3]|Bytes:5
13:21:36.0 (290540702)|STATEMENT_EXECUTE|[2]
13:21:36.0 (290541953)|STATEMENT_EXECUTE|[3]
13:21:36.0 (290548310)|VARIABLE_SCOPE_BEGIN|[3]|triggerNew|List<Location__c>|true|false
13:21:36.0 (290666120)|VARIABLE_ASSIGNMENT|[3]|triggerNew|[{"LastModifiedDate":"2017-02-16T12:18:46.000Z","IsDeleted":false,"difference__c":4,"Grond__c":false,"Current_amount__c":4,"Name":"TestLoc","SystemModstamp":"2017-02-16T12:18:46.000Z","OwnerId":"00524000001e3UjAAI","CreatedById":"00524000001e3UjAAI","RecordTypeId":"01224000000B1dGAAS","Hub_Building_Site__c":"a020E000000zEM2QAM","CreatedDate":"2017-02-01T12:05:29.000Z","Occupied__c":true,"Id":"a0B0E0000009WgVUAU","LastModifiedById":"00524000001e3UjAAI"}]|0x3b064aec
13:21:36.0 (290670801)|STATEMENT_EXECUTE|[4]
13:21:36.0 (290675886)|VARIABLE_SCOPE_BEGIN|[4]|triggerOld|List<Location__c>|true|false
13:21:36.0 (290776158)|VARIABLE_ASSIGNMENT|[4]|triggerOld|[{"LastModifiedDate":"2017-02-16T12:18:46.000Z","IsDeleted":false,"difference__c":24,"Grond__c":false,"Current_amount__c":24,"Name":"TestLoc","SystemModstamp":"2017-02-16T12:18:46.000Z","OwnerId":"00524000001e3UjAAI","CreatedById":"00524000001e3UjAAI","RecordTypeId":"01224000000B1dGAAS","Hub_Building_Site__c":"a020E000000zEM2QAM","CreatedDate":"2017-02-01T12:05:29.000Z","Occupied__c":true,"Id":"a0B0E0000009WgVUAU","LastModifiedById":"00524000001e3UjAAI"}]|0x3af06b64
13:21:36.0 (290780496)|STATEMENT_EXECUTE|[5]
13:21:36.0 (290784866)|VARIABLE_SCOPE_BEGIN|[5]|oldMap|Map<Id,Location__c>|true|false
13:21:36.0 (290882335)|VARIABLE_ASSIGNMENT|[5]|oldMap|{"a0B0E0000009WgVUAU":{"LastModifiedDate":"2017-02-16T12:18:46.000Z","IsDeleted":false,"difference__c":24,"Grond__c":false,"Current_amount__c":24,"Name":"TestLoc","SystemModstamp":"2017-02-16T12:18:46.000Z","OwnerId":"00524000001e3UjAAI","CreatedById":"00524000001e3UjAAI","RecordTypeId":"01224000000B1dGAAS","Hub_Building_Site__c":"a020E000000zEM2QAM","CreatedDate":"2017-02-01T12:05:29.000Z","Occupied__c":true,"Id":"a0B0E0000009WgVUAU","LastModifiedById":"00524000001e3UjAAI"}}|0x78be0e6f
13:21:36.0 (290887392)|STATEMENT_EXECUTE|[6]
13:21:36.0 (290890986)|VARIABLE_SCOPE_BEGIN|[6]|newMap|Map<Id,Location__c>|true|false
13:21:36.0 (290985930)|VARIABLE_ASSIGNMENT|[6]|newMap|{"a0B0E0000009WgVUAU":{"LastModifiedDate":"2017-02-16T12:18:46.000Z","IsDeleted":false,"difference__c":4,"Grond__c":false,"Current_amount__c":4,"Name":"TestLoc","SystemModstamp":"2017-02-16T12:18:46.000Z","OwnerId":"00524000001e3UjAAI","CreatedById":"00524000001e3UjAAI","RecordTypeId":"01224000000B1dGAAS","Hub_Building_Site__c":"a020E000000zEM2QAM","CreatedDate":"2017-02-01T12:05:29.000Z","Occupied__c":true,"Id":"a0B0E0000009WgVUAU","LastModifiedById":"00524000001e3UjAAI"}}|0x6e1bfffc
13:21:36.0 (290992061)|STATEMENT_EXECUTE|[10]
13:21:36.0 (291001851)|METHOD_EXIT|[3]|01p2400000DMxSi|LocationUtil.entry(TriggerParams)
13:21:36.291 (291009963)|CUMULATIVE_LIMIT_USAGE
13:21:36.291 (291009963)|LIMIT_USAGE_FOR_NS|(default)|
  Number of SOQL queries: 2 out of 100
  Number of query rows: 3 out of 50000
  Number of SOSL queries: 0 out of 20
  Number of DML statements: 1 out of 150
  Number of DML rows: 1 out of 10000
  Maximum CPU time: 0 out of 10000
  Maximum heap size: 0 out of 6000000
  Number of callouts: 0 out of 100
  Number of Email Invocations: 0 out of 10
  Number of future calls: 0 out of 50
  Number of queueable jobs added to the queue: 0 out of 50
  Number of Mobile Apex push calls: 0 out of 10

13:21:36.291 (291009963)|CUMULATIVE_LIMIT_USAGE_END

13:21:36.0 (292135750)|CODE_UNIT_FINISHED|LocationTrigger on Location trigger event BeforeUpdate for [a0B0E0000009WgV]
13:21:36.0 (293463830)|CODE_UNIT_STARTED|[EXTERNAL]|Validation:Location:a0B0E0000009WgV
13:21:36.0 (293471963)|VALIDATION_RULE|03d24000000aMAV|Amount_can_t_be_less_then_0
13:21:36.0 (293588879)|VALIDATION_FORMULA|OR( Available_amount__c <0,  Current_amount__c <0)|Current_amount__c=4 , Available_amount__c=null
13:21:36.0 (293593197)|VALIDATION_PASS
13:21:36.0 (293620122)|CODE_UNIT_FINISHED|Validation:Location:a0B0E0000009WgV
13:21:36.0 (327001380)|CODE_UNIT_STARTED|[EXTERNAL]|01q24000000PhJS|LocationTrigger on Location trigger event AfterUpdate for [a0B0E0000009WgV]
13:21:36.0 (327035876)|HEAP_ALLOCATE|[EXTERNAL]|Bytes:8
13:21:36.0 (327062759)|HEAP_ALLOCATE|[EXTERNAL]|Bytes:8
13:21:36.0 (327125133)|HEAP_ALLOCATE|[EXTERNAL]|Bytes:4
13:21:36.0 (327134738)|VARIABLE_SCOPE_BEGIN|[1]|this|LocationTrigger|true|false
13:21:36.0 (327163485)|VARIABLE_ASSIGNMENT|[1]|this|{}|0x67216d7d
13:21:36.0 (327189523)|HEAP_ALLOCATE|[EXTERNAL]|Bytes:4
13:21:36.0 (327193928)|VARIABLE_SCOPE_BEGIN|[1]|this|LocationTrigger|true|false
13:21:36.0 (327199479)|VARIABLE_ASSIGNMENT|[1]|this|{}|0x67216d7d
13:21:36.0 (327203417)|STATEMENT_EXECUTE|[1]
13:21:36.0 (327205243)|STATEMENT_EXECUTE|[3]
13:21:36.0 (327211626)|HEAP_ALLOCATE|[3]|Bytes:44
13:21:36.0 (327299682)|CONSTRUCTOR_ENTRY|[3]|01p2400000Cr9rX|<init>(Boolean,Boolean,Boolean,Boolean,Boolean,Boolean,List<SObject>,List<SObject>,Map<Id,SObject>,Map<Id,SObject>)
13:21:36.0 (327306569)|VARIABLE_SCOPE_BEGIN|[13]|this|TriggerParams|true|false
13:21:36.0 (327326804)|VARIABLE_ASSIGNMENT|[13]|this|{}|0x88d4b61
13:21:36.0 (327335997)|VARIABLE_SCOPE_BEGIN|[13]|isBefore|Boolean|false|false
13:21:36.0 (327340588)|VARIABLE_ASSIGNMENT|[13]|isBefore|false
13:21:36.0 (327342907)|VARIABLE_SCOPE_BEGIN|[13]|isAfter|Boolean|false|false
13:21:36.0 (327344918)|VARIABLE_ASSIGNMENT|[13]|isAfter|true
13:21:36.0 (327346902)|VARIABLE_SCOPE_BEGIN|[13]|isInsert|Boolean|false|false
13:21:36.0 (327348928)|VARIABLE_ASSIGNMENT|[13]|isInsert|false
13:21:36.0 (327354672)|VARIABLE_SCOPE_BEGIN|[13]|isUpdate|Boolean|false|false
13:21:36.0 (327356918)|VARIABLE_ASSIGNMENT|[13]|isUpdate|true
13:21:36.0 (327358837)|VARIABLE_SCOPE_BEGIN|[13]|isDelete|Boolean|false|false
13:21:36.0 (327360555)|VARIABLE_ASSIGNMENT|[13]|isDelete|false
13:21:36.0 (327362385)|VARIABLE_SCOPE_BEGIN|[13]|isUndelete|Boolean|false|false
13:21:36.0 (327364397)|VARIABLE_ASSIGNMENT|[13]|isUndelete|false
13:21:36.0 (327366124)|VARIABLE_SCOPE_BEGIN|[13]|triggerNew|List<SObject>|true|false
13:21:36.0 (327727058)|VARIABLE_ASSIGNMENT|[13]|triggerNew|[{"LastModifiedDate":"2017-02-16T12:21:36.000Z","IsDeleted":false,"difference__c":4,"Grond__c":false,"Current_amount__c":4,"Name":"TestLoc","SystemModstamp":"2017-02-16T12:21:36.000Z","OwnerId":"00524000001e3UjAAI","CreatedById":"00524000001e3UjAAI","RecordTypeId":"01224000000B1dGAAS","Hub_Building_Site__c":"a020E000000zEM2QAM","CreatedDate":"2017-02-01T12:05:29.000Z","Occupied__c":true,"Id":"a0B0E0000009WgVUAU","LastModifiedById":"00524000001e3UjAAI"}]|0x702e4507
13:21:36.0 (327732926)|VARIABLE_SCOPE_BEGIN|[13]|triggerOld|List<SObject>|true|false
13:21:36.0 (327933646)|VARIABLE_ASSIGNMENT|[13]|triggerOld|[{"LastModifiedDate":"2017-02-16T12:18:46.000Z","IsDeleted":false,"difference__c":24,"Grond__c":false,"Current_amount__c":24,"Name":"TestLoc","SystemModstamp":"2017-02-16T12:18:46.000Z","OwnerId":"00524000001e3UjAAI","CreatedById":"00524000001e3UjAAI","RecordTypeId":"01224000000B1dGAAS","Hub_Building_Site__c":"a020E000000zEM2QAM","CreatedDate":"2017-02-01T12:05:29.000Z","Occupied__c":true,"Id":"a0B0E0000009WgVUAU","LastModifiedById":"00524000001e3UjAAI"}]|0x32430ef5
13:21:36.0 (327938735)|VARIABLE_SCOPE_BEGIN|[13]|newMap|Map<Id,SObject>|true|false
13:21:36.0 (328048563)|VARIABLE_ASSIGNMENT|[13]|newMap|{"a0B0E0000009WgVUAU":{"LastModifiedDate":"2017-02-16T12:21:36.000Z","IsDeleted":false,"difference__c":4,"Grond__c":false,"Current_amount__c":4,"Name":"TestLoc","SystemModstamp":"2017-02-16T12:21:36.000Z","OwnerId":"00524000001e3UjAAI","CreatedById":"00524000001e3UjAAI","RecordTypeId":"01224000000B1dGAAS","Hub_Building_Site__c":"a020E000000zEM2QAM","CreatedDate":"2017-02-01T12:05:29.000Z","Occupied__c":true,"Id":"a0B0E0000009WgVUAU","LastModifiedById":"00524000001e3UjAAI"}}|0x5e65d745
13:21:36.0 (328053966)|VARIABLE_SCOPE_BEGIN|[13]|oldMap|Map<Id,SObject>|true|false
13:21:36.0 (328149480)|VARIABLE_ASSIGNMENT|[13]|oldMap|{"a0B0E0000009WgVUAU":{"LastModifiedDate":"2017-02-16T12:18:46.000Z","IsDeleted":false,"difference__c":24,"Grond__c":false,"Current_amount__c":24,"Name":"TestLoc","SystemModstamp":"2017-02-16T12:18:46.000Z","OwnerId":"00524000001e3UjAAI","CreatedById":"00524000001e3UjAAI","RecordTypeId":"01224000000B1dGAAS","Hub_Building_Site__c":"a020E000000zEM2QAM","CreatedDate":"2017-02-01T12:05:29.000Z","Occupied__c":true,"Id":"a0B0E0000009WgVUAU","LastModifiedById":"00524000001e3UjAAI"}}|0x3cd159ab
13:21:36.0 (328159037)|SYSTEM_MODE_ENTER|true
13:21:36.0 (328165610)|HEAP_ALLOCATE|[16]|Bytes:5
13:21:36.0 (328169429)|STATEMENT_EXECUTE|[1]
13:21:36.0 (328171861)|HEAP_ALLOCATE|[16]|Bytes:5
13:21:36.0 (328173594)|STATEMENT_EXECUTE|[2]
13:21:36.0 (328174768)|STATEMENT_EXECUTE|[3]
13:21:36.0 (328175804)|STATEMENT_EXECUTE|[4]
13:21:36.0 (328176843)|STATEMENT_EXECUTE|[5]
13:21:36.0 (328177972)|STATEMENT_EXECUTE|[6]
13:21:36.0 (328178993)|STATEMENT_EXECUTE|[7]
13:21:36.0 (328180012)|STATEMENT_EXECUTE|[8]
13:21:36.0 (328181045)|STATEMENT_EXECUTE|[9]
13:21:36.0 (328182165)|STATEMENT_EXECUTE|[10]
13:21:36.0 (328183457)|STATEMENT_EXECUTE|[11]
13:21:36.0 (328208108)|STATEMENT_EXECUTE|[15]
13:21:36.0 (328209671)|STATEMENT_EXECUTE|[16]
13:21:36.0 (328213283)|HEAP_ALLOCATE|[16]|Bytes:5
13:21:36.0 (328220689)|VARIABLE_ASSIGNMENT|[16]|this.isBefore|false|0x88d4b61
13:21:36.0 (328222356)|STATEMENT_EXECUTE|[17]
13:21:36.0 (328224397)|HEAP_ALLOCATE|[17]|Bytes:5
13:21:36.0 (328227424)|VARIABLE_ASSIGNMENT|[17]|this.isAfter|true|0x88d4b61
13:21:36.0 (328229182)|STATEMENT_EXECUTE|[18]
13:21:36.0 (328231344)|HEAP_ALLOCATE|[18]|Bytes:5
13:21:36.0 (328234388)|VARIABLE_ASSIGNMENT|[18]|this.isInsert|false|0x88d4b61
13:21:36.0 (328235826)|STATEMENT_EXECUTE|[19]
13:21:36.0 (328237755)|HEAP_ALLOCATE|[19]|Bytes:5
13:21:36.0 (328240721)|VARIABLE_ASSIGNMENT|[19]|this.isUpdate|true|0x88d4b61
13:21:36.0 (328242139)|STATEMENT_EXECUTE|[20]
13:21:36.0 (328244097)|HEAP_ALLOCATE|[20]|Bytes:5
13:21:36.0 (328246623)|VARIABLE_ASSIGNMENT|[20]|this.isDelete|false|0x88d4b61
13:21:36.0 (328247924)|STATEMENT_EXECUTE|[21]
13:21:36.0 (328249689)|HEAP_ALLOCATE|[21]|Bytes:5
13:21:36.0 (328252571)|VARIABLE_ASSIGNMENT|[21]|this.isUndelete|false|0x88d4b61
13:21:36.0 (328254031)|STATEMENT_EXECUTE|[22]
13:21:36.0 (328375854)|VARIABLE_ASSIGNMENT|[22]|this.triggerNew|[{"LastModifiedDate":"2017-02-16T12:21:36.000Z","IsDeleted":false,"difference__c":4,"Grond__c":false,"Current_amount__c":4,"Name":"TestLoc","SystemModstamp":"2017-02-16T12:21:36.000Z","OwnerId":"00524000001e3UjAAI","CreatedById":"00524000001e3UjAAI","RecordTypeId":"01224000000B1dGAAS","Hub_Building_Site__c":"a020E000000zEM2QAM","CreatedDate":"2017-02-01T12:05:29.000Z","Occupied__c":true,"Id":"a0B0E0000009WgVUAU","LastModifiedById":"00524000001e3UjAAI"}]|0x88d4b61
13:21:36.0 (328380546)|STATEMENT_EXECUTE|[23]
13:21:36.0 (328481874)|VARIABLE_ASSIGNMENT|[23]|this.triggerOld|[{"LastModifiedDate":"2017-02-16T12:18:46.000Z","IsDeleted":false,"difference__c":24,"Grond__c":false,"Current_amount__c":24,"Name":"TestLoc","SystemModstamp":"2017-02-16T12:18:46.000Z","OwnerId":"00524000001e3UjAAI","CreatedById":"00524000001e3UjAAI","RecordTypeId":"01224000000B1dGAAS","Hub_Building_Site__c":"a020E000000zEM2QAM","CreatedDate":"2017-02-01T12:05:29.000Z","Occupied__c":true,"Id":"a0B0E0000009WgVUAU","LastModifiedById":"00524000001e3UjAAI"}]|0x88d4b61
13:21:36.0 (328485848)|STATEMENT_EXECUTE|[24]
13:21:36.0 (328586267)|VARIABLE_ASSIGNMENT|[24]|this.newMap|{"a0B0E0000009WgVUAU":{"LastModifiedDate":"2017-02-16T12:21:36.000Z","IsDeleted":false,"difference__c":4,"Grond__c":false,"Current_amount__c":4,"Name":"TestLoc","SystemModstamp":"2017-02-16T12:21:36.000Z","OwnerId":"00524000001e3UjAAI","CreatedById":"00524000001e3UjAAI","RecordTypeId":"01224000000B1dGAAS","Hub_Building_Site__c":"a020E000000zEM2QAM","CreatedDate":"2017-02-01T12:05:29.000Z","Occupied__c":true,"Id":"a0B0E0000009WgVUAU","LastModifiedById":"00524000001e3UjAAI"}}|0x88d4b61
13:21:36.0 (328590990)|STATEMENT_EXECUTE|[25]
13:21:36.0 (328685554)|VARIABLE_ASSIGNMENT|[25]|this.oldMap|{"a0B0E0000009WgVUAU":{"LastModifiedDate":"2017-02-16T12:18:46.000Z","IsDeleted":false,"difference__c":24,"Grond__c":false,"Current_amount__c":24,"Name":"TestLoc","SystemModstamp":"2017-02-16T12:18:46.000Z","OwnerId":"00524000001e3UjAAI","CreatedById":"00524000001e3UjAAI","RecordTypeId":"01224000000B1dGAAS","Hub_Building_Site__c":"a020E000000zEM2QAM","CreatedDate":"2017-02-01T12:05:29.000Z","Occupied__c":true,"Id":"a0B0E0000009WgVUAU","LastModifiedById":"00524000001e3UjAAI"}}|0x88d4b61
13:21:36.0 (328692184)|SYSTEM_MODE_EXIT|true
13:21:36.0 (328711223)|CONSTRUCTOR_EXIT|[3]|01p2400000Cr9rX|<init>(Boolean,Boolean,Boolean,Boolean,Boolean,Boolean,List<SObject>,List<SObject>,Map<Id,SObject>,Map<Id,SObject>)
13:21:36.0 (328722761)|METHOD_ENTRY|[3]|01p2400000DMxSi|LocationUtil.entry(TriggerParams)
13:21:36.0 (328727544)|VARIABLE_SCOPE_BEGIN|[2]|triggerParams|TriggerParams|true|false
13:21:36.0 (328749982)|VARIABLE_ASSIGNMENT|[2]|triggerParams|{"isAfter":true,"isBefore":false,"isDelete":false,"isInsert":false,"isUndelete":false,"isUpdate":true,"newMap":"0x5e65d745","oldMap":"0x3cd159ab","triggerNew":"0x702e4507","triggerOld":"0x32430ef5"}|0x88d4b61
13:21:36.0 (328759429)|HEAP_ALLOCATE|[3]|Bytes:5
13:21:36.0 (328763858)|STATEMENT_EXECUTE|[2]
13:21:36.0 (328764971)|STATEMENT_EXECUTE|[3]
13:21:36.0 (328772463)|VARIABLE_SCOPE_BEGIN|[3]|triggerNew|List<Location__c>|true|false
13:21:36.0 (328879947)|VARIABLE_ASSIGNMENT|[3]|triggerNew|[{"LastModifiedDate":"2017-02-16T12:21:36.000Z","IsDeleted":false,"difference__c":4,"Grond__c":false,"Current_amount__c":4,"Name":"TestLoc","SystemModstamp":"2017-02-16T12:21:36.000Z","OwnerId":"00524000001e3UjAAI","CreatedById":"00524000001e3UjAAI","RecordTypeId":"01224000000B1dGAAS","Hub_Building_Site__c":"a020E000000zEM2QAM","CreatedDate":"2017-02-01T12:05:29.000Z","Occupied__c":true,"Id":"a0B0E0000009WgVUAU","LastModifiedById":"00524000001e3UjAAI"}]|0x702e4507
13:21:36.0 (328884144)|STATEMENT_EXECUTE|[4]
13:21:36.0 (328889170)|VARIABLE_SCOPE_BEGIN|[4]|triggerOld|List<Location__c>|true|false
13:21:36.0 (328984103)|VARIABLE_ASSIGNMENT|[4]|triggerOld|[{"LastModifiedDate":"2017-02-16T12:18:46.000Z","IsDeleted":false,"difference__c":24,"Grond__c":false,"Current_amount__c":24,"Name":"TestLoc","SystemModstamp":"2017-02-16T12:18:46.000Z","OwnerId":"00524000001e3UjAAI","CreatedById":"00524000001e3UjAAI","RecordTypeId":"01224000000B1dGAAS","Hub_Building_Site__c":"a020E000000zEM2QAM","CreatedDate":"2017-02-01T12:05:29.000Z","Occupied__c":true,"Id":"a0B0E0000009WgVUAU","LastModifiedById":"00524000001e3UjAAI"}]|0x32430ef5
13:21:36.0 (328988062)|STATEMENT_EXECUTE|[5]
13:21:36.0 (328992713)|VARIABLE_SCOPE_BEGIN|[5]|oldMap|Map<Id,Location__c>|true|false
13:21:36.0 (329086765)|VARIABLE_ASSIGNMENT|[5]|oldMap|{"a0B0E0000009WgVUAU":{"LastModifiedDate":"2017-02-16T12:18:46.000Z","IsDeleted":false,"difference__c":24,"Grond__c":false,"Current_amount__c":24,"Name":"TestLoc","SystemModstamp":"2017-02-16T12:18:46.000Z","OwnerId":"00524000001e3UjAAI","CreatedById":"00524000001e3UjAAI","RecordTypeId":"01224000000B1dGAAS","Hub_Building_Site__c":"a020E000000zEM2QAM","CreatedDate":"2017-02-01T12:05:29.000Z","Occupied__c":true,"Id":"a0B0E0000009WgVUAU","LastModifiedById":"00524000001e3UjAAI"}}|0x3cd159ab
13:21:36.0 (329092168)|STATEMENT_EXECUTE|[6]
13:21:36.0 (329096310)|VARIABLE_SCOPE_BEGIN|[6]|newMap|Map<Id,Location__c>|true|false
13:21:36.0 (329191202)|VARIABLE_ASSIGNMENT|[6]|newMap|{"a0B0E0000009WgVUAU":{"LastModifiedDate":"2017-02-16T12:21:36.000Z","IsDeleted":false,"difference__c":4,"Grond__c":false,"Current_amount__c":4,"Name":"TestLoc","SystemModstamp":"2017-02-16T12:21:36.000Z","OwnerId":"00524000001e3UjAAI","CreatedById":"00524000001e3UjAAI","RecordTypeId":"01224000000B1dGAAS","Hub_Building_Site__c":"a020E000000zEM2QAM","CreatedDate":"2017-02-01T12:05:29.000Z","Occupied__c":true,"Id":"a0B0E0000009WgVUAU","LastModifiedById":"00524000001e3UjAAI"}}|0x5e65d745
13:21:36.0 (329197488)|STATEMENT_EXECUTE|[10]
13:21:36.0 (329201252)|STATEMENT_EXECUTE|[11]
13:21:36.0 (329202671)|STATEMENT_EXECUTE|[12]
13:21:36.0 (329213566)|METHOD_ENTRY|[12]|01p2400000DMxSi|LocationUtil.updateParentLocations(List<Location__c>)
13:21:36.0 (329230204)|VARIABLE_SCOPE_BEGIN|[81]|locations|List<Location__c>|true|false
13:21:36.0 (329336650)|VARIABLE_ASSIGNMENT|[81]|locations|[{"LastModifiedDate":"2017-02-16T12:21:36.000Z","IsDeleted":false,"difference__c":4,"Grond__c":false,"Current_amount__c":4,"Name":"TestLoc","SystemModstamp":"2017-02-16T12:21:36.000Z","OwnerId":"00524000001e3UjAAI","CreatedById":"00524000001e3UjAAI","RecordTypeId":"01224000000B1dGAAS","Hub_Building_Site__c":"a020E000000zEM2QAM","CreatedDate":"2017-02-01T12:05:29.000Z","Occupied__c":true,"Id":"a0B0E0000009WgVUAU","LastModifiedById":"00524000001e3UjAAI"}]|0x702e4507
13:21:36.0 (329346964)|HEAP_ALLOCATE|[82]|Bytes:5
13:21:36.0 (329350565)|STATEMENT_EXECUTE|[81]
13:21:36.0 (329355919)|STATEMENT_EXECUTE|[82]
13:21:36.0 (329361817)|HEAP_ALLOCATE|[82]|Bytes:4
13:21:36.0 (329379572)|VARIABLE_SCOPE_BEGIN|[82]|parentLocationIds|Set<Id>|true|false
13:21:36.0 (329393056)|VARIABLE_ASSIGNMENT|[82]|parentLocationIds|[]|0x3e55354b
13:21:36.0 (329417186)|HEAP_ALLOCATE|[83]|Bytes:5
13:21:36.0 (329438552)|VARIABLE_SCOPE_BEGIN|[83]|loc|Location__c|true|false
13:21:36.0 (329545745)|VARIABLE_ASSIGNMENT|[83]|loc|{"LastModifiedDate":"2017-02-16T12:21:36.000Z","IsDeleted":false,"difference__c":4,"Grond__c":false,"Current_amount__c":4,"Name":"TestLoc","SystemModstamp":"2017-02-16T12:21:36.000Z","OwnerId":"00524000001e3UjAAI","CreatedById":"00524000001e3UjAAI","RecordTypeId":"01224000000B1dGAAS","Hub_Building_Site__c":"a020E000000zEM2QAM","CreatedDate":"2017-02-01T12:05:29.000Z","Occupied__c":true,"Id":"a0B0E0000009WgVUAU","LastModifiedById":"00524000001e3UjAAI"}|0x14cba0d2
13:21:36.0 (329551198)|STATEMENT_EXECUTE|[83]
13:21:36.0 (329563581)|STATEMENT_EXECUTE|[84]
13:21:36.0 (329572764)|HEAP_ALLOCATE|[83]|Bytes:5
13:21:36.0 (329582037)|VARIABLE_ASSIGNMENT|[83]|loc|null|
13:21:36.0 (329584584)|STATEMENT_EXECUTE|[88]
13:21:36.0 (329589244)|HEAP_ALLOCATE|[88]|Bytes:4
13:21:36.0 (329593371)|HEAP_ALLOCATE|[88]|Bytes:4
13:21:36.0 (329621862)|HEAP_ALLOCATE|[88]|Bytes:4
13:21:36.0 (329626414)|HEAP_ALLOCATE|[88]|Bytes:4
13:21:36.0 (329776847)|SOQL_EXECUTE_BEGIN|[88]|Aggregations:0|SELECT Id FROM Location__c WHERE id = :tmpVar1
13:21:36.0 (330465200)|SOQL_EXECUTE_END|[88]|Rows:0
13:21:36.0 (330483554)|HEAP_ALLOCATE|[88]|Bytes:4
13:21:36.0 (330497183)|HEAP_ALLOCATE|[88]|Bytes:0
13:21:36.0 (330509513)|HEAP_ALLOCATE|[88]|Bytes:4
13:21:36.0 (330520766)|VARIABLE_SCOPE_BEGIN|[88]|parentLocations|Map<Id,Location__c>|true|false
13:21:36.0 (330531615)|VARIABLE_ASSIGNMENT|[88]|parentLocations|{}|0x7cb44a2e
13:21:36.0 (330533974)|STATEMENT_EXECUTE|[89]
13:21:36.0 (330537991)|HEAP_ALLOCATE|[89]|Bytes:4
13:21:36.0 (330554875)|HEAP_ALLOCATE|[89]|Bytes:4
13:21:36.0 (330558654)|HEAP_ALLOCATE|[89]|Bytes:4
13:21:36.0 (330752251)|SOQL_EXECUTE_BEGIN|[89]|Aggregations:0|SELECT Id, Current_amount__c, Available_amount__c, Parent_Location__c FROM Location__c WHERE Parent_Location__c = :tmpVar1
13:21:36.0 (331543114)|SOQL_EXECUTE_END|[89]|Rows:0
13:21:36.0 (331562716)|HEAP_ALLOCATE|[89]|Bytes:4
13:21:36.0 (331571638)|HEAP_ALLOCATE|[89]|Bytes:0
13:21:36.0 (331585547)|HEAP_ALLOCATE|[89]|Bytes:4
13:21:36.0 (331594704)|VARIABLE_SCOPE_BEGIN|[89]|childLocations|List<Location__c>|true|false
13:21:36.0 (331606089)|VARIABLE_ASSIGNMENT|[89]|childLocations|[]|0x55866f23
13:21:36.0 (331609580)|STATEMENT_EXECUTE|[90]
13:21:36.0 (331614577)|HEAP_ALLOCATE|[90]|Bytes:4
13:21:36.0 (331621885)|VARIABLE_SCOPE_BEGIN|[90]|sumByParentId|Map<Id,Decimal>|true|false
13:21:36.0 (331631311)|VARIABLE_ASSIGNMENT|[90]|sumByParentId|{}|0x4b4eb4cc
13:21:36.0 (331634019)|STATEMENT_EXECUTE|[91]
13:21:36.0 (331636871)|HEAP_ALLOCATE|[91]|Bytes:4
13:21:36.0 (331640778)|VARIABLE_SCOPE_BEGIN|[91]|sumRedByParentId|Map<Id,Decimal>|true|false
13:21:36.0 (331646791)|VARIABLE_ASSIGNMENT|[91]|sumRedByParentId|{}|0x469b6582
13:21:36.0 (331670630)|HEAP_ALLOCATE|[92]|Bytes:5
13:21:36.0 (331682549)|VARIABLE_ASSIGNMENT|[92]|loc|null|
13:21:36.0 (331685935)|STATEMENT_EXECUTE|[92]
13:21:36.0 (331699777)|HEAP_ALLOCATE|[EXTERNAL]|Bytes:4
13:21:36.0 (331705350)|HEAP_ALLOCATE|[115]|Bytes:4
13:21:36.0 (331725481)|HEAP_ALLOCATE|[115]|Bytes:5
13:21:36.0 (331736948)|VARIABLE_ASSIGNMENT|[115]|parent|null|
13:21:36.0 (331740612)|STATEMENT_EXECUTE|[115]
13:21:36.0 (331742668)|STATEMENT_EXECUTE|[122]
13:21:36.0 (331780346)|HEAP_ALLOCATE|[122]|Bytes:1
13:21:36.0 (331799313)|HEAP_ALLOCATE|[122]|Bytes:2
13:21:36.0 (331812219)|HEAP_ALLOCATE|[122]|Bytes:20
13:21:36.0 (331829856)|USER_DEBUG|[122]|DEBUG|parentLocations 0 {}
13:21:36.0 (331835817)|STATEMENT_EXECUTE|[123]
13:21:36.0 (331844533)|HEAP_ALLOCATE|[EXTERNAL]|Bytes:4
13:21:36.0 (331848456)|HEAP_ALLOCATE|[123]|Bytes:4
13:21:36.0 (331942241)|HEAP_ALLOCATE|[EXTERNAL]|Bytes:4
13:21:36.0 (331957472)|METHOD_EXIT|[12]|01p2400000DMxSi|LocationUtil.updateParentLocations(List<Location__c>)
13:21:36.0 (331961982)|STATEMENT_EXECUTE|[13]
13:21:36.0 (331974915)|METHOD_ENTRY|[13]|01p2400000DMxSi|LocationUtil.shareToForceUsers(Map<Id,Location__c>)
13:21:36.0 (331991310)|VARIABLE_SCOPE_BEGIN|[32]|locById|Map<Id,Location__c>|true|false
13:21:36.0 (332207483)|VARIABLE_ASSIGNMENT|[32]|locById|{"a0B0E0000009WgVUAU":{"LastModifiedDate":"2017-02-16T12:21:36.000Z","IsDeleted":false,"difference__c":4,"Grond__c":false,"Current_amount__c":4,"Name":"TestLoc","SystemModstamp":"2017-02-16T12:21:36.000Z","OwnerId":"00524000001e3UjAAI","CreatedById":"00524000001e3UjAAI","RecordTypeId":"01224000000B1dGAAS","Hub_Building_Site__c":"a020E000000zEM2QAM","CreatedDate":"2017-02-01T12:05:29.000Z","Occupied__c":true,"Id":"a0B0E0000009WgVUAU","LastModifiedById":"00524000001e3UjAAI"}}|0x5e65d745
13:21:36.0 (332222570)|HEAP_ALLOCATE|[33]|Bytes:5
13:21:36.0 (332227903)|STATEMENT_EXECUTE|[32]
13:21:36.0 (332230054)|STATEMENT_EXECUTE|[33]
13:21:36.0 (332234187)|HEAP_ALLOCATE|[33]|Bytes:121
13:21:36.0 (332241581)|HEAP_ALLOCATE|[33]|Bytes:4
13:21:36.0 (332303147)|HEAP_ALLOCATE|[34]|Bytes:26
13:21:36.0 (332334580)|HEAP_ALLOCATE|[33]|Bytes:8
13:21:36.0 (332340888)|HEAP_ALLOCATE|[33]|Bytes:8
13:21:36.0 (332747885)|SOQL_EXECUTE_BEGIN|[33]|Aggregations:0|SELECT Id, Hub_Building_Site__r.Project__r.Account__c, OwnerId, Hub_Building_Site__c FROM Location__c WHERE id = :tmpVar1
13:21:36.0 (336308911)|SOQL_EXECUTE_END|[33]|Rows:1
13:21:36.0 (336322758)|HEAP_ALLOCATE|[33]|Bytes:8
13:21:36.0 (336338328)|HEAP_ALLOCATE|[33]|Bytes:152
13:21:36.0 (336369624)|HEAP_ALLOCATE|[33]|Bytes:8
13:21:36.0 (336378558)|VARIABLE_SCOPE_BEGIN|[33]|tickets|List<Location__c>|true|false
13:21:36.0 (336396451)|VARIABLE_ASSIGNMENT|[33]|tickets|[{"Id":"a0B0E0000009WgVUAU","Hub_Building_Site__c":"a020E000000zEM2QAM","OwnerId":"00524000001e3UjAAI","Hub_Building_Site__r":{"Id":"a020E000000zEM2QAM"}}]|0x28a28490
13:21:36.0 (336400081)|STATEMENT_EXECUTE|[35]
13:21:36.0 (336405514)|HEAP_ALLOCATE|[35]|Bytes:4
13:21:36.0 (336433565)|VARIABLE_SCOPE_BEGIN|[35]|hubIds|Set<Id>|true|false
13:21:36.0 (336443718)|VARIABLE_ASSIGNMENT|[35]|hubIds|[]|0x6572cce9
13:21:36.0 (336476637)|HEAP_ALLOCATE|[36]|Bytes:5
13:21:36.0 (336504661)|HEAP_ALLOCATE|[36]|Bytes:20
13:21:36.0 (336512168)|VARIABLE_SCOPE_BEGIN|[36]|loc|Location__c|true|false
13:21:36.0 (336523201)|VARIABLE_ASSIGNMENT|[36]|loc|{"Id":"a0B0E0000009WgVUAU","Hub_Building_Site__c":"a020E000000zEM2QAM","OwnerId":"00524000001e3UjAAI","Hub_Building_Site__r":{"Id":"a020E000000zEM2QAM"}}|0x691f3e6f
13:21:36.0 (336526869)|STATEMENT_EXECUTE|[36]
13:21:36.0 (336528831)|STATEMENT_EXECUTE|[37]
13:21:36.0 (336584524)|HEAP_ALLOCATE|[EXTERNAL]|Bytes:4
13:21:36.0 (336597285)|HEAP_ALLOCATE|[36]|Bytes:5
13:21:36.0 (336608579)|VARIABLE_ASSIGNMENT|[36]|loc|null|
13:21:36.0 (336611443)|STATEMENT_EXECUTE|[39]
13:21:36.0 (336614505)|HEAP_ALLOCATE|[39]|Bytes:78
13:21:36.0 (336619531)|HEAP_ALLOCATE|[39]|Bytes:4
13:21:36.0 (336648011)|HEAP_ALLOCATE|[39]|Bytes:8
13:21:36.0 (336652355)|HEAP_ALLOCATE|[39]|Bytes:8
13:21:36.0 (336845119)|SOQL_EXECUTE_BEGIN|[39]|Aggregations:0|SELECT Id, Account__c FROM AccountHub__c WHERE Hub_Building_Site__c = :tmpVar1
13:21:36.0 (338602795)|SOQL_EXECUTE_END|[39]|Rows:0
13:21:36.0 (338621157)|HEAP_ALLOCATE|[39]|Bytes:4
13:21:36.0 (338632049)|HEAP_ALLOCATE|[39]|Bytes:0
13:21:36.0 (338701596)|HEAP_ALLOCATE|[39]|Bytes:4
13:21:36.0 (338711590)|VARIABLE_SCOPE_BEGIN|[39]|accHubs|List<AccountHub__c>|true|false
13:21:36.0 (338721330)|VARIABLE_ASSIGNMENT|[39]|accHubs|[]|0x67b9e6fa
13:21:36.0 (338723843)|STATEMENT_EXECUTE|[40]
13:21:36.0 (338728416)|HEAP_ALLOCATE|[40]|Bytes:4
13:21:36.0 (338751912)|VARIABLE_SCOPE_BEGIN|[40]|accIds1|Set<Id>|true|false
13:21:36.0 (338761238)|VARIABLE_ASSIGNMENT|[40]|accIds1|[]|0x5d92cb7
13:21:36.0 (338921440)|HEAP_ALLOCATE|[41]|Bytes:5
13:21:36.0 (338936229)|VARIABLE_ASSIGNMENT|[41]|acH|null|
13:21:36.0 (338939223)|STATEMENT_EXECUTE|[41]
13:21:36.0 (338940617)|STATEMENT_EXECUTE|[44]
13:21:36.0 (338944198)|HEAP_ALLOCATE|[44]|Bytes:4
13:21:36.0 (338960985)|VARIABLE_SCOPE_BEGIN|[44]|accIds|Set<Id>|true|false
13:21:36.0 (338970525)|VARIABLE_ASSIGNMENT|[44]|accIds|[]|0x28bbf207
13:21:36.0 (338992967)|HEAP_ALLOCATE|[45]|Bytes:5
13:21:36.0 (339002307)|HEAP_ALLOCATE|[45]|Bytes:20
13:21:36.0 (339008205)|VARIABLE_SCOPE_BEGIN|[45]|t|Location__c|true|false
13:21:36.0 (339021156)|VARIABLE_ASSIGNMENT|[45]|t|{"Id":"a0B0E0000009WgVUAU","Hub_Building_Site__c":"a020E000000zEM2QAM","OwnerId":"00524000001e3UjAAI","Hub_Building_Site__r":{"Id":"a020E000000zEM2QAM"}}|0x691f3e6f
13:21:36.0 (339024907)|STATEMENT_EXECUTE|[45]
13:21:36.0 (339094610)|STATEMENT_EXECUTE|[46]
13:21:36.0 (339105461)|HEAP_ALLOCATE|[45]|Bytes:5
13:21:36.0 (339113776)|VARIABLE_ASSIGNMENT|[45]|t|null|
13:21:36.0 (339116186)|STATEMENT_EXECUTE|[50]
13:21:36.0 (339138494)|HEAP_ALLOCATE|[50]|Bytes:0
13:21:36.0 (339143085)|STATEMENT_EXECUTE|[51]
13:21:36.0 (339145569)|HEAP_ALLOCATE|[51]|Bytes:5
13:21:36.0 (339175222)|HEAP_ALLOCATE|[51]|Bytes:2
13:21:36.0 (339189603)|HEAP_ALLOCATE|[51]|Bytes:7
13:21:36.0 (339202675)|USER_DEBUG|[51]|DEBUG|accs {}
13:21:36.0 (339206720)|STATEMENT_EXECUTE|[52]
13:21:36.0 (339208936)|HEAP_ALLOCATE|[52]|Bytes:81
13:21:36.0 (339213507)|HEAP_ALLOCATE|[52]|Bytes:4
13:21:36.0 (339232561)|HEAP_ALLOCATE|[52]|Bytes:4
13:21:36.0 (339236095)|HEAP_ALLOCATE|[52]|Bytes:4
13:21:36.0 (339423741)|SOQL_EXECUTE_BEGIN|[52]|Aggregations:0|SELECT isActive, Id FROM User WHERE (AccountId__c = :tmpVar1 AND isActive = TRUE)
13:21:36.0 (340535084)|SOQL_EXECUTE_END|[52]|Rows:0
13:21:36.0 (340549778)|HEAP_ALLOCATE|[52]|Bytes:4
13:21:36.0 (340556942)|HEAP_ALLOCATE|[52]|Bytes:0
13:21:36.0 (340598511)|HEAP_ALLOCATE|[52]|Bytes:4
13:21:36.0 (340606599)|VARIABLE_SCOPE_BEGIN|[52]|users|List<User>|true|false
13:21:36.0 (340615714)|VARIABLE_ASSIGNMENT|[52]|users|[]|0x31f86f96
13:21:36.0 (340618131)|STATEMENT_EXECUTE|[53]
13:21:36.0 (340642275)|HEAP_ALLOCATE|[53]|Bytes:4
13:21:36.0 (340670998)|VARIABLE_SCOPE_BEGIN|[53]|userById|Map<Id,User>|true|false
13:21:36.0 (340679628)|VARIABLE_ASSIGNMENT|[53]|userById|{}|0x2507966e
13:21:36.0 (340681621)|STATEMENT_EXECUTE|[54]
13:21:36.0 (340684644)|HEAP_ALLOCATE|[54]|Bytes:5
13:21:36.0 (340734236)|HEAP_ALLOCATE|[54]|Bytes:1
13:21:36.0 (340747270)|HEAP_ALLOCATE|[54]|Bytes:2
13:21:36.0 (340756058)|HEAP_ALLOCATE|[54]|Bytes:9
13:21:36.0 (340765122)|USER_DEBUG|[54]|DEBUG|users0 ()
13:21:36.0 (340769142)|STATEMENT_EXECUTE|[55]
13:21:36.0 (340771270)|HEAP_ALLOCATE|[55]|Bytes:81
13:21:36.0 (340775229)|HEAP_ALLOCATE|[55]|Bytes:4
13:21:36.0 (340807587)|HEAP_ALLOCATE|[56]|Bytes:26
13:21:36.0 (340828175)|HEAP_ALLOCATE|[55]|Bytes:8
13:21:36.0 (340832740)|HEAP_ALLOCATE|[55]|Bytes:8
13:21:36.0 (341058486)|SOQL_EXECUTE_BEGIN|[55]|Aggregations:0|SELECT ParentId, Id, UserOrGroupId FROM Location__Share WHERE ParentId = :tmpVar1
13:21:36.0 (343705650)|SOQL_EXECUTE_END|[55]|Rows:1
13:21:36.0 (343724035)|HEAP_ALLOCATE|[55]|Bytes:8
13:21:36.0 (343736856)|HEAP_ALLOCATE|[55]|Bytes:94
13:21:36.0 (343790082)|HEAP_ALLOCATE|[55]|Bytes:8
13:21:36.0 (343799585)|VARIABLE_SCOPE_BEGIN|[55]|sharingTicket|List<Location__Share>|true|false
13:21:36.0 (343815846)|VARIABLE_ASSIGNMENT|[55]|sharingTicket|[{"ParentId":"a0B0E0000009WgVUAU","Id":"02c0E000002SNrnQAG","UserOrGroupId":"00524000001e3UjAAI"}]|0x414d8509
13:21:36.0 (343818830)|STATEMENT_EXECUTE|[57]
13:21:36.0 (343872618)|HEAP_ALLOCATE|[57]|Bytes:1
13:21:36.0 (343921167)|HEAP_ALLOCATE|[57]|Bytes:104
13:21:36.0 (343936169)|HEAP_ALLOCATE|[57]|Bytes:106
13:21:36.0 (343946820)|USER_DEBUG|[57]|DEBUG|1 (Location__Share:{ParentId=a0B0E0000009WgVUAU, Id=02c0E000002SNrnQAG, UserOrGroupId=00524000001e3UjAAI})
13:21:36.0 (343952864)|STATEMENT_EXECUTE|[58]
13:21:36.0 (343993878)|HEAP_ALLOCATE|[58]|Bytes:4
13:21:36.0 (344015836)|VARIABLE_SCOPE_BEGIN|[58]|shareByUserByTicket|Map<Id,Map<Id,Location__Share>>|true|false
13:21:36.0 (344027657)|VARIABLE_ASSIGNMENT|[58]|shareByUserByTicket|{}|0x4bf2d4c4
13:21:36.0 (344121176)|HEAP_ALLOCATE|[59]|Bytes:5
13:21:36.0 (344178482)|HEAP_ALLOCATE|[59]|Bytes:16
13:21:36.0 (344186541)|VARIABLE_SCOPE_BEGIN|[59]|sh|Location__Share|true|false
13:21:36.0 (344199351)|VARIABLE_ASSIGNMENT|[59]|sh|{"ParentId":"a0B0E0000009WgVUAU","Id":"02c0E000002SNrnQAG","UserOrGroupId":"00524000001e3UjAAI"}|0xdc7a462
13:21:36.0 (344202398)|STATEMENT_EXECUTE|[59]
13:21:36.0 (344260133)|STATEMENT_EXECUTE|[62]
13:21:36.0 (344262304)|STATEMENT_EXECUTE|[63]
13:21:36.0 (344267843)|HEAP_ALLOCATE|[63]|Bytes:4
13:21:36.0 (344287615)|VARIABLE_SCOPE_BEGIN|[63]|shByUser|Map<Id,Location__Share>|true|false
13:21:36.0 (344296799)|VARIABLE_ASSIGNMENT|[63]|shByUser|{}|0x65ec0d8f
13:21:36.0 (344299038)|STATEMENT_EXECUTE|[64]
13:21:36.0 (344328318)|HEAP_ALLOCATE|[EXTERNAL]|Bytes:-4
13:21:36.0 (344343918)|HEAP_ALLOCATE|[59]|Bytes:5
13:21:36.0 (344362059)|VARIABLE_ASSIGNMENT|[59]|sh|null|
13:21:36.0 (344365182)|STATEMENT_EXECUTE|[67]
13:21:36.0 (344367984)|HEAP_ALLOCATE|[67]|Bytes:19
13:21:36.0 (344394191)|HEAP_ALLOCATE|[67]|Bytes:1
13:21:36.0 (344410352)|HEAP_ALLOCATE|[67]|Bytes:23
13:21:36.0 (344418265)|HEAP_ALLOCATE|[67]|Bytes:44
13:21:36.0 (344426811)|USER_DEBUG|[67]|DEBUG|shareByUserByTicket1 {a0B0E0000009WgVUAU={}}
13:21:36.0 (344430838)|STATEMENT_EXECUTE|[68]
13:21:36.0 (344435226)|HEAP_ALLOCATE|[68]|Bytes:4
13:21:36.0 (344453565)|VARIABLE_SCOPE_BEGIN|[68]|newSharings|List<Location__Share>|true|false
13:21:36.0 (344459888)|HEAP_ALLOCATE|[EXTERNAL]|Bytes:4
13:21:36.0 (344465384)|VARIABLE_ASSIGNMENT|[68]|newSharings|[]|0x504895d9
13:21:36.0 (344488609)|HEAP_ALLOCATE|[69]|Bytes:5
13:21:36.0 (344498352)|HEAP_ALLOCATE|[69]|Bytes:20
13:21:36.0 (344504851)|VARIABLE_SCOPE_BEGIN|[69]|t|Location__c|true|false
13:21:36.0 (344516462)|VARIABLE_ASSIGNMENT|[69]|t|{"Id":"a0B0E0000009WgVUAU","Hub_Building_Site__c":"a020E000000zEM2QAM","OwnerId":"00524000001e3UjAAI","Hub_Building_Site__r":{"Id":"a020E000000zEM2QAM"}}|0x691f3e6f
13:21:36.0 (344519641)|STATEMENT_EXECUTE|[69]
13:21:36.0 (344588820)|HEAP_ALLOCATE|[70]|Bytes:5
13:21:36.0 (344608188)|VARIABLE_ASSIGNMENT|[70]|u|null|
13:21:36.0 (344612143)|STATEMENT_EXECUTE|[70]
13:21:36.0 (344619861)|HEAP_ALLOCATE|[69]|Bytes:5
13:21:36.0 (344626103)|VARIABLE_ASSIGNMENT|[69]|t|null|
13:21:36.0 (344628048)|STATEMENT_EXECUTE|[77]
13:21:36.0 (344630709)|HEAP_ALLOCATE|[77]|Bytes:13
13:21:36.0 (344656306)|HEAP_ALLOCATE|[77]|Bytes:1
13:21:36.0 (344669555)|HEAP_ALLOCATE|[77]|Bytes:2
13:21:36.0 (344676796)|HEAP_ALLOCATE|[77]|Bytes:17
13:21:36.0 (344684917)|USER_DEBUG|[77]|DEBUG|add sharings 0 ()
13:21:36.0 (344688664)|STATEMENT_EXECUTE|[78]
13:21:36.0 (344737888)|HEAP_ALLOCATE|[EXTERNAL]|Bytes:4
13:21:36.0 (344751813)|METHOD_EXIT|[13]|01p2400000DMxSi|LocationUtil.shareToForceUsers(Map<Id,Location__c>)
13:21:36.0 (344757878)|STATEMENT_EXECUTE|[16]
13:21:36.0 (344759250)|STATEMENT_EXECUTE|[17]
13:21:36.0 (344768573)|METHOD_ENTRY|[17]|01p2400000DMxSi|LocationUtil.recalculateLocationsCount(List<Location__c>, Map<Id,Location__c>)
13:21:36.0 (344783180)|VARIABLE_SCOPE_BEGIN|[127]|triggerNew|List<Location__c>|true|false
13:21:36.0 (344955388)|VARIABLE_ASSIGNMENT|[127]|triggerNew|[{"LastModifiedDate":"2017-02-16T12:21:36.000Z","IsDeleted":false,"difference__c":4,"Grond__c":false,"Current_amount__c":4,"Name":"TestLoc","SystemModstamp":"2017-02-16T12:21:36.000Z","OwnerId":"00524000001e3UjAAI","CreatedById":"00524000001e3UjAAI","RecordTypeId":"01224000000B1dGAAS","Hub_Building_Site__c":"a020E000000zEM2QAM","CreatedDate":"2017-02-01T12:05:29.000Z","Occupied__c":true,"Id":"a0B0E0000009WgVUAU","LastModifiedById":"00524000001e3UjAAI"}]|0x702e4507
13:21:36.0 (344960472)|VARIABLE_SCOPE_BEGIN|[127]|oldMap|Map<Id,Location__c>|true|false
13:21:36.0 (345078776)|VARIABLE_ASSIGNMENT|[127]|oldMap|{"a0B0E0000009WgVUAU":{"LastModifiedDate":"2017-02-16T12:18:46.000Z","IsDeleted":false,"difference__c":24,"Grond__c":false,"Current_amount__c":24,"Name":"TestLoc","SystemModstamp":"2017-02-16T12:18:46.000Z","OwnerId":"00524000001e3UjAAI","CreatedById":"00524000001e3UjAAI","RecordTypeId":"01224000000B1dGAAS","Hub_Building_Site__c":"a020E000000zEM2QAM","CreatedDate":"2017-02-01T12:05:29.000Z","Occupied__c":true,"Id":"a0B0E0000009WgVUAU","LastModifiedById":"00524000001e3UjAAI"}}|0x3cd159ab
13:21:36.0 (345091940)|HEAP_ALLOCATE|[129]|Bytes:5
13:21:36.0 (345095721)|STATEMENT_EXECUTE|[128]
13:21:36.0 (345097230)|STATEMENT_EXECUTE|[129]
13:21:36.0 (345102657)|HEAP_ALLOCATE|[129]|Bytes:4
13:21:36.0 (345125296)|VARIABLE_SCOPE_BEGIN|[129]|locationIdsTorecalculate|Set<Id>|true|false
13:21:36.0 (345135519)|VARIABLE_ASSIGNMENT|[129]|locationIdsTorecalculate|[]|0x75395114
13:21:36.0 (345137819)|STATEMENT_EXECUTE|[130]
13:21:36.0 (345141239)|HEAP_ALLOCATE|[130]|Bytes:4
13:21:36.0 (345154728)|VARIABLE_SCOPE_BEGIN|[130]|locationsToRecalculate|List<Location__c>|true|false
13:21:36.0 (345160570)|HEAP_ALLOCATE|[EXTERNAL]|Bytes:4
13:21:36.0 (345164560)|VARIABLE_ASSIGNMENT|[130]|locationsToRecalculate|[]|0x703cba49
13:21:36.0 (345191643)|HEAP_ALLOCATE|[132]|Bytes:5
13:21:36.0 (345206312)|VARIABLE_SCOPE_BEGIN|[132]|loc|Location__c|true|false
13:21:36.0 (345339072)|VARIABLE_ASSIGNMENT|[132]|loc|{"LastModifiedDate":"2017-02-16T12:21:36.000Z","IsDeleted":false,"difference__c":4,"Grond__c":false,"Current_amount__c":4,"Name":"TestLoc","SystemModstamp":"2017-02-16T12:21:36.000Z","OwnerId":"00524000001e3UjAAI","CreatedById":"00524000001e3UjAAI","RecordTypeId":"01224000000B1dGAAS","Hub_Building_Site__c":"a020E000000zEM2QAM","CreatedDate":"2017-02-01T12:05:29.000Z","Occupied__c":true,"Id":"a0B0E0000009WgVUAU","LastModifiedById":"00524000001e3UjAAI"}|0x14cba0d2
13:21:36.0 (345344971)|STATEMENT_EXECUTE|[133]
13:21:36.0 (345346361)|STATEMENT_EXECUTE|[134]
13:21:36.0 (345391714)|VARIABLE_SCOPE_BEGIN|[134]|oldLoc|Location__c|true|false
13:21:36.0 (345512978)|VARIABLE_ASSIGNMENT|[134]|oldLoc|{"LastModifiedDate":"2017-02-16T12:18:46.000Z","IsDeleted":false,"difference__c":24,"Grond__c":false,"Current_amount__c":24,"Name":"TestLoc","SystemModstamp":"2017-02-16T12:18:46.000Z","OwnerId":"00524000001e3UjAAI","CreatedById":"00524000001e3UjAAI","RecordTypeId":"01224000000B1dGAAS","Hub_Building_Site__c":"a020E000000zEM2QAM","CreatedDate":"2017-02-01T12:05:29.000Z","Occupied__c":true,"Id":"a0B0E0000009WgVUAU","LastModifiedById":"00524000001e3UjAAI"}|0x64ce0fca
13:21:36.0 (345518660)|STATEMENT_EXECUTE|[136]
13:21:36.0 (345539455)|STATEMENT_EXECUTE|[137]
13:21:36.0 (345551375)|HEAP_ALLOCATE|[132]|Bytes:5
13:21:36.0 (345560535)|VARIABLE_ASSIGNMENT|[132]|loc|null|
13:21:36.0 (345562938)|STATEMENT_EXECUTE|[145]
13:21:36.0 (345565709)|HEAP_ALLOCATE|[145]|Bytes:155
13:21:36.0 (345570657)|HEAP_ALLOCATE|[145]|Bytes:4
13:21:36.0 (345594110)|HEAP_ALLOCATE|[145]|Bytes:4
13:21:36.0 (345600105)|HEAP_ALLOCATE|[145]|Bytes:4
13:21:36.0 (345919223)|SOQL_EXECUTE_BEGIN|[145]|Aggregations:0|SELECT Id, Name, Location__c, Location__r.Occupied__c, Location__r.Parent_Location__c, WWW_Detail__c FROM SublocationDetail__c WHERE Location__c = :tmpVar1
13:21:36.0 (346647019)|SOQL_EXECUTE_END|[145]|Rows:0
13:21:36.0 (346665694)|HEAP_ALLOCATE|[145]|Bytes:4
13:21:36.0 (346674792)|HEAP_ALLOCATE|[145]|Bytes:0
13:21:36.0 (346723689)|HEAP_ALLOCATE|[145]|Bytes:4
13:21:36.0 (346731881)|VARIABLE_SCOPE_BEGIN|[145]|subLocDetails|List<SublocationDetail__c>|true|false
13:21:36.0 (346741340)|VARIABLE_ASSIGNMENT|[145]|subLocDetails|[]|0x10904e54
13:21:36.0 (346743944)|STATEMENT_EXECUTE|[148]
13:21:36.0 (346849830)|HEAP_ALLOCATE|[148]|Bytes:28
13:21:36.0 (346856507)|HEAP_ALLOCATE|[148]|Bytes:34
13:21:36.0 (346865437)|METHOD_ENTRY|[1]|01p2400000DUoK9|SubLocationDetailUtil.SubLocationDetailUtil()
13:21:36.0 (346868630)|STATEMENT_EXECUTE|[1]
13:21:36.0 (346872722)|STATEMENT_EXECUTE|[1]
13:21:36.0 (346879863)|HEAP_ALLOCATE|[148]|Bytes:5
13:21:36.0 (346888891)|METHOD_EXIT|[1]|SubLocationDetailUtil
13:21:36.0 (346900574)|METHOD_ENTRY|[148]|01p2400000DUoK9|SubLocationDetailUtil.calculateSublocationsForProject(List<SublocationDetail__c>)
13:21:36.0 (346914270)|VARIABLE_SCOPE_BEGIN|[126]|triggerNew|List<SublocationDetail__c>|true|false
13:21:36.0 (346921126)|VARIABLE_ASSIGNMENT|[126]|triggerNew|[]|0x10904e54
13:21:36.0 (346929250)|HEAP_ALLOCATE|[127]|Bytes:5
13:21:36.0 (346933040)|STATEMENT_EXECUTE|[126]
13:21:36.0 (346934445)|STATEMENT_EXECUTE|[127]
13:21:36.0 (346938784)|HEAP_ALLOCATE|[127]|Bytes:4
13:21:36.0 (346959517)|VARIABLE_SCOPE_BEGIN|[127]|wwwDetailIds|Set<Id>|true|false
13:21:36.0 (346969697)|VARIABLE_ASSIGNMENT|[127]|wwwDetailIds|[]|0x617c210
13:21:36.0 (346971891)|STATEMENT_EXECUTE|[128]
13:21:36.0 (346975402)|HEAP_ALLOCATE|[128]|Bytes:4
13:21:36.0 (346989488)|VARIABLE_SCOPE_BEGIN|[128]|projectIds|Set<Id>|true|false
13:21:36.0 (346996512)|VARIABLE_ASSIGNMENT|[128]|projectIds|[]|0x4ebebb67
13:21:36.0 (346998352)|STATEMENT_EXECUTE|[130]
13:21:36.0 (347029111)|HEAP_ALLOCATE|[130]|Bytes:4
13:21:36.0 (347063893)|VARIABLE_SCOPE_BEGIN|[130]|projects|List<Projecten__c>|true|false
13:21:36.0 (347069417)|HEAP_ALLOCATE|[EXTERNAL]|Bytes:4
13:21:36.0 (347074082)|VARIABLE_ASSIGNMENT|[130]|projects|[]|0x5a14998f
13:21:36.0 (347076079)|STATEMENT_EXECUTE|[131]
13:21:36.0 (347078627)|HEAP_ALLOCATE|[131]|Bytes:4
13:21:36.0 (347088152)|VARIABLE_SCOPE_BEGIN|[131]|projToUpdate|List<Projecten__c>|true|false
13:21:36.0 (347092966)|HEAP_ALLOCATE|[EXTERNAL]|Bytes:4
13:21:36.0 (347095772)|VARIABLE_ASSIGNMENT|[131]|projToUpdate|[]|0x48e48e77
13:21:36.0 (347097375)|STATEMENT_EXECUTE|[133]
13:21:36.0 (347143730)|HEAP_ALLOCATE|[133]|Bytes:4
13:21:36.0 (347163190)|VARIABLE_SCOPE_BEGIN|[133]|wwwDetailsByProjectId|Map<Id,List<WWW_Detail__c>>|true|false
13:21:36.0 (347172056)|VARIABLE_ASSIGNMENT|[133]|wwwDetailsByProjectId|{}|0x4b852ac6
13:21:36.0 (347174205)|STATEMENT_EXECUTE|[134]
13:21:36.0 (347195823)|HEAP_ALLOCATE|[134]|Bytes:4
13:21:36.0 (347211559)|VARIABLE_SCOPE_BEGIN|[134]|sublocDetailByWwwDetailId|Map<Id,List<SublocationDetail__c>>|true|false
13:21:36.0 (347218764)|VARIABLE_ASSIGNMENT|[134]|sublocDetailByWwwDetailId|{}|0x5958bd3d
13:21:36.0 (347317516)|HEAP_ALLOCATE|[136]|Bytes:5
13:21:36.0 (347336313)|VARIABLE_ASSIGNMENT|[136]|sd|null|
13:21:36.0 (347340227)|STATEMENT_EXECUTE|[136]
13:21:36.0 (347342108)|STATEMENT_EXECUTE|[141]
13:21:36.0 (347346095)|HEAP_ALLOCATE|[141]|Bytes:66
13:21:36.0 (347357775)|HEAP_ALLOCATE|[141]|Bytes:4
13:21:36.0 (347387966)|HEAP_ALLOCATE|[141]|Bytes:4
13:21:36.0 (347393746)|HEAP_ALLOCATE|[141]|Bytes:4
13:21:36.0 (347631515)|SOQL_EXECUTE_BEGIN|[141]|Aggregations:0|SELECT Id, Name, Project__c FROM WWW_Detail__c WHERE Id = :tmpVar1
13:21:36.0 (348332474)|SOQL_EXECUTE_END|[141]|Rows:0
13:21:36.0 (348359527)|HEAP_ALLOCATE|[141]|Bytes:4
13:21:36.0 (348369761)|HEAP_ALLOCATE|[141]|Bytes:0
13:21:36.0 (348398074)|HEAP_ALLOCATE|[141]|Bytes:4
13:21:36.0 (348407450)|VARIABLE_SCOPE_BEGIN|[141]|wwwDetails|List<WWW_Detail__c>|true|false
13:21:36.0 (348419996)|VARIABLE_ASSIGNMENT|[141]|wwwDetails|[]|0x3f00eaa5
13:21:36.0 (348478307)|STATEMENT_EXECUTE|[142]
13:21:36.0 (348580225)|HEAP_ALLOCATE|[181]|Bytes:5
13:21:36.0 (348600495)|VARIABLE_ASSIGNMENT|[181]|pr|null|
13:21:36.0 (348605320)|STATEMENT_EXECUTE|[181]
13:21:36.0 (348607537)|STATEMENT_EXECUTE|[194]
13:21:36.0 (348662997)|HEAP_ALLOCATE|[EXTERNAL]|Bytes:4
13:21:36.0 (348678976)|METHOD_EXIT|[148]|01p2400000DUoK9|SubLocationDetailUtil.calculateSublocationsForProject(List<SublocationDetail__c>)
13:21:36.0 (348689297)|METHOD_EXIT|[17]|01p2400000DMxSi|LocationUtil.recalculateLocationsCount(List<Location__c>, Map<Id,Location__c>)
13:21:36.0 (348695946)|STATEMENT_EXECUTE|[19]
13:21:36.0 (348703566)|METHOD_EXIT|[3]|01p2400000DMxSi|LocationUtil.entry(TriggerParams)
13:21:36.348 (348715002)|CUMULATIVE_LIMIT_USAGE
13:21:36.348 (348715002)|LIMIT_USAGE_FOR_NS|(default)|
  Number of SOQL queries: 10 out of 100
  Number of query rows: 5 out of 50000
  Number of SOSL queries: 0 out of 20
  Number of DML statements: 1 out of 150
  Number of DML rows: 1 out of 10000
  Maximum CPU time: 0 out of 10000
  Maximum heap size: 0 out of 6000000
  Number of callouts: 0 out of 100
  Number of Email Invocations: 0 out of 10
  Number of future calls: 0 out of 50
  Number of queueable jobs added to the queue: 0 out of 50
  Number of Mobile Apex push calls: 0 out of 10

13:21:36.348 (348715002)|CUMULATIVE_LIMIT_USAGE_END

13:21:36.0 (349564964)|CODE_UNIT_FINISHED|LocationTrigger on Location trigger event AfterUpdate for [a0B0E0000009WgV]
13:21:36.0 (350755696)|DML_END|[123]
13:21:36.0 (350775137)|HEAP_ALLOCATE|[EXTERNAL]|Bytes:8
13:21:36.0 (350791266)|METHOD_EXIT|[20]|01p2400000DMxSi|LocationUtil.updateParentLocations(List<Location__c>)
13:21:36.0 (350798487)|STATEMENT_EXECUTE|[21]
13:21:36.0 (350804791)|HEAP_ALLOCATE|[21]|Bytes:4
13:21:36.0 (350830847)|VARIABLE_SCOPE_BEGIN|[21]|parentLocationIds|Set<Id>|true|false
13:21:36.0 (350843994)|VARIABLE_ASSIGNMENT|[21]|parentLocationIds|[]|0x49388bf1
13:21:36.0 (350883617)|HEAP_ALLOCATE|[22]|Bytes:5
13:21:36.0 (350898572)|VARIABLE_SCOPE_BEGIN|[22]|loc|Location__c|true|false
13:21:36.0 (351077210)|VARIABLE_ASSIGNMENT|[22]|loc|{"LastModifiedDate":"2017-02-16T12:18:46.000Z","IsDeleted":false,"difference__c":20,"Grond__c":false,"Current_amount__c":20,"Name":"TestLocA","SystemModstamp":"2017-02-16T12:18:46.000Z","OwnerId":"00524000001e3UjAAI","CreatedById":"00524000001e3UjAAI","RecordTypeId":"01224000000B1dGAAS","CreatedDate":"2017-02-01T12:05:54.000Z","Occupied__c":true,"Id":"a0B0E0000009WgaUAE","LastModifiedById":"00524000001e3UjAAI","Parent_Location__c":"a0B0E0000009WgVUAU"}|0x3a76a055
13:21:36.0 (351083651)|STATEMENT_EXECUTE|[22]
13:21:36.0 (351092403)|STATEMENT_EXECUTE|[23]
13:21:36.0 (351094020)|STATEMENT_EXECUTE|[24]
13:21:36.0 (351122271)|HEAP_ALLOCATE|[EXTERNAL]|Bytes:4
13:21:36.0 (351136075)|HEAP_ALLOCATE|[22]|Bytes:5
13:21:36.0 (351146840)|VARIABLE_ASSIGNMENT|[22]|loc|null|
13:21:36.0 (351150405)|STATEMENT_EXECUTE|[27]
13:21:36.0 (351153796)|HEAP_ALLOCATE|[27]|Bytes:12
13:21:36.0 (351157013)|HEAP_ALLOCATE|[27]|Bytes:28
13:21:36.0 (351162058)|HEAP_ALLOCATE|[27]|Bytes:4
13:21:36.0 (351184389)|HEAP_ALLOCATE|[27]|Bytes:4
13:21:36.0 (351190529)|HEAP_ALLOCATE|[27]|Bytes:7
13:21:36.0 (351219387)|HEAP_ALLOCATE|[EXTERNAL]|Bytes:8
13:21:36.0 (351225965)|HEAP_ALLOCATE|[EXTERNAL]|Bytes:8
13:21:36.0 (370159182)|SYSTEM_MODE_EXIT|false
13:21:36.0 (370179566)|METHOD_EXIT|[3]|01p2400000DMxSi|LocationUtil.entry(TriggerParams)
13:21:36.370 (370192957)|CUMULATIVE_LIMIT_USAGE
13:21:36.370 (370192957)|LIMIT_USAGE_FOR_NS|(default)|
  Number of SOQL queries: 10 out of 100
  Number of query rows: 5 out of 50000
  Number of SOSL queries: 0 out of 20
  Number of DML statements: 1 out of 150
  Number of DML rows: 1 out of 10000
  Maximum CPU time: 0 out of 10000
  Maximum heap size: 0 out of 6000000
  Number of callouts: 0 out of 100
  Number of Email Invocations: 0 out of 10
  Number of future calls: 1 out of 50
  Number of queueable jobs added to the queue: 0 out of 50
  Number of Mobile Apex push calls: 0 out of 10

13:21:36.370 (370192957)|CUMULATIVE_LIMIT_USAGE_END

13:21:36.0 (371352774)|CODE_UNIT_FINISHED|LocationTrigger on Location trigger event AfterDelete for [a0B0E0000009Wga]
13:21:36.0 (380321788)|CODE_UNIT_FINISHED|TRIGGERS
13:21:36.0 (380330157)|EXECUTION_FINISHED
