38.0 APEX_CODE,FINEST;APEX_PROFILING,INFO;CALLOUT,INFO;DB,INFO;SYSTEM,DEBUG;VALIDATION,INFO;VISUALFORCE,INFO;WAVE,INFO;WORKFLOW,INFO
12:03:52.0 (301977)|USER_INFO|[EXTERNAL]|00524000001e3Uj|bedrijfsbureau@gsa.nl.sandbox|Midden-Europese standaardtijd|GMT+01:00
12:03:52.0 (328648)|EXECUTION_STARTED
12:03:52.0 (332615)|CODE_UNIT_STARTED|[EXTERNAL]|06624000003h0Dg|VF: /apex/New_delivered_detail
12:03:52.0 (466710)|VF_DESERIALIZE_VIEWSTATE_BEGIN|06624000003h0Dg
12:03:52.0 (4688556)|HEAP_ALLOCATE|[72]|Bytes:3
12:03:52.0 (4724876)|HEAP_ALLOCATE|[77]|Bytes:152
12:03:52.0 (4739192)|HEAP_ALLOCATE|[342]|Bytes:408
12:03:52.0 (4753155)|HEAP_ALLOCATE|[355]|Bytes:408
12:03:52.0 (4765745)|HEAP_ALLOCATE|[467]|Bytes:48
12:03:52.0 (4792200)|HEAP_ALLOCATE|[139]|Bytes:6
12:03:52.0 (4827300)|HEAP_ALLOCATE|[50]|Bytes:5
12:03:52.0 (4845406)|HEAP_ALLOCATE|[56]|Bytes:5
12:03:52.0 (4851476)|HEAP_ALLOCATE|[64]|Bytes:7
12:03:52.0 (8898667)|VF_DESERIALIZE_VIEWSTATE_END
12:03:52.9 (9544148)|SYSTEM_MODE_ENTER|true
12:03:52.9 (9599286)|HEAP_ALLOCATE|[EXTERNAL]|Bytes:38
12:03:52.9 (9605384)|HEAP_ALLOCATE|[EXTERNAL]|Bytes:7
12:03:52.9 (9613810)|SYSTEM_METHOD_ENTRY|[1]|PageMessagesComponentController.PageMessagesComponentController()
12:03:52.9 (9617456)|STATEMENT_EXECUTE|[1]
12:03:52.10 (10324146)|SYSTEM_MODE_ENTER|true
12:03:52.10 (10366541)|HEAP_ALLOCATE|[EXTERNAL]|Bytes:8
12:03:52.10 (10371685)|VARIABLE_SCOPE_BEGIN|[88]|this|ApexPage.PageMessagesComponentController|true|false
12:03:52.10 (10400121)|VARIABLE_ASSIGNMENT|[88]|this|{}|0x19de4606
12:03:52.10 (10402669)|VARIABLE_SCOPE_BEGIN|[88]|escape|Boolean|false|false
12:03:52.10 (10407333)|VARIABLE_ASSIGNMENT|[88]|escape|null
12:03:52.0 (10616617)|SYSTEM_MODE_ENTER|true
12:03:52.0 (10788724)|HEAP_ALLOCATE|[EXTERNAL]|Bytes:11
12:03:52.0 (10795901)|HEAP_ALLOCATE|[EXTERNAL]|Bytes:408
12:03:52.0 (10798862)|HEAP_ALLOCATE|[EXTERNAL]|Bytes:120
12:03:52.0 (10801208)|HEAP_ALLOCATE|[EXTERNAL]|Bytes:108
12:03:52.0 (10807324)|METHOD_ENTRY|[1]|01p2400000DUtXT|NewDeliveredExtension.NewDeliveredExtension()
12:03:52.0 (10809840)|STATEMENT_EXECUTE|[1]
12:03:52.0 (10812658)|STATEMENT_EXECUTE|[1]
12:03:52.0 (10814101)|STATEMENT_EXECUTE|[527]
12:03:52.0 (10817604)|METHOD_EXIT|[1]|NewDeliveredExtension
12:03:52.0 (10821202)|HEAP_ALLOCATE|[EXTERNAL]|Bytes:80
12:03:52.0 (10911024)|VARIABLE_ASSIGNMENT|[EXTERNAL]|this|{"delToHub":true,"delToProj":false,"detail":"0x4bdd5993","invoked":false,"rejected":false,"reserved":false,"selectedTime3":"8:00","sublocations1":"0x37d044af","www":"0xc677c5e","wwwById":"0x5c07204f"}|0x505d6a29
12:03:52.0 (10917385)|STATEMENT_EXECUTE|[196]
12:03:52.0 (10920485)|STATEMENT_EXECUTE|[197]
12:03:52.0 (10922228)|STATEMENT_EXECUTE|[200]
12:03:52.0 (10984150)|SYSTEM_MODE_ENTER|true
12:03:52.0 (11006272)|HEAP_ALLOCATE|[EXTERNAL]|Bytes:80
12:03:52.0 (11047174)|VARIABLE_ASSIGNMENT|[EXTERNAL]|this|{"delToHub":true,"delToProj":false,"detail":"0x4bdd5993","invoked":false,"rejected":false,"reserved":false,"selectedTime3":"8:00","sublocations1":"0x37d044af","www":"0xc677c5e","wwwById":"0x5c07204f"}|0x505d6a29
12:03:52.0 (11053042)|STATEMENT_EXECUTE|[229]
12:03:52.0 (11055340)|STATEMENT_EXECUTE|[230]
12:03:52.0 (11056581)|STATEMENT_EXECUTE|[233]
12:03:52.0 (11144431)|SYSTEM_MODE_ENTER|true
12:03:52.0 (11186797)|HEAP_ALLOCATE|[EXTERNAL]|Bytes:80
12:03:52.0 (11227621)|VARIABLE_ASSIGNMENT|[EXTERNAL]|this|{"delToHub":true,"delToProj":false,"detail":"0x4bdd5993","invoked":false,"rejected":false,"reserved":false,"selectedTime3":"8:00","sublocations1":"0x37d044af","www":"0xc677c5e","wwwById":"0x5c07204f"}|0x505d6a29
12:03:52.0 (11232811)|STATEMENT_EXECUTE|[3]
12:03:52.0 (11235579)|STATEMENT_EXECUTE|[4]
12:03:52.0 (11237009)|STATEMENT_EXECUTE|[9]
12:03:52.0 (37698698)|SYSTEM_MODE_ENTER|true
12:03:52.0 (37742051)|HEAP_ALLOCATE|[EXTERNAL]|Bytes:80
12:03:52.0 (37802102)|VARIABLE_ASSIGNMENT|[EXTERNAL]|this|{"delToHub":true,"delToProj":false,"detail":"0x4bdd5993","invoked":false,"rejected":false,"reserved":false,"selectedTime3":"8:00","sublocations1":"0x37d044af","www":"0xc677c5e","wwwById":"0x5c07204f"}|0x505d6a29
12:03:52.0 (37810649)|STATEMENT_EXECUTE|[186]
12:03:52.0 (37814540)|STATEMENT_EXECUTE|[187]
12:03:52.0 (37815835)|STATEMENT_EXECUTE|[190]
12:03:52.0 (38328109)|SYSTEM_MODE_ENTER|true
12:03:52.0 (38355899)|HEAP_ALLOCATE|[EXTERNAL]|Bytes:80
12:03:52.0 (38401477)|VARIABLE_ASSIGNMENT|[EXTERNAL]|this|{"delToHub":true,"delToProj":false,"detail":"0x4bdd5993","invoked":false,"rejected":false,"reserved":false,"selectedTime3":"8:00","sublocations1":"0x37d044af","www":"0xc677c5e","wwwById":"0x5c07204f"}|0x505d6a29
12:03:52.0 (38407959)|STATEMENT_EXECUTE|[204]
12:03:52.0 (38410939)|STATEMENT_EXECUTE|[205]
12:03:52.0 (38412604)|STATEMENT_EXECUTE|[208]
12:03:52.0 (38464569)|SYSTEM_MODE_ENTER|true
12:03:52.0 (38485232)|HEAP_ALLOCATE|[EXTERNAL]|Bytes:80
12:03:52.0 (38524021)|VARIABLE_ASSIGNMENT|[EXTERNAL]|this|{"delToHub":true,"delToProj":false,"detail":"0x4bdd5993","invoked":false,"rejected":false,"reserved":false,"selectedTime3":"8:00","sublocations1":"0x37d044af","www":"0xc677c5e","wwwById":"0x5c07204f"}|0x505d6a29
12:03:52.0 (38529609)|STATEMENT_EXECUTE|[220]
12:03:52.0 (38532080)|STATEMENT_EXECUTE|[221]
12:03:52.0 (38533086)|STATEMENT_EXECUTE|[224]
12:03:52.0 (38585460)|SYSTEM_MODE_ENTER|true
12:03:52.0 (38604229)|HEAP_ALLOCATE|[EXTERNAL]|Bytes:80
12:03:52.0 (38640537)|VARIABLE_ASSIGNMENT|[EXTERNAL]|this|{"delToHub":true,"delToProj":false,"detail":"0x4bdd5993","invoked":false,"rejected":false,"reserved":false,"selectedTime3":"8:00","sublocations1":"0x37d044af","www":"0xc677c5e","wwwById":"0x5c07204f"}|0x505d6a29
12:03:52.0 (38645443)|STATEMENT_EXECUTE|[212]
12:03:52.0 (38647587)|STATEMENT_EXECUTE|[213]
12:03:52.0 (38649007)|STATEMENT_EXECUTE|[216]
12:03:52.0 (38723113)|SYSTEM_MODE_ENTER|true
12:03:52.0 (38748141)|HEAP_ALLOCATE|[EXTERNAL]|Bytes:80
12:03:52.0 (38786027)|VARIABLE_ASSIGNMENT|[EXTERNAL]|this|{"delToHub":true,"delToProj":false,"detail":"0x4bdd5993","invoked":false,"rejected":false,"reserved":false,"selectedTime3":"8:00","sublocations1":"0x37d044af","www":"0xc677c5e","wwwById":"0x5c07204f"}|0x505d6a29
12:03:52.0 (38791043)|STATEMENT_EXECUTE|[21]
12:03:52.0 (38793367)|STATEMENT_EXECUTE|[22]
12:03:52.0 (38794505)|STATEMENT_EXECUTE|[26]
12:03:52.0 (53148896)|VF_PAGE_MESSAGE|No matches found.
12:03:52.0 (53189374)|VF_PAGE_MESSAGE|WWW: No matches found.
12:03:52.0 (53590421)|SYSTEM_MODE_ENTER|true
12:03:52.0 (53629715)|HEAP_ALLOCATE|[EXTERNAL]|Bytes:80
12:03:52.0 (53636343)|VARIABLE_SCOPE_BEGIN|[48]|this|NewDeliveredExtension|true|false
12:03:52.0 (53683654)|VARIABLE_ASSIGNMENT|[48]|this|{"delToHub":true,"delToProj":false,"detail":"0x4bdd5993","invoked":false,"rejected":false,"reserved":false,"selectedTime3":"8:00","sublocations1":"0x37d044af","www":"0xc677c5e","wwwById":"0x5c07204f"}|0x505d6a29
12:03:52.0 (53692077)|STATEMENT_EXECUTE|[48]
12:03:52.0 (53693583)|STATEMENT_EXECUTE|[49]
12:03:52.0 (53700176)|HEAP_ALLOCATE|[49]|Bytes:4
12:03:52.0 (53736445)|VARIABLE_SCOPE_BEGIN|[49]|options|List<System.SelectOption>|true|false
12:03:52.0 (53771078)|HEAP_ALLOCATE|[EXTERNAL]|Bytes:4
12:03:52.0 (53778826)|VARIABLE_ASSIGNMENT|[49]|options|[]|0x759b4f63
12:03:52.0 (53782426)|STATEMENT_EXECUTE|[50]
12:03:52.0 (53787677)|VARIABLE_SCOPE_BEGIN|[50]|i|Integer|false|false
12:03:52.0 (53791136)|HEAP_ALLOCATE|[50]|Bytes:4
12:03:52.0 (53795879)|VARIABLE_ASSIGNMENT|[50]|i|0
12:03:52.0 (53800580)|STATEMENT_EXECUTE|[50]
12:03:52.0 (53801844)|STATEMENT_EXECUTE|[51]
12:03:52.0 (53803406)|VARIABLE_SCOPE_BEGIN|[51]|j|Integer|false|false
12:03:52.0 (53804989)|HEAP_ALLOCATE|[51]|Bytes:4
12:03:52.0 (53807297)|VARIABLE_ASSIGNMENT|[51]|j|0
12:03:52.0 (53809838)|STATEMENT_EXECUTE|[51]
12:03:52.0 (53811617)|STATEMENT_EXECUTE|[52]
12:03:52.0 (53813045)|STATEMENT_EXECUTE|[53]
12:03:52.0 (53861858)|HEAP_ALLOCATE|[53]|Bytes:1
12:03:52.0 (53872102)|HEAP_ALLOCATE|[53]|Bytes:2
12:03:52.0 (53878915)|HEAP_ALLOCATE|[53]|Bytes:1
12:03:52.0 (53888705)|HEAP_ALLOCATE|[53]|Bytes:4
12:03:52.0 (53893974)|HEAP_ALLOCATE|[53]|Bytes:1
12:03:52.0 (53901386)|HEAP_ALLOCATE|[53]|Bytes:1
12:03:52.0 (53906491)|HEAP_ALLOCATE|[53]|Bytes:4
12:03:52.0 (53939811)|HEAP_ALLOCATE|[EXTERNAL]|Bytes:4
12:03:52.0 (53946855)|HEAP_ALLOCATE|[51]|Bytes:4
12:03:52.0 (53951367)|VARIABLE_ASSIGNMENT|[51]|j|30
12:03:52.0 (53954421)|STATEMENT_EXECUTE|[51]
12:03:52.0 (53956402)|STATEMENT_EXECUTE|[54]
12:03:52.0 (53957330)|STATEMENT_EXECUTE|[55]
12:03:52.0 (53974059)|HEAP_ALLOCATE|[55]|Bytes:1
12:03:52.0 (53980330)|HEAP_ALLOCATE|[55]|Bytes:1
12:03:52.0 (53985720)|HEAP_ALLOCATE|[55]|Bytes:2
12:03:52.0 (53991247)|HEAP_ALLOCATE|[55]|Bytes:4
12:03:52.0 (53996090)|HEAP_ALLOCATE|[55]|Bytes:1
12:03:52.0 (54003334)|HEAP_ALLOCATE|[55]|Bytes:2
12:03:52.0 (54008852)|HEAP_ALLOCATE|[55]|Bytes:4
12:03:52.0 (54020693)|HEAP_ALLOCATE|[EXTERNAL]|Bytes:4
12:03:52.0 (54024946)|HEAP_ALLOCATE|[51]|Bytes:4
12:03:52.0 (54028555)|VARIABLE_ASSIGNMENT|[51]|j|60
12:03:52.0 (54032390)|HEAP_ALLOCATE|[50]|Bytes:4
12:03:52.0 (54035050)|VARIABLE_ASSIGNMENT|[50]|i|1
12:03:52.0 (54037136)|STATEMENT_EXECUTE|[50]
12:03:52.0 (54038409)|STATEMENT_EXECUTE|[51]
12:03:52.0 (54040432)|VARIABLE_SCOPE_BEGIN|[51]|j|Integer|false|false
12:03:52.0 (54042458)|HEAP_ALLOCATE|[51]|Bytes:4
12:03:52.0 (54044626)|VARIABLE_ASSIGNMENT|[51]|j|0
12:03:52.0 (54046034)|STATEMENT_EXECUTE|[51]
12:03:52.0 (54047250)|STATEMENT_EXECUTE|[52]
12:03:52.0 (54048198)|STATEMENT_EXECUTE|[53]
12:03:52.0 (54055316)|HEAP_ALLOCATE|[53]|Bytes:1
12:03:52.0 (54062902)|HEAP_ALLOCATE|[53]|Bytes:1
12:03:52.0 (54067998)|HEAP_ALLOCATE|[53]|Bytes:4
12:03:52.0 (54072498)|HEAP_ALLOCATE|[53]|Bytes:1
12:03:52.0 (54079536)|HEAP_ALLOCATE|[53]|Bytes:1
12:03:52.0 (54084258)|HEAP_ALLOCATE|[53]|Bytes:4
12:03:52.0 (54089925)|HEAP_ALLOCATE|[EXTERNAL]|Bytes:4
12:03:52.0 (54093209)|HEAP_ALLOCATE|[51]|Bytes:4
12:03:52.0 (54096072)|VARIABLE_ASSIGNMENT|[51]|j|30
12:03:52.0 (54097934)|STATEMENT_EXECUTE|[51]
12:03:52.0 (54099333)|STATEMENT_EXECUTE|[54]
12:03:52.0 (54100278)|STATEMENT_EXECUTE|[55]
12:03:52.0 (54105707)|HEAP_ALLOCATE|[55]|Bytes:1
12:03:52.0 (54112925)|HEAP_ALLOCATE|[55]|Bytes:2
12:03:52.0 (54117888)|HEAP_ALLOCATE|[55]|Bytes:4
12:03:52.0 (54122400)|HEAP_ALLOCATE|[55]|Bytes:1
12:03:52.0 (54129554)|HEAP_ALLOCATE|[55]|Bytes:2
12:03:52.0 (54134252)|HEAP_ALLOCATE|[55]|Bytes:4
12:03:52.0 (54138951)|HEAP_ALLOCATE|[EXTERNAL]|Bytes:4
12:03:52.0 (54142095)|HEAP_ALLOCATE|[51]|Bytes:4
12:03:52.0 (54144416)|VARIABLE_ASSIGNMENT|[51]|j|60
12:03:52.0 (54146390)|HEAP_ALLOCATE|[50]|Bytes:4
12:03:52.0 (54148581)|VARIABLE_ASSIGNMENT|[50]|i|2
12:03:52.0 (54150171)|STATEMENT_EXECUTE|[50]
12:03:52.0 (54151328)|STATEMENT_EXECUTE|[51]
12:03:52.0 (54152910)|VARIABLE_SCOPE_BEGIN|[51]|j|Integer|false|false
12:03:52.0 (54154334)|HEAP_ALLOCATE|[51]|Bytes:4
12:03:52.0 (54156480)|VARIABLE_ASSIGNMENT|[51]|j|0
12:03:52.0 (54158055)|STATEMENT_EXECUTE|[51]
12:03:52.0 (54159254)|STATEMENT_EXECUTE|[52]
12:03:52.0 (54160184)|STATEMENT_EXECUTE|[53]
12:03:52.0 (54165593)|HEAP_ALLOCATE|[53]|Bytes:1
12:03:52.0 (54172842)|HEAP_ALLOCATE|[53]|Bytes:1
12:03:52.0 (54177771)|HEAP_ALLOCATE|[53]|Bytes:4
12:03:52.0 (54182348)|HEAP_ALLOCATE|[53]|Bytes:1
12:03:52.0 (54189444)|HEAP_ALLOCATE|[53]|Bytes:1
12:03:52.0 (54193966)|HEAP_ALLOCATE|[53]|Bytes:4
12:03:52.0 (54198407)|HEAP_ALLOCATE|[EXTERNAL]|Bytes:4
12:03:52.0 (54201587)|HEAP_ALLOCATE|[51]|Bytes:4
12:03:52.0 (54204021)|VARIABLE_ASSIGNMENT|[51]|j|30
12:03:52.0 (54205896)|STATEMENT_EXECUTE|[51]
12:03:52.0 (54207189)|STATEMENT_EXECUTE|[54]
12:03:52.0 (54208121)|STATEMENT_EXECUTE|[55]
12:03:52.0 (54213121)|HEAP_ALLOCATE|[55]|Bytes:1
12:03:52.0 (54220240)|HEAP_ALLOCATE|[55]|Bytes:2
12:03:52.0 (54225051)|HEAP_ALLOCATE|[55]|Bytes:4
12:03:52.0 (54257917)|HEAP_ALLOCATE|[55]|Bytes:1
12:03:52.0 (54266219)|HEAP_ALLOCATE|[55]|Bytes:2
12:03:52.0 (54271076)|HEAP_ALLOCATE|[55]|Bytes:4
12:03:52.0 (54276971)|HEAP_ALLOCATE|[EXTERNAL]|Bytes:4
12:03:52.0 (54280463)|HEAP_ALLOCATE|[51]|Bytes:4
12:03:52.0 (54283544)|VARIABLE_ASSIGNMENT|[51]|j|60
12:03:52.0 (54285792)|HEAP_ALLOCATE|[50]|Bytes:4
12:03:52.0 (54288192)|VARIABLE_ASSIGNMENT|[50]|i|3
12:03:52.0 (54289858)|STATEMENT_EXECUTE|[50]
12:03:52.0 (54291153)|STATEMENT_EXECUTE|[51]
12:03:52.0 (54292832)|VARIABLE_SCOPE_BEGIN|[51]|j|Integer|false|false
12:03:52.0 (54294401)|HEAP_ALLOCATE|[51]|Bytes:4
12:03:52.0 (54296537)|VARIABLE_ASSIGNMENT|[51]|j|0
12:03:52.0 (54297921)|STATEMENT_EXECUTE|[51]
12:03:52.0 (54299172)|STATEMENT_EXECUTE|[52]
12:03:52.0 (54300110)|STATEMENT_EXECUTE|[53]
12:03:52.0 (54306200)|HEAP_ALLOCATE|[53]|Bytes:1
12:03:52.0 (54313539)|HEAP_ALLOCATE|[53]|Bytes:1
12:03:52.0 (54318351)|HEAP_ALLOCATE|[53]|Bytes:4
12:03:52.0 (54322916)|HEAP_ALLOCATE|[53]|Bytes:1
12:03:52.0 (54329734)|HEAP_ALLOCATE|[53]|Bytes:1
12:03:52.0 (54334246)|HEAP_ALLOCATE|[53]|Bytes:4
12:03:52.0 (54338727)|HEAP_ALLOCATE|[EXTERNAL]|Bytes:4
12:03:52.0 (54342150)|HEAP_ALLOCATE|[51]|Bytes:4
12:03:52.0 (54344763)|VARIABLE_ASSIGNMENT|[51]|j|30
12:03:52.0 (54346475)|STATEMENT_EXECUTE|[51]
12:03:52.0 (54347847)|STATEMENT_EXECUTE|[54]
12:03:52.0 (54348783)|STATEMENT_EXECUTE|[55]
12:03:52.0 (54353850)|HEAP_ALLOCATE|[55]|Bytes:1
12:03:52.0 (54360958)|HEAP_ALLOCATE|[55]|Bytes:2
12:03:52.0 (54365813)|HEAP_ALLOCATE|[55]|Bytes:4
12:03:52.0 (54370381)|HEAP_ALLOCATE|[55]|Bytes:1
12:03:52.0 (54377197)|HEAP_ALLOCATE|[55]|Bytes:2
12:03:52.0 (54381857)|HEAP_ALLOCATE|[55]|Bytes:4
12:03:52.0 (54386151)|HEAP_ALLOCATE|[EXTERNAL]|Bytes:4
12:03:52.0 (54389153)|HEAP_ALLOCATE|[51]|Bytes:4
12:03:52.0 (54391533)|VARIABLE_ASSIGNMENT|[51]|j|60
12:03:52.0 (54393448)|HEAP_ALLOCATE|[50]|Bytes:4
12:03:52.0 (54395633)|VARIABLE_ASSIGNMENT|[50]|i|4
12:03:52.0 (54397117)|STATEMENT_EXECUTE|[50]
12:03:52.0 (54398246)|STATEMENT_EXECUTE|[51]
12:03:52.0 (54399847)|VARIABLE_SCOPE_BEGIN|[51]|j|Integer|false|false
12:03:52.0 (54401104)|HEAP_ALLOCATE|[51]|Bytes:4
12:03:52.0 (54403262)|VARIABLE_ASSIGNMENT|[51]|j|0
12:03:52.0 (54404830)|STATEMENT_EXECUTE|[51]
12:03:52.0 (54406041)|STATEMENT_EXECUTE|[52]
12:03:52.0 (54407007)|STATEMENT_EXECUTE|[53]
12:03:52.0 (54412037)|HEAP_ALLOCATE|[53]|Bytes:1
12:03:52.0 (54419127)|HEAP_ALLOCATE|[53]|Bytes:1
12:03:52.0 (54423887)|HEAP_ALLOCATE|[53]|Bytes:4
12:03:52.0 (54428347)|HEAP_ALLOCATE|[53]|Bytes:1
12:03:52.0 (54435418)|HEAP_ALLOCATE|[53]|Bytes:1
12:03:52.0 (54439947)|HEAP_ALLOCATE|[53]|Bytes:4
12:03:52.0 (54444211)|HEAP_ALLOCATE|[EXTERNAL]|Bytes:4
12:03:52.0 (54447389)|HEAP_ALLOCATE|[51]|Bytes:4
12:03:52.0 (54449734)|VARIABLE_ASSIGNMENT|[51]|j|30
12:03:52.0 (54451385)|STATEMENT_EXECUTE|[51]
12:03:52.0 (54452668)|STATEMENT_EXECUTE|[54]
12:03:52.0 (54453615)|STATEMENT_EXECUTE|[55]
12:03:52.0 (54458603)|HEAP_ALLOCATE|[55]|Bytes:1
12:03:52.0 (54465663)|HEAP_ALLOCATE|[55]|Bytes:2
12:03:52.0 (54470515)|HEAP_ALLOCATE|[55]|Bytes:4
12:03:52.0 (54474982)|HEAP_ALLOCATE|[55]|Bytes:1
12:03:52.0 (54481943)|HEAP_ALLOCATE|[55]|Bytes:2
12:03:52.0 (54486989)|HEAP_ALLOCATE|[55]|Bytes:4
12:03:52.0 (54491283)|HEAP_ALLOCATE|[EXTERNAL]|Bytes:4
12:03:52.0 (54494523)|HEAP_ALLOCATE|[51]|Bytes:4
12:03:52.0 (54497079)|VARIABLE_ASSIGNMENT|[51]|j|60
12:03:52.0 (54499210)|HEAP_ALLOCATE|[50]|Bytes:4
12:03:52.0 (54501427)|VARIABLE_ASSIGNMENT|[50]|i|5
12:03:52.0 (54502917)|STATEMENT_EXECUTE|[50]
12:03:52.0 (54504126)|STATEMENT_EXECUTE|[51]
12:03:52.0 (54505689)|VARIABLE_SCOPE_BEGIN|[51]|j|Integer|false|false
12:03:52.0 (54506968)|HEAP_ALLOCATE|[51]|Bytes:4
12:03:52.0 (54509151)|VARIABLE_ASSIGNMENT|[51]|j|0
12:03:52.0 (54510556)|STATEMENT_EXECUTE|[51]
12:03:52.0 (54511849)|STATEMENT_EXECUTE|[52]
12:03:52.0 (54512886)|STATEMENT_EXECUTE|[53]
12:03:52.0 (54518061)|HEAP_ALLOCATE|[53]|Bytes:1
12:03:52.0 (54525382)|HEAP_ALLOCATE|[53]|Bytes:1
12:03:52.0 (54530273)|HEAP_ALLOCATE|[53]|Bytes:4
12:03:52.0 (54534944)|HEAP_ALLOCATE|[53]|Bytes:1
12:03:52.0 (54541812)|HEAP_ALLOCATE|[53]|Bytes:1
12:03:52.0 (54546455)|HEAP_ALLOCATE|[53]|Bytes:4
12:03:52.0 (54550758)|HEAP_ALLOCATE|[EXTERNAL]|Bytes:4
12:03:52.0 (54554507)|HEAP_ALLOCATE|[51]|Bytes:4
12:03:52.0 (54557140)|VARIABLE_ASSIGNMENT|[51]|j|30
12:03:52.0 (54558673)|STATEMENT_EXECUTE|[51]
12:03:52.0 (54559962)|STATEMENT_EXECUTE|[54]
12:03:52.0 (54560924)|STATEMENT_EXECUTE|[55]
12:03:52.0 (54565847)|HEAP_ALLOCATE|[55]|Bytes:1
12:03:52.0 (54572954)|HEAP_ALLOCATE|[55]|Bytes:2
12:03:52.0 (54577769)|HEAP_ALLOCATE|[55]|Bytes:4
12:03:52.0 (54582257)|HEAP_ALLOCATE|[55]|Bytes:1
12:03:52.0 (54589189)|HEAP_ALLOCATE|[55]|Bytes:2
12:03:52.0 (54593850)|HEAP_ALLOCATE|[55]|Bytes:4
12:03:52.0 (54598125)|HEAP_ALLOCATE|[EXTERNAL]|Bytes:4
12:03:52.0 (54601157)|HEAP_ALLOCATE|[51]|Bytes:4
12:03:52.0 (54603532)|VARIABLE_ASSIGNMENT|[51]|j|60
12:03:52.0 (54605504)|HEAP_ALLOCATE|[50]|Bytes:4
12:03:52.0 (54607841)|VARIABLE_ASSIGNMENT|[50]|i|6
12:03:52.0 (54609498)|STATEMENT_EXECUTE|[50]
12:03:52.0 (54610651)|STATEMENT_EXECUTE|[51]
12:03:52.0 (54612167)|VARIABLE_SCOPE_BEGIN|[51]|j|Integer|false|false
12:03:52.0 (54613561)|HEAP_ALLOCATE|[51]|Bytes:4
12:03:52.0 (54615638)|VARIABLE_ASSIGNMENT|[51]|j|0
12:03:52.0 (54617014)|STATEMENT_EXECUTE|[51]
12:03:52.0 (54618470)|STATEMENT_EXECUTE|[52]
12:03:52.0 (54619515)|STATEMENT_EXECUTE|[53]
12:03:52.0 (54629046)|HEAP_ALLOCATE|[53]|Bytes:1
12:03:52.0 (54636691)|HEAP_ALLOCATE|[53]|Bytes:1
12:03:52.0 (54641507)|HEAP_ALLOCATE|[53]|Bytes:4
12:03:52.0 (54646003)|HEAP_ALLOCATE|[53]|Bytes:1
12:03:52.0 (54652827)|HEAP_ALLOCATE|[53]|Bytes:1
12:03:52.0 (54657497)|HEAP_ALLOCATE|[53]|Bytes:4
12:03:52.0 (54662218)|HEAP_ALLOCATE|[EXTERNAL]|Bytes:4
12:03:52.0 (54665433)|HEAP_ALLOCATE|[51]|Bytes:4
12:03:52.0 (54668000)|VARIABLE_ASSIGNMENT|[51]|j|30
12:03:52.0 (54669638)|STATEMENT_EXECUTE|[51]
12:03:52.0 (54670949)|STATEMENT_EXECUTE|[54]
12:03:52.0 (54671938)|STATEMENT_EXECUTE|[55]
12:03:52.0 (54677141)|HEAP_ALLOCATE|[55]|Bytes:1
12:03:52.0 (54684093)|HEAP_ALLOCATE|[55]|Bytes:2
12:03:52.0 (54688904)|HEAP_ALLOCATE|[55]|Bytes:4
12:03:52.0 (54693429)|HEAP_ALLOCATE|[55]|Bytes:1
12:03:52.0 (54700276)|HEAP_ALLOCATE|[55]|Bytes:2
12:03:52.0 (54704938)|HEAP_ALLOCATE|[55]|Bytes:4
12:03:52.0 (54709264)|HEAP_ALLOCATE|[EXTERNAL]|Bytes:4
12:03:52.0 (54712752)|HEAP_ALLOCATE|[51]|Bytes:4
12:03:52.0 (54715199)|VARIABLE_ASSIGNMENT|[51]|j|60
12:03:52.0 (54717076)|HEAP_ALLOCATE|[50]|Bytes:4
12:03:52.0 (54719294)|VARIABLE_ASSIGNMENT|[50]|i|7
12:03:52.0 (54720791)|STATEMENT_EXECUTE|[50]
12:03:52.0 (54721923)|STATEMENT_EXECUTE|[51]
12:03:52.0 (54723444)|VARIABLE_SCOPE_BEGIN|[51]|j|Integer|false|false
12:03:52.0 (54724815)|HEAP_ALLOCATE|[51]|Bytes:4
12:03:52.0 (54726958)|VARIABLE_ASSIGNMENT|[51]|j|0
12:03:52.0 (54728362)|STATEMENT_EXECUTE|[51]
12:03:52.0 (54729560)|STATEMENT_EXECUTE|[52]
12:03:52.0 (54730505)|STATEMENT_EXECUTE|[53]
12:03:52.0 (54735692)|HEAP_ALLOCATE|[53]|Bytes:1
12:03:52.0 (54742879)|HEAP_ALLOCATE|[53]|Bytes:1
12:03:52.0 (54747705)|HEAP_ALLOCATE|[53]|Bytes:4
12:03:52.0 (54752170)|HEAP_ALLOCATE|[53]|Bytes:1
12:03:52.0 (54759023)|HEAP_ALLOCATE|[53]|Bytes:1
12:03:52.0 (54763825)|HEAP_ALLOCATE|[53]|Bytes:4
12:03:52.0 (54768248)|HEAP_ALLOCATE|[EXTERNAL]|Bytes:4
12:03:52.0 (54771400)|HEAP_ALLOCATE|[51]|Bytes:4
12:03:52.0 (54774162)|VARIABLE_ASSIGNMENT|[51]|j|30
12:03:52.0 (54775705)|STATEMENT_EXECUTE|[51]
12:03:52.0 (54776945)|STATEMENT_EXECUTE|[54]
12:03:52.0 (54777873)|STATEMENT_EXECUTE|[55]
12:03:52.0 (54782777)|HEAP_ALLOCATE|[55]|Bytes:1
12:03:52.0 (54789759)|HEAP_ALLOCATE|[55]|Bytes:2
12:03:52.0 (54794600)|HEAP_ALLOCATE|[55]|Bytes:4
12:03:52.0 (54799108)|HEAP_ALLOCATE|[55]|Bytes:1
12:03:52.0 (54805908)|HEAP_ALLOCATE|[55]|Bytes:2
12:03:52.0 (54810581)|HEAP_ALLOCATE|[55]|Bytes:4
12:03:52.0 (54814996)|HEAP_ALLOCATE|[EXTERNAL]|Bytes:4
12:03:52.0 (54818230)|HEAP_ALLOCATE|[51]|Bytes:4
12:03:52.0 (54820661)|VARIABLE_ASSIGNMENT|[51]|j|60
12:03:52.0 (54822559)|HEAP_ALLOCATE|[50]|Bytes:4
12:03:52.0 (54824660)|VARIABLE_ASSIGNMENT|[50]|i|8
12:03:52.0 (54826119)|STATEMENT_EXECUTE|[50]
12:03:52.0 (54827230)|STATEMENT_EXECUTE|[51]
12:03:52.0 (54828761)|VARIABLE_SCOPE_BEGIN|[51]|j|Integer|false|false
12:03:52.0 (54830080)|HEAP_ALLOCATE|[51]|Bytes:4
12:03:52.0 (54832205)|VARIABLE_ASSIGNMENT|[51]|j|0
12:03:52.0 (54833600)|STATEMENT_EXECUTE|[51]
12:03:52.0 (54835087)|STATEMENT_EXECUTE|[52]
12:03:52.0 (54836102)|STATEMENT_EXECUTE|[53]
12:03:52.0 (54841068)|HEAP_ALLOCATE|[53]|Bytes:1
12:03:52.0 (54848255)|HEAP_ALLOCATE|[53]|Bytes:1
12:03:52.0 (54853111)|HEAP_ALLOCATE|[53]|Bytes:4
12:03:52.0 (54857576)|HEAP_ALLOCATE|[53]|Bytes:1
12:03:52.0 (54864425)|HEAP_ALLOCATE|[53]|Bytes:1
12:03:52.0 (54869211)|HEAP_ALLOCATE|[53]|Bytes:4
12:03:52.0 (54873623)|HEAP_ALLOCATE|[EXTERNAL]|Bytes:4
12:03:52.0 (54876829)|HEAP_ALLOCATE|[51]|Bytes:4
12:03:52.0 (54879191)|VARIABLE_ASSIGNMENT|[51]|j|30
12:03:52.0 (54880732)|STATEMENT_EXECUTE|[51]
12:03:52.0 (54882056)|STATEMENT_EXECUTE|[54]
12:03:52.0 (54883099)|STATEMENT_EXECUTE|[55]
12:03:52.0 (54888006)|HEAP_ALLOCATE|[55]|Bytes:1
12:03:52.0 (54895059)|HEAP_ALLOCATE|[55]|Bytes:2
12:03:52.0 (54899906)|HEAP_ALLOCATE|[55]|Bytes:4
12:03:52.0 (54904446)|HEAP_ALLOCATE|[55]|Bytes:1
12:03:52.0 (54911407)|HEAP_ALLOCATE|[55]|Bytes:2
12:03:52.0 (54916006)|HEAP_ALLOCATE|[55]|Bytes:4
12:03:52.0 (54920345)|HEAP_ALLOCATE|[EXTERNAL]|Bytes:4
12:03:52.0 (54923789)|HEAP_ALLOCATE|[51]|Bytes:4
12:03:52.0 (54926034)|VARIABLE_ASSIGNMENT|[51]|j|60
12:03:52.0 (54927955)|HEAP_ALLOCATE|[50]|Bytes:4
12:03:52.0 (54930096)|VARIABLE_ASSIGNMENT|[50]|i|9
12:03:52.0 (54931626)|STATEMENT_EXECUTE|[50]
12:03:52.0 (54932758)|STATEMENT_EXECUTE|[51]
12:03:52.0 (54934282)|VARIABLE_SCOPE_BEGIN|[51]|j|Integer|false|false
12:03:52.0 (54935568)|HEAP_ALLOCATE|[51]|Bytes:4
12:03:52.0 (54937706)|VARIABLE_ASSIGNMENT|[51]|j|0
12:03:52.0 (54939168)|STATEMENT_EXECUTE|[51]
12:03:52.0 (54940349)|STATEMENT_EXECUTE|[52]
12:03:52.0 (54941292)|STATEMENT_EXECUTE|[53]
12:03:52.0 (54946491)|HEAP_ALLOCATE|[53]|Bytes:1
12:03:52.0 (54953622)|HEAP_ALLOCATE|[53]|Bytes:1
12:03:52.0 (54958304)|HEAP_ALLOCATE|[53]|Bytes:4
12:03:52.0 (54962787)|HEAP_ALLOCATE|[53]|Bytes:1
12:03:52.0 (54969606)|HEAP_ALLOCATE|[53]|Bytes:1
12:03:52.0 (54974501)|HEAP_ALLOCATE|[53]|Bytes:4
12:03:52.0 (54978739)|HEAP_ALLOCATE|[EXTERNAL]|Bytes:4
12:03:52.0 (54981792)|HEAP_ALLOCATE|[51]|Bytes:4
12:03:52.0 (54984137)|VARIABLE_ASSIGNMENT|[51]|j|30
12:03:52.0 (54985902)|STATEMENT_EXECUTE|[51]
12:03:52.0 (54987158)|STATEMENT_EXECUTE|[54]
12:03:52.0 (54988091)|STATEMENT_EXECUTE|[55]
12:03:52.0 (54992984)|HEAP_ALLOCATE|[55]|Bytes:1
12:03:52.0 (55000021)|HEAP_ALLOCATE|[55]|Bytes:2
12:03:52.0 (55005204)|HEAP_ALLOCATE|[55]|Bytes:4
12:03:52.0 (55009702)|HEAP_ALLOCATE|[55]|Bytes:1
12:03:52.0 (55016528)|HEAP_ALLOCATE|[55]|Bytes:2
12:03:52.0 (55021179)|HEAP_ALLOCATE|[55]|Bytes:4
12:03:52.0 (55025413)|HEAP_ALLOCATE|[EXTERNAL]|Bytes:4
12:03:52.0 (55028557)|HEAP_ALLOCATE|[51]|Bytes:4
12:03:52.0 (55031058)|VARIABLE_ASSIGNMENT|[51]|j|60
12:03:52.0 (55032974)|HEAP_ALLOCATE|[50]|Bytes:4
12:03:52.0 (55035054)|VARIABLE_ASSIGNMENT|[50]|i|10
12:03:52.0 (55036518)|STATEMENT_EXECUTE|[50]
12:03:52.0 (55037607)|STATEMENT_EXECUTE|[51]
12:03:52.0 (55039109)|VARIABLE_SCOPE_BEGIN|[51]|j|Integer|false|false
12:03:52.0 (55040439)|HEAP_ALLOCATE|[51]|Bytes:4
12:03:52.0 (55042590)|VARIABLE_ASSIGNMENT|[51]|j|0
12:03:52.0 (55044069)|STATEMENT_EXECUTE|[51]
12:03:52.0 (55045418)|STATEMENT_EXECUTE|[52]
12:03:52.0 (55046366)|STATEMENT_EXECUTE|[53]
12:03:52.0 (55051394)|HEAP_ALLOCATE|[53]|Bytes:2
12:03:52.0 (55058526)|HEAP_ALLOCATE|[53]|Bytes:1
12:03:52.0 (55063252)|HEAP_ALLOCATE|[53]|Bytes:5
12:03:52.0 (55067733)|HEAP_ALLOCATE|[53]|Bytes:2
12:03:52.0 (55074545)|HEAP_ALLOCATE|[53]|Bytes:1
12:03:52.0 (55079303)|HEAP_ALLOCATE|[53]|Bytes:5
12:03:52.0 (55083593)|HEAP_ALLOCATE|[EXTERNAL]|Bytes:4
12:03:52.0 (55086656)|HEAP_ALLOCATE|[51]|Bytes:4
12:03:52.0 (55089044)|VARIABLE_ASSIGNMENT|[51]|j|30
12:03:52.0 (55090587)|STATEMENT_EXECUTE|[51]
12:03:52.0 (55091851)|STATEMENT_EXECUTE|[54]
12:03:52.0 (55092833)|STATEMENT_EXECUTE|[55]
12:03:52.0 (55097770)|HEAP_ALLOCATE|[55]|Bytes:2
12:03:52.0 (55104800)|HEAP_ALLOCATE|[55]|Bytes:2
12:03:52.0 (55109706)|HEAP_ALLOCATE|[55]|Bytes:5
12:03:52.0 (55114667)|HEAP_ALLOCATE|[55]|Bytes:2
12:03:52.0 (55121506)|HEAP_ALLOCATE|[55]|Bytes:2
12:03:52.0 (55126123)|HEAP_ALLOCATE|[55]|Bytes:5
12:03:52.0 (55130332)|HEAP_ALLOCATE|[EXTERNAL]|Bytes:4
12:03:52.0 (55133776)|HEAP_ALLOCATE|[51]|Bytes:4
12:03:52.0 (55136178)|VARIABLE_ASSIGNMENT|[51]|j|60
12:03:52.0 (55138112)|HEAP_ALLOCATE|[50]|Bytes:4
12:03:52.0 (55140261)|VARIABLE_ASSIGNMENT|[50]|i|11
12:03:52.0 (55141699)|STATEMENT_EXECUTE|[50]
12:03:52.0 (55142785)|STATEMENT_EXECUTE|[51]
12:03:52.0 (55144282)|VARIABLE_SCOPE_BEGIN|[51]|j|Integer|false|false
12:03:52.0 (55145861)|HEAP_ALLOCATE|[51]|Bytes:4
12:03:52.0 (55148031)|VARIABLE_ASSIGNMENT|[51]|j|0
12:03:52.0 (55149430)|STATEMENT_EXECUTE|[51]
12:03:52.0 (55150618)|STATEMENT_EXECUTE|[52]
12:03:52.0 (55151566)|STATEMENT_EXECUTE|[53]
12:03:52.0 (55156643)|HEAP_ALLOCATE|[53]|Bytes:2
12:03:52.0 (55163895)|HEAP_ALLOCATE|[53]|Bytes:1
12:03:52.0 (55168627)|HEAP_ALLOCATE|[53]|Bytes:5
12:03:52.0 (55173076)|HEAP_ALLOCATE|[53]|Bytes:2
12:03:52.0 (55179968)|HEAP_ALLOCATE|[53]|Bytes:1
12:03:52.0 (55184686)|HEAP_ALLOCATE|[53]|Bytes:5
12:03:52.0 (55189144)|HEAP_ALLOCATE|[EXTERNAL]|Bytes:4
12:03:52.0 (55192428)|HEAP_ALLOCATE|[51]|Bytes:4
12:03:52.0 (55194763)|VARIABLE_ASSIGNMENT|[51]|j|30
12:03:52.0 (55196589)|STATEMENT_EXECUTE|[51]
12:03:52.0 (55197880)|STATEMENT_EXECUTE|[54]
12:03:52.0 (55198805)|STATEMENT_EXECUTE|[55]
12:03:52.0 (55203708)|HEAP_ALLOCATE|[55]|Bytes:2
12:03:52.0 (55210827)|HEAP_ALLOCATE|[55]|Bytes:2
12:03:52.0 (55215634)|HEAP_ALLOCATE|[55]|Bytes:5
12:03:52.0 (55220159)|HEAP_ALLOCATE|[55]|Bytes:2
12:03:52.0 (55226941)|HEAP_ALLOCATE|[55]|Bytes:2
12:03:52.0 (55231600)|HEAP_ALLOCATE|[55]|Bytes:5
12:03:52.0 (55235977)|HEAP_ALLOCATE|[EXTERNAL]|Bytes:4
12:03:52.0 (55239413)|HEAP_ALLOCATE|[51]|Bytes:4
12:03:52.0 (55241720)|VARIABLE_ASSIGNMENT|[51]|j|60
12:03:52.0 (55243523)|HEAP_ALLOCATE|[50]|Bytes:4
12:03:52.0 (55245639)|VARIABLE_ASSIGNMENT|[50]|i|12
12:03:52.0 (55247131)|STATEMENT_EXECUTE|[50]
12:03:52.0 (55248280)|STATEMENT_EXECUTE|[51]
12:03:52.0 (55249808)|VARIABLE_SCOPE_BEGIN|[51]|j|Integer|false|false
12:03:52.0 (55251071)|HEAP_ALLOCATE|[51]|Bytes:4
12:03:52.0 (55253154)|VARIABLE_ASSIGNMENT|[51]|j|0
12:03:52.0 (55254647)|STATEMENT_EXECUTE|[51]
12:03:52.0 (55255989)|STATEMENT_EXECUTE|[52]
12:03:52.0 (55256959)|STATEMENT_EXECUTE|[53]
12:03:52.0 (55261914)|HEAP_ALLOCATE|[53]|Bytes:2
12:03:52.0 (55269109)|HEAP_ALLOCATE|[53]|Bytes:1
12:03:52.0 (55273909)|HEAP_ALLOCATE|[53]|Bytes:5
12:03:52.0 (55278360)|HEAP_ALLOCATE|[53]|Bytes:2
12:03:52.0 (55285452)|HEAP_ALLOCATE|[53]|Bytes:1
12:03:52.0 (55290236)|HEAP_ALLOCATE|[53]|Bytes:5
12:03:52.0 (55294613)|HEAP_ALLOCATE|[EXTERNAL]|Bytes:4
12:03:52.0 (55297689)|HEAP_ALLOCATE|[51]|Bytes:4
12:03:52.0 (55300011)|VARIABLE_ASSIGNMENT|[51]|j|30
12:03:52.0 (55301555)|STATEMENT_EXECUTE|[51]
12:03:52.0 (55302827)|STATEMENT_EXECUTE|[54]
12:03:52.0 (55303756)|STATEMENT_EXECUTE|[55]
12:03:52.0 (55308718)|HEAP_ALLOCATE|[55]|Bytes:2
12:03:52.0 (55315721)|HEAP_ALLOCATE|[55]|Bytes:2
12:03:52.0 (55320503)|HEAP_ALLOCATE|[55]|Bytes:5
12:03:52.0 (55325191)|HEAP_ALLOCATE|[55]|Bytes:2
12:03:52.0 (55332009)|HEAP_ALLOCATE|[55]|Bytes:2
12:03:52.0 (55336633)|HEAP_ALLOCATE|[55]|Bytes:5
12:03:52.0 (55341009)|HEAP_ALLOCATE|[EXTERNAL]|Bytes:4
12:03:52.0 (55344320)|HEAP_ALLOCATE|[51]|Bytes:4
12:03:52.0 (55346686)|VARIABLE_ASSIGNMENT|[51]|j|60
12:03:52.0 (55348526)|HEAP_ALLOCATE|[50]|Bytes:4
12:03:52.0 (55350697)|VARIABLE_ASSIGNMENT|[50]|i|13
12:03:52.0 (55352139)|STATEMENT_EXECUTE|[50]
12:03:52.0 (55353271)|STATEMENT_EXECUTE|[51]
12:03:52.0 (55354784)|VARIABLE_SCOPE_BEGIN|[51]|j|Integer|false|false
12:03:52.0 (55356050)|HEAP_ALLOCATE|[51]|Bytes:4
12:03:52.0 (55358170)|VARIABLE_ASSIGNMENT|[51]|j|0
12:03:52.0 (55359590)|STATEMENT_EXECUTE|[51]
12:03:52.0 (55360783)|STATEMENT_EXECUTE|[52]
12:03:52.0 (55361719)|STATEMENT_EXECUTE|[53]
12:03:52.0 (55366800)|HEAP_ALLOCATE|[53]|Bytes:2
12:03:52.0 (55373991)|HEAP_ALLOCATE|[53]|Bytes:1
12:03:52.0 (55378835)|HEAP_ALLOCATE|[53]|Bytes:5
12:03:52.0 (55383344)|HEAP_ALLOCATE|[53]|Bytes:2
12:03:52.0 (55390296)|HEAP_ALLOCATE|[53]|Bytes:1
12:03:52.0 (55394932)|HEAP_ALLOCATE|[53]|Bytes:5
12:03:52.0 (55399261)|HEAP_ALLOCATE|[EXTERNAL]|Bytes:4
12:03:52.0 (55402396)|HEAP_ALLOCATE|[51]|Bytes:4
12:03:52.0 (55404789)|VARIABLE_ASSIGNMENT|[51]|j|30
12:03:52.0 (55406561)|STATEMENT_EXECUTE|[51]
12:03:52.0 (55407883)|STATEMENT_EXECUTE|[54]
12:03:52.0 (55408895)|STATEMENT_EXECUTE|[55]
12:03:52.0 (55413798)|HEAP_ALLOCATE|[55]|Bytes:2
12:03:52.0 (55420893)|HEAP_ALLOCATE|[55]|Bytes:2
12:03:52.0 (55425675)|HEAP_ALLOCATE|[55]|Bytes:5
12:03:52.0 (55430160)|HEAP_ALLOCATE|[55]|Bytes:2
12:03:52.0 (55436992)|HEAP_ALLOCATE|[55]|Bytes:2
12:03:52.0 (55441553)|HEAP_ALLOCATE|[55]|Bytes:5
12:03:52.0 (55445870)|HEAP_ALLOCATE|[EXTERNAL]|Bytes:4
12:03:52.0 (55448854)|HEAP_ALLOCATE|[51]|Bytes:4
12:03:52.0 (55451155)|VARIABLE_ASSIGNMENT|[51]|j|60
12:03:52.0 (55453030)|HEAP_ALLOCATE|[50]|Bytes:4
12:03:52.0 (55455257)|VARIABLE_ASSIGNMENT|[50]|i|14
12:03:52.0 (55456713)|STATEMENT_EXECUTE|[50]
12:03:52.0 (55457829)|STATEMENT_EXECUTE|[51]
12:03:52.0 (55459387)|VARIABLE_SCOPE_BEGIN|[51]|j|Integer|false|false
12:03:52.0 (55460639)|HEAP_ALLOCATE|[51]|Bytes:4
12:03:52.0 (55462737)|VARIABLE_ASSIGNMENT|[51]|j|0
12:03:52.0 (55464129)|STATEMENT_EXECUTE|[51]
12:03:52.0 (55465315)|STATEMENT_EXECUTE|[52]
12:03:52.0 (55466484)|STATEMENT_EXECUTE|[53]
12:03:52.0 (55471657)|HEAP_ALLOCATE|[53]|Bytes:2
12:03:52.0 (55478886)|HEAP_ALLOCATE|[53]|Bytes:1
12:03:52.0 (55483677)|HEAP_ALLOCATE|[53]|Bytes:5
12:03:52.0 (55488205)|HEAP_ALLOCATE|[53]|Bytes:2
12:03:52.0 (55495235)|HEAP_ALLOCATE|[53]|Bytes:1
12:03:52.0 (55499962)|HEAP_ALLOCATE|[53]|Bytes:5
12:03:52.0 (55504311)|HEAP_ALLOCATE|[EXTERNAL]|Bytes:4
12:03:52.0 (55507373)|HEAP_ALLOCATE|[51]|Bytes:4
12:03:52.0 (55509748)|VARIABLE_ASSIGNMENT|[51]|j|30
12:03:52.0 (55511248)|STATEMENT_EXECUTE|[51]
12:03:52.0 (55512531)|STATEMENT_EXECUTE|[54]
12:03:52.0 (55513481)|STATEMENT_EXECUTE|[55]
12:03:52.0 (55518423)|HEAP_ALLOCATE|[55]|Bytes:2
12:03:52.0 (55525545)|HEAP_ALLOCATE|[55]|Bytes:2
12:03:52.0 (55530373)|HEAP_ALLOCATE|[55]|Bytes:5
12:03:52.0 (55534845)|HEAP_ALLOCATE|[55]|Bytes:2
12:03:52.0 (55541639)|HEAP_ALLOCATE|[55]|Bytes:2
12:03:52.0 (55546239)|HEAP_ALLOCATE|[55]|Bytes:5
12:03:52.0 (55550483)|HEAP_ALLOCATE|[EXTERNAL]|Bytes:4
12:03:52.0 (55553637)|HEAP_ALLOCATE|[51]|Bytes:4
12:03:52.0 (55556287)|VARIABLE_ASSIGNMENT|[51]|j|60
12:03:52.0 (55558170)|HEAP_ALLOCATE|[50]|Bytes:4
12:03:52.0 (55560344)|VARIABLE_ASSIGNMENT|[50]|i|15
12:03:52.0 (55561867)|STATEMENT_EXECUTE|[50]
12:03:52.0 (55562975)|STATEMENT_EXECUTE|[51]
12:03:52.0 (55564494)|VARIABLE_SCOPE_BEGIN|[51]|j|Integer|false|false
12:03:52.0 (55565866)|HEAP_ALLOCATE|[51]|Bytes:4
12:03:52.0 (55568003)|VARIABLE_ASSIGNMENT|[51]|j|0
12:03:52.0 (55569463)|STATEMENT_EXECUTE|[51]
12:03:52.0 (55570647)|STATEMENT_EXECUTE|[52]
12:03:52.0 (55571595)|STATEMENT_EXECUTE|[53]
12:03:52.0 (55576689)|HEAP_ALLOCATE|[53]|Bytes:2
12:03:52.0 (55584062)|HEAP_ALLOCATE|[53]|Bytes:1
12:03:52.0 (55588916)|HEAP_ALLOCATE|[53]|Bytes:5
12:03:52.0 (55593446)|HEAP_ALLOCATE|[53]|Bytes:2
12:03:52.0 (55600337)|HEAP_ALLOCATE|[53]|Bytes:1
12:03:52.0 (55605042)|HEAP_ALLOCATE|[53]|Bytes:5
12:03:52.0 (55609462)|HEAP_ALLOCATE|[EXTERNAL]|Bytes:4
12:03:52.0 (55612623)|HEAP_ALLOCATE|[51]|Bytes:4
12:03:52.0 (55615052)|VARIABLE_ASSIGNMENT|[51]|j|30
12:03:52.0 (55616956)|STATEMENT_EXECUTE|[51]
12:03:52.0 (55618347)|STATEMENT_EXECUTE|[54]
12:03:52.0 (55619281)|STATEMENT_EXECUTE|[55]
12:03:52.0 (55627768)|HEAP_ALLOCATE|[55]|Bytes:2
12:03:52.0 (55635114)|HEAP_ALLOCATE|[55]|Bytes:2
12:03:52.0 (55640007)|HEAP_ALLOCATE|[55]|Bytes:5
12:03:52.0 (55644603)|HEAP_ALLOCATE|[55]|Bytes:2
12:03:52.0 (55651755)|HEAP_ALLOCATE|[55]|Bytes:2
12:03:52.0 (55656426)|HEAP_ALLOCATE|[55]|Bytes:5
12:03:52.0 (55661079)|HEAP_ALLOCATE|[EXTERNAL]|Bytes:4
12:03:52.0 (55664100)|HEAP_ALLOCATE|[51]|Bytes:4
12:03:52.0 (55666519)|VARIABLE_ASSIGNMENT|[51]|j|60
12:03:52.0 (55668481)|HEAP_ALLOCATE|[50]|Bytes:4
12:03:52.0 (55670716)|VARIABLE_ASSIGNMENT|[50]|i|16
12:03:52.0 (55672231)|STATEMENT_EXECUTE|[50]
12:03:52.0 (55673381)|STATEMENT_EXECUTE|[51]
12:03:52.0 (55674982)|VARIABLE_SCOPE_BEGIN|[51]|j|Integer|false|false
12:03:52.0 (55676696)|HEAP_ALLOCATE|[51]|Bytes:4
12:03:52.0 (55678818)|VARIABLE_ASSIGNMENT|[51]|j|0
12:03:52.0 (55680241)|STATEMENT_EXECUTE|[51]
12:03:52.0 (55681455)|STATEMENT_EXECUTE|[52]
12:03:52.0 (55682724)|STATEMENT_EXECUTE|[53]
12:03:52.0 (55687897)|HEAP_ALLOCATE|[53]|Bytes:2
12:03:52.0 (55695223)|HEAP_ALLOCATE|[53]|Bytes:1
12:03:52.0 (55702953)|HEAP_ALLOCATE|[53]|Bytes:5
12:03:52.0 (55707492)|HEAP_ALLOCATE|[53]|Bytes:2
12:03:52.0 (55714640)|HEAP_ALLOCATE|[53]|Bytes:1
12:03:52.0 (55719165)|HEAP_ALLOCATE|[53]|Bytes:5
12:03:52.0 (55723490)|HEAP_ALLOCATE|[EXTERNAL]|Bytes:4
12:03:52.0 (55726667)|HEAP_ALLOCATE|[51]|Bytes:4
12:03:52.0 (55729097)|VARIABLE_ASSIGNMENT|[51]|j|30
12:03:52.0 (55730708)|STATEMENT_EXECUTE|[51]
12:03:52.0 (55732031)|STATEMENT_EXECUTE|[54]
12:03:52.0 (55732963)|STATEMENT_EXECUTE|[55]
12:03:52.0 (55738099)|HEAP_ALLOCATE|[55]|Bytes:2
12:03:52.0 (55745103)|HEAP_ALLOCATE|[55]|Bytes:2
12:03:52.0 (55749909)|HEAP_ALLOCATE|[55]|Bytes:5
12:03:52.0 (55754491)|HEAP_ALLOCATE|[55]|Bytes:2
12:03:52.0 (55761399)|HEAP_ALLOCATE|[55]|Bytes:2
12:03:52.0 (55766142)|HEAP_ALLOCATE|[55]|Bytes:5
12:03:52.0 (55770308)|HEAP_ALLOCATE|[EXTERNAL]|Bytes:4
12:03:52.0 (55773412)|HEAP_ALLOCATE|[51]|Bytes:4
12:03:52.0 (55776130)|VARIABLE_ASSIGNMENT|[51]|j|60
12:03:52.0 (55777992)|HEAP_ALLOCATE|[50]|Bytes:4
12:03:52.0 (55780124)|VARIABLE_ASSIGNMENT|[50]|i|17
12:03:52.0 (55781580)|STATEMENT_EXECUTE|[50]
12:03:52.0 (55782751)|STATEMENT_EXECUTE|[51]
12:03:52.0 (55784319)|VARIABLE_SCOPE_BEGIN|[51]|j|Integer|false|false
12:03:52.0 (55785622)|HEAP_ALLOCATE|[51]|Bytes:4
12:03:52.0 (55787770)|VARIABLE_ASSIGNMENT|[51]|j|0
12:03:52.0 (55789221)|STATEMENT_EXECUTE|[51]
12:03:52.0 (55790414)|STATEMENT_EXECUTE|[52]
12:03:52.0 (55791353)|STATEMENT_EXECUTE|[53]
12:03:52.0 (55796427)|HEAP_ALLOCATE|[53]|Bytes:2
12:03:52.0 (55803765)|HEAP_ALLOCATE|[53]|Bytes:1
12:03:52.0 (55808502)|HEAP_ALLOCATE|[53]|Bytes:5
12:03:52.0 (55813018)|HEAP_ALLOCATE|[53]|Bytes:2
12:03:52.0 (55819963)|HEAP_ALLOCATE|[53]|Bytes:1
12:03:52.0 (55824550)|HEAP_ALLOCATE|[53]|Bytes:5
12:03:52.0 (55828879)|HEAP_ALLOCATE|[EXTERNAL]|Bytes:4
12:03:52.0 (55831981)|HEAP_ALLOCATE|[51]|Bytes:4
12:03:52.0 (55834349)|VARIABLE_ASSIGNMENT|[51]|j|30
12:03:52.0 (55836125)|STATEMENT_EXECUTE|[51]
12:03:52.0 (55837477)|STATEMENT_EXECUTE|[54]
12:03:52.0 (55838406)|STATEMENT_EXECUTE|[55]
12:03:52.0 (55843454)|HEAP_ALLOCATE|[55]|Bytes:2
12:03:52.0 (55850532)|HEAP_ALLOCATE|[55]|Bytes:2
12:03:52.0 (55855368)|HEAP_ALLOCATE|[55]|Bytes:5
12:03:52.0 (55859897)|HEAP_ALLOCATE|[55]|Bytes:2
12:03:52.0 (55866763)|HEAP_ALLOCATE|[55]|Bytes:2
12:03:52.0 (55871472)|HEAP_ALLOCATE|[55]|Bytes:5
12:03:52.0 (55875708)|HEAP_ALLOCATE|[EXTERNAL]|Bytes:4
12:03:52.0 (55878675)|HEAP_ALLOCATE|[51]|Bytes:4
12:03:52.0 (55880973)|VARIABLE_ASSIGNMENT|[51]|j|60
12:03:52.0 (55882879)|HEAP_ALLOCATE|[50]|Bytes:4
12:03:52.0 (55885010)|VARIABLE_ASSIGNMENT|[50]|i|18
12:03:52.0 (55886488)|STATEMENT_EXECUTE|[50]
12:03:52.0 (55887627)|STATEMENT_EXECUTE|[51]
12:03:52.0 (55889170)|VARIABLE_SCOPE_BEGIN|[51]|j|Integer|false|false
12:03:52.0 (55890408)|HEAP_ALLOCATE|[51]|Bytes:4
12:03:52.0 (55892578)|VARIABLE_ASSIGNMENT|[51]|j|0
12:03:52.0 (55893997)|STATEMENT_EXECUTE|[51]
12:03:52.0 (55895208)|STATEMENT_EXECUTE|[52]
12:03:52.0 (55896262)|STATEMENT_EXECUTE|[53]
12:03:52.0 (55901207)|HEAP_ALLOCATE|[53]|Bytes:2
12:03:52.0 (55908454)|HEAP_ALLOCATE|[53]|Bytes:1
12:03:52.0 (55913142)|HEAP_ALLOCATE|[53]|Bytes:5
12:03:52.0 (55917646)|HEAP_ALLOCATE|[53]|Bytes:2
12:03:52.0 (55924572)|HEAP_ALLOCATE|[53]|Bytes:1
12:03:52.0 (55929200)|HEAP_ALLOCATE|[53]|Bytes:5
12:03:52.0 (55933465)|HEAP_ALLOCATE|[EXTERNAL]|Bytes:4
12:03:52.0 (55936768)|HEAP_ALLOCATE|[51]|Bytes:4
12:03:52.0 (55939163)|VARIABLE_ASSIGNMENT|[51]|j|30
12:03:52.0 (55940745)|STATEMENT_EXECUTE|[51]
12:03:52.0 (55942145)|STATEMENT_EXECUTE|[54]
12:03:52.0 (55943213)|STATEMENT_EXECUTE|[55]
12:03:52.0 (55948184)|HEAP_ALLOCATE|[55]|Bytes:2
12:03:52.0 (55955238)|HEAP_ALLOCATE|[55]|Bytes:2
12:03:52.0 (55959993)|HEAP_ALLOCATE|[55]|Bytes:5
12:03:52.0 (55964536)|HEAP_ALLOCATE|[55]|Bytes:2
12:03:52.0 (55971529)|HEAP_ALLOCATE|[55]|Bytes:2
12:03:52.0 (55976214)|HEAP_ALLOCATE|[55]|Bytes:5
12:03:52.0 (55980318)|HEAP_ALLOCATE|[EXTERNAL]|Bytes:4
12:03:52.0 (55983359)|HEAP_ALLOCATE|[51]|Bytes:4
12:03:52.0 (55985918)|VARIABLE_ASSIGNMENT|[51]|j|60
12:03:52.0 (55987795)|HEAP_ALLOCATE|[50]|Bytes:4
12:03:52.0 (55990013)|VARIABLE_ASSIGNMENT|[50]|i|19
12:03:52.0 (55991503)|STATEMENT_EXECUTE|[50]
12:03:52.0 (55992645)|STATEMENT_EXECUTE|[51]
12:03:52.0 (55994224)|VARIABLE_SCOPE_BEGIN|[51]|j|Integer|false|false
12:03:52.0 (55995539)|HEAP_ALLOCATE|[51]|Bytes:4
12:03:52.0 (55997729)|VARIABLE_ASSIGNMENT|[51]|j|0
12:03:52.0 (55999135)|STATEMENT_EXECUTE|[51]
12:03:52.0 (56000334)|STATEMENT_EXECUTE|[52]
12:03:52.0 (56001624)|STATEMENT_EXECUTE|[53]
12:03:52.0 (56006869)|HEAP_ALLOCATE|[53]|Bytes:2
12:03:52.0 (56013915)|HEAP_ALLOCATE|[53]|Bytes:1
12:03:52.0 (56018718)|HEAP_ALLOCATE|[53]|Bytes:5
12:03:52.0 (56023208)|HEAP_ALLOCATE|[53]|Bytes:2
12:03:52.0 (56030095)|HEAP_ALLOCATE|[53]|Bytes:1
12:03:52.0 (56034772)|HEAP_ALLOCATE|[53]|Bytes:5
12:03:52.0 (56038968)|HEAP_ALLOCATE|[EXTERNAL]|Bytes:4
12:03:52.0 (56042085)|HEAP_ALLOCATE|[51]|Bytes:4
12:03:52.0 (56044474)|VARIABLE_ASSIGNMENT|[51]|j|30
12:03:52.0 (56046119)|STATEMENT_EXECUTE|[51]
12:03:52.0 (56047520)|STATEMENT_EXECUTE|[54]
12:03:52.0 (56048477)|STATEMENT_EXECUTE|[55]
12:03:52.0 (56053531)|HEAP_ALLOCATE|[55]|Bytes:2
12:03:52.0 (56060527)|HEAP_ALLOCATE|[55]|Bytes:2
12:03:52.0 (56065361)|HEAP_ALLOCATE|[55]|Bytes:5
12:03:52.0 (56069832)|HEAP_ALLOCATE|[55]|Bytes:2
12:03:52.0 (56076734)|HEAP_ALLOCATE|[55]|Bytes:2
12:03:52.0 (56081485)|HEAP_ALLOCATE|[55]|Bytes:5
12:03:52.0 (56085657)|HEAP_ALLOCATE|[EXTERNAL]|Bytes:4
12:03:52.0 (56088707)|HEAP_ALLOCATE|[51]|Bytes:4
12:03:52.0 (56091047)|VARIABLE_ASSIGNMENT|[51]|j|60
12:03:52.0 (56092908)|HEAP_ALLOCATE|[50]|Bytes:4
12:03:52.0 (56095009)|VARIABLE_ASSIGNMENT|[50]|i|20
12:03:52.0 (56096512)|STATEMENT_EXECUTE|[50]
12:03:52.0 (56097664)|STATEMENT_EXECUTE|[51]
12:03:52.0 (56099206)|VARIABLE_SCOPE_BEGIN|[51]|j|Integer|false|false
12:03:52.0 (56100460)|HEAP_ALLOCATE|[51]|Bytes:4
12:03:52.0 (56102616)|VARIABLE_ASSIGNMENT|[51]|j|0
12:03:52.0 (56104044)|STATEMENT_EXECUTE|[51]
12:03:52.0 (56105234)|STATEMENT_EXECUTE|[52]
12:03:52.0 (56106342)|STATEMENT_EXECUTE|[53]
12:03:52.0 (56111607)|HEAP_ALLOCATE|[53]|Bytes:2
12:03:52.0 (56118748)|HEAP_ALLOCATE|[53]|Bytes:1
12:03:52.0 (56123394)|HEAP_ALLOCATE|[53]|Bytes:5
12:03:52.0 (56127964)|HEAP_ALLOCATE|[53]|Bytes:2
12:03:52.0 (56134836)|HEAP_ALLOCATE|[53]|Bytes:1
12:03:52.0 (56139396)|HEAP_ALLOCATE|[53]|Bytes:5
12:03:52.0 (56143724)|HEAP_ALLOCATE|[EXTERNAL]|Bytes:4
12:03:52.0 (56146834)|HEAP_ALLOCATE|[51]|Bytes:4
12:03:52.0 (56149253)|VARIABLE_ASSIGNMENT|[51]|j|30
12:03:52.0 (56150867)|STATEMENT_EXECUTE|[51]
12:03:52.0 (56152190)|STATEMENT_EXECUTE|[54]
12:03:52.0 (56153119)|STATEMENT_EXECUTE|[55]
12:03:52.0 (56158107)|HEAP_ALLOCATE|[55]|Bytes:2
12:03:52.0 (56165126)|HEAP_ALLOCATE|[55]|Bytes:2
12:03:52.0 (56169852)|HEAP_ALLOCATE|[55]|Bytes:5
12:03:52.0 (56174358)|HEAP_ALLOCATE|[55]|Bytes:2
12:03:52.0 (56181371)|HEAP_ALLOCATE|[55]|Bytes:2
12:03:52.0 (56185995)|HEAP_ALLOCATE|[55]|Bytes:5
12:03:52.0 (56190122)|HEAP_ALLOCATE|[EXTERNAL]|Bytes:4
12:03:52.0 (56193136)|HEAP_ALLOCATE|[51]|Bytes:4
12:03:52.0 (56195672)|VARIABLE_ASSIGNMENT|[51]|j|60
12:03:52.0 (56197481)|HEAP_ALLOCATE|[50]|Bytes:4
12:03:52.0 (56199603)|VARIABLE_ASSIGNMENT|[50]|i|21
12:03:52.0 (56201108)|STATEMENT_EXECUTE|[50]
12:03:52.0 (56202225)|STATEMENT_EXECUTE|[51]
12:03:52.0 (56203796)|VARIABLE_SCOPE_BEGIN|[51]|j|Integer|false|false
12:03:52.0 (56205178)|HEAP_ALLOCATE|[51]|Bytes:4
12:03:52.0 (56207312)|VARIABLE_ASSIGNMENT|[51]|j|0
12:03:52.0 (56208761)|STATEMENT_EXECUTE|[51]
12:03:52.0 (56209955)|STATEMENT_EXECUTE|[52]
12:03:52.0 (56210903)|STATEMENT_EXECUTE|[53]
12:03:52.0 (56216015)|HEAP_ALLOCATE|[53]|Bytes:2
12:03:52.0 (56223140)|HEAP_ALLOCATE|[53]|Bytes:1
12:03:52.0 (56227921)|HEAP_ALLOCATE|[53]|Bytes:5
12:03:52.0 (56232347)|HEAP_ALLOCATE|[53]|Bytes:2
12:03:52.0 (56239329)|HEAP_ALLOCATE|[53]|Bytes:1
12:03:52.0 (56243888)|HEAP_ALLOCATE|[53]|Bytes:5
12:03:52.0 (56248131)|HEAP_ALLOCATE|[EXTERNAL]|Bytes:4
12:03:52.0 (56251255)|HEAP_ALLOCATE|[51]|Bytes:4
12:03:52.0 (56253585)|VARIABLE_ASSIGNMENT|[51]|j|30
12:03:52.0 (56255097)|STATEMENT_EXECUTE|[51]
12:03:52.0 (56256512)|STATEMENT_EXECUTE|[54]
12:03:52.0 (56257462)|STATEMENT_EXECUTE|[55]
12:03:52.0 (56262416)|HEAP_ALLOCATE|[55]|Bytes:2
12:03:52.0 (56269522)|HEAP_ALLOCATE|[55]|Bytes:2
12:03:52.0 (56274322)|HEAP_ALLOCATE|[55]|Bytes:5
12:03:52.0 (56279013)|HEAP_ALLOCATE|[55]|Bytes:2
12:03:52.0 (56285885)|HEAP_ALLOCATE|[55]|Bytes:2
12:03:52.0 (56290531)|HEAP_ALLOCATE|[55]|Bytes:5
12:03:52.0 (56294715)|HEAP_ALLOCATE|[EXTERNAL]|Bytes:4
12:03:52.0 (56297861)|HEAP_ALLOCATE|[51]|Bytes:4
12:03:52.0 (56300180)|VARIABLE_ASSIGNMENT|[51]|j|60
12:03:52.0 (56302067)|HEAP_ALLOCATE|[50]|Bytes:4
12:03:52.0 (56304215)|VARIABLE_ASSIGNMENT|[50]|i|22
12:03:52.0 (56305657)|STATEMENT_EXECUTE|[50]
12:03:52.0 (56306794)|STATEMENT_EXECUTE|[51]
12:03:52.0 (56308308)|VARIABLE_SCOPE_BEGIN|[51]|j|Integer|false|false
12:03:52.0 (56309521)|HEAP_ALLOCATE|[51]|Bytes:4
12:03:52.0 (56311733)|VARIABLE_ASSIGNMENT|[51]|j|0
12:03:52.0 (56313223)|STATEMENT_EXECUTE|[51]
12:03:52.0 (56314418)|STATEMENT_EXECUTE|[52]
12:03:52.0 (56315515)|STATEMENT_EXECUTE|[53]
12:03:52.0 (56320717)|HEAP_ALLOCATE|[53]|Bytes:2
12:03:52.0 (56327822)|HEAP_ALLOCATE|[53]|Bytes:1
12:03:52.0 (56332523)|HEAP_ALLOCATE|[53]|Bytes:5
12:03:52.0 (56336994)|HEAP_ALLOCATE|[53]|Bytes:2
12:03:52.0 (56343933)|HEAP_ALLOCATE|[53]|Bytes:1
12:03:52.0 (56348496)|HEAP_ALLOCATE|[53]|Bytes:5
12:03:52.0 (56352687)|HEAP_ALLOCATE|[EXTERNAL]|Bytes:4
12:03:52.0 (56355774)|HEAP_ALLOCATE|[51]|Bytes:4
12:03:52.0 (56358114)|VARIABLE_ASSIGNMENT|[51]|j|30
12:03:52.0 (56359673)|STATEMENT_EXECUTE|[51]
12:03:52.0 (56360949)|STATEMENT_EXECUTE|[54]
12:03:52.0 (56361885)|STATEMENT_EXECUTE|[55]
12:03:52.0 (56366817)|HEAP_ALLOCATE|[55]|Bytes:2
12:03:52.0 (56373864)|HEAP_ALLOCATE|[55]|Bytes:2
12:03:52.0 (56378576)|HEAP_ALLOCATE|[55]|Bytes:5
12:03:52.0 (56383428)|HEAP_ALLOCATE|[55]|Bytes:2
12:03:52.0 (56390246)|HEAP_ALLOCATE|[55]|Bytes:2
12:03:52.0 (56394948)|HEAP_ALLOCATE|[55]|Bytes:5
12:03:52.0 (56399267)|HEAP_ALLOCATE|[EXTERNAL]|Bytes:4
12:03:52.0 (56402271)|HEAP_ALLOCATE|[51]|Bytes:4
12:03:52.0 (56404779)|VARIABLE_ASSIGNMENT|[51]|j|60
12:03:52.0 (56406623)|HEAP_ALLOCATE|[50]|Bytes:4
12:03:52.0 (56408751)|VARIABLE_ASSIGNMENT|[50]|i|23
12:03:52.0 (56410215)|STATEMENT_EXECUTE|[50]
12:03:52.0 (56411394)|STATEMENT_EXECUTE|[51]
12:03:52.0 (56412904)|VARIABLE_SCOPE_BEGIN|[51]|j|Integer|false|false
12:03:52.0 (56414142)|HEAP_ALLOCATE|[51]|Bytes:4
12:03:52.0 (56416242)|VARIABLE_ASSIGNMENT|[51]|j|0
12:03:52.0 (56417663)|STATEMENT_EXECUTE|[51]
12:03:52.0 (56418861)|STATEMENT_EXECUTE|[52]
12:03:52.0 (56419826)|STATEMENT_EXECUTE|[53]
12:03:52.0 (56424866)|HEAP_ALLOCATE|[53]|Bytes:2
12:03:52.0 (56432053)|HEAP_ALLOCATE|[53]|Bytes:1
12:03:52.0 (56436717)|HEAP_ALLOCATE|[53]|Bytes:5
12:03:52.0 (56441183)|HEAP_ALLOCATE|[53]|Bytes:2
12:03:52.0 (56448178)|HEAP_ALLOCATE|[53]|Bytes:1
12:03:52.0 (56452757)|HEAP_ALLOCATE|[53]|Bytes:5
12:03:52.0 (56457000)|HEAP_ALLOCATE|[EXTERNAL]|Bytes:4
12:03:52.0 (56460145)|HEAP_ALLOCATE|[51]|Bytes:4
12:03:52.0 (56462468)|VARIABLE_ASSIGNMENT|[51]|j|30
12:03:52.0 (56463974)|STATEMENT_EXECUTE|[51]
12:03:52.0 (56465483)|STATEMENT_EXECUTE|[54]
12:03:52.0 (56466605)|STATEMENT_EXECUTE|[55]
12:03:52.0 (56471561)|HEAP_ALLOCATE|[55]|Bytes:2
12:03:52.0 (56478573)|HEAP_ALLOCATE|[55]|Bytes:2
12:03:52.0 (56483300)|HEAP_ALLOCATE|[55]|Bytes:5
12:03:52.0 (56487863)|HEAP_ALLOCATE|[55]|Bytes:2
12:03:52.0 (56494686)|HEAP_ALLOCATE|[55]|Bytes:2
12:03:52.0 (56499555)|HEAP_ALLOCATE|[55]|Bytes:5
12:03:52.0 (56503783)|HEAP_ALLOCATE|[EXTERNAL]|Bytes:4
12:03:52.0 (56506884)|HEAP_ALLOCATE|[51]|Bytes:4
12:03:52.0 (56509194)|VARIABLE_ASSIGNMENT|[51]|j|60
12:03:52.0 (56511052)|HEAP_ALLOCATE|[50]|Bytes:4
12:03:52.0 (56513205)|VARIABLE_ASSIGNMENT|[50]|i|24
12:03:52.0 (56514886)|STATEMENT_EXECUTE|[59]
12:03:52.0 (56612571)|SYSTEM_MODE_ENTER|true
12:03:52.0 (56641003)|HEAP_ALLOCATE|[EXTERNAL]|Bytes:80
12:03:52.0 (56688689)|VARIABLE_ASSIGNMENT|[EXTERNAL]|this|{"delToHub":true,"delToProj":false,"detail":"0x4bdd5993","invoked":false,"rejected":false,"reserved":false,"selectedTime3":"8:00","sublocations1":"0x37d044af","www":"0xc677c5e","wwwById":"0x5c07204f"}|0x505d6a29
12:03:52.0 (56694708)|STATEMENT_EXECUTE|[78]
12:03:52.0 (56697372)|STATEMENT_EXECUTE|[79]
12:03:52.0 (56698583)|STATEMENT_EXECUTE|[83]
12:03:52.70 (70250653)|SYSTEM_MODE_ENTER|true
12:03:52.70 (70306228)|HEAP_ALLOCATE|[EXTERNAL]|Bytes:8
12:03:52.70 (70311828)|VARIABLE_SCOPE_BEGIN|[88]|this|ApexPage.PageMessagesComponentController|true|false
12:03:52.70 (70330904)|VARIABLE_ASSIGNMENT|[88]|this|{}|0x19de4606
12:03:52.70 (70333526)|VARIABLE_SCOPE_BEGIN|[88]|escape|Boolean|false|false
12:03:52.70 (70339951)|VARIABLE_ASSIGNMENT|[88]|escape|null
12:03:52.70 (70421121)|SYSTEM_MODE_ENTER|true
12:03:52.70 (70443646)|HEAP_ALLOCATE|[EXTERNAL]|Bytes:8
12:03:52.70 (70447797)|VARIABLE_SCOPE_BEGIN|[2]|this|ApexPage.PageMessagesComponentController|true|false
12:03:52.70 (70460212)|VARIABLE_ASSIGNMENT|[2]|this|{}|0x19de4606
12:03:52.71 (71671194)|SYSTEM_MODE_ENTER|true
12:03:52.71 (71697428)|HEAP_ALLOCATE|[EXTERNAL]|Bytes:120
12:03:52.71 (71702111)|HEAP_ALLOCATE|[EXTERNAL]|Bytes:10
12:03:52.71 (71709498)|SYSTEM_METHOD_ENTRY|[1]|pagemessagecomponentcontroller.pagemessagecomponentcontroller()
12:03:52.71 (71712396)|STATEMENT_EXECUTE|[1]
12:03:52.71 (71822481)|SYSTEM_MODE_ENTER|true
12:03:52.71 (71846193)|HEAP_ALLOCATE|[EXTERNAL]|Bytes:8
12:03:52.71 (71850970)|VARIABLE_SCOPE_BEGIN|[84]|this|ApexPage.PageMessagesComponentController|true|false
12:03:52.71 (71865545)|VARIABLE_ASSIGNMENT|[84]|this|{}|0x19de4606
12:03:52.71 (71928925)|SYSTEM_MODE_ENTER|true
12:03:52.71 (71960469)|HEAP_ALLOCATE|[EXTERNAL]|Bytes:16
12:03:52.71 (71965068)|HEAP_ALLOCATE|[EXTERNAL]|Bytes:5
12:03:52.71 (71968110)|VARIABLE_SCOPE_BEGIN|[9]|this|ApexPage.pagemessagecomponentcontroller|true|false
12:03:52.71 (71994829)|VARIABLE_ASSIGNMENT|[9]|this|{}|0x31ed3cdd
12:03:52.71 (71998399)|VARIABLE_SCOPE_BEGIN|[9]|escape|Boolean|false|false
12:03:52.71 (72003166)|VARIABLE_ASSIGNMENT|[9]|escape|true
12:03:52.72 (72127658)|SYSTEM_MODE_ENTER|true
12:03:52.72 (72150803)|HEAP_ALLOCATE|[EXTERNAL]|Bytes:5
12:03:52.72 (72153666)|HEAP_ALLOCATE|[EXTERNAL]|Bytes:16
12:03:52.72 (72162543)|VARIABLE_ASSIGNMENT|[EXTERNAL]|this.conSeverity|"ERROR"|0x31ed3cdd
12:03:52.72 (72213168)|SYSTEM_MODE_ENTER|true
12:03:52.72 (72227358)|HEAP_ALLOCATE|[EXTERNAL]|Bytes:8
12:03:52.72 (72229640)|HEAP_ALLOCATE|[EXTERNAL]|Bytes:16
12:03:52.72 (72236011)|VARIABLE_ASSIGNMENT|[EXTERNAL]|this.conStrength|2|0x31ed3cdd
12:03:52.72 (72363654)|HEAP_ALLOCATE|[EXTERNAL]|Bytes:28
12:03:52.72 (72392408)|VARIABLE_ASSIGNMENT|[EXTERNAL]|this|{"messages":"0x36162741","severity":"ERROR"}|0x7e6e2140
12:03:52.0 (72524669)|SYSTEM_MODE_ENTER|true
12:03:52.0 (72544594)|HEAP_ALLOCATE|[EXTERNAL]|Bytes:80
12:03:52.0 (72586974)|VARIABLE_ASSIGNMENT|[EXTERNAL]|this|{"delToHub":true,"delToProj":false,"detail":"0x4bdd5993","invoked":false,"rejected":false,"reserved":false,"selectedTime3":"8:00","sublocations1":"0x37d044af","www":"0xc677c5e","wwwById":"0x5c07204f"}|0x505d6a29
12:03:52.0 (72592362)|STATEMENT_EXECUTE|[196]
12:03:52.0 (72594931)|STATEMENT_EXECUTE|[197]
12:03:52.0 (72596292)|STATEMENT_EXECUTE|[200]
12:03:52.0 (72643816)|SYSTEM_MODE_ENTER|true
12:03:52.0 (72659594)|HEAP_ALLOCATE|[EXTERNAL]|Bytes:80
12:03:52.0 (72696988)|VARIABLE_ASSIGNMENT|[EXTERNAL]|this|{"delToHub":true,"delToProj":false,"detail":"0x4bdd5993","invoked":false,"rejected":false,"reserved":false,"selectedTime3":"8:00","sublocations1":"0x37d044af","www":"0xc677c5e","wwwById":"0x5c07204f"}|0x505d6a29
12:03:52.0 (72701831)|STATEMENT_EXECUTE|[229]
12:03:52.0 (72704310)|STATEMENT_EXECUTE|[230]
12:03:52.0 (72705517)|STATEMENT_EXECUTE|[233]
12:03:52.0 (72839471)|SYSTEM_MODE_ENTER|true
12:03:52.0 (72857297)|HEAP_ALLOCATE|[EXTERNAL]|Bytes:80
12:03:52.0 (72895187)|VARIABLE_ASSIGNMENT|[EXTERNAL]|this|{"delToHub":true,"delToProj":false,"detail":"0x4bdd5993","invoked":false,"rejected":false,"reserved":false,"selectedTime3":"8:00","sublocations1":"0x37d044af","www":"0xc677c5e","wwwById":"0x5c07204f"}|0x505d6a29
12:03:52.0 (72900203)|STATEMENT_EXECUTE|[186]
12:03:52.0 (72902214)|STATEMENT_EXECUTE|[187]
12:03:52.0 (72903388)|STATEMENT_EXECUTE|[190]
12:03:52.0 (73008892)|SYSTEM_MODE_ENTER|true
12:03:52.0 (73026123)|HEAP_ALLOCATE|[EXTERNAL]|Bytes:80
12:03:52.0 (73063386)|VARIABLE_ASSIGNMENT|[EXTERNAL]|this|{"delToHub":true,"delToProj":false,"detail":"0x4bdd5993","invoked":false,"rejected":false,"reserved":false,"selectedTime3":"8:00","sublocations1":"0x37d044af","www":"0xc677c5e","wwwById":"0x5c07204f"}|0x505d6a29
12:03:52.0 (73068138)|STATEMENT_EXECUTE|[204]
12:03:52.0 (73070084)|STATEMENT_EXECUTE|[205]
12:03:52.0 (73071245)|STATEMENT_EXECUTE|[208]
12:03:52.0 (73108180)|SYSTEM_MODE_ENTER|true
12:03:52.0 (73122295)|HEAP_ALLOCATE|[EXTERNAL]|Bytes:80
12:03:52.0 (73156283)|VARIABLE_ASSIGNMENT|[EXTERNAL]|this|{"delToHub":true,"delToProj":false,"detail":"0x4bdd5993","invoked":false,"rejected":false,"reserved":false,"selectedTime3":"8:00","sublocations1":"0x37d044af","www":"0xc677c5e","wwwById":"0x5c07204f"}|0x505d6a29
12:03:52.0 (73160825)|STATEMENT_EXECUTE|[220]
12:03:52.0 (73162558)|STATEMENT_EXECUTE|[221]
12:03:52.0 (73163701)|STATEMENT_EXECUTE|[224]
12:03:52.0 (73197225)|SYSTEM_MODE_ENTER|true
12:03:52.0 (73210425)|HEAP_ALLOCATE|[EXTERNAL]|Bytes:80
12:03:52.0 (73243536)|VARIABLE_ASSIGNMENT|[EXTERNAL]|this|{"delToHub":true,"delToProj":false,"detail":"0x4bdd5993","invoked":false,"rejected":false,"reserved":false,"selectedTime3":"8:00","sublocations1":"0x37d044af","www":"0xc677c5e","wwwById":"0x5c07204f"}|0x505d6a29
12:03:52.0 (73247542)|STATEMENT_EXECUTE|[212]
12:03:52.0 (73249329)|STATEMENT_EXECUTE|[213]
12:03:52.0 (73250484)|STATEMENT_EXECUTE|[216]
12:03:52.0 (75431901)|SYSTEM_MODE_ENTER|true
12:03:52.0 (75456296)|HEAP_ALLOCATE|[EXTERNAL]|Bytes:80
12:03:52.0 (75501940)|VARIABLE_ASSIGNMENT|[EXTERNAL]|this|{"delToHub":true,"delToProj":false,"detail":"0x4bdd5993","invoked":false,"rejected":false,"reserved":false,"selectedTime3":"8:00","sublocations1":"0x37d044af","www":"0xc677c5e","wwwById":"0x5c07204f"}|0x505d6a29
12:03:52.0 (75508481)|STATEMENT_EXECUTE|[21]
12:03:52.0 (75511109)|STATEMENT_EXECUTE|[22]
12:03:52.0 (75512264)|STATEMENT_EXECUTE|[26]
12:03:52.0 (80907439)|VF_SERIALIZE_VIEWSTATE_BEGIN|06624000003h0Dg
12:03:52.0 (84873668)|VF_SERIALIZE_VIEWSTATE_END
12:03:52.0 (86597829)|SYSTEM_MODE_ENTER|true
12:03:52.0 (86624232)|HEAP_ALLOCATE|[EXTERNAL]|Bytes:80
12:03:52.0 (86674793)|VARIABLE_ASSIGNMENT|[EXTERNAL]|this|{"delToHub":true,"delToProj":false,"detail":"0x4bdd5993","invoked":false,"rejected":false,"reserved":false,"selectedTime3":"8:00","sublocations1":"0x37d044af","www":"0xc677c5e","wwwById":"0x5c07204f"}|0x505d6a29
12:03:52.0 (86681450)|STATEMENT_EXECUTE|[3]
12:03:52.0 (86684333)|STATEMENT_EXECUTE|[4]
12:03:52.0 (86685553)|STATEMENT_EXECUTE|[9]
12:03:52.87 (87851835)|CUMULATIVE_LIMIT_USAGE
12:03:52.87 (87851835)|LIMIT_USAGE_FOR_NS|(default)|
  Number of SOQL queries: 0 out of 100
  Number of query rows: 0 out of 50000
  Number of SOSL queries: 0 out of 20
  Number of DML statements: 0 out of 150
  Number of DML rows: 0 out of 10000
  Maximum CPU time: 0 out of 10000
  Maximum heap size: 0 out of 6000000
  Number of callouts: 0 out of 100
  Number of Email Invocations: 0 out of 10
  Number of future calls: 0 out of 50
  Number of queueable jobs added to the queue: 0 out of 50
  Number of Mobile Apex push calls: 0 out of 10

12:03:52.87 (87851835)|CUMULATIVE_LIMIT_USAGE_END

12:03:52.0 (87884256)|CODE_UNIT_FINISHED|VF: /apex/New_delivered_detail
12:03:52.0 (88617525)|EXECUTION_FINISHED
