38.0 APEX_CODE,FINEST;APEX_PROFILING,INFO;CALLOUT,INFO;DB,INFO;SYSTEM,DEBUG;VALIDATION,INFO;VISUALFORCE,INFO;WAVE,INFO;WORKFLOW,INFO
12:26:18.0 (54316)|USER_INFO|[EXTERNAL]|00524000001e3Uj|bedrijfsbureau@gsa.nl.sandbox|Midden-Europese standaardtijd|GMT+01:00
12:26:18.0 (80598)|EXECUTION_STARTED
12:26:18.0 (84367)|CODE_UNIT_STARTED|[EXTERNAL]|06624000003h0Dg|VF: /apex/New_delivered_detail
12:26:18.0 (11303493)|SYSTEM_MODE_ENTER|true
12:26:18.0 (11649757)|HEAP_ALLOCATE|[72]|Bytes:3
12:26:18.0 (11690717)|HEAP_ALLOCATE|[77]|Bytes:152
12:26:18.0 (11704756)|HEAP_ALLOCATE|[342]|Bytes:408
12:26:18.0 (11718844)|HEAP_ALLOCATE|[355]|Bytes:408
12:26:18.0 (11731621)|HEAP_ALLOCATE|[467]|Bytes:48
12:26:18.0 (11756510)|HEAP_ALLOCATE|[139]|Bytes:6
12:26:18.0 (11769951)|HEAP_ALLOCATE|[EXTERNAL]|Bytes:11
12:26:18.0 (11774773)|HEAP_ALLOCATE|[EXTERNAL]|Bytes:408
12:26:18.0 (11777691)|HEAP_ALLOCATE|[EXTERNAL]|Bytes:120
12:26:18.0 (11780787)|HEAP_ALLOCATE|[EXTERNAL]|Bytes:108
12:26:18.0 (11788651)|METHOD_ENTRY|[1]|01p2400000DUtXT|NewDeliveredExtension.NewDeliveredExtension()
12:26:18.0 (11792497)|STATEMENT_EXECUTE|[1]
12:26:18.0 (11800537)|STATEMENT_EXECUTE|[1]
12:26:18.0 (11801989)|STATEMENT_EXECUTE|[527]
12:26:18.0 (11806185)|METHOD_EXIT|[1]|NewDeliveredExtension
12:26:18.0 (11813153)|HEAP_ALLOCATE|[EXTERNAL]|Bytes:80
12:26:18.0 (11827778)|VARIABLE_SCOPE_BEGIN|[163]|this|NewDeliveredExtension|true|false
12:26:18.0 (11883664)|VARIABLE_ASSIGNMENT|[163]|this|{}|0x7be1eb50
12:26:18.0 (11887827)|VARIABLE_SCOPE_BEGIN|[163]|controller|ApexPages.StandardController|true|false
12:26:18.0 (12060927)|VARIABLE_ASSIGNMENT|[163]|controller|"StandardController [null]"|0x125275fe
12:26:18.0 (12069938)|STATEMENT_EXECUTE|[1]
12:26:18.0 (12071721)|STATEMENT_EXECUTE|[2]
12:26:18.0 (12073579)|STATEMENT_EXECUTE|[20]
12:26:18.0 (12075008)|STATEMENT_EXECUTE|[61]
12:26:18.0 (12076179)|STATEMENT_EXECUTE|[69]
12:26:18.0 (12077147)|STATEMENT_EXECUTE|[77]
12:26:18.0 (12078164)|STATEMENT_EXECUTE|[85]
12:26:18.0 (12079181)|STATEMENT_EXECUTE|[93]
12:26:18.0 (12080504)|STATEMENT_EXECUTE|[101]
12:26:18.0 (12081607)|STATEMENT_EXECUTE|[123]
12:26:18.0 (12184323)|HEAP_ALLOCATE|[123]|Bytes:4
12:26:18.0 (12190442)|HEAP_ALLOCATE|[123]|Bytes:258
12:26:18.0 (12194086)|HEAP_ALLOCATE|[123]|Bytes:4
12:26:18.0 (12234407)|HEAP_ALLOCATE|[50]|Bytes:5
12:26:18.0 (12254985)|HEAP_ALLOCATE|[56]|Bytes:5
12:26:18.0 (12260744)|HEAP_ALLOCATE|[64]|Bytes:7
12:26:18.0 (12767157)|SOQL_EXECUTE_BEGIN|[123]|Aggregations:0|SELECT Id, Project__c, Item__c, Actueel_aantal_palletplaatsenworkflow__c, Ticket_Number_ILIPS__c, Filecardnumber__c, Projectmember__c, Hub_Building_Site__c, Actueel_aantal_palletplaatsen__c, Supplier__c, Name FROM WWW__c ORDER BY CreatedDate DESC NULLS FIRST
12:26:18.0 (20647183)|SOQL_EXECUTE_END|[123]|Rows:4
12:26:18.0 (20664766)|HEAP_ALLOCATE|[123]|Bytes:20
12:26:18.0 (20692267)|HEAP_ALLOCATE|[123]|Bytes:884
12:26:18.0 (20758717)|HEAP_ALLOCATE|[123]|Bytes:20
12:26:18.0 (20813681)|HEAP_ALLOCATE|[123]|Bytes:28
12:26:18.0 (20823914)|HEAP_ALLOCATE|[123]|Bytes:4
12:26:18.0 (20831915)|HEAP_ALLOCATE|[123]|Bytes:28
12:26:18.0 (20835175)|HEAP_ALLOCATE|[123]|Bytes:4
12:26:18.0 (20839622)|HEAP_ALLOCATE|[123]|Bytes:28
12:26:18.0 (20842422)|HEAP_ALLOCATE|[123]|Bytes:4
12:26:18.0 (20846539)|HEAP_ALLOCATE|[123]|Bytes:28
12:26:18.0 (20849214)|HEAP_ALLOCATE|[123]|Bytes:4
12:26:18.0 (20897411)|VARIABLE_ASSIGNMENT|[123]|this.wwwById|{"a0t0E0000004UTUQA2":{"Id":"a0t0E0000004UTUQA2","Project__c":"a0q0E0000008S3WQAU","Item__c":"a0A0E0000001PiqUAE","Hub_Building_Site__c":"a020E000000zFeUQAU","Actueel_aantal_palle (12 more) ...":0,"Name":"WWW-13532"},"a0t0E0000004NFcQAM":{"Id":"a0t0E0000004NFcQAM","Project__c":"a0q0E0000008S3bQAE","Item__c":"a0A0E0000001Pj0UAE","Hub_Building_Site__c":"a020E000000zEM2QAM","Actueel_aantal_palle (12 more) ...":0,"Name":"WWW-13490"},"a0t0E0000004NFXQA2":{"Id":"a0t0E0000004NFXQA2","Project__c":"a0q0E0000008S3WQAU","Item__c":"a0A0E0000001PiqUAE","Hub_Building_Site__c":"a020E000000zEM2QAM","Actueel_aantal_palle (12 more) ...":0,"Name":"WWW-13489"},"a0t0E0000004NFNQA2":{"Id":"a0t0E0000004NFNQA2","Project__c":"a0q0E0000008S3WQAU","Item__c":"a0A0E0000001PilUAE","Hub_Building_Site__c":"a020E000000zEM2QAM","Actueel_aantal_palle (12 more) ...":0,"Name":"WWW-13487"}}|0x7be1eb50
12:26:18.0 (20906260)|STATEMENT_EXECUTE|[155]
12:26:18.0 (20908157)|STATEMENT_EXECUTE|[156]
12:26:18.0 (20909260)|STATEMENT_EXECUTE|[184]
12:26:18.0 (20910366)|STATEMENT_EXECUTE|[185]
12:26:18.0 (20911588)|STATEMENT_EXECUTE|[195]
12:26:18.0 (20912684)|STATEMENT_EXECUTE|[203]
12:26:18.0 (20913709)|STATEMENT_EXECUTE|[211]
12:26:18.0 (20914733)|STATEMENT_EXECUTE|[219]
12:26:18.0 (20915755)|STATEMENT_EXECUTE|[228]
12:26:18.0 (20916914)|STATEMENT_EXECUTE|[236]
12:26:18.0 (20924960)|HEAP_ALLOCATE|[123]|Bytes:6
12:26:18.0 (20947706)|STATEMENT_EXECUTE|[163]
12:26:18.0 (20949198)|STATEMENT_EXECUTE|[164]
12:26:18.0 (20992340)|HEAP_ALLOCATE|[164]|Bytes:58
12:26:18.0 (21036508)|HEAP_ALLOCATE|[164]|Bytes:28
12:26:18.0 (21048782)|HEAP_ALLOCATE|[164]|Bytes:10
12:26:18.0 (21080277)|HEAP_ALLOCATE|[164]|Bytes:4
12:26:18.0 (21126998)|VARIABLE_ASSIGNMENT|[EXTERNAL]|this|{"wwwById":"0x11afbbc3"}|0x7be1eb50
12:26:18.0 (21135771)|STATEMENT_EXECUTE|[3]
12:26:18.0 (21140075)|STATEMENT_EXECUTE|[4]
12:26:18.0 (21141191)|STATEMENT_EXECUTE|[5]
12:26:18.0 (21170515)|HEAP_ALLOCATE|[5]|Bytes:4
12:26:18.0 (21263059)|VARIABLE_ASSIGNMENT|[5]|this.detail|{}|0x7be1eb50
12:26:18.0 (21266280)|STATEMENT_EXECUTE|[6]
12:26:18.0 (21316637)|VARIABLE_ASSIGNMENT|[EXTERNAL]|this|{"detail":"0x142f75","wwwById":"0x11afbbc3"}|0x7be1eb50
12:26:18.0 (21320869)|STATEMENT_EXECUTE|[21]
12:26:18.0 (21323451)|STATEMENT_EXECUTE|[22]
12:26:18.0 (21324591)|STATEMENT_EXECUTE|[23]
12:26:18.0 (21337064)|HEAP_ALLOCATE|[23]|Bytes:4
12:26:18.0 (21381159)|VARIABLE_ASSIGNMENT|[23]|this.www|{}|0x7be1eb50
12:26:18.0 (21384573)|STATEMENT_EXECUTE|[26]
12:26:18.0 (21623446)|VARIABLE_ASSIGNMENT|[6]|this.WWW__c|null|0x142f75
12:26:18.0 (21626830)|STATEMENT_EXECUTE|[7]
12:26:18.0 (21684066)|VARIABLE_ASSIGNMENT|[EXTERNAL]|this|{"detail":"0x142f75","www":"0x2272f3a5","wwwById":"0x11afbbc3"}|0x7be1eb50
12:26:18.0 (21736428)|VARIABLE_ASSIGNMENT|[7]|this.Project__c|null|0x142f75
12:26:18.0 (21739735)|STATEMENT_EXECUTE|[9]
12:26:18.0 (21822448)|VARIABLE_ASSIGNMENT|[164]|this.RecordTypeId|"01224000000Sn4MAAS"|0x142f75
12:26:18.0 (21826715)|STATEMENT_EXECUTE|[165]
12:26:18.0 (21876292)|VARIABLE_ASSIGNMENT|[EXTERNAL]|this|{"detail":"0x142f75","www":"0x2272f3a5","wwwById":"0x11afbbc3"}|0x7be1eb50
12:26:18.0 (21882387)|STATEMENT_EXECUTE|[3]
12:26:18.0 (21884396)|STATEMENT_EXECUTE|[4]
12:26:18.0 (21885515)|STATEMENT_EXECUTE|[9]
12:26:18.0 (21929168)|USER_DEBUG|[165]|DEBUG|01224000000Sn4MAAS
12:26:18.0 (21934557)|STATEMENT_EXECUTE|[166]
12:26:18.0 (21977664)|HEAP_ALLOCATE|[166]|Bytes:4
12:26:18.0 (21982755)|HEAP_ALLOCATE|[166]|Bytes:82
12:26:18.0 (21985753)|HEAP_ALLOCATE|[166]|Bytes:4
12:26:18.0 (22173351)|SOQL_EXECUTE_BEGIN|[166]|Aggregations:0|SELECT Id, Name, DeveloperName FROM RecordType WHERE sobjectType = 'WWW_detail__c'
12:26:18.0 (29464145)|SOQL_EXECUTE_END|[166]|Rows:5
12:26:18.0 (29478479)|HEAP_ALLOCATE|[166]|Bytes:24
12:26:18.0 (29496702)|HEAP_ALLOCATE|[166]|Bytes:371
12:26:18.0 (29529941)|HEAP_ALLOCATE|[166]|Bytes:24
12:26:18.0 (29568467)|HEAP_ALLOCATE|[166]|Bytes:16
12:26:18.0 (29575932)|HEAP_ALLOCATE|[166]|Bytes:4
12:26:18.0 (29582019)|HEAP_ALLOCATE|[166]|Bytes:16
12:26:18.0 (29585252)|HEAP_ALLOCATE|[166]|Bytes:4
12:26:18.0 (29589156)|HEAP_ALLOCATE|[166]|Bytes:16
12:26:18.0 (29591992)|HEAP_ALLOCATE|[166]|Bytes:4
12:26:18.0 (29595566)|HEAP_ALLOCATE|[166]|Bytes:16
12:26:18.0 (29598263)|HEAP_ALLOCATE|[166]|Bytes:4
12:26:18.0 (29601794)|HEAP_ALLOCATE|[166]|Bytes:16
12:26:18.0 (29604528)|HEAP_ALLOCATE|[166]|Bytes:4
12:26:18.0 (29611613)|VARIABLE_SCOPE_BEGIN|[166]|recByNames|Map<Id,RecordType>|true|false
12:26:18.0 (29640557)|VARIABLE_ASSIGNMENT|[166]|recByNames|{"01224000000Sn4NAAS":{"Id":"01224000000Sn4NAAS","Name":"Afleveren","DeveloperName":"Delivered_2_Project"},"01224000000Sn4OAAS":{"Id":"01224000000Sn4OAAS","Name":"Afroepen","DeveloperName":"Invoked"},"01224000000Sn4PAAS":{"Id":"01224000000Sn4PAAS","Name":"Afwijzen","DeveloperName":"Rejected"},"01224000000Sn4MAAS":{"Id":"01224000000Sn4MAAS","Name":"Ontvangen","DeveloperName":"Delivered_2_Hub"},"01224000000Sn4QAAS":{"Id":"01224000000Sn4QAAS","Name":"Verwachten","DeveloperName":"Reserved"}}|0x67112279
12:26:18.0 (29695052)|VARIABLE_ASSIGNMENT|[EXTERNAL]|this|{"detail":"0x142f75","www":"0x2272f3a5","wwwById":"0x11afbbc3"}|0x7be1eb50
12:26:18.0 (29699357)|STATEMENT_EXECUTE|[3]
12:26:18.0 (29701807)|STATEMENT_EXECUTE|[4]
12:26:18.0 (29702972)|STATEMENT_EXECUTE|[9]
12:26:18.0 (29712812)|STATEMENT_EXECUTE|[168]
12:26:18.0 (29746377)|VARIABLE_ASSIGNMENT|[EXTERNAL]|this|{"detail":"0x142f75","www":"0x2272f3a5","wwwById":"0x11afbbc3"}|0x7be1eb50
12:26:18.0 (29749138)|STATEMENT_EXECUTE|[3]
12:26:18.0 (29750615)|STATEMENT_EXECUTE|[4]
12:26:18.0 (29751635)|STATEMENT_EXECUTE|[9]
12:26:18.0 (29792362)|HEAP_ALLOCATE|[169]|Bytes:7
12:26:18.0 (29848006)|VARIABLE_ASSIGNMENT|[EXTERNAL]|this|{"detail":"0x142f75","www":"0x2272f3a5","wwwById":"0x11afbbc3"}|0x7be1eb50
12:26:18.0 (29851361)|STATEMENT_EXECUTE|[3]
12:26:18.0 (29852845)|STATEMENT_EXECUTE|[4]
12:26:18.0 (29853932)|STATEMENT_EXECUTE|[9]
12:26:18.0 (29871494)|HEAP_ALLOCATE|[171]|Bytes:8
12:26:18.0 (29911192)|VARIABLE_ASSIGNMENT|[EXTERNAL]|this|{"detail":"0x142f75","www":"0x2272f3a5","wwwById":"0x11afbbc3"}|0x7be1eb50
12:26:18.0 (29914127)|STATEMENT_EXECUTE|[3]
12:26:18.0 (29915566)|STATEMENT_EXECUTE|[4]
12:26:18.0 (29916628)|STATEMENT_EXECUTE|[9]
12:26:18.0 (29933827)|HEAP_ALLOCATE|[173]|Bytes:15
12:26:18.0 (29945325)|STATEMENT_EXECUTE|[173]
12:26:18.0 (29946664)|STATEMENT_EXECUTE|[174]
12:26:18.0 (30005797)|VARIABLE_ASSIGNMENT|[EXTERNAL]|this|{"detail":"0x142f75","www":"0x2272f3a5","wwwById":"0x11afbbc3"}|0x7be1eb50
12:26:18.0 (30020513)|VARIABLE_ASSIGNMENT|[EXTERNAL]|value|true
12:26:18.0 (30025289)|HEAP_ALLOCATE|[228]|Bytes:5
12:26:18.0 (30032305)|VARIABLE_ASSIGNMENT|[228]|this.delToHub|true|0x7be1eb50
12:26:18.0 (30038296)|STATEMENT_EXECUTE|[181]
12:26:18.0 (30051801)|METHOD_ENTRY|[181]|01p2400000DUtXT|NewDeliveredExtension.getProjects()
12:26:18.0 (30066549)|VARIABLE_SCOPE_BEGIN|[139]|this|NewDeliveredExtension|true|false
12:26:18.0 (30093835)|VARIABLE_ASSIGNMENT|[139]|this|{"delToHub":true,"detail":"0x142f75","www":"0x2272f3a5","wwwById":"0x11afbbc3"}|0x7be1eb50
12:26:18.0 (30100336)|STATEMENT_EXECUTE|[139]
12:26:18.0 (30101543)|STATEMENT_EXECUTE|[141]
12:26:18.0 (30106830)|HEAP_ALLOCATE|[141]|Bytes:4
12:26:18.0 (30131088)|VARIABLE_SCOPE_BEGIN|[141]|options|List<System.SelectOption>|true|false
12:26:18.0 (30162331)|HEAP_ALLOCATE|[EXTERNAL]|Bytes:4
12:26:18.0 (30170513)|VARIABLE_ASSIGNMENT|[141]|options|[]|0x1015781c
12:26:18.0 (30172892)|STATEMENT_EXECUTE|[142]
12:26:18.0 (30211868)|HEAP_ALLOCATE|[142]|Bytes:4
12:26:18.0 (30216311)|HEAP_ALLOCATE|[142]|Bytes:71
12:26:18.0 (30219166)|HEAP_ALLOCATE|[142]|Bytes:4
12:26:18.0 (30426985)|SOQL_EXECUTE_BEGIN|[142]|Aggregations:0|SELECT Id, Name FROM Projecten__c ORDER BY CreatedDate DESC NULLS FIRST
12:26:18.0 (33835873)|SOQL_EXECUTE_END|[142]|Rows:2
12:26:18.0 (33856956)|HEAP_ALLOCATE|[142]|Bytes:12
12:26:18.0 (33870550)|HEAP_ALLOCATE|[142]|Bytes:85
12:26:18.0 (33911693)|HEAP_ALLOCATE|[142]|Bytes:12
12:26:18.0 (33967296)|HEAP_ALLOCATE|[142]|Bytes:12
12:26:18.0 (33978454)|HEAP_ALLOCATE|[142]|Bytes:4
12:26:18.0 (33989811)|HEAP_ALLOCATE|[142]|Bytes:12
12:26:18.0 (33993410)|HEAP_ALLOCATE|[142]|Bytes:4
12:26:18.0 (34000941)|VARIABLE_SCOPE_BEGIN|[142]|prById|Map<Id,Projecten__c>|true|false
12:26:18.0 (34021282)|VARIABLE_ASSIGNMENT|[142]|prById|{"a0q0E0000008S3bQAE":{"Id":"a0q0E0000008S3bQAE","Name":"2165103"},"a0q0E0000008S3WQAU":{"Id":"a0q0E0000008S3WQAU","Name":"5700"}}|0x9b558a9
12:26:18.0 (34025647)|STATEMENT_EXECUTE|[143]
12:26:18.0 (34028354)|HEAP_ALLOCATE|[143]|Bytes:6
12:26:18.0 (34108370)|HEAP_ALLOCATE|[143]|Bytes:139
12:26:18.0 (34126498)|HEAP_ALLOCATE|[143]|Bytes:145
12:26:18.0 (34142991)|USER_DEBUG|[143]|DEBUG|prById{a0q0E0000008S3WQAU=Projecten__c:{Id=a0q0E0000008S3WQAU, Name=5700}, a0q0E0000008S3bQAE=Projecten__c:{Id=a0q0E0000008S3bQAE, Name=2165103}}
12:26:18.0 (34148674)|STATEMENT_EXECUTE|[144]
12:26:18.0 (34175534)|HEAP_ALLOCATE|[EXTERNAL]|Bytes:12
12:26:18.0 (34183210)|HEAP_ALLOCATE|[144]|Bytes:95
12:26:18.0 (34222715)|HEAP_ALLOCATE|[144]|Bytes:12
12:26:18.0 (34288233)|VARIABLE_ASSIGNMENT|[EXTERNAL]|this|{"delToHub":true,"detail":"0x142f75","www":"0x2272f3a5","wwwById":"0x11afbbc3"}|0x7be1eb50
12:26:18.0 (34292470)|STATEMENT_EXECUTE|[3]
12:26:18.0 (34294700)|STATEMENT_EXECUTE|[4]
12:26:18.0 (34296282)|STATEMENT_EXECUTE|[9]
12:26:18.0 (34336107)|VARIABLE_ASSIGNMENT|[144]|this.Project__c|"a0q0E0000008S3bQAE"|0x142f75
12:26:18.0 (34358717)|HEAP_ALLOCATE|[EXTERNAL]|Bytes:12
12:26:18.0 (34364959)|HEAP_ALLOCATE|[145]|Bytes:95
12:26:18.0 (34499477)|HEAP_ALLOCATE|[145]|Bytes:5
12:26:18.0 (34514110)|HEAP_ALLOCATE|[145]|Bytes:12
12:26:18.0 (34521059)|VARIABLE_SCOPE_BEGIN|[145]|rec|Projecten__c|true|false
12:26:18.0 (34532579)|VARIABLE_ASSIGNMENT|[145]|rec|{"Id":"a0q0E0000008S3bQAE","Name":"2165103"}|0x7b4d7ec9
12:26:18.0 (34535874)|STATEMENT_EXECUTE|[145]
12:26:18.0 (34581433)|VARIABLE_ASSIGNMENT|[EXTERNAL]|this|{"delToHub":true,"detail":"0x142f75","www":"0x2272f3a5","wwwById":"0x11afbbc3"}|0x7be1eb50
12:26:18.0 (34584980)|STATEMENT_EXECUTE|[21]
12:26:18.0 (34587120)|STATEMENT_EXECUTE|[22]
12:26:18.0 (34588260)|STATEMENT_EXECUTE|[26]
12:26:18.0 (34594530)|STATEMENT_EXECUTE|[146]
12:26:18.0 (34595832)|STATEMENT_EXECUTE|[147]
12:26:18.0 (34632988)|VARIABLE_ASSIGNMENT|[EXTERNAL]|this|{"delToHub":true,"detail":"0x142f75","www":"0x2272f3a5","wwwById":"0x11afbbc3"}|0x7be1eb50
12:26:18.0 (34636701)|STATEMENT_EXECUTE|[21]
12:26:18.0 (34638174)|STATEMENT_EXECUTE|[22]
12:26:18.0 (34639151)|STATEMENT_EXECUTE|[26]
12:26:18.0 (34687830)|VARIABLE_ASSIGNMENT|[147]|this.Project__c|"a0q0E0000008S3bQAE"|0x2272f3a5
12:26:18.0 (34690896)|STATEMENT_EXECUTE|[150]
12:26:18.0 (34708520)|HEAP_ALLOCATE|[150]|Bytes:18
12:26:18.0 (34768643)|HEAP_ALLOCATE|[EXTERNAL]|Bytes:4
12:26:18.0 (34782330)|HEAP_ALLOCATE|[145]|Bytes:5
12:26:18.0 (34790738)|HEAP_ALLOCATE|[145]|Bytes:12
12:26:18.0 (34795974)|VARIABLE_SCOPE_BEGIN|[145]|rec|Projecten__c|true|false
12:26:18.0 (34805925)|VARIABLE_ASSIGNMENT|[145]|rec|{"Id":"a0q0E0000008S3WQAU","Name":"5700"}|0x4a5d9f00
12:26:18.0 (34808670)|STATEMENT_EXECUTE|[145]
12:26:18.0 (34841050)|VARIABLE_ASSIGNMENT|[EXTERNAL]|this|{"delToHub":true,"detail":"0x142f75","www":"0x2272f3a5","wwwById":"0x11afbbc3"}|0x7be1eb50
12:26:18.0 (34844157)|STATEMENT_EXECUTE|[21]
12:26:18.0 (34845917)|STATEMENT_EXECUTE|[22]
12:26:18.0 (34847422)|STATEMENT_EXECUTE|[26]
12:26:18.0 (34868956)|STATEMENT_EXECUTE|[146]
12:26:18.0 (34870404)|STATEMENT_EXECUTE|[150]
12:26:18.0 (34878776)|HEAP_ALLOCATE|[150]|Bytes:18
12:26:18.0 (34890783)|HEAP_ALLOCATE|[EXTERNAL]|Bytes:4
12:26:18.0 (34900007)|HEAP_ALLOCATE|[145]|Bytes:5
12:26:18.0 (34909428)|VARIABLE_ASSIGNMENT|[145]|rec|null|
12:26:18.0 (34912326)|STATEMENT_EXECUTE|[152]
12:26:18.0 (34916372)|METHOD_EXIT|[181]|01p2400000DUtXT|NewDeliveredExtension.getProjects()
12:26:18.37 (37716574)|SYSTEM_MODE_ENTER|true
12:26:18.37 (37748431)|HEAP_ALLOCATE|[EXTERNAL]|Bytes:38
12:26:18.37 (37753736)|HEAP_ALLOCATE|[EXTERNAL]|Bytes:7
12:26:18.37 (37761044)|SYSTEM_METHOD_ENTRY|[1]|PageMessagesComponentController.PageMessagesComponentController()
12:26:18.37 (37763610)|STATEMENT_EXECUTE|[1]
12:26:18.37 (37891730)|SYSTEM_MODE_ENTER|true
12:26:18.37 (37934673)|HEAP_ALLOCATE|[EXTERNAL]|Bytes:8
12:26:18.37 (37940259)|VARIABLE_SCOPE_BEGIN|[88]|this|ApexPage.PageMessagesComponentController|true|false
12:26:18.37 (37956698)|VARIABLE_ASSIGNMENT|[88]|this|{}|0x575f5789
12:26:18.37 (37959539)|VARIABLE_SCOPE_BEGIN|[88]|escape|Boolean|false|false
12:26:18.37 (37962930)|VARIABLE_ASSIGNMENT|[88]|escape|null
12:26:18.38 (38097599)|SYSTEM_MODE_ENTER|true
12:26:18.38 (38122816)|HEAP_ALLOCATE|[EXTERNAL]|Bytes:8
12:26:18.38 (38127151)|VARIABLE_SCOPE_BEGIN|[2]|this|ApexPage.PageMessagesComponentController|true|false
12:26:18.38 (38144742)|VARIABLE_ASSIGNMENT|[2]|this|{}|0x575f5789
12:26:18.0 (38847934)|SYSTEM_MODE_ENTER|true
12:26:18.0 (38871132)|HEAP_ALLOCATE|[EXTERNAL]|Bytes:80
12:26:18.0 (38912602)|VARIABLE_ASSIGNMENT|[EXTERNAL]|this|{"delToHub":true,"detail":"0x142f75","www":"0x2272f3a5","wwwById":"0x11afbbc3"}|0x7be1eb50
12:26:18.0 (38918649)|STATEMENT_EXECUTE|[196]
12:26:18.0 (38921651)|STATEMENT_EXECUTE|[197]
12:26:18.0 (38922779)|STATEMENT_EXECUTE|[198]
12:26:18.0 (38928195)|HEAP_ALLOCATE|[198]|Bytes:5
12:26:18.0 (38936834)|VARIABLE_ASSIGNMENT|[198]|this.invoked|false|0x7be1eb50
12:26:18.0 (38939942)|STATEMENT_EXECUTE|[200]
12:26:18.0 (39027666)|SYSTEM_MODE_ENTER|true
12:26:18.0 (39059411)|HEAP_ALLOCATE|[EXTERNAL]|Bytes:80
12:26:18.0 (39112619)|VARIABLE_ASSIGNMENT|[EXTERNAL]|this|{"delToHub":true,"detail":"0x142f75","invoked":false,"www":"0x2272f3a5","wwwById":"0x11afbbc3"}|0x7be1eb50
12:26:18.0 (39120979)|STATEMENT_EXECUTE|[229]
12:26:18.0 (39124971)|STATEMENT_EXECUTE|[230]
12:26:18.0 (39126913)|STATEMENT_EXECUTE|[233]
12:26:18.0 (39262903)|SYSTEM_MODE_ENTER|true
12:26:18.0 (39288962)|HEAP_ALLOCATE|[EXTERNAL]|Bytes:80
12:26:18.0 (39338331)|VARIABLE_ASSIGNMENT|[EXTERNAL]|this|{"delToHub":true,"detail":"0x142f75","invoked":false,"www":"0x2272f3a5","wwwById":"0x11afbbc3"}|0x7be1eb50
12:26:18.0 (39345712)|STATEMENT_EXECUTE|[3]
12:26:18.0 (39352373)|STATEMENT_EXECUTE|[4]
12:26:18.0 (39354116)|STATEMENT_EXECUTE|[9]
12:26:18.0 (41975096)|SYSTEM_MODE_ENTER|true
12:26:18.0 (41999753)|HEAP_ALLOCATE|[EXTERNAL]|Bytes:80
12:26:18.0 (42039683)|VARIABLE_ASSIGNMENT|[EXTERNAL]|this|{"delToHub":true,"detail":"0x142f75","invoked":false,"www":"0x2272f3a5","wwwById":"0x11afbbc3"}|0x7be1eb50
12:26:18.0 (42046389)|STATEMENT_EXECUTE|[186]
12:26:18.0 (42049828)|STATEMENT_EXECUTE|[187]
12:26:18.0 (42051566)|STATEMENT_EXECUTE|[188]
12:26:18.0 (42119513)|HEAP_ALLOCATE|[188]|Bytes:4
12:26:18.0 (42181614)|HEAP_ALLOCATE|[EXTERNAL]|Bytes:4
12:26:18.0 (42189856)|VARIABLE_ASSIGNMENT|[188]|this.sublocations1|[]|0x7be1eb50
12:26:18.0 (42193209)|STATEMENT_EXECUTE|[190]
12:26:18.0 (42646242)|SYSTEM_MODE_ENTER|true
12:26:18.0 (42667523)|HEAP_ALLOCATE|[EXTERNAL]|Bytes:80
12:26:18.0 (42708592)|VARIABLE_ASSIGNMENT|[EXTERNAL]|this|{"delToHub":true,"detail":"0x142f75","invoked":false,"sublocations1":"0x3f19ecbd","www":"0x2272f3a5","wwwById":"0x11afbbc3"}|0x7be1eb50
12:26:18.0 (42714585)|STATEMENT_EXECUTE|[204]
12:26:18.0 (42717477)|STATEMENT_EXECUTE|[205]
12:26:18.0 (42718629)|STATEMENT_EXECUTE|[206]
12:26:18.0 (42724110)|HEAP_ALLOCATE|[206]|Bytes:5
12:26:18.0 (42731787)|VARIABLE_ASSIGNMENT|[206]|this.rejected|false|0x7be1eb50
12:26:18.0 (42733814)|STATEMENT_EXECUTE|[208]
12:26:18.0 (42784070)|SYSTEM_MODE_ENTER|true
12:26:18.0 (42800657)|HEAP_ALLOCATE|[EXTERNAL]|Bytes:80
12:26:18.0 (42839674)|VARIABLE_ASSIGNMENT|[EXTERNAL]|this|{"delToHub":true,"detail":"0x142f75","invoked":false,"rejected":false,"sublocations1":"0x3f19ecbd","www":"0x2272f3a5","wwwById":"0x11afbbc3"}|0x7be1eb50
12:26:18.0 (42844724)|STATEMENT_EXECUTE|[220]
12:26:18.0 (42847235)|STATEMENT_EXECUTE|[221]
12:26:18.0 (42848339)|STATEMENT_EXECUTE|[222]
12:26:18.0 (42852688)|HEAP_ALLOCATE|[222]|Bytes:5
12:26:18.0 (42858732)|VARIABLE_ASSIGNMENT|[222]|this.delToProj|false|0x7be1eb50
12:26:18.0 (42860596)|STATEMENT_EXECUTE|[224]
12:26:18.0 (42905843)|SYSTEM_MODE_ENTER|true
12:26:18.0 (42920809)|HEAP_ALLOCATE|[EXTERNAL]|Bytes:80
12:26:18.0 (42957089)|VARIABLE_ASSIGNMENT|[EXTERNAL]|this|{"delToHub":true,"delToProj":false,"detail":"0x142f75","invoked":false,"rejected":false,"sublocations1":"0x3f19ecbd","www":"0x2272f3a5","wwwById":"0x11afbbc3"}|0x7be1eb50
12:26:18.0 (42962109)|STATEMENT_EXECUTE|[212]
12:26:18.0 (42964407)|STATEMENT_EXECUTE|[213]
12:26:18.0 (42965470)|STATEMENT_EXECUTE|[214]
12:26:18.0 (42969983)|HEAP_ALLOCATE|[214]|Bytes:5
12:26:18.0 (42975984)|VARIABLE_ASSIGNMENT|[214]|this.reserved|false|0x7be1eb50
12:26:18.0 (42977506)|STATEMENT_EXECUTE|[216]
12:26:18.0 (43060059)|SYSTEM_MODE_ENTER|true
12:26:18.0 (43077072)|HEAP_ALLOCATE|[EXTERNAL]|Bytes:80
12:26:18.0 (43114451)|VARIABLE_ASSIGNMENT|[EXTERNAL]|this|{"delToHub":true,"delToProj":false,"detail":"0x142f75","invoked":false,"rejected":false,"reserved":false,"sublocations1":"0x3f19ecbd","www":"0x2272f3a5","wwwById":"0x11afbbc3"}|0x7be1eb50
12:26:18.0 (43119688)|STATEMENT_EXECUTE|[21]
12:26:18.0 (43121921)|STATEMENT_EXECUTE|[22]
12:26:18.0 (43123115)|STATEMENT_EXECUTE|[26]
12:26:18.59 (59935996)|SYSTEM_MODE_ENTER|true
12:26:18.59 (59980230)|HEAP_ALLOCATE|[EXTERNAL]|Bytes:8
12:26:18.59 (59986094)|VARIABLE_SCOPE_BEGIN|[88]|this|ApexPage.PageMessagesComponentController|true|false
12:26:18.59 (60002349)|VARIABLE_ASSIGNMENT|[88]|this|{}|0x575f5789
12:26:18.59 (60005563)|VARIABLE_SCOPE_BEGIN|[88]|escape|Boolean|false|false
12:26:18.59 (60009464)|VARIABLE_ASSIGNMENT|[88]|escape|null
12:26:18.60 (60109894)|SYSTEM_MODE_ENTER|true
12:26:18.60 (60138313)|HEAP_ALLOCATE|[EXTERNAL]|Bytes:8
12:26:18.60 (60142676)|VARIABLE_SCOPE_BEGIN|[2]|this|ApexPage.PageMessagesComponentController|true|false
12:26:18.60 (60155947)|VARIABLE_ASSIGNMENT|[2]|this|{}|0x575f5789
12:26:18.0 (62695374)|SYSTEM_MODE_ENTER|true
12:26:18.0 (62737417)|HEAP_ALLOCATE|[EXTERNAL]|Bytes:80
12:26:18.0 (62745296)|VARIABLE_SCOPE_BEGIN|[48]|this|NewDeliveredExtension|true|false
12:26:18.0 (62804636)|VARIABLE_ASSIGNMENT|[48]|this|{"delToHub":true,"delToProj":false,"detail":"0x142f75","invoked":false,"rejected":false,"reserved":false,"sublocations1":"0x3f19ecbd","www":"0x2272f3a5","wwwById":"0x11afbbc3"}|0x7be1eb50
12:26:18.0 (62815050)|STATEMENT_EXECUTE|[48]
12:26:18.0 (62819315)|STATEMENT_EXECUTE|[49]
12:26:18.0 (62824865)|HEAP_ALLOCATE|[49]|Bytes:4
12:26:18.0 (62851626)|VARIABLE_SCOPE_BEGIN|[49]|options|List<System.SelectOption>|true|false
12:26:18.0 (62865029)|HEAP_ALLOCATE|[EXTERNAL]|Bytes:4
12:26:18.0 (62871823)|VARIABLE_ASSIGNMENT|[49]|options|[]|0x2da3de9e
12:26:18.0 (62874818)|STATEMENT_EXECUTE|[50]
12:26:18.0 (62878730)|VARIABLE_SCOPE_BEGIN|[50]|i|Integer|false|false
12:26:18.0 (62882762)|HEAP_ALLOCATE|[50]|Bytes:4
12:26:18.0 (62887474)|VARIABLE_ASSIGNMENT|[50]|i|0
12:26:18.0 (62891919)|STATEMENT_EXECUTE|[50]
12:26:18.0 (62893483)|STATEMENT_EXECUTE|[51]
12:26:18.0 (62895029)|VARIABLE_SCOPE_BEGIN|[51]|j|Integer|false|false
12:26:18.0 (62896758)|HEAP_ALLOCATE|[51]|Bytes:4
12:26:18.0 (62899215)|VARIABLE_ASSIGNMENT|[51]|j|0
12:26:18.0 (62901213)|STATEMENT_EXECUTE|[51]
12:26:18.0 (62903137)|STATEMENT_EXECUTE|[52]
12:26:18.0 (62904201)|STATEMENT_EXECUTE|[53]
12:26:18.0 (62939092)|HEAP_ALLOCATE|[53]|Bytes:1
12:26:18.0 (62951260)|HEAP_ALLOCATE|[53]|Bytes:2
12:26:18.0 (62962535)|HEAP_ALLOCATE|[53]|Bytes:1
12:26:18.0 (62978407)|HEAP_ALLOCATE|[53]|Bytes:4
12:26:18.0 (62988647)|HEAP_ALLOCATE|[53]|Bytes:1
12:26:18.0 (63002229)|HEAP_ALLOCATE|[53]|Bytes:1
12:26:18.0 (63013134)|HEAP_ALLOCATE|[53]|Bytes:4
12:26:18.0 (63045912)|HEAP_ALLOCATE|[EXTERNAL]|Bytes:4
12:26:18.0 (63053546)|HEAP_ALLOCATE|[51]|Bytes:4
12:26:18.0 (63059426)|VARIABLE_ASSIGNMENT|[51]|j|30
12:26:18.0 (63062698)|STATEMENT_EXECUTE|[51]
12:26:18.0 (63064333)|STATEMENT_EXECUTE|[54]
12:26:18.0 (63065377)|STATEMENT_EXECUTE|[55]
12:26:18.0 (63088186)|HEAP_ALLOCATE|[55]|Bytes:1
12:26:18.0 (63094811)|HEAP_ALLOCATE|[55]|Bytes:1
12:26:18.0 (63100801)|HEAP_ALLOCATE|[55]|Bytes:2
12:26:18.0 (63106593)|HEAP_ALLOCATE|[55]|Bytes:4
12:26:18.0 (63122167)|HEAP_ALLOCATE|[55]|Bytes:1
12:26:18.0 (63142995)|HEAP_ALLOCATE|[55]|Bytes:2
12:26:18.0 (63154014)|HEAP_ALLOCATE|[55]|Bytes:4
12:26:18.0 (63175780)|HEAP_ALLOCATE|[EXTERNAL]|Bytes:4
12:26:18.0 (63182303)|HEAP_ALLOCATE|[51]|Bytes:4
12:26:18.0 (63187759)|VARIABLE_ASSIGNMENT|[51]|j|60
12:26:18.0 (63191463)|HEAP_ALLOCATE|[50]|Bytes:4
12:26:18.0 (63193987)|VARIABLE_ASSIGNMENT|[50]|i|1
12:26:18.0 (63196208)|STATEMENT_EXECUTE|[50]
12:26:18.0 (63197737)|STATEMENT_EXECUTE|[51]
12:26:18.0 (63199758)|VARIABLE_SCOPE_BEGIN|[51]|j|Integer|false|false
12:26:18.0 (63202186)|HEAP_ALLOCATE|[51]|Bytes:4
12:26:18.0 (63204483)|VARIABLE_ASSIGNMENT|[51]|j|0
12:26:18.0 (63206270)|STATEMENT_EXECUTE|[51]
12:26:18.0 (63207712)|STATEMENT_EXECUTE|[52]
12:26:18.0 (63208692)|STATEMENT_EXECUTE|[53]
12:26:18.0 (63217821)|HEAP_ALLOCATE|[53]|Bytes:1
12:26:18.0 (63225927)|HEAP_ALLOCATE|[53]|Bytes:1
12:26:18.0 (63231050)|HEAP_ALLOCATE|[53]|Bytes:4
12:26:18.0 (63235792)|HEAP_ALLOCATE|[53]|Bytes:1
12:26:18.0 (63242671)|HEAP_ALLOCATE|[53]|Bytes:1
12:26:18.0 (63247225)|HEAP_ALLOCATE|[53]|Bytes:4
12:26:18.0 (63253822)|HEAP_ALLOCATE|[EXTERNAL]|Bytes:4
12:26:18.0 (63257507)|HEAP_ALLOCATE|[51]|Bytes:4
12:26:18.0 (63260879)|VARIABLE_ASSIGNMENT|[51]|j|30
12:26:18.0 (63262749)|STATEMENT_EXECUTE|[51]
12:26:18.0 (63264250)|STATEMENT_EXECUTE|[54]
12:26:18.0 (63265188)|STATEMENT_EXECUTE|[55]
12:26:18.0 (63270903)|HEAP_ALLOCATE|[55]|Bytes:1
12:26:18.0 (63278500)|HEAP_ALLOCATE|[55]|Bytes:2
12:26:18.0 (63283405)|HEAP_ALLOCATE|[55]|Bytes:4
12:26:18.0 (63287955)|HEAP_ALLOCATE|[55]|Bytes:1
12:26:18.0 (63295159)|HEAP_ALLOCATE|[55]|Bytes:2
12:26:18.0 (63299916)|HEAP_ALLOCATE|[55]|Bytes:4
12:26:18.0 (63304659)|HEAP_ALLOCATE|[EXTERNAL]|Bytes:4
12:26:18.0 (63308017)|HEAP_ALLOCATE|[51]|Bytes:4
12:26:18.0 (63310811)|VARIABLE_ASSIGNMENT|[51]|j|60
12:26:18.0 (63312926)|HEAP_ALLOCATE|[50]|Bytes:4
12:26:18.0 (63315182)|VARIABLE_ASSIGNMENT|[50]|i|2
12:26:18.0 (63316673)|STATEMENT_EXECUTE|[50]
12:26:18.0 (63317924)|STATEMENT_EXECUTE|[51]
12:26:18.0 (63319538)|VARIABLE_SCOPE_BEGIN|[51]|j|Integer|false|false
12:26:18.0 (63321130)|HEAP_ALLOCATE|[51]|Bytes:4
12:26:18.0 (63323440)|VARIABLE_ASSIGNMENT|[51]|j|0
12:26:18.0 (63324952)|STATEMENT_EXECUTE|[51]
12:26:18.0 (63326267)|STATEMENT_EXECUTE|[52]
12:26:18.0 (63327263)|STATEMENT_EXECUTE|[53]
12:26:18.0 (63332965)|HEAP_ALLOCATE|[53]|Bytes:1
12:26:18.0 (63340446)|HEAP_ALLOCATE|[53]|Bytes:1
12:26:18.0 (63345296)|HEAP_ALLOCATE|[53]|Bytes:4
12:26:18.0 (63350113)|HEAP_ALLOCATE|[53]|Bytes:1
12:26:18.0 (63356931)|HEAP_ALLOCATE|[53]|Bytes:1
12:26:18.0 (63362075)|HEAP_ALLOCATE|[53]|Bytes:4
12:26:18.0 (63366774)|HEAP_ALLOCATE|[EXTERNAL]|Bytes:4
12:26:18.0 (63370214)|HEAP_ALLOCATE|[51]|Bytes:4
12:26:18.0 (63373061)|VARIABLE_ASSIGNMENT|[51]|j|30
12:26:18.0 (63374811)|STATEMENT_EXECUTE|[51]
12:26:18.0 (63376194)|STATEMENT_EXECUTE|[54]
12:26:18.0 (63377118)|STATEMENT_EXECUTE|[55]
12:26:18.0 (63382547)|HEAP_ALLOCATE|[55]|Bytes:1
12:26:18.0 (63389795)|HEAP_ALLOCATE|[55]|Bytes:2
12:26:18.0 (63394637)|HEAP_ALLOCATE|[55]|Bytes:4
12:26:18.0 (63399171)|HEAP_ALLOCATE|[55]|Bytes:1
12:26:18.0 (63406066)|HEAP_ALLOCATE|[55]|Bytes:2
12:26:18.0 (63410735)|HEAP_ALLOCATE|[55]|Bytes:4
12:26:18.0 (63415201)|HEAP_ALLOCATE|[EXTERNAL]|Bytes:4
12:26:18.0 (63418448)|HEAP_ALLOCATE|[51]|Bytes:4
12:26:18.0 (63421151)|VARIABLE_ASSIGNMENT|[51]|j|60
12:26:18.0 (63423095)|HEAP_ALLOCATE|[50]|Bytes:4
12:26:18.0 (63425260)|VARIABLE_ASSIGNMENT|[50]|i|3
12:26:18.0 (63426810)|STATEMENT_EXECUTE|[50]
12:26:18.0 (63428018)|STATEMENT_EXECUTE|[51]
12:26:18.0 (63429748)|VARIABLE_SCOPE_BEGIN|[51]|j|Integer|false|false
12:26:18.0 (63431260)|HEAP_ALLOCATE|[51]|Bytes:4
12:26:18.0 (63433513)|VARIABLE_ASSIGNMENT|[51]|j|0
12:26:18.0 (63434909)|STATEMENT_EXECUTE|[51]
12:26:18.0 (63436177)|STATEMENT_EXECUTE|[52]
12:26:18.0 (63437146)|STATEMENT_EXECUTE|[53]
12:26:18.0 (63442624)|HEAP_ALLOCATE|[53]|Bytes:1
12:26:18.0 (63450011)|HEAP_ALLOCATE|[53]|Bytes:1
12:26:18.0 (63454808)|HEAP_ALLOCATE|[53]|Bytes:4
12:26:18.0 (63459353)|HEAP_ALLOCATE|[53]|Bytes:1
12:26:18.0 (63466226)|HEAP_ALLOCATE|[53]|Bytes:1
12:26:18.0 (63470982)|HEAP_ALLOCATE|[53]|Bytes:4
12:26:18.0 (63475742)|HEAP_ALLOCATE|[EXTERNAL]|Bytes:4
12:26:18.0 (63479017)|HEAP_ALLOCATE|[51]|Bytes:4
12:26:18.0 (63481927)|VARIABLE_ASSIGNMENT|[51]|j|30
12:26:18.0 (63483625)|STATEMENT_EXECUTE|[51]
12:26:18.0 (63485047)|STATEMENT_EXECUTE|[54]
12:26:18.0 (63485973)|STATEMENT_EXECUTE|[55]
12:26:18.0 (63491645)|HEAP_ALLOCATE|[55]|Bytes:1
12:26:18.0 (63509615)|HEAP_ALLOCATE|[55]|Bytes:2
12:26:18.0 (63520685)|HEAP_ALLOCATE|[55]|Bytes:4
12:26:18.0 (63529555)|HEAP_ALLOCATE|[55]|Bytes:1
12:26:18.0 (63542817)|HEAP_ALLOCATE|[55]|Bytes:2
12:26:18.0 (63551585)|HEAP_ALLOCATE|[55]|Bytes:4
12:26:18.0 (63558210)|HEAP_ALLOCATE|[EXTERNAL]|Bytes:4
12:26:18.0 (63562343)|HEAP_ALLOCATE|[51]|Bytes:4
12:26:18.0 (63566353)|VARIABLE_ASSIGNMENT|[51]|j|60
12:26:18.0 (63568694)|HEAP_ALLOCATE|[50]|Bytes:4
12:26:18.0 (63573624)|VARIABLE_ASSIGNMENT|[50]|i|4
12:26:18.0 (63575602)|STATEMENT_EXECUTE|[50]
12:26:18.0 (63576875)|STATEMENT_EXECUTE|[51]
12:26:18.0 (63578740)|VARIABLE_SCOPE_BEGIN|[51]|j|Integer|false|false
12:26:18.0 (63580482)|HEAP_ALLOCATE|[51]|Bytes:4
12:26:18.0 (63582792)|VARIABLE_ASSIGNMENT|[51]|j|0
12:26:18.0 (63584279)|STATEMENT_EXECUTE|[51]
12:26:18.0 (63585579)|STATEMENT_EXECUTE|[52]
12:26:18.0 (63586524)|STATEMENT_EXECUTE|[53]
12:26:18.0 (63593397)|HEAP_ALLOCATE|[53]|Bytes:1
12:26:18.0 (63600996)|HEAP_ALLOCATE|[53]|Bytes:1
12:26:18.0 (63605849)|HEAP_ALLOCATE|[53]|Bytes:4
12:26:18.0 (63610468)|HEAP_ALLOCATE|[53]|Bytes:1
12:26:18.0 (63617297)|HEAP_ALLOCATE|[53]|Bytes:1
12:26:18.0 (63622436)|HEAP_ALLOCATE|[53]|Bytes:4
12:26:18.0 (63627326)|HEAP_ALLOCATE|[EXTERNAL]|Bytes:4
12:26:18.0 (63630841)|HEAP_ALLOCATE|[51]|Bytes:4
12:26:18.0 (63633760)|VARIABLE_ASSIGNMENT|[51]|j|30
12:26:18.0 (63635452)|STATEMENT_EXECUTE|[51]
12:26:18.0 (63636873)|STATEMENT_EXECUTE|[54]
12:26:18.0 (63637846)|STATEMENT_EXECUTE|[55]
12:26:18.0 (63643485)|HEAP_ALLOCATE|[55]|Bytes:1
12:26:18.0 (63651061)|HEAP_ALLOCATE|[55]|Bytes:2
12:26:18.0 (63656039)|HEAP_ALLOCATE|[55]|Bytes:4
12:26:18.0 (63660652)|HEAP_ALLOCATE|[55]|Bytes:1
12:26:18.0 (63674051)|HEAP_ALLOCATE|[55]|Bytes:2
12:26:18.0 (63684535)|HEAP_ALLOCATE|[55]|Bytes:4
12:26:18.0 (63694351)|HEAP_ALLOCATE|[EXTERNAL]|Bytes:4
12:26:18.0 (63701168)|HEAP_ALLOCATE|[51]|Bytes:4
12:26:18.0 (63707204)|VARIABLE_ASSIGNMENT|[51]|j|60
12:26:18.0 (63710987)|HEAP_ALLOCATE|[50]|Bytes:4
12:26:18.0 (63714667)|VARIABLE_ASSIGNMENT|[50]|i|5
12:26:18.0 (63717516)|STATEMENT_EXECUTE|[50]
12:26:18.0 (63719469)|STATEMENT_EXECUTE|[51]
12:26:18.0 (63722178)|VARIABLE_SCOPE_BEGIN|[51]|j|Integer|false|false
12:26:18.0 (63725362)|HEAP_ALLOCATE|[51]|Bytes:4
12:26:18.0 (63729084)|VARIABLE_ASSIGNMENT|[51]|j|0
12:26:18.0 (63731577)|STATEMENT_EXECUTE|[51]
12:26:18.0 (63733697)|STATEMENT_EXECUTE|[52]
12:26:18.0 (63735159)|STATEMENT_EXECUTE|[53]
12:26:18.0 (63748293)|HEAP_ALLOCATE|[53]|Bytes:1
12:26:18.0 (63762086)|HEAP_ALLOCATE|[53]|Bytes:1
12:26:18.0 (63773123)|HEAP_ALLOCATE|[53]|Bytes:4
12:26:18.0 (63781352)|HEAP_ALLOCATE|[53]|Bytes:1
12:26:18.0 (63793580)|HEAP_ALLOCATE|[53]|Bytes:1
12:26:18.0 (63801265)|HEAP_ALLOCATE|[53]|Bytes:4
12:26:18.0 (63808713)|HEAP_ALLOCATE|[EXTERNAL]|Bytes:4
12:26:18.0 (63813468)|HEAP_ALLOCATE|[51]|Bytes:4
12:26:18.0 (63817378)|VARIABLE_ASSIGNMENT|[51]|j|30
12:26:18.0 (63819667)|STATEMENT_EXECUTE|[51]
12:26:18.0 (63821180)|STATEMENT_EXECUTE|[54]
12:26:18.0 (63822134)|STATEMENT_EXECUTE|[55]
12:26:18.0 (63828620)|HEAP_ALLOCATE|[55]|Bytes:1
12:26:18.0 (63836035)|HEAP_ALLOCATE|[55]|Bytes:2
12:26:18.0 (63840922)|HEAP_ALLOCATE|[55]|Bytes:4
12:26:18.0 (63845601)|HEAP_ALLOCATE|[55]|Bytes:1
12:26:18.0 (63856540)|HEAP_ALLOCATE|[55]|Bytes:2
12:26:18.0 (63865109)|HEAP_ALLOCATE|[55]|Bytes:4
12:26:18.0 (63874444)|HEAP_ALLOCATE|[EXTERNAL]|Bytes:4
12:26:18.0 (63880785)|HEAP_ALLOCATE|[51]|Bytes:4
12:26:18.0 (63886506)|VARIABLE_ASSIGNMENT|[51]|j|60
12:26:18.0 (63890460)|HEAP_ALLOCATE|[50]|Bytes:4
12:26:18.0 (63894420)|VARIABLE_ASSIGNMENT|[50]|i|6
12:26:18.0 (63897204)|STATEMENT_EXECUTE|[50]
12:26:18.0 (63899157)|STATEMENT_EXECUTE|[51]
12:26:18.0 (63902024)|VARIABLE_SCOPE_BEGIN|[51]|j|Integer|false|false
12:26:18.0 (63905154)|HEAP_ALLOCATE|[51]|Bytes:4
12:26:18.0 (63909757)|VARIABLE_ASSIGNMENT|[51]|j|0
12:26:18.0 (63912336)|STATEMENT_EXECUTE|[51]
12:26:18.0 (63914309)|STATEMENT_EXECUTE|[52]
12:26:18.0 (63915710)|STATEMENT_EXECUTE|[53]
12:26:18.0 (63930755)|HEAP_ALLOCATE|[53]|Bytes:1
12:26:18.0 (63945226)|HEAP_ALLOCATE|[53]|Bytes:1
12:26:18.0 (63954230)|HEAP_ALLOCATE|[53]|Bytes:4
12:26:18.0 (63963292)|HEAP_ALLOCATE|[53]|Bytes:1
12:26:18.0 (63975334)|HEAP_ALLOCATE|[53]|Bytes:1
12:26:18.0 (63984523)|HEAP_ALLOCATE|[53]|Bytes:4
12:26:18.0 (63996285)|HEAP_ALLOCATE|[EXTERNAL]|Bytes:4
12:26:18.0 (64003649)|HEAP_ALLOCATE|[51]|Bytes:4
12:26:18.0 (64011699)|VARIABLE_ASSIGNMENT|[51]|j|30
12:26:18.0 (64015486)|STATEMENT_EXECUTE|[51]
12:26:18.0 (64017947)|STATEMENT_EXECUTE|[54]
12:26:18.0 (64019385)|STATEMENT_EXECUTE|[55]
12:26:18.0 (64032784)|HEAP_ALLOCATE|[55]|Bytes:1
12:26:18.0 (64046794)|HEAP_ALLOCATE|[55]|Bytes:2
12:26:18.0 (64055871)|HEAP_ALLOCATE|[55]|Bytes:4
12:26:18.0 (64064909)|HEAP_ALLOCATE|[55]|Bytes:1
12:26:18.0 (64078066)|HEAP_ALLOCATE|[55]|Bytes:2
12:26:18.0 (64086627)|HEAP_ALLOCATE|[55]|Bytes:4
12:26:18.0 (64096433)|HEAP_ALLOCATE|[EXTERNAL]|Bytes:4
12:26:18.0 (64102979)|HEAP_ALLOCATE|[51]|Bytes:4
12:26:18.0 (64109105)|VARIABLE_ASSIGNMENT|[51]|j|60
12:26:18.0 (64113053)|HEAP_ALLOCATE|[50]|Bytes:4
12:26:18.0 (64116774)|VARIABLE_ASSIGNMENT|[50]|i|7
12:26:18.0 (64119688)|STATEMENT_EXECUTE|[50]
12:26:18.0 (64121948)|STATEMENT_EXECUTE|[51]
12:26:18.0 (64124858)|VARIABLE_SCOPE_BEGIN|[51]|j|Integer|false|false
12:26:18.0 (64128495)|HEAP_ALLOCATE|[51]|Bytes:4
12:26:18.0 (64139182)|VARIABLE_ASSIGNMENT|[51]|j|0
12:26:18.0 (64142889)|STATEMENT_EXECUTE|[51]
12:26:18.0 (64145148)|STATEMENT_EXECUTE|[52]
12:26:18.0 (64146596)|STATEMENT_EXECUTE|[53]
12:26:18.0 (64160831)|HEAP_ALLOCATE|[53]|Bytes:1
12:26:18.0 (64174556)|HEAP_ALLOCATE|[53]|Bytes:1
12:26:18.0 (64183671)|HEAP_ALLOCATE|[53]|Bytes:4
12:26:18.0 (64192005)|HEAP_ALLOCATE|[53]|Bytes:1
12:26:18.0 (64204100)|HEAP_ALLOCATE|[53]|Bytes:1
12:26:18.0 (64213067)|HEAP_ALLOCATE|[53]|Bytes:4
12:26:18.0 (64224313)|HEAP_ALLOCATE|[EXTERNAL]|Bytes:4
12:26:18.0 (64231730)|HEAP_ALLOCATE|[51]|Bytes:4
12:26:18.0 (64238652)|VARIABLE_ASSIGNMENT|[51]|j|30
12:26:18.0 (64242315)|STATEMENT_EXECUTE|[51]
12:26:18.0 (64244519)|STATEMENT_EXECUTE|[54]
12:26:18.0 (64245883)|STATEMENT_EXECUTE|[55]
12:26:18.0 (64258922)|HEAP_ALLOCATE|[55]|Bytes:1
12:26:18.0 (64273399)|HEAP_ALLOCATE|[55]|Bytes:2
12:26:18.0 (64285890)|HEAP_ALLOCATE|[55]|Bytes:4
12:26:18.0 (64291425)|HEAP_ALLOCATE|[55]|Bytes:1
12:26:18.0 (64298499)|HEAP_ALLOCATE|[55]|Bytes:2
12:26:18.0 (64303159)|HEAP_ALLOCATE|[55]|Bytes:4
12:26:18.0 (64309773)|HEAP_ALLOCATE|[EXTERNAL]|Bytes:4
12:26:18.0 (64314169)|HEAP_ALLOCATE|[51]|Bytes:4
12:26:18.0 (64318066)|VARIABLE_ASSIGNMENT|[51]|j|60
12:26:18.0 (64320766)|HEAP_ALLOCATE|[50]|Bytes:4
12:26:18.0 (64323250)|VARIABLE_ASSIGNMENT|[50]|i|8
12:26:18.0 (64325226)|STATEMENT_EXECUTE|[50]
12:26:18.0 (64326595)|STATEMENT_EXECUTE|[51]
12:26:18.0 (64328425)|VARIABLE_SCOPE_BEGIN|[51]|j|Integer|false|false
12:26:18.0 (64330523)|HEAP_ALLOCATE|[51]|Bytes:4
12:26:18.0 (64332786)|VARIABLE_ASSIGNMENT|[51]|j|0
12:26:18.0 (64334295)|STATEMENT_EXECUTE|[51]
12:26:18.0 (64335670)|STATEMENT_EXECUTE|[52]
12:26:18.0 (64336654)|STATEMENT_EXECUTE|[53]
12:26:18.0 (64343041)|HEAP_ALLOCATE|[53]|Bytes:1
12:26:18.0 (64350563)|HEAP_ALLOCATE|[53]|Bytes:1
12:26:18.0 (64355351)|HEAP_ALLOCATE|[53]|Bytes:4
12:26:18.0 (64359843)|HEAP_ALLOCATE|[53]|Bytes:1
12:26:18.0 (64366687)|HEAP_ALLOCATE|[53]|Bytes:1
12:26:18.0 (64374979)|HEAP_ALLOCATE|[53]|Bytes:4
12:26:18.0 (64380498)|HEAP_ALLOCATE|[EXTERNAL]|Bytes:4
12:26:18.0 (64384293)|HEAP_ALLOCATE|[51]|Bytes:4
12:26:18.0 (64387332)|VARIABLE_ASSIGNMENT|[51]|j|30
12:26:18.0 (64389233)|STATEMENT_EXECUTE|[51]
12:26:18.0 (64390607)|STATEMENT_EXECUTE|[54]
12:26:18.0 (64391636)|STATEMENT_EXECUTE|[55]
12:26:18.0 (64397404)|HEAP_ALLOCATE|[55]|Bytes:1
12:26:18.0 (64404768)|HEAP_ALLOCATE|[55]|Bytes:2
12:26:18.0 (64409554)|HEAP_ALLOCATE|[55]|Bytes:4
12:26:18.0 (64414225)|HEAP_ALLOCATE|[55]|Bytes:1
12:26:18.0 (64421217)|HEAP_ALLOCATE|[55]|Bytes:2
12:26:18.0 (64425973)|HEAP_ALLOCATE|[55]|Bytes:4
12:26:18.0 (64430318)|HEAP_ALLOCATE|[EXTERNAL]|Bytes:4
12:26:18.0 (64433679)|HEAP_ALLOCATE|[51]|Bytes:4
12:26:18.0 (64436581)|VARIABLE_ASSIGNMENT|[51]|j|60
12:26:18.0 (64438464)|HEAP_ALLOCATE|[50]|Bytes:4
12:26:18.0 (64440637)|VARIABLE_ASSIGNMENT|[50]|i|9
12:26:18.0 (64442267)|STATEMENT_EXECUTE|[50]
12:26:18.0 (64443422)|STATEMENT_EXECUTE|[51]
12:26:18.0 (64444996)|VARIABLE_SCOPE_BEGIN|[51]|j|Integer|false|false
12:26:18.0 (64446625)|HEAP_ALLOCATE|[51]|Bytes:4
12:26:18.0 (64448880)|VARIABLE_ASSIGNMENT|[51]|j|0
12:26:18.0 (64450275)|STATEMENT_EXECUTE|[51]
12:26:18.0 (64451499)|STATEMENT_EXECUTE|[52]
12:26:18.0 (64452444)|STATEMENT_EXECUTE|[53]
12:26:18.0 (64457954)|HEAP_ALLOCATE|[53]|Bytes:1
12:26:18.0 (64465093)|HEAP_ALLOCATE|[53]|Bytes:1
12:26:18.0 (64469799)|HEAP_ALLOCATE|[53]|Bytes:4
12:26:18.0 (64474313)|HEAP_ALLOCATE|[53]|Bytes:1
12:26:18.0 (64481123)|HEAP_ALLOCATE|[53]|Bytes:1
12:26:18.0 (64485737)|HEAP_ALLOCATE|[53]|Bytes:4
12:26:18.0 (64490361)|HEAP_ALLOCATE|[EXTERNAL]|Bytes:4
12:26:18.0 (64493728)|HEAP_ALLOCATE|[51]|Bytes:4
12:26:18.0 (64496761)|VARIABLE_ASSIGNMENT|[51]|j|30
12:26:18.0 (64498574)|STATEMENT_EXECUTE|[51]
12:26:18.0 (64499893)|STATEMENT_EXECUTE|[54]
12:26:18.0 (64500834)|STATEMENT_EXECUTE|[55]
12:26:18.0 (64506424)|HEAP_ALLOCATE|[55]|Bytes:1
12:26:18.0 (64513876)|HEAP_ALLOCATE|[55]|Bytes:2
12:26:18.0 (64518779)|HEAP_ALLOCATE|[55]|Bytes:4
12:26:18.0 (64523255)|HEAP_ALLOCATE|[55]|Bytes:1
12:26:18.0 (64530015)|HEAP_ALLOCATE|[55]|Bytes:2
12:26:18.0 (64534827)|HEAP_ALLOCATE|[55]|Bytes:4
12:26:18.0 (64539099)|HEAP_ALLOCATE|[EXTERNAL]|Bytes:4
12:26:18.0 (64542381)|HEAP_ALLOCATE|[51]|Bytes:4
12:26:18.0 (64545146)|VARIABLE_ASSIGNMENT|[51]|j|60
12:26:18.0 (64546960)|HEAP_ALLOCATE|[50]|Bytes:4
12:26:18.0 (64549238)|VARIABLE_ASSIGNMENT|[50]|i|10
12:26:18.0 (64550861)|STATEMENT_EXECUTE|[50]
12:26:18.0 (64552008)|STATEMENT_EXECUTE|[51]
12:26:18.0 (64553547)|VARIABLE_SCOPE_BEGIN|[51]|j|Integer|false|false
12:26:18.0 (64554986)|HEAP_ALLOCATE|[51]|Bytes:4
12:26:18.0 (64557165)|VARIABLE_ASSIGNMENT|[51]|j|0
12:26:18.0 (64568192)|STATEMENT_EXECUTE|[51]
12:26:18.0 (64570423)|STATEMENT_EXECUTE|[52]
12:26:18.0 (64571817)|STATEMENT_EXECUTE|[53]
12:26:18.0 (64583232)|HEAP_ALLOCATE|[53]|Bytes:2
12:26:18.0 (64597095)|HEAP_ALLOCATE|[53]|Bytes:1
12:26:18.0 (64605629)|HEAP_ALLOCATE|[53]|Bytes:5
12:26:18.0 (64613964)|HEAP_ALLOCATE|[53]|Bytes:2
12:26:18.0 (64626109)|HEAP_ALLOCATE|[53]|Bytes:1
12:26:18.0 (64635696)|HEAP_ALLOCATE|[53]|Bytes:5
12:26:18.0 (64645733)|HEAP_ALLOCATE|[EXTERNAL]|Bytes:4
12:26:18.0 (64650462)|HEAP_ALLOCATE|[51]|Bytes:4
12:26:18.0 (64654811)|VARIABLE_ASSIGNMENT|[51]|j|30
12:26:18.0 (64657148)|STATEMENT_EXECUTE|[51]
12:26:18.0 (64658724)|STATEMENT_EXECUTE|[54]
12:26:18.0 (64659702)|STATEMENT_EXECUTE|[55]
12:26:18.0 (64666639)|HEAP_ALLOCATE|[55]|Bytes:2
12:26:18.0 (64674075)|HEAP_ALLOCATE|[55]|Bytes:2
12:26:18.0 (64678839)|HEAP_ALLOCATE|[55]|Bytes:5
12:26:18.0 (64683432)|HEAP_ALLOCATE|[55]|Bytes:2
12:26:18.0 (64690396)|HEAP_ALLOCATE|[55]|Bytes:2
12:26:18.0 (64695031)|HEAP_ALLOCATE|[55]|Bytes:5
12:26:18.0 (64699806)|HEAP_ALLOCATE|[EXTERNAL]|Bytes:4
12:26:18.0 (64703100)|HEAP_ALLOCATE|[51]|Bytes:4
12:26:18.0 (64706177)|VARIABLE_ASSIGNMENT|[51]|j|60
12:26:18.0 (64708336)|HEAP_ALLOCATE|[50]|Bytes:4
12:26:18.0 (64710764)|VARIABLE_ASSIGNMENT|[50]|i|11
12:26:18.0 (64712565)|STATEMENT_EXECUTE|[50]
12:26:18.0 (64714530)|STATEMENT_EXECUTE|[51]
12:26:18.0 (64717063)|VARIABLE_SCOPE_BEGIN|[51]|j|Integer|false|false
12:26:18.0 (64719808)|HEAP_ALLOCATE|[51]|Bytes:4
12:26:18.0 (64724253)|VARIABLE_ASSIGNMENT|[51]|j|0
12:26:18.0 (64726799)|STATEMENT_EXECUTE|[51]
12:26:18.0 (64728807)|STATEMENT_EXECUTE|[52]
12:26:18.0 (64730162)|STATEMENT_EXECUTE|[53]
12:26:18.0 (64753038)|HEAP_ALLOCATE|[53]|Bytes:2
12:26:18.0 (64768209)|HEAP_ALLOCATE|[53]|Bytes:1
12:26:18.0 (64776528)|HEAP_ALLOCATE|[53]|Bytes:5
12:26:18.0 (64784755)|HEAP_ALLOCATE|[53]|Bytes:2
12:26:18.0 (64797363)|HEAP_ALLOCATE|[53]|Bytes:1
12:26:18.0 (64806090)|HEAP_ALLOCATE|[53]|Bytes:5
12:26:18.0 (64816855)|HEAP_ALLOCATE|[EXTERNAL]|Bytes:4
12:26:18.0 (64824697)|HEAP_ALLOCATE|[51]|Bytes:4
12:26:18.0 (64831497)|VARIABLE_ASSIGNMENT|[51]|j|30
12:26:18.0 (64835120)|STATEMENT_EXECUTE|[51]
12:26:18.0 (64837438)|STATEMENT_EXECUTE|[54]
12:26:18.0 (64838907)|STATEMENT_EXECUTE|[55]
12:26:18.0 (64852776)|HEAP_ALLOCATE|[55]|Bytes:2
12:26:18.0 (64866698)|HEAP_ALLOCATE|[55]|Bytes:2
12:26:18.0 (64876143)|HEAP_ALLOCATE|[55]|Bytes:5
12:26:18.0 (64884820)|HEAP_ALLOCATE|[55]|Bytes:2
12:26:18.0 (64896153)|HEAP_ALLOCATE|[55]|Bytes:2
12:26:18.0 (64901808)|HEAP_ALLOCATE|[55]|Bytes:5
12:26:18.0 (64908525)|HEAP_ALLOCATE|[EXTERNAL]|Bytes:4
12:26:18.0 (64912680)|HEAP_ALLOCATE|[51]|Bytes:4
12:26:18.0 (64917041)|VARIABLE_ASSIGNMENT|[51]|j|60
12:26:18.0 (64919624)|HEAP_ALLOCATE|[50]|Bytes:4
12:26:18.0 (64922001)|VARIABLE_ASSIGNMENT|[50]|i|12
12:26:18.0 (64924005)|STATEMENT_EXECUTE|[50]
12:26:18.0 (64925480)|STATEMENT_EXECUTE|[51]
12:26:18.0 (64927379)|VARIABLE_SCOPE_BEGIN|[51]|j|Integer|false|false
12:26:18.0 (64929362)|HEAP_ALLOCATE|[51]|Bytes:4
12:26:18.0 (64931601)|VARIABLE_ASSIGNMENT|[51]|j|0
12:26:18.0 (64933144)|STATEMENT_EXECUTE|[51]
12:26:18.0 (64934451)|STATEMENT_EXECUTE|[52]
12:26:18.0 (64935485)|STATEMENT_EXECUTE|[53]
12:26:18.0 (64944079)|HEAP_ALLOCATE|[53]|Bytes:2
12:26:18.0 (64954920)|HEAP_ALLOCATE|[53]|Bytes:1
12:26:18.0 (64959828)|HEAP_ALLOCATE|[53]|Bytes:5
12:26:18.0 (64964379)|HEAP_ALLOCATE|[53]|Bytes:2
12:26:18.0 (64971273)|HEAP_ALLOCATE|[53]|Bytes:1
12:26:18.0 (64975929)|HEAP_ALLOCATE|[53]|Bytes:5
12:26:18.0 (64981533)|HEAP_ALLOCATE|[EXTERNAL]|Bytes:4
12:26:18.0 (64985224)|HEAP_ALLOCATE|[51]|Bytes:4
12:26:18.0 (64988321)|VARIABLE_ASSIGNMENT|[51]|j|30
12:26:18.0 (64991310)|STATEMENT_EXECUTE|[51]
12:26:18.0 (64993534)|STATEMENT_EXECUTE|[54]
12:26:18.0 (64995005)|STATEMENT_EXECUTE|[55]
12:26:18.0 (65005043)|HEAP_ALLOCATE|[55]|Bytes:2
12:26:18.0 (65018808)|HEAP_ALLOCATE|[55]|Bytes:2
12:26:18.0 (65027011)|HEAP_ALLOCATE|[55]|Bytes:5
12:26:18.0 (65034677)|HEAP_ALLOCATE|[55]|Bytes:2
12:26:18.0 (65047235)|HEAP_ALLOCATE|[55]|Bytes:2
12:26:18.0 (65056036)|HEAP_ALLOCATE|[55]|Bytes:5
12:26:18.0 (65065975)|HEAP_ALLOCATE|[EXTERNAL]|Bytes:4
12:26:18.0 (65074269)|HEAP_ALLOCATE|[51]|Bytes:4
12:26:18.0 (65078847)|VARIABLE_ASSIGNMENT|[51]|j|60
12:26:18.0 (65081573)|HEAP_ALLOCATE|[50]|Bytes:4
12:26:18.0 (65084056)|VARIABLE_ASSIGNMENT|[50]|i|13
12:26:18.0 (65085903)|STATEMENT_EXECUTE|[50]
12:26:18.0 (65087318)|STATEMENT_EXECUTE|[51]
12:26:18.0 (65089188)|VARIABLE_SCOPE_BEGIN|[51]|j|Integer|false|false
12:26:18.0 (65090956)|HEAP_ALLOCATE|[51]|Bytes:4
12:26:18.0 (65093561)|VARIABLE_ASSIGNMENT|[51]|j|0
12:26:18.0 (65094987)|STATEMENT_EXECUTE|[51]
12:26:18.0 (65096302)|STATEMENT_EXECUTE|[52]
12:26:18.0 (65097247)|STATEMENT_EXECUTE|[53]
12:26:18.0 (65104779)|HEAP_ALLOCATE|[53]|Bytes:2
12:26:18.0 (65112554)|HEAP_ALLOCATE|[53]|Bytes:1
12:26:18.0 (65117435)|HEAP_ALLOCATE|[53]|Bytes:5
12:26:18.0 (65122001)|HEAP_ALLOCATE|[53]|Bytes:2
12:26:18.0 (65128790)|HEAP_ALLOCATE|[53]|Bytes:1
12:26:18.0 (65138571)|HEAP_ALLOCATE|[53]|Bytes:5
12:26:18.0 (65144132)|HEAP_ALLOCATE|[EXTERNAL]|Bytes:4
12:26:18.0 (65147704)|HEAP_ALLOCATE|[51]|Bytes:4
12:26:18.0 (65158636)|VARIABLE_ASSIGNMENT|[51]|j|30
12:26:18.0 (65161920)|STATEMENT_EXECUTE|[51]
12:26:18.0 (65164184)|STATEMENT_EXECUTE|[54]
12:26:18.0 (65165654)|STATEMENT_EXECUTE|[55]
12:26:18.0 (65177502)|HEAP_ALLOCATE|[55]|Bytes:2
12:26:18.0 (65192038)|HEAP_ALLOCATE|[55]|Bytes:2
12:26:18.0 (65201779)|HEAP_ALLOCATE|[55]|Bytes:5
12:26:18.0 (65210525)|HEAP_ALLOCATE|[55]|Bytes:2
12:26:18.0 (65222640)|HEAP_ALLOCATE|[55]|Bytes:2
12:26:18.0 (65232274)|HEAP_ALLOCATE|[55]|Bytes:5
12:26:18.0 (65242485)|HEAP_ALLOCATE|[EXTERNAL]|Bytes:4
12:26:18.0 (65249444)|HEAP_ALLOCATE|[51]|Bytes:4
12:26:18.0 (65256107)|VARIABLE_ASSIGNMENT|[51]|j|60
12:26:18.0 (65260512)|HEAP_ALLOCATE|[50]|Bytes:4
12:26:18.0 (65264413)|VARIABLE_ASSIGNMENT|[50]|i|14
12:26:18.0 (65267443)|STATEMENT_EXECUTE|[50]
12:26:18.0 (65269551)|STATEMENT_EXECUTE|[51]
12:26:18.0 (65272714)|VARIABLE_SCOPE_BEGIN|[51]|j|Integer|false|false
12:26:18.0 (65287514)|HEAP_ALLOCATE|[51]|Bytes:4
12:26:18.0 (65292845)|VARIABLE_ASSIGNMENT|[51]|j|0
12:26:18.0 (65296743)|STATEMENT_EXECUTE|[51]
12:26:18.0 (65299000)|STATEMENT_EXECUTE|[52]
12:26:18.0 (65300473)|STATEMENT_EXECUTE|[53]
12:26:18.0 (65316161)|HEAP_ALLOCATE|[53]|Bytes:2
12:26:18.0 (65329848)|HEAP_ALLOCATE|[53]|Bytes:1
12:26:18.0 (65338430)|HEAP_ALLOCATE|[53]|Bytes:5
12:26:18.0 (65346386)|HEAP_ALLOCATE|[53]|Bytes:2
12:26:18.0 (65358690)|HEAP_ALLOCATE|[53]|Bytes:1
12:26:18.0 (65367797)|HEAP_ALLOCATE|[53]|Bytes:5
12:26:18.0 (65378792)|HEAP_ALLOCATE|[EXTERNAL]|Bytes:4
12:26:18.0 (65386486)|HEAP_ALLOCATE|[51]|Bytes:4
12:26:18.0 (65393386)|VARIABLE_ASSIGNMENT|[51]|j|30
12:26:18.0 (65397312)|STATEMENT_EXECUTE|[51]
12:26:18.0 (65399778)|STATEMENT_EXECUTE|[54]
12:26:18.0 (65401270)|STATEMENT_EXECUTE|[55]
12:26:18.0 (65415133)|HEAP_ALLOCATE|[55]|Bytes:2
12:26:18.0 (65428827)|HEAP_ALLOCATE|[55]|Bytes:2
12:26:18.0 (65437708)|HEAP_ALLOCATE|[55]|Bytes:5
12:26:18.0 (65446398)|HEAP_ALLOCATE|[55]|Bytes:2
12:26:18.0 (65459386)|HEAP_ALLOCATE|[55]|Bytes:2
12:26:18.0 (65464296)|HEAP_ALLOCATE|[55]|Bytes:5
12:26:18.0 (65471419)|HEAP_ALLOCATE|[EXTERNAL]|Bytes:4
12:26:18.0 (65475587)|HEAP_ALLOCATE|[51]|Bytes:4
12:26:18.0 (65479546)|VARIABLE_ASSIGNMENT|[51]|j|60
12:26:18.0 (65482280)|HEAP_ALLOCATE|[50]|Bytes:4
12:26:18.0 (65484792)|VARIABLE_ASSIGNMENT|[50]|i|15
12:26:18.0 (65486685)|STATEMENT_EXECUTE|[50]
12:26:18.0 (65488109)|STATEMENT_EXECUTE|[51]
12:26:18.0 (65490159)|VARIABLE_SCOPE_BEGIN|[51]|j|Integer|false|false
12:26:18.0 (65492232)|HEAP_ALLOCATE|[51]|Bytes:4
12:26:18.0 (65494809)|VARIABLE_ASSIGNMENT|[51]|j|0
12:26:18.0 (65496312)|STATEMENT_EXECUTE|[51]
12:26:18.0 (65497611)|STATEMENT_EXECUTE|[52]
12:26:18.0 (65498581)|STATEMENT_EXECUTE|[53]
12:26:18.0 (65505246)|HEAP_ALLOCATE|[53]|Bytes:2
12:26:18.0 (65513009)|HEAP_ALLOCATE|[53]|Bytes:1
12:26:18.0 (65517834)|HEAP_ALLOCATE|[53]|Bytes:5
12:26:18.0 (65522371)|HEAP_ALLOCATE|[53]|Bytes:2
12:26:18.0 (65529176)|HEAP_ALLOCATE|[53]|Bytes:1
12:26:18.0 (65533793)|HEAP_ALLOCATE|[53]|Bytes:5
12:26:18.0 (65538378)|HEAP_ALLOCATE|[EXTERNAL]|Bytes:4
12:26:18.0 (65541970)|HEAP_ALLOCATE|[51]|Bytes:4
12:26:18.0 (65544837)|VARIABLE_ASSIGNMENT|[51]|j|30
12:26:18.0 (65546645)|STATEMENT_EXECUTE|[51]
12:26:18.0 (65548028)|STATEMENT_EXECUTE|[54]
12:26:18.0 (65548997)|STATEMENT_EXECUTE|[55]
12:26:18.0 (65554727)|HEAP_ALLOCATE|[55]|Bytes:2
12:26:18.0 (65561885)|HEAP_ALLOCATE|[55]|Bytes:2
12:26:18.0 (65566870)|HEAP_ALLOCATE|[55]|Bytes:5
12:26:18.0 (65571395)|HEAP_ALLOCATE|[55]|Bytes:2
12:26:18.0 (65578187)|HEAP_ALLOCATE|[55]|Bytes:2
12:26:18.0 (65583187)|HEAP_ALLOCATE|[55]|Bytes:5
12:26:18.0 (65587520)|HEAP_ALLOCATE|[EXTERNAL]|Bytes:4
12:26:18.0 (65590715)|HEAP_ALLOCATE|[51]|Bytes:4
12:26:18.0 (65593379)|VARIABLE_ASSIGNMENT|[51]|j|60
12:26:18.0 (65595326)|HEAP_ALLOCATE|[50]|Bytes:4
12:26:18.0 (65597589)|VARIABLE_ASSIGNMENT|[50]|i|16
12:26:18.0 (65599184)|STATEMENT_EXECUTE|[50]
12:26:18.0 (65600352)|STATEMENT_EXECUTE|[51]
12:26:18.0 (65601914)|VARIABLE_SCOPE_BEGIN|[51]|j|Integer|false|false
12:26:18.0 (65603404)|HEAP_ALLOCATE|[51]|Bytes:4
12:26:18.0 (65605672)|VARIABLE_ASSIGNMENT|[51]|j|0
12:26:18.0 (65607175)|STATEMENT_EXECUTE|[51]
12:26:18.0 (65608429)|STATEMENT_EXECUTE|[52]
12:26:18.0 (65609405)|STATEMENT_EXECUTE|[53]
12:26:18.0 (65615085)|HEAP_ALLOCATE|[53]|Bytes:2
12:26:18.0 (65622244)|HEAP_ALLOCATE|[53]|Bytes:1
12:26:18.0 (65627087)|HEAP_ALLOCATE|[53]|Bytes:5
12:26:18.0 (65631582)|HEAP_ALLOCATE|[53]|Bytes:2
12:26:18.0 (65638390)|HEAP_ALLOCATE|[53]|Bytes:1
12:26:18.0 (65643002)|HEAP_ALLOCATE|[53]|Bytes:5
12:26:18.0 (65647452)|HEAP_ALLOCATE|[EXTERNAL]|Bytes:4
12:26:18.0 (65651051)|HEAP_ALLOCATE|[51]|Bytes:4
12:26:18.0 (65653723)|VARIABLE_ASSIGNMENT|[51]|j|30
12:26:18.0 (65655429)|STATEMENT_EXECUTE|[51]
12:26:18.0 (65656779)|STATEMENT_EXECUTE|[54]
12:26:18.0 (65657719)|STATEMENT_EXECUTE|[55]
12:26:18.0 (65663206)|HEAP_ALLOCATE|[55]|Bytes:2
12:26:18.0 (65670453)|HEAP_ALLOCATE|[55]|Bytes:2
12:26:18.0 (65675463)|HEAP_ALLOCATE|[55]|Bytes:5
12:26:18.0 (65680026)|HEAP_ALLOCATE|[55]|Bytes:2
12:26:18.0 (65686757)|HEAP_ALLOCATE|[55]|Bytes:2
12:26:18.0 (65691422)|HEAP_ALLOCATE|[55]|Bytes:5
12:26:18.0 (65695689)|HEAP_ALLOCATE|[EXTERNAL]|Bytes:4
12:26:18.0 (65699207)|HEAP_ALLOCATE|[51]|Bytes:4
12:26:18.0 (65701888)|VARIABLE_ASSIGNMENT|[51]|j|60
12:26:18.0 (65703734)|HEAP_ALLOCATE|[50]|Bytes:4
12:26:18.0 (65705913)|VARIABLE_ASSIGNMENT|[50]|i|17
12:26:18.0 (65707443)|STATEMENT_EXECUTE|[50]
12:26:18.0 (65708627)|STATEMENT_EXECUTE|[51]
12:26:18.0 (65710195)|VARIABLE_SCOPE_BEGIN|[51]|j|Integer|false|false
12:26:18.0 (65711594)|HEAP_ALLOCATE|[51]|Bytes:4
12:26:18.0 (65714061)|VARIABLE_ASSIGNMENT|[51]|j|0
12:26:18.0 (65715539)|STATEMENT_EXECUTE|[51]
12:26:18.0 (65716856)|STATEMENT_EXECUTE|[52]
12:26:18.0 (65717784)|STATEMENT_EXECUTE|[53]
12:26:18.0 (65723471)|HEAP_ALLOCATE|[53]|Bytes:2
12:26:18.0 (65730687)|HEAP_ALLOCATE|[53]|Bytes:1
12:26:18.0 (65735513)|HEAP_ALLOCATE|[53]|Bytes:5
12:26:18.0 (65740027)|HEAP_ALLOCATE|[53]|Bytes:2
12:26:18.0 (65746718)|HEAP_ALLOCATE|[53]|Bytes:1
12:26:18.0 (65751348)|HEAP_ALLOCATE|[53]|Bytes:5
12:26:18.0 (65755753)|HEAP_ALLOCATE|[EXTERNAL]|Bytes:4
12:26:18.0 (65759025)|HEAP_ALLOCATE|[51]|Bytes:4
12:26:18.0 (65761732)|VARIABLE_ASSIGNMENT|[51]|j|30
12:26:18.0 (65763365)|STATEMENT_EXECUTE|[51]
12:26:18.0 (65764681)|STATEMENT_EXECUTE|[54]
12:26:18.0 (65765606)|STATEMENT_EXECUTE|[55]
12:26:18.0 (65771007)|HEAP_ALLOCATE|[55]|Bytes:2
12:26:18.0 (65778185)|HEAP_ALLOCATE|[55]|Bytes:2
12:26:18.0 (65783085)|HEAP_ALLOCATE|[55]|Bytes:5
12:26:18.0 (65787608)|HEAP_ALLOCATE|[55]|Bytes:2
12:26:18.0 (65795426)|HEAP_ALLOCATE|[55]|Bytes:2
12:26:18.0 (65803965)|HEAP_ALLOCATE|[55]|Bytes:5
12:26:18.0 (65812052)|HEAP_ALLOCATE|[EXTERNAL]|Bytes:4
12:26:18.0 (65817844)|HEAP_ALLOCATE|[51]|Bytes:4
12:26:18.0 (65823438)|VARIABLE_ASSIGNMENT|[51]|j|60
12:26:18.0 (65827382)|HEAP_ALLOCATE|[50]|Bytes:4
12:26:18.0 (65831797)|VARIABLE_ASSIGNMENT|[50]|i|18
12:26:18.0 (65834818)|STATEMENT_EXECUTE|[50]
12:26:18.0 (65836694)|STATEMENT_EXECUTE|[51]
12:26:18.0 (65839565)|VARIABLE_SCOPE_BEGIN|[51]|j|Integer|false|false
12:26:18.0 (65842173)|HEAP_ALLOCATE|[51]|Bytes:4
12:26:18.0 (65845784)|VARIABLE_ASSIGNMENT|[51]|j|0
12:26:18.0 (65848186)|STATEMENT_EXECUTE|[51]
12:26:18.0 (65850225)|STATEMENT_EXECUTE|[52]
12:26:18.0 (65851682)|STATEMENT_EXECUTE|[53]
12:26:18.0 (65865818)|HEAP_ALLOCATE|[53]|Bytes:2
12:26:18.0 (65879702)|HEAP_ALLOCATE|[53]|Bytes:1
12:26:18.0 (65888870)|HEAP_ALLOCATE|[53]|Bytes:5
12:26:18.0 (65897846)|HEAP_ALLOCATE|[53]|Bytes:2
12:26:18.0 (65909958)|HEAP_ALLOCATE|[53]|Bytes:1
12:26:18.0 (65918088)|HEAP_ALLOCATE|[53]|Bytes:5
12:26:18.0 (65928432)|HEAP_ALLOCATE|[EXTERNAL]|Bytes:4
12:26:18.0 (65939244)|HEAP_ALLOCATE|[51]|Bytes:4
12:26:18.0 (65944713)|VARIABLE_ASSIGNMENT|[51]|j|30
12:26:18.0 (65947210)|STATEMENT_EXECUTE|[51]
12:26:18.0 (65948705)|STATEMENT_EXECUTE|[54]
12:26:18.0 (65949686)|STATEMENT_EXECUTE|[55]
12:26:18.0 (65957805)|HEAP_ALLOCATE|[55]|Bytes:2
12:26:18.0 (65965680)|HEAP_ALLOCATE|[55]|Bytes:2
12:26:18.0 (65970681)|HEAP_ALLOCATE|[55]|Bytes:5
12:26:18.0 (65975194)|HEAP_ALLOCATE|[55]|Bytes:2
12:26:18.0 (65981975)|HEAP_ALLOCATE|[55]|Bytes:2
12:26:18.0 (65986878)|HEAP_ALLOCATE|[55]|Bytes:5
12:26:18.0 (65991939)|HEAP_ALLOCATE|[EXTERNAL]|Bytes:4
12:26:18.0 (65995517)|HEAP_ALLOCATE|[51]|Bytes:4
12:26:18.0 (65998533)|VARIABLE_ASSIGNMENT|[51]|j|60
12:26:18.0 (66000595)|HEAP_ALLOCATE|[50]|Bytes:4
12:26:18.0 (66003538)|VARIABLE_ASSIGNMENT|[50]|i|19
12:26:18.0 (66005262)|STATEMENT_EXECUTE|[50]
12:26:18.0 (66006491)|STATEMENT_EXECUTE|[51]
12:26:18.0 (66008267)|VARIABLE_SCOPE_BEGIN|[51]|j|Integer|false|false
12:26:18.0 (66010165)|HEAP_ALLOCATE|[51]|Bytes:4
12:26:18.0 (66012803)|VARIABLE_ASSIGNMENT|[51]|j|0
12:26:18.0 (66014258)|STATEMENT_EXECUTE|[51]
12:26:18.0 (66015469)|STATEMENT_EXECUTE|[52]
12:26:18.0 (66016416)|STATEMENT_EXECUTE|[53]
12:26:18.0 (66022277)|HEAP_ALLOCATE|[53]|Bytes:2
12:26:18.0 (66029688)|HEAP_ALLOCATE|[53]|Bytes:1
12:26:18.0 (66034608)|HEAP_ALLOCATE|[53]|Bytes:5
12:26:18.0 (66039129)|HEAP_ALLOCATE|[53]|Bytes:2
12:26:18.0 (66045931)|HEAP_ALLOCATE|[53]|Bytes:1
12:26:18.0 (66050876)|HEAP_ALLOCATE|[53]|Bytes:5
12:26:18.0 (66055403)|HEAP_ALLOCATE|[EXTERNAL]|Bytes:4
12:26:18.0 (66058787)|HEAP_ALLOCATE|[51]|Bytes:4
12:26:18.0 (66061541)|VARIABLE_ASSIGNMENT|[51]|j|30
12:26:18.0 (66063143)|STATEMENT_EXECUTE|[51]
12:26:18.0 (66064543)|STATEMENT_EXECUTE|[54]
12:26:18.0 (66065484)|STATEMENT_EXECUTE|[55]
12:26:18.0 (66070817)|HEAP_ALLOCATE|[55]|Bytes:2
12:26:18.0 (66078201)|HEAP_ALLOCATE|[55]|Bytes:2
12:26:18.0 (66083055)|HEAP_ALLOCATE|[55]|Bytes:5
12:26:18.0 (66087620)|HEAP_ALLOCATE|[55]|Bytes:2
12:26:18.0 (66094378)|HEAP_ALLOCATE|[55]|Bytes:2
12:26:18.0 (66099069)|HEAP_ALLOCATE|[55]|Bytes:5
12:26:18.0 (66103683)|HEAP_ALLOCATE|[EXTERNAL]|Bytes:4
12:26:18.0 (66106778)|HEAP_ALLOCATE|[51]|Bytes:4
12:26:18.0 (66109420)|VARIABLE_ASSIGNMENT|[51]|j|60
12:26:18.0 (66111342)|HEAP_ALLOCATE|[50]|Bytes:4
12:26:18.0 (66113526)|VARIABLE_ASSIGNMENT|[50]|i|20
12:26:18.0 (66115085)|STATEMENT_EXECUTE|[50]
12:26:18.0 (66116237)|STATEMENT_EXECUTE|[51]
12:26:18.0 (66117712)|VARIABLE_SCOPE_BEGIN|[51]|j|Integer|false|false
12:26:18.0 (66119075)|HEAP_ALLOCATE|[51]|Bytes:4
12:26:18.0 (66121253)|VARIABLE_ASSIGNMENT|[51]|j|0
12:26:18.0 (66122679)|STATEMENT_EXECUTE|[51]
12:26:18.0 (66123906)|STATEMENT_EXECUTE|[52]
12:26:18.0 (66124857)|STATEMENT_EXECUTE|[53]
12:26:18.0 (66130326)|HEAP_ALLOCATE|[53]|Bytes:2
12:26:18.0 (66142161)|HEAP_ALLOCATE|[53]|Bytes:1
12:26:18.0 (66147203)|HEAP_ALLOCATE|[53]|Bytes:5
12:26:18.0 (66151648)|HEAP_ALLOCATE|[53]|Bytes:2
12:26:18.0 (66158677)|HEAP_ALLOCATE|[53]|Bytes:1
12:26:18.0 (66163285)|HEAP_ALLOCATE|[53]|Bytes:5
12:26:18.0 (66167850)|HEAP_ALLOCATE|[EXTERNAL]|Bytes:4
12:26:18.0 (66171842)|HEAP_ALLOCATE|[51]|Bytes:4
12:26:18.0 (66174725)|VARIABLE_ASSIGNMENT|[51]|j|30
12:26:18.0 (66176419)|STATEMENT_EXECUTE|[51]
12:26:18.0 (66177767)|STATEMENT_EXECUTE|[54]
12:26:18.0 (66178698)|STATEMENT_EXECUTE|[55]
12:26:18.0 (66184262)|HEAP_ALLOCATE|[55]|Bytes:2
12:26:18.0 (66191451)|HEAP_ALLOCATE|[55]|Bytes:2
12:26:18.0 (66196222)|HEAP_ALLOCATE|[55]|Bytes:5
12:26:18.0 (66200687)|HEAP_ALLOCATE|[55]|Bytes:2
12:26:18.0 (66207622)|HEAP_ALLOCATE|[55]|Bytes:2
12:26:18.0 (66212357)|HEAP_ALLOCATE|[55]|Bytes:5
12:26:18.0 (66216680)|HEAP_ALLOCATE|[EXTERNAL]|Bytes:4
12:26:18.0 (66219867)|HEAP_ALLOCATE|[51]|Bytes:4
12:26:18.0 (66222539)|VARIABLE_ASSIGNMENT|[51]|j|60
12:26:18.0 (66224378)|HEAP_ALLOCATE|[50]|Bytes:4
12:26:18.0 (66226506)|VARIABLE_ASSIGNMENT|[50]|i|21
12:26:18.0 (66228020)|STATEMENT_EXECUTE|[50]
12:26:18.0 (66229225)|STATEMENT_EXECUTE|[51]
12:26:18.0 (66230721)|VARIABLE_SCOPE_BEGIN|[51]|j|Integer|false|false
12:26:18.0 (66232162)|HEAP_ALLOCATE|[51]|Bytes:4
12:26:18.0 (66234320)|VARIABLE_ASSIGNMENT|[51]|j|0
12:26:18.0 (66235988)|STATEMENT_EXECUTE|[51]
12:26:18.0 (66237372)|STATEMENT_EXECUTE|[52]
12:26:18.0 (66238308)|STATEMENT_EXECUTE|[53]
12:26:18.0 (66243831)|HEAP_ALLOCATE|[53]|Bytes:2
12:26:18.0 (66251029)|HEAP_ALLOCATE|[53]|Bytes:1
12:26:18.0 (66255952)|HEAP_ALLOCATE|[53]|Bytes:5
12:26:18.0 (66260759)|HEAP_ALLOCATE|[53]|Bytes:2
12:26:18.0 (66267670)|HEAP_ALLOCATE|[53]|Bytes:1
12:26:18.0 (66272243)|HEAP_ALLOCATE|[53]|Bytes:5
12:26:18.0 (66276578)|HEAP_ALLOCATE|[EXTERNAL]|Bytes:4
12:26:18.0 (66279821)|HEAP_ALLOCATE|[51]|Bytes:4
12:26:18.0 (66282462)|VARIABLE_ASSIGNMENT|[51]|j|30
12:26:18.0 (66284065)|STATEMENT_EXECUTE|[51]
12:26:18.0 (66285361)|STATEMENT_EXECUTE|[54]
12:26:18.0 (66286281)|STATEMENT_EXECUTE|[55]
12:26:18.0 (66291658)|HEAP_ALLOCATE|[55]|Bytes:2
12:26:18.0 (66298798)|HEAP_ALLOCATE|[55]|Bytes:2
12:26:18.0 (66303620)|HEAP_ALLOCATE|[55]|Bytes:5
12:26:18.0 (66308155)|HEAP_ALLOCATE|[55]|Bytes:2
12:26:18.0 (66314983)|HEAP_ALLOCATE|[55]|Bytes:2
12:26:18.0 (66319745)|HEAP_ALLOCATE|[55]|Bytes:5
12:26:18.0 (66324264)|HEAP_ALLOCATE|[EXTERNAL]|Bytes:4
12:26:18.0 (66327318)|HEAP_ALLOCATE|[51]|Bytes:4
12:26:18.0 (66329937)|VARIABLE_ASSIGNMENT|[51]|j|60
12:26:18.0 (66331692)|HEAP_ALLOCATE|[50]|Bytes:4
12:26:18.0 (66333870)|VARIABLE_ASSIGNMENT|[50]|i|22
12:26:18.0 (66335371)|STATEMENT_EXECUTE|[50]
12:26:18.0 (66336543)|STATEMENT_EXECUTE|[51]
12:26:18.0 (66338082)|VARIABLE_SCOPE_BEGIN|[51]|j|Integer|false|false
12:26:18.0 (66339410)|HEAP_ALLOCATE|[51]|Bytes:4
12:26:18.0 (66341609)|VARIABLE_ASSIGNMENT|[51]|j|0
12:26:18.0 (66343081)|STATEMENT_EXECUTE|[51]
12:26:18.0 (66344317)|STATEMENT_EXECUTE|[52]
12:26:18.0 (66345349)|STATEMENT_EXECUTE|[53]
12:26:18.0 (66350734)|HEAP_ALLOCATE|[53]|Bytes:2
12:26:18.0 (66357928)|HEAP_ALLOCATE|[53]|Bytes:1
12:26:18.0 (66362784)|HEAP_ALLOCATE|[53]|Bytes:5
12:26:18.0 (66367300)|HEAP_ALLOCATE|[53]|Bytes:2
12:26:18.0 (66374324)|HEAP_ALLOCATE|[53]|Bytes:1
12:26:18.0 (66378919)|HEAP_ALLOCATE|[53]|Bytes:5
12:26:18.0 (66383178)|HEAP_ALLOCATE|[EXTERNAL]|Bytes:4
12:26:18.0 (66386796)|HEAP_ALLOCATE|[51]|Bytes:4
12:26:18.0 (66389493)|VARIABLE_ASSIGNMENT|[51]|j|30
12:26:18.0 (66391106)|STATEMENT_EXECUTE|[51]
12:26:18.0 (66392405)|STATEMENT_EXECUTE|[54]
12:26:18.0 (66393338)|STATEMENT_EXECUTE|[55]
12:26:18.0 (66398674)|HEAP_ALLOCATE|[55]|Bytes:2
12:26:18.0 (66405871)|HEAP_ALLOCATE|[55]|Bytes:2
12:26:18.0 (66410629)|HEAP_ALLOCATE|[55]|Bytes:5
12:26:18.0 (66415070)|HEAP_ALLOCATE|[55]|Bytes:2
12:26:18.0 (66421952)|HEAP_ALLOCATE|[55]|Bytes:2
12:26:18.0 (66426705)|HEAP_ALLOCATE|[55]|Bytes:5
12:26:18.0 (66430939)|HEAP_ALLOCATE|[EXTERNAL]|Bytes:4
12:26:18.0 (66434062)|HEAP_ALLOCATE|[51]|Bytes:4
12:26:18.0 (66436795)|VARIABLE_ASSIGNMENT|[51]|j|60
12:26:18.0 (66438616)|HEAP_ALLOCATE|[50]|Bytes:4
12:26:18.0 (66440842)|VARIABLE_ASSIGNMENT|[50]|i|23
12:26:18.0 (66442391)|STATEMENT_EXECUTE|[50]
12:26:18.0 (66443543)|STATEMENT_EXECUTE|[51]
12:26:18.0 (66445067)|VARIABLE_SCOPE_BEGIN|[51]|j|Integer|false|false
12:26:18.0 (66446411)|HEAP_ALLOCATE|[51]|Bytes:4
12:26:18.0 (66448642)|VARIABLE_ASSIGNMENT|[51]|j|0
12:26:18.0 (66450182)|STATEMENT_EXECUTE|[51]
12:26:18.0 (66451443)|STATEMENT_EXECUTE|[52]
12:26:18.0 (66452374)|STATEMENT_EXECUTE|[53]
12:26:18.0 (66457809)|HEAP_ALLOCATE|[53]|Bytes:2
12:26:18.0 (66464954)|HEAP_ALLOCATE|[53]|Bytes:1
12:26:18.0 (66469905)|HEAP_ALLOCATE|[53]|Bytes:5
12:26:18.0 (66474488)|HEAP_ALLOCATE|[53]|Bytes:2
12:26:18.0 (66481480)|HEAP_ALLOCATE|[53]|Bytes:1
12:26:18.0 (66486135)|HEAP_ALLOCATE|[53]|Bytes:5
12:26:18.0 (66490429)|HEAP_ALLOCATE|[EXTERNAL]|Bytes:4
12:26:18.0 (66493735)|HEAP_ALLOCATE|[51]|Bytes:4
12:26:18.0 (66496779)|VARIABLE_ASSIGNMENT|[51]|j|30
12:26:18.0 (66498516)|STATEMENT_EXECUTE|[51]
12:26:18.0 (66499913)|STATEMENT_EXECUTE|[54]
12:26:18.0 (66500909)|STATEMENT_EXECUTE|[55]
12:26:18.0 (66506166)|HEAP_ALLOCATE|[55]|Bytes:2
12:26:18.0 (66513266)|HEAP_ALLOCATE|[55]|Bytes:2
12:26:18.0 (66518068)|HEAP_ALLOCATE|[55]|Bytes:5
12:26:18.0 (66522497)|HEAP_ALLOCATE|[55]|Bytes:2
12:26:18.0 (66529448)|HEAP_ALLOCATE|[55]|Bytes:2
12:26:18.0 (66534360)|HEAP_ALLOCATE|[55]|Bytes:5
12:26:18.0 (66538747)|HEAP_ALLOCATE|[EXTERNAL]|Bytes:4
12:26:18.0 (66541804)|HEAP_ALLOCATE|[51]|Bytes:4
12:26:18.0 (66544347)|VARIABLE_ASSIGNMENT|[51]|j|60
12:26:18.0 (66546130)|HEAP_ALLOCATE|[50]|Bytes:4
12:26:18.0 (66548355)|VARIABLE_ASSIGNMENT|[50]|i|24
12:26:18.0 (66550232)|STATEMENT_EXECUTE|[59]
12:26:18.0 (66792372)|SYSTEM_MODE_ENTER|true
12:26:18.0 (66827391)|HEAP_ALLOCATE|[EXTERNAL]|Bytes:80
12:26:18.0 (66879948)|VARIABLE_ASSIGNMENT|[EXTERNAL]|this|{"delToHub":true,"delToProj":false,"detail":"0x142f75","invoked":false,"rejected":false,"reserved":false,"sublocations1":"0x3f19ecbd","www":"0x2272f3a5","wwwById":"0x11afbbc3"}|0x7be1eb50
12:26:18.0 (66886738)|STATEMENT_EXECUTE|[78]
12:26:18.0 (66889612)|STATEMENT_EXECUTE|[80]
12:26:18.0 (66890742)|STATEMENT_EXECUTE|[81]
12:26:18.0 (66893505)|HEAP_ALLOCATE|[81]|Bytes:4
12:26:18.0 (66902734)|VARIABLE_ASSIGNMENT|[81]|this.selectedTime3|"8:00"|0x7be1eb50
12:26:18.0 (66905296)|STATEMENT_EXECUTE|[83]
12:26:18.0 (78056005)|VF_SERIALIZE_VIEWSTATE_BEGIN|06624000003h0Dg
12:26:18.0 (83023198)|VF_SERIALIZE_VIEWSTATE_END
12:26:18.85 (85785883)|CUMULATIVE_LIMIT_USAGE
12:26:18.85 (85785883)|LIMIT_USAGE_FOR_NS|(default)|
  Number of SOQL queries: 3 out of 100
  Number of query rows: 11 out of 50000
  Number of SOSL queries: 0 out of 20
  Number of DML statements: 0 out of 150
  Number of DML rows: 0 out of 10000
  Maximum CPU time: 0 out of 10000
  Maximum heap size: 0 out of 6000000
  Number of callouts: 0 out of 100
  Number of Email Invocations: 0 out of 10
  Number of future calls: 0 out of 50
  Number of queueable jobs added to the queue: 0 out of 50
  Number of Mobile Apex push calls: 0 out of 10

12:26:18.85 (85785883)|CUMULATIVE_LIMIT_USAGE_END

12:26:18.0 (85815353)|CODE_UNIT_FINISHED|VF: /apex/New_delivered_detail
12:26:18.0 (86569285)|EXECUTION_FINISHED
