39.0 APEX_CODE,DEBUG;APEX_PROFILING,INFO;CALLOUT,INFO;DB,INFO;SYSTEM,DEBUG;VALIDATION,INFO;VISUALFORCE,INFO;WAVE,INFO;WORKFLOW,INFO
15:15:59.0 (49164)|USER_INFO|[EXTERNAL]|00524000001e3Uj|bedrijfsbureau@gsa.nl.sandbox|Midden-Europese standaardtijd|GMT+02:00
15:15:59.0 (74230)|EXECUTION_STARTED
15:15:59.0 (77058)|CODE_UNIT_STARTED|[EXTERNAL]|0669E0000000KhW|VF: /apex/ProjectItemsAfroepen
15:15:59.0 (167446)|VF_DESERIALIZE_VIEWSTATE_BEGIN|0669E0000000KhW
15:15:59.0 (5441169)|VF_DESERIALIZE_VIEWSTATE_END
15:15:59.0 (13457889)|SYSTEM_MODE_ENTER|true
15:15:59.0 (13703723)|SYSTEM_MODE_ENTER|false
15:15:59.0 (13710989)|SYSTEM_MODE_EXIT|false
15:15:59.0 (13725550)|SYSTEM_MODE_ENTER|false
15:15:59.0 (13730907)|SYSTEM_MODE_EXIT|false
15:15:59.0 (13827918)|SYSTEM_MODE_ENTER|true
15:15:59.0 (13851241)|SYSTEM_MODE_ENTER|false
15:15:59.0 (13855245)|SYSTEM_MODE_EXIT|false
15:15:59.0 (13979133)|SYSTEM_MODE_ENTER|true
15:15:59.0 (14122943)|SYSTEM_MODE_ENTER|false
15:15:59.0 (14674026)|SOQL_EXECUTE_BEGIN|[34]|Aggregations:0|SELECT Id, Name FROM Projecten__c WHERE Name LIKE :tmpVar1 LIMIT 5
15:15:59.0 (19659872)|SOQL_EXECUTE_END|[34]|Rows:1
15:15:59.0 (19846365)|SYSTEM_MODE_EXIT|false
15:15:59.0 (23947102)|SYSTEM_MODE_ENTER|true
15:15:59.0 (23979449)|SYSTEM_MODE_ENTER|false
15:15:59.0 (23984803)|SYSTEM_MODE_EXIT|false
15:15:59.0 (24099831)|SYSTEM_MODE_ENTER|true
15:15:59.0 (24122800)|SYSTEM_MODE_ENTER|false
15:15:59.0 (24127060)|SYSTEM_MODE_EXIT|false
15:15:59.0 (25174086)|VF_SERIALIZE_VIEWSTATE_BEGIN|0669E0000000KhW
15:15:59.0 (27149647)|VF_SERIALIZE_VIEWSTATE_END
15:15:59.29 (29063224)|CUMULATIVE_LIMIT_USAGE
15:15:59.29 (29063224)|LIMIT_USAGE_FOR_NS|(default)|
  Number of SOQL queries: 1 out of 100
  Number of query rows: 1 out of 50000
  Number of SOSL queries: 0 out of 20
  Number of DML statements: 0 out of 150
  Number of DML rows: 0 out of 10000
  Maximum CPU time: 0 out of 10000
  Maximum heap size: 0 out of 6000000
  Number of callouts: 0 out of 100
  Number of Email Invocations: 0 out of 10
  Number of future calls: 0 out of 50
  Number of queueable jobs added to the queue: 0 out of 50
  Number of Mobile Apex push calls: 0 out of 10

15:15:59.29 (29063224)|CUMULATIVE_LIMIT_USAGE_END

15:15:59.0 (29108289)|CODE_UNIT_FINISHED|VF: /apex/ProjectItemsAfroepen
15:15:59.0 (30001089)|EXECUTION_FINISHED
