36.0 APEX_CODE,FINEST;APEX_PROFILING,INFO;CALLOUT,INFO;DB,INFO;SYSTEM,DEBUG;VALIDATION,INFO;VISUALFORCE,INFO;WORKFLOW,INFO
17:24:27.0 (315118)|USER_INFO|[EXTERNAL]|00524000001e3Uj|bedrijfsbureau@gsa.nl.sandbox|Midden-Europese standaardtijd|GMT+01:00
17:24:27.0 (340756)|EXECUTION_STARTED
17:24:27.0 (344425)|CODE_UNIT_STARTED|[EXTERNAL]|TRIGGERS
17:24:27.0 (1054585)|CODE_UNIT_STARTED|[EXTERNAL]|01q2400000131KI|SubLocationDetailTrigger on SublocationDetail trigger event BeforeDelete for [a080E000000EsiX]
17:24:27.0 (1094787)|HEAP_ALLOCATE|[EXTERNAL]|Bytes:8
17:24:27.0 (1437202)|HEAP_ALLOCATE|[72]|Bytes:3
17:24:27.0 (1472516)|HEAP_ALLOCATE|[77]|Bytes:152
17:24:27.0 (1494615)|HEAP_ALLOCATE|[342]|Bytes:408
17:24:27.0 (1513402)|HEAP_ALLOCATE|[355]|Bytes:408
17:24:27.0 (1530441)|HEAP_ALLOCATE|[467]|Bytes:48
17:24:27.0 (1558003)|HEAP_ALLOCATE|[139]|Bytes:6
17:24:27.0 (1578072)|HEAP_ALLOCATE|[EXTERNAL]|Bytes:4
17:24:27.0 (1583732)|VARIABLE_SCOPE_BEGIN|[1]|this|SubLocationDetailTrigger|true|false
17:24:27.0 (1616780)|VARIABLE_ASSIGNMENT|[1]|this|{}|0x46d244e4
17:24:27.0 (1650229)|HEAP_ALLOCATE|[EXTERNAL]|Bytes:4
17:24:27.0 (1655015)|VARIABLE_SCOPE_BEGIN|[1]|this|SubLocationDetailTrigger|true|false
17:24:27.0 (1662363)|VARIABLE_ASSIGNMENT|[1]|this|{}|0x46d244e4
17:24:27.0 (1665976)|STATEMENT_EXECUTE|[1]
17:24:27.0 (1667592)|STATEMENT_EXECUTE|[10]
17:24:27.0 (6990495)|HEAP_ALLOCATE|[10]|Bytes:2
17:24:27.0 (7045783)|METHOD_ENTRY|[1]|01p2400000Cr9rX|TriggerParams.TriggerParams()
17:24:27.0 (7050312)|STATEMENT_EXECUTE|[1]
17:24:27.0 (7054318)|STATEMENT_EXECUTE|[1]
17:24:27.0 (7084867)|HEAP_ALLOCATE|[50]|Bytes:5
17:24:27.0 (7108113)|HEAP_ALLOCATE|[56]|Bytes:5
17:24:27.0 (7114187)|HEAP_ALLOCATE|[64]|Bytes:7
17:24:27.0 (7134123)|HEAP_ALLOCATE|[10]|Bytes:5
17:24:27.0 (7142813)|METHOD_EXIT|[1]|TriggerParams
17:24:27.0 (7178980)|HEAP_ALLOCATE|[10]|Bytes:44
17:24:27.0 (7320058)|CONSTRUCTOR_ENTRY|[10]|01p2400000Cr9rX|<init>(Boolean,Boolean,Boolean,Boolean,Boolean,Boolean,List<SObject>,List<SObject>,Map<Id,SObject>,Map<Id,SObject>)
17:24:27.0 (7351217)|VARIABLE_SCOPE_BEGIN|[13]|this|TriggerParams|true|false
17:24:27.0 (7380275)|VARIABLE_ASSIGNMENT|[13]|this|{}|0x3105f53b
17:24:27.0 (7385421)|VARIABLE_SCOPE_BEGIN|[13]|isBefore|Boolean|false|false
17:24:27.0 (7390854)|VARIABLE_ASSIGNMENT|[13]|isBefore|true
17:24:27.0 (7393118)|VARIABLE_SCOPE_BEGIN|[13]|isAfter|Boolean|false|false
17:24:27.0 (7395257)|VARIABLE_ASSIGNMENT|[13]|isAfter|false
17:24:27.0 (7397107)|VARIABLE_SCOPE_BEGIN|[13]|isInsert|Boolean|false|false
17:24:27.0 (7399168)|VARIABLE_ASSIGNMENT|[13]|isInsert|false
17:24:27.0 (7400970)|VARIABLE_SCOPE_BEGIN|[13]|isUpdate|Boolean|false|false
17:24:27.0 (7402847)|VARIABLE_ASSIGNMENT|[13]|isUpdate|false
17:24:27.0 (7404534)|VARIABLE_SCOPE_BEGIN|[13]|isDelete|Boolean|false|false
17:24:27.0 (7406458)|VARIABLE_ASSIGNMENT|[13]|isDelete|true
17:24:27.0 (7408177)|VARIABLE_SCOPE_BEGIN|[13]|isUndelete|Boolean|false|false
17:24:27.0 (7410668)|VARIABLE_ASSIGNMENT|[13]|isUndelete|false
17:24:27.0 (7412597)|VARIABLE_SCOPE_BEGIN|[13]|triggerNew|List<SObject>|true|false
17:24:27.0 (7415734)|VARIABLE_ASSIGNMENT|[13]|triggerNew|null|
17:24:27.0 (7417398)|VARIABLE_SCOPE_BEGIN|[13]|triggerOld|List<SObject>|true|false
17:24:27.0 (14897227)|VARIABLE_ASSIGNMENT|[13]|triggerOld|{"s":1,"v":[{"LastModifiedDate":"2017-01-26T16:11:31.000Z","ProjectId__c":"a0q0E0000008S3b","IsDeleted":false,"ProjectCode__c":"2165103","Name":"SD-6284","SystemModstamp":"2017-01-26T16:11:31.000Z","Number_of_items__c":2,"CreatedById":"00524000001e3UjAAI","Reserved__c":false,"CreatedDate":"2017-01-26T16:00:38.000Z","Location__c":"a0B0E0000009Mj1UAE","To_sum__c":true,"Id":"a080E000000EsiXQAS","WWW_Detail_r_RecordT (20 more) ...":"Delivered_2_Hub","WWW_Detail__c":"a0s0E0000004IppQAE","LastModifiedById":"00524000001e3UjAAI"}]}|0x1311d105
17:24:27.0 (14908813)|VARIABLE_SCOPE_BEGIN|[13]|newMap|Map<Id,SObject>|true|false
17:24:27.0 (14913657)|VARIABLE_ASSIGNMENT|[13]|newMap|null|
17:24:27.0 (14915849)|VARIABLE_SCOPE_BEGIN|[13]|oldMap|Map<Id,SObject>|true|false
17:24:27.0 (15017194)|VARIABLE_ASSIGNMENT|[13]|oldMap|{"s":1,"v":{"a080E000000EsiXQAS":{"LastModifiedDate":"2017-01-26T16:11:31.000Z","ProjectId__c":"a0q0E0000008S3b","IsDeleted":false,"ProjectCode__c":"2165103","Name":"SD-6284","SystemModstamp":"2017-01-26T16:11:31.000Z","Number_of_items__c":2,"CreatedById":"00524000001e3UjAAI","Reserved__c":false,"CreatedDate":"2017-01-26T16:00:38.000Z","Location__c":"a0B0E0000009Mj1UAE","To_sum__c":true,"Id":"a080E000000EsiXQAS","WWW_Detail_r_RecordT (20 more) ...":"Delivered_2_Hub","WWW_Detail__c":"a0s0E0000004IppQAE","LastModifiedById":"00524000001e3UjAAI"}}}|0x7b53f481
17:24:27.0 (15030154)|HEAP_ALLOCATE|[16]|Bytes:5
17:24:27.0 (15034073)|STATEMENT_EXECUTE|[1]
17:24:27.0 (15036527)|HEAP_ALLOCATE|[16]|Bytes:5
17:24:27.0 (15037940)|STATEMENT_EXECUTE|[2]
17:24:27.0 (15039187)|STATEMENT_EXECUTE|[3]
17:24:27.0 (15040166)|STATEMENT_EXECUTE|[4]
17:24:27.0 (15041353)|STATEMENT_EXECUTE|[5]
17:24:27.0 (15042328)|STATEMENT_EXECUTE|[6]
17:24:27.0 (15043347)|STATEMENT_EXECUTE|[7]
17:24:27.0 (15044394)|STATEMENT_EXECUTE|[8]
17:24:27.0 (15045338)|STATEMENT_EXECUTE|[9]
17:24:27.0 (15046273)|STATEMENT_EXECUTE|[10]
17:24:27.0 (15047329)|STATEMENT_EXECUTE|[11]
17:24:27.0 (15057082)|HEAP_ALLOCATE|[16]|Bytes:6
17:24:27.0 (15077579)|STATEMENT_EXECUTE|[15]
17:24:27.0 (15079016)|STATEMENT_EXECUTE|[16]
17:24:27.0 (15082700)|HEAP_ALLOCATE|[16]|Bytes:5
17:24:27.0 (15091044)|VARIABLE_ASSIGNMENT|[16]|this.isBefore|true|0x3105f53b
17:24:27.0 (15092983)|STATEMENT_EXECUTE|[17]
17:24:27.0 (15095245)|HEAP_ALLOCATE|[17]|Bytes:5
17:24:27.0 (15099194)|VARIABLE_ASSIGNMENT|[17]|this.isAfter|false|0x3105f53b
17:24:27.0 (15100478)|STATEMENT_EXECUTE|[18]
17:24:27.0 (15102222)|HEAP_ALLOCATE|[18]|Bytes:5
17:24:27.0 (15105788)|VARIABLE_ASSIGNMENT|[18]|this.isInsert|false|0x3105f53b
17:24:27.0 (15107162)|STATEMENT_EXECUTE|[19]
17:24:27.0 (15108934)|HEAP_ALLOCATE|[19]|Bytes:5
17:24:27.0 (15112917)|VARIABLE_ASSIGNMENT|[19]|this.isUpdate|false|0x3105f53b
17:24:27.0 (15114088)|STATEMENT_EXECUTE|[20]
17:24:27.0 (15115902)|HEAP_ALLOCATE|[20]|Bytes:5
17:24:27.0 (15118874)|VARIABLE_ASSIGNMENT|[20]|this.isDelete|true|0x3105f53b
17:24:27.0 (15120107)|STATEMENT_EXECUTE|[21]
17:24:27.0 (15121906)|HEAP_ALLOCATE|[21]|Bytes:5
17:24:27.0 (15124987)|VARIABLE_ASSIGNMENT|[21]|this.isUndelete|false|0x3105f53b
17:24:27.0 (15126380)|STATEMENT_EXECUTE|[22]
17:24:27.0 (15130439)|VARIABLE_ASSIGNMENT|[22]|this.triggerNew|null|0x3105f53b
17:24:27.0 (15131702)|STATEMENT_EXECUTE|[23]
17:24:27.0 (15225762)|VARIABLE_ASSIGNMENT|[23]|this.triggerOld|{"s":1,"v":[{"LastModifiedDate":"2017-01-26T16:11:31.000Z","ProjectId__c":"a0q0E0000008S3b","IsDeleted":false,"ProjectCode__c":"2165103","Name":"SD-6284","SystemModstamp":"2017-01-26T16:11:31.000Z","Number_of_items__c":2,"CreatedById":"00524000001e3UjAAI","Reserved__c":false,"CreatedDate":"2017-01-26T16:00:38.000Z","Location__c":"a0B0E0000009Mj1UAE","To_sum__c":true,"Id":"a080E000000EsiXQAS","WWW_Detail_r_RecordT (20 more) ...":"Delivered_2_Hub","WWW_Detail__c":"a0s0E0000004IppQAE","LastModifiedById":"00524000001e3UjAAI"}]}|0x3105f53b
17:24:27.0 (15230782)|STATEMENT_EXECUTE|[24]
17:24:27.0 (15237169)|VARIABLE_ASSIGNMENT|[24]|this.newMap|null|0x3105f53b
17:24:27.0 (15238669)|STATEMENT_EXECUTE|[25]
17:24:27.0 (15321510)|VARIABLE_ASSIGNMENT|[25]|this.oldMap|{"s":1,"v":{"a080E000000EsiXQAS":{"LastModifiedDate":"2017-01-26T16:11:31.000Z","ProjectId__c":"a0q0E0000008S3b","IsDeleted":false,"ProjectCode__c":"2165103","Name":"SD-6284","SystemModstamp":"2017-01-26T16:11:31.000Z","Number_of_items__c":2,"CreatedById":"00524000001e3UjAAI","Reserved__c":false,"CreatedDate":"2017-01-26T16:00:38.000Z","Location__c":"a0B0E0000009Mj1UAE","To_sum__c":true,"Id":"a080E000000EsiXQAS","WWW_Detail_r_RecordT (20 more) ...":"Delivered_2_Hub","WWW_Detail__c":"a0s0E0000004IppQAE","LastModifiedById":"00524000001e3UjAAI"}}}|0x3105f53b
17:24:27.0 (15342934)|CONSTRUCTOR_EXIT|[10]|01p2400000Cr9rX|<init>(Boolean,Boolean,Boolean,Boolean,Boolean,Boolean,List<SObject>,List<SObject>,Map<Id,SObject>,Map<Id,SObject>)
17:24:27.0 (50533743)|HEAP_ALLOCATE|[10]|Bytes:31
17:24:27.0 (50540495)|HEAP_ALLOCATE|[10]|Bytes:108
17:24:27.0 (50577538)|METHOD_ENTRY|[1]|01p2400000DUoK9|SubLocationDetailUtil.SubLocationDetailUtil()
17:24:27.0 (50581031)|STATEMENT_EXECUTE|[1]
17:24:27.0 (50585275)|STATEMENT_EXECUTE|[1]
17:24:27.0 (50954942)|SYSTEM_MODE_ENTER|false
17:24:27.0 (50962356)|HEAP_ALLOCATE|[10]|Bytes:5
17:24:27.0 (50967907)|SYSTEM_MODE_EXIT|false
17:24:27.0 (50974663)|METHOD_EXIT|[1]|SubLocationDetailUtil
17:24:27.0 (50996769)|METHOD_ENTRY|[10]|01p2400000DUoK9|SubLocationDetailUtil.entry(TriggerParams)
17:24:27.0 (51002002)|VARIABLE_SCOPE_BEGIN|[2]|triggerParams|TriggerParams|true|false
17:24:27.0 (51031718)|VARIABLE_ASSIGNMENT|[2]|triggerParams|{"isAfter":false,"isBefore":true,"isDelete":true,"isInsert":false,"isUndelete":false,"isUpdate":false,"oldMap":"0x7b53f481","triggerOld":"0x1311d105"}|0x3105f53b
17:24:27.0 (51041369)|SYSTEM_MODE_ENTER|false
17:24:27.0 (51045084)|HEAP_ALLOCATE|[3]|Bytes:5
17:24:27.0 (51048275)|STATEMENT_EXECUTE|[2]
17:24:27.0 (51049429)|STATEMENT_EXECUTE|[3]
17:24:27.0 (51057429)|VARIABLE_SCOPE_BEGIN|[3]|triggerNew|List<SublocationDetail__c>|true|false
17:24:27.0 (51062255)|VARIABLE_ASSIGNMENT|[3]|triggerNew|null|
17:24:27.0 (51063876)|STATEMENT_EXECUTE|[4]
17:24:27.0 (51068309)|VARIABLE_SCOPE_BEGIN|[4]|triggerOld|List<SublocationDetail__c>|true|false
17:24:27.0 (51202126)|VARIABLE_ASSIGNMENT|[4]|triggerOld|{"s":1,"v":[{"LastModifiedDate":"2017-01-26T16:11:31.000Z","ProjectId__c":"a0q0E0000008S3b","IsDeleted":false,"ProjectCode__c":"2165103","Name":"SD-6284","SystemModstamp":"2017-01-26T16:11:31.000Z","Number_of_items__c":2,"CreatedById":"00524000001e3UjAAI","Reserved__c":false,"CreatedDate":"2017-01-26T16:00:38.000Z","Location__c":"a0B0E0000009Mj1UAE","To_sum__c":true,"Id":"a080E000000EsiXQAS","WWW_Detail_r_RecordT (20 more) ...":"Delivered_2_Hub","WWW_Detail__c":"a0s0E0000004IppQAE","LastModifiedById":"00524000001e3UjAAI"}]}|0x1311d105
17:24:27.0 (51207661)|STATEMENT_EXECUTE|[5]
17:24:27.0 (51216062)|VARIABLE_SCOPE_BEGIN|[5]|oldMap|Map<Id,SublocationDetail__c>|true|false
17:24:27.0 (51310161)|VARIABLE_ASSIGNMENT|[5]|oldMap|{"s":1,"v":{"a080E000000EsiXQAS":{"LastModifiedDate":"2017-01-26T16:11:31.000Z","ProjectId__c":"a0q0E0000008S3b","IsDeleted":false,"ProjectCode__c":"2165103","Name":"SD-6284","SystemModstamp":"2017-01-26T16:11:31.000Z","Number_of_items__c":2,"CreatedById":"00524000001e3UjAAI","Reserved__c":false,"CreatedDate":"2017-01-26T16:00:38.000Z","Location__c":"a0B0E0000009Mj1UAE","To_sum__c":true,"Id":"a080E000000EsiXQAS","WWW_Detail_r_RecordT (20 more) ...":"Delivered_2_Hub","WWW_Detail__c":"a0s0E0000004IppQAE","LastModifiedById":"00524000001e3UjAAI"}}}|0x7b53f481
17:24:27.0 (51316084)|STATEMENT_EXECUTE|[6]
17:24:27.0 (51321060)|VARIABLE_SCOPE_BEGIN|[6]|newMap|Map<Id,SublocationDetail__c>|true|false
17:24:27.0 (51324827)|VARIABLE_ASSIGNMENT|[6]|newMap|null|
17:24:27.0 (51329612)|STATEMENT_EXECUTE|[9]
17:24:27.0 (51332475)|SYSTEM_MODE_EXIT|false
17:24:27.0 (51340244)|METHOD_EXIT|[10]|01p2400000DUoK9|SubLocationDetailUtil.entry(TriggerParams)
17:24:27.51 (51349555)|CUMULATIVE_LIMIT_USAGE
17:24:27.51 (51349555)|LIMIT_USAGE_FOR_NS|(default)|
  Number of SOQL queries: 0 out of 100
  Number of query rows: 0 out of 50000
  Number of SOSL queries: 0 out of 20
  Number of DML statements: 0 out of 150
  Number of DML rows: 0 out of 10000
  Maximum CPU time: 0 out of 10000
  Maximum heap size: 0 out of 6000000
  Number of callouts: 0 out of 100
  Number of Email Invocations: 0 out of 10
  Number of future calls: 0 out of 50
  Number of queueable jobs added to the queue: 0 out of 50
  Number of Mobile Apex push calls: 0 out of 10

17:24:27.51 (51349555)|CUMULATIVE_LIMIT_USAGE_END

17:24:27.0 (52428764)|CODE_UNIT_FINISHED|SubLocationDetailTrigger on SublocationDetail trigger event BeforeDelete for [a080E000000EsiX]
17:24:27.0 (129717005)|CODE_UNIT_STARTED|[EXTERNAL]|01q2400000131KI|SubLocationDetailTrigger on SublocationDetail trigger event AfterDelete for [a080E000000EsiX]
17:24:27.0 (129746715)|HEAP_ALLOCATE|[EXTERNAL]|Bytes:8
17:24:27.0 (129827308)|HEAP_ALLOCATE|[EXTERNAL]|Bytes:4
17:24:27.0 (129834374)|VARIABLE_SCOPE_BEGIN|[1]|this|SubLocationDetailTrigger|true|false
17:24:27.0 (129854441)|VARIABLE_ASSIGNMENT|[1]|this|{}|0x6782301
17:24:27.0 (129876797)|HEAP_ALLOCATE|[EXTERNAL]|Bytes:4
17:24:27.0 (129881140)|VARIABLE_SCOPE_BEGIN|[1]|this|SubLocationDetailTrigger|true|false
17:24:27.0 (129887347)|VARIABLE_ASSIGNMENT|[1]|this|{}|0x6782301
17:24:27.0 (129891301)|STATEMENT_EXECUTE|[1]
17:24:27.0 (129892820)|STATEMENT_EXECUTE|[10]
17:24:27.0 (129897795)|HEAP_ALLOCATE|[10]|Bytes:44
17:24:27.0 (129963137)|CONSTRUCTOR_ENTRY|[10]|01p2400000Cr9rX|<init>(Boolean,Boolean,Boolean,Boolean,Boolean,Boolean,List<SObject>,List<SObject>,Map<Id,SObject>,Map<Id,SObject>)
17:24:27.0 (129968928)|VARIABLE_SCOPE_BEGIN|[13]|this|TriggerParams|true|false
17:24:27.0 (129986467)|VARIABLE_ASSIGNMENT|[13]|this|{}|0x7daa323e
17:24:27.0 (129992857)|VARIABLE_SCOPE_BEGIN|[13]|isBefore|Boolean|false|false
17:24:27.0 (129997716)|VARIABLE_ASSIGNMENT|[13]|isBefore|false
17:24:27.0 (129999842)|VARIABLE_SCOPE_BEGIN|[13]|isAfter|Boolean|false|false
17:24:27.0 (130001963)|VARIABLE_ASSIGNMENT|[13]|isAfter|true
17:24:27.0 (130004544)|VARIABLE_SCOPE_BEGIN|[13]|isInsert|Boolean|false|false
17:24:27.0 (130006470)|VARIABLE_ASSIGNMENT|[13]|isInsert|false
17:24:27.0 (130008252)|VARIABLE_SCOPE_BEGIN|[13]|isUpdate|Boolean|false|false
17:24:27.0 (130010098)|VARIABLE_ASSIGNMENT|[13]|isUpdate|false
17:24:27.0 (130011899)|VARIABLE_SCOPE_BEGIN|[13]|isDelete|Boolean|false|false
17:24:27.0 (130013801)|VARIABLE_ASSIGNMENT|[13]|isDelete|true
17:24:27.0 (130015715)|VARIABLE_SCOPE_BEGIN|[13]|isUndelete|Boolean|false|false
17:24:27.0 (130017839)|VARIABLE_ASSIGNMENT|[13]|isUndelete|false
17:24:27.0 (130019709)|VARIABLE_SCOPE_BEGIN|[13]|triggerNew|List<SObject>|true|false
17:24:27.0 (130022714)|VARIABLE_ASSIGNMENT|[13]|triggerNew|null|
17:24:27.0 (130024239)|VARIABLE_SCOPE_BEGIN|[13]|triggerOld|List<SObject>|true|false
17:24:27.0 (130530957)|VARIABLE_ASSIGNMENT|[13]|triggerOld|{"s":1,"v":[{"LastModifiedDate":"2017-01-26T16:11:31.000Z","ProjectId__c":"a0q0E0000008S3b","IsDeleted":false,"ProjectCode__c":"2165103","Name":"SD-6284","SystemModstamp":"2017-01-26T16:11:31.000Z","Number_of_items__c":2,"CreatedById":"00524000001e3UjAAI","Reserved__c":false,"CreatedDate":"2017-01-26T16:00:38.000Z","Location__c":"a0B0E0000009Mj1UAE","To_sum__c":true,"Id":"a080E000000EsiXQAS","WWW_Detail_r_RecordT (20 more) ...":"Delivered_2_Hub","WWW_Detail__c":"a0s0E0000004IppQAE","LastModifiedById":"00524000001e3UjAAI"}]}|0x491c917c
17:24:27.0 (130537439)|VARIABLE_SCOPE_BEGIN|[13]|newMap|Map<Id,SObject>|true|false
17:24:27.0 (130541592)|VARIABLE_ASSIGNMENT|[13]|newMap|null|
17:24:27.0 (130543537)|VARIABLE_SCOPE_BEGIN|[13]|oldMap|Map<Id,SObject>|true|false
17:24:27.0 (130639748)|VARIABLE_ASSIGNMENT|[13]|oldMap|{"s":1,"v":{"a080E000000EsiXQAS":{"LastModifiedDate":"2017-01-26T16:11:31.000Z","ProjectId__c":"a0q0E0000008S3b","IsDeleted":false,"ProjectCode__c":"2165103","Name":"SD-6284","SystemModstamp":"2017-01-26T16:11:31.000Z","Number_of_items__c":2,"CreatedById":"00524000001e3UjAAI","Reserved__c":false,"CreatedDate":"2017-01-26T16:00:38.000Z","Location__c":"a0B0E0000009Mj1UAE","To_sum__c":true,"Id":"a080E000000EsiXQAS","WWW_Detail_r_RecordT (20 more) ...":"Delivered_2_Hub","WWW_Detail__c":"a0s0E0000004IppQAE","LastModifiedById":"00524000001e3UjAAI"}}}|0x692bede1
17:24:27.0 (130652019)|HEAP_ALLOCATE|[16]|Bytes:5
17:24:27.0 (130655784)|STATEMENT_EXECUTE|[1]
17:24:27.0 (130657985)|HEAP_ALLOCATE|[16]|Bytes:5
17:24:27.0 (130659539)|STATEMENT_EXECUTE|[2]
17:24:27.0 (130660832)|STATEMENT_EXECUTE|[3]
17:24:27.0 (130661857)|STATEMENT_EXECUTE|[4]
17:24:27.0 (130662852)|STATEMENT_EXECUTE|[5]
17:24:27.0 (130663876)|STATEMENT_EXECUTE|[6]
17:24:27.0 (130664813)|STATEMENT_EXECUTE|[7]
17:24:27.0 (130665730)|STATEMENT_EXECUTE|[8]
17:24:27.0 (130666652)|STATEMENT_EXECUTE|[9]
17:24:27.0 (130667601)|STATEMENT_EXECUTE|[10]
17:24:27.0 (130668851)|STATEMENT_EXECUTE|[11]
17:24:27.0 (130691425)|STATEMENT_EXECUTE|[15]
17:24:27.0 (130692833)|STATEMENT_EXECUTE|[16]
17:24:27.0 (130696556)|HEAP_ALLOCATE|[16]|Bytes:5
17:24:27.0 (130704440)|VARIABLE_ASSIGNMENT|[16]|this.isBefore|false|0x7daa323e
17:24:27.0 (130706277)|STATEMENT_EXECUTE|[17]
17:24:27.0 (130708209)|HEAP_ALLOCATE|[17]|Bytes:5
17:24:27.0 (130711364)|VARIABLE_ASSIGNMENT|[17]|this.isAfter|true|0x7daa323e
17:24:27.0 (130713035)|STATEMENT_EXECUTE|[18]
17:24:27.0 (130714883)|HEAP_ALLOCATE|[18]|Bytes:5
17:24:27.0 (130718296)|VARIABLE_ASSIGNMENT|[18]|this.isInsert|false|0x7daa323e
17:24:27.0 (130719794)|STATEMENT_EXECUTE|[19]
17:24:27.0 (130721684)|HEAP_ALLOCATE|[19]|Bytes:5
17:24:27.0 (130724759)|VARIABLE_ASSIGNMENT|[19]|this.isUpdate|false|0x7daa323e
17:24:27.0 (130726051)|STATEMENT_EXECUTE|[20]
17:24:27.0 (130727873)|HEAP_ALLOCATE|[20]|Bytes:5
17:24:27.0 (130730523)|VARIABLE_ASSIGNMENT|[20]|this.isDelete|true|0x7daa323e
17:24:27.0 (130731775)|STATEMENT_EXECUTE|[21]
17:24:27.0 (130733719)|HEAP_ALLOCATE|[21]|Bytes:5
17:24:27.0 (130736943)|VARIABLE_ASSIGNMENT|[21]|this.isUndelete|false|0x7daa323e
17:24:27.0 (130738280)|STATEMENT_EXECUTE|[22]
17:24:27.0 (130742045)|VARIABLE_ASSIGNMENT|[22]|this.triggerNew|null|0x7daa323e
17:24:27.0 (130743305)|STATEMENT_EXECUTE|[23]
17:24:27.0 (130834647)|VARIABLE_ASSIGNMENT|[23]|this.triggerOld|{"s":1,"v":[{"LastModifiedDate":"2017-01-26T16:11:31.000Z","ProjectId__c":"a0q0E0000008S3b","IsDeleted":false,"ProjectCode__c":"2165103","Name":"SD-6284","SystemModstamp":"2017-01-26T16:11:31.000Z","Number_of_items__c":2,"CreatedById":"00524000001e3UjAAI","Reserved__c":false,"CreatedDate":"2017-01-26T16:00:38.000Z","Location__c":"a0B0E0000009Mj1UAE","To_sum__c":true,"Id":"a080E000000EsiXQAS","WWW_Detail_r_RecordT (20 more) ...":"Delivered_2_Hub","WWW_Detail__c":"a0s0E0000004IppQAE","LastModifiedById":"00524000001e3UjAAI"}]}|0x7daa323e
17:24:27.0 (130839720)|STATEMENT_EXECUTE|[24]
17:24:27.0 (130845385)|VARIABLE_ASSIGNMENT|[24]|this.newMap|null|0x7daa323e
17:24:27.0 (130847139)|STATEMENT_EXECUTE|[25]
17:24:27.0 (130927915)|VARIABLE_ASSIGNMENT|[25]|this.oldMap|{"s":1,"v":{"a080E000000EsiXQAS":{"LastModifiedDate":"2017-01-26T16:11:31.000Z","ProjectId__c":"a0q0E0000008S3b","IsDeleted":false,"ProjectCode__c":"2165103","Name":"SD-6284","SystemModstamp":"2017-01-26T16:11:31.000Z","Number_of_items__c":2,"CreatedById":"00524000001e3UjAAI","Reserved__c":false,"CreatedDate":"2017-01-26T16:00:38.000Z","Location__c":"a0B0E0000009Mj1UAE","To_sum__c":true,"Id":"a080E000000EsiXQAS","WWW_Detail_r_RecordT (20 more) ...":"Delivered_2_Hub","WWW_Detail__c":"a0s0E0000004IppQAE","LastModifiedById":"00524000001e3UjAAI"}}}|0x7daa323e
17:24:27.0 (130949479)|CONSTRUCTOR_EXIT|[10]|01p2400000Cr9rX|<init>(Boolean,Boolean,Boolean,Boolean,Boolean,Boolean,List<SObject>,List<SObject>,Map<Id,SObject>,Map<Id,SObject>)
17:24:27.0 (130959309)|METHOD_ENTRY|[10]|01p2400000DUoK9|SubLocationDetailUtil.entry(TriggerParams)
17:24:27.0 (130963200)|VARIABLE_SCOPE_BEGIN|[2]|triggerParams|TriggerParams|true|false
17:24:27.0 (130985919)|VARIABLE_ASSIGNMENT|[2]|triggerParams|{"isAfter":true,"isBefore":false,"isDelete":true,"isInsert":false,"isUndelete":false,"isUpdate":false,"oldMap":"0x692bede1","triggerOld":"0x491c917c"}|0x7daa323e
17:24:27.0 (131303037)|SYSTEM_MODE_ENTER|false
17:24:27.0 (131310426)|HEAP_ALLOCATE|[3]|Bytes:5
17:24:27.0 (131314469)|STATEMENT_EXECUTE|[2]
17:24:27.0 (131315764)|STATEMENT_EXECUTE|[3]
17:24:27.0 (131321779)|VARIABLE_SCOPE_BEGIN|[3]|triggerNew|List<SublocationDetail__c>|true|false
17:24:27.0 (131327351)|VARIABLE_ASSIGNMENT|[3]|triggerNew|null|
17:24:27.0 (131329037)|STATEMENT_EXECUTE|[4]
17:24:27.0 (131333577)|VARIABLE_SCOPE_BEGIN|[4]|triggerOld|List<SublocationDetail__c>|true|false
17:24:27.0 (131438608)|VARIABLE_ASSIGNMENT|[4]|triggerOld|{"s":1,"v":[{"LastModifiedDate":"2017-01-26T16:11:31.000Z","ProjectId__c":"a0q0E0000008S3b","IsDeleted":false,"ProjectCode__c":"2165103","Name":"SD-6284","SystemModstamp":"2017-01-26T16:11:31.000Z","Number_of_items__c":2,"CreatedById":"00524000001e3UjAAI","Reserved__c":false,"CreatedDate":"2017-01-26T16:00:38.000Z","Location__c":"a0B0E0000009Mj1UAE","To_sum__c":true,"Id":"a080E000000EsiXQAS","WWW_Detail_r_RecordT (20 more) ...":"Delivered_2_Hub","WWW_Detail__c":"a0s0E0000004IppQAE","LastModifiedById":"00524000001e3UjAAI"}]}|0x491c917c
17:24:27.0 (131444637)|STATEMENT_EXECUTE|[5]
17:24:27.0 (131449963)|VARIABLE_SCOPE_BEGIN|[5]|oldMap|Map<Id,SublocationDetail__c>|true|false
17:24:27.0 (131541316)|VARIABLE_ASSIGNMENT|[5]|oldMap|{"s":1,"v":{"a080E000000EsiXQAS":{"LastModifiedDate":"2017-01-26T16:11:31.000Z","ProjectId__c":"a0q0E0000008S3b","IsDeleted":false,"ProjectCode__c":"2165103","Name":"SD-6284","SystemModstamp":"2017-01-26T16:11:31.000Z","Number_of_items__c":2,"CreatedById":"00524000001e3UjAAI","Reserved__c":false,"CreatedDate":"2017-01-26T16:00:38.000Z","Location__c":"a0B0E0000009Mj1UAE","To_sum__c":true,"Id":"a080E000000EsiXQAS","WWW_Detail_r_RecordT (20 more) ...":"Delivered_2_Hub","WWW_Detail__c":"a0s0E0000004IppQAE","LastModifiedById":"00524000001e3UjAAI"}}}|0x692bede1
17:24:27.0 (131546396)|STATEMENT_EXECUTE|[6]
17:24:27.0 (131549715)|VARIABLE_SCOPE_BEGIN|[6]|newMap|Map<Id,SublocationDetail__c>|true|false
17:24:27.0 (131553634)|VARIABLE_ASSIGNMENT|[6]|newMap|null|
17:24:27.0 (131557098)|STATEMENT_EXECUTE|[9]
17:24:27.0 (131565374)|STATEMENT_EXECUTE|[10]
17:24:27.0 (131567401)|STATEMENT_EXECUTE|[15]
17:24:27.0 (131569123)|STATEMENT_EXECUTE|[20]
17:24:27.0 (131570972)|STATEMENT_EXECUTE|[26]
17:24:27.0 (131571962)|STATEMENT_EXECUTE|[27]
17:24:27.0 (131596809)|METHOD_ENTRY|[27]|01p2400000DUoK9|SubLocationDetailUtil.updateRecordsForReportBeforeDelete(List<SublocationDetail__c>)
17:24:27.0 (131667311)|VARIABLE_SCOPE_BEGIN|[177]|triggerOld|List<SublocationDetail__c>|true|false
17:24:27.0 (131762586)|VARIABLE_ASSIGNMENT|[177]|triggerOld|{"s":1,"v":[{"LastModifiedDate":"2017-01-26T16:11:31.000Z","ProjectId__c":"a0q0E0000008S3b","IsDeleted":false,"ProjectCode__c":"2165103","Name":"SD-6284","SystemModstamp":"2017-01-26T16:11:31.000Z","Number_of_items__c":2,"CreatedById":"00524000001e3UjAAI","Reserved__c":false,"CreatedDate":"2017-01-26T16:00:38.000Z","Location__c":"a0B0E0000009Mj1UAE","To_sum__c":true,"Id":"a080E000000EsiXQAS","WWW_Detail_r_RecordT (20 more) ...":"Delivered_2_Hub","WWW_Detail__c":"a0s0E0000004IppQAE","LastModifiedById":"00524000001e3UjAAI"}]}|0x491c917c
17:24:27.0 (131774592)|HEAP_ALLOCATE|[179]|Bytes:5
17:24:27.0 (131777980)|STATEMENT_EXECUTE|[178]
17:24:27.0 (131779425)|STATEMENT_EXECUTE|[179]
17:24:27.0 (131791568)|HEAP_ALLOCATE|[179]|Bytes:4
17:24:27.0 (131825939)|VARIABLE_SCOPE_BEGIN|[179]|wwwDetailIds|Set<Id>|true|false
17:24:27.0 (131854130)|VARIABLE_ASSIGNMENT|[179]|wwwDetailIds|{"s":1,"v":[]}|0x21b57d3
17:24:27.0 (131856693)|STATEMENT_EXECUTE|[180]
17:24:27.0 (131859806)|HEAP_ALLOCATE|[180]|Bytes:4
17:24:27.0 (131873043)|VARIABLE_SCOPE_BEGIN|[180]|locationsIds|Set<Id>|true|false
17:24:27.0 (131881429)|VARIABLE_ASSIGNMENT|[180]|locationsIds|{"s":1,"v":[]}|0x2fa1a19d
17:24:27.0 (131883604)|STATEMENT_EXECUTE|[181]
17:24:27.0 (131886138)|HEAP_ALLOCATE|[181]|Bytes:4
17:24:27.0 (131896350)|VARIABLE_SCOPE_BEGIN|[181]|projectIds|Set<Id>|true|false
17:24:27.0 (131903309)|VARIABLE_ASSIGNMENT|[181]|projectIds|{"s":1,"v":[]}|0x1953156d
17:24:27.0 (131905068)|STATEMENT_EXECUTE|[183]
17:24:27.0 (131961808)|HEAP_ALLOCATE|[183]|Bytes:4
17:24:27.0 (132012107)|VARIABLE_SCOPE_BEGIN|[183]|projects|List<Projecten__c>|true|false
17:24:27.0 (132019279)|HEAP_ALLOCATE|[EXTERNAL]|Bytes:4
17:24:27.0 (132026496)|VARIABLE_ASSIGNMENT|[183]|projects|{"s":1,"v":[]}|0x524b0e62
17:24:27.0 (132028669)|STATEMENT_EXECUTE|[185]
17:24:27.0 (132086895)|HEAP_ALLOCATE|[185]|Bytes:4
17:24:27.0 (132111107)|VARIABLE_SCOPE_BEGIN|[185]|wwwDetailsByProjectId|Map<Id,List<WWW_Detail__c>>|true|false
17:24:27.0 (132122457)|VARIABLE_ASSIGNMENT|[185]|wwwDetailsByProjectId|{"s":1,"v":{}}|0x28b98bb5
17:24:27.0 (132125010)|STATEMENT_EXECUTE|[186]
17:24:27.0 (132144974)|HEAP_ALLOCATE|[186]|Bytes:4
17:24:27.0 (132157779)|VARIABLE_SCOPE_BEGIN|[186]|sublocDetailByWwwDetailId|Map<Id,List<SublocationDetail__c>>|true|false
17:24:27.0 (132165607)|VARIABLE_ASSIGNMENT|[186]|sublocDetailByWwwDetailId|{"s":1,"v":{}}|0x237238f6
17:24:27.0 (132167505)|STATEMENT_EXECUTE|[187]
17:24:27.0 (132171064)|HEAP_ALLOCATE|[187]|Bytes:4
17:24:27.0 (132176000)|VARIABLE_SCOPE_BEGIN|[187]|locationIdsByProjectId|Map<Id,Set<Id>>|true|false
17:24:27.0 (132181426)|VARIABLE_ASSIGNMENT|[187]|locationIdsByProjectId|{"s":1,"v":{}}|0x1a0cbd69
17:24:27.0 (132351500)|HEAP_ALLOCATE|[189]|Bytes:5
17:24:27.0 (132378505)|VARIABLE_SCOPE_BEGIN|[189]|sd|SublocationDetail__c|true|false
17:24:27.0 (132495833)|VARIABLE_ASSIGNMENT|[189]|sd|{"LastModifiedDate":"2017-01-26T16:11:31.000Z","ProjectId__c":"a0q0E0000008S3b","IsDeleted":false,"ProjectCode__c":"2165103","Name":"SD-6284","SystemModstamp":"2017-01-26T16:11:31.000Z","Number_of_items__c":2,"CreatedById":"00524000001e3UjAAI","Reserved__c":false,"CreatedDate":"2017-01-26T16:00:38.000Z","Location__c":"a0B0E0000009Mj1UAE","To_sum__c":true,"Id":"a080E000000EsiXQAS","WWW_Detail_r_RecordT (20 more) ...":"Delivered_2_Hub","WWW_Detail__c":"a0s0E0000004IppQAE","LastModifiedById":"00524000001e3UjAAI"}|0x653f57cf
17:24:27.0 (132502513)|STATEMENT_EXECUTE|[190]
17:24:27.0 (132504003)|STATEMENT_EXECUTE|[191]
17:24:27.0 (132571126)|HEAP_ALLOCATE|[EXTERNAL]|Bytes:4
17:24:27.0 (132578322)|STATEMENT_EXECUTE|[192]
17:24:27.0 (132617646)|HEAP_ALLOCATE|[EXTERNAL]|Bytes:4
17:24:27.0 (132643540)|STATEMENT_EXECUTE|[195]
17:24:27.0 (132645179)|STATEMENT_EXECUTE|[196]
17:24:27.0 (132651180)|HEAP_ALLOCATE|[196]|Bytes:4
17:24:27.0 (132671588)|HEAP_ALLOCATE|[EXTERNAL]|Bytes:4
17:24:27.0 (132675529)|HEAP_ALLOCATE|[EXTERNAL]|Bytes:-4
17:24:27.0 (132680085)|STATEMENT_EXECUTE|[198]
17:24:27.0 (132709572)|HEAP_ALLOCATE|[EXTERNAL]|Bytes:4
17:24:27.0 (132719706)|HEAP_ALLOCATE|[189]|Bytes:5
17:24:27.0 (132731141)|VARIABLE_ASSIGNMENT|[189]|sd|null|
17:24:27.0 (132734158)|STATEMENT_EXECUTE|[201]
17:24:27.0 (132737548)|HEAP_ALLOCATE|[201]|Bytes:66
17:24:27.0 (132744406)|HEAP_ALLOCATE|[201]|Bytes:4
17:24:27.0 (132750602)|HEAP_ALLOCATE|[201]|Bytes:7
17:24:27.0 (132780131)|HEAP_ALLOCATE|[201]|Bytes:8
17:24:27.0 (132784617)|HEAP_ALLOCATE|[201]|Bytes:8
17:24:27.0 (133019572)|SOQL_EXECUTE_BEGIN|[201]|Aggregations:0|SELECT Id, Name, Project__c FROM WWW_Detail__c WHERE Id = :tmpVar1
17:24:27.0 (135048519)|SOQL_EXECUTE_END|[201]|Rows:1
17:24:27.0 (135062909)|HEAP_ALLOCATE|[201]|Bytes:8
17:24:27.0 (135078323)|HEAP_ALLOCATE|[201]|Bytes:79
17:24:27.0 (135104714)|HEAP_ALLOCATE|[201]|Bytes:8
17:24:27.0 (135112266)|VARIABLE_SCOPE_BEGIN|[201]|wwwDetails|List<WWW_Detail__c>|true|false
17:24:27.0 (135135805)|VARIABLE_ASSIGNMENT|[201]|wwwDetails|{"s":1,"v":[{"s":2,"v":{"Id":"a0s0E0000004IppQAE","Name":"WWW-D-9974","Project__c":"a0q0E0000008S3bQAE"}}]}|0x3291a57e
17:24:27.0 (135182527)|STATEMENT_EXECUTE|[203]
17:24:27.0 (135255229)|HEAP_ALLOCATE|[204]|Bytes:5
17:24:27.0 (135285958)|HEAP_ALLOCATE|[204]|Bytes:16
17:24:27.0 (135293141)|VARIABLE_SCOPE_BEGIN|[204]|wd|WWW_Detail__c|true|false
17:24:27.0 (135307690)|VARIABLE_ASSIGNMENT|[204]|wd|{"s":1,"v":{"Id":"a0s0E0000004IppQAE","Name":"WWW-D-9974","Project__c":"a0q0E0000008S3bQAE"}}|0x7bf6787c
17:24:27.0 (135311271)|STATEMENT_EXECUTE|[205]
17:24:27.0 (135363448)|STATEMENT_EXECUTE|[207]
17:24:27.0 (135365545)|STATEMENT_EXECUTE|[208]
17:24:27.0 (135373026)|HEAP_ALLOCATE|[208]|Bytes:4
17:24:27.0 (135393257)|HEAP_ALLOCATE|[EXTERNAL]|Bytes:4
17:24:27.0 (135396334)|HEAP_ALLOCATE|[EXTERNAL]|Bytes:-4
17:24:27.0 (135400354)|STATEMENT_EXECUTE|[210]
17:24:27.0 (135429036)|HEAP_ALLOCATE|[EXTERNAL]|Bytes:4
17:24:27.0 (135432977)|STATEMENT_EXECUTE|[211]
17:24:27.0 (135449629)|HEAP_ALLOCATE|[EXTERNAL]|Bytes:4
17:24:27.0 (135460547)|HEAP_ALLOCATE|[204]|Bytes:5
17:24:27.0 (135470505)|VARIABLE_ASSIGNMENT|[204]|wd|null|
17:24:27.0 (135477561)|STATEMENT_EXECUTE|[214]
17:24:27.0 (135510108)|HEAP_ALLOCATE|[214]|Bytes:4
17:24:27.0 (135540723)|VARIABLE_SCOPE_BEGIN|[214]|projectLocations|List<ProjectLocation__c>|true|false
17:24:27.0 (135546032)|HEAP_ALLOCATE|[EXTERNAL]|Bytes:4
17:24:27.0 (135554435)|VARIABLE_ASSIGNMENT|[214]|projectLocations|{"s":1,"v":[]}|0x7a4b2bbf
17:24:27.0 (135556772)|STATEMENT_EXECUTE|[216]
17:24:27.0 (135559718)|HEAP_ALLOCATE|[216]|Bytes:82
17:24:27.0 (135564442)|HEAP_ALLOCATE|[216]|Bytes:4
17:24:27.0 (135584374)|HEAP_ALLOCATE|[216]|Bytes:8
17:24:27.0 (135588720)|HEAP_ALLOCATE|[216]|Bytes:8
17:24:27.0 (135766117)|SOQL_EXECUTE_BEGIN|[216]|Aggregations:0|SELECT Project__c, Location__c FROM ProjectLocation__c WHERE Project__c = :tmpVar1
17:24:27.0 (138010226)|SOQL_EXECUTE_END|[216]|Rows:0
17:24:27.0 (138027330)|HEAP_ALLOCATE|[216]|Bytes:4
17:24:27.0 (138035535)|HEAP_ALLOCATE|[216]|Bytes:0
17:24:27.0 (138056397)|HEAP_ALLOCATE|[216]|Bytes:4
17:24:27.0 (138073115)|VARIABLE_ASSIGNMENT|[216]|projectLocations|{"s":1,"v":[]}|0x24c7620
17:24:27.0 (138076082)|STATEMENT_EXECUTE|[218]
17:24:27.0 (138168495)|HEAP_ALLOCATE|[EXTERNAL]|Bytes:4
17:24:27.0 (138174640)|STATEMENT_EXECUTE|[220]
17:24:27.0 (138195528)|HEAP_ALLOCATE|[220]|Bytes:4
17:24:27.0 (138199933)|HEAP_ALLOCATE|[220]|Bytes:4
17:24:27.0 (138236846)|HEAP_ALLOCATE|[220]|Bytes:8
17:24:27.0 (138242458)|HEAP_ALLOCATE|[220]|Bytes:8
17:24:27.0 (138405398)|SOQL_EXECUTE_BEGIN|[220]|Aggregations:0|SELECT Id, Name, Project__c FROM WWW_Detail__c WHERE Id = :tmpVar1
17:24:27.0 (139630466)|SOQL_EXECUTE_END|[220]|Rows:0
17:24:27.0 (139647602)|HEAP_ALLOCATE|[220]|Bytes:4
17:24:27.0 (139655854)|HEAP_ALLOCATE|[220]|Bytes:0
17:24:27.0 (139667827)|HEAP_ALLOCATE|[220]|Bytes:4
17:24:27.0 (139693291)|VARIABLE_SCOPE_BEGIN|[220]|wwwDetailsById|Map<Id,WWW_Detail__c>|true|false
17:24:27.0 (139708364)|VARIABLE_ASSIGNMENT|[220]|wwwDetailsById|{"s":1,"v":{}}|0x14e91c9e
17:24:27.0 (139711280)|STATEMENT_EXECUTE|[221]
17:24:27.0 (139714612)|HEAP_ALLOCATE|[221]|Bytes:100
17:24:27.0 (139719516)|HEAP_ALLOCATE|[221]|Bytes:4
17:24:27.0 (139753968)|HEAP_ALLOCATE|[222]|Bytes:4
17:24:27.0 (139775215)|HEAP_ALLOCATE|[221]|Bytes:4
17:24:27.0 (139778408)|HEAP_ALLOCATE|[221]|Bytes:4
17:24:27.0 (139955498)|SOQL_EXECUTE_BEGIN|[221]|Aggregations:0|SELECT Id, Name, Location__c, WWW_Detail__c FROM SublocationDetail__c WHERE WWW_Detail__c = :tmpVar1
17:24:27.0 (140728627)|SOQL_EXECUTE_END|[221]|Rows:0
17:24:27.0 (140745019)|HEAP_ALLOCATE|[221]|Bytes:4
17:24:27.0 (140752777)|HEAP_ALLOCATE|[221]|Bytes:0
17:24:27.0 (140764608)|HEAP_ALLOCATE|[221]|Bytes:4
17:24:27.0 (140772138)|VARIABLE_SCOPE_BEGIN|[221]|subLocs|List<SublocationDetail__c>|true|false
17:24:27.0 (140785372)|VARIABLE_ASSIGNMENT|[221]|subLocs|{"s":1,"v":[]}|0x500a4075
17:24:27.0 (140788298)|STATEMENT_EXECUTE|[224]
17:24:27.0 (140803009)|METHOD_ENTRY|[224]|01p2400000DUoK9|SubLocationDetailUtil.prepareRecordsForReport(List<SublocationDetail__c>)
17:24:27.0 (140819799)|VARIABLE_SCOPE_BEGIN|[232]|subLocDetailList|List<SublocationDetail__c>|true|false
17:24:27.0 (140826861)|VARIABLE_ASSIGNMENT|[232]|subLocDetailList|{"s":1,"v":[]}|0x500a4075
17:24:27.0 (140835732)|HEAP_ALLOCATE|[234]|Bytes:5
17:24:27.0 (140839019)|STATEMENT_EXECUTE|[233]
17:24:27.0 (140840277)|STATEMENT_EXECUTE|[234]
17:24:27.0 (140842755)|HEAP_ALLOCATE|[234]|Bytes:26
17:24:27.0 (140875412)|USER_DEBUG|[234]|DEBUG|RUN manageRecordsForReport
17:24:27.0 (140881209)|STATEMENT_EXECUTE|[235]
17:24:27.0 (140885668)|HEAP_ALLOCATE|[235]|Bytes:4
17:24:27.0 (140901952)|VARIABLE_SCOPE_BEGIN|[235]|wwwDetailIds|Set<Id>|true|false
17:24:27.0 (140915106)|VARIABLE_ASSIGNMENT|[235]|wwwDetailIds|{"s":1,"v":[]}|0x1783bd3d
17:24:27.0 (140917430)|STATEMENT_EXECUTE|[236]
17:24:27.0 (140920265)|HEAP_ALLOCATE|[236]|Bytes:4
17:24:27.0 (140932045)|VARIABLE_SCOPE_BEGIN|[236]|locationsIds|Set<Id>|true|false
17:24:27.0 (140939231)|VARIABLE_ASSIGNMENT|[236]|locationsIds|{"s":1,"v":[]}|0x43800bd2
17:24:27.0 (140941016)|STATEMENT_EXECUTE|[237]
17:24:27.0 (140943413)|HEAP_ALLOCATE|[237]|Bytes:4
17:24:27.0 (140953371)|VARIABLE_SCOPE_BEGIN|[237]|projectIds|Set<Id>|true|false
17:24:27.0 (140960095)|VARIABLE_ASSIGNMENT|[237]|projectIds|{"s":1,"v":[]}|0x410be23f
17:24:27.0 (140961813)|STATEMENT_EXECUTE|[239]
17:24:27.0 (140965423)|HEAP_ALLOCATE|[239]|Bytes:4
17:24:27.0 (140974836)|VARIABLE_SCOPE_BEGIN|[239]|projects|List<Projecten__c>|true|false
17:24:27.0 (140979021)|HEAP_ALLOCATE|[EXTERNAL]|Bytes:4
17:24:27.0 (140983601)|VARIABLE_ASSIGNMENT|[239]|projects|{"s":1,"v":[]}|0x93f4c57
17:24:27.0 (140985538)|STATEMENT_EXECUTE|[241]
17:24:27.0 (140988690)|HEAP_ALLOCATE|[241]|Bytes:4
17:24:27.0 (140992631)|VARIABLE_SCOPE_BEGIN|[241]|wwwDetailsByProjectId|Map<Id,List<WWW_Detail__c>>|true|false
17:24:27.0 (141000948)|VARIABLE_ASSIGNMENT|[241]|wwwDetailsByProjectId|{"s":1,"v":{}}|0x3df6218
17:24:27.0 (141003388)|STATEMENT_EXECUTE|[242]
17:24:27.0 (141005736)|HEAP_ALLOCATE|[242]|Bytes:4
17:24:27.0 (141009216)|VARIABLE_SCOPE_BEGIN|[242]|sublocDetailByWwwDetailId|Map<Id,List<SublocationDetail__c>>|true|false
17:24:27.0 (141014713)|VARIABLE_ASSIGNMENT|[242]|sublocDetailByWwwDetailId|{"s":1,"v":{}}|0x4042272a
17:24:27.0 (141016455)|STATEMENT_EXECUTE|[243]
17:24:27.0 (141018675)|HEAP_ALLOCATE|[243]|Bytes:4
17:24:27.0 (141021821)|VARIABLE_SCOPE_BEGIN|[243]|locationIdsByProjectId|Map<Id,Set<Id>>|true|false
17:24:27.0 (141026791)|VARIABLE_ASSIGNMENT|[243]|locationIdsByProjectId|{"s":1,"v":{}}|0x5ec62f07
17:24:27.0 (141051875)|HEAP_ALLOCATE|[245]|Bytes:5
17:24:27.0 (141062379)|VARIABLE_ASSIGNMENT|[245]|sd|null|
17:24:27.0 (141064919)|STATEMENT_EXECUTE|[245]
17:24:27.0 (141066103)|STATEMENT_EXECUTE|[257]
17:24:27.0 (141068301)|HEAP_ALLOCATE|[257]|Bytes:37
17:24:27.0 (141113275)|HEAP_ALLOCATE|[257]|Bytes:2
17:24:27.0 (141126550)|HEAP_ALLOCATE|[257]|Bytes:39
17:24:27.0 (141135420)|USER_DEBUG|[257]|DEBUG|OBDEB sublocDetailByWwwDetailId -->> {}
17:24:27.0 (141139456)|STATEMENT_EXECUTE|[259]
17:24:27.0 (141143367)|HEAP_ALLOCATE|[259]|Bytes:4
17:24:27.0 (141166136)|HEAP_ALLOCATE|[259]|Bytes:4
17:24:27.0 (141169784)|HEAP_ALLOCATE|[259]|Bytes:4
17:24:27.0 (141313651)|SOQL_EXECUTE_BEGIN|[259]|Aggregations:0|SELECT Id, Name, Project__c FROM WWW_Detail__c WHERE Id = :tmpVar1
17:24:27.0 (142170977)|SOQL_EXECUTE_END|[259]|Rows:0
17:24:27.0 (142186929)|HEAP_ALLOCATE|[259]|Bytes:4
17:24:27.0 (142194757)|HEAP_ALLOCATE|[259]|Bytes:0
17:24:27.0 (142206317)|HEAP_ALLOCATE|[259]|Bytes:4
17:24:27.0 (142213729)|VARIABLE_SCOPE_BEGIN|[259]|wwwDetails|List<WWW_Detail__c>|true|false
17:24:27.0 (142226643)|VARIABLE_ASSIGNMENT|[259]|wwwDetails|{"s":1,"v":[]}|0x5b017067
17:24:27.0 (142252449)|STATEMENT_EXECUTE|[339]
17:24:27.0 (142254411)|STATEMENT_EXECUTE|[340]
17:24:27.0 (142263167)|METHOD_EXIT|[224]|01p2400000DUoK9|SubLocationDetailUtil.prepareRecordsForReport(List<SublocationDetail__c>)
17:24:27.0 (142266698)|VARIABLE_SCOPE_BEGIN|[224]|toInsert|List<ProjectLocation__c>|true|false
17:24:27.0 (142272009)|VARIABLE_ASSIGNMENT|[224]|toInsert|null|
17:24:27.0 (142275015)|STATEMENT_EXECUTE|[225]
17:24:27.0 (142280385)|METHOD_EXIT|[27]|01p2400000DUoK9|SubLocationDetailUtil.updateRecordsForReportBeforeDelete(List<SublocationDetail__c>)
17:24:27.0 (142284528)|SYSTEM_MODE_EXIT|false
17:24:27.0 (142289624)|METHOD_EXIT|[10]|01p2400000DUoK9|SubLocationDetailUtil.entry(TriggerParams)
17:24:27.142 (142297765)|CUMULATIVE_LIMIT_USAGE
17:24:27.142 (142297765)|LIMIT_USAGE_FOR_NS|(default)|
  Number of SOQL queries: 5 out of 100
  Number of query rows: 1 out of 50000
  Number of SOSL queries: 0 out of 20
  Number of DML statements: 0 out of 150
  Number of DML rows: 0 out of 10000
  Maximum CPU time: 0 out of 10000
  Maximum heap size: 0 out of 6000000
  Number of callouts: 0 out of 100
  Number of Email Invocations: 0 out of 10
  Number of future calls: 0 out of 50
  Number of queueable jobs added to the queue: 0 out of 50
  Number of Mobile Apex push calls: 0 out of 10

17:24:27.142 (142297765)|CUMULATIVE_LIMIT_USAGE_END

17:24:27.0 (143407362)|CODE_UNIT_FINISHED|SubLocationDetailTrigger on SublocationDetail trigger event AfterDelete for [a080E000000EsiX]
17:24:27.0 (162037719)|CODE_UNIT_FINISHED|TRIGGERS
17:24:27.0 (162043037)|EXECUTION_FINISHED
