38.0 APEX_CODE,DEBUG;APEX_PROFILING,INFO;CALLOUT,INFO;DB,INFO;SYSTEM,DEBUG;VALIDATION,INFO;VISUALFORCE,INFO;WAVE,INFO;WORKFLOW,INFO
11:16:08.0 (277753)|USER_INFO|[EXTERNAL]|00524000001e3Uj|bedrijfsbureau@gsa.nl.sandbox|Midden-Europese standaardtijd|GMT+02:00
11:16:08.0 (306095)|EXECUTION_STARTED
11:16:08.0 (309650)|CODE_UNIT_STARTED|[EXTERNAL]|06624000003h0Dg|VF: /apex/New_delivered_detail
11:16:08.0 (919971)|VF_DESERIALIZE_VIEWSTATE_BEGIN|06624000003h0Dg
11:16:08.0 (9933978)|VF_DESERIALIZE_VIEWSTATE_END
11:16:08.10 (10996039)|SYSTEM_MODE_ENTER|true
11:16:08.11 (11768016)|SYSTEM_MODE_ENTER|true
11:16:08.0 (12040079)|SYSTEM_MODE_ENTER|true
11:16:08.0 (12274018)|SYSTEM_MODE_ENTER|true
11:16:08.0 (12333857)|SYSTEM_MODE_ENTER|true
11:16:08.0 (12383434)|SYSTEM_MODE_ENTER|true
11:16:08.0 (12436420)|SYSTEM_MODE_ENTER|true
11:16:08.0 (12525189)|SYSTEM_MODE_ENTER|true
11:16:08.0 (23899069)|SYSTEM_MODE_ENTER|true
11:16:08.0 (35735753)|SYSTEM_MODE_ENTER|true
11:16:08.0 (36782783)|SYSTEM_MODE_ENTER|false
11:16:08.0 (36789189)|SYSTEM_MODE_EXIT|false
11:16:08.0 (36821298)|SYSTEM_MODE_ENTER|false
11:16:08.0 (38004637)|SYSTEM_MODE_EXIT|false
11:16:08.0 (38134590)|SYSTEM_MODE_ENTER|true
11:16:08.0 (38236941)|SYSTEM_MODE_ENTER|true
11:16:08.0 (39597124)|VF_PAGE_MESSAGE|You must enter a value
11:16:08.0 (39650464)|VF_PAGE_MESSAGE|Project: You must enter a value
11:16:08.50 (50780453)|SYSTEM_MODE_ENTER|true
11:16:08.50 (50916021)|SYSTEM_MODE_ENTER|true
11:16:08.52 (52078349)|SYSTEM_MODE_ENTER|true
11:16:08.52 (52207617)|SYSTEM_MODE_ENTER|true
11:16:08.52 (52288011)|SYSTEM_MODE_ENTER|true
11:16:08.52 (52437822)|SYSTEM_MODE_ENTER|true
11:16:08.52 (52506953)|SYSTEM_MODE_ENTER|true
11:16:08.0 (52766103)|SYSTEM_MODE_ENTER|true
11:16:08.0 (52826133)|SYSTEM_MODE_ENTER|true
11:16:08.0 (52871484)|SYSTEM_MODE_ENTER|true
11:16:08.0 (52912873)|SYSTEM_MODE_ENTER|true
11:16:08.0 (52952396)|SYSTEM_MODE_ENTER|true
11:16:08.53 (53580414)|SYSTEM_MODE_ENTER|true
11:16:08.53 (53727518)|SYSTEM_MODE_ENTER|true
11:16:08.54 (54209104)|SYSTEM_MODE_ENTER|true
11:16:08.54 (54285399)|SYSTEM_MODE_ENTER|true
11:16:08.54 (54394294)|SYSTEM_MODE_ENTER|true
11:16:08.54 (54449839)|SYSTEM_MODE_ENTER|true
11:16:08.54 (54553711)|SYSTEM_MODE_ENTER|true
11:16:08.55 (55132806)|SYSTEM_MODE_ENTER|true
11:16:08.0 (56754235)|VF_SERIALIZE_VIEWSTATE_BEGIN|06624000003h0Dg
11:16:08.0 (60557455)|VF_SERIALIZE_VIEWSTATE_END
11:16:08.0 (61862587)|SYSTEM_MODE_ENTER|true
11:16:08.63 (63060399)|CUMULATIVE_LIMIT_USAGE
11:16:08.63 (63060399)|LIMIT_USAGE_FOR_NS|(default)|
  Number of SOQL queries: 0 out of 100
  Number of query rows: 0 out of 50000
  Number of SOSL queries: 0 out of 20
  Number of DML statements: 0 out of 150
  Number of DML rows: 0 out of 10000
  Maximum CPU time: 0 out of 10000
  Maximum heap size: 0 out of 6000000
  Number of callouts: 0 out of 100
  Number of Email Invocations: 0 out of 10
  Number of future calls: 0 out of 50
  Number of queueable jobs added to the queue: 0 out of 50
  Number of Mobile Apex push calls: 0 out of 10

11:16:08.63 (63060399)|CUMULATIVE_LIMIT_USAGE_END

11:16:08.0 (63091037)|CODE_UNIT_FINISHED|VF: /apex/New_delivered_detail
11:16:08.0 (63799393)|EXECUTION_FINISHED
