38.0 APEX_CODE,FINEST;APEX_PROFILING,INFO;CALLOUT,INFO;DB,INFO;SYSTEM,DEBUG;VALIDATION,INFO;VISUALFORCE,INFO;WAVE,INFO;WORKFLOW,INFO
12:20:51.0 (385564)|USER_INFO|[EXTERNAL]|00524000001e3Uj|bedrijfsbureau@gsa.nl.sandbox|Midden-Europese standaardtijd|GMT+01:00
12:20:51.0 (412364)|EXECUTION_STARTED
12:20:51.0 (416605)|CODE_UNIT_STARTED|[EXTERNAL]|06624000003h0Dg|VF: /apex/New_delivered_detail
12:20:51.0 (10966453)|SYSTEM_MODE_ENTER|true
12:20:51.0 (11242655)|HEAP_ALLOCATE|[72]|Bytes:3
12:20:51.0 (11283080)|HEAP_ALLOCATE|[77]|Bytes:152
12:20:51.0 (11298308)|HEAP_ALLOCATE|[342]|Bytes:408
12:20:51.0 (11313718)|HEAP_ALLOCATE|[355]|Bytes:408
12:20:51.0 (11326426)|HEAP_ALLOCATE|[467]|Bytes:48
12:20:51.0 (11352779)|HEAP_ALLOCATE|[139]|Bytes:6
12:20:51.0 (11417054)|HEAP_ALLOCATE|[EXTERNAL]|Bytes:11
12:20:51.0 (11421714)|HEAP_ALLOCATE|[EXTERNAL]|Bytes:408
12:20:51.0 (11424250)|HEAP_ALLOCATE|[EXTERNAL]|Bytes:120
12:20:51.0 (11427311)|HEAP_ALLOCATE|[EXTERNAL]|Bytes:108
12:20:51.0 (11435596)|METHOD_ENTRY|[1]|01p2400000DUtXT|NewDeliveredExtension.NewDeliveredExtension()
12:20:51.0 (11438914)|STATEMENT_EXECUTE|[1]
12:20:51.0 (11443065)|STATEMENT_EXECUTE|[1]
12:20:51.0 (11444380)|STATEMENT_EXECUTE|[527]
12:20:51.0 (11448591)|METHOD_EXIT|[1]|NewDeliveredExtension
12:20:51.0 (11455619)|HEAP_ALLOCATE|[EXTERNAL]|Bytes:80
12:20:51.0 (11472974)|VARIABLE_SCOPE_BEGIN|[163]|this|NewDeliveredExtension|true|false
12:20:51.0 (11532314)|VARIABLE_ASSIGNMENT|[163]|this|{}|0x2f792a82
12:20:51.0 (11535550)|VARIABLE_SCOPE_BEGIN|[163]|controller|ApexPages.StandardController|true|false
12:20:51.0 (11747331)|VARIABLE_ASSIGNMENT|[163]|controller|"StandardController [null]"|0x7586b8e3
12:20:51.0 (11756750)|STATEMENT_EXECUTE|[1]
12:20:51.0 (11758030)|STATEMENT_EXECUTE|[2]
12:20:51.0 (11759404)|STATEMENT_EXECUTE|[20]
12:20:51.0 (11760831)|STATEMENT_EXECUTE|[61]
12:20:51.0 (11761825)|STATEMENT_EXECUTE|[69]
12:20:51.0 (11762947)|STATEMENT_EXECUTE|[77]
12:20:51.0 (11763942)|STATEMENT_EXECUTE|[85]
12:20:51.0 (11765088)|STATEMENT_EXECUTE|[93]
12:20:51.0 (11766422)|STATEMENT_EXECUTE|[101]
12:20:51.0 (11767580)|STATEMENT_EXECUTE|[123]
12:20:51.0 (11863521)|HEAP_ALLOCATE|[123]|Bytes:4
12:20:51.0 (11868950)|HEAP_ALLOCATE|[123]|Bytes:258
12:20:51.0 (11872917)|HEAP_ALLOCATE|[123]|Bytes:4
12:20:51.0 (11913714)|HEAP_ALLOCATE|[50]|Bytes:5
12:20:51.0 (11933896)|HEAP_ALLOCATE|[56]|Bytes:5
12:20:51.0 (11939380)|HEAP_ALLOCATE|[64]|Bytes:7
12:20:51.0 (12483038)|SOQL_EXECUTE_BEGIN|[123]|Aggregations:0|SELECT Id, Project__c, Item__c, Actueel_aantal_palletplaatsenworkflow__c, Ticket_Number_ILIPS__c, Filecardnumber__c, Projectmember__c, Hub_Building_Site__c, Actueel_aantal_palletplaatsen__c, Supplier__c, Name FROM WWW__c ORDER BY CreatedDate DESC NULLS FIRST
12:20:51.0 (18675399)|SOQL_EXECUTE_END|[123]|Rows:4
12:20:51.0 (18691569)|HEAP_ALLOCATE|[123]|Bytes:20
12:20:51.0 (18721256)|HEAP_ALLOCATE|[123]|Bytes:884
12:20:51.0 (18792169)|HEAP_ALLOCATE|[123]|Bytes:20
12:20:51.0 (18853463)|HEAP_ALLOCATE|[123]|Bytes:28
12:20:51.0 (18862536)|HEAP_ALLOCATE|[123]|Bytes:4
12:20:51.0 (18870564)|HEAP_ALLOCATE|[123]|Bytes:28
12:20:51.0 (18873638)|HEAP_ALLOCATE|[123]|Bytes:4
12:20:51.0 (18878300)|HEAP_ALLOCATE|[123]|Bytes:28
12:20:51.0 (18881171)|HEAP_ALLOCATE|[123]|Bytes:4
12:20:51.0 (18885527)|HEAP_ALLOCATE|[123]|Bytes:28
12:20:51.0 (18888251)|HEAP_ALLOCATE|[123]|Bytes:4
12:20:51.0 (18938494)|VARIABLE_ASSIGNMENT|[123]|this.wwwById|{"a0t0E0000004UTUQA2":{"Id":"a0t0E0000004UTUQA2","Project__c":"a0q0E0000008S3WQAU","Item__c":"a0A0E0000001PiqUAE","Hub_Building_Site__c":"a020E000000zFeUQAU","Actueel_aantal_palle (12 more) ...":0,"Name":"WWW-13532"},"a0t0E0000004NFcQAM":{"Id":"a0t0E0000004NFcQAM","Project__c":"a0q0E0000008S3bQAE","Item__c":"a0A0E0000001Pj0UAE","Hub_Building_Site__c":"a020E000000zEM2QAM","Actueel_aantal_palle (12 more) ...":0,"Name":"WWW-13490"},"a0t0E0000004NFXQA2":{"Id":"a0t0E0000004NFXQA2","Project__c":"a0q0E0000008S3WQAU","Item__c":"a0A0E0000001PiqUAE","Hub_Building_Site__c":"a020E000000zEM2QAM","Actueel_aantal_palle (12 more) ...":0,"Name":"WWW-13489"},"a0t0E0000004NFNQA2":{"Id":"a0t0E0000004NFNQA2","Project__c":"a0q0E0000008S3WQAU","Item__c":"a0A0E0000001PilUAE","Hub_Building_Site__c":"a020E000000zEM2QAM","Actueel_aantal_palle (12 more) ...":0,"Name":"WWW-13487"}}|0x2f792a82
12:20:51.0 (18946626)|STATEMENT_EXECUTE|[155]
12:20:51.0 (18948132)|STATEMENT_EXECUTE|[156]
12:20:51.0 (18949322)|STATEMENT_EXECUTE|[184]
12:20:51.0 (18950342)|STATEMENT_EXECUTE|[185]
12:20:51.0 (18951357)|STATEMENT_EXECUTE|[195]
12:20:51.0 (18952441)|STATEMENT_EXECUTE|[203]
12:20:51.0 (18953754)|STATEMENT_EXECUTE|[211]
12:20:51.0 (18954767)|STATEMENT_EXECUTE|[219]
12:20:51.0 (18955772)|STATEMENT_EXECUTE|[228]
12:20:51.0 (18956823)|STATEMENT_EXECUTE|[236]
12:20:51.0 (18964540)|HEAP_ALLOCATE|[123]|Bytes:6
12:20:51.0 (18986579)|STATEMENT_EXECUTE|[163]
12:20:51.0 (18987905)|STATEMENT_EXECUTE|[164]
12:20:51.0 (19029875)|HEAP_ALLOCATE|[164]|Bytes:58
12:20:51.0 (19073861)|HEAP_ALLOCATE|[164]|Bytes:28
12:20:51.0 (19086922)|HEAP_ALLOCATE|[164]|Bytes:10
12:20:51.0 (19122639)|HEAP_ALLOCATE|[164]|Bytes:4
12:20:51.0 (19171023)|VARIABLE_ASSIGNMENT|[EXTERNAL]|this|{"wwwById":"0x5c0182ed"}|0x2f792a82
12:20:51.0 (19175634)|STATEMENT_EXECUTE|[3]
12:20:51.0 (19180561)|STATEMENT_EXECUTE|[4]
12:20:51.0 (19181703)|STATEMENT_EXECUTE|[5]
12:20:51.0 (19211426)|HEAP_ALLOCATE|[5]|Bytes:4
12:20:51.0 (19307376)|VARIABLE_ASSIGNMENT|[5]|this.detail|{}|0x2f792a82
12:20:51.0 (19310262)|STATEMENT_EXECUTE|[6]
12:20:51.0 (19358804)|VARIABLE_ASSIGNMENT|[EXTERNAL]|this|{"detail":"0x272ba602","wwwById":"0x5c0182ed"}|0x2f792a82
12:20:51.0 (19362516)|STATEMENT_EXECUTE|[21]
12:20:51.0 (19364835)|STATEMENT_EXECUTE|[22]
12:20:51.0 (19365986)|STATEMENT_EXECUTE|[23]
12:20:51.0 (19375417)|HEAP_ALLOCATE|[23]|Bytes:4
12:20:51.0 (19420210)|VARIABLE_ASSIGNMENT|[23]|this.www|{}|0x2f792a82
12:20:51.0 (19426424)|STATEMENT_EXECUTE|[26]
12:20:51.0 (19659382)|VARIABLE_ASSIGNMENT|[6]|this.WWW__c|null|0x272ba602
12:20:51.0 (19662714)|STATEMENT_EXECUTE|[7]
12:20:51.0 (19715939)|VARIABLE_ASSIGNMENT|[EXTERNAL]|this|{"detail":"0x272ba602","www":"0x41d01585","wwwById":"0x5c0182ed"}|0x2f792a82
12:20:51.0 (19767574)|VARIABLE_ASSIGNMENT|[7]|this.Project__c|null|0x272ba602
12:20:51.0 (19770657)|STATEMENT_EXECUTE|[9]
12:20:51.0 (19851199)|VARIABLE_ASSIGNMENT|[164]|this.RecordTypeId|"01224000000Sn4MAAS"|0x272ba602
12:20:51.0 (19853946)|STATEMENT_EXECUTE|[165]
12:20:51.0 (19899286)|VARIABLE_ASSIGNMENT|[EXTERNAL]|this|{"detail":"0x272ba602","www":"0x41d01585","wwwById":"0x5c0182ed"}|0x2f792a82
12:20:51.0 (19902708)|STATEMENT_EXECUTE|[3]
12:20:51.0 (19904706)|STATEMENT_EXECUTE|[4]
12:20:51.0 (19905763)|STATEMENT_EXECUTE|[9]
12:20:51.0 (19946798)|USER_DEBUG|[165]|DEBUG|01224000000Sn4MAAS
12:20:51.0 (19952272)|STATEMENT_EXECUTE|[166]
12:20:51.0 (19997399)|HEAP_ALLOCATE|[166]|Bytes:4
12:20:51.0 (20002852)|HEAP_ALLOCATE|[166]|Bytes:82
12:20:51.0 (20006460)|HEAP_ALLOCATE|[166]|Bytes:4
12:20:51.0 (20196551)|SOQL_EXECUTE_BEGIN|[166]|Aggregations:0|SELECT Id, Name, DeveloperName FROM RecordType WHERE sobjectType = 'WWW_detail__c'
12:20:51.0 (27822741)|SOQL_EXECUTE_END|[166]|Rows:5
12:20:51.0 (27837726)|HEAP_ALLOCATE|[166]|Bytes:24
12:20:51.0 (27857030)|HEAP_ALLOCATE|[166]|Bytes:371
12:20:51.0 (27892784)|HEAP_ALLOCATE|[166]|Bytes:24
12:20:51.0 (27932963)|HEAP_ALLOCATE|[166]|Bytes:16
12:20:51.0 (27940456)|HEAP_ALLOCATE|[166]|Bytes:4
12:20:51.0 (27946258)|HEAP_ALLOCATE|[166]|Bytes:16
12:20:51.0 (27949602)|HEAP_ALLOCATE|[166]|Bytes:4
12:20:51.0 (27953521)|HEAP_ALLOCATE|[166]|Bytes:16
12:20:51.0 (27956383)|HEAP_ALLOCATE|[166]|Bytes:4
12:20:51.0 (27960023)|HEAP_ALLOCATE|[166]|Bytes:16
12:20:51.0 (27962925)|HEAP_ALLOCATE|[166]|Bytes:4
12:20:51.0 (27966511)|HEAP_ALLOCATE|[166]|Bytes:16
12:20:51.0 (27969418)|HEAP_ALLOCATE|[166]|Bytes:4
12:20:51.0 (27976494)|VARIABLE_SCOPE_BEGIN|[166]|recByNames|Map<Id,RecordType>|true|false
12:20:51.0 (28007832)|VARIABLE_ASSIGNMENT|[166]|recByNames|{"01224000000Sn4NAAS":{"Id":"01224000000Sn4NAAS","Name":"Afleveren","DeveloperName":"Delivered_2_Project"},"01224000000Sn4OAAS":{"Id":"01224000000Sn4OAAS","Name":"Afroepen","DeveloperName":"Invoked"},"01224000000Sn4PAAS":{"Id":"01224000000Sn4PAAS","Name":"Afwijzen","DeveloperName":"Rejected"},"01224000000Sn4MAAS":{"Id":"01224000000Sn4MAAS","Name":"Ontvangen","DeveloperName":"Delivered_2_Hub"},"01224000000Sn4QAAS":{"Id":"01224000000Sn4QAAS","Name":"Verwachten","DeveloperName":"Reserved"}}|0x6e0886a4
12:20:51.0 (28066431)|VARIABLE_ASSIGNMENT|[EXTERNAL]|this|{"detail":"0x272ba602","www":"0x41d01585","wwwById":"0x5c0182ed"}|0x2f792a82
12:20:51.0 (28071007)|STATEMENT_EXECUTE|[3]
12:20:51.0 (28073977)|STATEMENT_EXECUTE|[4]
12:20:51.0 (28075139)|STATEMENT_EXECUTE|[9]
12:20:51.0 (28085823)|STATEMENT_EXECUTE|[168]
12:20:51.0 (28130715)|VARIABLE_ASSIGNMENT|[EXTERNAL]|this|{"detail":"0x272ba602","www":"0x41d01585","wwwById":"0x5c0182ed"}|0x2f792a82
12:20:51.0 (28134264)|STATEMENT_EXECUTE|[3]
12:20:51.0 (28135866)|STATEMENT_EXECUTE|[4]
12:20:51.0 (28137012)|STATEMENT_EXECUTE|[9]
12:20:51.0 (28179783)|HEAP_ALLOCATE|[169]|Bytes:7
12:20:51.0 (28239362)|VARIABLE_ASSIGNMENT|[EXTERNAL]|this|{"detail":"0x272ba602","www":"0x41d01585","wwwById":"0x5c0182ed"}|0x2f792a82
12:20:51.0 (28242525)|STATEMENT_EXECUTE|[3]
12:20:51.0 (28244047)|STATEMENT_EXECUTE|[4]
12:20:51.0 (28245125)|STATEMENT_EXECUTE|[9]
12:20:51.0 (28263803)|HEAP_ALLOCATE|[171]|Bytes:8
12:20:51.0 (28304130)|VARIABLE_ASSIGNMENT|[EXTERNAL]|this|{"detail":"0x272ba602","www":"0x41d01585","wwwById":"0x5c0182ed"}|0x2f792a82
12:20:51.0 (28307174)|STATEMENT_EXECUTE|[3]
12:20:51.0 (28308625)|STATEMENT_EXECUTE|[4]
12:20:51.0 (28309625)|STATEMENT_EXECUTE|[9]
12:20:51.0 (28325246)|HEAP_ALLOCATE|[173]|Bytes:15
12:20:51.0 (28336093)|STATEMENT_EXECUTE|[173]
12:20:51.0 (28337297)|STATEMENT_EXECUTE|[174]
12:20:51.0 (28400905)|VARIABLE_ASSIGNMENT|[EXTERNAL]|this|{"detail":"0x272ba602","www":"0x41d01585","wwwById":"0x5c0182ed"}|0x2f792a82
12:20:51.0 (28416042)|VARIABLE_ASSIGNMENT|[EXTERNAL]|value|true
12:20:51.0 (28421015)|HEAP_ALLOCATE|[228]|Bytes:5
12:20:51.0 (28426215)|VARIABLE_ASSIGNMENT|[228]|this.delToHub|true|0x2f792a82
12:20:51.0 (28432390)|STATEMENT_EXECUTE|[181]
12:20:51.0 (28446800)|METHOD_ENTRY|[181]|01p2400000DUtXT|NewDeliveredExtension.getProjects()
12:20:51.0 (28457291)|VARIABLE_SCOPE_BEGIN|[139]|this|NewDeliveredExtension|true|false
12:20:51.0 (28485146)|VARIABLE_ASSIGNMENT|[139]|this|{"delToHub":true,"detail":"0x272ba602","www":"0x41d01585","wwwById":"0x5c0182ed"}|0x2f792a82
12:20:51.0 (28491596)|STATEMENT_EXECUTE|[139]
12:20:51.0 (28493028)|STATEMENT_EXECUTE|[141]
12:20:51.0 (28501501)|HEAP_ALLOCATE|[141]|Bytes:4
12:20:51.0 (28525865)|VARIABLE_SCOPE_BEGIN|[141]|options|List<System.SelectOption>|true|false
12:20:51.0 (28551388)|HEAP_ALLOCATE|[EXTERNAL]|Bytes:4
12:20:51.0 (28559277)|VARIABLE_ASSIGNMENT|[141]|options|[]|0x290b6a0e
12:20:51.0 (28561497)|STATEMENT_EXECUTE|[142]
12:20:51.0 (28601887)|HEAP_ALLOCATE|[142]|Bytes:4
12:20:51.0 (28606307)|HEAP_ALLOCATE|[142]|Bytes:71
12:20:51.0 (28608899)|HEAP_ALLOCATE|[142]|Bytes:4
12:20:51.0 (28807217)|SOQL_EXECUTE_BEGIN|[142]|Aggregations:0|SELECT Id, Name FROM Projecten__c ORDER BY CreatedDate DESC NULLS FIRST
12:20:51.0 (29894341)|SOQL_EXECUTE_END|[142]|Rows:2
12:20:51.0 (29908525)|HEAP_ALLOCATE|[142]|Bytes:12
12:20:51.0 (29919717)|HEAP_ALLOCATE|[142]|Bytes:85
12:20:51.0 (29951328)|HEAP_ALLOCATE|[142]|Bytes:12
12:20:51.0 (29988016)|HEAP_ALLOCATE|[142]|Bytes:12
12:20:51.0 (29995526)|HEAP_ALLOCATE|[142]|Bytes:4
12:20:51.0 (30002544)|HEAP_ALLOCATE|[142]|Bytes:12
12:20:51.0 (30006192)|HEAP_ALLOCATE|[142]|Bytes:4
12:20:51.0 (30012435)|VARIABLE_SCOPE_BEGIN|[142]|prById|Map<Id,Projecten__c>|true|false
12:20:51.0 (30031541)|VARIABLE_ASSIGNMENT|[142]|prById|{"a0q0E0000008S3bQAE":{"Id":"a0q0E0000008S3bQAE","Name":"2165103"},"a0q0E0000008S3WQAU":{"Id":"a0q0E0000008S3WQAU","Name":"5700"}}|0x63cb155f
12:20:51.0 (30035566)|STATEMENT_EXECUTE|[143]
12:20:51.0 (30038693)|HEAP_ALLOCATE|[143]|Bytes:6
12:20:51.0 (30128073)|HEAP_ALLOCATE|[143]|Bytes:139
12:20:51.0 (30146057)|HEAP_ALLOCATE|[143]|Bytes:145
12:20:51.0 (30156536)|USER_DEBUG|[143]|DEBUG|prById{a0q0E0000008S3WQAU=Projecten__c:{Id=a0q0E0000008S3WQAU, Name=5700}, a0q0E0000008S3bQAE=Projecten__c:{Id=a0q0E0000008S3bQAE, Name=2165103}}
12:20:51.0 (30162356)|STATEMENT_EXECUTE|[144]
12:20:51.0 (30186883)|HEAP_ALLOCATE|[EXTERNAL]|Bytes:12
12:20:51.0 (30193915)|HEAP_ALLOCATE|[144]|Bytes:95
12:20:51.0 (30234922)|HEAP_ALLOCATE|[144]|Bytes:12
12:20:51.0 (30301156)|VARIABLE_ASSIGNMENT|[EXTERNAL]|this|{"delToHub":true,"detail":"0x272ba602","www":"0x41d01585","wwwById":"0x5c0182ed"}|0x2f792a82
12:20:51.0 (30305174)|STATEMENT_EXECUTE|[3]
12:20:51.0 (30308038)|STATEMENT_EXECUTE|[4]
12:20:51.0 (30309324)|STATEMENT_EXECUTE|[9]
12:20:51.0 (30349878)|VARIABLE_ASSIGNMENT|[144]|this.Project__c|"a0q0E0000008S3bQAE"|0x272ba602
12:20:51.0 (30372506)|HEAP_ALLOCATE|[EXTERNAL]|Bytes:12
12:20:51.0 (30378292)|HEAP_ALLOCATE|[145]|Bytes:95
12:20:51.0 (30527485)|HEAP_ALLOCATE|[145]|Bytes:5
12:20:51.0 (30541563)|HEAP_ALLOCATE|[145]|Bytes:12
12:20:51.0 (30548574)|VARIABLE_SCOPE_BEGIN|[145]|rec|Projecten__c|true|false
12:20:51.0 (30559713)|VARIABLE_ASSIGNMENT|[145]|rec|{"Id":"a0q0E0000008S3bQAE","Name":"2165103"}|0x4e05d14
12:20:51.0 (30563288)|STATEMENT_EXECUTE|[145]
12:20:51.0 (30610771)|VARIABLE_ASSIGNMENT|[EXTERNAL]|this|{"delToHub":true,"detail":"0x272ba602","www":"0x41d01585","wwwById":"0x5c0182ed"}|0x2f792a82
12:20:51.0 (30614815)|STATEMENT_EXECUTE|[21]
12:20:51.0 (30616854)|STATEMENT_EXECUTE|[22]
12:20:51.0 (30618053)|STATEMENT_EXECUTE|[26]
12:20:51.0 (30623941)|STATEMENT_EXECUTE|[146]
12:20:51.0 (30625207)|STATEMENT_EXECUTE|[147]
12:20:51.0 (30662246)|VARIABLE_ASSIGNMENT|[EXTERNAL]|this|{"delToHub":true,"detail":"0x272ba602","www":"0x41d01585","wwwById":"0x5c0182ed"}|0x2f792a82
12:20:51.0 (30665360)|STATEMENT_EXECUTE|[21]
12:20:51.0 (30666785)|STATEMENT_EXECUTE|[22]
12:20:51.0 (30667829)|STATEMENT_EXECUTE|[26]
12:20:51.0 (30713875)|VARIABLE_ASSIGNMENT|[147]|this.Project__c|"a0q0E0000008S3bQAE"|0x41d01585
12:20:51.0 (30716839)|STATEMENT_EXECUTE|[150]
12:20:51.0 (30734500)|HEAP_ALLOCATE|[150]|Bytes:18
12:20:51.0 (30797056)|HEAP_ALLOCATE|[EXTERNAL]|Bytes:4
12:20:51.0 (30810300)|HEAP_ALLOCATE|[145]|Bytes:5
12:20:51.0 (30818751)|HEAP_ALLOCATE|[145]|Bytes:12
12:20:51.0 (30823728)|VARIABLE_SCOPE_BEGIN|[145]|rec|Projecten__c|true|false
12:20:51.0 (30833620)|VARIABLE_ASSIGNMENT|[145]|rec|{"Id":"a0q0E0000008S3WQAU","Name":"5700"}|0x6aaead29
12:20:51.0 (30836258)|STATEMENT_EXECUTE|[145]
12:20:51.0 (30869630)|VARIABLE_ASSIGNMENT|[EXTERNAL]|this|{"delToHub":true,"detail":"0x272ba602","www":"0x41d01585","wwwById":"0x5c0182ed"}|0x2f792a82
12:20:51.0 (30872699)|STATEMENT_EXECUTE|[21]
12:20:51.0 (30874670)|STATEMENT_EXECUTE|[22]
12:20:51.0 (30875908)|STATEMENT_EXECUTE|[26]
12:20:51.0 (30897687)|STATEMENT_EXECUTE|[146]
12:20:51.0 (30899197)|STATEMENT_EXECUTE|[150]
12:20:51.0 (30907348)|HEAP_ALLOCATE|[150]|Bytes:18
12:20:51.0 (30919283)|HEAP_ALLOCATE|[EXTERNAL]|Bytes:4
12:20:51.0 (30928289)|HEAP_ALLOCATE|[145]|Bytes:5
12:20:51.0 (30937102)|VARIABLE_ASSIGNMENT|[145]|rec|null|
12:20:51.0 (30940369)|STATEMENT_EXECUTE|[152]
12:20:51.0 (30944055)|METHOD_EXIT|[181]|01p2400000DUtXT|NewDeliveredExtension.getProjects()
12:20:51.33 (33918879)|SYSTEM_MODE_ENTER|true
12:20:51.33 (33952171)|HEAP_ALLOCATE|[EXTERNAL]|Bytes:38
12:20:51.33 (33957349)|HEAP_ALLOCATE|[EXTERNAL]|Bytes:7
12:20:51.33 (33965676)|SYSTEM_METHOD_ENTRY|[1]|PageMessagesComponentController.PageMessagesComponentController()
12:20:51.33 (33968452)|STATEMENT_EXECUTE|[1]
12:20:51.34 (34096579)|SYSTEM_MODE_ENTER|true
12:20:51.34 (34154885)|HEAP_ALLOCATE|[EXTERNAL]|Bytes:8
12:20:51.34 (34160682)|VARIABLE_SCOPE_BEGIN|[88]|this|ApexPage.PageMessagesComponentController|true|false
12:20:51.34 (34182717)|VARIABLE_ASSIGNMENT|[88]|this|{}|0x16e7f0a8
12:20:51.34 (34185853)|VARIABLE_SCOPE_BEGIN|[88]|escape|Boolean|false|false
12:20:51.34 (34189154)|VARIABLE_ASSIGNMENT|[88]|escape|null
12:20:51.34 (34334738)|SYSTEM_MODE_ENTER|true
12:20:51.34 (34362071)|HEAP_ALLOCATE|[EXTERNAL]|Bytes:8
12:20:51.34 (34366976)|VARIABLE_SCOPE_BEGIN|[2]|this|ApexPage.PageMessagesComponentController|true|false
12:20:51.34 (34382255)|VARIABLE_ASSIGNMENT|[2]|this|{}|0x16e7f0a8
12:20:51.0 (35137507)|SYSTEM_MODE_ENTER|true
12:20:51.0 (35161649)|HEAP_ALLOCATE|[EXTERNAL]|Bytes:80
12:20:51.0 (35205837)|VARIABLE_ASSIGNMENT|[EXTERNAL]|this|{"delToHub":true,"detail":"0x272ba602","www":"0x41d01585","wwwById":"0x5c0182ed"}|0x2f792a82
12:20:51.0 (35212150)|STATEMENT_EXECUTE|[196]
12:20:51.0 (35215212)|STATEMENT_EXECUTE|[197]
12:20:51.0 (35216384)|STATEMENT_EXECUTE|[198]
12:20:51.0 (35221628)|HEAP_ALLOCATE|[198]|Bytes:5
12:20:51.0 (35228582)|VARIABLE_ASSIGNMENT|[198]|this.invoked|false|0x2f792a82
12:20:51.0 (35230725)|STATEMENT_EXECUTE|[200]
12:20:51.0 (35288959)|SYSTEM_MODE_ENTER|true
12:20:51.0 (35307000)|HEAP_ALLOCATE|[EXTERNAL]|Bytes:80
12:20:51.0 (35342242)|VARIABLE_ASSIGNMENT|[EXTERNAL]|this|{"delToHub":true,"detail":"0x272ba602","invoked":false,"www":"0x41d01585","wwwById":"0x5c0182ed"}|0x2f792a82
12:20:51.0 (35347484)|STATEMENT_EXECUTE|[229]
12:20:51.0 (35349510)|STATEMENT_EXECUTE|[230]
12:20:51.0 (35350630)|STATEMENT_EXECUTE|[233]
12:20:51.0 (35434561)|SYSTEM_MODE_ENTER|true
12:20:51.0 (35451064)|HEAP_ALLOCATE|[EXTERNAL]|Bytes:80
12:20:51.0 (35485261)|VARIABLE_ASSIGNMENT|[EXTERNAL]|this|{"delToHub":true,"detail":"0x272ba602","invoked":false,"www":"0x41d01585","wwwById":"0x5c0182ed"}|0x2f792a82
12:20:51.0 (35489788)|STATEMENT_EXECUTE|[3]
12:20:51.0 (35491900)|STATEMENT_EXECUTE|[4]
12:20:51.0 (35492993)|STATEMENT_EXECUTE|[9]
12:20:51.0 (38865304)|SYSTEM_MODE_ENTER|true
12:20:51.0 (38889754)|HEAP_ALLOCATE|[EXTERNAL]|Bytes:80
12:20:51.0 (38932810)|VARIABLE_ASSIGNMENT|[EXTERNAL]|this|{"delToHub":true,"detail":"0x272ba602","invoked":false,"www":"0x41d01585","wwwById":"0x5c0182ed"}|0x2f792a82
12:20:51.0 (38940390)|STATEMENT_EXECUTE|[186]
12:20:51.0 (38943555)|STATEMENT_EXECUTE|[187]
12:20:51.0 (38944742)|STATEMENT_EXECUTE|[188]
12:20:51.0 (39011894)|HEAP_ALLOCATE|[188]|Bytes:4
12:20:51.0 (39068772)|HEAP_ALLOCATE|[EXTERNAL]|Bytes:4
12:20:51.0 (39077053)|VARIABLE_ASSIGNMENT|[188]|this.sublocations1|[]|0x2f792a82
12:20:51.0 (39080085)|STATEMENT_EXECUTE|[190]
12:20:51.0 (39601871)|SYSTEM_MODE_ENTER|true
12:20:51.0 (39623593)|HEAP_ALLOCATE|[EXTERNAL]|Bytes:80
12:20:51.0 (39666855)|VARIABLE_ASSIGNMENT|[EXTERNAL]|this|{"delToHub":true,"detail":"0x272ba602","invoked":false,"sublocations1":"0x36b4ee85","www":"0x41d01585","wwwById":"0x5c0182ed"}|0x2f792a82
12:20:51.0 (39673850)|STATEMENT_EXECUTE|[204]
12:20:51.0 (39676926)|STATEMENT_EXECUTE|[205]
12:20:51.0 (39678032)|STATEMENT_EXECUTE|[206]
12:20:51.0 (39683865)|HEAP_ALLOCATE|[206]|Bytes:5
12:20:51.0 (39690784)|VARIABLE_ASSIGNMENT|[206]|this.rejected|false|0x2f792a82
12:20:51.0 (39692890)|STATEMENT_EXECUTE|[208]
12:20:51.0 (39746982)|SYSTEM_MODE_ENTER|true
12:20:51.0 (39765143)|HEAP_ALLOCATE|[EXTERNAL]|Bytes:80
12:20:51.0 (39801753)|VARIABLE_ASSIGNMENT|[EXTERNAL]|this|{"delToHub":true,"detail":"0x272ba602","invoked":false,"rejected":false,"sublocations1":"0x36b4ee85","www":"0x41d01585","wwwById":"0x5c0182ed"}|0x2f792a82
12:20:51.0 (39807594)|STATEMENT_EXECUTE|[220]
12:20:51.0 (39810078)|STATEMENT_EXECUTE|[221]
12:20:51.0 (39811460)|STATEMENT_EXECUTE|[222]
12:20:51.0 (39815797)|HEAP_ALLOCATE|[222]|Bytes:5
12:20:51.0 (39820980)|VARIABLE_ASSIGNMENT|[222]|this.delToProj|false|0x2f792a82
12:20:51.0 (39822584)|STATEMENT_EXECUTE|[224]
12:20:51.0 (39870055)|SYSTEM_MODE_ENTER|true
12:20:51.0 (39885967)|HEAP_ALLOCATE|[EXTERNAL]|Bytes:80
12:20:51.0 (39920261)|VARIABLE_ASSIGNMENT|[EXTERNAL]|this|{"delToHub":true,"delToProj":false,"detail":"0x272ba602","invoked":false,"rejected":false,"sublocations1":"0x36b4ee85","www":"0x41d01585","wwwById":"0x5c0182ed"}|0x2f792a82
12:20:51.0 (39925352)|STATEMENT_EXECUTE|[212]
12:20:51.0 (39927273)|STATEMENT_EXECUTE|[213]
12:20:51.0 (39928763)|STATEMENT_EXECUTE|[214]
12:20:51.0 (39933070)|HEAP_ALLOCATE|[214]|Bytes:5
12:20:51.0 (39938021)|VARIABLE_ASSIGNMENT|[214]|this.reserved|false|0x2f792a82
12:20:51.0 (39939796)|STATEMENT_EXECUTE|[216]
12:20:51.0 (40020124)|SYSTEM_MODE_ENTER|true
12:20:51.0 (40037920)|HEAP_ALLOCATE|[EXTERNAL]|Bytes:80
12:20:51.0 (40073384)|VARIABLE_ASSIGNMENT|[EXTERNAL]|this|{"delToHub":true,"delToProj":false,"detail":"0x272ba602","invoked":false,"rejected":false,"reserved":false,"sublocations1":"0x36b4ee85","www":"0x41d01585","wwwById":"0x5c0182ed"}|0x2f792a82
12:20:51.0 (40079076)|STATEMENT_EXECUTE|[21]
12:20:51.0 (40081449)|STATEMENT_EXECUTE|[22]
12:20:51.0 (40082491)|STATEMENT_EXECUTE|[26]
12:20:51.57 (57702650)|SYSTEM_MODE_ENTER|true
12:20:51.57 (57765942)|HEAP_ALLOCATE|[EXTERNAL]|Bytes:8
12:20:51.57 (57774902)|VARIABLE_SCOPE_BEGIN|[88]|this|ApexPage.PageMessagesComponentController|true|false
12:20:51.57 (57803540)|VARIABLE_ASSIGNMENT|[88]|this|{}|0x16e7f0a8
12:20:51.57 (57806708)|VARIABLE_SCOPE_BEGIN|[88]|escape|Boolean|false|false
12:20:51.57 (57812008)|VARIABLE_ASSIGNMENT|[88]|escape|null
12:20:51.57 (57926018)|SYSTEM_MODE_ENTER|true
12:20:51.57 (57952075)|HEAP_ALLOCATE|[EXTERNAL]|Bytes:8
12:20:51.57 (57957066)|VARIABLE_SCOPE_BEGIN|[2]|this|ApexPage.PageMessagesComponentController|true|false
12:20:51.57 (57971784)|VARIABLE_ASSIGNMENT|[2]|this|{}|0x16e7f0a8
12:20:51.0 (60437426)|SYSTEM_MODE_ENTER|true
12:20:51.0 (60467272)|HEAP_ALLOCATE|[EXTERNAL]|Bytes:80
12:20:51.0 (60473158)|VARIABLE_SCOPE_BEGIN|[48]|this|NewDeliveredExtension|true|false
12:20:51.0 (60522811)|VARIABLE_ASSIGNMENT|[48]|this|{"delToHub":true,"delToProj":false,"detail":"0x272ba602","invoked":false,"rejected":false,"reserved":false,"sublocations1":"0x36b4ee85","www":"0x41d01585","wwwById":"0x5c0182ed"}|0x2f792a82
12:20:51.0 (60531304)|STATEMENT_EXECUTE|[48]
12:20:51.0 (60532896)|STATEMENT_EXECUTE|[49]
12:20:51.0 (60537821)|HEAP_ALLOCATE|[49]|Bytes:4
12:20:51.0 (60564298)|VARIABLE_SCOPE_BEGIN|[49]|options|List<System.SelectOption>|true|false
12:20:51.0 (60578801)|HEAP_ALLOCATE|[EXTERNAL]|Bytes:4
12:20:51.0 (60585986)|VARIABLE_ASSIGNMENT|[49]|options|[]|0x5b4a546
12:20:51.0 (60589085)|STATEMENT_EXECUTE|[50]
12:20:51.0 (60593059)|VARIABLE_SCOPE_BEGIN|[50]|i|Integer|false|false
12:20:51.0 (60596484)|HEAP_ALLOCATE|[50]|Bytes:4
12:20:51.0 (60601370)|VARIABLE_ASSIGNMENT|[50]|i|0
12:20:51.0 (60606945)|STATEMENT_EXECUTE|[50]
12:20:51.0 (60608244)|STATEMENT_EXECUTE|[51]
12:20:51.0 (60609897)|VARIABLE_SCOPE_BEGIN|[51]|j|Integer|false|false
12:20:51.0 (60611757)|HEAP_ALLOCATE|[51]|Bytes:4
12:20:51.0 (60614205)|VARIABLE_ASSIGNMENT|[51]|j|0
12:20:51.0 (60616159)|STATEMENT_EXECUTE|[51]
12:20:51.0 (60618354)|STATEMENT_EXECUTE|[52]
12:20:51.0 (60619288)|STATEMENT_EXECUTE|[53]
12:20:51.0 (60663849)|HEAP_ALLOCATE|[53]|Bytes:1
12:20:51.0 (60673158)|HEAP_ALLOCATE|[53]|Bytes:2
12:20:51.0 (60680592)|HEAP_ALLOCATE|[53]|Bytes:1
12:20:51.0 (60690924)|HEAP_ALLOCATE|[53]|Bytes:4
12:20:51.0 (60696083)|HEAP_ALLOCATE|[53]|Bytes:1
12:20:51.0 (60703442)|HEAP_ALLOCATE|[53]|Bytes:1
12:20:51.0 (60708620)|HEAP_ALLOCATE|[53]|Bytes:4
12:20:51.0 (60743002)|HEAP_ALLOCATE|[EXTERNAL]|Bytes:4
12:20:51.0 (60749955)|HEAP_ALLOCATE|[51]|Bytes:4
12:20:51.0 (60754741)|VARIABLE_ASSIGNMENT|[51]|j|30
12:20:51.0 (60757647)|STATEMENT_EXECUTE|[51]
12:20:51.0 (60759356)|STATEMENT_EXECUTE|[54]
12:20:51.0 (60760547)|STATEMENT_EXECUTE|[55]
12:20:51.0 (60780621)|HEAP_ALLOCATE|[55]|Bytes:1
12:20:51.0 (60787250)|HEAP_ALLOCATE|[55]|Bytes:1
12:20:51.0 (60792489)|HEAP_ALLOCATE|[55]|Bytes:2
12:20:51.0 (60797882)|HEAP_ALLOCATE|[55]|Bytes:4
12:20:51.0 (60802629)|HEAP_ALLOCATE|[55]|Bytes:1
12:20:51.0 (60809759)|HEAP_ALLOCATE|[55]|Bytes:2
12:20:51.0 (60814589)|HEAP_ALLOCATE|[55]|Bytes:4
12:20:51.0 (60826873)|HEAP_ALLOCATE|[EXTERNAL]|Bytes:4
12:20:51.0 (60831171)|HEAP_ALLOCATE|[51]|Bytes:4
12:20:51.0 (60834834)|VARIABLE_ASSIGNMENT|[51]|j|60
12:20:51.0 (60839503)|HEAP_ALLOCATE|[50]|Bytes:4
12:20:51.0 (60842594)|VARIABLE_ASSIGNMENT|[50]|i|1
12:20:51.0 (60844883)|STATEMENT_EXECUTE|[50]
12:20:51.0 (60846388)|STATEMENT_EXECUTE|[51]
12:20:51.0 (60848325)|VARIABLE_SCOPE_BEGIN|[51]|j|Integer|false|false
12:20:51.0 (60850105)|HEAP_ALLOCATE|[51]|Bytes:4
12:20:51.0 (60852391)|VARIABLE_ASSIGNMENT|[51]|j|0
12:20:51.0 (60853900)|STATEMENT_EXECUTE|[51]
12:20:51.0 (60855233)|STATEMENT_EXECUTE|[52]
12:20:51.0 (60856161)|STATEMENT_EXECUTE|[53]
12:20:51.0 (60863750)|HEAP_ALLOCATE|[53]|Bytes:1
12:20:51.0 (60871376)|HEAP_ALLOCATE|[53]|Bytes:1
12:20:51.0 (60876499)|HEAP_ALLOCATE|[53]|Bytes:4
12:20:51.0 (60881208)|HEAP_ALLOCATE|[53]|Bytes:1
12:20:51.0 (60888072)|HEAP_ALLOCATE|[53]|Bytes:1
12:20:51.0 (60892783)|HEAP_ALLOCATE|[53]|Bytes:4
12:20:51.0 (60898755)|HEAP_ALLOCATE|[EXTERNAL]|Bytes:4
12:20:51.0 (60902394)|HEAP_ALLOCATE|[51]|Bytes:4
12:20:51.0 (60905077)|VARIABLE_ASSIGNMENT|[51]|j|30
12:20:51.0 (60906970)|STATEMENT_EXECUTE|[51]
12:20:51.0 (60908242)|STATEMENT_EXECUTE|[54]
12:20:51.0 (60909197)|STATEMENT_EXECUTE|[55]
12:20:51.0 (60914767)|HEAP_ALLOCATE|[55]|Bytes:1
12:20:51.0 (60922006)|HEAP_ALLOCATE|[55]|Bytes:2
12:20:51.0 (60926896)|HEAP_ALLOCATE|[55]|Bytes:4
12:20:51.0 (60931943)|HEAP_ALLOCATE|[55]|Bytes:1
12:20:51.0 (60938962)|HEAP_ALLOCATE|[55]|Bytes:2
12:20:51.0 (60943716)|HEAP_ALLOCATE|[55]|Bytes:4
12:20:51.0 (60948277)|HEAP_ALLOCATE|[EXTERNAL]|Bytes:4
12:20:51.0 (60951437)|HEAP_ALLOCATE|[51]|Bytes:4
12:20:51.0 (60954012)|VARIABLE_ASSIGNMENT|[51]|j|60
12:20:51.0 (60955984)|HEAP_ALLOCATE|[50]|Bytes:4
12:20:51.0 (60958393)|VARIABLE_ASSIGNMENT|[50]|i|2
12:20:51.0 (60960041)|STATEMENT_EXECUTE|[50]
12:20:51.0 (60961210)|STATEMENT_EXECUTE|[51]
12:20:51.0 (60962839)|VARIABLE_SCOPE_BEGIN|[51]|j|Integer|false|false
12:20:51.0 (60964245)|HEAP_ALLOCATE|[51]|Bytes:4
12:20:51.0 (60966486)|VARIABLE_ASSIGNMENT|[51]|j|0
12:20:51.0 (60967921)|STATEMENT_EXECUTE|[51]
12:20:51.0 (60969185)|STATEMENT_EXECUTE|[52]
12:20:51.0 (60970112)|STATEMENT_EXECUTE|[53]
12:20:51.0 (60975733)|HEAP_ALLOCATE|[53]|Bytes:1
12:20:51.0 (60982966)|HEAP_ALLOCATE|[53]|Bytes:1
12:20:51.0 (60987759)|HEAP_ALLOCATE|[53]|Bytes:4
12:20:51.0 (60992423)|HEAP_ALLOCATE|[53]|Bytes:1
12:20:51.0 (60999922)|HEAP_ALLOCATE|[53]|Bytes:1
12:20:51.0 (61004605)|HEAP_ALLOCATE|[53]|Bytes:4
12:20:51.0 (61010079)|HEAP_ALLOCATE|[EXTERNAL]|Bytes:4
12:20:51.0 (61013596)|HEAP_ALLOCATE|[51]|Bytes:4
12:20:51.0 (61016266)|VARIABLE_ASSIGNMENT|[51]|j|30
12:20:51.0 (61017925)|STATEMENT_EXECUTE|[51]
12:20:51.0 (61019195)|STATEMENT_EXECUTE|[54]
12:20:51.0 (61020157)|STATEMENT_EXECUTE|[55]
12:20:51.0 (61025455)|HEAP_ALLOCATE|[55]|Bytes:1
12:20:51.0 (61032578)|HEAP_ALLOCATE|[55]|Bytes:2
12:20:51.0 (61037350)|HEAP_ALLOCATE|[55]|Bytes:4
12:20:51.0 (61041950)|HEAP_ALLOCATE|[55]|Bytes:1
12:20:51.0 (61048973)|HEAP_ALLOCATE|[55]|Bytes:2
12:20:51.0 (61053657)|HEAP_ALLOCATE|[55]|Bytes:4
12:20:51.0 (61058022)|HEAP_ALLOCATE|[EXTERNAL]|Bytes:4
12:20:51.0 (61061186)|HEAP_ALLOCATE|[51]|Bytes:4
12:20:51.0 (61063699)|VARIABLE_ASSIGNMENT|[51]|j|60
12:20:51.0 (61065467)|HEAP_ALLOCATE|[50]|Bytes:4
12:20:51.0 (61067680)|VARIABLE_ASSIGNMENT|[50]|i|3
12:20:51.0 (61069284)|STATEMENT_EXECUTE|[50]
12:20:51.0 (61070440)|STATEMENT_EXECUTE|[51]
12:20:51.0 (61072146)|VARIABLE_SCOPE_BEGIN|[51]|j|Integer|false|false
12:20:51.0 (61073612)|HEAP_ALLOCATE|[51]|Bytes:4
12:20:51.0 (61075873)|VARIABLE_ASSIGNMENT|[51]|j|0
12:20:51.0 (61077243)|STATEMENT_EXECUTE|[51]
12:20:51.0 (61078507)|STATEMENT_EXECUTE|[52]
12:20:51.0 (61079424)|STATEMENT_EXECUTE|[53]
12:20:51.0 (61084892)|HEAP_ALLOCATE|[53]|Bytes:1
12:20:51.0 (61092125)|HEAP_ALLOCATE|[53]|Bytes:1
12:20:51.0 (61096874)|HEAP_ALLOCATE|[53]|Bytes:4
12:20:51.0 (61101509)|HEAP_ALLOCATE|[53]|Bytes:1
12:20:51.0 (61108648)|HEAP_ALLOCATE|[53]|Bytes:1
12:20:51.0 (61113373)|HEAP_ALLOCATE|[53]|Bytes:4
12:20:51.0 (61119594)|HEAP_ALLOCATE|[EXTERNAL]|Bytes:4
12:20:51.0 (61124716)|HEAP_ALLOCATE|[51]|Bytes:4
12:20:51.0 (61127670)|VARIABLE_ASSIGNMENT|[51]|j|30
12:20:51.0 (61129463)|STATEMENT_EXECUTE|[51]
12:20:51.0 (61130790)|STATEMENT_EXECUTE|[54]
12:20:51.0 (61131738)|STATEMENT_EXECUTE|[55]
12:20:51.0 (61137650)|HEAP_ALLOCATE|[55]|Bytes:1
12:20:51.0 (61144970)|HEAP_ALLOCATE|[55]|Bytes:2
12:20:51.0 (61149948)|HEAP_ALLOCATE|[55]|Bytes:4
12:20:51.0 (61155020)|HEAP_ALLOCATE|[55]|Bytes:1
12:20:51.0 (61162069)|HEAP_ALLOCATE|[55]|Bytes:2
12:20:51.0 (61166793)|HEAP_ALLOCATE|[55]|Bytes:4
12:20:51.0 (61171396)|HEAP_ALLOCATE|[EXTERNAL]|Bytes:4
12:20:51.0 (61174445)|HEAP_ALLOCATE|[51]|Bytes:4
12:20:51.0 (61176979)|VARIABLE_ASSIGNMENT|[51]|j|60
12:20:51.0 (61178723)|HEAP_ALLOCATE|[50]|Bytes:4
12:20:51.0 (61181095)|VARIABLE_ASSIGNMENT|[50]|i|4
12:20:51.0 (61182789)|STATEMENT_EXECUTE|[50]
12:20:51.0 (61183968)|STATEMENT_EXECUTE|[51]
12:20:51.0 (61185536)|VARIABLE_SCOPE_BEGIN|[51]|j|Integer|false|false
12:20:51.0 (61186910)|HEAP_ALLOCATE|[51]|Bytes:4
12:20:51.0 (61189099)|VARIABLE_ASSIGNMENT|[51]|j|0
12:20:51.0 (61190534)|STATEMENT_EXECUTE|[51]
12:20:51.0 (61191754)|STATEMENT_EXECUTE|[52]
12:20:51.0 (61192667)|STATEMENT_EXECUTE|[53]
12:20:51.0 (61201934)|HEAP_ALLOCATE|[53]|Bytes:1
12:20:51.0 (61209928)|HEAP_ALLOCATE|[53]|Bytes:1
12:20:51.0 (61214923)|HEAP_ALLOCATE|[53]|Bytes:4
12:20:51.0 (61219529)|HEAP_ALLOCATE|[53]|Bytes:1
12:20:51.0 (61226946)|HEAP_ALLOCATE|[53]|Bytes:1
12:20:51.0 (61231670)|HEAP_ALLOCATE|[53]|Bytes:4
12:20:51.0 (61236373)|HEAP_ALLOCATE|[EXTERNAL]|Bytes:4
12:20:51.0 (61239714)|HEAP_ALLOCATE|[51]|Bytes:4
12:20:51.0 (61242320)|VARIABLE_ASSIGNMENT|[51]|j|30
12:20:51.0 (61244018)|STATEMENT_EXECUTE|[51]
12:20:51.0 (61245293)|STATEMENT_EXECUTE|[54]
12:20:51.0 (61246214)|STATEMENT_EXECUTE|[55]
12:20:51.0 (61251511)|HEAP_ALLOCATE|[55]|Bytes:1
12:20:51.0 (61258715)|HEAP_ALLOCATE|[55]|Bytes:2
12:20:51.0 (61263526)|HEAP_ALLOCATE|[55]|Bytes:4
12:20:51.0 (61268203)|HEAP_ALLOCATE|[55]|Bytes:1
12:20:51.0 (61275277)|HEAP_ALLOCATE|[55]|Bytes:2
12:20:51.0 (61279838)|HEAP_ALLOCATE|[55]|Bytes:4
12:20:51.0 (61284108)|HEAP_ALLOCATE|[EXTERNAL]|Bytes:4
12:20:51.0 (61287234)|HEAP_ALLOCATE|[51]|Bytes:4
12:20:51.0 (61289677)|VARIABLE_ASSIGNMENT|[51]|j|60
12:20:51.0 (61291374)|HEAP_ALLOCATE|[50]|Bytes:4
12:20:51.0 (61293650)|VARIABLE_ASSIGNMENT|[50]|i|5
12:20:51.0 (61295321)|STATEMENT_EXECUTE|[50]
12:20:51.0 (61296518)|STATEMENT_EXECUTE|[51]
12:20:51.0 (61298638)|VARIABLE_SCOPE_BEGIN|[51]|j|Integer|false|false
12:20:51.0 (61300199)|HEAP_ALLOCATE|[51]|Bytes:4
12:20:51.0 (61302628)|VARIABLE_ASSIGNMENT|[51]|j|0
12:20:51.0 (61304056)|STATEMENT_EXECUTE|[51]
12:20:51.0 (61305250)|STATEMENT_EXECUTE|[52]
12:20:51.0 (61306232)|STATEMENT_EXECUTE|[53]
12:20:51.0 (61311692)|HEAP_ALLOCATE|[53]|Bytes:1
12:20:51.0 (61319024)|HEAP_ALLOCATE|[53]|Bytes:1
12:20:51.0 (61323794)|HEAP_ALLOCATE|[53]|Bytes:4
12:20:51.0 (61328410)|HEAP_ALLOCATE|[53]|Bytes:1
12:20:51.0 (61335348)|HEAP_ALLOCATE|[53]|Bytes:1
12:20:51.0 (61340024)|HEAP_ALLOCATE|[53]|Bytes:4
12:20:51.0 (61344477)|HEAP_ALLOCATE|[EXTERNAL]|Bytes:4
12:20:51.0 (61347892)|HEAP_ALLOCATE|[51]|Bytes:4
12:20:51.0 (61350323)|VARIABLE_ASSIGNMENT|[51]|j|30
12:20:51.0 (61351838)|STATEMENT_EXECUTE|[51]
12:20:51.0 (61353052)|STATEMENT_EXECUTE|[54]
12:20:51.0 (61353992)|STATEMENT_EXECUTE|[55]
12:20:51.0 (61359229)|HEAP_ALLOCATE|[55]|Bytes:1
12:20:51.0 (61366404)|HEAP_ALLOCATE|[55]|Bytes:2
12:20:51.0 (61371322)|HEAP_ALLOCATE|[55]|Bytes:4
12:20:51.0 (61376072)|HEAP_ALLOCATE|[55]|Bytes:1
12:20:51.0 (61382999)|HEAP_ALLOCATE|[55]|Bytes:2
12:20:51.0 (61387604)|HEAP_ALLOCATE|[55]|Bytes:4
12:20:51.0 (61391790)|HEAP_ALLOCATE|[EXTERNAL]|Bytes:4
12:20:51.0 (61394959)|HEAP_ALLOCATE|[51]|Bytes:4
12:20:51.0 (61397387)|VARIABLE_ASSIGNMENT|[51]|j|60
12:20:51.0 (61399064)|HEAP_ALLOCATE|[50]|Bytes:4
12:20:51.0 (61401282)|VARIABLE_ASSIGNMENT|[50]|i|6
12:20:51.0 (61402943)|STATEMENT_EXECUTE|[50]
12:20:51.0 (61404096)|STATEMENT_EXECUTE|[51]
12:20:51.0 (61405587)|VARIABLE_SCOPE_BEGIN|[51]|j|Integer|false|false
12:20:51.0 (61406860)|HEAP_ALLOCATE|[51]|Bytes:4
12:20:51.0 (61409023)|VARIABLE_ASSIGNMENT|[51]|j|0
12:20:51.0 (61410512)|STATEMENT_EXECUTE|[51]
12:20:51.0 (61411734)|STATEMENT_EXECUTE|[52]
12:20:51.0 (61412690)|STATEMENT_EXECUTE|[53]
12:20:51.0 (61418056)|HEAP_ALLOCATE|[53]|Bytes:1
12:20:51.0 (61425270)|HEAP_ALLOCATE|[53]|Bytes:1
12:20:51.0 (61429986)|HEAP_ALLOCATE|[53]|Bytes:4
12:20:51.0 (61434514)|HEAP_ALLOCATE|[53]|Bytes:1
12:20:51.0 (61441422)|HEAP_ALLOCATE|[53]|Bytes:1
12:20:51.0 (61446457)|HEAP_ALLOCATE|[53]|Bytes:4
12:20:51.0 (61450833)|HEAP_ALLOCATE|[EXTERNAL]|Bytes:4
12:20:51.0 (61454079)|HEAP_ALLOCATE|[51]|Bytes:4
12:20:51.0 (61456691)|VARIABLE_ASSIGNMENT|[51]|j|30
12:20:51.0 (61458288)|STATEMENT_EXECUTE|[51]
12:20:51.0 (61459528)|STATEMENT_EXECUTE|[54]
12:20:51.0 (61460485)|STATEMENT_EXECUTE|[55]
12:20:51.0 (61465710)|HEAP_ALLOCATE|[55]|Bytes:1
12:20:51.0 (61473063)|HEAP_ALLOCATE|[55]|Bytes:2
12:20:51.0 (61477964)|HEAP_ALLOCATE|[55]|Bytes:4
12:20:51.0 (61482600)|HEAP_ALLOCATE|[55]|Bytes:1
12:20:51.0 (61489560)|HEAP_ALLOCATE|[55]|Bytes:2
12:20:51.0 (61494159)|HEAP_ALLOCATE|[55]|Bytes:4
12:20:51.0 (61498546)|HEAP_ALLOCATE|[EXTERNAL]|Bytes:4
12:20:51.0 (61501591)|HEAP_ALLOCATE|[51]|Bytes:4
12:20:51.0 (61504040)|VARIABLE_ASSIGNMENT|[51]|j|60
12:20:51.0 (61505738)|HEAP_ALLOCATE|[50]|Bytes:4
12:20:51.0 (61508078)|VARIABLE_ASSIGNMENT|[50]|i|7
12:20:51.0 (61509728)|STATEMENT_EXECUTE|[50]
12:20:51.0 (61510900)|STATEMENT_EXECUTE|[51]
12:20:51.0 (61512660)|VARIABLE_SCOPE_BEGIN|[51]|j|Integer|false|false
12:20:51.0 (61514397)|HEAP_ALLOCATE|[51]|Bytes:4
12:20:51.0 (61516609)|VARIABLE_ASSIGNMENT|[51]|j|0
12:20:51.0 (61518032)|STATEMENT_EXECUTE|[51]
12:20:51.0 (61519249)|STATEMENT_EXECUTE|[52]
12:20:51.0 (61520177)|STATEMENT_EXECUTE|[53]
12:20:51.0 (61525710)|HEAP_ALLOCATE|[53]|Bytes:1
12:20:51.0 (61532906)|HEAP_ALLOCATE|[53]|Bytes:1
12:20:51.0 (61537614)|HEAP_ALLOCATE|[53]|Bytes:4
12:20:51.0 (61542198)|HEAP_ALLOCATE|[53]|Bytes:1
12:20:51.0 (61549142)|HEAP_ALLOCATE|[53]|Bytes:1
12:20:51.0 (61553689)|HEAP_ALLOCATE|[53]|Bytes:4
12:20:51.0 (61558126)|HEAP_ALLOCATE|[EXTERNAL]|Bytes:4
12:20:51.0 (61561380)|HEAP_ALLOCATE|[51]|Bytes:4
12:20:51.0 (61563742)|VARIABLE_ASSIGNMENT|[51]|j|30
12:20:51.0 (61565289)|STATEMENT_EXECUTE|[51]
12:20:51.0 (61566543)|STATEMENT_EXECUTE|[54]
12:20:51.0 (61567497)|STATEMENT_EXECUTE|[55]
12:20:51.0 (61572660)|HEAP_ALLOCATE|[55]|Bytes:1
12:20:51.0 (61579799)|HEAP_ALLOCATE|[55]|Bytes:2
12:20:51.0 (61584571)|HEAP_ALLOCATE|[55]|Bytes:4
12:20:51.0 (61589338)|HEAP_ALLOCATE|[55]|Bytes:1
12:20:51.0 (61596290)|HEAP_ALLOCATE|[55]|Bytes:2
12:20:51.0 (61600990)|HEAP_ALLOCATE|[55]|Bytes:4
12:20:51.0 (61605336)|HEAP_ALLOCATE|[EXTERNAL]|Bytes:4
12:20:51.0 (61608630)|HEAP_ALLOCATE|[51]|Bytes:4
12:20:51.0 (61611062)|VARIABLE_ASSIGNMENT|[51]|j|60
12:20:51.0 (61612725)|HEAP_ALLOCATE|[50]|Bytes:4
12:20:51.0 (61615050)|VARIABLE_ASSIGNMENT|[50]|i|8
12:20:51.0 (61616704)|STATEMENT_EXECUTE|[50]
12:20:51.0 (61617852)|STATEMENT_EXECUTE|[51]
12:20:51.0 (61619365)|VARIABLE_SCOPE_BEGIN|[51]|j|Integer|false|false
12:20:51.0 (61620670)|HEAP_ALLOCATE|[51]|Bytes:4
12:20:51.0 (61622867)|VARIABLE_ASSIGNMENT|[51]|j|0
12:20:51.0 (61624272)|STATEMENT_EXECUTE|[51]
12:20:51.0 (61625478)|STATEMENT_EXECUTE|[52]
12:20:51.0 (61626430)|STATEMENT_EXECUTE|[53]
12:20:51.0 (61631831)|HEAP_ALLOCATE|[53]|Bytes:1
12:20:51.0 (61639046)|HEAP_ALLOCATE|[53]|Bytes:1
12:20:51.0 (61643759)|HEAP_ALLOCATE|[53]|Bytes:4
12:20:51.0 (61648358)|HEAP_ALLOCATE|[53]|Bytes:1
12:20:51.0 (61655305)|HEAP_ALLOCATE|[53]|Bytes:1
12:20:51.0 (61660522)|HEAP_ALLOCATE|[53]|Bytes:4
12:20:51.0 (61665035)|HEAP_ALLOCATE|[EXTERNAL]|Bytes:4
12:20:51.0 (61668231)|HEAP_ALLOCATE|[51]|Bytes:4
12:20:51.0 (61670594)|VARIABLE_ASSIGNMENT|[51]|j|30
12:20:51.0 (61672194)|STATEMENT_EXECUTE|[51]
12:20:51.0 (61673412)|STATEMENT_EXECUTE|[54]
12:20:51.0 (61674345)|STATEMENT_EXECUTE|[55]
12:20:51.0 (61679618)|HEAP_ALLOCATE|[55]|Bytes:1
12:20:51.0 (61686815)|HEAP_ALLOCATE|[55]|Bytes:2
12:20:51.0 (61691650)|HEAP_ALLOCATE|[55]|Bytes:4
12:20:51.0 (61696343)|HEAP_ALLOCATE|[55]|Bytes:1
12:20:51.0 (61703210)|HEAP_ALLOCATE|[55]|Bytes:2
12:20:51.0 (61707831)|HEAP_ALLOCATE|[55]|Bytes:4
12:20:51.0 (61712039)|HEAP_ALLOCATE|[EXTERNAL]|Bytes:4
12:20:51.0 (61715128)|HEAP_ALLOCATE|[51]|Bytes:4
12:20:51.0 (61717579)|VARIABLE_ASSIGNMENT|[51]|j|60
12:20:51.0 (61719258)|HEAP_ALLOCATE|[50]|Bytes:4
12:20:51.0 (61721554)|VARIABLE_ASSIGNMENT|[50]|i|9
12:20:51.0 (61723132)|STATEMENT_EXECUTE|[50]
12:20:51.0 (61724255)|STATEMENT_EXECUTE|[51]
12:20:51.0 (61725744)|VARIABLE_SCOPE_BEGIN|[51]|j|Integer|false|false
12:20:51.0 (61727216)|HEAP_ALLOCATE|[51]|Bytes:4
12:20:51.0 (61729418)|VARIABLE_ASSIGNMENT|[51]|j|0
12:20:51.0 (61730842)|STATEMENT_EXECUTE|[51]
12:20:51.0 (61732053)|STATEMENT_EXECUTE|[52]
12:20:51.0 (61733020)|STATEMENT_EXECUTE|[53]
12:20:51.0 (61738511)|HEAP_ALLOCATE|[53]|Bytes:1
12:20:51.0 (61745862)|HEAP_ALLOCATE|[53]|Bytes:1
12:20:51.0 (61750617)|HEAP_ALLOCATE|[53]|Bytes:4
12:20:51.0 (61755262)|HEAP_ALLOCATE|[53]|Bytes:1
12:20:51.0 (61762270)|HEAP_ALLOCATE|[53]|Bytes:1
12:20:51.0 (61766927)|HEAP_ALLOCATE|[53]|Bytes:4
12:20:51.0 (61771438)|HEAP_ALLOCATE|[EXTERNAL]|Bytes:4
12:20:51.0 (61774673)|HEAP_ALLOCATE|[51]|Bytes:4
12:20:51.0 (61777259)|VARIABLE_ASSIGNMENT|[51]|j|30
12:20:51.0 (61778799)|STATEMENT_EXECUTE|[51]
12:20:51.0 (61780028)|STATEMENT_EXECUTE|[54]
12:20:51.0 (61780947)|STATEMENT_EXECUTE|[55]
12:20:51.0 (61786109)|HEAP_ALLOCATE|[55]|Bytes:1
12:20:51.0 (61793196)|HEAP_ALLOCATE|[55]|Bytes:2
12:20:51.0 (61798011)|HEAP_ALLOCATE|[55]|Bytes:4
12:20:51.0 (61802621)|HEAP_ALLOCATE|[55]|Bytes:1
12:20:51.0 (61809982)|HEAP_ALLOCATE|[55]|Bytes:2
12:20:51.0 (61814642)|HEAP_ALLOCATE|[55]|Bytes:4
12:20:51.0 (61818936)|HEAP_ALLOCATE|[EXTERNAL]|Bytes:4
12:20:51.0 (61822029)|HEAP_ALLOCATE|[51]|Bytes:4
12:20:51.0 (61824372)|VARIABLE_ASSIGNMENT|[51]|j|60
12:20:51.0 (61826024)|HEAP_ALLOCATE|[50]|Bytes:4
12:20:51.0 (61828332)|VARIABLE_ASSIGNMENT|[50]|i|10
12:20:51.0 (61829973)|STATEMENT_EXECUTE|[50]
12:20:51.0 (61831188)|STATEMENT_EXECUTE|[51]
12:20:51.0 (61832695)|VARIABLE_SCOPE_BEGIN|[51]|j|Integer|false|false
12:20:51.0 (61834084)|HEAP_ALLOCATE|[51]|Bytes:4
12:20:51.0 (61836285)|VARIABLE_ASSIGNMENT|[51]|j|0
12:20:51.0 (61837708)|STATEMENT_EXECUTE|[51]
12:20:51.0 (61839006)|STATEMENT_EXECUTE|[52]
12:20:51.0 (61839928)|STATEMENT_EXECUTE|[53]
12:20:51.0 (61845312)|HEAP_ALLOCATE|[53]|Bytes:2
12:20:51.0 (61852516)|HEAP_ALLOCATE|[53]|Bytes:1
12:20:51.0 (61857215)|HEAP_ALLOCATE|[53]|Bytes:5
12:20:51.0 (61861771)|HEAP_ALLOCATE|[53]|Bytes:2
12:20:51.0 (61868681)|HEAP_ALLOCATE|[53]|Bytes:1
12:20:51.0 (61873720)|HEAP_ALLOCATE|[53]|Bytes:5
12:20:51.0 (61878187)|HEAP_ALLOCATE|[EXTERNAL]|Bytes:4
12:20:51.0 (61881485)|HEAP_ALLOCATE|[51]|Bytes:4
12:20:51.0 (61883968)|VARIABLE_ASSIGNMENT|[51]|j|30
12:20:51.0 (61885498)|STATEMENT_EXECUTE|[51]
12:20:51.0 (61886777)|STATEMENT_EXECUTE|[54]
12:20:51.0 (61887704)|STATEMENT_EXECUTE|[55]
12:20:51.0 (61892928)|HEAP_ALLOCATE|[55]|Bytes:2
12:20:51.0 (61900197)|HEAP_ALLOCATE|[55]|Bytes:2
12:20:51.0 (61904943)|HEAP_ALLOCATE|[55]|Bytes:5
12:20:51.0 (61909647)|HEAP_ALLOCATE|[55]|Bytes:2
12:20:51.0 (61916532)|HEAP_ALLOCATE|[55]|Bytes:2
12:20:51.0 (61921352)|HEAP_ALLOCATE|[55]|Bytes:5
12:20:51.0 (61925617)|HEAP_ALLOCATE|[EXTERNAL]|Bytes:4
12:20:51.0 (61928700)|HEAP_ALLOCATE|[51]|Bytes:4
12:20:51.0 (61931108)|VARIABLE_ASSIGNMENT|[51]|j|60
12:20:51.0 (61932796)|HEAP_ALLOCATE|[50]|Bytes:4
12:20:51.0 (61935039)|VARIABLE_ASSIGNMENT|[50]|i|11
12:20:51.0 (61936610)|STATEMENT_EXECUTE|[50]
12:20:51.0 (61937813)|STATEMENT_EXECUTE|[51]
12:20:51.0 (61939362)|VARIABLE_SCOPE_BEGIN|[51]|j|Integer|false|false
12:20:51.0 (61940875)|HEAP_ALLOCATE|[51]|Bytes:4
12:20:51.0 (61943119)|VARIABLE_ASSIGNMENT|[51]|j|0
12:20:51.0 (61944618)|STATEMENT_EXECUTE|[51]
12:20:51.0 (61945824)|STATEMENT_EXECUTE|[52]
12:20:51.0 (61946766)|STATEMENT_EXECUTE|[53]
12:20:51.0 (61952140)|HEAP_ALLOCATE|[53]|Bytes:2
12:20:51.0 (61959383)|HEAP_ALLOCATE|[53]|Bytes:1
12:20:51.0 (61964147)|HEAP_ALLOCATE|[53]|Bytes:5
12:20:51.0 (61968819)|HEAP_ALLOCATE|[53]|Bytes:2
12:20:51.0 (61975697)|HEAP_ALLOCATE|[53]|Bytes:1
12:20:51.0 (61980257)|HEAP_ALLOCATE|[53]|Bytes:5
12:20:51.0 (61984712)|HEAP_ALLOCATE|[EXTERNAL]|Bytes:4
12:20:51.0 (61988046)|HEAP_ALLOCATE|[51]|Bytes:4
12:20:51.0 (61990472)|VARIABLE_ASSIGNMENT|[51]|j|30
12:20:51.0 (61992032)|STATEMENT_EXECUTE|[51]
12:20:51.0 (61993265)|STATEMENT_EXECUTE|[54]
12:20:51.0 (61994225)|STATEMENT_EXECUTE|[55]
12:20:51.0 (61999385)|HEAP_ALLOCATE|[55]|Bytes:2
12:20:51.0 (62006552)|HEAP_ALLOCATE|[55]|Bytes:2
12:20:51.0 (62012118)|HEAP_ALLOCATE|[55]|Bytes:5
12:20:51.0 (62016730)|HEAP_ALLOCATE|[55]|Bytes:2
12:20:51.0 (62024477)|HEAP_ALLOCATE|[55]|Bytes:2
12:20:51.0 (62029152)|HEAP_ALLOCATE|[55]|Bytes:5
12:20:51.0 (62033613)|HEAP_ALLOCATE|[EXTERNAL]|Bytes:4
12:20:51.0 (62036674)|HEAP_ALLOCATE|[51]|Bytes:4
12:20:51.0 (62039095)|VARIABLE_ASSIGNMENT|[51]|j|60
12:20:51.0 (62040793)|HEAP_ALLOCATE|[50]|Bytes:4
12:20:51.0 (62042996)|VARIABLE_ASSIGNMENT|[50]|i|12
12:20:51.0 (62044682)|STATEMENT_EXECUTE|[50]
12:20:51.0 (62045846)|STATEMENT_EXECUTE|[51]
12:20:51.0 (62047394)|VARIABLE_SCOPE_BEGIN|[51]|j|Integer|false|false
12:20:51.0 (62048689)|HEAP_ALLOCATE|[51]|Bytes:4
12:20:51.0 (62050880)|VARIABLE_ASSIGNMENT|[51]|j|0
12:20:51.0 (62052303)|STATEMENT_EXECUTE|[51]
12:20:51.0 (62053591)|STATEMENT_EXECUTE|[52]
12:20:51.0 (62054528)|STATEMENT_EXECUTE|[53]
12:20:51.0 (62059994)|HEAP_ALLOCATE|[53]|Bytes:2
12:20:51.0 (62067230)|HEAP_ALLOCATE|[53]|Bytes:1
12:20:51.0 (62071948)|HEAP_ALLOCATE|[53]|Bytes:5
12:20:51.0 (62076534)|HEAP_ALLOCATE|[53]|Bytes:2
12:20:51.0 (62083482)|HEAP_ALLOCATE|[53]|Bytes:1
12:20:51.0 (62088208)|HEAP_ALLOCATE|[53]|Bytes:5
12:20:51.0 (62092729)|HEAP_ALLOCATE|[EXTERNAL]|Bytes:4
12:20:51.0 (62095954)|HEAP_ALLOCATE|[51]|Bytes:4
12:20:51.0 (62098466)|VARIABLE_ASSIGNMENT|[51]|j|30
12:20:51.0 (62100019)|STATEMENT_EXECUTE|[51]
12:20:51.0 (62101265)|STATEMENT_EXECUTE|[54]
12:20:51.0 (62102287)|STATEMENT_EXECUTE|[55]
12:20:51.0 (62107751)|HEAP_ALLOCATE|[55]|Bytes:2
12:20:51.0 (62115052)|HEAP_ALLOCATE|[55]|Bytes:2
12:20:51.0 (62122451)|HEAP_ALLOCATE|[55]|Bytes:5
12:20:51.0 (62127286)|HEAP_ALLOCATE|[55]|Bytes:2
12:20:51.0 (62134204)|HEAP_ALLOCATE|[55]|Bytes:2
12:20:51.0 (62138839)|HEAP_ALLOCATE|[55]|Bytes:5
12:20:51.0 (62143528)|HEAP_ALLOCATE|[EXTERNAL]|Bytes:4
12:20:51.0 (62146729)|HEAP_ALLOCATE|[51]|Bytes:4
12:20:51.0 (62149240)|VARIABLE_ASSIGNMENT|[51]|j|60
12:20:51.0 (62150974)|HEAP_ALLOCATE|[50]|Bytes:4
12:20:51.0 (62153257)|VARIABLE_ASSIGNMENT|[50]|i|13
12:20:51.0 (62155004)|STATEMENT_EXECUTE|[50]
12:20:51.0 (62156188)|STATEMENT_EXECUTE|[51]
12:20:51.0 (62157823)|VARIABLE_SCOPE_BEGIN|[51]|j|Integer|false|false
12:20:51.0 (62159472)|HEAP_ALLOCATE|[51]|Bytes:4
12:20:51.0 (62161748)|VARIABLE_ASSIGNMENT|[51]|j|0
12:20:51.0 (62163208)|STATEMENT_EXECUTE|[51]
12:20:51.0 (62164417)|STATEMENT_EXECUTE|[52]
12:20:51.0 (62165332)|STATEMENT_EXECUTE|[53]
12:20:51.0 (62170758)|HEAP_ALLOCATE|[53]|Bytes:2
12:20:51.0 (62177936)|HEAP_ALLOCATE|[53]|Bytes:1
12:20:51.0 (62182764)|HEAP_ALLOCATE|[53]|Bytes:5
12:20:51.0 (62187360)|HEAP_ALLOCATE|[53]|Bytes:2
12:20:51.0 (62194345)|HEAP_ALLOCATE|[53]|Bytes:1
12:20:51.0 (62201814)|HEAP_ALLOCATE|[53]|Bytes:5
12:20:51.0 (62206657)|HEAP_ALLOCATE|[EXTERNAL]|Bytes:4
12:20:51.0 (62210175)|HEAP_ALLOCATE|[51]|Bytes:4
12:20:51.0 (62213135)|VARIABLE_ASSIGNMENT|[51]|j|30
12:20:51.0 (62214742)|STATEMENT_EXECUTE|[51]
12:20:51.0 (62216023)|STATEMENT_EXECUTE|[54]
12:20:51.0 (62216951)|STATEMENT_EXECUTE|[55]
12:20:51.0 (62222327)|HEAP_ALLOCATE|[55]|Bytes:2
12:20:51.0 (62229535)|HEAP_ALLOCATE|[55]|Bytes:2
12:20:51.0 (62234482)|HEAP_ALLOCATE|[55]|Bytes:5
12:20:51.0 (62239055)|HEAP_ALLOCATE|[55]|Bytes:2
12:20:51.0 (62246183)|HEAP_ALLOCATE|[55]|Bytes:2
12:20:51.0 (62250841)|HEAP_ALLOCATE|[55]|Bytes:5
12:20:51.0 (62255187)|HEAP_ALLOCATE|[EXTERNAL]|Bytes:4
12:20:51.0 (62258336)|HEAP_ALLOCATE|[51]|Bytes:4
12:20:51.0 (62260739)|VARIABLE_ASSIGNMENT|[51]|j|60
12:20:51.0 (62262662)|HEAP_ALLOCATE|[50]|Bytes:4
12:20:51.0 (62264899)|VARIABLE_ASSIGNMENT|[50]|i|14
12:20:51.0 (62266627)|STATEMENT_EXECUTE|[50]
12:20:51.0 (62267815)|STATEMENT_EXECUTE|[51]
12:20:51.0 (62269370)|VARIABLE_SCOPE_BEGIN|[51]|j|Integer|false|false
12:20:51.0 (62270674)|HEAP_ALLOCATE|[51]|Bytes:4
12:20:51.0 (62272886)|VARIABLE_ASSIGNMENT|[51]|j|0
12:20:51.0 (62274344)|STATEMENT_EXECUTE|[51]
12:20:51.0 (62275566)|STATEMENT_EXECUTE|[52]
12:20:51.0 (62276489)|STATEMENT_EXECUTE|[53]
12:20:51.0 (62281836)|HEAP_ALLOCATE|[53]|Bytes:2
12:20:51.0 (62289127)|HEAP_ALLOCATE|[53]|Bytes:1
12:20:51.0 (62293823)|HEAP_ALLOCATE|[53]|Bytes:5
12:20:51.0 (62298427)|HEAP_ALLOCATE|[53]|Bytes:2
12:20:51.0 (62305380)|HEAP_ALLOCATE|[53]|Bytes:1
12:20:51.0 (62310011)|HEAP_ALLOCATE|[53]|Bytes:5
12:20:51.0 (62314771)|HEAP_ALLOCATE|[EXTERNAL]|Bytes:4
12:20:51.0 (62318337)|HEAP_ALLOCATE|[51]|Bytes:4
12:20:51.0 (62320877)|VARIABLE_ASSIGNMENT|[51]|j|30
12:20:51.0 (62322481)|STATEMENT_EXECUTE|[51]
12:20:51.0 (62323738)|STATEMENT_EXECUTE|[54]
12:20:51.0 (62324664)|STATEMENT_EXECUTE|[55]
12:20:51.0 (62329843)|HEAP_ALLOCATE|[55]|Bytes:2
12:20:51.0 (62336919)|HEAP_ALLOCATE|[55]|Bytes:2
12:20:51.0 (62341740)|HEAP_ALLOCATE|[55]|Bytes:5
12:20:51.0 (62346329)|HEAP_ALLOCATE|[55]|Bytes:2
12:20:51.0 (62353259)|HEAP_ALLOCATE|[55]|Bytes:2
12:20:51.0 (62357897)|HEAP_ALLOCATE|[55]|Bytes:5
12:20:51.0 (62362242)|HEAP_ALLOCATE|[EXTERNAL]|Bytes:4
12:20:51.0 (62365247)|HEAP_ALLOCATE|[51]|Bytes:4
12:20:51.0 (62367808)|VARIABLE_ASSIGNMENT|[51]|j|60
12:20:51.0 (62369517)|HEAP_ALLOCATE|[50]|Bytes:4
12:20:51.0 (62371914)|VARIABLE_ASSIGNMENT|[50]|i|15
12:20:51.0 (62373574)|STATEMENT_EXECUTE|[50]
12:20:51.0 (62374720)|STATEMENT_EXECUTE|[51]
12:20:51.0 (62376224)|VARIABLE_SCOPE_BEGIN|[51]|j|Integer|false|false
12:20:51.0 (62378239)|HEAP_ALLOCATE|[51]|Bytes:4
12:20:51.0 (62380427)|VARIABLE_ASSIGNMENT|[51]|j|0
12:20:51.0 (62381848)|STATEMENT_EXECUTE|[51]
12:20:51.0 (62383102)|STATEMENT_EXECUTE|[52]
12:20:51.0 (62384063)|STATEMENT_EXECUTE|[53]
12:20:51.0 (62389313)|HEAP_ALLOCATE|[53]|Bytes:2
12:20:51.0 (62396695)|HEAP_ALLOCATE|[53]|Bytes:1
12:20:51.0 (62401393)|HEAP_ALLOCATE|[53]|Bytes:5
12:20:51.0 (62405947)|HEAP_ALLOCATE|[53]|Bytes:2
12:20:51.0 (62412906)|HEAP_ALLOCATE|[53]|Bytes:1
12:20:51.0 (62417500)|HEAP_ALLOCATE|[53]|Bytes:5
12:20:51.0 (62421934)|HEAP_ALLOCATE|[EXTERNAL]|Bytes:4
12:20:51.0 (62425437)|HEAP_ALLOCATE|[51]|Bytes:4
12:20:51.0 (62428039)|VARIABLE_ASSIGNMENT|[51]|j|30
12:20:51.0 (62429602)|STATEMENT_EXECUTE|[51]
12:20:51.0 (62430848)|STATEMENT_EXECUTE|[54]
12:20:51.0 (62431820)|STATEMENT_EXECUTE|[55]
12:20:51.0 (62437004)|HEAP_ALLOCATE|[55]|Bytes:2
12:20:51.0 (62444009)|HEAP_ALLOCATE|[55]|Bytes:2
12:20:51.0 (62448819)|HEAP_ALLOCATE|[55]|Bytes:5
12:20:51.0 (62453523)|HEAP_ALLOCATE|[55]|Bytes:2
12:20:51.0 (62460635)|HEAP_ALLOCATE|[55]|Bytes:2
12:20:51.0 (62465415)|HEAP_ALLOCATE|[55]|Bytes:5
12:20:51.0 (62469704)|HEAP_ALLOCATE|[EXTERNAL]|Bytes:4
12:20:51.0 (62473173)|HEAP_ALLOCATE|[51]|Bytes:4
12:20:51.0 (62475771)|VARIABLE_ASSIGNMENT|[51]|j|60
12:20:51.0 (62477478)|HEAP_ALLOCATE|[50]|Bytes:4
12:20:51.0 (62479826)|VARIABLE_ASSIGNMENT|[50]|i|16
12:20:51.0 (62481599)|STATEMENT_EXECUTE|[50]
12:20:51.0 (62482768)|STATEMENT_EXECUTE|[51]
12:20:51.0 (62484266)|VARIABLE_SCOPE_BEGIN|[51]|j|Integer|false|false
12:20:51.0 (62485577)|HEAP_ALLOCATE|[51]|Bytes:4
12:20:51.0 (62487743)|VARIABLE_ASSIGNMENT|[51]|j|0
12:20:51.0 (62489206)|STATEMENT_EXECUTE|[51]
12:20:51.0 (62490388)|STATEMENT_EXECUTE|[52]
12:20:51.0 (62491314)|STATEMENT_EXECUTE|[53]
12:20:51.0 (62496593)|HEAP_ALLOCATE|[53]|Bytes:2
12:20:51.0 (62503849)|HEAP_ALLOCATE|[53]|Bytes:1
12:20:51.0 (62508574)|HEAP_ALLOCATE|[53]|Bytes:5
12:20:51.0 (62513151)|HEAP_ALLOCATE|[53]|Bytes:2
12:20:51.0 (62520096)|HEAP_ALLOCATE|[53]|Bytes:1
12:20:51.0 (62524748)|HEAP_ALLOCATE|[53]|Bytes:5
12:20:51.0 (62529643)|HEAP_ALLOCATE|[EXTERNAL]|Bytes:4
12:20:51.0 (62532919)|HEAP_ALLOCATE|[51]|Bytes:4
12:20:51.0 (62535368)|VARIABLE_ASSIGNMENT|[51]|j|30
12:20:51.0 (62536870)|STATEMENT_EXECUTE|[51]
12:20:51.0 (62538086)|STATEMENT_EXECUTE|[54]
12:20:51.0 (62539002)|STATEMENT_EXECUTE|[55]
12:20:51.0 (62544127)|HEAP_ALLOCATE|[55]|Bytes:2
12:20:51.0 (62551201)|HEAP_ALLOCATE|[55]|Bytes:2
12:20:51.0 (62555984)|HEAP_ALLOCATE|[55]|Bytes:5
12:20:51.0 (62560786)|HEAP_ALLOCATE|[55]|Bytes:2
12:20:51.0 (62567694)|HEAP_ALLOCATE|[55]|Bytes:2
12:20:51.0 (62572280)|HEAP_ALLOCATE|[55]|Bytes:5
12:20:51.0 (62576625)|HEAP_ALLOCATE|[EXTERNAL]|Bytes:4
12:20:51.0 (62579890)|HEAP_ALLOCATE|[51]|Bytes:4
12:20:51.0 (62582372)|VARIABLE_ASSIGNMENT|[51]|j|60
12:20:51.0 (62584103)|HEAP_ALLOCATE|[50]|Bytes:4
12:20:51.0 (62586307)|VARIABLE_ASSIGNMENT|[50]|i|17
12:20:51.0 (62587901)|STATEMENT_EXECUTE|[50]
12:20:51.0 (62589061)|STATEMENT_EXECUTE|[51]
12:20:51.0 (62590546)|VARIABLE_SCOPE_BEGIN|[51]|j|Integer|false|false
12:20:51.0 (62592188)|HEAP_ALLOCATE|[51]|Bytes:4
12:20:51.0 (62594375)|VARIABLE_ASSIGNMENT|[51]|j|0
12:20:51.0 (62595812)|STATEMENT_EXECUTE|[51]
12:20:51.0 (62597012)|STATEMENT_EXECUTE|[52]
12:20:51.0 (62597950)|STATEMENT_EXECUTE|[53]
12:20:51.0 (62603304)|HEAP_ALLOCATE|[53]|Bytes:2
12:20:51.0 (62610467)|HEAP_ALLOCATE|[53]|Bytes:1
12:20:51.0 (62615220)|HEAP_ALLOCATE|[53]|Bytes:5
12:20:51.0 (62619796)|HEAP_ALLOCATE|[53]|Bytes:2
12:20:51.0 (62626741)|HEAP_ALLOCATE|[53]|Bytes:1
12:20:51.0 (62631312)|HEAP_ALLOCATE|[53]|Bytes:5
12:20:51.0 (62636080)|HEAP_ALLOCATE|[EXTERNAL]|Bytes:4
12:20:51.0 (62639301)|HEAP_ALLOCATE|[51]|Bytes:4
12:20:51.0 (62641776)|VARIABLE_ASSIGNMENT|[51]|j|30
12:20:51.0 (62643267)|STATEMENT_EXECUTE|[51]
12:20:51.0 (62644502)|STATEMENT_EXECUTE|[54]
12:20:51.0 (62645423)|STATEMENT_EXECUTE|[55]
12:20:51.0 (62650598)|HEAP_ALLOCATE|[55]|Bytes:2
12:20:51.0 (62657615)|HEAP_ALLOCATE|[55]|Bytes:2
12:20:51.0 (62662469)|HEAP_ALLOCATE|[55]|Bytes:5
12:20:51.0 (62667073)|HEAP_ALLOCATE|[55]|Bytes:2
12:20:51.0 (62674377)|HEAP_ALLOCATE|[55]|Bytes:2
12:20:51.0 (62679007)|HEAP_ALLOCATE|[55]|Bytes:5
12:20:51.0 (62683297)|HEAP_ALLOCATE|[EXTERNAL]|Bytes:4
12:20:51.0 (62686509)|HEAP_ALLOCATE|[51]|Bytes:4
12:20:51.0 (62689030)|VARIABLE_ASSIGNMENT|[51]|j|60
12:20:51.0 (62690716)|HEAP_ALLOCATE|[50]|Bytes:4
12:20:51.0 (62692976)|VARIABLE_ASSIGNMENT|[50]|i|18
12:20:51.0 (62694622)|STATEMENT_EXECUTE|[50]
12:20:51.0 (62695798)|STATEMENT_EXECUTE|[51]
12:20:51.0 (62697271)|VARIABLE_SCOPE_BEGIN|[51]|j|Integer|false|false
12:20:51.0 (62698614)|HEAP_ALLOCATE|[51]|Bytes:4
12:20:51.0 (62700967)|VARIABLE_ASSIGNMENT|[51]|j|0
12:20:51.0 (62702399)|STATEMENT_EXECUTE|[51]
12:20:51.0 (62703596)|STATEMENT_EXECUTE|[52]
12:20:51.0 (62704532)|STATEMENT_EXECUTE|[53]
12:20:51.0 (62709825)|HEAP_ALLOCATE|[53]|Bytes:2
12:20:51.0 (62717013)|HEAP_ALLOCATE|[53]|Bytes:1
12:20:51.0 (62721822)|HEAP_ALLOCATE|[53]|Bytes:5
12:20:51.0 (62726394)|HEAP_ALLOCATE|[53]|Bytes:2
12:20:51.0 (62733313)|HEAP_ALLOCATE|[53]|Bytes:1
12:20:51.0 (62738042)|HEAP_ALLOCATE|[53]|Bytes:5
12:20:51.0 (62742638)|HEAP_ALLOCATE|[EXTERNAL]|Bytes:4
12:20:51.0 (62745819)|HEAP_ALLOCATE|[51]|Bytes:4
12:20:51.0 (62748259)|VARIABLE_ASSIGNMENT|[51]|j|30
12:20:51.0 (62749746)|STATEMENT_EXECUTE|[51]
12:20:51.0 (62750969)|STATEMENT_EXECUTE|[54]
12:20:51.0 (62751946)|STATEMENT_EXECUTE|[55]
12:20:51.0 (62757178)|HEAP_ALLOCATE|[55]|Bytes:2
12:20:51.0 (62764250)|HEAP_ALLOCATE|[55]|Bytes:2
12:20:51.0 (62769092)|HEAP_ALLOCATE|[55]|Bytes:5
12:20:51.0 (62773650)|HEAP_ALLOCATE|[55]|Bytes:2
12:20:51.0 (62780586)|HEAP_ALLOCATE|[55]|Bytes:2
12:20:51.0 (62785228)|HEAP_ALLOCATE|[55]|Bytes:5
12:20:51.0 (62789537)|HEAP_ALLOCATE|[EXTERNAL]|Bytes:4
12:20:51.0 (62792663)|HEAP_ALLOCATE|[51]|Bytes:4
12:20:51.0 (62795113)|VARIABLE_ASSIGNMENT|[51]|j|60
12:20:51.0 (62796802)|HEAP_ALLOCATE|[50]|Bytes:4
12:20:51.0 (62799006)|VARIABLE_ASSIGNMENT|[50]|i|19
12:20:51.0 (62800590)|STATEMENT_EXECUTE|[50]
12:20:51.0 (62801763)|STATEMENT_EXECUTE|[51]
12:20:51.0 (62803341)|VARIABLE_SCOPE_BEGIN|[51]|j|Integer|false|false
12:20:51.0 (62804795)|HEAP_ALLOCATE|[51]|Bytes:4
12:20:51.0 (62807021)|VARIABLE_ASSIGNMENT|[51]|j|0
12:20:51.0 (62808495)|STATEMENT_EXECUTE|[51]
12:20:51.0 (62809690)|STATEMENT_EXECUTE|[52]
12:20:51.0 (62810614)|STATEMENT_EXECUTE|[53]
12:20:51.0 (62815924)|HEAP_ALLOCATE|[53]|Bytes:2
12:20:51.0 (62823275)|HEAP_ALLOCATE|[53]|Bytes:1
12:20:51.0 (62828059)|HEAP_ALLOCATE|[53]|Bytes:5
12:20:51.0 (62832826)|HEAP_ALLOCATE|[53]|Bytes:2
12:20:51.0 (62839839)|HEAP_ALLOCATE|[53]|Bytes:1
12:20:51.0 (62844724)|HEAP_ALLOCATE|[53]|Bytes:5
12:20:51.0 (62849099)|HEAP_ALLOCATE|[EXTERNAL]|Bytes:4
12:20:51.0 (62852283)|HEAP_ALLOCATE|[51]|Bytes:4
12:20:51.0 (62854934)|VARIABLE_ASSIGNMENT|[51]|j|30
12:20:51.0 (62856417)|STATEMENT_EXECUTE|[51]
12:20:51.0 (62857679)|STATEMENT_EXECUTE|[54]
12:20:51.0 (62858775)|STATEMENT_EXECUTE|[55]
12:20:51.0 (62863960)|HEAP_ALLOCATE|[55]|Bytes:2
12:20:51.0 (62871026)|HEAP_ALLOCATE|[55]|Bytes:2
12:20:51.0 (62875804)|HEAP_ALLOCATE|[55]|Bytes:5
12:20:51.0 (62880470)|HEAP_ALLOCATE|[55]|Bytes:2
12:20:51.0 (62887367)|HEAP_ALLOCATE|[55]|Bytes:2
12:20:51.0 (62892168)|HEAP_ALLOCATE|[55]|Bytes:5
12:20:51.0 (62896621)|HEAP_ALLOCATE|[EXTERNAL]|Bytes:4
12:20:51.0 (62899733)|HEAP_ALLOCATE|[51]|Bytes:4
12:20:51.0 (62902175)|VARIABLE_ASSIGNMENT|[51]|j|60
12:20:51.0 (62903844)|HEAP_ALLOCATE|[50]|Bytes:4
12:20:51.0 (62906027)|VARIABLE_ASSIGNMENT|[50]|i|20
12:20:51.0 (62907571)|STATEMENT_EXECUTE|[50]
12:20:51.0 (62908715)|STATEMENT_EXECUTE|[51]
12:20:51.0 (62910240)|VARIABLE_SCOPE_BEGIN|[51]|j|Integer|false|false
12:20:51.0 (62911701)|HEAP_ALLOCATE|[51]|Bytes:4
12:20:51.0 (62913862)|VARIABLE_ASSIGNMENT|[51]|j|0
12:20:51.0 (62915364)|STATEMENT_EXECUTE|[51]
12:20:51.0 (62916599)|STATEMENT_EXECUTE|[52]
12:20:51.0 (62917520)|STATEMENT_EXECUTE|[53]
12:20:51.0 (62923024)|HEAP_ALLOCATE|[53]|Bytes:2
12:20:51.0 (62930161)|HEAP_ALLOCATE|[53]|Bytes:1
12:20:51.0 (62934920)|HEAP_ALLOCATE|[53]|Bytes:5
12:20:51.0 (62939461)|HEAP_ALLOCATE|[53]|Bytes:2
12:20:51.0 (62946336)|HEAP_ALLOCATE|[53]|Bytes:1
12:20:51.0 (62951017)|HEAP_ALLOCATE|[53]|Bytes:5
12:20:51.0 (62955488)|HEAP_ALLOCATE|[EXTERNAL]|Bytes:4
12:20:51.0 (62958727)|HEAP_ALLOCATE|[51]|Bytes:4
12:20:51.0 (62961142)|VARIABLE_ASSIGNMENT|[51]|j|30
12:20:51.0 (62962645)|STATEMENT_EXECUTE|[51]
12:20:51.0 (62963917)|STATEMENT_EXECUTE|[54]
12:20:51.0 (62964868)|STATEMENT_EXECUTE|[55]
12:20:51.0 (62970046)|HEAP_ALLOCATE|[55]|Bytes:2
12:20:51.0 (62977126)|HEAP_ALLOCATE|[55]|Bytes:2
12:20:51.0 (62981913)|HEAP_ALLOCATE|[55]|Bytes:5
12:20:51.0 (62986511)|HEAP_ALLOCATE|[55]|Bytes:2
12:20:51.0 (62993399)|HEAP_ALLOCATE|[55]|Bytes:2
12:20:51.0 (62998005)|HEAP_ALLOCATE|[55]|Bytes:5
12:20:51.0 (63002415)|HEAP_ALLOCATE|[EXTERNAL]|Bytes:4
12:20:51.0 (63005947)|HEAP_ALLOCATE|[51]|Bytes:4
12:20:51.0 (63008467)|VARIABLE_ASSIGNMENT|[51]|j|60
12:20:51.0 (63010088)|HEAP_ALLOCATE|[50]|Bytes:4
12:20:51.0 (63012365)|VARIABLE_ASSIGNMENT|[50]|i|21
12:20:51.0 (63013983)|STATEMENT_EXECUTE|[50]
12:20:51.0 (63015155)|STATEMENT_EXECUTE|[51]
12:20:51.0 (63016838)|VARIABLE_SCOPE_BEGIN|[51]|j|Integer|false|false
12:20:51.0 (63018142)|HEAP_ALLOCATE|[51]|Bytes:4
12:20:51.0 (63020699)|VARIABLE_ASSIGNMENT|[51]|j|0
12:20:51.0 (63022148)|STATEMENT_EXECUTE|[51]
12:20:51.0 (63023407)|STATEMENT_EXECUTE|[52]
12:20:51.0 (63024349)|STATEMENT_EXECUTE|[53]
12:20:51.0 (63029809)|HEAP_ALLOCATE|[53]|Bytes:2
12:20:51.0 (63036977)|HEAP_ALLOCATE|[53]|Bytes:1
12:20:51.0 (63041747)|HEAP_ALLOCATE|[53]|Bytes:5
12:20:51.0 (63046360)|HEAP_ALLOCATE|[53]|Bytes:2
12:20:51.0 (63053328)|HEAP_ALLOCATE|[53]|Bytes:1
12:20:51.0 (63058023)|HEAP_ALLOCATE|[53]|Bytes:5
12:20:51.0 (63062439)|HEAP_ALLOCATE|[EXTERNAL]|Bytes:4
12:20:51.0 (63065857)|HEAP_ALLOCATE|[51]|Bytes:4
12:20:51.0 (63068365)|VARIABLE_ASSIGNMENT|[51]|j|30
12:20:51.0 (63069859)|STATEMENT_EXECUTE|[51]
12:20:51.0 (63071083)|STATEMENT_EXECUTE|[54]
12:20:51.0 (63072010)|STATEMENT_EXECUTE|[55]
12:20:51.0 (63077183)|HEAP_ALLOCATE|[55]|Bytes:2
12:20:51.0 (63084278)|HEAP_ALLOCATE|[55]|Bytes:2
12:20:51.0 (63089104)|HEAP_ALLOCATE|[55]|Bytes:5
12:20:51.0 (63093694)|HEAP_ALLOCATE|[55]|Bytes:2
12:20:51.0 (63100843)|HEAP_ALLOCATE|[55]|Bytes:2
12:20:51.0 (63105759)|HEAP_ALLOCATE|[55]|Bytes:5
12:20:51.0 (63110208)|HEAP_ALLOCATE|[EXTERNAL]|Bytes:4
12:20:51.0 (63113333)|HEAP_ALLOCATE|[51]|Bytes:4
12:20:51.0 (63116221)|VARIABLE_ASSIGNMENT|[51]|j|60
12:20:51.0 (63118977)|HEAP_ALLOCATE|[50]|Bytes:4
12:20:51.0 (63122388)|VARIABLE_ASSIGNMENT|[50]|i|22
12:20:51.0 (63124746)|STATEMENT_EXECUTE|[50]
12:20:51.0 (63126566)|STATEMENT_EXECUTE|[51]
12:20:51.0 (63128255)|VARIABLE_SCOPE_BEGIN|[51]|j|Integer|false|false
12:20:51.0 (63129668)|HEAP_ALLOCATE|[51]|Bytes:4
12:20:51.0 (63131871)|VARIABLE_ASSIGNMENT|[51]|j|0
12:20:51.0 (63133296)|STATEMENT_EXECUTE|[51]
12:20:51.0 (63134538)|STATEMENT_EXECUTE|[52]
12:20:51.0 (63135466)|STATEMENT_EXECUTE|[53]
12:20:51.0 (63141380)|HEAP_ALLOCATE|[53]|Bytes:2
12:20:51.0 (63148761)|HEAP_ALLOCATE|[53]|Bytes:1
12:20:51.0 (63153538)|HEAP_ALLOCATE|[53]|Bytes:5
12:20:51.0 (63158117)|HEAP_ALLOCATE|[53]|Bytes:2
12:20:51.0 (63165149)|HEAP_ALLOCATE|[53]|Bytes:1
12:20:51.0 (63169713)|HEAP_ALLOCATE|[53]|Bytes:5
12:20:51.0 (63174537)|HEAP_ALLOCATE|[EXTERNAL]|Bytes:4
12:20:51.0 (63178021)|HEAP_ALLOCATE|[51]|Bytes:4
12:20:51.0 (63180616)|VARIABLE_ASSIGNMENT|[51]|j|30
12:20:51.0 (63182263)|STATEMENT_EXECUTE|[51]
12:20:51.0 (63183505)|STATEMENT_EXECUTE|[54]
12:20:51.0 (63184448)|STATEMENT_EXECUTE|[55]
12:20:51.0 (63189661)|HEAP_ALLOCATE|[55]|Bytes:2
12:20:51.0 (63196805)|HEAP_ALLOCATE|[55]|Bytes:2
12:20:51.0 (63204465)|HEAP_ALLOCATE|[55]|Bytes:5
12:20:51.0 (63209113)|HEAP_ALLOCATE|[55]|Bytes:2
12:20:51.0 (63216189)|HEAP_ALLOCATE|[55]|Bytes:2
12:20:51.0 (63220770)|HEAP_ALLOCATE|[55]|Bytes:5
12:20:51.0 (63225139)|HEAP_ALLOCATE|[EXTERNAL]|Bytes:4
12:20:51.0 (63228299)|HEAP_ALLOCATE|[51]|Bytes:4
12:20:51.0 (63231093)|VARIABLE_ASSIGNMENT|[51]|j|60
12:20:51.0 (63232764)|HEAP_ALLOCATE|[50]|Bytes:4
12:20:51.0 (63235143)|VARIABLE_ASSIGNMENT|[50]|i|23
12:20:51.0 (63236782)|STATEMENT_EXECUTE|[50]
12:20:51.0 (63237986)|STATEMENT_EXECUTE|[51]
12:20:51.0 (63239495)|VARIABLE_SCOPE_BEGIN|[51]|j|Integer|false|false
12:20:51.0 (63240817)|HEAP_ALLOCATE|[51]|Bytes:4
12:20:51.0 (63243603)|VARIABLE_ASSIGNMENT|[51]|j|0
12:20:51.0 (63245064)|STATEMENT_EXECUTE|[51]
12:20:51.0 (63246290)|STATEMENT_EXECUTE|[52]
12:20:51.0 (63247218)|STATEMENT_EXECUTE|[53]
12:20:51.0 (63252600)|HEAP_ALLOCATE|[53]|Bytes:2
12:20:51.0 (63259801)|HEAP_ALLOCATE|[53]|Bytes:1
12:20:51.0 (63264593)|HEAP_ALLOCATE|[53]|Bytes:5
12:20:51.0 (63269247)|HEAP_ALLOCATE|[53]|Bytes:2
12:20:51.0 (63276211)|HEAP_ALLOCATE|[53]|Bytes:1
12:20:51.0 (63280913)|HEAP_ALLOCATE|[53]|Bytes:5
12:20:51.0 (63285236)|HEAP_ALLOCATE|[EXTERNAL]|Bytes:4
12:20:51.0 (63288472)|HEAP_ALLOCATE|[51]|Bytes:4
12:20:51.0 (63290863)|VARIABLE_ASSIGNMENT|[51]|j|30
12:20:51.0 (63292419)|STATEMENT_EXECUTE|[51]
12:20:51.0 (63293651)|STATEMENT_EXECUTE|[54]
12:20:51.0 (63294568)|STATEMENT_EXECUTE|[55]
12:20:51.0 (63299679)|HEAP_ALLOCATE|[55]|Bytes:2
12:20:51.0 (63306767)|HEAP_ALLOCATE|[55]|Bytes:2
12:20:51.0 (63311566)|HEAP_ALLOCATE|[55]|Bytes:5
12:20:51.0 (63316264)|HEAP_ALLOCATE|[55]|Bytes:2
12:20:51.0 (63323248)|HEAP_ALLOCATE|[55]|Bytes:2
12:20:51.0 (63328295)|HEAP_ALLOCATE|[55]|Bytes:5
12:20:51.0 (63332749)|HEAP_ALLOCATE|[EXTERNAL]|Bytes:4
12:20:51.0 (63335905)|HEAP_ALLOCATE|[51]|Bytes:4
12:20:51.0 (63338271)|VARIABLE_ASSIGNMENT|[51]|j|60
12:20:51.0 (63339992)|HEAP_ALLOCATE|[50]|Bytes:4
12:20:51.0 (63342368)|VARIABLE_ASSIGNMENT|[50]|i|24
12:20:51.0 (63344388)|STATEMENT_EXECUTE|[59]
12:20:51.0 (63553627)|SYSTEM_MODE_ENTER|true
12:20:51.0 (63575855)|HEAP_ALLOCATE|[EXTERNAL]|Bytes:80
12:20:51.0 (63620395)|VARIABLE_ASSIGNMENT|[EXTERNAL]|this|{"delToHub":true,"delToProj":false,"detail":"0x272ba602","invoked":false,"rejected":false,"reserved":false,"sublocations1":"0x36b4ee85","www":"0x41d01585","wwwById":"0x5c0182ed"}|0x2f792a82
12:20:51.0 (63626601)|STATEMENT_EXECUTE|[78]
12:20:51.0 (63630295)|STATEMENT_EXECUTE|[80]
12:20:51.0 (63631464)|STATEMENT_EXECUTE|[81]
12:20:51.0 (63634577)|HEAP_ALLOCATE|[81]|Bytes:4
12:20:51.0 (63644220)|VARIABLE_ASSIGNMENT|[81]|this.selectedTime3|"8:00"|0x2f792a82
12:20:51.0 (63646477)|STATEMENT_EXECUTE|[83]
12:20:51.0 (73779366)|VF_SERIALIZE_VIEWSTATE_BEGIN|06624000003h0Dg
12:20:51.0 (79287755)|VF_SERIALIZE_VIEWSTATE_END
12:20:51.82 (82597632)|CUMULATIVE_LIMIT_USAGE
12:20:51.82 (82597632)|LIMIT_USAGE_FOR_NS|(default)|
  Number of SOQL queries: 3 out of 100
  Number of query rows: 11 out of 50000
  Number of SOSL queries: 0 out of 20
  Number of DML statements: 0 out of 150
  Number of DML rows: 0 out of 10000
  Maximum CPU time: 0 out of 10000
  Maximum heap size: 0 out of 6000000
  Number of callouts: 0 out of 100
  Number of Email Invocations: 0 out of 10
  Number of future calls: 0 out of 50
  Number of queueable jobs added to the queue: 0 out of 50
  Number of Mobile Apex push calls: 0 out of 10

12:20:51.82 (82597632)|CUMULATIVE_LIMIT_USAGE_END

12:20:51.0 (82633932)|CODE_UNIT_FINISHED|VF: /apex/New_delivered_detail
12:20:51.0 (83403118)|EXECUTION_FINISHED
