38.0 APEX_CODE,FINEST;APEX_PROFILING,INFO;CALLOUT,INFO;DB,INFO;SYSTEM,DEBUG;VALIDATION,INFO;VISUALFORCE,INFO;WAVE,INFO;WORKFLOW,INFO
15:26:35.0 (53458)|USER_INFO|[EXTERNAL]|00524000001e3Uj|bedrijfsbureau@gsa.nl.sandbox|Midden-Europese standaardtijd|GMT+01:00
15:26:35.0 (79199)|EXECUTION_STARTED
15:26:35.0 (82455)|CODE_UNIT_STARTED|[EXTERNAL]|06624000003h0Dq|VF: /apex/ChoseRecordType
15:26:35.0 (3458317)|SYSTEM_MODE_ENTER|true
15:26:35.0 (3684346)|HEAP_ALLOCATE|[72]|Bytes:3
15:26:35.0 (3723530)|HEAP_ALLOCATE|[77]|Bytes:152
15:26:35.0 (3743957)|HEAP_ALLOCATE|[342]|Bytes:408
15:26:35.0 (3764666)|HEAP_ALLOCATE|[355]|Bytes:408
15:26:35.0 (3784937)|HEAP_ALLOCATE|[467]|Bytes:48
15:26:35.0 (3812123)|HEAP_ALLOCATE|[139]|Bytes:6
15:26:35.0 (3884144)|HEAP_ALLOCATE|[EXTERNAL]|Bytes:11
15:26:35.0 (3888892)|HEAP_ALLOCATE|[EXTERNAL]|Bytes:408
15:26:35.0 (3891355)|HEAP_ALLOCATE|[EXTERNAL]|Bytes:120
15:26:35.0 (3894240)|HEAP_ALLOCATE|[EXTERNAL]|Bytes:116
15:26:35.0 (3901279)|METHOD_ENTRY|[1]|01p2400000DUtXT|NewDeliveredExtension.NewDeliveredExtension()
15:26:35.0 (3904618)|STATEMENT_EXECUTE|[1]
15:26:35.0 (3908975)|STATEMENT_EXECUTE|[1]
15:26:35.0 (3923197)|STATEMENT_EXECUTE|[542]
15:26:35.0 (3929703)|METHOD_EXIT|[1]|NewDeliveredExtension
15:26:35.0 (3936893)|HEAP_ALLOCATE|[EXTERNAL]|Bytes:80
15:26:35.0 (3951557)|VARIABLE_SCOPE_BEGIN|[163]|this|NewDeliveredExtension|true|false
15:26:35.0 (4011647)|VARIABLE_ASSIGNMENT|[163]|this|{}|0x88a0888
15:26:35.0 (4015746)|VARIABLE_SCOPE_BEGIN|[163]|controller|ApexPages.StandardController|true|false
15:26:35.0 (4212024)|VARIABLE_ASSIGNMENT|[163]|controller|"StandardController [null]"|0x56880fe1
15:26:35.0 (4229114)|STATEMENT_EXECUTE|[1]
15:26:35.0 (4230677)|STATEMENT_EXECUTE|[2]
15:26:35.0 (4231871)|STATEMENT_EXECUTE|[20]
15:26:35.0 (4233136)|STATEMENT_EXECUTE|[61]
15:26:35.0 (4234193)|STATEMENT_EXECUTE|[69]
15:26:35.0 (4235217)|STATEMENT_EXECUTE|[77]
15:26:35.0 (4236210)|STATEMENT_EXECUTE|[85]
15:26:35.0 (4237245)|STATEMENT_EXECUTE|[93]
15:26:35.0 (4238574)|STATEMENT_EXECUTE|[101]
15:26:35.0 (4239875)|STATEMENT_EXECUTE|[123]
15:26:35.0 (4341800)|HEAP_ALLOCATE|[123]|Bytes:4
15:26:35.0 (4349452)|HEAP_ALLOCATE|[123]|Bytes:258
15:26:35.0 (4353674)|HEAP_ALLOCATE|[123]|Bytes:4
15:26:35.0 (4389231)|HEAP_ALLOCATE|[50]|Bytes:5
15:26:35.0 (4406237)|HEAP_ALLOCATE|[56]|Bytes:5
15:26:35.0 (4412087)|HEAP_ALLOCATE|[64]|Bytes:7
15:26:35.0 (5080540)|SOQL_EXECUTE_BEGIN|[123]|Aggregations:0|SELECT Id, Project__c, Item__c, Actueel_aantal_palletplaatsenworkflow__c, Ticket_Number_ILIPS__c, Filecardnumber__c, Projectmember__c, Hub_Building_Site__c, Actueel_aantal_palletplaatsen__c, Supplier__c, Name FROM WWW__c ORDER BY CreatedDate DESC NULLS FIRST
15:26:35.0 (20770600)|SOQL_EXECUTE_END|[123]|Rows:5
15:26:35.0 (20786234)|HEAP_ALLOCATE|[123]|Bytes:24
15:26:35.0 (20810910)|HEAP_ALLOCATE|[123]|Bytes:1105
15:26:35.0 (20872711)|HEAP_ALLOCATE|[123]|Bytes:24
15:26:35.0 (20925135)|HEAP_ALLOCATE|[123]|Bytes:28
15:26:35.0 (20934107)|HEAP_ALLOCATE|[123]|Bytes:4
15:26:35.0 (20942045)|HEAP_ALLOCATE|[123]|Bytes:28
15:26:35.0 (20945396)|HEAP_ALLOCATE|[123]|Bytes:4
15:26:35.0 (20950167)|HEAP_ALLOCATE|[123]|Bytes:28
15:26:35.0 (20953093)|HEAP_ALLOCATE|[123]|Bytes:4
15:26:35.0 (20957621)|HEAP_ALLOCATE|[123]|Bytes:28
15:26:35.0 (20960855)|HEAP_ALLOCATE|[123]|Bytes:4
15:26:35.0 (20965649)|HEAP_ALLOCATE|[123]|Bytes:28
15:26:35.0 (20968509)|HEAP_ALLOCATE|[123]|Bytes:4
15:26:35.0 (21018922)|VARIABLE_ASSIGNMENT|[123]|this.wwwById|{"a0t0E0000004UUSQA2":{"Id":"a0t0E0000004UUSQA2","Project__c":"a0q0E0000008ahlQAA","Item__c":"a0A0E0000001PilUAE","Hub_Building_Site__c":"a020E000000zEM2QAM","Actueel_aantal_palle (12 more) ...":0,"Name":"WWW-13541"},"a0t0E0000004UUNQA2":{"Id":"a0t0E0000004UUNQA2","Project__c":"a0q0E0000008S3WQAU","Item__c":"a0A0E0000001PiqUAE","Hub_Building_Site__c":"a020E000000zFeUQAU","Actueel_aantal_palle (12 more) ...":0,"Name":"WWW-13540"},"a0t0E0000004NFcQAM":{"Id":"a0t0E0000004NFcQAM","Project__c":"a0q0E0000008S3bQAE","Item__c":"a0A0E0000001Pj0UAE","Hub_Building_Site__c":"a020E000000zEM2QAM","Actueel_aantal_palle (12 more) ...":0,"Name":"WWW-13490"},"a0t0E0000004NFXQA2":{"Id":"a0t0E0000004NFXQA2","Project__c":"a0q0E0000008S3WQAU","Item__c":"a0A0E0000001PiqUAE","Hub_Building_Site__c":"a020E000000zEM2QAM","Actueel_aantal_palle (12 more) ...":0,"Name":"WWW-13489"},"a0t0E0000004NFNQA2":{"Id":"a0t0E0000004NFNQA2","Project__c":"a0q0E0000008S3WQAU","Item__c":"a0A0E0000001PilUAE","Hub_Building_Site__c":"a020E000000zEM2QAM","Actueel_aantal_palle (12 more) ...":0,"Name":"WWW-13487"}}|0x88a0888
15:26:35.0 (21027858)|STATEMENT_EXECUTE|[155]
15:26:35.0 (21029466)|STATEMENT_EXECUTE|[156]
15:26:35.0 (21030753)|STATEMENT_EXECUTE|[184]
15:26:35.0 (21031856)|STATEMENT_EXECUTE|[185]
15:26:35.0 (21033087)|STATEMENT_EXECUTE|[195]
15:26:35.0 (21034125)|STATEMENT_EXECUTE|[203]
15:26:35.0 (21035100)|STATEMENT_EXECUTE|[211]
15:26:35.0 (21036060)|STATEMENT_EXECUTE|[219]
15:26:35.0 (21037006)|STATEMENT_EXECUTE|[228]
15:26:35.0 (21037962)|STATEMENT_EXECUTE|[236]
15:26:35.0 (21045899)|HEAP_ALLOCATE|[123]|Bytes:6
15:26:35.0 (21067329)|STATEMENT_EXECUTE|[163]
15:26:35.0 (21068859)|STATEMENT_EXECUTE|[164]
15:26:35.0 (21107197)|HEAP_ALLOCATE|[164]|Bytes:60
15:26:35.0 (21149177)|HEAP_ALLOCATE|[164]|Bytes:35
15:26:35.0 (21160990)|HEAP_ALLOCATE|[164]|Bytes:10
15:26:35.0 (21224137)|VARIABLE_ASSIGNMENT|[EXTERNAL]|this|{"wwwById":"0x52e6285c"}|0x88a0888
15:26:35.0 (21228655)|STATEMENT_EXECUTE|[3]
15:26:35.0 (21231312)|STATEMENT_EXECUTE|[4]
15:26:35.0 (21232299)|STATEMENT_EXECUTE|[5]
15:26:35.0 (21261214)|HEAP_ALLOCATE|[5]|Bytes:4
15:26:35.0 (21344471)|VARIABLE_ASSIGNMENT|[5]|this.detail|{}|0x88a0888
15:26:35.0 (21347484)|STATEMENT_EXECUTE|[6]
15:26:35.0 (21393563)|VARIABLE_ASSIGNMENT|[EXTERNAL]|this|{"detail":"0x64416a51","wwwById":"0x52e6285c"}|0x88a0888
15:26:35.0 (21397160)|STATEMENT_EXECUTE|[21]
15:26:35.0 (21399548)|STATEMENT_EXECUTE|[22]
15:26:35.0 (21400614)|STATEMENT_EXECUTE|[23]
15:26:35.0 (21409543)|HEAP_ALLOCATE|[23]|Bytes:4
15:26:35.0 (21451310)|VARIABLE_ASSIGNMENT|[23]|this.www|{}|0x88a0888
15:26:35.0 (21454452)|STATEMENT_EXECUTE|[26]
15:26:35.0 (21720241)|VARIABLE_ASSIGNMENT|[6]|this.WWW__c|null|0x64416a51
15:26:35.0 (21724121)|STATEMENT_EXECUTE|[7]
15:26:35.0 (21785731)|VARIABLE_ASSIGNMENT|[EXTERNAL]|this|{"detail":"0x64416a51","www":"0x79ab2d69","wwwById":"0x52e6285c"}|0x88a0888
15:26:35.0 (21839640)|VARIABLE_ASSIGNMENT|[7]|this.Project__c|null|0x64416a51
15:26:35.0 (21842765)|STATEMENT_EXECUTE|[9]
15:26:35.0 (21913696)|VARIABLE_ASSIGNMENT|[164]|this.RecordTypeId|null|0x64416a51
15:26:35.0 (21916713)|STATEMENT_EXECUTE|[165]
15:26:35.0 (21961698)|VARIABLE_ASSIGNMENT|[EXTERNAL]|this|{"detail":"0x64416a51","www":"0x79ab2d69","wwwById":"0x52e6285c"}|0x88a0888
15:26:35.0 (21964939)|STATEMENT_EXECUTE|[3]
15:26:35.0 (21967050)|STATEMENT_EXECUTE|[4]
15:26:35.0 (21968139)|STATEMENT_EXECUTE|[9]
15:26:35.0 (21989574)|USER_DEBUG|[165]|DEBUG|null
15:26:35.0 (21994590)|STATEMENT_EXECUTE|[166]
15:26:35.0 (22039683)|HEAP_ALLOCATE|[166]|Bytes:4
15:26:35.0 (22046076)|HEAP_ALLOCATE|[166]|Bytes:82
15:26:35.0 (22049636)|HEAP_ALLOCATE|[166]|Bytes:4
15:26:35.0 (22224621)|SOQL_EXECUTE_BEGIN|[166]|Aggregations:0|SELECT Id, Name, DeveloperName FROM RecordType WHERE sobjectType = 'WWW_detail__c'
15:26:35.0 (29281176)|SOQL_EXECUTE_END|[166]|Rows:5
15:26:35.0 (29295284)|HEAP_ALLOCATE|[166]|Bytes:24
15:26:35.0 (29312436)|HEAP_ALLOCATE|[166]|Bytes:371
15:26:35.0 (29344864)|HEAP_ALLOCATE|[166]|Bytes:24
15:26:35.0 (29381954)|HEAP_ALLOCATE|[166]|Bytes:16
15:26:35.0 (29390051)|HEAP_ALLOCATE|[166]|Bytes:4
15:26:35.0 (29396501)|HEAP_ALLOCATE|[166]|Bytes:16
15:26:35.0 (29400025)|HEAP_ALLOCATE|[166]|Bytes:4
15:26:35.0 (29404416)|HEAP_ALLOCATE|[166]|Bytes:16
15:26:35.0 (29407477)|HEAP_ALLOCATE|[166]|Bytes:4
15:26:35.0 (29411320)|HEAP_ALLOCATE|[166]|Bytes:16
15:26:35.0 (29414382)|HEAP_ALLOCATE|[166]|Bytes:4
15:26:35.0 (29418284)|HEAP_ALLOCATE|[166]|Bytes:16
15:26:35.0 (29421250)|HEAP_ALLOCATE|[166]|Bytes:4
15:26:35.0 (29428516)|VARIABLE_SCOPE_BEGIN|[166]|recByNames|Map<Id,RecordType>|true|false
15:26:35.0 (29457760)|VARIABLE_ASSIGNMENT|[166]|recByNames|{"01224000000Sn4NAAS":{"Id":"01224000000Sn4NAAS","Name":"Afleveren","DeveloperName":"Delivered_2_Project"},"01224000000Sn4OAAS":{"Id":"01224000000Sn4OAAS","Name":"Afroepen","DeveloperName":"Invoked"},"01224000000Sn4PAAS":{"Id":"01224000000Sn4PAAS","Name":"Afwijzen","DeveloperName":"Rejected"},"01224000000Sn4MAAS":{"Id":"01224000000Sn4MAAS","Name":"Ontvangen","DeveloperName":"Delivered_2_Hub"},"01224000000Sn4QAAS":{"Id":"01224000000Sn4QAAS","Name":"Verwachten","DeveloperName":"Reserved"}}|0x6a80b1b7
15:26:35.0 (29510976)|VARIABLE_ASSIGNMENT|[EXTERNAL]|this|{"detail":"0x64416a51","www":"0x79ab2d69","wwwById":"0x52e6285c"}|0x88a0888
15:26:35.0 (29515097)|STATEMENT_EXECUTE|[3]
15:26:35.0 (29517641)|STATEMENT_EXECUTE|[4]
15:26:35.0 (29518861)|STATEMENT_EXECUTE|[9]
15:26:35.0 (29526578)|STATEMENT_EXECUTE|[168]
15:26:35.0 (29527799)|STATEMENT_EXECUTE|[181]
15:26:35.0 (29540513)|METHOD_ENTRY|[181]|01p2400000DUtXT|NewDeliveredExtension.getProjects()
15:26:35.0 (29550269)|VARIABLE_SCOPE_BEGIN|[139]|this|NewDeliveredExtension|true|false
15:26:35.0 (29575405)|VARIABLE_ASSIGNMENT|[139]|this|{"detail":"0x64416a51","www":"0x79ab2d69","wwwById":"0x52e6285c"}|0x88a0888
15:26:35.0 (29579832)|STATEMENT_EXECUTE|[139]
15:26:35.0 (29580994)|STATEMENT_EXECUTE|[141]
15:26:35.0 (29587784)|HEAP_ALLOCATE|[141]|Bytes:4
15:26:35.0 (29609250)|VARIABLE_SCOPE_BEGIN|[141]|options|List<System.SelectOption>|true|false
15:26:35.0 (29632818)|HEAP_ALLOCATE|[EXTERNAL]|Bytes:4
15:26:35.0 (29640492)|VARIABLE_ASSIGNMENT|[141]|options|[]|0x180b6e95
15:26:35.0 (29642934)|STATEMENT_EXECUTE|[142]
15:26:35.0 (29684564)|HEAP_ALLOCATE|[142]|Bytes:4
15:26:35.0 (29689570)|HEAP_ALLOCATE|[142]|Bytes:71
15:26:35.0 (29692374)|HEAP_ALLOCATE|[142]|Bytes:4
15:26:35.0 (29884611)|SOQL_EXECUTE_BEGIN|[142]|Aggregations:0|SELECT Id, Name FROM Projecten__c ORDER BY CreatedDate DESC NULLS FIRST
15:26:35.0 (30958195)|SOQL_EXECUTE_END|[142]|Rows:3
15:26:35.0 (30972209)|HEAP_ALLOCATE|[142]|Bytes:16
15:26:35.0 (30985491)|HEAP_ALLOCATE|[142]|Bytes:126
15:26:35.0 (31017121)|HEAP_ALLOCATE|[142]|Bytes:16
15:26:35.0 (31053847)|HEAP_ALLOCATE|[142]|Bytes:12
15:26:35.0 (31062279)|HEAP_ALLOCATE|[142]|Bytes:4
15:26:35.0 (31069482)|HEAP_ALLOCATE|[142]|Bytes:12
15:26:35.0 (31072804)|HEAP_ALLOCATE|[142]|Bytes:4
15:26:35.0 (31077708)|HEAP_ALLOCATE|[142]|Bytes:12
15:26:35.0 (31080848)|HEAP_ALLOCATE|[142]|Bytes:4
15:26:35.0 (31087094)|VARIABLE_SCOPE_BEGIN|[142]|prById|Map<Id,Projecten__c>|true|false
15:26:35.0 (31108179)|VARIABLE_ASSIGNMENT|[142]|prById|{"a0q0E0000008ahlQAA":{"Id":"a0q0E0000008ahlQAA","Name":"1111"},"a0q0E0000008S3bQAE":{"Id":"a0q0E0000008S3bQAE","Name":"2165103"},"a0q0E0000008S3WQAU":{"Id":"a0q0E0000008S3WQAU","Name":"5700"}}|0x43825fc6
15:26:35.0 (31111902)|STATEMENT_EXECUTE|[143]
15:26:35.0 (31114915)|HEAP_ALLOCATE|[143]|Bytes:6
15:26:35.0 (31192842)|HEAP_ALLOCATE|[143]|Bytes:207
15:26:35.0 (31209822)|HEAP_ALLOCATE|[143]|Bytes:213
15:26:35.0 (31219649)|USER_DEBUG|[143]|DEBUG|prById{a0q0E0000008S3WQAU=Projecten__c:{Id=a0q0E0000008S3WQAU, Name=5700}, a0q0E0000008S3bQAE=Projecten__c:{Id=a0q0E0000008S3bQAE, Name=2165103}, a0q0E0000008ahlQAA=Projecten__c:{Id=a0q0E0000008ahlQAA, Name=1111}}
15:26:35.0 (31225162)|STATEMENT_EXECUTE|[144]
15:26:35.0 (31249923)|HEAP_ALLOCATE|[EXTERNAL]|Bytes:16
15:26:35.0 (31257821)|HEAP_ALLOCATE|[144]|Bytes:139
15:26:35.0 (31295597)|HEAP_ALLOCATE|[144]|Bytes:12
15:26:35.0 (31359179)|VARIABLE_ASSIGNMENT|[EXTERNAL]|this|{"detail":"0x64416a51","www":"0x79ab2d69","wwwById":"0x52e6285c"}|0x88a0888
15:26:35.0 (31363395)|STATEMENT_EXECUTE|[3]
15:26:35.0 (31365790)|STATEMENT_EXECUTE|[4]
15:26:35.0 (31366898)|STATEMENT_EXECUTE|[9]
15:26:35.0 (31406550)|VARIABLE_ASSIGNMENT|[144]|this.Project__c|"a0q0E0000008ahlQAA"|0x64416a51
15:26:35.0 (31428322)|HEAP_ALLOCATE|[EXTERNAL]|Bytes:16
15:26:35.0 (31435495)|HEAP_ALLOCATE|[145]|Bytes:139
15:26:35.0 (31571004)|HEAP_ALLOCATE|[145]|Bytes:5
15:26:35.0 (31582580)|HEAP_ALLOCATE|[145]|Bytes:12
15:26:35.0 (31588225)|VARIABLE_SCOPE_BEGIN|[145]|rec|Projecten__c|true|false
15:26:35.0 (31598927)|VARIABLE_ASSIGNMENT|[145]|rec|{"Id":"a0q0E0000008ahlQAA","Name":"1111"}|0x688e17d2
15:26:35.0 (31601741)|STATEMENT_EXECUTE|[145]
15:26:35.0 (31645912)|VARIABLE_ASSIGNMENT|[EXTERNAL]|this|{"detail":"0x64416a51","www":"0x79ab2d69","wwwById":"0x52e6285c"}|0x88a0888
15:26:35.0 (31649495)|STATEMENT_EXECUTE|[21]
15:26:35.0 (31651691)|STATEMENT_EXECUTE|[22]
15:26:35.0 (31652851)|STATEMENT_EXECUTE|[26]
15:26:35.0 (31665711)|STATEMENT_EXECUTE|[146]
15:26:35.0 (31667268)|STATEMENT_EXECUTE|[147]
15:26:35.0 (31704527)|VARIABLE_ASSIGNMENT|[EXTERNAL]|this|{"detail":"0x64416a51","www":"0x79ab2d69","wwwById":"0x52e6285c"}|0x88a0888
15:26:35.0 (31707495)|STATEMENT_EXECUTE|[21]
15:26:35.0 (31709195)|STATEMENT_EXECUTE|[22]
15:26:35.0 (31710208)|STATEMENT_EXECUTE|[26]
15:26:35.0 (31757416)|VARIABLE_ASSIGNMENT|[147]|this.Project__c|"a0q0E0000008ahlQAA"|0x79ab2d69
15:26:35.0 (31760553)|STATEMENT_EXECUTE|[150]
15:26:35.0 (31777431)|HEAP_ALLOCATE|[150]|Bytes:18
15:26:35.0 (31838502)|HEAP_ALLOCATE|[EXTERNAL]|Bytes:4
15:26:35.0 (31851930)|HEAP_ALLOCATE|[145]|Bytes:5
15:26:35.0 (31860519)|HEAP_ALLOCATE|[145]|Bytes:12
15:26:35.0 (31865446)|VARIABLE_SCOPE_BEGIN|[145]|rec|Projecten__c|true|false
15:26:35.0 (31875526)|VARIABLE_ASSIGNMENT|[145]|rec|{"Id":"a0q0E0000008S3bQAE","Name":"2165103"}|0x43679ee0
15:26:35.0 (31878294)|STATEMENT_EXECUTE|[145]
15:26:35.0 (31909049)|VARIABLE_ASSIGNMENT|[EXTERNAL]|this|{"detail":"0x64416a51","www":"0x79ab2d69","wwwById":"0x52e6285c"}|0x88a0888
15:26:35.0 (31911918)|STATEMENT_EXECUTE|[21]
15:26:35.0 (31913961)|STATEMENT_EXECUTE|[22]
15:26:35.0 (31915093)|STATEMENT_EXECUTE|[26]
15:26:35.0 (31936120)|STATEMENT_EXECUTE|[146]
15:26:35.0 (31937664)|STATEMENT_EXECUTE|[150]
15:26:35.0 (31946310)|HEAP_ALLOCATE|[150]|Bytes:18
15:26:35.0 (31957612)|HEAP_ALLOCATE|[EXTERNAL]|Bytes:4
15:26:35.0 (31966594)|HEAP_ALLOCATE|[145]|Bytes:5
15:26:35.0 (31973508)|HEAP_ALLOCATE|[145]|Bytes:12
15:26:35.0 (31977426)|VARIABLE_SCOPE_BEGIN|[145]|rec|Projecten__c|true|false
15:26:35.0 (31985705)|VARIABLE_ASSIGNMENT|[145]|rec|{"Id":"a0q0E0000008S3WQAU","Name":"5700"}|0x68c4011e
15:26:35.0 (31987947)|STATEMENT_EXECUTE|[145]
15:26:35.0 (32015613)|VARIABLE_ASSIGNMENT|[EXTERNAL]|this|{"detail":"0x64416a51","www":"0x79ab2d69","wwwById":"0x52e6285c"}|0x88a0888
15:26:35.0 (32018476)|STATEMENT_EXECUTE|[21]
15:26:35.0 (32020134)|STATEMENT_EXECUTE|[22]
15:26:35.0 (32021222)|STATEMENT_EXECUTE|[26]
15:26:35.0 (32026644)|STATEMENT_EXECUTE|[146]
15:26:35.0 (32027779)|STATEMENT_EXECUTE|[150]
15:26:35.0 (32033735)|HEAP_ALLOCATE|[150]|Bytes:18
15:26:35.0 (32042037)|HEAP_ALLOCATE|[EXTERNAL]|Bytes:4
15:26:35.0 (32049744)|HEAP_ALLOCATE|[145]|Bytes:5
15:26:35.0 (32056988)|VARIABLE_ASSIGNMENT|[145]|rec|null|
15:26:35.0 (32059429)|STATEMENT_EXECUTE|[152]
15:26:35.0 (32062803)|METHOD_EXIT|[181]|01p2400000DUtXT|NewDeliveredExtension.getProjects()
15:26:35.33 (33264737)|SYSTEM_MODE_ENTER|true
15:26:35.33 (33293508)|HEAP_ALLOCATE|[EXTERNAL]|Bytes:38
15:26:35.33 (33298260)|HEAP_ALLOCATE|[EXTERNAL]|Bytes:7
15:26:35.33 (33305404)|SYSTEM_METHOD_ENTRY|[1]|PageMessagesComponentController.PageMessagesComponentController()
15:26:35.33 (33308234)|STATEMENT_EXECUTE|[1]
15:26:35.33 (33426282)|SYSTEM_MODE_ENTER|true
15:26:35.33 (33469013)|HEAP_ALLOCATE|[EXTERNAL]|Bytes:8
15:26:35.33 (33474206)|VARIABLE_SCOPE_BEGIN|[88]|this|ApexPage.PageMessagesComponentController|true|false
15:26:35.33 (33493300)|VARIABLE_ASSIGNMENT|[88]|this|{}|0x1e3c6ca7
15:26:35.33 (33496197)|VARIABLE_SCOPE_BEGIN|[88]|escape|Boolean|false|false
15:26:35.33 (33499225)|VARIABLE_ASSIGNMENT|[88]|escape|null
15:26:35.33 (33631337)|SYSTEM_MODE_ENTER|true
15:26:35.33 (33660778)|HEAP_ALLOCATE|[EXTERNAL]|Bytes:8
15:26:35.33 (33665935)|VARIABLE_SCOPE_BEGIN|[2]|this|ApexPage.PageMessagesComponentController|true|false
15:26:35.33 (33681298)|VARIABLE_ASSIGNMENT|[2]|this|{}|0x1e3c6ca7
15:26:35.43 (43342284)|SYSTEM_MODE_ENTER|true
15:26:35.43 (43387231)|HEAP_ALLOCATE|[EXTERNAL]|Bytes:8
15:26:35.43 (43392962)|VARIABLE_SCOPE_BEGIN|[88]|this|ApexPage.PageMessagesComponentController|true|false
15:26:35.43 (43411123)|VARIABLE_ASSIGNMENT|[88]|this|{}|0x1e3c6ca7
15:26:35.43 (43413543)|VARIABLE_SCOPE_BEGIN|[88]|escape|Boolean|false|false
15:26:35.43 (43416732)|VARIABLE_ASSIGNMENT|[88]|escape|null
15:26:35.43 (43513557)|SYSTEM_MODE_ENTER|true
15:26:35.43 (43536408)|HEAP_ALLOCATE|[EXTERNAL]|Bytes:8
15:26:35.43 (43540603)|VARIABLE_SCOPE_BEGIN|[2]|this|ApexPage.PageMessagesComponentController|true|false
15:26:35.43 (43554846)|VARIABLE_ASSIGNMENT|[2]|this|{}|0x1e3c6ca7
15:26:35.0 (44033055)|SYSTEM_MODE_ENTER|true
15:26:35.0 (44062003)|HEAP_ALLOCATE|[EXTERNAL]|Bytes:80
15:26:35.0 (44068774)|VARIABLE_SCOPE_BEGIN|[109]|this|NewDeliveredExtension|true|false
15:26:35.0 (44106121)|VARIABLE_ASSIGNMENT|[109]|this|{"detail":"0x64416a51","www":"0x79ab2d69","wwwById":"0x52e6285c"}|0x88a0888
15:26:35.0 (44112737)|STATEMENT_EXECUTE|[109]
15:26:35.0 (44114258)|STATEMENT_EXECUTE|[111]
15:26:35.0 (44118411)|HEAP_ALLOCATE|[111]|Bytes:4
15:26:35.0 (44139540)|VARIABLE_SCOPE_BEGIN|[111]|options|List<System.SelectOption>|true|false
15:26:35.0 (44151450)|HEAP_ALLOCATE|[EXTERNAL]|Bytes:4
15:26:35.0 (44157525)|VARIABLE_ASSIGNMENT|[111]|options|[]|0x6dbe3ec7
15:26:35.0 (44159808)|STATEMENT_EXECUTE|[112]
15:26:35.0 (44163161)|HEAP_ALLOCATE|[112]|Bytes:4
15:26:35.0 (44166692)|HEAP_ALLOCATE|[112]|Bytes:4
15:26:35.0 (44292181)|SOQL_EXECUTE_BEGIN|[112]|Aggregations:0|SELECT Id, Name, DeveloperName FROM RecordType WHERE sobjectType = 'WWW_detail__c'
15:26:35.0 (46123796)|SOQL_EXECUTE_END|[112]|Rows:5
15:26:35.0 (46137395)|HEAP_ALLOCATE|[112]|Bytes:24
15:26:35.0 (46154486)|HEAP_ALLOCATE|[112]|Bytes:371
15:26:35.0 (46166525)|HEAP_ALLOCATE|[112]|Bytes:24
15:26:35.0 (46186204)|HEAP_ALLOCATE|[112]|Bytes:16
15:26:35.0 (46194153)|HEAP_ALLOCATE|[112]|Bytes:4
15:26:35.0 (46200036)|HEAP_ALLOCATE|[112]|Bytes:16
15:26:35.0 (46203448)|HEAP_ALLOCATE|[112]|Bytes:4
15:26:35.0 (46208177)|HEAP_ALLOCATE|[112]|Bytes:16
15:26:35.0 (46211330)|HEAP_ALLOCATE|[112]|Bytes:4
15:26:35.0 (46215295)|HEAP_ALLOCATE|[112]|Bytes:16
15:26:35.0 (46218337)|HEAP_ALLOCATE|[112]|Bytes:4
15:26:35.0 (46222279)|HEAP_ALLOCATE|[112]|Bytes:16
15:26:35.0 (46225242)|HEAP_ALLOCATE|[112]|Bytes:4
15:26:35.0 (46230368)|VARIABLE_SCOPE_BEGIN|[112]|recByNames|Map<Id,RecordType>|true|false
15:26:35.0 (46257933)|VARIABLE_ASSIGNMENT|[112]|recByNames|{"01224000000Sn4NAAS":{"Id":"01224000000Sn4NAAS","Name":"Afleveren","DeveloperName":"Delivered_2_Project"},"01224000000Sn4OAAS":{"Id":"01224000000Sn4OAAS","Name":"Afroepen","DeveloperName":"Invoked"},"01224000000Sn4PAAS":{"Id":"01224000000Sn4PAAS","Name":"Afwijzen","DeveloperName":"Rejected"},"01224000000Sn4MAAS":{"Id":"01224000000Sn4MAAS","Name":"Ontvangen","DeveloperName":"Delivered_2_Hub"},"01224000000Sn4QAAS":{"Id":"01224000000Sn4QAAS","Name":"Verwachten","DeveloperName":"Reserved"}}|0x50e222c5
15:26:35.0 (46287445)|HEAP_ALLOCATE|[EXTERNAL]|Bytes:24
15:26:35.0 (46298774)|HEAP_ALLOCATE|[114]|Bytes:390
15:26:35.0 (46395065)|HEAP_ALLOCATE|[114]|Bytes:5
15:26:35.0 (46405592)|HEAP_ALLOCATE|[114]|Bytes:16
15:26:35.0 (46411601)|VARIABLE_SCOPE_BEGIN|[114]|rec|RecordType|true|false
15:26:35.0 (46422265)|VARIABLE_ASSIGNMENT|[114]|rec|{"Id":"01224000000Sn4NAAS","Name":"Afleveren","DeveloperName":"Delivered_2_Project"}|0x7e729865
15:26:35.0 (46425818)|STATEMENT_EXECUTE|[114]
15:26:35.0 (46427305)|STATEMENT_EXECUTE|[116]
15:26:35.0 (46456114)|HEAP_ALLOCATE|[116]|Bytes:18
15:26:35.0 (46504933)|HEAP_ALLOCATE|[EXTERNAL]|Bytes:4
15:26:35.0 (46517252)|HEAP_ALLOCATE|[114]|Bytes:5
15:26:35.0 (46524895)|HEAP_ALLOCATE|[114]|Bytes:16
15:26:35.0 (46529648)|VARIABLE_SCOPE_BEGIN|[114]|rec|RecordType|true|false
15:26:35.0 (46539030)|VARIABLE_ASSIGNMENT|[114]|rec|{"Id":"01224000000Sn4OAAS","Name":"Afroepen","DeveloperName":"Invoked"}|0x748b559d
15:26:35.0 (46542082)|STATEMENT_EXECUTE|[114]
15:26:35.0 (46543261)|STATEMENT_EXECUTE|[116]
15:26:35.0 (46552193)|HEAP_ALLOCATE|[116]|Bytes:18
15:26:35.0 (46562184)|HEAP_ALLOCATE|[EXTERNAL]|Bytes:4
15:26:35.0 (46569825)|HEAP_ALLOCATE|[114]|Bytes:5
15:26:35.0 (46575941)|HEAP_ALLOCATE|[114]|Bytes:16
15:26:35.0 (46579440)|VARIABLE_SCOPE_BEGIN|[114]|rec|RecordType|true|false
15:26:35.0 (46585880)|VARIABLE_ASSIGNMENT|[114]|rec|{"Id":"01224000000Sn4PAAS","Name":"Afwijzen","DeveloperName":"Rejected"}|0x59122721
15:26:35.0 (46588333)|STATEMENT_EXECUTE|[114]
15:26:35.0 (46589369)|STATEMENT_EXECUTE|[116]
15:26:35.0 (46595017)|HEAP_ALLOCATE|[116]|Bytes:18
15:26:35.0 (46602313)|HEAP_ALLOCATE|[EXTERNAL]|Bytes:4
15:26:35.0 (46609040)|HEAP_ALLOCATE|[114]|Bytes:5
15:26:35.0 (46614239)|HEAP_ALLOCATE|[114]|Bytes:16
15:26:35.0 (46617358)|VARIABLE_SCOPE_BEGIN|[114]|rec|RecordType|true|false
15:26:35.0 (46623432)|VARIABLE_ASSIGNMENT|[114]|rec|{"Id":"01224000000Sn4MAAS","Name":"Ontvangen","DeveloperName":"Delivered_2_Hub"}|0x480a7284
15:26:35.0 (46625709)|STATEMENT_EXECUTE|[114]
15:26:35.0 (46626766)|STATEMENT_EXECUTE|[116]
15:26:35.0 (46631520)|HEAP_ALLOCATE|[116]|Bytes:18
15:26:35.0 (46638402)|HEAP_ALLOCATE|[EXTERNAL]|Bytes:4
15:26:35.0 (46644716)|HEAP_ALLOCATE|[114]|Bytes:5
15:26:35.0 (46649625)|HEAP_ALLOCATE|[114]|Bytes:16
15:26:35.0 (46652709)|VARIABLE_SCOPE_BEGIN|[114]|rec|RecordType|true|false
15:26:35.0 (46663441)|VARIABLE_ASSIGNMENT|[114]|rec|{"Id":"01224000000Sn4QAAS","Name":"Verwachten","DeveloperName":"Reserved"}|0x22517a50
15:26:35.0 (46665577)|STATEMENT_EXECUTE|[114]
15:26:35.0 (46666500)|STATEMENT_EXECUTE|[116]
15:26:35.0 (46671572)|HEAP_ALLOCATE|[116]|Bytes:18
15:26:35.0 (46678750)|HEAP_ALLOCATE|[EXTERNAL]|Bytes:4
15:26:35.0 (46685478)|HEAP_ALLOCATE|[114]|Bytes:5
15:26:35.0 (46691994)|VARIABLE_ASSIGNMENT|[114]|rec|null|
15:26:35.0 (46694216)|STATEMENT_EXECUTE|[120]
15:26:35.0 (47228956)|SYSTEM_MODE_ENTER|true
15:26:35.0 (48495347)|VF_SERIALIZE_VIEWSTATE_BEGIN|06624000003h0Dq
15:26:35.0 (51019793)|VF_SERIALIZE_VIEWSTATE_END
15:26:35.52 (52991132)|CUMULATIVE_LIMIT_USAGE
15:26:35.52 (52991132)|LIMIT_USAGE_FOR_NS|(default)|
  Number of SOQL queries: 4 out of 100
  Number of query rows: 18 out of 50000
  Number of SOSL queries: 0 out of 20
  Number of DML statements: 0 out of 150
  Number of DML rows: 0 out of 10000
  Maximum CPU time: 0 out of 10000
  Maximum heap size: 0 out of 6000000
  Number of callouts: 0 out of 100
  Number of Email Invocations: 0 out of 10
  Number of future calls: 0 out of 50
  Number of queueable jobs added to the queue: 0 out of 50
  Number of Mobile Apex push calls: 0 out of 10

15:26:35.52 (52991132)|CUMULATIVE_LIMIT_USAGE_END

15:26:35.0 (53022866)|CODE_UNIT_FINISHED|VF: /apex/ChoseRecordType
15:26:35.0 (53784189)|EXECUTION_FINISHED
