39.0 APEX_CODE,DEBUG;APEX_PROFILING,INFO;CALLOUT,INFO;DB,INFO;SYSTEM,DEBUG;VALIDATION,INFO;VISUALFORCE,INFO;WAVE,INFO;WORKFLOW,INFO
15:14:44.0 (385357)|USER_INFO|[EXTERNAL]|00524000001e3Uj|bedrijfsbureau@gsa.nl.sandbox|Midden-Europese standaardtijd|GMT+02:00
15:14:44.0 (407080)|EXECUTION_STARTED
15:14:44.0 (409967)|CODE_UNIT_STARTED|[EXTERNAL]|0669E0000000KhW|VF: /apex/ProjectItemsAfroepen
15:14:44.0 (984603)|VF_DESERIALIZE_VIEWSTATE_BEGIN|0669E0000000KhW
15:14:44.0 (7821248)|VF_DESERIALIZE_VIEWSTATE_END
15:14:44.0 (14096847)|SYSTEM_MODE_ENTER|true
15:14:44.0 (14330151)|SYSTEM_MODE_ENTER|false
15:14:44.0 (14335873)|SYSTEM_MODE_EXIT|false
15:14:44.0 (14347778)|SYSTEM_MODE_ENTER|false
15:14:44.0 (14352400)|SYSTEM_MODE_EXIT|false
15:14:44.0 (14478021)|SYSTEM_MODE_ENTER|true
15:14:44.0 (14504731)|SYSTEM_MODE_ENTER|false
15:14:44.0 (14509713)|SYSTEM_MODE_EXIT|false
15:14:44.0 (14660532)|SYSTEM_MODE_ENTER|true
15:14:44.0 (14821289)|SYSTEM_MODE_ENTER|false
15:14:44.0 (17310912)|SOQL_EXECUTE_BEGIN|[34]|Aggregations:0|SELECT Id, Name FROM Projecten__c WHERE Name LIKE :tmpVar1 LIMIT 5
15:14:44.0 (21661743)|SOQL_EXECUTE_END|[34]|Rows:1
15:14:44.0 (21835080)|SYSTEM_MODE_EXIT|false
15:14:44.0 (26129569)|SYSTEM_MODE_ENTER|true
15:14:44.0 (26181918)|SYSTEM_MODE_ENTER|false
15:14:44.0 (26189787)|SYSTEM_MODE_EXIT|false
15:14:44.0 (26331057)|SYSTEM_MODE_ENTER|true
15:14:44.0 (26356536)|SYSTEM_MODE_ENTER|false
15:14:44.0 (26360824)|SYSTEM_MODE_EXIT|false
15:14:44.0 (27704762)|VF_SERIALIZE_VIEWSTATE_BEGIN|0669E0000000KhW
15:14:44.0 (29776788)|VF_SERIALIZE_VIEWSTATE_END
15:14:44.32 (32009380)|CUMULATIVE_LIMIT_USAGE
15:14:44.32 (32009380)|LIMIT_USAGE_FOR_NS|(default)|
  Number of SOQL queries: 1 out of 100
  Number of query rows: 1 out of 50000
  Number of SOSL queries: 0 out of 20
  Number of DML statements: 0 out of 150
  Number of DML rows: 0 out of 10000
  Maximum CPU time: 0 out of 10000
  Maximum heap size: 0 out of 6000000
  Number of callouts: 0 out of 100
  Number of Email Invocations: 0 out of 10
  Number of future calls: 0 out of 50
  Number of queueable jobs added to the queue: 0 out of 50
  Number of Mobile Apex push calls: 0 out of 10

15:14:44.32 (32009380)|CUMULATIVE_LIMIT_USAGE_END

15:14:44.0 (32047904)|CODE_UNIT_FINISHED|VF: /apex/ProjectItemsAfroepen
15:14:44.0 (33071751)|EXECUTION_FINISHED
